:::TRIAL ML_project_3:::
BINGO PARAMS:
  --GENERAL--
  NUMBER OF CPUS = 1
  --CONVERGENCE--
  MAX GENERATIONS = 100000
  ABSOLUTE FITNESS TOLERANCE = 0.000000
  STAGNATION GENERATIONS = 500000
  CONVERGENCE CHECK FREQUENCY = 1000
  --EQUATIONS--
  TOTAL EQUATION POPULATION SIZE = 128
  EQUATION POPULATION PER CPU = 128
  EQUATION STACK SIZE = 100
  EQUATION OPERATORS = [+, -, *, /]
  --FITNESS PREDICTORS--
  PREDICTOR POPULATION PER CPU = 32
  PREDICTOR SIZE RATIO = 0.050000
  PREDICTOR COMP RATIO = 0.100000
  --EVOLUTIONARY ALGORITHM--
  ALGORITHM = Age-Fitness
  MUTATION RATE = 0.010000
  CROSSOVER RATE = 0.750000
DATA PARAMS:
  DATA FILE = /uufs/chpc.utah.edu/common/home/u0871364/ML_project/midterm/circle_even1000_1.hdf5
  STEPPING THROUGH DATA AT STRIDES OF = 1
  DATA COLUMNS = [x^1, y^1, x^2, y^2]

Saving checkpoint: ML_project_3_0.pkl
Saved successfully
Generation: 0 	 Elapsed time: 0:00:00.622054 	 Best training fitness: 2.920604e-01 	 
Hall of Fame:

Performing migration between Islands
Evolution time 0:03:59.518266	 age 1000	 fitness 1.328e-14
Saving checkpoint: ML_project_3_1000.pkl
Saved successfully
Generation: 1000 	 Elapsed time: 0:04:00.263321 	 Best training fitness: 1.328406e-14 	 
Hall of Fame:
1.328405837119908e-14	18	((((X_0)/(X_0))/((X_0)/(X_0)))(((X_0)/(X_0))/((X_0)/(X_0)) - (((X_0)/(X_0))(((X_0)/(X_0) + (X_0)/(X_0))((X_0)/(X_0))) - (((X_0)/(X_0))/((X_0)/(X_0))))) + ((X_2)/((X_0)/(X_0)) + X_3)/(6763.023496))(((X_0)/(X_0))/((X_0)/(X_0)))
1.3284096543053993e-14	11	X_2 - (X_2) - (((((X_1)(X_1))((X_1)(X_1)))(((X_1)(X_1))((X_1)(X_1))))/((((X_1)(X_1))((X_1)(X_1)))(((X_1)(X_1))((X_1)(X_1))))) + X_2 + X_3
2.4402166603947712e-09	4	(X_0)(X_0) + X_3
0.643042545307378	3	X_0 + X_3
Performing migration between Islands
Evolution time 0:04:27.671141	 age 2000	 fitness 1.328e-14
Saving checkpoint: ML_project_3_2000.pkl
Saved successfully
Generation: 2000 	 Elapsed time: 0:08:28.047971 	 Best training fitness: 1.328397e-14 	 
Hall of Fame:
1.3283967280912201e-14	17	(4260.619013)/((-6467.065428 - (X_2 + X_3))/(((-632.601174 + (-632.601174)/(-632.601174))/(-632.601174 + (-632.601174)/(-632.601174)) + (-632.601174 + (-632.601174)/(-632.601174))/(-632.601174 + (-632.601174)/(-632.601174)))(-632.601174 + (-632.601174)/(-632.601174) - ((-632.601174)/(-632.601174))) - (-632.601174 + (-632.601174)/(-632.601174) + -632.601174)))
1.3284096543053993e-14	5	X_2 - ((X_2)/(X_2)) + X_3
2.4402166603947712e-09	4	(X_0)(X_0) + X_3
0.643042545307378	3	X_0 + X_3
Performing migration between Islands
Evolution time 0:04:14.315263	 age 3000	 fitness 1.366e-14
Saving checkpoint: ML_project_3_3000.pkl
Saved successfully
Generation: 3000 	 Elapsed time: 0:12:42.473422 	 Best training fitness: 1.365878e-14 	 
Hall of Fame:
1.3283967280912201e-14	17	(4260.619013)/((-6467.065428 - (X_2 + X_3))/(((-632.601174 + (-632.601174)/(-632.601174))/(-632.601174 + (-632.601174)/(-632.601174)) + (-632.601174 + (-632.601174)/(-632.601174))/(-632.601174 + (-632.601174)/(-632.601174)))(-632.601174 + (-632.601174)/(-632.601174) - ((-632.601174)/(-632.601174))) - (-632.601174 + (-632.601174)/(-632.601174) + -632.601174)))
1.3284096543053993e-14	3	X_3 + X_2
Performing migration between Islands
Evolution time 0:04:40.461048	 age 4000	 fitness 1.329e-14
Saving checkpoint: ML_project_3_4000.pkl
Saved successfully
Generation: 4000 	 Elapsed time: 0:17:23.053468 	 Best training fitness: 1.328592e-14 	 
Hall of Fame:
1.3283967280912201e-14	17	(4260.619013)/((-6467.065428 - (X_2 + X_3))/(((-632.601174 + (-632.601174)/(-632.601174))/(-632.601174 + (-632.601174)/(-632.601174)) + (-632.601174 + (-632.601174)/(-632.601174))/(-632.601174 + (-632.601174)/(-632.601174)))(-632.601174 + (-632.601174)/(-632.601174) - ((-632.601174)/(-632.601174))) - (-632.601174 + (-632.601174)/(-632.601174) + -632.601174)))
1.3284096543053993e-14	3	X_3 + X_2
1.0	1	X_1
Performing migration between Islands
Evolution time 0:04:03.713951	 age 5000	 fitness 1.422e-14
Saving checkpoint: ML_project_3_5000.pkl
Saved successfully
Generation: 5000 	 Elapsed time: 0:21:27.509106 	 Best training fitness: 1.421826e-14 	 
Hall of Fame:
1.3282922488160645e-14	19	X_3 - (((0.000000)((((X_0)(X_0))((X_0)(X_0)))/((X_0 - ((X_0)(X_0)) + ((X_0)(X_0))((X_0)(X_0)))/(X_0))))/((X_0)(-10207.089267 + X_0)) - (X_2))
1.3283967280912201e-14	17	(4260.619013)/((-6467.065428 - (X_2 + X_3))/(((-632.601174 + (-632.601174)/(-632.601174))/(-632.601174 + (-632.601174)/(-632.601174)) + (-632.601174 + (-632.601174)/(-632.601174))/(-632.601174 + (-632.601174)/(-632.601174)))(-632.601174 + (-632.601174)/(-632.601174) - ((-632.601174)/(-632.601174))) - (-632.601174 + (-632.601174)/(-632.601174) + -632.601174)))
1.3284096543053993e-14	3	X_3 + X_2
1.0	1	X_1
Performing migration between Islands
Evolution time 0:04:44.140934	 age 6000	 fitness 3.074e-14
Saving checkpoint: ML_project_3_6000.pkl
Saved successfully
Generation: 6000 	 Elapsed time: 0:26:11.763036 	 Best training fitness: 3.073615e-14 	 
Hall of Fame:
1.3282922488160645e-14	19	X_3 - (((0.000000)((((X_0)(X_0))((X_0)(X_0)))/((X_0 - ((X_0)(X_0)) + ((X_0)(X_0))((X_0)(X_0)))/(X_0))))/((X_0)(-10207.089267 + X_0)) - (X_2))
1.3283967280912201e-14	17	(4260.619013)/((-6467.065428 - (X_2 + X_3))/(((-632.601174 + (-632.601174)/(-632.601174))/(-632.601174 + (-632.601174)/(-632.601174)) + (-632.601174 + (-632.601174)/(-632.601174))/(-632.601174 + (-632.601174)/(-632.601174)))(-632.601174 + (-632.601174)/(-632.601174) - ((-632.601174)/(-632.601174))) - (-632.601174 + (-632.601174)/(-632.601174) + -632.601174)))
1.3284096543053993e-14	3	X_3 + X_2
1.0	1	X_1
Performing migration between Islands
Evolution time 0:04:11.213416	 age 7000	 fitness 1.328e-14
Saving checkpoint: ML_project_3_7000.pkl
Saved successfully
Generation: 7000 	 Elapsed time: 0:30:23.095637 	 Best training fitness: 1.328410e-14 	 
Hall of Fame:
1.3282922488160645e-14	19	X_3 - (((0.000000)((((X_0)(X_0))((X_0)(X_0)))/((X_0 - ((X_0)(X_0)) + ((X_0)(X_0))((X_0)(X_0)))/(X_0))))/((X_0)(-10207.089267 + X_0)) - (X_2))
1.3283967280912201e-14	17	(4260.619013)/((-6467.065428 - (X_2 + X_3))/(((-632.601174 + (-632.601174)/(-632.601174))/(-632.601174 + (-632.601174)/(-632.601174)) + (-632.601174 + (-632.601174)/(-632.601174))/(-632.601174 + (-632.601174)/(-632.601174)))(-632.601174 + (-632.601174)/(-632.601174) - ((-632.601174)/(-632.601174))) - (-632.601174 + (-632.601174)/(-632.601174) + -632.601174)))
1.3284096543053993e-14	3	X_3 + X_2
1.0	1	X_1
Performing migration between Islands
Evolution time 0:04:29.249403	 age 8000	 fitness 4.069e-14
Saving checkpoint: ML_project_3_8000.pkl
Saved successfully
Generation: 8000 	 Elapsed time: 0:34:52.461032 	 Best training fitness: 4.069495e-14 	 
Hall of Fame:
1.3282922488160645e-14	19	X_3 - (((0.000000)((((X_0)(X_0))((X_0)(X_0)))/((X_0 - ((X_0)(X_0)) + ((X_0)(X_0))((X_0)(X_0)))/(X_0))))/((X_0)(-10207.089267 + X_0)) - (X_2))
1.3283967280912201e-14	17	(4260.619013)/((-6467.065428 - (X_2 + X_3))/(((-632.601174 + (-632.601174)/(-632.601174))/(-632.601174 + (-632.601174)/(-632.601174)) + (-632.601174 + (-632.601174)/(-632.601174))/(-632.601174 + (-632.601174)/(-632.601174)))(-632.601174 + (-632.601174)/(-632.601174) - ((-632.601174)/(-632.601174))) - (-632.601174 + (-632.601174)/(-632.601174) + -632.601174)))
1.3284096543053993e-14	3	X_3 + X_2
1.0	1	X_1
Performing migration between Islands
Evolution time 0:04:26.387157	 age 9000	 fitness 1.328e-14
Saving checkpoint: ML_project_3_9000.pkl
Saved successfully
Generation: 9000 	 Elapsed time: 0:39:18.962503 	 Best training fitness: 1.328410e-14 	 
Hall of Fame:
1.3282922488160645e-14	19	X_3 - (((0.000000)((((X_0)(X_0))((X_0)(X_0)))/((X_0 - ((X_0)(X_0)) + ((X_0)(X_0))((X_0)(X_0)))/(X_0))))/((X_0)(-10207.089267 + X_0)) - (X_2))
1.3283967280912201e-14	17	(4260.619013)/((-6467.065428 - (X_2 + X_3))/(((-632.601174 + (-632.601174)/(-632.601174))/(-632.601174 + (-632.601174)/(-632.601174)) + (-632.601174 + (-632.601174)/(-632.601174))/(-632.601174 + (-632.601174)/(-632.601174)))(-632.601174 + (-632.601174)/(-632.601174) - ((-632.601174)/(-632.601174))) - (-632.601174 + (-632.601174)/(-632.601174) + -632.601174)))
1.3284096543053993e-14	3	X_3 + X_2
1.0	1	X_1
Performing migration between Islands
Evolution time 0:03:54.744255	 age 10000	 fitness 1.328e-14
Saving checkpoint: ML_project_3_10000.pkl
Saved successfully
Generation: 10000 	 Elapsed time: 0:43:13.818226 	 Best training fitness: 1.328410e-14 	 
Hall of Fame:
1.3282922488160645e-14	19	X_3 - (((0.000000)((((X_0)(X_0))((X_0)(X_0)))/((X_0 - ((X_0)(X_0)) + ((X_0)(X_0))((X_0)(X_0)))/(X_0))))/((X_0)(-10207.089267 + X_0)) - (X_2))
1.3283967280912201e-14	17	(4260.619013)/((-6467.065428 - (X_2 + X_3))/(((-632.601174 + (-632.601174)/(-632.601174))/(-632.601174 + (-632.601174)/(-632.601174)) + (-632.601174 + (-632.601174)/(-632.601174))/(-632.601174 + (-632.601174)/(-632.601174)))(-632.601174 + (-632.601174)/(-632.601174) - ((-632.601174)/(-632.601174))) - (-632.601174 + (-632.601174)/(-632.601174) + -632.601174)))
1.3284096543053993e-14	3	X_3 + X_2
1.0	1	X_1
Performing migration between Islands
Evolution time 0:04:45.549337	 age 11000	 fitness 4.264e-07
Saving checkpoint: ML_project_3_11000.pkl
Saved successfully
Generation: 11000 	 Elapsed time: 0:47:59.481736 	 Best training fitness: 4.264448e-07 	 
Hall of Fame:
1.3282922488160645e-14	19	X_3 - (((0.000000)((((X_0)(X_0))((X_0)(X_0)))/((X_0 - ((X_0)(X_0)) + ((X_0)(X_0))((X_0)(X_0)))/(X_0))))/((X_0)(-10207.089267 + X_0)) - (X_2))
1.3283967280912201e-14	17	(4260.619013)/((-6467.065428 - (X_2 + X_3))/(((-632.601174 + (-632.601174)/(-632.601174))/(-632.601174 + (-632.601174)/(-632.601174)) + (-632.601174 + (-632.601174)/(-632.601174))/(-632.601174 + (-632.601174)/(-632.601174)))(-632.601174 + (-632.601174)/(-632.601174) - ((-632.601174)/(-632.601174))) - (-632.601174 + (-632.601174)/(-632.601174) + -632.601174)))
1.3284096543053993e-14	3	X_3 + X_2
1.0	1	X_1
Performing migration between Islands
Evolution time 0:04:58.781182	 age 12000	 fitness 4.264e-07
Saving checkpoint: ML_project_3_12000.pkl
Saved successfully
Generation: 12000 	 Elapsed time: 0:52:58.379122 	 Best training fitness: 4.264448e-07 	 
Hall of Fame:
1.3282922488160645e-14	19	X_3 - (((0.000000)((((X_0)(X_0))((X_0)(X_0)))/((X_0 - ((X_0)(X_0)) + ((X_0)(X_0))((X_0)(X_0)))/(X_0))))/((X_0)(-10207.089267 + X_0)) - (X_2))
1.3283967280912201e-14	17	(4260.619013)/((-6467.065428 - (X_2 + X_3))/(((-632.601174 + (-632.601174)/(-632.601174))/(-632.601174 + (-632.601174)/(-632.601174)) + (-632.601174 + (-632.601174)/(-632.601174))/(-632.601174 + (-632.601174)/(-632.601174)))(-632.601174 + (-632.601174)/(-632.601174) - ((-632.601174)/(-632.601174))) - (-632.601174 + (-632.601174)/(-632.601174) + -632.601174)))
1.3284096543053993e-14	3	X_3 + X_2
1.0	1	X_1
Performing migration between Islands
Evolution time 0:05:06.121230	 age 13000	 fitness 4.264e-07
Saving checkpoint: ML_project_3_13000.pkl
Saved successfully
Generation: 13000 	 Elapsed time: 0:58:04.625030 	 Best training fitness: 4.264448e-07 	 
Hall of Fame:
1.3282922488160645e-14	19	X_3 - (((0.000000)((((X_0)(X_0))((X_0)(X_0)))/((X_0 - ((X_0)(X_0)) + ((X_0)(X_0))((X_0)(X_0)))/(X_0))))/((X_0)(-10207.089267 + X_0)) - (X_2))
1.3283967280912201e-14	17	(4260.619013)/((-6467.065428 - (X_2 + X_3))/(((-632.601174 + (-632.601174)/(-632.601174))/(-632.601174 + (-632.601174)/(-632.601174)) + (-632.601174 + (-632.601174)/(-632.601174))/(-632.601174 + (-632.601174)/(-632.601174)))(-632.601174 + (-632.601174)/(-632.601174) - ((-632.601174)/(-632.601174))) - (-632.601174 + (-632.601174)/(-632.601174) + -632.601174)))
1.3284096543053993e-14	3	X_3 + X_2
1.0	1	X_1
Performing migration between Islands
Evolution time 0:04:43.527283	 age 14000	 fitness 4.264e-07
Saving checkpoint: ML_project_3_14000.pkl
Saved successfully
Generation: 14000 	 Elapsed time: 1:02:48.596026 	 Best training fitness: 4.264448e-07 	 
Hall of Fame:
1.3282922488160645e-14	19	X_3 - (((0.000000)((((X_0)(X_0))((X_0)(X_0)))/((X_0 - ((X_0)(X_0)) + ((X_0)(X_0))((X_0)(X_0)))/(X_0))))/((X_0)(-10207.089267 + X_0)) - (X_2))
1.3283967280912201e-14	17	(4260.619013)/((-6467.065428 - (X_2 + X_3))/(((-632.601174 + (-632.601174)/(-632.601174))/(-632.601174 + (-632.601174)/(-632.601174)) + (-632.601174 + (-632.601174)/(-632.601174))/(-632.601174 + (-632.601174)/(-632.601174)))(-632.601174 + (-632.601174)/(-632.601174) - ((-632.601174)/(-632.601174))) - (-632.601174 + (-632.601174)/(-632.601174) + -632.601174)))
1.3284096543053993e-14	3	X_3 + X_2
1.0	1	X_1
Performing migration between Islands
Evolution time 0:04:19.021635	 age 15000	 fitness 4.264e-07
Saving checkpoint: ML_project_3_15000.pkl
Saved successfully
Generation: 15000 	 Elapsed time: 1:07:07.743560 	 Best training fitness: 4.264448e-07 	 
Hall of Fame:
1.3282922488160645e-14	19	X_3 - (((0.000000)((((X_0)(X_0))((X_0)(X_0)))/((X_0 - ((X_0)(X_0)) + ((X_0)(X_0))((X_0)(X_0)))/(X_0))))/((X_0)(-10207.089267 + X_0)) - (X_2))
1.3283967280912201e-14	17	(4260.619013)/((-6467.065428 - (X_2 + X_3))/(((-632.601174 + (-632.601174)/(-632.601174))/(-632.601174 + (-632.601174)/(-632.601174)) + (-632.601174 + (-632.601174)/(-632.601174))/(-632.601174 + (-632.601174)/(-632.601174)))(-632.601174 + (-632.601174)/(-632.601174) - ((-632.601174)/(-632.601174))) - (-632.601174 + (-632.601174)/(-632.601174) + -632.601174)))
1.3284096543053993e-14	3	X_3 + X_2
1.0	1	X_1
Performing migration between Islands
Evolution time 0:04:25.900184	 age 16000	 fitness 9.241e-15
Saving checkpoint: ML_project_3_16000.pkl
Saved successfully
Generation: 16000 	 Elapsed time: 1:11:33.899218 	 Best training fitness: 9.240959e-15 	 
Hall of Fame:
9.240959020267332e-15	16	(-35498090.786386)/((X_2)((((X_0)(X_0))/(X_2))/(((X_0)(X_0))/(X_2))) + (X_2 - ((X_0)(X_0)))(204900034.907217)) + (X_2 - (X_3))((((X_0)(X_0))/(X_2))/(((X_0)(X_0))/(X_2)))
1.3284096543053993e-14	3	X_3 + X_2
1.0	1	X_1
Performing migration between Islands
Evolution time 0:04:35.487497	 age 17000	 fitness 1.328e-14
Saving checkpoint: ML_project_3_17000.pkl
Saved successfully
Generation: 17000 	 Elapsed time: 1:16:09.550415 	 Best training fitness: 1.328410e-14 	 
Hall of Fame:
9.240959020267332e-15	16	(-35498090.786386)/((X_2)((((X_0)(X_0))/(X_2))/(((X_0)(X_0))/(X_2))) + (X_2 - ((X_0)(X_0)))(204900034.907217)) + (X_2 - (X_3))((((X_0)(X_0))/(X_2))/(((X_0)(X_0))/(X_2)))
1.3284096543053993e-14	3	X_3 + X_2
1.0	1	X_1
Performing migration between Islands
Evolution time 0:04:18.990250	 age 18000	 fitness 1.328e-14
Saving checkpoint: ML_project_3_18000.pkl
Saved successfully
Generation: 18000 	 Elapsed time: 1:20:28.652779 	 Best training fitness: 1.328410e-14 	 
Hall of Fame:
9.240959020267332e-15	16	(-35498090.786386)/((X_2)((((X_0)(X_0))/(X_2))/(((X_0)(X_0))/(X_2))) + (X_2 - ((X_0)(X_0)))(204900034.907217)) + (X_2 - (X_3))((((X_0)(X_0))/(X_2))/(((X_0)(X_0))/(X_2)))
1.3284096543053993e-14	3	X_3 + X_2
1.0	1	X_1
Performing migration between Islands
Evolution time 0:05:35.248083	 age 19000	 fitness 2.508e-13
Saving checkpoint: ML_project_3_19000.pkl
Saved successfully
Generation: 19000 	 Elapsed time: 1:26:04.014286 	 Best training fitness: 2.507797e-13 	 
Hall of Fame:
9.240959020267332e-15	16	(-35498090.786386)/((X_2)((((X_0)(X_0))/(X_2))/(((X_0)(X_0))/(X_2))) + (X_2 - ((X_0)(X_0)))(204900034.907217)) + (X_2 - (X_3))((((X_0)(X_0))/(X_2))/(((X_0)(X_0))/(X_2)))
1.3284096543053993e-14	3	X_3 + X_2
1.0	1	X_1
Performing migration between Islands
Evolution time 0:04:21.046733	 age 20000	 fitness 2.738e-14
Saving checkpoint: ML_project_3_20000.pkl
Saved successfully
Generation: 20000 	 Elapsed time: 1:30:25.178732 	 Best training fitness: 2.737749e-14 	 
Hall of Fame:
9.240959020267332e-15	16	(-35498090.786386)/((X_2)((((X_0)(X_0))/(X_2))/(((X_0)(X_0))/(X_2))) + (X_2 - ((X_0)(X_0)))(204900034.907217)) + (X_2 - (X_3))((((X_0)(X_0))/(X_2))/(((X_0)(X_0))/(X_2)))
1.3282594367197475e-14	5	(X_2 + X_3)/(-1177374975410083.000000)
1.3284096543053993e-14	3	X_3 + X_2
1.0	1	X_1
Performing migration between Islands
Evolution time 0:04:48.413625	 age 21000	 fitness 1.328e-14
Saving checkpoint: ML_project_3_21000.pkl
Saved successfully
Generation: 21000 	 Elapsed time: 1:35:13.704465 	 Best training fitness: 1.328410e-14 	 
Hall of Fame:
9.240959020267332e-15	16	(-35498090.786386)/((X_2)((((X_0)(X_0))/(X_2))/(((X_0)(X_0))/(X_2))) + (X_2 - ((X_0)(X_0)))(204900034.907217)) + (X_2 - (X_3))((((X_0)(X_0))/(X_2))/(((X_0)(X_0))/(X_2)))
1.3282594367197475e-14	5	(X_2 + X_3)/(-1177374975410083.000000)
1.3284096543053993e-14	3	X_3 + X_2
1.0	1	X_1
Performing migration between Islands
Evolution time 0:04:47.211936	 age 22000	 fitness 1.341e-14
Saving checkpoint: ML_project_3_22000.pkl
Saved successfully
Generation: 22000 	 Elapsed time: 1:40:01.029962 	 Best training fitness: 1.340506e-14 	 
Hall of Fame:
9.240959020267332e-15	16	(-35498090.786386)/((X_2)((((X_0)(X_0))/(X_2))/(((X_0)(X_0))/(X_2))) + (X_2 - ((X_0)(X_0)))(204900034.907217)) + (X_2 - (X_3))((((X_0)(X_0))/(X_2))/(((X_0)(X_0))/(X_2)))
1.3282594367197475e-14	5	(X_2 + X_3)/(-1177374975410083.000000)
1.3284096543053993e-14	3	X_3 + X_2
1.0	1	X_1
Performing migration between Islands
Evolution time 0:05:13.126272	 age 23000	 fitness 1.328e-14
Saving checkpoint: ML_project_3_23000.pkl
Saved successfully
Generation: 23000 	 Elapsed time: 1:45:14.267994 	 Best training fitness: 1.328410e-14 	 
Hall of Fame:
9.240959020267332e-15	16	(-35498090.786386)/((X_2)((((X_0)(X_0))/(X_2))/(((X_0)(X_0))/(X_2))) + (X_2 - ((X_0)(X_0)))(204900034.907217)) + (X_2 - (X_3))((((X_0)(X_0))/(X_2))/(((X_0)(X_0))/(X_2)))
1.3282594367197475e-14	5	(X_2 + X_3)/(-1177374975410083.000000)
1.3284096543053993e-14	3	X_3 + X_2
1.0	1	X_1
Performing migration between Islands
Evolution time 0:04:30.683847	 age 24000	 fitness 2.803e-14
Saving checkpoint: ML_project_3_24000.pkl
Saved successfully
Generation: 24000 	 Elapsed time: 1:49:45.067702 	 Best training fitness: 2.802635e-14 	 
Hall of Fame:
9.240959020267332e-15	16	(-35498090.786386)/((X_2)((((X_0)(X_0))/(X_2))/(((X_0)(X_0))/(X_2))) + (X_2 - ((X_0)(X_0)))(204900034.907217)) + (X_2 - (X_3))((((X_0)(X_0))/(X_2))/(((X_0)(X_0))/(X_2)))
1.3282594367197475e-14	5	(X_2 + X_3)/(-1177374975410083.000000)
1.3284096543053993e-14	3	X_3 + X_2
1.0	1	X_1
Performing migration between Islands
Evolution time 0:04:56.109909	 age 25000	 fitness 1.328e-14
Saving checkpoint: ML_project_3_25000.pkl
Saved successfully
Generation: 25000 	 Elapsed time: 1:54:41.291476 	 Best training fitness: 1.328428e-14 	 
Hall of Fame:
9.240959020267332e-15	16	(-35498090.786386)/((X_2)((((X_0)(X_0))/(X_2))/(((X_0)(X_0))/(X_2))) + (X_2 - ((X_0)(X_0)))(204900034.907217)) + (X_2 - (X_3))((((X_0)(X_0))/(X_2))/(((X_0)(X_0))/(X_2)))
1.3282594367197475e-14	5	(X_2 + X_3)/(-1177374975410083.000000)
1.3284096543053993e-14	3	X_3 + X_2
1.0	1	X_1
Performing migration between Islands
Evolution time 0:04:00.357565	 age 26000	 fitness 1.328e-14
Saving checkpoint: ML_project_3_26000.pkl
Saved successfully
Generation: 26000 	 Elapsed time: 1:58:41.761337 	 Best training fitness: 1.328410e-14 	 
Hall of Fame:
9.240959020267332e-15	16	(-35498090.786386)/((X_2)((((X_0)(X_0))/(X_2))/(((X_0)(X_0))/(X_2))) + (X_2 - ((X_0)(X_0)))(204900034.907217)) + (X_2 - (X_3))((((X_0)(X_0))/(X_2))/(((X_0)(X_0))/(X_2)))
1.3282594367197475e-14	5	(X_2 + X_3)/(-1177374975410083.000000)
1.3284096543053993e-14	3	X_3 + X_2
1.0	1	X_1
Performing migration between Islands
Evolution time 0:03:49.811612	 age 27000	 fitness 1.328e-14
Saving checkpoint: ML_project_3_27000.pkl
Saved successfully
Generation: 27000 	 Elapsed time: 2:02:31.773774 	 Best training fitness: 1.328229e-14 	 
Hall of Fame:
9.240959020267332e-15	16	(-35498090.786386)/((X_2)((((X_0)(X_0))/(X_2))/(((X_0)(X_0))/(X_2))) + (X_2 - ((X_0)(X_0)))(204900034.907217)) + (X_2 - (X_3))((((X_0)(X_0))/(X_2))/(((X_0)(X_0))/(X_2)))
1.3282287985339266e-14	5	((X_2)/(X_2))(X_3 + X_2)
1.3284096543053993e-14	3	X_3 + X_2
1.0	1	X_1
Performing migration between Islands
Evolution time 0:04:05.694612	 age 28000	 fitness 1.328e-14
Saving checkpoint: ML_project_3_28000.pkl
Saved successfully
Generation: 28000 	 Elapsed time: 2:06:37.626988 	 Best training fitness: 1.328416e-14 	 
Hall of Fame:
9.240959020267332e-15	16	(-35498090.786386)/((X_2)((((X_0)(X_0))/(X_2))/(((X_0)(X_0))/(X_2))) + (X_2 - ((X_0)(X_0)))(204900034.907217)) + (X_2 - (X_3))((((X_0)(X_0))/(X_2))/(((X_0)(X_0))/(X_2)))
1.3282287985339266e-14	5	((X_2)/(X_2))(X_3 + X_2)
1.3284096543053993e-14	3	X_3 + X_2
1.0	1	X_1
Performing migration between Islands
Evolution time 0:04:35.039078	 age 29000	 fitness 1.220e-14
Saving checkpoint: ML_project_3_29000.pkl
Saved successfully
Generation: 29000 	 Elapsed time: 2:11:12.798702 	 Best training fitness: 1.220174e-14 	 
Hall of Fame:
9.240959020267332e-15	16	(-35498090.786386)/((X_2)((((X_0)(X_0))/(X_2))/(((X_0)(X_0))/(X_2))) + (X_2 - ((X_0)(X_0)))(204900034.907217)) + (X_2 - (X_3))((((X_0)(X_0))/(X_2))/(((X_0)(X_0))/(X_2)))
1.2201743927488817e-14	12	((X_2 - ((X_1)(X_1)))/(1725.122455))(1725.122451) + X_3 - (X_2)
1.3282287985339266e-14	5	((X_2)/(X_2))(X_3 + X_2)
1.3284096543053993e-14	3	X_3 + X_2
1.0	1	X_1
Performing migration between Islands
Evolution time 0:04:49.691738	 age 30000	 fitness 1.345e-14
Saving checkpoint: ML_project_3_30000.pkl
Saved successfully
Generation: 30000 	 Elapsed time: 2:16:02.618121 	 Best training fitness: 1.344857e-14 	 
Hall of Fame:
9.240959020267332e-15	16	(-35498090.786386)/((X_2)((((X_0)(X_0))/(X_2))/(((X_0)(X_0))/(X_2))) + (X_2 - ((X_0)(X_0)))(204900034.907217)) + (X_2 - (X_3))((((X_0)(X_0))/(X_2))/(((X_0)(X_0))/(X_2)))
1.2201743927488817e-14	12	((X_2 - ((X_1)(X_1)))/(1725.122455))(1725.122451) + X_3 - (X_2)
1.3282287985339266e-14	5	((X_2)/(X_2))(X_3 + X_2)
1.3284096543053993e-14	3	X_3 + X_2
1.0	1	X_1
Performing migration between Islands
Evolution time 0:04:58.645290	 age 31000	 fitness 1.370e-14
Saving checkpoint: ML_project_3_31000.pkl
Saved successfully
Generation: 31000 	 Elapsed time: 2:21:01.394179 	 Best training fitness: 1.369643e-14 	 
Hall of Fame:
9.240959020267332e-15	16	(-35498090.786386)/((X_2)((((X_0)(X_0))/(X_2))/(((X_0)(X_0))/(X_2))) + (X_2 - ((X_0)(X_0)))(204900034.907217)) + (X_2 - (X_3))((((X_0)(X_0))/(X_2))/(((X_0)(X_0))/(X_2)))
1.2201743927488817e-14	12	((X_2 - ((X_1)(X_1)))/(1725.122455))(1725.122451) + X_3 - (X_2)
1.3282287985339266e-14	5	((X_2)/(X_2))(X_3 + X_2)
1.3284096543053993e-14	3	X_3 + X_2
1.0	1	X_1
Performing migration between Islands
Evolution time 0:04:36.228719	 age 32000	 fitness 1.328e-14
Saving checkpoint: ML_project_3_32000.pkl
Saved successfully
Generation: 32000 	 Elapsed time: 2:25:37.736179 	 Best training fitness: 1.328325e-14 	 
Hall of Fame:
9.240959020267332e-15	16	(-35498090.786386)/((X_2)((((X_0)(X_0))/(X_2))/(((X_0)(X_0))/(X_2))) + (X_2 - ((X_0)(X_0)))(204900034.907217)) + (X_2 - (X_3))((((X_0)(X_0))/(X_2))/(((X_0)(X_0))/(X_2)))
1.2201743927488817e-14	12	((X_2 - ((X_1)(X_1)))/(1725.122455))(1725.122451) + X_3 - (X_2)
1.3282287985339266e-14	5	((X_2)/(X_2))(X_3 + X_2)
1.3284096543053993e-14	3	X_3 + X_2
1.0	1	X_1
Performing migration between Islands
Evolution time 0:04:27.108180	 age 33000	 fitness 9.304e-15
Saving checkpoint: ML_project_3_33000.pkl
Saved successfully
Generation: 33000 	 Elapsed time: 2:30:04.960315 	 Best training fitness: 9.303630e-15 	 
Hall of Fame:
9.240959020267332e-15	16	(-35498090.786386)/((X_2)((((X_0)(X_0))/(X_2))/(((X_0)(X_0))/(X_2))) + (X_2 - ((X_0)(X_0)))(204900034.907217)) + (X_2 - (X_3))((((X_0)(X_0))/(X_2))/(((X_0)(X_0))/(X_2)))
1.2201743927488817e-14	12	((X_2 - ((X_1)(X_1)))/(1725.122455))(1725.122451) + X_3 - (X_2)
1.3282287985339266e-14	5	((X_2)/(X_2))(X_3 + X_2)
1.3284096543053993e-14	3	X_3 + X_2
1.0	1	X_1
Performing migration between Islands
Evolution time 0:04:38.825408	 age 34000	 fitness 1.331e-14
Saving checkpoint: ML_project_3_34000.pkl
Saved successfully
Generation: 34000 	 Elapsed time: 2:34:43.904473 	 Best training fitness: 1.331201e-14 	 
Hall of Fame:
9.240959020267332e-15	16	(-35498090.786386)/((X_2)((((X_0)(X_0))/(X_2))/(((X_0)(X_0))/(X_2))) + (X_2 - ((X_0)(X_0)))(204900034.907217)) + (X_2 - (X_3))((((X_0)(X_0))/(X_2))/(((X_0)(X_0))/(X_2)))
1.2201743927488817e-14	12	((X_2 - ((X_1)(X_1)))/(1725.122455))(1725.122451) + X_3 - (X_2)
1.3282287985339266e-14	5	((X_2)/(X_2))(X_3 + X_2)
1.3284096543053993e-14	3	X_3 + X_2
1.0	1	X_1
Performing migration between Islands
Evolution time 0:04:41.224618	 age 35000	 fitness 2.818e-14
Saving checkpoint: ML_project_3_35000.pkl
Saved successfully
Generation: 35000 	 Elapsed time: 2:39:25.249678 	 Best training fitness: 2.818436e-14 	 
Hall of Fame:
9.240959020267332e-15	16	(-35498090.786386)/((X_2)((((X_0)(X_0))/(X_2))/(((X_0)(X_0))/(X_2))) + (X_2 - ((X_0)(X_0)))(204900034.907217)) + (X_2 - (X_3))((((X_0)(X_0))/(X_2))/(((X_0)(X_0))/(X_2)))
1.2201743927488817e-14	12	((X_2 - ((X_1)(X_1)))/(1725.122455))(1725.122451) + X_3 - (X_2)
1.3282287985339266e-14	5	((X_2)/(X_2))(X_3 + X_2)
1.3284096543053993e-14	3	X_3 + X_2
1.0	1	X_1
Performing migration between Islands
Evolution time 0:04:02.668615	 age 36000	 fitness 1.328e-14
Saving checkpoint: ML_project_3_36000.pkl
Saved successfully
Generation: 36000 	 Elapsed time: 2:43:28.033096 	 Best training fitness: 1.328410e-14 	 
Hall of Fame:
9.240959020267332e-15	16	(-35498090.786386)/((X_2)((((X_0)(X_0))/(X_2))/(((X_0)(X_0))/(X_2))) + (X_2 - ((X_0)(X_0)))(204900034.907217)) + (X_2 - (X_3))((((X_0)(X_0))/(X_2))/(((X_0)(X_0))/(X_2)))
1.2201743927488817e-14	12	((X_2 - ((X_1)(X_1)))/(1725.122455))(1725.122451) + X_3 - (X_2)
1.3282287985339266e-14	5	((X_2)/(X_2))(X_3 + X_2)
1.3284096543053993e-14	3	X_3 + X_2
1.0	1	X_1
Performing migration between Islands
Evolution time 0:04:08.574121	 age 37000	 fitness 1.242e-13
Saving checkpoint: ML_project_3_37000.pkl
Saved successfully
Generation: 37000 	 Elapsed time: 2:47:36.721377 	 Best training fitness: 1.241790e-13 	 
Hall of Fame:
9.240959020267332e-15	16	(-35498090.786386)/((X_2)((((X_0)(X_0))/(X_2))/(((X_0)(X_0))/(X_2))) + (X_2 - ((X_0)(X_0)))(204900034.907217)) + (X_2 - (X_3))((((X_0)(X_0))/(X_2))/(((X_0)(X_0))/(X_2)))
1.2201743927488817e-14	12	((X_2 - ((X_1)(X_1)))/(1725.122455))(1725.122451) + X_3 - (X_2)
1.3282287985339266e-14	5	((X_2)/(X_2))(X_3 + X_2)
1.3284096543053993e-14	3	X_3 + X_2
1.0	1	X_1
Performing migration between Islands
Evolution time 0:05:00.908165	 age 38000	 fitness 1.327e-14
Saving checkpoint: ML_project_3_38000.pkl
Saved successfully
Generation: 38000 	 Elapsed time: 2:52:37.743359 	 Best training fitness: 1.326622e-14 	 
Hall of Fame:
9.240959020267332e-15	16	(-35498090.786386)/((X_2)((((X_0)(X_0))/(X_2))/(((X_0)(X_0))/(X_2))) + (X_2 - ((X_0)(X_0)))(204900034.907217)) + (X_2 - (X_3))((((X_0)(X_0))/(X_2))/(((X_0)(X_0))/(X_2)))
1.2201743927488817e-14	12	((X_2 - ((X_1)(X_1)))/(1725.122455))(1725.122451) + X_3 - (X_2)
1.3282287985339266e-14	5	((X_2)/(X_2))(X_3 + X_2)
1.3284096543053993e-14	3	X_3 + X_2
1.0	1	X_1
Performing migration between Islands
Evolution time 0:05:05.080354	 age 39000	 fitness 4.292e-14
Saving checkpoint: ML_project_3_39000.pkl
Saved successfully
Generation: 39000 	 Elapsed time: 2:57:42.946352 	 Best training fitness: 4.291911e-14 	 
Hall of Fame:
9.240959020267332e-15	16	(-35498090.786386)/((X_2)((((X_0)(X_0))/(X_2))/(((X_0)(X_0))/(X_2))) + (X_2 - ((X_0)(X_0)))(204900034.907217)) + (X_2 - (X_3))((((X_0)(X_0))/(X_2))/(((X_0)(X_0))/(X_2)))
1.2201743927488817e-14	12	((X_2 - ((X_1)(X_1)))/(1725.122455))(1725.122451) + X_3 - (X_2)
1.3282287985339266e-14	5	((X_2)/(X_2))(X_3 + X_2)
1.3284096543053993e-14	3	X_3 + X_2
1.0	1	X_1
Performing migration between Islands
Evolution time 0:04:13.194836	 age 40000	 fitness 1.399e-14
Saving checkpoint: ML_project_3_40000.pkl
Saved successfully
Generation: 40000 	 Elapsed time: 3:01:56.379528 	 Best training fitness: 1.399118e-14 	 
Hall of Fame:
9.240959020267332e-15	16	(-35498090.786386)/((X_2)((((X_0)(X_0))/(X_2))/(((X_0)(X_0))/(X_2))) + (X_2 - ((X_0)(X_0)))(204900034.907217)) + (X_2 - (X_3))((((X_0)(X_0))/(X_2))/(((X_0)(X_0))/(X_2)))
1.2201743927488817e-14	12	((X_2 - ((X_1)(X_1)))/(1725.122455))(1725.122451) + X_3 - (X_2)
1.3282287985339266e-14	5	((X_2)/(X_2))(X_3 + X_2)
1.3284096543053993e-14	3	X_3 + X_2
1.0	1	X_1
Performing migration between Islands
Evolution time 0:04:36.916941	 age 41000	 fitness 1.555e-14
Saving checkpoint: ML_project_3_41000.pkl
Saved successfully
Generation: 41000 	 Elapsed time: 3:06:33.438479 	 Best training fitness: 1.554768e-14 	 
Hall of Fame:
9.240959020267332e-15	16	(-35498090.786386)/((X_2)((((X_0)(X_0))/(X_2))/(((X_0)(X_0))/(X_2))) + (X_2 - ((X_0)(X_0)))(204900034.907217)) + (X_2 - (X_3))((((X_0)(X_0))/(X_2))/(((X_0)(X_0))/(X_2)))
1.2201743927488817e-14	12	((X_2 - ((X_1)(X_1)))/(1725.122455))(1725.122451) + X_3 - (X_2)
1.3282287985339266e-14	5	((X_2)/(X_2))(X_3 + X_2)
1.3284096543053993e-14	3	X_3 + X_2
1.0	1	X_1
Performing migration between Islands
Evolution time 0:04:20.873389	 age 42000	 fitness 1.328e-14
Saving checkpoint: ML_project_3_42000.pkl
Saved successfully
Generation: 42000 	 Elapsed time: 3:10:54.460314 	 Best training fitness: 1.328451e-14 	 
Hall of Fame:
9.240959020267332e-15	16	(-35498090.786386)/((X_2)((((X_0)(X_0))/(X_2))/(((X_0)(X_0))/(X_2))) + (X_2 - ((X_0)(X_0)))(204900034.907217)) + (X_2 - (X_3))((((X_0)(X_0))/(X_2))/(((X_0)(X_0))/(X_2)))
1.2201743927488817e-14	12	((X_2 - ((X_1)(X_1)))/(1725.122455))(1725.122451) + X_3 - (X_2)
1.3282287985339266e-14	5	((X_2)/(X_2))(X_3 + X_2)
1.3284096543053993e-14	3	X_3 + X_2
1.0	1	X_1
Performing migration between Islands
Evolution time 0:04:18.093724	 age 43000	 fitness 2.477e-13
Saving checkpoint: ML_project_3_43000.pkl
Saved successfully
Generation: 43000 	 Elapsed time: 3:15:12.671215 	 Best training fitness: 2.476708e-13 	 
Hall of Fame:
9.240959020267332e-15	16	(-35498090.786386)/((X_2)((((X_0)(X_0))/(X_2))/(((X_0)(X_0))/(X_2))) + (X_2 - ((X_0)(X_0)))(204900034.907217)) + (X_2 - (X_3))((((X_0)(X_0))/(X_2))/(((X_0)(X_0))/(X_2)))
1.2201743927488817e-14	12	((X_2 - ((X_1)(X_1)))/(1725.122455))(1725.122451) + X_3 - (X_2)
1.3280436598054118e-14	10	6919.165986 + X_3 + (X_2)/(X_2) + X_2 + X_2 + X_3 - (X_2 + X_3)
1.3282287985339266e-14	5	((X_2)/(X_2))(X_3 + X_2)
1.3284096543053993e-14	3	X_3 + X_2
1.0	1	X_1
Performing migration between Islands
Evolution time 0:05:04.434609	 age 44000	 fitness 1.328e-14
Saving checkpoint: ML_project_3_44000.pkl
Saved successfully
Generation: 44000 	 Elapsed time: 3:20:17.241837 	 Best training fitness: 1.328410e-14 	 
Hall of Fame:
9.240959020267332e-15	16	(-35498090.786386)/((X_2)((((X_0)(X_0))/(X_2))/(((X_0)(X_0))/(X_2))) + (X_2 - ((X_0)(X_0)))(204900034.907217)) + (X_2 - (X_3))((((X_0)(X_0))/(X_2))/(((X_0)(X_0))/(X_2)))
1.2201743927488817e-14	12	((X_2 - ((X_1)(X_1)))/(1725.122455))(1725.122451) + X_3 - (X_2)
1.3280436598054118e-14	10	6919.165986 + X_3 + (X_2)/(X_2) + X_2 + X_2 + X_3 - (X_2 + X_3)
1.3282287985339266e-14	5	((X_2)/(X_2))(X_3 + X_2)
1.3284096543053993e-14	3	X_3 + X_2
1.0	1	X_1
Performing migration between Islands
Evolution time 0:03:58.363740	 age 45000	 fitness 5.699e-14
Saving checkpoint: ML_project_3_45000.pkl
Saved successfully
Generation: 45000 	 Elapsed time: 3:24:15.720824 	 Best training fitness: 5.699391e-14 	 
Hall of Fame:
9.240959020267332e-15	16	(-35498090.786386)/((X_2)((((X_0)(X_0))/(X_2))/(((X_0)(X_0))/(X_2))) + (X_2 - ((X_0)(X_0)))(204900034.907217)) + (X_2 - (X_3))((((X_0)(X_0))/(X_2))/(((X_0)(X_0))/(X_2)))
1.2201743927488817e-14	12	((X_2 - ((X_1)(X_1)))/(1725.122455))(1725.122451) + X_3 - (X_2)
1.3280436598054118e-14	10	6919.165986 + X_3 + (X_2)/(X_2) + X_2 + X_2 + X_3 - (X_2 + X_3)
1.3282287985339266e-14	5	((X_2)/(X_2))(X_3 + X_2)
1.3284096543053993e-14	3	X_3 + X_2
1.0	1	X_1
Performing migration between Islands
Evolution time 0:04:35.799004	 age 46000	 fitness 2.443e-14
Saving checkpoint: ML_project_3_46000.pkl
Saved successfully
Generation: 46000 	 Elapsed time: 3:28:51.634940 	 Best training fitness: 2.442778e-14 	 
Hall of Fame:
9.240959020267332e-15	16	(-35498090.786386)/((X_2)((((X_0)(X_0))/(X_2))/(((X_0)(X_0))/(X_2))) + (X_2 - ((X_0)(X_0)))(204900034.907217)) + (X_2 - (X_3))((((X_0)(X_0))/(X_2))/(((X_0)(X_0))/(X_2)))
1.2201743927488817e-14	12	((X_2 - ((X_1)(X_1)))/(1725.122455))(1725.122451) + X_3 - (X_2)
1.3280436598054118e-14	10	6919.165986 + X_3 + (X_2)/(X_2) + X_2 + X_2 + X_3 - (X_2 + X_3)
1.3282287985339266e-14	5	((X_2)/(X_2))(X_3 + X_2)
1.3284096543053993e-14	3	X_3 + X_2
1.0	1	X_1
Performing migration between Islands
Evolution time 0:04:06.366952	 age 47000	 fitness 3.623e-14
Saving checkpoint: ML_project_3_47000.pkl
Saved successfully
Generation: 47000 	 Elapsed time: 3:32:58.124785 	 Best training fitness: 3.622746e-14 	 
Hall of Fame:
9.240959020267332e-15	16	(-35498090.786386)/((X_2)((((X_0)(X_0))/(X_2))/(((X_0)(X_0))/(X_2))) + (X_2 - ((X_0)(X_0)))(204900034.907217)) + (X_2 - (X_3))((((X_0)(X_0))/(X_2))/(((X_0)(X_0))/(X_2)))
1.2201743927488817e-14	12	((X_2 - ((X_1)(X_1)))/(1725.122455))(1725.122451) + X_3 - (X_2)
1.3280436598054118e-14	10	6919.165986 + X_3 + (X_2)/(X_2) + X_2 + X_2 + X_3 - (X_2 + X_3)
1.3282287985339266e-14	5	((X_2)/(X_2))(X_3 + X_2)
1.3284096543053993e-14	3	X_3 + X_2
1.0	1	X_1
Performing migration between Islands
Evolution time 0:04:54.672004	 age 48000	 fitness 4.498e-14
Saving checkpoint: ML_project_3_48000.pkl
Saved successfully
Generation: 48000 	 Elapsed time: 3:37:52.913194 	 Best training fitness: 4.497944e-14 	 
Hall of Fame:
9.240959020267332e-15	16	(-35498090.786386)/((X_2)((((X_0)(X_0))/(X_2))/(((X_0)(X_0))/(X_2))) + (X_2 - ((X_0)(X_0)))(204900034.907217)) + (X_2 - (X_3))((((X_0)(X_0))/(X_2))/(((X_0)(X_0))/(X_2)))
1.2201743927488817e-14	12	((X_2 - ((X_1)(X_1)))/(1725.122455))(1725.122451) + X_3 - (X_2)
1.3280436598054118e-14	10	6919.165986 + X_3 + (X_2)/(X_2) + X_2 + X_2 + X_3 - (X_2 + X_3)
1.3282287985339266e-14	5	((X_2)/(X_2))(X_3 + X_2)
1.3284096543053993e-14	3	X_3 + X_2
1.0	1	X_1
Performing migration between Islands
Evolution time 0:04:09.304628	 age 49000	 fitness 1.231e-10
Saving checkpoint: ML_project_3_49000.pkl
Saved successfully
Generation: 49000 	 Elapsed time: 3:42:02.334125 	 Best training fitness: 1.230880e-10 	 
Hall of Fame:
9.240959020267332e-15	16	(-35498090.786386)/((X_2)((((X_0)(X_0))/(X_2))/(((X_0)(X_0))/(X_2))) + (X_2 - ((X_0)(X_0)))(204900034.907217)) + (X_2 - (X_3))((((X_0)(X_0))/(X_2))/(((X_0)(X_0))/(X_2)))
1.2201743927488817e-14	12	((X_2 - ((X_1)(X_1)))/(1725.122455))(1725.122451) + X_3 - (X_2)
1.3280436598054118e-14	10	6919.165986 + X_3 + (X_2)/(X_2) + X_2 + X_2 + X_3 - (X_2 + X_3)
1.3282287985339266e-14	5	((X_2)/(X_2))(X_3 + X_2)
1.3284096543053993e-14	3	X_3 + X_2
1.0	1	X_1
Performing migration between Islands
Evolution time 0:03:55.348412	 age 50000	 fitness 1.328e-14
Saving checkpoint: ML_project_3_50000.pkl
Saved successfully
Generation: 50000 	 Elapsed time: 3:45:57.808931 	 Best training fitness: 1.328410e-14 	 
Hall of Fame:
9.240959020267332e-15	16	(-35498090.786386)/((X_2)((((X_0)(X_0))/(X_2))/(((X_0)(X_0))/(X_2))) + (X_2 - ((X_0)(X_0)))(204900034.907217)) + (X_2 - (X_3))((((X_0)(X_0))/(X_2))/(((X_0)(X_0))/(X_2)))
1.2201743927488817e-14	12	((X_2 - ((X_1)(X_1)))/(1725.122455))(1725.122451) + X_3 - (X_2)
1.3280436598054118e-14	10	6919.165986 + X_3 + (X_2)/(X_2) + X_2 + X_2 + X_3 - (X_2 + X_3)
1.3282287985339266e-14	5	((X_2)/(X_2))(X_3 + X_2)
1.3284096543053993e-14	3	X_3 + X_2
1.0	1	X_1
Performing migration between Islands
Evolution time 0:04:32.582278	 age 51000	 fitness 1.328e-14
Saving checkpoint: ML_project_3_51000.pkl
Saved successfully
Generation: 51000 	 Elapsed time: 3:50:30.507332 	 Best training fitness: 1.328410e-14 	 
Hall of Fame:
9.240959020267332e-15	16	(-35498090.786386)/((X_2)((((X_0)(X_0))/(X_2))/(((X_0)(X_0))/(X_2))) + (X_2 - ((X_0)(X_0)))(204900034.907217)) + (X_2 - (X_3))((((X_0)(X_0))/(X_2))/(((X_0)(X_0))/(X_2)))
1.2201743927488817e-14	12	((X_2 - ((X_1)(X_1)))/(1725.122455))(1725.122451) + X_3 - (X_2)
1.3280436598054118e-14	10	6919.165986 + X_3 + (X_2)/(X_2) + X_2 + X_2 + X_3 - (X_2 + X_3)
1.3282287985339266e-14	5	((X_2)/(X_2))(X_3 + X_2)
1.3284096543053993e-14	3	X_3 + X_2
1.0	1	X_1
Performing migration between Islands
Evolution time 0:04:17.863333	 age 52000	 fitness 9.588e-15
Saving checkpoint: ML_project_3_52000.pkl
Saved successfully
Generation: 52000 	 Elapsed time: 3:54:48.484310 	 Best training fitness: 9.588089e-15 	 
Hall of Fame:
9.240959020267332e-15	16	(-35498090.786386)/((X_2)((((X_0)(X_0))/(X_2))/(((X_0)(X_0))/(X_2))) + (X_2 - ((X_0)(X_0)))(204900034.907217)) + (X_2 - (X_3))((((X_0)(X_0))/(X_2))/(((X_0)(X_0))/(X_2)))
1.2201743927488817e-14	12	((X_2 - ((X_1)(X_1)))/(1725.122455))(1725.122451) + X_3 - (X_2)
1.3280436598054118e-14	10	6919.165986 + X_3 + (X_2)/(X_2) + X_2 + X_2 + X_3 - (X_2 + X_3)
1.3282287985339266e-14	5	((X_2)/(X_2))(X_3 + X_2)
1.3284096543053993e-14	3	X_3 + X_2
1.0	1	X_1
Performing migration between Islands
Evolution time 0:04:53.781652	 age 53000	 fitness 1.328e-14
Saving checkpoint: ML_project_3_53000.pkl
Saved successfully
Generation: 53000 	 Elapsed time: 3:59:42.498173 	 Best training fitness: 1.328410e-14 	 
Hall of Fame:
9.240959020267332e-15	16	(-35498090.786386)/((X_2)((((X_0)(X_0))/(X_2))/(((X_0)(X_0))/(X_2))) + (X_2 - ((X_0)(X_0)))(204900034.907217)) + (X_2 - (X_3))((((X_0)(X_0))/(X_2))/(((X_0)(X_0))/(X_2)))
1.2201743927488817e-14	12	((X_2 - ((X_1)(X_1)))/(1725.122455))(1725.122451) + X_3 - (X_2)
1.3280436598054118e-14	10	6919.165986 + X_3 + (X_2)/(X_2) + X_2 + X_2 + X_3 - (X_2 + X_3)
1.3282287985339266e-14	5	((X_2)/(X_2))(X_3 + X_2)
1.3284096543053993e-14	3	X_3 + X_2
1.0	1	X_1
Performing migration between Islands
Evolution time 0:04:46.750723	 age 54000	 fitness 1.329e-14
Saving checkpoint: ML_project_3_54000.pkl
Saved successfully
Generation: 54000 	 Elapsed time: 4:04:29.375553 	 Best training fitness: 1.329253e-14 	 
Hall of Fame:
9.240959020267332e-15	16	(-35498090.786386)/((X_2)((((X_0)(X_0))/(X_2))/(((X_0)(X_0))/(X_2))) + (X_2 - ((X_0)(X_0)))(204900034.907217)) + (X_2 - (X_3))((((X_0)(X_0))/(X_2))/(((X_0)(X_0))/(X_2)))
1.2201743927488817e-14	12	((X_2 - ((X_1)(X_1)))/(1725.122455))(1725.122451) + X_3 - (X_2)
1.3280436598054118e-14	10	6919.165986 + X_3 + (X_2)/(X_2) + X_2 + X_2 + X_3 - (X_2 + X_3)
1.3282287985339266e-14	5	((X_2)/(X_2))(X_3 + X_2)
1.3284096543053993e-14	3	X_3 + X_2
1.0	1	X_1
Performing migration between Islands
Evolution time 0:04:23.503839	 age 55000	 fitness 1.328e-14
Saving checkpoint: ML_project_3_55000.pkl
Saved successfully
Generation: 55000 	 Elapsed time: 4:08:53.005396 	 Best training fitness: 1.328410e-14 	 
Hall of Fame:
9.240959020267332e-15	16	(-35498090.786386)/((X_2)((((X_0)(X_0))/(X_2))/(((X_0)(X_0))/(X_2))) + (X_2 - ((X_0)(X_0)))(204900034.907217)) + (X_2 - (X_3))((((X_0)(X_0))/(X_2))/(((X_0)(X_0))/(X_2)))
1.2201743927488817e-14	12	((X_2 - ((X_1)(X_1)))/(1725.122455))(1725.122451) + X_3 - (X_2)
1.3280436598054118e-14	10	6919.165986 + X_3 + (X_2)/(X_2) + X_2 + X_2 + X_3 - (X_2 + X_3)
1.3282287985339266e-14	5	((X_2)/(X_2))(X_3 + X_2)
1.3284096543053993e-14	3	X_3 + X_2
1.0	1	X_1
Performing migration between Islands
Evolution time 0:03:59.873369	 age 56000	 fitness 1.337e-14
Saving checkpoint: ML_project_3_56000.pkl
Saved successfully
Generation: 56000 	 Elapsed time: 4:12:53.003781 	 Best training fitness: 1.337028e-14 	 
Hall of Fame:
9.240959020267332e-15	16	(-35498090.786386)/((X_2)((((X_0)(X_0))/(X_2))/(((X_0)(X_0))/(X_2))) + (X_2 - ((X_0)(X_0)))(204900034.907217)) + (X_2 - (X_3))((((X_0)(X_0))/(X_2))/(((X_0)(X_0))/(X_2)))
1.2201743927488817e-14	12	((X_2 - ((X_1)(X_1)))/(1725.122455))(1725.122451) + X_3 - (X_2)
1.3280436598054118e-14	10	6919.165986 + X_3 + (X_2)/(X_2) + X_2 + X_2 + X_3 - (X_2 + X_3)
1.3282287985339266e-14	5	((X_2)/(X_2))(X_3 + X_2)
1.3284096543053993e-14	3	X_3 + X_2
1.0	1	X_1
Performing migration between Islands
Evolution time 0:04:16.675071	 age 57000	 fitness 1.328e-14
Saving checkpoint: ML_project_3_57000.pkl
Saved successfully
Generation: 57000 	 Elapsed time: 4:17:09.836393 	 Best training fitness: 1.328410e-14 	 
Hall of Fame:
9.240959020267332e-15	16	(-35498090.786386)/((X_2)((((X_0)(X_0))/(X_2))/(((X_0)(X_0))/(X_2))) + (X_2 - ((X_0)(X_0)))(204900034.907217)) + (X_2 - (X_3))((((X_0)(X_0))/(X_2))/(((X_0)(X_0))/(X_2)))
1.2201743927488817e-14	12	((X_2 - ((X_1)(X_1)))/(1725.122455))(1725.122451) + X_3 - (X_2)
1.3280436598054118e-14	10	6919.165986 + X_3 + (X_2)/(X_2) + X_2 + X_2 + X_3 - (X_2 + X_3)
1.3282287985339266e-14	5	((X_2)/(X_2))(X_3 + X_2)
1.3284096543053993e-14	3	X_3 + X_2
1.0	1	X_1
Performing migration between Islands
Evolution time 0:04:35.477283	 age 58000	 fitness 1.341e-14
Saving checkpoint: ML_project_3_58000.pkl
Saved successfully
Generation: 58000 	 Elapsed time: 4:21:45.431153 	 Best training fitness: 1.341437e-14 	 
Hall of Fame:
9.240959020267332e-15	16	(-35498090.786386)/((X_2)((((X_0)(X_0))/(X_2))/(((X_0)(X_0))/(X_2))) + (X_2 - ((X_0)(X_0)))(204900034.907217)) + (X_2 - (X_3))((((X_0)(X_0))/(X_2))/(((X_0)(X_0))/(X_2)))
1.2201743927488817e-14	12	((X_2 - ((X_1)(X_1)))/(1725.122455))(1725.122451) + X_3 - (X_2)
1.3280436598054118e-14	10	6919.165986 + X_3 + (X_2)/(X_2) + X_2 + X_2 + X_3 - (X_2 + X_3)
1.3282287985339266e-14	5	((X_2)/(X_2))(X_3 + X_2)
1.3284096543053993e-14	3	X_3 + X_2
1.0	1	X_1
Performing migration between Islands
Evolution time 0:04:14.478641	 age 59000	 fitness 1.338e-14
Saving checkpoint: ML_project_3_59000.pkl
Saved successfully
Generation: 59000 	 Elapsed time: 4:26:00.027968 	 Best training fitness: 1.338055e-14 	 
Hall of Fame:
9.240959020267332e-15	16	(-35498090.786386)/((X_2)((((X_0)(X_0))/(X_2))/(((X_0)(X_0))/(X_2))) + (X_2 - ((X_0)(X_0)))(204900034.907217)) + (X_2 - (X_3))((((X_0)(X_0))/(X_2))/(((X_0)(X_0))/(X_2)))
1.2201743927488817e-14	12	((X_2 - ((X_1)(X_1)))/(1725.122455))(1725.122451) + X_3 - (X_2)
1.3280436598054118e-14	10	6919.165986 + X_3 + (X_2)/(X_2) + X_2 + X_2 + X_3 - (X_2 + X_3)
1.3282287985339266e-14	5	((X_2)/(X_2))(X_3 + X_2)
1.3284096543053993e-14	3	X_3 + X_2
1.0	1	X_1
Performing migration between Islands
Evolution time 0:05:05.424091	 age 60000	 fitness 1.236e-14
Saving checkpoint: ML_project_3_60000.pkl
Saved successfully
Generation: 60000 	 Elapsed time: 4:31:05.570743 	 Best training fitness: 1.236054e-14 	 
Hall of Fame:
9.240959020267332e-15	16	(-35498090.786386)/((X_2)((((X_0)(X_0))/(X_2))/(((X_0)(X_0))/(X_2))) + (X_2 - ((X_0)(X_0)))(204900034.907217)) + (X_2 - (X_3))((((X_0)(X_0))/(X_2))/(((X_0)(X_0))/(X_2)))
1.2201743927488817e-14	12	((X_2 - ((X_1)(X_1)))/(1725.122455))(1725.122451) + X_3 - (X_2)
1.3280436598054118e-14	10	6919.165986 + X_3 + (X_2)/(X_2) + X_2 + X_2 + X_3 - (X_2 + X_3)
1.3282287985339266e-14	5	((X_2)/(X_2))(X_3 + X_2)
1.3284096543053993e-14	3	X_3 + X_2
1.0	1	X_1
Performing migration between Islands
Evolution time 0:04:56.038591	 age 61000	 fitness 1.325e-14
Saving checkpoint: ML_project_3_61000.pkl
Saved successfully
Generation: 61000 	 Elapsed time: 4:36:01.728902 	 Best training fitness: 1.325425e-14 	 
Hall of Fame:
9.240959020267332e-15	16	(-35498090.786386)/((X_2)((((X_0)(X_0))/(X_2))/(((X_0)(X_0))/(X_2))) + (X_2 - ((X_0)(X_0)))(204900034.907217)) + (X_2 - (X_3))((((X_0)(X_0))/(X_2))/(((X_0)(X_0))/(X_2)))
1.2201743927488817e-14	12	((X_2 - ((X_1)(X_1)))/(1725.122455))(1725.122451) + X_3 - (X_2)
1.3280436598054118e-14	10	6919.165986 + X_3 + (X_2)/(X_2) + X_2 + X_2 + X_3 - (X_2 + X_3)
1.3282287985339266e-14	5	((X_2)/(X_2))(X_3 + X_2)
1.3284096543053993e-14	3	X_3 + X_2
1.0	1	X_1
Performing migration between Islands
Evolution time 0:04:10.275614	 age 62000	 fitness 6.799e-10
Saving checkpoint: ML_project_3_62000.pkl
Saved successfully
Generation: 62000 	 Elapsed time: 4:40:12.127134 	 Best training fitness: 6.798674e-10 	 
Hall of Fame:
9.240959020267332e-15	16	(-35498090.786386)/((X_2)((((X_0)(X_0))/(X_2))/(((X_0)(X_0))/(X_2))) + (X_2 - ((X_0)(X_0)))(204900034.907217)) + (X_2 - (X_3))((((X_0)(X_0))/(X_2))/(((X_0)(X_0))/(X_2)))
1.2201743927488817e-14	12	((X_2 - ((X_1)(X_1)))/(1725.122455))(1725.122451) + X_3 - (X_2)
1.3280436598054118e-14	10	6919.165986 + X_3 + (X_2)/(X_2) + X_2 + X_2 + X_3 - (X_2 + X_3)
1.3282287985339266e-14	5	((X_2)/(X_2))(X_3 + X_2)
1.3284096543053993e-14	3	X_3 + X_2
1.0	1	X_1
Performing migration between Islands
Evolution time 0:04:58.412489	 age 63000	 fitness 2.826e-14
Saving checkpoint: ML_project_3_63000.pkl
Saved successfully
Generation: 63000 	 Elapsed time: 4:45:10.657899 	 Best training fitness: 2.826208e-14 	 
Hall of Fame:
9.240959020267332e-15	16	(-35498090.786386)/((X_2)((((X_0)(X_0))/(X_2))/(((X_0)(X_0))/(X_2))) + (X_2 - ((X_0)(X_0)))(204900034.907217)) + (X_2 - (X_3))((((X_0)(X_0))/(X_2))/(((X_0)(X_0))/(X_2)))
1.2201743927488817e-14	12	((X_2 - ((X_1)(X_1)))/(1725.122455))(1725.122451) + X_3 - (X_2)
1.3280436598054118e-14	10	6919.165986 + X_3 + (X_2)/(X_2) + X_2 + X_2 + X_3 - (X_2 + X_3)
1.3282287985339266e-14	5	((X_2)/(X_2))(X_3 + X_2)
1.3284096543053993e-14	3	X_3 + X_2
1.0	1	X_1
Performing migration between Islands
Evolution time 0:04:52.489138	 age 64000	 fitness 1.328e-14
Saving checkpoint: ML_project_3_64000.pkl
Saved successfully
Generation: 64000 	 Elapsed time: 4:50:03.262117 	 Best training fitness: 1.328410e-14 	 
Hall of Fame:
9.240959020267332e-15	16	(-35498090.786386)/((X_2)((((X_0)(X_0))/(X_2))/(((X_0)(X_0))/(X_2))) + (X_2 - ((X_0)(X_0)))(204900034.907217)) + (X_2 - (X_3))((((X_0)(X_0))/(X_2))/(((X_0)(X_0))/(X_2)))
1.2201743927488817e-14	12	((X_2 - ((X_1)(X_1)))/(1725.122455))(1725.122451) + X_3 - (X_2)
1.3280436598054118e-14	10	6919.165986 + X_3 + (X_2)/(X_2) + X_2 + X_2 + X_3 - (X_2 + X_3)
1.3282287985339266e-14	5	((X_2)/(X_2))(X_3 + X_2)
1.3284096543053993e-14	3	X_3 + X_2
1.0	1	X_1
Performing migration between Islands
Evolution time 0:04:04.289700	 age 65000	 fitness 1.328e-14
Saving checkpoint: ML_project_3_65000.pkl
Saved successfully
Generation: 65000 	 Elapsed time: 4:54:07.669178 	 Best training fitness: 1.328410e-14 	 
Hall of Fame:
9.240959020267332e-15	16	(-35498090.786386)/((X_2)((((X_0)(X_0))/(X_2))/(((X_0)(X_0))/(X_2))) + (X_2 - ((X_0)(X_0)))(204900034.907217)) + (X_2 - (X_3))((((X_0)(X_0))/(X_2))/(((X_0)(X_0))/(X_2)))
1.2201743927488817e-14	12	((X_2 - ((X_1)(X_1)))/(1725.122455))(1725.122451) + X_3 - (X_2)
1.3280436598054118e-14	10	6919.165986 + X_3 + (X_2)/(X_2) + X_2 + X_2 + X_3 - (X_2 + X_3)
1.3282287985339266e-14	5	((X_2)/(X_2))(X_3 + X_2)
1.3284096543053993e-14	3	X_3 + X_2
1.0	1	X_1
Performing migration between Islands
Evolution time 0:04:19.226848	 age 66000	 fitness 6.010e-14
Saving checkpoint: ML_project_3_66000.pkl
Saved successfully
Generation: 66000 	 Elapsed time: 4:58:27.019267 	 Best training fitness: 6.009590e-14 	 
Hall of Fame:
9.240959020267332e-15	16	(-35498090.786386)/((X_2)((((X_0)(X_0))/(X_2))/(((X_0)(X_0))/(X_2))) + (X_2 - ((X_0)(X_0)))(204900034.907217)) + (X_2 - (X_3))((((X_0)(X_0))/(X_2))/(((X_0)(X_0))/(X_2)))
1.2201743927488817e-14	12	((X_2 - ((X_1)(X_1)))/(1725.122455))(1725.122451) + X_3 - (X_2)
1.3280436598054118e-14	10	6919.165986 + X_3 + (X_2)/(X_2) + X_2 + X_2 + X_3 - (X_2 + X_3)
1.3282287985339266e-14	5	((X_2)/(X_2))(X_3 + X_2)
1.3284096543053993e-14	3	X_3 + X_2
1.0	1	X_1
Performing migration between Islands
Evolution time 0:04:57.548350	 age 67000	 fitness 1.329e-14
Saving checkpoint: ML_project_3_67000.pkl
Saved successfully
Generation: 67000 	 Elapsed time: 5:03:24.785410 	 Best training fitness: 1.328789e-14 	 
Hall of Fame:
9.240959020267332e-15	16	(-35498090.786386)/((X_2)((((X_0)(X_0))/(X_2))/(((X_0)(X_0))/(X_2))) + (X_2 - ((X_0)(X_0)))(204900034.907217)) + (X_2 - (X_3))((((X_0)(X_0))/(X_2))/(((X_0)(X_0))/(X_2)))
1.2201743927488817e-14	12	((X_2 - ((X_1)(X_1)))/(1725.122455))(1725.122451) + X_3 - (X_2)
1.3280436598054118e-14	10	6919.165986 + X_3 + (X_2)/(X_2) + X_2 + X_2 + X_3 - (X_2 + X_3)
1.3282287985339266e-14	5	((X_2)/(X_2))(X_3 + X_2)
1.3284096543053993e-14	3	X_3 + X_2
1.0	1	X_1
Performing migration between Islands
Evolution time 0:04:08.060768	 age 68000	 fitness 1.328e-14
Saving checkpoint: ML_project_3_68000.pkl
Saved successfully
Generation: 68000 	 Elapsed time: 5:07:32.983072 	 Best training fitness: 1.328410e-14 	 
Hall of Fame:
9.240959020267332e-15	16	(-35498090.786386)/((X_2)((((X_0)(X_0))/(X_2))/(((X_0)(X_0))/(X_2))) + (X_2 - ((X_0)(X_0)))(204900034.907217)) + (X_2 - (X_3))((((X_0)(X_0))/(X_2))/(((X_0)(X_0))/(X_2)))
1.2201743927488817e-14	12	((X_2 - ((X_1)(X_1)))/(1725.122455))(1725.122451) + X_3 - (X_2)
1.3280436598054118e-14	10	6919.165986 + X_3 + (X_2)/(X_2) + X_2 + X_2 + X_3 - (X_2 + X_3)
1.3282287985339266e-14	5	((X_2)/(X_2))(X_3 + X_2)
1.3284096543053993e-14	3	X_3 + X_2
1.0	1	X_1
Performing migration between Islands
Evolution time 0:04:51.690478	 age 69000	 fitness 1.328e-14
Saving checkpoint: ML_project_3_69000.pkl
Saved successfully
Generation: 69000 	 Elapsed time: 5:12:25.100644 	 Best training fitness: 1.328410e-14 	 
Hall of Fame:
9.240959020267332e-15	16	(-35498090.786386)/((X_2)((((X_0)(X_0))/(X_2))/(((X_0)(X_0))/(X_2))) + (X_2 - ((X_0)(X_0)))(204900034.907217)) + (X_2 - (X_3))((((X_0)(X_0))/(X_2))/(((X_0)(X_0))/(X_2)))
1.2201743927488817e-14	12	((X_2 - ((X_1)(X_1)))/(1725.122455))(1725.122451) + X_3 - (X_2)
1.3280436598054118e-14	10	6919.165986 + X_3 + (X_2)/(X_2) + X_2 + X_2 + X_3 - (X_2 + X_3)
1.3282287985339266e-14	5	((X_2)/(X_2))(X_3 + X_2)
1.3284096543053993e-14	3	X_3 + X_2
1.0	1	X_1
Performing migration between Islands
Evolution time 0:04:00.046783	 age 70000	 fitness 2.818e-14
Saving checkpoint: ML_project_3_70000.pkl
Saved successfully
Generation: 70000 	 Elapsed time: 5:16:25.296686 	 Best training fitness: 2.818419e-14 	 
Hall of Fame:
9.240959020267332e-15	16	(-35498090.786386)/((X_2)((((X_0)(X_0))/(X_2))/(((X_0)(X_0))/(X_2))) + (X_2 - ((X_0)(X_0)))(204900034.907217)) + (X_2 - (X_3))((((X_0)(X_0))/(X_2))/(((X_0)(X_0))/(X_2)))
1.2201743927488817e-14	12	((X_2 - ((X_1)(X_1)))/(1725.122455))(1725.122451) + X_3 - (X_2)
1.3280436598054118e-14	10	6919.165986 + X_3 + (X_2)/(X_2) + X_2 + X_2 + X_3 - (X_2 + X_3)
1.3282287985339266e-14	5	((X_2)/(X_2))(X_3 + X_2)
1.3284096543053993e-14	3	X_3 + X_2
1.0	1	X_1
Performing migration between Islands
Evolution time 0:03:22.955535	 age 71000	 fitness 1.328e-14
Saving checkpoint: ML_project_3_71000.pkl
Saved successfully
Generation: 71000 	 Elapsed time: 5:19:48.392811 	 Best training fitness: 1.328422e-14 	 
Hall of Fame:
9.240959020267332e-15	16	(-35498090.786386)/((X_2)((((X_0)(X_0))/(X_2))/(((X_0)(X_0))/(X_2))) + (X_2 - ((X_0)(X_0)))(204900034.907217)) + (X_2 - (X_3))((((X_0)(X_0))/(X_2))/(((X_0)(X_0))/(X_2)))
1.2201743927488817e-14	12	((X_2 - ((X_1)(X_1)))/(1725.122455))(1725.122451) + X_3 - (X_2)
1.3280436598054118e-14	10	6919.165986 + X_3 + (X_2)/(X_2) + X_2 + X_2 + X_3 - (X_2 + X_3)
1.3282287985339266e-14	5	((X_2)/(X_2))(X_3 + X_2)
1.3284096543053993e-14	3	X_3 + X_2
1.0	1	X_1
Performing migration between Islands
Evolution time 0:03:45.817796	 age 72000	 fitness 1.328e-14
Saving checkpoint: ML_project_3_72000.pkl
Saved successfully
Generation: 72000 	 Elapsed time: 5:23:34.332207 	 Best training fitness: 1.328410e-14 	 
Hall of Fame:
9.240959020267332e-15	16	(-35498090.786386)/((X_2)((((X_0)(X_0))/(X_2))/(((X_0)(X_0))/(X_2))) + (X_2 - ((X_0)(X_0)))(204900034.907217)) + (X_2 - (X_3))((((X_0)(X_0))/(X_2))/(((X_0)(X_0))/(X_2)))
1.2201743927488817e-14	12	((X_2 - ((X_1)(X_1)))/(1725.122455))(1725.122451) + X_3 - (X_2)
1.3280436598054118e-14	10	6919.165986 + X_3 + (X_2)/(X_2) + X_2 + X_2 + X_3 - (X_2 + X_3)
1.3282287985339266e-14	5	((X_2)/(X_2))(X_3 + X_2)
1.3284096543053993e-14	3	X_3 + X_2
1.0	1	X_1
Performing migration between Islands
Evolution time 0:04:03.695337	 age 73000	 fitness 1.328e-14
Saving checkpoint: ML_project_3_73000.pkl
Saved successfully
Generation: 73000 	 Elapsed time: 5:27:38.145247 	 Best training fitness: 1.328373e-14 	 
Hall of Fame:
9.240959020267332e-15	16	(-35498090.786386)/((X_2)((((X_0)(X_0))/(X_2))/(((X_0)(X_0))/(X_2))) + (X_2 - ((X_0)(X_0)))(204900034.907217)) + (X_2 - (X_3))((((X_0)(X_0))/(X_2))/(((X_0)(X_0))/(X_2)))
1.2201743927488817e-14	12	((X_2 - ((X_1)(X_1)))/(1725.122455))(1725.122451) + X_3 - (X_2)
1.3280436598054118e-14	10	6919.165986 + X_3 + (X_2)/(X_2) + X_2 + X_2 + X_3 - (X_2 + X_3)
1.3282287985339266e-14	5	((X_2)/(X_2))(X_3 + X_2)
1.3284096543053993e-14	3	X_3 + X_2
1.0	1	X_1
Performing migration between Islands
Evolution time 0:04:56.821826	 age 74000	 fitness 3.184e-14
Saving checkpoint: ML_project_3_74000.pkl
Saved successfully
Generation: 74000 	 Elapsed time: 5:32:35.084095 	 Best training fitness: 3.184003e-14 	 
Hall of Fame:
9.240959020267332e-15	16	(-35498090.786386)/((X_2)((((X_0)(X_0))/(X_2))/(((X_0)(X_0))/(X_2))) + (X_2 - ((X_0)(X_0)))(204900034.907217)) + (X_2 - (X_3))((((X_0)(X_0))/(X_2))/(((X_0)(X_0))/(X_2)))
1.2201743927488817e-14	12	((X_2 - ((X_1)(X_1)))/(1725.122455))(1725.122451) + X_3 - (X_2)
1.3280436598054118e-14	10	6919.165986 + X_3 + (X_2)/(X_2) + X_2 + X_2 + X_3 - (X_2 + X_3)
1.3282287985339266e-14	5	((X_2)/(X_2))(X_3 + X_2)
1.3284096543053993e-14	3	X_3 + X_2
1.0	1	X_1
Performing migration between Islands
Evolution time 0:05:19.763970	 age 75000	 fitness 1.328e-14
Saving checkpoint: ML_project_3_75000.pkl
Saved successfully
Generation: 75000 	 Elapsed time: 5:37:54.965552 	 Best training fitness: 1.328410e-14 	 
Hall of Fame:
9.240959020267332e-15	16	(-35498090.786386)/((X_2)((((X_0)(X_0))/(X_2))/(((X_0)(X_0))/(X_2))) + (X_2 - ((X_0)(X_0)))(204900034.907217)) + (X_2 - (X_3))((((X_0)(X_0))/(X_2))/(((X_0)(X_0))/(X_2)))
1.2201743927488817e-14	12	((X_2 - ((X_1)(X_1)))/(1725.122455))(1725.122451) + X_3 - (X_2)
1.3280436598054118e-14	10	6919.165986 + X_3 + (X_2)/(X_2) + X_2 + X_2 + X_3 - (X_2 + X_3)
1.3282287985339266e-14	5	((X_2)/(X_2))(X_3 + X_2)
1.3284096543053993e-14	3	X_3 + X_2
1.0	1	X_1
Performing migration between Islands
Evolution time 0:04:42.665373	 age 76000	 fitness 1.330e-14
Saving checkpoint: ML_project_3_76000.pkl
Saved successfully
Generation: 76000 	 Elapsed time: 5:42:37.749566 	 Best training fitness: 1.329877e-14 	 
Hall of Fame:
9.240959020267332e-15	16	(-35498090.786386)/((X_2)((((X_0)(X_0))/(X_2))/(((X_0)(X_0))/(X_2))) + (X_2 - ((X_0)(X_0)))(204900034.907217)) + (X_2 - (X_3))((((X_0)(X_0))/(X_2))/(((X_0)(X_0))/(X_2)))
1.2201743927488817e-14	12	((X_2 - ((X_1)(X_1)))/(1725.122455))(1725.122451) + X_3 - (X_2)
1.3280436598054118e-14	10	6919.165986 + X_3 + (X_2)/(X_2) + X_2 + X_2 + X_3 - (X_2 + X_3)
1.3282287985339266e-14	5	((X_2)/(X_2))(X_3 + X_2)
1.3284096543053993e-14	3	X_3 + X_2
1.0	1	X_1
Performing migration between Islands
Evolution time 0:05:03.651814	 age 77000	 fitness 1.328e-14
Saving checkpoint: ML_project_3_77000.pkl
Saved successfully
Generation: 77000 	 Elapsed time: 5:47:41.517925 	 Best training fitness: 1.328410e-14 	 
Hall of Fame:
9.240959020267332e-15	16	(-35498090.786386)/((X_2)((((X_0)(X_0))/(X_2))/(((X_0)(X_0))/(X_2))) + (X_2 - ((X_0)(X_0)))(204900034.907217)) + (X_2 - (X_3))((((X_0)(X_0))/(X_2))/(((X_0)(X_0))/(X_2)))
1.2201743927488817e-14	12	((X_2 - ((X_1)(X_1)))/(1725.122455))(1725.122451) + X_3 - (X_2)
1.3280436598054118e-14	10	6919.165986 + X_3 + (X_2)/(X_2) + X_2 + X_2 + X_3 - (X_2 + X_3)
1.3282287985339266e-14	5	((X_2)/(X_2))(X_3 + X_2)
1.3284096543053993e-14	3	X_3 + X_2
1.0	1	X_1
Performing migration between Islands
Evolution time 0:04:37.884799	 age 78000	 fitness 2.840e-14
Saving checkpoint: ML_project_3_78000.pkl
Saved successfully
Generation: 78000 	 Elapsed time: 5:52:19.525102 	 Best training fitness: 2.840118e-14 	 
Hall of Fame:
9.240959020267332e-15	16	(-35498090.786386)/((X_2)((((X_0)(X_0))/(X_2))/(((X_0)(X_0))/(X_2))) + (X_2 - ((X_0)(X_0)))(204900034.907217)) + (X_2 - (X_3))((((X_0)(X_0))/(X_2))/(((X_0)(X_0))/(X_2)))
1.2201743927488817e-14	12	((X_2 - ((X_1)(X_1)))/(1725.122455))(1725.122451) + X_3 - (X_2)
1.3280436598054118e-14	10	6919.165986 + X_3 + (X_2)/(X_2) + X_2 + X_2 + X_3 - (X_2 + X_3)
1.3281456138898937e-14	8	(X_2 + X_3)(19210018157108000.000000) - (19210018157108000.000000) + X_2 + X_2
1.3282287985339266e-14	5	((X_2)/(X_2))(X_3 + X_2)
1.3284096543053993e-14	3	X_3 + X_2
1.0	1	X_1
Performing migration between Islands
Evolution time 0:03:51.787294	 age 79000	 fitness 1.151e-14
Saving checkpoint: ML_project_3_79000.pkl
Saved successfully
Generation: 79000 	 Elapsed time: 5:56:11.431604 	 Best training fitness: 1.151470e-14 	 
Hall of Fame:
9.240959020267332e-15	16	(-35498090.786386)/((X_2)((((X_0)(X_0))/(X_2))/(((X_0)(X_0))/(X_2))) + (X_2 - ((X_0)(X_0)))(204900034.907217)) + (X_2 - (X_3))((((X_0)(X_0))/(X_2))/(((X_0)(X_0))/(X_2)))
1.2201743927488817e-14	12	((X_2 - ((X_1)(X_1)))/(1725.122455))(1725.122451) + X_3 - (X_2)
1.3280436598054118e-14	10	6919.165986 + X_3 + (X_2)/(X_2) + X_2 + X_2 + X_3 - (X_2 + X_3)
1.3281456138898937e-14	8	(X_2 + X_3)(19210018157108000.000000) - (19210018157108000.000000) + X_2 + X_2
1.3282287985339266e-14	5	((X_2)/(X_2))(X_3 + X_2)
1.3284096543053993e-14	3	X_3 + X_2
1.0	1	X_1
Performing migration between Islands
Evolution time 0:04:08.986242	 age 80000	 fitness 1.329e-14
Saving checkpoint: ML_project_3_80000.pkl
Saved successfully
Generation: 80000 	 Elapsed time: 6:00:20.932544 	 Best training fitness: 1.328679e-14 	 
Hall of Fame:
9.240959020267332e-15	16	(-35498090.786386)/((X_2)((((X_0)(X_0))/(X_2))/(((X_0)(X_0))/(X_2))) + (X_2 - ((X_0)(X_0)))(204900034.907217)) + (X_2 - (X_3))((((X_0)(X_0))/(X_2))/(((X_0)(X_0))/(X_2)))
1.2201743927488817e-14	12	((X_2 - ((X_1)(X_1)))/(1725.122455))(1725.122451) + X_3 - (X_2)
1.3280436598054118e-14	10	6919.165986 + X_3 + (X_2)/(X_2) + X_2 + X_2 + X_3 - (X_2 + X_3)
1.3281456138898937e-14	8	(X_2 + X_3)(19210018157108000.000000) - (19210018157108000.000000) + X_2 + X_2
1.3282287985339266e-14	5	((X_2)/(X_2))(X_3 + X_2)
1.3284096543053993e-14	3	X_3 + X_2
1.0	1	X_1
Performing migration between Islands
Evolution time 0:04:10.716332	 age 81000	 fitness 1.346e-14
Saving checkpoint: ML_project_3_81000.pkl
Saved successfully
Generation: 81000 	 Elapsed time: 6:04:31.790922 	 Best training fitness: 1.345908e-14 	 
Hall of Fame:
9.240959020267332e-15	16	(-35498090.786386)/((X_2)((((X_0)(X_0))/(X_2))/(((X_0)(X_0))/(X_2))) + (X_2 - ((X_0)(X_0)))(204900034.907217)) + (X_2 - (X_3))((((X_0)(X_0))/(X_2))/(((X_0)(X_0))/(X_2)))
1.2201743927488817e-14	12	((X_2 - ((X_1)(X_1)))/(1725.122455))(1725.122451) + X_3 - (X_2)
1.3280436598054118e-14	10	6919.165986 + X_3 + (X_2)/(X_2) + X_2 + X_2 + X_3 - (X_2 + X_3)
1.3281456138898937e-14	8	(X_2 + X_3)(19210018157108000.000000) - (19210018157108000.000000) + X_2 + X_2
1.3282287985339266e-14	5	((X_2)/(X_2))(X_3 + X_2)
1.3284096543053993e-14	3	X_3 + X_2
1.0	1	X_1
Performing migration between Islands
Evolution time 0:04:29.831453	 age 82000	 fitness 1.411e-14
Saving checkpoint: ML_project_3_82000.pkl
Saved successfully
Generation: 82000 	 Elapsed time: 6:09:01.767721 	 Best training fitness: 1.411182e-14 	 
Hall of Fame:
9.240959020267332e-15	16	(-35498090.786386)/((X_2)((((X_0)(X_0))/(X_2))/(((X_0)(X_0))/(X_2))) + (X_2 - ((X_0)(X_0)))(204900034.907217)) + (X_2 - (X_3))((((X_0)(X_0))/(X_2))/(((X_0)(X_0))/(X_2)))
1.2201743927488817e-14	12	((X_2 - ((X_1)(X_1)))/(1725.122455))(1725.122451) + X_3 - (X_2)
1.3280436598054118e-14	10	6919.165986 + X_3 + (X_2)/(X_2) + X_2 + X_2 + X_3 - (X_2 + X_3)
1.3281456138898937e-14	8	(X_2 + X_3)(19210018157108000.000000) - (19210018157108000.000000) + X_2 + X_2
1.3282287985339266e-14	5	((X_2)/(X_2))(X_3 + X_2)
1.3284096543053993e-14	3	X_3 + X_2
1.0	1	X_1
Performing migration between Islands
Evolution time 0:04:29.756427	 age 83000	 fitness 1.372e-14
Saving checkpoint: ML_project_3_83000.pkl
Saved successfully
Generation: 83000 	 Elapsed time: 6:13:31.653593 	 Best training fitness: 1.372201e-14 	 
Hall of Fame:
9.240959020267332e-15	16	(-35498090.786386)/((X_2)((((X_0)(X_0))/(X_2))/(((X_0)(X_0))/(X_2))) + (X_2 - ((X_0)(X_0)))(204900034.907217)) + (X_2 - (X_3))((((X_0)(X_0))/(X_2))/(((X_0)(X_0))/(X_2)))
1.2201743927488817e-14	12	((X_2 - ((X_1)(X_1)))/(1725.122455))(1725.122451) + X_3 - (X_2)
1.3280436598054118e-14	10	6919.165986 + X_3 + (X_2)/(X_2) + X_2 + X_2 + X_3 - (X_2 + X_3)
1.3281456138898937e-14	8	(X_2 + X_3)(19210018157108000.000000) - (19210018157108000.000000) + X_2 + X_2
1.3282287985339266e-14	5	((X_2)/(X_2))(X_3 + X_2)
1.3284096543053993e-14	3	X_3 + X_2
1.0	1	X_1
Performing migration between Islands
Evolution time 0:04:38.296815	 age 84000	 fitness 1.349e-14
Saving checkpoint: ML_project_3_84000.pkl
Saved successfully
Generation: 84000 	 Elapsed time: 6:18:10.195811 	 Best training fitness: 1.348767e-14 	 
Hall of Fame:
9.240959020267332e-15	16	(-35498090.786386)/((X_2)((((X_0)(X_0))/(X_2))/(((X_0)(X_0))/(X_2))) + (X_2 - ((X_0)(X_0)))(204900034.907217)) + (X_2 - (X_3))((((X_0)(X_0))/(X_2))/(((X_0)(X_0))/(X_2)))
1.2201743927488817e-14	12	((X_2 - ((X_1)(X_1)))/(1725.122455))(1725.122451) + X_3 - (X_2)
1.3280436598054118e-14	10	6919.165986 + X_3 + (X_2)/(X_2) + X_2 + X_2 + X_3 - (X_2 + X_3)
1.3281456138898937e-14	8	(X_2 + X_3)(19210018157108000.000000) - (19210018157108000.000000) + X_2 + X_2
1.3282287985339266e-14	5	((X_2)/(X_2))(X_3 + X_2)
1.3284096543053993e-14	3	X_3 + X_2
1.0	1	X_1
Performing migration between Islands
Evolution time 0:04:15.412339	 age 85000	 fitness 1.329e-14
Saving checkpoint: ML_project_3_85000.pkl
Saved successfully
Generation: 85000 	 Elapsed time: 6:22:25.737481 	 Best training fitness: 1.329132e-14 	 
Hall of Fame:
9.240959020267332e-15	16	(-35498090.786386)/((X_2)((((X_0)(X_0))/(X_2))/(((X_0)(X_0))/(X_2))) + (X_2 - ((X_0)(X_0)))(204900034.907217)) + (X_2 - (X_3))((((X_0)(X_0))/(X_2))/(((X_0)(X_0))/(X_2)))
1.2201743927488817e-14	12	((X_2 - ((X_1)(X_1)))/(1725.122455))(1725.122451) + X_3 - (X_2)
1.3280436598054118e-14	10	6919.165986 + X_3 + (X_2)/(X_2) + X_2 + X_2 + X_3 - (X_2 + X_3)
1.3281456138898937e-14	8	(X_2 + X_3)(19210018157108000.000000) - (19210018157108000.000000) + X_2 + X_2
1.3282287985339266e-14	5	((X_2)/(X_2))(X_3 + X_2)
1.3284096543053993e-14	3	X_3 + X_2
1.0	1	X_1
Performing migration between Islands
Evolution time 0:04:43.622720	 age 86000	 fitness 1.328e-14
Saving checkpoint: ML_project_3_86000.pkl
Saved successfully
Generation: 86000 	 Elapsed time: 6:27:09.476293 	 Best training fitness: 1.328269e-14 	 
Hall of Fame:
9.240959020267332e-15	16	(-35498090.786386)/((X_2)((((X_0)(X_0))/(X_2))/(((X_0)(X_0))/(X_2))) + (X_2 - ((X_0)(X_0)))(204900034.907217)) + (X_2 - (X_3))((((X_0)(X_0))/(X_2))/(((X_0)(X_0))/(X_2)))
1.2201743927488817e-14	12	((X_2 - ((X_1)(X_1)))/(1725.122455))(1725.122451) + X_3 - (X_2)
1.3280436598054118e-14	10	6919.165986 + X_3 + (X_2)/(X_2) + X_2 + X_2 + X_3 - (X_2 + X_3)
1.3281456138898937e-14	8	(X_2 + X_3)(19210018157108000.000000) - (19210018157108000.000000) + X_2 + X_2
1.3282287985339266e-14	5	((X_2)/(X_2))(X_3 + X_2)
1.3284096543053993e-14	3	X_3 + X_2
1.0	1	X_1
Performing migration between Islands
Evolution time 0:04:10.939800	 age 87000	 fitness 1.734e-14
Saving checkpoint: ML_project_3_87000.pkl
Saved successfully
Generation: 87000 	 Elapsed time: 6:31:20.550648 	 Best training fitness: 1.734343e-14 	 
Hall of Fame:
9.240959020267332e-15	16	(-35498090.786386)/((X_2)((((X_0)(X_0))/(X_2))/(((X_0)(X_0))/(X_2))) + (X_2 - ((X_0)(X_0)))(204900034.907217)) + (X_2 - (X_3))((((X_0)(X_0))/(X_2))/(((X_0)(X_0))/(X_2)))
1.2201743927488817e-14	12	((X_2 - ((X_1)(X_1)))/(1725.122455))(1725.122451) + X_3 - (X_2)
1.3280436598054118e-14	10	6919.165986 + X_3 + (X_2)/(X_2) + X_2 + X_2 + X_3 - (X_2 + X_3)
1.3280987423818357e-14	8	(X_3 - (X_3) + X_3)(X_3 + X_2) + X_2
1.3282287985339266e-14	5	((X_2)/(X_2))(X_3 + X_2)
1.3284096543053993e-14	3	X_3 + X_2
1.0	1	X_1
Performing migration between Islands
Evolution time 0:04:21.073250	 age 88000	 fitness 1.328e-14
Saving checkpoint: ML_project_3_88000.pkl
Saved successfully
Generation: 88000 	 Elapsed time: 6:35:41.740183 	 Best training fitness: 1.328353e-14 	 
Hall of Fame:
9.240959020267332e-15	16	(-35498090.786386)/((X_2)((((X_0)(X_0))/(X_2))/(((X_0)(X_0))/(X_2))) + (X_2 - ((X_0)(X_0)))(204900034.907217)) + (X_2 - (X_3))((((X_0)(X_0))/(X_2))/(((X_0)(X_0))/(X_2)))
1.2201743927488817e-14	12	((X_2 - ((X_1)(X_1)))/(1725.122455))(1725.122451) + X_3 - (X_2)
1.3280436598054118e-14	10	6919.165986 + X_3 + (X_2)/(X_2) + X_2 + X_2 + X_3 - (X_2 + X_3)
1.3280987423818357e-14	8	(X_3 - (X_3) + X_3)(X_3 + X_2) + X_2
1.3282287985339266e-14	5	((X_2)/(X_2))(X_3 + X_2)
1.3284096543053993e-14	3	X_3 + X_2
1.0	1	X_1
Performing migration between Islands
Evolution time 0:04:18.623298	 age 89000	 fitness 1.328e-14
Saving checkpoint: ML_project_3_89000.pkl
Saved successfully
Generation: 89000 	 Elapsed time: 6:40:00.479749 	 Best training fitness: 1.328410e-14 	 
Hall of Fame:
9.240959020267332e-15	16	(-35498090.786386)/((X_2)((((X_0)(X_0))/(X_2))/(((X_0)(X_0))/(X_2))) + (X_2 - ((X_0)(X_0)))(204900034.907217)) + (X_2 - (X_3))((((X_0)(X_0))/(X_2))/(((X_0)(X_0))/(X_2)))
1.2201743927488817e-14	12	((X_2 - ((X_1)(X_1)))/(1725.122455))(1725.122451) + X_3 - (X_2)
1.3280436598054118e-14	10	6919.165986 + X_3 + (X_2)/(X_2) + X_2 + X_2 + X_3 - (X_2 + X_3)
1.3280987423818357e-14	8	(X_3 - (X_3) + X_3)(X_3 + X_2) + X_2
1.3282287985339266e-14	5	((X_2)/(X_2))(X_3 + X_2)
1.3284096543053993e-14	3	X_3 + X_2
1.0	1	X_1
Performing migration between Islands
Evolution time 0:04:50.080070	 age 90000	 fitness 1.373e-14
Saving checkpoint: ML_project_3_90000.pkl
Saved successfully
Generation: 90000 	 Elapsed time: 6:44:50.701807 	 Best training fitness: 1.373052e-14 	 
Hall of Fame:
9.240959020267332e-15	16	(-35498090.786386)/((X_2)((((X_0)(X_0))/(X_2))/(((X_0)(X_0))/(X_2))) + (X_2 - ((X_0)(X_0)))(204900034.907217)) + (X_2 - (X_3))((((X_0)(X_0))/(X_2))/(((X_0)(X_0))/(X_2)))
1.2201743927488817e-14	12	((X_2 - ((X_1)(X_1)))/(1725.122455))(1725.122451) + X_3 - (X_2)
1.3280436598054118e-14	10	6919.165986 + X_3 + (X_2)/(X_2) + X_2 + X_2 + X_3 - (X_2 + X_3)
1.3280987423818357e-14	8	(X_3 - (X_3) + X_3)(X_3 + X_2) + X_2
1.3282287985339266e-14	5	((X_2)/(X_2))(X_3 + X_2)
1.3284096543053993e-14	3	X_3 + X_2
1.0	1	X_1
Performing migration between Islands
Evolution time 0:04:31.271428	 age 91000	 fitness 1.328e-14
Saving checkpoint: ML_project_3_91000.pkl
Saved successfully
Generation: 91000 	 Elapsed time: 6:49:22.089164 	 Best training fitness: 1.328410e-14 	 
Hall of Fame:
9.240959020267332e-15	16	(-35498090.786386)/((X_2)((((X_0)(X_0))/(X_2))/(((X_0)(X_0))/(X_2))) + (X_2 - ((X_0)(X_0)))(204900034.907217)) + (X_2 - (X_3))((((X_0)(X_0))/(X_2))/(((X_0)(X_0))/(X_2)))
1.2201743927488817e-14	12	((X_2 - ((X_1)(X_1)))/(1725.122455))(1725.122451) + X_3 - (X_2)
1.3280436598054118e-14	10	6919.165986 + X_3 + (X_2)/(X_2) + X_2 + X_2 + X_3 - (X_2 + X_3)
1.3280987423818357e-14	8	(X_3 - (X_3) + X_3)(X_3 + X_2) + X_2
1.3282287985339266e-14	5	((X_2)/(X_2))(X_3 + X_2)
1.3284096543053993e-14	3	X_3 + X_2
1.0	1	X_1
Performing migration between Islands
Evolution time 0:04:26.557699	 age 92000	 fitness 3.583e-14
Saving checkpoint: ML_project_3_92000.pkl
Saved successfully
Generation: 92000 	 Elapsed time: 6:53:48.773974 	 Best training fitness: 3.583158e-14 	 
Hall of Fame:
9.240959020267332e-15	16	(-35498090.786386)/((X_2)((((X_0)(X_0))/(X_2))/(((X_0)(X_0))/(X_2))) + (X_2 - ((X_0)(X_0)))(204900034.907217)) + (X_2 - (X_3))((((X_0)(X_0))/(X_2))/(((X_0)(X_0))/(X_2)))
1.2201743927488817e-14	12	((X_2 - ((X_1)(X_1)))/(1725.122455))(1725.122451) + X_3 - (X_2)
1.3280436598054118e-14	10	6919.165986 + X_3 + (X_2)/(X_2) + X_2 + X_2 + X_3 - (X_2 + X_3)
1.3280987423818357e-14	8	(X_3 - (X_3) + X_3)(X_3 + X_2) + X_2
1.3282287985339266e-14	5	((X_2)/(X_2))(X_3 + X_2)
1.3284096543053993e-14	3	X_3 + X_2
1.0	1	X_1
Performing migration between Islands
Evolution time 0:05:21.297287	 age 93000	 fitness 1.329e-14
Saving checkpoint: ML_project_3_93000.pkl
Saved successfully
Generation: 93000 	 Elapsed time: 6:59:10.367558 	 Best training fitness: 1.328666e-14 	 
Hall of Fame:
9.240959020267332e-15	16	(-35498090.786386)/((X_2)((((X_0)(X_0))/(X_2))/(((X_0)(X_0))/(X_2))) + (X_2 - ((X_0)(X_0)))(204900034.907217)) + (X_2 - (X_3))((((X_0)(X_0))/(X_2))/(((X_0)(X_0))/(X_2)))
1.2201743927488817e-14	12	((X_2 - ((X_1)(X_1)))/(1725.122455))(1725.122451) + X_3 - (X_2)
1.3280436598054118e-14	10	6919.165986 + X_3 + (X_2)/(X_2) + X_2 + X_2 + X_3 - (X_2 + X_3)
1.3280987423818357e-14	8	(X_3 - (X_3) + X_3)(X_3 + X_2) + X_2
1.3282287985339266e-14	5	((X_2)/(X_2))(X_3 + X_2)
1.3284096543053993e-14	3	X_3 + X_2
1.0	1	X_1
Performing migration between Islands
Evolution time 0:04:32.016634	 age 94000	 fitness 1.671e-13
Saving checkpoint: ML_project_3_94000.pkl
Saved successfully
Generation: 94000 	 Elapsed time: 7:03:42.521128 	 Best training fitness: 1.670922e-13 	 
Hall of Fame:
9.240959020267332e-15	16	(-35498090.786386)/((X_2)((((X_0)(X_0))/(X_2))/(((X_0)(X_0))/(X_2))) + (X_2 - ((X_0)(X_0)))(204900034.907217)) + (X_2 - (X_3))((((X_0)(X_0))/(X_2))/(((X_0)(X_0))/(X_2)))
1.2201743927488817e-14	12	((X_2 - ((X_1)(X_1)))/(1725.122455))(1725.122451) + X_3 - (X_2)
1.3280436598054118e-14	10	6919.165986 + X_3 + (X_2)/(X_2) + X_2 + X_2 + X_3 - (X_2 + X_3)
1.3280987423818357e-14	8	(X_3 - (X_3) + X_3)(X_3 + X_2) + X_2
1.3282287985339266e-14	5	((X_2)/(X_2))(X_3 + X_2)
1.3284096543053993e-14	3	X_3 + X_2
1.0	1	X_1
Performing migration between Islands
Evolution time 0:04:18.455340	 age 95000	 fitness 1.328e-14
Saving checkpoint: ML_project_3_95000.pkl
Saved successfully
Generation: 95000 	 Elapsed time: 7:08:01.107839 	 Best training fitness: 1.328410e-14 	 
Hall of Fame:
9.240959020267332e-15	16	(-35498090.786386)/((X_2)((((X_0)(X_0))/(X_2))/(((X_0)(X_0))/(X_2))) + (X_2 - ((X_0)(X_0)))(204900034.907217)) + (X_2 - (X_3))((((X_0)(X_0))/(X_2))/(((X_0)(X_0))/(X_2)))
1.2201743927488817e-14	12	((X_2 - ((X_1)(X_1)))/(1725.122455))(1725.122451) + X_3 - (X_2)
1.3280436598054118e-14	10	6919.165986 + X_3 + (X_2)/(X_2) + X_2 + X_2 + X_3 - (X_2 + X_3)
1.3280987423818357e-14	8	(X_3 - (X_3) + X_3)(X_3 + X_2) + X_2
1.3282287985339266e-14	5	((X_2)/(X_2))(X_3 + X_2)
1.3284096543053993e-14	3	X_3 + X_2
1.0	1	X_1
Performing migration between Islands
Evolution time 0:04:20.293674	 age 96000	 fitness 1.328e-14
Saving checkpoint: ML_project_3_96000.pkl
Saved successfully
Generation: 96000 	 Elapsed time: 7:12:21.540274 	 Best training fitness: 1.328410e-14 	 
Hall of Fame:
9.240959020267332e-15	16	(-35498090.786386)/((X_2)((((X_0)(X_0))/(X_2))/(((X_0)(X_0))/(X_2))) + (X_2 - ((X_0)(X_0)))(204900034.907217)) + (X_2 - (X_3))((((X_0)(X_0))/(X_2))/(((X_0)(X_0))/(X_2)))
1.2201743927488817e-14	12	((X_2 - ((X_1)(X_1)))/(1725.122455))(1725.122451) + X_3 - (X_2)
1.3280436598054118e-14	10	6919.165986 + X_3 + (X_2)/(X_2) + X_2 + X_2 + X_3 - (X_2 + X_3)
1.3280987423818357e-14	8	(X_3 - (X_3) + X_3)(X_3 + X_2) + X_2
1.3282287985339266e-14	5	((X_2)/(X_2))(X_3 + X_2)
1.3284096543053993e-14	3	X_3 + X_2
1.0	1	X_1
Performing migration between Islands
Evolution time 0:03:57.718465	 age 97000	 fitness 3.133e-04
Saving checkpoint: ML_project_3_97000.pkl
Saved successfully
Generation: 97000 	 Elapsed time: 7:16:19.869691 	 Best training fitness: 3.133042e-04 	 
Hall of Fame:
9.240959020267332e-15	16	(-35498090.786386)/((X_2)((((X_0)(X_0))/(X_2))/(((X_0)(X_0))/(X_2))) + (X_2 - ((X_0)(X_0)))(204900034.907217)) + (X_2 - (X_3))((((X_0)(X_0))/(X_2))/(((X_0)(X_0))/(X_2)))
1.2201743927488817e-14	12	((X_2 - ((X_1)(X_1)))/(1725.122455))(1725.122451) + X_3 - (X_2)
1.3280436598054118e-14	10	6919.165986 + X_3 + (X_2)/(X_2) + X_2 + X_2 + X_3 - (X_2 + X_3)
1.3280987423818357e-14	8	(X_3 - (X_3) + X_3)(X_3 + X_2) + X_2
1.3282287985339266e-14	5	((X_2)/(X_2))(X_3 + X_2)
1.3284096543053993e-14	3	X_3 + X_2
1.0	1	X_1
Performing migration between Islands
Evolution time 0:05:12.517518	 age 98000	 fitness 2.275e-13
Saving checkpoint: ML_project_3_98000.pkl
Saved successfully
Generation: 98000 	 Elapsed time: 7:21:32.504494 	 Best training fitness: 2.275160e-13 	 
Hall of Fame:
9.240959020267332e-15	16	(-35498090.786386)/((X_2)((((X_0)(X_0))/(X_2))/(((X_0)(X_0))/(X_2))) + (X_2 - ((X_0)(X_0)))(204900034.907217)) + (X_2 - (X_3))((((X_0)(X_0))/(X_2))/(((X_0)(X_0))/(X_2)))
1.2201743927488817e-14	12	((X_2 - ((X_1)(X_1)))/(1725.122455))(1725.122451) + X_3 - (X_2)
1.3280436598054118e-14	10	6919.165986 + X_3 + (X_2)/(X_2) + X_2 + X_2 + X_3 - (X_2 + X_3)
1.3280987423818357e-14	8	(X_3 - (X_3) + X_3)(X_3 + X_2) + X_2
1.3282287985339266e-14	5	((X_2)/(X_2))(X_3 + X_2)
1.3284096543053993e-14	3	X_3 + X_2
1.0	1	X_1
Performing migration between Islands
Evolution time 0:04:35.880751	 age 99000	 fitness 4.093e-14
Saving checkpoint: ML_project_3_99000.pkl
Saved successfully
Generation: 99000 	 Elapsed time: 7:26:08.520658 	 Best training fitness: 4.093150e-14 	 
Hall of Fame:
9.240959020267332e-15	16	(-35498090.786386)/((X_2)((((X_0)(X_0))/(X_2))/(((X_0)(X_0))/(X_2))) + (X_2 - ((X_0)(X_0)))(204900034.907217)) + (X_2 - (X_3))((((X_0)(X_0))/(X_2))/(((X_0)(X_0))/(X_2)))
1.2201743927488817e-14	12	((X_2 - ((X_1)(X_1)))/(1725.122455))(1725.122451) + X_3 - (X_2)
1.3280436598054118e-14	10	6919.165986 + X_3 + (X_2)/(X_2) + X_2 + X_2 + X_3 - (X_2 + X_3)
1.3280987423818357e-14	8	(X_3 - (X_3) + X_3)(X_3 + X_2) + X_2
1.3282287985339266e-14	5	((X_2)/(X_2))(X_3 + X_2)
1.3284096543053993e-14	3	X_3 + X_2
1.0	1	X_1
Performing migration between Islands
Evolution time 0:04:09.150650	 age 100000	 fitness 1.328e-14
Saving checkpoint: ML_project_3_100000.pkl
Saved successfully
Generation: 100000 	 Elapsed time: 7:30:17.792925 	 Best training fitness: 1.328410e-14 	 
Hall of Fame:
9.240959020267332e-15	16	(-35498090.786386)/((X_2)((((X_0)(X_0))/(X_2))/(((X_0)(X_0))/(X_2))) + (X_2 - ((X_0)(X_0)))(204900034.907217)) + (X_2 - (X_3))((((X_0)(X_0))/(X_2))/(((X_0)(X_0))/(X_2)))
1.2201743927488817e-14	12	((X_2 - ((X_1)(X_1)))/(1725.122455))(1725.122451) + X_3 - (X_2)
1.3280436598054118e-14	10	6919.165986 + X_3 + (X_2)/(X_2) + X_2 + X_2 + X_3 - (X_2 + X_3)
1.3280987423818357e-14	8	(X_3 - (X_3) + X_3)(X_3 + X_2) + X_2
1.3282287985339266e-14	5	((X_2)/(X_2))(X_3 + X_2)
1.3284096543053993e-14	3	X_3 + X_2
1.0	1	X_1
Evolution unsuccessful.
  The maximum number of generational steps (100000) occurred
Hall of Fame:
9.240959020267332e-15	16	(-35498090.786386)/((X_2)((((X_0)(X_0))/(X_2))/(((X_0)(X_0))/(X_2))) + (X_2 - ((X_0)(X_0)))(204900034.907217)) + (X_2 - (X_3))((((X_0)(X_0))/(X_2))/(((X_0)(X_0))/(X_2)))
1.2201743927488817e-14	12	((X_2 - ((X_1)(X_1)))/(1725.122455))(1725.122451) + X_3 - (X_2)
1.3280436598054118e-14	10	6919.165986 + X_3 + (X_2)/(X_2) + X_2 + X_2 + X_3 - (X_2 + X_3)
1.3280987423818357e-14	8	(X_3 - (X_3) + X_3)(X_3 + X_2) + X_2
1.3282287985339266e-14	5	((X_2)/(X_2))(X_3 + X_2)
1.3284096543053993e-14	3	X_3 + X_2
1.0	1	X_1
:::TRIAL RESULT:::
OptimizeResult(success=False, status=2, message='The maximum number of generational steps (100000) occurred', ngen=100000, fitness=1.3284096543053993e-14, time=27017.793955, ea_diagnostics=EaDiagnosticsSummary(beneficial_crossover_rate=0.04830069570457553, detrimental_crossover_rate=0.5744022419765887, beneficial_mutation_rate=0.1869337596789868, detrimental_mutation_rate=0.6804288535690775, beneficial_crossover_mutation_rate=0.041776247130035485, detrimental_crossover_mutation_rate=0.6186808599457316))


