Level 25:bingo.evolutionary_optimizers.evolutionary_optimizer:#generational_age, elapsed_time, fitness_evaluation_count, current_training_fitness, hall_of_fame_fitnesses
Level 25:bingo.evolutionary_optimizers.evolutionary_optimizer:#generational_age, elapsed_time, fitness_evaluation_count, current_training_fitness, hall_of_fame_fitnesses
Level 25:bingo.evolutionary_optimizers.evolutionary_optimizer:Generation: 0 	 Elapsed time: 0:00:04.552227 	 Best training fitness: 1.205433e-01 	 
Level 25:bingo.evolutionary_optimizers.evolutionary_optimizer:0, 4.552227e+00, 14141, 1.205433e-01
INFO:bingo.evolutionary_optimizers.parallel_archipelago:Evolution time 0:00:28.527176	 age 40	 fitness 1.204e-01
Level 25:bingo.evolutionary_optimizers.evolutionary_optimizer:Generation: 10 	 Elapsed time: 0:00:33.413857 	 Best training fitness: 1.203906e-01 	 
Level 25:bingo.evolutionary_optimizers.evolutionary_optimizer:10, 3.341386e+01, 117626, 1.203906e-01, 1.203906e-01, 1.204921e-01
INFO:bingo.evolutionary_optimizers.parallel_archipelago:Evolution time 0:00:56.644273	 age 70	 fitness 1.204e-01
Level 25:bingo.evolutionary_optimizers.evolutionary_optimizer:Generation: 20 	 Elapsed time: 0:01:30.406593 	 Best training fitness: 1.203674e-01 	 
Level 25:bingo.evolutionary_optimizers.evolutionary_optimizer:20, 9.040659e+01, 227304, 1.203674e-01, 1.203674e-01, 1.203866e-01, 1.203906e-01, 1.204485e-01, 1.204826e-01
INFO:bingo.evolutionary_optimizers.parallel_archipelago:Evolution time 0:00:26.559318	 age 100	 fitness 1.203e-01
Level 25:bingo.evolutionary_optimizers.evolutionary_optimizer:Generation: 30 	 Elapsed time: 0:01:57.362755 	 Best training fitness: 1.202741e-01 	 
Level 25:bingo.evolutionary_optimizers.evolutionary_optimizer:30, 1.173628e+02, 316663, 1.202741e-01, 1.202741e-01, 1.203345e-01, 1.203525e-01, 1.204099e-01
INFO:bingo.evolutionary_optimizers.parallel_archipelago:Evolution time 0:00:44.947147	 age 120	 fitness 1.200e-01
Level 25:bingo.evolutionary_optimizers.evolutionary_optimizer:Generation: 40 	 Elapsed time: 0:02:42.637142 	 Best training fitness: 1.200213e-01 	 
Level 25:bingo.evolutionary_optimizers.evolutionary_optimizer:40, 1.626371e+02, 417909, 1.200213e-01, 1.200213e-01, 1.202334e-01, 1.202773e-01
INFO:bingo.evolutionary_optimizers.parallel_archipelago:Evolution time 0:00:26.507031	 age 140	 fitness 1.201e-01
Level 25:bingo.evolutionary_optimizers.evolutionary_optimizer:Generation: 50 	 Elapsed time: 0:03:09.477696 	 Best training fitness: 1.200721e-01 	 
Level 25:bingo.evolutionary_optimizers.evolutionary_optimizer:50, 1.894777e+02, 504585, 1.200721e-01, 1.200213e-01, 1.201424e-01, 1.202194e-01, 1.202773e-01
INFO:bingo.evolutionary_optimizers.parallel_archipelago:Evolution time 0:00:31.194224	 age 170	 fitness 1.200e-01
Level 25:bingo.evolutionary_optimizers.evolutionary_optimizer:Generation: 60 	 Elapsed time: 0:03:41.003294 	 Best training fitness: 1.199983e-01 	 
Level 25:bingo.evolutionary_optimizers.evolutionary_optimizer:60, 2.210033e+02, 605623, 1.199983e-01, 1.199983e-01, 1.202194e-01, 1.202773e-01
INFO:bingo.evolutionary_optimizers.parallel_archipelago:Evolution time 0:00:46.872482	 age 200	 fitness 1.165e-01
Level 25:bingo.evolutionary_optimizers.evolutionary_optimizer:Generation: 70 	 Elapsed time: 0:04:28.216796 	 Best training fitness: 1.165268e-01 	 
Level 25:bingo.evolutionary_optimizers.evolutionary_optimizer:70, 2.682168e+02, 730301, 1.165268e-01, 1.165268e-01, 1.197853e-01, 1.199688e-01, 1.202194e-01, 1.202773e-01
INFO:bingo.evolutionary_optimizers.parallel_archipelago:Evolution time 0:00:30.896628	 age 230	 fitness 1.145e-01
Level 25:bingo.evolutionary_optimizers.evolutionary_optimizer:Generation: 80 	 Elapsed time: 0:04:59.453264 	 Best training fitness: 1.144979e-01 	 
Level 25:bingo.evolutionary_optimizers.evolutionary_optimizer:80, 2.994533e+02, 850080, 1.144979e-01, 1.144979e-01, 1.197853e-01, 1.199688e-01, 1.202194e-01, 1.202773e-01
INFO:bingo.evolutionary_optimizers.parallel_archipelago:Evolution time 0:00:43.714500	 age 260	 fitness 9.424e-02
Level 25:bingo.evolutionary_optimizers.evolutionary_optimizer:Generation: 90 	 Elapsed time: 0:05:43.508923 	 Best training fitness: 9.424112e-02 	 
Level 25:bingo.evolutionary_optimizers.evolutionary_optimizer:90, 3.435089e+02, 992295, 9.424112e-02, 9.424112e-02, 1.061714e-01, 1.144979e-01, 1.197287e-01, 1.197853e-01, 1.199688e-01, 1.202194e-01, 1.202773e-01
INFO:bingo.evolutionary_optimizers.parallel_archipelago:Evolution time 0:00:32.978908	 age 300	 fitness 8.683e-02
Level 25:bingo.evolutionary_optimizers.evolutionary_optimizer:Generation: 100 	 Elapsed time: 0:06:16.882724 	 Best training fitness: 8.682580e-02 	 
Level 25:bingo.evolutionary_optimizers.evolutionary_optimizer:100, 3.768827e+02, 1111788, 8.682580e-02, 8.682580e-02, 9.006296e-02, 1.061714e-01, 1.139309e-01, 1.199688e-01, 1.202194e-01, 1.202773e-01
INFO:bingo.evolutionary_optimizers.parallel_archipelago:Evolution time 0:00:33.422403	 age 320	 fitness 8.645e-02
Level 25:bingo.evolutionary_optimizers.evolutionary_optimizer:Generation: 110 	 Elapsed time: 0:06:50.648041 	 Best training fitness: 8.645342e-02 	 
Level 25:bingo.evolutionary_optimizers.evolutionary_optimizer:110, 4.106480e+02, 1207707, 8.645342e-02, 8.645342e-02, 9.006296e-02, 1.060376e-01, 1.061714e-01, 1.139309e-01, 1.199688e-01, 1.202194e-01, 1.202773e-01
INFO:bingo.evolutionary_optimizers.parallel_archipelago:Evolution time 0:00:35.409108	 age 350	 fitness 7.732e-02
Level 25:bingo.evolutionary_optimizers.evolutionary_optimizer:Generation: 120 	 Elapsed time: 0:07:26.402520 	 Best training fitness: 7.732117e-02 	 
Level 25:bingo.evolutionary_optimizers.evolutionary_optimizer:120, 4.464025e+02, 1325569, 7.732117e-02, 7.732117e-02, 1.010069e-01, 1.061714e-01, 1.139309e-01, 1.199688e-01, 1.202194e-01, 1.202335e-01
INFO:bingo.evolutionary_optimizers.parallel_archipelago:Evolution time 0:00:46.786621	 age 380	 fitness 6.318e-02
Level 25:bingo.evolutionary_optimizers.evolutionary_optimizer:Generation: 130 	 Elapsed time: 0:08:13.544396 	 Best training fitness: 6.317944e-02 	 
Level 25:bingo.evolutionary_optimizers.evolutionary_optimizer:130, 4.935444e+02, 1467548, 6.317944e-02, 6.317944e-02, 7.725544e-02, 7.732117e-02, 1.007245e-01, 1.061714e-01, 1.139309e-01, 1.199688e-01, 1.202194e-01, 1.202335e-01
INFO:bingo.evolutionary_optimizers.parallel_archipelago:Evolution time 0:00:49.558920	 age 400	 fitness 6.319e-02
Level 25:bingo.evolutionary_optimizers.evolutionary_optimizer:Generation: 140 	 Elapsed time: 0:09:03.490952 	 Best training fitness: 6.319285e-02 	 
Level 25:bingo.evolutionary_optimizers.evolutionary_optimizer:140, 5.434910e+02, 1585166, 6.319285e-02, 6.317944e-02, 7.702631e-02, 7.732117e-02, 1.007245e-01, 1.061714e-01, 1.139309e-01, 1.199688e-01, 1.202194e-01, 1.202335e-01
INFO:bingo.evolutionary_optimizers.parallel_archipelago:Evolution time 0:00:35.114680	 age 430	 fitness 6.313e-02
Level 25:bingo.evolutionary_optimizers.evolutionary_optimizer:Generation: 150 	 Elapsed time: 0:09:38.973060 	 Best training fitness: 6.313056e-02 	 
Level 25:bingo.evolutionary_optimizers.evolutionary_optimizer:150, 5.789731e+02, 1709096, 6.313056e-02, 6.313056e-02, 6.968013e-02, 7.702631e-02, 7.732117e-02, 1.007245e-01, 1.009393e-01, 1.139309e-01, 1.199688e-01, 1.202194e-01, 1.202335e-01
INFO:bingo.evolutionary_optimizers.parallel_archipelago:Evolution time 0:00:31.070839	 age 460	 fitness 6.315e-02
Level 25:bingo.evolutionary_optimizers.evolutionary_optimizer:Generation: 160 	 Elapsed time: 0:10:10.417618 	 Best training fitness: 6.315268e-02 	 
Level 25:bingo.evolutionary_optimizers.evolutionary_optimizer:160, 6.104176e+02, 1823917, 6.315268e-02, 6.313056e-02, 6.957387e-02, 7.702631e-02, 7.732117e-02, 7.734221e-02, 1.009393e-01, 1.139309e-01, 1.199688e-01, 1.202194e-01, 1.202335e-01
INFO:bingo.evolutionary_optimizers.parallel_archipelago:Evolution time 0:01:12.062379	 age 490	 fitness 6.314e-02
Level 25:bingo.evolutionary_optimizers.evolutionary_optimizer:Generation: 170 	 Elapsed time: 0:11:22.901525 	 Best training fitness: 6.313589e-02 	 
Level 25:bingo.evolutionary_optimizers.evolutionary_optimizer:170, 6.829015e+02, 1980082, 6.313589e-02, 6.313056e-02, 6.957387e-02, 7.702631e-02, 7.732117e-02, 7.734221e-02, 1.009393e-01, 1.055618e-01, 1.139309e-01, 1.199688e-01, 1.202194e-01, 1.202335e-01
INFO:bingo.evolutionary_optimizers.parallel_archipelago:Evolution time 0:00:46.353114	 age 510	 fitness 6.217e-02
Level 25:bingo.evolutionary_optimizers.evolutionary_optimizer:Generation: 180 	 Elapsed time: 0:12:09.649211 	 Best training fitness: 6.216745e-02 	 
Level 25:bingo.evolutionary_optimizers.evolutionary_optimizer:180, 7.296492e+02, 2101837, 6.216745e-02, 6.216745e-02, 6.310747e-02, 6.957387e-02, 7.702631e-02, 7.732117e-02, 7.734221e-02, 1.009393e-01, 1.049574e-01, 1.139309e-01, 1.199688e-01, 1.202194e-01, 1.202335e-01
INFO:bingo.evolutionary_optimizers.parallel_archipelago:Evolution time 0:00:48.497908	 age 540	 fitness 6.220e-02
Level 25:bingo.evolutionary_optimizers.evolutionary_optimizer:Generation: 190 	 Elapsed time: 0:12:58.543496 	 Best training fitness: 6.220393e-02 	 
Level 25:bingo.evolutionary_optimizers.evolutionary_optimizer:190, 7.785435e+02, 2256463, 6.220393e-02, 6.216745e-02, 6.310747e-02, 6.957387e-02, 7.702631e-02, 7.732117e-02, 7.734221e-02, 1.009393e-01, 1.047226e-01, 1.048606e-01, 1.139309e-01, 1.199688e-01, 1.202194e-01, 1.202335e-01
INFO:bingo.evolutionary_optimizers.parallel_archipelago:Evolution time 0:00:50.559211	 age 570	 fitness 6.132e-02
Level 25:bingo.evolutionary_optimizers.evolutionary_optimizer:Generation: 200 	 Elapsed time: 0:13:49.504334 	 Best training fitness: 6.131702e-02 	 
Level 25:bingo.evolutionary_optimizers.evolutionary_optimizer:200, 8.295043e+02, 2426151, 6.131702e-02, 6.131702e-02, 6.148460e-02, 6.216717e-02, 6.310747e-02, 6.957387e-02, 7.702631e-02, 7.732117e-02, 7.734221e-02, 1.009393e-01, 1.047226e-01, 1.048606e-01, 1.139309e-01, 1.199688e-01, 1.202194e-01, 1.202335e-01
INFO:bingo.evolutionary_optimizers.parallel_archipelago:Evolution time 0:00:37.065963	 age 600	 fitness 6.068e-02
Level 25:bingo.evolutionary_optimizers.evolutionary_optimizer:Generation: 210 	 Elapsed time: 0:14:26.967271 	 Best training fitness: 6.067928e-02 	 
Level 25:bingo.evolutionary_optimizers.evolutionary_optimizer:210, 8.669673e+02, 2557255, 6.067928e-02, 6.067928e-02, 6.216717e-02, 6.310747e-02, 6.957387e-02, 7.179820e-02, 7.732117e-02, 7.734221e-02, 1.009393e-01, 1.047226e-01, 1.048606e-01, 1.139309e-01, 1.199688e-01, 1.202194e-01, 1.202335e-01
INFO:bingo.evolutionary_optimizers.parallel_archipelago:Evolution time 0:00:29.899255	 age 620	 fitness 5.910e-02
Level 25:bingo.evolutionary_optimizers.evolutionary_optimizer:Generation: 220 	 Elapsed time: 0:14:57.265015 	 Best training fitness: 5.909515e-02 	 
Level 25:bingo.evolutionary_optimizers.evolutionary_optimizer:220, 8.972650e+02, 2663356, 5.909515e-02, 5.909515e-02, 6.052454e-02, 6.146500e-02, 6.310747e-02, 6.957387e-02, 7.179820e-02, 7.732117e-02, 7.734221e-02, 1.009393e-01, 1.047226e-01, 1.048606e-01, 1.139309e-01, 1.199688e-01, 1.202194e-01, 1.202335e-01
INFO:bingo.evolutionary_optimizers.parallel_archipelago:Evolution time 0:00:45.906503	 age 640	 fitness 5.717e-02
Level 25:bingo.evolutionary_optimizers.evolutionary_optimizer:Generation: 230 	 Elapsed time: 0:15:43.582291 	 Best training fitness: 5.716563e-02 	 
Level 25:bingo.evolutionary_optimizers.evolutionary_optimizer:230, 9.435823e+02, 2799381, 5.716563e-02, 5.716563e-02, 6.012735e-02, 6.957387e-02, 7.179820e-02, 7.732117e-02, 7.734221e-02, 1.009393e-01, 1.047226e-01, 1.048606e-01, 1.139309e-01, 1.199688e-01, 1.202194e-01, 1.202335e-01
INFO:bingo.evolutionary_optimizers.parallel_archipelago:Evolution time 0:01:10.036698	 age 670	 fitness 5.628e-02
Level 25:bingo.evolutionary_optimizers.evolutionary_optimizer:Generation: 240 	 Elapsed time: 0:16:54.067129 	 Best training fitness: 5.628491e-02 	 
Level 25:bingo.evolutionary_optimizers.evolutionary_optimizer:240, 1.014067e+03, 2958922, 5.628491e-02, 5.628491e-02, 5.641050e-02, 5.676707e-02, 5.996478e-02, 6.957387e-02, 7.179820e-02, 7.504636e-02, 7.734221e-02, 1.009393e-01, 1.047226e-01, 1.048606e-01, 1.139309e-01, 1.199688e-01, 1.202194e-01, 1.202335e-01
INFO:bingo.evolutionary_optimizers.parallel_archipelago:Evolution time 0:01:22.282443	 age 690	 fitness 5.609e-02
Level 25:bingo.evolutionary_optimizers.evolutionary_optimizer:Generation: 250 	 Elapsed time: 0:18:16.750637 	 Best training fitness: 5.609384e-02 	 
Level 25:bingo.evolutionary_optimizers.evolutionary_optimizer:250, 1.096751e+03, 3121593, 5.609384e-02, 5.609384e-02, 5.996478e-02, 6.355409e-02, 7.179820e-02, 7.487878e-02, 7.734221e-02, 1.009393e-01, 1.047226e-01, 1.048606e-01, 1.139309e-01, 1.199688e-01, 1.202194e-01, 1.202335e-01
INFO:bingo.evolutionary_optimizers.parallel_archipelago:Evolution time 0:01:18.711458	 age 710	 fitness 5.207e-02
Level 25:bingo.evolutionary_optimizers.evolutionary_optimizer:Generation: 260 	 Elapsed time: 0:19:35.843410 	 Best training fitness: 5.207389e-02 	 
Level 25:bingo.evolutionary_optimizers.evolutionary_optimizer:260, 1.175843e+03, 3281418, 5.207389e-02, 5.207389e-02, 5.240360e-02, 5.605223e-02, 5.996478e-02, 6.021798e-02, 7.487878e-02, 7.734221e-02, 1.001839e-01, 1.047226e-01, 1.048606e-01, 1.139309e-01, 1.199688e-01, 1.202194e-01, 1.202335e-01
INFO:bingo.evolutionary_optimizers.parallel_archipelago:Evolution time 0:01:18.264941	 age 730	 fitness 4.908e-02
Level 25:bingo.evolutionary_optimizers.evolutionary_optimizer:Generation: 270 	 Elapsed time: 0:20:54.494274 	 Best training fitness: 4.908010e-02 	 
Level 25:bingo.evolutionary_optimizers.evolutionary_optimizer:270, 1.254494e+03, 3429499, 4.908010e-02, 4.908010e-02, 5.212616e-02, 5.599973e-02, 5.995422e-02, 6.021798e-02, 7.487878e-02, 7.734221e-02, 1.001839e-01, 1.047226e-01, 1.048606e-01, 1.139309e-01, 1.163767e-01, 1.202194e-01, 1.202335e-01
INFO:bingo.evolutionary_optimizers.parallel_archipelago:Evolution time 0:00:41.069258	 age 760	 fitness 4.896e-02
Level 25:bingo.evolutionary_optimizers.evolutionary_optimizer:Generation: 280 	 Elapsed time: 0:21:35.935159 	 Best training fitness: 4.895668e-02 	 
Level 25:bingo.evolutionary_optimizers.evolutionary_optimizer:280, 1.295935e+03, 3584278, 4.895668e-02, 4.895668e-02, 5.180165e-02, 5.599973e-02, 5.995422e-02, 6.021798e-02, 7.487878e-02, 7.734221e-02, 1.001839e-01, 1.040478e-01, 1.048606e-01, 1.139309e-01, 1.163767e-01, 1.202194e-01, 1.202335e-01
INFO:bingo.evolutionary_optimizers.parallel_archipelago:Evolution time 0:01:09.155889	 age 790	 fitness 4.894e-02
Level 25:bingo.evolutionary_optimizers.evolutionary_optimizer:Generation: 290 	 Elapsed time: 0:22:45.478224 	 Best training fitness: 4.893885e-02 	 
Level 25:bingo.evolutionary_optimizers.evolutionary_optimizer:290, 1.365478e+03, 3777861, 4.893885e-02, 4.893885e-02, 5.180165e-02, 5.599973e-02, 5.995422e-02, 6.021798e-02, 7.487878e-02, 7.734221e-02, 1.001839e-01, 1.040478e-01, 1.048606e-01, 1.139309e-01, 1.159956e-01, 1.202194e-01, 1.202335e-01
INFO:bingo.evolutionary_optimizers.parallel_archipelago:Evolution time 0:01:03.959972	 age 820	 fitness 4.892e-02
Level 25:bingo.evolutionary_optimizers.evolutionary_optimizer:Generation: 300 	 Elapsed time: 0:23:49.851496 	 Best training fitness: 4.891620e-02 	 
Level 25:bingo.evolutionary_optimizers.evolutionary_optimizer:300, 1.429851e+03, 3957197, 4.891620e-02, 4.891620e-02, 5.180165e-02, 5.599973e-02, 5.995422e-02, 6.021798e-02, 7.487878e-02, 7.734221e-02, 9.788256e-02, 1.040026e-01, 1.158989e-01, 1.202194e-01, 1.202335e-01
INFO:bingo.evolutionary_optimizers.parallel_archipelago:Evolution time 0:01:15.443348	 age 840	 fitness 3.129e-02
Level 25:bingo.evolutionary_optimizers.evolutionary_optimizer:Generation: 310 	 Elapsed time: 0:25:05.657484 	 Best training fitness: 3.128905e-02 	 
Level 25:bingo.evolutionary_optimizers.evolutionary_optimizer:310, 1.505657e+03, 4112469, 3.128905e-02, 3.128905e-02, 9.788256e-02, 1.040026e-01, 1.158989e-01, 1.202194e-01, 1.202335e-01
INFO:bingo.evolutionary_optimizers.parallel_archipelago:Evolution time 0:00:46.162537	 age 860	 fitness 7.110e-17
Level 25:bingo.evolutionary_optimizers.evolutionary_optimizer:Generation: 320 	 Elapsed time: 0:25:52.163764 	 Best training fitness: 7.109543e-17 	 
Level 25:bingo.evolutionary_optimizers.evolutionary_optimizer:320, 1.552164e+03, 4268803, 7.109543e-17, 7.109543e-17, 1.202194e-01, 1.202335e-01
Level 25:bingo.evolutionary_optimizers.evolutionary_optimizer:Evolution successfully converged.
Level 25:bingo.evolutionary_optimizers.evolutionary_optimizer:  Absolte convergence occurred with best fitness < 1e-10
Level 25:bingo.evolutionary_optimizers.evolutionary_optimizer:Hall of Fame:
7.109542512023842e-17	7	sin(log((X_1)(X_1) + (X_0)(X_0)))
0.1202194377185484	4	log(0.436309 + log(0.436309))
0.12023353829308704	1	-0.933941
