Level 25:bingo.evolutionary_optimizers.evolutionary_optimizer:#generational_age, elapsed_time, fitness_evaluation_count, current_training_fitness, hall_of_fame_fitnesses
Level 25:bingo.evolutionary_optimizers.evolutionary_optimizer:#generational_age, elapsed_time, fitness_evaluation_count, current_training_fitness, hall_of_fame_fitnesses
Level 25:bingo.evolutionary_optimizers.evolutionary_optimizer:Generation: 0 	 Elapsed time: 0:00:03.988328 	 Best training fitness: 4.924674e-02 	 
Level 25:bingo.evolutionary_optimizers.evolutionary_optimizer:0, 3.988328e+00, 11660, 4.924674e-02
INFO:bingo.evolutionary_optimizers.parallel_archipelago:Evolution time 0:00:21.349616	 age 20	 fitness 4.827e-02
Level 25:bingo.evolutionary_optimizers.evolutionary_optimizer:Generation: 10 	 Elapsed time: 0:00:25.546448 	 Best training fitness: 4.827361e-02 	 
Level 25:bingo.evolutionary_optimizers.evolutionary_optimizer:10, 2.554645e+01, 92030, 4.827361e-02, 4.827361e-02, 4.843547e-02
INFO:bingo.evolutionary_optimizers.parallel_archipelago:Evolution time 0:00:31.402466	 age 40	 fitness 4.816e-02
Level 25:bingo.evolutionary_optimizers.evolutionary_optimizer:Generation: 20 	 Elapsed time: 0:00:57.141628 	 Best training fitness: 4.816274e-02 	 
Level 25:bingo.evolutionary_optimizers.evolutionary_optimizer:20, 5.714163e+01, 171500, 4.816274e-02, 4.816274e-02, 4.826653e-02, 4.843547e-02
INFO:bingo.evolutionary_optimizers.parallel_archipelago:Evolution time 0:00:36.769489	 age 80	 fitness 4.819e-02
Level 25:bingo.evolutionary_optimizers.evolutionary_optimizer:Generation: 30 	 Elapsed time: 0:01:34.148906 	 Best training fitness: 4.819206e-02 	 
Level 25:bingo.evolutionary_optimizers.evolutionary_optimizer:30, 9.414891e+01, 274496, 4.819206e-02, 4.816274e-02, 4.826653e-02, 4.843547e-02
INFO:bingo.evolutionary_optimizers.parallel_archipelago:Evolution time 0:00:23.672054	 age 90	 fitness 4.819e-02
Level 25:bingo.evolutionary_optimizers.evolutionary_optimizer:Generation: 40 	 Elapsed time: 0:01:58.012428 	 Best training fitness: 4.819206e-02 	 
Level 25:bingo.evolutionary_optimizers.evolutionary_optimizer:40, 1.180124e+02, 357231, 4.819206e-02, 4.816274e-02, 4.826653e-02, 4.843547e-02
INFO:bingo.evolutionary_optimizers.parallel_archipelago:Evolution time 0:00:24.911880	 age 110	 fitness 4.812e-02
Level 25:bingo.evolutionary_optimizers.evolutionary_optimizer:Generation: 50 	 Elapsed time: 0:02:23.115307 	 Best training fitness: 4.812242e-02 	 
Level 25:bingo.evolutionary_optimizers.evolutionary_optimizer:50, 1.431153e+02, 444949, 4.812242e-02, 4.812242e-02, 4.839158e-02, 4.843547e-02
INFO:bingo.evolutionary_optimizers.parallel_archipelago:Evolution time 0:00:27.541136	 age 130	 fitness 4.812e-02
Level 25:bingo.evolutionary_optimizers.evolutionary_optimizer:Generation: 60 	 Elapsed time: 0:02:50.844797 	 Best training fitness: 4.812242e-02 	 
Level 25:bingo.evolutionary_optimizers.evolutionary_optimizer:60, 1.708448e+02, 517390, 4.812242e-02, 4.812242e-02, 4.833998e-02, 4.836307e-02, 4.843547e-02
INFO:bingo.evolutionary_optimizers.parallel_archipelago:Evolution time 0:00:29.084996	 age 140	 fitness 4.838e-02
Level 25:bingo.evolutionary_optimizers.evolutionary_optimizer:Generation: 70 	 Elapsed time: 0:03:20.117335 	 Best training fitness: 4.838307e-02 	 
Level 25:bingo.evolutionary_optimizers.evolutionary_optimizer:70, 2.001173e+02, 605686, 4.838307e-02, 4.812242e-02, 4.833998e-02, 4.836307e-02, 4.843547e-02
INFO:bingo.evolutionary_optimizers.parallel_archipelago:Evolution time 0:00:23.316615	 age 150	 fitness 4.826e-02
Level 25:bingo.evolutionary_optimizers.evolutionary_optimizer:Generation: 80 	 Elapsed time: 0:03:43.623090 	 Best training fitness: 4.826496e-02 	 
Level 25:bingo.evolutionary_optimizers.evolutionary_optimizer:80, 2.236231e+02, 683813, 4.826496e-02, 4.812242e-02, 4.833998e-02, 4.834835e-02, 4.843547e-02
INFO:bingo.evolutionary_optimizers.parallel_archipelago:Evolution time 0:00:41.989317	 age 190	 fitness 4.825e-02
Level 25:bingo.evolutionary_optimizers.evolutionary_optimizer:Generation: 90 	 Elapsed time: 0:04:25.840941 	 Best training fitness: 4.824922e-02 	 
Level 25:bingo.evolutionary_optimizers.evolutionary_optimizer:90, 2.658409e+02, 789936, 4.824922e-02, 4.812242e-02, 4.824922e-02, 4.843547e-02
INFO:bingo.evolutionary_optimizers.parallel_archipelago:Evolution time 0:00:20.174788	 age 200	 fitness 4.825e-02
Level 25:bingo.evolutionary_optimizers.evolutionary_optimizer:Generation: 100 	 Elapsed time: 0:04:46.239388 	 Best training fitness: 4.824922e-02 	 
Level 25:bingo.evolutionary_optimizers.evolutionary_optimizer:100, 2.862394e+02, 862790, 4.824922e-02, 4.812242e-02, 4.824922e-02, 4.841425e-02
INFO:bingo.evolutionary_optimizers.parallel_archipelago:Evolution time 0:00:17.171620	 age 220	 fitness 4.827e-02
Level 25:bingo.evolutionary_optimizers.evolutionary_optimizer:Generation: 110 	 Elapsed time: 0:05:03.595746 	 Best training fitness: 4.826926e-02 	 
Level 25:bingo.evolutionary_optimizers.evolutionary_optimizer:110, 3.035957e+02, 939412, 4.826926e-02, 4.812242e-02, 4.824922e-02, 4.841425e-02
INFO:bingo.evolutionary_optimizers.parallel_archipelago:Evolution time 0:00:16.623257	 age 230	 fitness 4.830e-02
Level 25:bingo.evolutionary_optimizers.evolutionary_optimizer:Generation: 120 	 Elapsed time: 0:05:20.437252 	 Best training fitness: 4.829661e-02 	 
Level 25:bingo.evolutionary_optimizers.evolutionary_optimizer:120, 3.204373e+02, 1004537, 4.829661e-02, 4.812242e-02, 4.824922e-02, 4.841425e-02
INFO:bingo.evolutionary_optimizers.parallel_archipelago:Evolution time 0:00:14.962191	 age 240	 fitness 4.820e-02
Level 25:bingo.evolutionary_optimizers.evolutionary_optimizer:Generation: 130 	 Elapsed time: 0:05:35.582798 	 Best training fitness: 4.820137e-02 	 
Level 25:bingo.evolutionary_optimizers.evolutionary_optimizer:130, 3.355828e+02, 1064167, 4.820137e-02, 4.812242e-02, 4.824922e-02, 4.841425e-02
INFO:bingo.evolutionary_optimizers.parallel_archipelago:Evolution time 0:00:24.493867	 age 250	 fitness 4.822e-02
Level 25:bingo.evolutionary_optimizers.evolutionary_optimizer:Generation: 140 	 Elapsed time: 0:06:00.293309 	 Best training fitness: 4.822174e-02 	 
Level 25:bingo.evolutionary_optimizers.evolutionary_optimizer:140, 3.602933e+02, 1133176, 4.822174e-02, 4.812242e-02, 4.824922e-02, 4.841425e-02
INFO:bingo.evolutionary_optimizers.parallel_archipelago:Evolution time 0:00:27.167827	 age 260	 fitness 4.824e-02
Level 25:bingo.evolutionary_optimizers.evolutionary_optimizer:Generation: 150 	 Elapsed time: 0:06:27.644021 	 Best training fitness: 4.824008e-02 	 
Level 25:bingo.evolutionary_optimizers.evolutionary_optimizer:150, 3.876440e+02, 1221224, 4.824008e-02, 4.812242e-02, 4.824922e-02, 4.834295e-02
INFO:bingo.evolutionary_optimizers.parallel_archipelago:Evolution time 0:00:18.384586	 age 280	 fitness 4.815e-02
Level 25:bingo.evolutionary_optimizers.evolutionary_optimizer:Generation: 160 	 Elapsed time: 0:06:46.212619 	 Best training fitness: 4.814974e-02 	 
Level 25:bingo.evolutionary_optimizers.evolutionary_optimizer:160, 4.062126e+02, 1292286, 4.814974e-02, 4.812242e-02, 4.824922e-02, 4.834295e-02
INFO:bingo.evolutionary_optimizers.parallel_archipelago:Evolution time 0:00:21.597248	 age 290	 fitness 4.822e-02
Level 25:bingo.evolutionary_optimizers.evolutionary_optimizer:Generation: 170 	 Elapsed time: 0:07:08.054283 	 Best training fitness: 4.821516e-02 	 
Level 25:bingo.evolutionary_optimizers.evolutionary_optimizer:170, 4.280543e+02, 1350596, 4.821516e-02, 4.812242e-02, 4.824922e-02, 4.834295e-02
INFO:bingo.evolutionary_optimizers.parallel_archipelago:Evolution time 0:00:08.959961	 age 300	 fitness 4.130e-02
Level 25:bingo.evolutionary_optimizers.evolutionary_optimizer:Generation: 180 	 Elapsed time: 0:07:17.195927 	 Best training fitness: 4.129704e-02 	 
Level 25:bingo.evolutionary_optimizers.evolutionary_optimizer:180, 4.371959e+02, 1393498, 4.129704e-02, 4.129704e-02, 4.812242e-02, 4.824922e-02, 4.834295e-02
INFO:bingo.evolutionary_optimizers.parallel_archipelago:Evolution time 0:00:38.408275	 age 340	 fitness 3.523e-02
Level 25:bingo.evolutionary_optimizers.evolutionary_optimizer:Generation: 190 	 Elapsed time: 0:07:55.824412 	 Best training fitness: 3.523040e-02 	 
Level 25:bingo.evolutionary_optimizers.evolutionary_optimizer:190, 4.758244e+02, 1487555, 3.523040e-02, 3.523040e-02, 3.736761e-02, 3.879679e-02, 4.129704e-02, 4.812242e-02, 4.824922e-02, 4.834295e-02
INFO:bingo.evolutionary_optimizers.parallel_archipelago:Evolution time 0:00:23.542552	 age 350	 fitness 3.127e-02
Level 25:bingo.evolutionary_optimizers.evolutionary_optimizer:Generation: 200 	 Elapsed time: 0:08:19.554826 	 Best training fitness: 3.127238e-02 	 
Level 25:bingo.evolutionary_optimizers.evolutionary_optimizer:200, 4.995548e+02, 1560245, 3.127238e-02, 3.127238e-02, 3.879679e-02, 4.129704e-02, 4.812242e-02, 4.824922e-02, 4.834295e-02
INFO:bingo.evolutionary_optimizers.parallel_archipelago:Evolution time 0:00:26.752688	 age 360	 fitness 3.117e-02
Level 25:bingo.evolutionary_optimizers.evolutionary_optimizer:Generation: 210 	 Elapsed time: 0:08:46.522960 	 Best training fitness: 3.116729e-02 	 
Level 25:bingo.evolutionary_optimizers.evolutionary_optimizer:210, 5.265230e+02, 1632324, 3.116729e-02, 3.116729e-02, 3.879679e-02, 4.129704e-02, 4.812242e-02, 4.824922e-02, 4.834295e-02
INFO:bingo.evolutionary_optimizers.parallel_archipelago:Evolution time 0:00:34.929468	 age 390	 fitness 3.114e-02
Level 25:bingo.evolutionary_optimizers.evolutionary_optimizer:Generation: 220 	 Elapsed time: 0:09:21.639244 	 Best training fitness: 3.113639e-02 	 
Level 25:bingo.evolutionary_optimizers.evolutionary_optimizer:220, 5.616392e+02, 1723057, 3.113639e-02, 3.113639e-02, 3.879679e-02, 4.129704e-02, 4.812242e-02, 4.824922e-02, 4.834295e-02
INFO:bingo.evolutionary_optimizers.parallel_archipelago:Evolution time 0:00:37.108091	 age 420	 fitness 2.915e-02
Level 25:bingo.evolutionary_optimizers.evolutionary_optimizer:Generation: 230 	 Elapsed time: 0:09:58.939499 	 Best training fitness: 2.914908e-02 	 
Level 25:bingo.evolutionary_optimizers.evolutionary_optimizer:230, 5.989395e+02, 1818125, 2.914908e-02, 2.914908e-02, 3.110704e-02, 3.761424e-02, 3.879679e-02, 4.129704e-02, 4.812242e-02, 4.824922e-02, 4.834295e-02
INFO:bingo.evolutionary_optimizers.parallel_archipelago:Evolution time 0:00:40.516030	 age 430	 fitness 2.904e-02
Level 25:bingo.evolutionary_optimizers.evolutionary_optimizer:Generation: 240 	 Elapsed time: 0:10:39.677355 	 Best training fitness: 2.904129e-02 	 
Level 25:bingo.evolutionary_optimizers.evolutionary_optimizer:240, 6.396774e+02, 1931719, 2.904129e-02, 2.904129e-02, 2.905350e-02, 3.110704e-02, 3.761424e-02, 3.879679e-02, 4.129704e-02, 4.812242e-02, 4.824922e-02, 4.834295e-02
INFO:bingo.evolutionary_optimizers.parallel_archipelago:Evolution time 0:00:46.467810	 age 440	 fitness 2.892e-02
Level 25:bingo.evolutionary_optimizers.evolutionary_optimizer:Generation: 250 	 Elapsed time: 0:11:26.341211 	 Best training fitness: 2.891643e-02 	 
Level 25:bingo.evolutionary_optimizers.evolutionary_optimizer:250, 6.863412e+02, 2044812, 2.891643e-02, 2.891643e-02, 2.905350e-02, 3.106839e-02, 3.182557e-02, 3.761424e-02, 3.879679e-02, 4.129704e-02, 4.812242e-02, 4.824922e-02, 4.834295e-02
INFO:bingo.evolutionary_optimizers.parallel_archipelago:Evolution time 0:00:27.690194	 age 460	 fitness 2.720e-02
Level 25:bingo.evolutionary_optimizers.evolutionary_optimizer:Generation: 260 	 Elapsed time: 0:11:54.228128 	 Best training fitness: 2.720007e-02 	 
Level 25:bingo.evolutionary_optimizers.evolutionary_optimizer:260, 7.142281e+02, 2134098, 2.720007e-02, 2.720007e-02, 2.911544e-02, 3.879679e-02, 4.129704e-02, 4.812242e-02, 4.824922e-02, 4.834295e-02
INFO:bingo.evolutionary_optimizers.parallel_archipelago:Evolution time 0:00:25.067541	 age 470	 fitness 2.693e-02
Level 25:bingo.evolutionary_optimizers.evolutionary_optimizer:Generation: 270 	 Elapsed time: 0:12:19.487311 	 Best training fitness: 2.692971e-02 	 
Level 25:bingo.evolutionary_optimizers.evolutionary_optimizer:270, 7.394873e+02, 2217158, 2.692971e-02, 2.692971e-02, 2.693185e-02, 2.911544e-02, 3.879679e-02, 4.129704e-02, 4.812242e-02, 4.824922e-02, 4.834295e-02
INFO:bingo.evolutionary_optimizers.parallel_archipelago:Evolution time 0:00:23.593600	 age 480	 fitness 2.688e-02
Level 25:bingo.evolutionary_optimizers.evolutionary_optimizer:Generation: 280 	 Elapsed time: 0:12:43.277232 	 Best training fitness: 2.687718e-02 	 
Level 25:bingo.evolutionary_optimizers.evolutionary_optimizer:280, 7.632772e+02, 2299133, 2.687718e-02, 2.687718e-02, 2.911544e-02, 3.879679e-02, 4.129704e-02, 4.812242e-02, 4.824922e-02, 4.834295e-02
INFO:bingo.evolutionary_optimizers.parallel_archipelago:Evolution time 0:00:28.418623	 age 490	 fitness 2.232e-02
Level 25:bingo.evolutionary_optimizers.evolutionary_optimizer:Generation: 290 	 Elapsed time: 0:13:11.889014 	 Best training fitness: 2.231991e-02 	 
Level 25:bingo.evolutionary_optimizers.evolutionary_optimizer:290, 7.918890e+02, 2395663, 2.231991e-02, 2.231991e-02, 2.512358e-02, 2.679063e-02, 2.911544e-02, 3.879679e-02, 4.129704e-02, 4.812242e-02, 4.824922e-02, 4.828225e-02
INFO:bingo.evolutionary_optimizers.parallel_archipelago:Evolution time 0:00:29.077918	 age 510	 fitness 2.132e-02
Level 25:bingo.evolutionary_optimizers.evolutionary_optimizer:Generation: 300 	 Elapsed time: 0:13:41.161385 	 Best training fitness: 2.132476e-02 	 
Level 25:bingo.evolutionary_optimizers.evolutionary_optimizer:300, 8.211614e+02, 2502903, 2.132476e-02, 2.132476e-02, 2.512358e-02, 2.679063e-02, 2.911544e-02, 3.879679e-02, 4.129704e-02, 4.812242e-02, 4.824922e-02, 4.828225e-02
INFO:bingo.evolutionary_optimizers.parallel_archipelago:Evolution time 0:00:40.448910	 age 530	 fitness 2.138e-02
Level 25:bingo.evolutionary_optimizers.evolutionary_optimizer:Generation: 310 	 Elapsed time: 0:14:21.841891 	 Best training fitness: 2.137777e-02 	 
Level 25:bingo.evolutionary_optimizers.evolutionary_optimizer:310, 8.618419e+02, 2629852, 2.137777e-02, 2.132476e-02, 2.512358e-02, 2.527249e-02, 2.679063e-02, 2.911544e-02, 3.879679e-02, 4.129704e-02, 4.812242e-02, 4.824673e-02
INFO:bingo.evolutionary_optimizers.parallel_archipelago:Evolution time 0:01:00.563890	 age 540	 fitness 2.132e-02
Level 25:bingo.evolutionary_optimizers.evolutionary_optimizer:Generation: 320 	 Elapsed time: 0:15:22.612960 	 Best training fitness: 2.131555e-02 	 
Level 25:bingo.evolutionary_optimizers.evolutionary_optimizer:320, 9.226130e+02, 2752153, 2.131555e-02, 2.131555e-02, 2.501722e-02, 2.679063e-02, 2.911544e-02, 3.879679e-02, 4.129704e-02, 4.812242e-02, 4.824673e-02
INFO:bingo.evolutionary_optimizers.parallel_archipelago:Evolution time 0:00:54.363089	 age 580	 fitness 2.129e-02
Level 25:bingo.evolutionary_optimizers.evolutionary_optimizer:Generation: 330 	 Elapsed time: 0:16:17.177366 	 Best training fitness: 2.129136e-02 	 
Level 25:bingo.evolutionary_optimizers.evolutionary_optimizer:330, 9.771774e+02, 2882961, 2.129136e-02, 2.129136e-02, 2.158086e-02, 2.501722e-02, 2.679063e-02, 2.911544e-02, 3.879679e-02, 4.129704e-02, 4.812242e-02, 4.824673e-02
INFO:bingo.evolutionary_optimizers.parallel_archipelago:Evolution time 0:00:40.278859	 age 610	 fitness 2.124e-02
Level 25:bingo.evolutionary_optimizers.evolutionary_optimizer:Generation: 340 	 Elapsed time: 0:16:57.653355 	 Best training fitness: 2.123966e-02 	 
Level 25:bingo.evolutionary_optimizers.evolutionary_optimizer:340, 1.017653e+03, 3007164, 2.123966e-02, 2.123966e-02, 2.141979e-02, 2.501722e-02, 2.679063e-02, 2.911544e-02, 3.879679e-02, 4.129704e-02, 4.812242e-02, 4.824673e-02
INFO:bingo.evolutionary_optimizers.parallel_archipelago:Evolution time 0:00:38.959083	 age 630	 fitness 2.116e-02
Level 25:bingo.evolutionary_optimizers.evolutionary_optimizer:Generation: 350 	 Elapsed time: 0:17:36.811430 	 Best training fitness: 2.116424e-02 	 
Level 25:bingo.evolutionary_optimizers.evolutionary_optimizer:350, 1.056811e+03, 3119834, 2.116424e-02, 2.116424e-02, 2.117138e-02, 2.122670e-02, 2.133856e-02, 2.501722e-02, 2.679063e-02, 2.911544e-02, 3.879679e-02, 4.129704e-02, 4.812242e-02, 4.824673e-02
INFO:bingo.evolutionary_optimizers.parallel_archipelago:Evolution time 0:00:29.040705	 age 650	 fitness 2.120e-02
Level 25:bingo.evolutionary_optimizers.evolutionary_optimizer:Generation: 360 	 Elapsed time: 0:18:06.058242 	 Best training fitness: 2.120230e-02 	 
Level 25:bingo.evolutionary_optimizers.evolutionary_optimizer:360, 1.086058e+03, 3251280, 2.120230e-02, 2.116424e-02, 2.117138e-02, 2.122670e-02, 2.133856e-02, 2.501722e-02, 2.661752e-02, 2.741462e-02, 4.129704e-02, 4.812242e-02, 4.824673e-02
INFO:bingo.evolutionary_optimizers.parallel_archipelago:Evolution time 0:00:34.087172	 age 660	 fitness 2.113e-02
Level 25:bingo.evolutionary_optimizers.evolutionary_optimizer:Generation: 370 	 Elapsed time: 0:18:40.382470 	 Best training fitness: 2.113044e-02 	 
Level 25:bingo.evolutionary_optimizers.evolutionary_optimizer:370, 1.120382e+03, 3361211, 2.113044e-02, 2.113044e-02, 2.117138e-02, 2.122517e-02, 2.133856e-02, 2.501722e-02, 2.620822e-02, 2.661752e-02, 2.741462e-02, 4.129704e-02, 4.812242e-02, 4.824673e-02
INFO:bingo.evolutionary_optimizers.parallel_archipelago:Evolution time 0:00:29.877818	 age 680	 fitness 2.113e-02
Level 25:bingo.evolutionary_optimizers.evolutionary_optimizer:Generation: 380 	 Elapsed time: 0:19:10.462302 	 Best training fitness: 2.113374e-02 	 
Level 25:bingo.evolutionary_optimizers.evolutionary_optimizer:380, 1.150462e+03, 3464850, 2.113374e-02, 2.113044e-02, 2.115421e-02, 2.122517e-02, 2.133856e-02, 2.501722e-02, 2.620822e-02, 2.650806e-02, 2.740147e-02, 4.129704e-02, 4.812242e-02, 4.824673e-02
INFO:bingo.evolutionary_optimizers.parallel_archipelago:Evolution time 0:00:30.342901	 age 690	 fitness 1.962e-02
Level 25:bingo.evolutionary_optimizers.evolutionary_optimizer:Generation: 390 	 Elapsed time: 0:19:41.001584 	 Best training fitness: 1.961990e-02 	 
Level 25:bingo.evolutionary_optimizers.evolutionary_optimizer:390, 1.181002e+03, 3550657, 1.961990e-02, 1.961990e-02, 2.279889e-02, 2.740147e-02, 4.129704e-02, 4.812242e-02, 4.824673e-02
INFO:bingo.evolutionary_optimizers.parallel_archipelago:Evolution time 0:00:49.113397	 age 730	 fitness 1.952e-02
Level 25:bingo.evolutionary_optimizers.evolutionary_optimizer:Generation: 400 	 Elapsed time: 0:20:30.315603 	 Best training fitness: 1.951631e-02 	 
Level 25:bingo.evolutionary_optimizers.evolutionary_optimizer:400, 1.230316e+03, 3684897, 1.951631e-02, 1.951631e-02, 2.271748e-02, 2.740147e-02, 4.129704e-02, 4.812242e-02, 4.824673e-02
INFO:bingo.evolutionary_optimizers.parallel_archipelago:Evolution time 0:00:27.417217	 age 750	 fitness 1.776e-02
Level 25:bingo.evolutionary_optimizers.evolutionary_optimizer:Generation: 410 	 Elapsed time: 0:20:57.930790 	 Best training fitness: 1.776496e-02 	 
Level 25:bingo.evolutionary_optimizers.evolutionary_optimizer:410, 1.257931e+03, 3781189, 1.776496e-02, 1.776496e-02, 1.937235e-02, 2.269731e-02, 2.740147e-02, 4.129704e-02, 4.812242e-02, 4.824673e-02
INFO:bingo.evolutionary_optimizers.parallel_archipelago:Evolution time 0:00:25.772563	 age 760	 fitness 1.756e-02
Level 25:bingo.evolutionary_optimizers.evolutionary_optimizer:Generation: 420 	 Elapsed time: 0:21:23.928697 	 Best training fitness: 1.755963e-02 	 
Level 25:bingo.evolutionary_optimizers.evolutionary_optimizer:420, 1.283929e+03, 3874134, 1.755963e-02, 1.755963e-02, 1.775446e-02, 1.925108e-02, 2.269731e-02, 2.503039e-02, 2.740147e-02, 4.129704e-02, 4.812242e-02, 4.824673e-02
INFO:bingo.evolutionary_optimizers.parallel_archipelago:Evolution time 0:00:20.748412	 age 770	 fitness 1.747e-02
Level 25:bingo.evolutionary_optimizers.evolutionary_optimizer:Generation: 430 	 Elapsed time: 0:21:44.873670 	 Best training fitness: 1.746961e-02 	 
Level 25:bingo.evolutionary_optimizers.evolutionary_optimizer:430, 1.304874e+03, 3960413, 1.746961e-02, 1.746961e-02, 1.762790e-02, 1.775446e-02, 1.925108e-02, 2.269731e-02, 2.503039e-02, 2.740147e-02, 4.129704e-02, 4.812242e-02, 4.824673e-02
INFO:bingo.evolutionary_optimizers.parallel_archipelago:Evolution time 0:00:34.633828	 age 800	 fitness 1.680e-02
Level 25:bingo.evolutionary_optimizers.evolutionary_optimizer:Generation: 440 	 Elapsed time: 0:22:19.735551 	 Best training fitness: 1.680190e-02 	 
Level 25:bingo.evolutionary_optimizers.evolutionary_optimizer:440, 1.339736e+03, 4046347, 1.680190e-02, 1.680190e-02, 1.987873e-02, 2.269731e-02, 2.503039e-02, 2.740147e-02, 4.129704e-02, 4.812242e-02, 4.824673e-02
INFO:bingo.evolutionary_optimizers.parallel_archipelago:Evolution time 0:00:58.011128	 age 830	 fitness 1.672e-02
Level 25:bingo.evolutionary_optimizers.evolutionary_optimizer:Generation: 450 	 Elapsed time: 0:23:17.939116 	 Best training fitness: 1.672281e-02 	 
Level 25:bingo.evolutionary_optimizers.evolutionary_optimizer:450, 1.397939e+03, 4139486, 1.672281e-02, 1.672281e-02, 1.987873e-02, 2.269731e-02, 2.503039e-02, 2.740147e-02, 4.129704e-02, 4.812242e-02, 4.824673e-02
INFO:bingo.evolutionary_optimizers.parallel_archipelago:Evolution time 0:00:39.649495	 age 840	 fitness 1.666e-02
Level 25:bingo.evolutionary_optimizers.evolutionary_optimizer:Generation: 460 	 Elapsed time: 0:23:57.782054 	 Best training fitness: 1.665942e-02 	 
Level 25:bingo.evolutionary_optimizers.evolutionary_optimizer:460, 1.437782e+03, 4237243, 1.665942e-02, 1.665942e-02, 1.987873e-02, 2.269731e-02, 2.503039e-02, 2.740147e-02, 4.129704e-02, 4.812242e-02, 4.824673e-02
INFO:bingo.evolutionary_optimizers.parallel_archipelago:Evolution time 0:00:23.444812	 age 860	 fitness 1.665e-02
Level 25:bingo.evolutionary_optimizers.evolutionary_optimizer:Generation: 470 	 Elapsed time: 0:24:21.418776 	 Best training fitness: 1.664963e-02 	 
Level 25:bingo.evolutionary_optimizers.evolutionary_optimizer:470, 1.461419e+03, 4356586, 1.664963e-02, 1.664963e-02, 1.987873e-02, 2.269731e-02, 2.503039e-02, 2.740147e-02, 4.129704e-02, 4.812242e-02, 4.824673e-02
INFO:bingo.evolutionary_optimizers.parallel_archipelago:Evolution time 0:00:32.130042	 age 870	 fitness 1.663e-02
Level 25:bingo.evolutionary_optimizers.evolutionary_optimizer:Generation: 480 	 Elapsed time: 0:24:53.739360 	 Best training fitness: 1.663195e-02 	 
Level 25:bingo.evolutionary_optimizers.evolutionary_optimizer:480, 1.493739e+03, 4443657, 1.663195e-02, 1.663195e-02, 1.987873e-02, 2.269731e-02, 2.503039e-02, 2.740147e-02, 4.129704e-02, 4.812242e-02, 4.824673e-02
INFO:bingo.evolutionary_optimizers.parallel_archipelago:Evolution time 0:00:51.287476	 age 880	 fitness 1.663e-02
Level 25:bingo.evolutionary_optimizers.evolutionary_optimizer:Generation: 490 	 Elapsed time: 0:25:45.219461 	 Best training fitness: 1.663247e-02 	 
Level 25:bingo.evolutionary_optimizers.evolutionary_optimizer:490, 1.545219e+03, 4561752, 1.663247e-02, 1.663195e-02, 1.987873e-02, 2.269731e-02, 2.503039e-02, 2.740147e-02, 4.129704e-02, 4.812242e-02, 4.824673e-02
INFO:bingo.evolutionary_optimizers.parallel_archipelago:Evolution time 0:00:46.189433	 age 910	 fitness 1.665e-02
Level 25:bingo.evolutionary_optimizers.evolutionary_optimizer:Generation: 500 	 Elapsed time: 0:26:31.603425 	 Best training fitness: 1.664675e-02 	 
Level 25:bingo.evolutionary_optimizers.evolutionary_optimizer:500, 1.591603e+03, 4707703, 1.664675e-02, 1.663195e-02, 1.987873e-02, 2.269731e-02, 2.503039e-02, 2.740147e-02, 4.129704e-02, 4.812242e-02, 4.824673e-02
INFO:bingo.evolutionary_optimizers.parallel_archipelago:Evolution time 0:00:36.410658	 age 940	 fitness 1.663e-02
Level 25:bingo.evolutionary_optimizers.evolutionary_optimizer:Generation: 510 	 Elapsed time: 0:27:08.239026 	 Best training fitness: 1.662596e-02 	 
Level 25:bingo.evolutionary_optimizers.evolutionary_optimizer:510, 1.628239e+03, 4835310, 1.662596e-02, 1.662596e-02, 1.987873e-02, 2.269731e-02, 2.503039e-02, 2.740147e-02, 4.129704e-02, 4.812242e-02, 4.824673e-02
INFO:bingo.evolutionary_optimizers.parallel_archipelago:Evolution time 0:00:38.378474	 age 960	 fitness 1.663e-02
Level 25:bingo.evolutionary_optimizers.evolutionary_optimizer:Generation: 520 	 Elapsed time: 0:27:46.808557 	 Best training fitness: 1.662596e-02 	 
Level 25:bingo.evolutionary_optimizers.evolutionary_optimizer:520, 1.666809e+03, 4972662, 1.662596e-02, 1.662596e-02, 1.987873e-02, 2.072033e-02, 2.503039e-02, 2.740147e-02, 4.129704e-02, 4.812242e-02, 4.824673e-02
INFO:bingo.evolutionary_optimizers.parallel_archipelago:Evolution time 0:00:39.676022	 age 980	 fitness 1.663e-02
Level 25:bingo.evolutionary_optimizers.evolutionary_optimizer:Generation: 530 	 Elapsed time: 0:28:26.677067 	 Best training fitness: 1.662649e-02 	 
Level 25:bingo.evolutionary_optimizers.evolutionary_optimizer:530, 1.706677e+03, 5093311, 1.662649e-02, 1.662596e-02, 1.987873e-02, 2.072033e-02, 2.503039e-02, 2.740147e-02, 4.129704e-02, 4.812242e-02, 4.824673e-02
INFO:bingo.evolutionary_optimizers.parallel_archipelago:Evolution time 0:00:27.499518	 age 1000	 fitness 1.662e-02
Level 25:bingo.evolutionary_optimizers.evolutionary_optimizer:Generation: 540 	 Elapsed time: 0:28:54.368914 	 Best training fitness: 1.662043e-02 	 
Level 25:bingo.evolutionary_optimizers.evolutionary_optimizer:540, 1.734369e+03, 5183615, 1.662043e-02, 1.662043e-02, 1.987873e-02, 2.072033e-02, 2.503039e-02, 2.740147e-02, 4.129704e-02, 4.812242e-02, 4.824673e-02
INFO:bingo.evolutionary_optimizers.parallel_archipelago:Evolution time 0:00:35.735340	 age 1010	 fitness 1.663e-02
Level 25:bingo.evolutionary_optimizers.evolutionary_optimizer:Generation: 550 	 Elapsed time: 0:29:30.295711 	 Best training fitness: 1.663040e-02 	 
Level 25:bingo.evolutionary_optimizers.evolutionary_optimizer:550, 1.770296e+03, 5312471, 1.663040e-02, 1.662043e-02, 1.868184e-02, 2.503039e-02, 2.740147e-02, 4.129704e-02, 4.812242e-02, 4.824673e-02
INFO:bingo.evolutionary_optimizers.parallel_archipelago:Evolution time 0:00:52.562662	 age 1050	 fitness 1.663e-02
Level 25:bingo.evolutionary_optimizers.evolutionary_optimizer:Generation: 560 	 Elapsed time: 0:30:23.053012 	 Best training fitness: 1.662600e-02 	 
Level 25:bingo.evolutionary_optimizers.evolutionary_optimizer:560, 1.823053e+03, 5447357, 1.662600e-02, 1.662043e-02, 1.868184e-02, 2.276969e-02, 2.740147e-02, 4.129704e-02, 4.812242e-02, 4.824673e-02
INFO:bingo.evolutionary_optimizers.parallel_archipelago:Evolution time 0:00:15.387057	 age 1060	 fitness 1.664e-02
Level 25:bingo.evolutionary_optimizers.evolutionary_optimizer:Generation: 570 	 Elapsed time: 0:30:38.633392 	 Best training fitness: 1.664308e-02 	 
Level 25:bingo.evolutionary_optimizers.evolutionary_optimizer:570, 1.838633e+03, 5529013, 1.664308e-02, 1.662043e-02, 1.868184e-02, 2.276969e-02, 2.740147e-02, 4.129704e-02, 4.812242e-02, 4.824673e-02
INFO:bingo.evolutionary_optimizers.parallel_archipelago:Evolution time 0:00:28.561106	 age 1080	 fitness 1.665e-02
Level 25:bingo.evolutionary_optimizers.evolutionary_optimizer:Generation: 580 	 Elapsed time: 0:31:07.422276 	 Best training fitness: 1.664595e-02 	 
Level 25:bingo.evolutionary_optimizers.evolutionary_optimizer:580, 1.867422e+03, 5643265, 1.664595e-02, 1.662043e-02, 1.868184e-02, 2.276969e-02, 2.740147e-02, 4.129704e-02, 4.812242e-02, 4.824673e-02
INFO:bingo.evolutionary_optimizers.parallel_archipelago:Evolution time 0:00:28.051093	 age 1090	 fitness 1.662e-02
Level 25:bingo.evolutionary_optimizers.evolutionary_optimizer:Generation: 590 	 Elapsed time: 0:31:35.670469 	 Best training fitness: 1.661569e-02 	 
Level 25:bingo.evolutionary_optimizers.evolutionary_optimizer:590, 1.895670e+03, 5738258, 1.661569e-02, 1.661569e-02, 1.868184e-02, 2.276969e-02, 2.740147e-02, 4.129704e-02, 4.812242e-02, 4.824673e-02
INFO:bingo.evolutionary_optimizers.parallel_archipelago:Evolution time 0:00:55.859551	 age 1110	 fitness 1.662e-02
Level 25:bingo.evolutionary_optimizers.evolutionary_optimizer:Generation: 600 	 Elapsed time: 0:32:31.733904 	 Best training fitness: 1.662160e-02 	 
Level 25:bingo.evolutionary_optimizers.evolutionary_optimizer:600, 1.951734e+03, 5873491, 1.662160e-02, 1.661569e-02, 1.868184e-02, 2.276969e-02, 2.740147e-02, 4.129704e-02, 4.812242e-02, 4.824673e-02
INFO:bingo.evolutionary_optimizers.parallel_archipelago:Evolution time 0:00:45.745074	 age 1120	 fitness 1.662e-02
Level 25:bingo.evolutionary_optimizers.evolutionary_optimizer:Generation: 610 	 Elapsed time: 0:33:17.675980 	 Best training fitness: 1.661810e-02 	 
Level 25:bingo.evolutionary_optimizers.evolutionary_optimizer:610, 1.997676e+03, 5984009, 1.661810e-02, 1.661569e-02, 1.868184e-02, 2.276969e-02, 2.740147e-02, 4.129704e-02, 4.812242e-02, 4.824673e-02
INFO:bingo.evolutionary_optimizers.parallel_archipelago:Evolution time 0:00:36.368126	 age 1150	 fitness 1.662e-02
Level 25:bingo.evolutionary_optimizers.evolutionary_optimizer:Generation: 620 	 Elapsed time: 0:33:54.240964 	 Best training fitness: 1.662022e-02 	 
Level 25:bingo.evolutionary_optimizers.evolutionary_optimizer:620, 2.034241e+03, 6082338, 1.662022e-02, 1.661569e-02, 1.868184e-02, 2.270895e-02, 2.740147e-02, 4.129704e-02, 4.812242e-02, 4.824673e-02
INFO:bingo.evolutionary_optimizers.parallel_archipelago:Evolution time 0:00:45.040117	 age 1160	 fitness 1.662e-02
Level 25:bingo.evolutionary_optimizers.evolutionary_optimizer:Generation: 630 	 Elapsed time: 0:34:39.478098 	 Best training fitness: 1.662240e-02 	 
Level 25:bingo.evolutionary_optimizers.evolutionary_optimizer:630, 2.079478e+03, 6188086, 1.662240e-02, 1.661569e-02, 1.868184e-02, 2.270895e-02, 2.740147e-02, 4.129704e-02, 4.812242e-02, 4.824673e-02
INFO:bingo.evolutionary_optimizers.parallel_archipelago:Evolution time 0:00:31.445855	 age 1180	 fitness 1.665e-02
Level 25:bingo.evolutionary_optimizers.evolutionary_optimizer:Generation: 640 	 Elapsed time: 0:35:11.122778 	 Best training fitness: 1.664827e-02 	 
Level 25:bingo.evolutionary_optimizers.evolutionary_optimizer:640, 2.111123e+03, 6299074, 1.664827e-02, 1.661569e-02, 1.868184e-02, 2.270895e-02, 2.740147e-02, 4.129704e-02, 4.812242e-02, 4.824673e-02
INFO:bingo.evolutionary_optimizers.parallel_archipelago:Evolution time 0:00:27.937725	 age 1200	 fitness 1.663e-02
Level 25:bingo.evolutionary_optimizers.evolutionary_optimizer:Generation: 650 	 Elapsed time: 0:35:39.297186 	 Best training fitness: 1.663373e-02 	 
Level 25:bingo.evolutionary_optimizers.evolutionary_optimizer:650, 2.139297e+03, 6390913, 1.663373e-02, 1.661569e-02, 1.868184e-02, 2.270895e-02, 2.740147e-02, 4.129704e-02, 4.812242e-02, 4.824673e-02
INFO:bingo.evolutionary_optimizers.parallel_archipelago:Evolution time 0:00:58.680096	 age 1240	 fitness 1.662e-02
Level 25:bingo.evolutionary_optimizers.evolutionary_optimizer:Generation: 660 	 Elapsed time: 0:36:38.176723 	 Best training fitness: 1.662360e-02 	 
Level 25:bingo.evolutionary_optimizers.evolutionary_optimizer:660, 2.198177e+03, 6558435, 1.662360e-02, 1.661569e-02, 1.868184e-02, 2.270895e-02, 2.740147e-02, 4.129704e-02, 4.812242e-02, 4.824673e-02
INFO:bingo.evolutionary_optimizers.parallel_archipelago:Evolution time 0:00:47.357778	 age 1250	 fitness 1.661e-02
Level 25:bingo.evolutionary_optimizers.evolutionary_optimizer:Generation: 670 	 Elapsed time: 0:37:25.736049 	 Best training fitness: 1.660944e-02 	 
Level 25:bingo.evolutionary_optimizers.evolutionary_optimizer:670, 2.245736e+03, 6700969, 1.660944e-02, 1.660944e-02, 1.868184e-02, 2.270895e-02, 2.740147e-02, 4.129704e-02, 4.812242e-02, 4.824673e-02
INFO:bingo.evolutionary_optimizers.parallel_archipelago:Evolution time 0:00:43.210738	 age 1270	 fitness 1.663e-02
Level 25:bingo.evolutionary_optimizers.evolutionary_optimizer:Generation: 680 	 Elapsed time: 0:38:09.143190 	 Best training fitness: 1.663176e-02 	 
Level 25:bingo.evolutionary_optimizers.evolutionary_optimizer:680, 2.289143e+03, 6832156, 1.663176e-02, 1.660944e-02, 1.868184e-02, 2.270895e-02, 2.740147e-02, 4.129704e-02, 4.812242e-02, 4.824673e-02
INFO:bingo.evolutionary_optimizers.parallel_archipelago:Evolution time 0:00:41.448296	 age 1280	 fitness 1.663e-02
Level 25:bingo.evolutionary_optimizers.evolutionary_optimizer:Generation: 690 	 Elapsed time: 0:38:50.792539 	 Best training fitness: 1.663176e-02 	 
Level 25:bingo.evolutionary_optimizers.evolutionary_optimizer:690, 2.330793e+03, 6936728, 1.663176e-02, 1.660944e-02, 1.868184e-02, 2.270895e-02, 2.740147e-02, 4.129704e-02, 4.812242e-02, 4.824673e-02
INFO:bingo.evolutionary_optimizers.parallel_archipelago:Evolution time 0:00:51.932191	 age 1300	 fitness 1.666e-02
Level 25:bingo.evolutionary_optimizers.evolutionary_optimizer:Generation: 700 	 Elapsed time: 0:39:42.953346 	 Best training fitness: 1.666217e-02 	 
Level 25:bingo.evolutionary_optimizers.evolutionary_optimizer:700, 2.382953e+03, 7067245, 1.666217e-02, 1.660944e-02, 1.868184e-02, 2.270895e-02, 2.740147e-02, 4.129704e-02, 4.812242e-02, 4.824673e-02
INFO:bingo.evolutionary_optimizers.parallel_archipelago:Evolution time 0:00:29.705232	 age 1310	 fitness 1.661e-02
Level 25:bingo.evolutionary_optimizers.evolutionary_optimizer:Generation: 710 	 Elapsed time: 0:40:12.883852 	 Best training fitness: 1.660662e-02 	 
Level 25:bingo.evolutionary_optimizers.evolutionary_optimizer:710, 2.412884e+03, 7161461, 1.660662e-02, 1.660662e-02, 1.868184e-02, 2.270895e-02, 2.740147e-02, 4.129704e-02, 4.812242e-02, 4.824673e-02
INFO:bingo.evolutionary_optimizers.parallel_archipelago:Evolution time 0:00:54.923515	 age 1320	 fitness 1.659e-02
Level 25:bingo.evolutionary_optimizers.evolutionary_optimizer:Generation: 720 	 Elapsed time: 0:41:08.067582 	 Best training fitness: 1.659238e-02 	 
Level 25:bingo.evolutionary_optimizers.evolutionary_optimizer:720, 2.468068e+03, 7259132, 1.659238e-02, 1.659238e-02, 1.868184e-02, 2.270895e-02, 2.740147e-02, 4.129704e-02, 4.812242e-02, 4.824673e-02
INFO:bingo.evolutionary_optimizers.parallel_archipelago:Evolution time 0:00:47.287531	 age 1350	 fitness 1.663e-02
Level 25:bingo.evolutionary_optimizers.evolutionary_optimizer:Generation: 730 	 Elapsed time: 0:41:55.553821 	 Best training fitness: 1.663020e-02 	 
Level 25:bingo.evolutionary_optimizers.evolutionary_optimizer:730, 2.515554e+03, 7365597, 1.663020e-02, 1.659238e-02, 1.868184e-02, 2.270895e-02, 2.740147e-02, 4.129704e-02, 4.812242e-02, 4.824673e-02
INFO:bingo.evolutionary_optimizers.parallel_archipelago:Evolution time 0:00:37.919799	 age 1360	 fitness 1.667e-02
Level 25:bingo.evolutionary_optimizers.evolutionary_optimizer:Generation: 740 	 Elapsed time: 0:42:33.672414 	 Best training fitness: 1.666684e-02 	 
Level 25:bingo.evolutionary_optimizers.evolutionary_optimizer:740, 2.553672e+03, 7469455, 1.666684e-02, 1.659238e-02, 1.868184e-02, 2.270895e-02, 2.740147e-02, 4.129704e-02, 4.812242e-02, 4.824673e-02
INFO:bingo.evolutionary_optimizers.parallel_archipelago:Evolution time 0:00:44.594996	 age 1390	 fitness 1.667e-02
Level 25:bingo.evolutionary_optimizers.evolutionary_optimizer:Generation: 750 	 Elapsed time: 0:43:18.463056 	 Best training fitness: 1.666684e-02 	 
Level 25:bingo.evolutionary_optimizers.evolutionary_optimizer:750, 2.598463e+03, 7634698, 1.666684e-02, 1.659238e-02, 1.868184e-02, 2.270895e-02, 2.740147e-02, 4.129704e-02, 4.812242e-02, 4.824673e-02
INFO:bingo.evolutionary_optimizers.parallel_archipelago:Evolution time 0:00:46.291729	 age 1400	 fitness 1.665e-02
Level 25:bingo.evolutionary_optimizers.evolutionary_optimizer:Generation: 760 	 Elapsed time: 0:44:04.950529 	 Best training fitness: 1.664566e-02 	 
Level 25:bingo.evolutionary_optimizers.evolutionary_optimizer:760, 2.644951e+03, 7753112, 1.664566e-02, 1.659238e-02, 1.868184e-02, 2.270895e-02, 2.740147e-02, 3.948179e-02, 4.812242e-02, 4.824673e-02
INFO:bingo.evolutionary_optimizers.parallel_archipelago:Evolution time 0:00:17.533010	 age 1410	 fitness 1.663e-02
Level 25:bingo.evolutionary_optimizers.evolutionary_optimizer:Generation: 770 	 Elapsed time: 0:44:22.678087 	 Best training fitness: 1.662535e-02 	 
Level 25:bingo.evolutionary_optimizers.evolutionary_optimizer:770, 2.662678e+03, 7832809, 1.662535e-02, 1.659238e-02, 1.868184e-02, 2.270895e-02, 2.740147e-02, 3.934945e-02, 4.812242e-02, 4.824673e-02
INFO:bingo.evolutionary_optimizers.parallel_archipelago:Evolution time 0:00:31.449423	 age 1430	 fitness 1.666e-02
Level 25:bingo.evolutionary_optimizers.evolutionary_optimizer:Generation: 780 	 Elapsed time: 0:44:54.326239 	 Best training fitness: 1.665895e-02 	 
Level 25:bingo.evolutionary_optimizers.evolutionary_optimizer:780, 2.694326e+03, 7977525, 1.665895e-02, 1.659238e-02, 1.868184e-02, 2.270895e-02, 2.740147e-02, 3.934945e-02, 4.812242e-02, 4.824673e-02
INFO:bingo.evolutionary_optimizers.parallel_archipelago:Evolution time 0:00:28.651374	 age 1440	 fitness 1.668e-02
Level 25:bingo.evolutionary_optimizers.evolutionary_optimizer:Generation: 790 	 Elapsed time: 0:45:23.207940 	 Best training fitness: 1.667621e-02 	 
Level 25:bingo.evolutionary_optimizers.evolutionary_optimizer:790, 2.723208e+03, 8071565, 1.667621e-02, 1.659238e-02, 1.868184e-02, 2.270895e-02, 2.740147e-02, 3.934945e-02, 4.812242e-02, 4.824673e-02
INFO:bingo.evolutionary_optimizers.parallel_archipelago:Evolution time 0:01:05.056243	 age 1480	 fitness 1.662e-02
Level 25:bingo.evolutionary_optimizers.evolutionary_optimizer:Generation: 800 	 Elapsed time: 0:46:28.461830 	 Best training fitness: 1.662363e-02 	 
Level 25:bingo.evolutionary_optimizers.evolutionary_optimizer:800, 2.788462e+03, 8234370, 1.662363e-02, 1.659238e-02, 1.868184e-02, 2.270895e-02, 2.740147e-02, 3.934945e-02, 4.812242e-02, 4.824673e-02
INFO:bingo.evolutionary_optimizers.parallel_archipelago:Evolution time 0:00:33.068139	 age 1490	 fitness 1.653e-02
Level 25:bingo.evolutionary_optimizers.evolutionary_optimizer:Generation: 810 	 Elapsed time: 0:47:01.727481 	 Best training fitness: 1.652636e-02 	 
Level 25:bingo.evolutionary_optimizers.evolutionary_optimizer:810, 2.821727e+03, 8333471, 1.652636e-02, 1.652636e-02, 1.659238e-02, 1.868184e-02, 2.270895e-02, 2.740147e-02, 3.934945e-02, 4.812242e-02, 4.824673e-02
INFO:bingo.evolutionary_optimizers.parallel_archipelago:Evolution time 0:00:45.148915	 age 1500	 fitness 1.648e-02
Level 25:bingo.evolutionary_optimizers.evolutionary_optimizer:Generation: 820 	 Elapsed time: 0:47:47.073934 	 Best training fitness: 1.648271e-02 	 
Level 25:bingo.evolutionary_optimizers.evolutionary_optimizer:820, 2.867074e+03, 8462635, 1.648271e-02, 1.648271e-02, 1.659238e-02, 1.868184e-02, 2.270895e-02, 2.740147e-02, 3.934945e-02, 4.812242e-02, 4.824673e-02
INFO:bingo.evolutionary_optimizers.parallel_archipelago:Evolution time 0:01:05.851118	 age 1510	 fitness 1.648e-02
Level 25:bingo.evolutionary_optimizers.evolutionary_optimizer:Generation: 830 	 Elapsed time: 0:48:53.161164 	 Best training fitness: 1.647833e-02 	 
Level 25:bingo.evolutionary_optimizers.evolutionary_optimizer:830, 2.933161e+03, 8621349, 1.647833e-02, 1.647833e-02, 1.659238e-02, 1.868184e-02, 2.270895e-02, 2.740147e-02, 3.934945e-02, 4.812242e-02, 4.824673e-02
INFO:bingo.evolutionary_optimizers.parallel_archipelago:Evolution time 0:00:36.791825	 age 1520	 fitness 1.653e-02
Level 25:bingo.evolutionary_optimizers.evolutionary_optimizer:Generation: 840 	 Elapsed time: 0:49:30.148307 	 Best training fitness: 1.653325e-02 	 
Level 25:bingo.evolutionary_optimizers.evolutionary_optimizer:840, 2.970148e+03, 8725859, 1.653325e-02, 1.647833e-02, 1.659238e-02, 1.868184e-02, 2.270895e-02, 2.740147e-02, 3.934945e-02, 4.812242e-02, 4.824673e-02
INFO:bingo.evolutionary_optimizers.parallel_archipelago:Evolution time 0:01:14.422918	 age 1560	 fitness 1.645e-02
Level 25:bingo.evolutionary_optimizers.evolutionary_optimizer:Generation: 850 	 Elapsed time: 0:50:44.767991 	 Best training fitness: 1.644651e-02 	 
Level 25:bingo.evolutionary_optimizers.evolutionary_optimizer:850, 3.044768e+03, 8882112, 1.644651e-02, 1.644651e-02, 1.659238e-02, 1.746345e-02, 1.868184e-02, 2.270895e-02, 2.740147e-02, 3.934945e-02, 4.812242e-02, 4.824673e-02
INFO:bingo.evolutionary_optimizers.parallel_archipelago:Evolution time 0:00:49.741154	 age 1580	 fitness 1.068e-02
Level 25:bingo.evolutionary_optimizers.evolutionary_optimizer:Generation: 860 	 Elapsed time: 0:51:34.740208 	 Best training fitness: 1.067620e-02 	 
Level 25:bingo.evolutionary_optimizers.evolutionary_optimizer:860, 3.094740e+03, 9045912, 1.067620e-02, 1.067620e-02, 1.868184e-02, 2.270895e-02, 2.740147e-02, 3.934945e-02, 4.812242e-02, 4.824673e-02
INFO:bingo.evolutionary_optimizers.parallel_archipelago:Evolution time 0:00:45.336287	 age 1600	 fitness 5.023e-04
Level 25:bingo.evolutionary_optimizers.evolutionary_optimizer:Generation: 870 	 Elapsed time: 0:52:20.267962 	 Best training fitness: 5.023461e-04 	 
Level 25:bingo.evolutionary_optimizers.evolutionary_optimizer:870, 3.140268e+03, 9218977, 5.023461e-04, 5.023461e-04, 8.009202e-04, 1.067620e-02, 1.868184e-02, 2.270895e-02, 2.740147e-02, 3.934945e-02, 4.812242e-02, 4.824673e-02
INFO:bingo.evolutionary_optimizers.parallel_archipelago:Evolution time 0:00:48.235661	 age 1630	 fitness 2.912e-17
Level 25:bingo.evolutionary_optimizers.evolutionary_optimizer:Generation: 880 	 Elapsed time: 0:53:08.695823 	 Best training fitness: 2.912368e-17 	 
Level 25:bingo.evolutionary_optimizers.evolutionary_optimizer:880, 3.188696e+03, 9390357, 2.912368e-17, 2.912368e-17, 1.597128e-15, 8.007712e-04, 1.067620e-02, 1.868184e-02, 2.270895e-02, 2.740147e-02, 3.934945e-02, 4.812242e-02, 4.822277e-02
Level 25:bingo.evolutionary_optimizers.evolutionary_optimizer:Evolution successfully converged.
Level 25:bingo.evolutionary_optimizers.evolutionary_optimizer:  Absolte convergence occurred with best fitness < 1e-10
Level 25:bingo.evolutionary_optimizers.evolutionary_optimizer:Hall of Fame:
2.9123682583110726e-17	18	sin(log((X_1)(X_1) + (X_0)(X_0))) + ((sin(sin(-0.065441) + sin(-0.065441)) + sin(sin(-0.065441) + sin(-0.065441)))(0.065395 + sin(-0.065441)))((sin(sin(-0.065441) + sin(-0.065441)) + sin(sin(-0.065441) + sin(-0.065441)))(0.065395 + sin(-0.065441)))
1.5971280374298087e-15	17	sin(log((X_1)(X_1) + (X_0)(X_0))) + ((sin(sin(0.008608)) + sin(sin(0.008608)))(-0.008612 + sin(0.008608)))((sin(sin(0.008608)) + sin(sin(0.008608)))(-0.008612 + sin(0.008608)))
0.0008007711644433607	16	sin(log((X_1)(X_1) + ((sin(-0.046368))(-0.046368 + 0.024403) + X_0)(X_0))) + -0.003425
0.010676200713763791	13	sin(log((X_1)(X_1) + (((X_1)(X_1))(0.030396) + X_0)(X_0))) + -0.051528
0.018681835829670018	12	sin(sin(log((X_0)(X_1) + (X_0)(X_1) + (X_0)(X_1) + (X_0)(X_1))) + sin(log((X_0)(X_1) + (X_0)(X_1) + (X_0)(X_1) + (X_0)(X_1))) + -0.075928 + -0.075928)
0.022708947979337653	11	sin(sin(log((X_1)(X_0) + (X_1)(X_0) + (X_1)(X_0) + (X_1)(X_0))) + sin(log((X_1)(X_0) + (X_1)(X_0) + (X_1)(X_0) + (X_1)(X_0)))) + -0.075928
0.02740147412925333	9	sin(sin(log((X_1)(X_0) + (X_1)(X_0) + (X_1)(X_0) + (X_1)(X_0))) + sin(log((X_1)(X_0) + (X_1)(X_0) + (X_1)(X_0) + (X_1)(X_0))))
0.03934945228142721	8	sin(log((log((X_1)(X_0)))(-0.043025)))
0.048122423621301987	5	sin(log(sin(log(0.058582))))
0.04822277482990172	1	-0.933397
