Level 25:bingo.evolutionary_optimizers.evolutionary_optimizer:#generational_age, elapsed_time, fitness_evaluation_count, current_training_fitness, hall_of_fame_fitnesses
Level 25:bingo.evolutionary_optimizers.evolutionary_optimizer:#generational_age, elapsed_time, fitness_evaluation_count, current_training_fitness, hall_of_fame_fitnesses
Level 25:bingo.evolutionary_optimizers.evolutionary_optimizer:Generation: 0 	 Elapsed time: 0:00:04.485843 	 Best training fitness: 2.434908e-02 	 
Level 25:bingo.evolutionary_optimizers.evolutionary_optimizer:0, 4.485843e+00, 13562, 2.434908e-02
INFO:bingo.evolutionary_optimizers.parallel_archipelago:Evolution time 0:00:50.734529	 age 30	 fitness 2.419e-02
Level 25:bingo.evolutionary_optimizers.evolutionary_optimizer:Generation: 10 	 Elapsed time: 0:00:55.542483 	 Best training fitness: 2.419470e-02 	 
Level 25:bingo.evolutionary_optimizers.evolutionary_optimizer:10, 5.554248e+01, 121553, 2.419470e-02, 2.419470e-02, 2.430520e-02, 2.456639e-02, 2.498967e-02
INFO:bingo.evolutionary_optimizers.parallel_archipelago:Evolution time 0:00:32.266370	 age 40	 fitness 2.419e-02
Level 25:bingo.evolutionary_optimizers.evolutionary_optimizer:Generation: 20 	 Elapsed time: 0:01:28.158352 	 Best training fitness: 2.418815e-02 	 
Level 25:bingo.evolutionary_optimizers.evolutionary_optimizer:20, 8.815835e+01, 191533, 2.418815e-02, 2.418815e-02, 2.419470e-02, 2.430520e-02, 2.456639e-02, 2.498967e-02
INFO:bingo.evolutionary_optimizers.parallel_archipelago:Evolution time 0:00:43.065662	 age 70	 fitness 2.421e-02
Level 25:bingo.evolutionary_optimizers.evolutionary_optimizer:Generation: 30 	 Elapsed time: 0:02:11.612034 	 Best training fitness: 2.421426e-02 	 
Level 25:bingo.evolutionary_optimizers.evolutionary_optimizer:30, 1.316120e+02, 293138, 2.421426e-02, 2.418815e-02, 2.419470e-02, 2.421426e-02, 2.430520e-02, 2.443797e-02, 2.453538e-02, 2.498967e-02
INFO:bingo.evolutionary_optimizers.parallel_archipelago:Evolution time 0:00:16.157959	 age 80	 fitness 2.422e-02
Level 25:bingo.evolutionary_optimizers.evolutionary_optimizer:Generation: 40 	 Elapsed time: 0:02:28.114574 	 Best training fitness: 2.422465e-02 	 
Level 25:bingo.evolutionary_optimizers.evolutionary_optimizer:40, 1.481146e+02, 346251, 2.422465e-02, 2.418815e-02, 2.419470e-02, 2.421426e-02, 2.425155e-02, 2.443797e-02, 2.453538e-02, 2.498967e-02
INFO:bingo.evolutionary_optimizers.parallel_archipelago:Evolution time 0:00:43.780912	 age 110	 fitness 2.432e-02
Level 25:bingo.evolutionary_optimizers.evolutionary_optimizer:Generation: 50 	 Elapsed time: 0:03:12.236697 	 Best training fitness: 2.431721e-02 	 
Level 25:bingo.evolutionary_optimizers.evolutionary_optimizer:50, 1.922367e+02, 446093, 2.431721e-02, 2.418815e-02, 2.419470e-02, 2.421426e-02, 2.425155e-02, 2.443797e-02, 2.444294e-02, 2.463438e-02
INFO:bingo.evolutionary_optimizers.parallel_archipelago:Evolution time 0:00:33.115098	 age 130	 fitness 2.022e-02
Level 25:bingo.evolutionary_optimizers.evolutionary_optimizer:Generation: 60 	 Elapsed time: 0:03:45.708942 	 Best training fitness: 2.022426e-02 	 
Level 25:bingo.evolutionary_optimizers.evolutionary_optimizer:60, 2.257089e+02, 529727, 2.022426e-02, 2.022426e-02, 2.095784e-02, 2.418815e-02, 2.419470e-02, 2.421426e-02, 2.425155e-02, 2.435716e-02, 2.444294e-02, 2.463438e-02
INFO:bingo.evolutionary_optimizers.parallel_archipelago:Evolution time 0:00:32.571029	 age 150	 fitness 1.782e-02
Level 25:bingo.evolutionary_optimizers.evolutionary_optimizer:Generation: 70 	 Elapsed time: 0:04:18.636905 	 Best training fitness: 1.781956e-02 	 
Level 25:bingo.evolutionary_optimizers.evolutionary_optimizer:70, 2.586369e+02, 632139, 1.781956e-02, 1.781956e-02, 1.946601e-02, 2.419470e-02, 2.421426e-02, 2.425155e-02, 2.435716e-02, 2.444294e-02, 2.463438e-02
INFO:bingo.evolutionary_optimizers.parallel_archipelago:Evolution time 0:01:05.138214	 age 170	 fitness 1.767e-02
Level 25:bingo.evolutionary_optimizers.evolutionary_optimizer:Generation: 80 	 Elapsed time: 0:05:24.128412 	 Best training fitness: 1.766564e-02 	 
Level 25:bingo.evolutionary_optimizers.evolutionary_optimizer:80, 3.241284e+02, 765468, 1.766564e-02, 1.766564e-02, 1.873077e-02, 1.946601e-02, 1.972145e-02, 2.419470e-02, 2.421426e-02, 2.425155e-02, 2.435716e-02, 2.440899e-02, 2.463438e-02
INFO:bingo.evolutionary_optimizers.parallel_archipelago:Evolution time 0:00:30.943419	 age 190	 fitness 1.422e-17
Level 25:bingo.evolutionary_optimizers.evolutionary_optimizer:Generation: 90 	 Elapsed time: 0:05:55.490014 	 Best training fitness: 1.421909e-17 	 
Level 25:bingo.evolutionary_optimizers.evolutionary_optimizer:90, 3.554900e+02, 853683, 1.421909e-17, 1.421909e-17, 2.421426e-02, 2.425155e-02, 2.435716e-02, 2.440899e-02, 2.463438e-02
Level 25:bingo.evolutionary_optimizers.evolutionary_optimizer:Evolution successfully converged.
Level 25:bingo.evolutionary_optimizers.evolutionary_optimizer:  Absolte convergence occurred with best fitness < 1e-10
Level 25:bingo.evolutionary_optimizers.evolutionary_optimizer:Hall of Fame:
1.421908502404769e-17	7	sin(log((X_0)(X_0) + (X_1)(X_1)))
0.02421425832245827	6	sin(log(log(sin(log(-0.098002)))))
0.024251552937633876	5	sin(log((0.011255 + 0.011255)(0.011255)))
0.02435715730901302	4	log(sin(log(0.664248)))
0.024408989718423115	2	sin(4.987574)
0.024634379351326986	1	-0.967585
