Level 25:bingo.evolutionary_optimizers.evolutionary_optimizer:#generational_age, elapsed_time, fitness_evaluation_count, current_training_fitness, hall_of_fame_fitnesses
Level 25:bingo.evolutionary_optimizers.evolutionary_optimizer:#generational_age, elapsed_time, fitness_evaluation_count, current_training_fitness, hall_of_fame_fitnesses
Level 25:bingo.evolutionary_optimizers.evolutionary_optimizer:Generation: 0 	 Elapsed time: 0:00:05.403898 	 Best training fitness: 1.206509e-01 	 
Level 25:bingo.evolutionary_optimizers.evolutionary_optimizer:0, 5.403898e+00, 14312, 1.206509e-01
INFO:bingo.evolutionary_optimizers.parallel_archipelago:Evolution time 0:00:32.071113	 age 40	 fitness 1.203e-01
Level 25:bingo.evolutionary_optimizers.evolutionary_optimizer:Generation: 10 	 Elapsed time: 0:00:37.752374 	 Best training fitness: 1.202534e-01 	 
Level 25:bingo.evolutionary_optimizers.evolutionary_optimizer:10, 3.775237e+01, 124298, 1.202534e-01, 1.202534e-01
INFO:bingo.evolutionary_optimizers.parallel_archipelago:Evolution time 0:00:20.212499	 age 50	 fitness 1.203e-01
Level 25:bingo.evolutionary_optimizers.evolutionary_optimizer:Generation: 20 	 Elapsed time: 0:00:58.142217 	 Best training fitness: 1.202811e-01 	 
Level 25:bingo.evolutionary_optimizers.evolutionary_optimizer:20, 5.814222e+01, 198870, 1.202811e-01, 1.202534e-01
INFO:bingo.evolutionary_optimizers.parallel_archipelago:Evolution time 0:00:26.680956	 age 60	 fitness 1.203e-01
Level 25:bingo.evolutionary_optimizers.evolutionary_optimizer:Generation: 30 	 Elapsed time: 0:01:25.036282 	 Best training fitness: 1.203394e-01 	 
Level 25:bingo.evolutionary_optimizers.evolutionary_optimizer:30, 8.503628e+01, 266880, 1.203394e-01, 1.202534e-01
INFO:bingo.evolutionary_optimizers.parallel_archipelago:Evolution time 0:00:26.422720	 age 90	 fitness 1.203e-01
Level 25:bingo.evolutionary_optimizers.evolutionary_optimizer:Generation: 40 	 Elapsed time: 0:01:51.643314 	 Best training fitness: 1.203065e-01 	 
Level 25:bingo.evolutionary_optimizers.evolutionary_optimizer:40, 1.116433e+02, 339901, 1.203065e-01, 1.202534e-01
INFO:bingo.evolutionary_optimizers.parallel_archipelago:Evolution time 0:00:23.622596	 age 120	 fitness 1.201e-01
Level 25:bingo.evolutionary_optimizers.evolutionary_optimizer:Generation: 50 	 Elapsed time: 0:02:15.457111 	 Best training fitness: 1.201421e-01 	 
Level 25:bingo.evolutionary_optimizers.evolutionary_optimizer:50, 1.354571e+02, 423767, 1.201421e-01, 1.201421e-01, 1.202534e-01
INFO:bingo.evolutionary_optimizers.parallel_archipelago:Evolution time 0:00:13.942775	 age 130	 fitness 1.201e-01
Level 25:bingo.evolutionary_optimizers.evolutionary_optimizer:Generation: 60 	 Elapsed time: 0:02:29.601127 	 Best training fitness: 1.201421e-01 	 
Level 25:bingo.evolutionary_optimizers.evolutionary_optimizer:60, 1.496011e+02, 480261, 1.201421e-01, 1.201421e-01, 1.202534e-01
INFO:bingo.evolutionary_optimizers.parallel_archipelago:Evolution time 0:00:21.011393	 age 150	 fitness 1.202e-01
Level 25:bingo.evolutionary_optimizers.evolutionary_optimizer:Generation: 70 	 Elapsed time: 0:02:50.809422 	 Best training fitness: 1.202073e-01 	 
Level 25:bingo.evolutionary_optimizers.evolutionary_optimizer:70, 1.708094e+02, 570394, 1.202073e-01, 1.201421e-01, 1.202534e-01
INFO:bingo.evolutionary_optimizers.parallel_archipelago:Evolution time 0:00:24.871541	 age 170	 fitness 1.202e-01
Level 25:bingo.evolutionary_optimizers.evolutionary_optimizer:Generation: 80 	 Elapsed time: 0:03:15.881885 	 Best training fitness: 1.202074e-01 	 
Level 25:bingo.evolutionary_optimizers.evolutionary_optimizer:80, 1.958819e+02, 665027, 1.202074e-01, 1.201421e-01, 1.202534e-01
INFO:bingo.evolutionary_optimizers.parallel_archipelago:Evolution time 0:00:24.136952	 age 200	 fitness 1.200e-01
Level 25:bingo.evolutionary_optimizers.evolutionary_optimizer:Generation: 90 	 Elapsed time: 0:03:40.217614 	 Best training fitness: 1.200116e-01 	 
Level 25:bingo.evolutionary_optimizers.evolutionary_optimizer:90, 2.202176e+02, 744821, 1.200116e-01, 1.200116e-01, 1.202259e-01, 1.202534e-01
INFO:bingo.evolutionary_optimizers.parallel_archipelago:Evolution time 0:00:31.615938	 age 240	 fitness 1.201e-01
Level 25:bingo.evolutionary_optimizers.evolutionary_optimizer:Generation: 100 	 Elapsed time: 0:04:12.076113 	 Best training fitness: 1.200660e-01 	 
Level 25:bingo.evolutionary_optimizers.evolutionary_optimizer:100, 2.520761e+02, 840867, 1.200660e-01, 1.200116e-01, 1.200660e-01, 1.202259e-01, 1.202267e-01, 1.202534e-01
INFO:bingo.evolutionary_optimizers.parallel_archipelago:Evolution time 0:00:17.438026	 age 260	 fitness 1.201e-01
Level 25:bingo.evolutionary_optimizers.evolutionary_optimizer:Generation: 110 	 Elapsed time: 0:04:29.772699 	 Best training fitness: 1.200660e-01 	 
Level 25:bingo.evolutionary_optimizers.evolutionary_optimizer:110, 2.697727e+02, 924417, 1.200660e-01, 1.200116e-01, 1.200660e-01, 1.202259e-01, 1.202267e-01, 1.202534e-01
INFO:bingo.evolutionary_optimizers.parallel_archipelago:Evolution time 0:00:21.734136	 age 280	 fitness 1.200e-01
Level 25:bingo.evolutionary_optimizers.evolutionary_optimizer:Generation: 120 	 Elapsed time: 0:04:51.710802 	 Best training fitness: 1.199592e-01 	 
Level 25:bingo.evolutionary_optimizers.evolutionary_optimizer:120, 2.917108e+02, 1002025, 1.199592e-01, 1.199592e-01, 1.200632e-01, 1.202259e-01, 1.202267e-01, 1.202534e-01
INFO:bingo.evolutionary_optimizers.parallel_archipelago:Evolution time 0:00:25.864292	 age 300	 fitness 1.200e-01
Level 25:bingo.evolutionary_optimizers.evolutionary_optimizer:Generation: 130 	 Elapsed time: 0:05:17.780464 	 Best training fitness: 1.199534e-01 	 
Level 25:bingo.evolutionary_optimizers.evolutionary_optimizer:130, 3.177805e+02, 1099530, 1.199534e-01, 1.199534e-01, 1.200348e-01, 1.202259e-01, 1.202267e-01, 1.202534e-01
INFO:bingo.evolutionary_optimizers.parallel_archipelago:Evolution time 0:00:26.550867	 age 320	 fitness 1.200e-01
Level 25:bingo.evolutionary_optimizers.evolutionary_optimizer:Generation: 140 	 Elapsed time: 0:05:44.532035 	 Best training fitness: 1.199943e-01 	 
Level 25:bingo.evolutionary_optimizers.evolutionary_optimizer:140, 3.445320e+02, 1197117, 1.199943e-01, 1.199534e-01, 1.199943e-01, 1.202259e-01, 1.202267e-01, 1.202534e-01
INFO:bingo.evolutionary_optimizers.parallel_archipelago:Evolution time 0:00:09.940720	 age 330	 fitness 1.201e-01
Level 25:bingo.evolutionary_optimizers.evolutionary_optimizer:Generation: 150 	 Elapsed time: 0:05:54.667246 	 Best training fitness: 1.200659e-01 	 
Level 25:bingo.evolutionary_optimizers.evolutionary_optimizer:150, 3.546672e+02, 1247785, 1.200659e-01, 1.199534e-01, 1.199943e-01, 1.202259e-01, 1.202267e-01, 1.202534e-01
INFO:bingo.evolutionary_optimizers.parallel_archipelago:Evolution time 0:00:26.509950	 age 350	 fitness 1.200e-01
Level 25:bingo.evolutionary_optimizers.evolutionary_optimizer:Generation: 160 	 Elapsed time: 0:06:21.395459 	 Best training fitness: 1.199795e-01 	 
Level 25:bingo.evolutionary_optimizers.evolutionary_optimizer:160, 3.813955e+02, 1349726, 1.199795e-01, 1.199534e-01, 1.199943e-01, 1.202259e-01, 1.202267e-01, 1.202534e-01
INFO:bingo.evolutionary_optimizers.parallel_archipelago:Evolution time 0:00:31.717483	 age 370	 fitness 1.175e-01
Level 25:bingo.evolutionary_optimizers.evolutionary_optimizer:Generation: 170 	 Elapsed time: 0:06:53.497386 	 Best training fitness: 1.174835e-01 	 
Level 25:bingo.evolutionary_optimizers.evolutionary_optimizer:170, 4.134974e+02, 1448968, 1.174835e-01, 1.174835e-01, 1.180704e-01, 1.199534e-01, 1.199943e-01, 1.202259e-01, 1.202267e-01, 1.202534e-01
INFO:bingo.evolutionary_optimizers.parallel_archipelago:Evolution time 0:00:25.514588	 age 390	 fitness 7.110e-17
Level 25:bingo.evolutionary_optimizers.evolutionary_optimizer:Generation: 180 	 Elapsed time: 0:07:19.369791 	 Best training fitness: 7.109543e-17 	 
Level 25:bingo.evolutionary_optimizers.evolutionary_optimizer:180, 4.393698e+02, 1543589, 7.109543e-17, 7.109543e-17, 1.202267e-01, 1.202414e-01
Level 25:bingo.evolutionary_optimizers.evolutionary_optimizer:Evolution successfully converged.
Level 25:bingo.evolutionary_optimizers.evolutionary_optimizer:  Absolte convergence occurred with best fitness < 1e-10
Level 25:bingo.evolutionary_optimizers.evolutionary_optimizer:Hall of Fame:
7.109542512023842e-17	7	sin(log((X_0)(X_0) + (X_1)(X_1)))
0.12022668426023299	5	sin((3.995405)(3.995405) + ((3.995405)(3.995405))(3.995405))
0.1202413678723321	1	-0.932291
