Level 25:bingo.evolutionary_optimizers.evolutionary_optimizer:#generational_age, elapsed_time, fitness_evaluation_count, current_training_fitness, hall_of_fame_fitnesses
Level 25:bingo.evolutionary_optimizers.evolutionary_optimizer:#generational_age, elapsed_time, fitness_evaluation_count, current_training_fitness, hall_of_fame_fitnesses
Level 25:bingo.evolutionary_optimizers.evolutionary_optimizer:Generation: 0 	 Elapsed time: 0:00:05.587727 	 Best training fitness: 1.446663e-01 	 
Level 25:bingo.evolutionary_optimizers.evolutionary_optimizer:0, 5.587727e+00, 14608, 1.446663e-01
INFO:bingo.evolutionary_optimizers.parallel_archipelago:Evolution time 0:00:43.873516	 age 40	 fitness 1.440e-01
Level 25:bingo.evolutionary_optimizers.evolutionary_optimizer:Generation: 10 	 Elapsed time: 0:00:49.794484 	 Best training fitness: 1.440285e-01 	 
Level 25:bingo.evolutionary_optimizers.evolutionary_optimizer:10, 4.979448e+01, 181982, 1.440285e-01, 1.440285e-01, 1.443501e-01, 1.443624e-01, 1.444262e-01, 1.444658e-01, 1.446295e-01
INFO:bingo.evolutionary_optimizers.parallel_archipelago:Evolution time 0:00:35.413363	 age 60	 fitness 1.437e-01
Level 25:bingo.evolutionary_optimizers.evolutionary_optimizer:Generation: 20 	 Elapsed time: 0:01:25.571956 	 Best training fitness: 1.436966e-01 	 
Level 25:bingo.evolutionary_optimizers.evolutionary_optimizer:20, 8.557196e+01, 285294, 1.436966e-01, 1.436966e-01, 1.439575e-01, 1.442833e-01, 1.443501e-01, 1.443624e-01, 1.444174e-01, 1.444259e-01, 1.444658e-01, 1.445323e-01
INFO:bingo.evolutionary_optimizers.parallel_archipelago:Evolution time 0:00:56.356379	 age 90	 fitness 1.434e-01
Level 25:bingo.evolutionary_optimizers.evolutionary_optimizer:Generation: 30 	 Elapsed time: 0:02:22.354670 	 Best training fitness: 1.433964e-01 	 
Level 25:bingo.evolutionary_optimizers.evolutionary_optimizer:30, 1.423547e+02, 428519, 1.433964e-01, 1.433964e-01, 1.436220e-01, 1.438637e-01, 1.442830e-01, 1.442964e-01
INFO:bingo.evolutionary_optimizers.parallel_archipelago:Evolution time 0:00:34.785228	 age 110	 fitness 1.418e-01
Level 25:bingo.evolutionary_optimizers.evolutionary_optimizer:Generation: 40 	 Elapsed time: 0:02:57.485996 	 Best training fitness: 1.418455e-01 	 
Level 25:bingo.evolutionary_optimizers.evolutionary_optimizer:40, 1.774860e+02, 549484, 1.418455e-01, 1.418455e-01, 1.433269e-01, 1.435441e-01, 1.438637e-01, 1.440399e-01, 1.442830e-01, 1.442964e-01
INFO:bingo.evolutionary_optimizers.parallel_archipelago:Evolution time 0:00:31.029698	 age 120	 fitness 1.412e-01
Level 25:bingo.evolutionary_optimizers.evolutionary_optimizer:Generation: 50 	 Elapsed time: 0:03:28.723639 	 Best training fitness: 1.411813e-01 	 
Level 25:bingo.evolutionary_optimizers.evolutionary_optimizer:50, 2.087236e+02, 631112, 1.411813e-01, 1.411813e-01, 1.434159e-01, 1.435112e-01, 1.438637e-01, 1.440399e-01, 1.442830e-01, 1.442964e-01
INFO:bingo.evolutionary_optimizers.parallel_archipelago:Evolution time 0:00:34.792047	 age 140	 fitness 1.406e-01
Level 25:bingo.evolutionary_optimizers.evolutionary_optimizer:Generation: 60 	 Elapsed time: 0:04:03.718996 	 Best training fitness: 1.405589e-01 	 
Level 25:bingo.evolutionary_optimizers.evolutionary_optimizer:60, 2.437190e+02, 744323, 1.405589e-01, 1.405589e-01, 1.427158e-01, 1.440399e-01, 1.442830e-01, 1.442964e-01
INFO:bingo.evolutionary_optimizers.parallel_archipelago:Evolution time 0:00:37.555695	 age 160	 fitness 1.402e-01
Level 25:bingo.evolutionary_optimizers.evolutionary_optimizer:Generation: 70 	 Elapsed time: 0:04:41.480255 	 Best training fitness: 1.402476e-01 	 
Level 25:bingo.evolutionary_optimizers.evolutionary_optimizer:70, 2.814803e+02, 875665, 1.402476e-01, 1.402476e-01, 1.402694e-01, 1.413009e-01, 1.418400e-01, 1.427005e-01, 1.440399e-01, 1.442830e-01, 1.442964e-01
INFO:bingo.evolutionary_optimizers.parallel_archipelago:Evolution time 0:00:51.991350	 age 180	 fitness 1.401e-01
Level 25:bingo.evolutionary_optimizers.evolutionary_optimizer:Generation: 80 	 Elapsed time: 0:05:33.684000 	 Best training fitness: 1.401393e-01 	 
Level 25:bingo.evolutionary_optimizers.evolutionary_optimizer:80, 3.336840e+02, 1024559, 1.401393e-01, 1.401393e-01, 1.402290e-01, 1.413009e-01, 1.418212e-01, 1.418400e-01, 1.419215e-01, 1.440399e-01, 1.442830e-01, 1.442964e-01
INFO:bingo.evolutionary_optimizers.parallel_archipelago:Evolution time 0:00:36.482107	 age 210	 fitness 1.400e-01
Level 25:bingo.evolutionary_optimizers.evolutionary_optimizer:Generation: 90 	 Elapsed time: 0:06:10.405397 	 Best training fitness: 1.400058e-01 	 
Level 25:bingo.evolutionary_optimizers.evolutionary_optimizer:90, 3.704054e+02, 1147133, 1.400058e-01, 1.400058e-01, 1.400993e-01, 1.402280e-01, 1.413009e-01, 1.417507e-01, 1.418948e-01, 1.437846e-01, 1.442830e-01, 1.442964e-01
INFO:bingo.evolutionary_optimizers.parallel_archipelago:Evolution time 0:00:39.056282	 age 230	 fitness 1.400e-01
Level 25:bingo.evolutionary_optimizers.evolutionary_optimizer:Generation: 100 	 Elapsed time: 0:06:49.668098 	 Best training fitness: 1.400058e-01 	 
Level 25:bingo.evolutionary_optimizers.evolutionary_optimizer:100, 4.096681e+02, 1267709, 1.400058e-01, 1.400058e-01, 1.400412e-01, 1.400464e-01, 1.401425e-01, 1.413009e-01, 1.417507e-01, 1.418900e-01, 1.437846e-01, 1.442830e-01, 1.442964e-01
INFO:bingo.evolutionary_optimizers.parallel_archipelago:Evolution time 0:00:23.441349	 age 250	 fitness 1.400e-01
Level 25:bingo.evolutionary_optimizers.evolutionary_optimizer:Generation: 110 	 Elapsed time: 0:07:13.311311 	 Best training fitness: 1.399984e-01 	 
Level 25:bingo.evolutionary_optimizers.evolutionary_optimizer:110, 4.333113e+02, 1381807, 1.399984e-01, 1.399984e-01, 1.400412e-01, 1.400464e-01, 1.401425e-01, 1.413009e-01, 1.417507e-01, 1.418900e-01, 1.428806e-01, 1.442830e-01, 1.442964e-01
INFO:bingo.evolutionary_optimizers.parallel_archipelago:Evolution time 0:00:24.726824	 age 270	 fitness 1.400e-01
Level 25:bingo.evolutionary_optimizers.evolutionary_optimizer:Generation: 120 	 Elapsed time: 0:07:38.240055 	 Best training fitness: 1.399766e-01 	 
Level 25:bingo.evolutionary_optimizers.evolutionary_optimizer:120, 4.582401e+02, 1500496, 1.399766e-01, 1.399766e-01, 1.400412e-01, 1.400464e-01, 1.401425e-01, 1.413009e-01, 1.417507e-01, 1.417691e-01, 1.428806e-01, 1.442830e-01, 1.442964e-01
INFO:bingo.evolutionary_optimizers.parallel_archipelago:Evolution time 0:00:39.719558	 age 280	 fitness 1.399e-01
Level 25:bingo.evolutionary_optimizers.evolutionary_optimizer:Generation: 130 	 Elapsed time: 0:08:18.162081 	 Best training fitness: 1.399264e-01 	 
Level 25:bingo.evolutionary_optimizers.evolutionary_optimizer:130, 4.981621e+02, 1636439, 1.399264e-01, 1.399264e-01, 1.399766e-01, 1.400412e-01, 1.400464e-01, 1.400760e-01, 1.401253e-01, 1.413170e-01, 1.442830e-01, 1.442964e-01
INFO:bingo.evolutionary_optimizers.parallel_archipelago:Evolution time 0:00:37.449609	 age 300	 fitness 1.372e-01
Level 25:bingo.evolutionary_optimizers.evolutionary_optimizer:Generation: 140 	 Elapsed time: 0:08:55.815056 	 Best training fitness: 1.371791e-01 	 
Level 25:bingo.evolutionary_optimizers.evolutionary_optimizer:140, 5.358151e+02, 1781051, 1.371791e-01, 1.371791e-01, 1.376267e-01, 1.400384e-01, 1.442964e-01
INFO:bingo.evolutionary_optimizers.parallel_archipelago:Evolution time 0:00:30.413343	 age 330	 fitness 1.310e-01
Level 25:bingo.evolutionary_optimizers.evolutionary_optimizer:Generation: 150 	 Elapsed time: 0:09:26.422298 	 Best training fitness: 1.310247e-01 	 
Level 25:bingo.evolutionary_optimizers.evolutionary_optimizer:150, 5.664223e+02, 1865904, 1.310247e-01, 1.310247e-01, 1.400384e-01, 1.442658e-01, 1.442964e-01
INFO:bingo.evolutionary_optimizers.parallel_archipelago:Evolution time 0:00:25.125082	 age 340	 fitness 1.289e-01
Level 25:bingo.evolutionary_optimizers.evolutionary_optimizer:Generation: 160 	 Elapsed time: 0:09:51.805769 	 Best training fitness: 1.288750e-01 	 
Level 25:bingo.evolutionary_optimizers.evolutionary_optimizer:160, 5.918058e+02, 1942542, 1.288750e-01, 1.288750e-01, 1.310247e-01, 1.400384e-01, 1.442658e-01, 1.442964e-01
INFO:bingo.evolutionary_optimizers.parallel_archipelago:Evolution time 0:00:28.343226	 age 370	 fitness 1.140e-01
Level 25:bingo.evolutionary_optimizers.evolutionary_optimizer:Generation: 170 	 Elapsed time: 0:10:20.336705 	 Best training fitness: 1.139910e-01 	 
Level 25:bingo.evolutionary_optimizers.evolutionary_optimizer:170, 6.203367e+02, 2028334, 1.139910e-01, 1.139910e-01, 1.400384e-01, 1.442658e-01, 1.442964e-01
INFO:bingo.evolutionary_optimizers.parallel_archipelago:Evolution time 0:00:35.967229	 age 380	 fitness 9.551e-03
Level 25:bingo.evolutionary_optimizers.evolutionary_optimizer:Generation: 180 	 Elapsed time: 0:10:56.509478 	 Best training fitness: 9.550609e-03 	 
Level 25:bingo.evolutionary_optimizers.evolutionary_optimizer:180, 6.565095e+02, 2100263, 9.550609e-03, 9.550609e-03, 1.138399e-01, 1.400384e-01, 1.442658e-01, 1.442839e-01
INFO:bingo.evolutionary_optimizers.parallel_archipelago:Evolution time 0:00:28.699036	 age 390	 fitness 1.410e-03
Level 25:bingo.evolutionary_optimizers.evolutionary_optimizer:Generation: 190 	 Elapsed time: 0:11:25.428429 	 Best training fitness: 1.410203e-03 	 
Level 25:bingo.evolutionary_optimizers.evolutionary_optimizer:190, 6.854284e+02, 2162533, 1.410203e-03, 1.410203e-03, 1.442658e-01, 1.442839e-01
INFO:bingo.evolutionary_optimizers.parallel_archipelago:Evolution time 0:00:28.002835	 age 410	 fitness 8.531e-17
Level 25:bingo.evolutionary_optimizers.evolutionary_optimizer:Generation: 200 	 Elapsed time: 0:11:53.642913 	 Best training fitness: 8.531451e-17 	 
Level 25:bingo.evolutionary_optimizers.evolutionary_optimizer:200, 7.136429e+02, 2232887, 8.531451e-17, 8.531451e-17, 1.442658e-01, 1.442839e-01
Level 25:bingo.evolutionary_optimizers.evolutionary_optimizer:Evolution successfully converged.
Level 25:bingo.evolutionary_optimizers.evolutionary_optimizer:  Absolte convergence occurred with best fitness < 1e-10
Level 25:bingo.evolutionary_optimizers.evolutionary_optimizer:Hall of Fame:
8.53145101442861e-17	7	sin(log((X_0)(X_0) + (X_1)(X_1)))
0.14426582533553542	6	sin((-0.486608)((-0.486608)(-0.486608)) + -0.486608 + (-0.486608)((-0.486608)(-0.486608)) + -0.486608)
0.14428387983487292	1	-0.934809
