Level 25:bingo.evolutionary_optimizers.evolutionary_optimizer:#generational_age, elapsed_time, fitness_evaluation_count, current_training_fitness, hall_of_fame_fitnesses
Level 25:bingo.evolutionary_optimizers.evolutionary_optimizer:#generational_age, elapsed_time, fitness_evaluation_count, current_training_fitness, hall_of_fame_fitnesses
Level 25:bingo.evolutionary_optimizers.evolutionary_optimizer:Generation: 0 	 Elapsed time: 0:00:04.664511 	 Best training fitness: 1.447856e-01 	 
Level 25:bingo.evolutionary_optimizers.evolutionary_optimizer:0, 4.664511e+00, 13409, 1.447856e-01
INFO:bingo.evolutionary_optimizers.parallel_archipelago:Evolution time 0:00:41.495868	 age 50	 fitness 1.444e-01
Level 25:bingo.evolutionary_optimizers.evolutionary_optimizer:Generation: 10 	 Elapsed time: 0:00:46.484261 	 Best training fitness: 1.443517e-01 	 
Level 25:bingo.evolutionary_optimizers.evolutionary_optimizer:10, 4.648426e+01, 190269, 1.443517e-01, 1.443517e-01, 1.446069e-01, 1.450035e-01
INFO:bingo.evolutionary_optimizers.parallel_archipelago:Evolution time 0:00:44.970785	 age 80	 fitness 1.443e-01
Level 25:bingo.evolutionary_optimizers.evolutionary_optimizer:Generation: 20 	 Elapsed time: 0:01:31.808581 	 Best training fitness: 1.442936e-01 	 
Level 25:bingo.evolutionary_optimizers.evolutionary_optimizer:20, 9.180858e+01, 326678, 1.442936e-01, 1.442936e-01, 1.444165e-01
INFO:bingo.evolutionary_optimizers.parallel_archipelago:Evolution time 0:00:23.474242	 age 100	 fitness 1.408e-01
Level 25:bingo.evolutionary_optimizers.evolutionary_optimizer:Generation: 30 	 Elapsed time: 0:01:55.680466 	 Best training fitness: 1.407723e-01 	 
Level 25:bingo.evolutionary_optimizers.evolutionary_optimizer:30, 1.156805e+02, 414714, 1.407723e-01, 1.407723e-01, 1.442869e-01, 1.442936e-01, 1.443412e-01
INFO:bingo.evolutionary_optimizers.parallel_archipelago:Evolution time 0:00:21.817775	 age 120	 fitness 1.064e-01
Level 25:bingo.evolutionary_optimizers.evolutionary_optimizer:Generation: 40 	 Elapsed time: 0:02:17.849962 	 Best training fitness: 1.064111e-01 	 
Level 25:bingo.evolutionary_optimizers.evolutionary_optimizer:40, 1.378500e+02, 496131, 1.064111e-01, 1.064111e-01, 1.442936e-01, 1.443389e-01
INFO:bingo.evolutionary_optimizers.parallel_archipelago:Evolution time 0:00:32.576690	 age 150	 fitness 9.766e-02
Level 25:bingo.evolutionary_optimizers.evolutionary_optimizer:Generation: 50 	 Elapsed time: 0:02:50.793641 	 Best training fitness: 9.766260e-02 	 
Level 25:bingo.evolutionary_optimizers.evolutionary_optimizer:50, 1.707936e+02, 601974, 9.766260e-02, 9.766260e-02, 1.026690e-01, 1.061551e-01, 1.436312e-01, 1.442936e-01, 1.443389e-01
INFO:bingo.evolutionary_optimizers.parallel_archipelago:Evolution time 0:00:50.575158	 age 180	 fitness 9.520e-02
Level 25:bingo.evolutionary_optimizers.evolutionary_optimizer:Generation: 60 	 Elapsed time: 0:03:41.743574 	 Best training fitness: 9.519654e-02 	 
Level 25:bingo.evolutionary_optimizers.evolutionary_optimizer:60, 2.217436e+02, 733023, 9.519654e-02, 9.519654e-02, 9.751534e-02, 1.026690e-01, 1.061551e-01, 1.436312e-01, 1.442936e-01, 1.443389e-01
INFO:bingo.evolutionary_optimizers.parallel_archipelago:Evolution time 0:00:34.842995	 age 210	 fitness 8.352e-02
Level 25:bingo.evolutionary_optimizers.evolutionary_optimizer:Generation: 70 	 Elapsed time: 0:04:16.963513 	 Best training fitness: 8.351675e-02 	 
Level 25:bingo.evolutionary_optimizers.evolutionary_optimizer:70, 2.569635e+02, 862551, 8.351675e-02, 8.351675e-02, 9.495065e-02, 9.751534e-02, 1.026690e-01, 1.061551e-01, 1.436312e-01, 1.442936e-01, 1.443389e-01
INFO:bingo.evolutionary_optimizers.parallel_archipelago:Evolution time 0:00:37.159186	 age 230	 fitness 8.347e-02
Level 25:bingo.evolutionary_optimizers.evolutionary_optimizer:Generation: 80 	 Elapsed time: 0:04:54.505375 	 Best training fitness: 8.347445e-02 	 
Level 25:bingo.evolutionary_optimizers.evolutionary_optimizer:80, 2.945054e+02, 997888, 8.347445e-02, 8.347445e-02, 9.017464e-02, 9.017683e-02, 9.731810e-02, 1.061551e-01, 1.435733e-01, 1.442936e-01, 1.443389e-01
INFO:bingo.evolutionary_optimizers.parallel_archipelago:Evolution time 0:00:32.073701	 age 250	 fitness 7.475e-02
Level 25:bingo.evolutionary_optimizers.evolutionary_optimizer:Generation: 90 	 Elapsed time: 0:05:26.930464 	 Best training fitness: 7.475325e-02 	 
Level 25:bingo.evolutionary_optimizers.evolutionary_optimizer:90, 3.269305e+02, 1114118, 7.475325e-02, 7.475325e-02, 8.659653e-02, 9.017683e-02, 9.417514e-02, 1.061551e-01, 1.435477e-01, 1.442906e-01, 1.443389e-01
INFO:bingo.evolutionary_optimizers.parallel_archipelago:Evolution time 0:00:25.648024	 age 270	 fitness 7.469e-02
Level 25:bingo.evolutionary_optimizers.evolutionary_optimizer:Generation: 100 	 Elapsed time: 0:05:52.819191 	 Best training fitness: 7.468881e-02 	 
Level 25:bingo.evolutionary_optimizers.evolutionary_optimizer:100, 3.528192e+02, 1228328, 7.468881e-02, 7.468881e-02, 8.659653e-02, 9.017683e-02, 9.403894e-02, 1.061551e-01, 1.435477e-01, 1.442906e-01, 1.443389e-01
INFO:bingo.evolutionary_optimizers.parallel_archipelago:Evolution time 0:00:38.150348	 age 290	 fitness 7.469e-02
Level 25:bingo.evolutionary_optimizers.evolutionary_optimizer:Generation: 110 	 Elapsed time: 0:06:31.210533 	 Best training fitness: 7.468881e-02 	 
Level 25:bingo.evolutionary_optimizers.evolutionary_optimizer:110, 3.912105e+02, 1365919, 7.468881e-02, 7.468881e-02, 7.581128e-02, 9.403894e-02, 1.061551e-01, 1.435310e-01, 1.442906e-01, 1.443389e-01
INFO:bingo.evolutionary_optimizers.parallel_archipelago:Evolution time 0:00:30.959555	 age 310	 fitness 7.160e-02
Level 25:bingo.evolutionary_optimizers.evolutionary_optimizer:Generation: 120 	 Elapsed time: 0:07:02.382740 	 Best training fitness: 7.159736e-02 	 
Level 25:bingo.evolutionary_optimizers.evolutionary_optimizer:120, 4.223827e+02, 1486753, 7.159736e-02, 7.159736e-02, 9.403894e-02, 9.413254e-02, 1.061551e-01, 1.435310e-01, 1.442906e-01, 1.443389e-01
INFO:bingo.evolutionary_optimizers.parallel_archipelago:Evolution time 0:00:47.692459	 age 330	 fitness 7.155e-02
Level 25:bingo.evolutionary_optimizers.evolutionary_optimizer:Generation: 130 	 Elapsed time: 0:07:50.278543 	 Best training fitness: 7.154855e-02 	 
Level 25:bingo.evolutionary_optimizers.evolutionary_optimizer:130, 4.702785e+02, 1650924, 7.154855e-02, 7.154855e-02, 7.735788e-02, 9.413254e-02, 1.061551e-01, 1.435310e-01, 1.442906e-01, 1.443389e-01
INFO:bingo.evolutionary_optimizers.parallel_archipelago:Evolution time 0:00:46.953758	 age 350	 fitness 8.531e-17
Level 25:bingo.evolutionary_optimizers.evolutionary_optimizer:Generation: 140 	 Elapsed time: 0:08:37.431016 	 Best training fitness: 8.531451e-17 	 
Level 25:bingo.evolutionary_optimizers.evolutionary_optimizer:140, 5.174310e+02, 1808864, 8.531451e-17, 8.531451e-17, 1.435310e-01, 1.442906e-01, 1.443389e-01
Level 25:bingo.evolutionary_optimizers.evolutionary_optimizer:Evolution successfully converged.
Level 25:bingo.evolutionary_optimizers.evolutionary_optimizer:  Absolte convergence occurred with best fitness < 1e-10
Level 25:bingo.evolutionary_optimizers.evolutionary_optimizer:Hall of Fame:
8.53145101442861e-17	7	sin(log((X_0)(X_0) + (X_1)(X_1)))
0.14353099054997434	6	(-0.090480)(log(X_1)) + -0.787923
0.14429058190930147	3	sin(log(-0.000562))
0.14433894209349038	1	-0.933013
