Level 25:bingo.evolutionary_optimizers.evolutionary_optimizer:#generational_age, elapsed_time, fitness_evaluation_count, current_training_fitness, hall_of_fame_fitnesses
Level 25:bingo.evolutionary_optimizers.evolutionary_optimizer:#generational_age, elapsed_time, fitness_evaluation_count, current_training_fitness, hall_of_fame_fitnesses
Level 25:bingo.evolutionary_optimizers.evolutionary_optimizer:Generation: 0 	 Elapsed time: 0:00:04.967315 	 Best training fitness: 1.924163e-01 	 
Level 25:bingo.evolutionary_optimizers.evolutionary_optimizer:0, 4.967315e+00, 13349, 1.924163e-01
INFO:bingo.evolutionary_optimizers.parallel_archipelago:Evolution time 0:00:58.191302	 age 40	 fitness 1.923e-01
Level 25:bingo.evolutionary_optimizers.evolutionary_optimizer:Generation: 10 	 Elapsed time: 0:01:03.450740 	 Best training fitness: 1.923383e-01 	 
Level 25:bingo.evolutionary_optimizers.evolutionary_optimizer:10, 6.345074e+01, 167632, 1.923383e-01, 1.923383e-01, 1.923524e-01, 1.924054e-01
INFO:bingo.evolutionary_optimizers.parallel_archipelago:Evolution time 0:00:44.501992	 age 60	 fitness 1.923e-01
Level 25:bingo.evolutionary_optimizers.evolutionary_optimizer:Generation: 20 	 Elapsed time: 0:01:48.260357 	 Best training fitness: 1.922909e-01 	 
Level 25:bingo.evolutionary_optimizers.evolutionary_optimizer:20, 1.082604e+02, 271135, 1.922909e-01, 1.922909e-01, 1.923082e-01, 1.923151e-01, 1.923364e-01, 1.923524e-01, 1.923870e-01
INFO:bingo.evolutionary_optimizers.parallel_archipelago:Evolution time 0:00:46.299724	 age 80	 fitness 1.914e-01
Level 25:bingo.evolutionary_optimizers.evolutionary_optimizer:Generation: 30 	 Elapsed time: 0:02:34.907381 	 Best training fitness: 1.913989e-01 	 
Level 25:bingo.evolutionary_optimizers.evolutionary_optimizer:30, 1.549074e+02, 367439, 1.913989e-01, 1.913989e-01, 1.922909e-01, 1.923035e-01, 1.923082e-01, 1.923151e-01, 1.923364e-01, 1.923524e-01, 1.923669e-01
INFO:bingo.evolutionary_optimizers.parallel_archipelago:Evolution time 0:00:49.314458	 age 100	 fitness 1.912e-01
Level 25:bingo.evolutionary_optimizers.evolutionary_optimizer:Generation: 40 	 Elapsed time: 0:03:24.531630 	 Best training fitness: 1.912420e-01 	 
Level 25:bingo.evolutionary_optimizers.evolutionary_optimizer:40, 2.045316e+02, 482549, 1.912420e-01, 1.912420e-01, 1.913228e-01, 1.923082e-01, 1.923151e-01, 1.923364e-01, 1.923524e-01, 1.923669e-01
INFO:bingo.evolutionary_optimizers.parallel_archipelago:Evolution time 0:00:34.900684	 age 110	 fitness 1.640e-01
Level 25:bingo.evolutionary_optimizers.evolutionary_optimizer:Generation: 50 	 Elapsed time: 0:03:59.752842 	 Best training fitness: 1.639916e-01 	 
Level 25:bingo.evolutionary_optimizers.evolutionary_optimizer:50, 2.397528e+02, 568894, 1.639916e-01, 1.639916e-01, 1.723346e-01, 1.913228e-01, 1.922964e-01, 1.923492e-01, 1.923669e-01
INFO:bingo.evolutionary_optimizers.parallel_archipelago:Evolution time 0:00:42.796139	 age 130	 fitness 1.641e-01
Level 25:bingo.evolutionary_optimizers.evolutionary_optimizer:Generation: 60 	 Elapsed time: 0:04:42.868252 	 Best training fitness: 1.640616e-01 	 
Level 25:bingo.evolutionary_optimizers.evolutionary_optimizer:60, 2.828683e+02, 670334, 1.640616e-01, 1.639916e-01, 1.723346e-01, 1.912138e-01, 1.915375e-01, 1.922964e-01, 1.923065e-01
INFO:bingo.evolutionary_optimizers.parallel_archipelago:Evolution time 0:00:29.771242	 age 140	 fitness 1.563e-01
Level 25:bingo.evolutionary_optimizers.evolutionary_optimizer:Generation: 70 	 Elapsed time: 0:05:12.951873 	 Best training fitness: 1.562687e-01 	 
Level 25:bingo.evolutionary_optimizers.evolutionary_optimizer:70, 3.129519e+02, 742937, 1.562687e-01, 1.562687e-01, 1.922954e-01, 1.922962e-01
INFO:bingo.evolutionary_optimizers.parallel_archipelago:Evolution time 0:00:28.097112	 age 150	 fitness 1.530e-01
Level 25:bingo.evolutionary_optimizers.evolutionary_optimizer:Generation: 80 	 Elapsed time: 0:05:41.355151 	 Best training fitness: 1.529662e-01 	 
Level 25:bingo.evolutionary_optimizers.evolutionary_optimizer:80, 3.413552e+02, 814778, 1.529662e-01, 1.529662e-01, 1.561752e-01, 1.915299e-01, 1.922954e-01, 1.922962e-01
INFO:bingo.evolutionary_optimizers.parallel_archipelago:Evolution time 0:00:50.404708	 age 160	 fitness 1.529e-01
Level 25:bingo.evolutionary_optimizers.evolutionary_optimizer:Generation: 90 	 Elapsed time: 0:06:32.091540 	 Best training fitness: 1.528773e-01 	 
Level 25:bingo.evolutionary_optimizers.evolutionary_optimizer:90, 3.920915e+02, 901734, 1.528773e-01, 1.528773e-01, 1.561752e-01, 1.915299e-01, 1.918993e-01, 1.922954e-01, 1.922962e-01
INFO:bingo.evolutionary_optimizers.parallel_archipelago:Evolution time 0:00:52.136317	 age 170	 fitness 1.107e-01
Level 25:bingo.evolutionary_optimizers.evolutionary_optimizer:Generation: 100 	 Elapsed time: 0:07:24.589427 	 Best training fitness: 1.106619e-01 	 
Level 25:bingo.evolutionary_optimizers.evolutionary_optimizer:100, 4.445894e+02, 998330, 1.106619e-01, 1.106619e-01, 1.487761e-01, 1.517322e-01, 1.915299e-01, 1.918993e-01, 1.922954e-01, 1.922962e-01
INFO:bingo.evolutionary_optimizers.parallel_archipelago:Evolution time 0:00:49.952265	 age 190	 fitness 1.107e-01
Level 25:bingo.evolutionary_optimizers.evolutionary_optimizer:Generation: 110 	 Elapsed time: 0:08:14.856017 	 Best training fitness: 1.107224e-01 	 
Level 25:bingo.evolutionary_optimizers.evolutionary_optimizer:110, 4.948560e+02, 1119117, 1.107224e-01, 1.106619e-01, 1.482846e-01, 1.551885e-01, 1.918993e-01, 1.922954e-01, 1.922962e-01
INFO:bingo.evolutionary_optimizers.parallel_archipelago:Evolution time 0:00:33.435076	 age 210	 fitness 1.084e-01
Level 25:bingo.evolutionary_optimizers.evolutionary_optimizer:Generation: 120 	 Elapsed time: 0:08:48.603606 	 Best training fitness: 1.083938e-01 	 
Level 25:bingo.evolutionary_optimizers.evolutionary_optimizer:120, 5.286036e+02, 1203922, 1.083938e-01, 1.083938e-01, 1.104119e-01, 1.105531e-01, 1.106296e-01, 1.109559e-01, 1.551885e-01, 1.918993e-01, 1.922954e-01, 1.922962e-01
INFO:bingo.evolutionary_optimizers.parallel_archipelago:Evolution time 0:00:38.514023	 age 220	 fitness 9.578e-02
Level 25:bingo.evolutionary_optimizers.evolutionary_optimizer:Generation: 130 	 Elapsed time: 0:09:27.434840 	 Best training fitness: 9.577998e-02 	 
Level 25:bingo.evolutionary_optimizers.evolutionary_optimizer:130, 5.674348e+02, 1293755, 9.577998e-02, 9.577998e-02, 1.034413e-01, 1.551885e-01, 1.918993e-01, 1.922954e-01, 1.922962e-01
INFO:bingo.evolutionary_optimizers.parallel_archipelago:Evolution time 0:00:44.726230	 age 230	 fitness 9.577e-02
Level 25:bingo.evolutionary_optimizers.evolutionary_optimizer:Generation: 140 	 Elapsed time: 0:10:12.474281 	 Best training fitness: 9.577057e-02 	 
Level 25:bingo.evolutionary_optimizers.evolutionary_optimizer:140, 6.124743e+02, 1398133, 9.577057e-02, 9.577057e-02, 9.581812e-02, 9.605844e-02, 1.034413e-01, 1.362866e-01, 1.918993e-01, 1.922954e-01, 1.922962e-01
INFO:bingo.evolutionary_optimizers.parallel_archipelago:Evolution time 0:00:44.813699	 age 240	 fitness 9.576e-02
Level 25:bingo.evolutionary_optimizers.evolutionary_optimizer:Generation: 150 	 Elapsed time: 0:10:57.603186 	 Best training fitness: 9.575571e-02 	 
Level 25:bingo.evolutionary_optimizers.evolutionary_optimizer:150, 6.576032e+02, 1507110, 9.575571e-02, 9.575571e-02, 9.575712e-02, 9.600231e-02, 9.606329e-02, 1.034413e-01, 1.362866e-01, 1.918993e-01, 1.922954e-01, 1.922962e-01
INFO:bingo.evolutionary_optimizers.parallel_archipelago:Evolution time 0:00:38.330390	 age 260	 fitness 5.300e-02
Level 25:bingo.evolutionary_optimizers.evolutionary_optimizer:Generation: 160 	 Elapsed time: 0:11:36.288682 	 Best training fitness: 5.300280e-02 	 
Level 25:bingo.evolutionary_optimizers.evolutionary_optimizer:160, 6.962887e+02, 1606976, 5.300280e-02, 5.300280e-02, 5.431569e-02, 1.362866e-01, 1.571050e-01, 1.922954e-01, 1.922962e-01
INFO:bingo.evolutionary_optimizers.parallel_archipelago:Evolution time 0:00:50.401345	 age 280	 fitness 4.848e-02
Level 25:bingo.evolutionary_optimizers.evolutionary_optimizer:Generation: 170 	 Elapsed time: 0:12:27.035688 	 Best training fitness: 4.848229e-02 	 
Level 25:bingo.evolutionary_optimizers.evolutionary_optimizer:170, 7.470357e+02, 1710010, 4.848229e-02, 4.848229e-02, 6.566043e-02, 1.922954e-01, 1.922962e-01
INFO:bingo.evolutionary_optimizers.parallel_archipelago:Evolution time 0:00:36.388079	 age 300	 fitness 0.000e+00
Level 25:bingo.evolutionary_optimizers.evolutionary_optimizer:Generation: 180 	 Elapsed time: 0:13:03.730256 	 Best training fitness: 0.000000e+00 	 
Level 25:bingo.evolutionary_optimizers.evolutionary_optimizer:180, 7.837303e+02, 1816389, 0.000000e+00, 0.000000e+00, 1.922954e-01, 1.922962e-01
Level 25:bingo.evolutionary_optimizers.evolutionary_optimizer:Evolution successfully converged.
Level 25:bingo.evolutionary_optimizers.evolutionary_optimizer:  Absolte convergence occurred with best fitness < 1e-10
Level 25:bingo.evolutionary_optimizers.evolutionary_optimizer:Hall of Fame:
0.0	7	sin(log((X_1)(X_1) + (X_0)(X_0)))
0.19229543648582215	5	(-1.487345)((-3.380345)(-0.185680))
0.19229615593953778	1	-0.933442
