Level 25:bingo.evolutionary_optimizers.evolutionary_optimizer:#generational_age, elapsed_time, fitness_evaluation_count, current_training_fitness, hall_of_fame_fitnesses
Level 25:bingo.evolutionary_optimizers.evolutionary_optimizer:#generational_age, elapsed_time, fitness_evaluation_count, current_training_fitness, hall_of_fame_fitnesses
Level 25:bingo.evolutionary_optimizers.evolutionary_optimizer:Generation: 0 	 Elapsed time: 0:00:02.483107 	 Best training fitness: 1.205070e-01 	 
Level 25:bingo.evolutionary_optimizers.evolutionary_optimizer:0, 2.483107e+00, 13107, 1.205070e-01
INFO:bingo.evolutionary_optimizers.parallel_archipelago:Evolution time 0:00:27.226338	 age 20	 fitness 1.204e-01
Level 25:bingo.evolutionary_optimizers.evolutionary_optimizer:Generation: 10 	 Elapsed time: 0:00:29.887109 	 Best training fitness: 1.203633e-01 	 
Level 25:bingo.evolutionary_optimizers.evolutionary_optimizer:10, 2.988711e+01, 126370, 1.203633e-01, 1.203633e-01, 1.204169e-01, 1.207954e-01
INFO:bingo.evolutionary_optimizers.parallel_archipelago:Evolution time 0:00:24.818053	 age 30	 fitness 1.203e-01
Level 25:bingo.evolutionary_optimizers.evolutionary_optimizer:Generation: 20 	 Elapsed time: 0:00:54.895022 	 Best training fitness: 1.202846e-01 	 
Level 25:bingo.evolutionary_optimizers.evolutionary_optimizer:20, 5.489502e+01, 200840, 1.202846e-01, 1.202846e-01, 1.203575e-01, 1.203666e-01, 1.204909e-01
INFO:bingo.evolutionary_optimizers.parallel_archipelago:Evolution time 0:00:24.525590	 age 50	 fitness 1.203e-01
Level 25:bingo.evolutionary_optimizers.evolutionary_optimizer:Generation: 30 	 Elapsed time: 0:01:19.639562 	 Best training fitness: 1.202530e-01 	 
Level 25:bingo.evolutionary_optimizers.evolutionary_optimizer:30, 7.963956e+01, 281273, 1.202530e-01, 1.202530e-01, 1.203134e-01, 1.203575e-01, 1.203666e-01, 1.204593e-01
INFO:bingo.evolutionary_optimizers.parallel_archipelago:Evolution time 0:00:23.742945	 age 80	 fitness 1.203e-01
Level 25:bingo.evolutionary_optimizers.evolutionary_optimizer:Generation: 40 	 Elapsed time: 0:01:43.575475 	 Best training fitness: 1.202896e-01 	 
Level 25:bingo.evolutionary_optimizers.evolutionary_optimizer:40, 1.035755e+02, 365580, 1.202896e-01, 1.202530e-01, 1.202896e-01, 1.202902e-01, 1.203816e-01, 1.204593e-01
INFO:bingo.evolutionary_optimizers.parallel_archipelago:Evolution time 0:00:24.907903	 age 110	 fitness 8.473e-02
Level 25:bingo.evolutionary_optimizers.evolutionary_optimizer:Generation: 50 	 Elapsed time: 0:02:08.675452 	 Best training fitness: 8.473375e-02 	 
Level 25:bingo.evolutionary_optimizers.evolutionary_optimizer:50, 1.286755e+02, 435995, 8.473375e-02, 8.473375e-02, 1.202896e-01, 1.202902e-01, 1.203547e-01, 1.204564e-01
INFO:bingo.evolutionary_optimizers.parallel_archipelago:Evolution time 0:00:15.312273	 age 130	 fitness 7.110e-17
Level 25:bingo.evolutionary_optimizers.evolutionary_optimizer:Generation: 60 	 Elapsed time: 0:02:24.179704 	 Best training fitness: 7.109543e-17 	 
Level 25:bingo.evolutionary_optimizers.evolutionary_optimizer:60, 1.441797e+02, 491937, 7.109543e-17, 7.109543e-17, 1.202896e-01, 1.202902e-01, 1.203547e-01, 1.204564e-01
Level 25:bingo.evolutionary_optimizers.evolutionary_optimizer:Evolution successfully converged.
Level 25:bingo.evolutionary_optimizers.evolutionary_optimizer:  Absolte convergence occurred with best fitness < 1e-10
Level 25:bingo.evolutionary_optimizers.evolutionary_optimizer:Hall of Fame:
7.109542512023842e-17	7	sin(log((X_1)(X_1) + (X_0)(X_0)))
0.1202896484643725	6	sin(0.097534 + 0.097534 + 0.097534 + 0.097534 + log(0.097534))
0.12029021639125012	3	sin(log(0.000267))
0.12035472917209515	2	sin(-1.218993)
0.12045644606061255	1	-0.940548
