Level 25:bingo.evolutionary_optimizers.evolutionary_optimizer:#generational_age, elapsed_time, fitness_evaluation_count, current_training_fitness, hall_of_fame_fitnesses
Level 25:bingo.evolutionary_optimizers.evolutionary_optimizer:#generational_age, elapsed_time, fitness_evaluation_count, current_training_fitness, hall_of_fame_fitnesses
Level 25:bingo.evolutionary_optimizers.parallel_archipelago:Saving checkpoint: src/bingo_bias_vias_decomposition/checkpoints_st_30/implicit_st_30_p3_p7_1_0.pkl
INFO:bingo.evolutionary_optimizers.parallel_archipelago:Saved successfully
Level 25:bingo.evolutionary_optimizers.evolutionary_optimizer:Generation: 0 	 Elapsed time: 0:00:04.857703 	 Best training fitness: 7.254846e-02 	 
Level 25:bingo.evolutionary_optimizers.evolutionary_optimizer:0, 4.857703e+00, 13867, 7.254846e-02
INFO:bingo.evolutionary_optimizers.parallel_archipelago:Performing migration between Islands
INFO:bingo.evolutionary_optimizers.parallel_archipelago:Evolution time 0:00:40.352916	 age 20	 fitness 7.230e-02
Level 25:bingo.evolutionary_optimizers.parallel_archipelago:Saving checkpoint: src/bingo_bias_vias_decomposition/checkpoints_st_30/implicit_st_30_p3_p7_1_10.pkl
INFO:bingo.evolutionary_optimizers.parallel_archipelago:Saved successfully
Level 25:bingo.evolutionary_optimizers.evolutionary_optimizer:Generation: 10 	 Elapsed time: 0:00:45.524146 	 Best training fitness: 7.230105e-02 	 
Level 25:bingo.evolutionary_optimizers.evolutionary_optimizer:10, 4.552415e+01, 139694, 7.230105e-02, 7.230105e-02
INFO:bingo.evolutionary_optimizers.parallel_archipelago:Performing migration between Islands
INFO:bingo.evolutionary_optimizers.parallel_archipelago:Evolution time 0:00:30.091654	 age 30	 fitness 4.266e-17
Level 25:bingo.evolutionary_optimizers.parallel_archipelago:Saving checkpoint: src/bingo_bias_vias_decomposition/checkpoints_st_30/implicit_st_30_p3_p7_1_20.pkl
INFO:bingo.evolutionary_optimizers.parallel_archipelago:Saved successfully
Level 25:bingo.evolutionary_optimizers.evolutionary_optimizer:Generation: 20 	 Elapsed time: 0:01:15.971086 	 Best training fitness: 4.265726e-17 	 
Level 25:bingo.evolutionary_optimizers.evolutionary_optimizer:20, 7.597109e+01, 210201, 4.265726e-17, 4.265726e-17, 7.229206e-02, 7.230105e-02
Level 25:bingo.evolutionary_optimizers.evolutionary_optimizer:Evolution successfully converged.
Level 25:bingo.evolutionary_optimizers.evolutionary_optimizer:  Absolte convergence occurred with best fitness < 1e-10
Level 25:bingo.evolutionary_optimizers.evolutionary_optimizer:Hall of Fame:
4.2657255072143056e-17	7	sin(log((X_1)(X_1) + (X_0)(X_0)))
0.07229206068325834	4	sin(log(-0.072461 + -0.072461))
0.07230104996029935	1	-0.933029
