Level 25:bingo.evolutionary_optimizers.evolutionary_optimizer:#generational_age, elapsed_time, fitness_evaluation_count, current_training_fitness, hall_of_fame_fitnesses
Level 25:bingo.evolutionary_optimizers.evolutionary_optimizer:#generational_age, elapsed_time, fitness_evaluation_count, current_training_fitness, hall_of_fame_fitnesses
Level 25:bingo.evolutionary_optimizers.evolutionary_optimizer:Generation: 0 	 Elapsed time: 0:00:03.120080 	 Best training fitness: 2.163820e-01 	 
Level 25:bingo.evolutionary_optimizers.evolutionary_optimizer:0, 3.120080e+00, 14830, 2.163820e-01
INFO:bingo.evolutionary_optimizers.parallel_archipelago:Evolution time 0:00:24.304110	 age 20	 fitness 2.163e-01
Level 25:bingo.evolutionary_optimizers.evolutionary_optimizer:Generation: 10 	 Elapsed time: 0:00:27.606761 	 Best training fitness: 2.162961e-01 	 
Level 25:bingo.evolutionary_optimizers.evolutionary_optimizer:10, 2.760676e+01, 136817, 2.162961e-01, 2.162961e-01, 2.163254e-01, 2.164057e-01
INFO:bingo.evolutionary_optimizers.parallel_archipelago:Evolution time 0:00:24.237216	 age 50	 fitness 2.161e-01
Level 25:bingo.evolutionary_optimizers.evolutionary_optimizer:Generation: 20 	 Elapsed time: 0:00:52.039927 	 Best training fitness: 2.160923e-01 	 
Level 25:bingo.evolutionary_optimizers.evolutionary_optimizer:20, 5.203993e+01, 223472, 2.160923e-01, 2.160923e-01, 2.162961e-01, 2.163042e-01, 2.163449e-01
INFO:bingo.evolutionary_optimizers.parallel_archipelago:Evolution time 0:00:27.324631	 age 80	 fitness 2.142e-01
Level 25:bingo.evolutionary_optimizers.evolutionary_optimizer:Generation: 30 	 Elapsed time: 0:01:19.587136 	 Best training fitness: 2.141674e-01 	 
Level 25:bingo.evolutionary_optimizers.evolutionary_optimizer:30, 7.958714e+01, 335434, 2.141674e-01, 2.141674e-01, 2.163042e-01, 2.163189e-01
INFO:bingo.evolutionary_optimizers.parallel_archipelago:Evolution time 0:00:20.659206	 age 90	 fitness 2.125e-01
Level 25:bingo.evolutionary_optimizers.evolutionary_optimizer:Generation: 40 	 Elapsed time: 0:01:40.441450 	 Best training fitness: 2.125158e-01 	 
Level 25:bingo.evolutionary_optimizers.evolutionary_optimizer:40, 1.004415e+02, 416328, 2.125158e-01, 2.125158e-01, 2.141468e-01, 2.163030e-01
INFO:bingo.evolutionary_optimizers.parallel_archipelago:Evolution time 0:00:14.634255	 age 100	 fitness 2.125e-01
Level 25:bingo.evolutionary_optimizers.evolutionary_optimizer:Generation: 50 	 Elapsed time: 0:01:55.270524 	 Best training fitness: 2.125046e-01 	 
Level 25:bingo.evolutionary_optimizers.evolutionary_optimizer:50, 1.152705e+02, 482648, 2.125046e-01, 2.125046e-01, 2.141468e-01, 2.162879e-01, 2.163030e-01
INFO:bingo.evolutionary_optimizers.parallel_archipelago:Evolution time 0:00:18.942762	 age 120	 fitness 2.121e-01
Level 25:bingo.evolutionary_optimizers.evolutionary_optimizer:Generation: 60 	 Elapsed time: 0:02:14.411840 	 Best training fitness: 2.120571e-01 	 
Level 25:bingo.evolutionary_optimizers.evolutionary_optimizer:60, 1.344118e+02, 567963, 2.120571e-01, 2.120571e-01, 2.124967e-01, 2.141335e-01, 2.162879e-01, 2.163030e-01
INFO:bingo.evolutionary_optimizers.parallel_archipelago:Evolution time 0:00:40.221569	 age 160	 fitness 2.120e-01
Level 25:bingo.evolutionary_optimizers.evolutionary_optimizer:Generation: 70 	 Elapsed time: 0:02:54.830878 	 Best training fitness: 2.119969e-01 	 
Level 25:bingo.evolutionary_optimizers.evolutionary_optimizer:70, 1.748309e+02, 685818, 2.119969e-01, 2.119969e-01, 2.124681e-01, 2.141275e-01, 2.162879e-01, 2.163030e-01
INFO:bingo.evolutionary_optimizers.parallel_archipelago:Evolution time 0:00:20.874274	 age 180	 fitness 2.120e-01
Level 25:bingo.evolutionary_optimizers.evolutionary_optimizer:Generation: 80 	 Elapsed time: 0:03:15.904031 	 Best training fitness: 2.119792e-01 	 
Level 25:bingo.evolutionary_optimizers.evolutionary_optimizer:80, 1.959040e+02, 767839, 2.119792e-01, 2.119792e-01, 2.124681e-01, 2.141202e-01, 2.162879e-01, 2.163030e-01
INFO:bingo.evolutionary_optimizers.parallel_archipelago:Evolution time 0:00:20.635703	 age 200	 fitness 2.118e-01
Level 25:bingo.evolutionary_optimizers.evolutionary_optimizer:Generation: 90 	 Elapsed time: 0:03:36.738006 	 Best training fitness: 2.118450e-01 	 
Level 25:bingo.evolutionary_optimizers.evolutionary_optimizer:90, 2.167380e+02, 870735, 2.118450e-01, 2.118450e-01, 2.124681e-01, 2.141202e-01, 2.162879e-01, 2.163030e-01
INFO:bingo.evolutionary_optimizers.parallel_archipelago:Evolution time 0:00:31.566246	 age 230	 fitness 2.118e-01
Level 25:bingo.evolutionary_optimizers.evolutionary_optimizer:Generation: 100 	 Elapsed time: 0:04:08.503787 	 Best training fitness: 2.117983e-01 	 
Level 25:bingo.evolutionary_optimizers.evolutionary_optimizer:100, 2.485038e+02, 999100, 2.117983e-01, 2.117983e-01, 2.121854e-01, 2.141202e-01, 2.162879e-01, 2.162983e-01
INFO:bingo.evolutionary_optimizers.parallel_archipelago:Evolution time 0:00:29.655221	 age 250	 fitness 1.873e-01
Level 25:bingo.evolutionary_optimizers.evolutionary_optimizer:Generation: 110 	 Elapsed time: 0:04:38.385674 	 Best training fitness: 1.873069e-01 	 
Level 25:bingo.evolutionary_optimizers.evolutionary_optimizer:110, 2.783857e+02, 1124262, 1.873069e-01, 1.873069e-01, 2.032416e-01, 2.141202e-01, 2.162821e-01
INFO:bingo.evolutionary_optimizers.parallel_archipelago:Evolution time 0:00:30.901773	 age 270	 fitness 1.775e-01
Level 25:bingo.evolutionary_optimizers.evolutionary_optimizer:Generation: 120 	 Elapsed time: 0:05:09.525159 	 Best training fitness: 1.774503e-01 	 
Level 25:bingo.evolutionary_optimizers.evolutionary_optimizer:120, 3.095252e+02, 1248591, 1.774503e-01, 1.774503e-01, 2.090566e-01, 2.162821e-01
INFO:bingo.evolutionary_optimizers.parallel_archipelago:Evolution time 0:00:21.142386	 age 290	 fitness 1.576e-01
Level 25:bingo.evolutionary_optimizers.evolutionary_optimizer:Generation: 130 	 Elapsed time: 0:05:30.862813 	 Best training fitness: 1.576321e-01 	 
Level 25:bingo.evolutionary_optimizers.evolutionary_optimizer:130, 3.308628e+02, 1322933, 1.576321e-01, 1.576321e-01, 2.090566e-01, 2.112706e-01, 2.162821e-01
INFO:bingo.evolutionary_optimizers.parallel_archipelago:Evolution time 0:00:11.530647	 age 300	 fitness 1.571e-01
Level 25:bingo.evolutionary_optimizers.evolutionary_optimizer:Generation: 140 	 Elapsed time: 0:05:42.591603 	 Best training fitness: 1.571242e-01 	 
Level 25:bingo.evolutionary_optimizers.evolutionary_optimizer:140, 3.425916e+02, 1386323, 1.571242e-01, 1.571242e-01, 1.576160e-01, 1.743901e-01, 2.090566e-01, 2.112706e-01, 2.162821e-01
INFO:bingo.evolutionary_optimizers.parallel_archipelago:Evolution time 0:00:32.095229	 age 320	 fitness 1.572e-01
Level 25:bingo.evolutionary_optimizers.evolutionary_optimizer:Generation: 150 	 Elapsed time: 0:06:14.886130 	 Best training fitness: 1.571548e-01 	 
Level 25:bingo.evolutionary_optimizers.evolutionary_optimizer:150, 3.748861e+02, 1508186, 1.571548e-01, 1.571242e-01, 1.576044e-01, 1.743679e-01, 2.090566e-01, 2.112706e-01, 2.162821e-01
INFO:bingo.evolutionary_optimizers.parallel_archipelago:Evolution time 0:00:21.144616	 age 330	 fitness 1.563e-01
Level 25:bingo.evolutionary_optimizers.evolutionary_optimizer:Generation: 160 	 Elapsed time: 0:06:36.230015 	 Best training fitness: 1.563224e-01 	 
Level 25:bingo.evolutionary_optimizers.evolutionary_optimizer:160, 3.962300e+02, 1598957, 1.563224e-01, 1.563224e-01, 1.575007e-01, 1.576044e-01, 1.743679e-01, 2.090566e-01, 2.112706e-01, 2.162821e-01
INFO:bingo.evolutionary_optimizers.parallel_archipelago:Evolution time 0:00:36.004911	 age 350	 fitness 1.563e-01
Level 25:bingo.evolutionary_optimizers.evolutionary_optimizer:Generation: 170 	 Elapsed time: 0:07:12.468495 	 Best training fitness: 1.563195e-01 	 
Level 25:bingo.evolutionary_optimizers.evolutionary_optimizer:170, 4.324685e+02, 1707618, 1.563195e-01, 1.563195e-01, 1.574917e-01, 1.576044e-01, 1.743679e-01, 2.090566e-01, 2.112706e-01, 2.162821e-01
INFO:bingo.evolutionary_optimizers.parallel_archipelago:Evolution time 0:00:20.146698	 age 360	 fitness 1.563e-01
Level 25:bingo.evolutionary_optimizers.evolutionary_optimizer:Generation: 180 	 Elapsed time: 0:07:32.847000 	 Best training fitness: 1.563203e-01 	 
Level 25:bingo.evolutionary_optimizers.evolutionary_optimizer:180, 4.528470e+02, 1798955, 1.563203e-01, 1.563195e-01, 1.574917e-01, 1.576044e-01, 1.743679e-01, 2.090566e-01, 2.112706e-01, 2.162821e-01
INFO:bingo.evolutionary_optimizers.parallel_archipelago:Evolution time 0:00:26.518029	 age 370	 fitness 1.563e-01
Level 25:bingo.evolutionary_optimizers.evolutionary_optimizer:Generation: 190 	 Elapsed time: 0:07:59.568714 	 Best training fitness: 1.563155e-01 	 
Level 25:bingo.evolutionary_optimizers.evolutionary_optimizer:190, 4.795687e+02, 1906373, 1.563155e-01, 1.563155e-01, 1.574917e-01, 1.576044e-01, 1.743679e-01, 2.090566e-01, 2.112706e-01, 2.162821e-01
INFO:bingo.evolutionary_optimizers.parallel_archipelago:Evolution time 0:00:51.392549	 age 390	 fitness 1.493e-01
Level 25:bingo.evolutionary_optimizers.evolutionary_optimizer:Generation: 200 	 Elapsed time: 0:08:51.163689 	 Best training fitness: 1.493057e-01 	 
Level 25:bingo.evolutionary_optimizers.evolutionary_optimizer:200, 5.311637e+02, 2079864, 1.493057e-01, 1.493057e-01, 1.563057e-01, 1.574917e-01, 1.575934e-01, 1.743679e-01, 2.090566e-01, 2.112706e-01, 2.162821e-01
INFO:bingo.evolutionary_optimizers.parallel_archipelago:Evolution time 0:00:30.000688	 age 410	 fitness 1.406e-01
Level 25:bingo.evolutionary_optimizers.evolutionary_optimizer:Generation: 210 	 Elapsed time: 0:09:21.373533 	 Best training fitness: 1.406259e-01 	 
Level 25:bingo.evolutionary_optimizers.evolutionary_optimizer:210, 5.613735e+02, 2199306, 1.406259e-01, 1.406259e-01, 1.474918e-01, 1.563057e-01, 1.566908e-01, 1.743679e-01, 2.090566e-01, 2.112706e-01, 2.162821e-01
INFO:bingo.evolutionary_optimizers.parallel_archipelago:Evolution time 0:00:22.619802	 age 430	 fitness 1.166e-01
Level 25:bingo.evolutionary_optimizers.evolutionary_optimizer:Generation: 220 	 Elapsed time: 0:09:44.265247 	 Best training fitness: 1.166434e-01 	 
Level 25:bingo.evolutionary_optimizers.evolutionary_optimizer:220, 5.842652e+02, 2296146, 1.166434e-01, 1.166434e-01, 1.370411e-01, 1.452984e-01, 1.455151e-01, 1.563053e-01, 1.566908e-01, 1.743679e-01, 2.090566e-01, 2.112706e-01, 2.162821e-01
INFO:bingo.evolutionary_optimizers.parallel_archipelago:Evolution time 0:00:19.473245	 age 440	 fitness 1.166e-01
Level 25:bingo.evolutionary_optimizers.evolutionary_optimizer:Generation: 230 	 Elapsed time: 0:10:03.950152 	 Best training fitness: 1.166473e-01 	 
Level 25:bingo.evolutionary_optimizers.evolutionary_optimizer:230, 6.039502e+02, 2373284, 1.166473e-01, 1.166434e-01, 1.316021e-01, 1.452950e-01, 1.455151e-01, 1.563053e-01, 1.566908e-01, 1.743679e-01, 2.090566e-01, 2.112706e-01, 2.162821e-01
INFO:bingo.evolutionary_optimizers.parallel_archipelago:Evolution time 0:00:45.035603	 age 470	 fitness 1.165e-01
Level 25:bingo.evolutionary_optimizers.evolutionary_optimizer:Generation: 240 	 Elapsed time: 0:10:49.193820 	 Best training fitness: 1.165095e-01 	 
Level 25:bingo.evolutionary_optimizers.evolutionary_optimizer:240, 6.491938e+02, 2473759, 1.165095e-01, 1.165095e-01, 1.316021e-01, 1.452950e-01, 1.455151e-01, 1.563053e-01, 1.566908e-01, 1.743679e-01, 2.090566e-01, 2.112706e-01, 2.162821e-01
INFO:bingo.evolutionary_optimizers.parallel_archipelago:Evolution time 0:00:41.980360	 age 480	 fitness 1.165e-01
Level 25:bingo.evolutionary_optimizers.evolutionary_optimizer:Generation: 250 	 Elapsed time: 0:11:31.413714 	 Best training fitness: 1.164994e-01 	 
Level 25:bingo.evolutionary_optimizers.evolutionary_optimizer:250, 6.914137e+02, 2581336, 1.164994e-01, 1.164994e-01, 1.165092e-01, 1.316021e-01, 1.452950e-01, 1.455151e-01, 1.563053e-01, 1.566908e-01, 1.743679e-01, 2.090566e-01, 2.112706e-01, 2.162821e-01
INFO:bingo.evolutionary_optimizers.parallel_archipelago:Evolution time 0:00:38.829182	 age 490	 fitness 1.165e-01
Level 25:bingo.evolutionary_optimizers.evolutionary_optimizer:Generation: 260 	 Elapsed time: 0:12:10.454786 	 Best training fitness: 1.165034e-01 	 
Level 25:bingo.evolutionary_optimizers.evolutionary_optimizer:260, 7.304548e+02, 2687254, 1.165034e-01, 1.164994e-01, 1.165068e-01, 1.316021e-01, 1.452950e-01, 1.455151e-01, 1.563053e-01, 1.566908e-01, 1.743679e-01, 2.090566e-01, 2.112706e-01, 2.162821e-01
INFO:bingo.evolutionary_optimizers.parallel_archipelago:Evolution time 0:00:43.765045	 age 510	 fitness 1.165e-01
Level 25:bingo.evolutionary_optimizers.evolutionary_optimizer:Generation: 270 	 Elapsed time: 0:12:54.434094 	 Best training fitness: 1.164612e-01 	 
Level 25:bingo.evolutionary_optimizers.evolutionary_optimizer:270, 7.744341e+02, 2836841, 1.164612e-01, 1.164612e-01, 1.165386e-01, 1.221650e-01, 1.221744e-01, 1.316021e-01, 1.448756e-01, 1.449141e-01, 1.455151e-01, 1.563053e-01, 1.566908e-01, 1.743679e-01, 2.090566e-01, 2.112706e-01, 2.162821e-01
INFO:bingo.evolutionary_optimizers.parallel_archipelago:Evolution time 0:00:51.179390	 age 550	 fitness 1.165e-01
Level 25:bingo.evolutionary_optimizers.evolutionary_optimizer:Generation: 280 	 Elapsed time: 0:13:45.831968 	 Best training fitness: 1.164612e-01 	 
Level 25:bingo.evolutionary_optimizers.evolutionary_optimizer:280, 8.258320e+02, 2981158, 1.164612e-01, 1.164612e-01, 1.165386e-01, 1.221497e-01, 1.238884e-01, 1.448756e-01, 1.449141e-01, 1.455151e-01, 1.563053e-01, 1.566908e-01, 1.743679e-01, 2.090566e-01, 2.112706e-01, 2.162821e-01
INFO:bingo.evolutionary_optimizers.parallel_archipelago:Evolution time 0:00:38.686222	 age 580	 fitness 1.165e-01
Level 25:bingo.evolutionary_optimizers.evolutionary_optimizer:Generation: 290 	 Elapsed time: 0:14:24.736011 	 Best training fitness: 1.164553e-01 	 
Level 25:bingo.evolutionary_optimizers.evolutionary_optimizer:290, 8.647360e+02, 3120139, 1.164553e-01, 1.164553e-01, 1.165059e-01, 1.200302e-01, 1.232373e-01, 1.449141e-01, 1.455151e-01, 1.515698e-01, 1.563053e-01, 1.566908e-01, 1.743679e-01, 2.090566e-01, 2.112706e-01, 2.162821e-01
INFO:bingo.evolutionary_optimizers.parallel_archipelago:Evolution time 0:00:32.797301	 age 600	 fitness 1.164e-01
Level 25:bingo.evolutionary_optimizers.evolutionary_optimizer:Generation: 300 	 Elapsed time: 0:14:57.749638 	 Best training fitness: 1.164484e-01 	 
Level 25:bingo.evolutionary_optimizers.evolutionary_optimizer:300, 8.977496e+02, 3231195, 1.164484e-01, 1.164484e-01, 1.165059e-01, 1.200302e-01, 1.232373e-01, 1.449141e-01, 1.455151e-01, 1.515532e-01, 1.563053e-01, 1.566908e-01, 1.743679e-01, 2.090566e-01, 2.112706e-01, 2.162821e-01
INFO:bingo.evolutionary_optimizers.parallel_archipelago:Evolution time 0:00:47.795670	 age 630	 fitness 0.000e+00
Level 25:bingo.evolutionary_optimizers.evolutionary_optimizer:Generation: 310 	 Elapsed time: 0:15:45.760714 	 Best training fitness: 0.000000e+00 	 
Level 25:bingo.evolutionary_optimizers.evolutionary_optimizer:310, 9.457607e+02, 3385212, 0.000000e+00, 0.000000e+00, 2.162821e-01
Level 25:bingo.evolutionary_optimizers.evolutionary_optimizer:Evolution successfully converged.
Level 25:bingo.evolutionary_optimizers.evolutionary_optimizer:  Absolte convergence occurred with best fitness < 1e-10
Level 25:bingo.evolutionary_optimizers.evolutionary_optimizer:Hall of Fame:
0.0	8	sin(log((X_0)(X_0) + (X_1)(X_1)))
0.2162821061748248	1	-0.933756
