Level 25:bingo.evolutionary_optimizers.evolutionary_optimizer:#generational_age, elapsed_time, fitness_evaluation_count, current_training_fitness, hall_of_fame_fitnesses
Level 25:bingo.evolutionary_optimizers.evolutionary_optimizer:#generational_age, elapsed_time, fitness_evaluation_count, current_training_fitness, hall_of_fame_fitnesses
Level 25:bingo.evolutionary_optimizers.evolutionary_optimizer:Generation: 0 	 Elapsed time: 0:00:02.789214 	 Best training fitness: 4.933862e-02 	 
Level 25:bingo.evolutionary_optimizers.evolutionary_optimizer:0, 2.789214e+00, 14444, 4.933862e-02
INFO:bingo.evolutionary_optimizers.parallel_archipelago:Evolution time 0:00:38.698703	 age 20	 fitness 4.833e-02
Level 25:bingo.evolutionary_optimizers.evolutionary_optimizer:Generation: 10 	 Elapsed time: 0:00:41.686999 	 Best training fitness: 4.833437e-02 	 
Level 25:bingo.evolutionary_optimizers.evolutionary_optimizer:10, 4.168700e+01, 121037, 4.833437e-02, 4.833437e-02, 4.840319e-02, 4.881847e-02
INFO:bingo.evolutionary_optimizers.parallel_archipelago:Evolution time 0:00:38.505834	 age 40	 fitness 4.824e-02
Level 25:bingo.evolutionary_optimizers.evolutionary_optimizer:Generation: 20 	 Elapsed time: 0:01:20.518243 	 Best training fitness: 4.823637e-02 	 
Level 25:bingo.evolutionary_optimizers.evolutionary_optimizer:20, 8.051824e+01, 231250, 4.823637e-02, 4.823637e-02, 4.831952e-02, 4.838617e-02
INFO:bingo.evolutionary_optimizers.parallel_archipelago:Evolution time 0:00:39.743420	 age 70	 fitness 4.824e-02
Level 25:bingo.evolutionary_optimizers.evolutionary_optimizer:Generation: 30 	 Elapsed time: 0:02:00.632675 	 Best training fitness: 4.823726e-02 	 
Level 25:bingo.evolutionary_optimizers.evolutionary_optimizer:30, 1.206327e+02, 338836, 4.823726e-02, 4.823637e-02, 4.823726e-02, 4.838617e-02
INFO:bingo.evolutionary_optimizers.parallel_archipelago:Evolution time 0:00:39.247507	 age 90	 fitness 4.817e-02
Level 25:bingo.evolutionary_optimizers.evolutionary_optimizer:Generation: 40 	 Elapsed time: 0:02:40.206165 	 Best training fitness: 4.817209e-02 	 
Level 25:bingo.evolutionary_optimizers.evolutionary_optimizer:40, 1.602062e+02, 442226, 4.817209e-02, 4.817209e-02, 4.823637e-02, 4.823726e-02, 4.838617e-02
INFO:bingo.evolutionary_optimizers.parallel_archipelago:Evolution time 0:00:35.254886	 age 110	 fitness 4.812e-02
Level 25:bingo.evolutionary_optimizers.evolutionary_optimizer:Generation: 50 	 Elapsed time: 0:03:15.785101 	 Best training fitness: 4.812295e-02 	 
Level 25:bingo.evolutionary_optimizers.evolutionary_optimizer:50, 1.957851e+02, 538917, 4.812295e-02, 4.812295e-02, 4.821440e-02, 4.823637e-02, 4.823726e-02, 4.838617e-02
INFO:bingo.evolutionary_optimizers.parallel_archipelago:Evolution time 0:00:36.353068	 age 130	 fitness 4.799e-02
Level 25:bingo.evolutionary_optimizers.evolutionary_optimizer:Generation: 60 	 Elapsed time: 0:03:52.461812 	 Best training fitness: 4.798763e-02 	 
Level 25:bingo.evolutionary_optimizers.evolutionary_optimizer:60, 2.324618e+02, 637593, 4.798763e-02, 4.798763e-02, 4.821440e-02, 4.823637e-02, 4.823726e-02, 4.827863e-02
INFO:bingo.evolutionary_optimizers.parallel_archipelago:Evolution time 0:00:22.734100	 age 150	 fitness 4.559e-02
Level 25:bingo.evolutionary_optimizers.evolutionary_optimizer:Generation: 70 	 Elapsed time: 0:04:15.529870 	 Best training fitness: 4.558916e-02 	 
Level 25:bingo.evolutionary_optimizers.evolutionary_optimizer:70, 2.555299e+02, 722759, 4.558916e-02, 4.558916e-02, 4.797574e-02, 4.821440e-02, 4.823637e-02, 4.823726e-02, 4.827863e-02
INFO:bingo.evolutionary_optimizers.parallel_archipelago:Evolution time 0:00:31.915939	 age 170	 fitness 3.805e-02
Level 25:bingo.evolutionary_optimizers.evolutionary_optimizer:Generation: 80 	 Elapsed time: 0:04:47.784050 	 Best training fitness: 3.804847e-02 	 
Level 25:bingo.evolutionary_optimizers.evolutionary_optimizer:80, 2.877840e+02, 836663, 3.804847e-02, 3.804847e-02, 4.525034e-02, 4.797574e-02, 4.809151e-02, 4.821440e-02, 4.823637e-02, 4.823726e-02, 4.827863e-02
INFO:bingo.evolutionary_optimizers.parallel_archipelago:Evolution time 0:00:21.661219	 age 190	 fitness 3.535e-02
Level 25:bingo.evolutionary_optimizers.evolutionary_optimizer:Generation: 90 	 Elapsed time: 0:05:09.784266 	 Best training fitness: 3.534625e-02 	 
Level 25:bingo.evolutionary_optimizers.evolutionary_optimizer:90, 3.097843e+02, 924192, 3.534625e-02, 3.534625e-02, 3.784836e-02, 3.836183e-02, 4.382554e-02, 4.784035e-02, 4.809151e-02, 4.820807e-02, 4.823637e-02, 4.823726e-02, 4.824463e-02, 4.827863e-02
INFO:bingo.evolutionary_optimizers.parallel_archipelago:Evolution time 0:00:37.419546	 age 210	 fitness 3.486e-02
Level 25:bingo.evolutionary_optimizers.evolutionary_optimizer:Generation: 100 	 Elapsed time: 0:05:47.589811 	 Best training fitness: 3.486410e-02 	 
Level 25:bingo.evolutionary_optimizers.evolutionary_optimizer:100, 3.475898e+02, 1041783, 3.486410e-02, 3.486410e-02, 3.489070e-02, 3.836183e-02, 4.351975e-02, 4.357649e-02, 4.536192e-02, 4.820807e-02, 4.823637e-02, 4.823726e-02, 4.824463e-02, 4.827863e-02
INFO:bingo.evolutionary_optimizers.parallel_archipelago:Evolution time 0:00:26.856185	 age 230	 fitness 3.456e-02
Level 25:bingo.evolutionary_optimizers.evolutionary_optimizer:Generation: 110 	 Elapsed time: 0:06:14.793475 	 Best training fitness: 3.456207e-02 	 
Level 25:bingo.evolutionary_optimizers.evolutionary_optimizer:110, 3.747935e+02, 1141027, 3.456207e-02, 3.456207e-02, 3.472907e-02, 3.818789e-02, 4.211995e-02, 4.536192e-02, 4.820807e-02, 4.823637e-02, 4.823726e-02, 4.824463e-02, 4.827863e-02
INFO:bingo.evolutionary_optimizers.parallel_archipelago:Evolution time 0:01:04.621575	 age 260	 fitness 3.466e-02
Level 25:bingo.evolutionary_optimizers.evolutionary_optimizer:Generation: 120 	 Elapsed time: 0:07:19.767554 	 Best training fitness: 3.465967e-02 	 
Level 25:bingo.evolutionary_optimizers.evolutionary_optimizer:120, 4.397676e+02, 1296361, 3.465967e-02, 3.456207e-02, 3.471963e-02, 3.794578e-02, 3.818789e-02, 4.211995e-02, 4.536192e-02, 4.820807e-02, 4.823637e-02, 4.823726e-02, 4.824463e-02, 4.827863e-02
INFO:bingo.evolutionary_optimizers.parallel_archipelago:Evolution time 0:00:43.389290	 age 290	 fitness 2.945e-02
Level 25:bingo.evolutionary_optimizers.evolutionary_optimizer:Generation: 130 	 Elapsed time: 0:08:03.489599 	 Best training fitness: 2.944723e-02 	 
Level 25:bingo.evolutionary_optimizers.evolutionary_optimizer:130, 4.834896e+02, 1435103, 2.944723e-02, 2.944723e-02, 3.458213e-02, 3.520746e-02, 3.794578e-02, 3.818789e-02, 4.211995e-02, 4.536192e-02, 4.820807e-02, 4.823637e-02, 4.823726e-02, 4.824463e-02, 4.827863e-02
INFO:bingo.evolutionary_optimizers.parallel_archipelago:Evolution time 0:00:37.505680	 age 300	 fitness 2.945e-02
Level 25:bingo.evolutionary_optimizers.evolutionary_optimizer:Generation: 140 	 Elapsed time: 0:08:41.195465 	 Best training fitness: 2.945181e-02 	 
Level 25:bingo.evolutionary_optimizers.evolutionary_optimizer:140, 5.211955e+02, 1548184, 2.945181e-02, 2.944723e-02, 2.945181e-02, 3.049357e-02, 3.794578e-02, 3.818789e-02, 4.025598e-02, 4.536192e-02, 4.820807e-02, 4.823637e-02, 4.823726e-02, 4.824463e-02, 4.827863e-02
INFO:bingo.evolutionary_optimizers.parallel_archipelago:Evolution time 0:00:41.810051	 age 310	 fitness 2.935e-02
Level 25:bingo.evolutionary_optimizers.evolutionary_optimizer:Generation: 150 	 Elapsed time: 0:09:23.207510 	 Best training fitness: 2.935166e-02 	 
Level 25:bingo.evolutionary_optimizers.evolutionary_optimizer:150, 5.632075e+02, 1663718, 2.935166e-02, 2.935166e-02, 2.937260e-02, 2.945181e-02, 3.049357e-02, 3.794578e-02, 3.818789e-02, 4.025598e-02, 4.536192e-02, 4.820807e-02, 4.823637e-02, 4.823726e-02, 4.824463e-02, 4.827863e-02
INFO:bingo.evolutionary_optimizers.parallel_archipelago:Evolution time 0:00:33.703391	 age 320	 fitness 2.909e-02
Level 25:bingo.evolutionary_optimizers.evolutionary_optimizer:Generation: 160 	 Elapsed time: 0:09:57.110571 	 Best training fitness: 2.908833e-02 	 
Level 25:bingo.evolutionary_optimizers.evolutionary_optimizer:160, 5.971106e+02, 1750777, 2.908833e-02, 2.908833e-02, 2.918582e-02, 2.933198e-02, 2.942600e-02, 2.984787e-02, 3.049357e-02, 3.485701e-02, 4.820807e-02, 4.823637e-02, 4.823726e-02, 4.824463e-02, 4.827863e-02
INFO:bingo.evolutionary_optimizers.parallel_archipelago:Evolution time 0:00:16.361930	 age 330	 fitness 2.882e-02
Level 25:bingo.evolutionary_optimizers.evolutionary_optimizer:Generation: 170 	 Elapsed time: 0:10:13.706487 	 Best training fitness: 2.881983e-02 	 
Level 25:bingo.evolutionary_optimizers.evolutionary_optimizer:170, 6.137065e+02, 1820220, 2.881983e-02, 2.881983e-02, 2.918582e-02, 2.933198e-02, 2.942600e-02, 2.984787e-02, 3.049357e-02, 3.475647e-02, 4.820807e-02, 4.823637e-02, 4.823726e-02, 4.824463e-02, 4.827863e-02
INFO:bingo.evolutionary_optimizers.parallel_archipelago:Evolution time 0:00:37.758856	 age 340	 fitness 2.873e-02
Level 25:bingo.evolutionary_optimizers.evolutionary_optimizer:Generation: 180 	 Elapsed time: 0:10:51.665505 	 Best training fitness: 2.873271e-02 	 
Level 25:bingo.evolutionary_optimizers.evolutionary_optimizer:180, 6.516655e+02, 1925477, 2.873271e-02, 2.873271e-02, 2.876758e-02, 2.881983e-02, 2.918582e-02, 2.933198e-02, 2.942600e-02, 2.984787e-02, 3.049357e-02, 3.473155e-02, 4.565775e-02, 4.820807e-02, 4.823637e-02, 4.823643e-02, 4.823726e-02, 4.824463e-02, 4.827863e-02
INFO:bingo.evolutionary_optimizers.parallel_archipelago:Evolution time 0:00:27.563844	 age 360	 fitness 2.865e-02
Level 25:bingo.evolutionary_optimizers.evolutionary_optimizer:Generation: 190 	 Elapsed time: 0:11:19.435214 	 Best training fitness: 2.864967e-02 	 
Level 25:bingo.evolutionary_optimizers.evolutionary_optimizer:190, 6.794352e+02, 2007627, 2.864967e-02, 2.864967e-02, 2.881983e-02, 2.918582e-02, 2.933198e-02, 2.942600e-02, 2.984787e-02, 3.049357e-02, 3.473155e-02, 4.565775e-02, 4.820807e-02, 4.823637e-02, 4.823643e-02, 4.823726e-02, 4.824463e-02, 4.827863e-02
INFO:bingo.evolutionary_optimizers.parallel_archipelago:Evolution time 0:01:08.003893	 age 370	 fitness 2.595e-02
Level 25:bingo.evolutionary_optimizers.evolutionary_optimizer:Generation: 200 	 Elapsed time: 0:12:27.672245 	 Best training fitness: 2.594503e-02 	 
Level 25:bingo.evolutionary_optimizers.evolutionary_optimizer:200, 7.476722e+02, 2150936, 2.594503e-02, 2.594503e-02, 2.933198e-02, 2.942600e-02, 2.984787e-02, 2.990330e-02, 3.164058e-02, 3.468186e-02, 4.565775e-02, 4.820807e-02, 4.823637e-02, 4.823643e-02, 4.823726e-02, 4.824463e-02, 4.827863e-02
INFO:bingo.evolutionary_optimizers.parallel_archipelago:Evolution time 0:00:53.447374	 age 390	 fitness 2.551e-02
Level 25:bingo.evolutionary_optimizers.evolutionary_optimizer:Generation: 210 	 Elapsed time: 0:13:21.479966 	 Best training fitness: 2.550609e-02 	 
Level 25:bingo.evolutionary_optimizers.evolutionary_optimizer:210, 8.014800e+02, 2295649, 2.550609e-02, 2.550609e-02, 2.933198e-02, 2.937467e-02, 2.984787e-02, 2.990330e-02, 3.164058e-02, 3.466731e-02, 4.565775e-02, 4.820807e-02, 4.823637e-02, 4.823643e-02, 4.823726e-02, 4.824463e-02, 4.827863e-02
INFO:bingo.evolutionary_optimizers.parallel_archipelago:Evolution time 0:00:47.763180	 age 400	 fitness 2.468e-02
Level 25:bingo.evolutionary_optimizers.evolutionary_optimizer:Generation: 220 	 Elapsed time: 0:14:09.603529 	 Best training fitness: 2.467652e-02 	 
Level 25:bingo.evolutionary_optimizers.evolutionary_optimizer:220, 8.496035e+02, 2413681, 2.467652e-02, 2.467652e-02, 2.544983e-02, 2.545141e-02, 2.937467e-02, 2.984787e-02, 2.990330e-02, 3.162602e-02, 3.250484e-02, 3.313848e-02, 4.565775e-02, 4.820807e-02, 4.823637e-02, 4.823643e-02, 4.823726e-02, 4.824463e-02, 4.827863e-02
INFO:bingo.evolutionary_optimizers.parallel_archipelago:Evolution time 0:01:05.046827	 age 420	 fitness 2.452e-02
Level 25:bingo.evolutionary_optimizers.evolutionary_optimizer:Generation: 230 	 Elapsed time: 0:15:15.017335 	 Best training fitness: 2.451894e-02 	 
Level 25:bingo.evolutionary_optimizers.evolutionary_optimizer:230, 9.150173e+02, 2559833, 2.451894e-02, 2.451894e-02, 2.544983e-02, 2.545141e-02, 2.937467e-02, 2.984787e-02, 2.990330e-02, 3.162602e-02, 3.244589e-02, 3.313848e-02, 4.565775e-02, 4.820807e-02, 4.823447e-02, 4.823726e-02, 4.824463e-02, 4.827863e-02
INFO:bingo.evolutionary_optimizers.parallel_archipelago:Evolution time 0:00:57.712180	 age 440	 fitness 2.236e-02
Level 25:bingo.evolutionary_optimizers.evolutionary_optimizer:Generation: 240 	 Elapsed time: 0:16:13.145923 	 Best training fitness: 2.236485e-02 	 
Level 25:bingo.evolutionary_optimizers.evolutionary_optimizer:240, 9.731459e+02, 2708651, 2.236485e-02, 2.236485e-02, 2.451894e-02, 2.544983e-02, 2.545141e-02, 2.936509e-02, 2.959945e-02, 2.981126e-02, 3.162602e-02, 3.244589e-02, 3.313848e-02, 4.565775e-02, 4.820807e-02, 4.823447e-02, 4.823726e-02, 4.824463e-02, 4.827863e-02
INFO:bingo.evolutionary_optimizers.parallel_archipelago:Evolution time 0:00:49.420611	 age 470	 fitness 2.232e-02
Level 25:bingo.evolutionary_optimizers.evolutionary_optimizer:Generation: 250 	 Elapsed time: 0:17:02.932669 	 Best training fitness: 2.232041e-02 	 
Level 25:bingo.evolutionary_optimizers.evolutionary_optimizer:250, 1.022933e+03, 2869900, 2.232041e-02, 2.232041e-02, 2.451894e-02, 2.544983e-02, 2.545141e-02, 2.936509e-02, 2.959945e-02, 2.981126e-02, 3.162602e-02, 3.244589e-02, 3.313848e-02, 4.565775e-02, 4.820807e-02, 4.823447e-02, 4.823726e-02, 4.824463e-02, 4.827863e-02
INFO:bingo.evolutionary_optimizers.parallel_archipelago:Evolution time 0:00:59.818011	 age 490	 fitness 2.186e-02
Level 25:bingo.evolutionary_optimizers.evolutionary_optimizer:Generation: 260 	 Elapsed time: 0:18:03.113502 	 Best training fitness: 2.186126e-02 	 
Level 25:bingo.evolutionary_optimizers.evolutionary_optimizer:260, 1.083114e+03, 3034096, 2.186126e-02, 2.186126e-02, 2.186153e-02, 2.229433e-02, 2.451674e-02, 2.544983e-02, 2.545141e-02, 2.936509e-02, 2.959945e-02, 2.981126e-02, 3.162602e-02, 3.244589e-02, 3.313848e-02, 4.565775e-02, 4.820807e-02, 4.823447e-02, 4.823726e-02, 4.824463e-02, 4.827863e-02
INFO:bingo.evolutionary_optimizers.parallel_archipelago:Evolution time 0:00:55.676833	 age 510	 fitness 1.677e-02
Level 25:bingo.evolutionary_optimizers.evolutionary_optimizer:Generation: 270 	 Elapsed time: 0:18:59.171224 	 Best training fitness: 1.677157e-02 	 
Level 25:bingo.evolutionary_optimizers.evolutionary_optimizer:270, 1.139171e+03, 3198634, 1.677157e-02, 1.677157e-02, 1.866279e-02, 1.889126e-02, 2.226280e-02, 2.234877e-02, 2.544983e-02, 2.545141e-02, 2.864465e-02, 2.959945e-02, 2.981126e-02, 3.162602e-02, 3.244589e-02, 3.313848e-02, 4.565775e-02, 4.820807e-02, 4.823447e-02, 4.823726e-02, 4.824463e-02, 4.827863e-02
INFO:bingo.evolutionary_optimizers.parallel_archipelago:Evolution time 0:00:38.077254	 age 530	 fitness 1.677e-02
Level 25:bingo.evolutionary_optimizers.evolutionary_optimizer:Generation: 280 	 Elapsed time: 0:19:37.626973 	 Best training fitness: 1.676753e-02 	 
Level 25:bingo.evolutionary_optimizers.evolutionary_optimizer:280, 1.177627e+03, 3338660, 1.676753e-02, 1.676753e-02, 1.760975e-02, 2.234633e-02, 2.544983e-02, 2.545141e-02, 2.758593e-02, 3.244589e-02, 3.313848e-02, 4.565775e-02, 4.820807e-02, 4.822696e-02, 4.824463e-02, 4.827863e-02
INFO:bingo.evolutionary_optimizers.parallel_archipelago:Evolution time 0:01:11.891080	 age 550	 fitness 1.673e-02
Level 25:bingo.evolutionary_optimizers.evolutionary_optimizer:Generation: 290 	 Elapsed time: 0:20:49.886260 	 Best training fitness: 1.672614e-02 	 
Level 25:bingo.evolutionary_optimizers.evolutionary_optimizer:290, 1.249886e+03, 3502252, 1.672614e-02, 1.672614e-02, 1.757600e-02, 1.760975e-02, 2.234633e-02, 2.544983e-02, 2.545141e-02, 2.750770e-02, 3.244589e-02, 3.313848e-02, 4.565775e-02, 4.810745e-02, 4.822696e-02, 4.824463e-02, 4.827863e-02
INFO:bingo.evolutionary_optimizers.parallel_archipelago:Evolution time 0:00:38.093381	 age 570	 fitness 1.671e-02
Level 25:bingo.evolutionary_optimizers.evolutionary_optimizer:Generation: 300 	 Elapsed time: 0:21:28.397365 	 Best training fitness: 1.670854e-02 	 
Level 25:bingo.evolutionary_optimizers.evolutionary_optimizer:300, 1.288397e+03, 3620886, 1.670854e-02, 1.670854e-02, 1.672614e-02, 1.757600e-02, 1.760975e-02, 2.234633e-02, 2.316751e-02, 2.536546e-02, 2.750770e-02, 3.244589e-02, 3.313848e-02, 4.565775e-02, 4.810745e-02, 4.822696e-02, 4.824463e-02, 4.827863e-02
INFO:bingo.evolutionary_optimizers.parallel_archipelago:Evolution time 0:01:02.819889	 age 590	 fitness 1.641e-02
Level 25:bingo.evolutionary_optimizers.evolutionary_optimizer:Generation: 310 	 Elapsed time: 0:22:31.590784 	 Best training fitness: 1.641078e-02 	 
Level 25:bingo.evolutionary_optimizers.evolutionary_optimizer:310, 1.351591e+03, 3764754, 1.641078e-02, 1.641078e-02, 1.672614e-02, 1.757600e-02, 1.759025e-02, 2.234633e-02, 2.310191e-02, 2.448098e-02, 2.536546e-02, 2.750770e-02, 3.244589e-02, 3.313848e-02, 4.030235e-02, 4.810745e-02, 4.822696e-02, 4.824463e-02, 4.827863e-02
INFO:bingo.evolutionary_optimizers.parallel_archipelago:Evolution time 0:00:53.838276	 age 610	 fitness 1.614e-02
Level 25:bingo.evolutionary_optimizers.evolutionary_optimizer:Generation: 320 	 Elapsed time: 0:23:25.813465 	 Best training fitness: 1.613985e-02 	 
Level 25:bingo.evolutionary_optimizers.evolutionary_optimizer:320, 1.405813e+03, 3930270, 1.613985e-02, 1.613985e-02, 1.672614e-02, 1.757600e-02, 1.759025e-02, 2.194162e-02, 2.308964e-02, 2.448098e-02, 2.535473e-02, 2.750770e-02, 3.244589e-02, 3.313848e-02, 4.030235e-02, 4.810745e-02, 4.822696e-02, 4.824463e-02, 4.827863e-02
INFO:bingo.evolutionary_optimizers.parallel_archipelago:Evolution time 0:00:52.743983	 age 630	 fitness 1.539e-02
Level 25:bingo.evolutionary_optimizers.evolutionary_optimizer:Generation: 330 	 Elapsed time: 0:24:18.941191 	 Best training fitness: 1.538804e-02 	 
Level 25:bingo.evolutionary_optimizers.evolutionary_optimizer:330, 1.458941e+03, 4093830, 1.538804e-02, 1.538804e-02, 1.701438e-02, 1.757600e-02, 1.759025e-02, 2.192588e-02, 2.192930e-02, 2.308964e-02, 2.448098e-02, 2.535473e-02, 2.750770e-02, 3.244589e-02, 3.313848e-02, 4.002107e-02, 4.810745e-02, 4.822696e-02, 4.824463e-02, 4.827863e-02
INFO:bingo.evolutionary_optimizers.parallel_archipelago:Evolution time 0:00:44.747914	 age 640	 fitness 1.525e-02
Level 25:bingo.evolutionary_optimizers.evolutionary_optimizer:Generation: 340 	 Elapsed time: 0:25:04.044393 	 Best training fitness: 1.525330e-02 	 
Level 25:bingo.evolutionary_optimizers.evolutionary_optimizer:340, 1.504044e+03, 4214959, 1.525330e-02, 1.525330e-02, 1.757600e-02, 1.759025e-02, 2.192588e-02, 2.192930e-02, 2.308964e-02, 2.448098e-02, 2.535473e-02, 2.750770e-02, 3.244589e-02, 3.313848e-02, 3.953239e-02, 4.810745e-02, 4.822696e-02, 4.824463e-02, 4.827863e-02
INFO:bingo.evolutionary_optimizers.parallel_archipelago:Evolution time 0:00:29.068164	 age 650	 fitness 1.522e-02
Level 25:bingo.evolutionary_optimizers.evolutionary_optimizer:Generation: 350 	 Elapsed time: 0:25:33.324664 	 Best training fitness: 1.522095e-02 	 
Level 25:bingo.evolutionary_optimizers.evolutionary_optimizer:350, 1.533325e+03, 4317837, 1.522095e-02, 1.522095e-02, 1.757600e-02, 1.759025e-02, 2.192251e-02, 2.308964e-02, 2.448098e-02, 2.535473e-02, 2.750770e-02, 3.244589e-02, 3.313848e-02, 3.930086e-02, 4.810745e-02, 4.822696e-02, 4.824463e-02, 4.827863e-02
INFO:bingo.evolutionary_optimizers.parallel_archipelago:Evolution time 0:00:33.820026	 age 660	 fitness 1.519e-02
Level 25:bingo.evolutionary_optimizers.evolutionary_optimizer:Generation: 360 	 Elapsed time: 0:26:07.387379 	 Best training fitness: 1.518914e-02 	 
Level 25:bingo.evolutionary_optimizers.evolutionary_optimizer:360, 1.567387e+03, 4426971, 1.518914e-02, 1.518914e-02, 1.522095e-02, 1.693418e-02, 1.759025e-02, 2.190309e-02, 2.308964e-02, 2.448098e-02, 2.535473e-02, 2.750770e-02, 3.244589e-02, 3.313848e-02, 3.895837e-02, 4.810745e-02, 4.822696e-02, 4.824463e-02, 4.827863e-02
INFO:bingo.evolutionary_optimizers.parallel_archipelago:Evolution time 0:00:26.390355	 age 670	 fitness 1.516e-02
Level 25:bingo.evolutionary_optimizers.evolutionary_optimizer:Generation: 370 	 Elapsed time: 0:26:33.985947 	 Best training fitness: 1.516266e-02 	 
Level 25:bingo.evolutionary_optimizers.evolutionary_optimizer:370, 1.593986e+03, 4513116, 1.516266e-02, 1.516266e-02, 1.518914e-02, 1.519313e-02, 1.693418e-02, 1.759025e-02, 2.190309e-02, 2.291709e-02, 2.308964e-02, 2.448098e-02, 2.535473e-02, 2.750770e-02, 3.244589e-02, 3.313848e-02, 3.895837e-02, 4.810745e-02, 4.822696e-02, 4.824463e-02, 4.827863e-02
INFO:bingo.evolutionary_optimizers.parallel_archipelago:Evolution time 0:01:01.020256	 age 690	 fitness 1.496e-02
Level 25:bingo.evolutionary_optimizers.evolutionary_optimizer:Generation: 380 	 Elapsed time: 0:27:35.218380 	 Best training fitness: 1.496059e-02 	 
Level 25:bingo.evolutionary_optimizers.evolutionary_optimizer:380, 1.655218e+03, 4652614, 1.496059e-02, 1.496059e-02, 1.759025e-02, 1.867085e-02, 2.190309e-02, 2.231673e-02, 2.308964e-02, 2.448098e-02, 2.535473e-02, 2.750770e-02, 3.244589e-02, 3.313848e-02, 3.895837e-02, 4.810745e-02, 4.822696e-02, 4.824463e-02, 4.827863e-02
INFO:bingo.evolutionary_optimizers.parallel_archipelago:Evolution time 0:00:30.135249	 age 710	 fitness 1.496e-02
Level 25:bingo.evolutionary_optimizers.evolutionary_optimizer:Generation: 390 	 Elapsed time: 0:28:05.563767 	 Best training fitness: 1.496059e-02 	 
Level 25:bingo.evolutionary_optimizers.evolutionary_optimizer:390, 1.685564e+03, 4761249, 1.496059e-02, 1.496059e-02, 1.759025e-02, 1.845975e-02, 2.190309e-02, 2.231673e-02, 2.308964e-02, 2.448098e-02, 2.535473e-02, 2.750770e-02, 3.244589e-02, 3.313848e-02, 3.895837e-02, 4.810745e-02, 4.822696e-02, 4.824463e-02, 4.827863e-02
INFO:bingo.evolutionary_optimizers.parallel_archipelago:Evolution time 0:00:43.575559	 age 740	 fitness 1.495e-02
Level 25:bingo.evolutionary_optimizers.evolutionary_optimizer:Generation: 400 	 Elapsed time: 0:28:49.349382 	 Best training fitness: 1.495016e-02 	 
Level 25:bingo.evolutionary_optimizers.evolutionary_optimizer:400, 1.729349e+03, 4895172, 1.495016e-02, 1.495016e-02, 1.759025e-02, 1.845975e-02, 2.190013e-02, 2.231673e-02, 2.308964e-02, 2.448098e-02, 2.535473e-02, 2.750770e-02, 2.828105e-02, 3.244589e-02, 3.313848e-02, 3.895837e-02, 4.810745e-02, 4.822696e-02, 4.824463e-02, 4.827863e-02
INFO:bingo.evolutionary_optimizers.parallel_archipelago:Evolution time 0:00:52.566033	 age 750	 fitness 1.484e-02
Level 25:bingo.evolutionary_optimizers.evolutionary_optimizer:Generation: 410 	 Elapsed time: 0:29:42.129407 	 Best training fitness: 1.484311e-02 	 
Level 25:bingo.evolutionary_optimizers.evolutionary_optimizer:410, 1.782129e+03, 5041973, 1.484311e-02, 1.484311e-02, 1.494582e-02, 1.759025e-02, 1.845975e-02, 2.190013e-02, 2.231673e-02, 2.308964e-02, 2.448098e-02, 2.535473e-02, 2.750770e-02, 2.828105e-02, 2.978531e-02, 3.244589e-02, 3.313848e-02, 3.895837e-02, 4.810745e-02, 4.822696e-02, 4.824463e-02, 4.827863e-02
INFO:bingo.evolutionary_optimizers.parallel_archipelago:Evolution time 0:00:29.626234	 age 760	 fitness 1.476e-02
Level 25:bingo.evolutionary_optimizers.evolutionary_optimizer:Generation: 420 	 Elapsed time: 0:30:12.002927 	 Best training fitness: 1.476120e-02 	 
Level 25:bingo.evolutionary_optimizers.evolutionary_optimizer:420, 1.812003e+03, 5129724, 1.476120e-02, 1.476120e-02, 1.494582e-02, 1.759025e-02, 1.845975e-02, 1.874874e-02, 2.231673e-02, 2.308964e-02, 2.448098e-02, 2.535473e-02, 2.750770e-02, 2.828105e-02, 2.965861e-02, 3.244589e-02, 3.313848e-02, 3.895837e-02, 4.810745e-02, 4.822696e-02, 4.824463e-02, 4.827863e-02
INFO:bingo.evolutionary_optimizers.parallel_archipelago:Evolution time 0:00:39.806953	 age 770	 fitness 1.470e-02
Level 25:bingo.evolutionary_optimizers.evolutionary_optimizer:Generation: 430 	 Elapsed time: 0:30:52.022953 	 Best training fitness: 1.469651e-02 	 
Level 25:bingo.evolutionary_optimizers.evolutionary_optimizer:430, 1.852023e+03, 5249585, 1.469651e-02, 1.469651e-02, 1.494582e-02, 1.759025e-02, 1.845975e-02, 1.874874e-02, 2.231673e-02, 2.308964e-02, 2.448098e-02, 2.535473e-02, 2.574643e-02, 2.594653e-02, 2.897731e-02, 3.313848e-02, 3.895837e-02, 4.810745e-02, 4.822696e-02, 4.823168e-02, 4.827863e-02
INFO:bingo.evolutionary_optimizers.parallel_archipelago:Evolution time 0:00:32.210015	 age 780	 fitness 1.472e-02
Level 25:bingo.evolutionary_optimizers.evolutionary_optimizer:Generation: 440 	 Elapsed time: 0:31:24.445983 	 Best training fitness: 1.471937e-02 	 
Level 25:bingo.evolutionary_optimizers.evolutionary_optimizer:440, 1.884446e+03, 5361383, 1.471937e-02, 1.469651e-02, 1.472017e-02, 1.494582e-02, 1.759025e-02, 1.845975e-02, 1.874874e-02, 2.231673e-02, 2.308964e-02, 2.383642e-02, 2.779544e-02, 3.895837e-02, 4.810745e-02, 4.822696e-02, 4.823168e-02, 4.827863e-02
INFO:bingo.evolutionary_optimizers.parallel_archipelago:Evolution time 0:00:43.618618	 age 800	 fitness 1.452e-02
Level 25:bingo.evolutionary_optimizers.evolutionary_optimizer:Generation: 450 	 Elapsed time: 0:32:08.274172 	 Best training fitness: 1.452287e-02 	 
Level 25:bingo.evolutionary_optimizers.evolutionary_optimizer:450, 1.928274e+03, 5483919, 1.452287e-02, 1.452287e-02, 1.455075e-02, 1.469651e-02, 1.472017e-02, 1.494582e-02, 1.759025e-02, 1.845975e-02, 1.874874e-02, 1.974590e-02, 1.989960e-02, 2.383642e-02, 2.575185e-02, 2.733046e-02, 3.895837e-02, 4.810745e-02, 4.822696e-02, 4.823168e-02, 4.827863e-02
INFO:bingo.evolutionary_optimizers.parallel_archipelago:Evolution time 0:00:30.256826	 age 810	 fitness 1.455e-02
Level 25:bingo.evolutionary_optimizers.evolutionary_optimizer:Generation: 460 	 Elapsed time: 0:32:38.744725 	 Best training fitness: 1.455196e-02 	 
Level 25:bingo.evolutionary_optimizers.evolutionary_optimizer:460, 1.958745e+03, 5570890, 1.455196e-02, 1.452287e-02, 1.455075e-02, 1.469651e-02, 1.472017e-02, 1.494582e-02, 1.759025e-02, 1.845975e-02, 1.850437e-02, 1.950872e-02, 2.216532e-02, 2.575185e-02, 2.721678e-02, 3.895837e-02, 4.810745e-02, 4.818081e-02, 4.822696e-02, 4.823168e-02, 4.827863e-02
INFO:bingo.evolutionary_optimizers.parallel_archipelago:Evolution time 0:00:29.455912	 age 820	 fitness 1.453e-02
Level 25:bingo.evolutionary_optimizers.evolutionary_optimizer:Generation: 470 	 Elapsed time: 0:33:08.416535 	 Best training fitness: 1.452647e-02 	 
Level 25:bingo.evolutionary_optimizers.evolutionary_optimizer:470, 1.988417e+03, 5663366, 1.452647e-02, 1.452287e-02, 1.454102e-02, 1.468967e-02, 1.472017e-02, 1.494582e-02, 1.759025e-02, 1.827335e-02, 1.950872e-02, 2.216532e-02, 2.575185e-02, 2.719476e-02, 3.895837e-02, 4.810745e-02, 4.818081e-02, 4.822696e-02, 4.823168e-02, 4.827863e-02
INFO:bingo.evolutionary_optimizers.parallel_archipelago:Evolution time 0:00:54.850958	 age 830	 fitness 1.453e-02
Level 25:bingo.evolutionary_optimizers.evolutionary_optimizer:Generation: 480 	 Elapsed time: 0:34:03.481595 	 Best training fitness: 1.453338e-02 	 
Level 25:bingo.evolutionary_optimizers.evolutionary_optimizer:480, 2.043482e+03, 5794116, 1.453338e-02, 1.452287e-02, 1.454102e-02, 1.468967e-02, 1.470539e-02, 1.494582e-02, 1.759025e-02, 1.824763e-02, 1.827335e-02, 1.839045e-02, 1.950872e-02, 2.216532e-02, 2.575185e-02, 2.719476e-02, 3.895837e-02, 4.810745e-02, 4.818081e-02, 4.822696e-02, 4.823168e-02, 4.827863e-02
INFO:bingo.evolutionary_optimizers.parallel_archipelago:Evolution time 0:00:48.186037	 age 840	 fitness 1.453e-02
Level 25:bingo.evolutionary_optimizers.evolutionary_optimizer:Generation: 490 	 Elapsed time: 0:34:51.919980 	 Best training fitness: 1.453156e-02 	 
Level 25:bingo.evolutionary_optimizers.evolutionary_optimizer:490, 2.091920e+03, 5915561, 1.453156e-02, 1.452287e-02, 1.453156e-02, 1.468967e-02, 1.470539e-02, 1.494582e-02, 1.759025e-02, 1.803243e-02, 1.950872e-02, 2.185404e-02, 2.575185e-02, 2.719476e-02, 3.895837e-02, 4.810745e-02, 4.818081e-02, 4.822696e-02, 4.823168e-02, 4.827863e-02
INFO:bingo.evolutionary_optimizers.parallel_archipelago:Evolution time 0:00:40.285994	 age 850	 fitness 1.453e-02
Level 25:bingo.evolutionary_optimizers.evolutionary_optimizer:Generation: 500 	 Elapsed time: 0:35:32.427824 	 Best training fitness: 1.452625e-02 	 
Level 25:bingo.evolutionary_optimizers.evolutionary_optimizer:500, 2.132428e+03, 6034928, 1.452625e-02, 1.452287e-02, 1.453156e-02, 1.468967e-02, 1.469307e-02, 1.494582e-02, 1.744031e-02, 1.950872e-02, 2.185404e-02, 2.575185e-02, 2.719476e-02, 3.895837e-02, 4.810745e-02, 4.818081e-02, 4.822696e-02, 4.823168e-02, 4.827863e-02
INFO:bingo.evolutionary_optimizers.parallel_archipelago:Evolution time 0:00:31.198181	 age 870	 fitness 1.453e-02
Level 25:bingo.evolutionary_optimizers.evolutionary_optimizer:Generation: 510 	 Elapsed time: 0:36:03.844335 	 Best training fitness: 1.452903e-02 	 
Level 25:bingo.evolutionary_optimizers.evolutionary_optimizer:510, 2.163844e+03, 6143461, 1.452903e-02, 1.452287e-02, 1.453156e-02, 1.468967e-02, 1.469307e-02, 1.494582e-02, 1.717736e-02, 1.744031e-02, 1.950872e-02, 2.185404e-02, 2.575185e-02, 2.719476e-02, 3.895837e-02, 4.810745e-02, 4.818081e-02, 4.822696e-02, 4.823168e-02, 4.827863e-02
INFO:bingo.evolutionary_optimizers.parallel_archipelago:Evolution time 0:00:39.891773	 age 890	 fitness 1.453e-02
Level 25:bingo.evolutionary_optimizers.evolutionary_optimizer:Generation: 520 	 Elapsed time: 0:36:43.955099 	 Best training fitness: 1.452903e-02 	 
Level 25:bingo.evolutionary_optimizers.evolutionary_optimizer:520, 2.203955e+03, 6251264, 1.452903e-02, 1.452287e-02, 1.453156e-02, 1.468967e-02, 1.469307e-02, 1.494582e-02, 1.717736e-02, 1.731952e-02, 1.950872e-02, 2.185404e-02, 2.575185e-02, 2.719476e-02, 3.895837e-02, 4.810745e-02, 4.818081e-02, 4.822696e-02, 4.823168e-02, 4.827863e-02
INFO:bingo.evolutionary_optimizers.parallel_archipelago:Evolution time 0:00:30.268107	 age 910	 fitness 1.453e-02
Level 25:bingo.evolutionary_optimizers.evolutionary_optimizer:Generation: 530 	 Elapsed time: 0:37:14.438526 	 Best training fitness: 1.453199e-02 	 
Level 25:bingo.evolutionary_optimizers.evolutionary_optimizer:530, 2.234439e+03, 6351706, 1.453199e-02, 1.452287e-02, 1.453156e-02, 1.468967e-02, 1.469307e-02, 1.494582e-02, 1.716714e-02, 1.718457e-02, 1.950872e-02, 2.185404e-02, 2.575185e-02, 2.719476e-02, 3.895837e-02, 4.810745e-02, 4.818081e-02, 4.822696e-02, 4.823168e-02, 4.827863e-02
INFO:bingo.evolutionary_optimizers.parallel_archipelago:Evolution time 0:00:47.185009	 age 930	 fitness 1.453e-02
Level 25:bingo.evolutionary_optimizers.evolutionary_optimizer:Generation: 540 	 Elapsed time: 0:38:01.838431 	 Best training fitness: 1.453199e-02 	 
Level 25:bingo.evolutionary_optimizers.evolutionary_optimizer:540, 2.281838e+03, 6496430, 1.453199e-02, 1.452287e-02, 1.453156e-02, 1.468967e-02, 1.469307e-02, 1.494582e-02, 1.716512e-02, 1.718457e-02, 1.950872e-02, 2.185404e-02, 2.575185e-02, 2.719476e-02, 3.895837e-02, 4.810745e-02, 4.818081e-02, 4.822696e-02, 4.823168e-02, 4.827863e-02
INFO:bingo.evolutionary_optimizers.parallel_archipelago:Evolution time 0:00:16.065041	 age 940	 fitness 1.453e-02
Level 25:bingo.evolutionary_optimizers.evolutionary_optimizer:Generation: 550 	 Elapsed time: 0:38:18.157900 	 Best training fitness: 1.452583e-02 	 
Level 25:bingo.evolutionary_optimizers.evolutionary_optimizer:550, 2.298158e+03, 6570279, 1.452583e-02, 1.452287e-02, 1.453156e-02, 1.468967e-02, 1.469307e-02, 1.494582e-02, 1.716189e-02, 1.718457e-02, 1.950872e-02, 2.185404e-02, 2.575185e-02, 2.719476e-02, 3.895837e-02, 4.810745e-02, 4.818081e-02, 4.822696e-02, 4.823168e-02, 4.827863e-02
INFO:bingo.evolutionary_optimizers.parallel_archipelago:Evolution time 0:00:40.940924	 age 950	 fitness 1.453e-02
Level 25:bingo.evolutionary_optimizers.evolutionary_optimizer:Generation: 560 	 Elapsed time: 0:38:59.314792 	 Best training fitness: 1.452583e-02 	 
Level 25:bingo.evolutionary_optimizers.evolutionary_optimizer:560, 2.339315e+03, 6674950, 1.452583e-02, 1.452287e-02, 1.453156e-02, 1.468967e-02, 1.469307e-02, 1.494582e-02, 1.716189e-02, 1.718457e-02, 1.897230e-02, 2.575185e-02, 2.719476e-02, 3.895837e-02, 4.810745e-02, 4.818081e-02, 4.822696e-02, 4.823168e-02, 4.827863e-02
INFO:bingo.evolutionary_optimizers.parallel_archipelago:Evolution time 0:00:30.767072	 age 970	 fitness 1.453e-02
Level 25:bingo.evolutionary_optimizers.evolutionary_optimizer:Generation: 570 	 Elapsed time: 0:39:30.297426 	 Best training fitness: 1.452583e-02 	 
Level 25:bingo.evolutionary_optimizers.evolutionary_optimizer:570, 2.370297e+03, 6798805, 1.452583e-02, 1.452287e-02, 1.453156e-02, 1.468967e-02, 1.469307e-02, 1.494582e-02, 1.716189e-02, 1.717790e-02, 1.897230e-02, 2.575185e-02, 2.719476e-02, 3.895837e-02, 4.810745e-02, 4.818081e-02, 4.822696e-02, 4.823168e-02, 4.827863e-02
INFO:bingo.evolutionary_optimizers.parallel_archipelago:Evolution time 0:00:36.242324	 age 980	 fitness 1.451e-02
Level 25:bingo.evolutionary_optimizers.evolutionary_optimizer:Generation: 580 	 Elapsed time: 0:40:06.760756 	 Best training fitness: 1.450613e-02 	 
Level 25:bingo.evolutionary_optimizers.evolutionary_optimizer:580, 2.406761e+03, 6917278, 1.450613e-02, 1.450613e-02, 1.468967e-02, 1.469307e-02, 1.494582e-02, 1.713827e-02, 1.717697e-02, 1.897230e-02, 2.575185e-02, 2.719476e-02, 3.895837e-02, 4.810745e-02, 4.818081e-02, 4.822696e-02, 4.823168e-02, 4.827863e-02
INFO:bingo.evolutionary_optimizers.parallel_archipelago:Evolution time 0:00:29.006053	 age 990	 fitness 1.447e-02
Level 25:bingo.evolutionary_optimizers.evolutionary_optimizer:Generation: 590 	 Elapsed time: 0:40:35.982712 	 Best training fitness: 1.447427e-02 	 
Level 25:bingo.evolutionary_optimizers.evolutionary_optimizer:590, 2.435983e+03, 7026058, 1.447427e-02, 1.447427e-02, 1.468967e-02, 1.469307e-02, 1.494582e-02, 1.713827e-02, 1.717697e-02, 1.897230e-02, 2.575185e-02, 2.719476e-02, 3.895837e-02, 4.810745e-02, 4.818081e-02, 4.822696e-02, 4.823168e-02, 4.827863e-02
INFO:bingo.evolutionary_optimizers.parallel_archipelago:Evolution time 0:00:17.646676	 age 1000	 fitness 1.446e-02
Level 25:bingo.evolutionary_optimizers.evolutionary_optimizer:Generation: 600 	 Elapsed time: 0:40:53.842811 	 Best training fitness: 1.446495e-02 	 
Level 25:bingo.evolutionary_optimizers.evolutionary_optimizer:600, 2.453843e+03, 7107273, 1.446495e-02, 1.446495e-02, 1.468967e-02, 1.469307e-02, 1.494582e-02, 1.713827e-02, 1.717697e-02, 1.897230e-02, 2.575185e-02, 2.719476e-02, 3.895837e-02, 4.810745e-02, 4.818081e-02, 4.822696e-02, 4.823168e-02, 4.827863e-02
INFO:bingo.evolutionary_optimizers.parallel_archipelago:Evolution time 0:00:33.915762	 age 1010	 fitness 1.445e-02
Level 25:bingo.evolutionary_optimizers.evolutionary_optimizer:Generation: 610 	 Elapsed time: 0:41:27.975768 	 Best training fitness: 1.445000e-02 	 
Level 25:bingo.evolutionary_optimizers.evolutionary_optimizer:610, 2.487976e+03, 7219291, 1.445000e-02, 1.445000e-02, 1.454252e-02, 1.469307e-02, 1.494582e-02, 1.708241e-02, 1.713827e-02, 1.717697e-02, 1.897230e-02, 2.575185e-02, 2.719476e-02, 3.895837e-02, 4.810745e-02, 4.818081e-02, 4.822696e-02, 4.823168e-02, 4.827863e-02
INFO:bingo.evolutionary_optimizers.parallel_archipelago:Evolution time 0:00:18.219436	 age 1020	 fitness 1.446e-02
Level 25:bingo.evolutionary_optimizers.evolutionary_optimizer:Generation: 620 	 Elapsed time: 0:41:46.448062 	 Best training fitness: 1.445888e-02 	 
Level 25:bingo.evolutionary_optimizers.evolutionary_optimizer:620, 2.506448e+03, 7295876, 1.445888e-02, 1.445000e-02, 1.453751e-02, 1.469307e-02, 1.494582e-02, 1.700201e-02, 1.701282e-02, 1.717697e-02, 1.897230e-02, 2.575185e-02, 2.719476e-02, 3.895837e-02, 4.810745e-02, 4.818081e-02, 4.822696e-02, 4.823168e-02, 4.827863e-02
INFO:bingo.evolutionary_optimizers.parallel_archipelago:Evolution time 0:01:04.942334	 age 1030	 fitness 1.445e-02
Level 25:bingo.evolutionary_optimizers.evolutionary_optimizer:Generation: 630 	 Elapsed time: 0:42:51.609831 	 Best training fitness: 1.445107e-02 	 
Level 25:bingo.evolutionary_optimizers.evolutionary_optimizer:630, 2.571610e+03, 7452367, 1.445107e-02, 1.445000e-02, 1.446941e-02, 1.469307e-02, 1.494582e-02, 1.698646e-02, 1.717697e-02, 1.897230e-02, 2.575185e-02, 2.719476e-02, 3.895837e-02, 4.810745e-02, 4.818081e-02, 4.822696e-02, 4.823168e-02, 4.827863e-02
INFO:bingo.evolutionary_optimizers.parallel_archipelago:Evolution time 0:00:44.133907	 age 1040	 fitness 1.445e-02
Level 25:bingo.evolutionary_optimizers.evolutionary_optimizer:Generation: 640 	 Elapsed time: 0:43:35.957010 	 Best training fitness: 1.445491e-02 	 
Level 25:bingo.evolutionary_optimizers.evolutionary_optimizer:640, 2.615957e+03, 7569238, 1.445491e-02, 1.445000e-02, 1.446941e-02, 1.469307e-02, 1.494582e-02, 1.698646e-02, 1.717697e-02, 1.897230e-02, 2.575185e-02, 2.719476e-02, 3.895837e-02, 4.810745e-02, 4.818081e-02, 4.822696e-02, 4.823168e-02, 4.827863e-02
INFO:bingo.evolutionary_optimizers.parallel_archipelago:Evolution time 0:00:38.232836	 age 1050	 fitness 1.445e-02
Level 25:bingo.evolutionary_optimizers.evolutionary_optimizer:Generation: 650 	 Elapsed time: 0:44:14.407433 	 Best training fitness: 1.445367e-02 	 
Level 25:bingo.evolutionary_optimizers.evolutionary_optimizer:650, 2.654407e+03, 7724272, 1.445367e-02, 1.445000e-02, 1.446595e-02, 1.469307e-02, 1.494582e-02, 1.696382e-02, 1.698646e-02, 1.717697e-02, 1.897230e-02, 2.575185e-02, 2.719476e-02, 3.895837e-02, 4.810745e-02, 4.818081e-02, 4.822696e-02, 4.823168e-02, 4.827863e-02
INFO:bingo.evolutionary_optimizers.parallel_archipelago:Evolution time 0:00:54.437924	 age 1070	 fitness 1.445e-02
Level 25:bingo.evolutionary_optimizers.evolutionary_optimizer:Generation: 660 	 Elapsed time: 0:45:09.057662 	 Best training fitness: 1.445274e-02 	 
Level 25:bingo.evolutionary_optimizers.evolutionary_optimizer:660, 2.709058e+03, 7912377, 1.445274e-02, 1.445000e-02, 1.445600e-02, 1.469307e-02, 1.494582e-02, 1.696382e-02, 1.698646e-02, 1.717697e-02, 1.897230e-02, 2.575185e-02, 2.719476e-02, 3.895837e-02, 4.810745e-02, 4.818081e-02, 4.822696e-02, 4.823168e-02, 4.827863e-02
INFO:bingo.evolutionary_optimizers.parallel_archipelago:Evolution time 0:00:56.539093	 age 1080	 fitness 1.445e-02
Level 25:bingo.evolutionary_optimizers.evolutionary_optimizer:Generation: 670 	 Elapsed time: 0:46:05.839839 	 Best training fitness: 1.445188e-02 	 
Level 25:bingo.evolutionary_optimizers.evolutionary_optimizer:670, 2.765840e+03, 8084150, 1.445188e-02, 1.445000e-02, 1.445600e-02, 1.469307e-02, 1.494582e-02, 1.694287e-02, 1.698646e-02, 1.717697e-02, 1.897230e-02, 2.575185e-02, 2.719476e-02, 3.895837e-02, 4.810745e-02, 4.818081e-02, 4.822696e-02, 4.823168e-02, 4.824120e-02
INFO:bingo.evolutionary_optimizers.parallel_archipelago:Evolution time 0:00:56.199041	 age 1090	 fitness 1.445e-02
Level 25:bingo.evolutionary_optimizers.evolutionary_optimizer:Generation: 680 	 Elapsed time: 0:47:02.317649 	 Best training fitness: 1.445428e-02 	 
Level 25:bingo.evolutionary_optimizers.evolutionary_optimizer:680, 2.822318e+03, 8260500, 1.445428e-02, 1.445000e-02, 1.445600e-02, 1.469307e-02, 1.494582e-02, 1.694287e-02, 1.696538e-02, 1.698646e-02, 1.717697e-02, 1.897230e-02, 2.575185e-02, 2.719476e-02, 3.895837e-02, 4.810745e-02, 4.818081e-02, 4.822696e-02, 4.823168e-02, 4.824120e-02
INFO:bingo.evolutionary_optimizers.parallel_archipelago:Evolution time 0:00:35.317313	 age 1100	 fitness 1.445e-02
Level 25:bingo.evolutionary_optimizers.evolutionary_optimizer:Generation: 690 	 Elapsed time: 0:47:37.850204 	 Best training fitness: 1.445437e-02 	 
Level 25:bingo.evolutionary_optimizers.evolutionary_optimizer:690, 2.857850e+03, 8374269, 1.445437e-02, 1.445000e-02, 1.445600e-02, 1.469307e-02, 1.494582e-02, 1.694287e-02, 1.695764e-02, 1.698646e-02, 1.717697e-02, 1.897230e-02, 2.575185e-02, 2.719476e-02, 3.895837e-02, 4.810745e-02, 4.818081e-02, 4.822696e-02, 4.823168e-02, 4.824120e-02
INFO:bingo.evolutionary_optimizers.parallel_archipelago:Evolution time 0:00:52.617856	 age 1110	 fitness 1.445e-02
Level 25:bingo.evolutionary_optimizers.evolutionary_optimizer:Generation: 700 	 Elapsed time: 0:48:30.720761 	 Best training fitness: 1.444960e-02 	 
Level 25:bingo.evolutionary_optimizers.evolutionary_optimizer:700, 2.910721e+03, 8512511, 1.444960e-02, 1.444960e-02, 1.445402e-02, 1.469307e-02, 1.494582e-02, 1.694287e-02, 1.695729e-02, 1.698646e-02, 1.717697e-02, 1.897230e-02, 2.575185e-02, 2.719476e-02, 3.895837e-02, 4.810745e-02, 4.818081e-02, 4.822696e-02, 4.823168e-02, 4.824120e-02
INFO:bingo.evolutionary_optimizers.parallel_archipelago:Evolution time 0:00:22.587688	 age 1120	 fitness 1.445e-02
Level 25:bingo.evolutionary_optimizers.evolutionary_optimizer:Generation: 710 	 Elapsed time: 0:48:53.527654 	 Best training fitness: 1.444956e-02 	 
Level 25:bingo.evolutionary_optimizers.evolutionary_optimizer:710, 2.933528e+03, 8611195, 1.444956e-02, 1.444956e-02, 1.445402e-02, 1.469307e-02, 1.494582e-02, 1.694287e-02, 1.695729e-02, 1.698646e-02, 1.717697e-02, 1.897230e-02, 2.575185e-02, 2.719476e-02, 3.895837e-02, 4.810745e-02, 4.818081e-02, 4.822696e-02, 4.823168e-02, 4.824120e-02
INFO:bingo.evolutionary_optimizers.parallel_archipelago:Evolution time 0:00:55.607994	 age 1130	 fitness 1.445e-02
Level 25:bingo.evolutionary_optimizers.evolutionary_optimizer:Generation: 720 	 Elapsed time: 0:49:49.357342 	 Best training fitness: 1.445156e-02 	 
Level 25:bingo.evolutionary_optimizers.evolutionary_optimizer:720, 2.989357e+03, 8753076, 1.445156e-02, 1.444956e-02, 1.445402e-02, 1.469307e-02, 1.494582e-02, 1.694287e-02, 1.695729e-02, 1.695942e-02, 1.698646e-02, 1.717697e-02, 1.897230e-02, 2.575185e-02, 2.719476e-02, 3.895837e-02, 4.810745e-02, 4.818081e-02, 4.822696e-02, 4.823168e-02, 4.824120e-02
INFO:bingo.evolutionary_optimizers.parallel_archipelago:Evolution time 0:00:41.665373	 age 1150	 fitness 1.445e-02
Level 25:bingo.evolutionary_optimizers.evolutionary_optimizer:Generation: 730 	 Elapsed time: 0:50:31.248013 	 Best training fitness: 1.445263e-02 	 
Level 25:bingo.evolutionary_optimizers.evolutionary_optimizer:730, 3.031248e+03, 8877697, 1.445263e-02, 1.444956e-02, 1.445402e-02, 1.469307e-02, 1.494582e-02, 1.694287e-02, 1.695729e-02, 1.695942e-02, 1.698646e-02, 1.717697e-02, 1.897230e-02, 2.575185e-02, 2.719476e-02, 3.895837e-02, 4.810745e-02, 4.818081e-02, 4.822696e-02, 4.823168e-02, 4.824120e-02
INFO:bingo.evolutionary_optimizers.parallel_archipelago:Evolution time 0:00:39.593394	 age 1160	 fitness 1.446e-02
Level 25:bingo.evolutionary_optimizers.evolutionary_optimizer:Generation: 740 	 Elapsed time: 0:51:11.064074 	 Best training fitness: 1.445520e-02 	 
Level 25:bingo.evolutionary_optimizers.evolutionary_optimizer:740, 3.071064e+03, 9001970, 1.445520e-02, 1.444956e-02, 1.445402e-02, 1.469307e-02, 1.494582e-02, 1.694287e-02, 1.694492e-02, 1.695942e-02, 1.698646e-02, 1.717697e-02, 1.897230e-02, 2.575185e-02, 2.719476e-02, 3.895837e-02, 4.810745e-02, 4.818081e-02, 4.822696e-02, 4.823168e-02, 4.824120e-02
INFO:bingo.evolutionary_optimizers.parallel_archipelago:Evolution time 0:00:56.686291	 age 1170	 fitness 1.445e-02
Level 25:bingo.evolutionary_optimizers.evolutionary_optimizer:Generation: 750 	 Elapsed time: 0:52:08.002478 	 Best training fitness: 1.445439e-02 	 
Level 25:bingo.evolutionary_optimizers.evolutionary_optimizer:750, 3.128002e+03, 9161334, 1.445439e-02, 1.444956e-02, 1.445402e-02, 1.469307e-02, 1.494582e-02, 1.694287e-02, 1.694492e-02, 1.695942e-02, 1.698646e-02, 1.717697e-02, 1.897230e-02, 2.575185e-02, 2.719476e-02, 3.895837e-02, 4.810745e-02, 4.818081e-02, 4.822696e-02, 4.823168e-02, 4.824120e-02
INFO:bingo.evolutionary_optimizers.parallel_archipelago:Evolution time 0:00:58.666302	 age 1190	 fitness 1.445e-02
Level 25:bingo.evolutionary_optimizers.evolutionary_optimizer:Generation: 760 	 Elapsed time: 0:53:06.884802 	 Best training fitness: 1.445323e-02 	 
Level 25:bingo.evolutionary_optimizers.evolutionary_optimizer:760, 3.186885e+03, 9348969, 1.445323e-02, 1.444956e-02, 1.445402e-02, 1.469307e-02, 1.494582e-02, 1.694287e-02, 1.694492e-02, 1.695942e-02, 1.698646e-02, 1.717697e-02, 1.897230e-02, 2.575185e-02, 2.719476e-02, 3.895837e-02, 4.810745e-02, 4.818081e-02, 4.822696e-02, 4.823168e-02, 4.824120e-02
INFO:bingo.evolutionary_optimizers.parallel_archipelago:Evolution time 0:00:39.735371	 age 1200	 fitness 1.445e-02
Level 25:bingo.evolutionary_optimizers.evolutionary_optimizer:Generation: 770 	 Elapsed time: 0:53:46.837465 	 Best training fitness: 1.445323e-02 	 
Level 25:bingo.evolutionary_optimizers.evolutionary_optimizer:770, 3.226837e+03, 9460300, 1.445323e-02, 1.444956e-02, 1.445402e-02, 1.469307e-02, 1.494582e-02, 1.691675e-02, 1.694287e-02, 1.694492e-02, 1.695942e-02, 1.698646e-02, 1.717697e-02, 1.897230e-02, 2.575185e-02, 2.719476e-02, 3.895837e-02, 4.810745e-02, 4.818081e-02, 4.822696e-02, 4.823168e-02, 4.824120e-02
INFO:bingo.evolutionary_optimizers.parallel_archipelago:Evolution time 0:00:56.240358	 age 1210	 fitness 1.445e-02
Level 25:bingo.evolutionary_optimizers.evolutionary_optimizer:Generation: 780 	 Elapsed time: 0:54:43.325076 	 Best training fitness: 1.445060e-02 	 
Level 25:bingo.evolutionary_optimizers.evolutionary_optimizer:780, 3.283325e+03, 9637618, 1.445060e-02, 1.444956e-02, 1.445146e-02, 1.469307e-02, 1.494582e-02, 1.691675e-02, 1.694287e-02, 1.694492e-02, 1.695942e-02, 1.698646e-02, 1.717697e-02, 1.897230e-02, 2.575185e-02, 2.719476e-02, 3.895837e-02, 4.810745e-02, 4.818081e-02, 4.822696e-02, 4.823168e-02, 4.824120e-02
INFO:bingo.evolutionary_optimizers.parallel_archipelago:Evolution time 0:00:36.391324	 age 1230	 fitness 1.445e-02
Level 25:bingo.evolutionary_optimizers.evolutionary_optimizer:Generation: 790 	 Elapsed time: 0:55:19.929829 	 Best training fitness: 1.445353e-02 	 
Level 25:bingo.evolutionary_optimizers.evolutionary_optimizer:790, 3.319930e+03, 9771573, 1.445353e-02, 1.444956e-02, 1.445146e-02, 1.469307e-02, 1.494582e-02, 1.681763e-02, 1.694287e-02, 1.694492e-02, 1.695942e-02, 1.698646e-02, 1.717697e-02, 1.897230e-02, 2.575185e-02, 2.719476e-02, 3.895837e-02, 4.810745e-02, 4.818081e-02, 4.822696e-02, 4.823168e-02, 4.824120e-02
INFO:bingo.evolutionary_optimizers.parallel_archipelago:Evolution time 0:00:57.298688	 age 1250	 fitness 1.446e-02
Level 25:bingo.evolutionary_optimizers.evolutionary_optimizer:Generation: 800 	 Elapsed time: 0:56:17.440449 	 Best training fitness: 1.446026e-02 	 
Level 25:bingo.evolutionary_optimizers.evolutionary_optimizer:800, 3.377440e+03, 9934307, 1.446026e-02, 1.444956e-02, 1.445146e-02, 1.469307e-02, 1.494582e-02, 1.681763e-02, 1.694287e-02, 1.694492e-02, 1.695942e-02, 1.698646e-02, 1.717697e-02, 1.897230e-02, 2.575185e-02, 2.719476e-02, 3.895837e-02, 4.810745e-02, 4.818081e-02, 4.822696e-02, 4.823168e-02, 4.824120e-02
INFO:bingo.evolutionary_optimizers.parallel_archipelago:Evolution time 0:00:37.525807	 age 1270	 fitness 1.445e-02
Level 25:bingo.evolutionary_optimizers.evolutionary_optimizer:Generation: 810 	 Elapsed time: 0:56:55.194856 	 Best training fitness: 1.445194e-02 	 
Level 25:bingo.evolutionary_optimizers.evolutionary_optimizer:810, 3.415195e+03, 10087249, 1.445194e-02, 1.444956e-02, 1.445146e-02, 1.469307e-02, 1.494582e-02, 1.681763e-02, 1.694287e-02, 1.694492e-02, 1.695942e-02, 1.698646e-02, 1.717697e-02, 1.897230e-02, 2.575185e-02, 2.719476e-02, 3.895837e-02, 4.810745e-02, 4.818081e-02, 4.822696e-02, 4.823168e-02, 4.824120e-02
INFO:bingo.evolutionary_optimizers.parallel_archipelago:Evolution time 0:00:32.774517	 age 1280	 fitness 1.445e-02
Level 25:bingo.evolutionary_optimizers.evolutionary_optimizer:Generation: 820 	 Elapsed time: 0:57:28.184449 	 Best training fitness: 1.445349e-02 	 
Level 25:bingo.evolutionary_optimizers.evolutionary_optimizer:820, 3.448184e+03, 10201789, 1.445349e-02, 1.444956e-02, 1.445146e-02, 1.469307e-02, 1.494582e-02, 1.678937e-02, 1.694287e-02, 1.694492e-02, 1.695942e-02, 1.698646e-02, 1.717697e-02, 1.897230e-02, 2.575185e-02, 2.719476e-02, 3.895837e-02, 4.810745e-02, 4.818081e-02, 4.822696e-02, 4.823168e-02, 4.824120e-02
INFO:bingo.evolutionary_optimizers.parallel_archipelago:Evolution time 0:01:13.216099	 age 1290	 fitness 1.421e-02
Level 25:bingo.evolutionary_optimizers.evolutionary_optimizer:Generation: 830 	 Elapsed time: 0:58:41.616925 	 Best training fitness: 1.420645e-02 	 
Level 25:bingo.evolutionary_optimizers.evolutionary_optimizer:830, 3.521617e+03, 10364846, 1.420645e-02, 1.420645e-02, 1.444956e-02, 1.445146e-02, 1.469307e-02, 1.494582e-02, 1.678937e-02, 1.694287e-02, 1.694492e-02, 1.695942e-02, 1.698646e-02, 1.717697e-02, 1.897230e-02, 2.575185e-02, 2.719476e-02, 3.895837e-02, 4.810745e-02, 4.818081e-02, 4.822696e-02, 4.823168e-02, 4.824120e-02
INFO:bingo.evolutionary_optimizers.parallel_archipelago:Evolution time 0:00:58.155015	 age 1300	 fitness 1.421e-02
Level 25:bingo.evolutionary_optimizers.evolutionary_optimizer:Generation: 840 	 Elapsed time: 0:59:39.987399 	 Best training fitness: 1.420645e-02 	 
Level 25:bingo.evolutionary_optimizers.evolutionary_optimizer:840, 3.579987e+03, 10546524, 1.420645e-02, 1.420645e-02, 1.444956e-02, 1.445146e-02, 1.469307e-02, 1.494582e-02, 1.678937e-02, 1.694287e-02, 1.694492e-02, 1.695942e-02, 1.698646e-02, 1.717697e-02, 1.897230e-02, 2.575185e-02, 2.719476e-02, 3.895837e-02, 4.810745e-02, 4.818081e-02, 4.822696e-02, 4.823168e-02, 4.824120e-02
INFO:bingo.evolutionary_optimizers.parallel_archipelago:Evolution time 0:00:34.577356	 age 1310	 fitness 1.421e-02
Level 25:bingo.evolutionary_optimizers.evolutionary_optimizer:Generation: 850 	 Elapsed time: 1:00:14.781586 	 Best training fitness: 1.420833e-02 	 
Level 25:bingo.evolutionary_optimizers.evolutionary_optimizer:850, 3.614782e+03, 10661318, 1.420833e-02, 1.420645e-02, 1.444956e-02, 1.445146e-02, 1.469307e-02, 1.494582e-02, 1.678937e-02, 1.694287e-02, 1.694492e-02, 1.695942e-02, 1.698646e-02, 1.717697e-02, 1.897230e-02, 2.575185e-02, 2.719476e-02, 3.895837e-02, 4.810745e-02, 4.818081e-02, 4.822696e-02, 4.823168e-02, 4.824120e-02
INFO:bingo.evolutionary_optimizers.parallel_archipelago:Evolution time 0:00:39.829521	 age 1330	 fitness 1.421e-02
Level 25:bingo.evolutionary_optimizers.evolutionary_optimizer:Generation: 860 	 Elapsed time: 1:00:54.824817 	 Best training fitness: 1.420833e-02 	 
Level 25:bingo.evolutionary_optimizers.evolutionary_optimizer:860, 3.654825e+03, 10814606, 1.420833e-02, 1.420645e-02, 1.444956e-02, 1.445146e-02, 1.469307e-02, 1.494582e-02, 1.678937e-02, 1.694287e-02, 1.694492e-02, 1.695942e-02, 1.698646e-02, 1.717697e-02, 1.897230e-02, 2.575185e-02, 2.719476e-02, 3.895837e-02, 4.810745e-02, 4.818081e-02, 4.822696e-02, 4.823168e-02, 4.824120e-02
INFO:bingo.evolutionary_optimizers.parallel_archipelago:Evolution time 0:01:14.102588	 age 1340	 fitness 1.421e-02
Level 25:bingo.evolutionary_optimizers.evolutionary_optimizer:Generation: 870 	 Elapsed time: 1:02:09.144894 	 Best training fitness: 1.420592e-02 	 
Level 25:bingo.evolutionary_optimizers.evolutionary_optimizer:870, 3.729145e+03, 11027056, 1.420592e-02, 1.420592e-02, 1.444956e-02, 1.445146e-02, 1.469307e-02, 1.494582e-02, 1.678937e-02, 1.694287e-02, 1.694492e-02, 1.695942e-02, 1.698646e-02, 1.717697e-02, 1.897230e-02, 2.575185e-02, 2.719476e-02, 3.895837e-02, 4.810745e-02, 4.818081e-02, 4.822696e-02, 4.823168e-02, 4.824120e-02
INFO:bingo.evolutionary_optimizers.parallel_archipelago:Evolution time 0:01:16.029489	 age 1360	 fitness 1.420e-02
Level 25:bingo.evolutionary_optimizers.evolutionary_optimizer:Generation: 880 	 Elapsed time: 1:03:25.424239 	 Best training fitness: 1.420039e-02 	 
Level 25:bingo.evolutionary_optimizers.evolutionary_optimizer:880, 3.805424e+03, 11227657, 1.420039e-02, 1.420039e-02, 1.444956e-02, 1.445146e-02, 1.469307e-02, 1.494582e-02, 1.678937e-02, 1.694287e-02, 1.694492e-02, 1.695942e-02, 1.698646e-02, 1.717697e-02, 1.897230e-02, 2.575185e-02, 2.719476e-02, 3.895837e-02, 4.810745e-02, 4.818081e-02, 4.822696e-02, 4.823168e-02, 4.824120e-02
INFO:bingo.evolutionary_optimizers.parallel_archipelago:Evolution time 0:00:40.805079	 age 1380	 fitness 1.420e-02
Level 25:bingo.evolutionary_optimizers.evolutionary_optimizer:Generation: 890 	 Elapsed time: 1:04:06.446100 	 Best training fitness: 1.420039e-02 	 
Level 25:bingo.evolutionary_optimizers.evolutionary_optimizer:890, 3.846446e+03, 11394976, 1.420039e-02, 1.420039e-02, 1.444956e-02, 1.445146e-02, 1.469307e-02, 1.494582e-02, 1.678937e-02, 1.693097e-02, 1.694492e-02, 1.695942e-02, 1.698646e-02, 1.717697e-02, 1.897230e-02, 2.575185e-02, 2.719476e-02, 3.895837e-02, 4.810745e-02, 4.818081e-02, 4.822696e-02, 4.823168e-02, 4.824120e-02
INFO:bingo.evolutionary_optimizers.parallel_archipelago:Evolution time 0:00:38.073174	 age 1390	 fitness 1.420e-02
Level 25:bingo.evolutionary_optimizers.evolutionary_optimizer:Generation: 900 	 Elapsed time: 1:04:44.736083 	 Best training fitness: 1.420039e-02 	 
Level 25:bingo.evolutionary_optimizers.evolutionary_optimizer:900, 3.884736e+03, 11509394, 1.420039e-02, 1.420039e-02, 1.444956e-02, 1.445146e-02, 1.469307e-02, 1.494582e-02, 1.678937e-02, 1.693097e-02, 1.694492e-02, 1.695942e-02, 1.698646e-02, 1.717697e-02, 1.897230e-02, 2.575185e-02, 2.719476e-02, 3.895837e-02, 4.810745e-02, 4.818081e-02, 4.822696e-02, 4.823168e-02, 4.824120e-02
INFO:bingo.evolutionary_optimizers.parallel_archipelago:Evolution time 0:00:33.244932	 age 1410	 fitness 1.420e-02
Level 25:bingo.evolutionary_optimizers.evolutionary_optimizer:Generation: 910 	 Elapsed time: 1:05:18.197717 	 Best training fitness: 1.420039e-02 	 
Level 25:bingo.evolutionary_optimizers.evolutionary_optimizer:910, 3.918198e+03, 11621656, 1.420039e-02, 1.420039e-02, 1.444956e-02, 1.445146e-02, 1.469307e-02, 1.494582e-02, 1.677790e-02, 1.693097e-02, 1.694492e-02, 1.695942e-02, 1.698646e-02, 1.717697e-02, 1.897230e-02, 2.575185e-02, 2.719476e-02, 3.895837e-02, 4.810745e-02, 4.818081e-02, 4.822696e-02, 4.823168e-02, 4.824120e-02
INFO:bingo.evolutionary_optimizers.parallel_archipelago:Evolution time 0:00:56.374977	 age 1420	 fitness 1.420e-02
Level 25:bingo.evolutionary_optimizers.evolutionary_optimizer:Generation: 920 	 Elapsed time: 1:06:14.773811 	 Best training fitness: 1.420457e-02 	 
Level 25:bingo.evolutionary_optimizers.evolutionary_optimizer:920, 3.974774e+03, 11777461, 1.420457e-02, 1.420039e-02, 1.420986e-02, 1.444956e-02, 1.445146e-02, 1.469307e-02, 1.494582e-02, 1.677790e-02, 1.693097e-02, 1.694492e-02, 1.695942e-02, 1.698646e-02, 1.717697e-02, 1.897230e-02, 2.575185e-02, 2.719476e-02, 3.895837e-02, 4.810745e-02, 4.818081e-02, 4.822696e-02, 4.823168e-02, 4.824120e-02
INFO:bingo.evolutionary_optimizers.parallel_archipelago:Evolution time 0:00:48.836400	 age 1430	 fitness 1.421e-02
Level 25:bingo.evolutionary_optimizers.evolutionary_optimizer:Generation: 930 	 Elapsed time: 1:07:03.828412 	 Best training fitness: 1.420905e-02 	 
Level 25:bingo.evolutionary_optimizers.evolutionary_optimizer:930, 4.023828e+03, 11911142, 1.420905e-02, 1.420039e-02, 1.420986e-02, 1.444956e-02, 1.445146e-02, 1.469307e-02, 1.494582e-02, 1.677790e-02, 1.693097e-02, 1.694492e-02, 1.695942e-02, 1.698646e-02, 1.717697e-02, 1.897230e-02, 2.575185e-02, 2.719476e-02, 3.895837e-02, 4.810745e-02, 4.818081e-02, 4.822696e-02, 4.823168e-02, 4.824120e-02
INFO:bingo.evolutionary_optimizers.parallel_archipelago:Evolution time 0:00:58.752806	 age 1450	 fitness 1.421e-02
Level 25:bingo.evolutionary_optimizers.evolutionary_optimizer:Generation: 940 	 Elapsed time: 1:08:02.833076 	 Best training fitness: 1.420506e-02 	 
Level 25:bingo.evolutionary_optimizers.evolutionary_optimizer:940, 4.082833e+03, 12085671, 1.420506e-02, 1.420039e-02, 1.420986e-02, 1.444956e-02, 1.445146e-02, 1.469307e-02, 1.494582e-02, 1.677693e-02, 1.693097e-02, 1.694492e-02, 1.695942e-02, 1.698646e-02, 1.717697e-02, 1.897230e-02, 2.575185e-02, 2.719476e-02, 3.895837e-02, 4.810745e-02, 4.818081e-02, 4.822696e-02, 4.823168e-02, 4.824120e-02
INFO:bingo.evolutionary_optimizers.parallel_archipelago:Evolution time 0:01:00.562020	 age 1470	 fitness 1.421e-02
Level 25:bingo.evolutionary_optimizers.evolutionary_optimizer:Generation: 950 	 Elapsed time: 1:09:03.616423 	 Best training fitness: 1.420705e-02 	 
Level 25:bingo.evolutionary_optimizers.evolutionary_optimizer:950, 4.143616e+03, 12285441, 1.420705e-02, 1.420039e-02, 1.420986e-02, 1.444956e-02, 1.445146e-02, 1.469307e-02, 1.494582e-02, 1.677067e-02, 1.693097e-02, 1.694492e-02, 1.695942e-02, 1.698646e-02, 1.717697e-02, 1.897230e-02, 2.575185e-02, 2.719476e-02, 3.895837e-02, 4.810745e-02, 4.818081e-02, 4.822696e-02, 4.823168e-02, 4.824120e-02
INFO:bingo.evolutionary_optimizers.parallel_archipelago:Evolution time 0:01:26.366263	 age 1490	 fitness 1.421e-02
Level 25:bingo.evolutionary_optimizers.evolutionary_optimizer:Generation: 960 	 Elapsed time: 1:10:30.204727 	 Best training fitness: 1.420630e-02 	 
Level 25:bingo.evolutionary_optimizers.evolutionary_optimizer:960, 4.230205e+03, 12515306, 1.420630e-02, 1.420039e-02, 1.420986e-02, 1.444956e-02, 1.445146e-02, 1.469307e-02, 1.494582e-02, 1.677067e-02, 1.693097e-02, 1.694492e-02, 1.695942e-02, 1.698646e-02, 1.717697e-02, 1.897230e-02, 2.575185e-02, 2.719476e-02, 3.895837e-02, 4.810745e-02, 4.818081e-02, 4.822696e-02, 4.823168e-02, 4.824120e-02
INFO:bingo.evolutionary_optimizers.parallel_archipelago:Evolution time 0:00:38.235682	 age 1500	 fitness 1.421e-02
Level 25:bingo.evolutionary_optimizers.evolutionary_optimizer:Generation: 970 	 Elapsed time: 1:11:08.669648 	 Best training fitness: 1.420882e-02 	 
Level 25:bingo.evolutionary_optimizers.evolutionary_optimizer:970, 4.268670e+03, 12650429, 1.420882e-02, 1.420039e-02, 1.420986e-02, 1.444956e-02, 1.445146e-02, 1.469307e-02, 1.494582e-02, 1.677067e-02, 1.693097e-02, 1.694492e-02, 1.695942e-02, 1.698646e-02, 1.717697e-02, 1.897230e-02, 2.575185e-02, 2.719476e-02, 3.895837e-02, 4.810745e-02, 4.818081e-02, 4.822696e-02, 4.823168e-02, 4.824120e-02
INFO:bingo.evolutionary_optimizers.parallel_archipelago:Evolution time 0:01:14.610245	 age 1520	 fitness 1.421e-02
Level 25:bingo.evolutionary_optimizers.evolutionary_optimizer:Generation: 980 	 Elapsed time: 1:12:23.513402 	 Best training fitness: 1.420973e-02 	 
Level 25:bingo.evolutionary_optimizers.evolutionary_optimizer:980, 4.343513e+03, 12827139, 1.420973e-02, 1.420039e-02, 1.420986e-02, 1.444956e-02, 1.445146e-02, 1.469307e-02, 1.494582e-02, 1.677067e-02, 1.693097e-02, 1.694492e-02, 1.695942e-02, 1.698646e-02, 1.717697e-02, 1.897230e-02, 2.575185e-02, 2.719476e-02, 3.895837e-02, 4.810745e-02, 4.818081e-02, 4.822696e-02, 4.823168e-02, 4.824120e-02
INFO:bingo.evolutionary_optimizers.parallel_archipelago:Evolution time 0:00:37.198705	 age 1530	 fitness 1.421e-02
Level 25:bingo.evolutionary_optimizers.evolutionary_optimizer:Generation: 990 	 Elapsed time: 1:13:00.937392 	 Best training fitness: 1.420614e-02 	 
Level 25:bingo.evolutionary_optimizers.evolutionary_optimizer:990, 4.380937e+03, 12940449, 1.420614e-02, 1.420039e-02, 1.420986e-02, 1.444956e-02, 1.445146e-02, 1.469307e-02, 1.494582e-02, 1.677067e-02, 1.693097e-02, 1.694492e-02, 1.695942e-02, 1.698646e-02, 1.717697e-02, 1.897230e-02, 2.575185e-02, 2.719476e-02, 3.895837e-02, 4.810745e-02, 4.818081e-02, 4.822696e-02, 4.823168e-02, 4.824120e-02
INFO:bingo.evolutionary_optimizers.parallel_archipelago:Evolution time 0:01:17.159722	 age 1540	 fitness 1.420e-02
Level 25:bingo.evolutionary_optimizers.evolutionary_optimizer:Generation: 1000 	 Elapsed time: 1:14:18.358733 	 Best training fitness: 1.420493e-02 	 
Level 25:bingo.evolutionary_optimizers.evolutionary_optimizer:1000, 4.458359e+03, 13138091, 1.420493e-02, 1.420039e-02, 1.420986e-02, 1.444956e-02, 1.445146e-02, 1.469307e-02, 1.494582e-02, 1.677067e-02, 1.693097e-02, 1.694492e-02, 1.695942e-02, 1.698646e-02, 1.717697e-02, 1.897230e-02, 2.575185e-02, 2.719476e-02, 3.895837e-02, 4.810745e-02, 4.818081e-02, 4.822696e-02, 4.823168e-02, 4.824120e-02
INFO:bingo.evolutionary_optimizers.parallel_archipelago:Evolution time 0:00:35.756432	 age 1560	 fitness 1.420e-02
Level 25:bingo.evolutionary_optimizers.evolutionary_optimizer:Generation: 1010 	 Elapsed time: 1:14:54.341339 	 Best training fitness: 1.420493e-02 	 
Level 25:bingo.evolutionary_optimizers.evolutionary_optimizer:1010, 4.494341e+03, 13271982, 1.420493e-02, 1.420039e-02, 1.420986e-02, 1.444956e-02, 1.445146e-02, 1.469307e-02, 1.494582e-02, 1.677067e-02, 1.693097e-02, 1.694492e-02, 1.695942e-02, 1.698646e-02, 1.717697e-02, 1.897230e-02, 2.575185e-02, 2.719476e-02, 3.895837e-02, 4.810745e-02, 4.818081e-02, 4.822696e-02, 4.823168e-02, 4.824120e-02
INFO:bingo.evolutionary_optimizers.parallel_archipelago:Evolution time 0:00:37.032767	 age 1580	 fitness 1.420e-02
Level 25:bingo.evolutionary_optimizers.evolutionary_optimizer:Generation: 1020 	 Elapsed time: 1:15:31.595418 	 Best training fitness: 1.420483e-02 	 
Level 25:bingo.evolutionary_optimizers.evolutionary_optimizer:1020, 4.531595e+03, 13419899, 1.420483e-02, 1.420039e-02, 1.420986e-02, 1.444956e-02, 1.445146e-02, 1.469307e-02, 1.494582e-02, 1.677067e-02, 1.693097e-02, 1.694492e-02, 1.695942e-02, 1.698646e-02, 1.717697e-02, 1.897230e-02, 2.575185e-02, 2.719476e-02, 3.895837e-02, 4.810745e-02, 4.818081e-02, 4.822696e-02, 4.823168e-02, 4.824120e-02
INFO:bingo.evolutionary_optimizers.parallel_archipelago:Evolution time 0:01:12.358248	 age 1600	 fitness 1.421e-02
Level 25:bingo.evolutionary_optimizers.evolutionary_optimizer:Generation: 1030 	 Elapsed time: 1:16:44.200882 	 Best training fitness: 1.421131e-02 	 
Level 25:bingo.evolutionary_optimizers.evolutionary_optimizer:1030, 4.604201e+03, 13574055, 1.421131e-02, 1.420039e-02, 1.420986e-02, 1.444956e-02, 1.445146e-02, 1.469307e-02, 1.494582e-02, 1.677067e-02, 1.693097e-02, 1.694492e-02, 1.695942e-02, 1.698646e-02, 1.717697e-02, 1.897230e-02, 2.575185e-02, 2.719476e-02, 3.895837e-02, 4.810745e-02, 4.818081e-02, 4.822696e-02, 4.823168e-02, 4.824120e-02
INFO:bingo.evolutionary_optimizers.parallel_archipelago:Evolution time 0:01:06.551495	 age 1610	 fitness 1.420e-02
Level 25:bingo.evolutionary_optimizers.evolutionary_optimizer:Generation: 1040 	 Elapsed time: 1:17:51.010442 	 Best training fitness: 1.420341e-02 	 
Level 25:bingo.evolutionary_optimizers.evolutionary_optimizer:1040, 4.671010e+03, 13713927, 1.420341e-02, 1.420039e-02, 1.420986e-02, 1.444956e-02, 1.445146e-02, 1.469307e-02, 1.494582e-02, 1.677067e-02, 1.693097e-02, 1.694492e-02, 1.695942e-02, 1.698646e-02, 1.717697e-02, 1.897230e-02, 2.575185e-02, 2.719476e-02, 3.895837e-02, 4.810745e-02, 4.818081e-02, 4.822696e-02, 4.823168e-02, 4.824120e-02
INFO:bingo.evolutionary_optimizers.parallel_archipelago:Evolution time 0:01:09.094090	 age 1620	 fitness 1.421e-02
Level 25:bingo.evolutionary_optimizers.evolutionary_optimizer:Generation: 1050 	 Elapsed time: 1:19:00.355193 	 Best training fitness: 1.420799e-02 	 
Level 25:bingo.evolutionary_optimizers.evolutionary_optimizer:1050, 4.740355e+03, 13859035, 1.420799e-02, 1.420039e-02, 1.420986e-02, 1.444956e-02, 1.445146e-02, 1.469307e-02, 1.494582e-02, 1.677067e-02, 1.693097e-02, 1.694492e-02, 1.695942e-02, 1.698646e-02, 1.717697e-02, 1.897230e-02, 2.575185e-02, 2.719476e-02, 3.895837e-02, 4.810745e-02, 4.818081e-02, 4.822696e-02, 4.823168e-02, 4.824120e-02
INFO:bingo.evolutionary_optimizers.parallel_archipelago:Evolution time 0:00:49.381474	 age 1640	 fitness 1.421e-02
Level 25:bingo.evolutionary_optimizers.evolutionary_optimizer:Generation: 1060 	 Elapsed time: 1:19:49.994919 	 Best training fitness: 1.420614e-02 	 
Level 25:bingo.evolutionary_optimizers.evolutionary_optimizer:1060, 4.789995e+03, 14001254, 1.420614e-02, 1.420039e-02, 1.420986e-02, 1.444956e-02, 1.445146e-02, 1.469307e-02, 1.494582e-02, 1.677067e-02, 1.693097e-02, 1.694492e-02, 1.695942e-02, 1.698646e-02, 1.717697e-02, 1.897230e-02, 2.575185e-02, 2.719476e-02, 3.895837e-02, 4.810745e-02, 4.818081e-02, 4.822696e-02, 4.823168e-02, 4.824120e-02
INFO:bingo.evolutionary_optimizers.parallel_archipelago:Evolution time 0:00:58.267162	 age 1650	 fitness 1.421e-02
Level 25:bingo.evolutionary_optimizers.evolutionary_optimizer:Generation: 1070 	 Elapsed time: 1:20:48.486043 	 Best training fitness: 1.420614e-02 	 
Level 25:bingo.evolutionary_optimizers.evolutionary_optimizer:1070, 4.848486e+03, 14160612, 1.420614e-02, 1.420039e-02, 1.420986e-02, 1.444956e-02, 1.445146e-02, 1.469307e-02, 1.494582e-02, 1.677067e-02, 1.693097e-02, 1.694492e-02, 1.695942e-02, 1.698646e-02, 1.717697e-02, 1.897230e-02, 2.575185e-02, 2.719476e-02, 3.895837e-02, 4.810745e-02, 4.818081e-02, 4.822696e-02, 4.823168e-02, 4.824120e-02
INFO:bingo.evolutionary_optimizers.parallel_archipelago:Evolution time 0:01:17.322024	 age 1660	 fitness 1.421e-02
Level 25:bingo.evolutionary_optimizers.evolutionary_optimizer:Generation: 1080 	 Elapsed time: 1:22:06.031576 	 Best training fitness: 1.420614e-02 	 
Level 25:bingo.evolutionary_optimizers.evolutionary_optimizer:1080, 4.926032e+03, 14331916, 1.420614e-02, 1.420039e-02, 1.420986e-02, 1.444956e-02, 1.445146e-02, 1.469307e-02, 1.494582e-02, 1.677067e-02, 1.693097e-02, 1.694492e-02, 1.695942e-02, 1.698646e-02, 1.717697e-02, 1.897230e-02, 2.575185e-02, 2.719476e-02, 3.895837e-02, 4.810745e-02, 4.818081e-02, 4.822696e-02, 4.823168e-02, 4.824120e-02
INFO:bingo.evolutionary_optimizers.parallel_archipelago:Evolution time 0:00:38.752262	 age 1680	 fitness 1.421e-02
Level 25:bingo.evolutionary_optimizers.evolutionary_optimizer:Generation: 1090 	 Elapsed time: 1:22:45.010867 	 Best training fitness: 1.421338e-02 	 
Level 25:bingo.evolutionary_optimizers.evolutionary_optimizer:1090, 4.965011e+03, 14450193, 1.421338e-02, 1.420039e-02, 1.420986e-02, 1.444956e-02, 1.445146e-02, 1.469307e-02, 1.494582e-02, 1.677067e-02, 1.693097e-02, 1.694492e-02, 1.695942e-02, 1.698646e-02, 1.717697e-02, 1.897230e-02, 2.575185e-02, 2.719476e-02, 3.895837e-02, 4.810745e-02, 4.818081e-02, 4.822696e-02, 4.823168e-02, 4.824120e-02
INFO:bingo.evolutionary_optimizers.parallel_archipelago:Evolution time 0:01:01.804444	 age 1690	 fitness 1.413e-02
Level 25:bingo.evolutionary_optimizers.evolutionary_optimizer:Generation: 1100 	 Elapsed time: 1:23:47.039046 	 Best training fitness: 1.412830e-02 	 
Level 25:bingo.evolutionary_optimizers.evolutionary_optimizer:1100, 5.027039e+03, 14591025, 1.412830e-02, 1.412830e-02, 1.445146e-02, 1.469307e-02, 1.494582e-02, 1.677067e-02, 1.693097e-02, 1.694492e-02, 1.695942e-02, 1.698646e-02, 1.717697e-02, 1.897230e-02, 2.575185e-02, 2.719476e-02, 3.895837e-02, 4.810745e-02, 4.818081e-02, 4.822696e-02, 4.823168e-02, 4.824120e-02
INFO:bingo.evolutionary_optimizers.parallel_archipelago:Evolution time 0:01:10.381801	 age 1700	 fitness 1.411e-02
Level 25:bingo.evolutionary_optimizers.evolutionary_optimizer:Generation: 1110 	 Elapsed time: 1:24:57.639271 	 Best training fitness: 1.410601e-02 	 
Level 25:bingo.evolutionary_optimizers.evolutionary_optimizer:1110, 5.097639e+03, 14804476, 1.410601e-02, 1.410601e-02, 1.469307e-02, 1.494582e-02, 1.677067e-02, 1.693097e-02, 1.694492e-02, 1.695942e-02, 1.698646e-02, 1.717697e-02, 1.897230e-02, 2.575185e-02, 2.719476e-02, 3.895837e-02, 4.810745e-02, 4.818081e-02, 4.822696e-02, 4.823168e-02, 4.824120e-02
INFO:bingo.evolutionary_optimizers.parallel_archipelago:Evolution time 0:01:19.613733	 age 1720	 fitness 1.411e-02
Level 25:bingo.evolutionary_optimizers.evolutionary_optimizer:Generation: 1120 	 Elapsed time: 1:26:17.473856 	 Best training fitness: 1.410624e-02 	 
Level 25:bingo.evolutionary_optimizers.evolutionary_optimizer:1120, 5.177474e+03, 15007015, 1.410624e-02, 1.410601e-02, 1.469307e-02, 1.494582e-02, 1.677067e-02, 1.693097e-02, 1.694492e-02, 1.695942e-02, 1.698646e-02, 1.717697e-02, 1.897230e-02, 2.575185e-02, 2.719476e-02, 3.895837e-02, 4.810745e-02, 4.818081e-02, 4.822696e-02, 4.823168e-02, 4.824120e-02
INFO:bingo.evolutionary_optimizers.parallel_archipelago:Evolution time 0:00:55.882056	 age 1730	 fitness 1.411e-02
Level 25:bingo.evolutionary_optimizers.evolutionary_optimizer:Generation: 1130 	 Elapsed time: 1:27:13.577520 	 Best training fitness: 1.410624e-02 	 
Level 25:bingo.evolutionary_optimizers.evolutionary_optimizer:1130, 5.233578e+03, 15162820, 1.410624e-02, 1.410601e-02, 1.469307e-02, 1.494582e-02, 1.677067e-02, 1.693097e-02, 1.694492e-02, 1.695942e-02, 1.698646e-02, 1.717697e-02, 1.897230e-02, 2.575185e-02, 2.719476e-02, 3.895837e-02, 4.810745e-02, 4.818081e-02, 4.822696e-02, 4.823168e-02, 4.824120e-02
INFO:bingo.evolutionary_optimizers.parallel_archipelago:Evolution time 0:00:40.068639	 age 1750	 fitness 1.411e-02
Level 25:bingo.evolutionary_optimizers.evolutionary_optimizer:Generation: 1140 	 Elapsed time: 1:27:53.870424 	 Best training fitness: 1.410697e-02 	 
Level 25:bingo.evolutionary_optimizers.evolutionary_optimizer:1140, 5.273870e+03, 15315853, 1.410697e-02, 1.410601e-02, 1.469307e-02, 1.494582e-02, 1.677067e-02, 1.693097e-02, 1.694492e-02, 1.695942e-02, 1.698646e-02, 1.717697e-02, 1.897230e-02, 2.575185e-02, 2.719476e-02, 3.895837e-02, 4.810745e-02, 4.818081e-02, 4.822696e-02, 4.823168e-02, 4.824120e-02
INFO:bingo.evolutionary_optimizers.parallel_archipelago:Evolution time 0:00:20.214600	 age 1760	 fitness 1.410e-02
Level 25:bingo.evolutionary_optimizers.evolutionary_optimizer:Generation: 1150 	 Elapsed time: 1:28:14.313379 	 Best training fitness: 1.410319e-02 	 
Level 25:bingo.evolutionary_optimizers.evolutionary_optimizer:1150, 5.294313e+03, 15412536, 1.410319e-02, 1.410319e-02, 1.469307e-02, 1.494582e-02, 1.677067e-02, 1.693097e-02, 1.694492e-02, 1.695942e-02, 1.698646e-02, 1.717697e-02, 1.897230e-02, 2.575185e-02, 2.719476e-02, 3.895837e-02, 4.810745e-02, 4.818081e-02, 4.822696e-02, 4.823168e-02, 4.824120e-02
INFO:bingo.evolutionary_optimizers.parallel_archipelago:Evolution time 0:00:41.080391	 age 1770	 fitness 1.411e-02
Level 25:bingo.evolutionary_optimizers.evolutionary_optimizer:Generation: 1160 	 Elapsed time: 1:28:55.611843 	 Best training fitness: 1.410515e-02 	 
Level 25:bingo.evolutionary_optimizers.evolutionary_optimizer:1160, 5.335612e+03, 15527121, 1.410515e-02, 1.410319e-02, 1.411030e-02, 1.494582e-02, 1.677067e-02, 1.693097e-02, 1.694492e-02, 1.695942e-02, 1.698646e-02, 1.717697e-02, 1.897230e-02, 2.575185e-02, 2.719476e-02, 3.895837e-02, 4.810745e-02, 4.818081e-02, 4.822696e-02, 4.823168e-02, 4.824120e-02
INFO:bingo.evolutionary_optimizers.parallel_archipelago:Evolution time 0:00:59.663652	 age 1790	 fitness 1.410e-02
Level 25:bingo.evolutionary_optimizers.evolutionary_optimizer:Generation: 1170 	 Elapsed time: 1:29:55.493943 	 Best training fitness: 1.409777e-02 	 
Level 25:bingo.evolutionary_optimizers.evolutionary_optimizer:1170, 5.395494e+03, 15683456, 1.409777e-02, 1.409777e-02, 1.494582e-02, 1.677067e-02, 1.693097e-02, 1.694492e-02, 1.695942e-02, 1.698646e-02, 1.717697e-02, 1.897230e-02, 2.575185e-02, 2.719476e-02, 3.895837e-02, 4.810745e-02, 4.818081e-02, 4.822696e-02, 4.823168e-02, 4.824120e-02
INFO:bingo.evolutionary_optimizers.parallel_archipelago:Evolution time 0:00:38.506098	 age 1810	 fitness 1.410e-02
Level 25:bingo.evolutionary_optimizers.evolutionary_optimizer:Generation: 1180 	 Elapsed time: 1:30:34.252970 	 Best training fitness: 1.410058e-02 	 
Level 25:bingo.evolutionary_optimizers.evolutionary_optimizer:1180, 5.434253e+03, 15828916, 1.410058e-02, 1.409777e-02, 1.494582e-02, 1.677067e-02, 1.693097e-02, 1.694492e-02, 1.695942e-02, 1.698646e-02, 1.717697e-02, 1.897230e-02, 2.575185e-02, 2.719476e-02, 3.895837e-02, 4.810745e-02, 4.818081e-02, 4.822696e-02, 4.823168e-02, 4.824120e-02
INFO:bingo.evolutionary_optimizers.parallel_archipelago:Evolution time 0:00:56.711804	 age 1830	 fitness 1.399e-02
Level 25:bingo.evolutionary_optimizers.evolutionary_optimizer:Generation: 1190 	 Elapsed time: 1:31:31.177509 	 Best training fitness: 1.399029e-02 	 
Level 25:bingo.evolutionary_optimizers.evolutionary_optimizer:1190, 5.491178e+03, 16028903, 1.399029e-02, 1.399029e-02, 1.409777e-02, 1.494582e-02, 1.677067e-02, 1.693097e-02, 1.694492e-02, 1.695942e-02, 1.698646e-02, 1.717697e-02, 1.897230e-02, 2.575185e-02, 2.719476e-02, 3.601703e-02, 4.810745e-02, 4.818081e-02, 4.822696e-02, 4.823168e-02, 4.824120e-02
INFO:bingo.evolutionary_optimizers.parallel_archipelago:Evolution time 0:00:44.326346	 age 1850	 fitness 1.398e-02
Level 25:bingo.evolutionary_optimizers.evolutionary_optimizer:Generation: 1200 	 Elapsed time: 1:32:15.722097 	 Best training fitness: 1.398333e-02 	 
Level 25:bingo.evolutionary_optimizers.evolutionary_optimizer:1200, 5.535722e+03, 16175286, 1.398333e-02, 1.398333e-02, 1.398982e-02, 1.409777e-02, 1.494582e-02, 1.677067e-02, 1.693097e-02, 1.694492e-02, 1.695942e-02, 1.698646e-02, 1.717697e-02, 1.897230e-02, 2.575185e-02, 2.719476e-02, 3.601703e-02, 4.810745e-02, 4.818081e-02, 4.822696e-02, 4.823168e-02, 4.824120e-02
INFO:bingo.evolutionary_optimizers.parallel_archipelago:Evolution time 0:01:02.589201	 age 1860	 fitness 1.397e-02
Level 25:bingo.evolutionary_optimizers.evolutionary_optimizer:Generation: 1210 	 Elapsed time: 1:33:18.557676 	 Best training fitness: 1.396585e-02 	 
Level 25:bingo.evolutionary_optimizers.evolutionary_optimizer:1210, 5.598558e+03, 16297203, 1.396585e-02, 1.396585e-02, 1.398982e-02, 1.409777e-02, 1.494582e-02, 1.677067e-02, 1.693097e-02, 1.694492e-02, 1.695942e-02, 1.698646e-02, 1.717697e-02, 1.897230e-02, 2.575185e-02, 2.719476e-02, 3.601703e-02, 4.810745e-02, 4.818081e-02, 4.822696e-02, 4.823168e-02, 4.824120e-02
INFO:bingo.evolutionary_optimizers.parallel_archipelago:Evolution time 0:00:36.178147	 age 1870	 fitness 1.396e-02
Level 25:bingo.evolutionary_optimizers.evolutionary_optimizer:Generation: 1220 	 Elapsed time: 1:33:54.971026 	 Best training fitness: 1.395904e-02 	 
Level 25:bingo.evolutionary_optimizers.evolutionary_optimizer:1220, 5.634971e+03, 16399905, 1.395904e-02, 1.395904e-02, 1.398982e-02, 1.409777e-02, 1.494582e-02, 1.677067e-02, 1.693097e-02, 1.694492e-02, 1.695942e-02, 1.698646e-02, 1.717697e-02, 1.897230e-02, 2.575185e-02, 2.719476e-02, 3.601703e-02, 4.810745e-02, 4.818081e-02, 4.822696e-02, 4.823168e-02, 4.824120e-02
INFO:bingo.evolutionary_optimizers.parallel_archipelago:Evolution time 0:00:58.552514	 age 1900	 fitness 1.395e-02
Level 25:bingo.evolutionary_optimizers.evolutionary_optimizer:Generation: 1230 	 Elapsed time: 1:34:53.774522 	 Best training fitness: 1.395114e-02 	 
Level 25:bingo.evolutionary_optimizers.evolutionary_optimizer:1230, 5.693775e+03, 16541537, 1.395114e-02, 1.395114e-02, 1.398982e-02, 1.409777e-02, 1.494582e-02, 1.677067e-02, 1.693097e-02, 1.694492e-02, 1.695942e-02, 1.698646e-02, 1.717697e-02, 1.897230e-02, 2.575185e-02, 2.719476e-02, 3.551220e-02, 4.810745e-02, 4.818081e-02, 4.822696e-02, 4.823168e-02, 4.824120e-02
INFO:bingo.evolutionary_optimizers.parallel_archipelago:Evolution time 0:01:39.235215	 age 1920	 fitness 1.395e-02
Level 25:bingo.evolutionary_optimizers.evolutionary_optimizer:Generation: 1240 	 Elapsed time: 1:36:33.262514 	 Best training fitness: 1.395114e-02 	 
Level 25:bingo.evolutionary_optimizers.evolutionary_optimizer:1240, 5.793263e+03, 16727636, 1.395114e-02, 1.395114e-02, 1.397793e-02, 1.409777e-02, 1.494582e-02, 1.677067e-02, 1.693097e-02, 1.694492e-02, 1.695942e-02, 1.698646e-02, 1.717697e-02, 1.897230e-02, 2.575185e-02, 2.719476e-02, 3.551220e-02, 4.810745e-02, 4.818081e-02, 4.822696e-02, 4.823168e-02, 4.824120e-02
INFO:bingo.evolutionary_optimizers.parallel_archipelago:Evolution time 0:01:04.709366	 age 1940	 fitness 1.396e-02
Level 25:bingo.evolutionary_optimizers.evolutionary_optimizer:Generation: 1250 	 Elapsed time: 1:37:38.254627 	 Best training fitness: 1.395566e-02 	 
Level 25:bingo.evolutionary_optimizers.evolutionary_optimizer:1250, 5.858255e+03, 16863078, 1.395566e-02, 1.395114e-02, 1.397793e-02, 1.409777e-02, 1.494582e-02, 1.677067e-02, 1.693097e-02, 1.694492e-02, 1.695942e-02, 1.698646e-02, 1.717697e-02, 1.897230e-02, 2.575185e-02, 2.719476e-02, 3.551220e-02, 4.810745e-02, 4.818081e-02, 4.822696e-02, 4.823168e-02, 4.824120e-02
INFO:bingo.evolutionary_optimizers.parallel_archipelago:Evolution time 0:00:56.775397	 age 1970	 fitness 1.396e-02
Level 25:bingo.evolutionary_optimizers.evolutionary_optimizer:Generation: 1260 	 Elapsed time: 1:38:35.245926 	 Best training fitness: 1.395566e-02 	 
Level 25:bingo.evolutionary_optimizers.evolutionary_optimizer:1260, 5.915246e+03, 17010239, 1.395566e-02, 1.395114e-02, 1.397436e-02, 1.409777e-02, 1.494582e-02, 1.677067e-02, 1.693097e-02, 1.694492e-02, 1.695942e-02, 1.698646e-02, 1.717697e-02, 1.897230e-02, 2.575185e-02, 2.719476e-02, 3.551220e-02, 4.810745e-02, 4.818081e-02, 4.822696e-02, 4.823168e-02, 4.824120e-02
INFO:bingo.evolutionary_optimizers.parallel_archipelago:Evolution time 0:00:42.979274	 age 1980	 fitness 1.375e-02
Level 25:bingo.evolutionary_optimizers.evolutionary_optimizer:Generation: 1270 	 Elapsed time: 1:39:18.472373 	 Best training fitness: 1.375247e-02 	 
Level 25:bingo.evolutionary_optimizers.evolutionary_optimizer:1270, 5.958472e+03, 17157676, 1.375247e-02, 1.375247e-02, 1.395114e-02, 1.395803e-02, 1.406633e-02, 1.494582e-02, 1.677067e-02, 1.693097e-02, 1.694492e-02, 1.695942e-02, 1.698646e-02, 1.717697e-02, 1.897230e-02, 2.575185e-02, 2.719476e-02, 3.551220e-02, 4.810745e-02, 4.818081e-02, 4.822696e-02, 4.823168e-02, 4.824120e-02
INFO:bingo.evolutionary_optimizers.parallel_archipelago:Evolution time 0:00:39.858635	 age 2000	 fitness 1.371e-02
Level 25:bingo.evolutionary_optimizers.evolutionary_optimizer:Generation: 1280 	 Elapsed time: 1:39:58.580252 	 Best training fitness: 1.371116e-02 	 
Level 25:bingo.evolutionary_optimizers.evolutionary_optimizer:1280, 5.998580e+03, 17340667, 1.371116e-02, 1.371116e-02, 1.406633e-02, 1.494582e-02, 1.677067e-02, 1.693097e-02, 1.694492e-02, 1.695942e-02, 1.698646e-02, 1.717697e-02, 1.897230e-02, 2.575185e-02, 2.719476e-02, 3.551220e-02, 4.810745e-02, 4.818081e-02, 4.822696e-02, 4.823168e-02, 4.824120e-02
INFO:bingo.evolutionary_optimizers.parallel_archipelago:Evolution time 0:00:57.229178	 age 2020	 fitness 1.370e-02
Level 25:bingo.evolutionary_optimizers.evolutionary_optimizer:Generation: 1290 	 Elapsed time: 1:40:56.098943 	 Best training fitness: 1.370026e-02 	 
Level 25:bingo.evolutionary_optimizers.evolutionary_optimizer:1290, 6.056099e+03, 17502406, 1.370026e-02, 1.370026e-02, 1.406633e-02, 1.494582e-02, 1.677067e-02, 1.693097e-02, 1.694492e-02, 1.695942e-02, 1.698646e-02, 1.717697e-02, 1.897230e-02, 2.575185e-02, 2.719476e-02, 3.551220e-02, 4.810745e-02, 4.818081e-02, 4.822696e-02, 4.823168e-02, 4.824120e-02
INFO:bingo.evolutionary_optimizers.parallel_archipelago:Evolution time 0:00:54.525562	 age 2050	 fitness 1.370e-02
Level 25:bingo.evolutionary_optimizers.evolutionary_optimizer:Generation: 1300 	 Elapsed time: 1:41:50.868615 	 Best training fitness: 1.370026e-02 	 
Level 25:bingo.evolutionary_optimizers.evolutionary_optimizer:1300, 6.110869e+03, 17662333, 1.370026e-02, 1.370026e-02, 1.406633e-02, 1.494582e-02, 1.677067e-02, 1.693097e-02, 1.694492e-02, 1.695942e-02, 1.698646e-02, 1.717697e-02, 1.897230e-02, 2.575185e-02, 2.719476e-02, 3.551220e-02, 4.810745e-02, 4.818081e-02, 4.822696e-02, 4.823168e-02, 4.824120e-02
INFO:bingo.evolutionary_optimizers.parallel_archipelago:Evolution time 0:00:51.645636	 age 2060	 fitness 1.368e-02
Level 25:bingo.evolutionary_optimizers.evolutionary_optimizer:Generation: 1310 	 Elapsed time: 1:42:42.799055 	 Best training fitness: 1.368077e-02 	 
Level 25:bingo.evolutionary_optimizers.evolutionary_optimizer:1310, 6.162799e+03, 17800552, 1.368077e-02, 1.368077e-02, 1.406633e-02, 1.494582e-02, 1.677067e-02, 1.693097e-02, 1.694492e-02, 1.695942e-02, 1.698646e-02, 1.717697e-02, 1.897230e-02, 2.575185e-02, 2.719476e-02, 3.551220e-02, 4.810745e-02, 4.818081e-02, 4.822696e-02, 4.823168e-02, 4.824120e-02
INFO:bingo.evolutionary_optimizers.parallel_archipelago:Evolution time 0:01:47.158918	 age 2080	 fitness 1.366e-02
Level 25:bingo.evolutionary_optimizers.evolutionary_optimizer:Generation: 1320 	 Elapsed time: 1:44:30.342539 	 Best training fitness: 1.365815e-02 	 
Level 25:bingo.evolutionary_optimizers.evolutionary_optimizer:1320, 6.270343e+03, 18027158, 1.365815e-02, 1.365815e-02, 1.406633e-02, 1.494582e-02, 1.677067e-02, 1.693097e-02, 1.694492e-02, 1.695942e-02, 1.698646e-02, 1.717697e-02, 1.897230e-02, 2.575185e-02, 2.719476e-02, 3.551220e-02, 4.810745e-02, 4.818081e-02, 4.822696e-02, 4.823168e-02, 4.824120e-02
INFO:bingo.evolutionary_optimizers.parallel_archipelago:Evolution time 0:02:17.024424	 age 2100	 fitness 1.366e-02
Level 25:bingo.evolutionary_optimizers.evolutionary_optimizer:Generation: 1330 	 Elapsed time: 1:46:47.752235 	 Best training fitness: 1.365734e-02 	 
Level 25:bingo.evolutionary_optimizers.evolutionary_optimizer:1330, 6.407752e+03, 18260997, 1.365734e-02, 1.365734e-02, 1.406633e-02, 1.494582e-02, 1.677067e-02, 1.693097e-02, 1.694492e-02, 1.695942e-02, 1.698646e-02, 1.717697e-02, 1.897230e-02, 2.575185e-02, 2.719476e-02, 3.551220e-02, 4.810745e-02, 4.818081e-02, 4.822696e-02, 4.823168e-02, 4.824120e-02
INFO:bingo.evolutionary_optimizers.parallel_archipelago:Evolution time 0:01:47.591931	 age 2110	 fitness 1.367e-02
Level 25:bingo.evolutionary_optimizers.evolutionary_optimizer:Generation: 1340 	 Elapsed time: 1:48:35.728255 	 Best training fitness: 1.366537e-02 	 
Level 25:bingo.evolutionary_optimizers.evolutionary_optimizer:1340, 6.515728e+03, 18424164, 1.366537e-02, 1.365734e-02, 1.406633e-02, 1.494582e-02, 1.677067e-02, 1.693097e-02, 1.694492e-02, 1.695942e-02, 1.698646e-02, 1.717697e-02, 1.897230e-02, 2.575185e-02, 2.719476e-02, 3.551220e-02, 4.810745e-02, 4.818081e-02, 4.822696e-02, 4.823168e-02, 4.824120e-02
INFO:bingo.evolutionary_optimizers.parallel_archipelago:Evolution time 0:01:04.233679	 age 2130	 fitness 1.367e-02
Level 25:bingo.evolutionary_optimizers.evolutionary_optimizer:Generation: 1350 	 Elapsed time: 1:49:40.345853 	 Best training fitness: 1.366566e-02 	 
Level 25:bingo.evolutionary_optimizers.evolutionary_optimizer:1350, 6.580346e+03, 18553471, 1.366566e-02, 1.365734e-02, 1.406633e-02, 1.494582e-02, 1.677067e-02, 1.693097e-02, 1.694492e-02, 1.695942e-02, 1.698646e-02, 1.717697e-02, 1.897230e-02, 2.575185e-02, 2.719476e-02, 3.551220e-02, 4.810745e-02, 4.818081e-02, 4.822696e-02, 4.823168e-02, 4.824120e-02
INFO:bingo.evolutionary_optimizers.parallel_archipelago:Evolution time 0:00:50.665200	 age 2140	 fitness 1.366e-02
Level 25:bingo.evolutionary_optimizers.evolutionary_optimizer:Generation: 1360 	 Elapsed time: 1:50:31.252971 	 Best training fitness: 1.365791e-02 	 
Level 25:bingo.evolutionary_optimizers.evolutionary_optimizer:1360, 6.631253e+03, 18697813, 1.365791e-02, 1.365734e-02, 1.406633e-02, 1.494582e-02, 1.677067e-02, 1.693097e-02, 1.694492e-02, 1.695942e-02, 1.698646e-02, 1.717697e-02, 1.897230e-02, 2.575185e-02, 2.719476e-02, 3.551220e-02, 4.810745e-02, 4.818081e-02, 4.822696e-02, 4.823168e-02, 4.824120e-02
INFO:bingo.evolutionary_optimizers.parallel_archipelago:Evolution time 0:00:53.099793	 age 2150	 fitness 1.365e-02
Level 25:bingo.evolutionary_optimizers.evolutionary_optimizer:Generation: 1370 	 Elapsed time: 1:51:24.593585 	 Best training fitness: 1.365411e-02 	 
Level 25:bingo.evolutionary_optimizers.evolutionary_optimizer:1370, 6.684594e+03, 18823042, 1.365411e-02, 1.365411e-02, 1.406633e-02, 1.494582e-02, 1.677067e-02, 1.693097e-02, 1.694492e-02, 1.695942e-02, 1.698646e-02, 1.717697e-02, 1.897230e-02, 2.575185e-02, 2.719476e-02, 3.551220e-02, 4.810745e-02, 4.818081e-02, 4.822696e-02, 4.823168e-02, 4.824120e-02
INFO:bingo.evolutionary_optimizers.parallel_archipelago:Evolution time 0:00:55.321025	 age 2160	 fitness 1.366e-02
Level 25:bingo.evolutionary_optimizers.evolutionary_optimizer:Generation: 1380 	 Elapsed time: 1:52:20.188283 	 Best training fitness: 1.365810e-02 	 
Level 25:bingo.evolutionary_optimizers.evolutionary_optimizer:1380, 6.740188e+03, 18929777, 1.365810e-02, 1.365411e-02, 1.367939e-02, 1.406633e-02, 1.494582e-02, 1.677067e-02, 1.693097e-02, 1.694492e-02, 1.695942e-02, 1.698646e-02, 1.717697e-02, 1.897230e-02, 2.575185e-02, 2.719476e-02, 3.551220e-02, 4.810745e-02, 4.818081e-02, 4.822696e-02, 4.823168e-02, 4.824120e-02
INFO:bingo.evolutionary_optimizers.parallel_archipelago:Evolution time 0:00:58.515872	 age 2170	 fitness 1.366e-02
Level 25:bingo.evolutionary_optimizers.evolutionary_optimizer:Generation: 1390 	 Elapsed time: 1:53:18.941956 	 Best training fitness: 1.366093e-02 	 
Level 25:bingo.evolutionary_optimizers.evolutionary_optimizer:1390, 6.798942e+03, 19048312, 1.366093e-02, 1.365411e-02, 1.367939e-02, 1.406633e-02, 1.494582e-02, 1.677067e-02, 1.693097e-02, 1.694492e-02, 1.695942e-02, 1.698646e-02, 1.717697e-02, 1.897230e-02, 2.575185e-02, 2.719476e-02, 3.551220e-02, 4.810745e-02, 4.818081e-02, 4.822696e-02, 4.823168e-02, 4.824120e-02
INFO:bingo.evolutionary_optimizers.parallel_archipelago:Evolution time 0:00:44.296364	 age 2180	 fitness 1.366e-02
Level 25:bingo.evolutionary_optimizers.evolutionary_optimizer:Generation: 1400 	 Elapsed time: 1:54:03.445490 	 Best training fitness: 1.366093e-02 	 
Level 25:bingo.evolutionary_optimizers.evolutionary_optimizer:1400, 6.843445e+03, 19147122, 1.366093e-02, 1.365411e-02, 1.367939e-02, 1.406633e-02, 1.494582e-02, 1.672941e-02, 1.677067e-02, 1.693097e-02, 1.694492e-02, 1.695942e-02, 1.698646e-02, 1.717697e-02, 1.897230e-02, 2.575185e-02, 2.719476e-02, 3.551220e-02, 4.810745e-02, 4.818081e-02, 4.822696e-02, 4.823168e-02, 4.824120e-02
INFO:bingo.evolutionary_optimizers.parallel_archipelago:Evolution time 0:00:52.061097	 age 2190	 fitness 1.365e-02
Level 25:bingo.evolutionary_optimizers.evolutionary_optimizer:Generation: 1410 	 Elapsed time: 1:54:55.685962 	 Best training fitness: 1.365315e-02 	 
Level 25:bingo.evolutionary_optimizers.evolutionary_optimizer:1410, 6.895686e+03, 19272378, 1.365315e-02, 1.365315e-02, 1.367939e-02, 1.406633e-02, 1.494582e-02, 1.672941e-02, 1.677067e-02, 1.693097e-02, 1.694492e-02, 1.695942e-02, 1.698646e-02, 1.717697e-02, 1.897230e-02, 2.575185e-02, 2.719476e-02, 3.551220e-02, 4.810745e-02, 4.818081e-02, 4.822696e-02, 4.823168e-02, 4.824120e-02
INFO:bingo.evolutionary_optimizers.parallel_archipelago:Evolution time 0:00:41.034738	 age 2200	 fitness 1.366e-02
Level 25:bingo.evolutionary_optimizers.evolutionary_optimizer:Generation: 1420 	 Elapsed time: 1:55:36.899940 	 Best training fitness: 1.365823e-02 	 
Level 25:bingo.evolutionary_optimizers.evolutionary_optimizer:1420, 6.936900e+03, 19391760, 1.365823e-02, 1.365315e-02, 1.367939e-02, 1.406633e-02, 1.410734e-02, 1.672941e-02, 1.677067e-02, 1.693097e-02, 1.694492e-02, 1.695942e-02, 1.698646e-02, 1.717697e-02, 1.897230e-02, 2.575185e-02, 2.719476e-02, 3.551220e-02, 4.810745e-02, 4.818081e-02, 4.822696e-02, 4.823168e-02, 4.824120e-02
INFO:bingo.evolutionary_optimizers.parallel_archipelago:Evolution time 0:00:41.811912	 age 2210	 fitness 1.366e-02
Level 25:bingo.evolutionary_optimizers.evolutionary_optimizer:Generation: 1430 	 Elapsed time: 1:56:18.889853 	 Best training fitness: 1.366067e-02 	 
Level 25:bingo.evolutionary_optimizers.evolutionary_optimizer:1430, 6.978890e+03, 19535583, 1.366067e-02, 1.365315e-02, 1.367939e-02, 1.406633e-02, 1.410046e-02, 1.671190e-02, 1.676408e-02, 1.693097e-02, 1.694492e-02, 1.695942e-02, 1.698646e-02, 1.717697e-02, 1.897230e-02, 2.575185e-02, 2.719476e-02, 3.551220e-02, 4.810745e-02, 4.818081e-02, 4.822696e-02, 4.823168e-02, 4.824120e-02
INFO:bingo.evolutionary_optimizers.parallel_archipelago:Evolution time 0:00:15.205521	 age 2220	 fitness 1.366e-02
Level 25:bingo.evolutionary_optimizers.evolutionary_optimizer:Generation: 1440 	 Elapsed time: 1:56:34.302884 	 Best training fitness: 1.365766e-02 	 
Level 25:bingo.evolutionary_optimizers.evolutionary_optimizer:1440, 6.994303e+03, 19623268, 1.365766e-02, 1.365315e-02, 1.367939e-02, 1.406633e-02, 1.410046e-02, 1.671190e-02, 1.676408e-02, 1.693097e-02, 1.694492e-02, 1.695942e-02, 1.698646e-02, 1.717697e-02, 1.897230e-02, 2.575185e-02, 2.719476e-02, 3.551220e-02, 4.810745e-02, 4.818081e-02, 4.822696e-02, 4.823168e-02, 4.824120e-02
INFO:bingo.evolutionary_optimizers.parallel_archipelago:Evolution time 0:00:40.449985	 age 2240	 fitness 1.366e-02
Level 25:bingo.evolutionary_optimizers.evolutionary_optimizer:Generation: 1450 	 Elapsed time: 1:57:14.931341 	 Best training fitness: 1.365590e-02 	 
Level 25:bingo.evolutionary_optimizers.evolutionary_optimizer:1450, 7.034931e+03, 19796011, 1.365590e-02, 1.365315e-02, 1.367939e-02, 1.406633e-02, 1.409876e-02, 1.412222e-02, 1.671190e-02, 1.676408e-02, 1.693097e-02, 1.694492e-02, 1.695942e-02, 1.698646e-02, 1.717697e-02, 1.897230e-02, 2.575185e-02, 2.719476e-02, 3.551220e-02, 4.810745e-02, 4.818081e-02, 4.822696e-02, 4.823168e-02, 4.824120e-02
INFO:bingo.evolutionary_optimizers.parallel_archipelago:Evolution time 0:00:30.087495	 age 2260	 fitness 1.366e-02
Level 25:bingo.evolutionary_optimizers.evolutionary_optimizer:Generation: 1460 	 Elapsed time: 1:57:45.201760 	 Best training fitness: 1.365590e-02 	 
Level 25:bingo.evolutionary_optimizers.evolutionary_optimizer:1460, 7.065202e+03, 19946271, 1.365590e-02, 1.365315e-02, 1.367939e-02, 1.406633e-02, 1.409561e-02, 1.412222e-02, 1.671190e-02, 1.675353e-02, 1.693097e-02, 1.694492e-02, 1.695942e-02, 1.698646e-02, 1.717697e-02, 1.897230e-02, 2.575185e-02, 2.719476e-02, 3.551220e-02, 4.810745e-02, 4.818081e-02, 4.822696e-02, 4.823168e-02, 4.824120e-02
INFO:bingo.evolutionary_optimizers.parallel_archipelago:Evolution time 0:00:44.270699	 age 2280	 fitness 1.366e-02
Level 25:bingo.evolutionary_optimizers.evolutionary_optimizer:Generation: 1470 	 Elapsed time: 1:58:29.652721 	 Best training fitness: 1.365685e-02 	 
Level 25:bingo.evolutionary_optimizers.evolutionary_optimizer:1470, 7.109653e+03, 20154224, 1.365685e-02, 1.365315e-02, 1.367025e-02, 1.406633e-02, 1.409561e-02, 1.412222e-02, 1.667087e-02, 1.675353e-02, 1.693097e-02, 1.694492e-02, 1.695942e-02, 1.698646e-02, 1.717697e-02, 1.897230e-02, 2.575185e-02, 2.719476e-02, 3.551220e-02, 4.810745e-02, 4.818081e-02, 4.822696e-02, 4.823168e-02, 4.824120e-02
INFO:bingo.evolutionary_optimizers.parallel_archipelago:Evolution time 0:00:41.907946	 age 2300	 fitness 1.365e-02
Level 25:bingo.evolutionary_optimizers.evolutionary_optimizer:Generation: 1480 	 Elapsed time: 1:59:11.739100 	 Best training fitness: 1.365390e-02 	 
Level 25:bingo.evolutionary_optimizers.evolutionary_optimizer:1480, 7.151739e+03, 20333762, 1.365390e-02, 1.365315e-02, 1.366266e-02, 1.406633e-02, 1.409561e-02, 1.412222e-02, 1.667087e-02, 1.675353e-02, 1.693097e-02, 1.694492e-02, 1.695942e-02, 1.698646e-02, 1.717697e-02, 1.897230e-02, 2.323701e-02, 2.719476e-02, 3.551220e-02, 4.810745e-02, 4.818081e-02, 4.822696e-02, 4.823168e-02, 4.824120e-02
INFO:bingo.evolutionary_optimizers.parallel_archipelago:Evolution time 0:00:42.933634	 age 2320	 fitness 1.365e-02
Level 25:bingo.evolutionary_optimizers.evolutionary_optimizer:Generation: 1490 	 Elapsed time: 1:59:54.853216 	 Best training fitness: 1.365390e-02 	 
Level 25:bingo.evolutionary_optimizers.evolutionary_optimizer:1490, 7.194853e+03, 20517704, 1.365390e-02, 1.365315e-02, 1.366142e-02, 1.406633e-02, 1.409561e-02, 1.412222e-02, 1.667087e-02, 1.675353e-02, 1.693097e-02, 1.694492e-02, 1.695942e-02, 1.698646e-02, 1.717697e-02, 1.897230e-02, 2.075363e-02, 2.719476e-02, 3.551220e-02, 4.810745e-02, 4.818081e-02, 4.822696e-02, 4.823168e-02, 4.824120e-02
INFO:bingo.evolutionary_optimizers.parallel_archipelago:Evolution time 0:00:26.876081	 age 2330	 fitness 1.366e-02
Level 25:bingo.evolutionary_optimizers.evolutionary_optimizer:Generation: 1500 	 Elapsed time: 2:00:21.909322 	 Best training fitness: 1.365833e-02 	 
Level 25:bingo.evolutionary_optimizers.evolutionary_optimizer:1500, 7.221909e+03, 20629665, 1.365833e-02, 1.365315e-02, 1.366142e-02, 1.406633e-02, 1.409561e-02, 1.412222e-02, 1.667087e-02, 1.675353e-02, 1.693097e-02, 1.694492e-02, 1.695942e-02, 1.698646e-02, 1.717697e-02, 1.897230e-02, 2.061824e-02, 2.719476e-02, 3.551220e-02, 4.810745e-02, 4.818081e-02, 4.822696e-02, 4.823168e-02, 4.824120e-02
INFO:bingo.evolutionary_optimizers.parallel_archipelago:Evolution time 0:00:29.168431	 age 2350	 fitness 1.366e-02
Level 25:bingo.evolutionary_optimizers.evolutionary_optimizer:Generation: 1510 	 Elapsed time: 2:00:51.286282 	 Best training fitness: 1.366204e-02 	 
Level 25:bingo.evolutionary_optimizers.evolutionary_optimizer:1510, 7.251286e+03, 20743081, 1.366204e-02, 1.365315e-02, 1.366142e-02, 1.406633e-02, 1.409320e-02, 1.412222e-02, 1.666763e-02, 1.675353e-02, 1.693097e-02, 1.694492e-02, 1.695942e-02, 1.698646e-02, 1.717697e-02, 1.897230e-02, 2.057500e-02, 2.719476e-02, 3.551220e-02, 4.810745e-02, 4.818081e-02, 4.822696e-02, 4.823168e-02, 4.824120e-02
INFO:bingo.evolutionary_optimizers.parallel_archipelago:Evolution time 0:00:27.372805	 age 2360	 fitness 1.366e-02
Level 25:bingo.evolutionary_optimizers.evolutionary_optimizer:Generation: 1520 	 Elapsed time: 2:01:18.839735 	 Best training fitness: 1.366204e-02 	 
Level 25:bingo.evolutionary_optimizers.evolutionary_optimizer:1520, 7.278840e+03, 20849244, 1.366204e-02, 1.365315e-02, 1.366142e-02, 1.406633e-02, 1.409320e-02, 1.412222e-02, 1.665729e-02, 1.675353e-02, 1.693097e-02, 1.694492e-02, 1.695942e-02, 1.698646e-02, 1.717697e-02, 1.897230e-02, 2.057297e-02, 2.719476e-02, 3.551220e-02, 4.810745e-02, 4.818081e-02, 4.821198e-02, 4.824120e-02
INFO:bingo.evolutionary_optimizers.parallel_archipelago:Evolution time 0:00:28.578382	 age 2380	 fitness 1.366e-02
Level 25:bingo.evolutionary_optimizers.evolutionary_optimizer:Generation: 1530 	 Elapsed time: 2:01:47.596376 	 Best training fitness: 1.366130e-02 	 
Level 25:bingo.evolutionary_optimizers.evolutionary_optimizer:1530, 7.307596e+03, 20972361, 1.366130e-02, 1.365315e-02, 1.366142e-02, 1.406633e-02, 1.409320e-02, 1.412222e-02, 1.662280e-02, 1.675353e-02, 1.693097e-02, 1.694492e-02, 1.695942e-02, 1.698646e-02, 1.717697e-02, 1.897230e-02, 2.057186e-02, 2.719476e-02, 3.551220e-02, 4.810745e-02, 4.818081e-02, 4.821198e-02, 4.824120e-02
INFO:bingo.evolutionary_optimizers.parallel_archipelago:Evolution time 0:00:40.776101	 age 2400	 fitness 1.367e-02
Level 25:bingo.evolutionary_optimizers.evolutionary_optimizer:Generation: 1540 	 Elapsed time: 2:02:28.551340 	 Best training fitness: 1.366507e-02 	 
Level 25:bingo.evolutionary_optimizers.evolutionary_optimizer:1540, 7.348551e+03, 21129179, 1.366507e-02, 1.365315e-02, 1.366142e-02, 1.406633e-02, 1.409320e-02, 1.412222e-02, 1.662280e-02, 1.675353e-02, 1.693097e-02, 1.694492e-02, 1.695942e-02, 1.698646e-02, 1.717697e-02, 1.897230e-02, 2.053498e-02, 2.719476e-02, 3.551220e-02, 4.810745e-02, 4.818081e-02, 4.821198e-02, 4.824120e-02
INFO:bingo.evolutionary_optimizers.parallel_archipelago:Evolution time 0:00:24.956126	 age 2410	 fitness 1.365e-02
Level 25:bingo.evolutionary_optimizers.evolutionary_optimizer:Generation: 1550 	 Elapsed time: 2:02:53.684287 	 Best training fitness: 1.365395e-02 	 
Level 25:bingo.evolutionary_optimizers.evolutionary_optimizer:1550, 7.373684e+03, 21261467, 1.365395e-02, 1.365315e-02, 1.365395e-02, 1.406633e-02, 1.409320e-02, 1.412222e-02, 1.662280e-02, 1.675353e-02, 1.693097e-02, 1.694492e-02, 1.695942e-02, 1.698646e-02, 1.717697e-02, 1.897230e-02, 2.052049e-02, 2.719476e-02, 3.551220e-02, 4.810745e-02, 4.818081e-02, 4.821198e-02, 4.824120e-02
INFO:bingo.evolutionary_optimizers.parallel_archipelago:Evolution time 0:00:27.206976	 age 2420	 fitness 1.365e-02
Level 25:bingo.evolutionary_optimizers.evolutionary_optimizer:Generation: 1560 	 Elapsed time: 2:03:21.074274 	 Best training fitness: 1.365395e-02 	 
Level 25:bingo.evolutionary_optimizers.evolutionary_optimizer:1560, 7.401074e+03, 21365773, 1.365395e-02, 1.365315e-02, 1.365395e-02, 1.397301e-02, 2.719476e-02, 3.551220e-02, 4.810745e-02, 4.818081e-02, 4.821198e-02, 4.824120e-02
INFO:bingo.evolutionary_optimizers.parallel_archipelago:Evolution time 0:00:46.287202	 age 2430	 fitness 2.844e-17
Level 25:bingo.evolutionary_optimizers.evolutionary_optimizer:Generation: 1570 	 Elapsed time: 2:04:07.555817 	 Best training fitness: 2.843817e-17 	 
Level 25:bingo.evolutionary_optimizers.evolutionary_optimizer:1570, 7.447556e+03, 21523345, 2.843817e-17, 2.843817e-17, 4.818081e-02, 4.821198e-02, 4.824120e-02
Level 25:bingo.evolutionary_optimizers.evolutionary_optimizer:Evolution successfully converged.
Level 25:bingo.evolutionary_optimizers.evolutionary_optimizer:  Absolte convergence occurred with best fitness < 1e-10
Level 25:bingo.evolutionary_optimizers.evolutionary_optimizer:Hall of Fame:
2.843817004809537e-17	7	sin(log((X_1)(X_1) + (X_0)(X_0)))
0.04818080570374635	5	log(sin(log((0.035298)(0.035298))))
0.04821197732147838	2	sin(-1.208619)
0.04824119959562337	1	-0.927859
