Level 25:bingo.evolutionary_optimizers.evolutionary_optimizer:#generational_age, elapsed_time, fitness_evaluation_count, current_training_fitness, hall_of_fame_fitnesses
Level 25:bingo.evolutionary_optimizers.evolutionary_optimizer:#generational_age, elapsed_time, fitness_evaluation_count, current_training_fitness, hall_of_fame_fitnesses
Level 25:bingo.evolutionary_optimizers.evolutionary_optimizer:Generation: 0 	 Elapsed time: 0:00:04.966235 	 Best training fitness: 1.924605e-01 	 
Level 25:bingo.evolutionary_optimizers.evolutionary_optimizer:0, 4.966235e+00, 14413, 1.924605e-01
INFO:bingo.evolutionary_optimizers.parallel_archipelago:Evolution time 0:01:01.114702	 age 40	 fitness 1.254e-01
Level 25:bingo.evolutionary_optimizers.evolutionary_optimizer:Generation: 10 	 Elapsed time: 0:01:06.362208 	 Best training fitness: 1.253800e-01 	 
Level 25:bingo.evolutionary_optimizers.evolutionary_optimizer:10, 6.636221e+01, 195756, 1.253800e-01, 1.253800e-01, 1.415498e-01, 1.923043e-01, 1.923725e-01
INFO:bingo.evolutionary_optimizers.parallel_archipelago:Evolution time 0:00:46.478159	 age 60	 fitness 1.065e-01
Level 25:bingo.evolutionary_optimizers.evolutionary_optimizer:Generation: 20 	 Elapsed time: 0:01:53.148604 	 Best training fitness: 1.064594e-01 	 
Level 25:bingo.evolutionary_optimizers.evolutionary_optimizer:20, 1.131486e+02, 298714, 1.064594e-01, 1.064594e-01, 1.242301e-01, 1.253061e-01, 1.415498e-01, 1.922958e-01
INFO:bingo.evolutionary_optimizers.parallel_archipelago:Evolution time 0:00:37.672893	 age 90	 fitness 9.738e-02
Level 25:bingo.evolutionary_optimizers.evolutionary_optimizer:Generation: 30 	 Elapsed time: 0:02:31.161833 	 Best training fitness: 9.738113e-02 	 
Level 25:bingo.evolutionary_optimizers.evolutionary_optimizer:30, 1.511618e+02, 392284, 9.738113e-02, 9.738113e-02, 1.064161e-01, 1.240379e-01, 1.252813e-01, 1.415498e-01, 1.922958e-01
INFO:bingo.evolutionary_optimizers.parallel_archipelago:Evolution time 0:00:30.617141	 age 110	 fitness 9.744e-02
Level 25:bingo.evolutionary_optimizers.evolutionary_optimizer:Generation: 40 	 Elapsed time: 0:03:02.079076 	 Best training fitness: 9.744018e-02 	 
Level 25:bingo.evolutionary_optimizers.evolutionary_optimizer:40, 1.820791e+02, 482360, 9.744018e-02, 9.738113e-02, 1.063542e-01, 1.067037e-01, 1.252813e-01, 1.415498e-01, 1.922885e-01, 1.922958e-01
INFO:bingo.evolutionary_optimizers.parallel_archipelago:Evolution time 0:00:45.976559	 age 130	 fitness 9.296e-02
Level 25:bingo.evolutionary_optimizers.evolutionary_optimizer:Generation: 50 	 Elapsed time: 0:03:48.360029 	 Best training fitness: 9.296201e-02 	 
Level 25:bingo.evolutionary_optimizers.evolutionary_optimizer:50, 2.283600e+02, 581890, 9.296201e-02, 9.296201e-02, 9.560467e-02, 1.252813e-01, 1.415498e-01, 1.922813e-01, 1.922958e-01
INFO:bingo.evolutionary_optimizers.parallel_archipelago:Evolution time 0:00:32.155548	 age 140	 fitness 9.292e-02
Level 25:bingo.evolutionary_optimizers.evolutionary_optimizer:Generation: 60 	 Elapsed time: 0:04:20.833030 	 Best training fitness: 9.292217e-02 	 
Level 25:bingo.evolutionary_optimizers.evolutionary_optimizer:60, 2.608330e+02, 669949, 9.292217e-02, 9.292217e-02, 9.560467e-02, 1.252813e-01, 1.415498e-01, 1.920930e-01, 1.922813e-01, 1.922958e-01
INFO:bingo.evolutionary_optimizers.parallel_archipelago:Evolution time 0:00:50.574632	 age 170	 fitness 7.999e-02
Level 25:bingo.evolutionary_optimizers.evolutionary_optimizer:Generation: 70 	 Elapsed time: 0:05:11.728574 	 Best training fitness: 7.998565e-02 	 
Level 25:bingo.evolutionary_optimizers.evolutionary_optimizer:70, 3.117286e+02, 797139, 7.998565e-02, 7.998565e-02, 8.406766e-02, 8.577151e-02, 9.283038e-02, 9.292217e-02, 9.560467e-02, 1.252813e-01, 1.415498e-01, 1.919520e-01, 1.922813e-01, 1.922958e-01
INFO:bingo.evolutionary_optimizers.parallel_archipelago:Evolution time 0:00:56.891848	 age 180	 fitness 7.958e-02
Level 25:bingo.evolutionary_optimizers.evolutionary_optimizer:Generation: 80 	 Elapsed time: 0:06:08.948131 	 Best training fitness: 7.958411e-02 	 
Level 25:bingo.evolutionary_optimizers.evolutionary_optimizer:80, 3.689481e+02, 908183, 7.958411e-02, 7.958411e-02, 8.467474e-02, 9.230116e-02, 9.560467e-02, 1.252813e-01, 1.415404e-01, 1.919411e-01, 1.922813e-01, 1.922958e-01
INFO:bingo.evolutionary_optimizers.parallel_archipelago:Evolution time 0:00:43.387857	 age 190	 fitness 7.951e-02
Level 25:bingo.evolutionary_optimizers.evolutionary_optimizer:Generation: 90 	 Elapsed time: 0:06:52.664867 	 Best training fitness: 7.951315e-02 	 
Level 25:bingo.evolutionary_optimizers.evolutionary_optimizer:90, 4.126649e+02, 1040416, 7.951315e-02, 7.951315e-02, 8.464842e-02, 9.230116e-02, 9.560467e-02, 1.252813e-01, 1.415404e-01, 1.919411e-01, 1.922813e-01, 1.922958e-01
INFO:bingo.evolutionary_optimizers.parallel_archipelago:Evolution time 0:01:18.510477	 age 230	 fitness 7.953e-02
Level 25:bingo.evolutionary_optimizers.evolutionary_optimizer:Generation: 100 	 Elapsed time: 0:08:11.498829 	 Best training fitness: 7.952540e-02 	 
Level 25:bingo.evolutionary_optimizers.evolutionary_optimizer:100, 4.914988e+02, 1223931, 7.952540e-02, 7.951315e-02, 8.464842e-02, 9.226522e-02, 9.560467e-02, 1.252813e-01, 1.415404e-01, 1.919411e-01, 1.922813e-01, 1.922958e-01
INFO:bingo.evolutionary_optimizers.parallel_archipelago:Evolution time 0:00:50.288008	 age 240	 fitness 7.950e-02
Level 25:bingo.evolutionary_optimizers.evolutionary_optimizer:Generation: 110 	 Elapsed time: 0:09:02.103018 	 Best training fitness: 7.949850e-02 	 
Level 25:bingo.evolutionary_optimizers.evolutionary_optimizer:110, 5.421030e+02, 1356082, 7.949850e-02, 7.949850e-02, 8.464842e-02, 9.226522e-02, 9.560467e-02, 1.252813e-01, 1.415404e-01, 1.919411e-01, 1.922813e-01, 1.922958e-01
INFO:bingo.evolutionary_optimizers.parallel_archipelago:Evolution time 0:00:56.915989	 age 270	 fitness 7.952e-02
Level 25:bingo.evolutionary_optimizers.evolutionary_optimizer:Generation: 120 	 Elapsed time: 0:09:59.347807 	 Best training fitness: 7.951759e-02 	 
Level 25:bingo.evolutionary_optimizers.evolutionary_optimizer:120, 5.993478e+02, 1507068, 7.951759e-02, 7.949850e-02, 8.464842e-02, 9.226438e-02, 9.560467e-02, 1.252813e-01, 1.415404e-01, 1.919411e-01, 1.922813e-01, 1.922958e-01
INFO:bingo.evolutionary_optimizers.parallel_archipelago:Evolution time 0:00:28.068047	 age 280	 fitness 7.951e-02
Level 25:bingo.evolutionary_optimizers.evolutionary_optimizer:Generation: 130 	 Elapsed time: 0:10:27.752798 	 Best training fitness: 7.950599e-02 	 
Level 25:bingo.evolutionary_optimizers.evolutionary_optimizer:130, 6.277528e+02, 1623375, 7.950599e-02, 7.949850e-02, 8.464842e-02, 9.226438e-02, 9.560467e-02, 1.252813e-01, 1.415404e-01, 1.919411e-01, 1.922813e-01, 1.922958e-01
INFO:bingo.evolutionary_optimizers.parallel_archipelago:Evolution time 0:01:15.809875	 age 320	 fitness 7.935e-02
Level 25:bingo.evolutionary_optimizers.evolutionary_optimizer:Generation: 140 	 Elapsed time: 0:11:43.878341 	 Best training fitness: 7.934953e-02 	 
Level 25:bingo.evolutionary_optimizers.evolutionary_optimizer:140, 7.038783e+02, 1795742, 7.934953e-02, 7.934953e-02, 7.949720e-02, 8.464842e-02, 9.226438e-02, 9.560467e-02, 1.252813e-01, 1.415404e-01, 1.919411e-01, 1.922813e-01, 1.922958e-01
INFO:bingo.evolutionary_optimizers.parallel_archipelago:Evolution time 0:01:05.077123	 age 360	 fitness 7.928e-02
Level 25:bingo.evolutionary_optimizers.evolutionary_optimizer:Generation: 150 	 Elapsed time: 0:12:49.273903 	 Best training fitness: 7.927847e-02 	 
Level 25:bingo.evolutionary_optimizers.evolutionary_optimizer:150, 7.692739e+02, 1945989, 7.927847e-02, 7.927847e-02, 7.949720e-02, 8.464842e-02, 9.181678e-02, 9.560467e-02, 1.252813e-01, 1.415404e-01, 1.919411e-01, 1.922813e-01, 1.922958e-01
INFO:bingo.evolutionary_optimizers.parallel_archipelago:Evolution time 0:00:53.157777	 age 370	 fitness 7.928e-02
Level 25:bingo.evolutionary_optimizers.evolutionary_optimizer:Generation: 160 	 Elapsed time: 0:13:42.820436 	 Best training fitness: 7.928286e-02 	 
Level 25:bingo.evolutionary_optimizers.evolutionary_optimizer:160, 8.228204e+02, 2084529, 7.928286e-02, 7.927847e-02, 7.949720e-02, 8.464842e-02, 9.181678e-02, 9.560467e-02, 1.252813e-01, 1.415404e-01, 1.919411e-01, 1.922813e-01, 1.922958e-01
INFO:bingo.evolutionary_optimizers.parallel_archipelago:Evolution time 0:01:01.279195	 age 400	 fitness 7.928e-02
Level 25:bingo.evolutionary_optimizers.evolutionary_optimizer:Generation: 170 	 Elapsed time: 0:14:44.413104 	 Best training fitness: 7.927543e-02 	 
Level 25:bingo.evolutionary_optimizers.evolutionary_optimizer:170, 8.844131e+02, 2247035, 7.927543e-02, 7.927543e-02, 7.949720e-02, 8.464842e-02, 9.181678e-02, 9.560467e-02, 1.252813e-01, 1.415404e-01, 1.919411e-01, 1.922813e-01, 1.922958e-01
INFO:bingo.evolutionary_optimizers.parallel_archipelago:Evolution time 0:00:47.628302	 age 410	 fitness 7.927e-02
Level 25:bingo.evolutionary_optimizers.evolutionary_optimizer:Generation: 180 	 Elapsed time: 0:15:32.346320 	 Best training fitness: 7.927393e-02 	 
Level 25:bingo.evolutionary_optimizers.evolutionary_optimizer:180, 9.323463e+02, 2394373, 7.927393e-02, 7.927393e-02, 7.949720e-02, 8.464842e-02, 9.181678e-02, 9.560467e-02, 1.252813e-01, 1.415404e-01, 1.919411e-01, 1.922813e-01, 1.922958e-01
INFO:bingo.evolutionary_optimizers.parallel_archipelago:Evolution time 0:00:48.594233	 age 420	 fitness 7.926e-02
Level 25:bingo.evolutionary_optimizers.evolutionary_optimizer:Generation: 190 	 Elapsed time: 0:16:21.246592 	 Best training fitness: 7.925798e-02 	 
Level 25:bingo.evolutionary_optimizers.evolutionary_optimizer:190, 9.812466e+02, 2545779, 7.925798e-02, 7.925798e-02, 7.949720e-02, 8.464842e-02, 9.181678e-02, 9.560467e-02, 1.252813e-01, 1.415404e-01, 1.919411e-01, 1.922813e-01, 1.922958e-01
INFO:bingo.evolutionary_optimizers.parallel_archipelago:Evolution time 0:00:50.799983	 age 430	 fitness 7.927e-02
Level 25:bingo.evolutionary_optimizers.evolutionary_optimizer:Generation: 200 	 Elapsed time: 0:17:12.352602 	 Best training fitness: 7.926788e-02 	 
Level 25:bingo.evolutionary_optimizers.evolutionary_optimizer:200, 1.032353e+03, 2698666, 7.926788e-02, 7.925798e-02, 7.949720e-02, 8.464842e-02, 9.181678e-02, 9.560467e-02, 1.252813e-01, 1.415404e-01, 1.919411e-01, 1.922813e-01, 1.922958e-01
INFO:bingo.evolutionary_optimizers.parallel_archipelago:Evolution time 0:00:47.645689	 age 440	 fitness 7.927e-02
Level 25:bingo.evolutionary_optimizers.evolutionary_optimizer:Generation: 210 	 Elapsed time: 0:18:00.299437 	 Best training fitness: 7.927191e-02 	 
Level 25:bingo.evolutionary_optimizers.evolutionary_optimizer:210, 1.080299e+03, 2851287, 7.927191e-02, 7.925798e-02, 7.949720e-02, 8.464842e-02, 9.181678e-02, 9.560467e-02, 1.252813e-01, 1.415404e-01, 1.919411e-01, 1.922813e-01, 1.922958e-01
INFO:bingo.evolutionary_optimizers.parallel_archipelago:Evolution time 0:01:01.592236	 age 450	 fitness 7.927e-02
Level 25:bingo.evolutionary_optimizers.evolutionary_optimizer:Generation: 220 	 Elapsed time: 0:19:02.194113 	 Best training fitness: 7.926603e-02 	 
Level 25:bingo.evolutionary_optimizers.evolutionary_optimizer:220, 1.142194e+03, 3020134, 7.926603e-02, 7.925798e-02, 7.949720e-02, 8.464842e-02, 9.181678e-02, 9.560467e-02, 1.252813e-01, 1.415404e-01, 1.919411e-01, 1.922813e-01, 1.922958e-01
INFO:bingo.evolutionary_optimizers.parallel_archipelago:Evolution time 0:01:10.007860	 age 480	 fitness 7.898e-02
Level 25:bingo.evolutionary_optimizers.evolutionary_optimizer:Generation: 230 	 Elapsed time: 0:20:12.540287 	 Best training fitness: 7.898164e-02 	 
Level 25:bingo.evolutionary_optimizers.evolutionary_optimizer:230, 1.212540e+03, 3206059, 7.898164e-02, 7.898164e-02, 7.925798e-02, 7.949720e-02, 8.464842e-02, 9.181678e-02, 9.560467e-02, 1.252813e-01, 1.415404e-01, 1.919411e-01, 1.922813e-01, 1.922958e-01
INFO:bingo.evolutionary_optimizers.parallel_archipelago:Evolution time 0:01:01.903151	 age 500	 fitness 7.745e-02
Level 25:bingo.evolutionary_optimizers.evolutionary_optimizer:Generation: 240 	 Elapsed time: 0:21:14.749541 	 Best training fitness: 7.744547e-02 	 
Level 25:bingo.evolutionary_optimizers.evolutionary_optimizer:240, 1.274750e+03, 3400373, 7.744547e-02, 7.744547e-02, 7.925798e-02, 7.949720e-02, 8.464842e-02, 9.181678e-02, 9.560467e-02, 1.252813e-01, 1.415404e-01, 1.919411e-01, 1.922813e-01, 1.922958e-01
INFO:bingo.evolutionary_optimizers.parallel_archipelago:Evolution time 0:00:50.575575	 age 520	 fitness 7.705e-02
Level 25:bingo.evolutionary_optimizers.evolutionary_optimizer:Generation: 250 	 Elapsed time: 0:22:05.631671 	 Best training fitness: 7.705067e-02 	 
Level 25:bingo.evolutionary_optimizers.evolutionary_optimizer:250, 1.325632e+03, 3560514, 7.705067e-02, 7.705067e-02, 7.740725e-02, 7.925798e-02, 7.949720e-02, 8.464842e-02, 9.181678e-02, 9.560467e-02, 1.252813e-01, 1.415404e-01, 1.919411e-01, 1.922813e-01, 1.922958e-01
INFO:bingo.evolutionary_optimizers.parallel_archipelago:Evolution time 0:01:07.659830	 age 550	 fitness 7.703e-02
Level 25:bingo.evolutionary_optimizers.evolutionary_optimizer:Generation: 260 	 Elapsed time: 0:23:13.598343 	 Best training fitness: 7.703163e-02 	 
Level 25:bingo.evolutionary_optimizers.evolutionary_optimizer:260, 1.393598e+03, 3740657, 7.703163e-02, 7.703163e-02, 7.925798e-02, 7.949720e-02, 8.464842e-02, 9.181678e-02, 9.560467e-02, 1.252813e-01, 1.415404e-01, 1.919411e-01, 1.922813e-01, 1.922958e-01
INFO:bingo.evolutionary_optimizers.parallel_archipelago:Evolution time 0:00:34.112847	 age 560	 fitness 7.704e-02
Level 25:bingo.evolutionary_optimizers.evolutionary_optimizer:Generation: 270 	 Elapsed time: 0:23:48.014579 	 Best training fitness: 7.703531e-02 	 
Level 25:bingo.evolutionary_optimizers.evolutionary_optimizer:270, 1.428015e+03, 3889322, 7.703531e-02, 7.703163e-02, 7.925798e-02, 7.949720e-02, 8.464842e-02, 9.181678e-02, 9.560467e-02, 1.252813e-01, 1.415404e-01, 1.919411e-01, 1.922813e-01, 1.922958e-01
INFO:bingo.evolutionary_optimizers.parallel_archipelago:Evolution time 0:00:52.358068	 age 570	 fitness 7.680e-02
Level 25:bingo.evolutionary_optimizers.evolutionary_optimizer:Generation: 280 	 Elapsed time: 0:24:40.663677 	 Best training fitness: 7.680499e-02 	 
Level 25:bingo.evolutionary_optimizers.evolutionary_optimizer:280, 1.480664e+03, 4059983, 7.680499e-02, 7.680499e-02, 8.464842e-02, 9.181678e-02, 9.560467e-02, 1.252813e-01, 1.415404e-01, 1.919411e-01, 1.922813e-01, 1.922958e-01
INFO:bingo.evolutionary_optimizers.parallel_archipelago:Evolution time 0:00:55.460630	 age 580	 fitness 7.679e-02
Level 25:bingo.evolutionary_optimizers.evolutionary_optimizer:Generation: 290 	 Elapsed time: 0:25:36.413781 	 Best training fitness: 7.679475e-02 	 
Level 25:bingo.evolutionary_optimizers.evolutionary_optimizer:290, 1.536414e+03, 4236278, 7.679475e-02, 7.679475e-02, 8.464842e-02, 9.181678e-02, 9.560467e-02, 1.252813e-01, 1.415404e-01, 1.919411e-01, 1.922813e-01, 1.922958e-01
INFO:bingo.evolutionary_optimizers.parallel_archipelago:Evolution time 0:00:45.693018	 age 600	 fitness 7.679e-02
Level 25:bingo.evolutionary_optimizers.evolutionary_optimizer:Generation: 300 	 Elapsed time: 0:26:22.428350 	 Best training fitness: 7.679475e-02 	 
Level 25:bingo.evolutionary_optimizers.evolutionary_optimizer:300, 1.582428e+03, 4406066, 7.679475e-02, 7.679475e-02, 8.464842e-02, 9.181678e-02, 9.560467e-02, 1.252813e-01, 1.415404e-01, 1.919411e-01, 1.922813e-01, 1.922958e-01
INFO:bingo.evolutionary_optimizers.parallel_archipelago:Evolution time 0:01:01.551157	 age 630	 fitness 7.678e-02
Level 25:bingo.evolutionary_optimizers.evolutionary_optimizer:Generation: 310 	 Elapsed time: 0:27:24.272122 	 Best training fitness: 7.678419e-02 	 
Level 25:bingo.evolutionary_optimizers.evolutionary_optimizer:310, 1.644272e+03, 4604786, 7.678419e-02, 7.678419e-02, 8.464842e-02, 9.181678e-02, 9.560467e-02, 1.252813e-01, 1.415404e-01, 1.919411e-01, 1.922813e-01, 1.922955e-01
INFO:bingo.evolutionary_optimizers.parallel_archipelago:Evolution time 0:00:36.121665	 age 640	 fitness 7.678e-02
Level 25:bingo.evolutionary_optimizers.evolutionary_optimizer:Generation: 320 	 Elapsed time: 0:28:00.692113 	 Best training fitness: 7.678038e-02 	 
Level 25:bingo.evolutionary_optimizers.evolutionary_optimizer:320, 1.680692e+03, 4753878, 7.678038e-02, 7.678038e-02, 8.464842e-02, 9.181678e-02, 9.560467e-02, 1.252813e-01, 1.415404e-01, 1.919411e-01, 1.922791e-01
INFO:bingo.evolutionary_optimizers.parallel_archipelago:Evolution time 0:00:39.149467	 age 650	 fitness 7.678e-02
Level 25:bingo.evolutionary_optimizers.evolutionary_optimizer:Generation: 330 	 Elapsed time: 0:28:40.155760 	 Best training fitness: 7.678301e-02 	 
Level 25:bingo.evolutionary_optimizers.evolutionary_optimizer:330, 1.720156e+03, 4900897, 7.678301e-02, 7.678038e-02, 8.464842e-02, 9.181678e-02, 9.560467e-02, 1.252813e-01, 1.415404e-01, 1.919411e-01, 1.922791e-01
INFO:bingo.evolutionary_optimizers.parallel_archipelago:Evolution time 0:00:56.064748	 age 660	 fitness 7.678e-02
Level 25:bingo.evolutionary_optimizers.evolutionary_optimizer:Generation: 340 	 Elapsed time: 0:29:36.535862 	 Best training fitness: 7.677708e-02 	 
Level 25:bingo.evolutionary_optimizers.evolutionary_optimizer:340, 1.776536e+03, 5061250, 7.677708e-02, 7.677708e-02, 8.464842e-02, 9.181678e-02, 9.560467e-02, 1.252813e-01, 1.415404e-01, 1.919411e-01, 1.922791e-01
INFO:bingo.evolutionary_optimizers.parallel_archipelago:Evolution time 0:01:03.334469	 age 670	 fitness 7.677e-02
Level 25:bingo.evolutionary_optimizers.evolutionary_optimizer:Generation: 350 	 Elapsed time: 0:30:40.200696 	 Best training fitness: 7.677348e-02 	 
Level 25:bingo.evolutionary_optimizers.evolutionary_optimizer:350, 1.840201e+03, 5219539, 7.677348e-02, 7.677348e-02, 8.464842e-02, 9.181678e-02, 9.560467e-02, 1.252813e-01, 1.415404e-01, 1.919411e-01, 1.922791e-01
INFO:bingo.evolutionary_optimizers.parallel_archipelago:Evolution time 0:00:41.414489	 age 680	 fitness 7.620e-02
Level 25:bingo.evolutionary_optimizers.evolutionary_optimizer:Generation: 360 	 Elapsed time: 0:31:21.988039 	 Best training fitness: 7.620051e-02 	 
Level 25:bingo.evolutionary_optimizers.evolutionary_optimizer:360, 1.881988e+03, 5364300, 7.620051e-02, 7.620051e-02, 7.677348e-02, 8.464842e-02, 9.181678e-02, 9.560467e-02, 1.252813e-01, 1.415404e-01, 1.919411e-01, 1.922723e-01
INFO:bingo.evolutionary_optimizers.parallel_archipelago:Evolution time 0:01:03.639865	 age 690	 fitness 7.622e-02
Level 25:bingo.evolutionary_optimizers.evolutionary_optimizer:Generation: 370 	 Elapsed time: 0:32:25.963269 	 Best training fitness: 7.621922e-02 	 
Level 25:bingo.evolutionary_optimizers.evolutionary_optimizer:370, 1.945963e+03, 5530405, 7.621922e-02, 7.620051e-02, 7.677324e-02, 8.464842e-02, 9.181678e-02, 9.560467e-02, 1.252813e-01, 1.415404e-01, 1.919411e-01, 1.922723e-01
INFO:bingo.evolutionary_optimizers.parallel_archipelago:Evolution time 0:01:26.951622	 age 720	 fitness 7.604e-02
Level 25:bingo.evolutionary_optimizers.evolutionary_optimizer:Generation: 380 	 Elapsed time: 0:33:53.251701 	 Best training fitness: 7.603723e-02 	 
Level 25:bingo.evolutionary_optimizers.evolutionary_optimizer:380, 2.033252e+03, 5722342, 7.603723e-02, 7.603723e-02, 7.677146e-02, 8.464842e-02, 9.181678e-02, 9.560467e-02, 1.252813e-01, 1.415404e-01, 1.919411e-01, 1.922723e-01
INFO:bingo.evolutionary_optimizers.parallel_archipelago:Evolution time 0:01:03.337965	 age 730	 fitness 7.604e-02
Level 25:bingo.evolutionary_optimizers.evolutionary_optimizer:Generation: 390 	 Elapsed time: 0:34:56.931814 	 Best training fitness: 7.603723e-02 	 
Level 25:bingo.evolutionary_optimizers.evolutionary_optimizer:390, 2.096932e+03, 5893587, 7.603723e-02, 7.603723e-02, 7.677011e-02, 8.464842e-02, 9.181678e-02, 9.560467e-02, 1.252813e-01, 1.415404e-01, 1.919411e-01, 1.922723e-01
INFO:bingo.evolutionary_optimizers.parallel_archipelago:Evolution time 0:00:59.554714	 age 750	 fitness 7.600e-02
Level 25:bingo.evolutionary_optimizers.evolutionary_optimizer:Generation: 400 	 Elapsed time: 0:35:56.827844 	 Best training fitness: 7.599712e-02 	 
Level 25:bingo.evolutionary_optimizers.evolutionary_optimizer:400, 2.156828e+03, 6075859, 7.599712e-02, 7.599712e-02, 7.677011e-02, 8.464842e-02, 9.181678e-02, 9.560467e-02, 1.252813e-01, 1.415404e-01, 1.919411e-01, 1.922723e-01
INFO:bingo.evolutionary_optimizers.parallel_archipelago:Evolution time 0:01:02.981139	 age 770	 fitness 7.600e-02
Level 25:bingo.evolutionary_optimizers.evolutionary_optimizer:Generation: 410 	 Elapsed time: 0:37:00.150080 	 Best training fitness: 7.599854e-02 	 
Level 25:bingo.evolutionary_optimizers.evolutionary_optimizer:410, 2.220150e+03, 6247172, 7.599854e-02, 7.599712e-02, 7.677011e-02, 8.464842e-02, 9.181678e-02, 9.560467e-02, 1.252813e-01, 1.415404e-01, 1.919411e-01, 1.922723e-01
INFO:bingo.evolutionary_optimizers.parallel_archipelago:Evolution time 0:00:42.046381	 age 780	 fitness 7.599e-02
Level 25:bingo.evolutionary_optimizers.evolutionary_optimizer:Generation: 420 	 Elapsed time: 0:37:42.539364 	 Best training fitness: 7.598524e-02 	 
Level 25:bingo.evolutionary_optimizers.evolutionary_optimizer:420, 2.262539e+03, 6400347, 7.598524e-02, 7.598524e-02, 7.599712e-02, 7.677011e-02, 8.464842e-02, 9.181678e-02, 9.560467e-02, 1.252813e-01, 1.415404e-01, 1.919411e-01, 1.922723e-01
INFO:bingo.evolutionary_optimizers.parallel_archipelago:Evolution time 0:01:02.826881	 age 800	 fitness 7.597e-02
Level 25:bingo.evolutionary_optimizers.evolutionary_optimizer:Generation: 430 	 Elapsed time: 0:38:45.744393 	 Best training fitness: 7.596830e-02 	 
Level 25:bingo.evolutionary_optimizers.evolutionary_optimizer:430, 2.325744e+03, 6590438, 7.596830e-02, 7.596830e-02, 7.677011e-02, 8.464842e-02, 9.181678e-02, 9.560467e-02, 1.252813e-01, 1.415404e-01, 1.919411e-01, 1.922723e-01
INFO:bingo.evolutionary_optimizers.parallel_archipelago:Evolution time 0:01:17.001748	 age 810	 fitness 7.597e-02
Level 25:bingo.evolutionary_optimizers.evolutionary_optimizer:Generation: 440 	 Elapsed time: 0:40:03.088544 	 Best training fitness: 7.596830e-02 	 
Level 25:bingo.evolutionary_optimizers.evolutionary_optimizer:440, 2.403089e+03, 6781083, 7.596830e-02, 7.596830e-02, 7.677011e-02, 8.464842e-02, 9.181678e-02, 9.560467e-02, 1.252813e-01, 1.415404e-01, 1.919411e-01, 1.922723e-01
INFO:bingo.evolutionary_optimizers.parallel_archipelago:Evolution time 0:01:10.373071	 age 820	 fitness 7.598e-02
Level 25:bingo.evolutionary_optimizers.evolutionary_optimizer:Generation: 450 	 Elapsed time: 0:41:13.804063 	 Best training fitness: 7.597753e-02 	 
Level 25:bingo.evolutionary_optimizers.evolutionary_optimizer:450, 2.473804e+03, 6971470, 7.597753e-02, 7.596830e-02, 7.677011e-02, 8.464842e-02, 9.181678e-02, 9.560467e-02, 1.252813e-01, 1.415404e-01, 1.919411e-01, 1.922723e-01
INFO:bingo.evolutionary_optimizers.parallel_archipelago:Evolution time 0:00:42.752150	 age 830	 fitness 7.593e-02
Level 25:bingo.evolutionary_optimizers.evolutionary_optimizer:Generation: 460 	 Elapsed time: 0:41:56.901723 	 Best training fitness: 7.593068e-02 	 
Level 25:bingo.evolutionary_optimizers.evolutionary_optimizer:460, 2.516902e+03, 7121430, 7.593068e-02, 7.593068e-02, 7.596716e-02, 7.596830e-02, 7.677011e-02, 8.464842e-02, 9.181678e-02, 9.204145e-02, 9.560467e-02, 1.252813e-01, 1.415404e-01, 1.919411e-01, 1.922723e-01
INFO:bingo.evolutionary_optimizers.parallel_archipelago:Evolution time 0:01:38.280335	 age 870	 fitness 5.874e-02
Level 25:bingo.evolutionary_optimizers.evolutionary_optimizer:Generation: 470 	 Elapsed time: 0:43:35.528533 	 Best training fitness: 5.873702e-02 	 
Level 25:bingo.evolutionary_optimizers.evolutionary_optimizer:470, 2.615529e+03, 7325551, 5.873702e-02, 5.873702e-02, 7.596716e-02, 7.596830e-02, 7.677011e-02, 8.464842e-02, 9.181678e-02, 9.199080e-02, 9.560467e-02, 1.252813e-01, 1.415404e-01, 1.919411e-01, 1.922723e-01
INFO:bingo.evolutionary_optimizers.parallel_archipelago:Evolution time 0:01:20.677375	 age 880	 fitness 0.000e+00
Level 25:bingo.evolutionary_optimizers.evolutionary_optimizer:Generation: 480 	 Elapsed time: 0:44:56.555832 	 Best training fitness: 0.000000e+00 	 
Level 25:bingo.evolutionary_optimizers.evolutionary_optimizer:480, 2.696556e+03, 7489238, 0.000000e+00, 0.000000e+00, 1.919411e-01, 1.922723e-01
Level 25:bingo.evolutionary_optimizers.evolutionary_optimizer:Evolution successfully converged.
Level 25:bingo.evolutionary_optimizers.evolutionary_optimizer:  Absolte convergence occurred with best fitness < 1e-10
Level 25:bingo.evolutionary_optimizers.evolutionary_optimizer:Hall of Fame:
0.0	8	sin(log((X_0)(X_0) + (X_1)(X_1)))
0.19194106504594222	7	sin(log((-0.071314)(X_1)) + log(log((-0.071314)(X_1))))
0.19227232895544816	1	-0.932879
