Level 25:bingo.evolutionary_optimizers.evolutionary_optimizer:#generational_age, elapsed_time, fitness_evaluation_count, current_training_fitness, hall_of_fame_fitnesses
Level 25:bingo.evolutionary_optimizers.evolutionary_optimizer:#generational_age, elapsed_time, fitness_evaluation_count, current_training_fitness, hall_of_fame_fitnesses
Level 25:bingo.evolutionary_optimizers.evolutionary_optimizer:Generation: 0 	 Elapsed time: 0:00:05.199583 	 Best training fitness: 2.164156e-01 	 
Level 25:bingo.evolutionary_optimizers.evolutionary_optimizer:0, 5.199583e+00, 15664, 2.164156e-01
INFO:bingo.evolutionary_optimizers.parallel_archipelago:Evolution time 0:01:00.673298	 age 20	 fitness 2.163e-01
Level 25:bingo.evolutionary_optimizers.evolutionary_optimizer:Generation: 10 	 Elapsed time: 0:01:06.154162 	 Best training fitness: 2.163144e-01 	 
Level 25:bingo.evolutionary_optimizers.evolutionary_optimizer:10, 6.615416e+01, 141291, 2.163144e-01, 2.163144e-01, 2.163275e-01, 2.163605e-01, 2.163813e-01, 2.163913e-01
INFO:bingo.evolutionary_optimizers.parallel_archipelago:Evolution time 0:00:31.199844	 age 40	 fitness 2.163e-01
Level 25:bingo.evolutionary_optimizers.evolutionary_optimizer:Generation: 20 	 Elapsed time: 0:01:37.664985 	 Best training fitness: 2.162983e-01 	 
Level 25:bingo.evolutionary_optimizers.evolutionary_optimizer:20, 9.766499e+01, 222511, 2.162983e-01, 2.162983e-01, 2.163217e-01, 2.163613e-01
INFO:bingo.evolutionary_optimizers.parallel_archipelago:Evolution time 0:00:43.861602	 age 70	 fitness 2.147e-01
Level 25:bingo.evolutionary_optimizers.evolutionary_optimizer:Generation: 30 	 Elapsed time: 0:02:21.865700 	 Best training fitness: 2.147158e-01 	 
Level 25:bingo.evolutionary_optimizers.evolutionary_optimizer:30, 1.418657e+02, 326377, 2.147158e-01, 2.147158e-01, 2.163217e-01, 2.163526e-01
INFO:bingo.evolutionary_optimizers.parallel_archipelago:Evolution time 0:00:26.692372	 age 90	 fitness 2.144e-01
Level 25:bingo.evolutionary_optimizers.evolutionary_optimizer:Generation: 40 	 Elapsed time: 0:02:48.864061 	 Best training fitness: 2.144070e-01 	 
Level 25:bingo.evolutionary_optimizers.evolutionary_optimizer:40, 1.688641e+02, 411063, 2.144070e-01, 2.144070e-01, 2.147158e-01, 2.163217e-01, 2.163474e-01
INFO:bingo.evolutionary_optimizers.parallel_archipelago:Evolution time 0:00:41.930910	 age 110	 fitness 0.000e+00
Level 25:bingo.evolutionary_optimizers.evolutionary_optimizer:Generation: 50 	 Elapsed time: 0:03:31.109717 	 Best training fitness: 0.000000e+00 	 
Level 25:bingo.evolutionary_optimizers.evolutionary_optimizer:50, 2.111097e+02, 504042, 0.000000e+00, 0.000000e+00, 2.163152e-01
Level 25:bingo.evolutionary_optimizers.evolutionary_optimizer:Evolution successfully converged.
Level 25:bingo.evolutionary_optimizers.evolutionary_optimizer:  Absolte convergence occurred with best fitness < 1e-10
Level 25:bingo.evolutionary_optimizers.evolutionary_optimizer:Hall of Fame:
0.0	7	sin(log((X_1)(X_1) + (X_0)(X_0)))
0.2163151657855085	1	-0.934404
