Level 25:bingo.evolutionary_optimizers.evolutionary_optimizer:#generational_age, elapsed_time, fitness_evaluation_count, current_training_fitness, hall_of_fame_fitnesses
Level 25:bingo.evolutionary_optimizers.evolutionary_optimizer:#generational_age, elapsed_time, fitness_evaluation_count, current_training_fitness, hall_of_fame_fitnesses
Level 25:bingo.evolutionary_optimizers.evolutionary_optimizer:Generation: 0 	 Elapsed time: 0:00:04.577858 	 Best training fitness: 7.262836e-02 	 
Level 25:bingo.evolutionary_optimizers.evolutionary_optimizer:0, 4.577858e+00, 13110, 7.262836e-02
INFO:bingo.evolutionary_optimizers.parallel_archipelago:Evolution time 0:00:50.031474	 age 30	 fitness 7.226e-02
Level 25:bingo.evolutionary_optimizers.evolutionary_optimizer:Generation: 10 	 Elapsed time: 0:00:54.903142 	 Best training fitness: 7.225929e-02 	 
Level 25:bingo.evolutionary_optimizers.evolutionary_optimizer:10, 5.490314e+01, 147133, 7.225929e-02, 7.225929e-02, 7.254755e-02, 7.256144e-02
INFO:bingo.evolutionary_optimizers.parallel_archipelago:Evolution time 0:00:31.271629	 age 40	 fitness 7.236e-02
Level 25:bingo.evolutionary_optimizers.evolutionary_optimizer:Generation: 20 	 Elapsed time: 0:01:26.523603 	 Best training fitness: 7.236360e-02 	 
Level 25:bingo.evolutionary_optimizers.evolutionary_optimizer:20, 8.652360e+01, 215063, 7.236360e-02, 7.225929e-02, 7.248381e-02, 7.248425e-02
INFO:bingo.evolutionary_optimizers.parallel_archipelago:Evolution time 0:00:36.708867	 age 50	 fitness 7.229e-02
Level 25:bingo.evolutionary_optimizers.evolutionary_optimizer:Generation: 30 	 Elapsed time: 0:02:03.630399 	 Best training fitness: 7.228978e-02 	 
Level 25:bingo.evolutionary_optimizers.evolutionary_optimizer:30, 1.236304e+02, 297564, 7.228978e-02, 7.225929e-02, 7.228978e-02, 7.248381e-02, 7.248425e-02
INFO:bingo.evolutionary_optimizers.parallel_archipelago:Evolution time 0:00:48.986913	 age 60	 fitness 7.226e-02
Level 25:bingo.evolutionary_optimizers.evolutionary_optimizer:Generation: 40 	 Elapsed time: 0:02:52.969720 	 Best training fitness: 7.225947e-02 	 
Level 25:bingo.evolutionary_optimizers.evolutionary_optimizer:40, 1.729697e+02, 392801, 7.225947e-02, 7.225929e-02, 7.228978e-02, 7.248381e-02, 7.248425e-02
INFO:bingo.evolutionary_optimizers.parallel_archipelago:Evolution time 0:00:48.909749	 age 80	 fitness 7.228e-02
Level 25:bingo.evolutionary_optimizers.evolutionary_optimizer:Generation: 50 	 Elapsed time: 0:03:42.235958 	 Best training fitness: 7.227879e-02 	 
Level 25:bingo.evolutionary_optimizers.evolutionary_optimizer:50, 2.222360e+02, 498306, 7.227879e-02, 7.225929e-02, 7.228978e-02, 7.248381e-02, 7.248425e-02
INFO:bingo.evolutionary_optimizers.parallel_archipelago:Evolution time 0:00:25.820022	 age 90	 fitness 7.227e-02
Level 25:bingo.evolutionary_optimizers.evolutionary_optimizer:Generation: 60 	 Elapsed time: 0:04:08.407082 	 Best training fitness: 7.226995e-02 	 
Level 25:bingo.evolutionary_optimizers.evolutionary_optimizer:60, 2.484071e+02, 577587, 7.226995e-02, 7.225929e-02, 7.228978e-02, 7.248381e-02, 7.248425e-02
INFO:bingo.evolutionary_optimizers.parallel_archipelago:Evolution time 0:00:40.178958	 age 100	 fitness 7.227e-02
Level 25:bingo.evolutionary_optimizers.evolutionary_optimizer:Generation: 70 	 Elapsed time: 0:04:48.933666 	 Best training fitness: 7.226995e-02 	 
Level 25:bingo.evolutionary_optimizers.evolutionary_optimizer:70, 2.889337e+02, 672446, 7.226995e-02, 7.225929e-02, 7.228978e-02, 7.235841e-02
INFO:bingo.evolutionary_optimizers.parallel_archipelago:Evolution time 0:00:35.265557	 age 110	 fitness 7.232e-02
Level 25:bingo.evolutionary_optimizers.evolutionary_optimizer:Generation: 80 	 Elapsed time: 0:05:24.547440 	 Best training fitness: 7.231853e-02 	 
Level 25:bingo.evolutionary_optimizers.evolutionary_optimizer:80, 3.245474e+02, 759458, 7.231853e-02, 7.225929e-02, 7.228978e-02, 7.235841e-02
INFO:bingo.evolutionary_optimizers.parallel_archipelago:Evolution time 0:00:27.209448	 age 120	 fitness 7.221e-02
Level 25:bingo.evolutionary_optimizers.evolutionary_optimizer:Generation: 90 	 Elapsed time: 0:05:52.106831 	 Best training fitness: 7.221334e-02 	 
Level 25:bingo.evolutionary_optimizers.evolutionary_optimizer:90, 3.521068e+02, 844709, 7.221334e-02, 7.221334e-02, 7.225929e-02, 7.228978e-02, 7.232932e-02, 7.235841e-02
INFO:bingo.evolutionary_optimizers.parallel_archipelago:Evolution time 0:00:48.306477	 age 130	 fitness 7.230e-02
Level 25:bingo.evolutionary_optimizers.evolutionary_optimizer:Generation: 100 	 Elapsed time: 0:06:40.771863 	 Best training fitness: 7.229959e-02 	 
Level 25:bingo.evolutionary_optimizers.evolutionary_optimizer:100, 4.007719e+02, 943612, 7.229959e-02, 7.221334e-02, 7.225929e-02, 7.228978e-02, 7.229959e-02
INFO:bingo.evolutionary_optimizers.parallel_archipelago:Evolution time 0:00:51.498325	 age 140	 fitness 7.188e-02
Level 25:bingo.evolutionary_optimizers.evolutionary_optimizer:Generation: 110 	 Elapsed time: 0:07:32.678205 	 Best training fitness: 7.187904e-02 	 
Level 25:bingo.evolutionary_optimizers.evolutionary_optimizer:110, 4.526782e+02, 1032938, 7.187904e-02, 7.187904e-02, 7.228978e-02, 7.229959e-02
INFO:bingo.evolutionary_optimizers.parallel_archipelago:Evolution time 0:00:39.944257	 age 160	 fitness 7.167e-02
Level 25:bingo.evolutionary_optimizers.evolutionary_optimizer:Generation: 120 	 Elapsed time: 0:08:12.970691 	 Best training fitness: 7.166628e-02 	 
Level 25:bingo.evolutionary_optimizers.evolutionary_optimizer:120, 4.929707e+02, 1118157, 7.166628e-02, 7.166628e-02, 7.228978e-02, 7.229959e-02
INFO:bingo.evolutionary_optimizers.parallel_archipelago:Evolution time 0:00:34.493509	 age 170	 fitness 7.185e-02
Level 25:bingo.evolutionary_optimizers.evolutionary_optimizer:Generation: 130 	 Elapsed time: 0:08:47.822382 	 Best training fitness: 7.185360e-02 	 
Level 25:bingo.evolutionary_optimizers.evolutionary_optimizer:130, 5.278224e+02, 1186920, 7.185360e-02, 7.166628e-02, 7.228978e-02, 7.229959e-02
INFO:bingo.evolutionary_optimizers.parallel_archipelago:Evolution time 0:00:44.499680	 age 200	 fitness 4.266e-17
Level 25:bingo.evolutionary_optimizers.evolutionary_optimizer:Generation: 140 	 Elapsed time: 0:09:32.678581 	 Best training fitness: 4.265726e-17 	 
Level 25:bingo.evolutionary_optimizers.evolutionary_optimizer:140, 5.726786e+02, 1275444, 4.265726e-17, 4.265726e-17, 7.166628e-02, 7.228978e-02, 7.229959e-02
Level 25:bingo.evolutionary_optimizers.evolutionary_optimizer:Evolution successfully converged.
Level 25:bingo.evolutionary_optimizers.evolutionary_optimizer:  Absolte convergence occurred with best fitness < 1e-10
Level 25:bingo.evolutionary_optimizers.evolutionary_optimizer:Hall of Fame:
4.265725507214305e-17	7	sin(log((X_1)(X_1) + (X_0)(X_0)))
0.0716662826134803	6	-0.855596 + (-0.054475)(log(X_0))
0.07228978438193313	4	sin((log(0.004093))(log(0.004093)))
0.07229958585968962	1	-0.939131
