Level 25:bingo.evolutionary_optimizers.evolutionary_optimizer:#generational_age, elapsed_time, fitness_evaluation_count, current_training_fitness, hall_of_fame_fitnesses
Level 25:bingo.evolutionary_optimizers.evolutionary_optimizer:#generational_age, elapsed_time, fitness_evaluation_count, current_training_fitness, hall_of_fame_fitnesses
Level 25:bingo.evolutionary_optimizers.evolutionary_optimizer:Generation: 0 	 Elapsed time: 0:00:05.401422 	 Best training fitness: 1.443380e-01 	 
Level 25:bingo.evolutionary_optimizers.evolutionary_optimizer:0, 5.401422e+00, 14699, 1.443380e-01
INFO:bingo.evolutionary_optimizers.parallel_archipelago:Evolution time 0:00:33.170203	 age 30	 fitness 1.443e-01
Level 25:bingo.evolutionary_optimizers.evolutionary_optimizer:Generation: 10 	 Elapsed time: 0:00:38.782086 	 Best training fitness: 1.443108e-01 	 
Level 25:bingo.evolutionary_optimizers.evolutionary_optimizer:10, 3.878209e+01, 128266, 1.443108e-01, 1.443108e-01, 1.443730e-01, 1.444035e-01
INFO:bingo.evolutionary_optimizers.parallel_archipelago:Evolution time 0:00:33.362843	 age 70	 fitness 1.443e-01
Level 25:bingo.evolutionary_optimizers.evolutionary_optimizer:Generation: 20 	 Elapsed time: 0:01:12.361631 	 Best training fitness: 1.442743e-01 	 
Level 25:bingo.evolutionary_optimizers.evolutionary_optimizer:20, 7.236163e+01, 216614, 1.442743e-01, 1.442743e-01
INFO:bingo.evolutionary_optimizers.parallel_archipelago:Evolution time 0:00:42.102723	 age 100	 fitness 1.443e-01
Level 25:bingo.evolutionary_optimizers.evolutionary_optimizer:Generation: 30 	 Elapsed time: 0:01:54.710502 	 Best training fitness: 1.442898e-01 	 
Level 25:bingo.evolutionary_optimizers.evolutionary_optimizer:30, 1.147105e+02, 309386, 1.442898e-01, 1.442743e-01
INFO:bingo.evolutionary_optimizers.parallel_archipelago:Evolution time 0:00:33.457258	 age 120	 fitness 1.442e-01
Level 25:bingo.evolutionary_optimizers.evolutionary_optimizer:Generation: 40 	 Elapsed time: 0:02:28.373295 	 Best training fitness: 1.442433e-01 	 
Level 25:bingo.evolutionary_optimizers.evolutionary_optimizer:40, 1.483733e+02, 391657, 1.442433e-01, 1.442433e-01
INFO:bingo.evolutionary_optimizers.parallel_archipelago:Evolution time 0:00:33.123454	 age 150	 fitness 1.443e-01
Level 25:bingo.evolutionary_optimizers.evolutionary_optimizer:Generation: 50 	 Elapsed time: 0:03:01.699166 	 Best training fitness: 1.442622e-01 	 
Level 25:bingo.evolutionary_optimizers.evolutionary_optimizer:50, 1.816992e+02, 471076, 1.442622e-01, 1.442433e-01
INFO:bingo.evolutionary_optimizers.parallel_archipelago:Evolution time 0:00:22.095138	 age 180	 fitness 1.443e-01
Level 25:bingo.evolutionary_optimizers.evolutionary_optimizer:Generation: 60 	 Elapsed time: 0:03:23.997899 	 Best training fitness: 1.442872e-01 	 
Level 25:bingo.evolutionary_optimizers.evolutionary_optimizer:60, 2.039979e+02, 539198, 1.442872e-01, 1.442433e-01
INFO:bingo.evolutionary_optimizers.parallel_archipelago:Evolution time 0:00:25.517130	 age 190	 fitness 1.443e-01
Level 25:bingo.evolutionary_optimizers.evolutionary_optimizer:Generation: 70 	 Elapsed time: 0:03:49.719800 	 Best training fitness: 1.442735e-01 	 
Level 25:bingo.evolutionary_optimizers.evolutionary_optimizer:70, 2.297198e+02, 598072, 1.442735e-01, 1.442433e-01
INFO:bingo.evolutionary_optimizers.parallel_archipelago:Evolution time 0:00:17.625714	 age 210	 fitness 1.443e-01
Level 25:bingo.evolutionary_optimizers.evolutionary_optimizer:Generation: 80 	 Elapsed time: 0:04:07.555888 	 Best training fitness: 1.442971e-01 	 
Level 25:bingo.evolutionary_optimizers.evolutionary_optimizer:80, 2.475559e+02, 668520, 1.442971e-01, 1.442433e-01
INFO:bingo.evolutionary_optimizers.parallel_archipelago:Evolution time 0:00:18.629020	 age 230	 fitness 1.443e-01
Level 25:bingo.evolutionary_optimizers.evolutionary_optimizer:Generation: 90 	 Elapsed time: 0:04:26.392473 	 Best training fitness: 1.442981e-01 	 
Level 25:bingo.evolutionary_optimizers.evolutionary_optimizer:90, 2.663925e+02, 740670, 1.442981e-01, 1.442433e-01
INFO:bingo.evolutionary_optimizers.parallel_archipelago:Evolution time 0:00:32.272465	 age 250	 fitness 1.443e-01
Level 25:bingo.evolutionary_optimizers.evolutionary_optimizer:Generation: 100 	 Elapsed time: 0:04:58.899339 	 Best training fitness: 1.442585e-01 	 
Level 25:bingo.evolutionary_optimizers.evolutionary_optimizer:100, 2.988993e+02, 820463, 1.442585e-01, 1.442433e-01
INFO:bingo.evolutionary_optimizers.parallel_archipelago:Evolution time 0:00:35.175487	 age 260	 fitness 1.443e-01
Level 25:bingo.evolutionary_optimizers.evolutionary_optimizer:Generation: 110 	 Elapsed time: 0:05:34.287704 	 Best training fitness: 1.442585e-01 	 
Level 25:bingo.evolutionary_optimizers.evolutionary_optimizer:110, 3.342877e+02, 880794, 1.442585e-01, 1.442433e-01
INFO:bingo.evolutionary_optimizers.parallel_archipelago:Evolution time 0:00:35.422361	 age 270	 fitness 1.443e-01
Level 25:bingo.evolutionary_optimizers.evolutionary_optimizer:Generation: 120 	 Elapsed time: 0:06:09.922569 	 Best training fitness: 1.443240e-01 	 
Level 25:bingo.evolutionary_optimizers.evolutionary_optimizer:120, 3.699226e+02, 957631, 1.443240e-01, 1.442433e-01
INFO:bingo.evolutionary_optimizers.parallel_archipelago:Evolution time 0:00:21.046252	 age 280	 fitness 1.172e-01
Level 25:bingo.evolutionary_optimizers.evolutionary_optimizer:Generation: 130 	 Elapsed time: 0:06:31.185350 	 Best training fitness: 1.171513e-01 	 
Level 25:bingo.evolutionary_optimizers.evolutionary_optimizer:130, 3.911854e+02, 1026662, 1.171513e-01, 1.171513e-01, 1.174115e-01, 1.355029e-01, 1.442433e-01
INFO:bingo.evolutionary_optimizers.parallel_archipelago:Evolution time 0:00:19.514686	 age 290	 fitness 1.172e-01
Level 25:bingo.evolutionary_optimizers.evolutionary_optimizer:Generation: 140 	 Elapsed time: 0:06:50.958794 	 Best training fitness: 1.171620e-01 	 
Level 25:bingo.evolutionary_optimizers.evolutionary_optimizer:140, 4.109588e+02, 1084007, 1.171620e-01, 1.171513e-01, 1.171620e-01, 1.173327e-01, 1.349929e-01, 1.442433e-01
INFO:bingo.evolutionary_optimizers.parallel_archipelago:Evolution time 0:00:24.864949	 age 320	 fitness 1.171e-01
Level 25:bingo.evolutionary_optimizers.evolutionary_optimizer:Generation: 150 	 Elapsed time: 0:07:16.048299 	 Best training fitness: 1.171123e-01 	 
Level 25:bingo.evolutionary_optimizers.evolutionary_optimizer:150, 4.360483e+02, 1156925, 1.171123e-01, 1.171123e-01, 1.171949e-01, 1.172363e-01, 1.442433e-01
INFO:bingo.evolutionary_optimizers.parallel_archipelago:Evolution time 0:00:20.028303	 age 340	 fitness 8.900e-02
Level 25:bingo.evolutionary_optimizers.evolutionary_optimizer:Generation: 160 	 Elapsed time: 0:07:36.353194 	 Best training fitness: 8.900005e-02 	 
Level 25:bingo.evolutionary_optimizers.evolutionary_optimizer:160, 4.563532e+02, 1229179, 8.900005e-02, 8.900005e-02, 8.909600e-02, 1.165727e-01, 1.167132e-01, 1.442433e-01
INFO:bingo.evolutionary_optimizers.parallel_archipelago:Evolution time 0:00:35.558796	 age 350	 fitness 8.256e-02
Level 25:bingo.evolutionary_optimizers.evolutionary_optimizer:Generation: 170 	 Elapsed time: 0:08:12.180038 	 Best training fitness: 8.256418e-02 	 
Level 25:bingo.evolutionary_optimizers.evolutionary_optimizer:170, 4.921800e+02, 1304605, 8.256418e-02, 8.256418e-02, 8.897963e-02, 8.908334e-02, 1.165727e-01, 1.167132e-01, 1.442433e-01
INFO:bingo.evolutionary_optimizers.parallel_archipelago:Evolution time 0:00:29.745205	 age 370	 fitness 8.083e-02
Level 25:bingo.evolutionary_optimizers.evolutionary_optimizer:Generation: 180 	 Elapsed time: 0:08:42.158749 	 Best training fitness: 8.083167e-02 	 
Level 25:bingo.evolutionary_optimizers.evolutionary_optimizer:180, 5.221587e+02, 1384923, 8.083167e-02, 8.083167e-02, 8.626266e-02, 1.165727e-01, 1.165733e-01, 1.167132e-01, 1.442189e-01, 1.442433e-01
INFO:bingo.evolutionary_optimizers.parallel_archipelago:Evolution time 0:00:19.483162	 age 380	 fitness 7.497e-02
Level 25:bingo.evolutionary_optimizers.evolutionary_optimizer:Generation: 190 	 Elapsed time: 0:09:01.880517 	 Best training fitness: 7.497003e-02 	 
Level 25:bingo.evolutionary_optimizers.evolutionary_optimizer:190, 5.418805e+02, 1438004, 7.497003e-02, 7.497003e-02, 7.561747e-02, 8.061611e-02, 8.265455e-02, 1.165733e-01, 1.167132e-01, 1.442189e-01, 1.442433e-01
INFO:bingo.evolutionary_optimizers.parallel_archipelago:Evolution time 0:00:31.573119	 age 410	 fitness 7.436e-02
Level 25:bingo.evolutionary_optimizers.evolutionary_optimizer:Generation: 200 	 Elapsed time: 0:09:33.699667 	 Best training fitness: 7.435850e-02 	 
Level 25:bingo.evolutionary_optimizers.evolutionary_optimizer:200, 5.736997e+02, 1529642, 7.435850e-02, 7.435850e-02, 7.496652e-02, 7.561747e-02, 8.061611e-02, 8.265455e-02, 1.165733e-01, 1.167132e-01, 1.442189e-01, 1.442433e-01
INFO:bingo.evolutionary_optimizers.parallel_archipelago:Evolution time 0:00:25.188794	 age 420	 fitness 7.415e-02
Level 25:bingo.evolutionary_optimizers.evolutionary_optimizer:Generation: 210 	 Elapsed time: 0:09:59.127899 	 Best training fitness: 7.415142e-02 	 
Level 25:bingo.evolutionary_optimizers.evolutionary_optimizer:210, 5.991279e+02, 1597931, 7.415142e-02, 7.415142e-02, 7.419408e-02, 7.506465e-02, 8.265455e-02, 1.055126e-01, 1.167132e-01, 1.442189e-01, 1.442433e-01
INFO:bingo.evolutionary_optimizers.parallel_archipelago:Evolution time 0:00:24.108196	 age 450	 fitness 7.295e-02
Level 25:bingo.evolutionary_optimizers.evolutionary_optimizer:Generation: 220 	 Elapsed time: 0:10:23.471008 	 Best training fitness: 7.295203e-02 	 
Level 25:bingo.evolutionary_optimizers.evolutionary_optimizer:220, 6.234710e+02, 1666054, 7.295203e-02, 7.295203e-02, 7.501755e-02, 8.265455e-02, 1.055126e-01, 1.166109e-01, 1.167132e-01, 1.442189e-01, 1.442433e-01
INFO:bingo.evolutionary_optimizers.parallel_archipelago:Evolution time 0:00:26.996589	 age 460	 fitness 7.240e-02
Level 25:bingo.evolutionary_optimizers.evolutionary_optimizer:Generation: 230 	 Elapsed time: 0:10:50.756697 	 Best training fitness: 7.239939e-02 	 
Level 25:bingo.evolutionary_optimizers.evolutionary_optimizer:230, 6.507567e+02, 1731391, 7.239939e-02, 7.239939e-02, 7.293222e-02, 7.325597e-02, 7.501755e-02, 8.265455e-02, 1.055126e-01, 1.166109e-01, 1.167132e-01, 1.442189e-01, 1.442433e-01
INFO:bingo.evolutionary_optimizers.parallel_archipelago:Evolution time 0:00:31.445121	 age 480	 fitness 7.237e-02
Level 25:bingo.evolutionary_optimizers.evolutionary_optimizer:Generation: 240 	 Elapsed time: 0:11:22.484587 	 Best training fitness: 7.237363e-02 	 
Level 25:bingo.evolutionary_optimizers.evolutionary_optimizer:240, 6.824846e+02, 1795431, 7.237363e-02, 7.237363e-02, 7.293222e-02, 7.325597e-02, 7.501755e-02, 8.265455e-02, 1.055126e-01, 1.166109e-01, 1.167132e-01, 1.442189e-01, 1.442433e-01
INFO:bingo.evolutionary_optimizers.parallel_archipelago:Evolution time 0:00:46.362073	 age 500	 fitness 7.218e-02
Level 25:bingo.evolutionary_optimizers.evolutionary_optimizer:Generation: 250 	 Elapsed time: 0:12:09.095569 	 Best training fitness: 7.218302e-02 	 
Level 25:bingo.evolutionary_optimizers.evolutionary_optimizer:250, 7.290956e+02, 1876546, 7.218302e-02, 7.218302e-02, 7.234188e-02, 7.239751e-02, 7.325597e-02, 7.501755e-02, 8.265455e-02, 1.055126e-01, 1.166109e-01, 1.167132e-01, 1.442189e-01, 1.442433e-01
INFO:bingo.evolutionary_optimizers.parallel_archipelago:Evolution time 0:00:32.437778	 age 520	 fitness 7.211e-02
Level 25:bingo.evolutionary_optimizers.evolutionary_optimizer:Generation: 260 	 Elapsed time: 0:12:41.776595 	 Best training fitness: 7.210941e-02 	 
Level 25:bingo.evolutionary_optimizers.evolutionary_optimizer:260, 7.617766e+02, 1939870, 7.210941e-02, 7.210941e-02, 7.229064e-02, 7.235954e-02, 7.501755e-02, 8.265455e-02, 1.055126e-01, 1.166109e-01, 1.167132e-01, 1.442189e-01, 1.442433e-01
INFO:bingo.evolutionary_optimizers.parallel_archipelago:Evolution time 0:01:02.261177	 age 550	 fitness 7.192e-02
Level 25:bingo.evolutionary_optimizers.evolutionary_optimizer:Generation: 270 	 Elapsed time: 0:13:44.414582 	 Best training fitness: 7.192220e-02 	 
Level 25:bingo.evolutionary_optimizers.evolutionary_optimizer:270, 8.244146e+02, 2042741, 7.192220e-02, 7.192220e-02, 7.501755e-02, 8.265455e-02, 1.055126e-01, 1.166109e-01, 1.167132e-01, 1.432090e-01, 1.442189e-01, 1.442433e-01
INFO:bingo.evolutionary_optimizers.parallel_archipelago:Evolution time 0:00:27.727117	 age 580	 fitness 7.189e-02
Level 25:bingo.evolutionary_optimizers.evolutionary_optimizer:Generation: 280 	 Elapsed time: 0:14:12.375717 	 Best training fitness: 7.188953e-02 	 
Level 25:bingo.evolutionary_optimizers.evolutionary_optimizer:280, 8.523757e+02, 2115684, 7.188953e-02, 7.188953e-02, 7.501755e-02, 8.265455e-02, 1.055126e-01, 1.166109e-01, 1.167132e-01, 1.432090e-01, 1.442189e-01, 1.442433e-01
INFO:bingo.evolutionary_optimizers.parallel_archipelago:Evolution time 0:00:30.920867	 age 610	 fitness 7.189e-02
Level 25:bingo.evolutionary_optimizers.evolutionary_optimizer:Generation: 290 	 Elapsed time: 0:14:43.531533 	 Best training fitness: 7.189112e-02 	 
Level 25:bingo.evolutionary_optimizers.evolutionary_optimizer:290, 8.835315e+02, 2209451, 7.189112e-02, 7.188953e-02, 7.501755e-02, 8.265455e-02, 1.055126e-01, 1.166109e-01, 1.167132e-01, 1.431969e-01, 1.442189e-01, 1.442433e-01
INFO:bingo.evolutionary_optimizers.parallel_archipelago:Evolution time 0:00:45.553720	 age 630	 fitness 7.193e-02
Level 25:bingo.evolutionary_optimizers.evolutionary_optimizer:Generation: 300 	 Elapsed time: 0:15:29.314168 	 Best training fitness: 7.193456e-02 	 
Level 25:bingo.evolutionary_optimizers.evolutionary_optimizer:300, 9.293142e+02, 2305504, 7.193456e-02, 7.188953e-02, 7.501755e-02, 8.265455e-02, 1.055126e-01, 1.166109e-01, 1.167132e-01, 1.431969e-01, 1.442189e-01, 1.442433e-01
INFO:bingo.evolutionary_optimizers.parallel_archipelago:Evolution time 0:00:22.006546	 age 640	 fitness 7.189e-02
Level 25:bingo.evolutionary_optimizers.evolutionary_optimizer:Generation: 310 	 Elapsed time: 0:15:51.592418 	 Best training fitness: 7.188798e-02 	 
Level 25:bingo.evolutionary_optimizers.evolutionary_optimizer:310, 9.515924e+02, 2377518, 7.188798e-02, 7.188798e-02, 7.188953e-02, 7.501755e-02, 8.265455e-02, 1.055126e-01, 1.166109e-01, 1.167132e-01, 1.431969e-01, 1.442189e-01, 1.442433e-01
INFO:bingo.evolutionary_optimizers.parallel_archipelago:Evolution time 0:00:43.194589	 age 680	 fitness 7.189e-02
Level 25:bingo.evolutionary_optimizers.evolutionary_optimizer:Generation: 320 	 Elapsed time: 0:16:35.024687 	 Best training fitness: 7.188782e-02 	 
Level 25:bingo.evolutionary_optimizers.evolutionary_optimizer:320, 9.950247e+02, 2473145, 7.188782e-02, 7.188782e-02, 7.188953e-02, 7.501755e-02, 8.265455e-02, 1.055126e-01, 1.166109e-01, 1.167132e-01, 1.431969e-01, 1.442189e-01, 1.442433e-01
INFO:bingo.evolutionary_optimizers.parallel_archipelago:Evolution time 0:00:31.563008	 age 710	 fitness 7.188e-02
Level 25:bingo.evolutionary_optimizers.evolutionary_optimizer:Generation: 330 	 Elapsed time: 0:17:06.818072 	 Best training fitness: 7.188120e-02 	 
Level 25:bingo.evolutionary_optimizers.evolutionary_optimizer:330, 1.026818e+03, 2566664, 7.188120e-02, 7.188120e-02, 7.188953e-02, 7.501755e-02, 8.265455e-02, 1.055126e-01, 1.166109e-01, 1.167132e-01, 1.431969e-01, 1.442189e-01, 1.442433e-01
INFO:bingo.evolutionary_optimizers.parallel_archipelago:Evolution time 0:00:19.619520	 age 720	 fitness 7.185e-02
Level 25:bingo.evolutionary_optimizers.evolutionary_optimizer:Generation: 340 	 Elapsed time: 0:17:26.665194 	 Best training fitness: 7.185111e-02 	 
Level 25:bingo.evolutionary_optimizers.evolutionary_optimizer:340, 1.046665e+03, 2634926, 7.185111e-02, 7.185111e-02, 7.188953e-02, 7.193638e-02, 8.265455e-02, 1.055126e-01, 1.166109e-01, 1.167132e-01, 1.431969e-01, 1.442189e-01, 1.442433e-01
INFO:bingo.evolutionary_optimizers.parallel_archipelago:Evolution time 0:00:26.786431	 age 750	 fitness 7.185e-02
Level 25:bingo.evolutionary_optimizers.evolutionary_optimizer:Generation: 350 	 Elapsed time: 0:17:53.683709 	 Best training fitness: 7.185111e-02 	 
Level 25:bingo.evolutionary_optimizers.evolutionary_optimizer:350, 1.073684e+03, 2717734, 7.185111e-02, 7.185111e-02, 7.188953e-02, 7.193638e-02, 7.510959e-02, 1.055126e-01, 1.166109e-01, 1.167132e-01, 1.431969e-01, 1.442189e-01, 1.442433e-01
INFO:bingo.evolutionary_optimizers.parallel_archipelago:Evolution time 0:00:35.217419	 age 760	 fitness 7.185e-02
Level 25:bingo.evolutionary_optimizers.evolutionary_optimizer:Generation: 360 	 Elapsed time: 0:18:29.140310 	 Best training fitness: 7.185069e-02 	 
Level 25:bingo.evolutionary_optimizers.evolutionary_optimizer:360, 1.109140e+03, 2786683, 7.185069e-02, 7.185069e-02, 7.185111e-02, 7.188953e-02, 7.193638e-02, 7.510959e-02, 1.055126e-01, 1.166109e-01, 1.167132e-01, 1.431969e-01, 1.442189e-01, 1.442433e-01
INFO:bingo.evolutionary_optimizers.parallel_archipelago:Evolution time 0:00:32.680142	 age 790	 fitness 7.186e-02
Level 25:bingo.evolutionary_optimizers.evolutionary_optimizer:Generation: 370 	 Elapsed time: 0:19:02.056005 	 Best training fitness: 7.185765e-02 	 
Level 25:bingo.evolutionary_optimizers.evolutionary_optimizer:370, 1.142056e+03, 2873843, 7.185765e-02, 7.185069e-02, 7.185111e-02, 7.188539e-02, 7.188953e-02, 7.193638e-02, 7.510959e-02, 1.055126e-01, 1.166109e-01, 1.167132e-01, 1.431969e-01, 1.442189e-01, 1.442433e-01
INFO:bingo.evolutionary_optimizers.parallel_archipelago:Evolution time 0:00:19.145340	 age 800	 fitness 7.185e-02
Level 25:bingo.evolutionary_optimizers.evolutionary_optimizer:Generation: 380 	 Elapsed time: 0:19:21.429071 	 Best training fitness: 7.185104e-02 	 
Level 25:bingo.evolutionary_optimizers.evolutionary_optimizer:380, 1.161429e+03, 2932967, 7.185104e-02, 7.185069e-02, 7.185111e-02, 7.188539e-02, 7.188953e-02, 7.193638e-02, 7.510959e-02, 1.055126e-01, 1.166109e-01, 1.167132e-01, 1.431969e-01, 1.442189e-01, 1.442433e-01
INFO:bingo.evolutionary_optimizers.parallel_archipelago:Evolution time 0:00:43.980516	 age 840	 fitness 7.185e-02
Level 25:bingo.evolutionary_optimizers.evolutionary_optimizer:Generation: 390 	 Elapsed time: 0:20:05.676066 	 Best training fitness: 7.184999e-02 	 
Level 25:bingo.evolutionary_optimizers.evolutionary_optimizer:390, 1.205676e+03, 3026785, 7.184999e-02, 7.184999e-02, 7.185069e-02, 7.185111e-02, 7.188539e-02, 7.188953e-02, 7.193638e-02, 7.510959e-02, 1.055126e-01, 1.166109e-01, 1.167132e-01, 1.431969e-01, 1.442189e-01, 1.442433e-01
INFO:bingo.evolutionary_optimizers.parallel_archipelago:Evolution time 0:00:38.341126	 age 850	 fitness 7.139e-02
Level 25:bingo.evolutionary_optimizers.evolutionary_optimizer:Generation: 400 	 Elapsed time: 0:20:44.245661 	 Best training fitness: 7.138619e-02 	 
Level 25:bingo.evolutionary_optimizers.evolutionary_optimizer:400, 1.244246e+03, 3099830, 7.138619e-02, 7.138619e-02, 7.185111e-02, 7.186725e-02, 7.510959e-02, 1.055126e-01, 1.166109e-01, 1.167132e-01, 1.431969e-01, 1.442189e-01, 1.442433e-01
INFO:bingo.evolutionary_optimizers.parallel_archipelago:Evolution time 0:00:24.952856	 age 860	 fitness 6.383e-03
Level 25:bingo.evolutionary_optimizers.evolutionary_optimizer:Generation: 410 	 Elapsed time: 0:21:09.422780 	 Best training fitness: 6.382574e-03 	 
Level 25:bingo.evolutionary_optimizers.evolutionary_optimizer:410, 1.269423e+03, 3179513, 6.382574e-03, 6.382574e-03, 5.733616e-02, 7.186725e-02, 7.510959e-02, 1.055126e-01, 1.166109e-01, 1.167132e-01, 1.431969e-01, 1.442189e-01, 1.442433e-01
INFO:bingo.evolutionary_optimizers.parallel_archipelago:Evolution time 0:00:41.864217	 age 870	 fitness 6.382e-03
Level 25:bingo.evolutionary_optimizers.evolutionary_optimizer:Generation: 420 	 Elapsed time: 0:21:51.511802 	 Best training fitness: 6.382081e-03 	 
Level 25:bingo.evolutionary_optimizers.evolutionary_optimizer:420, 1.311512e+03, 3255476, 6.382081e-03, 6.382081e-03, 3.047004e-02, 7.186725e-02, 7.510959e-02, 1.055126e-01, 1.166109e-01, 1.167132e-01, 1.431969e-01, 1.442189e-01, 1.442433e-01
INFO:bingo.evolutionary_optimizers.parallel_archipelago:Evolution time 0:00:31.100459	 age 890	 fitness 6.382e-03
Level 25:bingo.evolutionary_optimizers.evolutionary_optimizer:Generation: 430 	 Elapsed time: 0:22:22.831325 	 Best training fitness: 6.382078e-03 	 
Level 25:bingo.evolutionary_optimizers.evolutionary_optimizer:430, 1.342831e+03, 3352836, 6.382078e-03, 6.382078e-03, 6.434661e-03, 1.055126e-01, 1.166109e-01, 1.167132e-01, 1.431969e-01, 1.442189e-01, 1.442433e-01
INFO:bingo.evolutionary_optimizers.parallel_archipelago:Evolution time 0:00:40.557630	 age 900	 fitness 6.382e-03
Level 25:bingo.evolutionary_optimizers.evolutionary_optimizer:Generation: 440 	 Elapsed time: 0:23:03.599567 	 Best training fitness: 6.381845e-03 	 
Level 25:bingo.evolutionary_optimizers.evolutionary_optimizer:440, 1.383600e+03, 3430521, 6.381845e-03, 6.381845e-03, 6.382224e-03, 6.434661e-03, 1.055126e-01, 1.166109e-01, 1.167132e-01, 1.431969e-01, 1.442189e-01, 1.442433e-01
INFO:bingo.evolutionary_optimizers.parallel_archipelago:Evolution time 0:00:44.353564	 age 910	 fitness 6.382e-03
Level 25:bingo.evolutionary_optimizers.evolutionary_optimizer:Generation: 450 	 Elapsed time: 0:23:48.209390 	 Best training fitness: 6.381836e-03 	 
Level 25:bingo.evolutionary_optimizers.evolutionary_optimizer:450, 1.428209e+03, 3514874, 6.381836e-03, 6.381836e-03, 6.382224e-03, 6.434661e-03, 1.055126e-01, 1.166109e-01, 1.167132e-01, 1.431969e-01, 1.442189e-01, 1.442433e-01
INFO:bingo.evolutionary_optimizers.parallel_archipelago:Evolution time 0:00:50.170815	 age 950	 fitness 6.313e-03
Level 25:bingo.evolutionary_optimizers.evolutionary_optimizer:Generation: 460 	 Elapsed time: 0:24:38.599871 	 Best training fitness: 6.313468e-03 	 
Level 25:bingo.evolutionary_optimizers.evolutionary_optimizer:460, 1.478600e+03, 3643105, 6.313468e-03, 6.313468e-03, 6.434661e-03, 1.055126e-01, 1.166109e-01, 1.167132e-01, 1.431969e-01, 1.442189e-01, 1.442433e-01
INFO:bingo.evolutionary_optimizers.parallel_archipelago:Evolution time 0:00:39.295271	 age 960	 fitness 5.329e-03
Level 25:bingo.evolutionary_optimizers.evolutionary_optimizer:Generation: 470 	 Elapsed time: 0:25:18.112518 	 Best training fitness: 5.329022e-03 	 
Level 25:bingo.evolutionary_optimizers.evolutionary_optimizer:470, 1.518113e+03, 3737265, 5.329022e-03, 5.329022e-03, 1.055126e-01, 1.166109e-01, 1.167132e-01, 1.431969e-01, 1.442189e-01, 1.442433e-01
INFO:bingo.evolutionary_optimizers.parallel_archipelago:Evolution time 0:00:43.254978	 age 980	 fitness 1.027e-04
Level 25:bingo.evolutionary_optimizers.evolutionary_optimizer:Generation: 480 	 Elapsed time: 0:26:01.582350 	 Best training fitness: 1.026715e-04 	 
Level 25:bingo.evolutionary_optimizers.evolutionary_optimizer:480, 1.561582e+03, 3853971, 1.026715e-04, 1.026715e-04, 1.209650e-03, 1.167132e-01, 1.431969e-01, 1.442189e-01, 1.442433e-01
INFO:bingo.evolutionary_optimizers.parallel_archipelago:Evolution time 0:00:27.581067	 age 1000	 fitness 8.531e-17
Level 25:bingo.evolutionary_optimizers.evolutionary_optimizer:Generation: 490 	 Elapsed time: 0:26:29.372222 	 Best training fitness: 8.531451e-17 	 
Level 25:bingo.evolutionary_optimizers.evolutionary_optimizer:490, 1.589372e+03, 3944196, 8.531451e-17, 8.531451e-17, 1.442189e-01, 1.442433e-01
Level 25:bingo.evolutionary_optimizers.evolutionary_optimizer:Evolution successfully converged.
Level 25:bingo.evolutionary_optimizers.evolutionary_optimizer:  Absolte convergence occurred with best fitness < 1e-10
Level 25:bingo.evolutionary_optimizers.evolutionary_optimizer:Hall of Fame:
8.53145101442861e-17	8	sin(log((X_0)(X_0) + (X_1)(X_1)))
0.1442189483612041	4	log(sin(log(0.028854)))
0.14424333685451807	1	-0.933661
