Level 25:bingo.evolutionary_optimizers.evolutionary_optimizer:#generational_age, elapsed_time, fitness_evaluation_count, current_training_fitness, hall_of_fame_fitnesses
Level 25:bingo.evolutionary_optimizers.evolutionary_optimizer:#generational_age, elapsed_time, fitness_evaluation_count, current_training_fitness, hall_of_fame_fitnesses
Level 25:bingo.evolutionary_optimizers.evolutionary_optimizer:Generation: 0 	 Elapsed time: 0:00:05.246909 	 Best training fitness: 1.443380e-01 	 
Level 25:bingo.evolutionary_optimizers.evolutionary_optimizer:0, 5.246909e+00, 14699, 1.443380e-01
INFO:bingo.evolutionary_optimizers.parallel_archipelago:Evolution time 0:00:33.171239	 age 10	 fitness 1.443e-01
Level 25:bingo.evolutionary_optimizers.evolutionary_optimizer:Generation: 10 	 Elapsed time: 0:00:38.627560 	 Best training fitness: 1.443108e-01 	 
Level 25:bingo.evolutionary_optimizers.evolutionary_optimizer:10, 3.862756e+01, 128266, 1.443108e-01, 1.443108e-01, 1.443730e-01, 1.444035e-01
INFO:bingo.evolutionary_optimizers.parallel_archipelago:Evolution time 0:00:33.363995	 age 20	 fitness 1.443e-01
Level 25:bingo.evolutionary_optimizers.evolutionary_optimizer:Generation: 20 	 Elapsed time: 0:01:12.207088 	 Best training fitness: 1.442743e-01 	 
Level 25:bingo.evolutionary_optimizers.evolutionary_optimizer:20, 7.220709e+01, 216614, 1.442743e-01, 1.442743e-01
INFO:bingo.evolutionary_optimizers.parallel_archipelago:Evolution time 0:00:42.102605	 age 30	 fitness 1.443e-01
Level 25:bingo.evolutionary_optimizers.evolutionary_optimizer:Generation: 30 	 Elapsed time: 0:01:54.555953 	 Best training fitness: 1.442898e-01 	 
Level 25:bingo.evolutionary_optimizers.evolutionary_optimizer:30, 1.145560e+02, 309386, 1.442898e-01, 1.442743e-01
INFO:bingo.evolutionary_optimizers.parallel_archipelago:Evolution time 0:00:33.457320	 age 50	 fitness 1.442e-01
Level 25:bingo.evolutionary_optimizers.evolutionary_optimizer:Generation: 40 	 Elapsed time: 0:02:28.218750 	 Best training fitness: 1.442433e-01 	 
Level 25:bingo.evolutionary_optimizers.evolutionary_optimizer:40, 1.482188e+02, 391657, 1.442433e-01, 1.442433e-01
INFO:bingo.evolutionary_optimizers.parallel_archipelago:Evolution time 0:00:33.123405	 age 60	 fitness 1.443e-01
Level 25:bingo.evolutionary_optimizers.evolutionary_optimizer:Generation: 50 	 Elapsed time: 0:03:01.544615 	 Best training fitness: 1.442622e-01 	 
Level 25:bingo.evolutionary_optimizers.evolutionary_optimizer:50, 1.815446e+02, 471076, 1.442622e-01, 1.442433e-01
INFO:bingo.evolutionary_optimizers.parallel_archipelago:Evolution time 0:00:22.095151	 age 70	 fitness 1.443e-01
Level 25:bingo.evolutionary_optimizers.evolutionary_optimizer:Generation: 60 	 Elapsed time: 0:03:23.843353 	 Best training fitness: 1.442872e-01 	 
Level 25:bingo.evolutionary_optimizers.evolutionary_optimizer:60, 2.038434e+02, 539198, 1.442872e-01, 1.442433e-01
INFO:bingo.evolutionary_optimizers.parallel_archipelago:Evolution time 0:00:25.517039	 age 80	 fitness 1.443e-01
Level 25:bingo.evolutionary_optimizers.evolutionary_optimizer:Generation: 70 	 Elapsed time: 0:03:49.565246 	 Best training fitness: 1.442735e-01 	 
Level 25:bingo.evolutionary_optimizers.evolutionary_optimizer:70, 2.295652e+02, 598072, 1.442735e-01, 1.442433e-01
INFO:bingo.evolutionary_optimizers.parallel_archipelago:Evolution time 0:00:17.625711	 age 100	 fitness 1.443e-01
Level 25:bingo.evolutionary_optimizers.evolutionary_optimizer:Generation: 80 	 Elapsed time: 0:04:07.401344 	 Best training fitness: 1.442971e-01 	 
Level 25:bingo.evolutionary_optimizers.evolutionary_optimizer:80, 2.474013e+02, 668520, 1.442971e-01, 1.442433e-01
INFO:bingo.evolutionary_optimizers.parallel_archipelago:Evolution time 0:00:18.629133	 age 120	 fitness 1.443e-01
Level 25:bingo.evolutionary_optimizers.evolutionary_optimizer:Generation: 90 	 Elapsed time: 0:04:26.237929 	 Best training fitness: 1.442981e-01 	 
Level 25:bingo.evolutionary_optimizers.evolutionary_optimizer:90, 2.662379e+02, 740670, 1.442981e-01, 1.442433e-01
INFO:bingo.evolutionary_optimizers.parallel_archipelago:Evolution time 0:00:32.272377	 age 140	 fitness 1.443e-01
Level 25:bingo.evolutionary_optimizers.evolutionary_optimizer:Generation: 100 	 Elapsed time: 0:04:58.744787 	 Best training fitness: 1.442585e-01 	 
Level 25:bingo.evolutionary_optimizers.evolutionary_optimizer:100, 2.987448e+02, 820463, 1.442585e-01, 1.442433e-01
INFO:bingo.evolutionary_optimizers.parallel_archipelago:Evolution time 0:00:35.175550	 age 150	 fitness 1.443e-01
Level 25:bingo.evolutionary_optimizers.evolutionary_optimizer:Generation: 110 	 Elapsed time: 0:05:34.133161 	 Best training fitness: 1.442585e-01 	 
Level 25:bingo.evolutionary_optimizers.evolutionary_optimizer:110, 3.341332e+02, 880794, 1.442585e-01, 1.442433e-01
INFO:bingo.evolutionary_optimizers.parallel_archipelago:Evolution time 0:00:35.422307	 age 170	 fitness 1.443e-01
Level 25:bingo.evolutionary_optimizers.evolutionary_optimizer:Generation: 120 	 Elapsed time: 0:06:09.768012 	 Best training fitness: 1.443240e-01 	 
Level 25:bingo.evolutionary_optimizers.evolutionary_optimizer:120, 3.697680e+02, 957631, 1.443240e-01, 1.442433e-01
INFO:bingo.evolutionary_optimizers.parallel_archipelago:Evolution time 0:00:21.046337	 age 190	 fitness 1.172e-01
Level 25:bingo.evolutionary_optimizers.evolutionary_optimizer:Generation: 130 	 Elapsed time: 0:06:31.030808 	 Best training fitness: 1.171513e-01 	 
Level 25:bingo.evolutionary_optimizers.evolutionary_optimizer:130, 3.910308e+02, 1026662, 1.171513e-01, 1.171513e-01, 1.174115e-01, 1.355029e-01, 1.442433e-01
INFO:bingo.evolutionary_optimizers.parallel_archipelago:Evolution time 0:00:19.514629	 age 200	 fitness 1.172e-01
Level 25:bingo.evolutionary_optimizers.evolutionary_optimizer:Generation: 140 	 Elapsed time: 0:06:50.804227 	 Best training fitness: 1.171620e-01 	 
Level 25:bingo.evolutionary_optimizers.evolutionary_optimizer:140, 4.108042e+02, 1084007, 1.171620e-01, 1.171513e-01, 1.171620e-01, 1.173327e-01, 1.349929e-01, 1.442433e-01
INFO:bingo.evolutionary_optimizers.parallel_archipelago:Evolution time 0:00:24.865151	 age 210	 fitness 1.171e-01
Level 25:bingo.evolutionary_optimizers.evolutionary_optimizer:Generation: 150 	 Elapsed time: 0:07:15.893754 	 Best training fitness: 1.171123e-01 	 
Level 25:bingo.evolutionary_optimizers.evolutionary_optimizer:150, 4.358938e+02, 1156925, 1.171123e-01, 1.171123e-01, 1.171949e-01, 1.172363e-01, 1.442433e-01
INFO:bingo.evolutionary_optimizers.parallel_archipelago:Evolution time 0:00:20.028539	 age 230	 fitness 8.900e-02
Level 25:bingo.evolutionary_optimizers.evolutionary_optimizer:Generation: 160 	 Elapsed time: 0:07:36.198659 	 Best training fitness: 8.900005e-02 	 
Level 25:bingo.evolutionary_optimizers.evolutionary_optimizer:160, 4.561987e+02, 1229179, 8.900005e-02, 8.900005e-02, 8.909600e-02, 1.165727e-01, 1.167132e-01, 1.442433e-01
INFO:bingo.evolutionary_optimizers.parallel_archipelago:Evolution time 0:00:35.558845	 age 270	 fitness 8.256e-02
Level 25:bingo.evolutionary_optimizers.evolutionary_optimizer:Generation: 170 	 Elapsed time: 0:08:12.025489 	 Best training fitness: 8.256418e-02 	 
Level 25:bingo.evolutionary_optimizers.evolutionary_optimizer:170, 4.920255e+02, 1304605, 8.256418e-02, 8.256418e-02, 8.897963e-02, 8.908334e-02, 1.165727e-01, 1.167132e-01, 1.442433e-01
INFO:bingo.evolutionary_optimizers.parallel_archipelago:Evolution time 0:00:29.745347	 age 300	 fitness 8.083e-02
Level 25:bingo.evolutionary_optimizers.evolutionary_optimizer:Generation: 180 	 Elapsed time: 0:08:42.004181 	 Best training fitness: 8.083167e-02 	 
Level 25:bingo.evolutionary_optimizers.evolutionary_optimizer:180, 5.220042e+02, 1384923, 8.083167e-02, 8.083167e-02, 8.626266e-02, 1.165727e-01, 1.165733e-01, 1.167132e-01, 1.442189e-01, 1.442433e-01
INFO:bingo.evolutionary_optimizers.parallel_archipelago:Evolution time 0:00:19.483359	 age 310	 fitness 7.497e-02
Level 25:bingo.evolutionary_optimizers.evolutionary_optimizer:Generation: 190 	 Elapsed time: 0:09:01.725980 	 Best training fitness: 7.497003e-02 	 
Level 25:bingo.evolutionary_optimizers.evolutionary_optimizer:190, 5.417260e+02, 1438004, 7.497003e-02, 7.497003e-02, 7.561747e-02, 8.061611e-02, 8.265455e-02, 1.165733e-01, 1.167132e-01, 1.442189e-01, 1.442433e-01
INFO:bingo.evolutionary_optimizers.parallel_archipelago:Evolution time 0:00:31.573479	 age 330	 fitness 7.436e-02
Level 25:bingo.evolutionary_optimizers.evolutionary_optimizer:Generation: 200 	 Elapsed time: 0:09:33.545124 	 Best training fitness: 7.435850e-02 	 
Level 25:bingo.evolutionary_optimizers.evolutionary_optimizer:200, 5.735451e+02, 1529642, 7.435850e-02, 7.435850e-02, 7.496652e-02, 7.561747e-02, 8.061611e-02, 8.265455e-02, 1.165733e-01, 1.167132e-01, 1.442189e-01, 1.442433e-01
INFO:bingo.evolutionary_optimizers.parallel_archipelago:Evolution time 0:00:25.190908	 age 340	 fitness 7.415e-02
Level 25:bingo.evolutionary_optimizers.evolutionary_optimizer:Generation: 210 	 Elapsed time: 0:09:58.973386 	 Best training fitness: 7.415142e-02 	 
Level 25:bingo.evolutionary_optimizers.evolutionary_optimizer:210, 5.989734e+02, 1597931, 7.415142e-02, 7.415142e-02, 7.419408e-02, 7.506465e-02, 8.265455e-02, 1.055126e-01, 1.167132e-01, 1.442189e-01, 1.442433e-01
INFO:bingo.evolutionary_optimizers.parallel_archipelago:Evolution time 0:00:24.110454	 age 350	 fitness 7.295e-02
Level 25:bingo.evolutionary_optimizers.evolutionary_optimizer:Generation: 220 	 Elapsed time: 0:10:23.316499 	 Best training fitness: 7.295203e-02 	 
Level 25:bingo.evolutionary_optimizers.evolutionary_optimizer:220, 6.233165e+02, 1666054, 7.295203e-02, 7.295203e-02, 7.501755e-02, 8.265455e-02, 1.055126e-01, 1.166109e-01, 1.167132e-01, 1.442189e-01, 1.442433e-01
INFO:bingo.evolutionary_optimizers.parallel_archipelago:Evolution time 0:00:26.998842	 age 360	 fitness 7.240e-02
Level 25:bingo.evolutionary_optimizers.evolutionary_optimizer:Generation: 230 	 Elapsed time: 0:10:50.602144 	 Best training fitness: 7.239939e-02 	 
Level 25:bingo.evolutionary_optimizers.evolutionary_optimizer:230, 6.506021e+02, 1731391, 7.239939e-02, 7.239939e-02, 7.293222e-02, 7.325597e-02, 7.501755e-02, 8.265455e-02, 1.055126e-01, 1.166109e-01, 1.167132e-01, 1.442189e-01, 1.442433e-01
INFO:bingo.evolutionary_optimizers.parallel_archipelago:Evolution time 0:00:31.447481	 age 370	 fitness 7.237e-02
Level 25:bingo.evolutionary_optimizers.evolutionary_optimizer:Generation: 240 	 Elapsed time: 0:11:22.330082 	 Best training fitness: 7.237363e-02 	 
Level 25:bingo.evolutionary_optimizers.evolutionary_optimizer:240, 6.823301e+02, 1795431, 7.237363e-02, 7.237363e-02, 7.293222e-02, 7.325597e-02, 7.501755e-02, 8.265455e-02, 1.055126e-01, 1.166109e-01, 1.167132e-01, 1.442189e-01, 1.442433e-01
INFO:bingo.evolutionary_optimizers.parallel_archipelago:Evolution time 0:00:46.364319	 age 400	 fitness 7.218e-02
Level 25:bingo.evolutionary_optimizers.evolutionary_optimizer:Generation: 250 	 Elapsed time: 0:12:08.941071 	 Best training fitness: 7.218302e-02 	 
Level 25:bingo.evolutionary_optimizers.evolutionary_optimizer:250, 7.289411e+02, 1876546, 7.218302e-02, 7.218302e-02, 7.234188e-02, 7.239751e-02, 7.325597e-02, 7.501755e-02, 8.265455e-02, 1.055126e-01, 1.166109e-01, 1.167132e-01, 1.442189e-01, 1.442433e-01
INFO:bingo.evolutionary_optimizers.parallel_archipelago:Evolution time 0:00:32.440122	 age 420	 fitness 7.211e-02
Level 25:bingo.evolutionary_optimizers.evolutionary_optimizer:Generation: 260 	 Elapsed time: 0:12:41.622078 	 Best training fitness: 7.210941e-02 	 
Level 25:bingo.evolutionary_optimizers.evolutionary_optimizer:260, 7.616221e+02, 1939870, 7.210941e-02, 7.210941e-02, 7.229064e-02, 7.235954e-02, 7.501755e-02, 8.265455e-02, 1.055126e-01, 1.166109e-01, 1.167132e-01, 1.442189e-01, 1.442433e-01
INFO:bingo.evolutionary_optimizers.parallel_archipelago:Evolution time 0:01:02.261187	 age 460	 fitness 7.192e-02
Level 25:bingo.evolutionary_optimizers.evolutionary_optimizer:Generation: 270 	 Elapsed time: 0:13:44.260028 	 Best training fitness: 7.192220e-02 	 
Level 25:bingo.evolutionary_optimizers.evolutionary_optimizer:270, 8.242600e+02, 2042741, 7.192220e-02, 7.192220e-02, 7.501755e-02, 8.265455e-02, 1.055126e-01, 1.166109e-01, 1.167132e-01, 1.432090e-01, 1.442189e-01, 1.442433e-01
INFO:bingo.evolutionary_optimizers.parallel_archipelago:Evolution time 0:00:27.727741	 age 470	 fitness 7.189e-02
Level 25:bingo.evolutionary_optimizers.evolutionary_optimizer:Generation: 280 	 Elapsed time: 0:14:12.221166 	 Best training fitness: 7.188953e-02 	 
Level 25:bingo.evolutionary_optimizers.evolutionary_optimizer:280, 8.522212e+02, 2115684, 7.188953e-02, 7.188953e-02, 7.501755e-02, 8.265455e-02, 1.055126e-01, 1.166109e-01, 1.167132e-01, 1.432090e-01, 1.442189e-01, 1.442433e-01
INFO:bingo.evolutionary_optimizers.parallel_archipelago:Evolution time 0:00:30.921035	 age 490	 fitness 7.189e-02
Level 25:bingo.evolutionary_optimizers.evolutionary_optimizer:Generation: 290 	 Elapsed time: 0:14:43.376998 	 Best training fitness: 7.189112e-02 	 
Level 25:bingo.evolutionary_optimizers.evolutionary_optimizer:290, 8.833770e+02, 2209451, 7.189112e-02, 7.188953e-02, 7.501755e-02, 8.265455e-02, 1.055126e-01, 1.166109e-01, 1.167132e-01, 1.431969e-01, 1.442189e-01, 1.442433e-01
INFO:bingo.evolutionary_optimizers.parallel_archipelago:Evolution time 0:00:45.554075	 age 510	 fitness 7.193e-02
Level 25:bingo.evolutionary_optimizers.evolutionary_optimizer:Generation: 300 	 Elapsed time: 0:15:29.159617 	 Best training fitness: 7.193456e-02 	 
Level 25:bingo.evolutionary_optimizers.evolutionary_optimizer:300, 9.291596e+02, 2305504, 7.193456e-02, 7.188953e-02, 7.501755e-02, 8.265455e-02, 1.055126e-01, 1.166109e-01, 1.167132e-01, 1.431969e-01, 1.442189e-01, 1.442433e-01
INFO:bingo.evolutionary_optimizers.parallel_archipelago:Evolution time 0:00:22.006272	 age 530	 fitness 7.189e-02
Level 25:bingo.evolutionary_optimizers.evolutionary_optimizer:Generation: 310 	 Elapsed time: 0:15:51.437892 	 Best training fitness: 7.188798e-02 	 
Level 25:bingo.evolutionary_optimizers.evolutionary_optimizer:310, 9.514379e+02, 2377518, 7.188798e-02, 7.188798e-02, 7.188953e-02, 7.501755e-02, 8.265455e-02, 1.055126e-01, 1.166109e-01, 1.167132e-01, 1.431969e-01, 1.442189e-01, 1.442433e-01
INFO:bingo.evolutionary_optimizers.parallel_archipelago:Evolution time 0:00:43.194896	 age 540	 fitness 7.189e-02
Level 25:bingo.evolutionary_optimizers.evolutionary_optimizer:Generation: 320 	 Elapsed time: 0:16:34.870145 	 Best training fitness: 7.188782e-02 	 
Level 25:bingo.evolutionary_optimizers.evolutionary_optimizer:320, 9.948701e+02, 2473145, 7.188782e-02, 7.188782e-02, 7.188953e-02, 7.501755e-02, 8.265455e-02, 1.055126e-01, 1.166109e-01, 1.167132e-01, 1.431969e-01, 1.442189e-01, 1.442433e-01
INFO:bingo.evolutionary_optimizers.parallel_archipelago:Evolution time 0:00:31.563118	 age 560	 fitness 7.188e-02
Level 25:bingo.evolutionary_optimizers.evolutionary_optimizer:Generation: 330 	 Elapsed time: 0:17:06.663500 	 Best training fitness: 7.188120e-02 	 
Level 25:bingo.evolutionary_optimizers.evolutionary_optimizer:330, 1.026664e+03, 2566664, 7.188120e-02, 7.188120e-02, 7.188953e-02, 7.501755e-02, 8.265455e-02, 1.055126e-01, 1.166109e-01, 1.167132e-01, 1.431969e-01, 1.442189e-01, 1.442433e-01
INFO:bingo.evolutionary_optimizers.parallel_archipelago:Evolution time 0:00:19.619807	 age 580	 fitness 7.185e-02
Level 25:bingo.evolutionary_optimizers.evolutionary_optimizer:Generation: 340 	 Elapsed time: 0:17:26.510662 	 Best training fitness: 7.185111e-02 	 
Level 25:bingo.evolutionary_optimizers.evolutionary_optimizer:340, 1.046511e+03, 2634926, 7.185111e-02, 7.185111e-02, 7.188953e-02, 7.193638e-02, 8.265455e-02, 1.055126e-01, 1.166109e-01, 1.167132e-01, 1.431969e-01, 1.442189e-01, 1.442433e-01
INFO:bingo.evolutionary_optimizers.parallel_archipelago:Evolution time 0:00:26.786717	 age 590	 fitness 7.185e-02
Level 25:bingo.evolutionary_optimizers.evolutionary_optimizer:Generation: 350 	 Elapsed time: 0:17:53.529180 	 Best training fitness: 7.185111e-02 	 
Level 25:bingo.evolutionary_optimizers.evolutionary_optimizer:350, 1.073529e+03, 2717734, 7.185111e-02, 7.185111e-02, 7.188953e-02, 7.193638e-02, 7.510959e-02, 1.055126e-01, 1.166109e-01, 1.167132e-01, 1.431969e-01, 1.442189e-01, 1.442433e-01
INFO:bingo.evolutionary_optimizers.parallel_archipelago:Evolution time 0:00:35.217884	 age 600	 fitness 7.185e-02
Level 25:bingo.evolutionary_optimizers.evolutionary_optimizer:Generation: 360 	 Elapsed time: 0:18:28.985780 	 Best training fitness: 7.185069e-02 	 
Level 25:bingo.evolutionary_optimizers.evolutionary_optimizer:360, 1.108986e+03, 2786683, 7.185069e-02, 7.185069e-02, 7.185111e-02, 7.188953e-02, 7.193638e-02, 7.510959e-02, 1.055126e-01, 1.166109e-01, 1.167132e-01, 1.431969e-01, 1.442189e-01, 1.442433e-01
INFO:bingo.evolutionary_optimizers.parallel_archipelago:Evolution time 0:00:32.680144	 age 610	 fitness 7.186e-02
Level 25:bingo.evolutionary_optimizers.evolutionary_optimizer:Generation: 370 	 Elapsed time: 0:19:01.901445 	 Best training fitness: 7.185765e-02 	 
Level 25:bingo.evolutionary_optimizers.evolutionary_optimizer:370, 1.141901e+03, 2873843, 7.185765e-02, 7.185069e-02, 7.185111e-02, 7.188539e-02, 7.188953e-02, 7.193638e-02, 7.510959e-02, 1.055126e-01, 1.166109e-01, 1.167132e-01, 1.431969e-01, 1.442189e-01, 1.442433e-01
INFO:bingo.evolutionary_optimizers.parallel_archipelago:Evolution time 0:00:19.145452	 age 620	 fitness 7.185e-02
Level 25:bingo.evolutionary_optimizers.evolutionary_optimizer:Generation: 380 	 Elapsed time: 0:19:21.274532 	 Best training fitness: 7.185104e-02 	 
Level 25:bingo.evolutionary_optimizers.evolutionary_optimizer:380, 1.161275e+03, 2932967, 7.185104e-02, 7.185069e-02, 7.185111e-02, 7.188539e-02, 7.188953e-02, 7.193638e-02, 7.510959e-02, 1.055126e-01, 1.166109e-01, 1.167132e-01, 1.431969e-01, 1.442189e-01, 1.442433e-01
INFO:bingo.evolutionary_optimizers.parallel_archipelago:Evolution time 0:00:43.980633	 age 630	 fitness 7.185e-02
Level 25:bingo.evolutionary_optimizers.evolutionary_optimizer:Generation: 390 	 Elapsed time: 0:20:05.521518 	 Best training fitness: 7.184999e-02 	 
Level 25:bingo.evolutionary_optimizers.evolutionary_optimizer:390, 1.205522e+03, 3026785, 7.184999e-02, 7.184999e-02, 7.185069e-02, 7.185111e-02, 7.188539e-02, 7.188953e-02, 7.193638e-02, 7.510959e-02, 1.055126e-01, 1.166109e-01, 1.167132e-01, 1.431969e-01, 1.442189e-01, 1.442433e-01
INFO:bingo.evolutionary_optimizers.parallel_archipelago:Evolution time 0:00:38.341384	 age 640	 fitness 7.139e-02
Level 25:bingo.evolutionary_optimizers.evolutionary_optimizer:Generation: 400 	 Elapsed time: 0:20:44.091112 	 Best training fitness: 7.138619e-02 	 
Level 25:bingo.evolutionary_optimizers.evolutionary_optimizer:400, 1.244091e+03, 3099830, 7.138619e-02, 7.138619e-02, 7.185111e-02, 7.186725e-02, 7.510959e-02, 1.055126e-01, 1.166109e-01, 1.167132e-01, 1.431969e-01, 1.442189e-01, 1.442433e-01
INFO:bingo.evolutionary_optimizers.parallel_archipelago:Evolution time 0:00:24.952734	 age 660	 fitness 6.383e-03
Level 25:bingo.evolutionary_optimizers.evolutionary_optimizer:Generation: 410 	 Elapsed time: 0:21:09.268225 	 Best training fitness: 6.382574e-03 	 
Level 25:bingo.evolutionary_optimizers.evolutionary_optimizer:410, 1.269268e+03, 3179513, 6.382574e-03, 6.382574e-03, 5.733616e-02, 7.186725e-02, 7.510959e-02, 1.055126e-01, 1.166109e-01, 1.167132e-01, 1.431969e-01, 1.442189e-01, 1.442433e-01
INFO:bingo.evolutionary_optimizers.parallel_archipelago:Evolution time 0:00:41.864240	 age 670	 fitness 6.382e-03
Level 25:bingo.evolutionary_optimizers.evolutionary_optimizer:Generation: 420 	 Elapsed time: 0:21:51.357250 	 Best training fitness: 6.382081e-03 	 
Level 25:bingo.evolutionary_optimizers.evolutionary_optimizer:420, 1.311357e+03, 3255476, 6.382081e-03, 6.382081e-03, 3.047004e-02, 7.186725e-02, 7.510959e-02, 1.055126e-01, 1.166109e-01, 1.167132e-01, 1.431969e-01, 1.442189e-01, 1.442433e-01
INFO:bingo.evolutionary_optimizers.parallel_archipelago:Evolution time 0:00:31.100521	 age 700	 fitness 6.382e-03
Level 25:bingo.evolutionary_optimizers.evolutionary_optimizer:Generation: 430 	 Elapsed time: 0:22:22.676790 	 Best training fitness: 6.382078e-03 	 
Level 25:bingo.evolutionary_optimizers.evolutionary_optimizer:430, 1.342677e+03, 3352836, 6.382078e-03, 6.382078e-03, 6.434661e-03, 1.055126e-01, 1.166109e-01, 1.167132e-01, 1.431969e-01, 1.442189e-01, 1.442433e-01
INFO:bingo.evolutionary_optimizers.parallel_archipelago:Evolution time 0:00:40.557558	 age 710	 fitness 6.382e-03
Level 25:bingo.evolutionary_optimizers.evolutionary_optimizer:Generation: 440 	 Elapsed time: 0:23:03.445023 	 Best training fitness: 6.381845e-03 	 
Level 25:bingo.evolutionary_optimizers.evolutionary_optimizer:440, 1.383445e+03, 3430521, 6.381845e-03, 6.381845e-03, 6.382224e-03, 6.434661e-03, 1.055126e-01, 1.166109e-01, 1.167132e-01, 1.431969e-01, 1.442189e-01, 1.442433e-01
INFO:bingo.evolutionary_optimizers.parallel_archipelago:Evolution time 0:00:44.353585	 age 720	 fitness 6.382e-03
Level 25:bingo.evolutionary_optimizers.evolutionary_optimizer:Generation: 450 	 Elapsed time: 0:23:48.054846 	 Best training fitness: 6.381836e-03 	 
Level 25:bingo.evolutionary_optimizers.evolutionary_optimizer:450, 1.428055e+03, 3514874, 6.381836e-03, 6.381836e-03, 6.382224e-03, 6.434661e-03, 1.055126e-01, 1.166109e-01, 1.167132e-01, 1.431969e-01, 1.442189e-01, 1.442433e-01
INFO:bingo.evolutionary_optimizers.parallel_archipelago:Evolution time 0:00:50.170965	 age 740	 fitness 6.313e-03
Level 25:bingo.evolutionary_optimizers.evolutionary_optimizer:Generation: 460 	 Elapsed time: 0:24:38.445323 	 Best training fitness: 6.313468e-03 	 
Level 25:bingo.evolutionary_optimizers.evolutionary_optimizer:460, 1.478445e+03, 3643105, 6.313468e-03, 6.313468e-03, 6.434661e-03, 1.055126e-01, 1.166109e-01, 1.167132e-01, 1.431969e-01, 1.442189e-01, 1.442433e-01
INFO:bingo.evolutionary_optimizers.parallel_archipelago:Evolution time 0:00:39.295228	 age 760	 fitness 5.329e-03
Level 25:bingo.evolutionary_optimizers.evolutionary_optimizer:Generation: 470 	 Elapsed time: 0:25:17.957957 	 Best training fitness: 5.329022e-03 	 
Level 25:bingo.evolutionary_optimizers.evolutionary_optimizer:470, 1.517958e+03, 3737265, 5.329022e-03, 5.329022e-03, 1.055126e-01, 1.166109e-01, 1.167132e-01, 1.431969e-01, 1.442189e-01, 1.442433e-01
INFO:bingo.evolutionary_optimizers.parallel_archipelago:Evolution time 0:00:43.254868	 age 780	 fitness 1.027e-04
Level 25:bingo.evolutionary_optimizers.evolutionary_optimizer:Generation: 480 	 Elapsed time: 0:26:01.427793 	 Best training fitness: 1.026715e-04 	 
Level 25:bingo.evolutionary_optimizers.evolutionary_optimizer:480, 1.561428e+03, 3853971, 1.026715e-04, 1.026715e-04, 1.209650e-03, 1.167132e-01, 1.431969e-01, 1.442189e-01, 1.442433e-01
INFO:bingo.evolutionary_optimizers.parallel_archipelago:Evolution time 0:00:27.581205	 age 790	 fitness 8.531e-17
Level 25:bingo.evolutionary_optimizers.evolutionary_optimizer:Generation: 490 	 Elapsed time: 0:26:29.217673 	 Best training fitness: 8.531451e-17 	 
Level 25:bingo.evolutionary_optimizers.evolutionary_optimizer:490, 1.589218e+03, 3944196, 8.531451e-17, 8.531451e-17, 1.442189e-01, 1.442433e-01
Level 25:bingo.evolutionary_optimizers.evolutionary_optimizer:Evolution successfully converged.
Level 25:bingo.evolutionary_optimizers.evolutionary_optimizer:  Absolte convergence occurred with best fitness < 1e-10
Level 25:bingo.evolutionary_optimizers.evolutionary_optimizer:Hall of Fame:
8.53145101442861e-17	8	sin(log((X_0)(X_0) + (X_1)(X_1)))
0.1442189483612041	4	log(sin(log(0.028854)))
0.14424333685451807	1	-0.933661
