Level 25:bingo.evolutionary_optimizers.evolutionary_optimizer:#generational_age, elapsed_time, fitness_evaluation_count, current_training_fitness, hall_of_fame_fitnesses
Level 25:bingo.evolutionary_optimizers.evolutionary_optimizer:#generational_age, elapsed_time, fitness_evaluation_count, current_training_fitness, hall_of_fame_fitnesses
Level 25:bingo.evolutionary_optimizers.parallel_archipelago:Saving checkpoint: src/bingo_bias_vias_decomposition/checkpoints_st_30/implicit_st_30_p5_p5_3_0.pkl
INFO:bingo.evolutionary_optimizers.parallel_archipelago:Saved successfully
Level 25:bingo.evolutionary_optimizers.evolutionary_optimizer:Generation: 0 	 Elapsed time: 0:00:05.094755 	 Best training fitness: 1.206212e-01 	 
Level 25:bingo.evolutionary_optimizers.evolutionary_optimizer:0, 5.094755e+00, 13989, 1.206212e-01
INFO:bingo.evolutionary_optimizers.parallel_archipelago:Performing migration between Islands
INFO:bingo.evolutionary_optimizers.parallel_archipelago:Evolution time 0:00:38.153165	 age 20	 fitness 1.203e-01
Level 25:bingo.evolutionary_optimizers.parallel_archipelago:Saving checkpoint: src/bingo_bias_vias_decomposition/checkpoints_st_30/implicit_st_30_p5_p5_3_10.pkl
INFO:bingo.evolutionary_optimizers.parallel_archipelago:Saved successfully
Level 25:bingo.evolutionary_optimizers.evolutionary_optimizer:Generation: 10 	 Elapsed time: 0:00:43.466157 	 Best training fitness: 1.203483e-01 	 
Level 25:bingo.evolutionary_optimizers.evolutionary_optimizer:10, 4.346616e+01, 125433, 1.203483e-01, 1.203483e-01, 1.204675e-01, 1.205746e-01, 1.205831e-01
INFO:bingo.evolutionary_optimizers.parallel_archipelago:Performing migration between Islands
INFO:bingo.evolutionary_optimizers.parallel_archipelago:Evolution time 0:00:19.964340	 age 30	 fitness 1.203e-01
Level 25:bingo.evolutionary_optimizers.parallel_archipelago:Saving checkpoint: src/bingo_bias_vias_decomposition/checkpoints_st_30/implicit_st_30_p5_p5_3_20.pkl
INFO:bingo.evolutionary_optimizers.parallel_archipelago:Saved successfully
Level 25:bingo.evolutionary_optimizers.evolutionary_optimizer:Generation: 20 	 Elapsed time: 0:01:03.840567 	 Best training fitness: 1.203161e-01 	 
Level 25:bingo.evolutionary_optimizers.evolutionary_optimizer:20, 6.384057e+01, 179634, 1.203161e-01, 1.203161e-01, 1.203236e-01, 1.203483e-01, 1.204675e-01, 1.204875e-01, 1.204969e-01
INFO:bingo.evolutionary_optimizers.parallel_archipelago:Performing migration between Islands
INFO:bingo.evolutionary_optimizers.parallel_archipelago:Evolution time 0:00:34.188563	 age 40	 fitness 1.038e-01
Level 25:bingo.evolutionary_optimizers.parallel_archipelago:Saving checkpoint: src/bingo_bias_vias_decomposition/checkpoints_st_30/implicit_st_30_p5_p5_3_30.pkl
INFO:bingo.evolutionary_optimizers.parallel_archipelago:Saved successfully
Level 25:bingo.evolutionary_optimizers.evolutionary_optimizer:Generation: 30 	 Elapsed time: 0:01:38.225929 	 Best training fitness: 1.038097e-01 	 
Level 25:bingo.evolutionary_optimizers.evolutionary_optimizer:30, 9.822593e+01, 252533, 1.038097e-01, 1.038097e-01, 1.202728e-01, 1.204733e-01
INFO:bingo.evolutionary_optimizers.parallel_archipelago:Performing migration between Islands
INFO:bingo.evolutionary_optimizers.parallel_archipelago:Evolution time 0:00:16.598911	 age 50	 fitness 1.037e-01
Level 25:bingo.evolutionary_optimizers.parallel_archipelago:Saving checkpoint: src/bingo_bias_vias_decomposition/checkpoints_st_30/implicit_st_30_p5_p5_3_40.pkl
INFO:bingo.evolutionary_optimizers.parallel_archipelago:Saved successfully
Level 25:bingo.evolutionary_optimizers.evolutionary_optimizer:Generation: 40 	 Elapsed time: 0:01:55.010866 	 Best training fitness: 1.037219e-01 	 
Level 25:bingo.evolutionary_optimizers.evolutionary_optimizer:40, 1.150109e+02, 317224, 1.037219e-01, 1.037219e-01, 1.202728e-01, 1.204733e-01
INFO:bingo.evolutionary_optimizers.parallel_archipelago:Performing migration between Islands
INFO:bingo.evolutionary_optimizers.parallel_archipelago:Evolution time 0:00:34.199386	 age 60	 fitness 1.038e-01
Level 25:bingo.evolutionary_optimizers.parallel_archipelago:Saving checkpoint: src/bingo_bias_vias_decomposition/checkpoints_st_30/implicit_st_30_p5_p5_3_50.pkl
INFO:bingo.evolutionary_optimizers.parallel_archipelago:Saved successfully
Level 25:bingo.evolutionary_optimizers.evolutionary_optimizer:Generation: 50 	 Elapsed time: 0:02:29.399683 	 Best training fitness: 1.037803e-01 	 
Level 25:bingo.evolutionary_optimizers.evolutionary_optimizer:50, 1.493997e+02, 424514, 1.037803e-01, 1.037219e-01, 1.202728e-01, 1.203284e-01
INFO:bingo.evolutionary_optimizers.parallel_archipelago:Performing migration between Islands
INFO:bingo.evolutionary_optimizers.parallel_archipelago:Evolution time 0:00:27.079084	 age 70	 fitness 9.212e-02
Level 25:bingo.evolutionary_optimizers.parallel_archipelago:Saving checkpoint: src/bingo_bias_vias_decomposition/checkpoints_st_30/implicit_st_30_p5_p5_3_60.pkl
INFO:bingo.evolutionary_optimizers.parallel_archipelago:Saved successfully
Level 25:bingo.evolutionary_optimizers.evolutionary_optimizer:Generation: 60 	 Elapsed time: 0:02:56.668498 	 Best training fitness: 9.212150e-02 	 
Level 25:bingo.evolutionary_optimizers.evolutionary_optimizer:60, 1.766685e+02, 524026, 9.212150e-02, 9.212150e-02, 1.023727e-01, 1.037219e-01, 1.202728e-01, 1.203284e-01
INFO:bingo.evolutionary_optimizers.parallel_archipelago:Performing migration between Islands
INFO:bingo.evolutionary_optimizers.parallel_archipelago:Evolution time 0:00:17.572721	 age 80	 fitness 9.051e-02
Level 25:bingo.evolutionary_optimizers.parallel_archipelago:Saving checkpoint: src/bingo_bias_vias_decomposition/checkpoints_st_30/implicit_st_30_p5_p5_3_70.pkl
INFO:bingo.evolutionary_optimizers.parallel_archipelago:Saved successfully
Level 25:bingo.evolutionary_optimizers.evolutionary_optimizer:Generation: 70 	 Elapsed time: 0:03:14.434322 	 Best training fitness: 9.050614e-02 	 
Level 25:bingo.evolutionary_optimizers.evolutionary_optimizer:70, 1.944343e+02, 606325, 9.050614e-02, 9.050614e-02, 9.199204e-02, 1.020485e-01, 1.037219e-01, 1.202728e-01, 1.202765e-01
INFO:bingo.evolutionary_optimizers.parallel_archipelago:Performing migration between Islands
INFO:bingo.evolutionary_optimizers.parallel_archipelago:Evolution time 0:00:36.023398	 age 90	 fitness 9.050e-02
Level 25:bingo.evolutionary_optimizers.parallel_archipelago:Saving checkpoint: src/bingo_bias_vias_decomposition/checkpoints_st_30/implicit_st_30_p5_p5_3_80.pkl
INFO:bingo.evolutionary_optimizers.parallel_archipelago:Saved successfully
Level 25:bingo.evolutionary_optimizers.evolutionary_optimizer:Generation: 80 	 Elapsed time: 0:03:50.649160 	 Best training fitness: 9.049738e-02 	 
Level 25:bingo.evolutionary_optimizers.evolutionary_optimizer:80, 2.306492e+02, 684453, 9.049738e-02, 9.049738e-02, 9.199204e-02, 1.020485e-01, 1.035810e-01, 1.202728e-01, 1.202765e-01
INFO:bingo.evolutionary_optimizers.parallel_archipelago:Performing migration between Islands
INFO:bingo.evolutionary_optimizers.parallel_archipelago:Evolution time 0:00:18.809063	 age 100	 fitness 8.925e-02
Level 25:bingo.evolutionary_optimizers.parallel_archipelago:Saving checkpoint: src/bingo_bias_vias_decomposition/checkpoints_st_30/implicit_st_30_p5_p5_3_90.pkl
INFO:bingo.evolutionary_optimizers.parallel_archipelago:Saved successfully
Level 25:bingo.evolutionary_optimizers.evolutionary_optimizer:Generation: 90 	 Elapsed time: 0:04:09.691234 	 Best training fitness: 8.924619e-02 	 
Level 25:bingo.evolutionary_optimizers.evolutionary_optimizer:90, 2.496912e+02, 746336, 8.924619e-02, 8.924619e-02, 8.934808e-02, 9.199204e-02, 1.020485e-01, 1.035810e-01, 1.202728e-01, 1.202765e-01
INFO:bingo.evolutionary_optimizers.parallel_archipelago:Performing migration between Islands
INFO:bingo.evolutionary_optimizers.parallel_archipelago:Evolution time 0:00:23.226554	 age 110	 fitness 8.908e-02
Level 25:bingo.evolutionary_optimizers.parallel_archipelago:Saving checkpoint: src/bingo_bias_vias_decomposition/checkpoints_st_30/implicit_st_30_p5_p5_3_100.pkl
INFO:bingo.evolutionary_optimizers.parallel_archipelago:Saved successfully
Level 25:bingo.evolutionary_optimizers.evolutionary_optimizer:Generation: 100 	 Elapsed time: 0:04:33.108498 	 Best training fitness: 8.907744e-02 	 
Level 25:bingo.evolutionary_optimizers.evolutionary_optimizer:100, 2.731085e+02, 814592, 8.907744e-02, 8.907744e-02, 9.199204e-02, 9.235594e-02, 1.035810e-01, 1.202728e-01, 1.202765e-01
INFO:bingo.evolutionary_optimizers.parallel_archipelago:Performing migration between Islands
INFO:bingo.evolutionary_optimizers.parallel_archipelago:Evolution time 0:00:28.685328	 age 120	 fitness 8.903e-02
Level 25:bingo.evolutionary_optimizers.parallel_archipelago:Saving checkpoint: src/bingo_bias_vias_decomposition/checkpoints_st_30/implicit_st_30_p5_p5_3_110.pkl
INFO:bingo.evolutionary_optimizers.parallel_archipelago:Saved successfully
Level 25:bingo.evolutionary_optimizers.evolutionary_optimizer:Generation: 110 	 Elapsed time: 0:05:02.024909 	 Best training fitness: 8.902635e-02 	 
Level 25:bingo.evolutionary_optimizers.evolutionary_optimizer:110, 3.020249e+02, 903839, 8.902635e-02, 8.902635e-02, 8.904323e-02, 9.234564e-02, 1.035810e-01, 1.202728e-01, 1.202765e-01
INFO:bingo.evolutionary_optimizers.parallel_archipelago:Performing migration between Islands
INFO:bingo.evolutionary_optimizers.parallel_archipelago:Evolution time 0:00:25.719704	 age 130	 fitness 8.895e-02
Level 25:bingo.evolutionary_optimizers.parallel_archipelago:Saving checkpoint: src/bingo_bias_vias_decomposition/checkpoints_st_30/implicit_st_30_p5_p5_3_120.pkl
INFO:bingo.evolutionary_optimizers.parallel_archipelago:Saved successfully
Level 25:bingo.evolutionary_optimizers.evolutionary_optimizer:Generation: 120 	 Elapsed time: 0:05:27.931326 	 Best training fitness: 8.895061e-02 	 
Level 25:bingo.evolutionary_optimizers.evolutionary_optimizer:120, 3.279313e+02, 987170, 8.895061e-02, 8.895061e-02, 8.904323e-02, 9.207586e-02, 1.035810e-01, 1.202728e-01, 1.202765e-01
INFO:bingo.evolutionary_optimizers.parallel_archipelago:Performing migration between Islands
INFO:bingo.evolutionary_optimizers.parallel_archipelago:Evolution time 0:00:23.498659	 age 140	 fitness 8.886e-02
Level 25:bingo.evolutionary_optimizers.parallel_archipelago:Saving checkpoint: src/bingo_bias_vias_decomposition/checkpoints_st_30/implicit_st_30_p5_p5_3_130.pkl
INFO:bingo.evolutionary_optimizers.parallel_archipelago:Saved successfully
Level 25:bingo.evolutionary_optimizers.evolutionary_optimizer:Generation: 130 	 Elapsed time: 0:05:51.665330 	 Best training fitness: 8.885961e-02 	 
Level 25:bingo.evolutionary_optimizers.evolutionary_optimizer:130, 3.516653e+02, 1068389, 8.885961e-02, 8.885961e-02, 9.207586e-02, 1.035810e-01, 1.202728e-01, 1.202765e-01
INFO:bingo.evolutionary_optimizers.parallel_archipelago:Performing migration between Islands
INFO:bingo.evolutionary_optimizers.parallel_archipelago:Evolution time 0:00:39.376314	 age 150	 fitness 8.888e-02
Level 25:bingo.evolutionary_optimizers.parallel_archipelago:Saving checkpoint: src/bingo_bias_vias_decomposition/checkpoints_st_30/implicit_st_30_p5_p5_3_140.pkl
INFO:bingo.evolutionary_optimizers.parallel_archipelago:Saved successfully
Level 25:bingo.evolutionary_optimizers.evolutionary_optimizer:Generation: 140 	 Elapsed time: 0:06:31.227603 	 Best training fitness: 8.888228e-02 	 
Level 25:bingo.evolutionary_optimizers.evolutionary_optimizer:140, 3.912276e+02, 1176000, 8.888228e-02, 8.885961e-02, 9.207586e-02, 1.035810e-01, 1.202728e-01, 1.202765e-01
INFO:bingo.evolutionary_optimizers.parallel_archipelago:Performing migration between Islands
INFO:bingo.evolutionary_optimizers.parallel_archipelago:Evolution time 0:00:30.918353	 age 160	 fitness 8.883e-02
Level 25:bingo.evolutionary_optimizers.parallel_archipelago:Saving checkpoint: src/bingo_bias_vias_decomposition/checkpoints_st_30/implicit_st_30_p5_p5_3_150.pkl
INFO:bingo.evolutionary_optimizers.parallel_archipelago:Saved successfully
Level 25:bingo.evolutionary_optimizers.evolutionary_optimizer:Generation: 150 	 Elapsed time: 0:07:02.475235 	 Best training fitness: 8.882593e-02 	 
Level 25:bingo.evolutionary_optimizers.evolutionary_optimizer:150, 4.224752e+02, 1297666, 8.882593e-02, 8.882593e-02, 9.200691e-02, 1.035810e-01, 1.202728e-01, 1.202765e-01
INFO:bingo.evolutionary_optimizers.parallel_archipelago:Performing migration between Islands
INFO:bingo.evolutionary_optimizers.parallel_archipelago:Evolution time 0:00:44.854952	 age 170	 fitness 8.883e-02
Level 25:bingo.evolutionary_optimizers.parallel_archipelago:Saving checkpoint: src/bingo_bias_vias_decomposition/checkpoints_st_30/implicit_st_30_p5_p5_3_160.pkl
INFO:bingo.evolutionary_optimizers.parallel_archipelago:Saved successfully
Level 25:bingo.evolutionary_optimizers.evolutionary_optimizer:Generation: 160 	 Elapsed time: 0:07:47.750359 	 Best training fitness: 8.882592e-02 	 
Level 25:bingo.evolutionary_optimizers.evolutionary_optimizer:160, 4.677504e+02, 1424497, 8.882592e-02, 8.882592e-02, 8.882593e-02, 9.200691e-02, 1.035810e-01, 1.202728e-01, 1.202765e-01
INFO:bingo.evolutionary_optimizers.parallel_archipelago:Performing migration between Islands
INFO:bingo.evolutionary_optimizers.parallel_archipelago:Evolution time 0:00:36.899596	 age 180	 fitness 8.879e-02
Level 25:bingo.evolutionary_optimizers.parallel_archipelago:Saving checkpoint: src/bingo_bias_vias_decomposition/checkpoints_st_30/implicit_st_30_p5_p5_3_170.pkl
INFO:bingo.evolutionary_optimizers.parallel_archipelago:Saved successfully
Level 25:bingo.evolutionary_optimizers.evolutionary_optimizer:Generation: 170 	 Elapsed time: 0:08:24.837206 	 Best training fitness: 8.878635e-02 	 
Level 25:bingo.evolutionary_optimizers.evolutionary_optimizer:170, 5.048372e+02, 1555542, 8.878635e-02, 8.878635e-02, 9.200691e-02, 1.035810e-01, 1.202574e-01
INFO:bingo.evolutionary_optimizers.parallel_archipelago:Performing migration between Islands
INFO:bingo.evolutionary_optimizers.parallel_archipelago:Evolution time 0:00:26.979986	 age 190	 fitness 7.561e-03
Level 25:bingo.evolutionary_optimizers.parallel_archipelago:Saving checkpoint: src/bingo_bias_vias_decomposition/checkpoints_st_30/implicit_st_30_p5_p5_3_180.pkl
INFO:bingo.evolutionary_optimizers.parallel_archipelago:Saved successfully
Level 25:bingo.evolutionary_optimizers.evolutionary_optimizer:Generation: 180 	 Elapsed time: 0:08:52.002635 	 Best training fitness: 7.561096e-03 	 
Level 25:bingo.evolutionary_optimizers.evolutionary_optimizer:180, 5.320026e+02, 1656051, 7.561096e-03, 7.561096e-03, 3.286736e-02, 1.202574e-01
INFO:bingo.evolutionary_optimizers.parallel_archipelago:Performing migration between Islands
INFO:bingo.evolutionary_optimizers.parallel_archipelago:Evolution time 0:00:35.189856	 age 200	 fitness 3.995e-04
Level 25:bingo.evolutionary_optimizers.parallel_archipelago:Saving checkpoint: src/bingo_bias_vias_decomposition/checkpoints_st_30/implicit_st_30_p5_p5_3_190.pkl
INFO:bingo.evolutionary_optimizers.parallel_archipelago:Saved successfully
Level 25:bingo.evolutionary_optimizers.evolutionary_optimizer:Generation: 190 	 Elapsed time: 0:09:27.375989 	 Best training fitness: 3.995258e-04 	 
Level 25:bingo.evolutionary_optimizers.evolutionary_optimizer:190, 5.673760e+02, 1785273, 3.995258e-04, 3.995258e-04, 3.286736e-02, 1.202574e-01
INFO:bingo.evolutionary_optimizers.parallel_archipelago:Performing migration between Islands
INFO:bingo.evolutionary_optimizers.parallel_archipelago:Evolution time 0:00:41.806122	 age 210	 fitness 2.356e-04
Level 25:bingo.evolutionary_optimizers.parallel_archipelago:Saving checkpoint: src/bingo_bias_vias_decomposition/checkpoints_st_30/implicit_st_30_p5_p5_3_200.pkl
INFO:bingo.evolutionary_optimizers.parallel_archipelago:Saved successfully
Level 25:bingo.evolutionary_optimizers.evolutionary_optimizer:Generation: 200 	 Elapsed time: 0:10:09.367032 	 Best training fitness: 2.355542e-04 	 
Level 25:bingo.evolutionary_optimizers.evolutionary_optimizer:200, 6.093670e+02, 1886389, 2.355542e-04, 2.355542e-04, 4.252668e-03, 1.202574e-01
INFO:bingo.evolutionary_optimizers.parallel_archipelago:Performing migration between Islands
INFO:bingo.evolutionary_optimizers.parallel_archipelago:Evolution time 0:00:33.419610	 age 220	 fitness 1.660e-04
Level 25:bingo.evolutionary_optimizers.parallel_archipelago:Saving checkpoint: src/bingo_bias_vias_decomposition/checkpoints_st_30/implicit_st_30_p5_p5_3_210.pkl
INFO:bingo.evolutionary_optimizers.parallel_archipelago:Saved successfully
Level 25:bingo.evolutionary_optimizers.evolutionary_optimizer:Generation: 210 	 Elapsed time: 0:10:42.970617 	 Best training fitness: 1.660075e-04 	 
Level 25:bingo.evolutionary_optimizers.evolutionary_optimizer:210, 6.429706e+02, 2013052, 1.660075e-04, 1.660075e-04, 4.252668e-03, 1.202574e-01
INFO:bingo.evolutionary_optimizers.parallel_archipelago:Performing migration between Islands
INFO:bingo.evolutionary_optimizers.parallel_archipelago:Evolution time 0:00:35.246773	 age 230	 fitness 5.581e-06
Level 25:bingo.evolutionary_optimizers.parallel_archipelago:Saving checkpoint: src/bingo_bias_vias_decomposition/checkpoints_st_30/implicit_st_30_p5_p5_3_220.pkl
INFO:bingo.evolutionary_optimizers.parallel_archipelago:Saved successfully
Level 25:bingo.evolutionary_optimizers.evolutionary_optimizer:Generation: 220 	 Elapsed time: 0:11:18.407828 	 Best training fitness: 5.580613e-06 	 
Level 25:bingo.evolutionary_optimizers.evolutionary_optimizer:220, 6.784078e+02, 2120157, 5.580613e-06, 5.580613e-06, 1.660075e-04, 3.090627e-03, 4.252668e-03, 1.202574e-01
INFO:bingo.evolutionary_optimizers.parallel_archipelago:Performing migration between Islands
INFO:bingo.evolutionary_optimizers.parallel_archipelago:Evolution time 0:00:25.013634	 age 240	 fitness 7.110e-17
Level 25:bingo.evolutionary_optimizers.parallel_archipelago:Saving checkpoint: src/bingo_bias_vias_decomposition/checkpoints_st_30/implicit_st_30_p5_p5_3_230.pkl
INFO:bingo.evolutionary_optimizers.parallel_archipelago:Saved successfully
Level 25:bingo.evolutionary_optimizers.evolutionary_optimizer:Generation: 230 	 Elapsed time: 0:11:43.634330 	 Best training fitness: 7.109543e-17 	 
Level 25:bingo.evolutionary_optimizers.evolutionary_optimizer:230, 7.036343e+02, 2203382, 7.109543e-17, 7.109543e-17, 1.202574e-01
Level 25:bingo.evolutionary_optimizers.evolutionary_optimizer:Evolution successfully converged.
Level 25:bingo.evolutionary_optimizers.evolutionary_optimizer:  Absolte convergence occurred with best fitness < 1e-10
Level 25:bingo.evolutionary_optimizers.evolutionary_optimizer:Hall of Fame:
7.109542512023842e-17	7	sin(log((X_1)(X_1) + (X_0)(X_0)))
0.12025735813950944	1	-0.931086
