Level 25:bingo.evolutionary_optimizers.evolutionary_optimizer:#generational_age, elapsed_time, fitness_evaluation_count, current_training_fitness, hall_of_fame_fitnesses
Level 25:bingo.evolutionary_optimizers.evolutionary_optimizer:#generational_age, elapsed_time, fitness_evaluation_count, current_training_fitness, hall_of_fame_fitnesses
Level 25:bingo.evolutionary_optimizers.evolutionary_optimizer:Generation: 0 	 Elapsed time: 0:00:02.381154 	 Best training fitness: 1.685823e-01 	 
Level 25:bingo.evolutionary_optimizers.evolutionary_optimizer:0, 2.381154e+00, 13547, 1.685823e-01
INFO:bingo.evolutionary_optimizers.parallel_archipelago:Evolution time 0:00:23.561423	 age 40	 fitness 1.684e-01
Level 25:bingo.evolutionary_optimizers.evolutionary_optimizer:Generation: 10 	 Elapsed time: 0:00:26.082676 	 Best training fitness: 1.683588e-01 	 
Level 25:bingo.evolutionary_optimizers.evolutionary_optimizer:10, 2.608268e+01, 142120, 1.683588e-01, 1.683588e-01, 1.684435e-01, 1.684562e-01
INFO:bingo.evolutionary_optimizers.parallel_archipelago:Evolution time 0:00:25.836650	 age 60	 fitness 1.683e-01
Level 25:bingo.evolutionary_optimizers.evolutionary_optimizer:Generation: 20 	 Elapsed time: 0:00:52.060551 	 Best training fitness: 1.683062e-01 	 
Level 25:bingo.evolutionary_optimizers.evolutionary_optimizer:20, 5.206055e+01, 258552, 1.683062e-01, 1.683062e-01, 1.683289e-01, 1.683705e-01, 1.683952e-01, 1.684562e-01
INFO:bingo.evolutionary_optimizers.parallel_archipelago:Evolution time 0:00:20.271359	 age 80	 fitness 1.683e-01
Level 25:bingo.evolutionary_optimizers.evolutionary_optimizer:Generation: 30 	 Elapsed time: 0:01:12.520656 	 Best training fitness: 1.682863e-01 	 
Level 25:bingo.evolutionary_optimizers.evolutionary_optimizer:30, 7.252066e+01, 340702, 1.682863e-01, 1.682863e-01, 1.683326e-01, 1.683387e-01
INFO:bingo.evolutionary_optimizers.parallel_archipelago:Evolution time 0:00:17.154442	 age 90	 fitness 1.683e-01
Level 25:bingo.evolutionary_optimizers.evolutionary_optimizer:Generation: 40 	 Elapsed time: 0:01:29.824782 	 Best training fitness: 1.683012e-01 	 
Level 25:bingo.evolutionary_optimizers.evolutionary_optimizer:40, 8.982478e+01, 407636, 1.683012e-01, 1.682863e-01, 1.683012e-01
INFO:bingo.evolutionary_optimizers.parallel_archipelago:Evolution time 0:00:16.280980	 age 100	 fitness 1.683e-01
Level 25:bingo.evolutionary_optimizers.evolutionary_optimizer:Generation: 50 	 Elapsed time: 0:01:46.248908 	 Best training fitness: 1.683012e-01 	 
Level 25:bingo.evolutionary_optimizers.evolutionary_optimizer:50, 1.062489e+02, 469952, 1.683012e-01, 1.682863e-01, 1.683012e-01
INFO:bingo.evolutionary_optimizers.parallel_archipelago:Evolution time 0:00:14.460331	 age 120	 fitness 1.683e-01
Level 25:bingo.evolutionary_optimizers.evolutionary_optimizer:Generation: 60 	 Elapsed time: 0:02:00.853695 	 Best training fitness: 1.682727e-01 	 
Level 25:bingo.evolutionary_optimizers.evolutionary_optimizer:60, 1.208537e+02, 539637, 1.682727e-01, 1.682727e-01, 1.683012e-01
INFO:bingo.evolutionary_optimizers.parallel_archipelago:Evolution time 0:00:17.688429	 age 130	 fitness 1.682e-01
Level 25:bingo.evolutionary_optimizers.evolutionary_optimizer:Generation: 70 	 Elapsed time: 0:02:18.687113 	 Best training fitness: 1.681889e-01 	 
Level 25:bingo.evolutionary_optimizers.evolutionary_optimizer:70, 1.386871e+02, 622128, 1.681889e-01, 1.681889e-01, 1.682727e-01, 1.683012e-01
INFO:bingo.evolutionary_optimizers.parallel_archipelago:Evolution time 0:00:13.344814	 age 150	 fitness 1.677e-01
Level 25:bingo.evolutionary_optimizers.evolutionary_optimizer:Generation: 80 	 Elapsed time: 0:02:32.178343 	 Best training fitness: 1.677184e-01 	 
Level 25:bingo.evolutionary_optimizers.evolutionary_optimizer:80, 1.521783e+02, 694256, 1.677184e-01, 1.677184e-01, 1.681750e-01, 1.682727e-01, 1.683012e-01
INFO:bingo.evolutionary_optimizers.parallel_archipelago:Evolution time 0:00:20.413741	 age 160	 fitness 1.677e-01
Level 25:bingo.evolutionary_optimizers.evolutionary_optimizer:Generation: 90 	 Elapsed time: 0:02:52.739765 	 Best training fitness: 1.676543e-01 	 
Level 25:bingo.evolutionary_optimizers.evolutionary_optimizer:90, 1.727398e+02, 772799, 1.676543e-01, 1.676543e-01, 1.677793e-01, 1.682433e-01, 1.683012e-01
INFO:bingo.evolutionary_optimizers.parallel_archipelago:Evolution time 0:00:31.277225	 age 180	 fitness 1.648e-01
Level 25:bingo.evolutionary_optimizers.evolutionary_optimizer:Generation: 100 	 Elapsed time: 0:03:24.215261 	 Best training fitness: 1.648225e-01 	 
Level 25:bingo.evolutionary_optimizers.evolutionary_optimizer:100, 2.042153e+02, 903754, 1.648225e-01, 1.648225e-01, 1.673673e-01, 1.682433e-01, 1.683012e-01
INFO:bingo.evolutionary_optimizers.parallel_archipelago:Evolution time 0:00:31.278839	 age 200	 fitness 1.634e-01
Level 25:bingo.evolutionary_optimizers.evolutionary_optimizer:Generation: 110 	 Elapsed time: 0:03:55.755263 	 Best training fitness: 1.634417e-01 	 
Level 25:bingo.evolutionary_optimizers.evolutionary_optimizer:110, 2.357553e+02, 1039354, 1.634417e-01, 1.634417e-01, 1.648225e-01, 1.673673e-01, 1.682433e-01, 1.683012e-01
INFO:bingo.evolutionary_optimizers.parallel_archipelago:Evolution time 0:00:19.540173	 age 210	 fitness 1.524e-01
Level 25:bingo.evolutionary_optimizers.evolutionary_optimizer:Generation: 120 	 Elapsed time: 0:04:15.442992 	 Best training fitness: 1.524472e-01 	 
Level 25:bingo.evolutionary_optimizers.evolutionary_optimizer:120, 2.554430e+02, 1125634, 1.524472e-01, 1.524472e-01, 1.673673e-01, 1.682433e-01, 1.683012e-01
INFO:bingo.evolutionary_optimizers.parallel_archipelago:Evolution time 0:00:29.982945	 age 230	 fitness 1.453e-01
Level 25:bingo.evolutionary_optimizers.evolutionary_optimizer:Generation: 130 	 Elapsed time: 0:04:45.573963 	 Best training fitness: 1.453252e-01 	 
Level 25:bingo.evolutionary_optimizers.evolutionary_optimizer:130, 2.855740e+02, 1244315, 1.453252e-01, 1.453252e-01, 1.519971e-01, 1.673206e-01, 1.682433e-01, 1.683012e-01
INFO:bingo.evolutionary_optimizers.parallel_archipelago:Evolution time 0:00:24.160209	 age 250	 fitness 9.953e-17
Level 25:bingo.evolutionary_optimizers.evolutionary_optimizer:Generation: 140 	 Elapsed time: 0:05:09.885748 	 Best training fitness: 9.953360e-17 	 
Level 25:bingo.evolutionary_optimizers.evolutionary_optimizer:140, 3.098857e+02, 1359859, 9.953360e-17, 9.953360e-17, 1.682433e-01, 1.683012e-01
Level 25:bingo.evolutionary_optimizers.evolutionary_optimizer:Evolution successfully converged.
Level 25:bingo.evolutionary_optimizers.evolutionary_optimizer:  Absolte convergence occurred with best fitness < 1e-10
Level 25:bingo.evolutionary_optimizers.evolutionary_optimizer:Hall of Fame:
9.953359516833379e-17	7	sin(log((X_0)(X_0) + (X_1)(X_1)))
0.168243285379977	6	sin(sin(log(log(0.061234))) + log(0.061234))
0.16830121137611537	1	-0.931681
