Level 25:bingo.evolutionary_optimizers.evolutionary_optimizer:#generational_age, elapsed_time, fitness_evaluation_count, current_training_fitness, hall_of_fame_fitnesses
Level 25:bingo.evolutionary_optimizers.evolutionary_optimizer:#generational_age, elapsed_time, fitness_evaluation_count, current_training_fitness, hall_of_fame_fitnesses
Level 25:bingo.evolutionary_optimizers.parallel_archipelago:Saving checkpoint: src/bingo_bias_vias_decomposition/checkpoints_st_30/implicit_st_30_p7_p3_7_0.pkl
INFO:bingo.evolutionary_optimizers.parallel_archipelago:Saved successfully
Level 25:bingo.evolutionary_optimizers.evolutionary_optimizer:Generation: 0 	 Elapsed time: 0:00:02.532632 	 Best training fitness: 1.688370e-01 	 
Level 25:bingo.evolutionary_optimizers.evolutionary_optimizer:0, 2.532632e+00, 13607, 1.688370e-01
INFO:bingo.evolutionary_optimizers.parallel_archipelago:Performing migration between Islands
INFO:bingo.evolutionary_optimizers.parallel_archipelago:Evolution time 0:00:23.817479	 age 20	 fitness 1.683e-01
Level 25:bingo.evolutionary_optimizers.parallel_archipelago:Saving checkpoint: src/bingo_bias_vias_decomposition/checkpoints_st_30/implicit_st_30_p7_p3_7_10.pkl
INFO:bingo.evolutionary_optimizers.parallel_archipelago:Saved successfully
Level 25:bingo.evolutionary_optimizers.evolutionary_optimizer:Generation: 10 	 Elapsed time: 0:00:26.546624 	 Best training fitness: 1.682954e-01 	 
Level 25:bingo.evolutionary_optimizers.evolutionary_optimizer:10, 2.654662e+01, 122013, 1.682954e-01, 1.682954e-01, 1.683772e-01, 1.685061e-01
INFO:bingo.evolutionary_optimizers.parallel_archipelago:Performing migration between Islands
INFO:bingo.evolutionary_optimizers.parallel_archipelago:Evolution time 0:00:21.630439	 age 30	 fitness 1.683e-01
Level 25:bingo.evolutionary_optimizers.parallel_archipelago:Saving checkpoint: src/bingo_bias_vias_decomposition/checkpoints_st_30/implicit_st_30_p7_p3_7_20.pkl
INFO:bingo.evolutionary_optimizers.parallel_archipelago:Saved successfully
Level 25:bingo.evolutionary_optimizers.evolutionary_optimizer:Generation: 20 	 Elapsed time: 0:00:48.403726 	 Best training fitness: 1.683312e-01 	 
Level 25:bingo.evolutionary_optimizers.evolutionary_optimizer:20, 4.840373e+01, 193982, 1.683312e-01, 1.682954e-01, 1.683772e-01, 1.683957e-01, 1.684933e-01, 1.684955e-01
INFO:bingo.evolutionary_optimizers.parallel_archipelago:Performing migration between Islands
INFO:bingo.evolutionary_optimizers.parallel_archipelago:Evolution time 0:00:10.327301	 age 40	 fitness 1.683e-01
Level 25:bingo.evolutionary_optimizers.parallel_archipelago:Saving checkpoint: src/bingo_bias_vias_decomposition/checkpoints_st_30/implicit_st_30_p7_p3_7_30.pkl
INFO:bingo.evolutionary_optimizers.parallel_archipelago:Saved successfully
Level 25:bingo.evolutionary_optimizers.evolutionary_optimizer:Generation: 30 	 Elapsed time: 0:00:58.929249 	 Best training fitness: 1.682911e-01 	 
Level 25:bingo.evolutionary_optimizers.evolutionary_optimizer:30, 5.892925e+01, 250401, 1.682911e-01, 1.682911e-01, 1.683772e-01, 1.683957e-01, 1.684835e-01, 1.684955e-01
INFO:bingo.evolutionary_optimizers.parallel_archipelago:Performing migration between Islands
INFO:bingo.evolutionary_optimizers.parallel_archipelago:Evolution time 0:00:32.745279	 age 50	 fitness 1.683e-01
Level 25:bingo.evolutionary_optimizers.parallel_archipelago:Saving checkpoint: src/bingo_bias_vias_decomposition/checkpoints_st_30/implicit_st_30_p7_p3_7_40.pkl
INFO:bingo.evolutionary_optimizers.parallel_archipelago:Saved successfully
Level 25:bingo.evolutionary_optimizers.evolutionary_optimizer:Generation: 40 	 Elapsed time: 0:01:31.876029 	 Best training fitness: 1.682911e-01 	 
Level 25:bingo.evolutionary_optimizers.evolutionary_optimizer:40, 9.187603e+01, 342073, 1.682911e-01, 1.682911e-01, 1.683772e-01, 1.683957e-01, 1.684835e-01, 1.684955e-01
INFO:bingo.evolutionary_optimizers.parallel_archipelago:Performing migration between Islands
INFO:bingo.evolutionary_optimizers.parallel_archipelago:Evolution time 0:00:17.179526	 age 60	 fitness 1.683e-01
Level 25:bingo.evolutionary_optimizers.parallel_archipelago:Saving checkpoint: src/bingo_bias_vias_decomposition/checkpoints_st_30/implicit_st_30_p7_p3_7_50.pkl
INFO:bingo.evolutionary_optimizers.parallel_archipelago:Saved successfully
Level 25:bingo.evolutionary_optimizers.evolutionary_optimizer:Generation: 50 	 Elapsed time: 0:01:49.257788 	 Best training fitness: 1.682877e-01 	 
Level 25:bingo.evolutionary_optimizers.evolutionary_optimizer:50, 1.092578e+02, 403450, 1.682877e-01, 1.682877e-01, 1.683666e-01, 1.683772e-01, 1.683957e-01, 1.684835e-01, 1.684955e-01
INFO:bingo.evolutionary_optimizers.parallel_archipelago:Performing migration between Islands
INFO:bingo.evolutionary_optimizers.parallel_archipelago:Evolution time 0:00:17.531624	 age 70	 fitness 1.683e-01
Level 25:bingo.evolutionary_optimizers.parallel_archipelago:Saving checkpoint: src/bingo_bias_vias_decomposition/checkpoints_st_30/implicit_st_30_p7_p3_7_60.pkl
INFO:bingo.evolutionary_optimizers.parallel_archipelago:Saved successfully
Level 25:bingo.evolutionary_optimizers.evolutionary_optimizer:Generation: 60 	 Elapsed time: 0:02:06.990790 	 Best training fitness: 1.683064e-01 	 
Level 25:bingo.evolutionary_optimizers.evolutionary_optimizer:60, 1.269908e+02, 492260, 1.683064e-01, 1.682877e-01, 1.683666e-01, 1.683743e-01, 1.683957e-01, 1.684558e-01
INFO:bingo.evolutionary_optimizers.parallel_archipelago:Performing migration between Islands
INFO:bingo.evolutionary_optimizers.parallel_archipelago:Evolution time 0:00:16.500603	 age 80	 fitness 1.678e-01
Level 25:bingo.evolutionary_optimizers.parallel_archipelago:Saving checkpoint: src/bingo_bias_vias_decomposition/checkpoints_st_30/implicit_st_30_p7_p3_7_70.pkl
INFO:bingo.evolutionary_optimizers.parallel_archipelago:Saved successfully
Level 25:bingo.evolutionary_optimizers.evolutionary_optimizer:Generation: 70 	 Elapsed time: 0:02:23.690786 	 Best training fitness: 1.678132e-01 	 
Level 25:bingo.evolutionary_optimizers.evolutionary_optimizer:70, 1.436908e+02, 580944, 1.678132e-01, 1.678132e-01, 1.682685e-01, 1.682877e-01, 1.683525e-01
INFO:bingo.evolutionary_optimizers.parallel_archipelago:Performing migration between Islands
INFO:bingo.evolutionary_optimizers.parallel_archipelago:Evolution time 0:00:22.792590	 age 90	 fitness 1.675e-01
Level 25:bingo.evolutionary_optimizers.parallel_archipelago:Saving checkpoint: src/bingo_bias_vias_decomposition/checkpoints_st_30/implicit_st_30_p7_p3_7_80.pkl
INFO:bingo.evolutionary_optimizers.parallel_archipelago:Saved successfully
Level 25:bingo.evolutionary_optimizers.evolutionary_optimizer:Generation: 80 	 Elapsed time: 0:02:46.680499 	 Best training fitness: 1.675462e-01 	 
Level 25:bingo.evolutionary_optimizers.evolutionary_optimizer:80, 1.666805e+02, 653330, 1.675462e-01, 1.675462e-01, 1.682685e-01, 1.682783e-01
INFO:bingo.evolutionary_optimizers.parallel_archipelago:Performing migration between Islands
INFO:bingo.evolutionary_optimizers.parallel_archipelago:Evolution time 0:00:17.415744	 age 100	 fitness 1.666e-01
Level 25:bingo.evolutionary_optimizers.parallel_archipelago:Saving checkpoint: src/bingo_bias_vias_decomposition/checkpoints_st_30/implicit_st_30_p7_p3_7_90.pkl
INFO:bingo.evolutionary_optimizers.parallel_archipelago:Saved successfully
Level 25:bingo.evolutionary_optimizers.evolutionary_optimizer:Generation: 90 	 Elapsed time: 0:03:04.325783 	 Best training fitness: 1.666042e-01 	 
Level 25:bingo.evolutionary_optimizers.evolutionary_optimizer:90, 1.843258e+02, 743191, 1.666042e-01, 1.666042e-01, 1.673409e-01, 1.682685e-01, 1.682783e-01
INFO:bingo.evolutionary_optimizers.parallel_archipelago:Performing migration between Islands
INFO:bingo.evolutionary_optimizers.parallel_archipelago:Evolution time 0:00:21.836433	 age 110	 fitness 1.666e-01
Level 25:bingo.evolutionary_optimizers.parallel_archipelago:Saving checkpoint: src/bingo_bias_vias_decomposition/checkpoints_st_30/implicit_st_30_p7_p3_7_100.pkl
INFO:bingo.evolutionary_optimizers.parallel_archipelago:Saved successfully
Level 25:bingo.evolutionary_optimizers.evolutionary_optimizer:Generation: 100 	 Elapsed time: 0:03:26.362134 	 Best training fitness: 1.665689e-01 	 
Level 25:bingo.evolutionary_optimizers.evolutionary_optimizer:100, 2.063621e+02, 821125, 1.665689e-01, 1.665689e-01, 1.673172e-01, 1.682483e-01, 1.682715e-01, 1.682783e-01
INFO:bingo.evolutionary_optimizers.parallel_archipelago:Performing migration between Islands
INFO:bingo.evolutionary_optimizers.parallel_archipelago:Evolution time 0:00:31.935058	 age 120	 fitness 1.577e-01
Level 25:bingo.evolutionary_optimizers.parallel_archipelago:Saving checkpoint: src/bingo_bias_vias_decomposition/checkpoints_st_30/implicit_st_30_p7_p3_7_110.pkl
INFO:bingo.evolutionary_optimizers.parallel_archipelago:Saved successfully
Level 25:bingo.evolutionary_optimizers.evolutionary_optimizer:Generation: 110 	 Elapsed time: 0:03:58.535385 	 Best training fitness: 1.577012e-01 	 
Level 25:bingo.evolutionary_optimizers.evolutionary_optimizer:110, 2.385354e+02, 910747, 1.577012e-01, 1.577012e-01, 1.665588e-01, 1.672293e-01, 1.681671e-01, 1.682715e-01, 1.682783e-01
INFO:bingo.evolutionary_optimizers.parallel_archipelago:Performing migration between Islands
INFO:bingo.evolutionary_optimizers.parallel_archipelago:Evolution time 0:00:26.225501	 age 130	 fitness 1.576e-01
Level 25:bingo.evolutionary_optimizers.parallel_archipelago:Saving checkpoint: src/bingo_bias_vias_decomposition/checkpoints_st_30/implicit_st_30_p7_p3_7_120.pkl
INFO:bingo.evolutionary_optimizers.parallel_archipelago:Saved successfully
Level 25:bingo.evolutionary_optimizers.evolutionary_optimizer:Generation: 120 	 Elapsed time: 0:04:24.964139 	 Best training fitness: 1.575731e-01 	 
Level 25:bingo.evolutionary_optimizers.evolutionary_optimizer:120, 2.649641e+02, 1002918, 1.575731e-01, 1.575731e-01, 1.665588e-01, 1.672293e-01, 1.681671e-01, 1.682715e-01, 1.682783e-01
INFO:bingo.evolutionary_optimizers.parallel_archipelago:Performing migration between Islands
INFO:bingo.evolutionary_optimizers.parallel_archipelago:Evolution time 0:00:23.650035	 age 140	 fitness 1.575e-01
Level 25:bingo.evolutionary_optimizers.parallel_archipelago:Saving checkpoint: src/bingo_bias_vias_decomposition/checkpoints_st_30/implicit_st_30_p7_p3_7_130.pkl
INFO:bingo.evolutionary_optimizers.parallel_archipelago:Saved successfully
Level 25:bingo.evolutionary_optimizers.evolutionary_optimizer:Generation: 130 	 Elapsed time: 0:04:48.843923 	 Best training fitness: 1.575447e-01 	 
Level 25:bingo.evolutionary_optimizers.evolutionary_optimizer:130, 2.888439e+02, 1071333, 1.575447e-01, 1.575447e-01, 1.664849e-01, 1.666262e-01, 1.679672e-01, 1.682715e-01, 1.682783e-01
INFO:bingo.evolutionary_optimizers.parallel_archipelago:Performing migration between Islands
INFO:bingo.evolutionary_optimizers.parallel_archipelago:Evolution time 0:00:17.122412	 age 150	 fitness 1.013e-01
Level 25:bingo.evolutionary_optimizers.parallel_archipelago:Saving checkpoint: src/bingo_bias_vias_decomposition/checkpoints_st_30/implicit_st_30_p7_p3_7_140.pkl
INFO:bingo.evolutionary_optimizers.parallel_archipelago:Saved successfully
Level 25:bingo.evolutionary_optimizers.evolutionary_optimizer:Generation: 140 	 Elapsed time: 0:05:06.169766 	 Best training fitness: 1.013296e-01 	 
Level 25:bingo.evolutionary_optimizers.evolutionary_optimizer:140, 3.061698e+02, 1129343, 1.013296e-01, 1.013296e-01, 1.562465e-01, 1.665810e-01, 1.679672e-01, 1.682715e-01, 1.682783e-01
INFO:bingo.evolutionary_optimizers.parallel_archipelago:Performing migration between Islands
INFO:bingo.evolutionary_optimizers.parallel_archipelago:Evolution time 0:00:18.682102	 age 160	 fitness 1.010e-01
Level 25:bingo.evolutionary_optimizers.parallel_archipelago:Saving checkpoint: src/bingo_bias_vias_decomposition/checkpoints_st_30/implicit_st_30_p7_p3_7_150.pkl
INFO:bingo.evolutionary_optimizers.parallel_archipelago:Saved successfully
Level 25:bingo.evolutionary_optimizers.evolutionary_optimizer:Generation: 150 	 Elapsed time: 0:05:25.060182 	 Best training fitness: 1.009514e-01 	 
Level 25:bingo.evolutionary_optimizers.evolutionary_optimizer:150, 3.250602e+02, 1191530, 1.009514e-01, 1.009514e-01, 1.012522e-01, 1.259288e-01, 1.364011e-01, 1.562465e-01, 1.624005e-01, 1.679672e-01, 1.682715e-01, 1.682783e-01
INFO:bingo.evolutionary_optimizers.parallel_archipelago:Performing migration between Islands
INFO:bingo.evolutionary_optimizers.parallel_archipelago:Evolution time 0:00:24.165194	 age 170	 fitness 9.592e-02
Level 25:bingo.evolutionary_optimizers.parallel_archipelago:Saving checkpoint: src/bingo_bias_vias_decomposition/checkpoints_st_30/implicit_st_30_p7_p3_7_160.pkl
INFO:bingo.evolutionary_optimizers.parallel_archipelago:Saved successfully
Level 25:bingo.evolutionary_optimizers.evolutionary_optimizer:Generation: 160 	 Elapsed time: 0:05:49.576481 	 Best training fitness: 9.592331e-02 	 
Level 25:bingo.evolutionary_optimizers.evolutionary_optimizer:160, 3.495765e+02, 1274703, 9.592331e-02, 9.592331e-02, 1.012522e-01, 1.259288e-01, 1.364011e-01, 1.562465e-01, 1.624005e-01, 1.679672e-01, 1.682715e-01, 1.682783e-01
INFO:bingo.evolutionary_optimizers.parallel_archipelago:Performing migration between Islands
INFO:bingo.evolutionary_optimizers.parallel_archipelago:Evolution time 0:00:16.671298	 age 180	 fitness 9.592e-02
Level 25:bingo.evolutionary_optimizers.parallel_archipelago:Saving checkpoint: src/bingo_bias_vias_decomposition/checkpoints_st_30/implicit_st_30_p7_p3_7_170.pkl
INFO:bingo.evolutionary_optimizers.parallel_archipelago:Saved successfully
Level 25:bingo.evolutionary_optimizers.evolutionary_optimizer:Generation: 170 	 Elapsed time: 0:06:06.478243 	 Best training fitness: 9.591628e-02 	 
Level 25:bingo.evolutionary_optimizers.evolutionary_optimizer:170, 3.664782e+02, 1328749, 9.591628e-02, 9.591628e-02, 9.598092e-02, 1.012522e-01, 1.012647e-01, 1.013102e-01, 1.489809e-01, 1.561623e-01, 1.624005e-01, 1.679672e-01, 1.682715e-01, 1.682783e-01
INFO:bingo.evolutionary_optimizers.parallel_archipelago:Performing migration between Islands
INFO:bingo.evolutionary_optimizers.parallel_archipelago:Evolution time 0:00:32.100172	 age 190	 fitness 9.592e-02
Level 25:bingo.evolutionary_optimizers.parallel_archipelago:Saving checkpoint: src/bingo_bias_vias_decomposition/checkpoints_st_30/implicit_st_30_p7_p3_7_180.pkl
INFO:bingo.evolutionary_optimizers.parallel_archipelago:Saved successfully
Level 25:bingo.evolutionary_optimizers.evolutionary_optimizer:Generation: 180 	 Elapsed time: 0:06:38.879401 	 Best training fitness: 9.591628e-02 	 
Level 25:bingo.evolutionary_optimizers.evolutionary_optimizer:180, 3.988794e+02, 1400680, 9.591628e-02, 9.591628e-02, 9.598092e-02, 1.012325e-01, 1.012647e-01, 1.013102e-01, 1.489809e-01, 1.561623e-01, 1.624005e-01, 1.679672e-01, 1.682715e-01, 1.682783e-01
INFO:bingo.evolutionary_optimizers.parallel_archipelago:Performing migration between Islands
INFO:bingo.evolutionary_optimizers.parallel_archipelago:Evolution time 0:00:31.628564	 age 200	 fitness 8.346e-02
Level 25:bingo.evolutionary_optimizers.parallel_archipelago:Saving checkpoint: src/bingo_bias_vias_decomposition/checkpoints_st_30/implicit_st_30_p7_p3_7_190.pkl
INFO:bingo.evolutionary_optimizers.parallel_archipelago:Saved successfully
Level 25:bingo.evolutionary_optimizers.evolutionary_optimizer:Generation: 190 	 Elapsed time: 0:07:10.827542 	 Best training fitness: 8.345547e-02 	 
Level 25:bingo.evolutionary_optimizers.evolutionary_optimizer:190, 4.308275e+02, 1504691, 8.345547e-02, 8.345547e-02, 9.598092e-02, 1.012218e-01, 1.012358e-01, 1.013102e-01, 1.489809e-01, 1.561623e-01, 1.624005e-01, 1.679672e-01, 1.682715e-01, 1.682783e-01
INFO:bingo.evolutionary_optimizers.parallel_archipelago:Performing migration between Islands
INFO:bingo.evolutionary_optimizers.parallel_archipelago:Evolution time 0:00:34.092792	 age 210	 fitness 8.339e-02
Level 25:bingo.evolutionary_optimizers.parallel_archipelago:Saving checkpoint: src/bingo_bias_vias_decomposition/checkpoints_st_30/implicit_st_30_p7_p3_7_200.pkl
INFO:bingo.evolutionary_optimizers.parallel_archipelago:Saved successfully
Level 25:bingo.evolutionary_optimizers.evolutionary_optimizer:Generation: 200 	 Elapsed time: 0:07:45.242673 	 Best training fitness: 8.338689e-02 	 
Level 25:bingo.evolutionary_optimizers.evolutionary_optimizer:200, 4.652427e+02, 1620646, 8.338689e-02, 8.338689e-02, 9.592696e-02, 1.012218e-01, 1.012358e-01, 1.013102e-01, 1.489152e-01, 1.561623e-01, 1.624005e-01, 1.679672e-01, 1.682715e-01, 1.682783e-01
INFO:bingo.evolutionary_optimizers.parallel_archipelago:Performing migration between Islands
INFO:bingo.evolutionary_optimizers.parallel_archipelago:Evolution time 0:00:28.387413	 age 220	 fitness 7.449e-02
Level 25:bingo.evolutionary_optimizers.parallel_archipelago:Saving checkpoint: src/bingo_bias_vias_decomposition/checkpoints_st_30/implicit_st_30_p7_p3_7_210.pkl
INFO:bingo.evolutionary_optimizers.parallel_archipelago:Saved successfully
Level 25:bingo.evolutionary_optimizers.evolutionary_optimizer:Generation: 210 	 Elapsed time: 0:08:13.964024 	 Best training fitness: 7.448513e-02 	 
Level 25:bingo.evolutionary_optimizers.evolutionary_optimizer:210, 4.939640e+02, 1710303, 7.448513e-02, 7.448513e-02, 8.094859e-02, 9.591491e-02, 1.012218e-01, 1.012358e-01, 1.013102e-01, 1.489152e-01, 1.561623e-01, 1.624005e-01, 1.679672e-01, 1.682715e-01, 1.682783e-01
INFO:bingo.evolutionary_optimizers.parallel_archipelago:Performing migration between Islands
INFO:bingo.evolutionary_optimizers.parallel_archipelago:Evolution time 0:00:31.266540	 age 230	 fitness 7.449e-02
Level 25:bingo.evolutionary_optimizers.parallel_archipelago:Saving checkpoint: src/bingo_bias_vias_decomposition/checkpoints_st_30/implicit_st_30_p7_p3_7_220.pkl
INFO:bingo.evolutionary_optimizers.parallel_archipelago:Saved successfully
Level 25:bingo.evolutionary_optimizers.evolutionary_optimizer:Generation: 220 	 Elapsed time: 0:08:45.581619 	 Best training fitness: 7.449057e-02 	 
Level 25:bingo.evolutionary_optimizers.evolutionary_optimizer:220, 5.255816e+02, 1810818, 7.449057e-02, 7.448513e-02, 7.565524e-02, 9.590761e-02, 1.002695e-01, 1.012358e-01, 1.013102e-01, 1.489152e-01, 1.561623e-01, 1.624005e-01, 1.677345e-01, 1.682479e-01, 1.682715e-01, 1.682783e-01
INFO:bingo.evolutionary_optimizers.parallel_archipelago:Performing migration between Islands
INFO:bingo.evolutionary_optimizers.parallel_archipelago:Evolution time 0:00:41.201269	 age 240	 fitness 6.333e-02
Level 25:bingo.evolutionary_optimizers.parallel_archipelago:Saving checkpoint: src/bingo_bias_vias_decomposition/checkpoints_st_30/implicit_st_30_p7_p3_7_230.pkl
INFO:bingo.evolutionary_optimizers.parallel_archipelago:Saved successfully
Level 25:bingo.evolutionary_optimizers.evolutionary_optimizer:Generation: 230 	 Elapsed time: 0:09:27.125258 	 Best training fitness: 6.332555e-02 	 
Level 25:bingo.evolutionary_optimizers.evolutionary_optimizer:230, 5.671253e+02, 1932161, 6.332555e-02, 6.332555e-02, 7.562031e-02, 9.590761e-02, 1.002695e-01, 1.012358e-01, 1.013102e-01, 1.489152e-01, 1.561623e-01, 1.624005e-01, 1.674615e-01, 1.682479e-01, 1.682715e-01, 1.682783e-01
INFO:bingo.evolutionary_optimizers.parallel_archipelago:Performing migration between Islands
INFO:bingo.evolutionary_optimizers.parallel_archipelago:Evolution time 0:00:28.753571	 age 250	 fitness 6.330e-02
Level 25:bingo.evolutionary_optimizers.parallel_archipelago:Saving checkpoint: src/bingo_bias_vias_decomposition/checkpoints_st_30/implicit_st_30_p7_p3_7_240.pkl
INFO:bingo.evolutionary_optimizers.parallel_archipelago:Saved successfully
Level 25:bingo.evolutionary_optimizers.evolutionary_optimizer:Generation: 240 	 Elapsed time: 0:09:56.257480 	 Best training fitness: 6.330311e-02 	 
Level 25:bingo.evolutionary_optimizers.evolutionary_optimizer:240, 5.962575e+02, 2033205, 6.330311e-02, 6.330311e-02, 7.560056e-02, 7.743452e-02, 1.002695e-01, 1.012358e-01, 1.013102e-01, 1.489152e-01, 1.561623e-01, 1.624005e-01, 1.673295e-01, 1.682479e-01, 1.682715e-01, 1.682783e-01
INFO:bingo.evolutionary_optimizers.parallel_archipelago:Performing migration between Islands
INFO:bingo.evolutionary_optimizers.parallel_archipelago:Evolution time 0:00:28.050549	 age 260	 fitness 5.156e-02
Level 25:bingo.evolutionary_optimizers.parallel_archipelago:Saving checkpoint: src/bingo_bias_vias_decomposition/checkpoints_st_30/implicit_st_30_p7_p3_7_250.pkl
INFO:bingo.evolutionary_optimizers.parallel_archipelago:Saved successfully
Level 25:bingo.evolutionary_optimizers.evolutionary_optimizer:Generation: 250 	 Elapsed time: 0:10:24.640581 	 Best training fitness: 5.155659e-02 	 
Level 25:bingo.evolutionary_optimizers.evolutionary_optimizer:250, 6.246406e+02, 2136469, 5.155659e-02, 5.155659e-02, 7.558209e-02, 7.743452e-02, 1.002695e-01, 1.012358e-01, 1.013102e-01, 1.489152e-01, 1.561623e-01, 1.624005e-01, 1.673295e-01, 1.682479e-01, 1.682715e-01, 1.682783e-01
INFO:bingo.evolutionary_optimizers.parallel_archipelago:Performing migration between Islands
INFO:bingo.evolutionary_optimizers.parallel_archipelago:Evolution time 0:00:26.171700	 age 270	 fitness 5.154e-02
Level 25:bingo.evolutionary_optimizers.parallel_archipelago:Saving checkpoint: src/bingo_bias_vias_decomposition/checkpoints_st_30/implicit_st_30_p7_p3_7_260.pkl
INFO:bingo.evolutionary_optimizers.parallel_archipelago:Saved successfully
Level 25:bingo.evolutionary_optimizers.evolutionary_optimizer:Generation: 260 	 Elapsed time: 0:10:51.144658 	 Best training fitness: 5.153732e-02 	 
Level 25:bingo.evolutionary_optimizers.evolutionary_optimizer:260, 6.511447e+02, 2238513, 5.153732e-02, 5.153732e-02, 7.558209e-02, 7.743452e-02, 1.002695e-01, 1.012358e-01, 1.013102e-01, 1.489152e-01, 1.561623e-01, 1.624005e-01, 1.673014e-01, 1.682479e-01, 1.682715e-01, 1.682783e-01
INFO:bingo.evolutionary_optimizers.parallel_archipelago:Performing migration between Islands
INFO:bingo.evolutionary_optimizers.parallel_archipelago:Evolution time 0:00:36.251837	 age 280	 fitness 5.153e-02
Level 25:bingo.evolutionary_optimizers.parallel_archipelago:Saving checkpoint: src/bingo_bias_vias_decomposition/checkpoints_st_30/implicit_st_30_p7_p3_7_270.pkl
INFO:bingo.evolutionary_optimizers.parallel_archipelago:Saved successfully
Level 25:bingo.evolutionary_optimizers.evolutionary_optimizer:Generation: 270 	 Elapsed time: 0:11:27.732775 	 Best training fitness: 5.152731e-02 	 
Level 25:bingo.evolutionary_optimizers.evolutionary_optimizer:270, 6.877328e+02, 2359168, 5.152731e-02, 5.152731e-02, 7.558209e-02, 7.743452e-02, 1.002695e-01, 1.012358e-01, 1.013102e-01, 1.489152e-01, 1.561623e-01, 1.624005e-01, 1.673014e-01, 1.682479e-01, 1.682715e-01, 1.682783e-01
INFO:bingo.evolutionary_optimizers.parallel_archipelago:Performing migration between Islands
INFO:bingo.evolutionary_optimizers.parallel_archipelago:Evolution time 0:00:46.884248	 age 290	 fitness 5.152e-02
Level 25:bingo.evolutionary_optimizers.parallel_archipelago:Saving checkpoint: src/bingo_bias_vias_decomposition/checkpoints_st_30/implicit_st_30_p7_p3_7_280.pkl
INFO:bingo.evolutionary_optimizers.parallel_archipelago:Saved successfully
Level 25:bingo.evolutionary_optimizers.evolutionary_optimizer:Generation: 280 	 Elapsed time: 0:12:14.964895 	 Best training fitness: 5.152408e-02 	 
Level 25:bingo.evolutionary_optimizers.evolutionary_optimizer:280, 7.349649e+02, 2496523, 5.152408e-02, 5.152408e-02, 7.558209e-02, 7.743452e-02, 1.002695e-01, 1.012358e-01, 1.013102e-01, 1.489152e-01, 1.561623e-01, 1.624005e-01, 1.672926e-01, 1.682479e-01, 1.682715e-01, 1.682783e-01
INFO:bingo.evolutionary_optimizers.parallel_archipelago:Performing migration between Islands
INFO:bingo.evolutionary_optimizers.parallel_archipelago:Evolution time 0:00:39.944350	 age 300	 fitness 5.152e-02
Level 25:bingo.evolutionary_optimizers.parallel_archipelago:Saving checkpoint: src/bingo_bias_vias_decomposition/checkpoints_st_30/implicit_st_30_p7_p3_7_290.pkl
INFO:bingo.evolutionary_optimizers.parallel_archipelago:Saved successfully
Level 25:bingo.evolutionary_optimizers.evolutionary_optimizer:Generation: 290 	 Elapsed time: 0:12:55.251053 	 Best training fitness: 5.152110e-02 	 
Level 25:bingo.evolutionary_optimizers.evolutionary_optimizer:290, 7.752511e+02, 2611188, 5.152110e-02, 5.152110e-02, 7.391620e-02, 7.558209e-02, 7.743452e-02, 1.002695e-01, 1.012358e-01, 1.013102e-01, 1.489152e-01, 1.561623e-01, 1.624005e-01, 1.672926e-01, 1.682479e-01, 1.682715e-01, 1.682783e-01
INFO:bingo.evolutionary_optimizers.parallel_archipelago:Performing migration between Islands
INFO:bingo.evolutionary_optimizers.parallel_archipelago:Evolution time 0:00:39.860950	 age 310	 fitness 5.152e-02
Level 25:bingo.evolutionary_optimizers.parallel_archipelago:Saving checkpoint: src/bingo_bias_vias_decomposition/checkpoints_st_30/implicit_st_30_p7_p3_7_300.pkl
INFO:bingo.evolutionary_optimizers.parallel_archipelago:Saved successfully
Level 25:bingo.evolutionary_optimizers.evolutionary_optimizer:Generation: 300 	 Elapsed time: 0:13:35.450060 	 Best training fitness: 5.152233e-02 	 
Level 25:bingo.evolutionary_optimizers.evolutionary_optimizer:300, 8.154501e+02, 2727475, 5.152233e-02, 5.152110e-02, 7.386702e-02, 7.558209e-02, 7.743452e-02, 1.002695e-01, 1.012358e-01, 1.013102e-01, 1.489152e-01, 1.561623e-01, 1.624005e-01, 1.672926e-01, 1.682479e-01, 1.682715e-01, 1.682783e-01
INFO:bingo.evolutionary_optimizers.parallel_archipelago:Performing migration between Islands
INFO:bingo.evolutionary_optimizers.parallel_archipelago:Evolution time 0:00:56.533217	 age 320	 fitness 5.152e-02
Level 25:bingo.evolutionary_optimizers.parallel_archipelago:Saving checkpoint: src/bingo_bias_vias_decomposition/checkpoints_st_30/implicit_st_30_p7_p3_7_310.pkl
INFO:bingo.evolutionary_optimizers.parallel_archipelago:Saved successfully
Level 25:bingo.evolutionary_optimizers.evolutionary_optimizer:Generation: 310 	 Elapsed time: 0:14:32.375095 	 Best training fitness: 5.151989e-02 	 
Level 25:bingo.evolutionary_optimizers.evolutionary_optimizer:310, 8.723751e+02, 2860854, 5.151989e-02, 5.151989e-02, 7.386702e-02, 7.558209e-02, 7.743452e-02, 1.002695e-01, 1.012358e-01, 1.013102e-01, 1.489152e-01, 1.561623e-01, 1.624005e-01, 1.672926e-01, 1.682479e-01, 1.682715e-01, 1.682783e-01
INFO:bingo.evolutionary_optimizers.parallel_archipelago:Performing migration between Islands
INFO:bingo.evolutionary_optimizers.parallel_archipelago:Evolution time 0:01:00.460608	 age 330	 fitness 5.152e-02
Level 25:bingo.evolutionary_optimizers.parallel_archipelago:Saving checkpoint: src/bingo_bias_vias_decomposition/checkpoints_st_30/implicit_st_30_p7_p3_7_320.pkl
INFO:bingo.evolutionary_optimizers.parallel_archipelago:Saved successfully
Level 25:bingo.evolutionary_optimizers.evolutionary_optimizer:Generation: 320 	 Elapsed time: 0:15:33.180228 	 Best training fitness: 5.151844e-02 	 
Level 25:bingo.evolutionary_optimizers.evolutionary_optimizer:320, 9.331802e+02, 3023572, 5.151844e-02, 5.151844e-02, 7.386702e-02, 7.558209e-02, 7.743452e-02, 1.002695e-01, 1.012358e-01, 1.013102e-01, 1.489152e-01, 1.561623e-01, 1.624005e-01, 1.672926e-01, 1.682479e-01, 1.682715e-01, 1.682783e-01
INFO:bingo.evolutionary_optimizers.parallel_archipelago:Performing migration between Islands
INFO:bingo.evolutionary_optimizers.parallel_archipelago:Evolution time 0:00:33.310516	 age 340	 fitness 5.147e-02
Level 25:bingo.evolutionary_optimizers.parallel_archipelago:Saving checkpoint: src/bingo_bias_vias_decomposition/checkpoints_st_30/implicit_st_30_p7_p3_7_330.pkl
INFO:bingo.evolutionary_optimizers.parallel_archipelago:Saved successfully
Level 25:bingo.evolutionary_optimizers.evolutionary_optimizer:Generation: 330 	 Elapsed time: 0:16:06.833336 	 Best training fitness: 5.147165e-02 	 
Level 25:bingo.evolutionary_optimizers.evolutionary_optimizer:330, 9.668333e+02, 3148317, 5.147165e-02, 5.147165e-02, 5.151844e-02, 7.386702e-02, 7.558209e-02, 7.743452e-02, 1.002695e-01, 1.012358e-01, 1.013102e-01, 1.489152e-01, 1.561623e-01, 1.624005e-01, 1.672926e-01, 1.682479e-01, 1.682715e-01, 1.682783e-01
INFO:bingo.evolutionary_optimizers.parallel_archipelago:Performing migration between Islands
INFO:bingo.evolutionary_optimizers.parallel_archipelago:Evolution time 0:00:38.261183	 age 350	 fitness 5.129e-02
Level 25:bingo.evolutionary_optimizers.parallel_archipelago:Saving checkpoint: src/bingo_bias_vias_decomposition/checkpoints_st_30/implicit_st_30_p7_p3_7_340.pkl
INFO:bingo.evolutionary_optimizers.parallel_archipelago:Saved successfully
Level 25:bingo.evolutionary_optimizers.evolutionary_optimizer:Generation: 340 	 Elapsed time: 0:16:45.438647 	 Best training fitness: 5.128553e-02 	 
Level 25:bingo.evolutionary_optimizers.evolutionary_optimizer:340, 1.005439e+03, 3274078, 5.128553e-02, 5.128553e-02, 7.386702e-02, 7.558209e-02, 7.743452e-02, 1.002695e-01, 1.012358e-01, 1.013102e-01, 1.489152e-01, 1.561623e-01, 1.624005e-01, 1.672926e-01, 1.682479e-01, 1.682715e-01, 1.682783e-01
INFO:bingo.evolutionary_optimizers.parallel_archipelago:Performing migration between Islands
INFO:bingo.evolutionary_optimizers.parallel_archipelago:Evolution time 0:00:43.540007	 age 360	 fitness 5.128e-02
Level 25:bingo.evolutionary_optimizers.parallel_archipelago:Saving checkpoint: src/bingo_bias_vias_decomposition/checkpoints_st_30/implicit_st_30_p7_p3_7_350.pkl
INFO:bingo.evolutionary_optimizers.parallel_archipelago:Saved successfully
Level 25:bingo.evolutionary_optimizers.evolutionary_optimizer:Generation: 350 	 Elapsed time: 0:17:29.324146 	 Best training fitness: 5.127850e-02 	 
Level 25:bingo.evolutionary_optimizers.evolutionary_optimizer:350, 1.049324e+03, 3399459, 5.127850e-02, 5.127850e-02, 7.386702e-02, 7.558209e-02, 7.743452e-02, 1.002695e-01, 1.012358e-01, 1.013102e-01, 1.489152e-01, 1.561623e-01, 1.624005e-01, 1.672098e-01, 1.672926e-01, 1.682479e-01, 1.682715e-01, 1.682783e-01
INFO:bingo.evolutionary_optimizers.parallel_archipelago:Performing migration between Islands
INFO:bingo.evolutionary_optimizers.parallel_archipelago:Evolution time 0:01:06.670992	 age 370	 fitness 5.128e-02
Level 25:bingo.evolutionary_optimizers.parallel_archipelago:Saving checkpoint: src/bingo_bias_vias_decomposition/checkpoints_st_30/implicit_st_30_p7_p3_7_360.pkl
INFO:bingo.evolutionary_optimizers.parallel_archipelago:Saved successfully
Level 25:bingo.evolutionary_optimizers.evolutionary_optimizer:Generation: 360 	 Elapsed time: 0:18:36.341383 	 Best training fitness: 5.128421e-02 	 
Level 25:bingo.evolutionary_optimizers.evolutionary_optimizer:360, 1.116341e+03, 3584796, 5.128421e-02, 5.127850e-02, 7.386702e-02, 7.558209e-02, 7.743452e-02, 8.793790e-02, 1.012358e-01, 1.013102e-01, 1.489152e-01, 1.561623e-01, 1.624005e-01, 1.671781e-01, 1.672926e-01, 1.682479e-01, 1.682715e-01, 1.682783e-01
INFO:bingo.evolutionary_optimizers.parallel_archipelago:Performing migration between Islands
INFO:bingo.evolutionary_optimizers.parallel_archipelago:Evolution time 0:00:35.877772	 age 380	 fitness 5.127e-02
Level 25:bingo.evolutionary_optimizers.parallel_archipelago:Saving checkpoint: src/bingo_bias_vias_decomposition/checkpoints_st_30/implicit_st_30_p7_p3_7_370.pkl
INFO:bingo.evolutionary_optimizers.parallel_archipelago:Saved successfully
Level 25:bingo.evolutionary_optimizers.evolutionary_optimizer:Generation: 370 	 Elapsed time: 0:19:12.596933 	 Best training fitness: 5.127396e-02 	 
Level 25:bingo.evolutionary_optimizers.evolutionary_optimizer:370, 1.152597e+03, 3708436, 5.127396e-02, 5.127396e-02, 7.386702e-02, 7.558209e-02, 7.743452e-02, 8.793790e-02, 1.012358e-01, 1.013102e-01, 1.489152e-01, 1.561623e-01, 1.624005e-01, 1.671781e-01, 1.672926e-01, 1.682479e-01, 1.682715e-01, 1.682783e-01
INFO:bingo.evolutionary_optimizers.parallel_archipelago:Performing migration between Islands
INFO:bingo.evolutionary_optimizers.parallel_archipelago:Evolution time 0:00:50.118311	 age 390	 fitness 5.127e-02
Level 25:bingo.evolutionary_optimizers.parallel_archipelago:Saving checkpoint: src/bingo_bias_vias_decomposition/checkpoints_st_30/implicit_st_30_p7_p3_7_380.pkl
INFO:bingo.evolutionary_optimizers.parallel_archipelago:Saved successfully
Level 25:bingo.evolutionary_optimizers.evolutionary_optimizer:Generation: 380 	 Elapsed time: 0:20:03.058592 	 Best training fitness: 5.127396e-02 	 
Level 25:bingo.evolutionary_optimizers.evolutionary_optimizer:380, 1.203059e+03, 3865526, 5.127396e-02, 5.127396e-02, 7.386702e-02, 7.558209e-02, 7.743452e-02, 8.793790e-02, 1.012358e-01, 1.013102e-01, 1.489152e-01, 1.561623e-01, 1.624005e-01, 1.671543e-01, 1.672926e-01, 1.682479e-01, 1.682715e-01, 1.682783e-01
INFO:bingo.evolutionary_optimizers.parallel_archipelago:Performing migration between Islands
INFO:bingo.evolutionary_optimizers.parallel_archipelago:Evolution time 0:00:57.543936	 age 400	 fitness 5.128e-02
Level 25:bingo.evolutionary_optimizers.parallel_archipelago:Saving checkpoint: src/bingo_bias_vias_decomposition/checkpoints_st_30/implicit_st_30_p7_p3_7_390.pkl
INFO:bingo.evolutionary_optimizers.parallel_archipelago:Saved successfully
Level 25:bingo.evolutionary_optimizers.evolutionary_optimizer:Generation: 390 	 Elapsed time: 0:21:00.947682 	 Best training fitness: 5.127730e-02 	 
Level 25:bingo.evolutionary_optimizers.evolutionary_optimizer:390, 1.260948e+03, 4008392, 5.127730e-02, 5.127396e-02, 7.386702e-02, 7.558209e-02, 7.743452e-02, 8.792960e-02, 1.012358e-01, 1.013102e-01, 1.489152e-01, 1.561623e-01, 1.624005e-01, 1.671511e-01, 1.672926e-01, 1.682479e-01, 1.682715e-01, 1.682783e-01
INFO:bingo.evolutionary_optimizers.parallel_archipelago:Performing migration between Islands
INFO:bingo.evolutionary_optimizers.parallel_archipelago:Evolution time 0:00:52.579330	 age 410	 fitness 5.128e-02
Level 25:bingo.evolutionary_optimizers.parallel_archipelago:Saving checkpoint: src/bingo_bias_vias_decomposition/checkpoints_st_30/implicit_st_30_p7_p3_7_400.pkl
INFO:bingo.evolutionary_optimizers.parallel_archipelago:Saved successfully
Level 25:bingo.evolutionary_optimizers.evolutionary_optimizer:Generation: 400 	 Elapsed time: 0:21:53.778456 	 Best training fitness: 5.127509e-02 	 
Level 25:bingo.evolutionary_optimizers.evolutionary_optimizer:400, 1.313778e+03, 4144603, 5.127509e-02, 5.127396e-02, 7.386702e-02, 7.558209e-02, 7.743452e-02, 8.792891e-02, 1.012358e-01, 1.013102e-01, 1.489152e-01, 1.561623e-01, 1.624005e-01, 1.671462e-01, 1.672926e-01, 1.682479e-01, 1.682715e-01, 1.682783e-01
INFO:bingo.evolutionary_optimizers.parallel_archipelago:Performing migration between Islands
INFO:bingo.evolutionary_optimizers.parallel_archipelago:Evolution time 0:00:30.469603	 age 420	 fitness 5.127e-02
Level 25:bingo.evolutionary_optimizers.parallel_archipelago:Saving checkpoint: src/bingo_bias_vias_decomposition/checkpoints_st_30/implicit_st_30_p7_p3_7_410.pkl
INFO:bingo.evolutionary_optimizers.parallel_archipelago:Saved successfully
Level 25:bingo.evolutionary_optimizers.evolutionary_optimizer:Generation: 410 	 Elapsed time: 0:22:24.486339 	 Best training fitness: 5.127459e-02 	 
Level 25:bingo.evolutionary_optimizers.evolutionary_optimizer:410, 1.344486e+03, 4246312, 5.127459e-02, 5.127396e-02, 6.331349e-02, 7.558209e-02, 7.743452e-02, 8.792891e-02, 1.012358e-01, 1.013102e-01, 1.489152e-01, 1.561623e-01, 1.624005e-01, 1.671462e-01, 1.672926e-01, 1.682479e-01, 1.682715e-01, 1.682783e-01
INFO:bingo.evolutionary_optimizers.parallel_archipelago:Performing migration between Islands
INFO:bingo.evolutionary_optimizers.parallel_archipelago:Evolution time 0:00:45.730361	 age 430	 fitness 5.127e-02
Level 25:bingo.evolutionary_optimizers.parallel_archipelago:Saving checkpoint: src/bingo_bias_vias_decomposition/checkpoints_st_30/implicit_st_30_p7_p3_7_420.pkl
INFO:bingo.evolutionary_optimizers.parallel_archipelago:Saved successfully
Level 25:bingo.evolutionary_optimizers.evolutionary_optimizer:Generation: 420 	 Elapsed time: 0:23:10.459075 	 Best training fitness: 5.127459e-02 	 
Level 25:bingo.evolutionary_optimizers.evolutionary_optimizer:420, 1.390459e+03, 4387432, 5.127459e-02, 5.127396e-02, 6.331349e-02, 7.558209e-02, 7.743452e-02, 8.792891e-02, 1.012358e-01, 1.013102e-01, 1.489152e-01, 1.561623e-01, 1.624005e-01, 1.671462e-01, 1.672926e-01, 1.682479e-01, 1.682715e-01, 1.682783e-01
INFO:bingo.evolutionary_optimizers.parallel_archipelago:Performing migration between Islands
INFO:bingo.evolutionary_optimizers.parallel_archipelago:Evolution time 0:00:43.402682	 age 440	 fitness 5.127e-02
Level 25:bingo.evolutionary_optimizers.parallel_archipelago:Saving checkpoint: src/bingo_bias_vias_decomposition/checkpoints_st_30/implicit_st_30_p7_p3_7_430.pkl
INFO:bingo.evolutionary_optimizers.parallel_archipelago:Saved successfully
Level 25:bingo.evolutionary_optimizers.evolutionary_optimizer:Generation: 430 	 Elapsed time: 0:23:54.105768 	 Best training fitness: 5.127362e-02 	 
Level 25:bingo.evolutionary_optimizers.evolutionary_optimizer:430, 1.434106e+03, 4538455, 5.127362e-02, 5.127362e-02, 6.331349e-02, 7.558209e-02, 7.743452e-02, 8.453155e-02, 1.012358e-01, 1.013102e-01, 1.489152e-01, 1.561623e-01, 1.624005e-01, 1.671113e-01, 1.672926e-01, 1.682479e-01, 1.682715e-01, 1.682783e-01
INFO:bingo.evolutionary_optimizers.parallel_archipelago:Performing migration between Islands
INFO:bingo.evolutionary_optimizers.parallel_archipelago:Evolution time 0:00:46.183571	 age 450	 fitness 5.127e-02
Level 25:bingo.evolutionary_optimizers.parallel_archipelago:Saving checkpoint: src/bingo_bias_vias_decomposition/checkpoints_st_30/implicit_st_30_p7_p3_7_440.pkl
INFO:bingo.evolutionary_optimizers.parallel_archipelago:Saved successfully
Level 25:bingo.evolutionary_optimizers.evolutionary_optimizer:Generation: 440 	 Elapsed time: 0:24:40.574183 	 Best training fitness: 5.127376e-02 	 
Level 25:bingo.evolutionary_optimizers.evolutionary_optimizer:440, 1.480574e+03, 4663201, 5.127376e-02, 5.127362e-02, 5.127376e-02, 7.558209e-02, 7.743452e-02, 8.451864e-02, 1.012358e-01, 1.013102e-01, 1.489152e-01, 1.561623e-01, 1.624005e-01, 1.671113e-01, 1.672926e-01, 1.682479e-01, 1.682715e-01, 1.682783e-01
INFO:bingo.evolutionary_optimizers.parallel_archipelago:Performing migration between Islands
INFO:bingo.evolutionary_optimizers.parallel_archipelago:Evolution time 0:00:53.231284	 age 460	 fitness 5.128e-02
Level 25:bingo.evolutionary_optimizers.parallel_archipelago:Saving checkpoint: src/bingo_bias_vias_decomposition/checkpoints_st_30/implicit_st_30_p7_p3_7_450.pkl
INFO:bingo.evolutionary_optimizers.parallel_archipelago:Saved successfully
Level 25:bingo.evolutionary_optimizers.evolutionary_optimizer:Generation: 450 	 Elapsed time: 0:25:34.069655 	 Best training fitness: 5.127644e-02 	 
Level 25:bingo.evolutionary_optimizers.evolutionary_optimizer:450, 1.534070e+03, 4816496, 5.127644e-02, 5.127362e-02, 5.127376e-02, 7.558209e-02, 7.743452e-02, 8.451168e-02, 1.012358e-01, 1.013102e-01, 1.489152e-01, 1.561623e-01, 1.624005e-01, 1.671113e-01, 1.672926e-01, 1.682479e-01, 1.682715e-01, 1.682783e-01
INFO:bingo.evolutionary_optimizers.parallel_archipelago:Performing migration between Islands
INFO:bingo.evolutionary_optimizers.parallel_archipelago:Evolution time 0:00:42.541527	 age 470	 fitness 5.128e-02
Level 25:bingo.evolutionary_optimizers.parallel_archipelago:Saving checkpoint: src/bingo_bias_vias_decomposition/checkpoints_st_30/implicit_st_30_p7_p3_7_460.pkl
INFO:bingo.evolutionary_optimizers.parallel_archipelago:Saved successfully
Level 25:bingo.evolutionary_optimizers.evolutionary_optimizer:Generation: 460 	 Elapsed time: 0:26:16.874452 	 Best training fitness: 5.127511e-02 	 
Level 25:bingo.evolutionary_optimizers.evolutionary_optimizer:460, 1.576874e+03, 4939933, 5.127511e-02, 5.127362e-02, 5.127376e-02, 7.558209e-02, 7.743452e-02, 8.451168e-02, 1.012358e-01, 1.013102e-01, 1.489152e-01, 1.561623e-01, 1.624005e-01, 1.671113e-01, 1.672926e-01, 1.682479e-01, 1.682715e-01, 1.682783e-01
INFO:bingo.evolutionary_optimizers.parallel_archipelago:Performing migration between Islands
INFO:bingo.evolutionary_optimizers.parallel_archipelago:Evolution time 0:00:44.187208	 age 480	 fitness 5.127e-02
Level 25:bingo.evolutionary_optimizers.parallel_archipelago:Saving checkpoint: src/bingo_bias_vias_decomposition/checkpoints_st_30/implicit_st_30_p7_p3_7_470.pkl
INFO:bingo.evolutionary_optimizers.parallel_archipelago:Saved successfully
Level 25:bingo.evolutionary_optimizers.evolutionary_optimizer:Generation: 470 	 Elapsed time: 0:27:01.325079 	 Best training fitness: 5.127362e-02 	 
Level 25:bingo.evolutionary_optimizers.evolutionary_optimizer:470, 1.621325e+03, 5060216, 5.127362e-02, 5.127362e-02, 5.127376e-02, 7.558209e-02, 7.743452e-02, 8.451024e-02, 1.012358e-01, 1.013102e-01, 1.489152e-01, 1.561623e-01, 1.624005e-01, 1.671113e-01, 1.672926e-01, 1.682479e-01, 1.682715e-01, 1.682783e-01
INFO:bingo.evolutionary_optimizers.parallel_archipelago:Performing migration between Islands
INFO:bingo.evolutionary_optimizers.parallel_archipelago:Evolution time 0:00:28.923240	 age 490	 fitness 5.127e-02
Level 25:bingo.evolutionary_optimizers.parallel_archipelago:Saving checkpoint: src/bingo_bias_vias_decomposition/checkpoints_st_30/implicit_st_30_p7_p3_7_480.pkl
INFO:bingo.evolutionary_optimizers.parallel_archipelago:Saved successfully
Level 25:bingo.evolutionary_optimizers.evolutionary_optimizer:Generation: 480 	 Elapsed time: 0:27:30.513255 	 Best training fitness: 5.127359e-02 	 
Level 25:bingo.evolutionary_optimizers.evolutionary_optimizer:480, 1.650513e+03, 5168377, 5.127359e-02, 5.127359e-02, 5.127376e-02, 7.558209e-02, 7.743452e-02, 8.451024e-02, 1.012358e-01, 1.013102e-01, 1.489152e-01, 1.561623e-01, 1.624005e-01, 1.671113e-01, 1.672926e-01, 1.682479e-01, 1.682715e-01, 1.682783e-01
INFO:bingo.evolutionary_optimizers.parallel_archipelago:Performing migration between Islands
INFO:bingo.evolutionary_optimizers.parallel_archipelago:Evolution time 0:00:51.503237	 age 500	 fitness 5.127e-02
Level 25:bingo.evolutionary_optimizers.parallel_archipelago:Saving checkpoint: src/bingo_bias_vias_decomposition/checkpoints_st_30/implicit_st_30_p7_p3_7_490.pkl
INFO:bingo.evolutionary_optimizers.parallel_archipelago:Saved successfully
Level 25:bingo.evolutionary_optimizers.evolutionary_optimizer:Generation: 490 	 Elapsed time: 0:28:22.257979 	 Best training fitness: 5.127464e-02 	 
Level 25:bingo.evolutionary_optimizers.evolutionary_optimizer:490, 1.702258e+03, 5292436, 5.127464e-02, 5.127359e-02, 5.127376e-02, 7.558209e-02, 7.743452e-02, 8.168510e-02, 1.012358e-01, 1.013102e-01, 1.489152e-01, 1.561623e-01, 1.624005e-01, 1.671113e-01, 1.672926e-01, 1.682479e-01, 1.682715e-01, 1.682783e-01
INFO:bingo.evolutionary_optimizers.parallel_archipelago:Performing migration between Islands
INFO:bingo.evolutionary_optimizers.parallel_archipelago:Evolution time 0:00:40.318982	 age 510	 fitness 5.127e-02
Level 25:bingo.evolutionary_optimizers.parallel_archipelago:Saving checkpoint: src/bingo_bias_vias_decomposition/checkpoints_st_30/implicit_st_30_p7_p3_7_500.pkl
INFO:bingo.evolutionary_optimizers.parallel_archipelago:Saved successfully
Level 25:bingo.evolutionary_optimizers.evolutionary_optimizer:Generation: 500 	 Elapsed time: 0:29:02.847538 	 Best training fitness: 5.127464e-02 	 
Level 25:bingo.evolutionary_optimizers.evolutionary_optimizer:500, 1.742848e+03, 5397585, 5.127464e-02, 5.127359e-02, 5.127376e-02, 7.558209e-02, 7.743452e-02, 8.168510e-02, 1.012358e-01, 1.013102e-01, 1.489152e-01, 1.561623e-01, 1.624005e-01, 1.671113e-01, 1.672926e-01, 1.682479e-01, 1.682715e-01, 1.682783e-01
INFO:bingo.evolutionary_optimizers.parallel_archipelago:Performing migration between Islands
INFO:bingo.evolutionary_optimizers.parallel_archipelago:Evolution time 0:00:44.684521	 age 520	 fitness 5.127e-02
Level 25:bingo.evolutionary_optimizers.parallel_archipelago:Saving checkpoint: src/bingo_bias_vias_decomposition/checkpoints_st_30/implicit_st_30_p7_p3_7_510.pkl
INFO:bingo.evolutionary_optimizers.parallel_archipelago:Saved successfully
Level 25:bingo.evolutionary_optimizers.evolutionary_optimizer:Generation: 510 	 Elapsed time: 0:29:47.772379 	 Best training fitness: 5.127464e-02 	 
Level 25:bingo.evolutionary_optimizers.evolutionary_optimizer:510, 1.787772e+03, 5533468, 5.127464e-02, 5.127359e-02, 5.127376e-02, 7.558209e-02, 7.743452e-02, 8.164981e-02, 1.012358e-01, 1.013102e-01, 1.489152e-01, 1.561623e-01, 1.624005e-01, 1.671113e-01, 1.672926e-01, 1.682479e-01, 1.682715e-01, 1.682783e-01
INFO:bingo.evolutionary_optimizers.parallel_archipelago:Performing migration between Islands
INFO:bingo.evolutionary_optimizers.parallel_archipelago:Evolution time 0:00:43.158870	 age 530	 fitness 4.158e-02
Level 25:bingo.evolutionary_optimizers.parallel_archipelago:Saving checkpoint: src/bingo_bias_vias_decomposition/checkpoints_st_30/implicit_st_30_p7_p3_7_520.pkl
INFO:bingo.evolutionary_optimizers.parallel_archipelago:Saved successfully
Level 25:bingo.evolutionary_optimizers.evolutionary_optimizer:Generation: 520 	 Elapsed time: 0:30:31.179601 	 Best training fitness: 4.158199e-02 	 
Level 25:bingo.evolutionary_optimizers.evolutionary_optimizer:520, 1.831180e+03, 5659494, 4.158199e-02, 4.158199e-02, 1.624005e-01, 1.671113e-01, 1.672926e-01, 1.682479e-01, 1.682715e-01, 1.682783e-01
INFO:bingo.evolutionary_optimizers.parallel_archipelago:Performing migration between Islands
INFO:bingo.evolutionary_optimizers.parallel_archipelago:Evolution time 0:00:45.577933	 age 540	 fitness 0.000e+00
Level 25:bingo.evolutionary_optimizers.parallel_archipelago:Saving checkpoint: src/bingo_bias_vias_decomposition/checkpoints_st_30/implicit_st_30_p7_p3_7_530.pkl
INFO:bingo.evolutionary_optimizers.parallel_archipelago:Saved successfully
Level 25:bingo.evolutionary_optimizers.evolutionary_optimizer:Generation: 530 	 Elapsed time: 0:31:17.000518 	 Best training fitness: 0.000000e+00 	 
Level 25:bingo.evolutionary_optimizers.evolutionary_optimizer:530, 1.877001e+03, 5752157, 0.000000e+00, 0.000000e+00, 1.682479e-01, 1.682715e-01, 1.682783e-01
Level 25:bingo.evolutionary_optimizers.evolutionary_optimizer:Evolution successfully converged.
Level 25:bingo.evolutionary_optimizers.evolutionary_optimizer:  Absolte convergence occurred with best fitness < 1e-10
Level 25:bingo.evolutionary_optimizers.evolutionary_optimizer:Hall of Fame:
0.0	7	sin(log((X_1)(X_1) + (X_0)(X_0)))
0.16824793299829569	5	sin(-0.016543 + log((-0.016543)(-0.016543)))
0.16827146925647818	2	log(0.392997)
0.1682783397631537	1	-0.933768
