Level 25:bingo.evolutionary_optimizers.evolutionary_optimizer:#generational_age, elapsed_time, fitness_evaluation_count, current_training_fitness, hall_of_fame_fitnesses
Level 25:bingo.evolutionary_optimizers.evolutionary_optimizer:#generational_age, elapsed_time, fitness_evaluation_count, current_training_fitness, hall_of_fame_fitnesses
Level 25:bingo.evolutionary_optimizers.evolutionary_optimizer:Generation: 0 	 Elapsed time: 0:00:04.401954 	 Best training fitness: 1.212360e-01 	 
Level 25:bingo.evolutionary_optimizers.evolutionary_optimizer:0, 4.401954e+00, 13898, 1.212360e-01
INFO:bingo.evolutionary_optimizers.parallel_archipelago:Evolution time 0:00:28.833896	 age 20	 fitness 1.200e-01
Level 25:bingo.evolutionary_optimizers.evolutionary_optimizer:Generation: 10 	 Elapsed time: 0:00:33.442493 	 Best training fitness: 1.200256e-01 	 
Level 25:bingo.evolutionary_optimizers.evolutionary_optimizer:10, 3.344249e+01, 111580, 1.200256e-01, 1.200256e-01, 1.203719e-01, 1.205071e-01, 1.205453e-01, 1.210142e-01
INFO:bingo.evolutionary_optimizers.parallel_archipelago:Evolution time 0:00:21.221644	 age 40	 fitness 1.201e-01
Level 25:bingo.evolutionary_optimizers.evolutionary_optimizer:Generation: 20 	 Elapsed time: 0:00:54.896790 	 Best training fitness: 1.200680e-01 	 
Level 25:bingo.evolutionary_optimizers.evolutionary_optimizer:20, 5.489679e+01, 170081, 1.200680e-01, 1.200256e-01, 1.201908e-01, 1.202988e-01, 1.205071e-01, 1.205453e-01, 1.208790e-01
INFO:bingo.evolutionary_optimizers.parallel_archipelago:Evolution time 0:00:19.886008	 age 50	 fitness 1.200e-01
Level 25:bingo.evolutionary_optimizers.evolutionary_optimizer:Generation: 30 	 Elapsed time: 0:01:15.052418 	 Best training fitness: 1.199582e-01 	 
Level 25:bingo.evolutionary_optimizers.evolutionary_optimizer:30, 7.505242e+01, 226284, 1.199582e-01, 1.199582e-01, 1.200423e-01, 1.200652e-01, 1.201144e-01, 1.203828e-01, 1.203866e-01, 1.205071e-01, 1.205453e-01, 1.208480e-01
INFO:bingo.evolutionary_optimizers.parallel_archipelago:Evolution time 0:00:24.099100	 age 80	 fitness 1.197e-01
Level 25:bingo.evolutionary_optimizers.evolutionary_optimizer:Generation: 40 	 Elapsed time: 0:01:39.393650 	 Best training fitness: 1.196902e-01 	 
Level 25:bingo.evolutionary_optimizers.evolutionary_optimizer:40, 9.939365e+01, 298290, 1.196902e-01, 1.196902e-01, 1.199086e-01, 1.200423e-01, 1.200433e-01, 1.200652e-01, 1.201144e-01, 1.203040e-01, 1.203560e-01, 1.203866e-01, 1.204698e-01, 1.205453e-01, 1.208480e-01
INFO:bingo.evolutionary_optimizers.parallel_archipelago:Evolution time 0:00:27.689079	 age 90	 fitness 1.192e-01
Level 25:bingo.evolutionary_optimizers.evolutionary_optimizer:Generation: 50 	 Elapsed time: 0:02:07.332846 	 Best training fitness: 1.192050e-01 	 
Level 25:bingo.evolutionary_optimizers.evolutionary_optimizer:50, 1.273328e+02, 368011, 1.192050e-01, 1.192050e-01, 1.196924e-01, 1.200652e-01, 1.201144e-01, 1.203040e-01, 1.203380e-01, 1.203777e-01
INFO:bingo.evolutionary_optimizers.parallel_archipelago:Evolution time 0:00:33.759335	 age 100	 fitness 1.191e-01
Level 25:bingo.evolutionary_optimizers.evolutionary_optimizer:Generation: 60 	 Elapsed time: 0:02:41.318224 	 Best training fitness: 1.191060e-01 	 
Level 25:bingo.evolutionary_optimizers.evolutionary_optimizer:60, 1.613182e+02, 429632, 1.191060e-01, 1.191060e-01, 1.194745e-01, 1.200652e-01, 1.201144e-01, 1.203040e-01, 1.203380e-01, 1.203777e-01
INFO:bingo.evolutionary_optimizers.parallel_archipelago:Evolution time 0:00:13.911049	 age 110	 fitness 1.190e-01
Level 25:bingo.evolutionary_optimizers.evolutionary_optimizer:Generation: 70 	 Elapsed time: 0:02:55.463672 	 Best training fitness: 1.189624e-01 	 
Level 25:bingo.evolutionary_optimizers.evolutionary_optimizer:70, 1.754637e+02, 479111, 1.189624e-01, 1.189624e-01, 1.191524e-01, 1.193759e-01, 1.194745e-01, 1.200652e-01, 1.201144e-01, 1.202349e-01, 1.203030e-01, 1.203084e-01
INFO:bingo.evolutionary_optimizers.parallel_archipelago:Evolution time 0:00:55.245491	 age 150	 fitness 1.190e-01
Level 25:bingo.evolutionary_optimizers.evolutionary_optimizer:Generation: 80 	 Elapsed time: 0:03:50.952165 	 Best training fitness: 1.190150e-01 	 
Level 25:bingo.evolutionary_optimizers.evolutionary_optimizer:80, 2.309522e+02, 584886, 1.190150e-01, 1.189624e-01, 1.190839e-01, 1.191244e-01, 1.193100e-01, 1.194745e-01, 1.200652e-01, 1.201144e-01, 1.202349e-01, 1.203030e-01, 1.203084e-01
INFO:bingo.evolutionary_optimizers.parallel_archipelago:Evolution time 0:00:22.269267	 age 160	 fitness 1.190e-01
Level 25:bingo.evolutionary_optimizers.evolutionary_optimizer:Generation: 90 	 Elapsed time: 0:04:13.653786 	 Best training fitness: 1.190254e-01 	 
Level 25:bingo.evolutionary_optimizers.evolutionary_optimizer:90, 2.536538e+02, 644995, 1.190254e-01, 1.189624e-01, 1.190510e-01, 1.200652e-01, 1.201144e-01, 1.202349e-01, 1.203030e-01, 1.203084e-01
INFO:bingo.evolutionary_optimizers.parallel_archipelago:Evolution time 0:00:40.177255	 age 190	 fitness 1.090e-01
Level 25:bingo.evolutionary_optimizers.evolutionary_optimizer:Generation: 100 	 Elapsed time: 0:04:54.090256 	 Best training fitness: 1.090043e-01 	 
Level 25:bingo.evolutionary_optimizers.evolutionary_optimizer:100, 2.940903e+02, 716382, 1.090043e-01, 1.090043e-01, 1.178157e-01, 1.200652e-01, 1.201144e-01, 1.202349e-01, 1.202695e-01
INFO:bingo.evolutionary_optimizers.parallel_archipelago:Evolution time 0:00:18.918144	 age 200	 fitness 1.087e-01
Level 25:bingo.evolutionary_optimizers.evolutionary_optimizer:Generation: 110 	 Elapsed time: 0:05:13.235562 	 Best training fitness: 1.087247e-01 	 
Level 25:bingo.evolutionary_optimizers.evolutionary_optimizer:110, 3.132356e+02, 767945, 1.087247e-01, 1.087247e-01, 1.089416e-01, 1.178157e-01, 1.200652e-01, 1.201144e-01, 1.202349e-01, 1.202695e-01
INFO:bingo.evolutionary_optimizers.parallel_archipelago:Evolution time 0:00:27.631958	 age 210	 fitness 9.704e-02
Level 25:bingo.evolutionary_optimizers.evolutionary_optimizer:Generation: 120 	 Elapsed time: 0:05:41.092619 	 Best training fitness: 9.703766e-02 	 
Level 25:bingo.evolutionary_optimizers.evolutionary_optimizer:120, 3.410926e+02, 828100, 9.703766e-02, 9.703766e-02, 1.005188e-01, 1.034677e-01, 1.159181e-01, 1.178157e-01, 1.200652e-01, 1.201144e-01, 1.202349e-01, 1.202695e-01
INFO:bingo.evolutionary_optimizers.parallel_archipelago:Evolution time 0:00:27.444160	 age 230	 fitness 7.414e-02
Level 25:bingo.evolutionary_optimizers.evolutionary_optimizer:Generation: 130 	 Elapsed time: 0:06:08.760817 	 Best training fitness: 7.413955e-02 	 
Level 25:bingo.evolutionary_optimizers.evolutionary_optimizer:130, 3.687608e+02, 886185, 7.413955e-02, 7.413955e-02, 8.649363e-02, 9.293376e-02, 1.000717e-01, 1.061262e-01, 1.178157e-01, 1.200652e-01, 1.201144e-01, 1.202349e-01, 1.202695e-01
INFO:bingo.evolutionary_optimizers.parallel_archipelago:Evolution time 0:00:49.205729	 age 240	 fitness 7.407e-02
Level 25:bingo.evolutionary_optimizers.evolutionary_optimizer:Generation: 140 	 Elapsed time: 0:06:58.196083 	 Best training fitness: 7.406803e-02 	 
Level 25:bingo.evolutionary_optimizers.evolutionary_optimizer:140, 4.181961e+02, 963136, 7.406803e-02, 7.406803e-02, 8.649363e-02, 9.280454e-02, 1.000717e-01, 1.061262e-01, 1.061264e-01, 1.200652e-01, 1.201144e-01, 1.202349e-01, 1.202439e-01
INFO:bingo.evolutionary_optimizers.parallel_archipelago:Evolution time 0:00:48.107663	 age 250	 fitness 5.627e-02
Level 25:bingo.evolutionary_optimizers.evolutionary_optimizer:Generation: 150 	 Elapsed time: 0:07:46.537608 	 Best training fitness: 5.627397e-02 	 
Level 25:bingo.evolutionary_optimizers.evolutionary_optimizer:150, 4.665376e+02, 1038417, 5.627397e-02, 5.627397e-02, 7.401269e-02, 8.616164e-02, 9.262286e-02, 1.000717e-01, 1.061262e-01, 1.061264e-01, 1.200652e-01, 1.201144e-01, 1.202349e-01, 1.202439e-01
INFO:bingo.evolutionary_optimizers.parallel_archipelago:Evolution time 0:00:43.217766	 age 260	 fitness 5.618e-02
Level 25:bingo.evolutionary_optimizers.evolutionary_optimizer:Generation: 160 	 Elapsed time: 0:08:29.985199 	 Best training fitness: 5.617652e-02 	 
Level 25:bingo.evolutionary_optimizers.evolutionary_optimizer:160, 5.099852e+02, 1114718, 5.617652e-02, 5.617652e-02, 7.401269e-02, 7.401856e-02, 8.616164e-02, 9.262286e-02, 1.000717e-01, 1.061262e-01, 1.061264e-01, 1.200652e-01, 1.201144e-01, 1.202349e-01, 1.202439e-01
INFO:bingo.evolutionary_optimizers.parallel_archipelago:Evolution time 0:00:40.580491	 age 280	 fitness 5.542e-02
Level 25:bingo.evolutionary_optimizers.evolutionary_optimizer:Generation: 170 	 Elapsed time: 0:09:10.831504 	 Best training fitness: 5.541862e-02 	 
Level 25:bingo.evolutionary_optimizers.evolutionary_optimizer:170, 5.508315e+02, 1191880, 5.541862e-02, 5.541862e-02, 7.342648e-02, 7.401856e-02, 8.616164e-02, 9.262286e-02, 9.799189e-02, 1.201144e-01, 1.202349e-01, 1.202439e-01
INFO:bingo.evolutionary_optimizers.parallel_archipelago:Evolution time 0:00:40.715420	 age 290	 fitness 5.534e-02
Level 25:bingo.evolutionary_optimizers.evolutionary_optimizer:Generation: 180 	 Elapsed time: 0:09:51.775399 	 Best training fitness: 5.534433e-02 	 
Level 25:bingo.evolutionary_optimizers.evolutionary_optimizer:180, 5.917754e+02, 1271536, 5.534433e-02, 5.534433e-02, 7.342648e-02, 7.401856e-02, 8.160279e-02, 8.616164e-02, 9.262286e-02, 9.751641e-02, 1.201144e-01, 1.202349e-01, 1.202439e-01
INFO:bingo.evolutionary_optimizers.parallel_archipelago:Evolution time 0:00:41.577444	 age 300	 fitness 5.532e-02
Level 25:bingo.evolutionary_optimizers.evolutionary_optimizer:Generation: 190 	 Elapsed time: 0:10:33.581545 	 Best training fitness: 5.532254e-02 	 
Level 25:bingo.evolutionary_optimizers.evolutionary_optimizer:190, 6.335815e+02, 1348740, 5.532254e-02, 5.532254e-02, 5.545771e-02, 7.333574e-02, 7.401856e-02, 8.160279e-02, 8.616164e-02, 9.262286e-02, 9.744250e-02, 1.201144e-01, 1.202349e-01, 1.202439e-01
INFO:bingo.evolutionary_optimizers.parallel_archipelago:Evolution time 0:00:46.596727	 age 310	 fitness 5.526e-02
Level 25:bingo.evolutionary_optimizers.evolutionary_optimizer:Generation: 200 	 Elapsed time: 0:11:20.411520 	 Best training fitness: 5.525748e-02 	 
Level 25:bingo.evolutionary_optimizers.evolutionary_optimizer:200, 6.804115e+02, 1431421, 5.525748e-02, 5.525748e-02, 5.529428e-02, 5.536794e-02, 7.324696e-02, 7.401856e-02, 8.160279e-02, 8.616164e-02, 9.262286e-02, 9.744250e-02, 1.201144e-01, 1.202349e-01, 1.202439e-01
INFO:bingo.evolutionary_optimizers.parallel_archipelago:Evolution time 0:00:49.172860	 age 320	 fitness 4.564e-02
Level 25:bingo.evolutionary_optimizers.evolutionary_optimizer:Generation: 210 	 Elapsed time: 0:12:09.821163 	 Best training fitness: 4.564289e-02 	 
Level 25:bingo.evolutionary_optimizers.evolutionary_optimizer:210, 7.298212e+02, 1519077, 4.564289e-02, 4.564289e-02, 5.525748e-02, 5.527184e-02, 5.536794e-02, 7.324696e-02, 7.401856e-02, 7.456518e-02, 8.616164e-02, 8.652806e-02, 9.262286e-02, 9.734920e-02, 1.201144e-01, 1.202349e-01, 1.202439e-01
INFO:bingo.evolutionary_optimizers.parallel_archipelago:Evolution time 0:00:29.242842	 age 330	 fitness 4.564e-02
Level 25:bingo.evolutionary_optimizers.evolutionary_optimizer:Generation: 220 	 Elapsed time: 0:12:39.304760 	 Best training fitness: 4.563859e-02 	 
Level 25:bingo.evolutionary_optimizers.evolutionary_optimizer:220, 7.593048e+02, 1599334, 4.563859e-02, 4.563859e-02, 5.525748e-02, 5.527184e-02, 5.536794e-02, 7.324696e-02, 7.369516e-02, 9.734920e-02, 1.201144e-01, 1.202349e-01, 1.202439e-01
INFO:bingo.evolutionary_optimizers.parallel_archipelago:Evolution time 0:00:32.033956	 age 340	 fitness 7.110e-17
Level 25:bingo.evolutionary_optimizers.evolutionary_optimizer:Generation: 230 	 Elapsed time: 0:13:11.571915 	 Best training fitness: 7.109543e-17 	 
Level 25:bingo.evolutionary_optimizers.evolutionary_optimizer:230, 7.915719e+02, 1678775, 7.109543e-17, 7.109543e-17, 1.201144e-01, 1.202349e-01, 1.202439e-01
Level 25:bingo.evolutionary_optimizers.evolutionary_optimizer:Evolution successfully converged.
Level 25:bingo.evolutionary_optimizers.evolutionary_optimizer:  Absolte convergence occurred with best fitness < 1e-10
Level 25:bingo.evolutionary_optimizers.evolutionary_optimizer:Hall of Fame:
7.109542512023842e-17	8	sin(log((X_0)(X_0) + (X_1)(X_1)))
0.12011442818819046	7	sin(log(((0.077613)(X_0))(log((0.077613)(X_0)))))
0.1202349266867086	4	((sin(4.925877))(sin(4.925877)))(sin(4.925877))
0.12024394829297079	1	-0.932476
