Level 25:bingo.evolutionary_optimizers.evolutionary_optimizer:#generational_age, elapsed_time, fitness_evaluation_count, current_training_fitness, hall_of_fame_fitnesses
Level 25:bingo.evolutionary_optimizers.evolutionary_optimizer:#generational_age, elapsed_time, fitness_evaluation_count, current_training_fitness, hall_of_fame_fitnesses
Level 25:bingo.evolutionary_optimizers.parallel_archipelago:Saving checkpoint: src/bingo_bias_vias_decomposition/checkpoints_st_30/implicit_st_30_p8_p2_7_0.pkl
INFO:bingo.evolutionary_optimizers.parallel_archipelago:Saved successfully
Level 25:bingo.evolutionary_optimizers.evolutionary_optimizer:Generation: 0 	 Elapsed time: 0:00:06.371714 	 Best training fitness: 1.925286e-01 	 
Level 25:bingo.evolutionary_optimizers.evolutionary_optimizer:0, 6.371714e+00, 15800, 1.925286e-01
INFO:bingo.evolutionary_optimizers.parallel_archipelago:Performing migration between Islands
INFO:bingo.evolutionary_optimizers.parallel_archipelago:Evolution time 0:00:44.030264	 age 20	 fitness 1.923e-01
Level 25:bingo.evolutionary_optimizers.parallel_archipelago:Saving checkpoint: src/bingo_bias_vias_decomposition/checkpoints_st_30/implicit_st_30_p8_p2_7_10.pkl
INFO:bingo.evolutionary_optimizers.parallel_archipelago:Saved successfully
Level 25:bingo.evolutionary_optimizers.evolutionary_optimizer:Generation: 10 	 Elapsed time: 0:00:50.663891 	 Best training fitness: 1.923310e-01 	 
Level 25:bingo.evolutionary_optimizers.evolutionary_optimizer:10, 5.066389e+01, 142824, 1.923310e-01, 1.923310e-01, 1.923594e-01, 1.924307e-01, 1.924455e-01, 1.927664e-01
INFO:bingo.evolutionary_optimizers.parallel_archipelago:Performing migration between Islands
INFO:bingo.evolutionary_optimizers.parallel_archipelago:Evolution time 0:00:23.220675	 age 30	 fitness 1.923e-01
Level 25:bingo.evolutionary_optimizers.parallel_archipelago:Saving checkpoint: src/bingo_bias_vias_decomposition/checkpoints_st_30/implicit_st_30_p8_p2_7_20.pkl
INFO:bingo.evolutionary_optimizers.parallel_archipelago:Saved successfully
Level 25:bingo.evolutionary_optimizers.evolutionary_optimizer:Generation: 20 	 Elapsed time: 0:01:14.183411 	 Best training fitness: 1.923358e-01 	 
Level 25:bingo.evolutionary_optimizers.evolutionary_optimizer:20, 7.418341e+01, 212195, 1.923358e-01, 1.923310e-01, 1.923369e-01, 1.923432e-01, 1.923761e-01, 1.923935e-01, 1.923957e-01, 1.927664e-01
INFO:bingo.evolutionary_optimizers.parallel_archipelago:Performing migration between Islands
INFO:bingo.evolutionary_optimizers.parallel_archipelago:Evolution time 0:00:17.677773	 age 40	 fitness 1.923e-01
Level 25:bingo.evolutionary_optimizers.parallel_archipelago:Saving checkpoint: src/bingo_bias_vias_decomposition/checkpoints_st_30/implicit_st_30_p8_p2_7_30.pkl
INFO:bingo.evolutionary_optimizers.parallel_archipelago:Saved successfully
Level 25:bingo.evolutionary_optimizers.evolutionary_optimizer:Generation: 30 	 Elapsed time: 0:01:32.126614 	 Best training fitness: 1.923205e-01 	 
Level 25:bingo.evolutionary_optimizers.evolutionary_optimizer:30, 9.212661e+01, 269625, 1.923205e-01, 1.923205e-01, 1.923360e-01, 1.923935e-01, 1.923957e-01, 1.927664e-01
INFO:bingo.evolutionary_optimizers.parallel_archipelago:Performing migration between Islands
INFO:bingo.evolutionary_optimizers.parallel_archipelago:Evolution time 0:00:37.791665	 age 50	 fitness 1.923e-01
Level 25:bingo.evolutionary_optimizers.parallel_archipelago:Saving checkpoint: src/bingo_bias_vias_decomposition/checkpoints_st_30/implicit_st_30_p8_p2_7_40.pkl
INFO:bingo.evolutionary_optimizers.parallel_archipelago:Saved successfully
Level 25:bingo.evolutionary_optimizers.evolutionary_optimizer:Generation: 40 	 Elapsed time: 0:02:10.176750 	 Best training fitness: 1.923040e-01 	 
Level 25:bingo.evolutionary_optimizers.evolutionary_optimizer:40, 1.301767e+02, 356383, 1.923040e-01, 1.923040e-01, 1.923364e-01, 1.923957e-01, 1.924463e-01
INFO:bingo.evolutionary_optimizers.parallel_archipelago:Performing migration between Islands
INFO:bingo.evolutionary_optimizers.parallel_archipelago:Evolution time 0:00:18.966805	 age 60	 fitness 1.923e-01
Level 25:bingo.evolutionary_optimizers.parallel_archipelago:Saving checkpoint: src/bingo_bias_vias_decomposition/checkpoints_st_30/implicit_st_30_p8_p2_7_50.pkl
INFO:bingo.evolutionary_optimizers.parallel_archipelago:Saved successfully
Level 25:bingo.evolutionary_optimizers.evolutionary_optimizer:Generation: 50 	 Elapsed time: 0:02:29.388200 	 Best training fitness: 1.923040e-01 	 
Level 25:bingo.evolutionary_optimizers.evolutionary_optimizer:50, 1.493882e+02, 416832, 1.923040e-01, 1.923040e-01, 1.923364e-01, 1.923374e-01
INFO:bingo.evolutionary_optimizers.parallel_archipelago:Performing migration between Islands
INFO:bingo.evolutionary_optimizers.parallel_archipelago:Evolution time 0:00:33.244313	 age 70	 fitness 1.923e-01
Level 25:bingo.evolutionary_optimizers.parallel_archipelago:Saving checkpoint: src/bingo_bias_vias_decomposition/checkpoints_st_30/implicit_st_30_p8_p2_7_60.pkl
INFO:bingo.evolutionary_optimizers.parallel_archipelago:Saved successfully
Level 25:bingo.evolutionary_optimizers.evolutionary_optimizer:Generation: 60 	 Elapsed time: 0:03:02.876632 	 Best training fitness: 1.923024e-01 	 
Level 25:bingo.evolutionary_optimizers.evolutionary_optimizer:60, 1.828766e+02, 512425, 1.923024e-01, 1.923024e-01, 1.923133e-01
INFO:bingo.evolutionary_optimizers.parallel_archipelago:Performing migration between Islands
INFO:bingo.evolutionary_optimizers.parallel_archipelago:Evolution time 0:00:17.860790	 age 80	 fitness 1.923e-01
Level 25:bingo.evolutionary_optimizers.parallel_archipelago:Saving checkpoint: src/bingo_bias_vias_decomposition/checkpoints_st_30/implicit_st_30_p8_p2_7_70.pkl
INFO:bingo.evolutionary_optimizers.parallel_archipelago:Saved successfully
Level 25:bingo.evolutionary_optimizers.evolutionary_optimizer:Generation: 70 	 Elapsed time: 0:03:20.978472 	 Best training fitness: 1.922674e-01 	 
Level 25:bingo.evolutionary_optimizers.evolutionary_optimizer:70, 2.009785e+02, 567847, 1.922674e-01, 1.922674e-01, 1.923133e-01
INFO:bingo.evolutionary_optimizers.parallel_archipelago:Performing migration between Islands
INFO:bingo.evolutionary_optimizers.parallel_archipelago:Evolution time 0:00:12.958946	 age 90	 fitness 1.923e-01
Level 25:bingo.evolutionary_optimizers.parallel_archipelago:Saving checkpoint: src/bingo_bias_vias_decomposition/checkpoints_st_30/implicit_st_30_p8_p2_7_80.pkl
INFO:bingo.evolutionary_optimizers.parallel_archipelago:Saved successfully
Level 25:bingo.evolutionary_optimizers.evolutionary_optimizer:Generation: 80 	 Elapsed time: 0:03:34.177398 	 Best training fitness: 1.922942e-01 	 
Level 25:bingo.evolutionary_optimizers.evolutionary_optimizer:80, 2.141774e+02, 612850, 1.922942e-01, 1.922674e-01, 1.923133e-01
INFO:bingo.evolutionary_optimizers.parallel_archipelago:Performing migration between Islands
INFO:bingo.evolutionary_optimizers.parallel_archipelago:Evolution time 0:00:35.984971	 age 100	 fitness 1.923e-01
Level 25:bingo.evolutionary_optimizers.parallel_archipelago:Saving checkpoint: src/bingo_bias_vias_decomposition/checkpoints_st_30/implicit_st_30_p8_p2_7_90.pkl
INFO:bingo.evolutionary_optimizers.parallel_archipelago:Saved successfully
Level 25:bingo.evolutionary_optimizers.evolutionary_optimizer:Generation: 90 	 Elapsed time: 0:04:10.446239 	 Best training fitness: 1.922740e-01 	 
Level 25:bingo.evolutionary_optimizers.evolutionary_optimizer:90, 2.504462e+02, 695151, 1.922740e-01, 1.922674e-01, 1.923133e-01
INFO:bingo.evolutionary_optimizers.parallel_archipelago:Performing migration between Islands
INFO:bingo.evolutionary_optimizers.parallel_archipelago:Evolution time 0:00:33.075804	 age 110	 fitness 1.923e-01
Level 25:bingo.evolutionary_optimizers.parallel_archipelago:Saving checkpoint: src/bingo_bias_vias_decomposition/checkpoints_st_30/implicit_st_30_p8_p2_7_100.pkl
INFO:bingo.evolutionary_optimizers.parallel_archipelago:Saved successfully
Level 25:bingo.evolutionary_optimizers.evolutionary_optimizer:Generation: 100 	 Elapsed time: 0:04:43.784108 	 Best training fitness: 1.922956e-01 	 
Level 25:bingo.evolutionary_optimizers.evolutionary_optimizer:100, 2.837841e+02, 781153, 1.922956e-01, 1.922674e-01, 1.922956e-01
INFO:bingo.evolutionary_optimizers.parallel_archipelago:Performing migration between Islands
INFO:bingo.evolutionary_optimizers.parallel_archipelago:Evolution time 0:00:32.785070	 age 120	 fitness 1.916e-01
Level 25:bingo.evolutionary_optimizers.parallel_archipelago:Saving checkpoint: src/bingo_bias_vias_decomposition/checkpoints_st_30/implicit_st_30_p8_p2_7_110.pkl
INFO:bingo.evolutionary_optimizers.parallel_archipelago:Saved successfully
Level 25:bingo.evolutionary_optimizers.evolutionary_optimizer:Generation: 110 	 Elapsed time: 0:05:16.820470 	 Best training fitness: 1.915851e-01 	 
Level 25:bingo.evolutionary_optimizers.evolutionary_optimizer:110, 3.168205e+02, 859622, 1.915851e-01, 1.915851e-01, 1.922081e-01, 1.922674e-01, 1.922956e-01
INFO:bingo.evolutionary_optimizers.parallel_archipelago:Performing migration between Islands
INFO:bingo.evolutionary_optimizers.parallel_archipelago:Evolution time 0:00:21.281607	 age 130	 fitness 1.914e-01
Level 25:bingo.evolutionary_optimizers.parallel_archipelago:Saving checkpoint: src/bingo_bias_vias_decomposition/checkpoints_st_30/implicit_st_30_p8_p2_7_120.pkl
INFO:bingo.evolutionary_optimizers.parallel_archipelago:Saved successfully
Level 25:bingo.evolutionary_optimizers.evolutionary_optimizer:Generation: 120 	 Elapsed time: 0:05:38.357252 	 Best training fitness: 1.914185e-01 	 
Level 25:bingo.evolutionary_optimizers.evolutionary_optimizer:120, 3.383573e+02, 927593, 1.914185e-01, 1.914185e-01, 1.922081e-01, 1.922653e-01, 1.922674e-01, 1.922956e-01
INFO:bingo.evolutionary_optimizers.parallel_archipelago:Performing migration between Islands
INFO:bingo.evolutionary_optimizers.parallel_archipelago:Evolution time 0:00:17.658251	 age 140	 fitness 1.736e-01
Level 25:bingo.evolutionary_optimizers.parallel_archipelago:Saving checkpoint: src/bingo_bias_vias_decomposition/checkpoints_st_30/implicit_st_30_p8_p2_7_130.pkl
INFO:bingo.evolutionary_optimizers.parallel_archipelago:Saved successfully
Level 25:bingo.evolutionary_optimizers.evolutionary_optimizer:Generation: 130 	 Elapsed time: 0:05:56.269004 	 Best training fitness: 1.736448e-01 	 
Level 25:bingo.evolutionary_optimizers.evolutionary_optimizer:130, 3.562690e+02, 978561, 1.736448e-01, 1.736448e-01, 1.904662e-01, 1.914453e-01, 1.922081e-01, 1.922653e-01, 1.922674e-01, 1.922748e-01
INFO:bingo.evolutionary_optimizers.parallel_archipelago:Performing migration between Islands
INFO:bingo.evolutionary_optimizers.parallel_archipelago:Evolution time 0:00:29.751801	 age 150	 fitness 1.652e-01
Level 25:bingo.evolutionary_optimizers.parallel_archipelago:Saving checkpoint: src/bingo_bias_vias_decomposition/checkpoints_st_30/implicit_st_30_p8_p2_7_140.pkl
INFO:bingo.evolutionary_optimizers.parallel_archipelago:Saved successfully
Level 25:bingo.evolutionary_optimizers.evolutionary_optimizer:Generation: 140 	 Elapsed time: 0:06:26.289014 	 Best training fitness: 1.652348e-01 	 
Level 25:bingo.evolutionary_optimizers.evolutionary_optimizer:140, 3.862890e+02, 1047134, 1.652348e-01, 1.652348e-01, 1.735444e-01, 1.885068e-01, 1.922081e-01, 1.922653e-01, 1.922674e-01, 1.922748e-01
INFO:bingo.evolutionary_optimizers.parallel_archipelago:Performing migration between Islands
INFO:bingo.evolutionary_optimizers.parallel_archipelago:Evolution time 0:00:21.045909	 age 160	 fitness 1.651e-01
Level 25:bingo.evolutionary_optimizers.parallel_archipelago:Saving checkpoint: src/bingo_bias_vias_decomposition/checkpoints_st_30/implicit_st_30_p8_p2_7_150.pkl
INFO:bingo.evolutionary_optimizers.parallel_archipelago:Saved successfully
Level 25:bingo.evolutionary_optimizers.evolutionary_optimizer:Generation: 150 	 Elapsed time: 0:06:47.611037 	 Best training fitness: 1.651363e-01 	 
Level 25:bingo.evolutionary_optimizers.evolutionary_optimizer:150, 4.076110e+02, 1118181, 1.651363e-01, 1.651363e-01, 1.719057e-01, 1.884418e-01, 1.891473e-01, 1.916845e-01, 1.922081e-01, 1.922653e-01, 1.922674e-01, 1.922748e-01
INFO:bingo.evolutionary_optimizers.parallel_archipelago:Performing migration between Islands
INFO:bingo.evolutionary_optimizers.parallel_archipelago:Evolution time 0:00:42.257771	 age 170	 fitness 1.651e-01
Level 25:bingo.evolutionary_optimizers.parallel_archipelago:Saving checkpoint: src/bingo_bias_vias_decomposition/checkpoints_st_30/implicit_st_30_p8_p2_7_160.pkl
INFO:bingo.evolutionary_optimizers.parallel_archipelago:Saved successfully
Level 25:bingo.evolutionary_optimizers.evolutionary_optimizer:Generation: 160 	 Elapsed time: 0:07:30.162502 	 Best training fitness: 1.651047e-01 	 
Level 25:bingo.evolutionary_optimizers.evolutionary_optimizer:160, 4.501625e+02, 1228681, 1.651047e-01, 1.651047e-01, 1.719057e-01, 1.884328e-01, 1.889691e-01, 1.916845e-01, 1.922081e-01, 1.922653e-01, 1.922674e-01, 1.922748e-01
INFO:bingo.evolutionary_optimizers.parallel_archipelago:Performing migration between Islands
INFO:bingo.evolutionary_optimizers.parallel_archipelago:Evolution time 0:00:21.480082	 age 180	 fitness 1.651e-01
Level 25:bingo.evolutionary_optimizers.parallel_archipelago:Saving checkpoint: src/bingo_bias_vias_decomposition/checkpoints_st_30/implicit_st_30_p8_p2_7_170.pkl
INFO:bingo.evolutionary_optimizers.parallel_archipelago:Saved successfully
Level 25:bingo.evolutionary_optimizers.evolutionary_optimizer:Generation: 170 	 Elapsed time: 0:07:51.908080 	 Best training fitness: 1.650962e-01 	 
Level 25:bingo.evolutionary_optimizers.evolutionary_optimizer:170, 4.719081e+02, 1297856, 1.650962e-01, 1.650962e-01, 1.719057e-01, 1.884328e-01, 1.889691e-01, 1.916845e-01, 1.919028e-01, 1.922653e-01, 1.922674e-01, 1.922748e-01
INFO:bingo.evolutionary_optimizers.parallel_archipelago:Performing migration between Islands
INFO:bingo.evolutionary_optimizers.parallel_archipelago:Evolution time 0:00:31.857066	 age 190	 fitness 1.433e-01
Level 25:bingo.evolutionary_optimizers.parallel_archipelago:Saving checkpoint: src/bingo_bias_vias_decomposition/checkpoints_st_30/implicit_st_30_p8_p2_7_180.pkl
INFO:bingo.evolutionary_optimizers.parallel_archipelago:Saved successfully
Level 25:bingo.evolutionary_optimizers.evolutionary_optimizer:Generation: 180 	 Elapsed time: 0:08:24.024019 	 Best training fitness: 1.433060e-01 	 
Level 25:bingo.evolutionary_optimizers.evolutionary_optimizer:180, 5.040240e+02, 1374917, 1.433060e-01, 1.433060e-01, 1.773909e-01, 1.919028e-01, 1.922653e-01, 1.922674e-01, 1.922748e-01
INFO:bingo.evolutionary_optimizers.parallel_archipelago:Performing migration between Islands
INFO:bingo.evolutionary_optimizers.parallel_archipelago:Evolution time 0:00:46.388325	 age 200	 fitness 1.072e-01
Level 25:bingo.evolutionary_optimizers.parallel_archipelago:Saving checkpoint: src/bingo_bias_vias_decomposition/checkpoints_st_30/implicit_st_30_p8_p2_7_190.pkl
INFO:bingo.evolutionary_optimizers.parallel_archipelago:Saved successfully
Level 25:bingo.evolutionary_optimizers.evolutionary_optimizer:Generation: 190 	 Elapsed time: 0:09:10.675773 	 Best training fitness: 1.072002e-01 	 
Level 25:bingo.evolutionary_optimizers.evolutionary_optimizer:190, 5.506758e+02, 1471417, 1.072002e-01, 1.072002e-01, 1.433060e-01, 1.773121e-01, 1.894264e-01, 1.922653e-01, 1.922674e-01, 1.922748e-01
INFO:bingo.evolutionary_optimizers.parallel_archipelago:Performing migration between Islands
INFO:bingo.evolutionary_optimizers.parallel_archipelago:Evolution time 0:00:22.344392	 age 210	 fitness 7.948e-02
Level 25:bingo.evolutionary_optimizers.parallel_archipelago:Saving checkpoint: src/bingo_bias_vias_decomposition/checkpoints_st_30/implicit_st_30_p8_p2_7_200.pkl
INFO:bingo.evolutionary_optimizers.parallel_archipelago:Saved successfully
Level 25:bingo.evolutionary_optimizers.evolutionary_optimizer:Generation: 200 	 Elapsed time: 0:09:33.280824 	 Best training fitness: 7.948014e-02 	 
Level 25:bingo.evolutionary_optimizers.evolutionary_optimizer:200, 5.732808e+02, 1551535, 7.948014e-02, 7.948014e-02, 1.071522e-01, 1.085707e-01, 1.894264e-01, 1.922653e-01, 1.922674e-01, 1.922748e-01
INFO:bingo.evolutionary_optimizers.parallel_archipelago:Performing migration between Islands
INFO:bingo.evolutionary_optimizers.parallel_archipelago:Evolution time 0:00:50.067915	 age 220	 fitness 6.831e-02
Level 25:bingo.evolutionary_optimizers.parallel_archipelago:Saving checkpoint: src/bingo_bias_vias_decomposition/checkpoints_st_30/implicit_st_30_p8_p2_7_210.pkl
INFO:bingo.evolutionary_optimizers.parallel_archipelago:Saved successfully
Level 25:bingo.evolutionary_optimizers.evolutionary_optimizer:Generation: 210 	 Elapsed time: 0:10:23.619692 	 Best training fitness: 6.831385e-02 	 
Level 25:bingo.evolutionary_optimizers.evolutionary_optimizer:210, 6.236197e+02, 1671770, 6.831385e-02, 6.831385e-02, 7.358397e-02, 7.396638e-02, 9.741841e-02, 1.052808e-01, 1.083263e-01, 1.085674e-01, 1.893822e-01, 1.922653e-01, 1.922674e-01, 1.922748e-01
INFO:bingo.evolutionary_optimizers.parallel_archipelago:Performing migration between Islands
INFO:bingo.evolutionary_optimizers.parallel_archipelago:Evolution time 0:00:37.780397	 age 230	 fitness 6.833e-02
Level 25:bingo.evolutionary_optimizers.parallel_archipelago:Saving checkpoint: src/bingo_bias_vias_decomposition/checkpoints_st_30/implicit_st_30_p8_p2_7_220.pkl
INFO:bingo.evolutionary_optimizers.parallel_archipelago:Saved successfully
Level 25:bingo.evolutionary_optimizers.evolutionary_optimizer:Generation: 220 	 Elapsed time: 0:11:01.698712 	 Best training fitness: 6.832627e-02 	 
Level 25:bingo.evolutionary_optimizers.evolutionary_optimizer:220, 6.616987e+02, 1762602, 6.832627e-02, 6.831385e-02, 7.352762e-02, 7.396638e-02, 9.741027e-02, 1.039573e-01, 1.057310e-01, 1.085467e-01, 1.922653e-01, 1.922674e-01, 1.922748e-01
INFO:bingo.evolutionary_optimizers.parallel_archipelago:Performing migration between Islands
INFO:bingo.evolutionary_optimizers.parallel_archipelago:Evolution time 0:00:39.204940	 age 240	 fitness 6.834e-02
Level 25:bingo.evolutionary_optimizers.parallel_archipelago:Saving checkpoint: src/bingo_bias_vias_decomposition/checkpoints_st_30/implicit_st_30_p8_p2_7_230.pkl
INFO:bingo.evolutionary_optimizers.parallel_archipelago:Saved successfully
Level 25:bingo.evolutionary_optimizers.evolutionary_optimizer:Generation: 230 	 Elapsed time: 0:11:41.167676 	 Best training fitness: 6.833812e-02 	 
Level 25:bingo.evolutionary_optimizers.evolutionary_optimizer:230, 7.011677e+02, 1839754, 6.833812e-02, 6.831385e-02, 7.350029e-02, 7.396638e-02, 8.563888e-02, 9.175579e-02, 1.085344e-01, 1.922653e-01, 1.922674e-01, 1.922748e-01
INFO:bingo.evolutionary_optimizers.parallel_archipelago:Performing migration between Islands
INFO:bingo.evolutionary_optimizers.parallel_archipelago:Evolution time 0:00:26.150469	 age 250	 fitness 6.831e-02
Level 25:bingo.evolutionary_optimizers.parallel_archipelago:Saving checkpoint: src/bingo_bias_vias_decomposition/checkpoints_st_30/implicit_st_30_p8_p2_7_240.pkl
INFO:bingo.evolutionary_optimizers.parallel_archipelago:Saved successfully
Level 25:bingo.evolutionary_optimizers.evolutionary_optimizer:Generation: 240 	 Elapsed time: 0:12:07.587570 	 Best training fitness: 6.830791e-02 	 
Level 25:bingo.evolutionary_optimizers.evolutionary_optimizer:240, 7.275876e+02, 1921980, 6.830791e-02, 6.830791e-02, 6.878703e-02, 7.396638e-02, 7.774975e-02, 8.563888e-02, 9.173539e-02, 1.085289e-01, 1.922653e-01, 1.922674e-01, 1.922748e-01
INFO:bingo.evolutionary_optimizers.parallel_archipelago:Performing migration between Islands
INFO:bingo.evolutionary_optimizers.parallel_archipelago:Evolution time 0:00:26.967425	 age 260	 fitness 6.827e-02
Level 25:bingo.evolutionary_optimizers.parallel_archipelago:Saving checkpoint: src/bingo_bias_vias_decomposition/checkpoints_st_30/implicit_st_30_p8_p2_7_250.pkl
INFO:bingo.evolutionary_optimizers.parallel_archipelago:Saved successfully
Level 25:bingo.evolutionary_optimizers.evolutionary_optimizer:Generation: 250 	 Elapsed time: 0:12:34.820641 	 Best training fitness: 6.827055e-02 	 
Level 25:bingo.evolutionary_optimizers.evolutionary_optimizer:250, 7.548206e+02, 2000261, 6.827055e-02, 6.827055e-02, 7.491923e-02, 7.860946e-02, 9.173539e-02, 1.085289e-01, 1.922653e-01, 1.922674e-01, 1.922748e-01
INFO:bingo.evolutionary_optimizers.parallel_archipelago:Performing migration between Islands
INFO:bingo.evolutionary_optimizers.parallel_archipelago:Evolution time 0:00:36.712261	 age 270	 fitness 6.681e-02
Level 25:bingo.evolutionary_optimizers.parallel_archipelago:Saving checkpoint: src/bingo_bias_vias_decomposition/checkpoints_st_30/implicit_st_30_p8_p2_7_260.pkl
INFO:bingo.evolutionary_optimizers.parallel_archipelago:Saved successfully
Level 25:bingo.evolutionary_optimizers.evolutionary_optimizer:Generation: 260 	 Elapsed time: 0:13:11.804827 	 Best training fitness: 6.681264e-02 	 
Level 25:bingo.evolutionary_optimizers.evolutionary_optimizer:260, 7.918048e+02, 2077238, 6.681264e-02, 6.681264e-02, 6.752351e-02, 6.827055e-02, 7.491923e-02, 7.860946e-02, 9.173539e-02, 1.085289e-01, 1.915372e-01, 1.922653e-01, 1.922674e-01, 1.922748e-01
INFO:bingo.evolutionary_optimizers.parallel_archipelago:Performing migration between Islands
INFO:bingo.evolutionary_optimizers.parallel_archipelago:Evolution time 0:00:34.634703	 age 280	 fitness 6.678e-02
Level 25:bingo.evolutionary_optimizers.parallel_archipelago:Saving checkpoint: src/bingo_bias_vias_decomposition/checkpoints_st_30/implicit_st_30_p8_p2_7_270.pkl
INFO:bingo.evolutionary_optimizers.parallel_archipelago:Saved successfully
Level 25:bingo.evolutionary_optimizers.evolutionary_optimizer:Generation: 270 	 Elapsed time: 0:13:46.706500 	 Best training fitness: 6.677870e-02 	 
Level 25:bingo.evolutionary_optimizers.evolutionary_optimizer:270, 8.267065e+02, 2175706, 6.677870e-02, 6.677870e-02, 6.739352e-02, 6.823097e-02, 7.488309e-02, 7.860946e-02, 7.863324e-02, 1.085289e-01, 1.915049e-01, 1.922653e-01, 1.922674e-01, 1.922748e-01
INFO:bingo.evolutionary_optimizers.parallel_archipelago:Performing migration between Islands
INFO:bingo.evolutionary_optimizers.parallel_archipelago:Evolution time 0:00:20.364121	 age 290	 fitness 6.448e-02
Level 25:bingo.evolutionary_optimizers.parallel_archipelago:Saving checkpoint: src/bingo_bias_vias_decomposition/checkpoints_st_30/implicit_st_30_p8_p2_7_280.pkl
INFO:bingo.evolutionary_optimizers.parallel_archipelago:Saved successfully
Level 25:bingo.evolutionary_optimizers.evolutionary_optimizer:Generation: 280 	 Elapsed time: 0:14:07.342329 	 Best training fitness: 6.448372e-02 	 
Level 25:bingo.evolutionary_optimizers.evolutionary_optimizer:280, 8.473423e+02, 2244740, 6.448372e-02, 6.448372e-02, 6.448934e-02, 6.823097e-02, 7.488309e-02, 7.860946e-02, 7.862921e-02, 1.085289e-01, 1.914731e-01, 1.922653e-01, 1.922674e-01, 1.922748e-01
INFO:bingo.evolutionary_optimizers.parallel_archipelago:Performing migration between Islands
INFO:bingo.evolutionary_optimizers.parallel_archipelago:Evolution time 0:00:30.271806	 age 300	 fitness 6.447e-02
Level 25:bingo.evolutionary_optimizers.parallel_archipelago:Saving checkpoint: src/bingo_bias_vias_decomposition/checkpoints_st_30/implicit_st_30_p8_p2_7_290.pkl
INFO:bingo.evolutionary_optimizers.parallel_archipelago:Saved successfully
Level 25:bingo.evolutionary_optimizers.evolutionary_optimizer:Generation: 290 	 Elapsed time: 0:14:37.913638 	 Best training fitness: 6.447428e-02 	 
Level 25:bingo.evolutionary_optimizers.evolutionary_optimizer:290, 8.779136e+02, 2336486, 6.447428e-02, 6.447428e-02, 6.447544e-02, 6.823097e-02, 7.488309e-02, 7.860946e-02, 7.862921e-02, 1.085289e-01, 1.914561e-01, 1.922653e-01, 1.922674e-01, 1.922748e-01
INFO:bingo.evolutionary_optimizers.parallel_archipelago:Performing migration between Islands
INFO:bingo.evolutionary_optimizers.parallel_archipelago:Evolution time 0:00:34.813083	 age 310	 fitness 6.333e-02
Level 25:bingo.evolutionary_optimizers.parallel_archipelago:Saving checkpoint: src/bingo_bias_vias_decomposition/checkpoints_st_30/implicit_st_30_p8_p2_7_300.pkl
INFO:bingo.evolutionary_optimizers.parallel_archipelago:Saved successfully
Level 25:bingo.evolutionary_optimizers.evolutionary_optimizer:Generation: 300 	 Elapsed time: 0:15:12.990365 	 Best training fitness: 6.332704e-02 	 
Level 25:bingo.evolutionary_optimizers.evolutionary_optimizer:300, 9.129904e+02, 2432152, 6.332704e-02, 6.332704e-02, 6.822801e-02, 7.488309e-02, 7.860946e-02, 7.862921e-02, 1.085289e-01, 1.914561e-01, 1.922653e-01, 1.922674e-01, 1.922748e-01
INFO:bingo.evolutionary_optimizers.parallel_archipelago:Performing migration between Islands
INFO:bingo.evolutionary_optimizers.parallel_archipelago:Evolution time 0:00:30.091320	 age 320	 fitness 6.327e-02
Level 25:bingo.evolutionary_optimizers.parallel_archipelago:Saving checkpoint: src/bingo_bias_vias_decomposition/checkpoints_st_30/implicit_st_30_p8_p2_7_310.pkl
INFO:bingo.evolutionary_optimizers.parallel_archipelago:Saved successfully
Level 25:bingo.evolutionary_optimizers.evolutionary_optimizer:Generation: 310 	 Elapsed time: 0:15:43.341296 	 Best training fitness: 6.327295e-02 	 
Level 25:bingo.evolutionary_optimizers.evolutionary_optimizer:310, 9.433413e+02, 2515363, 6.327295e-02, 6.327295e-02, 6.822801e-02, 7.488309e-02, 7.860946e-02, 7.862921e-02, 1.085289e-01, 1.914561e-01, 1.922653e-01, 1.922674e-01, 1.922748e-01
INFO:bingo.evolutionary_optimizers.parallel_archipelago:Performing migration between Islands
INFO:bingo.evolutionary_optimizers.parallel_archipelago:Evolution time 0:00:20.577438	 age 330	 fitness 6.326e-02
Level 25:bingo.evolutionary_optimizers.parallel_archipelago:Saving checkpoint: src/bingo_bias_vias_decomposition/checkpoints_st_30/implicit_st_30_p8_p2_7_320.pkl
INFO:bingo.evolutionary_optimizers.parallel_archipelago:Saved successfully
Level 25:bingo.evolutionary_optimizers.evolutionary_optimizer:Generation: 320 	 Elapsed time: 0:16:04.179039 	 Best training fitness: 6.325929e-02 	 
Level 25:bingo.evolutionary_optimizers.evolutionary_optimizer:320, 9.641790e+02, 2587135, 6.325929e-02, 6.325929e-02, 6.821940e-02, 7.488309e-02, 7.860946e-02, 7.862921e-02, 1.085289e-01, 1.914561e-01, 1.922653e-01, 1.922674e-01, 1.922748e-01
INFO:bingo.evolutionary_optimizers.parallel_archipelago:Performing migration between Islands
INFO:bingo.evolutionary_optimizers.parallel_archipelago:Evolution time 0:00:47.176247	 age 340	 fitness 6.326e-02
Level 25:bingo.evolutionary_optimizers.parallel_archipelago:Saving checkpoint: src/bingo_bias_vias_decomposition/checkpoints_st_30/implicit_st_30_p8_p2_7_330.pkl
INFO:bingo.evolutionary_optimizers.parallel_archipelago:Saved successfully
Level 25:bingo.evolutionary_optimizers.evolutionary_optimizer:Generation: 330 	 Elapsed time: 0:16:51.614686 	 Best training fitness: 6.326337e-02 	 
Level 25:bingo.evolutionary_optimizers.evolutionary_optimizer:330, 1.011615e+03, 2687811, 6.326337e-02, 6.325929e-02, 6.821940e-02, 7.488309e-02, 7.860946e-02, 7.862921e-02, 1.085289e-01, 1.914561e-01, 1.922653e-01, 1.922674e-01, 1.922748e-01
INFO:bingo.evolutionary_optimizers.parallel_archipelago:Performing migration between Islands
INFO:bingo.evolutionary_optimizers.parallel_archipelago:Evolution time 0:00:20.666068	 age 350	 fitness 6.325e-02
Level 25:bingo.evolutionary_optimizers.parallel_archipelago:Saving checkpoint: src/bingo_bias_vias_decomposition/checkpoints_st_30/implicit_st_30_p8_p2_7_340.pkl
INFO:bingo.evolutionary_optimizers.parallel_archipelago:Saved successfully
Level 25:bingo.evolutionary_optimizers.evolutionary_optimizer:Generation: 340 	 Elapsed time: 0:17:12.540317 	 Best training fitness: 6.325256e-02 	 
Level 25:bingo.evolutionary_optimizers.evolutionary_optimizer:340, 1.032540e+03, 2760608, 6.325256e-02, 6.325256e-02, 6.821940e-02, 7.488309e-02, 7.860946e-02, 7.862921e-02, 1.085289e-01, 1.914561e-01, 1.922653e-01, 1.922674e-01, 1.922748e-01
INFO:bingo.evolutionary_optimizers.parallel_archipelago:Performing migration between Islands
INFO:bingo.evolutionary_optimizers.parallel_archipelago:Evolution time 0:00:46.800244	 age 360	 fitness 6.325e-02
Level 25:bingo.evolutionary_optimizers.parallel_archipelago:Saving checkpoint: src/bingo_bias_vias_decomposition/checkpoints_st_30/implicit_st_30_p8_p2_7_350.pkl
INFO:bingo.evolutionary_optimizers.parallel_archipelago:Saved successfully
Level 25:bingo.evolutionary_optimizers.evolutionary_optimizer:Generation: 350 	 Elapsed time: 0:17:59.597111 	 Best training fitness: 6.325490e-02 	 
Level 25:bingo.evolutionary_optimizers.evolutionary_optimizer:350, 1.079597e+03, 2862692, 6.325490e-02, 6.325256e-02, 6.821940e-02, 7.488309e-02, 7.860946e-02, 7.862921e-02, 1.085289e-01, 1.914561e-01, 1.922653e-01, 1.922674e-01, 1.922748e-01
INFO:bingo.evolutionary_optimizers.parallel_archipelago:Performing migration between Islands
INFO:bingo.evolutionary_optimizers.parallel_archipelago:Evolution time 0:00:22.052442	 age 370	 fitness 6.325e-02
Level 25:bingo.evolutionary_optimizers.parallel_archipelago:Saving checkpoint: src/bingo_bias_vias_decomposition/checkpoints_st_30/implicit_st_30_p8_p2_7_360.pkl
INFO:bingo.evolutionary_optimizers.parallel_archipelago:Saved successfully
Level 25:bingo.evolutionary_optimizers.evolutionary_optimizer:Generation: 360 	 Elapsed time: 0:18:21.933771 	 Best training fitness: 6.324985e-02 	 
Level 25:bingo.evolutionary_optimizers.evolutionary_optimizer:360, 1.101934e+03, 2939649, 6.324985e-02, 6.324985e-02, 6.821940e-02, 7.488309e-02, 7.860946e-02, 7.862921e-02, 1.085289e-01, 1.914561e-01, 1.922653e-01, 1.922674e-01, 1.922748e-01
INFO:bingo.evolutionary_optimizers.parallel_archipelago:Performing migration between Islands
INFO:bingo.evolutionary_optimizers.parallel_archipelago:Evolution time 0:00:44.390831	 age 380	 fitness 6.325e-02
Level 25:bingo.evolutionary_optimizers.parallel_archipelago:Saving checkpoint: src/bingo_bias_vias_decomposition/checkpoints_st_30/implicit_st_30_p8_p2_7_370.pkl
INFO:bingo.evolutionary_optimizers.parallel_archipelago:Saved successfully
Level 25:bingo.evolutionary_optimizers.evolutionary_optimizer:Generation: 370 	 Elapsed time: 0:19:06.582403 	 Best training fitness: 6.325037e-02 	 
Level 25:bingo.evolutionary_optimizers.evolutionary_optimizer:370, 1.146582e+03, 3040347, 6.325037e-02, 6.324985e-02, 6.821940e-02, 7.488309e-02, 7.860946e-02, 7.862921e-02, 1.085289e-01, 1.914561e-01, 1.922653e-01, 1.922674e-01, 1.922748e-01
INFO:bingo.evolutionary_optimizers.parallel_archipelago:Performing migration between Islands
INFO:bingo.evolutionary_optimizers.parallel_archipelago:Evolution time 0:00:19.006340	 age 390	 fitness 6.325e-02
Level 25:bingo.evolutionary_optimizers.parallel_archipelago:Saving checkpoint: src/bingo_bias_vias_decomposition/checkpoints_st_30/implicit_st_30_p8_p2_7_380.pkl
INFO:bingo.evolutionary_optimizers.parallel_archipelago:Saved successfully
Level 25:bingo.evolutionary_optimizers.evolutionary_optimizer:Generation: 380 	 Elapsed time: 0:19:25.844577 	 Best training fitness: 6.324568e-02 	 
Level 25:bingo.evolutionary_optimizers.evolutionary_optimizer:380, 1.165845e+03, 3103550, 6.324568e-02, 6.324568e-02, 6.821940e-02, 7.488309e-02, 7.860946e-02, 7.862921e-02, 1.085289e-01, 1.914561e-01, 1.922653e-01, 1.922674e-01, 1.922748e-01
INFO:bingo.evolutionary_optimizers.parallel_archipelago:Performing migration between Islands
INFO:bingo.evolutionary_optimizers.parallel_archipelago:Evolution time 0:00:30.271016	 age 400	 fitness 6.325e-02
Level 25:bingo.evolutionary_optimizers.parallel_archipelago:Saving checkpoint: src/bingo_bias_vias_decomposition/checkpoints_st_30/implicit_st_30_p8_p2_7_390.pkl
INFO:bingo.evolutionary_optimizers.parallel_archipelago:Saved successfully
Level 25:bingo.evolutionary_optimizers.evolutionary_optimizer:Generation: 390 	 Elapsed time: 0:19:56.371874 	 Best training fitness: 6.324568e-02 	 
Level 25:bingo.evolutionary_optimizers.evolutionary_optimizer:390, 1.196372e+03, 3175885, 6.324568e-02, 6.324568e-02, 6.821940e-02, 7.488309e-02, 7.860946e-02, 7.862921e-02, 1.085289e-01, 1.605695e-01, 1.922653e-01, 1.922674e-01, 1.922748e-01
INFO:bingo.evolutionary_optimizers.parallel_archipelago:Performing migration between Islands
INFO:bingo.evolutionary_optimizers.parallel_archipelago:Evolution time 0:00:21.531288	 age 410	 fitness 6.325e-02
Level 25:bingo.evolutionary_optimizers.parallel_archipelago:Saving checkpoint: src/bingo_bias_vias_decomposition/checkpoints_st_30/implicit_st_30_p8_p2_7_400.pkl
INFO:bingo.evolutionary_optimizers.parallel_archipelago:Saved successfully
Level 25:bingo.evolutionary_optimizers.evolutionary_optimizer:Generation: 400 	 Elapsed time: 0:20:18.161371 	 Best training fitness: 6.325326e-02 	 
Level 25:bingo.evolutionary_optimizers.evolutionary_optimizer:400, 1.218161e+03, 3245321, 6.325326e-02, 6.324568e-02, 6.715802e-02, 7.488309e-02, 7.860946e-02, 7.862921e-02, 1.085289e-01, 1.564184e-01, 1.922653e-01, 1.922674e-01, 1.922748e-01
INFO:bingo.evolutionary_optimizers.parallel_archipelago:Performing migration between Islands
INFO:bingo.evolutionary_optimizers.parallel_archipelago:Evolution time 0:00:20.890922	 age 420	 fitness 6.325e-02
Level 25:bingo.evolutionary_optimizers.parallel_archipelago:Saving checkpoint: src/bingo_bias_vias_decomposition/checkpoints_st_30/implicit_st_30_p8_p2_7_410.pkl
INFO:bingo.evolutionary_optimizers.parallel_archipelago:Saved successfully
Level 25:bingo.evolutionary_optimizers.evolutionary_optimizer:Generation: 410 	 Elapsed time: 0:20:39.309990 	 Best training fitness: 6.324953e-02 	 
Level 25:bingo.evolutionary_optimizers.evolutionary_optimizer:410, 1.239310e+03, 3316831, 6.324953e-02, 6.324568e-02, 6.715802e-02, 7.488309e-02, 7.860946e-02, 7.862921e-02, 1.085289e-01, 1.563670e-01, 1.922653e-01, 1.922674e-01, 1.922748e-01
INFO:bingo.evolutionary_optimizers.parallel_archipelago:Performing migration between Islands
INFO:bingo.evolutionary_optimizers.parallel_archipelago:Evolution time 0:00:31.639125	 age 430	 fitness 6.325e-02
Level 25:bingo.evolutionary_optimizers.parallel_archipelago:Saving checkpoint: src/bingo_bias_vias_decomposition/checkpoints_st_30/implicit_st_30_p8_p2_7_420.pkl
INFO:bingo.evolutionary_optimizers.parallel_archipelago:Saved successfully
Level 25:bingo.evolutionary_optimizers.evolutionary_optimizer:Generation: 420 	 Elapsed time: 0:21:11.209646 	 Best training fitness: 6.324535e-02 	 
Level 25:bingo.evolutionary_optimizers.evolutionary_optimizer:420, 1.271210e+03, 3389764, 6.324535e-02, 6.324535e-02, 6.324568e-02, 6.715802e-02, 7.488309e-02, 7.860946e-02, 7.862921e-02, 1.085289e-01, 1.563670e-01, 1.922653e-01, 1.922674e-01, 1.922748e-01
INFO:bingo.evolutionary_optimizers.parallel_archipelago:Performing migration between Islands
INFO:bingo.evolutionary_optimizers.parallel_archipelago:Evolution time 0:00:45.027743	 age 440	 fitness 6.324e-02
Level 25:bingo.evolutionary_optimizers.parallel_archipelago:Saving checkpoint: src/bingo_bias_vias_decomposition/checkpoints_st_30/implicit_st_30_p8_p2_7_430.pkl
INFO:bingo.evolutionary_optimizers.parallel_archipelago:Saved successfully
Level 25:bingo.evolutionary_optimizers.evolutionary_optimizer:Generation: 430 	 Elapsed time: 0:21:56.529986 	 Best training fitness: 6.324003e-02 	 
Level 25:bingo.evolutionary_optimizers.evolutionary_optimizer:430, 1.316530e+03, 3497057, 6.324003e-02, 6.324003e-02, 6.324568e-02, 6.715802e-02, 7.488309e-02, 7.860946e-02, 7.862921e-02, 1.085289e-01, 1.563670e-01, 1.922600e-01, 1.922653e-01, 1.922674e-01, 1.922748e-01
INFO:bingo.evolutionary_optimizers.parallel_archipelago:Performing migration between Islands
INFO:bingo.evolutionary_optimizers.parallel_archipelago:Evolution time 0:00:40.591707	 age 450	 fitness 6.185e-02
Level 25:bingo.evolutionary_optimizers.parallel_archipelago:Saving checkpoint: src/bingo_bias_vias_decomposition/checkpoints_st_30/implicit_st_30_p8_p2_7_440.pkl
INFO:bingo.evolutionary_optimizers.parallel_archipelago:Saved successfully
Level 25:bingo.evolutionary_optimizers.evolutionary_optimizer:Generation: 440 	 Elapsed time: 0:22:37.387171 	 Best training fitness: 6.185073e-02 	 
Level 25:bingo.evolutionary_optimizers.evolutionary_optimizer:440, 1.357387e+03, 3607061, 6.185073e-02, 6.185073e-02, 6.284936e-02, 6.324003e-02, 6.324568e-02, 6.715802e-02, 7.488309e-02, 7.860946e-02, 7.862921e-02, 1.085289e-01, 1.563670e-01, 1.922600e-01, 1.922653e-01, 1.922674e-01, 1.922692e-01
INFO:bingo.evolutionary_optimizers.parallel_archipelago:Performing migration between Islands
INFO:bingo.evolutionary_optimizers.parallel_archipelago:Evolution time 0:00:35.212948	 age 460	 fitness 6.178e-02
Level 25:bingo.evolutionary_optimizers.parallel_archipelago:Saving checkpoint: src/bingo_bias_vias_decomposition/checkpoints_st_30/implicit_st_30_p8_p2_7_450.pkl
INFO:bingo.evolutionary_optimizers.parallel_archipelago:Saved successfully
Level 25:bingo.evolutionary_optimizers.evolutionary_optimizer:Generation: 450 	 Elapsed time: 0:23:12.864256 	 Best training fitness: 6.177985e-02 	 
Level 25:bingo.evolutionary_optimizers.evolutionary_optimizer:450, 1.392864e+03, 3716439, 6.177985e-02, 6.177985e-02, 6.284936e-02, 6.324003e-02, 6.324568e-02, 6.715802e-02, 7.488309e-02, 7.860946e-02, 7.862921e-02, 1.085289e-01, 1.563670e-01, 1.922600e-01, 1.922653e-01, 1.922674e-01, 1.922692e-01
INFO:bingo.evolutionary_optimizers.parallel_archipelago:Performing migration between Islands
INFO:bingo.evolutionary_optimizers.parallel_archipelago:Evolution time 0:00:22.141253	 age 470	 fitness 6.178e-02
Level 25:bingo.evolutionary_optimizers.parallel_archipelago:Saving checkpoint: src/bingo_bias_vias_decomposition/checkpoints_st_30/implicit_st_30_p8_p2_7_460.pkl
INFO:bingo.evolutionary_optimizers.parallel_archipelago:Saved successfully
Level 25:bingo.evolutionary_optimizers.evolutionary_optimizer:Generation: 460 	 Elapsed time: 0:23:35.268217 	 Best training fitness: 6.178098e-02 	 
Level 25:bingo.evolutionary_optimizers.evolutionary_optimizer:460, 1.415268e+03, 3792885, 6.178098e-02, 6.177985e-02, 6.284936e-02, 6.324003e-02, 6.324568e-02, 6.715802e-02, 7.488309e-02, 7.860946e-02, 7.862921e-02, 1.085289e-01, 1.563670e-01, 1.922600e-01, 1.922653e-01, 1.922674e-01, 1.922692e-01
INFO:bingo.evolutionary_optimizers.parallel_archipelago:Performing migration between Islands
INFO:bingo.evolutionary_optimizers.parallel_archipelago:Evolution time 0:00:35.023585	 age 480	 fitness 6.175e-02
Level 25:bingo.evolutionary_optimizers.parallel_archipelago:Saving checkpoint: src/bingo_bias_vias_decomposition/checkpoints_st_30/implicit_st_30_p8_p2_7_470.pkl
INFO:bingo.evolutionary_optimizers.parallel_archipelago:Saved successfully
Level 25:bingo.evolutionary_optimizers.evolutionary_optimizer:Generation: 470 	 Elapsed time: 0:24:10.543665 	 Best training fitness: 6.175298e-02 	 
Level 25:bingo.evolutionary_optimizers.evolutionary_optimizer:470, 1.450544e+03, 3882065, 6.175298e-02, 6.175298e-02, 6.284936e-02, 6.324003e-02, 6.324568e-02, 6.715802e-02, 7.488309e-02, 7.860946e-02, 7.862921e-02, 1.085289e-01, 1.563670e-01, 1.922600e-01, 1.922653e-01, 1.922674e-01, 1.922692e-01
INFO:bingo.evolutionary_optimizers.parallel_archipelago:Performing migration between Islands
INFO:bingo.evolutionary_optimizers.parallel_archipelago:Evolution time 0:00:23.270599	 age 490	 fitness 6.177e-02
Level 25:bingo.evolutionary_optimizers.parallel_archipelago:Saving checkpoint: src/bingo_bias_vias_decomposition/checkpoints_st_30/implicit_st_30_p8_p2_7_480.pkl
INFO:bingo.evolutionary_optimizers.parallel_archipelago:Saved successfully
Level 25:bingo.evolutionary_optimizers.evolutionary_optimizer:Generation: 480 	 Elapsed time: 0:24:34.065287 	 Best training fitness: 6.177367e-02 	 
Level 25:bingo.evolutionary_optimizers.evolutionary_optimizer:480, 1.474065e+03, 3959168, 6.177367e-02, 6.175298e-02, 6.284936e-02, 6.324003e-02, 6.324568e-02, 6.715802e-02, 7.488309e-02, 7.860946e-02, 7.862921e-02, 1.085289e-01, 1.563670e-01, 1.922600e-01, 1.922653e-01, 1.922674e-01, 1.922692e-01
INFO:bingo.evolutionary_optimizers.parallel_archipelago:Performing migration between Islands
INFO:bingo.evolutionary_optimizers.parallel_archipelago:Evolution time 0:00:37.979991	 age 500	 fitness 6.177e-02
Level 25:bingo.evolutionary_optimizers.parallel_archipelago:Saving checkpoint: src/bingo_bias_vias_decomposition/checkpoints_st_30/implicit_st_30_p8_p2_7_490.pkl
INFO:bingo.evolutionary_optimizers.parallel_archipelago:Saved successfully
Level 25:bingo.evolutionary_optimizers.evolutionary_optimizer:Generation: 490 	 Elapsed time: 0:25:12.300198 	 Best training fitness: 6.177416e-02 	 
Level 25:bingo.evolutionary_optimizers.evolutionary_optimizer:490, 1.512300e+03, 4059591, 6.177416e-02, 6.175298e-02, 6.284936e-02, 6.324003e-02, 6.324568e-02, 6.715802e-02, 7.488309e-02, 7.860946e-02, 7.862921e-02, 1.085289e-01, 1.563670e-01, 1.922600e-01, 1.922653e-01, 1.922674e-01, 1.922692e-01
INFO:bingo.evolutionary_optimizers.parallel_archipelago:Performing migration between Islands
INFO:bingo.evolutionary_optimizers.parallel_archipelago:Evolution time 0:00:25.800350	 age 510	 fitness 6.176e-02
Level 25:bingo.evolutionary_optimizers.parallel_archipelago:Saving checkpoint: src/bingo_bias_vias_decomposition/checkpoints_st_30/implicit_st_30_p8_p2_7_500.pkl
INFO:bingo.evolutionary_optimizers.parallel_archipelago:Saved successfully
Level 25:bingo.evolutionary_optimizers.evolutionary_optimizer:Generation: 500 	 Elapsed time: 0:25:38.379554 	 Best training fitness: 6.176023e-02 	 
Level 25:bingo.evolutionary_optimizers.evolutionary_optimizer:500, 1.538380e+03, 4148237, 6.176023e-02, 6.175298e-02, 6.284936e-02, 6.324003e-02, 6.324568e-02, 6.715802e-02, 7.488309e-02, 7.860946e-02, 7.862921e-02, 1.085289e-01, 1.563670e-01, 1.922600e-01, 1.922653e-01, 1.922674e-01, 1.922675e-01
INFO:bingo.evolutionary_optimizers.parallel_archipelago:Performing migration between Islands
INFO:bingo.evolutionary_optimizers.parallel_archipelago:Evolution time 0:00:40.649809	 age 520	 fitness 6.176e-02
Level 25:bingo.evolutionary_optimizers.parallel_archipelago:Saving checkpoint: src/bingo_bias_vias_decomposition/checkpoints_st_30/implicit_st_30_p8_p2_7_510.pkl
INFO:bingo.evolutionary_optimizers.parallel_archipelago:Saved successfully
Level 25:bingo.evolutionary_optimizers.evolutionary_optimizer:Generation: 510 	 Elapsed time: 0:26:19.287885 	 Best training fitness: 6.176156e-02 	 
Level 25:bingo.evolutionary_optimizers.evolutionary_optimizer:510, 1.579288e+03, 4257737, 6.176156e-02, 6.175298e-02, 6.284936e-02, 6.324003e-02, 6.324568e-02, 6.715802e-02, 7.488309e-02, 7.860946e-02, 7.862921e-02, 1.085289e-01, 1.563670e-01, 1.922600e-01, 1.922653e-01, 1.922674e-01, 1.922675e-01
INFO:bingo.evolutionary_optimizers.parallel_archipelago:Performing migration between Islands
INFO:bingo.evolutionary_optimizers.parallel_archipelago:Evolution time 0:00:50.818510	 age 530	 fitness 6.176e-02
Level 25:bingo.evolutionary_optimizers.parallel_archipelago:Saving checkpoint: src/bingo_bias_vias_decomposition/checkpoints_st_30/implicit_st_30_p8_p2_7_520.pkl
INFO:bingo.evolutionary_optimizers.parallel_archipelago:Saved successfully
Level 25:bingo.evolutionary_optimizers.evolutionary_optimizer:Generation: 520 	 Elapsed time: 0:27:10.365570 	 Best training fitness: 6.175951e-02 	 
Level 25:bingo.evolutionary_optimizers.evolutionary_optimizer:520, 1.630366e+03, 4382119, 6.175951e-02, 6.175298e-02, 6.284936e-02, 6.324003e-02, 6.324568e-02, 6.715802e-02, 7.488309e-02, 7.860946e-02, 7.862921e-02, 1.085289e-01, 1.563670e-01, 1.913928e-01, 1.922600e-01, 1.922653e-01, 1.922674e-01, 1.922675e-01
INFO:bingo.evolutionary_optimizers.parallel_archipelago:Performing migration between Islands
INFO:bingo.evolutionary_optimizers.parallel_archipelago:Evolution time 0:00:44.497560	 age 540	 fitness 6.176e-02
Level 25:bingo.evolutionary_optimizers.parallel_archipelago:Saving checkpoint: src/bingo_bias_vias_decomposition/checkpoints_st_30/implicit_st_30_p8_p2_7_530.pkl
INFO:bingo.evolutionary_optimizers.parallel_archipelago:Saved successfully
Level 25:bingo.evolutionary_optimizers.evolutionary_optimizer:Generation: 530 	 Elapsed time: 0:27:55.138311 	 Best training fitness: 6.176341e-02 	 
Level 25:bingo.evolutionary_optimizers.evolutionary_optimizer:530, 1.675138e+03, 4503073, 6.176341e-02, 6.175298e-02, 6.284936e-02, 6.324003e-02, 6.324568e-02, 6.715802e-02, 7.488309e-02, 7.860946e-02, 7.862921e-02, 1.085289e-01, 1.563670e-01, 1.913928e-01, 1.922600e-01, 1.922653e-01, 1.922674e-01, 1.922675e-01
INFO:bingo.evolutionary_optimizers.parallel_archipelago:Performing migration between Islands
INFO:bingo.evolutionary_optimizers.parallel_archipelago:Evolution time 0:00:47.868732	 age 550	 fitness 6.176e-02
Level 25:bingo.evolutionary_optimizers.parallel_archipelago:Saving checkpoint: src/bingo_bias_vias_decomposition/checkpoints_st_30/implicit_st_30_p8_p2_7_540.pkl
INFO:bingo.evolutionary_optimizers.parallel_archipelago:Saved successfully
Level 25:bingo.evolutionary_optimizers.evolutionary_optimizer:Generation: 540 	 Elapsed time: 0:28:43.294999 	 Best training fitness: 6.176341e-02 	 
Level 25:bingo.evolutionary_optimizers.evolutionary_optimizer:540, 1.723295e+03, 4623339, 6.176341e-02, 6.175298e-02, 6.284936e-02, 6.324003e-02, 6.324568e-02, 6.715802e-02, 7.488309e-02, 7.860946e-02, 7.862921e-02, 1.085289e-01, 1.563670e-01, 1.913928e-01, 1.922600e-01, 1.922653e-01, 1.922674e-01, 1.922675e-01
INFO:bingo.evolutionary_optimizers.parallel_archipelago:Performing migration between Islands
INFO:bingo.evolutionary_optimizers.parallel_archipelago:Evolution time 0:00:46.482774	 age 560	 fitness 6.176e-02
Level 25:bingo.evolutionary_optimizers.parallel_archipelago:Saving checkpoint: src/bingo_bias_vias_decomposition/checkpoints_st_30/implicit_st_30_p8_p2_7_550.pkl
INFO:bingo.evolutionary_optimizers.parallel_archipelago:Saved successfully
Level 25:bingo.evolutionary_optimizers.evolutionary_optimizer:Generation: 550 	 Elapsed time: 0:29:30.065275 	 Best training fitness: 6.176155e-02 	 
Level 25:bingo.evolutionary_optimizers.evolutionary_optimizer:550, 1.770065e+03, 4763636, 6.176155e-02, 6.175298e-02, 6.284936e-02, 6.324003e-02, 6.324568e-02, 6.715802e-02, 7.488309e-02, 7.860946e-02, 7.862921e-02, 1.085289e-01, 1.563670e-01, 1.913611e-01, 1.922600e-01, 1.922653e-01, 1.922674e-01, 1.922675e-01
INFO:bingo.evolutionary_optimizers.parallel_archipelago:Performing migration between Islands
INFO:bingo.evolutionary_optimizers.parallel_archipelago:Evolution time 0:00:53.648889	 age 570	 fitness 6.176e-02
Level 25:bingo.evolutionary_optimizers.parallel_archipelago:Saving checkpoint: src/bingo_bias_vias_decomposition/checkpoints_st_30/implicit_st_30_p8_p2_7_560.pkl
INFO:bingo.evolutionary_optimizers.parallel_archipelago:Saved successfully
Level 25:bingo.evolutionary_optimizers.evolutionary_optimizer:Generation: 560 	 Elapsed time: 0:30:24.045181 	 Best training fitness: 6.176317e-02 	 
Level 25:bingo.evolutionary_optimizers.evolutionary_optimizer:560, 1.824045e+03, 4898261, 6.176317e-02, 6.175298e-02, 6.284936e-02, 6.324003e-02, 6.324568e-02, 6.715802e-02, 7.488309e-02, 7.860946e-02, 7.862921e-02, 1.085289e-01, 1.563670e-01, 1.913611e-01, 1.922600e-01, 1.922653e-01, 1.922674e-01, 1.922675e-01
INFO:bingo.evolutionary_optimizers.parallel_archipelago:Performing migration between Islands
INFO:bingo.evolutionary_optimizers.parallel_archipelago:Evolution time 0:00:49.534944	 age 580	 fitness 6.176e-02
Level 25:bingo.evolutionary_optimizers.parallel_archipelago:Saving checkpoint: src/bingo_bias_vias_decomposition/checkpoints_st_30/implicit_st_30_p8_p2_7_570.pkl
INFO:bingo.evolutionary_optimizers.parallel_archipelago:Saved successfully
Level 25:bingo.evolutionary_optimizers.evolutionary_optimizer:Generation: 570 	 Elapsed time: 0:31:13.881807 	 Best training fitness: 6.176482e-02 	 
Level 25:bingo.evolutionary_optimizers.evolutionary_optimizer:570, 1.873882e+03, 5029656, 6.176482e-02, 6.175298e-02, 6.284936e-02, 6.324003e-02, 6.324568e-02, 6.715802e-02, 7.488309e-02, 7.860946e-02, 7.862921e-02, 1.085289e-01, 1.563670e-01, 1.913611e-01, 1.922600e-01, 1.922653e-01, 1.922674e-01, 1.922675e-01
INFO:bingo.evolutionary_optimizers.parallel_archipelago:Performing migration between Islands
INFO:bingo.evolutionary_optimizers.parallel_archipelago:Evolution time 0:00:47.164039	 age 590	 fitness 6.176e-02
Level 25:bingo.evolutionary_optimizers.parallel_archipelago:Saving checkpoint: src/bingo_bias_vias_decomposition/checkpoints_st_30/implicit_st_30_p8_p2_7_580.pkl
INFO:bingo.evolutionary_optimizers.parallel_archipelago:Saved successfully
Level 25:bingo.evolutionary_optimizers.evolutionary_optimizer:Generation: 580 	 Elapsed time: 0:32:01.345170 	 Best training fitness: 6.175629e-02 	 
Level 25:bingo.evolutionary_optimizers.evolutionary_optimizer:580, 1.921345e+03, 5128942, 6.175629e-02, 6.175298e-02, 6.284936e-02, 6.324003e-02, 6.324568e-02, 6.715802e-02, 7.488309e-02, 7.860946e-02, 7.862921e-02, 1.085289e-01, 1.563670e-01, 1.913611e-01, 1.922600e-01, 1.922653e-01, 1.922674e-01, 1.922675e-01
INFO:bingo.evolutionary_optimizers.parallel_archipelago:Performing migration between Islands
INFO:bingo.evolutionary_optimizers.parallel_archipelago:Evolution time 0:00:37.030898	 age 600	 fitness 6.176e-02
Level 25:bingo.evolutionary_optimizers.parallel_archipelago:Saving checkpoint: src/bingo_bias_vias_decomposition/checkpoints_st_30/implicit_st_30_p8_p2_7_590.pkl
INFO:bingo.evolutionary_optimizers.parallel_archipelago:Saved successfully
Level 25:bingo.evolutionary_optimizers.evolutionary_optimizer:Generation: 590 	 Elapsed time: 0:32:38.676003 	 Best training fitness: 6.176239e-02 	 
Level 25:bingo.evolutionary_optimizers.evolutionary_optimizer:590, 1.958676e+03, 5233738, 6.176239e-02, 6.175298e-02, 6.284936e-02, 6.324003e-02, 6.324568e-02, 6.715802e-02, 7.488309e-02, 7.860946e-02, 7.862921e-02, 1.085289e-01, 1.563670e-01, 1.913611e-01, 1.922600e-01, 1.922653e-01, 1.922674e-01, 1.922675e-01
INFO:bingo.evolutionary_optimizers.parallel_archipelago:Performing migration between Islands
INFO:bingo.evolutionary_optimizers.parallel_archipelago:Evolution time 0:00:51.672913	 age 610	 fitness 6.176e-02
Level 25:bingo.evolutionary_optimizers.parallel_archipelago:Saving checkpoint: src/bingo_bias_vias_decomposition/checkpoints_st_30/implicit_st_30_p8_p2_7_600.pkl
INFO:bingo.evolutionary_optimizers.parallel_archipelago:Saved successfully
Level 25:bingo.evolutionary_optimizers.evolutionary_optimizer:Generation: 600 	 Elapsed time: 0:33:30.651013 	 Best training fitness: 6.175893e-02 	 
Level 25:bingo.evolutionary_optimizers.evolutionary_optimizer:600, 2.010651e+03, 5363266, 6.175893e-02, 6.175298e-02, 6.284936e-02, 6.324003e-02, 6.324568e-02, 6.715802e-02, 7.488309e-02, 7.860946e-02, 7.862921e-02, 1.085289e-01, 1.563670e-01, 1.913611e-01, 1.922600e-01, 1.922653e-01, 1.922674e-01, 1.922675e-01
INFO:bingo.evolutionary_optimizers.parallel_archipelago:Performing migration between Islands
INFO:bingo.evolutionary_optimizers.parallel_archipelago:Evolution time 0:00:34.474127	 age 620	 fitness 6.176e-02
Level 25:bingo.evolutionary_optimizers.parallel_archipelago:Saving checkpoint: src/bingo_bias_vias_decomposition/checkpoints_st_30/implicit_st_30_p8_p2_7_610.pkl
INFO:bingo.evolutionary_optimizers.parallel_archipelago:Saved successfully
Level 25:bingo.evolutionary_optimizers.evolutionary_optimizer:Generation: 610 	 Elapsed time: 0:34:05.433583 	 Best training fitness: 6.175543e-02 	 
Level 25:bingo.evolutionary_optimizers.evolutionary_optimizer:610, 2.045434e+03, 5458203, 6.175543e-02, 6.175298e-02, 6.284936e-02, 6.324003e-02, 6.324568e-02, 6.715802e-02, 7.488309e-02, 7.860946e-02, 7.862921e-02, 1.085289e-01, 1.563670e-01, 1.913611e-01, 1.922600e-01, 1.922653e-01, 1.922674e-01, 1.922675e-01
INFO:bingo.evolutionary_optimizers.parallel_archipelago:Performing migration between Islands
INFO:bingo.evolutionary_optimizers.parallel_archipelago:Evolution time 0:00:30.937854	 age 630	 fitness 6.177e-02
Level 25:bingo.evolutionary_optimizers.parallel_archipelago:Saving checkpoint: src/bingo_bias_vias_decomposition/checkpoints_st_30/implicit_st_30_p8_p2_7_620.pkl
INFO:bingo.evolutionary_optimizers.parallel_archipelago:Saved successfully
Level 25:bingo.evolutionary_optimizers.evolutionary_optimizer:Generation: 620 	 Elapsed time: 0:34:36.669961 	 Best training fitness: 6.177109e-02 	 
Level 25:bingo.evolutionary_optimizers.evolutionary_optimizer:620, 2.076670e+03, 5553259, 6.177109e-02, 6.175298e-02, 6.284936e-02, 6.324003e-02, 6.324568e-02, 6.715802e-02, 7.488309e-02, 7.860946e-02, 7.862921e-02, 1.085289e-01, 1.563670e-01, 1.913611e-01, 1.922600e-01, 1.922653e-01, 1.922674e-01, 1.922675e-01
INFO:bingo.evolutionary_optimizers.parallel_archipelago:Performing migration between Islands
INFO:bingo.evolutionary_optimizers.parallel_archipelago:Evolution time 0:00:32.780324	 age 640	 fitness 6.177e-02
Level 25:bingo.evolutionary_optimizers.parallel_archipelago:Saving checkpoint: src/bingo_bias_vias_decomposition/checkpoints_st_30/implicit_st_30_p8_p2_7_630.pkl
INFO:bingo.evolutionary_optimizers.parallel_archipelago:Saved successfully
Level 25:bingo.evolutionary_optimizers.evolutionary_optimizer:Generation: 630 	 Elapsed time: 0:35:09.782162 	 Best training fitness: 6.177036e-02 	 
Level 25:bingo.evolutionary_optimizers.evolutionary_optimizer:630, 2.109782e+03, 5638142, 6.177036e-02, 6.175298e-02, 6.284936e-02, 6.324003e-02, 6.324568e-02, 6.715802e-02, 7.488309e-02, 7.860946e-02, 7.862921e-02, 1.085289e-01, 1.563670e-01, 1.913611e-01, 1.922600e-01, 1.922653e-01, 1.922674e-01, 1.922675e-01
INFO:bingo.evolutionary_optimizers.parallel_archipelago:Performing migration between Islands
INFO:bingo.evolutionary_optimizers.parallel_archipelago:Evolution time 0:01:00.401291	 age 650	 fitness 6.175e-02
Level 25:bingo.evolutionary_optimizers.parallel_archipelago:Saving checkpoint: src/bingo_bias_vias_decomposition/checkpoints_st_30/implicit_st_30_p8_p2_7_640.pkl
INFO:bingo.evolutionary_optimizers.parallel_archipelago:Saved successfully
Level 25:bingo.evolutionary_optimizers.evolutionary_optimizer:Generation: 640 	 Elapsed time: 0:36:10.487038 	 Best training fitness: 6.175166e-02 	 
Level 25:bingo.evolutionary_optimizers.evolutionary_optimizer:640, 2.170487e+03, 5743239, 6.175166e-02, 6.175166e-02, 6.284936e-02, 6.324003e-02, 6.324568e-02, 6.715802e-02, 7.488309e-02, 7.860946e-02, 7.862921e-02, 1.085289e-01, 1.563670e-01, 1.913611e-01, 1.922600e-01, 1.922653e-01, 1.922674e-01, 1.922675e-01
INFO:bingo.evolutionary_optimizers.parallel_archipelago:Performing migration between Islands
INFO:bingo.evolutionary_optimizers.parallel_archipelago:Evolution time 0:00:56.429380	 age 660	 fitness 6.176e-02
Level 25:bingo.evolutionary_optimizers.parallel_archipelago:Saving checkpoint: src/bingo_bias_vias_decomposition/checkpoints_st_30/implicit_st_30_p8_p2_7_650.pkl
INFO:bingo.evolutionary_optimizers.parallel_archipelago:Saved successfully
Level 25:bingo.evolutionary_optimizers.evolutionary_optimizer:Generation: 650 	 Elapsed time: 0:37:07.222265 	 Best training fitness: 6.175599e-02 	 
Level 25:bingo.evolutionary_optimizers.evolutionary_optimizer:650, 2.227222e+03, 5847468, 6.175599e-02, 6.175166e-02, 6.284936e-02, 6.324003e-02, 6.324568e-02, 6.715802e-02, 7.488309e-02, 7.860946e-02, 7.862921e-02, 1.085289e-01, 1.563670e-01, 1.913611e-01, 1.922600e-01, 1.922653e-01, 1.922674e-01, 1.922675e-01
INFO:bingo.evolutionary_optimizers.parallel_archipelago:Performing migration between Islands
INFO:bingo.evolutionary_optimizers.parallel_archipelago:Evolution time 0:00:39.694801	 age 670	 fitness 6.176e-02
Level 25:bingo.evolutionary_optimizers.parallel_archipelago:Saving checkpoint: src/bingo_bias_vias_decomposition/checkpoints_st_30/implicit_st_30_p8_p2_7_660.pkl
INFO:bingo.evolutionary_optimizers.parallel_archipelago:Saved successfully
Level 25:bingo.evolutionary_optimizers.evolutionary_optimizer:Generation: 660 	 Elapsed time: 0:37:47.217543 	 Best training fitness: 6.176086e-02 	 
Level 25:bingo.evolutionary_optimizers.evolutionary_optimizer:660, 2.267218e+03, 5951472, 6.176086e-02, 6.175166e-02, 6.284936e-02, 6.324003e-02, 6.324568e-02, 6.715802e-02, 7.488309e-02, 7.860946e-02, 7.862921e-02, 1.085289e-01, 1.563670e-01, 1.913611e-01, 1.922600e-01, 1.922653e-01, 1.922674e-01, 1.922675e-01
INFO:bingo.evolutionary_optimizers.parallel_archipelago:Performing migration between Islands
INFO:bingo.evolutionary_optimizers.parallel_archipelago:Evolution time 0:00:38.772683	 age 680	 fitness 6.177e-02
Level 25:bingo.evolutionary_optimizers.parallel_archipelago:Saving checkpoint: src/bingo_bias_vias_decomposition/checkpoints_st_30/implicit_st_30_p8_p2_7_670.pkl
INFO:bingo.evolutionary_optimizers.parallel_archipelago:Saved successfully
Level 25:bingo.evolutionary_optimizers.evolutionary_optimizer:Generation: 670 	 Elapsed time: 0:38:26.433337 	 Best training fitness: 6.177017e-02 	 
Level 25:bingo.evolutionary_optimizers.evolutionary_optimizer:670, 2.306433e+03, 6061160, 6.177017e-02, 6.175166e-02, 6.284936e-02, 6.324003e-02, 6.324568e-02, 6.715802e-02, 7.488309e-02, 7.860946e-02, 7.862921e-02, 1.085289e-01, 1.563670e-01, 1.913611e-01, 1.922600e-01, 1.922653e-01, 1.922674e-01, 1.922675e-01
INFO:bingo.evolutionary_optimizers.parallel_archipelago:Performing migration between Islands
INFO:bingo.evolutionary_optimizers.parallel_archipelago:Evolution time 0:00:47.057258	 age 690	 fitness 6.177e-02
Level 25:bingo.evolutionary_optimizers.parallel_archipelago:Saving checkpoint: src/bingo_bias_vias_decomposition/checkpoints_st_30/implicit_st_30_p8_p2_7_680.pkl
INFO:bingo.evolutionary_optimizers.parallel_archipelago:Saved successfully
Level 25:bingo.evolutionary_optimizers.evolutionary_optimizer:Generation: 680 	 Elapsed time: 0:39:13.796823 	 Best training fitness: 6.177017e-02 	 
Level 25:bingo.evolutionary_optimizers.evolutionary_optimizer:680, 2.353797e+03, 6159128, 6.177017e-02, 6.175166e-02, 6.284936e-02, 6.324003e-02, 6.324568e-02, 6.715802e-02, 7.488309e-02, 7.860946e-02, 7.862921e-02, 1.085289e-01, 1.563670e-01, 1.913611e-01, 1.922600e-01, 1.922653e-01, 1.922674e-01, 1.922675e-01
INFO:bingo.evolutionary_optimizers.parallel_archipelago:Performing migration between Islands
INFO:bingo.evolutionary_optimizers.parallel_archipelago:Evolution time 0:01:14.225992	 age 700	 fitness 6.176e-02
Level 25:bingo.evolutionary_optimizers.parallel_archipelago:Saving checkpoint: src/bingo_bias_vias_decomposition/checkpoints_st_30/implicit_st_30_p8_p2_7_690.pkl
INFO:bingo.evolutionary_optimizers.parallel_archipelago:Saved successfully
Level 25:bingo.evolutionary_optimizers.evolutionary_optimizer:Generation: 690 	 Elapsed time: 0:40:28.329537 	 Best training fitness: 6.176285e-02 	 
Level 25:bingo.evolutionary_optimizers.evolutionary_optimizer:690, 2.428330e+03, 6332943, 6.176285e-02, 6.175166e-02, 6.284936e-02, 6.324003e-02, 6.324568e-02, 6.715802e-02, 7.488309e-02, 7.860946e-02, 7.862921e-02, 1.085289e-01, 1.563670e-01, 1.913611e-01, 1.922600e-01, 1.922653e-01, 1.922674e-01, 1.922675e-01
INFO:bingo.evolutionary_optimizers.parallel_archipelago:Performing migration between Islands
INFO:bingo.evolutionary_optimizers.parallel_archipelago:Evolution time 0:00:53.024842	 age 710	 fitness 6.176e-02
Level 25:bingo.evolutionary_optimizers.parallel_archipelago:Saving checkpoint: src/bingo_bias_vias_decomposition/checkpoints_st_30/implicit_st_30_p8_p2_7_700.pkl
INFO:bingo.evolutionary_optimizers.parallel_archipelago:Saved successfully
Level 25:bingo.evolutionary_optimizers.evolutionary_optimizer:Generation: 700 	 Elapsed time: 0:41:21.689609 	 Best training fitness: 6.176021e-02 	 
Level 25:bingo.evolutionary_optimizers.evolutionary_optimizer:700, 2.481690e+03, 6468215, 6.176021e-02, 6.175166e-02, 6.284936e-02, 6.324003e-02, 6.324568e-02, 6.715802e-02, 7.488309e-02, 7.860946e-02, 7.862921e-02, 1.085289e-01, 1.563670e-01, 1.913611e-01, 1.922600e-01, 1.922653e-01, 1.922674e-01, 1.922675e-01
INFO:bingo.evolutionary_optimizers.parallel_archipelago:Performing migration between Islands
INFO:bingo.evolutionary_optimizers.parallel_archipelago:Evolution time 0:00:42.369422	 age 720	 fitness 6.176e-02
Level 25:bingo.evolutionary_optimizers.parallel_archipelago:Saving checkpoint: src/bingo_bias_vias_decomposition/checkpoints_st_30/implicit_st_30_p8_p2_7_710.pkl
INFO:bingo.evolutionary_optimizers.parallel_archipelago:Saved successfully
Level 25:bingo.evolutionary_optimizers.evolutionary_optimizer:Generation: 710 	 Elapsed time: 0:42:04.361018 	 Best training fitness: 6.175729e-02 	 
Level 25:bingo.evolutionary_optimizers.evolutionary_optimizer:710, 2.524361e+03, 6585888, 6.175729e-02, 6.175166e-02, 6.284936e-02, 6.324003e-02, 6.324433e-02, 6.715802e-02, 7.488309e-02, 7.860946e-02, 7.862921e-02, 1.085289e-01, 1.563670e-01, 1.913611e-01, 1.922600e-01, 1.922653e-01, 1.922674e-01, 1.922675e-01
INFO:bingo.evolutionary_optimizers.parallel_archipelago:Performing migration between Islands
INFO:bingo.evolutionary_optimizers.parallel_archipelago:Evolution time 0:00:46.886322	 age 730	 fitness 6.176e-02
Level 25:bingo.evolutionary_optimizers.parallel_archipelago:Saving checkpoint: src/bingo_bias_vias_decomposition/checkpoints_st_30/implicit_st_30_p8_p2_7_720.pkl
INFO:bingo.evolutionary_optimizers.parallel_archipelago:Saved successfully
Level 25:bingo.evolutionary_optimizers.evolutionary_optimizer:Generation: 720 	 Elapsed time: 0:42:51.551477 	 Best training fitness: 6.175729e-02 	 
Level 25:bingo.evolutionary_optimizers.evolutionary_optimizer:720, 2.571551e+03, 6682330, 6.175729e-02, 6.175166e-02, 6.284936e-02, 6.324003e-02, 6.324433e-02, 6.715802e-02, 7.488309e-02, 7.860946e-02, 7.862921e-02, 1.085289e-01, 1.563670e-01, 1.913611e-01, 1.922600e-01, 1.922653e-01, 1.922674e-01, 1.922675e-01
INFO:bingo.evolutionary_optimizers.parallel_archipelago:Performing migration between Islands
INFO:bingo.evolutionary_optimizers.parallel_archipelago:Evolution time 0:00:36.966719	 age 740	 fitness 6.176e-02
Level 25:bingo.evolutionary_optimizers.parallel_archipelago:Saving checkpoint: src/bingo_bias_vias_decomposition/checkpoints_st_30/implicit_st_30_p8_p2_7_730.pkl
INFO:bingo.evolutionary_optimizers.parallel_archipelago:Saved successfully
Level 25:bingo.evolutionary_optimizers.evolutionary_optimizer:Generation: 730 	 Elapsed time: 0:43:28.820740 	 Best training fitness: 6.175843e-02 	 
Level 25:bingo.evolutionary_optimizers.evolutionary_optimizer:730, 2.608821e+03, 6784140, 6.175843e-02, 6.175166e-02, 6.284936e-02, 6.324003e-02, 6.324433e-02, 6.715802e-02, 7.488309e-02, 7.860946e-02, 7.862921e-02, 1.085289e-01, 1.563670e-01, 1.913611e-01, 1.922600e-01, 1.922653e-01, 1.922674e-01, 1.922675e-01
INFO:bingo.evolutionary_optimizers.parallel_archipelago:Performing migration between Islands
INFO:bingo.evolutionary_optimizers.parallel_archipelago:Evolution time 0:00:36.149278	 age 750	 fitness 6.176e-02
Level 25:bingo.evolutionary_optimizers.parallel_archipelago:Saving checkpoint: src/bingo_bias_vias_decomposition/checkpoints_st_30/implicit_st_30_p8_p2_7_740.pkl
INFO:bingo.evolutionary_optimizers.parallel_archipelago:Saved successfully
Level 25:bingo.evolutionary_optimizers.evolutionary_optimizer:Generation: 740 	 Elapsed time: 0:44:05.276063 	 Best training fitness: 6.175827e-02 	 
Level 25:bingo.evolutionary_optimizers.evolutionary_optimizer:740, 2.645276e+03, 6891914, 6.175827e-02, 6.175166e-02, 6.284936e-02, 6.324003e-02, 6.324433e-02, 6.715802e-02, 7.488309e-02, 7.860946e-02, 7.862921e-02, 1.085289e-01, 1.563670e-01, 1.913611e-01, 1.922600e-01, 1.922653e-01, 1.922674e-01, 1.922675e-01
INFO:bingo.evolutionary_optimizers.parallel_archipelago:Performing migration between Islands
INFO:bingo.evolutionary_optimizers.parallel_archipelago:Evolution time 0:00:51.887165	 age 760	 fitness 6.176e-02
Level 25:bingo.evolutionary_optimizers.parallel_archipelago:Saving checkpoint: src/bingo_bias_vias_decomposition/checkpoints_st_30/implicit_st_30_p8_p2_7_750.pkl
INFO:bingo.evolutionary_optimizers.parallel_archipelago:Saved successfully
Level 25:bingo.evolutionary_optimizers.evolutionary_optimizer:Generation: 750 	 Elapsed time: 0:44:57.461314 	 Best training fitness: 6.175827e-02 	 
Level 25:bingo.evolutionary_optimizers.evolutionary_optimizer:750, 2.697461e+03, 7009969, 6.175827e-02, 6.175166e-02, 6.284936e-02, 6.324003e-02, 6.324433e-02, 6.715802e-02, 7.488309e-02, 7.860946e-02, 7.862921e-02, 1.085289e-01, 1.563670e-01, 1.913611e-01, 1.922600e-01, 1.922653e-01, 1.922674e-01, 1.922675e-01
INFO:bingo.evolutionary_optimizers.parallel_archipelago:Performing migration between Islands
INFO:bingo.evolutionary_optimizers.parallel_archipelago:Evolution time 0:00:55.333257	 age 770	 fitness 6.176e-02
Level 25:bingo.evolutionary_optimizers.parallel_archipelago:Saving checkpoint: src/bingo_bias_vias_decomposition/checkpoints_st_30/implicit_st_30_p8_p2_7_760.pkl
INFO:bingo.evolutionary_optimizers.parallel_archipelago:Saved successfully
Level 25:bingo.evolutionary_optimizers.evolutionary_optimizer:Generation: 760 	 Elapsed time: 0:45:53.094193 	 Best training fitness: 6.175827e-02 	 
Level 25:bingo.evolutionary_optimizers.evolutionary_optimizer:760, 2.753094e+03, 7146117, 6.175827e-02, 6.175166e-02, 6.177416e-02, 6.284936e-02, 6.324003e-02, 6.324433e-02, 6.715802e-02, 7.488309e-02, 7.860946e-02, 7.862921e-02, 1.085289e-01, 1.563670e-01, 1.913611e-01, 1.922600e-01, 1.922653e-01, 1.922674e-01, 1.922675e-01
INFO:bingo.evolutionary_optimizers.parallel_archipelago:Performing migration between Islands
INFO:bingo.evolutionary_optimizers.parallel_archipelago:Evolution time 0:01:15.848032	 age 780	 fitness 6.176e-02
Level 25:bingo.evolutionary_optimizers.parallel_archipelago:Saving checkpoint: src/bingo_bias_vias_decomposition/checkpoints_st_30/implicit_st_30_p8_p2_7_770.pkl
INFO:bingo.evolutionary_optimizers.parallel_archipelago:Saved successfully
Level 25:bingo.evolutionary_optimizers.evolutionary_optimizer:Generation: 770 	 Elapsed time: 0:47:09.241874 	 Best training fitness: 6.175993e-02 	 
Level 25:bingo.evolutionary_optimizers.evolutionary_optimizer:770, 2.829242e+03, 7309111, 6.175993e-02, 6.175166e-02, 6.177416e-02, 6.284936e-02, 6.324003e-02, 6.324433e-02, 6.715802e-02, 7.488309e-02, 7.860946e-02, 7.862921e-02, 1.085289e-01, 1.563670e-01, 1.913611e-01, 1.922600e-01, 1.922653e-01, 1.922674e-01, 1.922675e-01
INFO:bingo.evolutionary_optimizers.parallel_archipelago:Performing migration between Islands
INFO:bingo.evolutionary_optimizers.parallel_archipelago:Evolution time 0:01:12.314046	 age 790	 fitness 6.177e-02
Level 25:bingo.evolutionary_optimizers.parallel_archipelago:Saving checkpoint: src/bingo_bias_vias_decomposition/checkpoints_st_30/implicit_st_30_p8_p2_7_780.pkl
INFO:bingo.evolutionary_optimizers.parallel_archipelago:Saved successfully
Level 25:bingo.evolutionary_optimizers.evolutionary_optimizer:Generation: 780 	 Elapsed time: 0:48:21.847488 	 Best training fitness: 6.176907e-02 	 
Level 25:bingo.evolutionary_optimizers.evolutionary_optimizer:780, 2.901847e+03, 7487010, 6.176907e-02, 6.175166e-02, 6.177416e-02, 6.284936e-02, 6.324003e-02, 6.324433e-02, 6.715802e-02, 7.488309e-02, 7.860946e-02, 7.862921e-02, 1.085289e-01, 1.563670e-01, 1.913611e-01, 1.922600e-01, 1.922653e-01, 1.922674e-01, 1.922675e-01
INFO:bingo.evolutionary_optimizers.parallel_archipelago:Performing migration between Islands
INFO:bingo.evolutionary_optimizers.parallel_archipelago:Evolution time 0:00:54.509254	 age 800	 fitness 6.177e-02
Level 25:bingo.evolutionary_optimizers.parallel_archipelago:Saving checkpoint: src/bingo_bias_vias_decomposition/checkpoints_st_30/implicit_st_30_p8_p2_7_790.pkl
INFO:bingo.evolutionary_optimizers.parallel_archipelago:Saved successfully
Level 25:bingo.evolutionary_optimizers.evolutionary_optimizer:Generation: 790 	 Elapsed time: 0:49:16.637575 	 Best training fitness: 6.176907e-02 	 
Level 25:bingo.evolutionary_optimizers.evolutionary_optimizer:790, 2.956638e+03, 7640726, 6.176907e-02, 6.175166e-02, 6.177416e-02, 6.284936e-02, 6.324003e-02, 6.324433e-02, 6.715802e-02, 7.488309e-02, 7.860946e-02, 7.862921e-02, 1.085289e-01, 1.563670e-01, 1.913611e-01, 1.922600e-01, 1.922653e-01, 1.922674e-01, 1.922675e-01
INFO:bingo.evolutionary_optimizers.parallel_archipelago:Performing migration between Islands
INFO:bingo.evolutionary_optimizers.parallel_archipelago:Evolution time 0:00:31.281499	 age 810	 fitness 6.125e-02
Level 25:bingo.evolutionary_optimizers.parallel_archipelago:Saving checkpoint: src/bingo_bias_vias_decomposition/checkpoints_st_30/implicit_st_30_p8_p2_7_800.pkl
INFO:bingo.evolutionary_optimizers.parallel_archipelago:Saved successfully
Level 25:bingo.evolutionary_optimizers.evolutionary_optimizer:Generation: 800 	 Elapsed time: 0:49:48.200910 	 Best training fitness: 6.124838e-02 	 
Level 25:bingo.evolutionary_optimizers.evolutionary_optimizer:800, 2.988201e+03, 7749917, 6.124838e-02, 6.124838e-02, 6.177416e-02, 6.284936e-02, 6.324003e-02, 6.324433e-02, 6.715802e-02, 7.488309e-02, 7.860946e-02, 7.862921e-02, 1.085289e-01, 1.563670e-01, 1.913611e-01, 1.922600e-01, 1.922653e-01, 1.922674e-01, 1.922675e-01
INFO:bingo.evolutionary_optimizers.parallel_archipelago:Performing migration between Islands
INFO:bingo.evolutionary_optimizers.parallel_archipelago:Evolution time 0:01:04.625933	 age 820	 fitness 6.135e-02
Level 25:bingo.evolutionary_optimizers.parallel_archipelago:Saving checkpoint: src/bingo_bias_vias_decomposition/checkpoints_st_30/implicit_st_30_p8_p2_7_810.pkl
INFO:bingo.evolutionary_optimizers.parallel_archipelago:Saved successfully
Level 25:bingo.evolutionary_optimizers.evolutionary_optimizer:Generation: 810 	 Elapsed time: 0:50:53.118757 	 Best training fitness: 6.134841e-02 	 
Level 25:bingo.evolutionary_optimizers.evolutionary_optimizer:810, 3.053119e+03, 7896195, 6.134841e-02, 6.124838e-02, 6.177416e-02, 6.284936e-02, 6.320248e-02, 6.324433e-02, 6.715802e-02, 7.488309e-02, 7.860946e-02, 7.862921e-02, 1.085289e-01, 1.563670e-01, 1.913611e-01, 1.922600e-01, 1.922653e-01, 1.922674e-01, 1.922675e-01
INFO:bingo.evolutionary_optimizers.parallel_archipelago:Performing migration between Islands
INFO:bingo.evolutionary_optimizers.parallel_archipelago:Evolution time 0:01:16.895567	 age 830	 fitness 6.124e-02
Level 25:bingo.evolutionary_optimizers.parallel_archipelago:Saving checkpoint: src/bingo_bias_vias_decomposition/checkpoints_st_30/implicit_st_30_p8_p2_7_820.pkl
INFO:bingo.evolutionary_optimizers.parallel_archipelago:Saved successfully
Level 25:bingo.evolutionary_optimizers.evolutionary_optimizer:Generation: 820 	 Elapsed time: 0:52:10.310131 	 Best training fitness: 6.124476e-02 	 
Level 25:bingo.evolutionary_optimizers.evolutionary_optimizer:820, 3.130310e+03, 8058714, 6.124476e-02, 6.124476e-02, 6.177416e-02, 6.284936e-02, 6.320248e-02, 6.324433e-02, 6.715802e-02, 7.488309e-02, 7.860946e-02, 7.862921e-02, 1.085289e-01, 1.563670e-01, 1.913611e-01, 1.922600e-01, 1.922653e-01, 1.922674e-01, 1.922675e-01
INFO:bingo.evolutionary_optimizers.parallel_archipelago:Performing migration between Islands
INFO:bingo.evolutionary_optimizers.parallel_archipelago:Evolution time 0:00:59.406054	 age 840	 fitness 6.124e-02
Level 25:bingo.evolutionary_optimizers.parallel_archipelago:Saving checkpoint: src/bingo_bias_vias_decomposition/checkpoints_st_30/implicit_st_30_p8_p2_7_830.pkl
INFO:bingo.evolutionary_optimizers.parallel_archipelago:Saved successfully
Level 25:bingo.evolutionary_optimizers.evolutionary_optimizer:Generation: 830 	 Elapsed time: 0:53:10.046343 	 Best training fitness: 6.123712e-02 	 
Level 25:bingo.evolutionary_optimizers.evolutionary_optimizer:830, 3.190046e+03, 8170685, 6.123712e-02, 6.123712e-02, 6.177416e-02, 6.284936e-02, 6.319172e-02, 6.324433e-02, 6.715802e-02, 7.488309e-02, 7.860946e-02, 7.862921e-02, 1.085289e-01, 1.563670e-01, 1.913611e-01, 1.922600e-01, 1.922653e-01, 1.922674e-01, 1.922675e-01
INFO:bingo.evolutionary_optimizers.parallel_archipelago:Performing migration between Islands
INFO:bingo.evolutionary_optimizers.parallel_archipelago:Evolution time 0:00:57.095848	 age 850	 fitness 6.121e-02
Level 25:bingo.evolutionary_optimizers.parallel_archipelago:Saving checkpoint: src/bingo_bias_vias_decomposition/checkpoints_st_30/implicit_st_30_p8_p2_7_840.pkl
INFO:bingo.evolutionary_optimizers.parallel_archipelago:Saved successfully
Level 25:bingo.evolutionary_optimizers.evolutionary_optimizer:Generation: 840 	 Elapsed time: 0:54:07.447965 	 Best training fitness: 6.120976e-02 	 
Level 25:bingo.evolutionary_optimizers.evolutionary_optimizer:840, 3.247448e+03, 8282433, 6.120976e-02, 6.120976e-02, 6.177416e-02, 6.284936e-02, 6.319113e-02, 6.324433e-02, 6.715802e-02, 7.488309e-02, 7.860946e-02, 7.862921e-02, 1.085289e-01, 1.563670e-01, 1.913611e-01, 1.922600e-01, 1.922653e-01, 1.922674e-01, 1.922675e-01
INFO:bingo.evolutionary_optimizers.parallel_archipelago:Performing migration between Islands
INFO:bingo.evolutionary_optimizers.parallel_archipelago:Evolution time 0:00:43.415078	 age 860	 fitness 6.121e-02
Level 25:bingo.evolutionary_optimizers.parallel_archipelago:Saving checkpoint: src/bingo_bias_vias_decomposition/checkpoints_st_30/implicit_st_30_p8_p2_7_850.pkl
INFO:bingo.evolutionary_optimizers.parallel_archipelago:Saved successfully
Level 25:bingo.evolutionary_optimizers.evolutionary_optimizer:Generation: 850 	 Elapsed time: 0:54:51.156257 	 Best training fitness: 6.121330e-02 	 
Level 25:bingo.evolutionary_optimizers.evolutionary_optimizer:850, 3.291156e+03, 8402070, 6.121330e-02, 6.120976e-02, 6.177416e-02, 6.284936e-02, 6.319113e-02, 6.324433e-02, 6.715802e-02, 7.488309e-02, 7.860946e-02, 7.862921e-02, 1.085289e-01, 1.563670e-01, 1.913611e-01, 1.922600e-01, 1.922653e-01, 1.922674e-01, 1.922675e-01
INFO:bingo.evolutionary_optimizers.parallel_archipelago:Performing migration between Islands
INFO:bingo.evolutionary_optimizers.parallel_archipelago:Evolution time 0:00:56.495809	 age 870	 fitness 6.121e-02
Level 25:bingo.evolutionary_optimizers.parallel_archipelago:Saving checkpoint: src/bingo_bias_vias_decomposition/checkpoints_st_30/implicit_st_30_p8_p2_7_860.pkl
INFO:bingo.evolutionary_optimizers.parallel_archipelago:Saved successfully
Level 25:bingo.evolutionary_optimizers.evolutionary_optimizer:Generation: 860 	 Elapsed time: 0:55:47.947229 	 Best training fitness: 6.121282e-02 	 
Level 25:bingo.evolutionary_optimizers.evolutionary_optimizer:860, 3.347947e+03, 8539672, 6.121282e-02, 6.120976e-02, 6.177416e-02, 6.284936e-02, 6.319113e-02, 6.324433e-02, 6.715802e-02, 7.488309e-02, 7.860946e-02, 7.862921e-02, 1.085289e-01, 1.563670e-01, 1.913611e-01, 1.922600e-01, 1.922653e-01, 1.922674e-01, 1.922675e-01
INFO:bingo.evolutionary_optimizers.parallel_archipelago:Performing migration between Islands
INFO:bingo.evolutionary_optimizers.parallel_archipelago:Evolution time 0:01:02.088868	 age 880	 fitness 6.123e-02
Level 25:bingo.evolutionary_optimizers.parallel_archipelago:Saving checkpoint: src/bingo_bias_vias_decomposition/checkpoints_st_30/implicit_st_30_p8_p2_7_870.pkl
INFO:bingo.evolutionary_optimizers.parallel_archipelago:Saved successfully
Level 25:bingo.evolutionary_optimizers.evolutionary_optimizer:Generation: 870 	 Elapsed time: 0:56:50.321879 	 Best training fitness: 6.122660e-02 	 
Level 25:bingo.evolutionary_optimizers.evolutionary_optimizer:870, 3.410322e+03, 8659265, 6.122660e-02, 6.120976e-02, 6.175129e-02, 6.318659e-02, 6.324433e-02, 6.715802e-02, 7.488309e-02, 7.860946e-02, 7.862921e-02, 1.085289e-01, 1.563670e-01, 1.913611e-01, 1.922600e-01, 1.922653e-01, 1.922674e-01, 1.922675e-01
INFO:bingo.evolutionary_optimizers.parallel_archipelago:Performing migration between Islands
INFO:bingo.evolutionary_optimizers.parallel_archipelago:Evolution time 0:01:13.912079	 age 890	 fitness 6.122e-02
Level 25:bingo.evolutionary_optimizers.parallel_archipelago:Saving checkpoint: src/bingo_bias_vias_decomposition/checkpoints_st_30/implicit_st_30_p8_p2_7_880.pkl
INFO:bingo.evolutionary_optimizers.parallel_archipelago:Saved successfully
Level 25:bingo.evolutionary_optimizers.evolutionary_optimizer:Generation: 880 	 Elapsed time: 0:58:04.516728 	 Best training fitness: 6.122150e-02 	 
Level 25:bingo.evolutionary_optimizers.evolutionary_optimizer:880, 3.484517e+03, 8828229, 6.122150e-02, 6.120976e-02, 6.167543e-02, 6.318112e-02, 6.318659e-02, 6.324433e-02, 6.715802e-02, 7.488309e-02, 7.860946e-02, 7.862921e-02, 1.085289e-01, 1.563670e-01, 1.913611e-01, 1.922600e-01, 1.922653e-01, 1.922674e-01, 1.922675e-01
INFO:bingo.evolutionary_optimizers.parallel_archipelago:Performing migration between Islands
INFO:bingo.evolutionary_optimizers.parallel_archipelago:Evolution time 0:01:19.332936	 age 900	 fitness 6.122e-02
Level 25:bingo.evolutionary_optimizers.parallel_archipelago:Saving checkpoint: src/bingo_bias_vias_decomposition/checkpoints_st_30/implicit_st_30_p8_p2_7_890.pkl
INFO:bingo.evolutionary_optimizers.parallel_archipelago:Saved successfully
Level 25:bingo.evolutionary_optimizers.evolutionary_optimizer:Generation: 890 	 Elapsed time: 0:59:24.184466 	 Best training fitness: 6.121603e-02 	 
Level 25:bingo.evolutionary_optimizers.evolutionary_optimizer:890, 3.564184e+03, 8979051, 6.121603e-02, 6.120976e-02, 6.167543e-02, 6.318112e-02, 6.318659e-02, 6.324433e-02, 6.715802e-02, 7.488309e-02, 7.860946e-02, 7.862921e-02, 1.085289e-01, 1.563670e-01, 1.913611e-01, 1.922600e-01, 1.922653e-01, 1.922674e-01, 1.922675e-01
INFO:bingo.evolutionary_optimizers.parallel_archipelago:Performing migration between Islands
INFO:bingo.evolutionary_optimizers.parallel_archipelago:Evolution time 0:00:55.322656	 age 910	 fitness 6.121e-02
Level 25:bingo.evolutionary_optimizers.parallel_archipelago:Saving checkpoint: src/bingo_bias_vias_decomposition/checkpoints_st_30/implicit_st_30_p8_p2_7_900.pkl
INFO:bingo.evolutionary_optimizers.parallel_archipelago:Saved successfully
Level 25:bingo.evolutionary_optimizers.evolutionary_optimizer:Generation: 900 	 Elapsed time: 1:00:19.805663 	 Best training fitness: 6.120989e-02 	 
Level 25:bingo.evolutionary_optimizers.evolutionary_optimizer:900, 3.619806e+03, 9104927, 6.120989e-02, 6.120976e-02, 6.166989e-02, 6.170477e-02, 6.318659e-02, 6.324433e-02, 6.715802e-02, 7.488309e-02, 7.860946e-02, 7.862921e-02, 1.085289e-01, 1.563670e-01, 1.913611e-01, 1.922600e-01, 1.922653e-01, 1.922674e-01, 1.922675e-01
INFO:bingo.evolutionary_optimizers.parallel_archipelago:Performing migration between Islands
INFO:bingo.evolutionary_optimizers.parallel_archipelago:Evolution time 0:00:58.277962	 age 920	 fitness 6.122e-02
Level 25:bingo.evolutionary_optimizers.parallel_archipelago:Saving checkpoint: src/bingo_bias_vias_decomposition/checkpoints_st_30/implicit_st_30_p8_p2_7_910.pkl
INFO:bingo.evolutionary_optimizers.parallel_archipelago:Saved successfully
Level 25:bingo.evolutionary_optimizers.evolutionary_optimizer:Generation: 910 	 Elapsed time: 1:01:18.377029 	 Best training fitness: 6.122401e-02 	 
Level 25:bingo.evolutionary_optimizers.evolutionary_optimizer:910, 3.678377e+03, 9258281, 6.122401e-02, 6.120976e-02, 6.166212e-02, 6.170477e-02, 6.318659e-02, 6.324433e-02, 6.715802e-02, 7.488309e-02, 7.860946e-02, 7.862921e-02, 1.085289e-01, 1.563670e-01, 1.913611e-01, 1.922600e-01, 1.922653e-01, 1.922674e-01, 1.922675e-01
INFO:bingo.evolutionary_optimizers.parallel_archipelago:Performing migration between Islands
INFO:bingo.evolutionary_optimizers.parallel_archipelago:Evolution time 0:00:32.167649	 age 930	 fitness 6.122e-02
Level 25:bingo.evolutionary_optimizers.parallel_archipelago:Saving checkpoint: src/bingo_bias_vias_decomposition/checkpoints_st_30/implicit_st_30_p8_p2_7_920.pkl
INFO:bingo.evolutionary_optimizers.parallel_archipelago:Saved successfully
Level 25:bingo.evolutionary_optimizers.evolutionary_optimizer:Generation: 920 	 Elapsed time: 1:01:50.836186 	 Best training fitness: 6.121914e-02 	 
Level 25:bingo.evolutionary_optimizers.evolutionary_optimizer:920, 3.710836e+03, 9360331, 6.121914e-02, 6.120976e-02, 6.166212e-02, 6.170477e-02, 6.318659e-02, 6.324433e-02, 6.715802e-02, 7.488309e-02, 7.860946e-02, 7.862921e-02, 1.085289e-01, 1.563670e-01, 1.913611e-01, 1.922600e-01, 1.922653e-01, 1.922674e-01, 1.922675e-01
INFO:bingo.evolutionary_optimizers.parallel_archipelago:Performing migration between Islands
INFO:bingo.evolutionary_optimizers.parallel_archipelago:Evolution time 0:01:17.066659	 age 940	 fitness 6.121e-02
Level 25:bingo.evolutionary_optimizers.parallel_archipelago:Saving checkpoint: src/bingo_bias_vias_decomposition/checkpoints_st_30/implicit_st_30_p8_p2_7_930.pkl
INFO:bingo.evolutionary_optimizers.parallel_archipelago:Saved successfully
Level 25:bingo.evolutionary_optimizers.evolutionary_optimizer:Generation: 930 	 Elapsed time: 1:03:08.210089 	 Best training fitness: 6.121075e-02 	 
Level 25:bingo.evolutionary_optimizers.evolutionary_optimizer:930, 3.788210e+03, 9508794, 6.121075e-02, 6.120976e-02, 6.166212e-02, 6.170477e-02, 6.318659e-02, 6.324433e-02, 6.715802e-02, 7.488309e-02, 7.860946e-02, 7.862921e-02, 1.085289e-01, 1.563670e-01, 1.913611e-01, 1.922600e-01, 1.922653e-01, 1.922674e-01, 1.922675e-01
INFO:bingo.evolutionary_optimizers.parallel_archipelago:Performing migration between Islands
INFO:bingo.evolutionary_optimizers.parallel_archipelago:Evolution time 0:01:17.478681	 age 950	 fitness 6.122e-02
Level 25:bingo.evolutionary_optimizers.parallel_archipelago:Saving checkpoint: src/bingo_bias_vias_decomposition/checkpoints_st_30/implicit_st_30_p8_p2_7_940.pkl
INFO:bingo.evolutionary_optimizers.parallel_archipelago:Saved successfully
Level 25:bingo.evolutionary_optimizers.evolutionary_optimizer:Generation: 940 	 Elapsed time: 1:04:25.989532 	 Best training fitness: 6.121799e-02 	 
Level 25:bingo.evolutionary_optimizers.evolutionary_optimizer:940, 3.865990e+03, 9657511, 6.121799e-02, 6.120976e-02, 6.165596e-02, 6.170477e-02, 6.318659e-02, 6.324433e-02, 6.715802e-02, 7.488309e-02, 7.860946e-02, 7.862921e-02, 1.085289e-01, 1.563670e-01, 1.913611e-01, 1.922600e-01, 1.922653e-01, 1.922674e-01, 1.922675e-01
INFO:bingo.evolutionary_optimizers.parallel_archipelago:Performing migration between Islands
INFO:bingo.evolutionary_optimizers.parallel_archipelago:Evolution time 0:00:28.759376	 age 960	 fitness 6.122e-02
Level 25:bingo.evolutionary_optimizers.parallel_archipelago:Saving checkpoint: src/bingo_bias_vias_decomposition/checkpoints_st_30/implicit_st_30_p8_p2_7_950.pkl
INFO:bingo.evolutionary_optimizers.parallel_archipelago:Saved successfully
Level 25:bingo.evolutionary_optimizers.evolutionary_optimizer:Generation: 950 	 Elapsed time: 1:04:55.072960 	 Best training fitness: 6.121777e-02 	 
Level 25:bingo.evolutionary_optimizers.evolutionary_optimizer:950, 3.895073e+03, 9749242, 6.121777e-02, 6.120976e-02, 6.165596e-02, 6.170477e-02, 6.318659e-02, 6.324433e-02, 6.715802e-02, 7.488309e-02, 7.860946e-02, 7.862921e-02, 1.085289e-01, 1.563670e-01, 1.913611e-01, 1.922600e-01, 1.922653e-01, 1.922674e-01, 1.922675e-01
INFO:bingo.evolutionary_optimizers.parallel_archipelago:Performing migration between Islands
INFO:bingo.evolutionary_optimizers.parallel_archipelago:Evolution time 0:00:38.064033	 age 970	 fitness 6.122e-02
Level 25:bingo.evolutionary_optimizers.parallel_archipelago:Saving checkpoint: src/bingo_bias_vias_decomposition/checkpoints_st_30/implicit_st_30_p8_p2_7_960.pkl
INFO:bingo.evolutionary_optimizers.parallel_archipelago:Saved successfully
Level 25:bingo.evolutionary_optimizers.evolutionary_optimizer:Generation: 960 	 Elapsed time: 1:05:33.428112 	 Best training fitness: 6.121777e-02 	 
Level 25:bingo.evolutionary_optimizers.evolutionary_optimizer:960, 3.933428e+03, 9866186, 6.121777e-02, 6.120976e-02, 6.165596e-02, 6.170477e-02, 6.318659e-02, 6.324433e-02, 6.715802e-02, 7.488309e-02, 7.860946e-02, 7.862921e-02, 1.085289e-01, 1.563670e-01, 1.913611e-01, 1.922600e-01, 1.922653e-01, 1.922674e-01, 1.922675e-01
INFO:bingo.evolutionary_optimizers.parallel_archipelago:Performing migration between Islands
INFO:bingo.evolutionary_optimizers.parallel_archipelago:Evolution time 0:00:58.133273	 age 980	 fitness 6.122e-02
Level 25:bingo.evolutionary_optimizers.parallel_archipelago:Saving checkpoint: src/bingo_bias_vias_decomposition/checkpoints_st_30/implicit_st_30_p8_p2_7_970.pkl
INFO:bingo.evolutionary_optimizers.parallel_archipelago:Saved successfully
Level 25:bingo.evolutionary_optimizers.evolutionary_optimizer:Generation: 970 	 Elapsed time: 1:06:31.856042 	 Best training fitness: 6.121917e-02 	 
Level 25:bingo.evolutionary_optimizers.evolutionary_optimizer:970, 3.991856e+03, 10004948, 6.121917e-02, 6.120976e-02, 6.125649e-02, 6.165596e-02, 6.170477e-02, 6.318659e-02, 6.324433e-02, 6.715802e-02, 7.488309e-02, 7.860946e-02, 7.862921e-02, 1.085289e-01, 1.563670e-01, 1.913611e-01, 1.922600e-01, 1.922653e-01, 1.922674e-01, 1.922675e-01
INFO:bingo.evolutionary_optimizers.parallel_archipelago:Performing migration between Islands
INFO:bingo.evolutionary_optimizers.parallel_archipelago:Evolution time 0:00:38.334807	 age 990	 fitness 6.122e-02
Level 25:bingo.evolutionary_optimizers.parallel_archipelago:Saving checkpoint: src/bingo_bias_vias_decomposition/checkpoints_st_30/implicit_st_30_p8_p2_7_980.pkl
INFO:bingo.evolutionary_optimizers.parallel_archipelago:Saved successfully
Level 25:bingo.evolutionary_optimizers.evolutionary_optimizer:Generation: 980 	 Elapsed time: 1:07:10.487312 	 Best training fitness: 6.121766e-02 	 
Level 25:bingo.evolutionary_optimizers.evolutionary_optimizer:980, 4.030487e+03, 10119092, 6.121766e-02, 6.120976e-02, 6.125649e-02, 6.165596e-02, 6.170477e-02, 6.318659e-02, 6.324433e-02, 6.715802e-02, 7.488309e-02, 7.860946e-02, 7.862921e-02, 1.085289e-01, 1.563670e-01, 1.913611e-01, 1.922600e-01, 1.922653e-01, 1.922674e-01, 1.922675e-01
INFO:bingo.evolutionary_optimizers.parallel_archipelago:Performing migration between Islands
INFO:bingo.evolutionary_optimizers.parallel_archipelago:Evolution time 0:00:41.438390	 age 1000	 fitness 6.122e-02
Level 25:bingo.evolutionary_optimizers.parallel_archipelago:Saving checkpoint: src/bingo_bias_vias_decomposition/checkpoints_st_30/implicit_st_30_p8_p2_7_990.pkl
INFO:bingo.evolutionary_optimizers.parallel_archipelago:Saved successfully
Level 25:bingo.evolutionary_optimizers.evolutionary_optimizer:Generation: 990 	 Elapsed time: 1:07:52.214381 	 Best training fitness: 6.121866e-02 	 
Level 25:bingo.evolutionary_optimizers.evolutionary_optimizer:990, 4.072214e+03, 10238394, 6.121866e-02, 6.120976e-02, 6.125649e-02, 6.165596e-02, 6.170477e-02, 6.235447e-02, 6.715802e-02, 6.988853e-02, 1.085289e-01, 1.563670e-01, 1.646900e-01, 1.922600e-01, 1.922653e-01, 1.922674e-01, 1.922675e-01
INFO:bingo.evolutionary_optimizers.parallel_archipelago:Performing migration between Islands
INFO:bingo.evolutionary_optimizers.parallel_archipelago:Evolution time 0:01:16.893137	 age 1010	 fitness 6.013e-02
Level 25:bingo.evolutionary_optimizers.parallel_archipelago:Saving checkpoint: src/bingo_bias_vias_decomposition/checkpoints_st_30/implicit_st_30_p8_p2_7_1000.pkl
INFO:bingo.evolutionary_optimizers.parallel_archipelago:Saved successfully
Level 25:bingo.evolutionary_optimizers.evolutionary_optimizer:Generation: 1000 	 Elapsed time: 1:09:09.379231 	 Best training fitness: 6.012735e-02 	 
Level 25:bingo.evolutionary_optimizers.evolutionary_optimizer:1000, 4.149379e+03, 10413675, 6.012735e-02, 6.012735e-02, 6.045324e-02, 6.152790e-02, 6.988853e-02, 1.085289e-01, 1.563670e-01, 1.646900e-01, 1.922600e-01, 1.922653e-01, 1.922674e-01, 1.922675e-01
INFO:bingo.evolutionary_optimizers.parallel_archipelago:Performing migration between Islands
INFO:bingo.evolutionary_optimizers.parallel_archipelago:Evolution time 0:01:05.656460	 age 1020	 fitness 0.000e+00
Level 25:bingo.evolutionary_optimizers.parallel_archipelago:Saving checkpoint: src/bingo_bias_vias_decomposition/checkpoints_st_30/implicit_st_30_p8_p2_7_1010.pkl
INFO:bingo.evolutionary_optimizers.parallel_archipelago:Saved successfully
Level 25:bingo.evolutionary_optimizers.evolutionary_optimizer:Generation: 1010 	 Elapsed time: 1:10:15.277030 	 Best training fitness: 0.000000e+00 	 
Level 25:bingo.evolutionary_optimizers.evolutionary_optimizer:1010, 4.215277e+03, 10563833, 0.000000e+00, 0.000000e+00, 1.646444e-01, 1.922600e-01, 1.922653e-01, 1.922674e-01, 1.922675e-01
Level 25:bingo.evolutionary_optimizers.evolutionary_optimizer:Evolution successfully converged.
Level 25:bingo.evolutionary_optimizers.evolutionary_optimizer:  Absolte convergence occurred with best fitness < 1e-10
Level 25:bingo.evolutionary_optimizers.evolutionary_optimizer:Hall of Fame:
0.0	8	sin(log((X_0)(X_0) + (X_1)(X_1)))
0.16464444610287682	7	(-0.701381)(log(log((X_1)(X_0))))
0.1922599557072855	6	sin(log((-0.389599)(-0.389599 + sin(-0.389599))))
0.1922652816363645	4	sin((-1.063858)((-1.063858)(-1.063858)))
0.19226738941763413	3	(-3.517290)(0.265411)
0.19226747737330252	1	-0.933840
