Level 25:bingo.evolutionary_optimizers.evolutionary_optimizer:#generational_age, elapsed_time, fitness_evaluation_count, current_training_fitness, hall_of_fame_fitnesses
Level 25:bingo.evolutionary_optimizers.evolutionary_optimizer:#generational_age, elapsed_time, fitness_evaluation_count, current_training_fitness, hall_of_fame_fitnesses
Level 25:bingo.evolutionary_optimizers.evolutionary_optimizer:Generation: 0 	 Elapsed time: 0:00:04.822216 	 Best training fitness: 1.208970e-01 	 
Level 25:bingo.evolutionary_optimizers.evolutionary_optimizer:0, 4.822216e+00, 13580, 1.208970e-01
INFO:bingo.evolutionary_optimizers.parallel_archipelago:Evolution time 0:00:32.425777	 age 20	 fitness 1.195e-01
Level 25:bingo.evolutionary_optimizers.evolutionary_optimizer:Generation: 10 	 Elapsed time: 0:00:37.463566 	 Best training fitness: 1.195041e-01 	 
Level 25:bingo.evolutionary_optimizers.evolutionary_optimizer:10, 3.746357e+01, 129743, 1.195041e-01, 1.195041e-01, 1.203963e-01, 1.205453e-01
INFO:bingo.evolutionary_optimizers.parallel_archipelago:Evolution time 0:00:37.487705	 age 50	 fitness 1.189e-01
Level 25:bingo.evolutionary_optimizers.evolutionary_optimizer:Generation: 20 	 Elapsed time: 0:01:15.302545 	 Best training fitness: 1.189444e-01 	 
Level 25:bingo.evolutionary_optimizers.evolutionary_optimizer:20, 7.530254e+01, 210110, 1.189444e-01, 1.189444e-01, 1.203057e-01, 1.203241e-01, 1.203963e-01, 1.204294e-01
INFO:bingo.evolutionary_optimizers.parallel_archipelago:Evolution time 0:00:15.335695	 age 60	 fitness 1.187e-01
Level 25:bingo.evolutionary_optimizers.evolutionary_optimizer:Generation: 30 	 Elapsed time: 0:01:30.944427 	 Best training fitness: 1.186892e-01 	 
Level 25:bingo.evolutionary_optimizers.evolutionary_optimizer:30, 9.094443e+01, 265592, 1.186892e-01, 1.186892e-01, 1.199597e-01, 1.203241e-01, 1.203507e-01
INFO:bingo.evolutionary_optimizers.parallel_archipelago:Evolution time 0:00:27.747692	 age 80	 fitness 1.188e-01
Level 25:bingo.evolutionary_optimizers.evolutionary_optimizer:Generation: 40 	 Elapsed time: 0:01:58.967585 	 Best training fitness: 1.187958e-01 	 
Level 25:bingo.evolutionary_optimizers.evolutionary_optimizer:40, 1.189676e+02, 346602, 1.187958e-01, 1.186892e-01, 1.199597e-01, 1.203072e-01
INFO:bingo.evolutionary_optimizers.parallel_archipelago:Evolution time 0:00:31.762584	 age 100	 fitness 1.188e-01
Level 25:bingo.evolutionary_optimizers.evolutionary_optimizer:Generation: 50 	 Elapsed time: 0:02:31.054323 	 Best training fitness: 1.187958e-01 	 
Level 25:bingo.evolutionary_optimizers.evolutionary_optimizer:50, 1.510543e+02, 427368, 1.187958e-01, 1.186892e-01, 1.199597e-01, 1.203072e-01
INFO:bingo.evolutionary_optimizers.parallel_archipelago:Evolution time 0:00:29.703580	 age 110	 fitness 1.165e-01
Level 25:bingo.evolutionary_optimizers.evolutionary_optimizer:Generation: 60 	 Elapsed time: 0:03:00.984685 	 Best training fitness: 1.164959e-01 	 
Level 25:bingo.evolutionary_optimizers.evolutionary_optimizer:60, 1.809847e+02, 511502, 1.164959e-01, 1.164959e-01, 1.186892e-01, 1.199597e-01, 1.203072e-01
INFO:bingo.evolutionary_optimizers.parallel_archipelago:Evolution time 0:00:29.174210	 age 120	 fitness 1.164e-01
Level 25:bingo.evolutionary_optimizers.evolutionary_optimizer:Generation: 70 	 Elapsed time: 0:03:30.381029 	 Best training fitness: 1.164269e-01 	 
Level 25:bingo.evolutionary_optimizers.evolutionary_optimizer:70, 2.103810e+02, 592562, 1.164269e-01, 1.164269e-01, 1.199597e-01, 1.203072e-01
INFO:bingo.evolutionary_optimizers.parallel_archipelago:Evolution time 0:00:25.756896	 age 130	 fitness 1.072e-01
Level 25:bingo.evolutionary_optimizers.evolutionary_optimizer:Generation: 80 	 Elapsed time: 0:03:56.350532 	 Best training fitness: 1.072343e-01 	 
Level 25:bingo.evolutionary_optimizers.evolutionary_optimizer:80, 2.363505e+02, 665147, 1.072343e-01, 1.072343e-01, 1.199597e-01, 1.203072e-01
INFO:bingo.evolutionary_optimizers.parallel_archipelago:Evolution time 0:00:32.467012	 age 150	 fitness 1.052e-01
Level 25:bingo.evolutionary_optimizers.evolutionary_optimizer:Generation: 90 	 Elapsed time: 0:04:29.036289 	 Best training fitness: 1.052204e-01 	 
Level 25:bingo.evolutionary_optimizers.evolutionary_optimizer:90, 2.690363e+02, 738644, 1.052204e-01, 1.052204e-01, 1.070493e-01, 1.145010e-01, 1.202824e-01, 1.203072e-01
INFO:bingo.evolutionary_optimizers.parallel_archipelago:Evolution time 0:00:21.293953	 age 160	 fitness 9.936e-02
Level 25:bingo.evolutionary_optimizers.evolutionary_optimizer:Generation: 100 	 Elapsed time: 0:04:50.559014 	 Best training fitness: 9.936265e-02 	 
Level 25:bingo.evolutionary_optimizers.evolutionary_optimizer:100, 2.905590e+02, 814748, 9.936265e-02, 9.936265e-02, 1.018281e-01, 1.051763e-01, 1.070194e-01, 1.145010e-01, 1.196045e-01, 1.202824e-01, 1.202847e-01, 1.203072e-01
INFO:bingo.evolutionary_optimizers.parallel_archipelago:Evolution time 0:00:48.438729	 age 190	 fitness 9.601e-02
Level 25:bingo.evolutionary_optimizers.evolutionary_optimizer:Generation: 110 	 Elapsed time: 0:05:39.226001 	 Best training fitness: 9.601350e-02 	 
Level 25:bingo.evolutionary_optimizers.evolutionary_optimizer:110, 3.392260e+02, 905741, 9.601350e-02, 9.601350e-02, 9.833852e-02, 9.916035e-02, 1.070194e-01, 1.145010e-01, 1.196045e-01, 1.202824e-01, 1.202847e-01, 1.203072e-01
INFO:bingo.evolutionary_optimizers.parallel_archipelago:Evolution time 0:00:20.707549	 age 200	 fitness 8.408e-02
Level 25:bingo.evolutionary_optimizers.evolutionary_optimizer:Generation: 120 	 Elapsed time: 0:06:00.165600 	 Best training fitness: 8.408190e-02 	 
Level 25:bingo.evolutionary_optimizers.evolutionary_optimizer:120, 3.601656e+02, 984831, 8.408190e-02, 8.408190e-02, 9.356851e-02, 9.886167e-02, 1.058818e-01, 1.070194e-01, 1.145010e-01, 1.196045e-01, 1.202824e-01, 1.202847e-01, 1.203072e-01
INFO:bingo.evolutionary_optimizers.parallel_archipelago:Evolution time 0:00:31.020169	 age 210	 fitness 8.397e-02
Level 25:bingo.evolutionary_optimizers.evolutionary_optimizer:Generation: 130 	 Elapsed time: 0:06:31.425825 	 Best training fitness: 8.396518e-02 	 
Level 25:bingo.evolutionary_optimizers.evolutionary_optimizer:130, 3.914258e+02, 1078761, 8.396518e-02, 8.396518e-02, 8.484171e-02, 9.349314e-02, 9.506341e-02, 9.886167e-02, 1.058818e-01, 1.070194e-01, 1.145010e-01, 1.196045e-01, 1.202824e-01, 1.202847e-01, 1.203072e-01
INFO:bingo.evolutionary_optimizers.parallel_archipelago:Evolution time 0:00:25.707074	 age 220	 fitness 8.394e-02
Level 25:bingo.evolutionary_optimizers.evolutionary_optimizer:Generation: 140 	 Elapsed time: 0:06:57.364580 	 Best training fitness: 8.393511e-02 	 
Level 25:bingo.evolutionary_optimizers.evolutionary_optimizer:140, 4.173646e+02, 1174996, 8.393511e-02, 8.393511e-02, 8.484171e-02, 8.958887e-02, 9.339269e-02, 9.506341e-02, 9.886167e-02, 1.058818e-01, 1.070194e-01, 1.145010e-01, 1.196045e-01, 1.202824e-01, 1.202847e-01, 1.203072e-01
INFO:bingo.evolutionary_optimizers.parallel_archipelago:Evolution time 0:00:34.166934	 age 230	 fitness 8.389e-02
Level 25:bingo.evolutionary_optimizers.evolutionary_optimizer:Generation: 150 	 Elapsed time: 0:07:31.762169 	 Best training fitness: 8.389348e-02 	 
Level 25:bingo.evolutionary_optimizers.evolutionary_optimizer:150, 4.517622e+02, 1283657, 8.389348e-02, 8.389348e-02, 8.484171e-02, 8.958887e-02, 9.339269e-02, 9.497579e-02, 9.886167e-02, 1.058818e-01, 1.070194e-01, 1.145010e-01, 1.196045e-01, 1.202824e-01, 1.202847e-01, 1.203072e-01
INFO:bingo.evolutionary_optimizers.parallel_archipelago:Evolution time 0:00:43.872387	 age 250	 fitness 8.226e-02
Level 25:bingo.evolutionary_optimizers.evolutionary_optimizer:Generation: 160 	 Elapsed time: 0:08:15.869976 	 Best training fitness: 8.225557e-02 	 
Level 25:bingo.evolutionary_optimizers.evolutionary_optimizer:160, 4.958700e+02, 1370675, 8.225557e-02, 8.225557e-02, 8.958887e-02, 9.339269e-02, 9.482320e-02, 9.886167e-02, 1.058818e-01, 1.070194e-01, 1.145010e-01, 1.196045e-01, 1.202824e-01, 1.202847e-01, 1.203072e-01
INFO:bingo.evolutionary_optimizers.parallel_archipelago:Evolution time 0:00:35.600526	 age 260	 fitness 8.230e-02
Level 25:bingo.evolutionary_optimizers.evolutionary_optimizer:Generation: 170 	 Elapsed time: 0:08:51.787606 	 Best training fitness: 8.229982e-02 	 
Level 25:bingo.evolutionary_optimizers.evolutionary_optimizer:170, 5.317876e+02, 1485349, 8.229982e-02, 8.225557e-02, 8.958887e-02, 9.149002e-02, 9.339269e-02, 9.469799e-02, 9.886167e-02, 1.058818e-01, 1.070194e-01, 1.145010e-01, 1.196045e-01, 1.202824e-01, 1.202847e-01, 1.203072e-01
INFO:bingo.evolutionary_optimizers.parallel_archipelago:Evolution time 0:00:59.299421	 age 290	 fitness 8.220e-02
Level 25:bingo.evolutionary_optimizers.evolutionary_optimizer:Generation: 180 	 Elapsed time: 0:09:51.319100 	 Best training fitness: 8.220059e-02 	 
Level 25:bingo.evolutionary_optimizers.evolutionary_optimizer:180, 5.913191e+02, 1613107, 8.220059e-02, 8.220059e-02, 8.958228e-02, 9.149002e-02, 9.339269e-02, 9.469799e-02, 9.886167e-02, 1.058818e-01, 1.070194e-01, 1.145010e-01, 1.196045e-01, 1.202752e-01
INFO:bingo.evolutionary_optimizers.parallel_archipelago:Evolution time 0:00:52.518831	 age 320	 fitness 8.207e-02
Level 25:bingo.evolutionary_optimizers.evolutionary_optimizer:Generation: 190 	 Elapsed time: 0:10:44.071862 	 Best training fitness: 8.207111e-02 	 
Level 25:bingo.evolutionary_optimizers.evolutionary_optimizer:190, 6.440719e+02, 1711631, 8.207111e-02, 8.207111e-02, 8.220059e-02, 8.958228e-02, 9.149002e-02, 9.339269e-02, 9.469799e-02, 9.886167e-02, 1.058818e-01, 1.070194e-01, 1.145010e-01, 1.196045e-01, 1.202752e-01
INFO:bingo.evolutionary_optimizers.parallel_archipelago:Evolution time 0:00:30.472958	 age 330	 fitness 8.171e-02
Level 25:bingo.evolutionary_optimizers.evolutionary_optimizer:Generation: 200 	 Elapsed time: 0:11:14.785616 	 Best training fitness: 8.171013e-02 	 
Level 25:bingo.evolutionary_optimizers.evolutionary_optimizer:200, 6.747856e+02, 1807271, 8.171013e-02, 8.171013e-02, 8.207111e-02, 8.220059e-02, 8.958228e-02, 9.149002e-02, 9.339269e-02, 9.469799e-02, 9.886167e-02, 1.058818e-01, 1.070194e-01, 1.145010e-01, 1.196045e-01, 1.202752e-01
INFO:bingo.evolutionary_optimizers.parallel_archipelago:Evolution time 0:00:37.741630	 age 340	 fitness 7.970e-02
Level 25:bingo.evolutionary_optimizers.evolutionary_optimizer:Generation: 210 	 Elapsed time: 0:11:52.768816 	 Best training fitness: 7.970499e-02 	 
Level 25:bingo.evolutionary_optimizers.evolutionary_optimizer:210, 7.127688e+02, 1903015, 7.970499e-02, 7.970499e-02, 8.171013e-02, 8.205088e-02, 8.220059e-02, 8.227522e-02, 9.149002e-02, 9.339269e-02, 9.469799e-02, 9.886167e-02, 1.058818e-01, 1.070194e-01, 1.145010e-01, 1.196045e-01, 1.202752e-01
INFO:bingo.evolutionary_optimizers.parallel_archipelago:Evolution time 0:00:23.280273	 age 350	 fitness 7.711e-02
Level 25:bingo.evolutionary_optimizers.evolutionary_optimizer:Generation: 220 	 Elapsed time: 0:12:16.295617 	 Best training fitness: 7.710915e-02 	 
Level 25:bingo.evolutionary_optimizers.evolutionary_optimizer:220, 7.362956e+02, 1987548, 7.710915e-02, 7.710915e-02, 7.728101e-02, 8.220059e-02, 8.227522e-02, 9.149002e-02, 9.339269e-02, 9.469799e-02, 9.886167e-02, 1.058818e-01, 1.070194e-01, 1.145010e-01, 1.196045e-01, 1.202752e-01
INFO:bingo.evolutionary_optimizers.parallel_archipelago:Evolution time 0:01:03.651083	 age 370	 fitness 6.507e-02
Level 25:bingo.evolutionary_optimizers.evolutionary_optimizer:Generation: 230 	 Elapsed time: 0:13:20.193329 	 Best training fitness: 6.507117e-02 	 
Level 25:bingo.evolutionary_optimizers.evolutionary_optimizer:230, 8.001933e+02, 2098581, 6.507117e-02, 6.507117e-02, 6.857863e-02, 7.672618e-02, 7.980610e-02, 8.220059e-02, 8.227522e-02, 9.149002e-02, 9.339269e-02, 9.469799e-02, 9.886167e-02, 1.058818e-01, 1.070194e-01, 1.145010e-01, 1.196045e-01, 1.202752e-01
INFO:bingo.evolutionary_optimizers.parallel_archipelago:Evolution time 0:00:40.791925	 age 380	 fitness 6.494e-02
Level 25:bingo.evolutionary_optimizers.evolutionary_optimizer:Generation: 240 	 Elapsed time: 0:14:01.278677 	 Best training fitness: 6.493587e-02 	 
Level 25:bingo.evolutionary_optimizers.evolutionary_optimizer:240, 8.412787e+02, 2190505, 6.493587e-02, 6.493587e-02, 6.634453e-02, 7.443024e-02, 7.672618e-02, 7.980610e-02, 8.220059e-02, 8.227522e-02, 9.149002e-02, 9.339269e-02, 9.469799e-02, 9.886167e-02, 1.058818e-01, 1.070194e-01, 1.145010e-01, 1.196045e-01, 1.202752e-01
INFO:bingo.evolutionary_optimizers.parallel_archipelago:Evolution time 0:00:59.430644	 age 390	 fitness 6.487e-02
Level 25:bingo.evolutionary_optimizers.evolutionary_optimizer:Generation: 250 	 Elapsed time: 0:15:00.972337 	 Best training fitness: 6.486747e-02 	 
Level 25:bingo.evolutionary_optimizers.evolutionary_optimizer:250, 9.009723e+02, 2292765, 6.486747e-02, 6.486747e-02, 6.493991e-02, 6.634453e-02, 6.706092e-02, 7.980610e-02, 8.220059e-02, 8.227522e-02, 9.149002e-02, 9.339269e-02, 9.469799e-02, 9.886167e-02, 1.058818e-01, 1.070194e-01, 1.145010e-01, 1.196045e-01, 1.202752e-01
INFO:bingo.evolutionary_optimizers.parallel_archipelago:Evolution time 0:00:21.751695	 age 400	 fitness 6.398e-02
Level 25:bingo.evolutionary_optimizers.evolutionary_optimizer:Generation: 260 	 Elapsed time: 0:15:22.990133 	 Best training fitness: 6.398166e-02 	 
Level 25:bingo.evolutionary_optimizers.evolutionary_optimizer:260, 9.229901e+02, 2368557, 6.398166e-02, 6.398166e-02, 6.486747e-02, 6.493991e-02, 6.634453e-02, 6.702944e-02, 7.980610e-02, 8.220059e-02, 8.227522e-02, 9.149002e-02, 9.339269e-02, 9.469799e-02, 9.886167e-02, 1.058818e-01, 1.070194e-01, 1.145010e-01, 1.196045e-01, 1.202668e-01
INFO:bingo.evolutionary_optimizers.parallel_archipelago:Evolution time 0:00:27.453540	 age 410	 fitness 5.555e-02
Level 25:bingo.evolutionary_optimizers.evolutionary_optimizer:Generation: 270 	 Elapsed time: 0:15:50.707017 	 Best training fitness: 5.554812e-02 	 
Level 25:bingo.evolutionary_optimizers.evolutionary_optimizer:270, 9.507070e+02, 2449826, 5.554812e-02, 5.554812e-02, 6.187451e-02, 6.456337e-02, 6.634453e-02, 6.702944e-02, 7.980610e-02, 8.220059e-02, 8.227522e-02, 9.149002e-02, 9.339269e-02, 9.469799e-02, 9.886167e-02, 1.058818e-01, 1.070194e-01, 1.145010e-01, 1.196045e-01, 1.202668e-01
INFO:bingo.evolutionary_optimizers.parallel_archipelago:Evolution time 0:00:24.007785	 age 420	 fitness 5.554e-02
Level 25:bingo.evolutionary_optimizers.evolutionary_optimizer:Generation: 280 	 Elapsed time: 0:16:14.972375 	 Best training fitness: 5.553593e-02 	 
Level 25:bingo.evolutionary_optimizers.evolutionary_optimizer:280, 9.749724e+02, 2533448, 5.553593e-02, 5.553593e-02, 5.554534e-02, 6.161945e-02, 6.634007e-02, 6.702944e-02, 7.980610e-02, 8.220059e-02, 8.227522e-02, 9.149002e-02, 9.339269e-02, 9.469799e-02, 9.886167e-02, 1.058818e-01, 1.070194e-01, 1.145010e-01, 1.196045e-01, 1.202668e-01
INFO:bingo.evolutionary_optimizers.parallel_archipelago:Evolution time 0:01:05.149259	 age 450	 fitness 5.222e-02
Level 25:bingo.evolutionary_optimizers.evolutionary_optimizer:Generation: 290 	 Elapsed time: 0:17:20.383960 	 Best training fitness: 5.222060e-02 	 
Level 25:bingo.evolutionary_optimizers.evolutionary_optimizer:290, 1.040384e+03, 2631967, 5.222060e-02, 5.222060e-02, 5.230051e-02, 6.634007e-02, 6.702944e-02, 7.980610e-02, 8.220059e-02, 8.227522e-02, 9.149002e-02, 9.339269e-02, 9.469799e-02, 9.886167e-02, 1.058818e-01, 1.070194e-01, 1.145010e-01, 1.196045e-01, 1.202668e-01
INFO:bingo.evolutionary_optimizers.parallel_archipelago:Evolution time 0:00:48.332011	 age 460	 fitness 5.054e-02
Level 25:bingo.evolutionary_optimizers.evolutionary_optimizer:Generation: 300 	 Elapsed time: 0:18:08.982983 	 Best training fitness: 5.054145e-02 	 
Level 25:bingo.evolutionary_optimizers.evolutionary_optimizer:300, 1.088983e+03, 2739365, 5.054145e-02, 5.054145e-02, 5.218770e-02, 5.230051e-02, 6.634007e-02, 6.702944e-02, 7.980610e-02, 8.220059e-02, 8.227522e-02, 9.149002e-02, 9.339269e-02, 9.469799e-02, 9.886167e-02, 1.058818e-01, 1.070194e-01, 1.145010e-01, 1.196045e-01, 1.202668e-01
INFO:bingo.evolutionary_optimizers.parallel_archipelago:Evolution time 0:00:24.856957	 age 470	 fitness 5.054e-02
Level 25:bingo.evolutionary_optimizers.evolutionary_optimizer:Generation: 310 	 Elapsed time: 0:18:34.133623 	 Best training fitness: 5.053793e-02 	 
Level 25:bingo.evolutionary_optimizers.evolutionary_optimizer:310, 1.114134e+03, 2817775, 5.053793e-02, 5.053793e-02, 5.218770e-02, 5.228267e-02, 6.187317e-02, 6.634007e-02, 6.702944e-02, 7.980610e-02, 8.220059e-02, 8.227522e-02, 9.149002e-02, 9.339269e-02, 9.469799e-02, 9.886167e-02, 1.058818e-01, 1.070194e-01, 1.145010e-01, 1.196045e-01, 1.202668e-01
INFO:bingo.evolutionary_optimizers.parallel_archipelago:Evolution time 0:00:43.659478	 age 480	 fitness 5.008e-02
Level 25:bingo.evolutionary_optimizers.evolutionary_optimizer:Generation: 320 	 Elapsed time: 0:19:18.046957 	 Best training fitness: 5.008357e-02 	 
Level 25:bingo.evolutionary_optimizers.evolutionary_optimizer:320, 1.158047e+03, 2925684, 5.008357e-02, 5.008357e-02, 5.053278e-02, 5.217905e-02, 5.228267e-02, 5.849433e-02, 6.634007e-02, 6.702944e-02, 7.980610e-02, 8.220059e-02, 8.227522e-02, 9.149002e-02, 9.339269e-02, 9.469799e-02, 9.886167e-02, 1.058818e-01, 1.070194e-01, 1.145010e-01, 1.196045e-01, 1.202668e-01
INFO:bingo.evolutionary_optimizers.parallel_archipelago:Evolution time 0:01:04.164204	 age 490	 fitness 4.589e-02
Level 25:bingo.evolutionary_optimizers.evolutionary_optimizer:Generation: 330 	 Elapsed time: 0:20:22.471458 	 Best training fitness: 4.589276e-02 	 
Level 25:bingo.evolutionary_optimizers.evolutionary_optimizer:330, 1.222471e+03, 3038651, 4.589276e-02, 4.589276e-02, 4.680855e-02, 5.053226e-02, 5.217687e-02, 5.228267e-02, 5.849433e-02, 5.861132e-02, 7.980610e-02, 8.220059e-02, 8.227522e-02, 9.149002e-02, 9.339269e-02, 9.469799e-02, 9.886167e-02, 1.058818e-01, 1.070194e-01, 1.145010e-01, 1.196045e-01, 1.202668e-01
INFO:bingo.evolutionary_optimizers.parallel_archipelago:Evolution time 0:00:46.177833	 age 510	 fitness 4.588e-02
Level 25:bingo.evolutionary_optimizers.evolutionary_optimizer:Generation: 340 	 Elapsed time: 0:21:08.906104 	 Best training fitness: 4.588149e-02 	 
Level 25:bingo.evolutionary_optimizers.evolutionary_optimizer:340, 1.268906e+03, 3134187, 4.588149e-02, 4.588149e-02, 4.680855e-02, 4.795586e-02, 5.849433e-02, 5.861132e-02, 7.980610e-02, 8.220059e-02, 8.227522e-02, 9.149002e-02, 9.339269e-02, 9.469799e-02, 9.886167e-02, 1.058818e-01, 1.070194e-01, 1.145010e-01, 1.196045e-01, 1.202668e-01
INFO:bingo.evolutionary_optimizers.parallel_archipelago:Evolution time 0:00:37.931718	 age 520	 fitness 4.241e-02
Level 25:bingo.evolutionary_optimizers.evolutionary_optimizer:Generation: 350 	 Elapsed time: 0:21:47.095760 	 Best training fitness: 4.241052e-02 	 
Level 25:bingo.evolutionary_optimizers.evolutionary_optimizer:350, 1.307096e+03, 3241660, 4.241052e-02, 4.241052e-02, 4.426117e-02, 4.795586e-02, 5.849433e-02, 5.861132e-02, 7.980610e-02, 8.220059e-02, 8.227522e-02, 9.149002e-02, 9.339269e-02, 9.469799e-02, 9.886167e-02, 1.058818e-01, 1.070194e-01, 1.145010e-01, 1.196045e-01, 1.202668e-01
INFO:bingo.evolutionary_optimizers.parallel_archipelago:Evolution time 0:00:39.023256	 age 530	 fitness 7.110e-17
Level 25:bingo.evolutionary_optimizers.evolutionary_optimizer:Generation: 360 	 Elapsed time: 0:22:26.364827 	 Best training fitness: 7.109543e-17 	 
Level 25:bingo.evolutionary_optimizers.evolutionary_optimizer:360, 1.346365e+03, 3340673, 7.109543e-17, 7.109543e-17, 1.202668e-01
Level 25:bingo.evolutionary_optimizers.evolutionary_optimizer:Evolution successfully converged.
Level 25:bingo.evolutionary_optimizers.evolutionary_optimizer:  Absolte convergence occurred with best fitness < 1e-10
Level 25:bingo.evolutionary_optimizers.evolutionary_optimizer:Hall of Fame:
7.109542512023842e-17	7	sin(log((X_0)(X_0) + (X_1)(X_1)))
0.1202668170821051	1	-0.931545
