Level 25:bingo.evolutionary_optimizers.evolutionary_optimizer:#generational_age, elapsed_time, fitness_evaluation_count, current_training_fitness, hall_of_fame_fitnesses
Level 25:bingo.evolutionary_optimizers.evolutionary_optimizer:#generational_age, elapsed_time, fitness_evaluation_count, current_training_fitness, hall_of_fame_fitnesses
Level 25:bingo.evolutionary_optimizers.parallel_archipelago:Saving checkpoint: src/bingo_bias_vias_decomposition/checkpoints_st_30/implicit_st_30_p7_p3_5_0.pkl
INFO:bingo.evolutionary_optimizers.parallel_archipelago:Saved successfully
Level 25:bingo.evolutionary_optimizers.evolutionary_optimizer:Generation: 0 	 Elapsed time: 0:00:03.109394 	 Best training fitness: 1.684423e-01 	 
Level 25:bingo.evolutionary_optimizers.evolutionary_optimizer:0, 3.109394e+00, 14610, 1.684423e-01
INFO:bingo.evolutionary_optimizers.parallel_archipelago:Performing migration between Islands
INFO:bingo.evolutionary_optimizers.parallel_archipelago:Evolution time 0:00:20.577188	 age 20	 fitness 1.683e-01
Level 25:bingo.evolutionary_optimizers.parallel_archipelago:Saving checkpoint: src/bingo_bias_vias_decomposition/checkpoints_st_30/implicit_st_30_p7_p3_5_10.pkl
INFO:bingo.evolutionary_optimizers.parallel_archipelago:Saved successfully
Level 25:bingo.evolutionary_optimizers.evolutionary_optimizer:Generation: 10 	 Elapsed time: 0:00:23.834757 	 Best training fitness: 1.683067e-01 	 
Level 25:bingo.evolutionary_optimizers.evolutionary_optimizer:10, 2.383476e+01, 151908, 1.683067e-01, 1.683067e-01, 1.683444e-01
INFO:bingo.evolutionary_optimizers.parallel_archipelago:Performing migration between Islands
INFO:bingo.evolutionary_optimizers.parallel_archipelago:Evolution time 0:00:19.607510	 age 30	 fitness 1.683e-01
Level 25:bingo.evolutionary_optimizers.parallel_archipelago:Saving checkpoint: src/bingo_bias_vias_decomposition/checkpoints_st_30/implicit_st_30_p7_p3_5_20.pkl
INFO:bingo.evolutionary_optimizers.parallel_archipelago:Saved successfully
Level 25:bingo.evolutionary_optimizers.evolutionary_optimizer:Generation: 20 	 Elapsed time: 0:00:43.624978 	 Best training fitness: 1.683116e-01 	 
Level 25:bingo.evolutionary_optimizers.evolutionary_optimizer:20, 4.362498e+01, 248367, 1.683116e-01, 1.683067e-01, 1.683444e-01
INFO:bingo.evolutionary_optimizers.parallel_archipelago:Performing migration between Islands
INFO:bingo.evolutionary_optimizers.parallel_archipelago:Evolution time 0:00:16.215445	 age 40	 fitness 1.683e-01
Level 25:bingo.evolutionary_optimizers.parallel_archipelago:Saving checkpoint: src/bingo_bias_vias_decomposition/checkpoints_st_30/implicit_st_30_p7_p3_5_30.pkl
INFO:bingo.evolutionary_optimizers.parallel_archipelago:Saved successfully
Level 25:bingo.evolutionary_optimizers.evolutionary_optimizer:Generation: 30 	 Elapsed time: 0:00:59.989019 	 Best training fitness: 1.682930e-01 	 
Level 25:bingo.evolutionary_optimizers.evolutionary_optimizer:30, 5.998902e+01, 319498, 1.682930e-01, 1.682930e-01, 1.683444e-01
INFO:bingo.evolutionary_optimizers.parallel_archipelago:Performing migration between Islands
INFO:bingo.evolutionary_optimizers.parallel_archipelago:Evolution time 0:00:13.089205	 age 50	 fitness 1.683e-01
Level 25:bingo.evolutionary_optimizers.parallel_archipelago:Saving checkpoint: src/bingo_bias_vias_decomposition/checkpoints_st_30/implicit_st_30_p7_p3_5_40.pkl
INFO:bingo.evolutionary_optimizers.parallel_archipelago:Saved successfully
Level 25:bingo.evolutionary_optimizers.evolutionary_optimizer:Generation: 40 	 Elapsed time: 0:01:13.226815 	 Best training fitness: 1.683001e-01 	 
Level 25:bingo.evolutionary_optimizers.evolutionary_optimizer:40, 7.322682e+01, 385167, 1.683001e-01, 1.682930e-01, 1.683388e-01, 1.683444e-01
INFO:bingo.evolutionary_optimizers.parallel_archipelago:Performing migration between Islands
INFO:bingo.evolutionary_optimizers.parallel_archipelago:Evolution time 0:00:07.582532	 age 60	 fitness 1.683e-01
Level 25:bingo.evolutionary_optimizers.parallel_archipelago:Saving checkpoint: src/bingo_bias_vias_decomposition/checkpoints_st_30/implicit_st_30_p7_p3_5_50.pkl
INFO:bingo.evolutionary_optimizers.parallel_archipelago:Saved successfully
Level 25:bingo.evolutionary_optimizers.evolutionary_optimizer:Generation: 50 	 Elapsed time: 0:01:20.955555 	 Best training fitness: 1.683045e-01 	 
Level 25:bingo.evolutionary_optimizers.evolutionary_optimizer:50, 8.095556e+01, 432228, 1.683045e-01, 1.682930e-01, 1.683388e-01, 1.683444e-01
INFO:bingo.evolutionary_optimizers.parallel_archipelago:Performing migration between Islands
INFO:bingo.evolutionary_optimizers.parallel_archipelago:Evolution time 0:00:22.814234	 age 70	 fitness 1.683e-01
Level 25:bingo.evolutionary_optimizers.parallel_archipelago:Saving checkpoint: src/bingo_bias_vias_decomposition/checkpoints_st_30/implicit_st_30_p7_p3_5_60.pkl
INFO:bingo.evolutionary_optimizers.parallel_archipelago:Saved successfully
Level 25:bingo.evolutionary_optimizers.evolutionary_optimizer:Generation: 60 	 Elapsed time: 0:01:43.918755 	 Best training fitness: 1.682627e-01 	 
Level 25:bingo.evolutionary_optimizers.evolutionary_optimizer:60, 1.039188e+02, 511927, 1.682627e-01, 1.682627e-01, 1.683220e-01, 1.683388e-01, 1.683444e-01
INFO:bingo.evolutionary_optimizers.parallel_archipelago:Performing migration between Islands
INFO:bingo.evolutionary_optimizers.parallel_archipelago:Evolution time 0:00:20.459961	 age 80	 fitness 1.682e-01
Level 25:bingo.evolutionary_optimizers.parallel_archipelago:Saving checkpoint: src/bingo_bias_vias_decomposition/checkpoints_st_30/implicit_st_30_p7_p3_5_70.pkl
INFO:bingo.evolutionary_optimizers.parallel_archipelago:Saved successfully
Level 25:bingo.evolutionary_optimizers.evolutionary_optimizer:Generation: 70 	 Elapsed time: 0:02:04.526349 	 Best training fitness: 1.682448e-01 	 
Level 25:bingo.evolutionary_optimizers.evolutionary_optimizer:70, 1.245263e+02, 587322, 1.682448e-01, 1.682448e-01, 1.683220e-01, 1.683388e-01, 1.683444e-01
INFO:bingo.evolutionary_optimizers.parallel_archipelago:Performing migration between Islands
INFO:bingo.evolutionary_optimizers.parallel_archipelago:Evolution time 0:00:25.141529	 age 90	 fitness 1.668e-01
Level 25:bingo.evolutionary_optimizers.parallel_archipelago:Saving checkpoint: src/bingo_bias_vias_decomposition/checkpoints_st_30/implicit_st_30_p7_p3_5_80.pkl
INFO:bingo.evolutionary_optimizers.parallel_archipelago:Saved successfully
Level 25:bingo.evolutionary_optimizers.evolutionary_optimizer:Generation: 80 	 Elapsed time: 0:02:29.818485 	 Best training fitness: 1.668063e-01 	 
Level 25:bingo.evolutionary_optimizers.evolutionary_optimizer:80, 1.498185e+02, 670292, 1.668063e-01, 1.668063e-01, 1.682448e-01, 1.683220e-01, 1.683388e-01, 1.683444e-01
INFO:bingo.evolutionary_optimizers.parallel_archipelago:Performing migration between Islands
INFO:bingo.evolutionary_optimizers.parallel_archipelago:Evolution time 0:00:19.994364	 age 100	 fitness 1.667e-01
Level 25:bingo.evolutionary_optimizers.parallel_archipelago:Saving checkpoint: src/bingo_bias_vias_decomposition/checkpoints_st_30/implicit_st_30_p7_p3_5_90.pkl
INFO:bingo.evolutionary_optimizers.parallel_archipelago:Saved successfully
Level 25:bingo.evolutionary_optimizers.evolutionary_optimizer:Generation: 90 	 Elapsed time: 0:02:49.990003 	 Best training fitness: 1.667249e-01 	 
Level 25:bingo.evolutionary_optimizers.evolutionary_optimizer:90, 1.699900e+02, 739778, 1.667249e-01, 1.667249e-01, 1.682448e-01, 1.682507e-01, 1.683388e-01, 1.683444e-01
INFO:bingo.evolutionary_optimizers.parallel_archipelago:Performing migration between Islands
INFO:bingo.evolutionary_optimizers.parallel_archipelago:Evolution time 0:00:20.634877	 age 110	 fitness 1.668e-01
Level 25:bingo.evolutionary_optimizers.parallel_archipelago:Saving checkpoint: src/bingo_bias_vias_decomposition/checkpoints_st_30/implicit_st_30_p7_p3_5_100.pkl
INFO:bingo.evolutionary_optimizers.parallel_archipelago:Saved successfully
Level 25:bingo.evolutionary_optimizers.evolutionary_optimizer:Generation: 100 	 Elapsed time: 0:03:10.772862 	 Best training fitness: 1.667643e-01 	 
Level 25:bingo.evolutionary_optimizers.evolutionary_optimizer:100, 1.907729e+02, 831085, 1.667643e-01, 1.667249e-01, 1.682448e-01, 1.682507e-01, 1.683388e-01, 1.683444e-01
INFO:bingo.evolutionary_optimizers.parallel_archipelago:Performing migration between Islands
INFO:bingo.evolutionary_optimizers.parallel_archipelago:Evolution time 0:00:17.859508	 age 120	 fitness 1.667e-01
Level 25:bingo.evolutionary_optimizers.parallel_archipelago:Saving checkpoint: src/bingo_bias_vias_decomposition/checkpoints_st_30/implicit_st_30_p7_p3_5_110.pkl
INFO:bingo.evolutionary_optimizers.parallel_archipelago:Saved successfully
Level 25:bingo.evolutionary_optimizers.evolutionary_optimizer:Generation: 110 	 Elapsed time: 0:03:28.783462 	 Best training fitness: 1.667418e-01 	 
Level 25:bingo.evolutionary_optimizers.evolutionary_optimizer:110, 2.087835e+02, 914379, 1.667418e-01, 1.667249e-01, 1.682448e-01, 1.682507e-01, 1.683388e-01, 1.683444e-01
INFO:bingo.evolutionary_optimizers.parallel_archipelago:Performing migration between Islands
INFO:bingo.evolutionary_optimizers.parallel_archipelago:Evolution time 0:00:25.599373	 age 130	 fitness 1.667e-01
Level 25:bingo.evolutionary_optimizers.parallel_archipelago:Saving checkpoint: src/bingo_bias_vias_decomposition/checkpoints_st_30/implicit_st_30_p7_p3_5_120.pkl
INFO:bingo.evolutionary_optimizers.parallel_archipelago:Saved successfully
Level 25:bingo.evolutionary_optimizers.evolutionary_optimizer:Generation: 120 	 Elapsed time: 0:03:54.584712 	 Best training fitness: 1.667125e-01 	 
Level 25:bingo.evolutionary_optimizers.evolutionary_optimizer:120, 2.345847e+02, 1000323, 1.667125e-01, 1.667125e-01, 1.682448e-01, 1.682507e-01, 1.683388e-01, 1.683444e-01
INFO:bingo.evolutionary_optimizers.parallel_archipelago:Performing migration between Islands
INFO:bingo.evolutionary_optimizers.parallel_archipelago:Evolution time 0:00:12.639525	 age 140	 fitness 1.667e-01
Level 25:bingo.evolutionary_optimizers.parallel_archipelago:Saving checkpoint: src/bingo_bias_vias_decomposition/checkpoints_st_30/implicit_st_30_p7_p3_5_130.pkl
INFO:bingo.evolutionary_optimizers.parallel_archipelago:Saved successfully
Level 25:bingo.evolutionary_optimizers.evolutionary_optimizer:Generation: 130 	 Elapsed time: 0:04:07.374311 	 Best training fitness: 1.667161e-01 	 
Level 25:bingo.evolutionary_optimizers.evolutionary_optimizer:130, 2.473743e+02, 1058650, 1.667161e-01, 1.667125e-01, 1.682448e-01, 1.682507e-01, 1.683388e-01, 1.683390e-01, 1.683444e-01
INFO:bingo.evolutionary_optimizers.parallel_archipelago:Performing migration between Islands
INFO:bingo.evolutionary_optimizers.parallel_archipelago:Evolution time 0:00:26.174412	 age 150	 fitness 1.399e-01
Level 25:bingo.evolutionary_optimizers.parallel_archipelago:Saving checkpoint: src/bingo_bias_vias_decomposition/checkpoints_st_30/implicit_st_30_p7_p3_5_140.pkl
INFO:bingo.evolutionary_optimizers.parallel_archipelago:Saved successfully
Level 25:bingo.evolutionary_optimizers.evolutionary_optimizer:Generation: 140 	 Elapsed time: 0:04:33.702670 	 Best training fitness: 1.399409e-01 	 
Level 25:bingo.evolutionary_optimizers.evolutionary_optimizer:140, 2.737027e+02, 1150494, 1.399409e-01, 1.399409e-01, 1.667109e-01, 1.682448e-01, 1.682507e-01, 1.683388e-01, 1.683390e-01, 1.683444e-01
INFO:bingo.evolutionary_optimizers.parallel_archipelago:Performing migration between Islands
INFO:bingo.evolutionary_optimizers.parallel_archipelago:Evolution time 0:00:27.563693	 age 160	 fitness 1.360e-01
Level 25:bingo.evolutionary_optimizers.parallel_archipelago:Saving checkpoint: src/bingo_bias_vias_decomposition/checkpoints_st_30/implicit_st_30_p7_p3_5_150.pkl
INFO:bingo.evolutionary_optimizers.parallel_archipelago:Saved successfully
Level 25:bingo.evolutionary_optimizers.evolutionary_optimizer:Generation: 150 	 Elapsed time: 0:05:01.420751 	 Best training fitness: 1.359654e-01 	 
Level 25:bingo.evolutionary_optimizers.evolutionary_optimizer:150, 3.014208e+02, 1250170, 1.359654e-01, 1.359654e-01, 1.398156e-01, 1.474335e-01, 1.666997e-01, 1.682448e-01, 1.682507e-01, 1.682984e-01, 1.683444e-01
INFO:bingo.evolutionary_optimizers.parallel_archipelago:Performing migration between Islands
INFO:bingo.evolutionary_optimizers.parallel_archipelago:Evolution time 0:00:30.093265	 age 170	 fitness 1.360e-01
Level 25:bingo.evolutionary_optimizers.parallel_archipelago:Saving checkpoint: src/bingo_bias_vias_decomposition/checkpoints_st_30/implicit_st_30_p7_p3_5_160.pkl
INFO:bingo.evolutionary_optimizers.parallel_archipelago:Saved successfully
Level 25:bingo.evolutionary_optimizers.evolutionary_optimizer:Generation: 160 	 Elapsed time: 0:05:31.671107 	 Best training fitness: 1.360020e-01 	 
Level 25:bingo.evolutionary_optimizers.evolutionary_optimizer:160, 3.316711e+02, 1372162, 1.360020e-01, 1.359654e-01, 1.360020e-01, 1.387863e-01, 1.474335e-01, 1.666997e-01, 1.682448e-01, 1.682507e-01, 1.682984e-01, 1.683444e-01
INFO:bingo.evolutionary_optimizers.parallel_archipelago:Performing migration between Islands
INFO:bingo.evolutionary_optimizers.parallel_archipelago:Evolution time 0:00:24.215058	 age 180	 fitness 1.355e-01
Level 25:bingo.evolutionary_optimizers.parallel_archipelago:Saving checkpoint: src/bingo_bias_vias_decomposition/checkpoints_st_30/implicit_st_30_p7_p3_5_170.pkl
INFO:bingo.evolutionary_optimizers.parallel_archipelago:Saved successfully
Level 25:bingo.evolutionary_optimizers.evolutionary_optimizer:Generation: 170 	 Elapsed time: 0:05:56.068706 	 Best training fitness: 1.354966e-01 	 
Level 25:bingo.evolutionary_optimizers.evolutionary_optimizer:170, 3.560687e+02, 1488451, 1.354966e-01, 1.354966e-01, 1.355650e-01, 1.666997e-01, 1.682448e-01, 1.682507e-01, 1.682984e-01, 1.683444e-01
INFO:bingo.evolutionary_optimizers.parallel_archipelago:Performing migration between Islands
INFO:bingo.evolutionary_optimizers.parallel_archipelago:Evolution time 0:00:22.732963	 age 190	 fitness 1.201e-01
Level 25:bingo.evolutionary_optimizers.parallel_archipelago:Saving checkpoint: src/bingo_bias_vias_decomposition/checkpoints_st_30/implicit_st_30_p7_p3_5_180.pkl
INFO:bingo.evolutionary_optimizers.parallel_archipelago:Saved successfully
Level 25:bingo.evolutionary_optimizers.evolutionary_optimizer:Generation: 180 	 Elapsed time: 0:06:18.958064 	 Best training fitness: 1.200620e-01 	 
Level 25:bingo.evolutionary_optimizers.evolutionary_optimizer:180, 3.789581e+02, 1590508, 1.200620e-01, 1.200620e-01, 1.353619e-01, 1.354086e-01, 1.354848e-01, 1.594679e-01, 1.682448e-01, 1.682507e-01, 1.682984e-01, 1.683444e-01
INFO:bingo.evolutionary_optimizers.parallel_archipelago:Performing migration between Islands
INFO:bingo.evolutionary_optimizers.parallel_archipelago:Evolution time 0:00:19.909769	 age 200	 fitness 1.173e-01
Level 25:bingo.evolutionary_optimizers.parallel_archipelago:Saving checkpoint: src/bingo_bias_vias_decomposition/checkpoints_st_30/implicit_st_30_p7_p3_5_190.pkl
INFO:bingo.evolutionary_optimizers.parallel_archipelago:Saved successfully
Level 25:bingo.evolutionary_optimizers.evolutionary_optimizer:Generation: 190 	 Elapsed time: 0:06:39.028184 	 Best training fitness: 1.172616e-01 	 
Level 25:bingo.evolutionary_optimizers.evolutionary_optimizer:190, 3.990282e+02, 1697431, 1.172616e-01, 1.172616e-01, 1.173457e-01, 1.199878e-01, 1.344614e-01, 1.353619e-01, 1.353817e-01, 1.552151e-01, 1.594679e-01, 1.682448e-01, 1.682507e-01, 1.682984e-01, 1.683444e-01
INFO:bingo.evolutionary_optimizers.parallel_archipelago:Performing migration between Islands
INFO:bingo.evolutionary_optimizers.parallel_archipelago:Evolution time 0:00:39.054227	 age 210	 fitness 9.209e-02
Level 25:bingo.evolutionary_optimizers.parallel_archipelago:Saving checkpoint: src/bingo_bias_vias_decomposition/checkpoints_st_30/implicit_st_30_p7_p3_5_200.pkl
INFO:bingo.evolutionary_optimizers.parallel_archipelago:Saved successfully
Level 25:bingo.evolutionary_optimizers.evolutionary_optimizer:Generation: 200 	 Elapsed time: 0:07:18.244741 	 Best training fitness: 9.209427e-02 	 
Level 25:bingo.evolutionary_optimizers.evolutionary_optimizer:200, 4.382447e+02, 1837819, 9.209427e-02, 9.209427e-02, 1.079622e-01, 1.171511e-01, 1.344854e-01, 1.351315e-01, 1.427073e-01, 1.594679e-01, 1.682448e-01, 1.682507e-01, 1.682984e-01, 1.683444e-01
INFO:bingo.evolutionary_optimizers.parallel_archipelago:Performing migration between Islands
INFO:bingo.evolutionary_optimizers.parallel_archipelago:Evolution time 0:00:35.643360	 age 220	 fitness 8.733e-02
Level 25:bingo.evolutionary_optimizers.parallel_archipelago:Saving checkpoint: src/bingo_bias_vias_decomposition/checkpoints_st_30/implicit_st_30_p7_p3_5_210.pkl
INFO:bingo.evolutionary_optimizers.parallel_archipelago:Saved successfully
Level 25:bingo.evolutionary_optimizers.evolutionary_optimizer:Generation: 210 	 Elapsed time: 0:07:54.048195 	 Best training fitness: 8.732510e-02 	 
Level 25:bingo.evolutionary_optimizers.evolutionary_optimizer:210, 4.740482e+02, 1955972, 8.732510e-02, 8.732510e-02, 9.204561e-02, 1.003477e-01, 1.182846e-01, 1.185350e-01, 1.682448e-01, 1.682507e-01, 1.682984e-01, 1.683444e-01
INFO:bingo.evolutionary_optimizers.parallel_archipelago:Performing migration between Islands
INFO:bingo.evolutionary_optimizers.parallel_archipelago:Evolution time 0:00:44.111078	 age 230	 fitness 9.953e-17
Level 25:bingo.evolutionary_optimizers.parallel_archipelago:Saving checkpoint: src/bingo_bias_vias_decomposition/checkpoints_st_30/implicit_st_30_p7_p3_5_220.pkl
INFO:bingo.evolutionary_optimizers.parallel_archipelago:Saved successfully
Level 25:bingo.evolutionary_optimizers.evolutionary_optimizer:Generation: 220 	 Elapsed time: 0:08:38.314452 	 Best training fitness: 9.953360e-17 	 
Level 25:bingo.evolutionary_optimizers.evolutionary_optimizer:220, 5.183145e+02, 2098818, 9.953360e-17, 9.953360e-17, 1.682507e-01, 1.682984e-01, 1.683444e-01
Level 25:bingo.evolutionary_optimizers.evolutionary_optimizer:Evolution successfully converged.
Level 25:bingo.evolutionary_optimizers.evolutionary_optimizer:  Absolte convergence occurred with best fitness < 1e-10
Level 25:bingo.evolutionary_optimizers.evolutionary_optimizer:Hall of Fame:
9.953359516833379e-17	7	sin(log((X_0)(X_0) + (X_1)(X_1)))
0.16825066522475804	4	sin(-0.171000 + log(-0.171000))
0.16829837103794296	2	log(0.393444)
0.16834442154368753	1	-0.931173
