Level 25:bingo.evolutionary_optimizers.evolutionary_optimizer:#generational_age, elapsed_time, fitness_evaluation_count, current_training_fitness, hall_of_fame_fitnesses
Level 25:bingo.evolutionary_optimizers.evolutionary_optimizer:#generational_age, elapsed_time, fitness_evaluation_count, current_training_fitness, hall_of_fame_fitnesses
Level 25:bingo.evolutionary_optimizers.evolutionary_optimizer:Generation: 0 	 Elapsed time: 0:00:02.133521 	 Best training fitness: 1.685179e-01 	 
Level 25:bingo.evolutionary_optimizers.evolutionary_optimizer:0, 2.133521e+00, 15078, 1.685179e-01
INFO:bingo.evolutionary_optimizers.parallel_archipelago:Evolution time 0:00:13.104300	 age 20	 fitness 1.684e-01
Level 25:bingo.evolutionary_optimizers.evolutionary_optimizer:Generation: 10 	 Elapsed time: 0:00:15.377417 	 Best training fitness: 1.684230e-01 	 
Level 25:bingo.evolutionary_optimizers.evolutionary_optimizer:10, 1.537742e+01, 100287, 1.684230e-01, 1.684230e-01
INFO:bingo.evolutionary_optimizers.parallel_archipelago:Evolution time 0:00:17.819612	 age 40	 fitness 1.684e-01
Level 25:bingo.evolutionary_optimizers.evolutionary_optimizer:Generation: 20 	 Elapsed time: 0:00:33.342365 	 Best training fitness: 1.684042e-01 	 
Level 25:bingo.evolutionary_optimizers.evolutionary_optimizer:20, 3.334237e+01, 173301, 1.684042e-01, 1.684042e-01, 1.684128e-01, 1.684134e-01
INFO:bingo.evolutionary_optimizers.parallel_archipelago:Evolution time 0:00:22.880740	 age 50	 fitness 1.680e-01
Level 25:bingo.evolutionary_optimizers.evolutionary_optimizer:Generation: 30 	 Elapsed time: 0:00:56.406143 	 Best training fitness: 1.679607e-01 	 
Level 25:bingo.evolutionary_optimizers.evolutionary_optimizer:30, 5.640614e+01, 251489, 1.679607e-01, 1.679607e-01, 1.683391e-01, 1.683917e-01
INFO:bingo.evolutionary_optimizers.parallel_archipelago:Evolution time 0:00:15.615434	 age 70	 fitness 1.677e-01
Level 25:bingo.evolutionary_optimizers.evolutionary_optimizer:Generation: 40 	 Elapsed time: 0:01:12.168049 	 Best training fitness: 1.676858e-01 	 
Level 25:bingo.evolutionary_optimizers.evolutionary_optimizer:40, 7.216805e+01, 330035, 1.676858e-01, 1.676858e-01, 1.682877e-01, 1.683842e-01, 1.683917e-01
INFO:bingo.evolutionary_optimizers.parallel_archipelago:Evolution time 0:00:10.137574	 age 80	 fitness 1.676e-01
Level 25:bingo.evolutionary_optimizers.evolutionary_optimizer:Generation: 50 	 Elapsed time: 0:01:22.452516 	 Best training fitness: 1.675650e-01 	 
Level 25:bingo.evolutionary_optimizers.evolutionary_optimizer:50, 8.245252e+01, 382573, 1.675650e-01, 1.675650e-01, 1.682877e-01, 1.683842e-01, 1.683902e-01, 1.683917e-01
INFO:bingo.evolutionary_optimizers.parallel_archipelago:Evolution time 0:00:21.525108	 age 100	 fitness 1.676e-01
Level 25:bingo.evolutionary_optimizers.evolutionary_optimizer:Generation: 60 	 Elapsed time: 0:01:44.126798 	 Best training fitness: 1.675530e-01 	 
Level 25:bingo.evolutionary_optimizers.evolutionary_optimizer:60, 1.041268e+02, 486094, 1.675530e-01, 1.675530e-01, 1.682790e-01, 1.683893e-01, 1.683917e-01
INFO:bingo.evolutionary_optimizers.parallel_archipelago:Evolution time 0:00:30.014102	 age 120	 fitness 9.953e-17
Level 25:bingo.evolutionary_optimizers.evolutionary_optimizer:Generation: 70 	 Elapsed time: 0:02:14.288739 	 Best training fitness: 9.953360e-17 	 
Level 25:bingo.evolutionary_optimizers.evolutionary_optimizer:70, 1.342887e+02, 605670, 9.953360e-17, 9.953360e-17, 1.682790e-01, 1.683801e-01, 1.683917e-01
Level 25:bingo.evolutionary_optimizers.evolutionary_optimizer:Evolution successfully converged.
Level 25:bingo.evolutionary_optimizers.evolutionary_optimizer:  Absolte convergence occurred with best fitness < 1e-10
Level 25:bingo.evolutionary_optimizers.evolutionary_optimizer:Hall of Fame:
9.953359516833379e-17	7	sin(log((X_0)(X_0) + (X_1)(X_1)))
0.16827904064528587	4	sin(log(-0.072191 + -0.072191))
0.16838011998659058	2	sin(5.072192)
0.1683917444953813	1	-0.930960
