Level 25:bingo.evolutionary_optimizers.evolutionary_optimizer:#generational_age, elapsed_time, fitness_evaluation_count, current_training_fitness, hall_of_fame_fitnesses
Level 25:bingo.evolutionary_optimizers.evolutionary_optimizer:#generational_age, elapsed_time, fitness_evaluation_count, current_training_fitness, hall_of_fame_fitnesses
Level 25:bingo.evolutionary_optimizers.evolutionary_optimizer:Generation: 0 	 Elapsed time: 0:00:05.592561 	 Best training fitness: 4.865273e-02 	 
Level 25:bingo.evolutionary_optimizers.evolutionary_optimizer:0, 5.592561e+00, 13929, 4.865273e-02
INFO:bingo.evolutionary_optimizers.parallel_archipelago:Evolution time 0:00:47.060069	 age 40	 fitness 4.830e-02
Level 25:bingo.evolutionary_optimizers.evolutionary_optimizer:Generation: 10 	 Elapsed time: 0:00:52.972205 	 Best training fitness: 4.829782e-02 	 
Level 25:bingo.evolutionary_optimizers.evolutionary_optimizer:10, 5.297221e+01, 139669, 4.829782e-02, 4.829782e-02, 4.834277e-02
INFO:bingo.evolutionary_optimizers.parallel_archipelago:Evolution time 0:00:44.645413	 age 50	 fitness 4.815e-02
Level 25:bingo.evolutionary_optimizers.evolutionary_optimizer:Generation: 20 	 Elapsed time: 0:01:37.871524 	 Best training fitness: 4.814725e-02 	 
Level 25:bingo.evolutionary_optimizers.evolutionary_optimizer:20, 9.787152e+01, 231898, 4.814725e-02, 4.814725e-02, 4.829782e-02, 4.833049e-02
INFO:bingo.evolutionary_optimizers.parallel_archipelago:Evolution time 0:00:41.009552	 age 60	 fitness 4.806e-02
Level 25:bingo.evolutionary_optimizers.evolutionary_optimizer:Generation: 30 	 Elapsed time: 0:02:19.243181 	 Best training fitness: 4.806151e-02 	 
Level 25:bingo.evolutionary_optimizers.evolutionary_optimizer:30, 1.392432e+02, 318143, 4.806151e-02, 4.806151e-02, 4.806371e-02, 4.825450e-02, 4.833049e-02
INFO:bingo.evolutionary_optimizers.parallel_archipelago:Evolution time 0:00:35.688696	 age 90	 fitness 4.812e-02
Level 25:bingo.evolutionary_optimizers.evolutionary_optimizer:Generation: 40 	 Elapsed time: 0:02:55.238322 	 Best training fitness: 4.811911e-02 	 
Level 25:bingo.evolutionary_optimizers.evolutionary_optimizer:40, 1.752383e+02, 392821, 4.811911e-02, 4.806151e-02, 4.806371e-02, 4.811911e-02, 4.825450e-02, 4.833049e-02
INFO:bingo.evolutionary_optimizers.parallel_archipelago:Evolution time 0:00:30.216477	 age 100	 fitness 4.804e-02
Level 25:bingo.evolutionary_optimizers.evolutionary_optimizer:Generation: 50 	 Elapsed time: 0:03:25.744726 	 Best training fitness: 4.804339e-02 	 
Level 25:bingo.evolutionary_optimizers.evolutionary_optimizer:50, 2.057447e+02, 462656, 4.804339e-02, 4.804339e-02, 4.806371e-02, 4.811911e-02, 4.825450e-02, 4.830399e-02, 4.833049e-02
INFO:bingo.evolutionary_optimizers.parallel_archipelago:Evolution time 0:00:55.327788	 age 110	 fitness 4.078e-02
Level 25:bingo.evolutionary_optimizers.evolutionary_optimizer:Generation: 60 	 Elapsed time: 0:04:21.300576 	 Best training fitness: 4.077792e-02 	 
Level 25:bingo.evolutionary_optimizers.evolutionary_optimizer:60, 2.613006e+02, 554046, 4.077792e-02, 4.077792e-02, 4.363211e-02, 4.806371e-02, 4.811911e-02, 4.825450e-02, 4.830399e-02, 4.833049e-02
INFO:bingo.evolutionary_optimizers.parallel_archipelago:Evolution time 0:00:48.048683	 age 120	 fitness 3.651e-02
Level 25:bingo.evolutionary_optimizers.evolutionary_optimizer:Generation: 70 	 Elapsed time: 0:05:09.700915 	 Best training fitness: 3.651148e-02 	 
Level 25:bingo.evolutionary_optimizers.evolutionary_optimizer:70, 3.097009e+02, 621940, 3.651148e-02, 3.651148e-02, 3.938558e-02, 4.324881e-02, 4.806371e-02, 4.811911e-02, 4.825450e-02, 4.827367e-02, 4.833049e-02
INFO:bingo.evolutionary_optimizers.parallel_archipelago:Evolution time 0:00:58.607566	 age 130	 fitness 3.612e-02
Level 25:bingo.evolutionary_optimizers.evolutionary_optimizer:Generation: 80 	 Elapsed time: 0:06:08.551616 	 Best training fitness: 3.611577e-02 	 
Level 25:bingo.evolutionary_optimizers.evolutionary_optimizer:80, 3.685516e+02, 697650, 3.611577e-02, 3.611577e-02, 3.651148e-02, 3.938558e-02, 4.324881e-02, 4.806371e-02, 4.811911e-02, 4.825450e-02, 4.827367e-02, 4.833049e-02
INFO:bingo.evolutionary_optimizers.parallel_archipelago:Evolution time 0:00:43.164463	 age 140	 fitness 3.622e-02
Level 25:bingo.evolutionary_optimizers.evolutionary_optimizer:Generation: 90 	 Elapsed time: 0:06:51.961358 	 Best training fitness: 3.621659e-02 	 
Level 25:bingo.evolutionary_optimizers.evolutionary_optimizer:90, 4.119614e+02, 773435, 3.621659e-02, 3.611577e-02, 3.651148e-02, 3.741430e-02, 4.324881e-02, 4.806371e-02, 4.811911e-02, 4.825450e-02, 4.827367e-02, 4.833049e-02
INFO:bingo.evolutionary_optimizers.parallel_archipelago:Evolution time 0:01:04.779077	 age 150	 fitness 3.344e-02
Level 25:bingo.evolutionary_optimizers.evolutionary_optimizer:Generation: 100 	 Elapsed time: 0:07:57.024893 	 Best training fitness: 3.344105e-02 	 
Level 25:bingo.evolutionary_optimizers.evolutionary_optimizer:100, 4.770249e+02, 860284, 3.344105e-02, 3.344105e-02, 3.362768e-02, 3.461225e-02, 3.579050e-02, 3.589294e-02, 3.637673e-02, 3.733770e-02, 4.317652e-02, 4.806371e-02, 4.811911e-02, 4.825450e-02, 4.827367e-02, 4.833049e-02
INFO:bingo.evolutionary_optimizers.parallel_archipelago:Evolution time 0:01:09.047310	 age 160	 fitness 3.335e-02
Level 25:bingo.evolutionary_optimizers.evolutionary_optimizer:Generation: 110 	 Elapsed time: 0:09:06.375194 	 Best training fitness: 3.335139e-02 	 
Level 25:bingo.evolutionary_optimizers.evolutionary_optimizer:110, 5.463752e+02, 954121, 3.335139e-02, 3.335139e-02, 3.456942e-02, 3.523774e-02, 3.606113e-02, 3.711133e-02, 4.317652e-02, 4.806371e-02, 4.811911e-02, 4.825450e-02, 4.827367e-02, 4.833049e-02
INFO:bingo.evolutionary_optimizers.parallel_archipelago:Evolution time 0:01:15.743439	 age 170	 fitness 3.330e-02
Level 25:bingo.evolutionary_optimizers.evolutionary_optimizer:Generation: 120 	 Elapsed time: 0:10:22.368469 	 Best training fitness: 3.329678e-02 	 
Level 25:bingo.evolutionary_optimizers.evolutionary_optimizer:120, 6.223685e+02, 1049867, 3.329678e-02, 3.329678e-02, 3.335139e-02, 3.456942e-02, 3.523774e-02, 3.553805e-02, 3.711133e-02, 4.317652e-02, 4.806371e-02, 4.811911e-02, 4.825450e-02, 4.826582e-02, 4.833049e-02
INFO:bingo.evolutionary_optimizers.parallel_archipelago:Evolution time 0:00:48.210731	 age 180	 fitness 3.322e-02
Level 25:bingo.evolutionary_optimizers.evolutionary_optimizer:Generation: 130 	 Elapsed time: 0:11:10.836857 	 Best training fitness: 3.322318e-02 	 
Level 25:bingo.evolutionary_optimizers.evolutionary_optimizer:130, 6.708369e+02, 1132308, 3.322318e-02, 3.322318e-02, 3.335139e-02, 3.420965e-02, 3.523774e-02, 3.527038e-02, 3.711133e-02, 4.317652e-02, 4.806371e-02, 4.811911e-02, 4.825450e-02, 4.826582e-02, 4.833049e-02
INFO:bingo.evolutionary_optimizers.parallel_archipelago:Evolution time 0:01:22.344230	 age 190	 fitness 3.315e-02
Level 25:bingo.evolutionary_optimizers.evolutionary_optimizer:Generation: 140 	 Elapsed time: 0:12:33.479772 	 Best training fitness: 3.315279e-02 	 
Level 25:bingo.evolutionary_optimizers.evolutionary_optimizer:140, 7.534798e+02, 1233188, 3.315279e-02, 3.315279e-02, 3.322318e-02, 3.329790e-02, 3.420965e-02, 3.523774e-02, 3.527038e-02, 3.592618e-02, 4.806371e-02, 4.811911e-02, 4.824942e-02, 4.826582e-02, 4.833049e-02
INFO:bingo.evolutionary_optimizers.parallel_archipelago:Evolution time 0:00:53.456859	 age 200	 fitness 3.166e-02
Level 25:bingo.evolutionary_optimizers.evolutionary_optimizer:Generation: 150 	 Elapsed time: 0:13:27.187617 	 Best training fitness: 3.166001e-02 	 
Level 25:bingo.evolutionary_optimizers.evolutionary_optimizer:150, 8.071876e+02, 1327291, 3.166001e-02, 3.166001e-02, 3.259994e-02, 3.982838e-02, 4.811911e-02, 4.824942e-02, 4.826582e-02, 4.833049e-02
INFO:bingo.evolutionary_optimizers.parallel_archipelago:Evolution time 0:00:52.229996	 age 210	 fitness 2.107e-04
Level 25:bingo.evolutionary_optimizers.evolutionary_optimizer:Generation: 160 	 Elapsed time: 0:14:19.656722 	 Best training fitness: 2.107392e-04 	 
Level 25:bingo.evolutionary_optimizers.evolutionary_optimizer:160, 8.596567e+02, 1408727, 2.107392e-04, 2.107392e-04, 4.811911e-02, 4.824942e-02, 4.826582e-02, 4.833049e-02
INFO:bingo.evolutionary_optimizers.parallel_archipelago:Evolution time 0:00:34.081320	 age 220	 fitness 2.844e-17
Level 25:bingo.evolutionary_optimizers.evolutionary_optimizer:Generation: 170 	 Elapsed time: 0:14:54.047967 	 Best training fitness: 2.843817e-17 	 
Level 25:bingo.evolutionary_optimizers.evolutionary_optimizer:170, 8.940480e+02, 1472578, 2.843817e-17, 2.843817e-17, 4.824942e-02, 4.826582e-02, 4.833049e-02
Level 25:bingo.evolutionary_optimizers.evolutionary_optimizer:Evolution successfully converged.
Level 25:bingo.evolutionary_optimizers.evolutionary_optimizer:  Absolte convergence occurred with best fitness < 1e-10
Level 25:bingo.evolutionary_optimizers.evolutionary_optimizer:Hall of Fame:
2.843817004809537e-17	8	sin(log((X_1)(X_1) + (X_0)(X_0)))
0.048249424179077204	7	sin(log(log(sin(log(sin(-0.099643))))))
0.048265824625575805	4	sin(((1.631249)(1.631249))(1.631249))
0.04833048711164952	1	-0.939777
