Level 25:bingo.evolutionary_optimizers.evolutionary_optimizer:#generational_age, elapsed_time, fitness_evaluation_count, current_training_fitness, hall_of_fame_fitnesses
Level 25:bingo.evolutionary_optimizers.evolutionary_optimizer:#generational_age, elapsed_time, fitness_evaluation_count, current_training_fitness, hall_of_fame_fitnesses
Level 25:bingo.evolutionary_optimizers.evolutionary_optimizer:Generation: 0 	 Elapsed time: 0:00:05.475308 	 Best training fitness: 1.449665e-01 	 
Level 25:bingo.evolutionary_optimizers.evolutionary_optimizer:0, 5.475308e+00, 13952, 1.449665e-01
INFO:bingo.evolutionary_optimizers.parallel_archipelago:Evolution time 0:00:59.146339	 age 30	 fitness 1.442e-01
Level 25:bingo.evolutionary_optimizers.evolutionary_optimizer:Generation: 10 	 Elapsed time: 0:01:04.929246 	 Best training fitness: 1.441862e-01 	 
Level 25:bingo.evolutionary_optimizers.evolutionary_optimizer:10, 6.492925e+01, 133031, 1.441862e-01, 1.441862e-01, 1.444081e-01, 1.444790e-01, 1.446801e-01
INFO:bingo.evolutionary_optimizers.parallel_archipelago:Evolution time 0:00:45.899074	 age 60	 fitness 1.441e-01
Level 25:bingo.evolutionary_optimizers.evolutionary_optimizer:Generation: 20 	 Elapsed time: 0:01:51.165582 	 Best training fitness: 1.441258e-01 	 
Level 25:bingo.evolutionary_optimizers.evolutionary_optimizer:20, 1.111656e+02, 230252, 1.441258e-01, 1.441258e-01, 1.443709e-01, 1.444662e-01, 1.444790e-01, 1.444995e-01, 1.445455e-01
INFO:bingo.evolutionary_optimizers.parallel_archipelago:Evolution time 0:00:32.876404	 age 90	 fitness 1.436e-01
Level 25:bingo.evolutionary_optimizers.evolutionary_optimizer:Generation: 30 	 Elapsed time: 0:02:24.424620 	 Best training fitness: 1.436312e-01 	 
Level 25:bingo.evolutionary_optimizers.evolutionary_optimizer:30, 1.444246e+02, 316796, 1.436312e-01, 1.436312e-01, 1.443267e-01, 1.443619e-01, 1.443745e-01, 1.445455e-01
INFO:bingo.evolutionary_optimizers.parallel_archipelago:Evolution time 0:00:27.140401	 age 100	 fitness 1.394e-01
Level 25:bingo.evolutionary_optimizers.evolutionary_optimizer:Generation: 40 	 Elapsed time: 0:02:51.895647 	 Best training fitness: 1.394465e-01 	 
Level 25:bingo.evolutionary_optimizers.evolutionary_optimizer:40, 1.718956e+02, 388161, 1.394465e-01, 1.394465e-01, 1.433547e-01, 1.443231e-01, 1.443384e-01, 1.445455e-01
INFO:bingo.evolutionary_optimizers.parallel_archipelago:Evolution time 0:00:30.648741	 age 120	 fitness 1.394e-01
Level 25:bingo.evolutionary_optimizers.evolutionary_optimizer:Generation: 50 	 Elapsed time: 0:03:22.887081 	 Best training fitness: 1.394465e-01 	 
Level 25:bingo.evolutionary_optimizers.evolutionary_optimizer:50, 2.028871e+02, 473072, 1.394465e-01, 1.394465e-01, 1.431766e-01, 1.432663e-01, 1.442530e-01, 1.444297e-01
INFO:bingo.evolutionary_optimizers.parallel_archipelago:Evolution time 0:00:23.614097	 age 130	 fitness 1.368e-01
Level 25:bingo.evolutionary_optimizers.evolutionary_optimizer:Generation: 60 	 Elapsed time: 0:03:46.839238 	 Best training fitness: 1.367754e-01 	 
Level 25:bingo.evolutionary_optimizers.evolutionary_optimizer:60, 2.268392e+02, 534514, 1.367754e-01, 1.367754e-01, 1.430909e-01, 1.431766e-01, 1.432663e-01, 1.442530e-01, 1.444108e-01
INFO:bingo.evolutionary_optimizers.parallel_archipelago:Evolution time 0:00:35.963661	 age 150	 fitness 1.369e-01
Level 25:bingo.evolutionary_optimizers.evolutionary_optimizer:Generation: 70 	 Elapsed time: 0:04:23.138647 	 Best training fitness: 1.368798e-01 	 
Level 25:bingo.evolutionary_optimizers.evolutionary_optimizer:70, 2.631386e+02, 630544, 1.368798e-01, 1.367754e-01, 1.430610e-01, 1.431134e-01, 1.431319e-01, 1.432663e-01, 1.442530e-01, 1.444108e-01
INFO:bingo.evolutionary_optimizers.parallel_archipelago:Evolution time 0:00:42.436930	 age 170	 fitness 1.331e-01
Level 25:bingo.evolutionary_optimizers.evolutionary_optimizer:Generation: 80 	 Elapsed time: 0:05:05.918734 	 Best training fitness: 1.330739e-01 	 
Level 25:bingo.evolutionary_optimizers.evolutionary_optimizer:80, 3.059187e+02, 719431, 1.330739e-01, 1.330739e-01, 1.356541e-01, 1.431134e-01, 1.431319e-01, 1.432663e-01, 1.442530e-01, 1.444108e-01
INFO:bingo.evolutionary_optimizers.parallel_archipelago:Evolution time 0:00:29.473503	 age 180	 fitness 1.316e-01
Level 25:bingo.evolutionary_optimizers.evolutionary_optimizer:Generation: 90 	 Elapsed time: 0:05:35.740649 	 Best training fitness: 1.315716e-01 	 
Level 25:bingo.evolutionary_optimizers.evolutionary_optimizer:90, 3.357406e+02, 794149, 1.315716e-01, 1.315716e-01, 1.319586e-01, 1.348539e-01, 1.356541e-01, 1.431134e-01, 1.431319e-01, 1.432663e-01, 1.442267e-01, 1.444108e-01
INFO:bingo.evolutionary_optimizers.parallel_archipelago:Evolution time 0:00:41.786608	 age 190	 fitness 1.294e-01
Level 25:bingo.evolutionary_optimizers.evolutionary_optimizer:Generation: 100 	 Elapsed time: 0:06:17.923395 	 Best training fitness: 1.293885e-01 	 
Level 25:bingo.evolutionary_optimizers.evolutionary_optimizer:100, 3.779234e+02, 888146, 1.293885e-01, 1.293885e-01, 1.294844e-01, 1.348539e-01, 1.356541e-01, 1.431134e-01, 1.431319e-01, 1.432663e-01, 1.442267e-01, 1.444108e-01
INFO:bingo.evolutionary_optimizers.parallel_archipelago:Evolution time 0:00:47.519586	 age 210	 fitness 1.178e-01
Level 25:bingo.evolutionary_optimizers.evolutionary_optimizer:Generation: 110 	 Elapsed time: 0:07:05.793443 	 Best training fitness: 1.178424e-01 	 
Level 25:bingo.evolutionary_optimizers.evolutionary_optimizer:110, 4.257934e+02, 996844, 1.178424e-01, 1.178424e-01, 1.293241e-01, 1.319034e-01, 1.356541e-01, 1.431134e-01, 1.431319e-01, 1.432663e-01, 1.442267e-01, 1.444108e-01
INFO:bingo.evolutionary_optimizers.parallel_archipelago:Evolution time 0:00:48.272304	 age 220	 fitness 1.176e-01
Level 25:bingo.evolutionary_optimizers.evolutionary_optimizer:Generation: 120 	 Elapsed time: 0:07:54.466825 	 Best training fitness: 1.175588e-01 	 
Level 25:bingo.evolutionary_optimizers.evolutionary_optimizer:120, 4.744668e+02, 1105925, 1.175588e-01, 1.175588e-01, 1.207959e-01, 1.244988e-01, 1.313098e-01, 1.431134e-01, 1.431319e-01, 1.432663e-01, 1.442267e-01, 1.444108e-01
INFO:bingo.evolutionary_optimizers.parallel_archipelago:Evolution time 0:00:35.736797	 age 240	 fitness 1.038e-01
Level 25:bingo.evolutionary_optimizers.evolutionary_optimizer:Generation: 130 	 Elapsed time: 0:08:30.554553 	 Best training fitness: 1.037749e-01 	 
Level 25:bingo.evolutionary_optimizers.evolutionary_optimizer:130, 5.105546e+02, 1181070, 1.037749e-01, 1.037749e-01, 1.207959e-01, 1.244988e-01, 1.313098e-01, 1.431134e-01, 1.431319e-01, 1.432663e-01, 1.442267e-01, 1.443153e-01
INFO:bingo.evolutionary_optimizers.parallel_archipelago:Evolution time 0:00:31.669343	 age 250	 fitness 1.035e-01
Level 25:bingo.evolutionary_optimizers.evolutionary_optimizer:Generation: 140 	 Elapsed time: 0:09:02.578688 	 Best training fitness: 1.035267e-01 	 
Level 25:bingo.evolutionary_optimizers.evolutionary_optimizer:140, 5.425787e+02, 1251966, 1.035267e-01, 1.035267e-01, 1.207959e-01, 1.244988e-01, 1.313098e-01, 1.431134e-01, 1.431319e-01, 1.432663e-01, 1.442267e-01, 1.443153e-01
INFO:bingo.evolutionary_optimizers.parallel_archipelago:Evolution time 0:00:23.156232	 age 260	 fitness 9.490e-02
Level 25:bingo.evolutionary_optimizers.evolutionary_optimizer:Generation: 150 	 Elapsed time: 0:09:26.094563 	 Best training fitness: 9.490292e-02 	 
Level 25:bingo.evolutionary_optimizers.evolutionary_optimizer:150, 5.660946e+02, 1315856, 9.490292e-02, 9.490292e-02, 9.510192e-02, 1.207959e-01, 1.244988e-01, 1.313098e-01, 1.431134e-01, 1.431319e-01, 1.432663e-01, 1.442267e-01, 1.443153e-01
INFO:bingo.evolutionary_optimizers.parallel_archipelago:Evolution time 0:00:48.168032	 age 270	 fitness 9.299e-02
Level 25:bingo.evolutionary_optimizers.evolutionary_optimizer:Generation: 160 	 Elapsed time: 0:10:14.621641 	 Best training fitness: 9.298637e-02 	 
Level 25:bingo.evolutionary_optimizers.evolutionary_optimizer:160, 6.146216e+02, 1425739, 9.298637e-02, 9.298637e-02, 1.177039e-01, 1.244988e-01, 1.313098e-01, 1.431134e-01, 1.431319e-01, 1.432663e-01, 1.442267e-01, 1.443153e-01
INFO:bingo.evolutionary_optimizers.parallel_archipelago:Evolution time 0:00:57.563887	 age 280	 fitness 5.916e-02
Level 25:bingo.evolutionary_optimizers.evolutionary_optimizer:Generation: 170 	 Elapsed time: 0:11:12.597334 	 Best training fitness: 5.915585e-02 	 
Level 25:bingo.evolutionary_optimizers.evolutionary_optimizer:170, 6.725973e+02, 1538594, 5.915585e-02, 5.915585e-02, 8.733779e-02, 9.298637e-02, 9.846147e-02, 1.281829e-01, 1.313098e-01, 1.431134e-01, 1.431319e-01, 1.432663e-01, 1.442267e-01, 1.443153e-01
INFO:bingo.evolutionary_optimizers.parallel_archipelago:Evolution time 0:01:01.911848	 age 300	 fitness 5.910e-02
Level 25:bingo.evolutionary_optimizers.evolutionary_optimizer:Generation: 180 	 Elapsed time: 0:12:14.876363 	 Best training fitness: 5.909808e-02 	 
Level 25:bingo.evolutionary_optimizers.evolutionary_optimizer:180, 7.348764e+02, 1667964, 5.909808e-02, 5.909808e-02, 8.733779e-02, 9.298637e-02, 9.846147e-02, 1.280998e-01, 1.313098e-01, 1.431134e-01, 1.431319e-01, 1.432663e-01, 1.442267e-01, 1.443153e-01
INFO:bingo.evolutionary_optimizers.parallel_archipelago:Evolution time 0:01:06.700950	 age 320	 fitness 5.910e-02
Level 25:bingo.evolutionary_optimizers.evolutionary_optimizer:Generation: 190 	 Elapsed time: 0:13:21.942362 	 Best training fitness: 5.909829e-02 	 
Level 25:bingo.evolutionary_optimizers.evolutionary_optimizer:190, 8.019424e+02, 1826040, 5.909829e-02, 5.909808e-02, 7.907021e-02, 9.298637e-02, 9.846147e-02, 1.280998e-01, 1.313098e-01, 1.431134e-01, 1.431319e-01, 1.432663e-01, 1.442267e-01, 1.443153e-01
INFO:bingo.evolutionary_optimizers.parallel_archipelago:Evolution time 0:00:55.755660	 age 340	 fitness 5.537e-02
Level 25:bingo.evolutionary_optimizers.evolutionary_optimizer:Generation: 200 	 Elapsed time: 0:14:18.070116 	 Best training fitness: 5.537204e-02 	 
Level 25:bingo.evolutionary_optimizers.evolutionary_optimizer:200, 8.580701e+02, 1951612, 5.537204e-02, 5.537204e-02, 5.683418e-02, 7.907021e-02, 9.298637e-02, 9.846147e-02, 1.280998e-01, 1.313098e-01, 1.431134e-01, 1.431319e-01, 1.432663e-01, 1.442267e-01, 1.443153e-01
INFO:bingo.evolutionary_optimizers.parallel_archipelago:Evolution time 0:01:14.899672	 age 360	 fitness 5.466e-02
Level 25:bingo.evolutionary_optimizers.evolutionary_optimizer:Generation: 210 	 Elapsed time: 0:15:33.329283 	 Best training fitness: 5.465776e-02 	 
Level 25:bingo.evolutionary_optimizers.evolutionary_optimizer:210, 9.333293e+02, 2125146, 5.465776e-02, 5.465776e-02, 7.894225e-02, 9.846147e-02, 1.280998e-01, 1.313098e-01, 1.431134e-01, 1.431319e-01, 1.432663e-01, 1.442267e-01, 1.442428e-01
INFO:bingo.evolutionary_optimizers.parallel_archipelago:Evolution time 0:01:17.546939	 age 390	 fitness 5.390e-02
Level 25:bingo.evolutionary_optimizers.evolutionary_optimizer:Generation: 220 	 Elapsed time: 0:16:51.234093 	 Best training fitness: 5.389627e-02 	 
Level 25:bingo.evolutionary_optimizers.evolutionary_optimizer:220, 1.011234e+03, 2297693, 5.389627e-02, 5.389627e-02, 5.454390e-02, 5.682971e-02, 6.029005e-02, 9.846147e-02, 1.280998e-01, 1.313098e-01, 1.431134e-01, 1.431319e-01, 1.432663e-01, 1.442267e-01, 1.442428e-01
INFO:bingo.evolutionary_optimizers.parallel_archipelago:Evolution time 0:00:44.402169	 age 400	 fitness 5.314e-02
Level 25:bingo.evolutionary_optimizers.evolutionary_optimizer:Generation: 230 	 Elapsed time: 0:17:35.996371 	 Best training fitness: 5.313524e-02 	 
Level 25:bingo.evolutionary_optimizers.evolutionary_optimizer:230, 1.055996e+03, 2408612, 5.313524e-02, 5.313524e-02, 5.682971e-02, 6.029005e-02, 9.846147e-02, 1.280998e-01, 1.313098e-01, 1.431134e-01, 1.431319e-01, 1.432663e-01, 1.442267e-01, 1.442428e-01
INFO:bingo.evolutionary_optimizers.parallel_archipelago:Evolution time 0:01:01.064563	 age 410	 fitness 5.256e-02
Level 25:bingo.evolutionary_optimizers.evolutionary_optimizer:Generation: 240 	 Elapsed time: 0:18:37.461288 	 Best training fitness: 5.256143e-02 	 
Level 25:bingo.evolutionary_optimizers.evolutionary_optimizer:240, 1.117461e+03, 2543064, 5.256143e-02, 5.256143e-02, 9.846147e-02, 1.280998e-01, 1.313098e-01, 1.431134e-01, 1.431319e-01, 1.432663e-01, 1.442174e-01, 1.442267e-01, 1.442428e-01
INFO:bingo.evolutionary_optimizers.parallel_archipelago:Evolution time 0:00:59.291116	 age 420	 fitness 5.245e-02
Level 25:bingo.evolutionary_optimizers.evolutionary_optimizer:Generation: 250 	 Elapsed time: 0:19:37.092040 	 Best training fitness: 5.244562e-02 	 
Level 25:bingo.evolutionary_optimizers.evolutionary_optimizer:250, 1.177092e+03, 2670076, 5.244562e-02, 5.244562e-02, 6.030457e-02, 1.280998e-01, 1.313098e-01, 1.431134e-01, 1.431319e-01, 1.432663e-01, 1.442174e-01, 1.442267e-01, 1.442428e-01
INFO:bingo.evolutionary_optimizers.parallel_archipelago:Evolution time 0:01:05.748237	 age 430	 fitness 5.243e-02
Level 25:bingo.evolutionary_optimizers.evolutionary_optimizer:Generation: 260 	 Elapsed time: 0:20:43.190147 	 Best training fitness: 5.243153e-02 	 
Level 25:bingo.evolutionary_optimizers.evolutionary_optimizer:260, 1.243190e+03, 2797889, 5.243153e-02, 5.243153e-02, 6.030457e-02, 1.280998e-01, 1.313098e-01, 1.431134e-01, 1.431319e-01, 1.432663e-01, 1.442174e-01, 1.442267e-01, 1.442428e-01
INFO:bingo.evolutionary_optimizers.parallel_archipelago:Evolution time 0:00:42.839751	 age 440	 fitness 5.239e-02
Level 25:bingo.evolutionary_optimizers.evolutionary_optimizer:Generation: 270 	 Elapsed time: 0:21:26.346554 	 Best training fitness: 5.238675e-02 	 
Level 25:bingo.evolutionary_optimizers.evolutionary_optimizer:270, 1.286347e+03, 2900844, 5.238675e-02, 5.238675e-02, 5.240374e-02, 6.030457e-02, 1.280998e-01, 1.313098e-01, 1.431134e-01, 1.431319e-01, 1.432663e-01, 1.442174e-01, 1.442267e-01, 1.442428e-01
INFO:bingo.evolutionary_optimizers.parallel_archipelago:Evolution time 0:00:36.662244	 age 450	 fitness 5.238e-02
Level 25:bingo.evolutionary_optimizers.evolutionary_optimizer:Generation: 280 	 Elapsed time: 0:22:03.334452 	 Best training fitness: 5.237994e-02 	 
Level 25:bingo.evolutionary_optimizers.evolutionary_optimizer:280, 1.323334e+03, 3003344, 5.237994e-02, 5.237994e-02, 5.240374e-02, 6.030457e-02, 1.280998e-01, 1.313098e-01, 1.431134e-01, 1.431319e-01, 1.432663e-01, 1.442174e-01, 1.442267e-01, 1.442428e-01
INFO:bingo.evolutionary_optimizers.parallel_archipelago:Evolution time 0:00:40.672128	 age 460	 fitness 5.237e-02
Level 25:bingo.evolutionary_optimizers.evolutionary_optimizer:Generation: 290 	 Elapsed time: 0:22:44.342464 	 Best training fitness: 5.236724e-02 	 
Level 25:bingo.evolutionary_optimizers.evolutionary_optimizer:290, 1.364342e+03, 3107839, 5.236724e-02, 5.236724e-02, 5.240332e-02, 6.030457e-02, 1.280998e-01, 1.313098e-01, 1.431134e-01, 1.431319e-01, 1.432663e-01, 1.442174e-01, 1.442267e-01, 1.442428e-01
INFO:bingo.evolutionary_optimizers.parallel_archipelago:Evolution time 0:00:44.636110	 age 470	 fitness 5.240e-02
Level 25:bingo.evolutionary_optimizers.evolutionary_optimizer:Generation: 300 	 Elapsed time: 0:23:29.303194 	 Best training fitness: 5.240481e-02 	 
Level 25:bingo.evolutionary_optimizers.evolutionary_optimizer:300, 1.409303e+03, 3226844, 5.240481e-02, 5.236724e-02, 5.240332e-02, 6.030457e-02, 1.280998e-01, 1.313098e-01, 1.431134e-01, 1.431319e-01, 1.432663e-01, 1.442174e-01, 1.442267e-01, 1.442428e-01
INFO:bingo.evolutionary_optimizers.parallel_archipelago:Evolution time 0:01:03.619519	 age 500	 fitness 5.238e-02
Level 25:bingo.evolutionary_optimizers.evolutionary_optimizer:Generation: 310 	 Elapsed time: 0:24:33.318881 	 Best training fitness: 5.238094e-02 	 
Level 25:bingo.evolutionary_optimizers.evolutionary_optimizer:310, 1.473319e+03, 3362669, 5.238094e-02, 5.236724e-02, 5.240332e-02, 6.030457e-02, 1.280998e-01, 1.313098e-01, 1.431134e-01, 1.431319e-01, 1.432663e-01, 1.442174e-01, 1.442267e-01, 1.442428e-01
INFO:bingo.evolutionary_optimizers.parallel_archipelago:Evolution time 0:00:53.921953	 age 520	 fitness 5.236e-02
Level 25:bingo.evolutionary_optimizers.evolutionary_optimizer:Generation: 320 	 Elapsed time: 0:25:27.573554 	 Best training fitness: 5.236490e-02 	 
Level 25:bingo.evolutionary_optimizers.evolutionary_optimizer:320, 1.527574e+03, 3520599, 5.236490e-02, 5.236490e-02, 5.240332e-02, 6.030457e-02, 1.280998e-01, 1.313098e-01, 1.431134e-01, 1.431319e-01, 1.432663e-01, 1.442174e-01, 1.442267e-01, 1.442428e-01
INFO:bingo.evolutionary_optimizers.parallel_archipelago:Evolution time 0:01:15.913802	 age 540	 fitness 5.195e-02
Level 25:bingo.evolutionary_optimizers.evolutionary_optimizer:Generation: 330 	 Elapsed time: 0:26:43.821023 	 Best training fitness: 5.195443e-02 	 
Level 25:bingo.evolutionary_optimizers.evolutionary_optimizer:330, 1.603821e+03, 3680232, 5.195443e-02, 5.195443e-02, 5.236490e-02, 5.238003e-02, 6.030457e-02, 1.280998e-01, 1.313098e-01, 1.431134e-01, 1.431319e-01, 1.432663e-01, 1.442174e-01, 1.442267e-01, 1.442428e-01
INFO:bingo.evolutionary_optimizers.parallel_archipelago:Evolution time 0:01:16.698482	 age 550	 fitness 5.196e-02
Level 25:bingo.evolutionary_optimizers.evolutionary_optimizer:Generation: 340 	 Elapsed time: 0:28:00.862774 	 Best training fitness: 5.196203e-02 	 
Level 25:bingo.evolutionary_optimizers.evolutionary_optimizer:340, 1.680863e+03, 3811566, 5.196203e-02, 5.195443e-02, 5.235516e-02, 5.238003e-02, 6.030457e-02, 1.280998e-01, 1.313098e-01, 1.431134e-01, 1.431319e-01, 1.432663e-01, 1.442174e-01, 1.442267e-01, 1.442428e-01
INFO:bingo.evolutionary_optimizers.parallel_archipelago:Evolution time 0:01:07.821025	 age 560	 fitness 5.062e-02
Level 25:bingo.evolutionary_optimizers.evolutionary_optimizer:Generation: 350 	 Elapsed time: 0:29:09.024698 	 Best training fitness: 5.061573e-02 	 
Level 25:bingo.evolutionary_optimizers.evolutionary_optimizer:350, 1.749025e+03, 3959656, 5.061573e-02, 5.061573e-02, 5.235516e-02, 5.238003e-02, 6.030457e-02, 1.280998e-01, 1.313098e-01, 1.431134e-01, 1.431319e-01, 1.432663e-01, 1.442174e-01, 1.442267e-01, 1.442428e-01
INFO:bingo.evolutionary_optimizers.parallel_archipelago:Evolution time 0:01:48.302658	 age 580	 fitness 4.875e-02
Level 25:bingo.evolutionary_optimizers.evolutionary_optimizer:Generation: 360 	 Elapsed time: 0:30:57.665680 	 Best training fitness: 4.874512e-02 	 
Level 25:bingo.evolutionary_optimizers.evolutionary_optimizer:360, 1.857666e+03, 4156272, 4.874512e-02, 4.874512e-02, 5.053935e-02, 5.077646e-02, 5.235516e-02, 5.238003e-02, 6.030457e-02, 1.280998e-01, 1.313098e-01, 1.431134e-01, 1.431319e-01, 1.432663e-01, 1.442174e-01, 1.442267e-01, 1.442428e-01
INFO:bingo.evolutionary_optimizers.parallel_archipelago:Evolution time 0:00:58.047175	 age 600	 fitness 4.867e-02
Level 25:bingo.evolutionary_optimizers.evolutionary_optimizer:Generation: 370 	 Elapsed time: 0:31:56.058500 	 Best training fitness: 4.866821e-02 	 
Level 25:bingo.evolutionary_optimizers.evolutionary_optimizer:370, 1.916059e+03, 4306396, 4.866821e-02, 4.866821e-02, 5.036676e-02, 5.223548e-02, 6.030457e-02, 1.280998e-01, 1.313098e-01, 1.431134e-01, 1.431319e-01, 1.432663e-01, 1.442174e-01, 1.442267e-01, 1.442428e-01
INFO:bingo.evolutionary_optimizers.parallel_archipelago:Evolution time 0:00:57.106390	 age 620	 fitness 4.709e-02
Level 25:bingo.evolutionary_optimizers.evolutionary_optimizer:Generation: 380 	 Elapsed time: 0:32:53.542803 	 Best training fitness: 4.709314e-02 	 
Level 25:bingo.evolutionary_optimizers.evolutionary_optimizer:380, 1.973543e+03, 4485938, 4.709314e-02, 4.709314e-02, 5.036676e-02, 5.223548e-02, 6.030457e-02, 1.280998e-01, 1.313098e-01, 1.431134e-01, 1.431319e-01, 1.432663e-01, 1.442174e-01, 1.442267e-01, 1.442428e-01
INFO:bingo.evolutionary_optimizers.parallel_archipelago:Evolution time 0:00:51.383530	 age 640	 fitness 4.673e-02
Level 25:bingo.evolutionary_optimizers.evolutionary_optimizer:Generation: 390 	 Elapsed time: 0:33:45.234383 	 Best training fitness: 4.672711e-02 	 
Level 25:bingo.evolutionary_optimizers.evolutionary_optimizer:390, 2.025234e+03, 4633793, 4.672711e-02, 4.672711e-02, 5.036676e-02, 5.105133e-02, 5.223548e-02, 6.030457e-02, 1.280998e-01, 1.313098e-01, 1.431134e-01, 1.431319e-01, 1.432663e-01, 1.442174e-01, 1.442267e-01, 1.442428e-01
INFO:bingo.evolutionary_optimizers.parallel_archipelago:Evolution time 0:00:57.834295	 age 660	 fitness 4.677e-02
Level 25:bingo.evolutionary_optimizers.evolutionary_optimizer:Generation: 400 	 Elapsed time: 0:34:43.398771 	 Best training fitness: 4.677017e-02 	 
Level 25:bingo.evolutionary_optimizers.evolutionary_optimizer:400, 2.083399e+03, 4801815, 4.677017e-02, 4.672711e-02, 5.036676e-02, 5.105133e-02, 5.223548e-02, 6.030457e-02, 1.280998e-01, 1.313098e-01, 1.431134e-01, 1.431319e-01, 1.432663e-01, 1.442174e-01, 1.442267e-01, 1.442428e-01
INFO:bingo.evolutionary_optimizers.parallel_archipelago:Evolution time 0:01:16.026990	 age 690	 fitness 4.674e-02
Level 25:bingo.evolutionary_optimizers.evolutionary_optimizer:Generation: 410 	 Elapsed time: 0:35:59.778332 	 Best training fitness: 4.673850e-02 	 
Level 25:bingo.evolutionary_optimizers.evolutionary_optimizer:410, 2.159778e+03, 4941293, 4.673850e-02, 4.672711e-02, 4.674741e-02, 5.091014e-02, 5.105133e-02, 5.223548e-02, 6.030457e-02, 1.280998e-01, 1.313098e-01, 1.431134e-01, 1.431319e-01, 1.432663e-01, 1.442174e-01, 1.442267e-01, 1.442428e-01
INFO:bingo.evolutionary_optimizers.parallel_archipelago:Evolution time 0:00:50.754510	 age 700	 fitness 4.672e-02
Level 25:bingo.evolutionary_optimizers.evolutionary_optimizer:Generation: 420 	 Elapsed time: 0:36:50.879471 	 Best training fitness: 4.672149e-02 	 
Level 25:bingo.evolutionary_optimizers.evolutionary_optimizer:420, 2.210879e+03, 5069935, 4.672149e-02, 4.672149e-02, 5.091014e-02, 5.105133e-02, 5.223548e-02, 6.030457e-02, 1.280998e-01, 1.313098e-01, 1.431134e-01, 1.431319e-01, 1.432663e-01, 1.442174e-01, 1.442267e-01, 1.442428e-01
INFO:bingo.evolutionary_optimizers.parallel_archipelago:Evolution time 0:01:26.755294	 age 720	 fitness 4.665e-02
Level 25:bingo.evolutionary_optimizers.evolutionary_optimizer:Generation: 430 	 Elapsed time: 0:38:17.979134 	 Best training fitness: 4.665312e-02 	 
Level 25:bingo.evolutionary_optimizers.evolutionary_optimizer:430, 2.297979e+03, 5232763, 4.665312e-02, 4.665312e-02, 4.672149e-02, 5.091014e-02, 5.105133e-02, 5.223548e-02, 6.030457e-02, 1.280998e-01, 1.313098e-01, 1.431134e-01, 1.431319e-01, 1.432663e-01, 1.442174e-01, 1.442267e-01, 1.442428e-01
INFO:bingo.evolutionary_optimizers.parallel_archipelago:Evolution time 0:00:36.002632	 age 730	 fitness 4.662e-02
Level 25:bingo.evolutionary_optimizers.evolutionary_optimizer:Generation: 440 	 Elapsed time: 0:38:54.325525 	 Best training fitness: 4.661611e-02 	 
Level 25:bingo.evolutionary_optimizers.evolutionary_optimizer:440, 2.334326e+03, 5345417, 4.661611e-02, 4.661611e-02, 4.672149e-02, 4.675834e-02, 5.105133e-02, 5.223548e-02, 6.030457e-02, 1.280998e-01, 1.313098e-01, 1.431134e-01, 1.431319e-01, 1.432663e-01, 1.442174e-01, 1.442267e-01, 1.442428e-01
INFO:bingo.evolutionary_optimizers.parallel_archipelago:Evolution time 0:01:01.811617	 age 750	 fitness 4.657e-02
Level 25:bingo.evolutionary_optimizers.evolutionary_optimizer:Generation: 450 	 Elapsed time: 0:39:56.486954 	 Best training fitness: 4.656840e-02 	 
Level 25:bingo.evolutionary_optimizers.evolutionary_optimizer:450, 2.396487e+03, 5483647, 4.656840e-02, 4.656840e-02, 4.672149e-02, 4.675834e-02, 5.105133e-02, 5.223548e-02, 6.030457e-02, 1.280998e-01, 1.313098e-01, 1.431134e-01, 1.431319e-01, 1.432663e-01, 1.442174e-01, 1.442267e-01, 1.442428e-01
INFO:bingo.evolutionary_optimizers.parallel_archipelago:Evolution time 0:00:54.252717	 age 760	 fitness 4.655e-02
Level 25:bingo.evolutionary_optimizers.evolutionary_optimizer:Generation: 460 	 Elapsed time: 0:40:51.083831 	 Best training fitness: 4.654753e-02 	 
Level 25:bingo.evolutionary_optimizers.evolutionary_optimizer:460, 2.451084e+03, 5623688, 4.654753e-02, 4.654753e-02, 4.672149e-02, 4.675834e-02, 4.678747e-02, 5.223548e-02, 6.030457e-02, 1.280998e-01, 1.313098e-01, 1.431134e-01, 1.431319e-01, 1.432663e-01, 1.442174e-01, 1.442267e-01, 1.442428e-01
INFO:bingo.evolutionary_optimizers.parallel_archipelago:Evolution time 0:01:17.350667	 age 790	 fitness 4.652e-02
Level 25:bingo.evolutionary_optimizers.evolutionary_optimizer:Generation: 470 	 Elapsed time: 0:42:08.778431 	 Best training fitness: 4.652201e-02 	 
Level 25:bingo.evolutionary_optimizers.evolutionary_optimizer:470, 2.528778e+03, 5785548, 4.652201e-02, 4.652201e-02, 4.672149e-02, 4.673792e-02, 5.223548e-02, 6.030457e-02, 1.280998e-01, 1.313098e-01, 1.431134e-01, 1.431319e-01, 1.432663e-01, 1.442174e-01, 1.442267e-01, 1.442428e-01
INFO:bingo.evolutionary_optimizers.parallel_archipelago:Evolution time 0:00:51.543918	 age 800	 fitness 4.654e-02
Level 25:bingo.evolutionary_optimizers.evolutionary_optimizer:Generation: 480 	 Elapsed time: 0:43:00.665411 	 Best training fitness: 4.653716e-02 	 
Level 25:bingo.evolutionary_optimizers.evolutionary_optimizer:480, 2.580665e+03, 5921685, 4.653716e-02, 4.652201e-02, 4.672149e-02, 4.673792e-02, 5.223548e-02, 6.030457e-02, 1.280998e-01, 1.313098e-01, 1.431134e-01, 1.431319e-01, 1.432663e-01, 1.442174e-01, 1.442267e-01, 1.442428e-01
INFO:bingo.evolutionary_optimizers.parallel_archipelago:Evolution time 0:01:24.360684	 age 820	 fitness 4.652e-02
Level 25:bingo.evolutionary_optimizers.evolutionary_optimizer:Generation: 490 	 Elapsed time: 0:44:25.376165 	 Best training fitness: 4.652263e-02 	 
Level 25:bingo.evolutionary_optimizers.evolutionary_optimizer:490, 2.665376e+03, 6123152, 4.652263e-02, 4.652201e-02, 4.672149e-02, 4.673792e-02, 5.223548e-02, 6.030457e-02, 1.199229e-01, 1.280998e-01, 1.313098e-01, 1.431134e-01, 1.431319e-01, 1.432663e-01, 1.442174e-01, 1.442267e-01, 1.442428e-01
INFO:bingo.evolutionary_optimizers.parallel_archipelago:Evolution time 0:00:53.510449	 age 830	 fitness 4.646e-02
Level 25:bingo.evolutionary_optimizers.evolutionary_optimizer:Generation: 500 	 Elapsed time: 0:45:19.237238 	 Best training fitness: 4.646066e-02 	 
Level 25:bingo.evolutionary_optimizers.evolutionary_optimizer:500, 2.719237e+03, 6268369, 4.646066e-02, 4.646066e-02, 4.672149e-02, 4.673792e-02, 5.223548e-02, 6.030457e-02, 1.199229e-01, 1.280998e-01, 1.313098e-01, 1.431134e-01, 1.431319e-01, 1.432663e-01, 1.442174e-01, 1.442267e-01, 1.442428e-01
INFO:bingo.evolutionary_optimizers.parallel_archipelago:Evolution time 0:01:32.014094	 age 850	 fitness 4.646e-02
Level 25:bingo.evolutionary_optimizers.evolutionary_optimizer:Generation: 510 	 Elapsed time: 0:46:51.648142 	 Best training fitness: 4.646066e-02 	 
Level 25:bingo.evolutionary_optimizers.evolutionary_optimizer:510, 2.811648e+03, 6469097, 4.646066e-02, 4.646066e-02, 4.672149e-02, 4.673792e-02, 5.023730e-02, 5.045078e-02, 1.199229e-01, 1.280998e-01, 1.313098e-01, 1.431134e-01, 1.431319e-01, 1.432663e-01, 1.442174e-01, 1.442267e-01, 1.442428e-01
INFO:bingo.evolutionary_optimizers.parallel_archipelago:Evolution time 0:01:28.338982	 age 860	 fitness 4.568e-02
Level 25:bingo.evolutionary_optimizers.evolutionary_optimizer:Generation: 520 	 Elapsed time: 0:48:20.340247 	 Best training fitness: 4.568446e-02 	 
Level 25:bingo.evolutionary_optimizers.evolutionary_optimizer:520, 2.900340e+03, 6653387, 4.568446e-02, 4.568446e-02, 4.672149e-02, 4.673792e-02, 5.023730e-02, 5.045078e-02, 1.199229e-01, 1.280998e-01, 1.313098e-01, 1.431134e-01, 1.431319e-01, 1.432663e-01, 1.442174e-01, 1.442267e-01, 1.442428e-01
INFO:bingo.evolutionary_optimizers.parallel_archipelago:Evolution time 0:01:59.113690	 age 880	 fitness 4.567e-02
Level 25:bingo.evolutionary_optimizers.evolutionary_optimizer:Generation: 530 	 Elapsed time: 0:50:19.802574 	 Best training fitness: 4.566593e-02 	 
Level 25:bingo.evolutionary_optimizers.evolutionary_optimizer:530, 3.019803e+03, 6882138, 4.566593e-02, 4.566593e-02, 4.672149e-02, 4.673792e-02, 5.023730e-02, 5.045078e-02, 1.199229e-01, 1.280998e-01, 1.313098e-01, 1.431134e-01, 1.431319e-01, 1.432663e-01, 1.442174e-01, 1.442267e-01, 1.442428e-01
INFO:bingo.evolutionary_optimizers.parallel_archipelago:Evolution time 0:01:21.786654	 age 910	 fitness 4.563e-02
Level 25:bingo.evolutionary_optimizers.evolutionary_optimizer:Generation: 540 	 Elapsed time: 0:51:41.934001 	 Best training fitness: 4.563334e-02 	 
Level 25:bingo.evolutionary_optimizers.evolutionary_optimizer:540, 3.101934e+03, 7061613, 4.563334e-02, 4.563334e-02, 4.672149e-02, 4.673792e-02, 5.023730e-02, 5.033614e-02, 1.115396e-01, 1.117648e-01, 1.432663e-01, 1.442174e-01, 1.442267e-01, 1.442428e-01
INFO:bingo.evolutionary_optimizers.parallel_archipelago:Evolution time 0:00:57.066831	 age 930	 fitness 4.563e-02
Level 25:bingo.evolutionary_optimizers.evolutionary_optimizer:Generation: 550 	 Elapsed time: 0:52:39.337084 	 Best training fitness: 4.562952e-02 	 
Level 25:bingo.evolutionary_optimizers.evolutionary_optimizer:550, 3.159337e+03, 7219887, 4.562952e-02, 4.562952e-02, 4.672149e-02, 4.673792e-02, 5.023730e-02, 5.033614e-02, 9.939605e-02, 1.013955e-01, 1.350338e-01, 1.442267e-01, 1.442428e-01
INFO:bingo.evolutionary_optimizers.parallel_archipelago:Evolution time 0:00:56.737839	 age 950	 fitness 4.564e-02
Level 25:bingo.evolutionary_optimizers.evolutionary_optimizer:Generation: 560 	 Elapsed time: 0:53:36.408229 	 Best training fitness: 4.564198e-02 	 
Level 25:bingo.evolutionary_optimizers.evolutionary_optimizer:560, 3.216408e+03, 7391013, 4.564198e-02, 4.562952e-02, 4.672149e-02, 4.673792e-02, 5.023730e-02, 5.033614e-02, 9.935415e-02, 1.013653e-01, 1.350338e-01, 1.442267e-01, 1.442428e-01
INFO:bingo.evolutionary_optimizers.parallel_archipelago:Evolution time 0:01:37.663380	 age 960	 fitness 4.564e-02
Level 25:bingo.evolutionary_optimizers.evolutionary_optimizer:Generation: 570 	 Elapsed time: 0:55:14.411250 	 Best training fitness: 4.564169e-02 	 
Level 25:bingo.evolutionary_optimizers.evolutionary_optimizer:570, 3.314411e+03, 7573461, 4.564169e-02, 4.562952e-02, 4.672149e-02, 4.673792e-02, 5.023730e-02, 5.030127e-02, 8.883576e-02, 1.013177e-01, 1.350338e-01, 1.442267e-01, 1.442428e-01
INFO:bingo.evolutionary_optimizers.parallel_archipelago:Evolution time 0:01:03.279918	 age 970	 fitness 4.561e-02
Level 25:bingo.evolutionary_optimizers.evolutionary_optimizer:Generation: 580 	 Elapsed time: 0:56:18.068859 	 Best training fitness: 4.560730e-02 	 
Level 25:bingo.evolutionary_optimizers.evolutionary_optimizer:580, 3.378069e+03, 7719877, 4.560730e-02, 4.560730e-02, 4.672149e-02, 4.673792e-02, 5.023730e-02, 5.030127e-02, 8.883576e-02, 1.013129e-01, 1.350338e-01, 1.442267e-01, 1.442428e-01
INFO:bingo.evolutionary_optimizers.parallel_archipelago:Evolution time 0:01:04.706475	 age 990	 fitness 4.561e-02
Level 25:bingo.evolutionary_optimizers.evolutionary_optimizer:Generation: 590 	 Elapsed time: 0:57:23.110604 	 Best training fitness: 4.561352e-02 	 
Level 25:bingo.evolutionary_optimizers.evolutionary_optimizer:590, 3.443111e+03, 7904462, 4.561352e-02, 4.560730e-02, 4.672149e-02, 4.673792e-02, 5.023730e-02, 5.030127e-02, 8.883576e-02, 1.012793e-01, 1.350338e-01, 1.439133e-01, 1.442267e-01, 1.442428e-01
INFO:bingo.evolutionary_optimizers.parallel_archipelago:Evolution time 0:01:04.551725	 age 1010	 fitness 4.561e-02
Level 25:bingo.evolutionary_optimizers.evolutionary_optimizer:Generation: 600 	 Elapsed time: 0:58:28.003641 	 Best training fitness: 4.560729e-02 	 
Level 25:bingo.evolutionary_optimizers.evolutionary_optimizer:600, 3.508004e+03, 8088118, 4.560729e-02, 4.560729e-02, 4.560730e-02, 4.570000e-02, 4.673792e-02, 5.023730e-02, 5.030127e-02, 7.119833e-02, 8.879012e-02, 1.012793e-01, 1.350338e-01, 1.439133e-01, 1.442267e-01, 1.442428e-01
INFO:bingo.evolutionary_optimizers.parallel_archipelago:Evolution time 0:00:58.245135	 age 1030	 fitness 4.558e-02
Level 25:bingo.evolutionary_optimizers.evolutionary_optimizer:Generation: 610 	 Elapsed time: 0:59:26.590684 	 Best training fitness: 4.558028e-02 	 
Level 25:bingo.evolutionary_optimizers.evolutionary_optimizer:610, 3.566591e+03, 8246062, 4.558028e-02, 4.558028e-02, 4.570000e-02, 4.673792e-02, 5.023730e-02, 5.030127e-02, 7.107923e-02, 8.879012e-02, 1.012793e-01, 1.350338e-01, 1.437734e-01, 1.442267e-01, 1.442428e-01
INFO:bingo.evolutionary_optimizers.parallel_archipelago:Evolution time 0:01:16.039885	 age 1060	 fitness 4.560e-02
Level 25:bingo.evolutionary_optimizers.evolutionary_optimizer:Generation: 620 	 Elapsed time: 1:00:42.972808 	 Best training fitness: 4.559736e-02 	 
Level 25:bingo.evolutionary_optimizers.evolutionary_optimizer:620, 3.642973e+03, 8405688, 4.559736e-02, 4.558028e-02, 4.559736e-02, 4.673792e-02, 4.716574e-02, 5.030127e-02, 6.878317e-02, 7.107923e-02, 8.879012e-02, 1.012793e-01, 1.350338e-01, 1.437734e-01, 1.442267e-01, 1.442428e-01
INFO:bingo.evolutionary_optimizers.parallel_archipelago:Evolution time 0:01:21.057447	 age 1090	 fitness 4.559e-02
Level 25:bingo.evolutionary_optimizers.evolutionary_optimizer:Generation: 630 	 Elapsed time: 1:02:04.371445 	 Best training fitness: 4.559347e-02 	 
Level 25:bingo.evolutionary_optimizers.evolutionary_optimizer:630, 3.724371e+03, 8582187, 4.559347e-02, 4.558028e-02, 4.559736e-02, 4.673792e-02, 4.716574e-02, 5.030127e-02, 6.869286e-02, 7.106930e-02, 8.879012e-02, 1.012793e-01, 1.350338e-01, 1.437734e-01, 1.442267e-01, 1.442428e-01
INFO:bingo.evolutionary_optimizers.parallel_archipelago:Evolution time 0:01:11.138058	 age 1120	 fitness 4.559e-02
Level 25:bingo.evolutionary_optimizers.evolutionary_optimizer:Generation: 640 	 Elapsed time: 1:03:15.855289 	 Best training fitness: 4.558727e-02 	 
Level 25:bingo.evolutionary_optimizers.evolutionary_optimizer:640, 3.795855e+03, 8743560, 4.558727e-02, 4.558028e-02, 4.559736e-02, 4.673792e-02, 4.716574e-02, 5.030127e-02, 6.866054e-02, 7.106930e-02, 8.219710e-02, 1.012793e-01, 1.350338e-01, 1.437734e-01, 1.442267e-01, 1.442428e-01
INFO:bingo.evolutionary_optimizers.parallel_archipelago:Evolution time 0:00:47.796175	 age 1130	 fitness 4.561e-02
Level 25:bingo.evolutionary_optimizers.evolutionary_optimizer:Generation: 650 	 Elapsed time: 1:04:04.042179 	 Best training fitness: 4.561478e-02 	 
Level 25:bingo.evolutionary_optimizers.evolutionary_optimizer:650, 3.844042e+03, 8876879, 4.561478e-02, 4.558028e-02, 4.559736e-02, 4.673792e-02, 4.716574e-02, 5.030127e-02, 6.866054e-02, 7.106930e-02, 8.219710e-02, 1.012793e-01, 1.350338e-01, 1.437734e-01, 1.442267e-01, 1.442428e-01
INFO:bingo.evolutionary_optimizers.parallel_archipelago:Evolution time 0:01:13.961277	 age 1140	 fitness 4.561e-02
Level 25:bingo.evolutionary_optimizers.evolutionary_optimizer:Generation: 660 	 Elapsed time: 1:05:18.352543 	 Best training fitness: 4.560973e-02 	 
Level 25:bingo.evolutionary_optimizers.evolutionary_optimizer:660, 3.918353e+03, 9014544, 4.560973e-02, 4.558028e-02, 4.559736e-02, 4.673792e-02, 4.716574e-02, 5.030127e-02, 6.864069e-02, 7.106930e-02, 8.219710e-02, 1.012793e-01, 1.350338e-01, 1.437734e-01, 1.442267e-01, 1.442428e-01
INFO:bingo.evolutionary_optimizers.parallel_archipelago:Evolution time 0:01:08.100710	 age 1170	 fitness 4.561e-02
Level 25:bingo.evolutionary_optimizers.evolutionary_optimizer:Generation: 670 	 Elapsed time: 1:06:26.809474 	 Best training fitness: 4.560859e-02 	 
Level 25:bingo.evolutionary_optimizers.evolutionary_optimizer:670, 3.986809e+03, 9138405, 4.560859e-02, 4.558028e-02, 4.559736e-02, 4.673792e-02, 4.716574e-02, 5.030127e-02, 6.864069e-02, 7.106930e-02, 8.219710e-02, 1.012793e-01, 1.350338e-01, 1.437734e-01, 1.442267e-01, 1.442428e-01
INFO:bingo.evolutionary_optimizers.parallel_archipelago:Evolution time 0:00:58.719139	 age 1190	 fitness 4.558e-02
Level 25:bingo.evolutionary_optimizers.evolutionary_optimizer:Generation: 680 	 Elapsed time: 1:07:25.883610 	 Best training fitness: 4.558406e-02 	 
Level 25:bingo.evolutionary_optimizers.evolutionary_optimizer:680, 4.045884e+03, 9281032, 4.558406e-02, 4.558028e-02, 4.559736e-02, 4.673792e-02, 4.716574e-02, 5.030127e-02, 6.845836e-02, 8.219710e-02, 1.012793e-01, 1.350338e-01, 1.437734e-01, 1.442267e-01, 1.442428e-01
INFO:bingo.evolutionary_optimizers.parallel_archipelago:Evolution time 0:01:09.429013	 age 1220	 fitness 4.559e-02
Level 25:bingo.evolutionary_optimizers.evolutionary_optimizer:Generation: 690 	 Elapsed time: 1:08:35.664495 	 Best training fitness: 4.558703e-02 	 
Level 25:bingo.evolutionary_optimizers.evolutionary_optimizer:690, 4.115664e+03, 9421154, 4.558703e-02, 4.558028e-02, 4.559736e-02, 4.568307e-02, 4.716574e-02, 5.030127e-02, 6.837228e-02, 8.219710e-02, 1.012793e-01, 1.350338e-01, 1.437734e-01, 1.442267e-01, 1.442428e-01
INFO:bingo.evolutionary_optimizers.parallel_archipelago:Evolution time 0:01:09.285630	 age 1250	 fitness 4.561e-02
Level 25:bingo.evolutionary_optimizers.evolutionary_optimizer:Generation: 700 	 Elapsed time: 1:09:45.293917 	 Best training fitness: 4.560787e-02 	 
Level 25:bingo.evolutionary_optimizers.evolutionary_optimizer:700, 4.185294e+03, 9554469, 4.560787e-02, 4.558028e-02, 4.559736e-02, 4.561277e-02, 4.716574e-02, 5.030127e-02, 6.830709e-02, 8.219710e-02, 1.012793e-01, 1.350338e-01, 1.437734e-01, 1.442267e-01, 1.442428e-01
INFO:bingo.evolutionary_optimizers.parallel_archipelago:Evolution time 0:00:57.295832	 age 1270	 fitness 4.562e-02
Level 25:bingo.evolutionary_optimizers.evolutionary_optimizer:Generation: 710 	 Elapsed time: 1:10:42.937251 	 Best training fitness: 4.561821e-02 	 
Level 25:bingo.evolutionary_optimizers.evolutionary_optimizer:710, 4.242937e+03, 9676649, 4.561821e-02, 4.558028e-02, 4.559736e-02, 4.561277e-02, 4.716574e-02, 5.030127e-02, 6.826990e-02, 8.219710e-02, 9.898731e-02, 1.012793e-01, 1.350338e-01, 1.437734e-01, 1.442267e-01, 1.442428e-01
INFO:bingo.evolutionary_optimizers.parallel_archipelago:Evolution time 0:01:11.968681	 age 1280	 fitness 4.562e-02
Level 25:bingo.evolutionary_optimizers.evolutionary_optimizer:Generation: 720 	 Elapsed time: 1:11:55.299432 	 Best training fitness: 4.561897e-02 	 
Level 25:bingo.evolutionary_optimizers.evolutionary_optimizer:720, 4.315299e+03, 9835372, 4.561897e-02, 4.558028e-02, 4.559736e-02, 4.561277e-02, 4.716574e-02, 5.030127e-02, 6.826990e-02, 8.215116e-02, 9.894085e-02, 1.012793e-01, 1.350338e-01, 1.437734e-01, 1.442267e-01, 1.442428e-01
INFO:bingo.evolutionary_optimizers.parallel_archipelago:Evolution time 0:00:51.722099	 age 1290	 fitness 4.562e-02
Level 25:bingo.evolutionary_optimizers.evolutionary_optimizer:Generation: 730 	 Elapsed time: 1:12:47.364593 	 Best training fitness: 4.561613e-02 	 
Level 25:bingo.evolutionary_optimizers.evolutionary_optimizer:730, 4.367365e+03, 9974848, 4.561613e-02, 4.558028e-02, 4.559736e-02, 4.561277e-02, 4.716574e-02, 5.030127e-02, 6.826990e-02, 8.215116e-02, 9.894085e-02, 1.012793e-01, 1.350338e-01, 1.437734e-01, 1.442267e-01, 1.442428e-01
INFO:bingo.evolutionary_optimizers.parallel_archipelago:Evolution time 0:01:24.086276	 age 1320	 fitness 4.560e-02
Level 25:bingo.evolutionary_optimizers.evolutionary_optimizer:Generation: 740 	 Elapsed time: 1:14:11.776108 	 Best training fitness: 4.559601e-02 	 
Level 25:bingo.evolutionary_optimizers.evolutionary_optimizer:740, 4.451776e+03, 10173309, 4.559601e-02, 4.558028e-02, 4.559601e-02, 4.716574e-02, 5.030127e-02, 6.826990e-02, 8.215116e-02, 9.894085e-02, 1.012793e-01, 1.350338e-01, 1.437734e-01, 1.442267e-01, 1.442428e-01
INFO:bingo.evolutionary_optimizers.parallel_archipelago:Evolution time 0:00:48.709899	 age 1330	 fitness 4.559e-02
Level 25:bingo.evolutionary_optimizers.evolutionary_optimizer:Generation: 750 	 Elapsed time: 1:15:00.819372 	 Best training fitness: 4.559449e-02 	 
Level 25:bingo.evolutionary_optimizers.evolutionary_optimizer:750, 4.500819e+03, 10311669, 4.559449e-02, 4.558028e-02, 4.559449e-02, 4.716574e-02, 5.030127e-02, 6.826990e-02, 8.215116e-02, 9.894085e-02, 1.012793e-01, 1.350338e-01, 1.437734e-01, 1.442267e-01, 1.442428e-01
INFO:bingo.evolutionary_optimizers.parallel_archipelago:Evolution time 0:01:26.209347	 age 1360	 fitness 4.562e-02
Level 25:bingo.evolutionary_optimizers.evolutionary_optimizer:Generation: 760 	 Elapsed time: 1:16:27.354460 	 Best training fitness: 4.561591e-02 	 
Level 25:bingo.evolutionary_optimizers.evolutionary_optimizer:760, 4.587354e+03, 10507768, 4.561591e-02, 4.558028e-02, 4.559449e-02, 4.716574e-02, 5.030127e-02, 6.826990e-02, 8.215116e-02, 9.894085e-02, 1.012793e-01, 1.350338e-01, 1.437734e-01, 1.442267e-01, 1.442428e-01
INFO:bingo.evolutionary_optimizers.parallel_archipelago:Evolution time 0:01:08.184223	 age 1390	 fitness 4.562e-02
Level 25:bingo.evolutionary_optimizers.evolutionary_optimizer:Generation: 770 	 Elapsed time: 1:17:35.871379 	 Best training fitness: 4.561516e-02 	 
Level 25:bingo.evolutionary_optimizers.evolutionary_optimizer:770, 4.655871e+03, 10688845, 4.561516e-02, 4.558028e-02, 4.559449e-02, 4.716574e-02, 5.030127e-02, 6.826990e-02, 8.215116e-02, 9.893743e-02, 1.012793e-01, 1.350338e-01, 1.437734e-01, 1.442267e-01, 1.442428e-01
INFO:bingo.evolutionary_optimizers.parallel_archipelago:Evolution time 0:01:02.390695	 age 1410	 fitness 4.561e-02
Level 25:bingo.evolutionary_optimizers.evolutionary_optimizer:Generation: 780 	 Elapsed time: 1:18:38.591441 	 Best training fitness: 4.561043e-02 	 
Level 25:bingo.evolutionary_optimizers.evolutionary_optimizer:780, 4.718591e+03, 10854564, 4.561043e-02, 4.558028e-02, 4.559449e-02, 4.716574e-02, 5.030127e-02, 6.580192e-02, 6.826990e-02, 8.215116e-02, 9.886343e-02, 1.012793e-01, 1.350338e-01, 1.437734e-01, 1.442267e-01, 1.442428e-01
INFO:bingo.evolutionary_optimizers.parallel_archipelago:Evolution time 0:01:17.339826	 age 1430	 fitness 4.561e-02
Level 25:bingo.evolutionary_optimizers.evolutionary_optimizer:Generation: 790 	 Elapsed time: 1:19:56.312623 	 Best training fitness: 4.561355e-02 	 
Level 25:bingo.evolutionary_optimizers.evolutionary_optimizer:790, 4.796313e+03, 11049110, 4.561355e-02, 4.558028e-02, 4.559449e-02, 4.716574e-02, 5.030127e-02, 6.580192e-02, 6.826990e-02, 8.215116e-02, 9.886343e-02, 1.012793e-01, 1.350338e-01, 1.437734e-01, 1.442267e-01, 1.442428e-01
INFO:bingo.evolutionary_optimizers.parallel_archipelago:Evolution time 0:00:49.903022	 age 1440	 fitness 4.560e-02
Level 25:bingo.evolutionary_optimizers.evolutionary_optimizer:Generation: 800 	 Elapsed time: 1:20:46.554998 	 Best training fitness: 4.559769e-02 	 
Level 25:bingo.evolutionary_optimizers.evolutionary_optimizer:800, 4.846555e+03, 11169886, 4.559769e-02, 4.558028e-02, 4.559449e-02, 4.716574e-02, 5.030127e-02, 6.568303e-02, 6.826990e-02, 8.215116e-02, 9.885764e-02, 1.012793e-01, 1.350338e-01, 1.437734e-01, 1.442267e-01, 1.442428e-01
INFO:bingo.evolutionary_optimizers.parallel_archipelago:Evolution time 0:00:52.846210	 age 1450	 fitness 4.565e-02
Level 25:bingo.evolutionary_optimizers.evolutionary_optimizer:Generation: 810 	 Elapsed time: 1:21:39.733510 	 Best training fitness: 4.565456e-02 	 
Level 25:bingo.evolutionary_optimizers.evolutionary_optimizer:810, 4.899734e+03, 11300432, 4.565456e-02, 4.558028e-02, 4.559449e-02, 4.716574e-02, 5.030127e-02, 6.565487e-02, 6.826990e-02, 8.215116e-02, 9.885764e-02, 1.012793e-01, 1.350338e-01, 1.437734e-01, 1.442267e-01, 1.442428e-01
INFO:bingo.evolutionary_optimizers.parallel_archipelago:Evolution time 0:01:14.263407	 age 1460	 fitness 4.564e-02
Level 25:bingo.evolutionary_optimizers.evolutionary_optimizer:Generation: 820 	 Elapsed time: 1:22:54.321972 	 Best training fitness: 4.564415e-02 	 
Level 25:bingo.evolutionary_optimizers.evolutionary_optimizer:820, 4.974322e+03, 11479544, 4.564415e-02, 4.558028e-02, 4.559449e-02, 4.716574e-02, 5.030127e-02, 6.565230e-02, 6.826990e-02, 8.215116e-02, 9.885764e-02, 1.012793e-01, 1.350338e-01, 1.437734e-01, 1.442267e-01, 1.442428e-01
INFO:bingo.evolutionary_optimizers.parallel_archipelago:Evolution time 0:01:23.219693	 age 1480	 fitness 4.565e-02
Level 25:bingo.evolutionary_optimizers.evolutionary_optimizer:Generation: 830 	 Elapsed time: 1:24:17.869605 	 Best training fitness: 4.565302e-02 	 
Level 25:bingo.evolutionary_optimizers.evolutionary_optimizer:830, 5.057870e+03, 11657943, 4.565302e-02, 4.558028e-02, 4.559449e-02, 4.716574e-02, 5.030127e-02, 6.565131e-02, 6.826990e-02, 8.215116e-02, 9.885764e-02, 1.012793e-01, 1.350338e-01, 1.437734e-01, 1.442267e-01, 1.442428e-01
INFO:bingo.evolutionary_optimizers.parallel_archipelago:Evolution time 0:00:53.414637	 age 1490	 fitness 4.565e-02
Level 25:bingo.evolutionary_optimizers.evolutionary_optimizer:Generation: 840 	 Elapsed time: 1:25:11.654577 	 Best training fitness: 4.565412e-02 	 
Level 25:bingo.evolutionary_optimizers.evolutionary_optimizer:840, 5.111655e+03, 11801202, 4.565412e-02, 4.558028e-02, 4.559449e-02, 4.716574e-02, 5.030127e-02, 6.565131e-02, 6.826990e-02, 8.215116e-02, 9.885764e-02, 1.012793e-01, 1.350338e-01, 1.437734e-01, 1.442267e-01, 1.442428e-01
INFO:bingo.evolutionary_optimizers.parallel_archipelago:Evolution time 0:01:15.138070	 age 1500	 fitness 4.565e-02
Level 25:bingo.evolutionary_optimizers.evolutionary_optimizer:Generation: 850 	 Elapsed time: 1:26:27.121131 	 Best training fitness: 4.564731e-02 	 
Level 25:bingo.evolutionary_optimizers.evolutionary_optimizer:850, 5.187121e+03, 11957895, 4.564731e-02, 4.558028e-02, 4.559449e-02, 4.716574e-02, 5.030127e-02, 6.565131e-02, 6.826990e-02, 8.215116e-02, 9.885764e-02, 1.012793e-01, 1.350338e-01, 1.437734e-01, 1.442267e-01, 1.442428e-01
INFO:bingo.evolutionary_optimizers.parallel_archipelago:Evolution time 0:01:38.682291	 age 1520	 fitness 4.562e-02
Level 25:bingo.evolutionary_optimizers.evolutionary_optimizer:Generation: 860 	 Elapsed time: 1:28:06.174196 	 Best training fitness: 4.562342e-02 	 
Level 25:bingo.evolutionary_optimizers.evolutionary_optimizer:860, 5.286174e+03, 12151827, 4.562342e-02, 4.558028e-02, 4.559449e-02, 4.716574e-02, 5.030127e-02, 6.565131e-02, 6.826990e-02, 8.215116e-02, 9.885764e-02, 1.012793e-01, 1.350338e-01, 1.437734e-01, 1.442267e-01, 1.442428e-01
INFO:bingo.evolutionary_optimizers.parallel_archipelago:Evolution time 0:01:17.620549	 age 1550	 fitness 4.563e-02
Level 25:bingo.evolutionary_optimizers.evolutionary_optimizer:Generation: 870 	 Elapsed time: 1:29:24.128008 	 Best training fitness: 4.563461e-02 	 
Level 25:bingo.evolutionary_optimizers.evolutionary_optimizer:870, 5.364128e+03, 12334543, 4.563461e-02, 4.558028e-02, 4.559449e-02, 4.716574e-02, 5.030127e-02, 6.563612e-02, 6.826990e-02, 8.215116e-02, 9.885764e-02, 1.012793e-01, 1.350338e-01, 1.437734e-01, 1.442267e-01, 1.442428e-01
INFO:bingo.evolutionary_optimizers.parallel_archipelago:Evolution time 0:01:29.923031	 age 1570	 fitness 4.562e-02
Level 25:bingo.evolutionary_optimizers.evolutionary_optimizer:Generation: 880 	 Elapsed time: 1:30:54.382607 	 Best training fitness: 4.562267e-02 	 
Level 25:bingo.evolutionary_optimizers.evolutionary_optimizer:880, 5.454383e+03, 12521414, 4.562267e-02, 4.558028e-02, 4.559449e-02, 4.716574e-02, 5.030127e-02, 6.563612e-02, 6.826990e-02, 8.215116e-02, 9.885764e-02, 1.012793e-01, 1.350338e-01, 1.437734e-01, 1.442267e-01, 1.442428e-01
INFO:bingo.evolutionary_optimizers.parallel_archipelago:Evolution time 0:00:26.946652	 age 1580	 fitness 4.563e-02
Level 25:bingo.evolutionary_optimizers.evolutionary_optimizer:Generation: 890 	 Elapsed time: 1:31:21.547587 	 Best training fitness: 4.563398e-02 	 
Level 25:bingo.evolutionary_optimizers.evolutionary_optimizer:890, 5.481548e+03, 12599393, 4.563398e-02, 4.558028e-02, 4.559449e-02, 4.716574e-02, 5.030127e-02, 6.563612e-02, 6.825062e-02, 8.215116e-02, 9.885764e-02, 1.012793e-01, 1.350338e-01, 1.437734e-01, 1.442267e-01, 1.442428e-01
INFO:bingo.evolutionary_optimizers.parallel_archipelago:Evolution time 0:00:51.890093	 age 1600	 fitness 4.563e-02
Level 25:bingo.evolutionary_optimizers.evolutionary_optimizer:Generation: 900 	 Elapsed time: 1:32:13.657773 	 Best training fitness: 4.562637e-02 	 
Level 25:bingo.evolutionary_optimizers.evolutionary_optimizer:900, 5.533658e+03, 12700724, 4.562637e-02, 4.558028e-02, 4.559449e-02, 4.716574e-02, 5.030127e-02, 6.563612e-02, 6.825062e-02, 8.215116e-02, 9.885764e-02, 1.012793e-01, 1.350338e-01, 1.437734e-01, 1.442267e-01, 1.442428e-01
INFO:bingo.evolutionary_optimizers.parallel_archipelago:Evolution time 0:00:48.617688	 age 1610	 fitness 4.562e-02
Level 25:bingo.evolutionary_optimizers.evolutionary_optimizer:Generation: 910 	 Elapsed time: 1:33:02.499398 	 Best training fitness: 4.561838e-02 	 
Level 25:bingo.evolutionary_optimizers.evolutionary_optimizer:910, 5.582499e+03, 12800781, 4.561838e-02, 4.558028e-02, 4.559449e-02, 4.716574e-02, 5.030127e-02, 6.563612e-02, 6.825062e-02, 8.215116e-02, 9.885764e-02, 1.012793e-01, 1.350338e-01, 1.437734e-01, 1.442267e-01, 1.442428e-01
INFO:bingo.evolutionary_optimizers.parallel_archipelago:Evolution time 0:00:50.717097	 age 1630	 fitness 4.564e-02
Level 25:bingo.evolutionary_optimizers.evolutionary_optimizer:Generation: 920 	 Elapsed time: 1:33:53.433460 	 Best training fitness: 4.564370e-02 	 
Level 25:bingo.evolutionary_optimizers.evolutionary_optimizer:920, 5.633433e+03, 12900903, 4.564370e-02, 4.558028e-02, 4.559449e-02, 4.716574e-02, 5.030127e-02, 6.563612e-02, 6.825062e-02, 8.215116e-02, 9.885764e-02, 1.012793e-01, 1.350338e-01, 1.437734e-01, 1.442267e-01, 1.442428e-01
INFO:bingo.evolutionary_optimizers.parallel_archipelago:Evolution time 0:00:44.668462	 age 1640	 fitness 4.565e-02
Level 25:bingo.evolutionary_optimizers.evolutionary_optimizer:Generation: 930 	 Elapsed time: 1:34:38.344894 	 Best training fitness: 4.565072e-02 	 
Level 25:bingo.evolutionary_optimizers.evolutionary_optimizer:930, 5.678345e+03, 12993623, 4.565072e-02, 4.558028e-02, 4.559449e-02, 4.716574e-02, 5.030127e-02, 6.563612e-02, 6.825062e-02, 8.215116e-02, 9.885764e-02, 1.012793e-01, 1.350338e-01, 1.437734e-01, 1.442267e-01, 1.442428e-01
INFO:bingo.evolutionary_optimizers.parallel_archipelago:Evolution time 0:01:04.384391	 age 1650	 fitness 4.564e-02
Level 25:bingo.evolutionary_optimizers.evolutionary_optimizer:Generation: 940 	 Elapsed time: 1:35:42.934516 	 Best training fitness: 4.564038e-02 	 
Level 25:bingo.evolutionary_optimizers.evolutionary_optimizer:940, 5.742935e+03, 13102417, 4.564038e-02, 4.558028e-02, 4.559449e-02, 4.716574e-02, 5.030127e-02, 6.563612e-02, 6.825062e-02, 8.215116e-02, 9.885764e-02, 1.012793e-01, 1.350338e-01, 1.437734e-01, 1.442267e-01, 1.442428e-01
INFO:bingo.evolutionary_optimizers.parallel_archipelago:Evolution time 0:00:44.296421	 age 1670	 fitness 4.564e-02
Level 25:bingo.evolutionary_optimizers.evolutionary_optimizer:Generation: 950 	 Elapsed time: 1:36:27.441649 	 Best training fitness: 4.564116e-02 	 
Level 25:bingo.evolutionary_optimizers.evolutionary_optimizer:950, 5.787442e+03, 13193370, 4.564116e-02, 4.558028e-02, 4.559449e-02, 4.716574e-02, 5.030127e-02, 6.563612e-02, 6.825062e-02, 8.215116e-02, 9.885764e-02, 1.012793e-01, 1.350338e-01, 1.437734e-01, 1.442267e-01, 1.442428e-01
INFO:bingo.evolutionary_optimizers.parallel_archipelago:Evolution time 0:00:42.999448	 age 1680	 fitness 4.562e-02
Level 25:bingo.evolutionary_optimizers.evolutionary_optimizer:Generation: 960 	 Elapsed time: 1:37:10.651680 	 Best training fitness: 4.561636e-02 	 
Level 25:bingo.evolutionary_optimizers.evolutionary_optimizer:960, 5.830652e+03, 13283838, 4.561636e-02, 4.558028e-02, 4.559449e-02, 4.716574e-02, 5.030127e-02, 6.563612e-02, 6.825062e-02, 8.215116e-02, 9.885764e-02, 1.012793e-01, 1.350338e-01, 1.437734e-01, 1.442267e-01, 1.442428e-01
INFO:bingo.evolutionary_optimizers.parallel_archipelago:Evolution time 0:00:25.350922	 age 1690	 fitness 4.562e-02
Level 25:bingo.evolutionary_optimizers.evolutionary_optimizer:Generation: 970 	 Elapsed time: 1:37:36.210350 	 Best training fitness: 4.562035e-02 	 
Level 25:bingo.evolutionary_optimizers.evolutionary_optimizer:970, 5.856210e+03, 13361585, 4.562035e-02, 4.558028e-02, 4.559449e-02, 4.716574e-02, 5.030127e-02, 6.563612e-02, 6.825062e-02, 8.215116e-02, 9.885764e-02, 1.012793e-01, 1.350338e-01, 1.437734e-01, 1.442267e-01, 1.442428e-01
INFO:bingo.evolutionary_optimizers.parallel_archipelago:Evolution time 0:00:27.608870	 age 1700	 fitness 4.562e-02
Level 25:bingo.evolutionary_optimizers.evolutionary_optimizer:Generation: 980 	 Elapsed time: 1:38:04.024062 	 Best training fitness: 4.562035e-02 	 
Level 25:bingo.evolutionary_optimizers.evolutionary_optimizer:980, 5.884024e+03, 13443777, 4.562035e-02, 4.558028e-02, 4.559449e-02, 4.716574e-02, 5.030127e-02, 6.563612e-02, 6.825062e-02, 8.215116e-02, 9.885764e-02, 1.012793e-01, 1.350338e-01, 1.437734e-01, 1.442267e-01, 1.442428e-01
INFO:bingo.evolutionary_optimizers.parallel_archipelago:Evolution time 0:00:46.881656	 age 1710	 fitness 4.563e-02
Level 25:bingo.evolutionary_optimizers.evolutionary_optimizer:Generation: 990 	 Elapsed time: 1:38:51.114160 	 Best training fitness: 4.563413e-02 	 
Level 25:bingo.evolutionary_optimizers.evolutionary_optimizer:990, 5.931114e+03, 13557360, 4.563413e-02, 4.558028e-02, 4.559449e-02, 4.716574e-02, 5.030127e-02, 6.563612e-02, 6.825062e-02, 8.215116e-02, 9.885764e-02, 1.012793e-01, 1.350338e-01, 1.437734e-01, 1.442267e-01, 1.442428e-01
INFO:bingo.evolutionary_optimizers.parallel_archipelago:Evolution time 0:01:04.241111	 age 1720	 fitness 4.561e-02
Level 25:bingo.evolutionary_optimizers.evolutionary_optimizer:Generation: 1000 	 Elapsed time: 1:39:55.589318 	 Best training fitness: 4.560964e-02 	 
Level 25:bingo.evolutionary_optimizers.evolutionary_optimizer:1000, 5.995589e+03, 13673492, 4.560964e-02, 4.558028e-02, 4.559449e-02, 4.716574e-02, 5.030127e-02, 6.563612e-02, 6.825062e-02, 8.215116e-02, 9.885764e-02, 1.012793e-01, 1.350338e-01, 1.437734e-01, 1.442267e-01, 1.442428e-01
INFO:bingo.evolutionary_optimizers.parallel_archipelago:Evolution time 0:00:26.632572	 age 1730	 fitness 4.560e-02
Level 25:bingo.evolutionary_optimizers.evolutionary_optimizer:Generation: 1010 	 Elapsed time: 1:40:22.426641 	 Best training fitness: 4.559736e-02 	 
Level 25:bingo.evolutionary_optimizers.evolutionary_optimizer:1010, 6.022427e+03, 13756974, 4.559736e-02, 4.558028e-02, 4.559449e-02, 4.716574e-02, 5.030127e-02, 6.563612e-02, 6.825062e-02, 8.215116e-02, 9.885764e-02, 1.012793e-01, 1.350338e-01, 1.437734e-01, 1.442267e-01, 1.442428e-01
INFO:bingo.evolutionary_optimizers.parallel_archipelago:Evolution time 0:00:39.474225	 age 1740	 fitness 4.561e-02
Level 25:bingo.evolutionary_optimizers.evolutionary_optimizer:Generation: 1020 	 Elapsed time: 1:41:02.109831 	 Best training fitness: 4.560691e-02 	 
Level 25:bingo.evolutionary_optimizers.evolutionary_optimizer:1020, 6.062110e+03, 13849855, 4.560691e-02, 4.558028e-02, 4.559449e-02, 4.716574e-02, 5.030127e-02, 6.563612e-02, 6.825062e-02, 8.215116e-02, 9.885764e-02, 1.012793e-01, 1.350338e-01, 1.437734e-01, 1.442267e-01, 1.442428e-01
INFO:bingo.evolutionary_optimizers.parallel_archipelago:Evolution time 0:00:26.521231	 age 1750	 fitness 4.561e-02
Level 25:bingo.evolutionary_optimizers.evolutionary_optimizer:Generation: 1030 	 Elapsed time: 1:41:28.853522 	 Best training fitness: 4.560691e-02 	 
Level 25:bingo.evolutionary_optimizers.evolutionary_optimizer:1030, 6.088854e+03, 13931407, 4.560691e-02, 4.558028e-02, 4.559449e-02, 4.716574e-02, 5.030127e-02, 6.563612e-02, 6.825062e-02, 8.215116e-02, 9.885764e-02, 1.012793e-01, 1.350338e-01, 1.437734e-01, 1.442267e-01, 1.442428e-01
INFO:bingo.evolutionary_optimizers.parallel_archipelago:Evolution time 0:01:10.542347	 age 1760	 fitness 4.560e-02
Level 25:bingo.evolutionary_optimizers.evolutionary_optimizer:Generation: 1040 	 Elapsed time: 1:42:39.633063 	 Best training fitness: 4.560339e-02 	 
Level 25:bingo.evolutionary_optimizers.evolutionary_optimizer:1040, 6.159633e+03, 14047439, 4.560339e-02, 4.558028e-02, 4.559449e-02, 4.716574e-02, 5.030127e-02, 6.563612e-02, 6.825062e-02, 8.215116e-02, 9.885764e-02, 1.012793e-01, 1.350338e-01, 1.437734e-01, 1.442267e-01, 1.442428e-01
INFO:bingo.evolutionary_optimizers.parallel_archipelago:Evolution time 0:00:28.524161	 age 1770	 fitness 4.564e-02
Level 25:bingo.evolutionary_optimizers.evolutionary_optimizer:Generation: 1050 	 Elapsed time: 1:43:08.362996 	 Best training fitness: 4.563632e-02 	 
Level 25:bingo.evolutionary_optimizers.evolutionary_optimizer:1050, 6.188363e+03, 14130353, 4.563632e-02, 4.558028e-02, 4.559449e-02, 4.716574e-02, 5.030127e-02, 6.563612e-02, 6.825062e-02, 8.215116e-02, 9.885764e-02, 1.012793e-01, 1.350338e-01, 1.437734e-01, 1.442267e-01, 1.442428e-01
INFO:bingo.evolutionary_optimizers.parallel_archipelago:Evolution time 0:00:46.878136	 age 1780	 fitness 4.562e-02
Level 25:bingo.evolutionary_optimizers.evolutionary_optimizer:Generation: 1060 	 Elapsed time: 1:43:55.445805 	 Best training fitness: 4.561852e-02 	 
Level 25:bingo.evolutionary_optimizers.evolutionary_optimizer:1060, 6.235446e+03, 14232275, 4.561852e-02, 4.558028e-02, 4.559449e-02, 4.716574e-02, 5.030127e-02, 6.563612e-02, 6.825062e-02, 8.215116e-02, 9.885764e-02, 1.012793e-01, 1.350338e-01, 1.437734e-01, 1.442267e-01, 1.442428e-01
INFO:bingo.evolutionary_optimizers.parallel_archipelago:Evolution time 0:00:50.625619	 age 1790	 fitness 4.563e-02
Level 25:bingo.evolutionary_optimizers.evolutionary_optimizer:Generation: 1070 	 Elapsed time: 1:44:46.310677 	 Best training fitness: 4.562547e-02 	 
Level 25:bingo.evolutionary_optimizers.evolutionary_optimizer:1070, 6.286311e+03, 14339255, 4.562547e-02, 4.558028e-02, 4.559449e-02, 4.716574e-02, 5.030127e-02, 6.563612e-02, 6.825062e-02, 8.215116e-02, 9.885764e-02, 1.012793e-01, 1.350338e-01, 1.437734e-01, 1.442267e-01, 1.442428e-01
INFO:bingo.evolutionary_optimizers.parallel_archipelago:Evolution time 0:00:43.811031	 age 1800	 fitness 4.565e-02
Level 25:bingo.evolutionary_optimizers.evolutionary_optimizer:Generation: 1080 	 Elapsed time: 1:45:30.338220 	 Best training fitness: 4.565112e-02 	 
Level 25:bingo.evolutionary_optimizers.evolutionary_optimizer:1080, 6.330338e+03, 14453541, 4.565112e-02, 4.558028e-02, 4.559449e-02, 4.716574e-02, 5.030127e-02, 6.563612e-02, 6.825062e-02, 8.215116e-02, 9.885764e-02, 1.012793e-01, 1.350338e-01, 1.437734e-01, 1.442267e-01, 1.442428e-01
INFO:bingo.evolutionary_optimizers.parallel_archipelago:Evolution time 0:01:14.772569	 age 1820	 fitness 4.565e-02
Level 25:bingo.evolutionary_optimizers.evolutionary_optimizer:Generation: 1090 	 Elapsed time: 1:46:45.471025 	 Best training fitness: 4.565391e-02 	 
Level 25:bingo.evolutionary_optimizers.evolutionary_optimizer:1090, 6.405471e+03, 14639927, 4.565391e-02, 4.558028e-02, 4.559449e-02, 4.716574e-02, 5.030127e-02, 6.563612e-02, 6.825062e-02, 8.215116e-02, 9.885764e-02, 1.012793e-01, 1.350338e-01, 1.437734e-01, 1.442267e-01, 1.442428e-01
INFO:bingo.evolutionary_optimizers.parallel_archipelago:Evolution time 0:01:16.958924	 age 1830	 fitness 4.565e-02
Level 25:bingo.evolutionary_optimizers.evolutionary_optimizer:Generation: 1100 	 Elapsed time: 1:48:02.737591 	 Best training fitness: 4.565426e-02 	 
Level 25:bingo.evolutionary_optimizers.evolutionary_optimizer:1100, 6.482738e+03, 14794816, 4.565426e-02, 4.558028e-02, 4.559449e-02, 4.716574e-02, 5.030127e-02, 6.563612e-02, 6.825062e-02, 8.215116e-02, 9.885764e-02, 1.012793e-01, 1.350338e-01, 1.437734e-01, 1.442267e-01, 1.442428e-01
INFO:bingo.evolutionary_optimizers.parallel_archipelago:Evolution time 0:01:00.499124	 age 1840	 fitness 4.565e-02
Level 25:bingo.evolutionary_optimizers.evolutionary_optimizer:Generation: 1110 	 Elapsed time: 1:49:03.544585 	 Best training fitness: 4.565467e-02 	 
Level 25:bingo.evolutionary_optimizers.evolutionary_optimizer:1110, 6.543545e+03, 14937406, 4.565467e-02, 4.558028e-02, 4.559449e-02, 4.716574e-02, 5.030127e-02, 6.563612e-02, 6.825062e-02, 8.215116e-02, 9.885764e-02, 1.012793e-01, 1.350338e-01, 1.437734e-01, 1.442267e-01, 1.442428e-01
INFO:bingo.evolutionary_optimizers.parallel_archipelago:Evolution time 0:01:02.107965	 age 1850	 fitness 4.562e-02
Level 25:bingo.evolutionary_optimizers.evolutionary_optimizer:Generation: 1120 	 Elapsed time: 1:50:05.962034 	 Best training fitness: 4.562318e-02 	 
Level 25:bingo.evolutionary_optimizers.evolutionary_optimizer:1120, 6.605962e+03, 15083197, 4.562318e-02, 4.558028e-02, 4.559449e-02, 4.716574e-02, 5.030127e-02, 6.563612e-02, 6.825062e-02, 8.215116e-02, 9.885764e-02, 1.012793e-01, 1.350338e-01, 1.437734e-01, 1.442267e-01, 1.442428e-01
INFO:bingo.evolutionary_optimizers.parallel_archipelago:Evolution time 0:00:50.407726	 age 1870	 fitness 4.563e-02
Level 25:bingo.evolutionary_optimizers.evolutionary_optimizer:Generation: 1130 	 Elapsed time: 1:50:56.687290 	 Best training fitness: 4.562538e-02 	 
Level 25:bingo.evolutionary_optimizers.evolutionary_optimizer:1130, 6.656687e+03, 15214944, 4.562538e-02, 4.558028e-02, 4.559449e-02, 4.716574e-02, 5.030127e-02, 6.563612e-02, 6.825062e-02, 8.215116e-02, 9.885764e-02, 1.012793e-01, 1.350338e-01, 1.437734e-01, 1.442267e-01, 1.442428e-01
INFO:bingo.evolutionary_optimizers.parallel_archipelago:Evolution time 0:00:54.191876	 age 1890	 fitness 4.564e-02
Level 25:bingo.evolutionary_optimizers.evolutionary_optimizer:Generation: 1140 	 Elapsed time: 1:51:51.227911 	 Best training fitness: 4.564153e-02 	 
Level 25:bingo.evolutionary_optimizers.evolutionary_optimizer:1140, 6.711228e+03, 15379824, 4.564153e-02, 4.558028e-02, 4.559449e-02, 4.716574e-02, 5.030127e-02, 6.563612e-02, 6.825062e-02, 8.215116e-02, 9.885764e-02, 1.012793e-01, 1.350338e-01, 1.437734e-01, 1.442267e-01, 1.442428e-01
INFO:bingo.evolutionary_optimizers.parallel_archipelago:Evolution time 0:00:44.161963	 age 1900	 fitness 4.562e-02
Level 25:bingo.evolutionary_optimizers.evolutionary_optimizer:Generation: 1150 	 Elapsed time: 1:52:35.696847 	 Best training fitness: 4.562436e-02 	 
Level 25:bingo.evolutionary_optimizers.evolutionary_optimizer:1150, 6.755697e+03, 15499630, 4.562436e-02, 4.558028e-02, 4.559449e-02, 4.716574e-02, 5.030127e-02, 6.563612e-02, 6.825062e-02, 8.215116e-02, 9.885764e-02, 1.012793e-01, 1.350338e-01, 1.437734e-01, 1.442267e-01, 1.442428e-01
INFO:bingo.evolutionary_optimizers.parallel_archipelago:Evolution time 0:00:44.604078	 age 1920	 fitness 4.563e-02
Level 25:bingo.evolutionary_optimizers.evolutionary_optimizer:Generation: 1160 	 Elapsed time: 1:53:20.607268 	 Best training fitness: 4.563470e-02 	 
Level 25:bingo.evolutionary_optimizers.evolutionary_optimizer:1160, 6.800607e+03, 15602528, 4.563470e-02, 4.558028e-02, 4.559449e-02, 4.716574e-02, 5.030127e-02, 6.563612e-02, 6.825062e-02, 8.215116e-02, 9.885764e-02, 1.012793e-01, 1.350338e-01, 1.437734e-01, 1.442267e-01, 1.442428e-01
INFO:bingo.evolutionary_optimizers.parallel_archipelago:Evolution time 0:00:42.589205	 age 1930	 fitness 4.563e-02
Level 25:bingo.evolutionary_optimizers.evolutionary_optimizer:Generation: 1170 	 Elapsed time: 1:54:03.506210 	 Best training fitness: 4.563389e-02 	 
Level 25:bingo.evolutionary_optimizers.evolutionary_optimizer:1170, 6.843506e+03, 15714865, 4.563389e-02, 4.558028e-02, 4.559449e-02, 4.716574e-02, 5.030127e-02, 6.563612e-02, 6.825062e-02, 8.215116e-02, 9.885764e-02, 1.012793e-01, 1.350338e-01, 1.437734e-01, 1.442267e-01, 1.442428e-01
INFO:bingo.evolutionary_optimizers.parallel_archipelago:Evolution time 0:01:27.668504	 age 1940	 fitness 4.565e-02
Level 25:bingo.evolutionary_optimizers.evolutionary_optimizer:Generation: 1180 	 Elapsed time: 1:55:31.484859 	 Best training fitness: 4.564540e-02 	 
Level 25:bingo.evolutionary_optimizers.evolutionary_optimizer:1180, 6.931485e+03, 15860214, 4.564540e-02, 4.558028e-02, 4.559449e-02, 4.716574e-02, 5.030127e-02, 6.563612e-02, 6.825062e-02, 8.215116e-02, 9.885764e-02, 1.012793e-01, 1.350338e-01, 1.437734e-01, 1.442267e-01, 1.442428e-01
INFO:bingo.evolutionary_optimizers.parallel_archipelago:Evolution time 0:01:08.157428	 age 1950	 fitness 4.563e-02
Level 25:bingo.evolutionary_optimizers.evolutionary_optimizer:Generation: 1190 	 Elapsed time: 1:56:39.949823 	 Best training fitness: 4.562963e-02 	 
Level 25:bingo.evolutionary_optimizers.evolutionary_optimizer:1190, 6.999950e+03, 16001584, 4.562963e-02, 4.558028e-02, 4.559449e-02, 4.716574e-02, 5.030127e-02, 6.563612e-02, 6.825062e-02, 8.215116e-02, 9.885764e-02, 1.012793e-01, 1.350338e-01, 1.437734e-01, 1.442267e-01, 1.442428e-01
INFO:bingo.evolutionary_optimizers.parallel_archipelago:Evolution time 0:00:39.554274	 age 1960	 fitness 4.563e-02
Level 25:bingo.evolutionary_optimizers.evolutionary_optimizer:Generation: 1200 	 Elapsed time: 1:57:19.810169 	 Best training fitness: 4.562585e-02 	 
Level 25:bingo.evolutionary_optimizers.evolutionary_optimizer:1200, 7.039810e+03, 16108598, 4.562585e-02, 4.558028e-02, 4.559449e-02, 4.716574e-02, 5.030127e-02, 6.563612e-02, 6.825062e-02, 8.215116e-02, 9.885764e-02, 1.012793e-01, 1.350338e-01, 1.437734e-01, 1.442267e-01, 1.442428e-01
INFO:bingo.evolutionary_optimizers.parallel_archipelago:Evolution time 0:00:58.767293	 age 1990	 fitness 4.564e-02
Level 25:bingo.evolutionary_optimizers.evolutionary_optimizer:Generation: 1210 	 Elapsed time: 1:58:18.922168 	 Best training fitness: 4.563577e-02 	 
Level 25:bingo.evolutionary_optimizers.evolutionary_optimizer:1210, 7.098922e+03, 16247667, 4.563577e-02, 4.558028e-02, 4.559449e-02, 4.716574e-02, 5.030127e-02, 6.563612e-02, 6.825062e-02, 8.215116e-02, 9.885764e-02, 1.012793e-01, 1.350338e-01, 1.437734e-01, 1.442267e-01, 1.442428e-01
INFO:bingo.evolutionary_optimizers.parallel_archipelago:Evolution time 0:00:44.775281	 age 2000	 fitness 4.563e-02
Level 25:bingo.evolutionary_optimizers.evolutionary_optimizer:Generation: 1220 	 Elapsed time: 1:59:04.009791 	 Best training fitness: 4.563393e-02 	 
Level 25:bingo.evolutionary_optimizers.evolutionary_optimizer:1220, 7.144010e+03, 16356285, 4.563393e-02, 4.558028e-02, 4.559449e-02, 4.716574e-02, 5.030127e-02, 6.563612e-02, 6.825062e-02, 8.215116e-02, 9.885764e-02, 1.012793e-01, 1.350338e-01, 1.437734e-01, 1.442267e-01, 1.442428e-01
INFO:bingo.evolutionary_optimizers.parallel_archipelago:Evolution time 0:01:07.412416	 age 2030	 fitness 2.034e-05
Level 25:bingo.evolutionary_optimizers.evolutionary_optimizer:Generation: 1230 	 Elapsed time: 2:00:11.733539 	 Best training fitness: 2.034146e-05 	 
Level 25:bingo.evolutionary_optimizers.evolutionary_optimizer:1230, 7.211734e+03, 16509578, 2.034146e-05, 2.034146e-05, 4.233306e-02, 4.602911e-02, 1.350338e-01, 1.437734e-01, 1.442267e-01, 1.442428e-01
INFO:bingo.evolutionary_optimizers.parallel_archipelago:Evolution time 0:00:30.620745	 age 2040	 fitness 8.531e-17
Level 25:bingo.evolutionary_optimizers.evolutionary_optimizer:Generation: 1240 	 Elapsed time: 2:00:42.659130 	 Best training fitness: 8.531451e-17 	 
Level 25:bingo.evolutionary_optimizers.evolutionary_optimizer:1240, 7.242659e+03, 16600151, 8.531451e-17, 8.531451e-17, 1.442267e-01, 1.442428e-01
Level 25:bingo.evolutionary_optimizers.evolutionary_optimizer:Evolution successfully converged.
Level 25:bingo.evolutionary_optimizers.evolutionary_optimizer:  Absolte convergence occurred with best fitness < 1e-10
Level 25:bingo.evolutionary_optimizers.evolutionary_optimizer:Hall of Fame:
8.53145101442861e-17	7	sin(log((X_0)(X_0) + (X_1)(X_1)))
0.14422672291561497	2	sin(-1.203204)
0.14424283354108058	1	-0.934103
