Level 25:bingo.evolutionary_optimizers.evolutionary_optimizer:#generational_age, elapsed_time, fitness_evaluation_count, current_training_fitness, hall_of_fame_fitnesses
Level 25:bingo.evolutionary_optimizers.evolutionary_optimizer:#generational_age, elapsed_time, fitness_evaluation_count, current_training_fitness, hall_of_fame_fitnesses
Level 25:bingo.evolutionary_optimizers.evolutionary_optimizer:Generation: 0 	 Elapsed time: 0:00:04.130846 	 Best training fitness: 1.925106e-01 	 
Level 25:bingo.evolutionary_optimizers.evolutionary_optimizer:0, 4.130846e+00, 14524, 1.925106e-01
INFO:bingo.evolutionary_optimizers.parallel_archipelago:Evolution time 0:00:34.131012	 age 20	 fitness 1.923e-01
Level 25:bingo.evolutionary_optimizers.evolutionary_optimizer:Generation: 10 	 Elapsed time: 0:00:38.522855 	 Best training fitness: 1.923326e-01 	 
Level 25:bingo.evolutionary_optimizers.evolutionary_optimizer:10, 3.852285e+01, 120878, 1.923326e-01, 1.923326e-01
INFO:bingo.evolutionary_optimizers.parallel_archipelago:Evolution time 0:00:38.487890	 age 50	 fitness 1.923e-01
Level 25:bingo.evolutionary_optimizers.evolutionary_optimizer:Generation: 20 	 Elapsed time: 0:01:17.296757 	 Best training fitness: 1.923326e-01 	 
Level 25:bingo.evolutionary_optimizers.evolutionary_optimizer:20, 7.729676e+01, 248173, 1.923326e-01, 1.923326e-01
INFO:bingo.evolutionary_optimizers.parallel_archipelago:Evolution time 0:00:29.552553	 age 90	 fitness 1.904e-01
Level 25:bingo.evolutionary_optimizers.evolutionary_optimizer:Generation: 30 	 Elapsed time: 0:01:47.183794 	 Best training fitness: 1.903747e-01 	 
Level 25:bingo.evolutionary_optimizers.evolutionary_optimizer:30, 1.071838e+02, 346701, 1.903747e-01, 1.903747e-01, 1.923326e-01
INFO:bingo.evolutionary_optimizers.parallel_archipelago:Evolution time 0:00:37.726589	 age 110	 fitness 1.903e-01
Level 25:bingo.evolutionary_optimizers.evolutionary_optimizer:Generation: 40 	 Elapsed time: 0:02:25.214865 	 Best training fitness: 1.903090e-01 	 
Level 25:bingo.evolutionary_optimizers.evolutionary_optimizer:40, 1.452149e+02, 467748, 1.903090e-01, 1.903090e-01, 1.923326e-01
INFO:bingo.evolutionary_optimizers.parallel_archipelago:Evolution time 0:00:29.308627	 age 130	 fitness 1.903e-01
Level 25:bingo.evolutionary_optimizers.evolutionary_optimizer:Generation: 50 	 Elapsed time: 0:02:54.835415 	 Best training fitness: 1.902829e-01 	 
Level 25:bingo.evolutionary_optimizers.evolutionary_optimizer:50, 1.748354e+02, 570332, 1.902829e-01, 1.902829e-01, 1.922816e-01, 1.923193e-01, 1.923326e-01
INFO:bingo.evolutionary_optimizers.parallel_archipelago:Evolution time 0:00:39.615145	 age 150	 fitness 0.000e+00
Level 25:bingo.evolutionary_optimizers.evolutionary_optimizer:Generation: 60 	 Elapsed time: 0:03:34.758067 	 Best training fitness: 0.000000e+00 	 
Level 25:bingo.evolutionary_optimizers.evolutionary_optimizer:60, 2.147581e+02, 669723, 0.000000e+00, 0.000000e+00, 1.923193e-01, 1.923229e-01, 1.923243e-01, 1.923326e-01
Level 25:bingo.evolutionary_optimizers.evolutionary_optimizer:Evolution successfully converged.
Level 25:bingo.evolutionary_optimizers.evolutionary_optimizer:  Absolte convergence occurred with best fitness < 1e-10
Level 25:bingo.evolutionary_optimizers.evolutionary_optimizer:Hall of Fame:
0.0	7	sin(log((X_1)(X_1) + (X_0)(X_0)))
0.1923192828962028	6	log(sin(sin(sin(log(0.066333)))))
0.19232294703738345	5	(-3.904440)(sin(sin(0.244232)))
0.1923242872622978	4	-1.069724 + log((-1.069724)(-1.069724))
0.19233256069949697	1	-0.935605
