Level 25:bingo.evolutionary_optimizers.evolutionary_optimizer:#generational_age, elapsed_time, fitness_evaluation_count, current_training_fitness, hall_of_fame_fitnesses
Level 25:bingo.evolutionary_optimizers.evolutionary_optimizer:#generational_age, elapsed_time, fitness_evaluation_count, current_training_fitness, hall_of_fame_fitnesses
Level 25:bingo.evolutionary_optimizers.evolutionary_optimizer:Generation: 0 	 Elapsed time: 0:00:02.364831 	 Best training fitness: 1.684697e-01 	 
Level 25:bingo.evolutionary_optimizers.evolutionary_optimizer:0, 2.364831e+00, 13404, 1.684697e-01
INFO:bingo.evolutionary_optimizers.parallel_archipelago:Evolution time 0:00:16.727431	 age 20	 fitness 1.677e-01
Level 25:bingo.evolutionary_optimizers.evolutionary_optimizer:Generation: 10 	 Elapsed time: 0:00:19.277157 	 Best training fitness: 1.676804e-01 	 
Level 25:bingo.evolutionary_optimizers.evolutionary_optimizer:10, 1.927716e+01, 104881, 1.676804e-01, 1.676804e-01, 1.684142e-01, 1.687171e-01
INFO:bingo.evolutionary_optimizers.parallel_archipelago:Evolution time 0:00:25.212467	 age 50	 fitness 1.677e-01
Level 25:bingo.evolutionary_optimizers.evolutionary_optimizer:Generation: 20 	 Elapsed time: 0:00:44.691380 	 Best training fitness: 1.676601e-01 	 
Level 25:bingo.evolutionary_optimizers.evolutionary_optimizer:20, 4.469138e+01, 214948, 1.676601e-01, 1.676601e-01, 1.682669e-01, 1.687171e-01
INFO:bingo.evolutionary_optimizers.parallel_archipelago:Evolution time 0:00:16.243602	 age 70	 fitness 1.675e-01
Level 25:bingo.evolutionary_optimizers.evolutionary_optimizer:Generation: 30 	 Elapsed time: 0:01:01.177667 	 Best training fitness: 1.675134e-01 	 
Level 25:bingo.evolutionary_optimizers.evolutionary_optimizer:30, 6.117767e+01, 296966, 1.675134e-01, 1.675134e-01, 1.682669e-01, 1.684315e-01
INFO:bingo.evolutionary_optimizers.parallel_archipelago:Evolution time 0:00:23.625073	 age 80	 fitness 1.675e-01
Level 25:bingo.evolutionary_optimizers.evolutionary_optimizer:Generation: 40 	 Elapsed time: 0:01:24.999336 	 Best training fitness: 1.675227e-01 	 
Level 25:bingo.evolutionary_optimizers.evolutionary_optimizer:40, 8.499934e+01, 386549, 1.675227e-01, 1.675134e-01, 1.682669e-01, 1.684315e-01
INFO:bingo.evolutionary_optimizers.parallel_archipelago:Evolution time 0:00:24.951157	 age 90	 fitness 1.675e-01
Level 25:bingo.evolutionary_optimizers.evolutionary_optimizer:Generation: 50 	 Elapsed time: 0:01:50.148312 	 Best training fitness: 1.674802e-01 	 
Level 25:bingo.evolutionary_optimizers.evolutionary_optimizer:50, 1.101483e+02, 473498, 1.674802e-01, 1.674802e-01, 1.682669e-01, 1.683625e-01
INFO:bingo.evolutionary_optimizers.parallel_archipelago:Evolution time 0:00:25.362494	 age 110	 fitness 1.674e-01
Level 25:bingo.evolutionary_optimizers.evolutionary_optimizer:Generation: 60 	 Elapsed time: 0:02:15.709018 	 Best training fitness: 1.674370e-01 	 
Level 25:bingo.evolutionary_optimizers.evolutionary_optimizer:60, 1.357090e+02, 580338, 1.674370e-01, 1.674370e-01, 1.682669e-01, 1.683479e-01
INFO:bingo.evolutionary_optimizers.parallel_archipelago:Evolution time 0:00:15.349819	 age 130	 fitness 1.674e-01
Level 25:bingo.evolutionary_optimizers.evolutionary_optimizer:Generation: 70 	 Elapsed time: 0:02:31.255498 	 Best training fitness: 1.674420e-01 	 
Level 25:bingo.evolutionary_optimizers.evolutionary_optimizer:70, 1.512555e+02, 649745, 1.674420e-01, 1.674370e-01, 1.682669e-01, 1.683479e-01
INFO:bingo.evolutionary_optimizers.parallel_archipelago:Evolution time 0:00:16.891758	 age 150	 fitness 1.675e-01
Level 25:bingo.evolutionary_optimizers.evolutionary_optimizer:Generation: 80 	 Elapsed time: 0:02:48.343600 	 Best training fitness: 1.674512e-01 	 
Level 25:bingo.evolutionary_optimizers.evolutionary_optimizer:80, 1.683436e+02, 739988, 1.674512e-01, 1.674370e-01, 1.682669e-01, 1.683479e-01
INFO:bingo.evolutionary_optimizers.parallel_archipelago:Evolution time 0:00:24.074191	 age 170	 fitness 1.539e-01
Level 25:bingo.evolutionary_optimizers.evolutionary_optimizer:Generation: 90 	 Elapsed time: 0:03:12.645128 	 Best training fitness: 1.538916e-01 	 
Level 25:bingo.evolutionary_optimizers.evolutionary_optimizer:90, 1.926451e+02, 833044, 1.538916e-01, 1.538916e-01, 1.669000e-01, 1.674370e-01, 1.682669e-01, 1.683479e-01
INFO:bingo.evolutionary_optimizers.parallel_archipelago:Evolution time 0:00:27.134119	 age 180	 fitness 1.538e-01
Level 25:bingo.evolutionary_optimizers.evolutionary_optimizer:Generation: 100 	 Elapsed time: 0:03:40.023719 	 Best training fitness: 1.537986e-01 	 
Level 25:bingo.evolutionary_optimizers.evolutionary_optimizer:100, 2.200237e+02, 921113, 1.537986e-01, 1.537986e-01, 1.666138e-01, 1.674370e-01, 1.682669e-01, 1.683479e-01
INFO:bingo.evolutionary_optimizers.parallel_archipelago:Evolution time 0:00:26.017837	 age 200	 fitness 1.533e-01
Level 25:bingo.evolutionary_optimizers.evolutionary_optimizer:Generation: 110 	 Elapsed time: 0:04:06.240757 	 Best training fitness: 1.533263e-01 	 
Level 25:bingo.evolutionary_optimizers.evolutionary_optimizer:110, 2.462408e+02, 1011967, 1.533263e-01, 1.533263e-01, 1.537966e-01, 1.666138e-01, 1.674370e-01, 1.682669e-01, 1.683479e-01
INFO:bingo.evolutionary_optimizers.parallel_archipelago:Evolution time 0:00:23.676782	 age 220	 fitness 1.312e-01
Level 25:bingo.evolutionary_optimizers.evolutionary_optimizer:Generation: 120 	 Elapsed time: 0:04:30.120456 	 Best training fitness: 1.312219e-01 	 
Level 25:bingo.evolutionary_optimizers.evolutionary_optimizer:120, 2.701205e+02, 1109399, 1.312219e-01, 1.312219e-01, 1.312999e-01, 1.537602e-01, 1.666138e-01, 1.674370e-01, 1.682669e-01, 1.683070e-01
INFO:bingo.evolutionary_optimizers.parallel_archipelago:Evolution time 0:00:35.272708	 age 240	 fitness 1.208e-01
Level 25:bingo.evolutionary_optimizers.evolutionary_optimizer:Generation: 130 	 Elapsed time: 0:05:05.598419 	 Best training fitness: 1.208245e-01 	 
Level 25:bingo.evolutionary_optimizers.evolutionary_optimizer:130, 3.055984e+02, 1225792, 1.208245e-01, 1.208245e-01, 1.230582e-01, 1.537602e-01, 1.541165e-01, 1.667163e-01, 1.674370e-01, 1.682669e-01, 1.682817e-01
INFO:bingo.evolutionary_optimizers.parallel_archipelago:Evolution time 0:00:27.100306	 age 250	 fitness 9.620e-02
Level 25:bingo.evolutionary_optimizers.evolutionary_optimizer:Generation: 140 	 Elapsed time: 0:05:32.976194 	 Best training fitness: 9.619503e-02 	 
Level 25:bingo.evolutionary_optimizers.evolutionary_optimizer:140, 3.329762e+02, 1301952, 9.619503e-02, 9.619503e-02, 1.229848e-01, 1.283075e-01, 1.541165e-01, 1.667163e-01, 1.674370e-01, 1.682669e-01, 1.682817e-01
INFO:bingo.evolutionary_optimizers.parallel_archipelago:Evolution time 0:00:30.933892	 age 260	 fitness 9.615e-02
Level 25:bingo.evolutionary_optimizers.evolutionary_optimizer:Generation: 150 	 Elapsed time: 0:06:04.141672 	 Best training fitness: 9.614584e-02 	 
Level 25:bingo.evolutionary_optimizers.evolutionary_optimizer:150, 3.641417e+02, 1387822, 9.614584e-02, 9.614584e-02, 1.174366e-01, 1.283075e-01, 1.541165e-01, 1.667163e-01, 1.674370e-01, 1.682669e-01, 1.682817e-01
INFO:bingo.evolutionary_optimizers.parallel_archipelago:Evolution time 0:00:17.741661	 age 270	 fitness 9.609e-02
Level 25:bingo.evolutionary_optimizers.evolutionary_optimizer:Generation: 160 	 Elapsed time: 0:06:22.112238 	 Best training fitness: 9.609300e-02 	 
Level 25:bingo.evolutionary_optimizers.evolutionary_optimizer:160, 3.821122e+02, 1445254, 9.609300e-02, 9.609300e-02, 9.613765e-02, 1.173904e-01, 1.283075e-01, 1.541165e-01, 1.667163e-01, 1.674370e-01, 1.682669e-01, 1.682817e-01
INFO:bingo.evolutionary_optimizers.parallel_archipelago:Evolution time 0:00:34.734609	 age 280	 fitness 9.057e-02
Level 25:bingo.evolutionary_optimizers.evolutionary_optimizer:Generation: 170 	 Elapsed time: 0:06:57.108678 	 Best training fitness: 9.057111e-02 	 
Level 25:bingo.evolutionary_optimizers.evolutionary_optimizer:170, 4.171087e+02, 1524834, 9.057111e-02, 9.057111e-02, 9.249689e-02, 9.255292e-02, 1.173904e-01, 1.283075e-01, 1.538339e-01, 1.667163e-01, 1.674370e-01, 1.682669e-01, 1.682817e-01
INFO:bingo.evolutionary_optimizers.parallel_archipelago:Evolution time 0:00:16.683388	 age 290	 fitness 9.037e-02
Level 25:bingo.evolutionary_optimizers.evolutionary_optimizer:Generation: 180 	 Elapsed time: 0:07:14.029239 	 Best training fitness: 9.037220e-02 	 
Level 25:bingo.evolutionary_optimizers.evolutionary_optimizer:180, 4.340292e+02, 1577910, 9.037220e-02, 9.037220e-02, 1.173904e-01, 1.283075e-01, 1.538339e-01, 1.667163e-01, 1.674370e-01, 1.682655e-01, 1.682817e-01
INFO:bingo.evolutionary_optimizers.parallel_archipelago:Evolution time 0:00:24.426398	 age 300	 fitness 7.794e-02
Level 25:bingo.evolutionary_optimizers.evolutionary_optimizer:Generation: 190 	 Elapsed time: 0:07:38.695475 	 Best training fitness: 7.793960e-02 	 
Level 25:bingo.evolutionary_optimizers.evolutionary_optimizer:190, 4.586955e+02, 1636603, 7.793960e-02, 7.793960e-02, 9.012773e-02, 9.037001e-02, 1.173904e-01, 1.283075e-01, 1.538339e-01, 1.667163e-01, 1.674370e-01, 1.682655e-01, 1.682817e-01
INFO:bingo.evolutionary_optimizers.parallel_archipelago:Evolution time 0:00:29.092509	 age 320	 fitness 7.792e-02
Level 25:bingo.evolutionary_optimizers.evolutionary_optimizer:Generation: 200 	 Elapsed time: 0:08:08.038822 	 Best training fitness: 7.791637e-02 	 
Level 25:bingo.evolutionary_optimizers.evolutionary_optimizer:200, 4.880388e+02, 1729233, 7.791637e-02, 7.791637e-02, 9.010530e-02, 9.036987e-02, 1.173904e-01, 1.283075e-01, 1.538339e-01, 1.667163e-01, 1.674370e-01, 1.680702e-01, 1.682655e-01, 1.682817e-01
INFO:bingo.evolutionary_optimizers.parallel_archipelago:Evolution time 0:00:57.029208	 age 340	 fitness 7.791e-02
Level 25:bingo.evolutionary_optimizers.evolutionary_optimizer:Generation: 210 	 Elapsed time: 0:09:05.386326 	 Best training fitness: 7.791033e-02 	 
Level 25:bingo.evolutionary_optimizers.evolutionary_optimizer:210, 5.453863e+02, 1848827, 7.791033e-02, 7.791033e-02, 9.010363e-02, 9.036987e-02, 1.173904e-01, 1.283075e-01, 1.538339e-01, 1.667163e-01, 1.674370e-01, 1.678909e-01, 1.681119e-01, 1.682655e-01, 1.682817e-01
INFO:bingo.evolutionary_optimizers.parallel_archipelago:Evolution time 0:00:41.924131	 age 360	 fitness 7.790e-02
Level 25:bingo.evolutionary_optimizers.evolutionary_optimizer:Generation: 220 	 Elapsed time: 0:09:47.657463 	 Best training fitness: 7.790199e-02 	 
Level 25:bingo.evolutionary_optimizers.evolutionary_optimizer:220, 5.876575e+02, 1953870, 7.790199e-02, 7.790199e-02, 7.792250e-02, 9.010363e-02, 9.036987e-02, 1.173904e-01, 1.283075e-01, 1.538339e-01, 1.667163e-01, 1.674370e-01, 1.678903e-01, 1.681119e-01, 1.682655e-01, 1.682817e-01
INFO:bingo.evolutionary_optimizers.parallel_archipelago:Evolution time 0:00:36.621779	 age 380	 fitness 7.280e-02
Level 25:bingo.evolutionary_optimizers.evolutionary_optimizer:Generation: 230 	 Elapsed time: 0:10:24.628307 	 Best training fitness: 7.280331e-02 	 
Level 25:bingo.evolutionary_optimizers.evolutionary_optimizer:230, 6.246283e+02, 2061057, 7.280331e-02, 7.280331e-02, 7.615612e-02, 7.792250e-02, 9.010363e-02, 9.036987e-02, 1.173904e-01, 1.283075e-01, 1.538339e-01, 1.667163e-01, 1.674370e-01, 1.678142e-01, 1.681119e-01, 1.682655e-01, 1.682817e-01
INFO:bingo.evolutionary_optimizers.parallel_archipelago:Evolution time 0:00:20.906634	 age 390	 fitness 7.278e-02
Level 25:bingo.evolutionary_optimizers.evolutionary_optimizer:Generation: 240 	 Elapsed time: 0:10:45.849797 	 Best training fitness: 7.278108e-02 	 
Level 25:bingo.evolutionary_optimizers.evolutionary_optimizer:240, 6.458498e+02, 2132412, 7.278108e-02, 7.278108e-02, 7.615612e-02, 7.792250e-02, 9.010363e-02, 9.036987e-02, 1.173904e-01, 1.283075e-01, 1.538339e-01, 1.667163e-01, 1.674370e-01, 1.678142e-01, 1.680884e-01, 1.682655e-01, 1.682817e-01
INFO:bingo.evolutionary_optimizers.parallel_archipelago:Evolution time 0:00:28.663525	 age 400	 fitness 6.907e-02
Level 25:bingo.evolutionary_optimizers.evolutionary_optimizer:Generation: 250 	 Elapsed time: 0:11:14.852578 	 Best training fitness: 6.907409e-02 	 
Level 25:bingo.evolutionary_optimizers.evolutionary_optimizer:250, 6.748526e+02, 2213817, 6.907409e-02, 6.907409e-02, 7.278108e-02, 7.615612e-02, 7.791011e-02, 9.010363e-02, 9.036987e-02, 1.173904e-01, 1.283075e-01, 1.538339e-01, 1.667163e-01, 1.674370e-01, 1.678142e-01, 1.680884e-01, 1.682655e-01, 1.682817e-01
INFO:bingo.evolutionary_optimizers.parallel_archipelago:Evolution time 0:00:49.861596	 age 420	 fitness 6.903e-02
Level 25:bingo.evolutionary_optimizers.evolutionary_optimizer:Generation: 260 	 Elapsed time: 0:12:05.049603 	 Best training fitness: 6.902730e-02 	 
Level 25:bingo.evolutionary_optimizers.evolutionary_optimizer:260, 7.250496e+02, 2339829, 6.902730e-02, 6.902730e-02, 7.397015e-02, 7.611719e-02, 7.791011e-02, 9.010363e-02, 9.036987e-02, 1.173904e-01, 1.283075e-01, 1.538339e-01, 1.667163e-01, 1.674370e-01, 1.678142e-01, 1.680884e-01, 1.682655e-01, 1.682817e-01
INFO:bingo.evolutionary_optimizers.parallel_archipelago:Evolution time 0:00:42.484254	 age 430	 fitness 6.903e-02
Level 25:bingo.evolutionary_optimizers.evolutionary_optimizer:Generation: 270 	 Elapsed time: 0:12:47.880678 	 Best training fitness: 6.902556e-02 	 
Level 25:bingo.evolutionary_optimizers.evolutionary_optimizer:270, 7.678807e+02, 2437706, 6.902556e-02, 6.902556e-02, 6.921223e-02, 7.251341e-02, 7.424278e-02, 7.791011e-02, 9.010363e-02, 9.036987e-02, 1.173904e-01, 1.283075e-01, 1.538339e-01, 1.667163e-01, 1.674370e-01, 1.678142e-01, 1.680884e-01, 1.682655e-01, 1.682817e-01
INFO:bingo.evolutionary_optimizers.parallel_archipelago:Evolution time 0:00:31.742397	 age 450	 fitness 6.800e-02
Level 25:bingo.evolutionary_optimizers.evolutionary_optimizer:Generation: 280 	 Elapsed time: 0:13:19.955802 	 Best training fitness: 6.799796e-02 	 
Level 25:bingo.evolutionary_optimizers.evolutionary_optimizer:280, 7.999558e+02, 2529953, 6.799796e-02, 6.799796e-02, 6.892217e-02, 7.424278e-02, 7.791011e-02, 9.010363e-02, 9.036987e-02, 1.173904e-01, 1.283075e-01, 1.538339e-01, 1.667163e-01, 1.674370e-01, 1.678142e-01, 1.680884e-01, 1.682655e-01, 1.682817e-01
INFO:bingo.evolutionary_optimizers.parallel_archipelago:Evolution time 0:00:32.829025	 age 460	 fitness 5.918e-02
Level 25:bingo.evolutionary_optimizers.evolutionary_optimizer:Generation: 290 	 Elapsed time: 0:13:53.068392 	 Best training fitness: 5.918115e-02 	 
Level 25:bingo.evolutionary_optimizers.evolutionary_optimizer:290, 8.330684e+02, 2601752, 5.918115e-02, 5.918115e-02, 1.283075e-01, 1.538339e-01, 1.667163e-01, 1.674370e-01, 1.678142e-01, 1.680884e-01, 1.682655e-01, 1.682817e-01
INFO:bingo.evolutionary_optimizers.parallel_archipelago:Evolution time 0:00:47.671473	 age 480	 fitness 1.846e-02
Level 25:bingo.evolutionary_optimizers.evolutionary_optimizer:Generation: 300 	 Elapsed time: 0:14:41.126316 	 Best training fitness: 1.845762e-02 	 
Level 25:bingo.evolutionary_optimizers.evolutionary_optimizer:300, 8.811263e+02, 2716318, 1.845762e-02, 1.845762e-02, 5.331112e-02, 1.667163e-01, 1.674370e-01, 1.678142e-01, 1.680884e-01, 1.682655e-01, 1.682817e-01
INFO:bingo.evolutionary_optimizers.parallel_archipelago:Evolution time 0:00:52.524524	 age 500	 fitness 0.000e+00
Level 25:bingo.evolutionary_optimizers.evolutionary_optimizer:Generation: 310 	 Elapsed time: 0:15:33.998675 	 Best training fitness: 0.000000e+00 	 
Level 25:bingo.evolutionary_optimizers.evolutionary_optimizer:310, 9.339987e+02, 2835783, 0.000000e+00, 0.000000e+00, 1.680884e-01, 1.682655e-01, 1.682817e-01
Level 25:bingo.evolutionary_optimizers.evolutionary_optimizer:Evolution successfully converged.
Level 25:bingo.evolutionary_optimizers.evolutionary_optimizer:  Absolte convergence occurred with best fitness < 1e-10
Level 25:bingo.evolutionary_optimizers.evolutionary_optimizer:Hall of Fame:
0.0	8	sin(log((X_1)(X_1) + (X_0)(X_0)))
0.1680883947257786	7	sin(log((log((0.076333)(X_1)))((0.076333)(X_1))))
0.16826553688030466	2	sin(-1.205776)
0.16828173744190766	1	-0.933017
