Level 25:bingo.evolutionary_optimizers.evolutionary_optimizer:#generational_age, elapsed_time, fitness_evaluation_count, current_training_fitness, hall_of_fame_fitnesses
Level 25:bingo.evolutionary_optimizers.evolutionary_optimizer:#generational_age, elapsed_time, fitness_evaluation_count, current_training_fitness, hall_of_fame_fitnesses
Level 25:bingo.evolutionary_optimizers.parallel_archipelago:Saving checkpoint: src/bingo_bias_vias_decomposition/checkpoints_st_30/implicit_st_30_p9_p1_7_0.pkl
INFO:bingo.evolutionary_optimizers.parallel_archipelago:Saved successfully
Level 25:bingo.evolutionary_optimizers.evolutionary_optimizer:Generation: 0 	 Elapsed time: 0:00:03.268982 	 Best training fitness: 2.163820e-01 	 
Level 25:bingo.evolutionary_optimizers.evolutionary_optimizer:0, 3.268982e+00, 14830, 2.163820e-01
INFO:bingo.evolutionary_optimizers.parallel_archipelago:Performing migration between Islands
INFO:bingo.evolutionary_optimizers.parallel_archipelago:Evolution time 0:00:24.304098	 age 20	 fitness 2.163e-01
Level 25:bingo.evolutionary_optimizers.parallel_archipelago:Saving checkpoint: src/bingo_bias_vias_decomposition/checkpoints_st_30/implicit_st_30_p9_p1_7_10.pkl
INFO:bingo.evolutionary_optimizers.parallel_archipelago:Saved successfully
Level 25:bingo.evolutionary_optimizers.evolutionary_optimizer:Generation: 10 	 Elapsed time: 0:00:27.769434 	 Best training fitness: 2.162961e-01 	 
Level 25:bingo.evolutionary_optimizers.evolutionary_optimizer:10, 2.776943e+01, 136817, 2.162961e-01, 2.162961e-01, 2.163254e-01, 2.164057e-01
INFO:bingo.evolutionary_optimizers.parallel_archipelago:Performing migration between Islands
INFO:bingo.evolutionary_optimizers.parallel_archipelago:Evolution time 0:00:24.237183	 age 30	 fitness 2.161e-01
Level 25:bingo.evolutionary_optimizers.parallel_archipelago:Saving checkpoint: src/bingo_bias_vias_decomposition/checkpoints_st_30/implicit_st_30_p9_p1_7_20.pkl
INFO:bingo.evolutionary_optimizers.parallel_archipelago:Saved successfully
Level 25:bingo.evolutionary_optimizers.evolutionary_optimizer:Generation: 20 	 Elapsed time: 0:00:52.229210 	 Best training fitness: 2.160923e-01 	 
Level 25:bingo.evolutionary_optimizers.evolutionary_optimizer:20, 5.222921e+01, 223472, 2.160923e-01, 2.160923e-01, 2.162961e-01, 2.163042e-01, 2.163449e-01
INFO:bingo.evolutionary_optimizers.parallel_archipelago:Performing migration between Islands
INFO:bingo.evolutionary_optimizers.parallel_archipelago:Evolution time 0:00:27.325034	 age 40	 fitness 2.142e-01
Level 25:bingo.evolutionary_optimizers.parallel_archipelago:Saving checkpoint: src/bingo_bias_vias_decomposition/checkpoints_st_30/implicit_st_30_p9_p1_7_30.pkl
INFO:bingo.evolutionary_optimizers.parallel_archipelago:Saved successfully
Level 25:bingo.evolutionary_optimizers.evolutionary_optimizer:Generation: 30 	 Elapsed time: 0:01:19.749160 	 Best training fitness: 2.141674e-01 	 
Level 25:bingo.evolutionary_optimizers.evolutionary_optimizer:30, 7.974916e+01, 335434, 2.141674e-01, 2.141674e-01, 2.163042e-01, 2.163189e-01
INFO:bingo.evolutionary_optimizers.parallel_archipelago:Performing migration between Islands
INFO:bingo.evolutionary_optimizers.parallel_archipelago:Evolution time 0:00:20.659183	 age 50	 fitness 2.125e-01
Level 25:bingo.evolutionary_optimizers.parallel_archipelago:Saving checkpoint: src/bingo_bias_vias_decomposition/checkpoints_st_30/implicit_st_30_p9_p1_7_40.pkl
INFO:bingo.evolutionary_optimizers.parallel_archipelago:Saved successfully
Level 25:bingo.evolutionary_optimizers.evolutionary_optimizer:Generation: 40 	 Elapsed time: 0:01:40.603879 	 Best training fitness: 2.125158e-01 	 
Level 25:bingo.evolutionary_optimizers.evolutionary_optimizer:40, 1.006039e+02, 416328, 2.125158e-01, 2.125158e-01, 2.141468e-01, 2.163030e-01
INFO:bingo.evolutionary_optimizers.parallel_archipelago:Performing migration between Islands
INFO:bingo.evolutionary_optimizers.parallel_archipelago:Evolution time 0:00:14.634187	 age 60	 fitness 2.125e-01
Level 25:bingo.evolutionary_optimizers.parallel_archipelago:Saving checkpoint: src/bingo_bias_vias_decomposition/checkpoints_st_30/implicit_st_30_p9_p1_7_50.pkl
INFO:bingo.evolutionary_optimizers.parallel_archipelago:Saved successfully
Level 25:bingo.evolutionary_optimizers.evolutionary_optimizer:Generation: 50 	 Elapsed time: 0:01:55.435538 	 Best training fitness: 2.125046e-01 	 
Level 25:bingo.evolutionary_optimizers.evolutionary_optimizer:50, 1.154355e+02, 482648, 2.125046e-01, 2.125046e-01, 2.141468e-01, 2.162879e-01, 2.163030e-01
INFO:bingo.evolutionary_optimizers.parallel_archipelago:Performing migration between Islands
INFO:bingo.evolutionary_optimizers.parallel_archipelago:Evolution time 0:00:18.942674	 age 70	 fitness 2.121e-01
Level 25:bingo.evolutionary_optimizers.parallel_archipelago:Saving checkpoint: src/bingo_bias_vias_decomposition/checkpoints_st_30/implicit_st_30_p9_p1_7_60.pkl
INFO:bingo.evolutionary_optimizers.parallel_archipelago:Saved successfully
Level 25:bingo.evolutionary_optimizers.evolutionary_optimizer:Generation: 60 	 Elapsed time: 0:02:14.575794 	 Best training fitness: 2.120571e-01 	 
Level 25:bingo.evolutionary_optimizers.evolutionary_optimizer:60, 1.345758e+02, 567963, 2.120571e-01, 2.120571e-01, 2.124967e-01, 2.141335e-01, 2.162879e-01, 2.163030e-01
INFO:bingo.evolutionary_optimizers.parallel_archipelago:Performing migration between Islands
INFO:bingo.evolutionary_optimizers.parallel_archipelago:Evolution time 0:00:40.221590	 age 80	 fitness 2.120e-01
Level 25:bingo.evolutionary_optimizers.parallel_archipelago:Saving checkpoint: src/bingo_bias_vias_decomposition/checkpoints_st_30/implicit_st_30_p9_p1_7_70.pkl
INFO:bingo.evolutionary_optimizers.parallel_archipelago:Saved successfully
Level 25:bingo.evolutionary_optimizers.evolutionary_optimizer:Generation: 70 	 Elapsed time: 0:02:54.996341 	 Best training fitness: 2.119969e-01 	 
Level 25:bingo.evolutionary_optimizers.evolutionary_optimizer:70, 1.749963e+02, 685818, 2.119969e-01, 2.119969e-01, 2.124681e-01, 2.141275e-01, 2.162879e-01, 2.163030e-01
INFO:bingo.evolutionary_optimizers.parallel_archipelago:Performing migration between Islands
INFO:bingo.evolutionary_optimizers.parallel_archipelago:Evolution time 0:00:20.874201	 age 90	 fitness 2.120e-01
Level 25:bingo.evolutionary_optimizers.parallel_archipelago:Saving checkpoint: src/bingo_bias_vias_decomposition/checkpoints_st_30/implicit_st_30_p9_p1_7_80.pkl
INFO:bingo.evolutionary_optimizers.parallel_archipelago:Saved successfully
Level 25:bingo.evolutionary_optimizers.evolutionary_optimizer:Generation: 80 	 Elapsed time: 0:03:16.068733 	 Best training fitness: 2.119792e-01 	 
Level 25:bingo.evolutionary_optimizers.evolutionary_optimizer:80, 1.960687e+02, 767839, 2.119792e-01, 2.119792e-01, 2.124681e-01, 2.141202e-01, 2.162879e-01, 2.163030e-01
INFO:bingo.evolutionary_optimizers.parallel_archipelago:Performing migration between Islands
INFO:bingo.evolutionary_optimizers.parallel_archipelago:Evolution time 0:00:20.635759	 age 100	 fitness 2.118e-01
Level 25:bingo.evolutionary_optimizers.parallel_archipelago:Saving checkpoint: src/bingo_bias_vias_decomposition/checkpoints_st_30/implicit_st_30_p9_p1_7_90.pkl
INFO:bingo.evolutionary_optimizers.parallel_archipelago:Saved successfully
Level 25:bingo.evolutionary_optimizers.evolutionary_optimizer:Generation: 90 	 Elapsed time: 0:03:36.903726 	 Best training fitness: 2.118450e-01 	 
Level 25:bingo.evolutionary_optimizers.evolutionary_optimizer:90, 2.169037e+02, 870735, 2.118450e-01, 2.118450e-01, 2.124681e-01, 2.141202e-01, 2.162879e-01, 2.163030e-01
INFO:bingo.evolutionary_optimizers.parallel_archipelago:Performing migration between Islands
INFO:bingo.evolutionary_optimizers.parallel_archipelago:Evolution time 0:00:31.566174	 age 110	 fitness 2.118e-01
Level 25:bingo.evolutionary_optimizers.parallel_archipelago:Saving checkpoint: src/bingo_bias_vias_decomposition/checkpoints_st_30/implicit_st_30_p9_p1_7_100.pkl
INFO:bingo.evolutionary_optimizers.parallel_archipelago:Saved successfully
Level 25:bingo.evolutionary_optimizers.evolutionary_optimizer:Generation: 100 	 Elapsed time: 0:04:08.696981 	 Best training fitness: 2.117983e-01 	 
Level 25:bingo.evolutionary_optimizers.evolutionary_optimizer:100, 2.486970e+02, 999100, 2.117983e-01, 2.117983e-01, 2.121854e-01, 2.141202e-01, 2.162879e-01, 2.162983e-01
INFO:bingo.evolutionary_optimizers.parallel_archipelago:Performing migration between Islands
INFO:bingo.evolutionary_optimizers.parallel_archipelago:Evolution time 0:00:29.655207	 age 120	 fitness 1.873e-01
Level 25:bingo.evolutionary_optimizers.parallel_archipelago:Saving checkpoint: src/bingo_bias_vias_decomposition/checkpoints_st_30/implicit_st_30_p9_p1_7_110.pkl
INFO:bingo.evolutionary_optimizers.parallel_archipelago:Saved successfully
Level 25:bingo.evolutionary_optimizers.evolutionary_optimizer:Generation: 110 	 Elapsed time: 0:04:38.551391 	 Best training fitness: 1.873069e-01 	 
Level 25:bingo.evolutionary_optimizers.evolutionary_optimizer:110, 2.785514e+02, 1124262, 1.873069e-01, 1.873069e-01, 2.032416e-01, 2.141202e-01, 2.162821e-01
INFO:bingo.evolutionary_optimizers.parallel_archipelago:Performing migration between Islands
INFO:bingo.evolutionary_optimizers.parallel_archipelago:Evolution time 0:00:30.901648	 age 130	 fitness 1.775e-01
Level 25:bingo.evolutionary_optimizers.parallel_archipelago:Saving checkpoint: src/bingo_bias_vias_decomposition/checkpoints_st_30/implicit_st_30_p9_p1_7_120.pkl
INFO:bingo.evolutionary_optimizers.parallel_archipelago:Saved successfully
Level 25:bingo.evolutionary_optimizers.evolutionary_optimizer:Generation: 120 	 Elapsed time: 0:05:09.687089 	 Best training fitness: 1.774503e-01 	 
Level 25:bingo.evolutionary_optimizers.evolutionary_optimizer:120, 3.096871e+02, 1248591, 1.774503e-01, 1.774503e-01, 2.090566e-01, 2.162821e-01
INFO:bingo.evolutionary_optimizers.parallel_archipelago:Performing migration between Islands
INFO:bingo.evolutionary_optimizers.parallel_archipelago:Evolution time 0:00:21.142404	 age 140	 fitness 1.576e-01
Level 25:bingo.evolutionary_optimizers.parallel_archipelago:Saving checkpoint: src/bingo_bias_vias_decomposition/checkpoints_st_30/implicit_st_30_p9_p1_7_130.pkl
INFO:bingo.evolutionary_optimizers.parallel_archipelago:Saved successfully
Level 25:bingo.evolutionary_optimizers.evolutionary_optimizer:Generation: 130 	 Elapsed time: 0:05:31.027914 	 Best training fitness: 1.576321e-01 	 
Level 25:bingo.evolutionary_optimizers.evolutionary_optimizer:130, 3.310279e+02, 1322933, 1.576321e-01, 1.576321e-01, 2.090566e-01, 2.112706e-01, 2.162821e-01
INFO:bingo.evolutionary_optimizers.parallel_archipelago:Performing migration between Islands
INFO:bingo.evolutionary_optimizers.parallel_archipelago:Evolution time 0:00:11.530607	 age 150	 fitness 1.571e-01
Level 25:bingo.evolutionary_optimizers.parallel_archipelago:Saving checkpoint: src/bingo_bias_vias_decomposition/checkpoints_st_30/implicit_st_30_p9_p1_7_140.pkl
INFO:bingo.evolutionary_optimizers.parallel_archipelago:Saved successfully
Level 25:bingo.evolutionary_optimizers.evolutionary_optimizer:Generation: 140 	 Elapsed time: 0:05:42.757610 	 Best training fitness: 1.571242e-01 	 
Level 25:bingo.evolutionary_optimizers.evolutionary_optimizer:140, 3.427576e+02, 1386323, 1.571242e-01, 1.571242e-01, 1.576160e-01, 1.743901e-01, 2.090566e-01, 2.112706e-01, 2.162821e-01
INFO:bingo.evolutionary_optimizers.parallel_archipelago:Performing migration between Islands
INFO:bingo.evolutionary_optimizers.parallel_archipelago:Evolution time 0:00:32.095105	 age 160	 fitness 1.572e-01
Level 25:bingo.evolutionary_optimizers.parallel_archipelago:Saving checkpoint: src/bingo_bias_vias_decomposition/checkpoints_st_30/implicit_st_30_p9_p1_7_150.pkl
INFO:bingo.evolutionary_optimizers.parallel_archipelago:Saved successfully
Level 25:bingo.evolutionary_optimizers.evolutionary_optimizer:Generation: 150 	 Elapsed time: 0:06:15.051288 	 Best training fitness: 1.571548e-01 	 
Level 25:bingo.evolutionary_optimizers.evolutionary_optimizer:150, 3.750513e+02, 1508186, 1.571548e-01, 1.571242e-01, 1.576044e-01, 1.743679e-01, 2.090566e-01, 2.112706e-01, 2.162821e-01
INFO:bingo.evolutionary_optimizers.parallel_archipelago:Performing migration between Islands
INFO:bingo.evolutionary_optimizers.parallel_archipelago:Evolution time 0:00:21.144653	 age 170	 fitness 1.563e-01
Level 25:bingo.evolutionary_optimizers.parallel_archipelago:Saving checkpoint: src/bingo_bias_vias_decomposition/checkpoints_st_30/implicit_st_30_p9_p1_7_160.pkl
INFO:bingo.evolutionary_optimizers.parallel_archipelago:Saved successfully
Level 25:bingo.evolutionary_optimizers.evolutionary_optimizer:Generation: 160 	 Elapsed time: 0:06:36.399439 	 Best training fitness: 1.563224e-01 	 
Level 25:bingo.evolutionary_optimizers.evolutionary_optimizer:160, 3.963994e+02, 1598957, 1.563224e-01, 1.563224e-01, 1.575007e-01, 1.576044e-01, 1.743679e-01, 2.090566e-01, 2.112706e-01, 2.162821e-01
INFO:bingo.evolutionary_optimizers.parallel_archipelago:Performing migration between Islands
INFO:bingo.evolutionary_optimizers.parallel_archipelago:Evolution time 0:00:36.004783	 age 180	 fitness 1.563e-01
Level 25:bingo.evolutionary_optimizers.parallel_archipelago:Saving checkpoint: src/bingo_bias_vias_decomposition/checkpoints_st_30/implicit_st_30_p9_p1_7_170.pkl
INFO:bingo.evolutionary_optimizers.parallel_archipelago:Saved successfully
Level 25:bingo.evolutionary_optimizers.evolutionary_optimizer:Generation: 170 	 Elapsed time: 0:07:12.666025 	 Best training fitness: 1.563195e-01 	 
Level 25:bingo.evolutionary_optimizers.evolutionary_optimizer:170, 4.326660e+02, 1707618, 1.563195e-01, 1.563195e-01, 1.574917e-01, 1.576044e-01, 1.743679e-01, 2.090566e-01, 2.112706e-01, 2.162821e-01
INFO:bingo.evolutionary_optimizers.parallel_archipelago:Performing migration between Islands
INFO:bingo.evolutionary_optimizers.parallel_archipelago:Evolution time 0:00:20.146710	 age 190	 fitness 1.563e-01
Level 25:bingo.evolutionary_optimizers.parallel_archipelago:Saving checkpoint: src/bingo_bias_vias_decomposition/checkpoints_st_30/implicit_st_30_p9_p1_7_180.pkl
INFO:bingo.evolutionary_optimizers.parallel_archipelago:Saved successfully
Level 25:bingo.evolutionary_optimizers.evolutionary_optimizer:Generation: 180 	 Elapsed time: 0:07:33.016835 	 Best training fitness: 1.563203e-01 	 
Level 25:bingo.evolutionary_optimizers.evolutionary_optimizer:180, 4.530168e+02, 1798955, 1.563203e-01, 1.563195e-01, 1.574917e-01, 1.576044e-01, 1.743679e-01, 2.090566e-01, 2.112706e-01, 2.162821e-01
INFO:bingo.evolutionary_optimizers.parallel_archipelago:Performing migration between Islands
INFO:bingo.evolutionary_optimizers.parallel_archipelago:Evolution time 0:00:26.518005	 age 200	 fitness 1.563e-01
Level 25:bingo.evolutionary_optimizers.parallel_archipelago:Saving checkpoint: src/bingo_bias_vias_decomposition/checkpoints_st_30/implicit_st_30_p9_p1_7_190.pkl
INFO:bingo.evolutionary_optimizers.parallel_archipelago:Saved successfully
Level 25:bingo.evolutionary_optimizers.evolutionary_optimizer:Generation: 190 	 Elapsed time: 0:07:59.736684 	 Best training fitness: 1.563155e-01 	 
Level 25:bingo.evolutionary_optimizers.evolutionary_optimizer:190, 4.797367e+02, 1906373, 1.563155e-01, 1.563155e-01, 1.574917e-01, 1.576044e-01, 1.743679e-01, 2.090566e-01, 2.112706e-01, 2.162821e-01
INFO:bingo.evolutionary_optimizers.parallel_archipelago:Performing migration between Islands
INFO:bingo.evolutionary_optimizers.parallel_archipelago:Evolution time 0:00:51.392554	 age 210	 fitness 1.493e-01
Level 25:bingo.evolutionary_optimizers.parallel_archipelago:Saving checkpoint: src/bingo_bias_vias_decomposition/checkpoints_st_30/implicit_st_30_p9_p1_7_200.pkl
INFO:bingo.evolutionary_optimizers.parallel_archipelago:Saved successfully
Level 25:bingo.evolutionary_optimizers.evolutionary_optimizer:Generation: 200 	 Elapsed time: 0:08:51.338337 	 Best training fitness: 1.493057e-01 	 
Level 25:bingo.evolutionary_optimizers.evolutionary_optimizer:200, 5.313383e+02, 2079864, 1.493057e-01, 1.493057e-01, 1.563057e-01, 1.574917e-01, 1.575934e-01, 1.743679e-01, 2.090566e-01, 2.112706e-01, 2.162821e-01
INFO:bingo.evolutionary_optimizers.parallel_archipelago:Performing migration between Islands
INFO:bingo.evolutionary_optimizers.parallel_archipelago:Evolution time 0:00:30.000691	 age 220	 fitness 1.406e-01
Level 25:bingo.evolutionary_optimizers.parallel_archipelago:Saving checkpoint: src/bingo_bias_vias_decomposition/checkpoints_st_30/implicit_st_30_p9_p1_7_210.pkl
INFO:bingo.evolutionary_optimizers.parallel_archipelago:Saved successfully
Level 25:bingo.evolutionary_optimizers.evolutionary_optimizer:Generation: 210 	 Elapsed time: 0:09:21.610842 	 Best training fitness: 1.406259e-01 	 
Level 25:bingo.evolutionary_optimizers.evolutionary_optimizer:210, 5.616108e+02, 2199306, 1.406259e-01, 1.406259e-01, 1.474918e-01, 1.563057e-01, 1.566908e-01, 1.743679e-01, 2.090566e-01, 2.112706e-01, 2.162821e-01
INFO:bingo.evolutionary_optimizers.parallel_archipelago:Performing migration between Islands
INFO:bingo.evolutionary_optimizers.parallel_archipelago:Evolution time 0:00:22.619845	 age 230	 fitness 1.166e-01
Level 25:bingo.evolutionary_optimizers.parallel_archipelago:Saving checkpoint: src/bingo_bias_vias_decomposition/checkpoints_st_30/implicit_st_30_p9_p1_7_220.pkl
INFO:bingo.evolutionary_optimizers.parallel_archipelago:Saved successfully
Level 25:bingo.evolutionary_optimizers.evolutionary_optimizer:Generation: 220 	 Elapsed time: 0:09:44.441987 	 Best training fitness: 1.166434e-01 	 
Level 25:bingo.evolutionary_optimizers.evolutionary_optimizer:220, 5.844420e+02, 2296146, 1.166434e-01, 1.166434e-01, 1.370411e-01, 1.452984e-01, 1.455151e-01, 1.563053e-01, 1.566908e-01, 1.743679e-01, 2.090566e-01, 2.112706e-01, 2.162821e-01
INFO:bingo.evolutionary_optimizers.parallel_archipelago:Performing migration between Islands
INFO:bingo.evolutionary_optimizers.parallel_archipelago:Evolution time 0:00:19.473180	 age 240	 fitness 1.166e-01
Level 25:bingo.evolutionary_optimizers.parallel_archipelago:Saving checkpoint: src/bingo_bias_vias_decomposition/checkpoints_st_30/implicit_st_30_p9_p1_7_230.pkl
INFO:bingo.evolutionary_optimizers.parallel_archipelago:Saved successfully
Level 25:bingo.evolutionary_optimizers.evolutionary_optimizer:Generation: 230 	 Elapsed time: 0:10:04.123004 	 Best training fitness: 1.166473e-01 	 
Level 25:bingo.evolutionary_optimizers.evolutionary_optimizer:230, 6.041230e+02, 2373284, 1.166473e-01, 1.166434e-01, 1.316021e-01, 1.452950e-01, 1.455151e-01, 1.563053e-01, 1.566908e-01, 1.743679e-01, 2.090566e-01, 2.112706e-01, 2.162821e-01
INFO:bingo.evolutionary_optimizers.parallel_archipelago:Performing migration between Islands
INFO:bingo.evolutionary_optimizers.parallel_archipelago:Evolution time 0:00:45.035630	 age 250	 fitness 1.165e-01
Level 25:bingo.evolutionary_optimizers.parallel_archipelago:Saving checkpoint: src/bingo_bias_vias_decomposition/checkpoints_st_30/implicit_st_30_p9_p1_7_240.pkl
INFO:bingo.evolutionary_optimizers.parallel_archipelago:Saved successfully
Level 25:bingo.evolutionary_optimizers.evolutionary_optimizer:Generation: 240 	 Elapsed time: 0:10:49.397463 	 Best training fitness: 1.165095e-01 	 
Level 25:bingo.evolutionary_optimizers.evolutionary_optimizer:240, 6.493975e+02, 2473759, 1.165095e-01, 1.165095e-01, 1.316021e-01, 1.452950e-01, 1.455151e-01, 1.563053e-01, 1.566908e-01, 1.743679e-01, 2.090566e-01, 2.112706e-01, 2.162821e-01
INFO:bingo.evolutionary_optimizers.parallel_archipelago:Performing migration between Islands
INFO:bingo.evolutionary_optimizers.parallel_archipelago:Evolution time 0:00:41.980333	 age 260	 fitness 1.165e-01
Level 25:bingo.evolutionary_optimizers.parallel_archipelago:Saving checkpoint: src/bingo_bias_vias_decomposition/checkpoints_st_30/implicit_st_30_p9_p1_7_250.pkl
INFO:bingo.evolutionary_optimizers.parallel_archipelago:Saved successfully
Level 25:bingo.evolutionary_optimizers.evolutionary_optimizer:Generation: 250 	 Elapsed time: 0:11:31.590248 	 Best training fitness: 1.164994e-01 	 
Level 25:bingo.evolutionary_optimizers.evolutionary_optimizer:250, 6.915902e+02, 2581336, 1.164994e-01, 1.164994e-01, 1.165092e-01, 1.316021e-01, 1.452950e-01, 1.455151e-01, 1.563053e-01, 1.566908e-01, 1.743679e-01, 2.090566e-01, 2.112706e-01, 2.162821e-01
INFO:bingo.evolutionary_optimizers.parallel_archipelago:Performing migration between Islands
INFO:bingo.evolutionary_optimizers.parallel_archipelago:Evolution time 0:00:38.829082	 age 270	 fitness 1.165e-01
Level 25:bingo.evolutionary_optimizers.parallel_archipelago:Saving checkpoint: src/bingo_bias_vias_decomposition/checkpoints_st_30/implicit_st_30_p9_p1_7_260.pkl
INFO:bingo.evolutionary_optimizers.parallel_archipelago:Saved successfully
Level 25:bingo.evolutionary_optimizers.evolutionary_optimizer:Generation: 260 	 Elapsed time: 0:12:10.632899 	 Best training fitness: 1.165034e-01 	 
Level 25:bingo.evolutionary_optimizers.evolutionary_optimizer:260, 7.306329e+02, 2687254, 1.165034e-01, 1.164994e-01, 1.165068e-01, 1.316021e-01, 1.452950e-01, 1.455151e-01, 1.563053e-01, 1.566908e-01, 1.743679e-01, 2.090566e-01, 2.112706e-01, 2.162821e-01
INFO:bingo.evolutionary_optimizers.parallel_archipelago:Performing migration between Islands
INFO:bingo.evolutionary_optimizers.parallel_archipelago:Evolution time 0:00:43.765080	 age 280	 fitness 1.165e-01
Level 25:bingo.evolutionary_optimizers.parallel_archipelago:Saving checkpoint: src/bingo_bias_vias_decomposition/checkpoints_st_30/implicit_st_30_p9_p1_7_270.pkl
INFO:bingo.evolutionary_optimizers.parallel_archipelago:Saved successfully
Level 25:bingo.evolutionary_optimizers.evolutionary_optimizer:Generation: 270 	 Elapsed time: 0:12:54.616121 	 Best training fitness: 1.164612e-01 	 
Level 25:bingo.evolutionary_optimizers.evolutionary_optimizer:270, 7.746161e+02, 2836841, 1.164612e-01, 1.164612e-01, 1.165386e-01, 1.221650e-01, 1.221744e-01, 1.316021e-01, 1.448756e-01, 1.449141e-01, 1.455151e-01, 1.563053e-01, 1.566908e-01, 1.743679e-01, 2.090566e-01, 2.112706e-01, 2.162821e-01
INFO:bingo.evolutionary_optimizers.parallel_archipelago:Performing migration between Islands
INFO:bingo.evolutionary_optimizers.parallel_archipelago:Evolution time 0:00:51.179405	 age 290	 fitness 1.165e-01
Level 25:bingo.evolutionary_optimizers.parallel_archipelago:Saving checkpoint: src/bingo_bias_vias_decomposition/checkpoints_st_30/implicit_st_30_p9_p1_7_280.pkl
INFO:bingo.evolutionary_optimizers.parallel_archipelago:Saved successfully
Level 25:bingo.evolutionary_optimizers.evolutionary_optimizer:Generation: 280 	 Elapsed time: 0:13:46.013450 	 Best training fitness: 1.164612e-01 	 
Level 25:bingo.evolutionary_optimizers.evolutionary_optimizer:280, 8.260135e+02, 2981158, 1.164612e-01, 1.164612e-01, 1.165386e-01, 1.221497e-01, 1.238884e-01, 1.448756e-01, 1.449141e-01, 1.455151e-01, 1.563053e-01, 1.566908e-01, 1.743679e-01, 2.090566e-01, 2.112706e-01, 2.162821e-01
INFO:bingo.evolutionary_optimizers.parallel_archipelago:Performing migration between Islands
INFO:bingo.evolutionary_optimizers.parallel_archipelago:Evolution time 0:00:38.686199	 age 300	 fitness 1.165e-01
Level 25:bingo.evolutionary_optimizers.parallel_archipelago:Saving checkpoint: src/bingo_bias_vias_decomposition/checkpoints_st_30/implicit_st_30_p9_p1_7_290.pkl
INFO:bingo.evolutionary_optimizers.parallel_archipelago:Saved successfully
Level 25:bingo.evolutionary_optimizers.evolutionary_optimizer:Generation: 290 	 Elapsed time: 0:14:24.916495 	 Best training fitness: 1.164553e-01 	 
Level 25:bingo.evolutionary_optimizers.evolutionary_optimizer:290, 8.649165e+02, 3120139, 1.164553e-01, 1.164553e-01, 1.165059e-01, 1.200302e-01, 1.232373e-01, 1.449141e-01, 1.455151e-01, 1.515698e-01, 1.563053e-01, 1.566908e-01, 1.743679e-01, 2.090566e-01, 2.112706e-01, 2.162821e-01
INFO:bingo.evolutionary_optimizers.parallel_archipelago:Performing migration between Islands
INFO:bingo.evolutionary_optimizers.parallel_archipelago:Evolution time 0:00:32.797298	 age 310	 fitness 1.164e-01
Level 25:bingo.evolutionary_optimizers.parallel_archipelago:Saving checkpoint: src/bingo_bias_vias_decomposition/checkpoints_st_30/implicit_st_30_p9_p1_7_300.pkl
INFO:bingo.evolutionary_optimizers.parallel_archipelago:Saved successfully
Level 25:bingo.evolutionary_optimizers.evolutionary_optimizer:Generation: 300 	 Elapsed time: 0:14:57.930613 	 Best training fitness: 1.164484e-01 	 
Level 25:bingo.evolutionary_optimizers.evolutionary_optimizer:300, 8.979306e+02, 3231195, 1.164484e-01, 1.164484e-01, 1.165059e-01, 1.200302e-01, 1.232373e-01, 1.449141e-01, 1.455151e-01, 1.515532e-01, 1.563053e-01, 1.566908e-01, 1.743679e-01, 2.090566e-01, 2.112706e-01, 2.162821e-01
INFO:bingo.evolutionary_optimizers.parallel_archipelago:Performing migration between Islands
INFO:bingo.evolutionary_optimizers.parallel_archipelago:Evolution time 0:00:47.795716	 age 320	 fitness 0.000e+00
Level 25:bingo.evolutionary_optimizers.parallel_archipelago:Saving checkpoint: src/bingo_bias_vias_decomposition/checkpoints_st_30/implicit_st_30_p9_p1_7_310.pkl
INFO:bingo.evolutionary_optimizers.parallel_archipelago:Saved successfully
Level 25:bingo.evolutionary_optimizers.evolutionary_optimizer:Generation: 310 	 Elapsed time: 0:15:45.956989 	 Best training fitness: 0.000000e+00 	 
Level 25:bingo.evolutionary_optimizers.evolutionary_optimizer:310, 9.459570e+02, 3385212, 0.000000e+00, 0.000000e+00, 2.162821e-01
Level 25:bingo.evolutionary_optimizers.evolutionary_optimizer:Evolution successfully converged.
Level 25:bingo.evolutionary_optimizers.evolutionary_optimizer:  Absolte convergence occurred with best fitness < 1e-10
Level 25:bingo.evolutionary_optimizers.evolutionary_optimizer:Hall of Fame:
0.0	8	sin(log((X_0)(X_0) + (X_1)(X_1)))
0.2162821061748248	1	-0.933756
