Level 25:bingo.evolutionary_optimizers.evolutionary_optimizer:#generational_age, elapsed_time, fitness_evaluation_count, current_training_fitness, hall_of_fame_fitnesses
Level 25:bingo.evolutionary_optimizers.evolutionary_optimizer:#generational_age, elapsed_time, fitness_evaluation_count, current_training_fitness, hall_of_fame_fitnesses
Level 25:bingo.evolutionary_optimizers.parallel_archipelago:Saving checkpoint: src/bingo_bias_vias_decomposition/checkpoints_st_30/implicit_st_30_p9_p1_10_0.pkl
INFO:bingo.evolutionary_optimizers.parallel_archipelago:Saved successfully
Level 25:bingo.evolutionary_optimizers.evolutionary_optimizer:Generation: 0 	 Elapsed time: 0:00:04.241790 	 Best training fitness: 2.164533e-01 	 
Level 25:bingo.evolutionary_optimizers.evolutionary_optimizer:0, 4.241790e+00, 14322, 2.164533e-01
INFO:bingo.evolutionary_optimizers.parallel_archipelago:Performing migration between Islands
INFO:bingo.evolutionary_optimizers.parallel_archipelago:Evolution time 0:00:38.203286	 age 20	 fitness 2.161e-01
Level 25:bingo.evolutionary_optimizers.parallel_archipelago:Saving checkpoint: src/bingo_bias_vias_decomposition/checkpoints_st_30/implicit_st_30_p9_p1_10_10.pkl
INFO:bingo.evolutionary_optimizers.parallel_archipelago:Saved successfully
Level 25:bingo.evolutionary_optimizers.evolutionary_optimizer:Generation: 10 	 Elapsed time: 0:00:42.715724 	 Best training fitness: 2.160865e-01 	 
Level 25:bingo.evolutionary_optimizers.evolutionary_optimizer:10, 4.271572e+01, 174515, 2.160865e-01, 2.160865e-01, 2.163127e-01, 2.163471e-01, 2.163565e-01
INFO:bingo.evolutionary_optimizers.parallel_archipelago:Performing migration between Islands
INFO:bingo.evolutionary_optimizers.parallel_archipelago:Evolution time 0:00:14.680849	 age 30	 fitness 2.148e-01
Level 25:bingo.evolutionary_optimizers.parallel_archipelago:Saving checkpoint: src/bingo_bias_vias_decomposition/checkpoints_st_30/implicit_st_30_p9_p1_10_20.pkl
INFO:bingo.evolutionary_optimizers.parallel_archipelago:Saved successfully
Level 25:bingo.evolutionary_optimizers.evolutionary_optimizer:Generation: 20 	 Elapsed time: 0:00:57.647795 	 Best training fitness: 2.148447e-01 	 
Level 25:bingo.evolutionary_optimizers.evolutionary_optimizer:20, 5.764780e+01, 233447, 2.148447e-01, 2.148447e-01, 2.163046e-01, 2.163127e-01, 2.163471e-01, 2.163519e-01, 2.163565e-01
INFO:bingo.evolutionary_optimizers.parallel_archipelago:Performing migration between Islands
INFO:bingo.evolutionary_optimizers.parallel_archipelago:Evolution time 0:00:38.538836	 age 40	 fitness 2.146e-01
Level 25:bingo.evolutionary_optimizers.parallel_archipelago:Saving checkpoint: src/bingo_bias_vias_decomposition/checkpoints_st_30/implicit_st_30_p9_p1_10_30.pkl
INFO:bingo.evolutionary_optimizers.parallel_archipelago:Saved successfully
Level 25:bingo.evolutionary_optimizers.evolutionary_optimizer:Generation: 30 	 Elapsed time: 0:01:36.479058 	 Best training fitness: 2.145755e-01 	 
Level 25:bingo.evolutionary_optimizers.evolutionary_optimizer:30, 9.647906e+01, 326320, 2.145755e-01, 2.145755e-01, 2.146223e-01, 2.147984e-01, 2.148445e-01, 2.163046e-01, 2.163064e-01, 2.163565e-01
INFO:bingo.evolutionary_optimizers.parallel_archipelago:Performing migration between Islands
INFO:bingo.evolutionary_optimizers.parallel_archipelago:Evolution time 0:00:22.759072	 age 50	 fitness 2.127e-01
Level 25:bingo.evolutionary_optimizers.parallel_archipelago:Saving checkpoint: src/bingo_bias_vias_decomposition/checkpoints_st_30/implicit_st_30_p9_p1_10_40.pkl
INFO:bingo.evolutionary_optimizers.parallel_archipelago:Saved successfully
Level 25:bingo.evolutionary_optimizers.evolutionary_optimizer:Generation: 40 	 Elapsed time: 0:01:59.476294 	 Best training fitness: 2.126977e-01 	 
Level 25:bingo.evolutionary_optimizers.evolutionary_optimizer:40, 1.194763e+02, 393540, 2.126977e-01, 2.126977e-01, 2.147984e-01, 2.148176e-01, 2.163010e-01, 2.163565e-01
INFO:bingo.evolutionary_optimizers.parallel_archipelago:Performing migration between Islands
INFO:bingo.evolutionary_optimizers.parallel_archipelago:Evolution time 0:00:22.128993	 age 60	 fitness 2.127e-01
Level 25:bingo.evolutionary_optimizers.parallel_archipelago:Saving checkpoint: src/bingo_bias_vias_decomposition/checkpoints_st_30/implicit_st_30_p9_p1_10_50.pkl
INFO:bingo.evolutionary_optimizers.parallel_archipelago:Saved successfully
Level 25:bingo.evolutionary_optimizers.evolutionary_optimizer:Generation: 50 	 Elapsed time: 0:02:21.880239 	 Best training fitness: 2.126977e-01 	 
Level 25:bingo.evolutionary_optimizers.evolutionary_optimizer:50, 1.418802e+02, 451402, 2.126977e-01, 2.126977e-01, 2.147941e-01, 2.147965e-01, 2.148566e-01, 2.163007e-01, 2.163487e-01
INFO:bingo.evolutionary_optimizers.parallel_archipelago:Performing migration between Islands
INFO:bingo.evolutionary_optimizers.parallel_archipelago:Evolution time 0:00:26.584647	 age 70	 fitness 2.127e-01
Level 25:bingo.evolutionary_optimizers.parallel_archipelago:Saving checkpoint: src/bingo_bias_vias_decomposition/checkpoints_st_30/implicit_st_30_p9_p1_10_60.pkl
INFO:bingo.evolutionary_optimizers.parallel_archipelago:Saved successfully
Level 25:bingo.evolutionary_optimizers.evolutionary_optimizer:Generation: 60 	 Elapsed time: 0:02:48.764417 	 Best training fitness: 2.126551e-01 	 
Level 25:bingo.evolutionary_optimizers.evolutionary_optimizer:60, 1.687644e+02, 544284, 2.126551e-01, 2.126551e-01, 2.147965e-01, 2.148566e-01, 2.162939e-01, 2.163082e-01
INFO:bingo.evolutionary_optimizers.parallel_archipelago:Performing migration between Islands
INFO:bingo.evolutionary_optimizers.parallel_archipelago:Evolution time 0:00:29.930186	 age 80	 fitness 2.126e-01
Level 25:bingo.evolutionary_optimizers.parallel_archipelago:Saving checkpoint: src/bingo_bias_vias_decomposition/checkpoints_st_30/implicit_st_30_p9_p1_10_70.pkl
INFO:bingo.evolutionary_optimizers.parallel_archipelago:Saved successfully
Level 25:bingo.evolutionary_optimizers.evolutionary_optimizer:Generation: 70 	 Elapsed time: 0:03:18.918504 	 Best training fitness: 2.125917e-01 	 
Level 25:bingo.evolutionary_optimizers.evolutionary_optimizer:70, 1.989185e+02, 634550, 2.125917e-01, 2.125917e-01, 2.147965e-01, 2.148566e-01, 2.162939e-01, 2.163082e-01
INFO:bingo.evolutionary_optimizers.parallel_archipelago:Performing migration between Islands
INFO:bingo.evolutionary_optimizers.parallel_archipelago:Evolution time 0:00:37.123714	 age 90	 fitness 2.126e-01
Level 25:bingo.evolutionary_optimizers.parallel_archipelago:Saving checkpoint: src/bingo_bias_vias_decomposition/checkpoints_st_30/implicit_st_30_p9_p1_10_80.pkl
INFO:bingo.evolutionary_optimizers.parallel_archipelago:Saved successfully
Level 25:bingo.evolutionary_optimizers.evolutionary_optimizer:Generation: 80 	 Elapsed time: 0:03:56.344307 	 Best training fitness: 2.126145e-01 	 
Level 25:bingo.evolutionary_optimizers.evolutionary_optimizer:80, 2.363443e+02, 715239, 2.126145e-01, 2.125917e-01, 2.147965e-01, 2.148117e-01, 2.162939e-01, 2.163082e-01
INFO:bingo.evolutionary_optimizers.parallel_archipelago:Performing migration between Islands
INFO:bingo.evolutionary_optimizers.parallel_archipelago:Evolution time 0:00:15.882196	 age 100	 fitness 2.126e-01
Level 25:bingo.evolutionary_optimizers.parallel_archipelago:Saving checkpoint: src/bingo_bias_vias_decomposition/checkpoints_st_30/implicit_st_30_p9_p1_10_90.pkl
INFO:bingo.evolutionary_optimizers.parallel_archipelago:Saved successfully
Level 25:bingo.evolutionary_optimizers.evolutionary_optimizer:Generation: 90 	 Elapsed time: 0:04:12.515827 	 Best training fitness: 2.125973e-01 	 
Level 25:bingo.evolutionary_optimizers.evolutionary_optimizer:90, 2.525158e+02, 761830, 2.125973e-01, 2.125917e-01, 2.147890e-01, 2.148117e-01, 2.162939e-01, 2.163082e-01
INFO:bingo.evolutionary_optimizers.parallel_archipelago:Performing migration between Islands
INFO:bingo.evolutionary_optimizers.parallel_archipelago:Evolution time 0:00:28.274620	 age 110	 fitness 2.126e-01
Level 25:bingo.evolutionary_optimizers.parallel_archipelago:Saving checkpoint: src/bingo_bias_vias_decomposition/checkpoints_st_30/implicit_st_30_p9_p1_10_100.pkl
INFO:bingo.evolutionary_optimizers.parallel_archipelago:Saved successfully
Level 25:bingo.evolutionary_optimizers.evolutionary_optimizer:Generation: 100 	 Elapsed time: 0:04:41.049898 	 Best training fitness: 2.125901e-01 	 
Level 25:bingo.evolutionary_optimizers.evolutionary_optimizer:100, 2.810499e+02, 837347, 2.125901e-01, 2.125901e-01, 2.147890e-01, 2.148117e-01, 2.162939e-01, 2.163082e-01
INFO:bingo.evolutionary_optimizers.parallel_archipelago:Performing migration between Islands
INFO:bingo.evolutionary_optimizers.parallel_archipelago:Evolution time 0:00:25.294464	 age 120	 fitness 2.126e-01
Level 25:bingo.evolutionary_optimizers.parallel_archipelago:Saving checkpoint: src/bingo_bias_vias_decomposition/checkpoints_st_30/implicit_st_30_p9_p1_10_110.pkl
INFO:bingo.evolutionary_optimizers.parallel_archipelago:Saved successfully
Level 25:bingo.evolutionary_optimizers.evolutionary_optimizer:Generation: 110 	 Elapsed time: 0:05:06.642513 	 Best training fitness: 2.125901e-01 	 
Level 25:bingo.evolutionary_optimizers.evolutionary_optimizer:110, 3.066425e+02, 917134, 2.125901e-01, 2.125901e-01, 2.132817e-01, 2.148117e-01, 2.162939e-01, 2.163082e-01
INFO:bingo.evolutionary_optimizers.parallel_archipelago:Performing migration between Islands
INFO:bingo.evolutionary_optimizers.parallel_archipelago:Evolution time 0:00:49.947510	 age 130	 fitness 1.889e-01
Level 25:bingo.evolutionary_optimizers.parallel_archipelago:Saving checkpoint: src/bingo_bias_vias_decomposition/checkpoints_st_30/implicit_st_30_p9_p1_10_120.pkl
INFO:bingo.evolutionary_optimizers.parallel_archipelago:Saved successfully
Level 25:bingo.evolutionary_optimizers.evolutionary_optimizer:Generation: 120 	 Elapsed time: 0:05:56.842583 	 Best training fitness: 1.889262e-01 	 
Level 25:bingo.evolutionary_optimizers.evolutionary_optimizer:120, 3.568426e+02, 1026511, 1.889262e-01, 1.889262e-01, 2.162939e-01, 2.163082e-01
INFO:bingo.evolutionary_optimizers.parallel_archipelago:Performing migration between Islands
INFO:bingo.evolutionary_optimizers.parallel_archipelago:Evolution time 0:00:34.139173	 age 140	 fitness 1.745e-01
Level 25:bingo.evolutionary_optimizers.parallel_archipelago:Saving checkpoint: src/bingo_bias_vias_decomposition/checkpoints_st_30/implicit_st_30_p9_p1_10_130.pkl
INFO:bingo.evolutionary_optimizers.parallel_archipelago:Saved successfully
Level 25:bingo.evolutionary_optimizers.evolutionary_optimizer:Generation: 130 	 Elapsed time: 0:06:31.293966 	 Best training fitness: 1.745352e-01 	 
Level 25:bingo.evolutionary_optimizers.evolutionary_optimizer:130, 3.912940e+02, 1098969, 1.745352e-01, 1.745352e-01, 1.889262e-01, 2.162939e-01, 2.163082e-01
INFO:bingo.evolutionary_optimizers.parallel_archipelago:Performing migration between Islands
INFO:bingo.evolutionary_optimizers.parallel_archipelago:Evolution time 0:00:36.056432	 age 150	 fitness 1.745e-01
Level 25:bingo.evolutionary_optimizers.parallel_archipelago:Saving checkpoint: src/bingo_bias_vias_decomposition/checkpoints_st_30/implicit_st_30_p9_p1_10_140.pkl
INFO:bingo.evolutionary_optimizers.parallel_archipelago:Saved successfully
Level 25:bingo.evolutionary_optimizers.evolutionary_optimizer:Generation: 140 	 Elapsed time: 0:07:07.605432 	 Best training fitness: 1.745352e-01 	 
Level 25:bingo.evolutionary_optimizers.evolutionary_optimizer:140, 4.276054e+02, 1197420, 1.745352e-01, 1.745352e-01, 1.889262e-01, 2.162939e-01, 2.163082e-01
INFO:bingo.evolutionary_optimizers.parallel_archipelago:Performing migration between Islands
INFO:bingo.evolutionary_optimizers.parallel_archipelago:Evolution time 0:00:37.321000	 age 160	 fitness 1.734e-01
Level 25:bingo.evolutionary_optimizers.parallel_archipelago:Saving checkpoint: src/bingo_bias_vias_decomposition/checkpoints_st_30/implicit_st_30_p9_p1_10_150.pkl
INFO:bingo.evolutionary_optimizers.parallel_archipelago:Saved successfully
Level 25:bingo.evolutionary_optimizers.evolutionary_optimizer:Generation: 150 	 Elapsed time: 0:07:45.184267 	 Best training fitness: 1.733806e-01 	 
Level 25:bingo.evolutionary_optimizers.evolutionary_optimizer:150, 4.651843e+02, 1299175, 1.733806e-01, 1.733806e-01, 1.735450e-01, 1.745227e-01, 1.889262e-01, 2.162939e-01, 2.163082e-01
INFO:bingo.evolutionary_optimizers.parallel_archipelago:Performing migration between Islands
INFO:bingo.evolutionary_optimizers.parallel_archipelago:Evolution time 0:00:45.428321	 age 170	 fitness 1.734e-01
Level 25:bingo.evolutionary_optimizers.parallel_archipelago:Saving checkpoint: src/bingo_bias_vias_decomposition/checkpoints_st_30/implicit_st_30_p9_p1_10_160.pkl
INFO:bingo.evolutionary_optimizers.parallel_archipelago:Saved successfully
Level 25:bingo.evolutionary_optimizers.evolutionary_optimizer:Generation: 160 	 Elapsed time: 0:08:30.916560 	 Best training fitness: 1.733806e-01 	 
Level 25:bingo.evolutionary_optimizers.evolutionary_optimizer:160, 5.109166e+02, 1394201, 1.733806e-01, 1.733806e-01, 1.735450e-01, 1.745044e-01, 1.745227e-01, 1.889262e-01, 2.162939e-01, 2.163082e-01
INFO:bingo.evolutionary_optimizers.parallel_archipelago:Performing migration between Islands
INFO:bingo.evolutionary_optimizers.parallel_archipelago:Evolution time 0:01:06.784191	 age 180	 fitness 1.734e-01
Level 25:bingo.evolutionary_optimizers.parallel_archipelago:Saving checkpoint: src/bingo_bias_vias_decomposition/checkpoints_st_30/implicit_st_30_p9_p1_10_170.pkl
INFO:bingo.evolutionary_optimizers.parallel_archipelago:Saved successfully
Level 25:bingo.evolutionary_optimizers.evolutionary_optimizer:Generation: 170 	 Elapsed time: 0:09:37.971366 	 Best training fitness: 1.733826e-01 	 
Level 25:bingo.evolutionary_optimizers.evolutionary_optimizer:170, 5.779714e+02, 1499269, 1.733826e-01, 1.733806e-01, 1.735450e-01, 1.745044e-01, 1.745227e-01, 1.889262e-01, 2.162933e-01, 2.163082e-01
INFO:bingo.evolutionary_optimizers.parallel_archipelago:Performing migration between Islands
INFO:bingo.evolutionary_optimizers.parallel_archipelago:Evolution time 0:01:08.246764	 age 190	 fitness 1.733e-01
Level 25:bingo.evolutionary_optimizers.parallel_archipelago:Saving checkpoint: src/bingo_bias_vias_decomposition/checkpoints_st_30/implicit_st_30_p9_p1_10_180.pkl
INFO:bingo.evolutionary_optimizers.parallel_archipelago:Saved successfully
Level 25:bingo.evolutionary_optimizers.evolutionary_optimizer:Generation: 180 	 Elapsed time: 0:10:46.485329 	 Best training fitness: 1.733051e-01 	 
Level 25:bingo.evolutionary_optimizers.evolutionary_optimizer:180, 6.464853e+02, 1630401, 1.733051e-01, 1.733051e-01, 1.733357e-01, 1.733548e-01, 1.735450e-01, 1.745044e-01, 1.745227e-01, 1.889262e-01, 2.162894e-01, 2.162933e-01, 2.163082e-01
INFO:bingo.evolutionary_optimizers.parallel_archipelago:Performing migration between Islands
INFO:bingo.evolutionary_optimizers.parallel_archipelago:Evolution time 0:00:45.140535	 age 200	 fitness 1.733e-01
Level 25:bingo.evolutionary_optimizers.parallel_archipelago:Saving checkpoint: src/bingo_bias_vias_decomposition/checkpoints_st_30/implicit_st_30_p9_p1_10_190.pkl
INFO:bingo.evolutionary_optimizers.parallel_archipelago:Saved successfully
Level 25:bingo.evolutionary_optimizers.evolutionary_optimizer:Generation: 190 	 Elapsed time: 0:11:31.892659 	 Best training fitness: 1.732802e-01 	 
Level 25:bingo.evolutionary_optimizers.evolutionary_optimizer:190, 6.918927e+02, 1754141, 1.732802e-01, 1.732802e-01, 1.732909e-01, 1.733526e-01, 1.733657e-01, 1.745044e-01, 1.745215e-01, 1.889262e-01, 2.162894e-01, 2.162933e-01, 2.163082e-01
INFO:bingo.evolutionary_optimizers.parallel_archipelago:Performing migration between Islands
INFO:bingo.evolutionary_optimizers.parallel_archipelago:Evolution time 0:00:49.651292	 age 210	 fitness 1.730e-01
Level 25:bingo.evolutionary_optimizers.parallel_archipelago:Saving checkpoint: src/bingo_bias_vias_decomposition/checkpoints_st_30/implicit_st_30_p9_p1_10_200.pkl
INFO:bingo.evolutionary_optimizers.parallel_archipelago:Saved successfully
Level 25:bingo.evolutionary_optimizers.evolutionary_optimizer:Generation: 200 	 Elapsed time: 0:12:21.815136 	 Best training fitness: 1.729520e-01 	 
Level 25:bingo.evolutionary_optimizers.evolutionary_optimizer:200, 7.418151e+02, 1891657, 1.729520e-01, 1.729520e-01, 1.732759e-01, 1.732802e-01, 1.732999e-01, 1.733526e-01, 1.733657e-01, 1.745044e-01, 1.745173e-01, 1.889262e-01, 2.162894e-01, 2.162933e-01, 2.163082e-01
INFO:bingo.evolutionary_optimizers.parallel_archipelago:Performing migration between Islands
INFO:bingo.evolutionary_optimizers.parallel_archipelago:Evolution time 0:01:14.763806	 age 220	 fitness 1.729e-01
Level 25:bingo.evolutionary_optimizers.parallel_archipelago:Saving checkpoint: src/bingo_bias_vias_decomposition/checkpoints_st_30/implicit_st_30_p9_p1_10_210.pkl
INFO:bingo.evolutionary_optimizers.parallel_archipelago:Saved successfully
Level 25:bingo.evolutionary_optimizers.evolutionary_optimizer:Generation: 210 	 Elapsed time: 0:13:36.854490 	 Best training fitness: 1.729016e-01 	 
Level 25:bingo.evolutionary_optimizers.evolutionary_optimizer:210, 8.168545e+02, 2048017, 1.729016e-01, 1.729016e-01, 1.732759e-01, 1.732802e-01, 1.732999e-01, 1.733441e-01, 1.733657e-01, 1.745044e-01, 1.745173e-01, 1.889262e-01, 2.162809e-01, 2.162933e-01, 2.163082e-01
INFO:bingo.evolutionary_optimizers.parallel_archipelago:Performing migration between Islands
INFO:bingo.evolutionary_optimizers.parallel_archipelago:Evolution time 0:00:53.382210	 age 230	 fitness 1.718e-01
Level 25:bingo.evolutionary_optimizers.parallel_archipelago:Saving checkpoint: src/bingo_bias_vias_decomposition/checkpoints_st_30/implicit_st_30_p9_p1_10_220.pkl
INFO:bingo.evolutionary_optimizers.parallel_archipelago:Saved successfully
Level 25:bingo.evolutionary_optimizers.evolutionary_optimizer:Generation: 220 	 Elapsed time: 0:14:30.515504 	 Best training fitness: 1.718244e-01 	 
Level 25:bingo.evolutionary_optimizers.evolutionary_optimizer:220, 8.705155e+02, 2152870, 1.718244e-01, 1.718244e-01, 1.728464e-01, 1.732759e-01, 1.732802e-01, 1.732999e-01, 1.733441e-01, 1.733657e-01, 1.741805e-01, 1.889262e-01, 2.162809e-01, 2.162933e-01, 2.163082e-01
INFO:bingo.evolutionary_optimizers.parallel_archipelago:Performing migration between Islands
INFO:bingo.evolutionary_optimizers.parallel_archipelago:Evolution time 0:00:53.912002	 age 240	 fitness 1.716e-01
Level 25:bingo.evolutionary_optimizers.parallel_archipelago:Saving checkpoint: src/bingo_bias_vias_decomposition/checkpoints_st_30/implicit_st_30_p9_p1_10_230.pkl
INFO:bingo.evolutionary_optimizers.parallel_archipelago:Saved successfully
Level 25:bingo.evolutionary_optimizers.evolutionary_optimizer:Generation: 230 	 Elapsed time: 0:15:24.730794 	 Best training fitness: 1.716316e-01 	 
Level 25:bingo.evolutionary_optimizers.evolutionary_optimizer:230, 9.247308e+02, 2282694, 1.716316e-01, 1.716316e-01, 1.728464e-01, 1.732643e-01, 1.741794e-01, 1.889262e-01, 2.162809e-01, 2.162933e-01, 2.163082e-01
INFO:bingo.evolutionary_optimizers.parallel_archipelago:Performing migration between Islands
INFO:bingo.evolutionary_optimizers.parallel_archipelago:Evolution time 0:00:43.419578	 age 250	 fitness 1.579e-01
Level 25:bingo.evolutionary_optimizers.parallel_archipelago:Saving checkpoint: src/bingo_bias_vias_decomposition/checkpoints_st_30/implicit_st_30_p9_p1_10_240.pkl
INFO:bingo.evolutionary_optimizers.parallel_archipelago:Saved successfully
Level 25:bingo.evolutionary_optimizers.evolutionary_optimizer:Generation: 240 	 Elapsed time: 0:16:08.416801 	 Best training fitness: 1.579118e-01 	 
Level 25:bingo.evolutionary_optimizers.evolutionary_optimizer:240, 9.684168e+02, 2431752, 1.579118e-01, 1.579118e-01, 1.732560e-01, 1.741407e-01, 1.889262e-01, 2.162809e-01, 2.162933e-01, 2.163082e-01
INFO:bingo.evolutionary_optimizers.parallel_archipelago:Performing migration between Islands
INFO:bingo.evolutionary_optimizers.parallel_archipelago:Evolution time 0:01:00.129062	 age 260	 fitness 1.579e-01
Level 25:bingo.evolutionary_optimizers.parallel_archipelago:Saving checkpoint: src/bingo_bias_vias_decomposition/checkpoints_st_30/implicit_st_30_p9_p1_10_250.pkl
INFO:bingo.evolutionary_optimizers.parallel_archipelago:Saved successfully
Level 25:bingo.evolutionary_optimizers.evolutionary_optimizer:Generation: 250 	 Elapsed time: 0:17:08.811946 	 Best training fitness: 1.578898e-01 	 
Level 25:bingo.evolutionary_optimizers.evolutionary_optimizer:250, 1.028812e+03, 2591502, 1.578898e-01, 1.578898e-01, 1.732480e-01, 1.741401e-01, 1.889262e-01, 2.162809e-01, 2.162933e-01, 2.163082e-01
INFO:bingo.evolutionary_optimizers.parallel_archipelago:Performing migration between Islands
INFO:bingo.evolutionary_optimizers.parallel_archipelago:Evolution time 0:01:01.312914	 age 270	 fitness 1.435e-01
Level 25:bingo.evolutionary_optimizers.parallel_archipelago:Saving checkpoint: src/bingo_bias_vias_decomposition/checkpoints_st_30/implicit_st_30_p9_p1_10_260.pkl
INFO:bingo.evolutionary_optimizers.parallel_archipelago:Saved successfully
Level 25:bingo.evolutionary_optimizers.evolutionary_optimizer:Generation: 260 	 Elapsed time: 0:18:10.396228 	 Best training fitness: 1.435314e-01 	 
Level 25:bingo.evolutionary_optimizers.evolutionary_optimizer:260, 1.090396e+03, 2753869, 1.435314e-01, 1.435314e-01, 1.579225e-01, 1.732434e-01, 1.741401e-01, 1.889262e-01, 2.162809e-01, 2.162933e-01, 2.163082e-01
INFO:bingo.evolutionary_optimizers.parallel_archipelago:Performing migration between Islands
INFO:bingo.evolutionary_optimizers.parallel_archipelago:Evolution time 0:01:05.247663	 age 280	 fitness 1.406e-01
Level 25:bingo.evolutionary_optimizers.parallel_archipelago:Saving checkpoint: src/bingo_bias_vias_decomposition/checkpoints_st_30/implicit_st_30_p9_p1_10_270.pkl
INFO:bingo.evolutionary_optimizers.parallel_archipelago:Saved successfully
Level 25:bingo.evolutionary_optimizers.evolutionary_optimizer:Generation: 270 	 Elapsed time: 0:19:15.905641 	 Best training fitness: 1.405873e-01 	 
Level 25:bingo.evolutionary_optimizers.evolutionary_optimizer:270, 1.155906e+03, 2913608, 1.405873e-01, 1.405873e-01, 1.406051e-01, 1.732434e-01, 1.741401e-01, 1.889262e-01, 2.162809e-01, 2.162933e-01, 2.163082e-01
INFO:bingo.evolutionary_optimizers.parallel_archipelago:Performing migration between Islands
INFO:bingo.evolutionary_optimizers.parallel_archipelago:Evolution time 0:00:38.277101	 age 290	 fitness 1.406e-01
Level 25:bingo.evolutionary_optimizers.parallel_archipelago:Saving checkpoint: src/bingo_bias_vias_decomposition/checkpoints_st_30/implicit_st_30_p9_p1_10_280.pkl
INFO:bingo.evolutionary_optimizers.parallel_archipelago:Saved successfully
Level 25:bingo.evolutionary_optimizers.evolutionary_optimizer:Generation: 280 	 Elapsed time: 0:19:54.443241 	 Best training fitness: 1.405670e-01 	 
Level 25:bingo.evolutionary_optimizers.evolutionary_optimizer:280, 1.194443e+03, 3033955, 1.405670e-01, 1.405670e-01, 1.405859e-01, 1.406358e-01, 1.741368e-01, 1.889262e-01, 2.162809e-01, 2.162933e-01, 2.163082e-01
INFO:bingo.evolutionary_optimizers.parallel_archipelago:Performing migration between Islands
INFO:bingo.evolutionary_optimizers.parallel_archipelago:Evolution time 0:01:24.930791	 age 300	 fitness 1.406e-01
Level 25:bingo.evolutionary_optimizers.parallel_archipelago:Saving checkpoint: src/bingo_bias_vias_decomposition/checkpoints_st_30/implicit_st_30_p9_p1_10_290.pkl
INFO:bingo.evolutionary_optimizers.parallel_archipelago:Saved successfully
Level 25:bingo.evolutionary_optimizers.evolutionary_optimizer:Generation: 290 	 Elapsed time: 0:21:19.624179 	 Best training fitness: 1.405728e-01 	 
Level 25:bingo.evolutionary_optimizers.evolutionary_optimizer:290, 1.279624e+03, 3189735, 1.405728e-01, 1.405670e-01, 1.405810e-01, 1.741353e-01, 1.889262e-01, 2.162311e-01, 2.162809e-01, 2.162933e-01, 2.163082e-01
INFO:bingo.evolutionary_optimizers.parallel_archipelago:Performing migration between Islands
INFO:bingo.evolutionary_optimizers.parallel_archipelago:Evolution time 0:00:53.602249	 age 310	 fitness 1.404e-01
Level 25:bingo.evolutionary_optimizers.parallel_archipelago:Saving checkpoint: src/bingo_bias_vias_decomposition/checkpoints_st_30/implicit_st_30_p9_p1_10_300.pkl
INFO:bingo.evolutionary_optimizers.parallel_archipelago:Saved successfully
Level 25:bingo.evolutionary_optimizers.evolutionary_optimizer:Generation: 300 	 Elapsed time: 0:22:13.482854 	 Best training fitness: 1.403780e-01 	 
Level 25:bingo.evolutionary_optimizers.evolutionary_optimizer:300, 1.333483e+03, 3336781, 1.403780e-01, 1.403780e-01, 1.405632e-01, 1.405795e-01, 1.405810e-01, 1.733139e-01, 1.741353e-01, 1.889262e-01, 2.162297e-01, 2.162809e-01, 2.162933e-01, 2.163082e-01
INFO:bingo.evolutionary_optimizers.parallel_archipelago:Performing migration between Islands
INFO:bingo.evolutionary_optimizers.parallel_archipelago:Evolution time 0:00:53.682515	 age 320	 fitness 1.336e-01
Level 25:bingo.evolutionary_optimizers.parallel_archipelago:Saving checkpoint: src/bingo_bias_vias_decomposition/checkpoints_st_30/implicit_st_30_p9_p1_10_310.pkl
INFO:bingo.evolutionary_optimizers.parallel_archipelago:Saved successfully
Level 25:bingo.evolutionary_optimizers.evolutionary_optimizer:Generation: 310 	 Elapsed time: 0:23:07.419764 	 Best training fitness: 1.336209e-01 	 
Level 25:bingo.evolutionary_optimizers.evolutionary_optimizer:310, 1.387420e+03, 3465476, 1.336209e-01, 1.336209e-01, 1.403706e-01, 1.404338e-01, 1.405632e-01, 1.405795e-01, 1.405810e-01, 1.732662e-01, 1.741353e-01, 1.889262e-01, 2.162297e-01, 2.162809e-01, 2.162933e-01, 2.163082e-01
INFO:bingo.evolutionary_optimizers.parallel_archipelago:Performing migration between Islands
INFO:bingo.evolutionary_optimizers.parallel_archipelago:Evolution time 0:00:28.498012	 age 330	 fitness 1.282e-01
Level 25:bingo.evolutionary_optimizers.parallel_archipelago:Saving checkpoint: src/bingo_bias_vias_decomposition/checkpoints_st_30/implicit_st_30_p9_p1_10_320.pkl
INFO:bingo.evolutionary_optimizers.parallel_archipelago:Saved successfully
Level 25:bingo.evolutionary_optimizers.evolutionary_optimizer:Generation: 320 	 Elapsed time: 0:23:36.171192 	 Best training fitness: 1.281819e-01 	 
Level 25:bingo.evolutionary_optimizers.evolutionary_optimizer:320, 1.416171e+03, 3570010, 1.281819e-01, 1.281819e-01, 1.403459e-01, 1.404281e-01, 1.405621e-01, 1.405778e-01, 1.405810e-01, 1.732662e-01, 1.735165e-01, 1.889262e-01, 2.162297e-01, 2.162809e-01, 2.162933e-01, 2.163082e-01
INFO:bingo.evolutionary_optimizers.parallel_archipelago:Performing migration between Islands
INFO:bingo.evolutionary_optimizers.parallel_archipelago:Evolution time 0:00:49.664656	 age 340	 fitness 1.282e-01
Level 25:bingo.evolutionary_optimizers.parallel_archipelago:Saving checkpoint: src/bingo_bias_vias_decomposition/checkpoints_st_30/implicit_st_30_p9_p1_10_330.pkl
INFO:bingo.evolutionary_optimizers.parallel_archipelago:Saved successfully
Level 25:bingo.evolutionary_optimizers.evolutionary_optimizer:Generation: 330 	 Elapsed time: 0:24:26.106442 	 Best training fitness: 1.281673e-01 	 
Level 25:bingo.evolutionary_optimizers.evolutionary_optimizer:330, 1.466106e+03, 3695431, 1.281673e-01, 1.281673e-01, 1.403459e-01, 1.404281e-01, 1.405606e-01, 1.405736e-01, 1.405810e-01, 1.732662e-01, 1.735165e-01, 1.889262e-01, 2.162297e-01, 2.162809e-01, 2.162933e-01, 2.163082e-01
INFO:bingo.evolutionary_optimizers.parallel_archipelago:Performing migration between Islands
INFO:bingo.evolutionary_optimizers.parallel_archipelago:Evolution time 0:01:02.872804	 age 350	 fitness 1.282e-01
Level 25:bingo.evolutionary_optimizers.parallel_archipelago:Saving checkpoint: src/bingo_bias_vias_decomposition/checkpoints_st_30/implicit_st_30_p9_p1_10_340.pkl
INFO:bingo.evolutionary_optimizers.parallel_archipelago:Saved successfully
Level 25:bingo.evolutionary_optimizers.evolutionary_optimizer:Generation: 340 	 Elapsed time: 0:25:29.244445 	 Best training fitness: 1.281520e-01 	 
Level 25:bingo.evolutionary_optimizers.evolutionary_optimizer:340, 1.529244e+03, 3843469, 1.281520e-01, 1.281520e-01, 1.403459e-01, 1.403467e-01, 1.405606e-01, 1.405726e-01, 1.405810e-01, 1.732662e-01, 1.735165e-01, 1.889262e-01, 2.162297e-01, 2.162809e-01, 2.162933e-01, 2.163039e-01
INFO:bingo.evolutionary_optimizers.parallel_archipelago:Performing migration between Islands
INFO:bingo.evolutionary_optimizers.parallel_archipelago:Evolution time 0:00:54.670456	 age 360	 fitness 1.282e-01
Level 25:bingo.evolutionary_optimizers.parallel_archipelago:Saving checkpoint: src/bingo_bias_vias_decomposition/checkpoints_st_30/implicit_st_30_p9_p1_10_350.pkl
INFO:bingo.evolutionary_optimizers.parallel_archipelago:Saved successfully
Level 25:bingo.evolutionary_optimizers.evolutionary_optimizer:Generation: 350 	 Elapsed time: 0:26:24.229453 	 Best training fitness: 1.281608e-01 	 
Level 25:bingo.evolutionary_optimizers.evolutionary_optimizer:350, 1.584229e+03, 3976233, 1.281608e-01, 1.281520e-01, 1.403459e-01, 1.403467e-01, 1.405606e-01, 1.405726e-01, 1.405810e-01, 1.732662e-01, 1.735165e-01, 1.889262e-01, 2.162297e-01, 2.162809e-01, 2.162933e-01, 2.163039e-01
INFO:bingo.evolutionary_optimizers.parallel_archipelago:Performing migration between Islands
INFO:bingo.evolutionary_optimizers.parallel_archipelago:Evolution time 0:00:33.561282	 age 370	 fitness 1.282e-01
Level 25:bingo.evolutionary_optimizers.parallel_archipelago:Saving checkpoint: src/bingo_bias_vias_decomposition/checkpoints_st_30/implicit_st_30_p9_p1_10_360.pkl
INFO:bingo.evolutionary_optimizers.parallel_archipelago:Saved successfully
Level 25:bingo.evolutionary_optimizers.evolutionary_optimizer:Generation: 360 	 Elapsed time: 0:26:58.064765 	 Best training fitness: 1.281549e-01 	 
Level 25:bingo.evolutionary_optimizers.evolutionary_optimizer:360, 1.618065e+03, 4068443, 1.281549e-01, 1.281520e-01, 1.281568e-01, 1.403467e-01, 1.405606e-01, 1.405726e-01, 1.405810e-01, 1.732662e-01, 1.735165e-01, 1.889262e-01, 2.162297e-01, 2.162809e-01, 2.162933e-01, 2.163039e-01
INFO:bingo.evolutionary_optimizers.parallel_archipelago:Performing migration between Islands
INFO:bingo.evolutionary_optimizers.parallel_archipelago:Evolution time 0:00:55.863022	 age 380	 fitness 1.282e-01
Level 25:bingo.evolutionary_optimizers.parallel_archipelago:Saving checkpoint: src/bingo_bias_vias_decomposition/checkpoints_st_30/implicit_st_30_p9_p1_10_370.pkl
INFO:bingo.evolutionary_optimizers.parallel_archipelago:Saved successfully
Level 25:bingo.evolutionary_optimizers.evolutionary_optimizer:Generation: 370 	 Elapsed time: 0:27:54.209183 	 Best training fitness: 1.281546e-01 	 
Level 25:bingo.evolutionary_optimizers.evolutionary_optimizer:370, 1.674209e+03, 4201848, 1.281546e-01, 1.281520e-01, 1.281568e-01, 1.403467e-01, 1.405599e-01, 1.405726e-01, 1.405810e-01, 1.732662e-01, 1.735165e-01, 1.889262e-01, 2.162297e-01, 2.162809e-01, 2.162933e-01, 2.163032e-01
INFO:bingo.evolutionary_optimizers.parallel_archipelago:Performing migration between Islands
INFO:bingo.evolutionary_optimizers.parallel_archipelago:Evolution time 0:00:57.868497	 age 390	 fitness 1.237e-01
Level 25:bingo.evolutionary_optimizers.parallel_archipelago:Saving checkpoint: src/bingo_bias_vias_decomposition/checkpoints_st_30/implicit_st_30_p9_p1_10_380.pkl
INFO:bingo.evolutionary_optimizers.parallel_archipelago:Saved successfully
Level 25:bingo.evolutionary_optimizers.evolutionary_optimizer:Generation: 380 	 Elapsed time: 0:28:52.347852 	 Best training fitness: 1.236637e-01 	 
Level 25:bingo.evolutionary_optimizers.evolutionary_optimizer:380, 1.732348e+03, 4343624, 1.236637e-01, 1.236637e-01, 1.405599e-01, 1.405726e-01, 1.405810e-01, 1.732662e-01, 1.735165e-01, 1.889262e-01, 2.162297e-01, 2.162809e-01, 2.162933e-01, 2.163032e-01
INFO:bingo.evolutionary_optimizers.parallel_archipelago:Performing migration between Islands
INFO:bingo.evolutionary_optimizers.parallel_archipelago:Evolution time 0:00:27.449610	 age 400	 fitness 1.236e-01
Level 25:bingo.evolutionary_optimizers.parallel_archipelago:Saving checkpoint: src/bingo_bias_vias_decomposition/checkpoints_st_30/implicit_st_30_p9_p1_10_390.pkl
INFO:bingo.evolutionary_optimizers.parallel_archipelago:Saved successfully
Level 25:bingo.evolutionary_optimizers.evolutionary_optimizer:Generation: 390 	 Elapsed time: 0:29:20.061471 	 Best training fitness: 1.236018e-01 	 
Level 25:bingo.evolutionary_optimizers.evolutionary_optimizer:390, 1.760061e+03, 4419969, 1.236018e-01, 1.236018e-01, 1.405599e-01, 1.405726e-01, 1.405810e-01, 1.732662e-01, 1.735165e-01, 1.889262e-01, 2.162297e-01, 2.162809e-01, 2.162933e-01, 2.163032e-01
INFO:bingo.evolutionary_optimizers.parallel_archipelago:Performing migration between Islands
INFO:bingo.evolutionary_optimizers.parallel_archipelago:Evolution time 0:00:36.706632	 age 410	 fitness 1.236e-01
Level 25:bingo.evolutionary_optimizers.parallel_archipelago:Saving checkpoint: src/bingo_bias_vias_decomposition/checkpoints_st_30/implicit_st_30_p9_p1_10_400.pkl
INFO:bingo.evolutionary_optimizers.parallel_archipelago:Saved successfully
Level 25:bingo.evolutionary_optimizers.evolutionary_optimizer:Generation: 400 	 Elapsed time: 0:29:57.032747 	 Best training fitness: 1.235915e-01 	 
Level 25:bingo.evolutionary_optimizers.evolutionary_optimizer:400, 1.797033e+03, 4501728, 1.235915e-01, 1.235915e-01, 1.405599e-01, 1.405726e-01, 1.405810e-01, 1.732662e-01, 1.735165e-01, 1.757441e-01, 2.162297e-01, 2.162809e-01, 2.162933e-01, 2.163032e-01
INFO:bingo.evolutionary_optimizers.parallel_archipelago:Performing migration between Islands
INFO:bingo.evolutionary_optimizers.parallel_archipelago:Evolution time 0:00:53.634098	 age 420	 fitness 0.000e+00
Level 25:bingo.evolutionary_optimizers.parallel_archipelago:Saving checkpoint: src/bingo_bias_vias_decomposition/checkpoints_st_30/implicit_st_30_p9_p1_10_410.pkl
INFO:bingo.evolutionary_optimizers.parallel_archipelago:Saved successfully
Level 25:bingo.evolutionary_optimizers.evolutionary_optimizer:Generation: 410 	 Elapsed time: 0:30:50.970984 	 Best training fitness: 0.000000e+00 	 
Level 25:bingo.evolutionary_optimizers.evolutionary_optimizer:410, 1.850971e+03, 4596272, 0.000000e+00, 0.000000e+00, 2.162809e-01, 2.162912e-01
Level 25:bingo.evolutionary_optimizers.evolutionary_optimizer:Evolution successfully converged.
Level 25:bingo.evolutionary_optimizers.evolutionary_optimizer:  Absolte convergence occurred with best fitness < 1e-10
Level 25:bingo.evolutionary_optimizers.evolutionary_optimizer:Hall of Fame:
0.0	7	sin(log((X_0)(X_0) + (X_1)(X_1)))
0.2162809237236511	4	sin(log(0.023661) + log(0.023661))
0.21629119063431812	1	-0.933389
