Level 25:bingo.evolutionary_optimizers.evolutionary_optimizer:#generational_age, elapsed_time, fitness_evaluation_count, current_training_fitness, hall_of_fame_fitnesses
Level 25:bingo.evolutionary_optimizers.evolutionary_optimizer:#generational_age, elapsed_time, fitness_evaluation_count, current_training_fitness, hall_of_fame_fitnesses
Level 25:bingo.evolutionary_optimizers.evolutionary_optimizer:Generation: 0 	 Elapsed time: 0:00:04.491579 	 Best training fitness: 4.858066e-02 	 
Level 25:bingo.evolutionary_optimizers.evolutionary_optimizer:0, 4.491579e+00, 12957, 4.858066e-02
INFO:bingo.evolutionary_optimizers.parallel_archipelago:Evolution time 0:00:47.026830	 age 20	 fitness 4.818e-02
Level 25:bingo.evolutionary_optimizers.evolutionary_optimizer:Generation: 10 	 Elapsed time: 0:00:51.858349 	 Best training fitness: 4.817616e-02 	 
Level 25:bingo.evolutionary_optimizers.evolutionary_optimizer:10, 5.185835e+01, 133738, 4.817616e-02, 4.817616e-02, 4.827975e-02, 4.843099e-02, 4.882161e-02, 1.644320e-01
INFO:bingo.evolutionary_optimizers.parallel_archipelago:Evolution time 0:00:46.942218	 age 50	 fitness 4.827e-02
Level 25:bingo.evolutionary_optimizers.evolutionary_optimizer:Generation: 20 	 Elapsed time: 0:01:39.172507 	 Best training fitness: 4.826665e-02 	 
Level 25:bingo.evolutionary_optimizers.evolutionary_optimizer:20, 9.917251e+01, 233057, 4.826665e-02, 4.817616e-02, 4.826665e-02, 4.827975e-02, 4.838115e-02, 4.843099e-02, 4.868042e-02, 5.058022e-02
INFO:bingo.evolutionary_optimizers.parallel_archipelago:Evolution time 0:00:28.092200	 age 70	 fitness 4.281e-02
Level 25:bingo.evolutionary_optimizers.evolutionary_optimizer:Generation: 30 	 Elapsed time: 0:02:07.690956 	 Best training fitness: 4.281086e-02 	 
Level 25:bingo.evolutionary_optimizers.evolutionary_optimizer:30, 1.276910e+02, 299713, 4.281086e-02, 4.281086e-02, 4.817616e-02, 4.818435e-02, 4.827975e-02, 4.832116e-02, 4.868042e-02, 4.930269e-02
INFO:bingo.evolutionary_optimizers.parallel_archipelago:Evolution time 0:00:35.778488	 age 80	 fitness 3.620e-02
Level 25:bingo.evolutionary_optimizers.evolutionary_optimizer:Generation: 40 	 Elapsed time: 0:02:43.846173 	 Best training fitness: 3.619559e-02 	 
Level 25:bingo.evolutionary_optimizers.evolutionary_optimizer:40, 1.638462e+02, 369522, 3.619559e-02, 3.619559e-02, 3.992299e-02, 4.070143e-02, 4.818435e-02, 4.827975e-02, 4.832116e-02, 4.868042e-02, 4.891856e-02
INFO:bingo.evolutionary_optimizers.parallel_archipelago:Evolution time 0:00:20.882687	 age 90	 fitness 3.332e-02
Level 25:bingo.evolutionary_optimizers.evolutionary_optimizer:Generation: 50 	 Elapsed time: 0:03:05.108126 	 Best training fitness: 3.332278e-02 	 
Level 25:bingo.evolutionary_optimizers.evolutionary_optimizer:50, 1.851081e+02, 432132, 3.332278e-02, 3.332278e-02, 3.799117e-02, 4.070143e-02, 4.818435e-02, 4.827975e-02, 4.832116e-02, 4.857546e-02, 4.868042e-02, 4.891856e-02
INFO:bingo.evolutionary_optimizers.parallel_archipelago:Evolution time 0:00:36.949750	 age 110	 fitness 2.791e-02
Level 25:bingo.evolutionary_optimizers.evolutionary_optimizer:Generation: 60 	 Elapsed time: 0:03:42.442956 	 Best training fitness: 2.791250e-02 	 
Level 25:bingo.evolutionary_optimizers.evolutionary_optimizer:60, 2.224430e+02, 505302, 2.791250e-02, 2.791250e-02, 3.498375e-02, 3.525992e-02, 3.799117e-02, 4.052068e-02, 4.818435e-02, 4.827975e-02, 4.832009e-02, 4.832116e-02, 4.857546e-02, 4.868042e-02, 4.872304e-02
INFO:bingo.evolutionary_optimizers.parallel_archipelago:Evolution time 0:00:35.692578	 age 120	 fitness 2.771e-02
Level 25:bingo.evolutionary_optimizers.evolutionary_optimizer:Generation: 70 	 Elapsed time: 0:04:18.529184 	 Best training fitness: 2.770503e-02 	 
Level 25:bingo.evolutionary_optimizers.evolutionary_optimizer:70, 2.585292e+02, 594775, 2.770503e-02, 2.770503e-02, 3.466605e-02, 3.525992e-02, 3.790360e-02, 4.013839e-02, 4.043048e-02, 4.827975e-02, 4.832009e-02, 4.832116e-02, 4.851722e-02, 4.868042e-02, 4.872304e-02
INFO:bingo.evolutionary_optimizers.parallel_archipelago:Evolution time 0:01:17.916398	 age 140	 fitness 2.745e-02
Level 25:bingo.evolutionary_optimizers.evolutionary_optimizer:Generation: 80 	 Elapsed time: 0:05:36.842829 	 Best training fitness: 2.744691e-02 	 
Level 25:bingo.evolutionary_optimizers.evolutionary_optimizer:80, 3.368428e+02, 739605, 2.744691e-02, 2.744691e-02, 2.752373e-02, 3.525992e-02, 3.790360e-02, 4.013839e-02, 4.043048e-02, 4.827975e-02, 4.830629e-02, 4.832116e-02, 4.850577e-02, 4.858987e-02
INFO:bingo.evolutionary_optimizers.parallel_archipelago:Evolution time 0:01:04.115339	 age 160	 fitness 2.744e-02
Level 25:bingo.evolutionary_optimizers.evolutionary_optimizer:Generation: 90 	 Elapsed time: 0:06:41.403825 	 Best training fitness: 2.744371e-02 	 
Level 25:bingo.evolutionary_optimizers.evolutionary_optimizer:90, 4.014038e+02, 878923, 2.744371e-02, 2.744371e-02, 2.748696e-02, 2.752373e-02, 3.411539e-02, 3.790360e-02, 4.013839e-02, 4.043048e-02, 4.827975e-02, 4.830629e-02, 4.832116e-02, 4.843040e-02, 4.851805e-02
INFO:bingo.evolutionary_optimizers.parallel_archipelago:Evolution time 0:01:18.341247	 age 180	 fitness 2.483e-02
Level 25:bingo.evolutionary_optimizers.evolutionary_optimizer:Generation: 100 	 Elapsed time: 0:08:00.204372 	 Best training fitness: 2.483034e-02 	 
Level 25:bingo.evolutionary_optimizers.evolutionary_optimizer:100, 4.802044e+02, 1029586, 2.483034e-02, 2.483034e-02, 2.752373e-02, 3.253706e-02, 3.790360e-02, 4.013839e-02, 4.043048e-02, 4.827975e-02, 4.830629e-02, 4.832116e-02, 4.838861e-02, 4.851805e-02
INFO:bingo.evolutionary_optimizers.parallel_archipelago:Evolution time 0:01:01.176130	 age 190	 fitness 2.486e-02
Level 25:bingo.evolutionary_optimizers.evolutionary_optimizer:Generation: 110 	 Elapsed time: 0:09:01.769774 	 Best training fitness: 2.485591e-02 	 
Level 25:bingo.evolutionary_optimizers.evolutionary_optimizer:110, 5.417698e+02, 1131413, 2.485591e-02, 2.483034e-02, 2.752373e-02, 3.253706e-02, 3.780787e-02, 4.013839e-02, 4.043048e-02, 4.827975e-02, 4.830629e-02, 4.832116e-02, 4.836280e-02, 4.851805e-02
INFO:bingo.evolutionary_optimizers.parallel_archipelago:Evolution time 0:00:39.832162	 age 200	 fitness 2.483e-02
Level 25:bingo.evolutionary_optimizers.evolutionary_optimizer:Generation: 120 	 Elapsed time: 0:09:41.988747 	 Best training fitness: 2.482996e-02 	 
Level 25:bingo.evolutionary_optimizers.evolutionary_optimizer:120, 5.819887e+02, 1213476, 2.482996e-02, 2.482996e-02, 2.747326e-02, 2.790766e-02, 3.251714e-02, 3.780787e-02, 4.013839e-02, 4.043048e-02, 4.823090e-02, 4.830629e-02, 4.832116e-02, 4.836280e-02, 4.851805e-02
INFO:bingo.evolutionary_optimizers.parallel_archipelago:Evolution time 0:00:54.619857	 age 210	 fitness 2.375e-02
Level 25:bingo.evolutionary_optimizers.evolutionary_optimizer:Generation: 130 	 Elapsed time: 0:10:36.994022 	 Best training fitness: 2.375463e-02 	 
Level 25:bingo.evolutionary_optimizers.evolutionary_optimizer:130, 6.369940e+02, 1306069, 2.375463e-02, 2.375463e-02, 3.243805e-02, 3.780787e-02, 4.013839e-02, 4.043048e-02, 4.823090e-02, 4.830629e-02, 4.832116e-02, 4.836280e-02, 4.851805e-02
INFO:bingo.evolutionary_optimizers.parallel_archipelago:Evolution time 0:01:00.445606	 age 220	 fitness 2.287e-02
Level 25:bingo.evolutionary_optimizers.evolutionary_optimizer:Generation: 140 	 Elapsed time: 0:11:37.835405 	 Best training fitness: 2.286754e-02 	 
Level 25:bingo.evolutionary_optimizers.evolutionary_optimizer:140, 6.978354e+02, 1424825, 2.286754e-02, 2.286754e-02, 2.371163e-02, 3.238672e-02, 3.780787e-02, 4.013839e-02, 4.043048e-02, 4.823090e-02, 4.830629e-02, 4.832116e-02, 4.836280e-02, 4.845516e-02
INFO:bingo.evolutionary_optimizers.parallel_archipelago:Evolution time 0:00:23.744913	 age 230	 fitness 1.966e-02
Level 25:bingo.evolutionary_optimizers.evolutionary_optimizer:Generation: 150 	 Elapsed time: 0:12:01.978128 	 Best training fitness: 1.966463e-02 	 
Level 25:bingo.evolutionary_optimizers.evolutionary_optimizer:150, 7.219781e+02, 1495303, 1.966463e-02, 1.966463e-02, 2.318194e-02, 2.362071e-02, 2.371163e-02, 3.219999e-02, 3.238672e-02, 3.780787e-02, 4.013839e-02, 4.043048e-02, 4.823090e-02, 4.830629e-02, 4.832116e-02, 4.836280e-02, 4.845516e-02
INFO:bingo.evolutionary_optimizers.parallel_archipelago:Evolution time 0:01:02.661991	 age 260	 fitness 1.952e-02
Level 25:bingo.evolutionary_optimizers.evolutionary_optimizer:Generation: 160 	 Elapsed time: 0:13:05.095676 	 Best training fitness: 1.951796e-02 	 
Level 25:bingo.evolutionary_optimizers.evolutionary_optimizer:160, 7.850957e+02, 1590563, 1.951796e-02, 1.951796e-02, 1.952424e-02, 2.318194e-02, 2.362071e-02, 2.371163e-02, 3.190244e-02, 3.238672e-02, 3.780787e-02, 4.013839e-02, 4.043048e-02, 4.823090e-02, 4.829441e-02, 4.836280e-02, 4.845516e-02
INFO:bingo.evolutionary_optimizers.parallel_archipelago:Evolution time 0:00:38.819744	 age 270	 fitness 1.460e-02
Level 25:bingo.evolutionary_optimizers.evolutionary_optimizer:Generation: 170 	 Elapsed time: 0:13:44.325236 	 Best training fitness: 1.460349e-02 	 
Level 25:bingo.evolutionary_optimizers.evolutionary_optimizer:170, 8.243252e+02, 1670303, 1.460349e-02, 1.460349e-02, 1.951796e-02, 1.952424e-02, 2.318194e-02, 2.362071e-02, 2.371163e-02, 3.190244e-02, 3.238672e-02, 3.780787e-02, 4.013839e-02, 4.043048e-02, 4.823090e-02, 4.829441e-02, 4.836280e-02, 4.845516e-02
INFO:bingo.evolutionary_optimizers.parallel_archipelago:Evolution time 0:00:55.771698	 age 280	 fitness 1.451e-02
Level 25:bingo.evolutionary_optimizers.evolutionary_optimizer:Generation: 180 	 Elapsed time: 0:14:40.509634 	 Best training fitness: 1.450646e-02 	 
Level 25:bingo.evolutionary_optimizers.evolutionary_optimizer:180, 8.805096e+02, 1772597, 1.450646e-02, 1.450646e-02, 1.951796e-02, 1.952424e-02, 2.286585e-02, 2.310425e-02, 2.362071e-02, 2.371163e-02, 3.190244e-02, 3.238672e-02, 3.780787e-02, 3.960036e-02, 4.823090e-02, 4.829441e-02, 4.836280e-02, 4.845516e-02
INFO:bingo.evolutionary_optimizers.parallel_archipelago:Evolution time 0:00:41.347115	 age 290	 fitness 1.451e-02
Level 25:bingo.evolutionary_optimizers.evolutionary_optimizer:Generation: 190 	 Elapsed time: 0:15:22.276177 	 Best training fitness: 1.451280e-02 	 
Level 25:bingo.evolutionary_optimizers.evolutionary_optimizer:190, 9.222762e+02, 1857906, 1.451280e-02, 1.450646e-02, 1.951796e-02, 1.952424e-02, 2.248360e-02, 2.310425e-02, 2.362071e-02, 2.371163e-02, 2.812416e-02, 3.238672e-02, 3.780787e-02, 3.960036e-02, 4.823090e-02, 4.829441e-02, 4.836280e-02, 4.845516e-02
INFO:bingo.evolutionary_optimizers.parallel_archipelago:Evolution time 0:00:38.416635	 age 300	 fitness 1.444e-02
Level 25:bingo.evolutionary_optimizers.evolutionary_optimizer:Generation: 200 	 Elapsed time: 0:16:01.108399 	 Best training fitness: 1.443996e-02 	 
Level 25:bingo.evolutionary_optimizers.evolutionary_optimizer:200, 9.611084e+02, 1945091, 1.443996e-02, 1.443996e-02, 1.951796e-02, 1.952424e-02, 2.248360e-02, 2.310425e-02, 2.362071e-02, 2.371163e-02, 2.812416e-02, 3.238672e-02, 3.780787e-02, 3.960036e-02, 4.823090e-02, 4.829441e-02, 4.831490e-02
INFO:bingo.evolutionary_optimizers.parallel_archipelago:Evolution time 0:00:55.701059	 age 310	 fitness 1.440e-02
Level 25:bingo.evolutionary_optimizers.evolutionary_optimizer:Generation: 210 	 Elapsed time: 0:16:57.225462 	 Best training fitness: 1.440305e-02 	 
Level 25:bingo.evolutionary_optimizers.evolutionary_optimizer:210, 1.017225e+03, 2045559, 1.440305e-02, 1.440305e-02, 1.681106e-02, 1.952424e-02, 2.203907e-02, 2.248360e-02, 2.310425e-02, 2.362071e-02, 2.371163e-02, 2.812416e-02, 3.238672e-02, 3.780787e-02, 3.960036e-02, 4.823090e-02, 4.829441e-02, 4.831490e-02
INFO:bingo.evolutionary_optimizers.parallel_archipelago:Evolution time 0:00:39.979323	 age 320	 fitness 1.439e-02
Level 25:bingo.evolutionary_optimizers.evolutionary_optimizer:Generation: 220 	 Elapsed time: 0:17:37.625764 	 Best training fitness: 1.439173e-02 	 
Level 25:bingo.evolutionary_optimizers.evolutionary_optimizer:220, 1.057626e+03, 2139456, 1.439173e-02, 1.439173e-02, 1.681106e-02, 1.952424e-02, 2.186861e-02, 2.248360e-02, 2.310425e-02, 2.362071e-02, 2.371163e-02, 2.812416e-02, 3.238672e-02, 3.780787e-02, 3.960036e-02, 4.823090e-02, 4.829441e-02, 4.831490e-02
INFO:bingo.evolutionary_optimizers.parallel_archipelago:Evolution time 0:00:50.738949	 age 330	 fitness 1.440e-02
Level 25:bingo.evolutionary_optimizers.evolutionary_optimizer:Generation: 230 	 Elapsed time: 0:18:28.826991 	 Best training fitness: 1.440425e-02 	 
Level 25:bingo.evolutionary_optimizers.evolutionary_optimizer:230, 1.108827e+03, 2253560, 1.440425e-02, 1.439173e-02, 1.681106e-02, 1.952424e-02, 2.186861e-02, 2.248360e-02, 2.310425e-02, 2.362071e-02, 2.371163e-02, 2.812416e-02, 3.238672e-02, 3.780787e-02, 3.960036e-02, 4.823090e-02, 4.829441e-02, 4.831490e-02
INFO:bingo.evolutionary_optimizers.parallel_archipelago:Evolution time 0:00:46.625527	 age 340	 fitness 1.439e-02
Level 25:bingo.evolutionary_optimizers.evolutionary_optimizer:Generation: 240 	 Elapsed time: 0:19:15.860847 	 Best training fitness: 1.439420e-02 	 
Level 25:bingo.evolutionary_optimizers.evolutionary_optimizer:240, 1.155861e+03, 2342953, 1.439420e-02, 1.439173e-02, 1.681106e-02, 1.952424e-02, 2.186861e-02, 2.248360e-02, 2.310425e-02, 2.362071e-02, 2.371163e-02, 2.812416e-02, 3.238672e-02, 3.780787e-02, 3.960036e-02, 4.823090e-02, 4.829018e-02, 4.829441e-02, 4.831490e-02
INFO:bingo.evolutionary_optimizers.parallel_archipelago:Evolution time 0:00:44.355733	 age 360	 fitness 1.440e-02
Level 25:bingo.evolutionary_optimizers.evolutionary_optimizer:Generation: 250 	 Elapsed time: 0:20:00.632340 	 Best training fitness: 1.439867e-02 	 
Level 25:bingo.evolutionary_optimizers.evolutionary_optimizer:250, 1.200632e+03, 2437022, 1.439867e-02, 1.439173e-02, 1.681106e-02, 1.952424e-02, 2.186861e-02, 2.248360e-02, 2.310425e-02, 2.362071e-02, 2.371163e-02, 2.812416e-02, 3.238672e-02, 3.780787e-02, 3.960036e-02, 4.823090e-02, 4.829018e-02, 4.829441e-02, 4.831490e-02
INFO:bingo.evolutionary_optimizers.parallel_archipelago:Evolution time 0:00:53.723614	 age 370	 fitness 1.440e-02
Level 25:bingo.evolutionary_optimizers.evolutionary_optimizer:Generation: 260 	 Elapsed time: 0:20:54.780782 	 Best training fitness: 1.439808e-02 	 
Level 25:bingo.evolutionary_optimizers.evolutionary_optimizer:260, 1.254781e+03, 2541128, 1.439808e-02, 1.439173e-02, 1.681106e-02, 1.952424e-02, 2.186861e-02, 2.248360e-02, 2.310425e-02, 2.362071e-02, 2.371163e-02, 2.812416e-02, 3.238672e-02, 3.780787e-02, 3.960036e-02, 4.823090e-02, 4.825856e-02, 4.829441e-02, 4.831490e-02
INFO:bingo.evolutionary_optimizers.parallel_archipelago:Evolution time 0:01:09.244582	 age 390	 fitness 1.429e-02
Level 25:bingo.evolutionary_optimizers.evolutionary_optimizer:Generation: 270 	 Elapsed time: 0:22:04.430903 	 Best training fitness: 1.429312e-02 	 
Level 25:bingo.evolutionary_optimizers.evolutionary_optimizer:270, 1.324431e+03, 2646060, 1.429312e-02, 1.429312e-02, 1.439173e-02, 1.681106e-02, 1.952424e-02, 2.186861e-02, 2.248360e-02, 2.310425e-02, 2.362071e-02, 2.371163e-02, 2.812416e-02, 3.238672e-02, 3.780787e-02, 3.960036e-02, 4.823090e-02, 4.825856e-02, 4.829441e-02, 4.831490e-02
INFO:bingo.evolutionary_optimizers.parallel_archipelago:Evolution time 0:00:29.884043	 age 400	 fitness 2.844e-17
Level 25:bingo.evolutionary_optimizers.evolutionary_optimizer:Generation: 280 	 Elapsed time: 0:22:34.718791 	 Best training fitness: 2.843817e-17 	 
Level 25:bingo.evolutionary_optimizers.evolutionary_optimizer:280, 1.354719e+03, 2721599, 2.843817e-17, 2.843817e-17, 4.823090e-02, 4.825856e-02, 4.829441e-02, 4.831490e-02
Level 25:bingo.evolutionary_optimizers.evolutionary_optimizer:Evolution successfully converged.
Level 25:bingo.evolutionary_optimizers.evolutionary_optimizer:  Absolte convergence occurred with best fitness < 1e-10
Level 25:bingo.evolutionary_optimizers.evolutionary_optimizer:Hall of Fame:
2.843817004809538e-17	7	sin(log((X_0)(X_0) + (X_1)(X_1)))
0.04823090024263802	6	sin((sin(log(-0.024775)))(log(-0.024775)))
0.04825856400756107	4	sin(log(0.070936 + 0.070936))
0.04829440820063503	3	sin(log(-0.144071))
0.04831490038750331	1	-0.940644
