Level 25:bingo.evolutionary_optimizers.evolutionary_optimizer:#generational_age, elapsed_time, fitness_evaluation_count, current_training_fitness, hall_of_fame_fitnesses
Level 25:bingo.evolutionary_optimizers.evolutionary_optimizer:#generational_age, elapsed_time, fitness_evaluation_count, current_training_fitness, hall_of_fame_fitnesses
Level 25:bingo.evolutionary_optimizers.evolutionary_optimizer:Generation: 0 	 Elapsed time: 0:00:04.736461 	 Best training fitness: 7.260125e-02 	 
Level 25:bingo.evolutionary_optimizers.evolutionary_optimizer:0, 4.736461e+00, 14031, 7.260125e-02
INFO:bingo.evolutionary_optimizers.parallel_archipelago:Evolution time 0:00:34.589259	 age 30	 fitness 7.239e-02
Level 25:bingo.evolutionary_optimizers.evolutionary_optimizer:Generation: 10 	 Elapsed time: 0:00:39.517807 	 Best training fitness: 7.239055e-02 	 
Level 25:bingo.evolutionary_optimizers.evolutionary_optimizer:10, 3.951781e+01, 108975, 7.239055e-02, 7.239055e-02, 7.245952e-02, 7.258265e-02
INFO:bingo.evolutionary_optimizers.parallel_archipelago:Evolution time 0:00:15.967917	 age 40	 fitness 7.170e-02
Level 25:bingo.evolutionary_optimizers.evolutionary_optimizer:Generation: 20 	 Elapsed time: 0:00:55.693603 	 Best training fitness: 7.169755e-02 	 
Level 25:bingo.evolutionary_optimizers.evolutionary_optimizer:20, 5.569360e+01, 174207, 7.169755e-02, 7.169755e-02, 7.171177e-02, 7.234440e-02, 7.243734e-02
INFO:bingo.evolutionary_optimizers.parallel_archipelago:Evolution time 0:00:38.768334	 age 50	 fitness 7.170e-02
Level 25:bingo.evolutionary_optimizers.evolutionary_optimizer:Generation: 30 	 Elapsed time: 0:01:34.714558 	 Best training fitness: 7.169755e-02 	 
Level 25:bingo.evolutionary_optimizers.evolutionary_optimizer:30, 9.471456e+01, 254828, 7.169755e-02, 7.169755e-02, 7.171177e-02, 7.232791e-02, 7.233285e-02, 7.241953e-02
INFO:bingo.evolutionary_optimizers.parallel_archipelago:Evolution time 0:00:45.747968	 age 60	 fitness 7.169e-02
Level 25:bingo.evolutionary_optimizers.evolutionary_optimizer:Generation: 40 	 Elapsed time: 0:02:20.681745 	 Best training fitness: 7.169457e-02 	 
Level 25:bingo.evolutionary_optimizers.evolutionary_optimizer:40, 1.406817e+02, 334662, 7.169457e-02, 7.169457e-02, 7.230010e-02, 7.232588e-02
INFO:bingo.evolutionary_optimizers.parallel_archipelago:Evolution time 0:00:24.840399	 age 70	 fitness 7.166e-02
Level 25:bingo.evolutionary_optimizers.evolutionary_optimizer:Generation: 50 	 Elapsed time: 0:02:45.733729 	 Best training fitness: 7.166185e-02 	 
Level 25:bingo.evolutionary_optimizers.evolutionary_optimizer:50, 1.657337e+02, 408946, 7.166185e-02, 7.166185e-02, 7.168837e-02, 7.225627e-02
INFO:bingo.evolutionary_optimizers.parallel_archipelago:Evolution time 0:00:38.575851	 age 80	 fitness 6.838e-02
Level 25:bingo.evolutionary_optimizers.evolutionary_optimizer:Generation: 60 	 Elapsed time: 0:03:24.545072 	 Best training fitness: 6.838014e-02 	 
Level 25:bingo.evolutionary_optimizers.evolutionary_optimizer:60, 2.045451e+02, 484530, 6.838014e-02, 6.838014e-02, 7.161183e-02, 7.225627e-02
INFO:bingo.evolutionary_optimizers.parallel_archipelago:Evolution time 0:00:25.208277	 age 100	 fitness 6.808e-02
Level 25:bingo.evolutionary_optimizers.evolutionary_optimizer:Generation: 70 	 Elapsed time: 0:03:50.086261 	 Best training fitness: 6.807927e-02 	 
Level 25:bingo.evolutionary_optimizers.evolutionary_optimizer:70, 2.300863e+02, 566563, 6.807927e-02, 6.807927e-02, 7.161016e-02, 7.219493e-02, 7.225627e-02
INFO:bingo.evolutionary_optimizers.parallel_archipelago:Evolution time 0:00:38.606850	 age 120	 fitness 6.806e-02
Level 25:bingo.evolutionary_optimizers.evolutionary_optimizer:Generation: 80 	 Elapsed time: 0:04:29.026129 	 Best training fitness: 6.806164e-02 	 
Level 25:bingo.evolutionary_optimizers.evolutionary_optimizer:80, 2.690261e+02, 668769, 6.806164e-02, 6.806164e-02, 7.159016e-02, 7.161016e-02, 7.219493e-02, 7.225627e-02
INFO:bingo.evolutionary_optimizers.parallel_archipelago:Evolution time 0:00:26.099564	 age 150	 fitness 6.469e-02
Level 25:bingo.evolutionary_optimizers.evolutionary_optimizer:Generation: 90 	 Elapsed time: 0:04:55.504111 	 Best training fitness: 6.468995e-02 	 
Level 25:bingo.evolutionary_optimizers.evolutionary_optimizer:90, 2.955041e+02, 755614, 6.468995e-02, 6.468995e-02, 7.159016e-02, 7.161016e-02, 7.219493e-02, 7.223623e-02, 7.225627e-02
INFO:bingo.evolutionary_optimizers.parallel_archipelago:Evolution time 0:00:39.767515	 age 180	 fitness 6.315e-02
Level 25:bingo.evolutionary_optimizers.evolutionary_optimizer:Generation: 100 	 Elapsed time: 0:05:35.616745 	 Best training fitness: 6.314835e-02 	 
Level 25:bingo.evolutionary_optimizers.evolutionary_optimizer:100, 3.356167e+02, 864645, 6.314835e-02, 6.314835e-02, 7.154958e-02, 7.219493e-02, 7.223623e-02, 7.225627e-02
INFO:bingo.evolutionary_optimizers.parallel_archipelago:Evolution time 0:00:20.332939	 age 210	 fitness 5.660e-02
Level 25:bingo.evolutionary_optimizers.evolutionary_optimizer:Generation: 110 	 Elapsed time: 0:05:56.284853 	 Best training fitness: 5.659629e-02 	 
Level 25:bingo.evolutionary_optimizers.evolutionary_optimizer:110, 3.562849e+02, 937766, 5.659629e-02, 5.659629e-02, 5.868003e-02, 7.146747e-02, 7.154958e-02, 7.219493e-02, 7.223623e-02, 7.225627e-02
INFO:bingo.evolutionary_optimizers.parallel_archipelago:Evolution time 0:00:26.573428	 age 240	 fitness 5.334e-02
Level 25:bingo.evolutionary_optimizers.evolutionary_optimizer:Generation: 120 	 Elapsed time: 0:06:23.178945 	 Best training fitness: 5.334409e-02 	 
Level 25:bingo.evolutionary_optimizers.evolutionary_optimizer:120, 3.831789e+02, 1032604, 5.334409e-02, 5.334409e-02, 7.219493e-02, 7.223623e-02, 7.225627e-02
INFO:bingo.evolutionary_optimizers.parallel_archipelago:Evolution time 0:00:22.777610	 age 260	 fitness 5.171e-02
Level 25:bingo.evolutionary_optimizers.evolutionary_optimizer:Generation: 130 	 Elapsed time: 0:06:46.285640 	 Best training fitness: 5.171371e-02 	 
Level 25:bingo.evolutionary_optimizers.evolutionary_optimizer:130, 4.062856e+02, 1105449, 5.171371e-02, 5.171371e-02, 5.218914e-02, 5.328647e-02, 7.212310e-02, 7.219762e-02
INFO:bingo.evolutionary_optimizers.parallel_archipelago:Evolution time 0:00:27.144707	 age 270	 fitness 4.365e-02
Level 25:bingo.evolutionary_optimizers.evolutionary_optimizer:Generation: 140 	 Elapsed time: 0:07:13.648495 	 Best training fitness: 4.365296e-02 	 
Level 25:bingo.evolutionary_optimizers.evolutionary_optimizer:140, 4.336485e+02, 1168381, 4.365296e-02, 4.365296e-02, 5.309832e-02, 7.212310e-02, 7.219762e-02
INFO:bingo.evolutionary_optimizers.parallel_archipelago:Evolution time 0:00:47.886686	 age 280	 fitness 3.883e-02
Level 25:bingo.evolutionary_optimizers.evolutionary_optimizer:Generation: 150 	 Elapsed time: 0:08:01.756121 	 Best training fitness: 3.883295e-02 	 
Level 25:bingo.evolutionary_optimizers.evolutionary_optimizer:150, 4.817561e+02, 1245601, 3.883295e-02, 3.883295e-02, 4.365296e-02, 5.309832e-02, 7.212310e-02, 7.219762e-02
INFO:bingo.evolutionary_optimizers.parallel_archipelago:Evolution time 0:00:20.960672	 age 300	 fitness 3.861e-02
Level 25:bingo.evolutionary_optimizers.evolutionary_optimizer:Generation: 160 	 Elapsed time: 0:08:22.988818 	 Best training fitness: 3.861209e-02 	 
Level 25:bingo.evolutionary_optimizers.evolutionary_optimizer:160, 5.029888e+02, 1322518, 3.861209e-02, 3.861209e-02, 4.364952e-02, 5.309832e-02, 7.212310e-02, 7.219762e-02
INFO:bingo.evolutionary_optimizers.parallel_archipelago:Evolution time 0:00:31.107870	 age 320	 fitness 3.845e-02
Level 25:bingo.evolutionary_optimizers.evolutionary_optimizer:Generation: 170 	 Elapsed time: 0:08:54.349933 	 Best training fitness: 3.845395e-02 	 
Level 25:bingo.evolutionary_optimizers.evolutionary_optimizer:170, 5.343499e+02, 1412719, 3.845395e-02, 3.845395e-02, 4.359782e-02, 5.309832e-02, 7.212310e-02, 7.219762e-02
INFO:bingo.evolutionary_optimizers.parallel_archipelago:Evolution time 0:00:36.936445	 age 330	 fitness 3.738e-02
Level 25:bingo.evolutionary_optimizers.evolutionary_optimizer:Generation: 180 	 Elapsed time: 0:09:31.506815 	 Best training fitness: 3.738274e-02 	 
Level 25:bingo.evolutionary_optimizers.evolutionary_optimizer:180, 5.715068e+02, 1490701, 3.738274e-02, 3.738274e-02, 3.777874e-02, 4.358134e-02, 5.309832e-02, 7.212310e-02, 7.219762e-02
INFO:bingo.evolutionary_optimizers.parallel_archipelago:Evolution time 0:00:20.248673	 age 350	 fitness 3.483e-02
Level 25:bingo.evolutionary_optimizers.evolutionary_optimizer:Generation: 190 	 Elapsed time: 0:09:51.977895 	 Best training fitness: 3.482752e-02 	 
Level 25:bingo.evolutionary_optimizers.evolutionary_optimizer:190, 5.919779e+02, 1567546, 3.482752e-02, 3.482752e-02, 3.727115e-02, 3.777874e-02, 4.354399e-02, 5.309832e-02, 7.212310e-02, 7.219762e-02
INFO:bingo.evolutionary_optimizers.parallel_archipelago:Evolution time 0:00:28.909669	 age 360	 fitness 3.483e-02
Level 25:bingo.evolutionary_optimizers.evolutionary_optimizer:Generation: 200 	 Elapsed time: 0:10:21.151290 	 Best training fitness: 3.482752e-02 	 
Level 25:bingo.evolutionary_optimizers.evolutionary_optimizer:200, 6.211513e+02, 1648068, 3.482752e-02, 3.482752e-02, 3.727115e-02, 3.777874e-02, 4.354399e-02, 5.309832e-02, 7.212310e-02, 7.219762e-02
INFO:bingo.evolutionary_optimizers.parallel_archipelago:Evolution time 0:00:26.055370	 age 370	 fitness 3.483e-02
Level 25:bingo.evolutionary_optimizers.evolutionary_optimizer:Generation: 210 	 Elapsed time: 0:10:47.420568 	 Best training fitness: 3.482752e-02 	 
Level 25:bingo.evolutionary_optimizers.evolutionary_optimizer:210, 6.474206e+02, 1736115, 3.482752e-02, 3.482752e-02, 3.727115e-02, 3.777874e-02, 3.877610e-02, 5.309832e-02, 7.212310e-02, 7.219762e-02
INFO:bingo.evolutionary_optimizers.parallel_archipelago:Evolution time 0:00:28.190934	 age 390	 fitness 3.491e-02
Level 25:bingo.evolutionary_optimizers.evolutionary_optimizer:Generation: 220 	 Elapsed time: 0:11:15.823789 	 Best training fitness: 3.491337e-02 	 
Level 25:bingo.evolutionary_optimizers.evolutionary_optimizer:220, 6.758238e+02, 1830222, 3.491337e-02, 3.482752e-02, 3.727115e-02, 3.777874e-02, 3.877610e-02, 5.309832e-02, 7.212310e-02, 7.219762e-02
INFO:bingo.evolutionary_optimizers.parallel_archipelago:Evolution time 0:00:28.961113	 age 400	 fitness 3.482e-02
Level 25:bingo.evolutionary_optimizers.evolutionary_optimizer:Generation: 230 	 Elapsed time: 0:11:44.990917 	 Best training fitness: 3.481527e-02 	 
Level 25:bingo.evolutionary_optimizers.evolutionary_optimizer:230, 7.049909e+02, 1916988, 3.481527e-02, 3.481527e-02, 3.727115e-02, 3.777874e-02, 3.877610e-02, 5.309832e-02, 7.212310e-02, 7.219762e-02
INFO:bingo.evolutionary_optimizers.parallel_archipelago:Evolution time 0:00:27.357787	 age 420	 fitness 3.477e-02
Level 25:bingo.evolutionary_optimizers.evolutionary_optimizer:Generation: 240 	 Elapsed time: 0:12:12.714395 	 Best training fitness: 3.477253e-02 	 
Level 25:bingo.evolutionary_optimizers.evolutionary_optimizer:240, 7.327144e+02, 2005152, 3.477253e-02, 3.477253e-02, 3.727115e-02, 3.777874e-02, 3.872323e-02, 5.309832e-02, 7.212310e-02, 7.219762e-02
INFO:bingo.evolutionary_optimizers.parallel_archipelago:Evolution time 0:00:43.995855	 age 450	 fitness 3.480e-02
Level 25:bingo.evolutionary_optimizers.evolutionary_optimizer:Generation: 250 	 Elapsed time: 0:12:56.925554 	 Best training fitness: 3.479516e-02 	 
Level 25:bingo.evolutionary_optimizers.evolutionary_optimizer:250, 7.769256e+02, 2121090, 3.479516e-02, 3.477253e-02, 3.525359e-02, 3.872323e-02, 5.309832e-02, 7.212310e-02, 7.219762e-02
INFO:bingo.evolutionary_optimizers.parallel_archipelago:Evolution time 0:00:33.806670	 age 470	 fitness 3.483e-02
Level 25:bingo.evolutionary_optimizers.evolutionary_optimizer:Generation: 260 	 Elapsed time: 0:13:30.955517 	 Best training fitness: 3.482551e-02 	 
Level 25:bingo.evolutionary_optimizers.evolutionary_optimizer:260, 8.109555e+02, 2223065, 3.482551e-02, 3.477253e-02, 3.525359e-02, 3.872323e-02, 5.309832e-02, 7.212310e-02, 7.219481e-02, 7.219762e-02
INFO:bingo.evolutionary_optimizers.parallel_archipelago:Evolution time 0:00:42.119354	 age 490	 fitness 3.477e-02
Level 25:bingo.evolutionary_optimizers.evolutionary_optimizer:Generation: 270 	 Elapsed time: 0:14:13.387625 	 Best training fitness: 3.477310e-02 	 
Level 25:bingo.evolutionary_optimizers.evolutionary_optimizer:270, 8.533876e+02, 2341233, 3.477310e-02, 3.477253e-02, 3.525359e-02, 3.872323e-02, 5.309832e-02, 7.212310e-02, 7.219481e-02, 7.219762e-02
INFO:bingo.evolutionary_optimizers.parallel_archipelago:Evolution time 0:00:22.332726	 age 510	 fitness 3.476e-02
Level 25:bingo.evolutionary_optimizers.evolutionary_optimizer:Generation: 280 	 Elapsed time: 0:14:35.938525 	 Best training fitness: 3.475545e-02 	 
Level 25:bingo.evolutionary_optimizers.evolutionary_optimizer:280, 8.759385e+02, 2417436, 3.475545e-02, 3.475545e-02, 3.525359e-02, 3.872323e-02, 5.309832e-02, 7.212310e-02, 7.219481e-02, 7.219762e-02
INFO:bingo.evolutionary_optimizers.parallel_archipelago:Evolution time 0:00:32.756756	 age 540	 fitness 3.333e-02
Level 25:bingo.evolutionary_optimizers.evolutionary_optimizer:Generation: 290 	 Elapsed time: 0:15:09.010202 	 Best training fitness: 3.332888e-02 	 
Level 25:bingo.evolutionary_optimizers.evolutionary_optimizer:290, 9.090102e+02, 2537684, 3.332888e-02, 3.332888e-02, 3.439505e-02, 3.475545e-02, 3.525359e-02, 3.872323e-02, 5.309832e-02, 7.212310e-02, 7.219481e-02, 7.219762e-02
INFO:bingo.evolutionary_optimizers.parallel_archipelago:Evolution time 0:00:31.545064	 age 560	 fitness 2.679e-02
Level 25:bingo.evolutionary_optimizers.evolutionary_optimizer:Generation: 300 	 Elapsed time: 0:15:40.730726 	 Best training fitness: 2.678685e-02 	 
Level 25:bingo.evolutionary_optimizers.evolutionary_optimizer:300, 9.407307e+02, 2646325, 2.678685e-02, 2.678685e-02, 3.284723e-02, 3.475545e-02, 3.525359e-02, 3.872323e-02, 5.309832e-02, 7.212310e-02, 7.219481e-02, 7.219762e-02
INFO:bingo.evolutionary_optimizers.parallel_archipelago:Evolution time 0:00:26.718412	 age 570	 fitness 2.670e-02
Level 25:bingo.evolutionary_optimizers.evolutionary_optimizer:Generation: 310 	 Elapsed time: 0:16:07.662474 	 Best training fitness: 2.669870e-02 	 
Level 25:bingo.evolutionary_optimizers.evolutionary_optimizer:310, 9.676625e+02, 2725399, 2.669870e-02, 2.669870e-02, 3.284567e-02, 3.475545e-02, 3.525359e-02, 3.872323e-02, 5.309832e-02, 7.212310e-02, 7.219481e-02, 7.219762e-02
INFO:bingo.evolutionary_optimizers.parallel_archipelago:Evolution time 0:00:34.217243	 age 590	 fitness 2.660e-02
Level 25:bingo.evolutionary_optimizers.evolutionary_optimizer:Generation: 320 	 Elapsed time: 0:16:42.052336 	 Best training fitness: 2.660197e-02 	 
Level 25:bingo.evolutionary_optimizers.evolutionary_optimizer:320, 1.002052e+03, 2826934, 2.660197e-02, 2.660197e-02, 3.274887e-02, 3.475545e-02, 3.525359e-02, 3.872323e-02, 5.309832e-02, 7.212310e-02, 7.219481e-02, 7.219762e-02
INFO:bingo.evolutionary_optimizers.parallel_archipelago:Evolution time 0:00:22.393328	 age 610	 fitness 2.660e-02
Level 25:bingo.evolutionary_optimizers.evolutionary_optimizer:Generation: 330 	 Elapsed time: 0:17:04.639210 	 Best training fitness: 2.659535e-02 	 
Level 25:bingo.evolutionary_optimizers.evolutionary_optimizer:330, 1.024639e+03, 2903822, 2.659535e-02, 2.659535e-02, 3.274887e-02, 3.296458e-02, 3.475545e-02, 3.525359e-02, 3.870352e-02, 5.309832e-02, 7.212310e-02, 7.219481e-02, 7.219762e-02
INFO:bingo.evolutionary_optimizers.parallel_archipelago:Evolution time 0:00:26.747122	 age 620	 fitness 2.655e-02
Level 25:bingo.evolutionary_optimizers.evolutionary_optimizer:Generation: 340 	 Elapsed time: 0:17:31.590177 	 Best training fitness: 2.655473e-02 	 
Level 25:bingo.evolutionary_optimizers.evolutionary_optimizer:340, 1.051590e+03, 2985383, 2.655473e-02, 2.655473e-02, 3.271987e-02, 3.279518e-02, 3.475545e-02, 3.525359e-02, 3.870352e-02, 5.309832e-02, 7.212310e-02, 7.219481e-02, 7.219762e-02
INFO:bingo.evolutionary_optimizers.parallel_archipelago:Evolution time 0:00:29.265149	 age 630	 fitness 2.658e-02
Level 25:bingo.evolutionary_optimizers.evolutionary_optimizer:Generation: 350 	 Elapsed time: 0:18:01.054854 	 Best training fitness: 2.657700e-02 	 
Level 25:bingo.evolutionary_optimizers.evolutionary_optimizer:350, 1.081055e+03, 3068607, 2.657700e-02, 2.655473e-02, 2.834358e-02, 3.247444e-02, 3.276631e-02, 3.473765e-02, 3.525359e-02, 3.870352e-02, 5.309832e-02, 7.212310e-02, 7.219481e-02, 7.219762e-02
INFO:bingo.evolutionary_optimizers.parallel_archipelago:Evolution time 0:00:30.136987	 age 650	 fitness 2.655e-02
Level 25:bingo.evolutionary_optimizers.evolutionary_optimizer:Generation: 360 	 Elapsed time: 0:18:31.393199 	 Best training fitness: 2.655268e-02 	 
Level 25:bingo.evolutionary_optimizers.evolutionary_optimizer:360, 1.111393e+03, 3197723, 2.655268e-02, 2.655268e-02, 2.834358e-02, 3.247444e-02, 3.276631e-02, 3.405521e-02, 3.473765e-02, 3.525359e-02, 3.870352e-02, 5.309832e-02, 7.212310e-02, 7.219481e-02, 7.219762e-02
INFO:bingo.evolutionary_optimizers.parallel_archipelago:Evolution time 0:00:37.011107	 age 670	 fitness 2.653e-02
Level 25:bingo.evolutionary_optimizers.evolutionary_optimizer:Generation: 370 	 Elapsed time: 0:19:08.604326 	 Best training fitness: 2.652816e-02 	 
Level 25:bingo.evolutionary_optimizers.evolutionary_optimizer:370, 1.148604e+03, 3315772, 2.652816e-02, 2.652816e-02, 2.834358e-02, 3.242398e-02, 3.248732e-02, 3.405521e-02, 3.473765e-02, 3.525359e-02, 3.870352e-02, 5.309832e-02, 7.212310e-02, 7.219481e-02, 7.219762e-02
INFO:bingo.evolutionary_optimizers.parallel_archipelago:Evolution time 0:00:42.675071	 age 690	 fitness 2.653e-02
Level 25:bingo.evolutionary_optimizers.evolutionary_optimizer:Generation: 380 	 Elapsed time: 0:19:51.572102 	 Best training fitness: 2.652816e-02 	 
Level 25:bingo.evolutionary_optimizers.evolutionary_optimizer:380, 1.191572e+03, 3456331, 2.652816e-02, 2.652816e-02, 2.834358e-02, 3.242398e-02, 3.248732e-02, 3.405521e-02, 3.473765e-02, 3.525359e-02, 3.870352e-02, 5.309832e-02, 7.212310e-02, 7.219481e-02, 7.219762e-02
INFO:bingo.evolutionary_optimizers.parallel_archipelago:Evolution time 0:00:39.724042	 age 710	 fitness 2.653e-02
Level 25:bingo.evolutionary_optimizers.evolutionary_optimizer:Generation: 390 	 Elapsed time: 0:20:31.512847 	 Best training fitness: 2.652816e-02 	 
Level 25:bingo.evolutionary_optimizers.evolutionary_optimizer:390, 1.231513e+03, 3580581, 2.652816e-02, 2.652816e-02, 2.798081e-02, 3.056588e-02, 3.242398e-02, 3.248732e-02, 3.405521e-02, 3.458664e-02, 3.473765e-02, 3.525359e-02, 3.870352e-02, 5.309832e-02, 7.212310e-02, 7.219481e-02, 7.219762e-02
INFO:bingo.evolutionary_optimizers.parallel_archipelago:Evolution time 0:00:42.614105	 age 740	 fitness 2.655e-02
Level 25:bingo.evolutionary_optimizers.evolutionary_optimizer:Generation: 400 	 Elapsed time: 0:21:14.346156 	 Best training fitness: 2.654811e-02 	 
Level 25:bingo.evolutionary_optimizers.evolutionary_optimizer:400, 1.274346e+03, 3709393, 2.654811e-02, 2.652816e-02, 2.777161e-02, 3.056588e-02, 3.200328e-02, 3.248732e-02, 3.405521e-02, 3.455093e-02, 3.473765e-02, 3.525359e-02, 3.870352e-02, 5.309832e-02, 7.212310e-02, 7.219481e-02, 7.219762e-02
INFO:bingo.evolutionary_optimizers.parallel_archipelago:Evolution time 0:00:45.370453	 age 770	 fitness 2.658e-02
Level 25:bingo.evolutionary_optimizers.evolutionary_optimizer:Generation: 410 	 Elapsed time: 0:21:59.933930 	 Best training fitness: 2.657855e-02 	 
Level 25:bingo.evolutionary_optimizers.evolutionary_optimizer:410, 1.319934e+03, 3828620, 2.657855e-02, 2.652816e-02, 2.777161e-02, 3.056588e-02, 3.195288e-02, 3.405521e-02, 3.455093e-02, 3.473765e-02, 3.525359e-02, 3.870352e-02, 5.309832e-02, 7.212310e-02, 7.219481e-02, 7.219762e-02
INFO:bingo.evolutionary_optimizers.parallel_archipelago:Evolution time 0:00:40.650847	 age 790	 fitness 2.653e-02
Level 25:bingo.evolutionary_optimizers.evolutionary_optimizer:Generation: 420 	 Elapsed time: 0:22:40.798308 	 Best training fitness: 2.653121e-02 	 
Level 25:bingo.evolutionary_optimizers.evolutionary_optimizer:420, 1.360798e+03, 3964515, 2.653121e-02, 2.652816e-02, 2.654869e-02, 3.056588e-02, 3.195288e-02, 3.405521e-02, 3.455093e-02, 3.473765e-02, 3.525359e-02, 3.870352e-02, 5.309832e-02, 7.212310e-02, 7.219481e-02, 7.219762e-02
INFO:bingo.evolutionary_optimizers.parallel_archipelago:Evolution time 0:00:37.400602	 age 800	 fitness 2.654e-02
Level 25:bingo.evolutionary_optimizers.evolutionary_optimizer:Generation: 430 	 Elapsed time: 0:23:18.441413 	 Best training fitness: 2.654431e-02 	 
Level 25:bingo.evolutionary_optimizers.evolutionary_optimizer:430, 1.398441e+03, 4090360, 2.654431e-02, 2.652816e-02, 2.654869e-02, 2.840554e-02, 3.056588e-02, 3.185685e-02, 3.405521e-02, 3.455093e-02, 3.473765e-02, 3.525359e-02, 3.870352e-02, 5.309832e-02, 7.212310e-02, 7.219481e-02, 7.219762e-02
INFO:bingo.evolutionary_optimizers.parallel_archipelago:Evolution time 0:01:03.348967	 age 830	 fitness 2.655e-02
Level 25:bingo.evolutionary_optimizers.evolutionary_optimizer:Generation: 440 	 Elapsed time: 0:24:22.145403 	 Best training fitness: 2.654789e-02 	 
Level 25:bingo.evolutionary_optimizers.evolutionary_optimizer:440, 1.462145e+03, 4252380, 2.654789e-02, 2.652816e-02, 2.654869e-02, 2.840554e-02, 2.843295e-02, 3.267921e-02, 3.870352e-02, 5.309832e-02, 7.212310e-02, 7.219481e-02, 7.219762e-02
INFO:bingo.evolutionary_optimizers.parallel_archipelago:Evolution time 0:00:40.722373	 age 850	 fitness 2.654e-02
Level 25:bingo.evolutionary_optimizers.evolutionary_optimizer:Generation: 450 	 Elapsed time: 0:25:03.232971 	 Best training fitness: 2.654094e-02 	 
Level 25:bingo.evolutionary_optimizers.evolutionary_optimizer:450, 1.503233e+03, 4374312, 2.654094e-02, 2.652816e-02, 2.654869e-02, 2.840554e-02, 2.840594e-02, 3.267921e-02, 3.870352e-02, 5.309832e-02, 7.212310e-02, 7.219481e-02, 7.219762e-02
INFO:bingo.evolutionary_optimizers.parallel_archipelago:Evolution time 0:00:27.694817	 age 860	 fitness 2.653e-02
Level 25:bingo.evolutionary_optimizers.evolutionary_optimizer:Generation: 460 	 Elapsed time: 0:25:31.138471 	 Best training fitness: 2.653040e-02 	 
Level 25:bingo.evolutionary_optimizers.evolutionary_optimizer:460, 1.531138e+03, 4458067, 2.653040e-02, 2.652816e-02, 2.654869e-02, 2.828133e-02, 3.267921e-02, 3.870352e-02, 5.309832e-02, 7.212310e-02, 7.219481e-02, 7.219762e-02
INFO:bingo.evolutionary_optimizers.parallel_archipelago:Evolution time 0:00:25.150186	 age 880	 fitness 2.522e-02
Level 25:bingo.evolutionary_optimizers.evolutionary_optimizer:Generation: 470 	 Elapsed time: 0:25:56.496931 	 Best training fitness: 2.522499e-02 	 
Level 25:bingo.evolutionary_optimizers.evolutionary_optimizer:470, 1.556497e+03, 4544603, 2.522499e-02, 2.522499e-02, 2.654869e-02, 2.752844e-02, 2.827321e-02, 3.267921e-02, 3.870352e-02, 5.309832e-02, 7.212310e-02, 7.219481e-02, 7.219762e-02
INFO:bingo.evolutionary_optimizers.parallel_archipelago:Evolution time 0:00:22.840032	 age 900	 fitness 2.512e-02
Level 25:bingo.evolutionary_optimizers.evolutionary_optimizer:Generation: 480 	 Elapsed time: 0:26:19.545954 	 Best training fitness: 2.512177e-02 	 
Level 25:bingo.evolutionary_optimizers.evolutionary_optimizer:480, 1.579546e+03, 4626494, 2.512177e-02, 2.512177e-02, 2.636870e-02, 2.827321e-02, 3.267921e-02, 3.870352e-02, 5.309832e-02, 7.212310e-02, 7.219481e-02, 7.219762e-02
INFO:bingo.evolutionary_optimizers.parallel_archipelago:Evolution time 0:00:25.129460	 age 920	 fitness 2.510e-02
Level 25:bingo.evolutionary_optimizers.evolutionary_optimizer:Generation: 490 	 Elapsed time: 0:26:44.881689 	 Best training fitness: 2.509663e-02 	 
Level 25:bingo.evolutionary_optimizers.evolutionary_optimizer:490, 1.604882e+03, 4713972, 2.509663e-02, 2.509663e-02, 2.636870e-02, 2.827321e-02, 3.267921e-02, 3.870352e-02, 5.309832e-02, 7.212310e-02, 7.219481e-02, 7.219762e-02
INFO:bingo.evolutionary_optimizers.parallel_archipelago:Evolution time 0:00:21.359736	 age 930	 fitness 2.503e-02
Level 25:bingo.evolutionary_optimizers.evolutionary_optimizer:Generation: 500 	 Elapsed time: 0:27:06.448681 	 Best training fitness: 2.503185e-02 	 
Level 25:bingo.evolutionary_optimizers.evolutionary_optimizer:500, 1.626449e+03, 4781265, 2.503185e-02, 2.503185e-02, 2.628551e-02, 2.824582e-02, 3.267921e-02, 3.870352e-02, 5.309832e-02, 7.212310e-02, 7.219481e-02, 7.219762e-02
INFO:bingo.evolutionary_optimizers.parallel_archipelago:Evolution time 0:00:35.800331	 age 950	 fitness 2.270e-02
Level 25:bingo.evolutionary_optimizers.evolutionary_optimizer:Generation: 510 	 Elapsed time: 0:27:42.486176 	 Best training fitness: 2.269594e-02 	 
Level 25:bingo.evolutionary_optimizers.evolutionary_optimizer:510, 1.662486e+03, 4891776, 2.269594e-02, 2.269594e-02, 2.628551e-02, 2.824582e-02, 3.267921e-02, 3.870352e-02, 5.309832e-02, 7.212310e-02, 7.219481e-02, 7.219762e-02
INFO:bingo.evolutionary_optimizers.parallel_archipelago:Evolution time 0:00:46.725370	 age 970	 fitness 2.267e-02
Level 25:bingo.evolutionary_optimizers.evolutionary_optimizer:Generation: 520 	 Elapsed time: 0:28:29.417845 	 Best training fitness: 2.267049e-02 	 
Level 25:bingo.evolutionary_optimizers.evolutionary_optimizer:520, 1.709418e+03, 5008832, 2.267049e-02, 2.267049e-02, 2.627733e-02, 2.816335e-02, 3.267921e-02, 3.870352e-02, 5.309832e-02, 7.212310e-02, 7.219481e-02, 7.219762e-02
INFO:bingo.evolutionary_optimizers.parallel_archipelago:Evolution time 0:00:23.800976	 age 990	 fitness 2.258e-02
Level 25:bingo.evolutionary_optimizers.evolutionary_optimizer:Generation: 530 	 Elapsed time: 0:28:53.457326 	 Best training fitness: 2.258437e-02 	 
Level 25:bingo.evolutionary_optimizers.evolutionary_optimizer:530, 1.733457e+03, 5107345, 2.258437e-02, 2.258437e-02, 2.627733e-02, 2.816335e-02, 3.267921e-02, 3.870352e-02, 5.309832e-02, 7.212310e-02, 7.219481e-02, 7.219762e-02
INFO:bingo.evolutionary_optimizers.parallel_archipelago:Evolution time 0:00:44.217432	 age 1020	 fitness 2.256e-02
Level 25:bingo.evolutionary_optimizers.evolutionary_optimizer:Generation: 540 	 Elapsed time: 0:29:37.984646 	 Best training fitness: 2.256102e-02 	 
Level 25:bingo.evolutionary_optimizers.evolutionary_optimizer:540, 1.777985e+03, 5250519, 2.256102e-02, 2.256102e-02, 2.626546e-02, 2.816335e-02, 3.267921e-02, 3.870352e-02, 5.309832e-02, 7.212310e-02, 7.219481e-02, 7.219762e-02
INFO:bingo.evolutionary_optimizers.parallel_archipelago:Evolution time 0:00:47.669741	 age 1040	 fitness 2.256e-02
Level 25:bingo.evolutionary_optimizers.evolutionary_optimizer:Generation: 550 	 Elapsed time: 0:30:25.866023 	 Best training fitness: 2.255816e-02 	 
Level 25:bingo.evolutionary_optimizers.evolutionary_optimizer:550, 1.825866e+03, 5352009, 2.255816e-02, 2.255816e-02, 2.626546e-02, 2.816335e-02, 3.267921e-02, 3.870352e-02, 5.309832e-02, 7.212310e-02, 7.219481e-02, 7.219762e-02
INFO:bingo.evolutionary_optimizers.parallel_archipelago:Evolution time 0:00:13.931824	 age 1050	 fitness 2.255e-02
Level 25:bingo.evolutionary_optimizers.evolutionary_optimizer:Generation: 560 	 Elapsed time: 0:30:40.007541 	 Best training fitness: 2.255249e-02 	 
Level 25:bingo.evolutionary_optimizers.evolutionary_optimizer:560, 1.840008e+03, 5418729, 2.255249e-02, 2.255249e-02, 2.626546e-02, 2.816335e-02, 3.051330e-02, 3.267921e-02, 3.870352e-02, 5.309832e-02, 7.212310e-02, 7.219481e-02, 7.219762e-02
INFO:bingo.evolutionary_optimizers.parallel_archipelago:Evolution time 0:00:35.293926	 age 1060	 fitness 2.255e-02
Level 25:bingo.evolutionary_optimizers.evolutionary_optimizer:Generation: 570 	 Elapsed time: 0:31:15.513912 	 Best training fitness: 2.255249e-02 	 
Level 25:bingo.evolutionary_optimizers.evolutionary_optimizer:570, 1.875514e+03, 5521091, 2.255249e-02, 2.255249e-02, 2.626546e-02, 2.816335e-02, 3.047061e-02, 3.267921e-02, 3.870352e-02, 5.309832e-02, 7.212310e-02, 7.219481e-02, 7.219762e-02
INFO:bingo.evolutionary_optimizers.parallel_archipelago:Evolution time 0:00:29.655294	 age 1070	 fitness 2.257e-02
Level 25:bingo.evolutionary_optimizers.evolutionary_optimizer:Generation: 580 	 Elapsed time: 0:31:45.383733 	 Best training fitness: 2.256982e-02 	 
Level 25:bingo.evolutionary_optimizers.evolutionary_optimizer:580, 1.905384e+03, 5594073, 2.256982e-02, 2.255249e-02, 2.610919e-02, 2.626546e-02, 2.816335e-02, 3.042315e-02, 3.267921e-02, 3.870352e-02, 5.309832e-02, 7.212310e-02, 7.219481e-02, 7.219762e-02
INFO:bingo.evolutionary_optimizers.parallel_archipelago:Evolution time 0:00:26.337054	 age 1090	 fitness 2.257e-02
Level 25:bingo.evolutionary_optimizers.evolutionary_optimizer:Generation: 590 	 Elapsed time: 0:32:11.976897 	 Best training fitness: 2.257150e-02 	 
Level 25:bingo.evolutionary_optimizers.evolutionary_optimizer:590, 1.931977e+03, 5700138, 2.257150e-02, 2.255249e-02, 2.610919e-02, 2.626546e-02, 2.816335e-02, 3.035825e-02, 3.267921e-02, 3.870352e-02, 5.309832e-02, 7.212310e-02, 7.219481e-02, 7.219762e-02
INFO:bingo.evolutionary_optimizers.parallel_archipelago:Evolution time 0:00:27.571663	 age 1110	 fitness 2.256e-02
Level 25:bingo.evolutionary_optimizers.evolutionary_optimizer:Generation: 600 	 Elapsed time: 0:32:39.759241 	 Best training fitness: 2.255964e-02 	 
Level 25:bingo.evolutionary_optimizers.evolutionary_optimizer:600, 1.959759e+03, 5814787, 2.255964e-02, 2.255249e-02, 2.610919e-02, 2.626546e-02, 2.816335e-02, 3.027213e-02, 3.267921e-02, 3.870352e-02, 5.309832e-02, 7.212310e-02, 7.219481e-02, 7.219762e-02
INFO:bingo.evolutionary_optimizers.parallel_archipelago:Evolution time 0:00:21.774346	 age 1130	 fitness 2.253e-02
Level 25:bingo.evolutionary_optimizers.evolutionary_optimizer:Generation: 610 	 Elapsed time: 0:33:01.744351 	 Best training fitness: 2.252816e-02 	 
Level 25:bingo.evolutionary_optimizers.evolutionary_optimizer:610, 1.981744e+03, 5896145, 2.252816e-02, 2.252816e-02, 2.610919e-02, 2.626546e-02, 2.816335e-02, 3.027213e-02, 3.267921e-02, 3.870352e-02, 5.309832e-02, 7.212310e-02, 7.219481e-02, 7.219762e-02
INFO:bingo.evolutionary_optimizers.parallel_archipelago:Evolution time 0:00:39.159255	 age 1150	 fitness 2.255e-02
Level 25:bingo.evolutionary_optimizers.evolutionary_optimizer:Generation: 620 	 Elapsed time: 0:33:41.117801 	 Best training fitness: 2.255060e-02 	 
Level 25:bingo.evolutionary_optimizers.evolutionary_optimizer:620, 2.021118e+03, 6034060, 2.255060e-02, 2.252816e-02, 2.610919e-02, 2.626546e-02, 2.816335e-02, 3.027213e-02, 3.267921e-02, 3.870352e-02, 5.309832e-02, 7.212310e-02, 7.219481e-02, 7.219762e-02
INFO:bingo.evolutionary_optimizers.parallel_archipelago:Evolution time 0:00:39.214937	 age 1180	 fitness 2.256e-02
Level 25:bingo.evolutionary_optimizers.evolutionary_optimizer:Generation: 630 	 Elapsed time: 0:34:20.550610 	 Best training fitness: 2.255943e-02 	 
Level 25:bingo.evolutionary_optimizers.evolutionary_optimizer:630, 2.060551e+03, 6161283, 2.255943e-02, 2.252816e-02, 2.610919e-02, 2.626546e-02, 2.816335e-02, 3.027213e-02, 3.267921e-02, 3.870352e-02, 5.309832e-02, 7.212310e-02, 7.219481e-02, 7.219762e-02
INFO:bingo.evolutionary_optimizers.parallel_archipelago:Evolution time 0:00:33.635253	 age 1190	 fitness 2.256e-02
Level 25:bingo.evolutionary_optimizers.evolutionary_optimizer:Generation: 640 	 Elapsed time: 0:34:54.399986 	 Best training fitness: 2.255943e-02 	 
Level 25:bingo.evolutionary_optimizers.evolutionary_optimizer:640, 2.094400e+03, 6261808, 2.255943e-02, 2.252816e-02, 2.610919e-02, 2.626546e-02, 2.816335e-02, 3.027213e-02, 3.267921e-02, 3.870352e-02, 5.309832e-02, 7.212310e-02, 7.219481e-02, 7.219762e-02
INFO:bingo.evolutionary_optimizers.parallel_archipelago:Evolution time 0:00:21.910450	 age 1210	 fitness 2.258e-02
Level 25:bingo.evolutionary_optimizers.evolutionary_optimizer:Generation: 650 	 Elapsed time: 0:35:16.562458 	 Best training fitness: 2.257890e-02 	 
Level 25:bingo.evolutionary_optimizers.evolutionary_optimizer:650, 2.116562e+03, 6344527, 2.257890e-02, 2.252816e-02, 2.610919e-02, 2.626546e-02, 2.816335e-02, 3.027213e-02, 3.267921e-02, 3.870352e-02, 5.309832e-02, 7.212310e-02, 7.219481e-02, 7.219762e-02
INFO:bingo.evolutionary_optimizers.parallel_archipelago:Evolution time 0:00:52.330570	 age 1230	 fitness 2.258e-02
Level 25:bingo.evolutionary_optimizers.evolutionary_optimizer:Generation: 660 	 Elapsed time: 0:36:09.107098 	 Best training fitness: 2.257954e-02 	 
Level 25:bingo.evolutionary_optimizers.evolutionary_optimizer:660, 2.169107e+03, 6486441, 2.257954e-02, 2.252816e-02, 2.610919e-02, 2.626546e-02, 2.816335e-02, 2.966640e-02, 3.267921e-02, 3.633941e-02, 5.309832e-02, 7.212310e-02, 7.219481e-02, 7.219762e-02
INFO:bingo.evolutionary_optimizers.parallel_archipelago:Evolution time 0:00:24.770170	 age 1240	 fitness 2.256e-02
Level 25:bingo.evolutionary_optimizers.evolutionary_optimizer:Generation: 670 	 Elapsed time: 0:36:34.092071 	 Best training fitness: 2.255554e-02 	 
Level 25:bingo.evolutionary_optimizers.evolutionary_optimizer:670, 2.194092e+03, 6574174, 2.255554e-02, 2.252816e-02, 2.610919e-02, 2.626546e-02, 2.816335e-02, 2.966640e-02, 3.267921e-02, 3.630974e-02, 5.309832e-02, 7.212310e-02, 7.219481e-02, 7.219762e-02
INFO:bingo.evolutionary_optimizers.parallel_archipelago:Evolution time 0:00:27.345390	 age 1250	 fitness 2.256e-02
Level 25:bingo.evolutionary_optimizers.evolutionary_optimizer:Generation: 680 	 Elapsed time: 0:37:01.647483 	 Best training fitness: 2.256151e-02 	 
Level 25:bingo.evolutionary_optimizers.evolutionary_optimizer:680, 2.221647e+03, 6659478, 2.256151e-02, 2.252816e-02, 2.610919e-02, 2.626546e-02, 2.816335e-02, 2.956652e-02, 3.267921e-02, 3.630974e-02, 5.309832e-02, 7.212310e-02, 7.219481e-02, 7.219762e-02
INFO:bingo.evolutionary_optimizers.parallel_archipelago:Evolution time 0:00:43.921417	 age 1260	 fitness 2.258e-02
Level 25:bingo.evolutionary_optimizers.evolutionary_optimizer:Generation: 690 	 Elapsed time: 0:37:45.782541 	 Best training fitness: 2.258416e-02 	 
Level 25:bingo.evolutionary_optimizers.evolutionary_optimizer:690, 2.265783e+03, 6776131, 2.258416e-02, 2.252816e-02, 2.610919e-02, 2.626546e-02, 2.816335e-02, 2.956652e-02, 3.267921e-02, 3.626204e-02, 3.630974e-02, 5.309832e-02, 7.212310e-02, 7.219481e-02, 7.219762e-02
INFO:bingo.evolutionary_optimizers.parallel_archipelago:Evolution time 0:00:51.125810	 age 1270	 fitness 2.258e-02
Level 25:bingo.evolutionary_optimizers.evolutionary_optimizer:Generation: 700 	 Elapsed time: 0:38:37.127581 	 Best training fitness: 2.258416e-02 	 
Level 25:bingo.evolutionary_optimizers.evolutionary_optimizer:700, 2.317128e+03, 6914134, 2.258416e-02, 2.252816e-02, 2.610919e-02, 2.626546e-02, 2.816335e-02, 2.956652e-02, 3.267921e-02, 3.626204e-02, 3.630223e-02, 5.309832e-02, 7.212310e-02, 7.219481e-02, 7.219762e-02
INFO:bingo.evolutionary_optimizers.parallel_archipelago:Evolution time 0:00:56.552099	 age 1280	 fitness 2.255e-02
Level 25:bingo.evolutionary_optimizers.evolutionary_optimizer:Generation: 710 	 Elapsed time: 0:39:33.891203 	 Best training fitness: 2.255028e-02 	 
Level 25:bingo.evolutionary_optimizers.evolutionary_optimizer:710, 2.373891e+03, 7061980, 2.255028e-02, 2.252816e-02, 2.610919e-02, 2.626546e-02, 2.816335e-02, 2.956652e-02, 3.267921e-02, 3.626204e-02, 3.630223e-02, 5.309832e-02, 7.212310e-02, 7.219481e-02, 7.219762e-02
INFO:bingo.evolutionary_optimizers.parallel_archipelago:Evolution time 0:00:25.616562	 age 1300	 fitness 2.260e-02
Level 25:bingo.evolutionary_optimizers.evolutionary_optimizer:Generation: 720 	 Elapsed time: 0:39:59.755600 	 Best training fitness: 2.259907e-02 	 
Level 25:bingo.evolutionary_optimizers.evolutionary_optimizer:720, 2.399756e+03, 7145224, 2.259907e-02, 2.252816e-02, 2.610919e-02, 2.626546e-02, 2.816335e-02, 2.956652e-02, 3.267921e-02, 3.626204e-02, 3.630223e-02, 5.309832e-02, 7.212310e-02, 7.219481e-02, 7.219762e-02
INFO:bingo.evolutionary_optimizers.parallel_archipelago:Evolution time 0:00:26.988443	 age 1310	 fitness 2.256e-02
Level 25:bingo.evolutionary_optimizers.evolutionary_optimizer:Generation: 730 	 Elapsed time: 0:40:26.989286 	 Best training fitness: 2.255841e-02 	 
Level 25:bingo.evolutionary_optimizers.evolutionary_optimizer:730, 2.426989e+03, 7241685, 2.255841e-02, 2.252816e-02, 2.610919e-02, 2.626546e-02, 2.816335e-02, 2.956652e-02, 3.267921e-02, 3.626204e-02, 3.630223e-02, 5.309832e-02, 7.212310e-02, 7.219481e-02, 7.219762e-02
INFO:bingo.evolutionary_optimizers.parallel_archipelago:Evolution time 0:00:41.696704	 age 1330	 fitness 2.253e-02
Level 25:bingo.evolutionary_optimizers.evolutionary_optimizer:Generation: 740 	 Elapsed time: 0:41:09.019705 	 Best training fitness: 2.253496e-02 	 
Level 25:bingo.evolutionary_optimizers.evolutionary_optimizer:740, 2.469020e+03, 7378581, 2.253496e-02, 2.252816e-02, 2.610919e-02, 2.626546e-02, 2.816335e-02, 2.956652e-02, 3.267921e-02, 3.626204e-02, 3.630223e-02, 5.309832e-02, 7.212310e-02, 7.219481e-02, 7.219762e-02
INFO:bingo.evolutionary_optimizers.parallel_archipelago:Evolution time 0:00:39.954401	 age 1350	 fitness 2.255e-02
Level 25:bingo.evolutionary_optimizers.evolutionary_optimizer:Generation: 750 	 Elapsed time: 0:41:49.190492 	 Best training fitness: 2.255384e-02 	 
Level 25:bingo.evolutionary_optimizers.evolutionary_optimizer:750, 2.509190e+03, 7509986, 2.255384e-02, 2.252816e-02, 2.610919e-02, 2.626546e-02, 2.816335e-02, 2.956652e-02, 3.267921e-02, 3.626204e-02, 3.630223e-02, 5.309832e-02, 7.212310e-02, 7.219481e-02, 7.219762e-02
INFO:bingo.evolutionary_optimizers.parallel_archipelago:Evolution time 0:00:24.044318	 age 1370	 fitness 2.251e-02
Level 25:bingo.evolutionary_optimizers.evolutionary_optimizer:Generation: 760 	 Elapsed time: 0:42:13.456224 	 Best training fitness: 2.251035e-02 	 
Level 25:bingo.evolutionary_optimizers.evolutionary_optimizer:760, 2.533456e+03, 7600459, 2.251035e-02, 2.251035e-02, 2.610919e-02, 2.626546e-02, 2.816335e-02, 2.956652e-02, 3.267921e-02, 3.626204e-02, 3.630223e-02, 5.309832e-02, 7.212310e-02, 7.219481e-02, 7.219762e-02
INFO:bingo.evolutionary_optimizers.parallel_archipelago:Evolution time 0:00:26.313157	 age 1380	 fitness 2.251e-02
Level 25:bingo.evolutionary_optimizers.evolutionary_optimizer:Generation: 770 	 Elapsed time: 0:42:39.989146 	 Best training fitness: 2.251053e-02 	 
Level 25:bingo.evolutionary_optimizers.evolutionary_optimizer:770, 2.559989e+03, 7685874, 2.251053e-02, 2.251035e-02, 2.610919e-02, 2.626546e-02, 2.816335e-02, 2.956652e-02, 3.267921e-02, 3.626204e-02, 3.630223e-02, 5.309832e-02, 7.212310e-02, 7.219481e-02, 7.219762e-02
INFO:bingo.evolutionary_optimizers.parallel_archipelago:Evolution time 0:00:54.402222	 age 1400	 fitness 2.249e-02
Level 25:bingo.evolutionary_optimizers.evolutionary_optimizer:Generation: 780 	 Elapsed time: 0:43:34.608733 	 Best training fitness: 2.248906e-02 	 
Level 25:bingo.evolutionary_optimizers.evolutionary_optimizer:780, 2.614609e+03, 7821558, 2.248906e-02, 2.248906e-02, 2.607961e-02, 2.626546e-02, 2.816335e-02, 2.956652e-02, 3.267921e-02, 3.626204e-02, 3.630223e-02, 5.309832e-02, 7.212310e-02, 7.219481e-02, 7.219762e-02
INFO:bingo.evolutionary_optimizers.parallel_archipelago:Evolution time 0:00:27.095852	 age 1420	 fitness 2.253e-02
Level 25:bingo.evolutionary_optimizers.evolutionary_optimizer:Generation: 790 	 Elapsed time: 0:44:01.988870 	 Best training fitness: 2.253085e-02 	 
Level 25:bingo.evolutionary_optimizers.evolutionary_optimizer:790, 2.641989e+03, 7923940, 2.253085e-02, 2.248906e-02, 2.607961e-02, 2.626546e-02, 2.816335e-02, 2.956652e-02, 3.267921e-02, 3.626204e-02, 3.630223e-02, 5.309832e-02, 7.212310e-02, 7.219481e-02, 7.219762e-02
INFO:bingo.evolutionary_optimizers.parallel_archipelago:Evolution time 0:00:35.951502	 age 1430	 fitness 2.250e-02
Level 25:bingo.evolutionary_optimizers.evolutionary_optimizer:Generation: 800 	 Elapsed time: 0:44:38.158979 	 Best training fitness: 2.250294e-02 	 
Level 25:bingo.evolutionary_optimizers.evolutionary_optimizer:800, 2.678159e+03, 8021686, 2.250294e-02, 2.248906e-02, 2.607961e-02, 2.626546e-02, 2.816335e-02, 2.956652e-02, 3.267921e-02, 3.626204e-02, 3.630223e-02, 5.309832e-02, 7.212310e-02, 7.219481e-02, 7.219762e-02
INFO:bingo.evolutionary_optimizers.parallel_archipelago:Evolution time 0:00:55.813448	 age 1450	 fitness 2.249e-02
Level 25:bingo.evolutionary_optimizers.evolutionary_optimizer:Generation: 810 	 Elapsed time: 0:45:34.190064 	 Best training fitness: 2.249029e-02 	 
Level 25:bingo.evolutionary_optimizers.evolutionary_optimizer:810, 2.734190e+03, 8175999, 2.249029e-02, 2.248906e-02, 2.607961e-02, 2.626546e-02, 2.816335e-02, 2.956652e-02, 3.267921e-02, 3.626204e-02, 3.630223e-02, 5.309832e-02, 7.212310e-02, 7.219481e-02, 7.219762e-02
INFO:bingo.evolutionary_optimizers.parallel_archipelago:Evolution time 0:00:53.955580	 age 1460	 fitness 2.248e-02
Level 25:bingo.evolutionary_optimizers.evolutionary_optimizer:Generation: 820 	 Elapsed time: 0:46:28.364350 	 Best training fitness: 2.247712e-02 	 
Level 25:bingo.evolutionary_optimizers.evolutionary_optimizer:820, 2.788364e+03, 8308237, 2.247712e-02, 2.247712e-02, 2.607961e-02, 2.626546e-02, 2.816335e-02, 2.956652e-02, 3.267921e-02, 3.626204e-02, 3.630223e-02, 5.309832e-02, 7.212310e-02, 7.219481e-02, 7.219762e-02
INFO:bingo.evolutionary_optimizers.parallel_archipelago:Evolution time 0:00:34.199867	 age 1470	 fitness 2.248e-02
Level 25:bingo.evolutionary_optimizers.evolutionary_optimizer:Generation: 830 	 Elapsed time: 0:47:02.782885 	 Best training fitness: 2.247712e-02 	 
Level 25:bingo.evolutionary_optimizers.evolutionary_optimizer:830, 2.822783e+03, 8400723, 2.247712e-02, 2.247712e-02, 2.600260e-02, 2.626546e-02, 2.816335e-02, 2.956652e-02, 3.267921e-02, 3.626204e-02, 3.630223e-02, 5.309832e-02, 7.212310e-02, 7.219481e-02, 7.219762e-02
INFO:bingo.evolutionary_optimizers.parallel_archipelago:Evolution time 0:00:25.807887	 age 1480	 fitness 2.251e-02
Level 25:bingo.evolutionary_optimizers.evolutionary_optimizer:Generation: 840 	 Elapsed time: 0:47:28.810512 	 Best training fitness: 2.251248e-02 	 
Level 25:bingo.evolutionary_optimizers.evolutionary_optimizer:840, 2.848811e+03, 8487021, 2.251248e-02, 2.247712e-02, 2.598162e-02, 2.626546e-02, 2.816335e-02, 2.956652e-02, 3.267921e-02, 3.626204e-02, 3.630223e-02, 5.309832e-02, 7.212310e-02, 7.219481e-02, 7.219762e-02
INFO:bingo.evolutionary_optimizers.parallel_archipelago:Evolution time 0:00:44.720944	 age 1500	 fitness 2.249e-02
Level 25:bingo.evolutionary_optimizers.evolutionary_optimizer:Generation: 850 	 Elapsed time: 0:48:13.748045 	 Best training fitness: 2.249002e-02 	 
Level 25:bingo.evolutionary_optimizers.evolutionary_optimizer:850, 2.893748e+03, 8638791, 2.249002e-02, 2.247712e-02, 2.598162e-02, 2.626546e-02, 2.816335e-02, 2.956652e-02, 3.267921e-02, 3.626204e-02, 3.630223e-02, 5.309832e-02, 7.212310e-02, 7.219481e-02, 7.219762e-02
INFO:bingo.evolutionary_optimizers.parallel_archipelago:Evolution time 0:00:43.479832	 age 1520	 fitness 2.251e-02
Level 25:bingo.evolutionary_optimizers.evolutionary_optimizer:Generation: 860 	 Elapsed time: 0:48:57.481487 	 Best training fitness: 2.250515e-02 	 
Level 25:bingo.evolutionary_optimizers.evolutionary_optimizer:860, 2.937481e+03, 8796398, 2.250515e-02, 2.247712e-02, 2.598162e-02, 2.626546e-02, 2.816335e-02, 2.956652e-02, 3.267921e-02, 3.626204e-02, 3.630223e-02, 5.309832e-02, 7.212310e-02, 7.219481e-02, 7.219762e-02
INFO:bingo.evolutionary_optimizers.parallel_archipelago:Evolution time 0:00:43.832994	 age 1540	 fitness 2.251e-02
Level 25:bingo.evolutionary_optimizers.evolutionary_optimizer:Generation: 870 	 Elapsed time: 0:49:41.532233 	 Best training fitness: 2.251480e-02 	 
Level 25:bingo.evolutionary_optimizers.evolutionary_optimizer:870, 2.981532e+03, 8924168, 2.251480e-02, 2.247712e-02, 2.598162e-02, 2.626546e-02, 2.816335e-02, 2.956652e-02, 3.267921e-02, 3.626204e-02, 3.630223e-02, 5.309832e-02, 7.212310e-02, 7.219481e-02, 7.219762e-02
INFO:bingo.evolutionary_optimizers.parallel_archipelago:Evolution time 0:00:44.157602	 age 1550	 fitness 2.252e-02
Level 25:bingo.evolutionary_optimizers.evolutionary_optimizer:Generation: 880 	 Elapsed time: 0:50:25.908704 	 Best training fitness: 2.252448e-02 	 
Level 25:bingo.evolutionary_optimizers.evolutionary_optimizer:880, 3.025909e+03, 9061718, 2.252448e-02, 2.247712e-02, 2.592168e-02, 2.626546e-02, 2.816335e-02, 2.956652e-02, 3.267921e-02, 3.626204e-02, 3.630223e-02, 5.309832e-02, 7.212310e-02, 7.219481e-02, 7.219762e-02
INFO:bingo.evolutionary_optimizers.parallel_archipelago:Evolution time 0:00:36.759638	 age 1570	 fitness 2.251e-02
Level 25:bingo.evolutionary_optimizers.evolutionary_optimizer:Generation: 890 	 Elapsed time: 0:51:02.887524 	 Best training fitness: 2.251396e-02 	 
Level 25:bingo.evolutionary_optimizers.evolutionary_optimizer:890, 3.062888e+03, 9186848, 2.251396e-02, 2.247712e-02, 2.592168e-02, 2.626546e-02, 2.816335e-02, 2.956652e-02, 3.267921e-02, 3.626204e-02, 3.630223e-02, 5.309832e-02, 7.212310e-02, 7.219481e-02, 7.219762e-02
INFO:bingo.evolutionary_optimizers.parallel_archipelago:Evolution time 0:00:44.655342	 age 1600	 fitness 2.252e-02
Level 25:bingo.evolutionary_optimizers.evolutionary_optimizer:Generation: 900 	 Elapsed time: 0:51:47.762363 	 Best training fitness: 2.251805e-02 	 
Level 25:bingo.evolutionary_optimizers.evolutionary_optimizer:900, 3.107762e+03, 9333040, 2.251805e-02, 2.247712e-02, 2.592168e-02, 2.626546e-02, 2.816335e-02, 2.956652e-02, 3.267921e-02, 3.626204e-02, 3.630223e-02, 5.309832e-02, 7.212310e-02, 7.219481e-02, 7.219762e-02
INFO:bingo.evolutionary_optimizers.parallel_archipelago:Evolution time 0:00:43.973871	 age 1620	 fitness 2.252e-02
Level 25:bingo.evolutionary_optimizers.evolutionary_optimizer:Generation: 910 	 Elapsed time: 0:52:31.991593 	 Best training fitness: 2.251805e-02 	 
Level 25:bingo.evolutionary_optimizers.evolutionary_optimizer:910, 3.151992e+03, 9505578, 2.251805e-02, 2.247712e-02, 2.592168e-02, 2.626546e-02, 2.816335e-02, 2.956652e-02, 3.267921e-02, 3.626204e-02, 3.630223e-02, 5.309832e-02, 7.212310e-02, 7.219481e-02, 7.219762e-02
INFO:bingo.evolutionary_optimizers.parallel_archipelago:Evolution time 0:01:07.321975	 age 1640	 fitness 2.251e-02
Level 25:bingo.evolutionary_optimizers.evolutionary_optimizer:Generation: 920 	 Elapsed time: 0:53:39.564192 	 Best training fitness: 2.251426e-02 	 
Level 25:bingo.evolutionary_optimizers.evolutionary_optimizer:920, 3.219564e+03, 9687872, 2.251426e-02, 2.247712e-02, 2.592168e-02, 2.626546e-02, 2.816335e-02, 2.956652e-02, 3.267921e-02, 3.626204e-02, 3.630223e-02, 5.309832e-02, 7.212310e-02, 7.219481e-02, 7.219762e-02
INFO:bingo.evolutionary_optimizers.parallel_archipelago:Evolution time 0:00:52.398514	 age 1660	 fitness 2.248e-02
Level 25:bingo.evolutionary_optimizers.evolutionary_optimizer:Generation: 930 	 Elapsed time: 0:54:32.180634 	 Best training fitness: 2.247753e-02 	 
Level 25:bingo.evolutionary_optimizers.evolutionary_optimizer:930, 3.272181e+03, 9885595, 2.247753e-02, 2.247712e-02, 2.592168e-02, 2.626546e-02, 2.816335e-02, 2.956652e-02, 3.267921e-02, 3.626204e-02, 3.630223e-02, 5.309832e-02, 7.212310e-02, 7.219481e-02, 7.219762e-02
INFO:bingo.evolutionary_optimizers.parallel_archipelago:Evolution time 0:00:58.073849	 age 1680	 fitness 2.252e-02
Level 25:bingo.evolutionary_optimizers.evolutionary_optimizer:Generation: 940 	 Elapsed time: 0:55:30.474526 	 Best training fitness: 2.251889e-02 	 
Level 25:bingo.evolutionary_optimizers.evolutionary_optimizer:940, 3.330475e+03, 10063245, 2.251889e-02, 2.247712e-02, 2.592168e-02, 2.626546e-02, 2.816335e-02, 2.956652e-02, 3.267921e-02, 3.626204e-02, 3.630223e-02, 5.309832e-02, 7.212310e-02, 7.219481e-02, 7.219762e-02
INFO:bingo.evolutionary_optimizers.parallel_archipelago:Evolution time 0:00:36.847106	 age 1690	 fitness 2.250e-02
Level 25:bingo.evolutionary_optimizers.evolutionary_optimizer:Generation: 950 	 Elapsed time: 0:56:07.536874 	 Best training fitness: 2.249682e-02 	 
Level 25:bingo.evolutionary_optimizers.evolutionary_optimizer:950, 3.367537e+03, 10179173, 2.249682e-02, 2.247712e-02, 2.592168e-02, 2.626546e-02, 2.816335e-02, 2.956652e-02, 3.267921e-02, 3.626204e-02, 3.630223e-02, 5.309832e-02, 7.212310e-02, 7.219481e-02, 7.219762e-02
INFO:bingo.evolutionary_optimizers.parallel_archipelago:Evolution time 0:00:59.617941	 age 1700	 fitness 2.250e-02
Level 25:bingo.evolutionary_optimizers.evolutionary_optimizer:Generation: 960 	 Elapsed time: 0:57:07.370008 	 Best training fitness: 2.250125e-02 	 
Level 25:bingo.evolutionary_optimizers.evolutionary_optimizer:960, 3.427370e+03, 10317448, 2.250125e-02, 2.247712e-02, 2.592168e-02, 2.626546e-02, 2.816335e-02, 2.956652e-02, 3.267921e-02, 3.626204e-02, 3.630223e-02, 5.309832e-02, 7.212310e-02, 7.219481e-02, 7.219762e-02
INFO:bingo.evolutionary_optimizers.parallel_archipelago:Evolution time 0:00:55.018858	 age 1710	 fitness 2.250e-02
Level 25:bingo.evolutionary_optimizers.evolutionary_optimizer:Generation: 970 	 Elapsed time: 0:58:02.605136 	 Best training fitness: 2.250125e-02 	 
Level 25:bingo.evolutionary_optimizers.evolutionary_optimizer:970, 3.482605e+03, 10477051, 2.250125e-02, 2.247712e-02, 2.592168e-02, 2.626546e-02, 2.816335e-02, 2.956652e-02, 3.267921e-02, 3.626204e-02, 3.630223e-02, 5.309832e-02, 7.212310e-02, 7.219481e-02, 7.219762e-02
INFO:bingo.evolutionary_optimizers.parallel_archipelago:Evolution time 0:01:06.044116	 age 1720	 fitness 2.253e-02
Level 25:bingo.evolutionary_optimizers.evolutionary_optimizer:Generation: 980 	 Elapsed time: 0:59:08.863846 	 Best training fitness: 2.252728e-02 	 
Level 25:bingo.evolutionary_optimizers.evolutionary_optimizer:980, 3.548864e+03, 10661693, 2.252728e-02, 2.247712e-02, 2.592168e-02, 2.626546e-02, 2.816335e-02, 2.956652e-02, 3.267921e-02, 3.626204e-02, 3.630223e-02, 5.309832e-02, 7.212310e-02, 7.219481e-02, 7.219762e-02
INFO:bingo.evolutionary_optimizers.parallel_archipelago:Evolution time 0:00:53.113815	 age 1740	 fitness 1.835e-02
Level 25:bingo.evolutionary_optimizers.evolutionary_optimizer:Generation: 990 	 Elapsed time: 1:00:02.228829 	 Best training fitness: 1.834923e-02 	 
Level 25:bingo.evolutionary_optimizers.evolutionary_optimizer:990, 3.602229e+03, 10833827, 1.834923e-02, 1.834923e-02, 1.842549e-02, 1.979860e-02, 3.630223e-02, 5.309832e-02, 7.212310e-02, 7.219481e-02, 7.219762e-02
INFO:bingo.evolutionary_optimizers.parallel_archipelago:Evolution time 0:00:35.062452	 age 1760	 fitness 4.266e-17
Level 25:bingo.evolutionary_optimizers.evolutionary_optimizer:Generation: 1000 	 Elapsed time: 1:00:37.486965 	 Best training fitness: 4.265726e-17 	 
Level 25:bingo.evolutionary_optimizers.evolutionary_optimizer:1000, 3.637487e+03, 10961449, 4.265726e-17, 4.265726e-17, 7.212310e-02, 7.219481e-02, 7.219762e-02
Level 25:bingo.evolutionary_optimizers.evolutionary_optimizer:Evolution successfully converged.
Level 25:bingo.evolutionary_optimizers.evolutionary_optimizer:  Absolte convergence occurred with best fitness < 1e-10
Level 25:bingo.evolutionary_optimizers.evolutionary_optimizer:Hall of Fame:
4.265725507214305e-17	8	sin(log((X_0)(X_0) + (X_1)(X_1)))
0.07212310463113666	7	sin(log((log((X_0)(-0.076433)))((X_0)(-0.076433))))
0.0721948083180592	5	sin(log((0.384923)(sin(0.384923))))
0.07219762105666373	1	-0.936200
