Level 25:bingo.evolutionary_optimizers.evolutionary_optimizer:#generational_age, elapsed_time, fitness_evaluation_count, current_training_fitness, hall_of_fame_fitnesses
Level 25:bingo.evolutionary_optimizers.evolutionary_optimizer:#generational_age, elapsed_time, fitness_evaluation_count, current_training_fitness, hall_of_fame_fitnesses
Level 25:bingo.evolutionary_optimizers.evolutionary_optimizer:Generation: 0 	 Elapsed time: 0:00:03.992321 	 Best training fitness: 4.924674e-02 	 
Level 25:bingo.evolutionary_optimizers.evolutionary_optimizer:0, 3.992321e+00, 11660, 4.924674e-02
INFO:bingo.evolutionary_optimizers.parallel_archipelago:Evolution time 0:00:21.350474	 age 10	 fitness 4.827e-02
Level 25:bingo.evolutionary_optimizers.evolutionary_optimizer:Generation: 10 	 Elapsed time: 0:00:25.550432 	 Best training fitness: 4.827361e-02 	 
Level 25:bingo.evolutionary_optimizers.evolutionary_optimizer:10, 2.555043e+01, 92030, 4.827361e-02, 4.827361e-02, 4.843547e-02
INFO:bingo.evolutionary_optimizers.parallel_archipelago:Evolution time 0:00:31.402269	 age 40	 fitness 4.816e-02
Level 25:bingo.evolutionary_optimizers.evolutionary_optimizer:Generation: 20 	 Elapsed time: 0:00:57.145575 	 Best training fitness: 4.816274e-02 	 
Level 25:bingo.evolutionary_optimizers.evolutionary_optimizer:20, 5.714558e+01, 171500, 4.816274e-02, 4.816274e-02, 4.826653e-02, 4.843547e-02
INFO:bingo.evolutionary_optimizers.parallel_archipelago:Evolution time 0:00:36.769562	 age 60	 fitness 4.819e-02
Level 25:bingo.evolutionary_optimizers.evolutionary_optimizer:Generation: 30 	 Elapsed time: 0:01:34.152843 	 Best training fitness: 4.819206e-02 	 
Level 25:bingo.evolutionary_optimizers.evolutionary_optimizer:30, 9.415284e+01, 274496, 4.819206e-02, 4.816274e-02, 4.826653e-02, 4.843547e-02
INFO:bingo.evolutionary_optimizers.parallel_archipelago:Evolution time 0:00:23.672050	 age 80	 fitness 4.819e-02
Level 25:bingo.evolutionary_optimizers.evolutionary_optimizer:Generation: 40 	 Elapsed time: 0:01:58.016376 	 Best training fitness: 4.819206e-02 	 
Level 25:bingo.evolutionary_optimizers.evolutionary_optimizer:40, 1.180164e+02, 357231, 4.819206e-02, 4.816274e-02, 4.826653e-02, 4.843547e-02
INFO:bingo.evolutionary_optimizers.parallel_archipelago:Evolution time 0:00:24.911891	 age 110	 fitness 4.812e-02
Level 25:bingo.evolutionary_optimizers.evolutionary_optimizer:Generation: 50 	 Elapsed time: 0:02:23.119257 	 Best training fitness: 4.812242e-02 	 
Level 25:bingo.evolutionary_optimizers.evolutionary_optimizer:50, 1.431193e+02, 444949, 4.812242e-02, 4.812242e-02, 4.839158e-02, 4.843547e-02
INFO:bingo.evolutionary_optimizers.parallel_archipelago:Evolution time 0:00:27.541163	 age 140	 fitness 4.812e-02
Level 25:bingo.evolutionary_optimizers.evolutionary_optimizer:Generation: 60 	 Elapsed time: 0:02:50.848745 	 Best training fitness: 4.812242e-02 	 
Level 25:bingo.evolutionary_optimizers.evolutionary_optimizer:60, 1.708487e+02, 517390, 4.812242e-02, 4.812242e-02, 4.833998e-02, 4.836307e-02, 4.843547e-02
INFO:bingo.evolutionary_optimizers.parallel_archipelago:Evolution time 0:00:29.084989	 age 180	 fitness 4.838e-02
Level 25:bingo.evolutionary_optimizers.evolutionary_optimizer:Generation: 70 	 Elapsed time: 0:03:20.121285 	 Best training fitness: 4.838307e-02 	 
Level 25:bingo.evolutionary_optimizers.evolutionary_optimizer:70, 2.001213e+02, 605686, 4.838307e-02, 4.812242e-02, 4.833998e-02, 4.836307e-02, 4.843547e-02
INFO:bingo.evolutionary_optimizers.parallel_archipelago:Evolution time 0:00:23.316660	 age 190	 fitness 4.826e-02
Level 25:bingo.evolutionary_optimizers.evolutionary_optimizer:Generation: 80 	 Elapsed time: 0:03:43.627037 	 Best training fitness: 4.826496e-02 	 
Level 25:bingo.evolutionary_optimizers.evolutionary_optimizer:80, 2.236270e+02, 683813, 4.826496e-02, 4.812242e-02, 4.833998e-02, 4.834835e-02, 4.843547e-02
INFO:bingo.evolutionary_optimizers.parallel_archipelago:Evolution time 0:00:41.989359	 age 200	 fitness 4.825e-02
Level 25:bingo.evolutionary_optimizers.evolutionary_optimizer:Generation: 90 	 Elapsed time: 0:04:25.844893 	 Best training fitness: 4.824922e-02 	 
Level 25:bingo.evolutionary_optimizers.evolutionary_optimizer:90, 2.658449e+02, 789936, 4.824922e-02, 4.812242e-02, 4.824922e-02, 4.843547e-02
INFO:bingo.evolutionary_optimizers.parallel_archipelago:Evolution time 0:00:20.174767	 age 220	 fitness 4.825e-02
Level 25:bingo.evolutionary_optimizers.evolutionary_optimizer:Generation: 100 	 Elapsed time: 0:04:46.243334 	 Best training fitness: 4.824922e-02 	 
Level 25:bingo.evolutionary_optimizers.evolutionary_optimizer:100, 2.862433e+02, 862790, 4.824922e-02, 4.812242e-02, 4.824922e-02, 4.841425e-02
INFO:bingo.evolutionary_optimizers.parallel_archipelago:Evolution time 0:00:17.171619	 age 240	 fitness 4.827e-02
Level 25:bingo.evolutionary_optimizers.evolutionary_optimizer:Generation: 110 	 Elapsed time: 0:05:03.599693 	 Best training fitness: 4.826926e-02 	 
Level 25:bingo.evolutionary_optimizers.evolutionary_optimizer:110, 3.035997e+02, 939412, 4.826926e-02, 4.812242e-02, 4.824922e-02, 4.841425e-02
INFO:bingo.evolutionary_optimizers.parallel_archipelago:Evolution time 0:00:16.623244	 age 250	 fitness 4.830e-02
Level 25:bingo.evolutionary_optimizers.evolutionary_optimizer:Generation: 120 	 Elapsed time: 0:05:20.441205 	 Best training fitness: 4.829661e-02 	 
Level 25:bingo.evolutionary_optimizers.evolutionary_optimizer:120, 3.204412e+02, 1004537, 4.829661e-02, 4.812242e-02, 4.824922e-02, 4.841425e-02
INFO:bingo.evolutionary_optimizers.parallel_archipelago:Evolution time 0:00:14.962207	 age 260	 fitness 4.820e-02
Level 25:bingo.evolutionary_optimizers.evolutionary_optimizer:Generation: 130 	 Elapsed time: 0:05:35.586752 	 Best training fitness: 4.820137e-02 	 
Level 25:bingo.evolutionary_optimizers.evolutionary_optimizer:130, 3.355868e+02, 1064167, 4.820137e-02, 4.812242e-02, 4.824922e-02, 4.841425e-02
INFO:bingo.evolutionary_optimizers.parallel_archipelago:Evolution time 0:00:24.493860	 age 270	 fitness 4.822e-02
Level 25:bingo.evolutionary_optimizers.evolutionary_optimizer:Generation: 140 	 Elapsed time: 0:06:00.297258 	 Best training fitness: 4.822174e-02 	 
Level 25:bingo.evolutionary_optimizers.evolutionary_optimizer:140, 3.602973e+02, 1133176, 4.822174e-02, 4.812242e-02, 4.824922e-02, 4.841425e-02
INFO:bingo.evolutionary_optimizers.parallel_archipelago:Evolution time 0:00:27.167822	 age 300	 fitness 4.824e-02
Level 25:bingo.evolutionary_optimizers.evolutionary_optimizer:Generation: 150 	 Elapsed time: 0:06:27.647964 	 Best training fitness: 4.824008e-02 	 
Level 25:bingo.evolutionary_optimizers.evolutionary_optimizer:150, 3.876480e+02, 1221224, 4.824008e-02, 4.812242e-02, 4.824922e-02, 4.834295e-02
INFO:bingo.evolutionary_optimizers.parallel_archipelago:Evolution time 0:00:18.385187	 age 310	 fitness 4.815e-02
Level 25:bingo.evolutionary_optimizers.evolutionary_optimizer:Generation: 160 	 Elapsed time: 0:06:46.216571 	 Best training fitness: 4.814974e-02 	 
Level 25:bingo.evolutionary_optimizers.evolutionary_optimizer:160, 4.062166e+02, 1292286, 4.814974e-02, 4.812242e-02, 4.824922e-02, 4.834295e-02
INFO:bingo.evolutionary_optimizers.parallel_archipelago:Evolution time 0:00:21.597234	 age 340	 fitness 4.822e-02
Level 25:bingo.evolutionary_optimizers.evolutionary_optimizer:Generation: 170 	 Elapsed time: 0:07:08.058229 	 Best training fitness: 4.821516e-02 	 
Level 25:bingo.evolutionary_optimizers.evolutionary_optimizer:170, 4.280582e+02, 1350596, 4.821516e-02, 4.812242e-02, 4.824922e-02, 4.834295e-02
INFO:bingo.evolutionary_optimizers.parallel_archipelago:Evolution time 0:00:08.959934	 age 350	 fitness 4.130e-02
Level 25:bingo.evolutionary_optimizers.evolutionary_optimizer:Generation: 180 	 Elapsed time: 0:07:17.199872 	 Best training fitness: 4.129704e-02 	 
Level 25:bingo.evolutionary_optimizers.evolutionary_optimizer:180, 4.371999e+02, 1393498, 4.129704e-02, 4.129704e-02, 4.812242e-02, 4.824922e-02, 4.834295e-02
INFO:bingo.evolutionary_optimizers.parallel_archipelago:Evolution time 0:00:38.408493	 age 360	 fitness 3.523e-02
Level 25:bingo.evolutionary_optimizers.evolutionary_optimizer:Generation: 190 	 Elapsed time: 0:07:55.828342 	 Best training fitness: 3.523040e-02 	 
Level 25:bingo.evolutionary_optimizers.evolutionary_optimizer:190, 4.758283e+02, 1487555, 3.523040e-02, 3.523040e-02, 3.736761e-02, 3.879679e-02, 4.129704e-02, 4.812242e-02, 4.824922e-02, 4.834295e-02
INFO:bingo.evolutionary_optimizers.parallel_archipelago:Evolution time 0:00:23.542571	 age 370	 fitness 3.127e-02
Level 25:bingo.evolutionary_optimizers.evolutionary_optimizer:Generation: 200 	 Elapsed time: 0:08:19.558780 	 Best training fitness: 3.127238e-02 	 
Level 25:bingo.evolutionary_optimizers.evolutionary_optimizer:200, 4.995588e+02, 1560245, 3.127238e-02, 3.127238e-02, 3.879679e-02, 4.129704e-02, 4.812242e-02, 4.824922e-02, 4.834295e-02
INFO:bingo.evolutionary_optimizers.parallel_archipelago:Evolution time 0:00:26.752684	 age 380	 fitness 3.117e-02
Level 25:bingo.evolutionary_optimizers.evolutionary_optimizer:Generation: 210 	 Elapsed time: 0:08:46.526907 	 Best training fitness: 3.116729e-02 	 
Level 25:bingo.evolutionary_optimizers.evolutionary_optimizer:210, 5.265269e+02, 1632324, 3.116729e-02, 3.116729e-02, 3.879679e-02, 4.129704e-02, 4.812242e-02, 4.824922e-02, 4.834295e-02
INFO:bingo.evolutionary_optimizers.parallel_archipelago:Evolution time 0:00:34.929517	 age 400	 fitness 3.114e-02
Level 25:bingo.evolutionary_optimizers.evolutionary_optimizer:Generation: 220 	 Elapsed time: 0:09:21.643196 	 Best training fitness: 3.113639e-02 	 
Level 25:bingo.evolutionary_optimizers.evolutionary_optimizer:220, 5.616432e+02, 1723057, 3.113639e-02, 3.113639e-02, 3.879679e-02, 4.129704e-02, 4.812242e-02, 4.824922e-02, 4.834295e-02
INFO:bingo.evolutionary_optimizers.parallel_archipelago:Evolution time 0:00:37.108157	 age 420	 fitness 2.915e-02
Level 25:bingo.evolutionary_optimizers.evolutionary_optimizer:Generation: 230 	 Elapsed time: 0:09:58.943448 	 Best training fitness: 2.914908e-02 	 
Level 25:bingo.evolutionary_optimizers.evolutionary_optimizer:230, 5.989434e+02, 1818125, 2.914908e-02, 2.914908e-02, 3.110704e-02, 3.761424e-02, 3.879679e-02, 4.129704e-02, 4.812242e-02, 4.824922e-02, 4.834295e-02
INFO:bingo.evolutionary_optimizers.parallel_archipelago:Evolution time 0:00:40.515903	 age 460	 fitness 2.904e-02
Level 25:bingo.evolutionary_optimizers.evolutionary_optimizer:Generation: 240 	 Elapsed time: 0:10:39.681301 	 Best training fitness: 2.904129e-02 	 
Level 25:bingo.evolutionary_optimizers.evolutionary_optimizer:240, 6.396813e+02, 1931719, 2.904129e-02, 2.904129e-02, 2.905350e-02, 3.110704e-02, 3.761424e-02, 3.879679e-02, 4.129704e-02, 4.812242e-02, 4.824922e-02, 4.834295e-02
INFO:bingo.evolutionary_optimizers.parallel_archipelago:Evolution time 0:00:46.467792	 age 500	 fitness 2.892e-02
Level 25:bingo.evolutionary_optimizers.evolutionary_optimizer:Generation: 250 	 Elapsed time: 0:11:26.345170 	 Best training fitness: 2.891643e-02 	 
Level 25:bingo.evolutionary_optimizers.evolutionary_optimizer:250, 6.863452e+02, 2044812, 2.891643e-02, 2.891643e-02, 2.905350e-02, 3.106839e-02, 3.182557e-02, 3.761424e-02, 3.879679e-02, 4.129704e-02, 4.812242e-02, 4.824922e-02, 4.834295e-02
INFO:bingo.evolutionary_optimizers.parallel_archipelago:Evolution time 0:00:27.690227	 age 510	 fitness 2.720e-02
Level 25:bingo.evolutionary_optimizers.evolutionary_optimizer:Generation: 260 	 Elapsed time: 0:11:54.232080 	 Best training fitness: 2.720007e-02 	 
Level 25:bingo.evolutionary_optimizers.evolutionary_optimizer:260, 7.142321e+02, 2134098, 2.720007e-02, 2.720007e-02, 2.911544e-02, 3.879679e-02, 4.129704e-02, 4.812242e-02, 4.824922e-02, 4.834295e-02
INFO:bingo.evolutionary_optimizers.parallel_archipelago:Evolution time 0:00:25.067507	 age 530	 fitness 2.693e-02
Level 25:bingo.evolutionary_optimizers.evolutionary_optimizer:Generation: 270 	 Elapsed time: 0:12:19.491248 	 Best training fitness: 2.692971e-02 	 
Level 25:bingo.evolutionary_optimizers.evolutionary_optimizer:270, 7.394912e+02, 2217158, 2.692971e-02, 2.692971e-02, 2.693185e-02, 2.911544e-02, 3.879679e-02, 4.129704e-02, 4.812242e-02, 4.824922e-02, 4.834295e-02
INFO:bingo.evolutionary_optimizers.parallel_archipelago:Evolution time 0:00:23.593579	 age 550	 fitness 2.688e-02
Level 25:bingo.evolutionary_optimizers.evolutionary_optimizer:Generation: 280 	 Elapsed time: 0:12:43.281180 	 Best training fitness: 2.687718e-02 	 
Level 25:bingo.evolutionary_optimizers.evolutionary_optimizer:280, 7.632812e+02, 2299133, 2.687718e-02, 2.687718e-02, 2.911544e-02, 3.879679e-02, 4.129704e-02, 4.812242e-02, 4.824922e-02, 4.834295e-02
INFO:bingo.evolutionary_optimizers.parallel_archipelago:Evolution time 0:00:28.418699	 age 570	 fitness 2.232e-02
Level 25:bingo.evolutionary_optimizers.evolutionary_optimizer:Generation: 290 	 Elapsed time: 0:13:11.892964 	 Best training fitness: 2.231991e-02 	 
Level 25:bingo.evolutionary_optimizers.evolutionary_optimizer:290, 7.918930e+02, 2395663, 2.231991e-02, 2.231991e-02, 2.512358e-02, 2.679063e-02, 2.911544e-02, 3.879679e-02, 4.129704e-02, 4.812242e-02, 4.824922e-02, 4.828225e-02
INFO:bingo.evolutionary_optimizers.parallel_archipelago:Evolution time 0:00:29.077929	 age 590	 fitness 2.132e-02
Level 25:bingo.evolutionary_optimizers.evolutionary_optimizer:Generation: 300 	 Elapsed time: 0:13:41.165335 	 Best training fitness: 2.132476e-02 	 
Level 25:bingo.evolutionary_optimizers.evolutionary_optimizer:300, 8.211653e+02, 2502903, 2.132476e-02, 2.132476e-02, 2.512358e-02, 2.679063e-02, 2.911544e-02, 3.879679e-02, 4.129704e-02, 4.812242e-02, 4.824922e-02, 4.828225e-02
INFO:bingo.evolutionary_optimizers.parallel_archipelago:Evolution time 0:00:40.448920	 age 620	 fitness 2.138e-02
Level 25:bingo.evolutionary_optimizers.evolutionary_optimizer:Generation: 310 	 Elapsed time: 0:14:21.845840 	 Best training fitness: 2.137777e-02 	 
Level 25:bingo.evolutionary_optimizers.evolutionary_optimizer:310, 8.618458e+02, 2629852, 2.137777e-02, 2.132476e-02, 2.512358e-02, 2.527249e-02, 2.679063e-02, 2.911544e-02, 3.879679e-02, 4.129704e-02, 4.812242e-02, 4.824673e-02
INFO:bingo.evolutionary_optimizers.parallel_archipelago:Evolution time 0:01:00.563905	 age 660	 fitness 2.132e-02
Level 25:bingo.evolutionary_optimizers.evolutionary_optimizer:Generation: 320 	 Elapsed time: 0:15:22.616922 	 Best training fitness: 2.131555e-02 	 
Level 25:bingo.evolutionary_optimizers.evolutionary_optimizer:320, 9.226169e+02, 2752153, 2.131555e-02, 2.131555e-02, 2.501722e-02, 2.679063e-02, 2.911544e-02, 3.879679e-02, 4.129704e-02, 4.812242e-02, 4.824673e-02
INFO:bingo.evolutionary_optimizers.parallel_archipelago:Evolution time 0:00:54.363182	 age 670	 fitness 2.129e-02
Level 25:bingo.evolutionary_optimizers.evolutionary_optimizer:Generation: 330 	 Elapsed time: 0:16:17.181320 	 Best training fitness: 2.129136e-02 	 
Level 25:bingo.evolutionary_optimizers.evolutionary_optimizer:330, 9.771813e+02, 2882961, 2.129136e-02, 2.129136e-02, 2.158086e-02, 2.501722e-02, 2.679063e-02, 2.911544e-02, 3.879679e-02, 4.129704e-02, 4.812242e-02, 4.824673e-02
INFO:bingo.evolutionary_optimizers.parallel_archipelago:Evolution time 0:00:40.278925	 age 690	 fitness 2.124e-02
Level 25:bingo.evolutionary_optimizers.evolutionary_optimizer:Generation: 340 	 Elapsed time: 0:16:57.657303 	 Best training fitness: 2.123966e-02 	 
Level 25:bingo.evolutionary_optimizers.evolutionary_optimizer:340, 1.017657e+03, 3007164, 2.123966e-02, 2.123966e-02, 2.141979e-02, 2.501722e-02, 2.679063e-02, 2.911544e-02, 3.879679e-02, 4.129704e-02, 4.812242e-02, 4.824673e-02
INFO:bingo.evolutionary_optimizers.parallel_archipelago:Evolution time 0:00:38.958953	 age 720	 fitness 2.116e-02
Level 25:bingo.evolutionary_optimizers.evolutionary_optimizer:Generation: 350 	 Elapsed time: 0:17:36.815373 	 Best training fitness: 2.116424e-02 	 
Level 25:bingo.evolutionary_optimizers.evolutionary_optimizer:350, 1.056815e+03, 3119834, 2.116424e-02, 2.116424e-02, 2.117138e-02, 2.122670e-02, 2.133856e-02, 2.501722e-02, 2.679063e-02, 2.911544e-02, 3.879679e-02, 4.129704e-02, 4.812242e-02, 4.824673e-02
INFO:bingo.evolutionary_optimizers.parallel_archipelago:Evolution time 0:00:29.040709	 age 740	 fitness 2.120e-02
Level 25:bingo.evolutionary_optimizers.evolutionary_optimizer:Generation: 360 	 Elapsed time: 0:18:06.062208 	 Best training fitness: 2.120230e-02 	 
Level 25:bingo.evolutionary_optimizers.evolutionary_optimizer:360, 1.086062e+03, 3251280, 2.120230e-02, 2.116424e-02, 2.117138e-02, 2.122670e-02, 2.133856e-02, 2.501722e-02, 2.661752e-02, 2.741462e-02, 4.129704e-02, 4.812242e-02, 4.824673e-02
INFO:bingo.evolutionary_optimizers.parallel_archipelago:Evolution time 0:00:34.087181	 age 750	 fitness 2.113e-02
Level 25:bingo.evolutionary_optimizers.evolutionary_optimizer:Generation: 370 	 Elapsed time: 0:18:40.386415 	 Best training fitness: 2.113044e-02 	 
Level 25:bingo.evolutionary_optimizers.evolutionary_optimizer:370, 1.120386e+03, 3361211, 2.113044e-02, 2.113044e-02, 2.117138e-02, 2.122517e-02, 2.133856e-02, 2.501722e-02, 2.620822e-02, 2.661752e-02, 2.741462e-02, 4.129704e-02, 4.812242e-02, 4.824673e-02
INFO:bingo.evolutionary_optimizers.parallel_archipelago:Evolution time 0:00:29.877810	 age 770	 fitness 2.113e-02
Level 25:bingo.evolutionary_optimizers.evolutionary_optimizer:Generation: 380 	 Elapsed time: 0:19:10.466250 	 Best training fitness: 2.113374e-02 	 
Level 25:bingo.evolutionary_optimizers.evolutionary_optimizer:380, 1.150466e+03, 3464850, 2.113374e-02, 2.113044e-02, 2.115421e-02, 2.122517e-02, 2.133856e-02, 2.501722e-02, 2.620822e-02, 2.650806e-02, 2.740147e-02, 4.129704e-02, 4.812242e-02, 4.824673e-02
INFO:bingo.evolutionary_optimizers.parallel_archipelago:Evolution time 0:00:30.342758	 age 790	 fitness 1.962e-02
Level 25:bingo.evolutionary_optimizers.evolutionary_optimizer:Generation: 390 	 Elapsed time: 0:19:41.005531 	 Best training fitness: 1.961990e-02 	 
Level 25:bingo.evolutionary_optimizers.evolutionary_optimizer:390, 1.181006e+03, 3550657, 1.961990e-02, 1.961990e-02, 2.279889e-02, 2.740147e-02, 4.129704e-02, 4.812242e-02, 4.824673e-02
INFO:bingo.evolutionary_optimizers.parallel_archipelago:Evolution time 0:00:49.113360	 age 810	 fitness 1.952e-02
Level 25:bingo.evolutionary_optimizers.evolutionary_optimizer:Generation: 400 	 Elapsed time: 0:20:30.319552 	 Best training fitness: 1.951631e-02 	 
Level 25:bingo.evolutionary_optimizers.evolutionary_optimizer:400, 1.230320e+03, 3684897, 1.951631e-02, 1.951631e-02, 2.271748e-02, 2.740147e-02, 4.129704e-02, 4.812242e-02, 4.824673e-02
INFO:bingo.evolutionary_optimizers.parallel_archipelago:Evolution time 0:00:27.417319	 age 820	 fitness 1.776e-02
Level 25:bingo.evolutionary_optimizers.evolutionary_optimizer:Generation: 410 	 Elapsed time: 0:20:57.934741 	 Best training fitness: 1.776496e-02 	 
Level 25:bingo.evolutionary_optimizers.evolutionary_optimizer:410, 1.257935e+03, 3781189, 1.776496e-02, 1.776496e-02, 1.937235e-02, 2.269731e-02, 2.740147e-02, 4.129704e-02, 4.812242e-02, 4.824673e-02
INFO:bingo.evolutionary_optimizers.parallel_archipelago:Evolution time 0:00:25.772556	 age 840	 fitness 1.756e-02
Level 25:bingo.evolutionary_optimizers.evolutionary_optimizer:Generation: 420 	 Elapsed time: 0:21:23.932639 	 Best training fitness: 1.755963e-02 	 
Level 25:bingo.evolutionary_optimizers.evolutionary_optimizer:420, 1.283933e+03, 3874134, 1.755963e-02, 1.755963e-02, 1.775446e-02, 1.925108e-02, 2.269731e-02, 2.503039e-02, 2.740147e-02, 4.129704e-02, 4.812242e-02, 4.824673e-02
INFO:bingo.evolutionary_optimizers.parallel_archipelago:Evolution time 0:00:20.748367	 age 860	 fitness 1.747e-02
Level 25:bingo.evolutionary_optimizers.evolutionary_optimizer:Generation: 430 	 Elapsed time: 0:21:44.877622 	 Best training fitness: 1.746961e-02 	 
Level 25:bingo.evolutionary_optimizers.evolutionary_optimizer:430, 1.304878e+03, 3960413, 1.746961e-02, 1.746961e-02, 1.762790e-02, 1.775446e-02, 1.925108e-02, 2.269731e-02, 2.503039e-02, 2.740147e-02, 4.129704e-02, 4.812242e-02, 4.824673e-02
INFO:bingo.evolutionary_optimizers.parallel_archipelago:Evolution time 0:00:34.633873	 age 870	 fitness 1.680e-02
Level 25:bingo.evolutionary_optimizers.evolutionary_optimizer:Generation: 440 	 Elapsed time: 0:22:19.739503 	 Best training fitness: 1.680190e-02 	 
Level 25:bingo.evolutionary_optimizers.evolutionary_optimizer:440, 1.339740e+03, 4046347, 1.680190e-02, 1.680190e-02, 1.987873e-02, 2.269731e-02, 2.503039e-02, 2.740147e-02, 4.129704e-02, 4.812242e-02, 4.824673e-02
INFO:bingo.evolutionary_optimizers.parallel_archipelago:Evolution time 0:00:58.011307	 age 880	 fitness 1.672e-02
Level 25:bingo.evolutionary_optimizers.evolutionary_optimizer:Generation: 450 	 Elapsed time: 0:23:17.943064 	 Best training fitness: 1.672281e-02 	 
Level 25:bingo.evolutionary_optimizers.evolutionary_optimizer:450, 1.397943e+03, 4139486, 1.672281e-02, 1.672281e-02, 1.987873e-02, 2.269731e-02, 2.503039e-02, 2.740147e-02, 4.129704e-02, 4.812242e-02, 4.824673e-02
INFO:bingo.evolutionary_optimizers.parallel_archipelago:Evolution time 0:00:39.649379	 age 920	 fitness 1.666e-02
Level 25:bingo.evolutionary_optimizers.evolutionary_optimizer:Generation: 460 	 Elapsed time: 0:23:57.786003 	 Best training fitness: 1.665942e-02 	 
Level 25:bingo.evolutionary_optimizers.evolutionary_optimizer:460, 1.437786e+03, 4237243, 1.665942e-02, 1.665942e-02, 1.987873e-02, 2.269731e-02, 2.503039e-02, 2.740147e-02, 4.129704e-02, 4.812242e-02, 4.824673e-02
INFO:bingo.evolutionary_optimizers.parallel_archipelago:Evolution time 0:00:23.444800	 age 940	 fitness 1.665e-02
Level 25:bingo.evolutionary_optimizers.evolutionary_optimizer:Generation: 470 	 Elapsed time: 0:24:21.422728 	 Best training fitness: 1.664963e-02 	 
Level 25:bingo.evolutionary_optimizers.evolutionary_optimizer:470, 1.461423e+03, 4356586, 1.664963e-02, 1.664963e-02, 1.987873e-02, 2.269731e-02, 2.503039e-02, 2.740147e-02, 4.129704e-02, 4.812242e-02, 4.824673e-02
INFO:bingo.evolutionary_optimizers.parallel_archipelago:Evolution time 0:00:32.130003	 age 970	 fitness 1.663e-02
Level 25:bingo.evolutionary_optimizers.evolutionary_optimizer:Generation: 480 	 Elapsed time: 0:24:53.743309 	 Best training fitness: 1.663195e-02 	 
Level 25:bingo.evolutionary_optimizers.evolutionary_optimizer:480, 1.493743e+03, 4443657, 1.663195e-02, 1.663195e-02, 1.987873e-02, 2.269731e-02, 2.503039e-02, 2.740147e-02, 4.129704e-02, 4.812242e-02, 4.824673e-02
INFO:bingo.evolutionary_optimizers.parallel_archipelago:Evolution time 0:00:51.287344	 age 1010	 fitness 1.663e-02
Level 25:bingo.evolutionary_optimizers.evolutionary_optimizer:Generation: 490 	 Elapsed time: 0:25:45.223415 	 Best training fitness: 1.663247e-02 	 
Level 25:bingo.evolutionary_optimizers.evolutionary_optimizer:490, 1.545223e+03, 4561752, 1.663247e-02, 1.663195e-02, 1.987873e-02, 2.269731e-02, 2.503039e-02, 2.740147e-02, 4.129704e-02, 4.812242e-02, 4.824673e-02
INFO:bingo.evolutionary_optimizers.parallel_archipelago:Evolution time 0:00:46.189267	 age 1050	 fitness 1.665e-02
Level 25:bingo.evolutionary_optimizers.evolutionary_optimizer:Generation: 500 	 Elapsed time: 0:26:31.607377 	 Best training fitness: 1.664675e-02 	 
Level 25:bingo.evolutionary_optimizers.evolutionary_optimizer:500, 1.591607e+03, 4707703, 1.664675e-02, 1.663195e-02, 1.987873e-02, 2.269731e-02, 2.503039e-02, 2.740147e-02, 4.129704e-02, 4.812242e-02, 4.824673e-02
INFO:bingo.evolutionary_optimizers.parallel_archipelago:Evolution time 0:00:36.410710	 age 1070	 fitness 1.663e-02
Level 25:bingo.evolutionary_optimizers.evolutionary_optimizer:Generation: 510 	 Elapsed time: 0:27:08.242979 	 Best training fitness: 1.662596e-02 	 
Level 25:bingo.evolutionary_optimizers.evolutionary_optimizer:510, 1.628243e+03, 4835310, 1.662596e-02, 1.662596e-02, 1.987873e-02, 2.269731e-02, 2.503039e-02, 2.740147e-02, 4.129704e-02, 4.812242e-02, 4.824673e-02
INFO:bingo.evolutionary_optimizers.parallel_archipelago:Evolution time 0:00:38.378519	 age 1080	 fitness 1.663e-02
Level 25:bingo.evolutionary_optimizers.evolutionary_optimizer:Generation: 520 	 Elapsed time: 0:27:46.812508 	 Best training fitness: 1.662596e-02 	 
Level 25:bingo.evolutionary_optimizers.evolutionary_optimizer:520, 1.666813e+03, 4972662, 1.662596e-02, 1.662596e-02, 1.987873e-02, 2.072033e-02, 2.503039e-02, 2.740147e-02, 4.129704e-02, 4.812242e-02, 4.824673e-02
INFO:bingo.evolutionary_optimizers.parallel_archipelago:Evolution time 0:00:39.676022	 age 1110	 fitness 1.663e-02
Level 25:bingo.evolutionary_optimizers.evolutionary_optimizer:Generation: 530 	 Elapsed time: 0:28:26.681020 	 Best training fitness: 1.662649e-02 	 
Level 25:bingo.evolutionary_optimizers.evolutionary_optimizer:530, 1.706681e+03, 5093311, 1.662649e-02, 1.662596e-02, 1.987873e-02, 2.072033e-02, 2.503039e-02, 2.740147e-02, 4.129704e-02, 4.812242e-02, 4.824673e-02
INFO:bingo.evolutionary_optimizers.parallel_archipelago:Evolution time 0:00:27.499526	 age 1120	 fitness 1.662e-02
Level 25:bingo.evolutionary_optimizers.evolutionary_optimizer:Generation: 540 	 Elapsed time: 0:28:54.372861 	 Best training fitness: 1.662043e-02 	 
Level 25:bingo.evolutionary_optimizers.evolutionary_optimizer:540, 1.734373e+03, 5183615, 1.662043e-02, 1.662043e-02, 1.987873e-02, 2.072033e-02, 2.503039e-02, 2.740147e-02, 4.129704e-02, 4.812242e-02, 4.824673e-02
INFO:bingo.evolutionary_optimizers.parallel_archipelago:Evolution time 0:00:35.735303	 age 1140	 fitness 1.663e-02
Level 25:bingo.evolutionary_optimizers.evolutionary_optimizer:Generation: 550 	 Elapsed time: 0:29:30.299668 	 Best training fitness: 1.663040e-02 	 
Level 25:bingo.evolutionary_optimizers.evolutionary_optimizer:550, 1.770300e+03, 5312471, 1.663040e-02, 1.662043e-02, 1.868184e-02, 2.503039e-02, 2.740147e-02, 4.129704e-02, 4.812242e-02, 4.824673e-02
INFO:bingo.evolutionary_optimizers.parallel_archipelago:Evolution time 0:00:52.562684	 age 1160	 fitness 1.663e-02
Level 25:bingo.evolutionary_optimizers.evolutionary_optimizer:Generation: 560 	 Elapsed time: 0:30:23.056967 	 Best training fitness: 1.662600e-02 	 
Level 25:bingo.evolutionary_optimizers.evolutionary_optimizer:560, 1.823057e+03, 5447357, 1.662600e-02, 1.662043e-02, 1.868184e-02, 2.276969e-02, 2.740147e-02, 4.129704e-02, 4.812242e-02, 4.824673e-02
INFO:bingo.evolutionary_optimizers.parallel_archipelago:Evolution time 0:00:15.387038	 age 1170	 fitness 1.664e-02
Level 25:bingo.evolutionary_optimizers.evolutionary_optimizer:Generation: 570 	 Elapsed time: 0:30:38.637349 	 Best training fitness: 1.664308e-02 	 
Level 25:bingo.evolutionary_optimizers.evolutionary_optimizer:570, 1.838637e+03, 5529013, 1.664308e-02, 1.662043e-02, 1.868184e-02, 2.276969e-02, 2.740147e-02, 4.129704e-02, 4.812242e-02, 4.824673e-02
INFO:bingo.evolutionary_optimizers.parallel_archipelago:Evolution time 0:00:28.561139	 age 1180	 fitness 1.665e-02
Level 25:bingo.evolutionary_optimizers.evolutionary_optimizer:Generation: 580 	 Elapsed time: 0:31:07.426226 	 Best training fitness: 1.664595e-02 	 
Level 25:bingo.evolutionary_optimizers.evolutionary_optimizer:580, 1.867426e+03, 5643265, 1.664595e-02, 1.662043e-02, 1.868184e-02, 2.276969e-02, 2.740147e-02, 4.129704e-02, 4.812242e-02, 4.824673e-02
INFO:bingo.evolutionary_optimizers.parallel_archipelago:Evolution time 0:00:28.050857	 age 1200	 fitness 1.662e-02
Level 25:bingo.evolutionary_optimizers.evolutionary_optimizer:Generation: 590 	 Elapsed time: 0:31:35.674424 	 Best training fitness: 1.661569e-02 	 
Level 25:bingo.evolutionary_optimizers.evolutionary_optimizer:590, 1.895674e+03, 5738258, 1.661569e-02, 1.661569e-02, 1.868184e-02, 2.276969e-02, 2.740147e-02, 4.129704e-02, 4.812242e-02, 4.824673e-02
INFO:bingo.evolutionary_optimizers.parallel_archipelago:Evolution time 0:00:55.859306	 age 1240	 fitness 1.662e-02
Level 25:bingo.evolutionary_optimizers.evolutionary_optimizer:Generation: 600 	 Elapsed time: 0:32:31.737852 	 Best training fitness: 1.662160e-02 	 
Level 25:bingo.evolutionary_optimizers.evolutionary_optimizer:600, 1.951738e+03, 5873491, 1.662160e-02, 1.661569e-02, 1.868184e-02, 2.276969e-02, 2.740147e-02, 4.129704e-02, 4.812242e-02, 4.824673e-02
INFO:bingo.evolutionary_optimizers.parallel_archipelago:Evolution time 0:00:45.745067	 age 1270	 fitness 1.662e-02
Level 25:bingo.evolutionary_optimizers.evolutionary_optimizer:Generation: 610 	 Elapsed time: 0:33:17.679935 	 Best training fitness: 1.661810e-02 	 
Level 25:bingo.evolutionary_optimizers.evolutionary_optimizer:610, 1.997680e+03, 5984009, 1.661810e-02, 1.661569e-02, 1.868184e-02, 2.276969e-02, 2.740147e-02, 4.129704e-02, 4.812242e-02, 4.824673e-02
INFO:bingo.evolutionary_optimizers.parallel_archipelago:Evolution time 0:00:36.368301	 age 1280	 fitness 1.662e-02
Level 25:bingo.evolutionary_optimizers.evolutionary_optimizer:Generation: 620 	 Elapsed time: 0:33:54.244907 	 Best training fitness: 1.662022e-02 	 
Level 25:bingo.evolutionary_optimizers.evolutionary_optimizer:620, 2.034245e+03, 6082338, 1.662022e-02, 1.661569e-02, 1.868184e-02, 2.270895e-02, 2.740147e-02, 4.129704e-02, 4.812242e-02, 4.824673e-02
INFO:bingo.evolutionary_optimizers.parallel_archipelago:Evolution time 0:00:45.039932	 age 1310	 fitness 1.662e-02
Level 25:bingo.evolutionary_optimizers.evolutionary_optimizer:Generation: 630 	 Elapsed time: 0:34:39.482057 	 Best training fitness: 1.662240e-02 	 
Level 25:bingo.evolutionary_optimizers.evolutionary_optimizer:630, 2.079482e+03, 6188086, 1.662240e-02, 1.661569e-02, 1.868184e-02, 2.270895e-02, 2.740147e-02, 4.129704e-02, 4.812242e-02, 4.824673e-02
INFO:bingo.evolutionary_optimizers.parallel_archipelago:Evolution time 0:00:31.445849	 age 1320	 fitness 1.665e-02
Level 25:bingo.evolutionary_optimizers.evolutionary_optimizer:Generation: 640 	 Elapsed time: 0:35:11.126731 	 Best training fitness: 1.664827e-02 	 
Level 25:bingo.evolutionary_optimizers.evolutionary_optimizer:640, 2.111127e+03, 6299074, 1.664827e-02, 1.661569e-02, 1.868184e-02, 2.270895e-02, 2.740147e-02, 4.129704e-02, 4.812242e-02, 4.824673e-02
INFO:bingo.evolutionary_optimizers.parallel_archipelago:Evolution time 0:00:27.937908	 age 1330	 fitness 1.663e-02
Level 25:bingo.evolutionary_optimizers.evolutionary_optimizer:Generation: 650 	 Elapsed time: 0:35:39.301139 	 Best training fitness: 1.663373e-02 	 
Level 25:bingo.evolutionary_optimizers.evolutionary_optimizer:650, 2.139301e+03, 6390913, 1.663373e-02, 1.661569e-02, 1.868184e-02, 2.270895e-02, 2.740147e-02, 4.129704e-02, 4.812242e-02, 4.824673e-02
INFO:bingo.evolutionary_optimizers.parallel_archipelago:Evolution time 0:00:58.680257	 age 1350	 fitness 1.662e-02
Level 25:bingo.evolutionary_optimizers.evolutionary_optimizer:Generation: 660 	 Elapsed time: 0:36:38.180677 	 Best training fitness: 1.662360e-02 	 
Level 25:bingo.evolutionary_optimizers.evolutionary_optimizer:660, 2.198181e+03, 6558435, 1.662360e-02, 1.661569e-02, 1.868184e-02, 2.270895e-02, 2.740147e-02, 4.129704e-02, 4.812242e-02, 4.824673e-02
INFO:bingo.evolutionary_optimizers.parallel_archipelago:Evolution time 0:00:47.357814	 age 1370	 fitness 1.661e-02
Level 25:bingo.evolutionary_optimizers.evolutionary_optimizer:Generation: 670 	 Elapsed time: 0:37:25.739998 	 Best training fitness: 1.660944e-02 	 
Level 25:bingo.evolutionary_optimizers.evolutionary_optimizer:670, 2.245740e+03, 6700969, 1.660944e-02, 1.660944e-02, 1.868184e-02, 2.270895e-02, 2.740147e-02, 4.129704e-02, 4.812242e-02, 4.824673e-02
INFO:bingo.evolutionary_optimizers.parallel_archipelago:Evolution time 0:00:43.210744	 age 1380	 fitness 1.663e-02
Level 25:bingo.evolutionary_optimizers.evolutionary_optimizer:Generation: 680 	 Elapsed time: 0:38:09.147140 	 Best training fitness: 1.663176e-02 	 
Level 25:bingo.evolutionary_optimizers.evolutionary_optimizer:680, 2.289147e+03, 6832156, 1.663176e-02, 1.660944e-02, 1.868184e-02, 2.270895e-02, 2.740147e-02, 4.129704e-02, 4.812242e-02, 4.824673e-02
INFO:bingo.evolutionary_optimizers.parallel_archipelago:Evolution time 0:00:41.448269	 age 1390	 fitness 1.663e-02
Level 25:bingo.evolutionary_optimizers.evolutionary_optimizer:Generation: 690 	 Elapsed time: 0:38:50.796493 	 Best training fitness: 1.663176e-02 	 
Level 25:bingo.evolutionary_optimizers.evolutionary_optimizer:690, 2.330796e+03, 6936728, 1.663176e-02, 1.660944e-02, 1.868184e-02, 2.270895e-02, 2.740147e-02, 4.129704e-02, 4.812242e-02, 4.824673e-02
INFO:bingo.evolutionary_optimizers.parallel_archipelago:Evolution time 0:00:51.932042	 age 1420	 fitness 1.666e-02
Level 25:bingo.evolutionary_optimizers.evolutionary_optimizer:Generation: 700 	 Elapsed time: 0:39:42.957274 	 Best training fitness: 1.666217e-02 	 
Level 25:bingo.evolutionary_optimizers.evolutionary_optimizer:700, 2.382957e+03, 7067245, 1.666217e-02, 1.660944e-02, 1.868184e-02, 2.270895e-02, 2.740147e-02, 4.129704e-02, 4.812242e-02, 4.824673e-02
INFO:bingo.evolutionary_optimizers.parallel_archipelago:Evolution time 0:00:29.705215	 age 1430	 fitness 1.661e-02
Level 25:bingo.evolutionary_optimizers.evolutionary_optimizer:Generation: 710 	 Elapsed time: 0:40:12.887800 	 Best training fitness: 1.660662e-02 	 
Level 25:bingo.evolutionary_optimizers.evolutionary_optimizer:710, 2.412888e+03, 7161461, 1.660662e-02, 1.660662e-02, 1.868184e-02, 2.270895e-02, 2.740147e-02, 4.129704e-02, 4.812242e-02, 4.824673e-02
INFO:bingo.evolutionary_optimizers.parallel_archipelago:Evolution time 0:00:54.923538	 age 1450	 fitness 1.659e-02
Level 25:bingo.evolutionary_optimizers.evolutionary_optimizer:Generation: 720 	 Elapsed time: 0:41:08.071525 	 Best training fitness: 1.659238e-02 	 
Level 25:bingo.evolutionary_optimizers.evolutionary_optimizer:720, 2.468072e+03, 7259132, 1.659238e-02, 1.659238e-02, 1.868184e-02, 2.270895e-02, 2.740147e-02, 4.129704e-02, 4.812242e-02, 4.824673e-02
INFO:bingo.evolutionary_optimizers.parallel_archipelago:Evolution time 0:00:47.287648	 age 1460	 fitness 1.663e-02
Level 25:bingo.evolutionary_optimizers.evolutionary_optimizer:Generation: 730 	 Elapsed time: 0:41:55.557777 	 Best training fitness: 1.663020e-02 	 
Level 25:bingo.evolutionary_optimizers.evolutionary_optimizer:730, 2.515558e+03, 7365597, 1.663020e-02, 1.659238e-02, 1.868184e-02, 2.270895e-02, 2.740147e-02, 4.129704e-02, 4.812242e-02, 4.824673e-02
INFO:bingo.evolutionary_optimizers.parallel_archipelago:Evolution time 0:00:37.919639	 age 1470	 fitness 1.667e-02
Level 25:bingo.evolutionary_optimizers.evolutionary_optimizer:Generation: 740 	 Elapsed time: 0:42:33.676367 	 Best training fitness: 1.666684e-02 	 
Level 25:bingo.evolutionary_optimizers.evolutionary_optimizer:740, 2.553676e+03, 7469455, 1.666684e-02, 1.659238e-02, 1.868184e-02, 2.270895e-02, 2.740147e-02, 4.129704e-02, 4.812242e-02, 4.824673e-02
INFO:bingo.evolutionary_optimizers.parallel_archipelago:Evolution time 0:00:44.595009	 age 1500	 fitness 1.667e-02
Level 25:bingo.evolutionary_optimizers.evolutionary_optimizer:Generation: 750 	 Elapsed time: 0:43:18.467014 	 Best training fitness: 1.666684e-02 	 
Level 25:bingo.evolutionary_optimizers.evolutionary_optimizer:750, 2.598467e+03, 7634698, 1.666684e-02, 1.659238e-02, 1.868184e-02, 2.270895e-02, 2.740147e-02, 4.129704e-02, 4.812242e-02, 4.824673e-02
INFO:bingo.evolutionary_optimizers.parallel_archipelago:Evolution time 0:00:46.291780	 age 1510	 fitness 1.665e-02
Level 25:bingo.evolutionary_optimizers.evolutionary_optimizer:Generation: 760 	 Elapsed time: 0:44:04.954482 	 Best training fitness: 1.664566e-02 	 
Level 25:bingo.evolutionary_optimizers.evolutionary_optimizer:760, 2.644954e+03, 7753112, 1.664566e-02, 1.659238e-02, 1.868184e-02, 2.270895e-02, 2.740147e-02, 3.948179e-02, 4.812242e-02, 4.824673e-02
INFO:bingo.evolutionary_optimizers.parallel_archipelago:Evolution time 0:00:17.532989	 age 1520	 fitness 1.663e-02
Level 25:bingo.evolutionary_optimizers.evolutionary_optimizer:Generation: 770 	 Elapsed time: 0:44:22.682040 	 Best training fitness: 1.662535e-02 	 
Level 25:bingo.evolutionary_optimizers.evolutionary_optimizer:770, 2.662682e+03, 7832809, 1.662535e-02, 1.659238e-02, 1.868184e-02, 2.270895e-02, 2.740147e-02, 3.934945e-02, 4.812242e-02, 4.824673e-02
INFO:bingo.evolutionary_optimizers.parallel_archipelago:Evolution time 0:00:31.449433	 age 1540	 fitness 1.666e-02
Level 25:bingo.evolutionary_optimizers.evolutionary_optimizer:Generation: 780 	 Elapsed time: 0:44:54.330202 	 Best training fitness: 1.665895e-02 	 
Level 25:bingo.evolutionary_optimizers.evolutionary_optimizer:780, 2.694330e+03, 7977525, 1.665895e-02, 1.659238e-02, 1.868184e-02, 2.270895e-02, 2.740147e-02, 3.934945e-02, 4.812242e-02, 4.824673e-02
INFO:bingo.evolutionary_optimizers.parallel_archipelago:Evolution time 0:00:28.651381	 age 1550	 fitness 1.668e-02
Level 25:bingo.evolutionary_optimizers.evolutionary_optimizer:Generation: 790 	 Elapsed time: 0:45:23.211893 	 Best training fitness: 1.667621e-02 	 
Level 25:bingo.evolutionary_optimizers.evolutionary_optimizer:790, 2.723212e+03, 8071565, 1.667621e-02, 1.659238e-02, 1.868184e-02, 2.270895e-02, 2.740147e-02, 3.934945e-02, 4.812242e-02, 4.824673e-02
INFO:bingo.evolutionary_optimizers.parallel_archipelago:Evolution time 0:01:05.056278	 age 1570	 fitness 1.662e-02
Level 25:bingo.evolutionary_optimizers.evolutionary_optimizer:Generation: 800 	 Elapsed time: 0:46:28.465781 	 Best training fitness: 1.662363e-02 	 
Level 25:bingo.evolutionary_optimizers.evolutionary_optimizer:800, 2.788466e+03, 8234370, 1.662363e-02, 1.659238e-02, 1.868184e-02, 2.270895e-02, 2.740147e-02, 3.934945e-02, 4.812242e-02, 4.824673e-02
INFO:bingo.evolutionary_optimizers.parallel_archipelago:Evolution time 0:00:33.068115	 age 1590	 fitness 1.653e-02
Level 25:bingo.evolutionary_optimizers.evolutionary_optimizer:Generation: 810 	 Elapsed time: 0:47:01.731427 	 Best training fitness: 1.652636e-02 	 
Level 25:bingo.evolutionary_optimizers.evolutionary_optimizer:810, 2.821731e+03, 8333471, 1.652636e-02, 1.652636e-02, 1.659238e-02, 1.868184e-02, 2.270895e-02, 2.740147e-02, 3.934945e-02, 4.812242e-02, 4.824673e-02
INFO:bingo.evolutionary_optimizers.parallel_archipelago:Evolution time 0:00:45.148907	 age 1610	 fitness 1.648e-02
Level 25:bingo.evolutionary_optimizers.evolutionary_optimizer:Generation: 820 	 Elapsed time: 0:47:47.077868 	 Best training fitness: 1.648271e-02 	 
Level 25:bingo.evolutionary_optimizers.evolutionary_optimizer:820, 2.867078e+03, 8462635, 1.648271e-02, 1.648271e-02, 1.659238e-02, 1.868184e-02, 2.270895e-02, 2.740147e-02, 3.934945e-02, 4.812242e-02, 4.824673e-02
INFO:bingo.evolutionary_optimizers.parallel_archipelago:Evolution time 0:01:05.850934	 age 1650	 fitness 1.648e-02
Level 25:bingo.evolutionary_optimizers.evolutionary_optimizer:Generation: 830 	 Elapsed time: 0:48:53.165102 	 Best training fitness: 1.647833e-02 	 
Level 25:bingo.evolutionary_optimizers.evolutionary_optimizer:830, 2.933165e+03, 8621349, 1.647833e-02, 1.647833e-02, 1.659238e-02, 1.868184e-02, 2.270895e-02, 2.740147e-02, 3.934945e-02, 4.812242e-02, 4.824673e-02
INFO:bingo.evolutionary_optimizers.parallel_archipelago:Evolution time 0:00:36.791816	 age 1660	 fitness 1.653e-02
Level 25:bingo.evolutionary_optimizers.evolutionary_optimizer:Generation: 840 	 Elapsed time: 0:49:30.152249 	 Best training fitness: 1.653325e-02 	 
Level 25:bingo.evolutionary_optimizers.evolutionary_optimizer:840, 2.970152e+03, 8725859, 1.653325e-02, 1.647833e-02, 1.659238e-02, 1.868184e-02, 2.270895e-02, 2.740147e-02, 3.934945e-02, 4.812242e-02, 4.824673e-02
INFO:bingo.evolutionary_optimizers.parallel_archipelago:Evolution time 0:01:14.423069	 age 1670	 fitness 1.645e-02
Level 25:bingo.evolutionary_optimizers.evolutionary_optimizer:Generation: 850 	 Elapsed time: 0:50:44.771948 	 Best training fitness: 1.644651e-02 	 
Level 25:bingo.evolutionary_optimizers.evolutionary_optimizer:850, 3.044772e+03, 8882112, 1.644651e-02, 1.644651e-02, 1.659238e-02, 1.746345e-02, 1.868184e-02, 2.270895e-02, 2.740147e-02, 3.934945e-02, 4.812242e-02, 4.824673e-02
INFO:bingo.evolutionary_optimizers.parallel_archipelago:Evolution time 0:00:49.741018	 age 1690	 fitness 1.068e-02
Level 25:bingo.evolutionary_optimizers.evolutionary_optimizer:Generation: 860 	 Elapsed time: 0:51:34.744149 	 Best training fitness: 1.067620e-02 	 
Level 25:bingo.evolutionary_optimizers.evolutionary_optimizer:860, 3.094744e+03, 9045912, 1.067620e-02, 1.067620e-02, 1.868184e-02, 2.270895e-02, 2.740147e-02, 3.934945e-02, 4.812242e-02, 4.824673e-02
INFO:bingo.evolutionary_optimizers.parallel_archipelago:Evolution time 0:00:45.336302	 age 1720	 fitness 5.023e-04
Level 25:bingo.evolutionary_optimizers.evolutionary_optimizer:Generation: 870 	 Elapsed time: 0:52:20.271913 	 Best training fitness: 5.023461e-04 	 
Level 25:bingo.evolutionary_optimizers.evolutionary_optimizer:870, 3.140272e+03, 9218977, 5.023461e-04, 5.023461e-04, 8.009202e-04, 1.067620e-02, 1.868184e-02, 2.270895e-02, 2.740147e-02, 3.934945e-02, 4.812242e-02, 4.824673e-02
INFO:bingo.evolutionary_optimizers.parallel_archipelago:Evolution time 0:00:48.235678	 age 1730	 fitness 2.912e-17
Level 25:bingo.evolutionary_optimizers.evolutionary_optimizer:Generation: 880 	 Elapsed time: 0:53:08.699775 	 Best training fitness: 2.912368e-17 	 
Level 25:bingo.evolutionary_optimizers.evolutionary_optimizer:880, 3.188700e+03, 9390357, 2.912368e-17, 2.912368e-17, 1.597128e-15, 8.007712e-04, 1.067620e-02, 1.868184e-02, 2.270895e-02, 2.740147e-02, 3.934945e-02, 4.812242e-02, 4.822277e-02
Level 25:bingo.evolutionary_optimizers.evolutionary_optimizer:Evolution successfully converged.
Level 25:bingo.evolutionary_optimizers.evolutionary_optimizer:  Absolte convergence occurred with best fitness < 1e-10
Level 25:bingo.evolutionary_optimizers.evolutionary_optimizer:Hall of Fame:
2.9123682583110726e-17	18	sin(log((X_1)(X_1) + (X_0)(X_0))) + ((sin(sin(-0.065441) + sin(-0.065441)) + sin(sin(-0.065441) + sin(-0.065441)))(0.065395 + sin(-0.065441)))((sin(sin(-0.065441) + sin(-0.065441)) + sin(sin(-0.065441) + sin(-0.065441)))(0.065395 + sin(-0.065441)))
1.5971280374298087e-15	17	sin(log((X_1)(X_1) + (X_0)(X_0))) + ((sin(sin(0.008608)) + sin(sin(0.008608)))(-0.008612 + sin(0.008608)))((sin(sin(0.008608)) + sin(sin(0.008608)))(-0.008612 + sin(0.008608)))
0.0008007711644433607	16	sin(log((X_1)(X_1) + ((sin(-0.046368))(-0.046368 + 0.024403) + X_0)(X_0))) + -0.003425
0.010676200713763791	13	sin(log((X_1)(X_1) + (((X_1)(X_1))(0.030396) + X_0)(X_0))) + -0.051528
0.018681835829670018	12	sin(sin(log((X_0)(X_1) + (X_0)(X_1) + (X_0)(X_1) + (X_0)(X_1))) + sin(log((X_0)(X_1) + (X_0)(X_1) + (X_0)(X_1) + (X_0)(X_1))) + -0.075928 + -0.075928)
0.022708947979337653	11	sin(sin(log((X_1)(X_0) + (X_1)(X_0) + (X_1)(X_0) + (X_1)(X_0))) + sin(log((X_1)(X_0) + (X_1)(X_0) + (X_1)(X_0) + (X_1)(X_0)))) + -0.075928
0.02740147412925333	9	sin(sin(log((X_1)(X_0) + (X_1)(X_0) + (X_1)(X_0) + (X_1)(X_0))) + sin(log((X_1)(X_0) + (X_1)(X_0) + (X_1)(X_0) + (X_1)(X_0))))
0.03934945228142721	8	sin(log((log((X_1)(X_0)))(-0.043025)))
0.048122423621301987	5	sin(log(sin(log(0.058582))))
0.04822277482990172	1	-0.933397
