Level 25:bingo.evolutionary_optimizers.evolutionary_optimizer:#generational_age, elapsed_time, fitness_evaluation_count, current_training_fitness, hall_of_fame_fitnesses
Level 25:bingo.evolutionary_optimizers.evolutionary_optimizer:#generational_age, elapsed_time, fitness_evaluation_count, current_training_fitness, hall_of_fame_fitnesses
Level 25:bingo.evolutionary_optimizers.evolutionary_optimizer:Generation: 0 	 Elapsed time: 0:00:04.468152 	 Best training fitness: 1.205433e-01 	 
Level 25:bingo.evolutionary_optimizers.evolutionary_optimizer:0, 4.468152e+00, 14141, 1.205433e-01
INFO:bingo.evolutionary_optimizers.parallel_archipelago:Evolution time 0:00:28.527900	 age 10	 fitness 1.204e-01
Level 25:bingo.evolutionary_optimizers.evolutionary_optimizer:Generation: 10 	 Elapsed time: 0:00:33.329592 	 Best training fitness: 1.203906e-01 	 
Level 25:bingo.evolutionary_optimizers.evolutionary_optimizer:10, 3.332959e+01, 117626, 1.203906e-01, 1.203906e-01, 1.204921e-01
INFO:bingo.evolutionary_optimizers.parallel_archipelago:Evolution time 0:00:56.644947	 age 50	 fitness 1.204e-01
Level 25:bingo.evolutionary_optimizers.evolutionary_optimizer:Generation: 20 	 Elapsed time: 0:01:30.322428 	 Best training fitness: 1.203674e-01 	 
Level 25:bingo.evolutionary_optimizers.evolutionary_optimizer:20, 9.032243e+01, 227304, 1.203674e-01, 1.203674e-01, 1.203866e-01, 1.203906e-01, 1.204485e-01, 1.204826e-01
INFO:bingo.evolutionary_optimizers.parallel_archipelago:Evolution time 0:00:26.560195	 age 60	 fitness 1.203e-01
Level 25:bingo.evolutionary_optimizers.evolutionary_optimizer:Generation: 30 	 Elapsed time: 0:01:57.278595 	 Best training fitness: 1.202741e-01 	 
Level 25:bingo.evolutionary_optimizers.evolutionary_optimizer:30, 1.172786e+02, 316663, 1.202741e-01, 1.202741e-01, 1.203345e-01, 1.203525e-01, 1.204099e-01
INFO:bingo.evolutionary_optimizers.parallel_archipelago:Evolution time 0:00:44.947788	 age 100	 fitness 1.200e-01
Level 25:bingo.evolutionary_optimizers.evolutionary_optimizer:Generation: 40 	 Elapsed time: 0:02:42.552860 	 Best training fitness: 1.200213e-01 	 
Level 25:bingo.evolutionary_optimizers.evolutionary_optimizer:40, 1.625529e+02, 417909, 1.200213e-01, 1.200213e-01, 1.202334e-01, 1.202773e-01
INFO:bingo.evolutionary_optimizers.parallel_archipelago:Evolution time 0:00:26.507606	 age 110	 fitness 1.201e-01
Level 25:bingo.evolutionary_optimizers.evolutionary_optimizer:Generation: 50 	 Elapsed time: 0:03:09.393480 	 Best training fitness: 1.200721e-01 	 
Level 25:bingo.evolutionary_optimizers.evolutionary_optimizer:50, 1.893935e+02, 504585, 1.200721e-01, 1.200213e-01, 1.201424e-01, 1.202194e-01, 1.202773e-01
INFO:bingo.evolutionary_optimizers.parallel_archipelago:Evolution time 0:00:31.194994	 age 130	 fitness 1.200e-01
Level 25:bingo.evolutionary_optimizers.evolutionary_optimizer:Generation: 60 	 Elapsed time: 0:03:40.919074 	 Best training fitness: 1.199983e-01 	 
Level 25:bingo.evolutionary_optimizers.evolutionary_optimizer:60, 2.209191e+02, 605623, 1.199983e-01, 1.199983e-01, 1.202194e-01, 1.202773e-01
INFO:bingo.evolutionary_optimizers.parallel_archipelago:Evolution time 0:00:46.873179	 age 170	 fitness 1.165e-01
Level 25:bingo.evolutionary_optimizers.evolutionary_optimizer:Generation: 70 	 Elapsed time: 0:04:28.132601 	 Best training fitness: 1.165268e-01 	 
Level 25:bingo.evolutionary_optimizers.evolutionary_optimizer:70, 2.681326e+02, 730301, 1.165268e-01, 1.165268e-01, 1.197853e-01, 1.199688e-01, 1.202194e-01, 1.202773e-01
INFO:bingo.evolutionary_optimizers.parallel_archipelago:Evolution time 0:00:30.897481	 age 190	 fitness 1.145e-01
Level 25:bingo.evolutionary_optimizers.evolutionary_optimizer:Generation: 80 	 Elapsed time: 0:04:59.369059 	 Best training fitness: 1.144979e-01 	 
Level 25:bingo.evolutionary_optimizers.evolutionary_optimizer:80, 2.993691e+02, 850080, 1.144979e-01, 1.144979e-01, 1.197853e-01, 1.199688e-01, 1.202194e-01, 1.202773e-01
INFO:bingo.evolutionary_optimizers.parallel_archipelago:Evolution time 0:00:43.715656	 age 210	 fitness 9.424e-02
Level 25:bingo.evolutionary_optimizers.evolutionary_optimizer:Generation: 90 	 Elapsed time: 0:05:43.424654 	 Best training fitness: 9.424112e-02 	 
Level 25:bingo.evolutionary_optimizers.evolutionary_optimizer:90, 3.434247e+02, 992295, 9.424112e-02, 9.424112e-02, 1.061714e-01, 1.144979e-01, 1.197287e-01, 1.197853e-01, 1.199688e-01, 1.202194e-01, 1.202773e-01
INFO:bingo.evolutionary_optimizers.parallel_archipelago:Evolution time 0:00:32.980088	 age 220	 fitness 8.683e-02
Level 25:bingo.evolutionary_optimizers.evolutionary_optimizer:Generation: 100 	 Elapsed time: 0:06:16.798492 	 Best training fitness: 8.682580e-02 	 
Level 25:bingo.evolutionary_optimizers.evolutionary_optimizer:100, 3.767985e+02, 1111788, 8.682580e-02, 8.682580e-02, 9.006296e-02, 1.061714e-01, 1.139309e-01, 1.199688e-01, 1.202194e-01, 1.202773e-01
INFO:bingo.evolutionary_optimizers.parallel_archipelago:Evolution time 0:00:33.423603	 age 240	 fitness 8.645e-02
Level 25:bingo.evolutionary_optimizers.evolutionary_optimizer:Generation: 110 	 Elapsed time: 0:06:50.563836 	 Best training fitness: 8.645342e-02 	 
Level 25:bingo.evolutionary_optimizers.evolutionary_optimizer:110, 4.105638e+02, 1207707, 8.645342e-02, 8.645342e-02, 9.006296e-02, 1.060376e-01, 1.061714e-01, 1.139309e-01, 1.199688e-01, 1.202194e-01, 1.202773e-01
INFO:bingo.evolutionary_optimizers.parallel_archipelago:Evolution time 0:00:35.410418	 age 260	 fitness 7.732e-02
Level 25:bingo.evolutionary_optimizers.evolutionary_optimizer:Generation: 120 	 Elapsed time: 0:07:26.318268 	 Best training fitness: 7.732117e-02 	 
Level 25:bingo.evolutionary_optimizers.evolutionary_optimizer:120, 4.463183e+02, 1325569, 7.732117e-02, 7.732117e-02, 1.010069e-01, 1.061714e-01, 1.139309e-01, 1.199688e-01, 1.202194e-01, 1.202335e-01
INFO:bingo.evolutionary_optimizers.parallel_archipelago:Evolution time 0:00:46.788350	 age 290	 fitness 6.318e-02
Level 25:bingo.evolutionary_optimizers.evolutionary_optimizer:Generation: 130 	 Elapsed time: 0:08:13.460129 	 Best training fitness: 6.317944e-02 	 
Level 25:bingo.evolutionary_optimizers.evolutionary_optimizer:130, 4.934601e+02, 1467548, 6.317944e-02, 6.317944e-02, 7.725544e-02, 7.732117e-02, 1.007245e-01, 1.061714e-01, 1.139309e-01, 1.199688e-01, 1.202194e-01, 1.202335e-01
INFO:bingo.evolutionary_optimizers.parallel_archipelago:Evolution time 0:00:49.560702	 age 300	 fitness 6.319e-02
Level 25:bingo.evolutionary_optimizers.evolutionary_optimizer:Generation: 140 	 Elapsed time: 0:09:03.406701 	 Best training fitness: 6.319285e-02 	 
Level 25:bingo.evolutionary_optimizers.evolutionary_optimizer:140, 5.434067e+02, 1585166, 6.319285e-02, 6.317944e-02, 7.702631e-02, 7.732117e-02, 1.007245e-01, 1.061714e-01, 1.139309e-01, 1.199688e-01, 1.202194e-01, 1.202335e-01
INFO:bingo.evolutionary_optimizers.parallel_archipelago:Evolution time 0:00:35.116535	 age 320	 fitness 6.313e-02
Level 25:bingo.evolutionary_optimizers.evolutionary_optimizer:Generation: 150 	 Elapsed time: 0:09:38.888809 	 Best training fitness: 6.313056e-02 	 
Level 25:bingo.evolutionary_optimizers.evolutionary_optimizer:150, 5.788888e+02, 1709096, 6.313056e-02, 6.313056e-02, 6.968013e-02, 7.702631e-02, 7.732117e-02, 1.007245e-01, 1.009393e-01, 1.139309e-01, 1.199688e-01, 1.202194e-01, 1.202335e-01
INFO:bingo.evolutionary_optimizers.parallel_archipelago:Evolution time 0:00:31.072730	 age 330	 fitness 6.315e-02
Level 25:bingo.evolutionary_optimizers.evolutionary_optimizer:Generation: 160 	 Elapsed time: 0:10:10.333349 	 Best training fitness: 6.315268e-02 	 
Level 25:bingo.evolutionary_optimizers.evolutionary_optimizer:160, 6.103333e+02, 1823917, 6.315268e-02, 6.313056e-02, 6.957387e-02, 7.702631e-02, 7.732117e-02, 7.734221e-02, 1.009393e-01, 1.139309e-01, 1.199688e-01, 1.202194e-01, 1.202335e-01
INFO:bingo.evolutionary_optimizers.parallel_archipelago:Evolution time 0:01:12.064313	 age 370	 fitness 6.314e-02
Level 25:bingo.evolutionary_optimizers.evolutionary_optimizer:Generation: 170 	 Elapsed time: 0:11:22.817261 	 Best training fitness: 6.313589e-02 	 
Level 25:bingo.evolutionary_optimizers.evolutionary_optimizer:170, 6.828173e+02, 1980082, 6.313589e-02, 6.313056e-02, 6.957387e-02, 7.702631e-02, 7.732117e-02, 7.734221e-02, 1.009393e-01, 1.055618e-01, 1.139309e-01, 1.199688e-01, 1.202194e-01, 1.202335e-01
INFO:bingo.evolutionary_optimizers.parallel_archipelago:Evolution time 0:00:46.355585	 age 380	 fitness 6.217e-02
Level 25:bingo.evolutionary_optimizers.evolutionary_optimizer:Generation: 180 	 Elapsed time: 0:12:09.564938 	 Best training fitness: 6.216745e-02 	 
Level 25:bingo.evolutionary_optimizers.evolutionary_optimizer:180, 7.295649e+02, 2101837, 6.216745e-02, 6.216745e-02, 6.310747e-02, 6.957387e-02, 7.702631e-02, 7.732117e-02, 7.734221e-02, 1.009393e-01, 1.049574e-01, 1.139309e-01, 1.199688e-01, 1.202194e-01, 1.202335e-01
INFO:bingo.evolutionary_optimizers.parallel_archipelago:Evolution time 0:00:48.500752	 age 400	 fitness 6.220e-02
Level 25:bingo.evolutionary_optimizers.evolutionary_optimizer:Generation: 190 	 Elapsed time: 0:12:58.459310 	 Best training fitness: 6.220393e-02 	 
Level 25:bingo.evolutionary_optimizers.evolutionary_optimizer:190, 7.784593e+02, 2256463, 6.220393e-02, 6.216745e-02, 6.310747e-02, 6.957387e-02, 7.702631e-02, 7.732117e-02, 7.734221e-02, 1.009393e-01, 1.047226e-01, 1.048606e-01, 1.139309e-01, 1.199688e-01, 1.202194e-01, 1.202335e-01
INFO:bingo.evolutionary_optimizers.parallel_archipelago:Evolution time 0:00:50.562250	 age 420	 fitness 6.132e-02
Level 25:bingo.evolutionary_optimizers.evolutionary_optimizer:Generation: 200 	 Elapsed time: 0:13:49.420077 	 Best training fitness: 6.131702e-02 	 
Level 25:bingo.evolutionary_optimizers.evolutionary_optimizer:200, 8.294201e+02, 2426151, 6.131702e-02, 6.131702e-02, 6.148460e-02, 6.216717e-02, 6.310747e-02, 6.957387e-02, 7.702631e-02, 7.732117e-02, 7.734221e-02, 1.009393e-01, 1.047226e-01, 1.048606e-01, 1.139309e-01, 1.199688e-01, 1.202194e-01, 1.202335e-01
INFO:bingo.evolutionary_optimizers.parallel_archipelago:Evolution time 0:00:37.068637	 age 430	 fitness 6.068e-02
Level 25:bingo.evolutionary_optimizers.evolutionary_optimizer:Generation: 210 	 Elapsed time: 0:14:26.883147 	 Best training fitness: 6.067928e-02 	 
Level 25:bingo.evolutionary_optimizers.evolutionary_optimizer:210, 8.668831e+02, 2557255, 6.067928e-02, 6.067928e-02, 6.216717e-02, 6.310747e-02, 6.957387e-02, 7.179820e-02, 7.732117e-02, 7.734221e-02, 1.009393e-01, 1.047226e-01, 1.048606e-01, 1.139309e-01, 1.199688e-01, 1.202194e-01, 1.202335e-01
INFO:bingo.evolutionary_optimizers.parallel_archipelago:Evolution time 0:00:29.902625	 age 440	 fitness 5.910e-02
Level 25:bingo.evolutionary_optimizers.evolutionary_optimizer:Generation: 220 	 Elapsed time: 0:14:57.180846 	 Best training fitness: 5.909515e-02 	 
Level 25:bingo.evolutionary_optimizers.evolutionary_optimizer:220, 8.971808e+02, 2663356, 5.909515e-02, 5.909515e-02, 6.052454e-02, 6.146500e-02, 6.310747e-02, 6.957387e-02, 7.179820e-02, 7.732117e-02, 7.734221e-02, 1.009393e-01, 1.047226e-01, 1.048606e-01, 1.139309e-01, 1.199688e-01, 1.202194e-01, 1.202335e-01
INFO:bingo.evolutionary_optimizers.parallel_archipelago:Evolution time 0:00:45.909770	 age 450	 fitness 5.717e-02
Level 25:bingo.evolutionary_optimizers.evolutionary_optimizer:Generation: 230 	 Elapsed time: 0:15:43.498044 	 Best training fitness: 5.716563e-02 	 
Level 25:bingo.evolutionary_optimizers.evolutionary_optimizer:230, 9.434980e+02, 2799381, 5.716563e-02, 5.716563e-02, 6.012735e-02, 6.957387e-02, 7.179820e-02, 7.732117e-02, 7.734221e-02, 1.009393e-01, 1.047226e-01, 1.048606e-01, 1.139309e-01, 1.199688e-01, 1.202194e-01, 1.202335e-01
INFO:bingo.evolutionary_optimizers.parallel_archipelago:Evolution time 0:01:10.040008	 age 490	 fitness 5.628e-02
Level 25:bingo.evolutionary_optimizers.evolutionary_optimizer:Generation: 240 	 Elapsed time: 0:16:53.982857 	 Best training fitness: 5.628491e-02 	 
Level 25:bingo.evolutionary_optimizers.evolutionary_optimizer:240, 1.013983e+03, 2958922, 5.628491e-02, 5.628491e-02, 5.641050e-02, 5.676707e-02, 5.996478e-02, 6.957387e-02, 7.179820e-02, 7.504636e-02, 7.734221e-02, 1.009393e-01, 1.047226e-01, 1.048606e-01, 1.139309e-01, 1.199688e-01, 1.202194e-01, 1.202335e-01
INFO:bingo.evolutionary_optimizers.parallel_archipelago:Evolution time 0:01:22.285186	 age 530	 fitness 5.609e-02
Level 25:bingo.evolutionary_optimizers.evolutionary_optimizer:Generation: 250 	 Elapsed time: 0:18:16.666395 	 Best training fitness: 5.609384e-02 	 
Level 25:bingo.evolutionary_optimizers.evolutionary_optimizer:250, 1.096666e+03, 3121593, 5.609384e-02, 5.609384e-02, 5.996478e-02, 6.355409e-02, 7.179820e-02, 7.487878e-02, 7.734221e-02, 1.009393e-01, 1.047226e-01, 1.048606e-01, 1.139309e-01, 1.199688e-01, 1.202194e-01, 1.202335e-01
INFO:bingo.evolutionary_optimizers.parallel_archipelago:Evolution time 0:01:18.714397	 age 570	 fitness 5.207e-02
Level 25:bingo.evolutionary_optimizers.evolutionary_optimizer:Generation: 260 	 Elapsed time: 0:19:35.759182 	 Best training fitness: 5.207389e-02 	 
Level 25:bingo.evolutionary_optimizers.evolutionary_optimizer:260, 1.175759e+03, 3281418, 5.207389e-02, 5.207389e-02, 5.240360e-02, 5.605223e-02, 5.996478e-02, 6.021798e-02, 7.487878e-02, 7.734221e-02, 1.001839e-01, 1.047226e-01, 1.048606e-01, 1.139309e-01, 1.199688e-01, 1.202194e-01, 1.202335e-01
INFO:bingo.evolutionary_optimizers.parallel_archipelago:Evolution time 0:01:18.267494	 age 610	 fitness 4.908e-02
Level 25:bingo.evolutionary_optimizers.evolutionary_optimizer:Generation: 270 	 Elapsed time: 0:20:54.410092 	 Best training fitness: 4.908010e-02 	 
Level 25:bingo.evolutionary_optimizers.evolutionary_optimizer:270, 1.254410e+03, 3429499, 4.908010e-02, 4.908010e-02, 5.212616e-02, 5.599973e-02, 5.995422e-02, 6.021798e-02, 7.487878e-02, 7.734221e-02, 1.001839e-01, 1.047226e-01, 1.048606e-01, 1.139309e-01, 1.163767e-01, 1.202194e-01, 1.202335e-01
INFO:bingo.evolutionary_optimizers.parallel_archipelago:Evolution time 0:00:41.072449	 age 630	 fitness 4.896e-02
Level 25:bingo.evolutionary_optimizers.evolutionary_optimizer:Generation: 280 	 Elapsed time: 0:21:35.851083 	 Best training fitness: 4.895668e-02 	 
Level 25:bingo.evolutionary_optimizers.evolutionary_optimizer:280, 1.295851e+03, 3584278, 4.895668e-02, 4.895668e-02, 5.180165e-02, 5.599973e-02, 5.995422e-02, 6.021798e-02, 7.487878e-02, 7.734221e-02, 1.001839e-01, 1.040478e-01, 1.048606e-01, 1.139309e-01, 1.163767e-01, 1.202194e-01, 1.202335e-01
INFO:bingo.evolutionary_optimizers.parallel_archipelago:Evolution time 0:01:09.158447	 age 670	 fitness 4.894e-02
Level 25:bingo.evolutionary_optimizers.evolutionary_optimizer:Generation: 290 	 Elapsed time: 0:22:45.393981 	 Best training fitness: 4.893885e-02 	 
Level 25:bingo.evolutionary_optimizers.evolutionary_optimizer:290, 1.365394e+03, 3777861, 4.893885e-02, 4.893885e-02, 5.180165e-02, 5.599973e-02, 5.995422e-02, 6.021798e-02, 7.487878e-02, 7.734221e-02, 1.001839e-01, 1.040478e-01, 1.048606e-01, 1.139309e-01, 1.159956e-01, 1.202194e-01, 1.202335e-01
INFO:bingo.evolutionary_optimizers.parallel_archipelago:Evolution time 0:01:03.962708	 age 700	 fitness 4.892e-02
Level 25:bingo.evolutionary_optimizers.evolutionary_optimizer:Generation: 300 	 Elapsed time: 0:23:49.767247 	 Best training fitness: 4.891620e-02 	 
Level 25:bingo.evolutionary_optimizers.evolutionary_optimizer:300, 1.429767e+03, 3957197, 4.891620e-02, 4.891620e-02, 5.180165e-02, 5.599973e-02, 5.995422e-02, 6.021798e-02, 7.487878e-02, 7.734221e-02, 9.788256e-02, 1.040026e-01, 1.158989e-01, 1.202194e-01, 1.202335e-01
INFO:bingo.evolutionary_optimizers.parallel_archipelago:Evolution time 0:01:15.445416	 age 730	 fitness 3.129e-02
Level 25:bingo.evolutionary_optimizers.evolutionary_optimizer:Generation: 310 	 Elapsed time: 0:25:05.573226 	 Best training fitness: 3.128905e-02 	 
Level 25:bingo.evolutionary_optimizers.evolutionary_optimizer:310, 1.505573e+03, 4112469, 3.128905e-02, 3.128905e-02, 9.788256e-02, 1.040026e-01, 1.158989e-01, 1.202194e-01, 1.202335e-01
INFO:bingo.evolutionary_optimizers.parallel_archipelago:Evolution time 0:00:46.163869	 age 750	 fitness 7.110e-17
Level 25:bingo.evolutionary_optimizers.evolutionary_optimizer:Generation: 320 	 Elapsed time: 0:25:52.079489 	 Best training fitness: 7.109543e-17 	 
Level 25:bingo.evolutionary_optimizers.evolutionary_optimizer:320, 1.552079e+03, 4268803, 7.109543e-17, 7.109543e-17, 1.202194e-01, 1.202335e-01
Level 25:bingo.evolutionary_optimizers.evolutionary_optimizer:Evolution successfully converged.
Level 25:bingo.evolutionary_optimizers.evolutionary_optimizer:  Absolte convergence occurred with best fitness < 1e-10
Level 25:bingo.evolutionary_optimizers.evolutionary_optimizer:Hall of Fame:
7.109542512023842e-17	7	sin(log((X_1)(X_1) + (X_0)(X_0)))
0.1202194377185484	4	log(0.436309 + log(0.436309))
0.12023353829308704	1	-0.933941
