Level 25:bingo.evolutionary_optimizers.evolutionary_optimizer:#generational_age, elapsed_time, fitness_evaluation_count, current_training_fitness, hall_of_fame_fitnesses
Level 25:bingo.evolutionary_optimizers.evolutionary_optimizer:#generational_age, elapsed_time, fitness_evaluation_count, current_training_fitness, hall_of_fame_fitnesses
Level 25:bingo.evolutionary_optimizers.evolutionary_optimizer:Generation: 0 	 Elapsed time: 0:00:03.994683 	 Best training fitness: 1.684131e-01 	 
Level 25:bingo.evolutionary_optimizers.evolutionary_optimizer:0, 3.994683e+00, 13473, 1.684131e-01
INFO:bingo.evolutionary_optimizers.parallel_archipelago:Evolution time 0:00:45.495341	 age 40	 fitness 1.683e-01
Level 25:bingo.evolutionary_optimizers.evolutionary_optimizer:Generation: 10 	 Elapsed time: 0:00:49.741100 	 Best training fitness: 1.683006e-01 	 
Level 25:bingo.evolutionary_optimizers.evolutionary_optimizer:10, 4.974110e+01, 129684, 1.683006e-01, 1.683006e-01, 1.684404e-01
INFO:bingo.evolutionary_optimizers.parallel_archipelago:Evolution time 0:00:28.469392	 age 60	 fitness 1.684e-01
Level 25:bingo.evolutionary_optimizers.evolutionary_optimizer:Generation: 20 	 Elapsed time: 0:01:18.481592 	 Best training fitness: 1.683500e-01 	 
Level 25:bingo.evolutionary_optimizers.evolutionary_optimizer:20, 7.848159e+01, 203234, 1.683500e-01, 1.683006e-01, 1.684188e-01
INFO:bingo.evolutionary_optimizers.parallel_archipelago:Evolution time 0:00:22.339247	 age 80	 fitness 1.683e-01
Level 25:bingo.evolutionary_optimizers.evolutionary_optimizer:Generation: 30 	 Elapsed time: 0:01:41.125499 	 Best training fitness: 1.683420e-01 	 
Level 25:bingo.evolutionary_optimizers.evolutionary_optimizer:30, 1.011255e+02, 281316, 1.683420e-01, 1.683006e-01, 1.683420e-01
INFO:bingo.evolutionary_optimizers.parallel_archipelago:Evolution time 0:00:29.750747	 age 110	 fitness 1.683e-01
Level 25:bingo.evolutionary_optimizers.evolutionary_optimizer:Generation: 40 	 Elapsed time: 0:02:11.143969 	 Best training fitness: 1.682742e-01 	 
Level 25:bingo.evolutionary_optimizers.evolutionary_optimizer:40, 1.311440e+02, 352110, 1.682742e-01, 1.682742e-01
INFO:bingo.evolutionary_optimizers.parallel_archipelago:Evolution time 0:00:33.396555	 age 130	 fitness 1.683e-01
Level 25:bingo.evolutionary_optimizers.evolutionary_optimizer:Generation: 50 	 Elapsed time: 0:02:44.803235 	 Best training fitness: 1.683111e-01 	 
Level 25:bingo.evolutionary_optimizers.evolutionary_optimizer:50, 1.648032e+02, 451364, 1.683111e-01, 1.682742e-01
INFO:bingo.evolutionary_optimizers.parallel_archipelago:Evolution time 0:00:40.434083	 age 140	 fitness 1.683e-01
Level 25:bingo.evolutionary_optimizers.evolutionary_optimizer:Generation: 60 	 Elapsed time: 0:03:25.502009 	 Best training fitness: 1.682821e-01 	 
Level 25:bingo.evolutionary_optimizers.evolutionary_optimizer:60, 2.055020e+02, 554905, 1.682821e-01, 1.682742e-01
INFO:bingo.evolutionary_optimizers.parallel_archipelago:Evolution time 0:00:38.101552	 age 170	 fitness 1.382e-01
Level 25:bingo.evolutionary_optimizers.evolutionary_optimizer:Generation: 70 	 Elapsed time: 0:04:03.868223 	 Best training fitness: 1.381652e-01 	 
Level 25:bingo.evolutionary_optimizers.evolutionary_optimizer:70, 2.438682e+02, 654190, 1.381652e-01, 1.381652e-01, 1.383367e-01, 1.682742e-01
INFO:bingo.evolutionary_optimizers.parallel_archipelago:Evolution time 0:00:36.103417	 age 200	 fitness 1.333e-01
Level 25:bingo.evolutionary_optimizers.evolutionary_optimizer:Generation: 80 	 Elapsed time: 0:04:40.240176 	 Best training fitness: 1.332754e-01 	 
Level 25:bingo.evolutionary_optimizers.evolutionary_optimizer:80, 2.802402e+02, 751212, 1.332754e-01, 1.332754e-01, 1.332876e-01, 1.382917e-01, 1.682742e-01
INFO:bingo.evolutionary_optimizers.parallel_archipelago:Evolution time 0:00:23.007699	 age 220	 fitness 1.214e-01
Level 25:bingo.evolutionary_optimizers.evolutionary_optimizer:Generation: 90 	 Elapsed time: 0:05:03.553309 	 Best training fitness: 1.213645e-01 	 
Level 25:bingo.evolutionary_optimizers.evolutionary_optimizer:90, 3.035533e+02, 827104, 1.213645e-01, 1.213645e-01, 1.329235e-01, 1.332876e-01, 1.382917e-01, 1.682742e-01
INFO:bingo.evolutionary_optimizers.parallel_archipelago:Evolution time 0:00:44.934974	 age 240	 fitness 1.178e-01
Level 25:bingo.evolutionary_optimizers.evolutionary_optimizer:Generation: 100 	 Elapsed time: 0:05:48.769086 	 Best training fitness: 1.177914e-01 	 
Level 25:bingo.evolutionary_optimizers.evolutionary_optimizer:100, 3.487691e+02, 936933, 1.177914e-01, 1.177914e-01, 1.181776e-01, 1.213645e-01, 1.312246e-01, 1.315520e-01, 1.332876e-01, 1.382917e-01, 1.682742e-01
INFO:bingo.evolutionary_optimizers.parallel_archipelago:Evolution time 0:00:40.834977	 age 270	 fitness 1.154e-01
Level 25:bingo.evolutionary_optimizers.evolutionary_optimizer:Generation: 110 	 Elapsed time: 0:06:29.908323 	 Best training fitness: 1.154467e-01 	 
Level 25:bingo.evolutionary_optimizers.evolutionary_optimizer:110, 3.899083e+02, 1038195, 1.154467e-01, 1.154467e-01, 1.181776e-01, 1.213645e-01, 1.312246e-01, 1.315520e-01, 1.332876e-01, 1.382917e-01, 1.682742e-01
INFO:bingo.evolutionary_optimizers.parallel_archipelago:Evolution time 0:00:59.856299	 age 310	 fitness 1.042e-01
Level 25:bingo.evolutionary_optimizers.evolutionary_optimizer:Generation: 120 	 Elapsed time: 0:07:30.075794 	 Best training fitness: 1.041532e-01 	 
Level 25:bingo.evolutionary_optimizers.evolutionary_optimizer:120, 4.500758e+02, 1155809, 1.041532e-01, 1.041532e-01, 1.042323e-01, 1.080696e-01, 1.382917e-01, 1.399252e-01, 1.682742e-01
INFO:bingo.evolutionary_optimizers.parallel_archipelago:Evolution time 0:00:34.186954	 age 330	 fitness 8.530e-02
Level 25:bingo.evolutionary_optimizers.evolutionary_optimizer:Generation: 130 	 Elapsed time: 0:08:04.589832 	 Best training fitness: 8.530326e-02 	 
Level 25:bingo.evolutionary_optimizers.evolutionary_optimizer:130, 4.845898e+02, 1258362, 8.530326e-02, 8.530326e-02, 1.080157e-01, 1.080654e-01, 1.382917e-01, 1.399252e-01, 1.682742e-01
INFO:bingo.evolutionary_optimizers.parallel_archipelago:Evolution time 0:00:56.802887	 age 360	 fitness 8.526e-02
Level 25:bingo.evolutionary_optimizers.evolutionary_optimizer:Generation: 140 	 Elapsed time: 0:09:01.653456 	 Best training fitness: 8.525929e-02 	 
Level 25:bingo.evolutionary_optimizers.evolutionary_optimizer:140, 5.416535e+02, 1402283, 8.525929e-02, 8.525929e-02, 8.530895e-02, 1.080654e-01, 1.382917e-01, 1.384657e-01, 1.682742e-01
INFO:bingo.evolutionary_optimizers.parallel_archipelago:Evolution time 0:00:53.215076	 age 400	 fitness 8.524e-02
Level 25:bingo.evolutionary_optimizers.evolutionary_optimizer:Generation: 150 	 Elapsed time: 0:09:55.123508 	 Best training fitness: 8.524129e-02 	 
Level 25:bingo.evolutionary_optimizers.evolutionary_optimizer:150, 5.951235e+02, 1553663, 8.524129e-02, 8.524129e-02, 8.530895e-02, 1.080654e-01, 1.382917e-01, 1.384657e-01, 1.682742e-01
INFO:bingo.evolutionary_optimizers.parallel_archipelago:Evolution time 0:00:31.987536	 age 410	 fitness 8.523e-02
Level 25:bingo.evolutionary_optimizers.evolutionary_optimizer:Generation: 160 	 Elapsed time: 0:10:27.364198 	 Best training fitness: 8.522504e-02 	 
Level 25:bingo.evolutionary_optimizers.evolutionary_optimizer:160, 6.273642e+02, 1648056, 8.522504e-02, 8.522504e-02, 8.526131e-02, 1.080654e-01, 1.382917e-01, 1.384657e-01, 1.677620e-01, 1.682742e-01
INFO:bingo.evolutionary_optimizers.parallel_archipelago:Evolution time 0:00:35.134150	 age 420	 fitness 8.523e-02
Level 25:bingo.evolutionary_optimizers.evolutionary_optimizer:Generation: 170 	 Elapsed time: 0:11:02.784450 	 Best training fitness: 8.522504e-02 	 
Level 25:bingo.evolutionary_optimizers.evolutionary_optimizer:170, 6.627844e+02, 1743314, 8.522504e-02, 8.522504e-02, 8.526131e-02, 1.080654e-01, 1.382917e-01, 1.384657e-01, 1.677620e-01, 1.682742e-01
INFO:bingo.evolutionary_optimizers.parallel_archipelago:Evolution time 0:00:51.717582	 age 430	 fitness 8.523e-02
Level 25:bingo.evolutionary_optimizers.evolutionary_optimizer:Generation: 180 	 Elapsed time: 0:11:54.770133 	 Best training fitness: 8.522504e-02 	 
Level 25:bingo.evolutionary_optimizers.evolutionary_optimizer:180, 7.147701e+02, 1864898, 8.522504e-02, 8.522504e-02, 8.526131e-02, 1.080654e-01, 1.364194e-01, 1.382917e-01, 1.384657e-01, 1.677620e-01, 1.682742e-01
INFO:bingo.evolutionary_optimizers.parallel_archipelago:Evolution time 0:00:30.595067	 age 450	 fitness 8.524e-02
Level 25:bingo.evolutionary_optimizers.evolutionary_optimizer:Generation: 190 	 Elapsed time: 0:12:25.623746 	 Best training fitness: 8.524179e-02 	 
Level 25:bingo.evolutionary_optimizers.evolutionary_optimizer:190, 7.456237e+02, 1962469, 8.524179e-02, 8.522504e-02, 8.526131e-02, 1.080654e-01, 1.361642e-01, 1.384657e-01, 1.677606e-01, 1.682742e-01
INFO:bingo.evolutionary_optimizers.parallel_archipelago:Evolution time 0:00:29.410185	 age 470	 fitness 8.523e-02
Level 25:bingo.evolutionary_optimizers.evolutionary_optimizer:Generation: 200 	 Elapsed time: 0:12:55.287144 	 Best training fitness: 8.523016e-02 	 
Level 25:bingo.evolutionary_optimizers.evolutionary_optimizer:200, 7.752871e+02, 2056796, 8.523016e-02, 8.522504e-02, 8.526131e-02, 1.080654e-01, 1.361642e-01, 1.384657e-01, 1.677606e-01, 1.682742e-01
INFO:bingo.evolutionary_optimizers.parallel_archipelago:Evolution time 0:00:43.730484	 age 480	 fitness 8.494e-02
Level 25:bingo.evolutionary_optimizers.evolutionary_optimizer:Generation: 210 	 Elapsed time: 0:13:39.279404 	 Best training fitness: 8.493831e-02 	 
Level 25:bingo.evolutionary_optimizers.evolutionary_optimizer:210, 8.192794e+02, 2165343, 8.493831e-02, 8.493831e-02, 8.522504e-02, 8.526131e-02, 1.080654e-01, 1.361642e-01, 1.384657e-01, 1.677606e-01, 1.682742e-01
INFO:bingo.evolutionary_optimizers.parallel_archipelago:Evolution time 0:00:43.966553	 age 500	 fitness 8.491e-02
Level 25:bingo.evolutionary_optimizers.evolutionary_optimizer:Generation: 220 	 Elapsed time: 0:14:23.512169 	 Best training fitness: 8.490503e-02 	 
Level 25:bingo.evolutionary_optimizers.evolutionary_optimizer:220, 8.635122e+02, 2293643, 8.490503e-02, 8.490503e-02, 8.522504e-02, 8.526131e-02, 1.080654e-01, 1.361641e-01, 1.384657e-01, 1.677606e-01, 1.682742e-01
INFO:bingo.evolutionary_optimizers.parallel_archipelago:Evolution time 0:00:26.010684	 age 510	 fitness 8.490e-02
Level 25:bingo.evolutionary_optimizers.evolutionary_optimizer:Generation: 230 	 Elapsed time: 0:14:49.782926 	 Best training fitness: 8.490309e-02 	 
Level 25:bingo.evolutionary_optimizers.evolutionary_optimizer:230, 8.897829e+02, 2370081, 8.490309e-02, 8.490309e-02, 8.521860e-02, 8.526097e-02, 1.080654e-01, 1.361641e-01, 1.384657e-01, 1.677606e-01, 1.682742e-01
INFO:bingo.evolutionary_optimizers.parallel_archipelago:Evolution time 0:00:51.275738	 age 520	 fitness 8.488e-02
Level 25:bingo.evolutionary_optimizers.evolutionary_optimizer:Generation: 240 	 Elapsed time: 0:15:41.346854 	 Best training fitness: 8.487601e-02 	 
Level 25:bingo.evolutionary_optimizers.evolutionary_optimizer:240, 9.413469e+02, 2480413, 8.487601e-02, 8.487601e-02, 8.521860e-02, 8.524628e-02, 1.080654e-01, 1.361641e-01, 1.384657e-01, 1.677606e-01, 1.682742e-01
INFO:bingo.evolutionary_optimizers.parallel_archipelago:Evolution time 0:00:45.887357	 age 530	 fitness 8.489e-02
Level 25:bingo.evolutionary_optimizers.evolutionary_optimizer:Generation: 250 	 Elapsed time: 0:16:27.492298 	 Best training fitness: 8.489300e-02 	 
Level 25:bingo.evolutionary_optimizers.evolutionary_optimizer:250, 9.874923e+02, 2573619, 8.489300e-02, 8.487601e-02, 8.521860e-02, 8.524628e-02, 1.080654e-01, 1.361641e-01, 1.384657e-01, 1.677606e-01, 1.682742e-01
INFO:bingo.evolutionary_optimizers.parallel_archipelago:Evolution time 0:00:42.320967	 age 540	 fitness 8.486e-02
Level 25:bingo.evolutionary_optimizers.evolutionary_optimizer:Generation: 260 	 Elapsed time: 0:17:10.073854 	 Best training fitness: 8.486297e-02 	 
Level 25:bingo.evolutionary_optimizers.evolutionary_optimizer:260, 1.030074e+03, 2680394, 8.486297e-02, 8.486297e-02, 8.521860e-02, 8.523053e-02, 1.080654e-01, 1.361641e-01, 1.384657e-01, 1.677606e-01, 1.682742e-01
INFO:bingo.evolutionary_optimizers.parallel_archipelago:Evolution time 0:00:42.962688	 age 550	 fitness 8.486e-02
Level 25:bingo.evolutionary_optimizers.evolutionary_optimizer:Generation: 270 	 Elapsed time: 0:17:53.296136 	 Best training fitness: 8.486297e-02 	 
Level 25:bingo.evolutionary_optimizers.evolutionary_optimizer:270, 1.073296e+03, 2768374, 8.486297e-02, 8.486297e-02, 8.521860e-02, 8.523053e-02, 1.080654e-01, 1.361641e-01, 1.384657e-01, 1.677606e-01, 1.682742e-01
INFO:bingo.evolutionary_optimizers.parallel_archipelago:Evolution time 0:00:31.998671	 age 560	 fitness 8.383e-02
Level 25:bingo.evolutionary_optimizers.evolutionary_optimizer:Generation: 280 	 Elapsed time: 0:18:25.553470 	 Best training fitness: 8.382674e-02 	 
Level 25:bingo.evolutionary_optimizers.evolutionary_optimizer:280, 1.105553e+03, 2859346, 8.382674e-02, 8.382674e-02, 8.523053e-02, 1.080654e-01, 1.361641e-01, 1.384657e-01, 1.677606e-01, 1.682742e-01
INFO:bingo.evolutionary_optimizers.parallel_archipelago:Evolution time 0:00:39.009645	 age 590	 fitness 8.388e-02
Level 25:bingo.evolutionary_optimizers.evolutionary_optimizer:Generation: 290 	 Elapsed time: 0:19:04.818986 	 Best training fitness: 8.388072e-02 	 
Level 25:bingo.evolutionary_optimizers.evolutionary_optimizer:290, 1.144819e+03, 2972876, 8.388072e-02, 8.382674e-02, 8.523053e-02, 1.080654e-01, 1.361641e-01, 1.384657e-01, 1.677606e-01, 1.682742e-01
INFO:bingo.evolutionary_optimizers.parallel_archipelago:Evolution time 0:01:02.403920	 age 630	 fitness 8.388e-02
Level 25:bingo.evolutionary_optimizers.evolutionary_optimizer:Generation: 300 	 Elapsed time: 0:20:07.481556 	 Best training fitness: 8.388072e-02 	 
Level 25:bingo.evolutionary_optimizers.evolutionary_optimizer:300, 1.207482e+03, 3115744, 8.388072e-02, 8.382674e-02, 8.523053e-02, 1.080654e-01, 1.361641e-01, 1.384657e-01, 1.669868e-01, 1.682742e-01
INFO:bingo.evolutionary_optimizers.parallel_archipelago:Evolution time 0:00:45.706157	 age 650	 fitness 8.383e-02
Level 25:bingo.evolutionary_optimizers.evolutionary_optimizer:Generation: 310 	 Elapsed time: 0:20:53.476837 	 Best training fitness: 8.382877e-02 	 
Level 25:bingo.evolutionary_optimizers.evolutionary_optimizer:310, 1.253477e+03, 3245127, 8.382877e-02, 8.382674e-02, 8.399717e-02, 1.080654e-01, 1.361641e-01, 1.384657e-01, 1.669868e-01, 1.682742e-01
INFO:bingo.evolutionary_optimizers.parallel_archipelago:Evolution time 0:00:21.636717	 age 670	 fitness 8.382e-02
Level 25:bingo.evolutionary_optimizers.evolutionary_optimizer:Generation: 320 	 Elapsed time: 0:21:15.366200 	 Best training fitness: 8.381859e-02 	 
Level 25:bingo.evolutionary_optimizers.evolutionary_optimizer:320, 1.275366e+03, 3333646, 8.381859e-02, 8.381859e-02, 8.399717e-02, 1.080654e-01, 1.361641e-01, 1.384657e-01, 1.669868e-01, 1.682742e-01
INFO:bingo.evolutionary_optimizers.parallel_archipelago:Evolution time 0:00:29.971237	 age 690	 fitness 8.382e-02
Level 25:bingo.evolutionary_optimizers.evolutionary_optimizer:Generation: 330 	 Elapsed time: 0:21:45.584903 	 Best training fitness: 8.381758e-02 	 
Level 25:bingo.evolutionary_optimizers.evolutionary_optimizer:330, 1.305585e+03, 3435469, 8.381758e-02, 8.381758e-02, 8.399717e-02, 1.080654e-01, 1.361641e-01, 1.384657e-01, 1.669242e-01, 1.682742e-01
INFO:bingo.evolutionary_optimizers.parallel_archipelago:Evolution time 0:00:42.015431	 age 710	 fitness 8.382e-02
Level 25:bingo.evolutionary_optimizers.evolutionary_optimizer:Generation: 340 	 Elapsed time: 0:22:27.847180 	 Best training fitness: 8.382435e-02 	 
Level 25:bingo.evolutionary_optimizers.evolutionary_optimizer:340, 1.347847e+03, 3540443, 8.382435e-02, 8.381758e-02, 8.399717e-02, 1.080654e-01, 1.361641e-01, 1.384657e-01, 1.669242e-01, 1.682742e-01
INFO:bingo.evolutionary_optimizers.parallel_archipelago:Evolution time 0:00:21.623796	 age 730	 fitness 8.381e-02
Level 25:bingo.evolutionary_optimizers.evolutionary_optimizer:Generation: 350 	 Elapsed time: 0:22:49.716668 	 Best training fitness: 8.380791e-02 	 
Level 25:bingo.evolutionary_optimizers.evolutionary_optimizer:350, 1.369717e+03, 3611214, 8.380791e-02, 8.380791e-02, 8.393463e-02, 1.080654e-01, 1.361641e-01, 1.384657e-01, 1.669242e-01, 1.682742e-01
INFO:bingo.evolutionary_optimizers.parallel_archipelago:Evolution time 0:00:30.715764	 age 740	 fitness 8.381e-02
Level 25:bingo.evolutionary_optimizers.evolutionary_optimizer:Generation: 360 	 Elapsed time: 0:23:20.679376 	 Best training fitness: 8.380791e-02 	 
Level 25:bingo.evolutionary_optimizers.evolutionary_optimizer:360, 1.400679e+03, 3678059, 8.380791e-02, 8.380791e-02, 8.393463e-02, 9.192265e-02, 1.361641e-01, 1.384657e-01, 1.669242e-01, 1.682742e-01
INFO:bingo.evolutionary_optimizers.parallel_archipelago:Evolution time 0:00:40.001891	 age 780	 fitness 8.382e-02
Level 25:bingo.evolutionary_optimizers.evolutionary_optimizer:Generation: 370 	 Elapsed time: 0:24:00.926960 	 Best training fitness: 8.381613e-02 	 
Level 25:bingo.evolutionary_optimizers.evolutionary_optimizer:370, 1.440927e+03, 3769339, 8.381613e-02, 8.380791e-02, 8.391504e-02, 9.190647e-02, 1.361641e-01, 1.384657e-01, 1.669242e-01, 1.682742e-01
INFO:bingo.evolutionary_optimizers.parallel_archipelago:Evolution time 0:00:43.214670	 age 820	 fitness 8.381e-02
Level 25:bingo.evolutionary_optimizers.evolutionary_optimizer:Generation: 380 	 Elapsed time: 0:24:44.385350 	 Best training fitness: 8.381468e-02 	 
Level 25:bingo.evolutionary_optimizers.evolutionary_optimizer:380, 1.484385e+03, 3897360, 8.381468e-02, 8.380791e-02, 8.391504e-02, 9.189104e-02, 1.361641e-01, 1.384657e-01, 1.669242e-01, 1.682694e-01, 1.682742e-01
INFO:bingo.evolutionary_optimizers.parallel_archipelago:Evolution time 0:00:45.525323	 age 830	 fitness 8.381e-02
Level 25:bingo.evolutionary_optimizers.evolutionary_optimizer:Generation: 390 	 Elapsed time: 0:25:30.155398 	 Best training fitness: 8.381099e-02 	 
Level 25:bingo.evolutionary_optimizers.evolutionary_optimizer:390, 1.530155e+03, 3999689, 8.381099e-02, 8.380791e-02, 8.391504e-02, 8.407679e-02, 1.361641e-01, 1.384657e-01, 1.669242e-01, 1.682694e-01, 1.682742e-01
INFO:bingo.evolutionary_optimizers.parallel_archipelago:Evolution time 0:00:50.025828	 age 870	 fitness 8.381e-02
Level 25:bingo.evolutionary_optimizers.evolutionary_optimizer:Generation: 400 	 Elapsed time: 0:26:20.426937 	 Best training fitness: 8.381099e-02 	 
Level 25:bingo.evolutionary_optimizers.evolutionary_optimizer:400, 1.580427e+03, 4127689, 8.381099e-02, 8.380791e-02, 8.391504e-02, 8.407679e-02, 1.361641e-01, 1.384657e-01, 1.669242e-01, 1.682694e-01, 1.682742e-01
INFO:bingo.evolutionary_optimizers.parallel_archipelago:Evolution time 0:00:21.698297	 age 880	 fitness 8.382e-02
Level 25:bingo.evolutionary_optimizers.evolutionary_optimizer:Generation: 410 	 Elapsed time: 0:26:42.368990 	 Best training fitness: 8.382429e-02 	 
Level 25:bingo.evolutionary_optimizers.evolutionary_optimizer:410, 1.602369e+03, 4191814, 8.382429e-02, 8.380791e-02, 8.391504e-02, 8.407679e-02, 1.361641e-01, 1.384657e-01, 1.669242e-01, 1.669293e-01, 1.682694e-01, 1.682742e-01
INFO:bingo.evolutionary_optimizers.parallel_archipelago:Evolution time 0:00:25.069731	 age 890	 fitness 8.156e-02
Level 25:bingo.evolutionary_optimizers.evolutionary_optimizer:Generation: 420 	 Elapsed time: 0:27:07.685496 	 Best training fitness: 8.155782e-02 	 
Level 25:bingo.evolutionary_optimizers.evolutionary_optimizer:420, 1.627685e+03, 4270776, 8.155782e-02, 8.155782e-02, 8.380791e-02, 8.391504e-02, 8.407679e-02, 1.361641e-01, 1.384657e-01, 1.667962e-01, 1.682694e-01, 1.682742e-01
INFO:bingo.evolutionary_optimizers.parallel_archipelago:Evolution time 0:00:23.227757	 age 900	 fitness 7.880e-02
Level 25:bingo.evolutionary_optimizers.evolutionary_optimizer:Generation: 430 	 Elapsed time: 0:27:31.160724 	 Best training fitness: 7.879904e-02 	 
Level 25:bingo.evolutionary_optimizers.evolutionary_optimizer:430, 1.651161e+03, 4350328, 7.879904e-02, 7.879904e-02, 8.155782e-02, 8.180649e-02, 8.380791e-02, 8.391504e-02, 8.407679e-02, 1.361641e-01, 1.384657e-01, 1.667962e-01, 1.682694e-01, 1.682742e-01
INFO:bingo.evolutionary_optimizers.parallel_archipelago:Evolution time 0:00:31.880807	 age 910	 fitness 7.649e-02
Level 25:bingo.evolutionary_optimizers.evolutionary_optimizer:Generation: 440 	 Elapsed time: 0:28:03.292720 	 Best training fitness: 7.648777e-02 	 
Level 25:bingo.evolutionary_optimizers.evolutionary_optimizer:440, 1.683293e+03, 4418441, 7.648777e-02, 7.648777e-02, 8.180649e-02, 8.380791e-02, 8.391504e-02, 8.407679e-02, 1.361641e-01, 1.384657e-01, 1.667962e-01, 1.682694e-01, 1.682742e-01
INFO:bingo.evolutionary_optimizers.parallel_archipelago:Evolution time 0:00:46.973126	 age 930	 fitness 7.649e-02
Level 25:bingo.evolutionary_optimizers.evolutionary_optimizer:Generation: 450 	 Elapsed time: 0:28:50.546126 	 Best training fitness: 7.648777e-02 	 
Level 25:bingo.evolutionary_optimizers.evolutionary_optimizer:450, 1.730546e+03, 4529374, 7.648777e-02, 7.648777e-02, 8.180649e-02, 8.380791e-02, 8.391504e-02, 8.407679e-02, 1.361641e-01, 1.384657e-01, 1.667962e-01, 1.682694e-01, 1.682742e-01
INFO:bingo.evolutionary_optimizers.parallel_archipelago:Evolution time 0:00:26.106931	 age 940	 fitness 7.646e-02
Level 25:bingo.evolutionary_optimizers.evolutionary_optimizer:Generation: 460 	 Elapsed time: 0:29:16.905827 	 Best training fitness: 7.645652e-02 	 
Level 25:bingo.evolutionary_optimizers.evolutionary_optimizer:460, 1.756906e+03, 4606796, 7.645652e-02, 7.645652e-02, 8.180649e-02, 8.380791e-02, 8.385089e-02, 8.407679e-02, 1.361641e-01, 1.384657e-01, 1.667962e-01, 1.682694e-01, 1.682742e-01
INFO:bingo.evolutionary_optimizers.parallel_archipelago:Evolution time 0:00:30.965003	 age 960	 fitness 7.647e-02
Level 25:bingo.evolutionary_optimizers.evolutionary_optimizer:Generation: 470 	 Elapsed time: 0:29:48.119498 	 Best training fitness: 7.647250e-02 	 
Level 25:bingo.evolutionary_optimizers.evolutionary_optimizer:470, 1.788119e+03, 4700961, 7.647250e-02, 7.645652e-02, 8.029481e-02, 8.380791e-02, 8.385089e-02, 8.407679e-02, 1.361641e-01, 1.384657e-01, 1.667962e-01, 1.682694e-01, 1.682742e-01
INFO:bingo.evolutionary_optimizers.parallel_archipelago:Evolution time 0:00:32.328376	 age 980	 fitness 7.647e-02
Level 25:bingo.evolutionary_optimizers.evolutionary_optimizer:Generation: 480 	 Elapsed time: 0:30:20.698584 	 Best training fitness: 7.646667e-02 	 
Level 25:bingo.evolutionary_optimizers.evolutionary_optimizer:480, 1.820699e+03, 4797632, 7.646667e-02, 7.645652e-02, 8.029481e-02, 8.193057e-02, 8.380791e-02, 8.385089e-02, 8.407679e-02, 1.361641e-01, 1.384657e-01, 1.667962e-01, 1.682545e-01, 1.682742e-01
INFO:bingo.evolutionary_optimizers.parallel_archipelago:Evolution time 0:00:31.631415	 age 1010	 fitness 7.621e-02
Level 25:bingo.evolutionary_optimizers.evolutionary_optimizer:Generation: 490 	 Elapsed time: 0:30:52.573695 	 Best training fitness: 7.620934e-02 	 
Level 25:bingo.evolutionary_optimizers.evolutionary_optimizer:490, 1.852574e+03, 4885190, 7.620934e-02, 7.620934e-02, 7.645652e-02, 8.029481e-02, 8.193057e-02, 8.380791e-02, 8.385089e-02, 8.407679e-02, 1.361641e-01, 1.384657e-01, 1.667962e-01, 1.682545e-01, 1.682742e-01
INFO:bingo.evolutionary_optimizers.parallel_archipelago:Evolution time 0:00:45.241453	 age 1040	 fitness 7.618e-02
Level 25:bingo.evolutionary_optimizers.evolutionary_optimizer:Generation: 500 	 Elapsed time: 0:31:38.058684 	 Best training fitness: 7.617719e-02 	 
Level 25:bingo.evolutionary_optimizers.evolutionary_optimizer:500, 1.898059e+03, 5008874, 7.617719e-02, 7.617719e-02, 7.645652e-02, 8.029481e-02, 8.183703e-02, 8.380791e-02, 8.385089e-02, 8.407679e-02, 1.361641e-01, 1.384657e-01, 1.667962e-01, 1.682545e-01, 1.682742e-01
INFO:bingo.evolutionary_optimizers.parallel_archipelago:Evolution time 0:00:32.188789	 age 1070	 fitness 7.613e-02
Level 25:bingo.evolutionary_optimizers.evolutionary_optimizer:Generation: 510 	 Elapsed time: 0:32:10.490176 	 Best training fitness: 7.612600e-02 	 
Level 25:bingo.evolutionary_optimizers.evolutionary_optimizer:510, 1.930490e+03, 5100531, 7.612600e-02, 7.612600e-02, 7.645652e-02, 8.029481e-02, 8.183703e-02, 8.380791e-02, 8.385089e-02, 8.407679e-02, 1.361641e-01, 1.384657e-01, 1.667962e-01, 1.682545e-01, 1.682742e-01
INFO:bingo.evolutionary_optimizers.parallel_archipelago:Evolution time 0:00:20.856249	 age 1080	 fitness 7.613e-02
Level 25:bingo.evolutionary_optimizers.evolutionary_optimizer:Generation: 520 	 Elapsed time: 0:32:31.591222 	 Best training fitness: 7.612600e-02 	 
Level 25:bingo.evolutionary_optimizers.evolutionary_optimizer:520, 1.951591e+03, 5174861, 7.612600e-02, 7.612600e-02, 7.645652e-02, 8.029481e-02, 8.183703e-02, 8.380791e-02, 8.385089e-02, 8.407679e-02, 1.361641e-01, 1.384657e-01, 1.667654e-01, 1.682545e-01, 1.682742e-01
INFO:bingo.evolutionary_optimizers.parallel_archipelago:Evolution time 0:00:25.168442	 age 1090	 fitness 7.616e-02
Level 25:bingo.evolutionary_optimizers.evolutionary_optimizer:Generation: 530 	 Elapsed time: 0:32:57.004172 	 Best training fitness: 7.615715e-02 	 
Level 25:bingo.evolutionary_optimizers.evolutionary_optimizer:530, 1.977004e+03, 5252084, 7.615715e-02, 7.612600e-02, 7.645652e-02, 8.021905e-02, 8.380791e-02, 8.383640e-02, 8.407679e-02, 1.361641e-01, 1.384657e-01, 1.667654e-01, 1.682545e-01, 1.682742e-01
INFO:bingo.evolutionary_optimizers.parallel_archipelago:Evolution time 0:00:31.805973	 age 1100	 fitness 7.614e-02
Level 25:bingo.evolutionary_optimizers.evolutionary_optimizer:Generation: 540 	 Elapsed time: 0:33:29.059734 	 Best training fitness: 7.614075e-02 	 
Level 25:bingo.evolutionary_optimizers.evolutionary_optimizer:540, 2.009060e+03, 5323157, 7.614075e-02, 7.612600e-02, 7.645652e-02, 7.906722e-02, 8.380791e-02, 8.383640e-02, 8.407679e-02, 1.361641e-01, 1.384657e-01, 1.667654e-01, 1.682545e-01, 1.682742e-01
INFO:bingo.evolutionary_optimizers.parallel_archipelago:Evolution time 0:00:32.704241	 age 1130	 fitness 7.613e-02
Level 25:bingo.evolutionary_optimizers.evolutionary_optimizer:Generation: 550 	 Elapsed time: 0:34:02.012916 	 Best training fitness: 7.613158e-02 	 
Level 25:bingo.evolutionary_optimizers.evolutionary_optimizer:550, 2.042013e+03, 5413215, 7.613158e-02, 7.612600e-02, 7.645652e-02, 7.906722e-02, 8.380791e-02, 8.383640e-02, 8.407679e-02, 1.361641e-01, 1.384657e-01, 1.667654e-01, 1.682527e-01, 1.682545e-01, 1.682742e-01
INFO:bingo.evolutionary_optimizers.parallel_archipelago:Evolution time 0:00:46.084089	 age 1150	 fitness 7.611e-02
Level 25:bingo.evolutionary_optimizers.evolutionary_optimizer:Generation: 560 	 Elapsed time: 0:34:48.360786 	 Best training fitness: 7.611318e-02 	 
Level 25:bingo.evolutionary_optimizers.evolutionary_optimizer:560, 2.088361e+03, 5531311, 7.611318e-02, 7.611318e-02, 7.645652e-02, 7.899396e-02, 8.380791e-02, 8.383640e-02, 8.407679e-02, 1.217123e-01, 1.361641e-01, 1.384657e-01, 1.667654e-01, 1.682527e-01, 1.682545e-01, 1.682742e-01
INFO:bingo.evolutionary_optimizers.parallel_archipelago:Evolution time 0:00:49.877532	 age 1170	 fitness 7.611e-02
Level 25:bingo.evolutionary_optimizers.evolutionary_optimizer:Generation: 570 	 Elapsed time: 0:35:38.515159 	 Best training fitness: 7.611318e-02 	 
Level 25:bingo.evolutionary_optimizers.evolutionary_optimizer:570, 2.138515e+03, 5641953, 7.611318e-02, 7.611318e-02, 7.645652e-02, 7.893588e-02, 8.380791e-02, 8.383640e-02, 8.407679e-02, 1.217123e-01, 1.361641e-01, 1.384657e-01, 1.667654e-01, 1.682527e-01, 1.682545e-01, 1.682742e-01
INFO:bingo.evolutionary_optimizers.parallel_archipelago:Evolution time 0:00:29.829106	 age 1180	 fitness 7.615e-02
Level 25:bingo.evolutionary_optimizers.evolutionary_optimizer:Generation: 580 	 Elapsed time: 0:36:08.652258 	 Best training fitness: 7.614515e-02 	 
Level 25:bingo.evolutionary_optimizers.evolutionary_optimizer:580, 2.168652e+03, 5722109, 7.614515e-02, 7.611318e-02, 7.615738e-02, 7.645652e-02, 7.893588e-02, 8.380791e-02, 8.383640e-02, 8.407679e-02, 1.216714e-01, 1.361641e-01, 1.384657e-01, 1.667654e-01, 1.682527e-01, 1.682545e-01, 1.682742e-01
INFO:bingo.evolutionary_optimizers.parallel_archipelago:Evolution time 0:00:50.075066	 age 1200	 fitness 7.613e-02
Level 25:bingo.evolutionary_optimizers.evolutionary_optimizer:Generation: 590 	 Elapsed time: 0:36:59.017668 	 Best training fitness: 7.612847e-02 	 
Level 25:bingo.evolutionary_optimizers.evolutionary_optimizer:590, 2.219018e+03, 5837591, 7.612847e-02, 7.611318e-02, 7.615738e-02, 7.645652e-02, 7.893588e-02, 8.380791e-02, 8.383640e-02, 8.407679e-02, 1.216093e-01, 1.361641e-01, 1.384657e-01, 1.667654e-01, 1.682527e-01, 1.682545e-01, 1.682742e-01
INFO:bingo.evolutionary_optimizers.parallel_archipelago:Evolution time 0:00:51.249941	 age 1220	 fitness 7.613e-02
Level 25:bingo.evolutionary_optimizers.evolutionary_optimizer:Generation: 600 	 Elapsed time: 0:37:50.636626 	 Best training fitness: 7.613325e-02 	 
Level 25:bingo.evolutionary_optimizers.evolutionary_optimizer:600, 2.270637e+03, 5984888, 7.613325e-02, 7.611318e-02, 7.615738e-02, 7.645652e-02, 7.893588e-02, 8.380791e-02, 8.383640e-02, 8.407679e-02, 1.215282e-01, 1.361641e-01, 1.384657e-01, 1.667654e-01, 1.682527e-01, 1.682545e-01, 1.682742e-01
INFO:bingo.evolutionary_optimizers.parallel_archipelago:Evolution time 0:01:05.910892	 age 1270	 fitness 7.613e-02
Level 25:bingo.evolutionary_optimizers.evolutionary_optimizer:Generation: 610 	 Elapsed time: 0:38:56.914893 	 Best training fitness: 7.613281e-02 	 
Level 25:bingo.evolutionary_optimizers.evolutionary_optimizer:610, 2.336915e+03, 6145999, 7.613281e-02, 7.611318e-02, 7.615738e-02, 7.645652e-02, 7.893588e-02, 8.380791e-02, 8.383640e-02, 8.407679e-02, 1.215282e-01, 1.361641e-01, 1.384657e-01, 1.667654e-01, 1.682527e-01, 1.682545e-01, 1.682742e-01
INFO:bingo.evolutionary_optimizers.parallel_archipelago:Evolution time 0:00:50.622449	 age 1290	 fitness 7.613e-02
Level 25:bingo.evolutionary_optimizers.evolutionary_optimizer:Generation: 620 	 Elapsed time: 0:39:47.906677 	 Best training fitness: 7.612796e-02 	 
Level 25:bingo.evolutionary_optimizers.evolutionary_optimizer:620, 2.387907e+03, 6296163, 7.612796e-02, 7.611318e-02, 7.615738e-02, 7.645652e-02, 7.893588e-02, 8.380791e-02, 8.383640e-02, 8.407679e-02, 1.215282e-01, 1.361641e-01, 1.384657e-01, 1.667654e-01, 1.682527e-01, 1.682545e-01, 1.682742e-01
INFO:bingo.evolutionary_optimizers.parallel_archipelago:Evolution time 0:00:42.603339	 age 1310	 fitness 7.613e-02
Level 25:bingo.evolutionary_optimizers.evolutionary_optimizer:Generation: 630 	 Elapsed time: 0:40:30.874491 	 Best training fitness: 7.613019e-02 	 
Level 25:bingo.evolutionary_optimizers.evolutionary_optimizer:630, 2.430874e+03, 6441972, 7.613019e-02, 7.611318e-02, 7.615738e-02, 7.645652e-02, 7.893588e-02, 8.380791e-02, 8.383640e-02, 8.407679e-02, 1.215282e-01, 1.240941e-01, 1.667654e-01, 1.682527e-01, 1.682545e-01, 1.682742e-01
INFO:bingo.evolutionary_optimizers.parallel_archipelago:Evolution time 0:00:56.300438	 age 1350	 fitness 7.612e-02
Level 25:bingo.evolutionary_optimizers.evolutionary_optimizer:Generation: 640 	 Elapsed time: 0:41:27.576252 	 Best training fitness: 7.612110e-02 	 
Level 25:bingo.evolutionary_optimizers.evolutionary_optimizer:640, 2.487576e+03, 6577407, 7.612110e-02, 7.611318e-02, 7.615738e-02, 7.645652e-02, 7.893588e-02, 8.380791e-02, 8.383640e-02, 8.407679e-02, 1.215282e-01, 1.240941e-01, 1.667654e-01, 1.682527e-01, 1.682545e-01, 1.682742e-01
INFO:bingo.evolutionary_optimizers.parallel_archipelago:Evolution time 0:00:39.349833	 age 1380	 fitness 7.612e-02
Level 25:bingo.evolutionary_optimizers.evolutionary_optimizer:Generation: 650 	 Elapsed time: 0:42:07.290059 	 Best training fitness: 7.612154e-02 	 
Level 25:bingo.evolutionary_optimizers.evolutionary_optimizer:650, 2.527290e+03, 6697713, 7.612154e-02, 7.611318e-02, 7.615738e-02, 7.645652e-02, 7.893588e-02, 8.380791e-02, 8.383640e-02, 8.407679e-02, 1.215282e-01, 1.240941e-01, 1.667654e-01, 1.682527e-01, 1.682545e-01, 1.682742e-01
INFO:bingo.evolutionary_optimizers.parallel_archipelago:Evolution time 0:01:01.833831	 age 1410	 fitness 7.612e-02
Level 25:bingo.evolutionary_optimizers.evolutionary_optimizer:Generation: 660 	 Elapsed time: 0:43:09.490713 	 Best training fitness: 7.611992e-02 	 
Level 25:bingo.evolutionary_optimizers.evolutionary_optimizer:660, 2.589491e+03, 6848093, 7.611992e-02, 7.611318e-02, 7.615738e-02, 7.645652e-02, 7.893588e-02, 8.380791e-02, 8.383640e-02, 8.407679e-02, 1.215282e-01, 1.240941e-01, 1.667654e-01, 1.682527e-01, 1.682545e-01, 1.682742e-01
INFO:bingo.evolutionary_optimizers.parallel_archipelago:Evolution time 0:00:56.375554	 age 1430	 fitness 7.612e-02
Level 25:bingo.evolutionary_optimizers.evolutionary_optimizer:Generation: 670 	 Elapsed time: 0:44:06.231279 	 Best training fitness: 7.611992e-02 	 
Level 25:bingo.evolutionary_optimizers.evolutionary_optimizer:670, 2.646231e+03, 6995871, 7.611992e-02, 7.611318e-02, 7.615738e-02, 7.645652e-02, 7.893588e-02, 8.349661e-02, 8.380791e-02, 8.383640e-02, 8.407679e-02, 1.215052e-01, 1.240941e-01, 1.667654e-01, 1.682527e-01, 1.682545e-01, 1.682742e-01
INFO:bingo.evolutionary_optimizers.parallel_archipelago:Evolution time 0:00:42.734812	 age 1450	 fitness 0.000e+00
Level 25:bingo.evolutionary_optimizers.evolutionary_optimizer:Generation: 680 	 Elapsed time: 0:44:49.330742 	 Best training fitness: 0.000000e+00 	 
Level 25:bingo.evolutionary_optimizers.evolutionary_optimizer:680, 2.689331e+03, 7131097, 0.000000e+00, 0.000000e+00, 1.667654e-01, 1.682527e-01, 1.682545e-01, 1.682742e-01
Level 25:bingo.evolutionary_optimizers.evolutionary_optimizer:Evolution successfully converged.
Level 25:bingo.evolutionary_optimizers.evolutionary_optimizer:  Absolte convergence occurred with best fitness < 1e-10
Level 25:bingo.evolutionary_optimizers.evolutionary_optimizer:Hall of Fame:
0.0	7	sin(log((X_0)(X_0) + (X_1)(X_1)))
0.16676536936735675	6	sin(sin(log(X_1)) + -2.078081)
0.16825267802098287	3	(1.138160)(-0.820654)
0.16825450330889635	2	sin(-1.202440)
0.16827424455662573	1	-0.932967
