Level 25:bingo.evolutionary_optimizers.evolutionary_optimizer:#generational_age, elapsed_time, fitness_evaluation_count, current_training_fitness, hall_of_fame_fitnesses
Level 25:bingo.evolutionary_optimizers.evolutionary_optimizer:#generational_age, elapsed_time, fitness_evaluation_count, current_training_fitness, hall_of_fame_fitnesses
Level 25:bingo.evolutionary_optimizers.evolutionary_optimizer:Generation: 0 	 Elapsed time: 0:00:05.559275 	 Best training fitness: 4.859914e-02 	 
Level 25:bingo.evolutionary_optimizers.evolutionary_optimizer:0, 5.559275e+00, 14254, 4.859914e-02
INFO:bingo.evolutionary_optimizers.parallel_archipelago:Evolution time 0:01:14.188543	 age 20	 fitness 4.821e-02
Level 25:bingo.evolutionary_optimizers.evolutionary_optimizer:Generation: 10 	 Elapsed time: 0:01:20.094268 	 Best training fitness: 4.820713e-02 	 
Level 25:bingo.evolutionary_optimizers.evolutionary_optimizer:10, 8.009427e+01, 158745, 4.820713e-02, 4.820713e-02, 4.885549e-02
INFO:bingo.evolutionary_optimizers.parallel_archipelago:Evolution time 0:00:32.087701	 age 40	 fitness 4.825e-02
Level 25:bingo.evolutionary_optimizers.evolutionary_optimizer:Generation: 20 	 Elapsed time: 0:01:52.551129 	 Best training fitness: 4.825290e-02 	 
Level 25:bingo.evolutionary_optimizers.evolutionary_optimizer:20, 1.125511e+02, 236522, 4.825290e-02, 4.820713e-02, 4.833877e-02, 4.885549e-02
INFO:bingo.evolutionary_optimizers.parallel_archipelago:Evolution time 0:00:46.208718	 age 70	 fitness 4.831e-02
Level 25:bingo.evolutionary_optimizers.evolutionary_optimizer:Generation: 30 	 Elapsed time: 0:02:39.177649 	 Best training fitness: 4.830564e-02 	 
Level 25:bingo.evolutionary_optimizers.evolutionary_optimizer:30, 1.591776e+02, 353310, 4.830564e-02, 4.820713e-02, 4.830564e-02, 4.885318e-02
INFO:bingo.evolutionary_optimizers.parallel_archipelago:Evolution time 0:01:01.955261	 age 80	 fitness 3.435e-02
Level 25:bingo.evolutionary_optimizers.evolutionary_optimizer:Generation: 40 	 Elapsed time: 0:03:41.496852 	 Best training fitness: 3.435086e-02 	 
Level 25:bingo.evolutionary_optimizers.evolutionary_optimizer:40, 2.214969e+02, 471540, 3.435086e-02, 3.435086e-02, 4.820713e-02, 4.830564e-02, 4.844304e-02
INFO:bingo.evolutionary_optimizers.parallel_archipelago:Evolution time 0:00:44.873800	 age 100	 fitness 2.844e-17
Level 25:bingo.evolutionary_optimizers.evolutionary_optimizer:Generation: 50 	 Elapsed time: 0:04:26.726387 	 Best training fitness: 2.843817e-17 	 
Level 25:bingo.evolutionary_optimizers.evolutionary_optimizer:50, 2.667264e+02, 561120, 2.843817e-17, 2.843817e-17, 4.819722e-02, 4.844304e-02
Level 25:bingo.evolutionary_optimizers.evolutionary_optimizer:Evolution successfully converged.
Level 25:bingo.evolutionary_optimizers.evolutionary_optimizer:  Absolte convergence occurred with best fitness < 1e-10
Level 25:bingo.evolutionary_optimizers.evolutionary_optimizer:Hall of Fame:
2.843817004809537e-17	7	sin(log((X_1)(X_1) + (X_0)(X_0)))
0.04819722133857355	2	sin(-1.927320)
0.04844304214689198	1	-0.918223
