Level 25:bingo.evolutionary_optimizers.evolutionary_optimizer:#generational_age, elapsed_time, fitness_evaluation_count, current_training_fitness, hall_of_fame_fitnesses
Level 25:bingo.evolutionary_optimizers.evolutionary_optimizer:#generational_age, elapsed_time, fitness_evaluation_count, current_training_fitness, hall_of_fame_fitnesses
Level 25:bingo.evolutionary_optimizers.parallel_archipelago:Saving checkpoint: src/bingo_bias_vias_decomposition/checkpoints_st_30/implicit_st_30_p9_p1_4_0.pkl
INFO:bingo.evolutionary_optimizers.parallel_archipelago:Saved successfully
Level 25:bingo.evolutionary_optimizers.evolutionary_optimizer:Generation: 0 	 Elapsed time: 0:00:04.576746 	 Best training fitness: 2.163931e-01 	 
Level 25:bingo.evolutionary_optimizers.evolutionary_optimizer:0, 4.576746e+00, 15740, 2.163931e-01
INFO:bingo.evolutionary_optimizers.parallel_archipelago:Performing migration between Islands
INFO:bingo.evolutionary_optimizers.parallel_archipelago:Evolution time 0:00:37.532997	 age 10	 fitness 2.163e-01
Level 25:bingo.evolutionary_optimizers.parallel_archipelago:Saving checkpoint: src/bingo_bias_vias_decomposition/checkpoints_st_30/implicit_st_30_p9_p1_4_10.pkl
INFO:bingo.evolutionary_optimizers.parallel_archipelago:Saved successfully
Level 25:bingo.evolutionary_optimizers.evolutionary_optimizer:Generation: 10 	 Elapsed time: 0:00:42.377413 	 Best training fitness: 2.162981e-01 	 
Level 25:bingo.evolutionary_optimizers.evolutionary_optimizer:10, 4.237741e+01, 141342, 2.162981e-01, 2.162981e-01, 2.163404e-01
INFO:bingo.evolutionary_optimizers.parallel_archipelago:Performing migration between Islands
INFO:bingo.evolutionary_optimizers.parallel_archipelago:Evolution time 0:00:25.167940	 age 20	 fitness 2.157e-01
Level 25:bingo.evolutionary_optimizers.parallel_archipelago:Saving checkpoint: src/bingo_bias_vias_decomposition/checkpoints_st_30/implicit_st_30_p9_p1_4_20.pkl
INFO:bingo.evolutionary_optimizers.parallel_archipelago:Saved successfully
Level 25:bingo.evolutionary_optimizers.evolutionary_optimizer:Generation: 20 	 Elapsed time: 0:01:07.852497 	 Best training fitness: 2.156950e-01 	 
Level 25:bingo.evolutionary_optimizers.evolutionary_optimizer:20, 6.785250e+01, 239348, 2.156950e-01, 2.156950e-01, 2.158352e-01, 2.162896e-01, 2.162944e-01
INFO:bingo.evolutionary_optimizers.parallel_archipelago:Performing migration between Islands
INFO:bingo.evolutionary_optimizers.parallel_archipelago:Evolution time 0:00:20.431344	 age 30	 fitness 2.149e-01
Level 25:bingo.evolutionary_optimizers.parallel_archipelago:Saving checkpoint: src/bingo_bias_vias_decomposition/checkpoints_st_30/implicit_st_30_p9_p1_4_30.pkl
INFO:bingo.evolutionary_optimizers.parallel_archipelago:Saved successfully
Level 25:bingo.evolutionary_optimizers.evolutionary_optimizer:Generation: 30 	 Elapsed time: 0:01:28.547133 	 Best training fitness: 2.148906e-01 	 
Level 25:bingo.evolutionary_optimizers.evolutionary_optimizer:30, 8.854713e+01, 326990, 2.148906e-01, 2.148906e-01, 2.159281e-01, 2.162864e-01
INFO:bingo.evolutionary_optimizers.parallel_archipelago:Performing migration between Islands
INFO:bingo.evolutionary_optimizers.parallel_archipelago:Evolution time 0:00:33.544038	 age 40	 fitness 2.139e-01
Level 25:bingo.evolutionary_optimizers.parallel_archipelago:Saving checkpoint: src/bingo_bias_vias_decomposition/checkpoints_st_30/implicit_st_30_p9_p1_4_40.pkl
INFO:bingo.evolutionary_optimizers.parallel_archipelago:Saved successfully
Level 25:bingo.evolutionary_optimizers.evolutionary_optimizer:Generation: 40 	 Elapsed time: 0:02:02.364572 	 Best training fitness: 2.138697e-01 	 
Level 25:bingo.evolutionary_optimizers.evolutionary_optimizer:40, 1.223646e+02, 425050, 2.138697e-01, 2.138697e-01, 2.139214e-01, 2.147853e-01, 2.148342e-01, 2.157955e-01, 2.162864e-01
INFO:bingo.evolutionary_optimizers.parallel_archipelago:Performing migration between Islands
INFO:bingo.evolutionary_optimizers.parallel_archipelago:Evolution time 0:00:27.584008	 age 50	 fitness 2.132e-01
Level 25:bingo.evolutionary_optimizers.parallel_archipelago:Saving checkpoint: src/bingo_bias_vias_decomposition/checkpoints_st_30/implicit_st_30_p9_p1_4_50.pkl
INFO:bingo.evolutionary_optimizers.parallel_archipelago:Saved successfully
Level 25:bingo.evolutionary_optimizers.evolutionary_optimizer:Generation: 50 	 Elapsed time: 0:02:30.221482 	 Best training fitness: 2.132123e-01 	 
Level 25:bingo.evolutionary_optimizers.evolutionary_optimizer:50, 1.502215e+02, 544162, 2.132123e-01, 2.132123e-01, 2.138697e-01, 2.139214e-01, 2.147049e-01, 2.162864e-01
INFO:bingo.evolutionary_optimizers.parallel_archipelago:Performing migration between Islands
INFO:bingo.evolutionary_optimizers.parallel_archipelago:Evolution time 0:00:53.429630	 age 60	 fitness 2.131e-01
Level 25:bingo.evolutionary_optimizers.parallel_archipelago:Saving checkpoint: src/bingo_bias_vias_decomposition/checkpoints_st_30/implicit_st_30_p9_p1_4_60.pkl
INFO:bingo.evolutionary_optimizers.parallel_archipelago:Saved successfully
Level 25:bingo.evolutionary_optimizers.evolutionary_optimizer:Generation: 60 	 Elapsed time: 0:03:23.922887 	 Best training fitness: 2.131438e-01 	 
Level 25:bingo.evolutionary_optimizers.evolutionary_optimizer:60, 2.039229e+02, 675782, 2.131438e-01, 2.131438e-01, 2.138697e-01, 2.139214e-01, 2.146994e-01, 2.159060e-01, 2.162864e-01
INFO:bingo.evolutionary_optimizers.parallel_archipelago:Performing migration between Islands
INFO:bingo.evolutionary_optimizers.parallel_archipelago:Evolution time 0:00:50.959707	 age 70	 fitness 2.131e-01
Level 25:bingo.evolutionary_optimizers.parallel_archipelago:Saving checkpoint: src/bingo_bias_vias_decomposition/checkpoints_st_30/implicit_st_30_p9_p1_4_70.pkl
INFO:bingo.evolutionary_optimizers.parallel_archipelago:Saved successfully
Level 25:bingo.evolutionary_optimizers.evolutionary_optimizer:Generation: 70 	 Elapsed time: 0:04:15.155022 	 Best training fitness: 2.131187e-01 	 
Level 25:bingo.evolutionary_optimizers.evolutionary_optimizer:70, 2.551550e+02, 798501, 2.131187e-01, 2.131187e-01, 2.138697e-01, 2.139214e-01, 2.146994e-01, 2.159060e-01, 2.162864e-01
INFO:bingo.evolutionary_optimizers.parallel_archipelago:Performing migration between Islands
INFO:bingo.evolutionary_optimizers.parallel_archipelago:Evolution time 0:00:27.301859	 age 80	 fitness 2.127e-01
Level 25:bingo.evolutionary_optimizers.parallel_archipelago:Saving checkpoint: src/bingo_bias_vias_decomposition/checkpoints_st_30/implicit_st_30_p9_p1_4_80.pkl
INFO:bingo.evolutionary_optimizers.parallel_archipelago:Saved successfully
Level 25:bingo.evolutionary_optimizers.evolutionary_optimizer:Generation: 80 	 Elapsed time: 0:04:42.731389 	 Best training fitness: 2.126571e-01 	 
Level 25:bingo.evolutionary_optimizers.evolutionary_optimizer:80, 2.827314e+02, 893050, 2.126571e-01, 2.126571e-01, 2.131187e-01, 2.138487e-01, 2.139214e-01, 2.146994e-01, 2.159060e-01, 2.162864e-01
INFO:bingo.evolutionary_optimizers.parallel_archipelago:Performing migration between Islands
INFO:bingo.evolutionary_optimizers.parallel_archipelago:Evolution time 0:00:30.668610	 age 90	 fitness 2.099e-01
Level 25:bingo.evolutionary_optimizers.parallel_archipelago:Saving checkpoint: src/bingo_bias_vias_decomposition/checkpoints_st_30/implicit_st_30_p9_p1_4_90.pkl
INFO:bingo.evolutionary_optimizers.parallel_archipelago:Saved successfully
Level 25:bingo.evolutionary_optimizers.evolutionary_optimizer:Generation: 90 	 Elapsed time: 0:05:13.710153 	 Best training fitness: 2.099212e-01 	 
Level 25:bingo.evolutionary_optimizers.evolutionary_optimizer:90, 3.137102e+02, 989279, 2.099212e-01, 2.099212e-01, 2.109806e-01, 2.125572e-01, 2.125749e-01, 2.146994e-01, 2.159060e-01, 2.162864e-01
INFO:bingo.evolutionary_optimizers.parallel_archipelago:Performing migration between Islands
INFO:bingo.evolutionary_optimizers.parallel_archipelago:Evolution time 0:00:20.018874	 age 100	 fitness 2.098e-01
Level 25:bingo.evolutionary_optimizers.parallel_archipelago:Saving checkpoint: src/bingo_bias_vias_decomposition/checkpoints_st_30/implicit_st_30_p9_p1_4_100.pkl
INFO:bingo.evolutionary_optimizers.parallel_archipelago:Saved successfully
Level 25:bingo.evolutionary_optimizers.evolutionary_optimizer:Generation: 100 	 Elapsed time: 0:05:34.006073 	 Best training fitness: 2.098102e-01 	 
Level 25:bingo.evolutionary_optimizers.evolutionary_optimizer:100, 3.340061e+02, 1073534, 2.098102e-01, 2.098102e-01, 2.109806e-01, 2.125572e-01, 2.125749e-01, 2.146971e-01, 2.159060e-01, 2.162864e-01
INFO:bingo.evolutionary_optimizers.parallel_archipelago:Performing migration between Islands
INFO:bingo.evolutionary_optimizers.parallel_archipelago:Evolution time 0:00:51.672179	 age 110	 fitness 2.085e-01
Level 25:bingo.evolutionary_optimizers.parallel_archipelago:Saving checkpoint: src/bingo_bias_vias_decomposition/checkpoints_st_30/implicit_st_30_p9_p1_4_110.pkl
INFO:bingo.evolutionary_optimizers.parallel_archipelago:Saved successfully
Level 25:bingo.evolutionary_optimizers.evolutionary_optimizer:Generation: 110 	 Elapsed time: 0:06:25.958646 	 Best training fitness: 2.085291e-01 	 
Level 25:bingo.evolutionary_optimizers.evolutionary_optimizer:110, 3.859586e+02, 1201712, 2.085291e-01, 2.085291e-01, 2.091738e-01, 2.109734e-01, 2.121112e-01, 2.125423e-01, 2.125749e-01, 2.146971e-01, 2.159060e-01, 2.162864e-01
INFO:bingo.evolutionary_optimizers.parallel_archipelago:Performing migration between Islands
INFO:bingo.evolutionary_optimizers.parallel_archipelago:Evolution time 0:00:35.685703	 age 120	 fitness 2.085e-01
Level 25:bingo.evolutionary_optimizers.parallel_archipelago:Saving checkpoint: src/bingo_bias_vias_decomposition/checkpoints_st_30/implicit_st_30_p9_p1_4_120.pkl
INFO:bingo.evolutionary_optimizers.parallel_archipelago:Saved successfully
Level 25:bingo.evolutionary_optimizers.evolutionary_optimizer:Generation: 120 	 Elapsed time: 0:07:01.923464 	 Best training fitness: 2.084810e-01 	 
Level 25:bingo.evolutionary_optimizers.evolutionary_optimizer:120, 4.219235e+02, 1316612, 2.084810e-01, 2.084810e-01, 2.091616e-01, 2.105648e-01, 2.108957e-01, 2.125423e-01, 2.125749e-01, 2.146852e-01, 2.159060e-01, 2.162864e-01
INFO:bingo.evolutionary_optimizers.parallel_archipelago:Performing migration between Islands
INFO:bingo.evolutionary_optimizers.parallel_archipelago:Evolution time 0:00:24.913368	 age 130	 fitness 2.085e-01
Level 25:bingo.evolutionary_optimizers.parallel_archipelago:Saving checkpoint: src/bingo_bias_vias_decomposition/checkpoints_st_30/implicit_st_30_p9_p1_4_130.pkl
INFO:bingo.evolutionary_optimizers.parallel_archipelago:Saved successfully
Level 25:bingo.evolutionary_optimizers.evolutionary_optimizer:Generation: 130 	 Elapsed time: 0:07:27.116489 	 Best training fitness: 2.084810e-01 	 
Level 25:bingo.evolutionary_optimizers.evolutionary_optimizer:130, 4.471165e+02, 1426491, 2.084810e-01, 2.084810e-01, 2.090897e-01, 2.107690e-01, 2.125461e-01, 2.146852e-01, 2.159060e-01, 2.162864e-01
INFO:bingo.evolutionary_optimizers.parallel_archipelago:Performing migration between Islands
INFO:bingo.evolutionary_optimizers.parallel_archipelago:Evolution time 0:00:48.475403	 age 140	 fitness 1.943e-01
Level 25:bingo.evolutionary_optimizers.parallel_archipelago:Saving checkpoint: src/bingo_bias_vias_decomposition/checkpoints_st_30/implicit_st_30_p9_p1_4_140.pkl
INFO:bingo.evolutionary_optimizers.parallel_archipelago:Saved successfully
Level 25:bingo.evolutionary_optimizers.evolutionary_optimizer:Generation: 140 	 Elapsed time: 0:08:15.861731 	 Best training fitness: 1.943040e-01 	 
Level 25:bingo.evolutionary_optimizers.evolutionary_optimizer:140, 4.958617e+02, 1544425, 1.943040e-01, 1.943040e-01, 2.125461e-01, 2.146852e-01, 2.159060e-01, 2.162864e-01
INFO:bingo.evolutionary_optimizers.parallel_archipelago:Performing migration between Islands
INFO:bingo.evolutionary_optimizers.parallel_archipelago:Evolution time 0:00:25.349215	 age 150	 fitness 1.942e-01
Level 25:bingo.evolutionary_optimizers.parallel_archipelago:Saving checkpoint: src/bingo_bias_vias_decomposition/checkpoints_st_30/implicit_st_30_p9_p1_4_150.pkl
INFO:bingo.evolutionary_optimizers.parallel_archipelago:Saved successfully
Level 25:bingo.evolutionary_optimizers.evolutionary_optimizer:Generation: 150 	 Elapsed time: 0:08:41.492269 	 Best training fitness: 1.941842e-01 	 
Level 25:bingo.evolutionary_optimizers.evolutionary_optimizer:150, 5.214923e+02, 1636236, 1.941842e-01, 1.941842e-01, 1.942862e-01, 2.125461e-01, 2.146852e-01, 2.159060e-01, 2.162864e-01
INFO:bingo.evolutionary_optimizers.parallel_archipelago:Performing migration between Islands
INFO:bingo.evolutionary_optimizers.parallel_archipelago:Evolution time 0:00:41.605467	 age 160	 fitness 1.942e-01
Level 25:bingo.evolutionary_optimizers.parallel_archipelago:Saving checkpoint: src/bingo_bias_vias_decomposition/checkpoints_st_30/implicit_st_30_p9_p1_4_160.pkl
INFO:bingo.evolutionary_optimizers.parallel_archipelago:Saved successfully
Level 25:bingo.evolutionary_optimizers.evolutionary_optimizer:Generation: 160 	 Elapsed time: 0:09:23.441889 	 Best training fitness: 1.941779e-01 	 
Level 25:bingo.evolutionary_optimizers.evolutionary_optimizer:160, 5.634419e+02, 1760855, 1.941779e-01, 1.941779e-01, 2.125461e-01, 2.146852e-01, 2.159060e-01, 2.162864e-01
INFO:bingo.evolutionary_optimizers.parallel_archipelago:Performing migration between Islands
INFO:bingo.evolutionary_optimizers.parallel_archipelago:Evolution time 0:00:20.415387	 age 170	 fitness 1.817e-01
Level 25:bingo.evolutionary_optimizers.parallel_archipelago:Saving checkpoint: src/bingo_bias_vias_decomposition/checkpoints_st_30/implicit_st_30_p9_p1_4_170.pkl
INFO:bingo.evolutionary_optimizers.parallel_archipelago:Saved successfully
Level 25:bingo.evolutionary_optimizers.evolutionary_optimizer:Generation: 170 	 Elapsed time: 0:09:44.130283 	 Best training fitness: 1.816846e-01 	 
Level 25:bingo.evolutionary_optimizers.evolutionary_optimizer:170, 5.841303e+02, 1846827, 1.816846e-01, 1.816846e-01, 1.941779e-01, 2.125461e-01, 2.146852e-01, 2.159060e-01, 2.162864e-01
INFO:bingo.evolutionary_optimizers.parallel_archipelago:Performing migration between Islands
INFO:bingo.evolutionary_optimizers.parallel_archipelago:Evolution time 0:00:25.513948	 age 180	 fitness 1.817e-01
Level 25:bingo.evolutionary_optimizers.parallel_archipelago:Saving checkpoint: src/bingo_bias_vias_decomposition/checkpoints_st_30/implicit_st_30_p9_p1_4_180.pkl
INFO:bingo.evolutionary_optimizers.parallel_archipelago:Saved successfully
Level 25:bingo.evolutionary_optimizers.evolutionary_optimizer:Generation: 180 	 Elapsed time: 0:10:09.915850 	 Best training fitness: 1.817164e-01 	 
Level 25:bingo.evolutionary_optimizers.evolutionary_optimizer:180, 6.099158e+02, 1936684, 1.817164e-01, 1.816846e-01, 1.941779e-01, 2.125461e-01, 2.146852e-01, 2.159060e-01, 2.162864e-01
INFO:bingo.evolutionary_optimizers.parallel_archipelago:Performing migration between Islands
INFO:bingo.evolutionary_optimizers.parallel_archipelago:Evolution time 0:00:19.655653	 age 190	 fitness 1.817e-01
Level 25:bingo.evolutionary_optimizers.parallel_archipelago:Saving checkpoint: src/bingo_bias_vias_decomposition/checkpoints_st_30/implicit_st_30_p9_p1_4_190.pkl
INFO:bingo.evolutionary_optimizers.parallel_archipelago:Saved successfully
Level 25:bingo.evolutionary_optimizers.evolutionary_optimizer:Generation: 190 	 Elapsed time: 0:10:29.847101 	 Best training fitness: 1.816695e-01 	 
Level 25:bingo.evolutionary_optimizers.evolutionary_optimizer:190, 6.298471e+02, 2020716, 1.816695e-01, 1.816695e-01, 1.905186e-01, 1.941779e-01, 2.114519e-01, 2.146852e-01, 2.159060e-01, 2.162864e-01
INFO:bingo.evolutionary_optimizers.parallel_archipelago:Performing migration between Islands
INFO:bingo.evolutionary_optimizers.parallel_archipelago:Evolution time 0:00:50.867058	 age 200	 fitness 1.573e-01
Level 25:bingo.evolutionary_optimizers.parallel_archipelago:Saving checkpoint: src/bingo_bias_vias_decomposition/checkpoints_st_30/implicit_st_30_p9_p1_4_200.pkl
INFO:bingo.evolutionary_optimizers.parallel_archipelago:Saved successfully
Level 25:bingo.evolutionary_optimizers.evolutionary_optimizer:Generation: 200 	 Elapsed time: 0:11:20.995272 	 Best training fitness: 1.572970e-01 	 
Level 25:bingo.evolutionary_optimizers.evolutionary_optimizer:200, 6.809953e+02, 2149998, 1.572970e-01, 1.572970e-01, 1.816272e-01, 1.905186e-01, 1.941779e-01, 2.114519e-01, 2.139625e-01, 2.140391e-01, 2.146852e-01, 2.159060e-01, 2.162864e-01
INFO:bingo.evolutionary_optimizers.parallel_archipelago:Performing migration between Islands
INFO:bingo.evolutionary_optimizers.parallel_archipelago:Evolution time 0:00:24.427233	 age 210	 fitness 1.572e-01
Level 25:bingo.evolutionary_optimizers.parallel_archipelago:Saving checkpoint: src/bingo_bias_vias_decomposition/checkpoints_st_30/implicit_st_30_p9_p1_4_210.pkl
INFO:bingo.evolutionary_optimizers.parallel_archipelago:Saved successfully
Level 25:bingo.evolutionary_optimizers.evolutionary_optimizer:Generation: 210 	 Elapsed time: 0:11:45.702447 	 Best training fitness: 1.571929e-01 	 
Level 25:bingo.evolutionary_optimizers.evolutionary_optimizer:210, 7.057024e+02, 2237980, 1.571929e-01, 1.571929e-01, 1.572051e-01, 1.739592e-01, 1.912458e-01, 2.139625e-01, 2.140391e-01, 2.146852e-01, 2.159060e-01, 2.162864e-01
INFO:bingo.evolutionary_optimizers.parallel_archipelago:Performing migration between Islands
INFO:bingo.evolutionary_optimizers.parallel_archipelago:Evolution time 0:00:28.486909	 age 220	 fitness 1.488e-01
Level 25:bingo.evolutionary_optimizers.parallel_archipelago:Saving checkpoint: src/bingo_bias_vias_decomposition/checkpoints_st_30/implicit_st_30_p9_p1_4_220.pkl
INFO:bingo.evolutionary_optimizers.parallel_archipelago:Saved successfully
Level 25:bingo.evolutionary_optimizers.evolutionary_optimizer:Generation: 220 	 Elapsed time: 0:12:14.471142 	 Best training fitness: 1.488359e-01 	 
Level 25:bingo.evolutionary_optimizers.evolutionary_optimizer:220, 7.344711e+02, 2333520, 1.488359e-01, 1.488359e-01, 1.571929e-01, 1.572051e-01, 1.739592e-01, 1.912458e-01, 2.139625e-01, 2.140391e-01, 2.146852e-01, 2.159060e-01, 2.162864e-01
INFO:bingo.evolutionary_optimizers.parallel_archipelago:Performing migration between Islands
INFO:bingo.evolutionary_optimizers.parallel_archipelago:Evolution time 0:00:34.982773	 age 230	 fitness 1.352e-01
Level 25:bingo.evolutionary_optimizers.parallel_archipelago:Saving checkpoint: src/bingo_bias_vias_decomposition/checkpoints_st_30/implicit_st_30_p9_p1_4_230.pkl
INFO:bingo.evolutionary_optimizers.parallel_archipelago:Saved successfully
Level 25:bingo.evolutionary_optimizers.evolutionary_optimizer:Generation: 230 	 Elapsed time: 0:12:49.778671 	 Best training fitness: 1.351692e-01 	 
Level 25:bingo.evolutionary_optimizers.evolutionary_optimizer:230, 7.697787e+02, 2435379, 1.351692e-01, 1.351692e-01, 1.488359e-01, 1.571929e-01, 1.572051e-01, 1.739028e-01, 1.912458e-01, 2.139467e-01, 2.140391e-01, 2.146852e-01, 2.159060e-01, 2.162864e-01
INFO:bingo.evolutionary_optimizers.parallel_archipelago:Performing migration between Islands
INFO:bingo.evolutionary_optimizers.parallel_archipelago:Evolution time 0:00:55.629214	 age 240	 fitness 1.352e-01
Level 25:bingo.evolutionary_optimizers.parallel_archipelago:Saving checkpoint: src/bingo_bias_vias_decomposition/checkpoints_st_30/implicit_st_30_p9_p1_4_240.pkl
INFO:bingo.evolutionary_optimizers.parallel_archipelago:Saved successfully
Level 25:bingo.evolutionary_optimizers.evolutionary_optimizer:Generation: 240 	 Elapsed time: 0:13:45.694070 	 Best training fitness: 1.351764e-01 	 
Level 25:bingo.evolutionary_optimizers.evolutionary_optimizer:240, 8.256941e+02, 2590443, 1.351764e-01, 1.351692e-01, 1.351769e-01, 1.571929e-01, 1.571975e-01, 1.739028e-01, 1.912458e-01, 2.059768e-01, 2.140391e-01, 2.146852e-01, 2.159060e-01, 2.162864e-01
INFO:bingo.evolutionary_optimizers.parallel_archipelago:Performing migration between Islands
INFO:bingo.evolutionary_optimizers.parallel_archipelago:Evolution time 0:01:01.229351	 age 250	 fitness 1.291e-01
Level 25:bingo.evolutionary_optimizers.parallel_archipelago:Saving checkpoint: src/bingo_bias_vias_decomposition/checkpoints_st_30/implicit_st_30_p9_p1_4_250.pkl
INFO:bingo.evolutionary_optimizers.parallel_archipelago:Saved successfully
Level 25:bingo.evolutionary_optimizers.evolutionary_optimizer:Generation: 250 	 Elapsed time: 0:14:47.212088 	 Best training fitness: 1.291067e-01 	 
Level 25:bingo.evolutionary_optimizers.evolutionary_optimizer:250, 8.872121e+02, 2719915, 1.291067e-01, 1.291067e-01, 1.571918e-01, 1.571922e-01, 1.669708e-01, 1.703889e-01, 1.739028e-01, 1.754987e-01, 2.146852e-01, 2.159060e-01, 2.162864e-01
INFO:bingo.evolutionary_optimizers.parallel_archipelago:Performing migration between Islands
INFO:bingo.evolutionary_optimizers.parallel_archipelago:Evolution time 0:00:40.783485	 age 260	 fitness 1.292e-01
Level 25:bingo.evolutionary_optimizers.parallel_archipelago:Saving checkpoint: src/bingo_bias_vias_decomposition/checkpoints_st_30/implicit_st_30_p9_p1_4_260.pkl
INFO:bingo.evolutionary_optimizers.parallel_archipelago:Saved successfully
Level 25:bingo.evolutionary_optimizers.evolutionary_optimizer:Generation: 260 	 Elapsed time: 0:15:28.282913 	 Best training fitness: 1.291509e-01 	 
Level 25:bingo.evolutionary_optimizers.evolutionary_optimizer:260, 9.282829e+02, 2847589, 1.291509e-01, 1.291067e-01, 1.571918e-01, 1.571922e-01, 1.653019e-01, 1.655572e-01, 1.703889e-01, 1.739028e-01, 1.754987e-01, 2.146852e-01, 2.159060e-01, 2.162864e-01
INFO:bingo.evolutionary_optimizers.parallel_archipelago:Performing migration between Islands
INFO:bingo.evolutionary_optimizers.parallel_archipelago:Evolution time 0:00:33.064486	 age 270	 fitness 1.275e-01
Level 25:bingo.evolutionary_optimizers.parallel_archipelago:Saving checkpoint: src/bingo_bias_vias_decomposition/checkpoints_st_30/implicit_st_30_p9_p1_4_270.pkl
INFO:bingo.evolutionary_optimizers.parallel_archipelago:Saved successfully
Level 25:bingo.evolutionary_optimizers.evolutionary_optimizer:Generation: 270 	 Elapsed time: 0:16:01.630319 	 Best training fitness: 1.275167e-01 	 
Level 25:bingo.evolutionary_optimizers.evolutionary_optimizer:270, 9.616303e+02, 2963210, 1.275167e-01, 1.275167e-01, 1.571922e-01, 1.648279e-01, 1.703889e-01, 1.739028e-01, 1.754987e-01, 2.146852e-01, 2.159060e-01, 2.162864e-01
INFO:bingo.evolutionary_optimizers.parallel_archipelago:Performing migration between Islands
INFO:bingo.evolutionary_optimizers.parallel_archipelago:Evolution time 0:00:41.936905	 age 280	 fitness 1.275e-01
Level 25:bingo.evolutionary_optimizers.parallel_archipelago:Saving checkpoint: src/bingo_bias_vias_decomposition/checkpoints_st_30/implicit_st_30_p9_p1_4_280.pkl
INFO:bingo.evolutionary_optimizers.parallel_archipelago:Saved successfully
Level 25:bingo.evolutionary_optimizers.evolutionary_optimizer:Generation: 280 	 Elapsed time: 0:16:43.853035 	 Best training fitness: 1.274940e-01 	 
Level 25:bingo.evolutionary_optimizers.evolutionary_optimizer:280, 1.003853e+03, 3087147, 1.274940e-01, 1.274940e-01, 1.571922e-01, 1.647103e-01, 1.703889e-01, 1.739028e-01, 1.754987e-01, 2.146852e-01, 2.159060e-01, 2.162864e-01
INFO:bingo.evolutionary_optimizers.parallel_archipelago:Performing migration between Islands
INFO:bingo.evolutionary_optimizers.parallel_archipelago:Evolution time 0:00:33.749051	 age 290	 fitness 1.275e-01
Level 25:bingo.evolutionary_optimizers.parallel_archipelago:Saving checkpoint: src/bingo_bias_vias_decomposition/checkpoints_st_30/implicit_st_30_p9_p1_4_290.pkl
INFO:bingo.evolutionary_optimizers.parallel_archipelago:Saved successfully
Level 25:bingo.evolutionary_optimizers.evolutionary_optimizer:Generation: 290 	 Elapsed time: 0:17:17.878467 	 Best training fitness: 1.274688e-01 	 
Level 25:bingo.evolutionary_optimizers.evolutionary_optimizer:290, 1.037878e+03, 3203828, 1.274688e-01, 1.274688e-01, 1.285183e-01, 1.648483e-01, 1.670748e-01, 2.159060e-01, 2.162864e-01
INFO:bingo.evolutionary_optimizers.parallel_archipelago:Performing migration between Islands
INFO:bingo.evolutionary_optimizers.parallel_archipelago:Evolution time 0:00:47.380221	 age 300	 fitness 6.555e-02
Level 25:bingo.evolutionary_optimizers.parallel_archipelago:Saving checkpoint: src/bingo_bias_vias_decomposition/checkpoints_st_30/implicit_st_30_p9_p1_4_300.pkl
INFO:bingo.evolutionary_optimizers.parallel_archipelago:Saved successfully
Level 25:bingo.evolutionary_optimizers.evolutionary_optimizer:Generation: 300 	 Elapsed time: 0:18:05.577399 	 Best training fitness: 6.555047e-02 	 
Level 25:bingo.evolutionary_optimizers.evolutionary_optimizer:300, 1.085577e+03, 3358479, 6.555047e-02, 6.555047e-02, 1.051783e-01, 1.274621e-01, 1.285018e-01, 1.647651e-01, 1.670748e-01, 2.159060e-01, 2.162864e-01
INFO:bingo.evolutionary_optimizers.parallel_archipelago:Performing migration between Islands
INFO:bingo.evolutionary_optimizers.parallel_archipelago:Evolution time 0:00:34.490949	 age 310	 fitness 4.839e-02
Level 25:bingo.evolutionary_optimizers.parallel_archipelago:Saving checkpoint: src/bingo_bias_vias_decomposition/checkpoints_st_30/implicit_st_30_p9_p1_4_310.pkl
INFO:bingo.evolutionary_optimizers.parallel_archipelago:Saved successfully
Level 25:bingo.evolutionary_optimizers.evolutionary_optimizer:Generation: 310 	 Elapsed time: 0:18:40.350799 	 Best training fitness: 4.838980e-02 	 
Level 25:bingo.evolutionary_optimizers.evolutionary_optimizer:310, 1.120351e+03, 3482600, 4.838980e-02, 4.838980e-02, 6.554749e-02, 7.389059e-02, 1.285018e-01, 1.646894e-01, 1.670633e-01, 2.159060e-01, 2.162864e-01
INFO:bingo.evolutionary_optimizers.parallel_archipelago:Performing migration between Islands
INFO:bingo.evolutionary_optimizers.parallel_archipelago:Evolution time 0:00:48.962003	 age 320	 fitness 3.588e-02
Level 25:bingo.evolutionary_optimizers.parallel_archipelago:Saving checkpoint: src/bingo_bias_vias_decomposition/checkpoints_st_30/implicit_st_30_p9_p1_4_320.pkl
INFO:bingo.evolutionary_optimizers.parallel_archipelago:Saved successfully
Level 25:bingo.evolutionary_optimizers.evolutionary_optimizer:Generation: 320 	 Elapsed time: 0:19:29.594530 	 Best training fitness: 3.587840e-02 	 
Level 25:bingo.evolutionary_optimizers.evolutionary_optimizer:320, 1.169595e+03, 3629599, 3.587840e-02, 3.587840e-02, 6.178917e-02, 7.389059e-02, 1.285018e-01, 1.640703e-01, 1.670447e-01, 2.159060e-01, 2.162864e-01
INFO:bingo.evolutionary_optimizers.parallel_archipelago:Performing migration between Islands
INFO:bingo.evolutionary_optimizers.parallel_archipelago:Evolution time 0:00:34.980271	 age 330	 fitness 3.259e-02
Level 25:bingo.evolutionary_optimizers.parallel_archipelago:Saving checkpoint: src/bingo_bias_vias_decomposition/checkpoints_st_30/implicit_st_30_p9_p1_4_330.pkl
INFO:bingo.evolutionary_optimizers.parallel_archipelago:Saved successfully
Level 25:bingo.evolutionary_optimizers.evolutionary_optimizer:Generation: 330 	 Elapsed time: 0:20:04.856506 	 Best training fitness: 3.259285e-02 	 
Level 25:bingo.evolutionary_optimizers.evolutionary_optimizer:330, 1.204857e+03, 3766916, 3.259285e-02, 3.259285e-02, 6.103124e-02, 6.178617e-02, 7.389043e-02, 1.285018e-01, 1.640703e-01, 1.670447e-01, 2.159060e-01, 2.162864e-01
INFO:bingo.evolutionary_optimizers.parallel_archipelago:Performing migration between Islands
INFO:bingo.evolutionary_optimizers.parallel_archipelago:Evolution time 0:01:09.303888	 age 340	 fitness 3.199e-02
Level 25:bingo.evolutionary_optimizers.parallel_archipelago:Saving checkpoint: src/bingo_bias_vias_decomposition/checkpoints_st_30/implicit_st_30_p9_p1_4_340.pkl
INFO:bingo.evolutionary_optimizers.parallel_archipelago:Saved successfully
Level 25:bingo.evolutionary_optimizers.evolutionary_optimizer:Generation: 340 	 Elapsed time: 0:21:14.444941 	 Best training fitness: 3.198738e-02 	 
Level 25:bingo.evolutionary_optimizers.evolutionary_optimizer:340, 1.274445e+03, 3929721, 3.198738e-02, 3.198738e-02, 6.102507e-02, 6.178617e-02, 7.389043e-02, 1.285018e-01, 1.640703e-01, 1.670447e-01, 2.159060e-01, 2.162864e-01
INFO:bingo.evolutionary_optimizers.parallel_archipelago:Performing migration between Islands
INFO:bingo.evolutionary_optimizers.parallel_archipelago:Evolution time 0:01:09.452264	 age 350	 fitness 3.199e-02
Level 25:bingo.evolutionary_optimizers.parallel_archipelago:Saving checkpoint: src/bingo_bias_vias_decomposition/checkpoints_st_30/implicit_st_30_p9_p1_4_350.pkl
INFO:bingo.evolutionary_optimizers.parallel_archipelago:Saved successfully
Level 25:bingo.evolutionary_optimizers.evolutionary_optimizer:Generation: 350 	 Elapsed time: 0:22:24.184409 	 Best training fitness: 3.198732e-02 	 
Level 25:bingo.evolutionary_optimizers.evolutionary_optimizer:350, 1.344184e+03, 4117544, 3.198732e-02, 3.198732e-02, 6.102387e-02, 6.178617e-02, 7.389043e-02, 1.285018e-01, 1.640703e-01, 1.670447e-01, 2.159060e-01, 2.162864e-01
INFO:bingo.evolutionary_optimizers.parallel_archipelago:Performing migration between Islands
INFO:bingo.evolutionary_optimizers.parallel_archipelago:Evolution time 0:01:16.650161	 age 360	 fitness 2.491e-03
Level 25:bingo.evolutionary_optimizers.parallel_archipelago:Saving checkpoint: src/bingo_bias_vias_decomposition/checkpoints_st_30/implicit_st_30_p9_p1_4_360.pkl
INFO:bingo.evolutionary_optimizers.parallel_archipelago:Saved successfully
Level 25:bingo.evolutionary_optimizers.evolutionary_optimizer:Generation: 360 	 Elapsed time: 0:23:41.109110 	 Best training fitness: 2.490541e-03 	 
Level 25:bingo.evolutionary_optimizers.evolutionary_optimizer:360, 1.421109e+03, 4293515, 2.490541e-03, 2.490541e-03, 2.159060e-01, 2.162864e-01
INFO:bingo.evolutionary_optimizers.parallel_archipelago:Performing migration between Islands
INFO:bingo.evolutionary_optimizers.parallel_archipelago:Evolution time 0:00:40.124800	 age 370	 fitness 1.139e-04
Level 25:bingo.evolutionary_optimizers.parallel_archipelago:Saving checkpoint: src/bingo_bias_vias_decomposition/checkpoints_st_30/implicit_st_30_p9_p1_4_370.pkl
INFO:bingo.evolutionary_optimizers.parallel_archipelago:Saved successfully
Level 25:bingo.evolutionary_optimizers.evolutionary_optimizer:Generation: 370 	 Elapsed time: 0:24:21.540560 	 Best training fitness: 1.139410e-04 	 
Level 25:bingo.evolutionary_optimizers.evolutionary_optimizer:370, 1.461541e+03, 4450205, 1.139410e-04, 1.139410e-04, 2.159060e-01, 2.162864e-01
INFO:bingo.evolutionary_optimizers.parallel_archipelago:Performing migration between Islands
INFO:bingo.evolutionary_optimizers.parallel_archipelago:Evolution time 0:00:39.764409	 age 380	 fitness 0.000e+00
Level 25:bingo.evolutionary_optimizers.parallel_archipelago:Saving checkpoint: src/bingo_bias_vias_decomposition/checkpoints_st_30/implicit_st_30_p9_p1_4_380.pkl
INFO:bingo.evolutionary_optimizers.parallel_archipelago:Saved successfully
Level 25:bingo.evolutionary_optimizers.evolutionary_optimizer:Generation: 380 	 Elapsed time: 0:25:01.578983 	 Best training fitness: 0.000000e+00 	 
Level 25:bingo.evolutionary_optimizers.evolutionary_optimizer:380, 1.501579e+03, 4585475, 0.000000e+00, 0.000000e+00, 2.162864e-01
Level 25:bingo.evolutionary_optimizers.evolutionary_optimizer:Evolution successfully converged.
Level 25:bingo.evolutionary_optimizers.evolutionary_optimizer:  Absolte convergence occurred with best fitness < 1e-10
Level 25:bingo.evolutionary_optimizers.evolutionary_optimizer:Hall of Fame:
0.0	7	sin(log((X_1)(X_1) + (X_0)(X_0)))
0.2162863863558054	1	-0.933891
