Level 25:bingo.evolutionary_optimizers.evolutionary_optimizer:#generational_age, elapsed_time, fitness_evaluation_count, current_training_fitness, hall_of_fame_fitnesses
Level 25:bingo.evolutionary_optimizers.evolutionary_optimizer:#generational_age, elapsed_time, fitness_evaluation_count, current_training_fitness, hall_of_fame_fitnesses
Level 25:bingo.evolutionary_optimizers.evolutionary_optimizer:Generation: 0 	 Elapsed time: 0:00:04.961056 	 Best training fitness: 9.663581e-02 	 
Level 25:bingo.evolutionary_optimizers.evolutionary_optimizer:0, 4.961056e+00, 14547, 9.663581e-02
INFO:bingo.evolutionary_optimizers.parallel_archipelago:Evolution time 0:00:45.864576	 age 20	 fitness 9.636e-02
Level 25:bingo.evolutionary_optimizers.evolutionary_optimizer:Generation: 10 	 Elapsed time: 0:00:51.020333 	 Best training fitness: 9.635619e-02 	 
Level 25:bingo.evolutionary_optimizers.evolutionary_optimizer:10, 5.102033e+01, 132974, 9.635619e-02, 9.635619e-02, 9.636536e-02, 9.650184e-02, 9.653750e-02, 9.678955e-02
INFO:bingo.evolutionary_optimizers.parallel_archipelago:Evolution time 0:00:17.417501	 age 30	 fitness 9.619e-02
Level 25:bingo.evolutionary_optimizers.evolutionary_optimizer:Generation: 20 	 Elapsed time: 0:01:08.656724 	 Best training fitness: 9.619189e-02 	 
Level 25:bingo.evolutionary_optimizers.evolutionary_optimizer:20, 6.865672e+01, 181864, 9.619189e-02, 9.619189e-02, 9.633603e-02, 9.646221e-02, 9.650184e-02, 9.653750e-02, 9.678955e-02
INFO:bingo.evolutionary_optimizers.parallel_archipelago:Evolution time 0:00:28.360884	 age 40	 fitness 9.619e-02
Level 25:bingo.evolutionary_optimizers.evolutionary_optimizer:Generation: 30 	 Elapsed time: 0:01:37.224725 	 Best training fitness: 9.619189e-02 	 
Level 25:bingo.evolutionary_optimizers.evolutionary_optimizer:30, 9.722473e+01, 240273, 9.619189e-02, 9.619189e-02, 9.631716e-02, 9.632421e-02
INFO:bingo.evolutionary_optimizers.parallel_archipelago:Evolution time 0:00:15.445373	 age 50	 fitness 9.626e-02
Level 25:bingo.evolutionary_optimizers.evolutionary_optimizer:Generation: 40 	 Elapsed time: 0:01:52.873377 	 Best training fitness: 9.625812e-02 	 
Level 25:bingo.evolutionary_optimizers.evolutionary_optimizer:40, 1.128734e+02, 286607, 9.625812e-02, 9.619189e-02, 9.625812e-02, 9.626359e-02
INFO:bingo.evolutionary_optimizers.parallel_archipelago:Evolution time 0:00:47.003198	 age 60	 fitness 9.626e-02
Level 25:bingo.evolutionary_optimizers.evolutionary_optimizer:Generation: 50 	 Elapsed time: 0:02:40.077133 	 Best training fitness: 9.626359e-02 	 
Level 25:bingo.evolutionary_optimizers.evolutionary_optimizer:50, 1.600771e+02, 356447, 9.626359e-02, 9.619189e-02, 9.625812e-02, 9.626359e-02
INFO:bingo.evolutionary_optimizers.parallel_archipelago:Evolution time 0:00:28.470561	 age 70	 fitness 9.626e-02
Level 25:bingo.evolutionary_optimizers.evolutionary_optimizer:Generation: 60 	 Elapsed time: 0:03:08.750832 	 Best training fitness: 9.626002e-02 	 
Level 25:bingo.evolutionary_optimizers.evolutionary_optimizer:60, 1.887508e+02, 418856, 9.626002e-02, 9.619189e-02, 9.625812e-02, 9.626359e-02
INFO:bingo.evolutionary_optimizers.parallel_archipelago:Evolution time 0:00:31.456360	 age 80	 fitness 9.625e-02
Level 25:bingo.evolutionary_optimizers.evolutionary_optimizer:Generation: 70 	 Elapsed time: 0:03:40.410877 	 Best training fitness: 9.625335e-02 	 
Level 25:bingo.evolutionary_optimizers.evolutionary_optimizer:70, 2.204109e+02, 485339, 9.625335e-02, 9.619189e-02, 9.625335e-02, 9.625812e-02, 9.626359e-02
INFO:bingo.evolutionary_optimizers.parallel_archipelago:Evolution time 0:00:54.385659	 age 90	 fitness 9.619e-02
Level 25:bingo.evolutionary_optimizers.evolutionary_optimizer:Generation: 80 	 Elapsed time: 0:04:34.998005 	 Best training fitness: 9.618630e-02 	 
Level 25:bingo.evolutionary_optimizers.evolutionary_optimizer:80, 2.749980e+02, 567165, 9.618630e-02, 9.618630e-02
INFO:bingo.evolutionary_optimizers.parallel_archipelago:Evolution time 0:00:47.737731	 age 100	 fitness 9.596e-02
Level 25:bingo.evolutionary_optimizers.evolutionary_optimizer:Generation: 90 	 Elapsed time: 0:05:22.969526 	 Best training fitness: 9.595847e-02 	 
Level 25:bingo.evolutionary_optimizers.evolutionary_optimizer:90, 3.229695e+02, 637324, 9.595847e-02, 9.595847e-02, 9.618630e-02
INFO:bingo.evolutionary_optimizers.parallel_archipelago:Evolution time 0:00:26.927076	 age 130	 fitness 9.586e-02
Level 25:bingo.evolutionary_optimizers.evolutionary_optimizer:Generation: 100 	 Elapsed time: 0:05:50.215012 	 Best training fitness: 9.585555e-02 	 
Level 25:bingo.evolutionary_optimizers.evolutionary_optimizer:100, 3.502150e+02, 714418, 9.585555e-02, 9.585555e-02, 9.618630e-02
INFO:bingo.evolutionary_optimizers.parallel_archipelago:Evolution time 0:00:17.366988	 age 150	 fitness 9.593e-02
Level 25:bingo.evolutionary_optimizers.evolutionary_optimizer:Generation: 110 	 Elapsed time: 0:06:07.782813 	 Best training fitness: 9.592662e-02 	 
Level 25:bingo.evolutionary_optimizers.evolutionary_optimizer:110, 3.677828e+02, 779062, 9.592662e-02, 9.585555e-02, 9.618630e-02
INFO:bingo.evolutionary_optimizers.parallel_archipelago:Evolution time 0:00:31.744113	 age 160	 fitness 9.587e-02
Level 25:bingo.evolutionary_optimizers.evolutionary_optimizer:Generation: 120 	 Elapsed time: 0:06:39.706935 	 Best training fitness: 9.587247e-02 	 
Level 25:bingo.evolutionary_optimizers.evolutionary_optimizer:120, 3.997069e+02, 854999, 9.587247e-02, 9.585555e-02, 9.618630e-02
INFO:bingo.evolutionary_optimizers.parallel_archipelago:Evolution time 0:00:18.525685	 age 180	 fitness 9.587e-02
Level 25:bingo.evolutionary_optimizers.evolutionary_optimizer:Generation: 130 	 Elapsed time: 0:06:58.411213 	 Best training fitness: 9.587247e-02 	 
Level 25:bingo.evolutionary_optimizers.evolutionary_optimizer:130, 4.184112e+02, 914081, 9.587247e-02, 9.585555e-02, 9.618630e-02
INFO:bingo.evolutionary_optimizers.parallel_archipelago:Evolution time 0:00:18.697148	 age 200	 fitness 9.579e-02
Level 25:bingo.evolutionary_optimizers.evolutionary_optimizer:Generation: 140 	 Elapsed time: 0:07:17.287742 	 Best training fitness: 9.579343e-02 	 
Level 25:bingo.evolutionary_optimizers.evolutionary_optimizer:140, 4.372877e+02, 990560, 9.579343e-02, 9.579343e-02, 9.618630e-02
INFO:bingo.evolutionary_optimizers.parallel_archipelago:Evolution time 0:00:23.072504	 age 210	 fitness 9.500e-02
Level 25:bingo.evolutionary_optimizers.evolutionary_optimizer:Generation: 150 	 Elapsed time: 0:07:40.599606 	 Best training fitness: 9.500243e-02 	 
Level 25:bingo.evolutionary_optimizers.evolutionary_optimizer:150, 4.605996e+02, 1056227, 9.500243e-02, 9.500243e-02, 9.579343e-02, 9.618630e-02
INFO:bingo.evolutionary_optimizers.parallel_archipelago:Evolution time 0:00:16.446970	 age 220	 fitness 9.482e-02
Level 25:bingo.evolutionary_optimizers.evolutionary_optimizer:Generation: 160 	 Elapsed time: 0:07:57.267551 	 Best training fitness: 9.482039e-02 	 
Level 25:bingo.evolutionary_optimizers.evolutionary_optimizer:160, 4.772676e+02, 1110626, 9.482039e-02, 9.482039e-02, 9.579343e-02, 9.618630e-02
INFO:bingo.evolutionary_optimizers.parallel_archipelago:Evolution time 0:00:22.363446	 age 230	 fitness 9.492e-02
Level 25:bingo.evolutionary_optimizers.evolutionary_optimizer:Generation: 170 	 Elapsed time: 0:08:19.852266 	 Best training fitness: 9.491525e-02 	 
Level 25:bingo.evolutionary_optimizers.evolutionary_optimizer:170, 4.998523e+02, 1182471, 9.491525e-02, 9.482039e-02, 9.579343e-02, 9.614051e-02, 9.618630e-02
INFO:bingo.evolutionary_optimizers.parallel_archipelago:Evolution time 0:00:24.667655	 age 250	 fitness 9.492e-02
Level 25:bingo.evolutionary_optimizers.evolutionary_optimizer:Generation: 180 	 Elapsed time: 0:08:44.705280 	 Best training fitness: 9.491525e-02 	 
Level 25:bingo.evolutionary_optimizers.evolutionary_optimizer:180, 5.247053e+02, 1261818, 9.491525e-02, 9.482039e-02, 9.579343e-02, 9.614051e-02, 9.618630e-02
INFO:bingo.evolutionary_optimizers.parallel_archipelago:Evolution time 0:00:18.641376	 age 270	 fitness 9.455e-02
Level 25:bingo.evolutionary_optimizers.evolutionary_optimizer:Generation: 190 	 Elapsed time: 0:09:03.534994 	 Best training fitness: 9.454910e-02 	 
Level 25:bingo.evolutionary_optimizers.evolutionary_optimizer:190, 5.435350e+02, 1321714, 9.454910e-02, 9.454910e-02, 9.469606e-02, 9.576030e-02, 9.579343e-02, 9.614051e-02, 9.618630e-02
INFO:bingo.evolutionary_optimizers.parallel_archipelago:Evolution time 0:00:18.219854	 age 290	 fitness 9.459e-02
Level 25:bingo.evolutionary_optimizers.evolutionary_optimizer:Generation: 200 	 Elapsed time: 0:09:21.947834 	 Best training fitness: 9.459391e-02 	 
Level 25:bingo.evolutionary_optimizers.evolutionary_optimizer:200, 5.619478e+02, 1389463, 9.459391e-02, 9.454910e-02, 9.463343e-02, 9.469606e-02, 9.576030e-02, 9.579343e-02, 9.614051e-02, 9.618630e-02
INFO:bingo.evolutionary_optimizers.parallel_archipelago:Evolution time 0:00:34.024585	 age 300	 fitness 9.453e-02
Level 25:bingo.evolutionary_optimizers.evolutionary_optimizer:Generation: 210 	 Elapsed time: 0:09:56.166575 	 Best training fitness: 9.452818e-02 	 
Level 25:bingo.evolutionary_optimizers.evolutionary_optimizer:210, 5.961666e+02, 1463065, 9.452818e-02, 9.452818e-02, 9.466974e-02, 9.576030e-02, 9.579343e-02, 9.614051e-02, 9.618630e-02
INFO:bingo.evolutionary_optimizers.parallel_archipelago:Evolution time 0:00:26.962458	 age 330	 fitness 9.461e-02
Level 25:bingo.evolutionary_optimizers.evolutionary_optimizer:Generation: 220 	 Elapsed time: 0:10:23.410794 	 Best training fitness: 9.461250e-02 	 
Level 25:bingo.evolutionary_optimizers.evolutionary_optimizer:220, 6.234108e+02, 1531180, 9.461250e-02, 9.452818e-02, 9.466269e-02, 9.576030e-02, 9.579343e-02, 9.614051e-02, 9.618630e-02
INFO:bingo.evolutionary_optimizers.parallel_archipelago:Evolution time 0:00:27.574320	 age 340	 fitness 8.941e-02
Level 25:bingo.evolutionary_optimizers.evolutionary_optimizer:Generation: 230 	 Elapsed time: 0:10:51.171749 	 Best training fitness: 8.940764e-02 	 
Level 25:bingo.evolutionary_optimizers.evolutionary_optimizer:230, 6.511717e+02, 1620546, 8.940764e-02, 8.940764e-02, 9.618630e-02
INFO:bingo.evolutionary_optimizers.parallel_archipelago:Evolution time 0:00:20.472381	 age 360	 fitness 5.688e-17
Level 25:bingo.evolutionary_optimizers.evolutionary_optimizer:Generation: 240 	 Elapsed time: 0:11:11.829727 	 Best training fitness: 5.687634e-17 	 
Level 25:bingo.evolutionary_optimizers.evolutionary_optimizer:240, 6.718297e+02, 1681551, 5.687634e-17, 5.687634e-17, 9.618630e-02
Level 25:bingo.evolutionary_optimizers.evolutionary_optimizer:Evolution successfully converged.
Level 25:bingo.evolutionary_optimizers.evolutionary_optimizer:  Absolte convergence occurred with best fitness < 1e-10
Level 25:bingo.evolutionary_optimizers.evolutionary_optimizer:Hall of Fame:
5.687634009619075e-17	7	sin(log((X_1)(X_1) + (X_0)(X_0)))
0.09618629667728196	1	-0.931993
