Level 25:bingo.evolutionary_optimizers.evolutionary_optimizer:#generational_age, elapsed_time, fitness_evaluation_count, current_training_fitness, hall_of_fame_fitnesses
Level 25:bingo.evolutionary_optimizers.evolutionary_optimizer:#generational_age, elapsed_time, fitness_evaluation_count, current_training_fitness, hall_of_fame_fitnesses
Level 25:bingo.evolutionary_optimizers.evolutionary_optimizer:Generation: 0 	 Elapsed time: 0:00:04.783066 	 Best training fitness: 9.663581e-02 	 
Level 25:bingo.evolutionary_optimizers.evolutionary_optimizer:0, 4.783066e+00, 14547, 9.663581e-02
INFO:bingo.evolutionary_optimizers.parallel_archipelago:Evolution time 0:00:45.864686	 age 20	 fitness 9.636e-02
Level 25:bingo.evolutionary_optimizers.evolutionary_optimizer:Generation: 10 	 Elapsed time: 0:00:50.842324 	 Best training fitness: 9.635619e-02 	 
Level 25:bingo.evolutionary_optimizers.evolutionary_optimizer:10, 5.084232e+01, 132974, 9.635619e-02, 9.635619e-02, 9.636536e-02, 9.650184e-02, 9.653750e-02, 9.678955e-02
INFO:bingo.evolutionary_optimizers.parallel_archipelago:Evolution time 0:00:17.417583	 age 30	 fitness 9.619e-02
Level 25:bingo.evolutionary_optimizers.evolutionary_optimizer:Generation: 20 	 Elapsed time: 0:01:08.478726 	 Best training fitness: 9.619189e-02 	 
Level 25:bingo.evolutionary_optimizers.evolutionary_optimizer:20, 6.847873e+01, 181864, 9.619189e-02, 9.619189e-02, 9.633603e-02, 9.646221e-02, 9.650184e-02, 9.653750e-02, 9.678955e-02
INFO:bingo.evolutionary_optimizers.parallel_archipelago:Evolution time 0:00:28.360759	 age 40	 fitness 9.619e-02
Level 25:bingo.evolutionary_optimizers.evolutionary_optimizer:Generation: 30 	 Elapsed time: 0:01:37.047053 	 Best training fitness: 9.619189e-02 	 
Level 25:bingo.evolutionary_optimizers.evolutionary_optimizer:30, 9.704705e+01, 240273, 9.619189e-02, 9.619189e-02, 9.631716e-02, 9.632421e-02
INFO:bingo.evolutionary_optimizers.parallel_archipelago:Evolution time 0:00:15.445476	 age 50	 fitness 9.626e-02
Level 25:bingo.evolutionary_optimizers.evolutionary_optimizer:Generation: 40 	 Elapsed time: 0:01:52.695376 	 Best training fitness: 9.625812e-02 	 
Level 25:bingo.evolutionary_optimizers.evolutionary_optimizer:40, 1.126954e+02, 286607, 9.625812e-02, 9.619189e-02, 9.625812e-02, 9.626359e-02
INFO:bingo.evolutionary_optimizers.parallel_archipelago:Evolution time 0:00:47.003145	 age 60	 fitness 9.626e-02
Level 25:bingo.evolutionary_optimizers.evolutionary_optimizer:Generation: 50 	 Elapsed time: 0:02:39.899128 	 Best training fitness: 9.626359e-02 	 
Level 25:bingo.evolutionary_optimizers.evolutionary_optimizer:50, 1.598991e+02, 356447, 9.626359e-02, 9.619189e-02, 9.625812e-02, 9.626359e-02
INFO:bingo.evolutionary_optimizers.parallel_archipelago:Evolution time 0:00:28.470690	 age 70	 fitness 9.626e-02
Level 25:bingo.evolutionary_optimizers.evolutionary_optimizer:Generation: 60 	 Elapsed time: 0:03:08.572829 	 Best training fitness: 9.626002e-02 	 
Level 25:bingo.evolutionary_optimizers.evolutionary_optimizer:60, 1.885728e+02, 418856, 9.626002e-02, 9.619189e-02, 9.625812e-02, 9.626359e-02
INFO:bingo.evolutionary_optimizers.parallel_archipelago:Evolution time 0:00:31.456334	 age 80	 fitness 9.625e-02
Level 25:bingo.evolutionary_optimizers.evolutionary_optimizer:Generation: 70 	 Elapsed time: 0:03:40.232885 	 Best training fitness: 9.625335e-02 	 
Level 25:bingo.evolutionary_optimizers.evolutionary_optimizer:70, 2.202329e+02, 485339, 9.625335e-02, 9.619189e-02, 9.625335e-02, 9.625812e-02, 9.626359e-02
INFO:bingo.evolutionary_optimizers.parallel_archipelago:Evolution time 0:00:54.385592	 age 90	 fitness 9.619e-02
Level 25:bingo.evolutionary_optimizers.evolutionary_optimizer:Generation: 80 	 Elapsed time: 0:04:34.819980 	 Best training fitness: 9.618630e-02 	 
Level 25:bingo.evolutionary_optimizers.evolutionary_optimizer:80, 2.748200e+02, 567165, 9.618630e-02, 9.618630e-02
INFO:bingo.evolutionary_optimizers.parallel_archipelago:Evolution time 0:00:47.738519	 age 100	 fitness 9.596e-02
Level 25:bingo.evolutionary_optimizers.evolutionary_optimizer:Generation: 90 	 Elapsed time: 0:05:22.791533 	 Best training fitness: 9.595847e-02 	 
Level 25:bingo.evolutionary_optimizers.evolutionary_optimizer:90, 3.227915e+02, 637324, 9.595847e-02, 9.595847e-02, 9.618630e-02
INFO:bingo.evolutionary_optimizers.parallel_archipelago:Evolution time 0:00:26.926959	 age 120	 fitness 9.586e-02
Level 25:bingo.evolutionary_optimizers.evolutionary_optimizer:Generation: 100 	 Elapsed time: 0:05:50.037008 	 Best training fitness: 9.585555e-02 	 
Level 25:bingo.evolutionary_optimizers.evolutionary_optimizer:100, 3.500370e+02, 714418, 9.585555e-02, 9.585555e-02, 9.618630e-02
INFO:bingo.evolutionary_optimizers.parallel_archipelago:Evolution time 0:00:17.367139	 age 140	 fitness 9.593e-02
Level 25:bingo.evolutionary_optimizers.evolutionary_optimizer:Generation: 110 	 Elapsed time: 0:06:07.604825 	 Best training fitness: 9.592662e-02 	 
Level 25:bingo.evolutionary_optimizers.evolutionary_optimizer:110, 3.676048e+02, 779062, 9.592662e-02, 9.585555e-02, 9.618630e-02
INFO:bingo.evolutionary_optimizers.parallel_archipelago:Evolution time 0:00:31.743991	 age 160	 fitness 9.587e-02
Level 25:bingo.evolutionary_optimizers.evolutionary_optimizer:Generation: 120 	 Elapsed time: 0:06:39.528939 	 Best training fitness: 9.587247e-02 	 
Level 25:bingo.evolutionary_optimizers.evolutionary_optimizer:120, 3.995289e+02, 854999, 9.587247e-02, 9.585555e-02, 9.618630e-02
INFO:bingo.evolutionary_optimizers.parallel_archipelago:Evolution time 0:00:18.525698	 age 170	 fitness 9.587e-02
Level 25:bingo.evolutionary_optimizers.evolutionary_optimizer:Generation: 130 	 Elapsed time: 0:06:58.233211 	 Best training fitness: 9.587247e-02 	 
Level 25:bingo.evolutionary_optimizers.evolutionary_optimizer:130, 4.182332e+02, 914081, 9.587247e-02, 9.585555e-02, 9.618630e-02
INFO:bingo.evolutionary_optimizers.parallel_archipelago:Evolution time 0:00:18.697189	 age 180	 fitness 9.579e-02
Level 25:bingo.evolutionary_optimizers.evolutionary_optimizer:Generation: 140 	 Elapsed time: 0:07:17.109799 	 Best training fitness: 9.579343e-02 	 
Level 25:bingo.evolutionary_optimizers.evolutionary_optimizer:140, 4.371098e+02, 990560, 9.579343e-02, 9.579343e-02, 9.618630e-02
INFO:bingo.evolutionary_optimizers.parallel_archipelago:Evolution time 0:00:23.072337	 age 190	 fitness 9.500e-02
Level 25:bingo.evolutionary_optimizers.evolutionary_optimizer:Generation: 150 	 Elapsed time: 0:07:40.421596 	 Best training fitness: 9.500243e-02 	 
Level 25:bingo.evolutionary_optimizers.evolutionary_optimizer:150, 4.604216e+02, 1056227, 9.500243e-02, 9.500243e-02, 9.579343e-02, 9.618630e-02
INFO:bingo.evolutionary_optimizers.parallel_archipelago:Evolution time 0:00:16.446964	 age 200	 fitness 9.482e-02
Level 25:bingo.evolutionary_optimizers.evolutionary_optimizer:Generation: 160 	 Elapsed time: 0:07:57.089550 	 Best training fitness: 9.482039e-02 	 
Level 25:bingo.evolutionary_optimizers.evolutionary_optimizer:160, 4.770895e+02, 1110626, 9.482039e-02, 9.482039e-02, 9.579343e-02, 9.618630e-02
INFO:bingo.evolutionary_optimizers.parallel_archipelago:Evolution time 0:00:22.363421	 age 210	 fitness 9.492e-02
Level 25:bingo.evolutionary_optimizers.evolutionary_optimizer:Generation: 170 	 Elapsed time: 0:08:19.674275 	 Best training fitness: 9.491525e-02 	 
Level 25:bingo.evolutionary_optimizers.evolutionary_optimizer:170, 4.996743e+02, 1182471, 9.491525e-02, 9.482039e-02, 9.579343e-02, 9.614051e-02, 9.618630e-02
INFO:bingo.evolutionary_optimizers.parallel_archipelago:Evolution time 0:00:24.667592	 age 220	 fitness 9.492e-02
Level 25:bingo.evolutionary_optimizers.evolutionary_optimizer:Generation: 180 	 Elapsed time: 0:08:44.527295 	 Best training fitness: 9.491525e-02 	 
Level 25:bingo.evolutionary_optimizers.evolutionary_optimizer:180, 5.245273e+02, 1261818, 9.491525e-02, 9.482039e-02, 9.579343e-02, 9.614051e-02, 9.618630e-02
INFO:bingo.evolutionary_optimizers.parallel_archipelago:Evolution time 0:00:18.641319	 age 230	 fitness 9.455e-02
Level 25:bingo.evolutionary_optimizers.evolutionary_optimizer:Generation: 190 	 Elapsed time: 0:09:03.357001 	 Best training fitness: 9.454910e-02 	 
Level 25:bingo.evolutionary_optimizers.evolutionary_optimizer:190, 5.433570e+02, 1321714, 9.454910e-02, 9.454910e-02, 9.469606e-02, 9.576030e-02, 9.579343e-02, 9.614051e-02, 9.618630e-02
INFO:bingo.evolutionary_optimizers.parallel_archipelago:Evolution time 0:00:18.219874	 age 240	 fitness 9.459e-02
Level 25:bingo.evolutionary_optimizers.evolutionary_optimizer:Generation: 200 	 Elapsed time: 0:09:21.769839 	 Best training fitness: 9.459391e-02 	 
Level 25:bingo.evolutionary_optimizers.evolutionary_optimizer:200, 5.617698e+02, 1389463, 9.459391e-02, 9.454910e-02, 9.463343e-02, 9.469606e-02, 9.576030e-02, 9.579343e-02, 9.614051e-02, 9.618630e-02
INFO:bingo.evolutionary_optimizers.parallel_archipelago:Evolution time 0:00:34.024461	 age 250	 fitness 9.453e-02
Level 25:bingo.evolutionary_optimizers.evolutionary_optimizer:Generation: 210 	 Elapsed time: 0:09:55.988585 	 Best training fitness: 9.452818e-02 	 
Level 25:bingo.evolutionary_optimizers.evolutionary_optimizer:210, 5.959886e+02, 1463065, 9.452818e-02, 9.452818e-02, 9.466974e-02, 9.576030e-02, 9.579343e-02, 9.614051e-02, 9.618630e-02
INFO:bingo.evolutionary_optimizers.parallel_archipelago:Evolution time 0:00:26.963700	 age 260	 fitness 9.461e-02
Level 25:bingo.evolutionary_optimizers.evolutionary_optimizer:Generation: 220 	 Elapsed time: 0:10:23.232822 	 Best training fitness: 9.461250e-02 	 
Level 25:bingo.evolutionary_optimizers.evolutionary_optimizer:220, 6.232328e+02, 1531180, 9.461250e-02, 9.452818e-02, 9.466269e-02, 9.576030e-02, 9.579343e-02, 9.614051e-02, 9.618630e-02
INFO:bingo.evolutionary_optimizers.parallel_archipelago:Evolution time 0:00:27.574264	 age 270	 fitness 8.941e-02
Level 25:bingo.evolutionary_optimizers.evolutionary_optimizer:Generation: 230 	 Elapsed time: 0:10:50.993751 	 Best training fitness: 8.940764e-02 	 
Level 25:bingo.evolutionary_optimizers.evolutionary_optimizer:230, 6.509938e+02, 1620546, 8.940764e-02, 8.940764e-02, 9.618630e-02
INFO:bingo.evolutionary_optimizers.parallel_archipelago:Evolution time 0:00:20.472491	 age 280	 fitness 5.688e-17
Level 25:bingo.evolutionary_optimizers.evolutionary_optimizer:Generation: 240 	 Elapsed time: 0:11:11.651732 	 Best training fitness: 5.687634e-17 	 
Level 25:bingo.evolutionary_optimizers.evolutionary_optimizer:240, 6.716517e+02, 1681551, 5.687634e-17, 5.687634e-17, 9.618630e-02
Level 25:bingo.evolutionary_optimizers.evolutionary_optimizer:Evolution successfully converged.
Level 25:bingo.evolutionary_optimizers.evolutionary_optimizer:  Absolte convergence occurred with best fitness < 1e-10
Level 25:bingo.evolutionary_optimizers.evolutionary_optimizer:Hall of Fame:
5.687634009619075e-17	7	sin(log((X_1)(X_1) + (X_0)(X_0)))
0.09618629667728196	1	-0.931993
