Level 25:bingo.evolutionary_optimizers.evolutionary_optimizer:#generational_age, elapsed_time, fitness_evaluation_count, current_training_fitness, hall_of_fame_fitnesses
Level 25:bingo.evolutionary_optimizers.evolutionary_optimizer:#generational_age, elapsed_time, fitness_evaluation_count, current_training_fitness, hall_of_fame_fitnesses
Level 25:bingo.evolutionary_optimizers.evolutionary_optimizer:Generation: 0 	 Elapsed time: 0:00:04.547567 	 Best training fitness: 2.529061e-02 	 
Level 25:bingo.evolutionary_optimizers.evolutionary_optimizer:0, 4.547567e+00, 13392, 2.529061e-02
INFO:bingo.evolutionary_optimizers.parallel_archipelago:Evolution time 0:00:49.212425	 age 20	 fitness 2.423e-02
Level 25:bingo.evolutionary_optimizers.evolutionary_optimizer:Generation: 10 	 Elapsed time: 0:00:53.954408 	 Best training fitness: 2.423261e-02 	 
Level 25:bingo.evolutionary_optimizers.evolutionary_optimizer:10, 5.395441e+01, 144862, 2.423261e-02, 2.423261e-02, 2.457113e-02, 2.513565e-02, 8.340923e-02
INFO:bingo.evolutionary_optimizers.parallel_archipelago:Evolution time 0:00:33.298406	 age 30	 fitness 2.419e-02
Level 25:bingo.evolutionary_optimizers.evolutionary_optimizer:Generation: 20 	 Elapsed time: 0:01:27.468724 	 Best training fitness: 2.419483e-02 	 
Level 25:bingo.evolutionary_optimizers.evolutionary_optimizer:20, 8.746872e+01, 203253, 2.419483e-02, 2.419483e-02, 2.423261e-02, 2.438165e-02, 2.544203e-02
INFO:bingo.evolutionary_optimizers.parallel_archipelago:Evolution time 0:00:29.649195	 age 40	 fitness 2.419e-02
Level 25:bingo.evolutionary_optimizers.evolutionary_optimizer:Generation: 30 	 Elapsed time: 0:01:57.371141 	 Best training fitness: 2.419483e-02 	 
Level 25:bingo.evolutionary_optimizers.evolutionary_optimizer:30, 1.173711e+02, 284916, 2.419483e-02, 2.419483e-02, 2.423261e-02, 2.432906e-02
INFO:bingo.evolutionary_optimizers.parallel_archipelago:Evolution time 0:00:16.976624	 age 50	 fitness 2.425e-02
Level 25:bingo.evolutionary_optimizers.evolutionary_optimizer:Generation: 40 	 Elapsed time: 0:02:14.559304 	 Best training fitness: 2.425374e-02 	 
Level 25:bingo.evolutionary_optimizers.evolutionary_optimizer:40, 1.345593e+02, 341684, 2.425374e-02, 2.419483e-02, 2.423261e-02, 2.432906e-02
INFO:bingo.evolutionary_optimizers.parallel_archipelago:Evolution time 0:00:15.290112	 age 60	 fitness 2.425e-02
Level 25:bingo.evolutionary_optimizers.evolutionary_optimizer:Generation: 50 	 Elapsed time: 0:02:30.054391 	 Best training fitness: 2.425374e-02 	 
Level 25:bingo.evolutionary_optimizers.evolutionary_optimizer:50, 1.500544e+02, 394449, 2.425374e-02, 2.419483e-02, 2.423261e-02, 2.432906e-02
INFO:bingo.evolutionary_optimizers.parallel_archipelago:Evolution time 0:00:31.395664	 age 70	 fitness 2.429e-02
Level 25:bingo.evolutionary_optimizers.evolutionary_optimizer:Generation: 60 	 Elapsed time: 0:03:01.660936 	 Best training fitness: 2.428881e-02 	 
Level 25:bingo.evolutionary_optimizers.evolutionary_optimizer:60, 1.816609e+02, 452625, 2.428881e-02, 2.419483e-02, 2.423261e-02, 2.429049e-02, 2.432906e-02
INFO:bingo.evolutionary_optimizers.parallel_archipelago:Evolution time 0:00:31.929911	 age 80	 fitness 2.416e-02
Level 25:bingo.evolutionary_optimizers.evolutionary_optimizer:Generation: 70 	 Elapsed time: 0:03:33.806605 	 Best training fitness: 2.416349e-02 	 
Level 25:bingo.evolutionary_optimizers.evolutionary_optimizer:70, 2.138066e+02, 511549, 2.416349e-02, 2.416349e-02, 2.422998e-02, 2.429049e-02, 2.432906e-02
INFO:bingo.evolutionary_optimizers.parallel_archipelago:Evolution time 0:00:30.033409	 age 90	 fitness 2.416e-02
Level 25:bingo.evolutionary_optimizers.evolutionary_optimizer:Generation: 80 	 Elapsed time: 0:04:04.051219 	 Best training fitness: 2.416349e-02 	 
Level 25:bingo.evolutionary_optimizers.evolutionary_optimizer:80, 2.440512e+02, 571099, 2.416349e-02, 2.416349e-02, 2.419356e-02, 2.421998e-02, 2.429049e-02, 2.432906e-02
INFO:bingo.evolutionary_optimizers.parallel_archipelago:Evolution time 0:00:13.960387	 age 100	 fitness 2.416e-02
Level 25:bingo.evolutionary_optimizers.evolutionary_optimizer:Generation: 90 	 Elapsed time: 0:04:18.227973 	 Best training fitness: 2.416349e-02 	 
Level 25:bingo.evolutionary_optimizers.evolutionary_optimizer:90, 2.582280e+02, 616145, 2.416349e-02, 2.416349e-02, 2.419356e-02, 2.421998e-02, 2.429049e-02, 2.432906e-02
INFO:bingo.evolutionary_optimizers.parallel_archipelago:Evolution time 0:00:26.349895	 age 110	 fitness 2.428e-02
Level 25:bingo.evolutionary_optimizers.evolutionary_optimizer:Generation: 100 	 Elapsed time: 0:04:44.820458 	 Best training fitness: 2.427638e-02 	 
Level 25:bingo.evolutionary_optimizers.evolutionary_optimizer:100, 2.848205e+02, 671601, 2.427638e-02, 2.416349e-02, 2.419356e-02, 2.421998e-02, 2.429049e-02, 2.432906e-02
INFO:bingo.evolutionary_optimizers.parallel_archipelago:Evolution time 0:00:35.477083	 age 120	 fitness 2.426e-02
Level 25:bingo.evolutionary_optimizers.evolutionary_optimizer:Generation: 110 	 Elapsed time: 0:05:20.508815 	 Best training fitness: 2.426197e-02 	 
Level 25:bingo.evolutionary_optimizers.evolutionary_optimizer:110, 3.205088e+02, 751478, 2.426197e-02, 2.416349e-02, 2.419356e-02, 2.421998e-02, 2.429049e-02, 2.432906e-02
INFO:bingo.evolutionary_optimizers.parallel_archipelago:Evolution time 0:00:23.168510	 age 130	 fitness 2.426e-02
Level 25:bingo.evolutionary_optimizers.evolutionary_optimizer:Generation: 120 	 Elapsed time: 0:05:43.887798 	 Best training fitness: 2.426197e-02 	 
Level 25:bingo.evolutionary_optimizers.evolutionary_optimizer:120, 3.438878e+02, 816913, 2.426197e-02, 2.416349e-02, 2.419356e-02, 2.421998e-02, 2.429049e-02, 2.432906e-02
INFO:bingo.evolutionary_optimizers.parallel_archipelago:Evolution time 0:00:21.985866	 age 140	 fitness 2.418e-02
Level 25:bingo.evolutionary_optimizers.evolutionary_optimizer:Generation: 130 	 Elapsed time: 0:06:06.089268 	 Best training fitness: 2.418014e-02 	 
Level 25:bingo.evolutionary_optimizers.evolutionary_optimizer:130, 3.660893e+02, 883650, 2.418014e-02, 2.416349e-02, 2.418014e-02, 2.421998e-02, 2.429049e-02, 2.432906e-02
INFO:bingo.evolutionary_optimizers.parallel_archipelago:Evolution time 0:00:31.056254	 age 150	 fitness 2.421e-02
Level 25:bingo.evolutionary_optimizers.evolutionary_optimizer:Generation: 140 	 Elapsed time: 0:06:37.353572 	 Best training fitness: 2.420553e-02 	 
Level 25:bingo.evolutionary_optimizers.evolutionary_optimizer:140, 3.973536e+02, 944651, 2.420553e-02, 2.416349e-02, 2.418014e-02, 2.421998e-02, 2.429049e-02, 2.432906e-02
INFO:bingo.evolutionary_optimizers.parallel_archipelago:Evolution time 0:00:21.727241	 age 160	 fitness 2.432e-02
Level 25:bingo.evolutionary_optimizers.evolutionary_optimizer:Generation: 150 	 Elapsed time: 0:06:59.287197 	 Best training fitness: 2.431781e-02 	 
Level 25:bingo.evolutionary_optimizers.evolutionary_optimizer:150, 4.192872e+02, 1010568, 2.431781e-02, 2.416349e-02, 2.418014e-02, 2.421998e-02, 2.429049e-02, 2.432906e-02
INFO:bingo.evolutionary_optimizers.parallel_archipelago:Evolution time 0:00:16.401936	 age 170	 fitness 2.311e-02
Level 25:bingo.evolutionary_optimizers.evolutionary_optimizer:Generation: 160 	 Elapsed time: 0:07:15.895227 	 Best training fitness: 2.311418e-02 	 
Level 25:bingo.evolutionary_optimizers.evolutionary_optimizer:160, 4.358952e+02, 1074269, 2.311418e-02, 2.311418e-02, 2.416349e-02, 2.418014e-02, 2.421998e-02, 2.429049e-02, 2.432906e-02
INFO:bingo.evolutionary_optimizers.parallel_archipelago:Evolution time 0:00:30.604401	 age 180	 fitness 2.263e-02
Level 25:bingo.evolutionary_optimizers.evolutionary_optimizer:Generation: 170 	 Elapsed time: 0:07:46.737726 	 Best training fitness: 2.262737e-02 	 
Level 25:bingo.evolutionary_optimizers.evolutionary_optimizer:170, 4.667377e+02, 1144933, 2.262737e-02, 2.262737e-02, 2.311418e-02, 2.416349e-02, 2.418014e-02, 2.421998e-02, 2.429049e-02, 2.429150e-02
INFO:bingo.evolutionary_optimizers.parallel_archipelago:Evolution time 0:00:27.971278	 age 190	 fitness 2.263e-02
Level 25:bingo.evolutionary_optimizers.evolutionary_optimizer:Generation: 180 	 Elapsed time: 0:08:14.930867 	 Best training fitness: 2.262737e-02 	 
Level 25:bingo.evolutionary_optimizers.evolutionary_optimizer:180, 4.949309e+02, 1211397, 2.262737e-02, 2.262737e-02, 2.302266e-02, 2.418014e-02, 2.421998e-02, 2.429049e-02, 2.429150e-02
INFO:bingo.evolutionary_optimizers.parallel_archipelago:Evolution time 0:00:16.523871	 age 200	 fitness 2.268e-02
Level 25:bingo.evolutionary_optimizers.evolutionary_optimizer:Generation: 190 	 Elapsed time: 0:08:31.725703 	 Best training fitness: 2.268018e-02 	 
Level 25:bingo.evolutionary_optimizers.evolutionary_optimizer:190, 5.117257e+02, 1265981, 2.268018e-02, 2.262737e-02, 2.268018e-02, 2.269895e-02, 2.404582e-02, 2.418014e-02, 2.421998e-02, 2.429049e-02, 2.429150e-02
INFO:bingo.evolutionary_optimizers.parallel_archipelago:Evolution time 0:00:33.829537	 age 210	 fitness 2.054e-02
Level 25:bingo.evolutionary_optimizers.evolutionary_optimizer:Generation: 200 	 Elapsed time: 0:09:05.835148 	 Best training fitness: 2.053806e-02 	 
Level 25:bingo.evolutionary_optimizers.evolutionary_optimizer:200, 5.458351e+02, 1347498, 2.053806e-02, 2.053806e-02, 2.206223e-02, 2.266454e-02, 2.269443e-02, 2.404582e-02, 2.418014e-02, 2.421998e-02, 2.429049e-02, 2.429150e-02
INFO:bingo.evolutionary_optimizers.parallel_archipelago:Evolution time 0:00:27.012344	 age 230	 fitness 1.946e-02
Level 25:bingo.evolutionary_optimizers.evolutionary_optimizer:Generation: 210 	 Elapsed time: 0:09:33.076114 	 Best training fitness: 1.946331e-02 	 
Level 25:bingo.evolutionary_optimizers.evolutionary_optimizer:210, 5.730761e+02, 1411896, 1.946331e-02, 1.946331e-02, 2.193158e-02, 2.244409e-02, 2.318812e-02, 2.412107e-02, 2.419115e-02, 2.421998e-02, 2.429049e-02, 2.429150e-02
INFO:bingo.evolutionary_optimizers.parallel_archipelago:Evolution time 0:00:28.256769	 age 240	 fitness 1.830e-02
Level 25:bingo.evolutionary_optimizers.evolutionary_optimizer:Generation: 220 	 Elapsed time: 0:10:01.561664 	 Best training fitness: 1.829894e-02 	 
Level 25:bingo.evolutionary_optimizers.evolutionary_optimizer:220, 6.015617e+02, 1464130, 1.829894e-02, 1.829894e-02, 2.193158e-02, 2.218433e-02, 2.244409e-02, 2.276373e-02, 2.412107e-02, 2.419115e-02, 2.421998e-02, 2.429049e-02, 2.429150e-02
INFO:bingo.evolutionary_optimizers.parallel_archipelago:Evolution time 0:00:20.617766	 age 250	 fitness 1.808e-02
Level 25:bingo.evolutionary_optimizers.evolutionary_optimizer:Generation: 230 	 Elapsed time: 0:10:22.411025 	 Best training fitness: 1.808398e-02 	 
Level 25:bingo.evolutionary_optimizers.evolutionary_optimizer:230, 6.224110e+02, 1522623, 1.808398e-02, 1.808398e-02, 2.001300e-02, 2.211355e-02, 2.276373e-02, 2.412107e-02, 2.419115e-02, 2.421998e-02, 2.429049e-02, 2.429150e-02
INFO:bingo.evolutionary_optimizers.parallel_archipelago:Evolution time 0:00:15.973493	 age 260	 fitness 1.460e-02
Level 25:bingo.evolutionary_optimizers.evolutionary_optimizer:Generation: 240 	 Elapsed time: 0:10:38.649019 	 Best training fitness: 1.460293e-02 	 
Level 25:bingo.evolutionary_optimizers.evolutionary_optimizer:240, 6.386490e+02, 1577157, 1.460293e-02, 1.460293e-02, 1.640753e-02, 2.409637e-02, 2.421998e-02, 2.429049e-02, 2.429150e-02
INFO:bingo.evolutionary_optimizers.parallel_archipelago:Evolution time 0:00:18.169069	 age 270	 fitness 9.716e-03
Level 25:bingo.evolutionary_optimizers.evolutionary_optimizer:Generation: 250 	 Elapsed time: 0:10:57.041941 	 Best training fitness: 9.716271e-03 	 
Level 25:bingo.evolutionary_optimizers.evolutionary_optimizer:250, 6.570419e+02, 1632219, 9.716271e-03, 9.716271e-03, 1.640753e-02, 2.409637e-02, 2.421998e-02, 2.429049e-02, 2.429150e-02
INFO:bingo.evolutionary_optimizers.parallel_archipelago:Evolution time 0:00:21.723530	 age 280	 fitness 2.676e-03
Level 25:bingo.evolutionary_optimizers.evolutionary_optimizer:Generation: 260 	 Elapsed time: 0:11:18.988068 	 Best training fitness: 2.676263e-03 	 
Level 25:bingo.evolutionary_optimizers.evolutionary_optimizer:260, 6.789881e+02, 1692291, 2.676263e-03, 2.676263e-03, 1.505659e-02, 2.409637e-02, 2.421998e-02, 2.429049e-02, 2.429150e-02
INFO:bingo.evolutionary_optimizers.parallel_archipelago:Evolution time 0:00:31.563612	 age 290	 fitness 1.422e-17
Level 25:bingo.evolutionary_optimizers.evolutionary_optimizer:Generation: 270 	 Elapsed time: 0:11:50.774240 	 Best training fitness: 1.421909e-17 	 
Level 25:bingo.evolutionary_optimizers.evolutionary_optimizer:270, 7.107742e+02, 1760229, 1.421909e-17, 1.421909e-17, 2.409637e-02, 2.421998e-02, 2.429049e-02, 2.429150e-02
Level 25:bingo.evolutionary_optimizers.evolutionary_optimizer:Evolution successfully converged.
Level 25:bingo.evolutionary_optimizers.evolutionary_optimizer:  Absolte convergence occurred with best fitness < 1e-10
Level 25:bingo.evolutionary_optimizers.evolutionary_optimizer:Hall of Fame:
1.421908502404769e-17	7	sin(log((X_1)(X_1) + (X_0)(X_0)))
0.024096365843417844	4	log(sin(sin(-0.416938)))
0.02421997936620356	3	sin(log(-0.143101))
0.024290485685783784	2	sin(4.979740)
0.024291503175776528	1	-0.929663
