Level 25:bingo.evolutionary_optimizers.evolutionary_optimizer:#generational_age, elapsed_time, fitness_evaluation_count, current_training_fitness, hall_of_fame_fitnesses
Level 25:bingo.evolutionary_optimizers.evolutionary_optimizer:#generational_age, elapsed_time, fitness_evaluation_count, current_training_fitness, hall_of_fame_fitnesses
Level 25:bingo.evolutionary_optimizers.evolutionary_optimizer:Generation: 0 	 Elapsed time: 0:00:04.883528 	 Best training fitness: 9.646473e-02 	 
Level 25:bingo.evolutionary_optimizers.evolutionary_optimizer:0, 4.883528e+00, 13676, 9.646473e-02
INFO:bingo.evolutionary_optimizers.parallel_archipelago:Evolution time 0:00:44.140562	 age 20	 fitness 9.632e-02
Level 25:bingo.evolutionary_optimizers.evolutionary_optimizer:Generation: 10 	 Elapsed time: 0:00:49.213886 	 Best training fitness: 9.632232e-02 	 
Level 25:bingo.evolutionary_optimizers.evolutionary_optimizer:10, 4.921389e+01, 131351, 9.632232e-02, 9.632232e-02, 9.642237e-02, 9.658293e-02
INFO:bingo.evolutionary_optimizers.parallel_archipelago:Evolution time 0:00:26.877682	 age 40	 fitness 9.640e-02
Level 25:bingo.evolutionary_optimizers.evolutionary_optimizer:Generation: 20 	 Elapsed time: 0:01:16.295433 	 Best training fitness: 9.639524e-02 	 
Level 25:bingo.evolutionary_optimizers.evolutionary_optimizer:20, 7.629543e+01, 191443, 9.639524e-02, 9.632232e-02, 9.639524e-02, 9.642794e-02
INFO:bingo.evolutionary_optimizers.parallel_archipelago:Evolution time 0:00:26.546333	 age 50	 fitness 9.630e-02
Level 25:bingo.evolutionary_optimizers.evolutionary_optimizer:Generation: 30 	 Elapsed time: 0:01:43.082886 	 Best training fitness: 9.630023e-02 	 
Level 25:bingo.evolutionary_optimizers.evolutionary_optimizer:30, 1.030829e+02, 249200, 9.630023e-02, 9.630023e-02, 9.632232e-02, 9.636663e-02, 9.642794e-02
INFO:bingo.evolutionary_optimizers.parallel_archipelago:Evolution time 0:00:39.691259	 age 60	 fitness 9.630e-02
Level 25:bingo.evolutionary_optimizers.evolutionary_optimizer:Generation: 40 	 Elapsed time: 0:02:22.983428 	 Best training fitness: 9.629695e-02 	 
Level 25:bingo.evolutionary_optimizers.evolutionary_optimizer:40, 1.429834e+02, 314438, 9.629695e-02, 9.629695e-02, 9.634588e-02, 9.639941e-02
INFO:bingo.evolutionary_optimizers.parallel_archipelago:Evolution time 0:00:30.798708	 age 70	 fitness 9.637e-02
Level 25:bingo.evolutionary_optimizers.evolutionary_optimizer:Generation: 50 	 Elapsed time: 0:02:53.994544 	 Best training fitness: 9.636694e-02 	 
Level 25:bingo.evolutionary_optimizers.evolutionary_optimizer:50, 1.739945e+02, 370641, 9.636694e-02, 9.629695e-02, 9.634588e-02, 9.639941e-02
INFO:bingo.evolutionary_optimizers.parallel_archipelago:Evolution time 0:00:42.292760	 age 80	 fitness 9.051e-02
Level 25:bingo.evolutionary_optimizers.evolutionary_optimizer:Generation: 60 	 Elapsed time: 0:03:36.507106 	 Best training fitness: 9.050537e-02 	 
Level 25:bingo.evolutionary_optimizers.evolutionary_optimizer:60, 2.165071e+02, 441647, 9.050537e-02, 9.050537e-02, 9.625385e-02, 9.625927e-02, 9.639941e-02
INFO:bingo.evolutionary_optimizers.parallel_archipelago:Evolution time 0:00:34.104081	 age 90	 fitness 9.016e-02
Level 25:bingo.evolutionary_optimizers.evolutionary_optimizer:Generation: 70 	 Elapsed time: 0:04:10.829651 	 Best training fitness: 9.016099e-02 	 
Level 25:bingo.evolutionary_optimizers.evolutionary_optimizer:70, 2.508297e+02, 507455, 9.016099e-02, 9.016099e-02, 9.618899e-02, 9.639941e-02
INFO:bingo.evolutionary_optimizers.parallel_archipelago:Evolution time 0:00:17.646435	 age 100	 fitness 8.626e-02
Level 25:bingo.evolutionary_optimizers.evolutionary_optimizer:Generation: 80 	 Elapsed time: 0:04:28.693767 	 Best training fitness: 8.626205e-02 	 
Level 25:bingo.evolutionary_optimizers.evolutionary_optimizer:80, 2.686938e+02, 561039, 8.626205e-02, 8.626205e-02, 9.016099e-02, 9.057269e-02, 9.618899e-02, 9.639941e-02
INFO:bingo.evolutionary_optimizers.parallel_archipelago:Evolution time 0:00:34.944375	 age 110	 fitness 8.610e-02
Level 25:bingo.evolutionary_optimizers.evolutionary_optimizer:Generation: 90 	 Elapsed time: 0:05:03.895474 	 Best training fitness: 8.610055e-02 	 
Level 25:bingo.evolutionary_optimizers.evolutionary_optimizer:90, 3.038955e+02, 628490, 8.610055e-02, 8.610055e-02, 9.057269e-02, 9.618899e-02, 9.639941e-02
INFO:bingo.evolutionary_optimizers.parallel_archipelago:Evolution time 0:00:46.951489	 age 130	 fitness 7.578e-02
Level 25:bingo.evolutionary_optimizers.evolutionary_optimizer:Generation: 100 	 Elapsed time: 0:05:51.068230 	 Best training fitness: 7.577514e-02 	 
Level 25:bingo.evolutionary_optimizers.evolutionary_optimizer:100, 3.510682e+02, 702213, 7.577514e-02, 7.577514e-02, 8.601349e-02, 9.056463e-02, 9.618899e-02, 9.639941e-02
INFO:bingo.evolutionary_optimizers.parallel_archipelago:Evolution time 0:00:40.510522	 age 150	 fitness 7.463e-02
Level 25:bingo.evolutionary_optimizers.evolutionary_optimizer:Generation: 110 	 Elapsed time: 0:06:31.838510 	 Best training fitness: 7.462621e-02 	 
Level 25:bingo.evolutionary_optimizers.evolutionary_optimizer:110, 3.918385e+02, 770637, 7.462621e-02, 7.462621e-02, 7.835393e-02, 7.879467e-02, 9.579852e-02, 9.618899e-02, 9.630717e-02, 9.639941e-02
INFO:bingo.evolutionary_optimizers.parallel_archipelago:Evolution time 0:00:33.745398	 age 160	 fitness 7.471e-02
Level 25:bingo.evolutionary_optimizers.evolutionary_optimizer:Generation: 120 	 Elapsed time: 0:07:05.804288 	 Best training fitness: 7.471150e-02 	 
Level 25:bingo.evolutionary_optimizers.evolutionary_optimizer:120, 4.258043e+02, 839391, 7.471150e-02, 7.462621e-02, 7.523748e-02, 7.734726e-02, 7.788646e-02, 9.579852e-02, 9.618899e-02, 9.630717e-02, 9.639941e-02
INFO:bingo.evolutionary_optimizers.parallel_archipelago:Evolution time 0:00:22.907383	 age 170	 fitness 6.523e-02
Level 25:bingo.evolutionary_optimizers.evolutionary_optimizer:Generation: 130 	 Elapsed time: 0:07:28.969862 	 Best training fitness: 6.522568e-02 	 
Level 25:bingo.evolutionary_optimizers.evolutionary_optimizer:130, 4.489699e+02, 902549, 6.522568e-02, 6.522568e-02, 7.833549e-02, 9.374111e-02, 9.618899e-02, 9.630717e-02, 9.639941e-02
INFO:bingo.evolutionary_optimizers.parallel_archipelago:Evolution time 0:00:23.474412	 age 180	 fitness 6.513e-02
Level 25:bingo.evolutionary_optimizers.evolutionary_optimizer:Generation: 140 	 Elapsed time: 0:07:52.664760 	 Best training fitness: 6.513497e-02 	 
Level 25:bingo.evolutionary_optimizers.evolutionary_optimizer:140, 4.726648e+02, 968449, 6.513497e-02, 6.513497e-02, 7.826210e-02, 9.374111e-02, 9.618899e-02, 9.630717e-02, 9.639941e-02
INFO:bingo.evolutionary_optimizers.parallel_archipelago:Evolution time 0:00:50.743195	 age 190	 fitness 5.863e-02
Level 25:bingo.evolutionary_optimizers.evolutionary_optimizer:Generation: 150 	 Elapsed time: 0:08:43.635363 	 Best training fitness: 5.863144e-02 	 
Level 25:bingo.evolutionary_optimizers.evolutionary_optimizer:150, 5.236354e+02, 1053390, 5.863144e-02, 5.863144e-02, 6.512984e-02, 7.826210e-02, 9.374111e-02, 9.618899e-02, 9.630717e-02, 9.639941e-02
INFO:bingo.evolutionary_optimizers.parallel_archipelago:Evolution time 0:00:37.962533	 age 200	 fitness 5.865e-02
Level 25:bingo.evolutionary_optimizers.evolutionary_optimizer:Generation: 160 	 Elapsed time: 0:09:21.865076 	 Best training fitness: 5.864920e-02 	 
Level 25:bingo.evolutionary_optimizers.evolutionary_optimizer:160, 5.618651e+02, 1126412, 5.864920e-02, 5.863144e-02, 6.512984e-02, 7.826210e-02, 9.304404e-02, 9.618899e-02, 9.630717e-02, 9.639941e-02
INFO:bingo.evolutionary_optimizers.parallel_archipelago:Evolution time 0:00:32.426562	 age 220	 fitness 5.853e-02
Level 25:bingo.evolutionary_optimizers.evolutionary_optimizer:Generation: 170 	 Elapsed time: 0:09:54.554831 	 Best training fitness: 5.852513e-02 	 
Level 25:bingo.evolutionary_optimizers.evolutionary_optimizer:170, 5.945548e+02, 1194199, 5.852513e-02, 5.852513e-02, 5.863144e-02, 6.510134e-02, 7.826210e-02, 9.280436e-02, 9.618899e-02, 9.630717e-02, 9.639941e-02
INFO:bingo.evolutionary_optimizers.parallel_archipelago:Evolution time 0:00:36.008852	 age 230	 fitness 5.645e-02
Level 25:bingo.evolutionary_optimizers.evolutionary_optimizer:Generation: 180 	 Elapsed time: 0:10:30.792383 	 Best training fitness: 5.644548e-02 	 
Level 25:bingo.evolutionary_optimizers.evolutionary_optimizer:180, 6.307924e+02, 1263006, 5.644548e-02, 5.644548e-02, 5.696298e-02, 6.510134e-02, 7.826210e-02, 9.280436e-02, 9.618899e-02, 9.630717e-02, 9.639941e-02
INFO:bingo.evolutionary_optimizers.parallel_archipelago:Evolution time 0:00:54.388328	 age 240	 fitness 5.644e-02
Level 25:bingo.evolutionary_optimizers.evolutionary_optimizer:Generation: 190 	 Elapsed time: 0:11:25.446906 	 Best training fitness: 5.643993e-02 	 
Level 25:bingo.evolutionary_optimizers.evolutionary_optimizer:190, 6.854469e+02, 1356874, 5.643993e-02, 5.643993e-02, 5.667001e-02, 6.510134e-02, 7.826210e-02, 9.277380e-02, 9.618899e-02, 9.630717e-02, 9.639941e-02
INFO:bingo.evolutionary_optimizers.parallel_archipelago:Evolution time 0:01:04.558913	 age 250	 fitness 5.553e-02
Level 25:bingo.evolutionary_optimizers.evolutionary_optimizer:Generation: 200 	 Elapsed time: 0:12:30.230969 	 Best training fitness: 5.552536e-02 	 
Level 25:bingo.evolutionary_optimizers.evolutionary_optimizer:200, 7.502310e+02, 1461018, 5.552536e-02, 5.552536e-02, 7.826210e-02, 9.277380e-02, 9.618899e-02, 9.630717e-02, 9.639941e-02
INFO:bingo.evolutionary_optimizers.parallel_archipelago:Evolution time 0:00:40.629733	 age 260	 fitness 5.428e-02
Level 25:bingo.evolutionary_optimizers.evolutionary_optimizer:Generation: 210 	 Elapsed time: 0:13:11.075979 	 Best training fitness: 5.428216e-02 	 
Level 25:bingo.evolutionary_optimizers.evolutionary_optimizer:210, 7.910760e+02, 1538989, 5.428216e-02, 5.428216e-02, 5.548703e-02, 7.826210e-02, 9.277380e-02, 9.618899e-02, 9.630717e-02, 9.639941e-02
INFO:bingo.evolutionary_optimizers.parallel_archipelago:Evolution time 0:01:06.369762	 age 270	 fitness 5.432e-02
Level 25:bingo.evolutionary_optimizers.evolutionary_optimizer:Generation: 220 	 Elapsed time: 0:14:17.665091 	 Best training fitness: 5.431892e-02 	 
Level 25:bingo.evolutionary_optimizers.evolutionary_optimizer:220, 8.576651e+02, 1637734, 5.431892e-02, 5.428216e-02, 5.543066e-02, 7.826210e-02, 8.206496e-02, 9.277380e-02, 9.618899e-02, 9.630717e-02, 9.639941e-02
INFO:bingo.evolutionary_optimizers.parallel_archipelago:Evolution time 0:00:59.477741	 age 280	 fitness 5.439e-02
Level 25:bingo.evolutionary_optimizers.evolutionary_optimizer:Generation: 230 	 Elapsed time: 0:15:17.372645 	 Best training fitness: 5.439392e-02 	 
Level 25:bingo.evolutionary_optimizers.evolutionary_optimizer:230, 9.173726e+02, 1733455, 5.439392e-02, 5.428216e-02, 5.543066e-02, 7.826210e-02, 8.203655e-02, 9.190857e-02, 9.618899e-02, 9.630717e-02, 9.639941e-02
INFO:bingo.evolutionary_optimizers.parallel_archipelago:Evolution time 0:00:45.581315	 age 290	 fitness 5.117e-03
Level 25:bingo.evolutionary_optimizers.evolutionary_optimizer:Generation: 240 	 Elapsed time: 0:16:03.223773 	 Best training fitness: 5.117025e-03 	 
Level 25:bingo.evolutionary_optimizers.evolutionary_optimizer:240, 9.632238e+02, 1812891, 5.117025e-03, 5.117025e-03, 9.190857e-02, 9.618899e-02, 9.630717e-02, 9.639941e-02
INFO:bingo.evolutionary_optimizers.parallel_archipelago:Evolution time 0:01:01.503990	 age 300	 fitness 5.115e-03
Level 25:bingo.evolutionary_optimizers.evolutionary_optimizer:Generation: 250 	 Elapsed time: 0:17:04.955608 	 Best training fitness: 5.114818e-03 	 
Level 25:bingo.evolutionary_optimizers.evolutionary_optimizer:250, 1.024956e+03, 1904996, 5.114818e-03, 5.114818e-03, 9.190857e-02, 9.618899e-02, 9.630717e-02, 9.639941e-02
INFO:bingo.evolutionary_optimizers.parallel_archipelago:Evolution time 0:00:43.895973	 age 310	 fitness 5.688e-17
Level 25:bingo.evolutionary_optimizers.evolutionary_optimizer:Generation: 260 	 Elapsed time: 0:17:49.084038 	 Best training fitness: 5.687634e-17 	 
Level 25:bingo.evolutionary_optimizers.evolutionary_optimizer:260, 1.069084e+03, 1981448, 5.687634e-17, 5.687634e-17, 9.618899e-02, 9.630717e-02, 9.631352e-02
Level 25:bingo.evolutionary_optimizers.evolutionary_optimizer:Evolution successfully converged.
Level 25:bingo.evolutionary_optimizers.evolutionary_optimizer:  Absolte convergence occurred with best fitness < 1e-10
Level 25:bingo.evolutionary_optimizers.evolutionary_optimizer:Hall of Fame:
5.687634009619075e-17	7	sin(log((X_0)(X_0) + (X_1)(X_1)))
0.09618899352509744	4	((sin(4.928665))(sin(4.928665)))(sin(4.928665))
0.09630717263697597	2	sin(-1.195928)
0.09631351973074997	1	-0.931391
