Level 25:bingo.evolutionary_optimizers.evolutionary_optimizer:#generational_age, elapsed_time, fitness_evaluation_count, current_training_fitness, hall_of_fame_fitnesses
Level 25:bingo.evolutionary_optimizers.evolutionary_optimizer:#generational_age, elapsed_time, fitness_evaluation_count, current_training_fitness, hall_of_fame_fitnesses
Level 25:bingo.evolutionary_optimizers.evolutionary_optimizer:Generation: 0 	 Elapsed time: 0:00:02.792711 	 Best training fitness: 1.683709e-01 	 
Level 25:bingo.evolutionary_optimizers.evolutionary_optimizer:0, 2.792711e+00, 12963, 1.683709e-01
INFO:bingo.evolutionary_optimizers.parallel_archipelago:Evolution time 0:00:31.147178	 age 40	 fitness 1.683e-01
Level 25:bingo.evolutionary_optimizers.evolutionary_optimizer:Generation: 10 	 Elapsed time: 0:00:34.187730 	 Best training fitness: 1.682963e-01 	 
Level 25:bingo.evolutionary_optimizers.evolutionary_optimizer:10, 3.418773e+01, 163991, 1.682963e-01, 1.682963e-01, 1.684090e-01, 1.684522e-01, 1.684536e-01
INFO:bingo.evolutionary_optimizers.parallel_archipelago:Evolution time 0:00:34.235848	 age 60	 fitness 1.683e-01
Level 25:bingo.evolutionary_optimizers.evolutionary_optimizer:Generation: 20 	 Elapsed time: 0:01:08.688512 	 Best training fitness: 1.683247e-01 	 
Level 25:bingo.evolutionary_optimizers.evolutionary_optimizer:20, 6.868851e+01, 277689, 1.683247e-01, 1.682963e-01, 1.683247e-01, 1.683830e-01
INFO:bingo.evolutionary_optimizers.parallel_archipelago:Evolution time 0:00:16.729062	 age 80	 fitness 1.683e-01
Level 25:bingo.evolutionary_optimizers.evolutionary_optimizer:Generation: 30 	 Elapsed time: 0:01:25.726918 	 Best training fitness: 1.683147e-01 	 
Level 25:bingo.evolutionary_optimizers.evolutionary_optimizer:30, 8.572692e+01, 357632, 1.683147e-01, 1.682963e-01, 1.683147e-01
INFO:bingo.evolutionary_optimizers.parallel_archipelago:Evolution time 0:00:26.148336	 age 110	 fitness 1.683e-01
Level 25:bingo.evolutionary_optimizers.evolutionary_optimizer:Generation: 40 	 Elapsed time: 0:01:52.134607 	 Best training fitness: 1.683147e-01 	 
Level 25:bingo.evolutionary_optimizers.evolutionary_optimizer:40, 1.121346e+02, 454628, 1.683147e-01, 1.682963e-01, 1.683147e-01
INFO:bingo.evolutionary_optimizers.parallel_archipelago:Evolution time 0:00:33.341726	 age 150	 fitness 1.679e-01
Level 25:bingo.evolutionary_optimizers.evolutionary_optimizer:Generation: 50 	 Elapsed time: 0:02:25.737717 	 Best training fitness: 1.679029e-01 	 
Level 25:bingo.evolutionary_optimizers.evolutionary_optimizer:50, 1.457377e+02, 554521, 1.679029e-01, 1.679029e-01, 1.682823e-01
INFO:bingo.evolutionary_optimizers.parallel_archipelago:Evolution time 0:00:22.097021	 age 170	 fitness 1.679e-01
Level 25:bingo.evolutionary_optimizers.evolutionary_optimizer:Generation: 60 	 Elapsed time: 0:02:48.095096 	 Best training fitness: 1.678697e-01 	 
Level 25:bingo.evolutionary_optimizers.evolutionary_optimizer:60, 1.680951e+02, 656239, 1.678697e-01, 1.678697e-01, 1.682823e-01
INFO:bingo.evolutionary_optimizers.parallel_archipelago:Evolution time 0:00:18.744785	 age 190	 fitness 1.678e-01
Level 25:bingo.evolutionary_optimizers.evolutionary_optimizer:Generation: 70 	 Elapsed time: 0:03:07.100409 	 Best training fitness: 1.678398e-01 	 
Level 25:bingo.evolutionary_optimizers.evolutionary_optimizer:70, 1.871004e+02, 735981, 1.678398e-01, 1.678398e-01, 1.682823e-01
INFO:bingo.evolutionary_optimizers.parallel_archipelago:Evolution time 0:00:31.665804	 age 220	 fitness 1.669e-01
Level 25:bingo.evolutionary_optimizers.evolutionary_optimizer:Generation: 80 	 Elapsed time: 0:03:39.062402 	 Best training fitness: 1.669349e-01 	 
Level 25:bingo.evolutionary_optimizers.evolutionary_optimizer:80, 2.190624e+02, 848564, 1.669349e-01, 1.669349e-01, 1.678398e-01, 1.682823e-01
INFO:bingo.evolutionary_optimizers.parallel_archipelago:Evolution time 0:00:38.447697	 age 250	 fitness 1.670e-01
Level 25:bingo.evolutionary_optimizers.evolutionary_optimizer:Generation: 90 	 Elapsed time: 0:04:17.780169 	 Best training fitness: 1.670499e-01 	 
Level 25:bingo.evolutionary_optimizers.evolutionary_optimizer:90, 2.577802e+02, 940547, 1.670499e-01, 1.669349e-01, 1.671200e-01, 1.678398e-01, 1.682823e-01
INFO:bingo.evolutionary_optimizers.parallel_archipelago:Evolution time 0:00:32.357571	 age 270	 fitness 1.669e-01
Level 25:bingo.evolutionary_optimizers.evolutionary_optimizer:Generation: 100 	 Elapsed time: 0:04:50.461133 	 Best training fitness: 1.669289e-01 	 
Level 25:bingo.evolutionary_optimizers.evolutionary_optimizer:100, 2.904611e+02, 1026718, 1.669289e-01, 1.669289e-01, 1.671200e-01, 1.678398e-01, 1.682823e-01
INFO:bingo.evolutionary_optimizers.parallel_archipelago:Evolution time 0:00:54.908170	 age 310	 fitness 1.648e-01
Level 25:bingo.evolutionary_optimizers.evolutionary_optimizer:Generation: 110 	 Elapsed time: 0:05:45.660646 	 Best training fitness: 1.647589e-01 	 
Level 25:bingo.evolutionary_optimizers.evolutionary_optimizer:110, 3.456606e+02, 1143055, 1.647589e-01, 1.647589e-01, 1.669233e-01, 1.671200e-01, 1.678398e-01, 1.682823e-01
INFO:bingo.evolutionary_optimizers.parallel_archipelago:Evolution time 0:00:34.913607	 age 320	 fitness 1.595e-01
Level 25:bingo.evolutionary_optimizers.evolutionary_optimizer:Generation: 120 	 Elapsed time: 0:06:20.893418 	 Best training fitness: 1.595107e-01 	 
Level 25:bingo.evolutionary_optimizers.evolutionary_optimizer:120, 3.808934e+02, 1219397, 1.595107e-01, 1.595107e-01, 1.669443e-01, 1.678398e-01, 1.682823e-01
INFO:bingo.evolutionary_optimizers.parallel_archipelago:Evolution time 0:00:41.940386	 age 350	 fitness 1.570e-01
Level 25:bingo.evolutionary_optimizers.evolutionary_optimizer:Generation: 130 	 Elapsed time: 0:07:03.171865 	 Best training fitness: 1.569800e-01 	 
Level 25:bingo.evolutionary_optimizers.evolutionary_optimizer:130, 4.231719e+02, 1317263, 1.569800e-01, 1.569800e-01, 1.594457e-01, 1.597139e-01, 1.678398e-01, 1.682521e-01, 1.682823e-01
INFO:bingo.evolutionary_optimizers.parallel_archipelago:Evolution time 0:00:42.847629	 age 380	 fitness 1.401e-01
Level 25:bingo.evolutionary_optimizers.evolutionary_optimizer:Generation: 140 	 Elapsed time: 0:07:46.329863 	 Best training fitness: 1.401187e-01 	 
Level 25:bingo.evolutionary_optimizers.evolutionary_optimizer:140, 4.663299e+02, 1399991, 1.401187e-01, 1.401187e-01, 1.569800e-01, 1.579949e-01, 1.596647e-01, 1.678398e-01, 1.682521e-01, 1.682823e-01
INFO:bingo.evolutionary_optimizers.parallel_archipelago:Evolution time 0:00:34.335615	 age 390	 fitness 1.188e-01
Level 25:bingo.evolutionary_optimizers.evolutionary_optimizer:Generation: 150 	 Elapsed time: 0:08:21.025191 	 Best training fitness: 1.187882e-01 	 
Level 25:bingo.evolutionary_optimizers.evolutionary_optimizer:150, 5.010252e+02, 1478221, 1.187882e-01, 1.187882e-01, 1.459482e-01, 1.678398e-01, 1.682521e-01, 1.682823e-01
INFO:bingo.evolutionary_optimizers.parallel_archipelago:Evolution time 0:00:41.824779	 age 400	 fitness 1.187e-01
Level 25:bingo.evolutionary_optimizers.evolutionary_optimizer:Generation: 160 	 Elapsed time: 0:09:03.155770 	 Best training fitness: 1.187196e-01 	 
Level 25:bingo.evolutionary_optimizers.evolutionary_optimizer:160, 5.431558e+02, 1562298, 1.187196e-01, 1.187196e-01, 1.459482e-01, 1.678398e-01, 1.682521e-01, 1.682823e-01
INFO:bingo.evolutionary_optimizers.parallel_archipelago:Evolution time 0:00:30.818276	 age 420	 fitness 1.082e-01
Level 25:bingo.evolutionary_optimizers.evolutionary_optimizer:Generation: 170 	 Elapsed time: 0:09:34.321547 	 Best training fitness: 1.082124e-01 	 
Level 25:bingo.evolutionary_optimizers.evolutionary_optimizer:170, 5.743215e+02, 1644283, 1.082124e-01, 1.082124e-01, 1.187196e-01, 1.187415e-01, 1.459482e-01, 1.678398e-01, 1.682521e-01, 1.682823e-01
INFO:bingo.evolutionary_optimizers.parallel_archipelago:Evolution time 0:00:27.664467	 age 430	 fitness 0.000e+00
Level 25:bingo.evolutionary_optimizers.evolutionary_optimizer:Generation: 180 	 Elapsed time: 0:10:02.305770 	 Best training fitness: 0.000000e+00 	 
Level 25:bingo.evolutionary_optimizers.evolutionary_optimizer:180, 6.023058e+02, 1720099, 0.000000e+00, 0.000000e+00, 1.682521e-01, 1.682823e-01
Level 25:bingo.evolutionary_optimizers.evolutionary_optimizer:Evolution successfully converged.
Level 25:bingo.evolutionary_optimizers.evolutionary_optimizer:  Absolte convergence occurred with best fitness < 1e-10
Level 25:bingo.evolutionary_optimizers.evolutionary_optimizer:Hall of Fame:
0.0	7	sin(log((X_0)(X_0) + (X_1)(X_1)))
0.1682520844092499	3	sin((2.084581)(2.084581))
0.1682823053285031	1	-0.932179
