Level 25:bingo.evolutionary_optimizers.evolutionary_optimizer:#generational_age, elapsed_time, fitness_evaluation_count, current_training_fitness, hall_of_fame_fitnesses
Level 25:bingo.evolutionary_optimizers.evolutionary_optimizer:#generational_age, elapsed_time, fitness_evaluation_count, current_training_fitness, hall_of_fame_fitnesses
Level 25:bingo.evolutionary_optimizers.evolutionary_optimizer:Generation: 0 	 Elapsed time: 0:00:02.978749 	 Best training fitness: 1.685851e-01 	 
Level 25:bingo.evolutionary_optimizers.evolutionary_optimizer:0, 2.978749e+00, 14874, 1.685851e-01
INFO:bingo.evolutionary_optimizers.parallel_archipelago:Evolution time 0:00:22.265679	 age 30	 fitness 1.683e-01
Level 25:bingo.evolutionary_optimizers.evolutionary_optimizer:Generation: 10 	 Elapsed time: 0:00:25.382715 	 Best training fitness: 1.682912e-01 	 
Level 25:bingo.evolutionary_optimizers.evolutionary_optimizer:10, 2.538272e+01, 152671, 1.682912e-01, 1.682912e-01, 1.684354e-01, 1.684873e-01, 1.687797e-01
INFO:bingo.evolutionary_optimizers.parallel_archipelago:Evolution time 0:00:16.949435	 age 60	 fitness 1.683e-01
Level 25:bingo.evolutionary_optimizers.evolutionary_optimizer:Generation: 20 	 Elapsed time: 0:00:42.480760 	 Best training fitness: 1.683091e-01 	 
Level 25:bingo.evolutionary_optimizers.evolutionary_optimizer:20, 4.248076e+01, 231160, 1.683091e-01, 1.682912e-01, 1.683754e-01, 1.684710e-01
INFO:bingo.evolutionary_optimizers.parallel_archipelago:Evolution time 0:00:14.943636	 age 80	 fitness 1.670e-01
Level 25:bingo.evolutionary_optimizers.evolutionary_optimizer:Generation: 30 	 Elapsed time: 0:00:57.605230 	 Best training fitness: 1.669867e-01 	 
Level 25:bingo.evolutionary_optimizers.evolutionary_optimizer:30, 5.760523e+01, 310594, 1.669867e-01, 1.669867e-01, 1.682912e-01, 1.682992e-01
INFO:bingo.evolutionary_optimizers.parallel_archipelago:Evolution time 0:00:26.050970	 age 100	 fitness 1.663e-01
Level 25:bingo.evolutionary_optimizers.evolutionary_optimizer:Generation: 40 	 Elapsed time: 0:01:23.819092 	 Best training fitness: 1.663478e-01 	 
Level 25:bingo.evolutionary_optimizers.evolutionary_optimizer:40, 8.381909e+01, 406740, 1.663478e-01, 1.663478e-01, 1.665998e-01, 1.682871e-01
INFO:bingo.evolutionary_optimizers.parallel_archipelago:Evolution time 0:00:14.766738	 age 130	 fitness 1.662e-01
Level 25:bingo.evolutionary_optimizers.evolutionary_optimizer:Generation: 50 	 Elapsed time: 0:01:38.731929 	 Best training fitness: 1.661650e-01 	 
Level 25:bingo.evolutionary_optimizers.evolutionary_optimizer:50, 9.873193e+01, 465605, 1.661650e-01, 1.661650e-01, 1.665998e-01, 1.682871e-01
INFO:bingo.evolutionary_optimizers.parallel_archipelago:Evolution time 0:00:13.993659	 age 140	 fitness 1.661e-01
Level 25:bingo.evolutionary_optimizers.evolutionary_optimizer:Generation: 60 	 Elapsed time: 0:01:52.869697 	 Best training fitness: 1.661439e-01 	 
Level 25:bingo.evolutionary_optimizers.evolutionary_optimizer:60, 1.128697e+02, 521993, 1.661439e-01, 1.661439e-01, 1.665751e-01, 1.675081e-01, 1.682871e-01
INFO:bingo.evolutionary_optimizers.parallel_archipelago:Evolution time 0:00:13.016829	 age 150	 fitness 1.187e-01
Level 25:bingo.evolutionary_optimizers.evolutionary_optimizer:Generation: 70 	 Elapsed time: 0:02:06.033595 	 Best training fitness: 1.186895e-01 	 
Level 25:bingo.evolutionary_optimizers.evolutionary_optimizer:70, 1.260336e+02, 595493, 1.186895e-01, 1.186895e-01, 1.682871e-01
INFO:bingo.evolutionary_optimizers.parallel_archipelago:Evolution time 0:00:18.502793	 age 170	 fitness 9.953e-17
Level 25:bingo.evolutionary_optimizers.evolutionary_optimizer:Generation: 80 	 Elapsed time: 0:02:24.680690 	 Best training fitness: 9.953360e-17 	 
Level 25:bingo.evolutionary_optimizers.evolutionary_optimizer:80, 1.446807e+02, 668513, 9.953360e-17, 9.953360e-17, 1.682871e-01
Level 25:bingo.evolutionary_optimizers.evolutionary_optimizer:Evolution successfully converged.
Level 25:bingo.evolutionary_optimizers.evolutionary_optimizer:  Absolte convergence occurred with best fitness < 1e-10
Level 25:bingo.evolutionary_optimizers.evolutionary_optimizer:Hall of Fame:
9.953359516833379e-17	7	sin(log((X_1)(X_1) + (X_0)(X_0)))
0.16828706728029463	1	-0.933948
