Level 25:bingo.evolutionary_optimizers.evolutionary_optimizer:#generational_age, elapsed_time, fitness_evaluation_count, current_training_fitness, hall_of_fame_fitnesses
Level 25:bingo.evolutionary_optimizers.evolutionary_optimizer:#generational_age, elapsed_time, fitness_evaluation_count, current_training_fitness, hall_of_fame_fitnesses
Level 25:bingo.evolutionary_optimizers.evolutionary_optimizer:Generation: 0 	 Elapsed time: 0:00:04.263827 	 Best training fitness: 1.924832e-01 	 
Level 25:bingo.evolutionary_optimizers.evolutionary_optimizer:0, 4.263827e+00, 14706, 1.924832e-01
INFO:bingo.evolutionary_optimizers.parallel_archipelago:Evolution time 0:00:43.082304	 age 20	 fitness 1.923e-01
Level 25:bingo.evolutionary_optimizers.evolutionary_optimizer:Generation: 10 	 Elapsed time: 0:00:47.603159 	 Best training fitness: 1.923297e-01 	 
Level 25:bingo.evolutionary_optimizers.evolutionary_optimizer:10, 4.760316e+01, 123112, 1.923297e-01, 1.923297e-01, 1.923770e-01, 1.923949e-01, 1.924006e-01, 1.924070e-01, 1.924279e-01, 1.924557e-01, 1.925193e-01
INFO:bingo.evolutionary_optimizers.parallel_archipelago:Evolution time 0:00:53.777268	 age 60	 fitness 1.923e-01
Level 25:bingo.evolutionary_optimizers.evolutionary_optimizer:Generation: 20 	 Elapsed time: 0:01:41.679215 	 Best training fitness: 1.923415e-01 	 
Level 25:bingo.evolutionary_optimizers.evolutionary_optimizer:20, 1.016792e+02, 229399, 1.923415e-01, 1.923297e-01, 1.923415e-01, 1.923579e-01, 1.924070e-01, 1.924221e-01, 1.924554e-01, 1.924862e-01
INFO:bingo.evolutionary_optimizers.parallel_archipelago:Evolution time 0:00:28.057967	 age 70	 fitness 1.923e-01
Level 25:bingo.evolutionary_optimizers.evolutionary_optimizer:Generation: 30 	 Elapsed time: 0:02:10.080407 	 Best training fitness: 1.923093e-01 	 
Level 25:bingo.evolutionary_optimizers.evolutionary_optimizer:30, 1.300804e+02, 301488, 1.923093e-01, 1.923093e-01, 1.924745e-01
INFO:bingo.evolutionary_optimizers.parallel_archipelago:Evolution time 0:00:35.151423	 age 90	 fitness 1.923e-01
Level 25:bingo.evolutionary_optimizers.evolutionary_optimizer:Generation: 40 	 Elapsed time: 0:02:45.544519 	 Best training fitness: 1.922785e-01 	 
Level 25:bingo.evolutionary_optimizers.evolutionary_optimizer:40, 1.655445e+02, 394957, 1.922785e-01, 1.922785e-01, 1.923115e-01
INFO:bingo.evolutionary_optimizers.parallel_archipelago:Evolution time 0:00:36.596695	 age 110	 fitness 1.917e-01
Level 25:bingo.evolutionary_optimizers.evolutionary_optimizer:Generation: 50 	 Elapsed time: 0:03:22.451667 	 Best training fitness: 1.916602e-01 	 
Level 25:bingo.evolutionary_optimizers.evolutionary_optimizer:50, 2.024517e+02, 481806, 1.916602e-01, 1.916602e-01, 1.918045e-01, 1.922186e-01, 1.922785e-01, 1.923115e-01
INFO:bingo.evolutionary_optimizers.parallel_archipelago:Evolution time 0:00:25.464832	 age 130	 fitness 1.914e-01
Level 25:bingo.evolutionary_optimizers.evolutionary_optimizer:Generation: 60 	 Elapsed time: 0:03:48.227579 	 Best training fitness: 1.914182e-01 	 
Level 25:bingo.evolutionary_optimizers.evolutionary_optimizer:60, 2.282276e+02, 550331, 1.914182e-01, 1.914182e-01, 1.916602e-01, 1.918045e-01, 1.922186e-01, 1.922785e-01, 1.923074e-01
INFO:bingo.evolutionary_optimizers.parallel_archipelago:Evolution time 0:00:40.000828	 age 150	 fitness 1.902e-01
Level 25:bingo.evolutionary_optimizers.evolutionary_optimizer:Generation: 70 	 Elapsed time: 0:04:28.534785 	 Best training fitness: 1.902096e-01 	 
Level 25:bingo.evolutionary_optimizers.evolutionary_optimizer:70, 2.685348e+02, 650009, 1.902096e-01, 1.902096e-01, 1.912984e-01, 1.916255e-01, 1.916347e-01, 1.922186e-01, 1.922785e-01, 1.923074e-01
INFO:bingo.evolutionary_optimizers.parallel_archipelago:Evolution time 0:00:15.688436	 age 160	 fitness 1.902e-01
Level 25:bingo.evolutionary_optimizers.evolutionary_optimizer:Generation: 80 	 Elapsed time: 0:04:44.526583 	 Best training fitness: 1.902419e-01 	 
Level 25:bingo.evolutionary_optimizers.evolutionary_optimizer:80, 2.845266e+02, 704464, 1.902419e-01, 1.902096e-01, 1.912690e-01, 1.913900e-01, 1.915554e-01, 1.916347e-01, 1.922186e-01, 1.922785e-01, 1.923074e-01
INFO:bingo.evolutionary_optimizers.parallel_archipelago:Evolution time 0:00:58.354992	 age 200	 fitness 1.884e-01
Level 25:bingo.evolutionary_optimizers.evolutionary_optimizer:Generation: 90 	 Elapsed time: 0:05:43.190276 	 Best training fitness: 1.884452e-01 	 
Level 25:bingo.evolutionary_optimizers.evolutionary_optimizer:90, 3.431903e+02, 813010, 1.884452e-01, 1.884452e-01, 1.901292e-01, 1.912677e-01, 1.915554e-01, 1.916178e-01, 1.916581e-01, 1.922186e-01, 1.922785e-01, 1.923074e-01
INFO:bingo.evolutionary_optimizers.parallel_archipelago:Evolution time 0:00:20.951497	 age 210	 fitness 1.884e-01
Level 25:bingo.evolutionary_optimizers.evolutionary_optimizer:Generation: 100 	 Elapsed time: 0:06:04.435516 	 Best training fitness: 1.884452e-01 	 
Level 25:bingo.evolutionary_optimizers.evolutionary_optimizer:100, 3.644355e+02, 876641, 1.884452e-01, 1.884452e-01, 1.901263e-01, 1.911171e-01, 1.912677e-01, 1.915554e-01, 1.916178e-01, 1.916581e-01, 1.922186e-01, 1.922785e-01, 1.923074e-01
INFO:bingo.evolutionary_optimizers.parallel_archipelago:Evolution time 0:00:46.703938	 age 240	 fitness 1.563e-01
Level 25:bingo.evolutionary_optimizers.evolutionary_optimizer:Generation: 110 	 Elapsed time: 0:06:51.463484 	 Best training fitness: 1.563027e-01 	 
Level 25:bingo.evolutionary_optimizers.evolutionary_optimizer:110, 4.114635e+02, 987227, 1.563027e-01, 1.563027e-01, 1.916178e-01, 1.916581e-01, 1.922186e-01, 1.922785e-01, 1.923074e-01
INFO:bingo.evolutionary_optimizers.parallel_archipelago:Evolution time 0:00:48.106427	 age 260	 fitness 1.485e-01
Level 25:bingo.evolutionary_optimizers.evolutionary_optimizer:Generation: 120 	 Elapsed time: 0:07:39.892713 	 Best training fitness: 1.484673e-01 	 
Level 25:bingo.evolutionary_optimizers.evolutionary_optimizer:120, 4.598927e+02, 1097922, 1.484673e-01, 1.484673e-01, 1.524419e-01, 1.916178e-01, 1.916581e-01, 1.922186e-01, 1.922785e-01, 1.923074e-01
INFO:bingo.evolutionary_optimizers.parallel_archipelago:Evolution time 0:00:21.354770	 age 270	 fitness 1.478e-01
Level 25:bingo.evolutionary_optimizers.evolutionary_optimizer:Generation: 130 	 Elapsed time: 0:08:01.508012 	 Best training fitness: 1.478138e-01 	 
Level 25:bingo.evolutionary_optimizers.evolutionary_optimizer:130, 4.815080e+02, 1158543, 1.478138e-01, 1.478138e-01, 1.523240e-01, 1.916178e-01, 1.916581e-01, 1.922186e-01, 1.922785e-01, 1.923074e-01
INFO:bingo.evolutionary_optimizers.parallel_archipelago:Evolution time 0:00:26.313617	 age 280	 fitness 1.183e-01
Level 25:bingo.evolutionary_optimizers.evolutionary_optimizer:Generation: 140 	 Elapsed time: 0:08:28.094517 	 Best training fitness: 1.182943e-01 	 
Level 25:bingo.evolutionary_optimizers.evolutionary_optimizer:140, 5.080945e+02, 1231553, 1.182943e-01, 1.182943e-01, 1.476836e-01, 1.916178e-01, 1.916581e-01, 1.922186e-01, 1.922785e-01, 1.923074e-01
INFO:bingo.evolutionary_optimizers.parallel_archipelago:Evolution time 0:00:43.972163	 age 320	 fitness 1.127e-01
Level 25:bingo.evolutionary_optimizers.evolutionary_optimizer:Generation: 150 	 Elapsed time: 0:09:12.335745 	 Best training fitness: 1.126654e-01 	 
Level 25:bingo.evolutionary_optimizers.evolutionary_optimizer:150, 5.523357e+02, 1338154, 1.126654e-01, 1.126654e-01, 1.130452e-01, 1.182258e-01, 1.476397e-01, 1.916178e-01, 1.916581e-01, 1.922186e-01, 1.922710e-01, 1.922785e-01, 1.923074e-01
INFO:bingo.evolutionary_optimizers.parallel_archipelago:Evolution time 0:00:37.713329	 age 330	 fitness 1.126e-01
Level 25:bingo.evolutionary_optimizers.evolutionary_optimizer:Generation: 160 	 Elapsed time: 0:09:50.309478 	 Best training fitness: 1.125975e-01 	 
Level 25:bingo.evolutionary_optimizers.evolutionary_optimizer:160, 5.903095e+02, 1422956, 1.125975e-01, 1.125975e-01, 1.130452e-01, 1.182080e-01, 1.476397e-01, 1.916178e-01, 1.916581e-01, 1.922186e-01, 1.922710e-01, 1.922785e-01, 1.923050e-01
INFO:bingo.evolutionary_optimizers.parallel_archipelago:Evolution time 0:00:38.549469	 age 340	 fitness 1.108e-01
Level 25:bingo.evolutionary_optimizers.evolutionary_optimizer:Generation: 170 	 Elapsed time: 0:10:29.144064 	 Best training fitness: 1.108421e-01 	 
Level 25:bingo.evolutionary_optimizers.evolutionary_optimizer:170, 6.291441e+02, 1500344, 1.108421e-01, 1.108421e-01, 1.182080e-01, 1.476283e-01, 1.916178e-01, 1.916581e-01, 1.922186e-01, 1.922710e-01, 1.922785e-01, 1.923050e-01
INFO:bingo.evolutionary_optimizers.parallel_archipelago:Evolution time 0:00:46.527918	 age 350	 fitness 1.108e-01
Level 25:bingo.evolutionary_optimizers.evolutionary_optimizer:Generation: 180 	 Elapsed time: 0:11:15.928335 	 Best training fitness: 1.108156e-01 	 
Level 25:bingo.evolutionary_optimizers.evolutionary_optimizer:180, 6.759283e+02, 1606234, 1.108156e-01, 1.108156e-01, 1.108421e-01, 1.182060e-01, 1.476283e-01, 1.916178e-01, 1.916581e-01, 1.922186e-01, 1.922710e-01, 1.922785e-01, 1.923050e-01
INFO:bingo.evolutionary_optimizers.parallel_archipelago:Evolution time 0:00:49.480247	 age 360	 fitness 1.107e-01
Level 25:bingo.evolutionary_optimizers.evolutionary_optimizer:Generation: 190 	 Elapsed time: 0:12:05.665411 	 Best training fitness: 1.106994e-01 	 
Level 25:bingo.evolutionary_optimizers.evolutionary_optimizer:190, 7.256654e+02, 1705591, 1.106994e-01, 1.106994e-01, 1.182042e-01, 1.476283e-01, 1.916178e-01, 1.916581e-01, 1.922186e-01, 1.922710e-01, 1.922785e-01, 1.923050e-01
INFO:bingo.evolutionary_optimizers.parallel_archipelago:Evolution time 0:00:49.442368	 age 370	 fitness 1.092e-01
Level 25:bingo.evolutionary_optimizers.evolutionary_optimizer:Generation: 200 	 Elapsed time: 0:12:55.362109 	 Best training fitness: 1.091865e-01 	 
Level 25:bingo.evolutionary_optimizers.evolutionary_optimizer:200, 7.753621e+02, 1804246, 1.091865e-01, 1.091865e-01, 1.106994e-01, 1.182042e-01, 1.476283e-01, 1.916178e-01, 1.916581e-01, 1.922186e-01, 1.922710e-01, 1.922785e-01, 1.923050e-01
INFO:bingo.evolutionary_optimizers.parallel_archipelago:Evolution time 0:01:10.382283	 age 380	 fitness 1.092e-01
Level 25:bingo.evolutionary_optimizers.evolutionary_optimizer:Generation: 210 	 Elapsed time: 0:14:06.000289 	 Best training fitness: 1.091933e-01 	 
Level 25:bingo.evolutionary_optimizers.evolutionary_optimizer:210, 8.460003e+02, 1920174, 1.091933e-01, 1.091865e-01, 1.106994e-01, 1.182042e-01, 1.476283e-01, 1.916178e-01, 1.916581e-01, 1.922186e-01, 1.922710e-01, 1.922785e-01, 1.923050e-01
INFO:bingo.evolutionary_optimizers.parallel_archipelago:Evolution time 0:00:25.759764	 age 390	 fitness 1.073e-01
Level 25:bingo.evolutionary_optimizers.evolutionary_optimizer:Generation: 220 	 Elapsed time: 0:14:32.015847 	 Best training fitness: 1.073158e-01 	 
Level 25:bingo.evolutionary_optimizers.evolutionary_optimizer:220, 8.720158e+02, 1992314, 1.073158e-01, 1.073158e-01, 1.106977e-01, 1.182042e-01, 1.476283e-01, 1.916178e-01, 1.916581e-01, 1.922186e-01, 1.922710e-01, 1.922785e-01, 1.923050e-01
INFO:bingo.evolutionary_optimizers.parallel_archipelago:Evolution time 0:00:27.673719	 age 400	 fitness 7.460e-02
Level 25:bingo.evolutionary_optimizers.evolutionary_optimizer:Generation: 230 	 Elapsed time: 0:14:59.945756 	 Best training fitness: 7.459761e-02 	 
Level 25:bingo.evolutionary_optimizers.evolutionary_optimizer:230, 8.999458e+02, 2074829, 7.459761e-02, 7.459761e-02, 1.073158e-01, 1.106977e-01, 1.182042e-01, 1.476283e-01, 1.916178e-01, 1.916581e-01, 1.922186e-01, 1.922710e-01, 1.922785e-01, 1.923050e-01
INFO:bingo.evolutionary_optimizers.parallel_archipelago:Evolution time 0:00:52.115397	 age 430	 fitness 7.458e-02
Level 25:bingo.evolutionary_optimizers.evolutionary_optimizer:Generation: 240 	 Elapsed time: 0:15:52.369218 	 Best training fitness: 7.458168e-02 	 
Level 25:bingo.evolutionary_optimizers.evolutionary_optimizer:240, 9.523692e+02, 2220486, 7.458168e-02, 7.458168e-02, 7.499659e-02, 1.106977e-01, 1.182042e-01, 1.476283e-01, 1.916178e-01, 1.916581e-01, 1.922186e-01, 1.922710e-01, 1.922785e-01, 1.923050e-01
INFO:bingo.evolutionary_optimizers.parallel_archipelago:Evolution time 0:00:42.900653	 age 460	 fitness 7.457e-02
Level 25:bingo.evolutionary_optimizers.evolutionary_optimizer:Generation: 250 	 Elapsed time: 0:16:35.526181 	 Best training fitness: 7.456677e-02 	 
Level 25:bingo.evolutionary_optimizers.evolutionary_optimizer:250, 9.955262e+02, 2327291, 7.456677e-02, 7.456677e-02, 7.498861e-02, 1.055256e-01, 1.106977e-01, 1.182042e-01, 1.476283e-01, 1.916178e-01, 1.916581e-01, 1.922186e-01, 1.922710e-01, 1.922785e-01, 1.923050e-01
INFO:bingo.evolutionary_optimizers.parallel_archipelago:Evolution time 0:00:45.561671	 age 490	 fitness 7.456e-02
Level 25:bingo.evolutionary_optimizers.evolutionary_optimizer:Generation: 260 	 Elapsed time: 0:17:21.340168 	 Best training fitness: 7.456022e-02 	 
Level 25:bingo.evolutionary_optimizers.evolutionary_optimizer:260, 1.041340e+03, 2442628, 7.456022e-02, 7.456022e-02, 7.470700e-02, 7.494582e-02, 1.055256e-01, 1.106977e-01, 1.182042e-01, 1.476283e-01, 1.916178e-01, 1.916581e-01, 1.922186e-01, 1.922710e-01, 1.922785e-01, 1.923050e-01
INFO:bingo.evolutionary_optimizers.parallel_archipelago:Evolution time 0:00:53.605382	 age 500	 fitness 7.457e-02
Level 25:bingo.evolutionary_optimizers.evolutionary_optimizer:Generation: 270 	 Elapsed time: 0:18:15.201654 	 Best training fitness: 7.456653e-02 	 
Level 25:bingo.evolutionary_optimizers.evolutionary_optimizer:270, 1.095202e+03, 2558398, 7.456653e-02, 7.456022e-02, 7.462978e-02, 7.494582e-02, 8.984005e-02, 1.106977e-01, 1.182042e-01, 1.476283e-01, 1.914280e-01, 1.916178e-01, 1.916581e-01, 1.922186e-01, 1.922710e-01, 1.922785e-01, 1.923050e-01
INFO:bingo.evolutionary_optimizers.parallel_archipelago:Evolution time 0:00:46.610794	 age 510	 fitness 7.457e-02
Level 25:bingo.evolutionary_optimizers.evolutionary_optimizer:Generation: 280 	 Elapsed time: 0:19:02.068630 	 Best training fitness: 7.456653e-02 	 
Level 25:bingo.evolutionary_optimizers.evolutionary_optimizer:280, 1.142069e+03, 2673610, 7.456653e-02, 7.456022e-02, 7.462978e-02, 7.494582e-02, 8.984005e-02, 1.106977e-01, 1.182042e-01, 1.476283e-01, 1.912446e-01, 1.914798e-01, 1.916581e-01, 1.922186e-01, 1.922710e-01, 1.922785e-01, 1.923050e-01
INFO:bingo.evolutionary_optimizers.parallel_archipelago:Evolution time 0:01:06.355692	 age 550	 fitness 7.456e-02
Level 25:bingo.evolutionary_optimizers.evolutionary_optimizer:Generation: 290 	 Elapsed time: 0:20:08.679483 	 Best training fitness: 7.455790e-02 	 
Level 25:bingo.evolutionary_optimizers.evolutionary_optimizer:290, 1.208679e+03, 2803309, 7.455790e-02, 7.455790e-02, 7.462978e-02, 7.494582e-02, 8.984005e-02, 1.106977e-01, 1.182042e-01, 1.476283e-01, 1.912330e-01, 1.912846e-01, 1.922186e-01, 1.922710e-01, 1.922785e-01, 1.923050e-01
INFO:bingo.evolutionary_optimizers.parallel_archipelago:Evolution time 0:00:30.158166	 age 560	 fitness 7.456e-02
Level 25:bingo.evolutionary_optimizers.evolutionary_optimizer:Generation: 300 	 Elapsed time: 0:20:39.089542 	 Best training fitness: 7.455790e-02 	 
Level 25:bingo.evolutionary_optimizers.evolutionary_optimizer:300, 1.239090e+03, 2902577, 7.455790e-02, 7.455790e-02, 7.462978e-02, 7.494582e-02, 8.984005e-02, 1.106977e-01, 1.182042e-01, 1.476283e-01, 1.912330e-01, 1.912467e-01, 1.922186e-01, 1.922710e-01, 1.922785e-01, 1.923050e-01
INFO:bingo.evolutionary_optimizers.parallel_archipelago:Evolution time 0:00:35.921213	 age 570	 fitness 7.456e-02
Level 25:bingo.evolutionary_optimizers.evolutionary_optimizer:Generation: 310 	 Elapsed time: 0:21:15.292214 	 Best training fitness: 7.456134e-02 	 
Level 25:bingo.evolutionary_optimizers.evolutionary_optimizer:310, 1.275292e+03, 3004582, 7.456134e-02, 7.455790e-02, 7.462211e-02, 7.494582e-02, 8.984005e-02, 1.106977e-01, 1.182042e-01, 1.476283e-01, 1.912330e-01, 1.912467e-01, 1.922186e-01, 1.922710e-01, 1.922785e-01, 1.923050e-01
INFO:bingo.evolutionary_optimizers.parallel_archipelago:Evolution time 0:00:52.092668	 age 600	 fitness 7.456e-02
Level 25:bingo.evolutionary_optimizers.evolutionary_optimizer:Generation: 320 	 Elapsed time: 0:22:07.639589 	 Best training fitness: 7.455556e-02 	 
Level 25:bingo.evolutionary_optimizers.evolutionary_optimizer:320, 1.327640e+03, 3142632, 7.455556e-02, 7.455556e-02, 7.462211e-02, 7.494582e-02, 8.984005e-02, 1.106977e-01, 1.182042e-01, 1.476283e-01, 1.912330e-01, 1.912467e-01, 1.922186e-01, 1.922710e-01, 1.922785e-01, 1.923050e-01
INFO:bingo.evolutionary_optimizers.parallel_archipelago:Evolution time 0:00:52.180326	 age 630	 fitness 7.456e-02
Level 25:bingo.evolutionary_optimizers.evolutionary_optimizer:Generation: 330 	 Elapsed time: 0:23:00.077291 	 Best training fitness: 7.455652e-02 	 
Level 25:bingo.evolutionary_optimizers.evolutionary_optimizer:330, 1.380077e+03, 3265067, 7.455652e-02, 7.455556e-02, 7.462211e-02, 7.494582e-02, 8.984005e-02, 1.106977e-01, 1.182042e-01, 1.476283e-01, 1.912330e-01, 1.912467e-01, 1.922186e-01, 1.922710e-01, 1.922785e-01, 1.923050e-01
INFO:bingo.evolutionary_optimizers.parallel_archipelago:Evolution time 0:00:54.397675	 age 640	 fitness 7.455e-02
Level 25:bingo.evolutionary_optimizers.evolutionary_optimizer:Generation: 340 	 Elapsed time: 0:23:54.733803 	 Best training fitness: 7.455020e-02 	 
Level 25:bingo.evolutionary_optimizers.evolutionary_optimizer:340, 1.434734e+03, 3404359, 7.455020e-02, 7.455020e-02, 7.455556e-02, 7.462211e-02, 7.494582e-02, 8.984005e-02, 1.106977e-01, 1.182042e-01, 1.476283e-01, 1.909790e-01, 1.912145e-01, 1.912467e-01, 1.922186e-01, 1.922710e-01, 1.922785e-01, 1.923050e-01
INFO:bingo.evolutionary_optimizers.parallel_archipelago:Evolution time 0:01:04.882928	 age 680	 fitness 6.563e-02
Level 25:bingo.evolutionary_optimizers.evolutionary_optimizer:Generation: 350 	 Elapsed time: 0:24:59.872079 	 Best training fitness: 6.563495e-02 	 
Level 25:bingo.evolutionary_optimizers.evolutionary_optimizer:350, 1.499872e+03, 3553331, 6.563495e-02, 6.563495e-02, 1.922710e-01, 1.922785e-01, 1.923050e-01
INFO:bingo.evolutionary_optimizers.parallel_archipelago:Evolution time 0:00:30.429280	 age 700	 fitness 2.261e-18
Level 25:bingo.evolutionary_optimizers.evolutionary_optimizer:Generation: 360 	 Elapsed time: 0:25:30.539291 	 Best training fitness: 2.260785e-18 	 
Level 25:bingo.evolutionary_optimizers.evolutionary_optimizer:360, 1.530539e+03, 3666264, 2.260785e-18, 2.260785e-18, 2.148831e-07, 6.563495e-02, 1.922710e-01, 1.922785e-01, 1.923050e-01
Level 25:bingo.evolutionary_optimizers.evolutionary_optimizer:Evolution successfully converged.
Level 25:bingo.evolutionary_optimizers.evolutionary_optimizer:  Absolte convergence occurred with best fitness < 1e-10
Level 25:bingo.evolutionary_optimizers.evolutionary_optimizer:Hall of Fame:
2.260785349013725e-18	12	sin(log((X_1)(X_1) + (X_0)(X_0) + sin(((0.000007)(0.000007))(0.000007))))
2.1488306536085978e-07	10	sin(log((X_1)(X_1) + (X_0)(X_0) + sin(0.000007)))
0.06563495069204643	8	sin(log((X_1)(X_1) + (X_0)(X_0) + X_0))
0.19227103885326916	7	sin((-0.000556)(log(-0.000556) + log(-0.000556)) + log(-0.000556))
0.19227853695997926	2	sin(-1.204120)
0.19230497537566266	1	-0.932531
