Level 25:bingo.evolutionary_optimizers.evolutionary_optimizer:#generational_age, elapsed_time, fitness_evaluation_count, current_training_fitness, hall_of_fame_fitnesses
Level 25:bingo.evolutionary_optimizers.evolutionary_optimizer:#generational_age, elapsed_time, fitness_evaluation_count, current_training_fitness, hall_of_fame_fitnesses
Level 25:bingo.evolutionary_optimizers.evolutionary_optimizer:Generation: 0 	 Elapsed time: 0:00:04.446888 	 Best training fitness: 1.212148e-01 	 
Level 25:bingo.evolutionary_optimizers.evolutionary_optimizer:0, 4.446888e+00, 14463, 1.212148e-01
INFO:bingo.evolutionary_optimizers.parallel_archipelago:Evolution time 0:00:42.396272	 age 20	 fitness 1.204e-01
Level 25:bingo.evolutionary_optimizers.evolutionary_optimizer:Generation: 10 	 Elapsed time: 0:00:47.132423 	 Best training fitness: 1.203780e-01 	 
Level 25:bingo.evolutionary_optimizers.evolutionary_optimizer:10, 4.713242e+01, 138097, 1.203780e-01, 1.203780e-01, 1.204585e-01, 1.204995e-01, 1.206857e-01, 1.207168e-01
INFO:bingo.evolutionary_optimizers.parallel_archipelago:Evolution time 0:00:36.194126	 age 30	 fitness 1.203e-01
Level 25:bingo.evolutionary_optimizers.evolutionary_optimizer:Generation: 20 	 Elapsed time: 0:01:23.528858 	 Best training fitness: 1.203440e-01 	 
Level 25:bingo.evolutionary_optimizers.evolutionary_optimizer:20, 8.352886e+01, 212014, 1.203440e-01, 1.203440e-01
INFO:bingo.evolutionary_optimizers.parallel_archipelago:Evolution time 0:00:25.690677	 age 40	 fitness 1.203e-01
Level 25:bingo.evolutionary_optimizers.evolutionary_optimizer:Generation: 30 	 Elapsed time: 0:01:49.436242 	 Best training fitness: 1.203440e-01 	 
Level 25:bingo.evolutionary_optimizers.evolutionary_optimizer:30, 1.094362e+02, 269700, 1.203440e-01, 1.203440e-01
INFO:bingo.evolutionary_optimizers.parallel_archipelago:Evolution time 0:00:18.958593	 age 50	 fitness 1.203e-01
Level 25:bingo.evolutionary_optimizers.evolutionary_optimizer:Generation: 40 	 Elapsed time: 0:02:08.574864 	 Best training fitness: 1.202758e-01 	 
Level 25:bingo.evolutionary_optimizers.evolutionary_optimizer:40, 1.285749e+02, 328857, 1.202758e-01, 1.202758e-01, 1.203440e-01
INFO:bingo.evolutionary_optimizers.parallel_archipelago:Evolution time 0:00:26.498785	 age 80	 fitness 1.199e-01
Level 25:bingo.evolutionary_optimizers.evolutionary_optimizer:Generation: 50 	 Elapsed time: 0:02:35.252107 	 Best training fitness: 1.198775e-01 	 
Level 25:bingo.evolutionary_optimizers.evolutionary_optimizer:50, 1.552521e+02, 409790, 1.198775e-01, 1.198775e-01, 1.202233e-01, 1.203440e-01
INFO:bingo.evolutionary_optimizers.parallel_archipelago:Evolution time 0:00:33.691418	 age 100	 fitness 1.198e-01
Level 25:bingo.evolutionary_optimizers.evolutionary_optimizer:Generation: 60 	 Elapsed time: 0:03:09.125793 	 Best training fitness: 1.198133e-01 	 
Level 25:bingo.evolutionary_optimizers.evolutionary_optimizer:60, 1.891258e+02, 505387, 1.198133e-01, 1.198133e-01, 1.201682e-01, 1.202233e-01, 1.203440e-01
INFO:bingo.evolutionary_optimizers.parallel_archipelago:Evolution time 0:00:18.780599	 age 110	 fitness 1.200e-01
Level 25:bingo.evolutionary_optimizers.evolutionary_optimizer:Generation: 70 	 Elapsed time: 0:03:28.090291 	 Best training fitness: 1.199916e-01 	 
Level 25:bingo.evolutionary_optimizers.evolutionary_optimizer:70, 2.080903e+02, 565270, 1.199916e-01, 1.198133e-01, 1.201682e-01, 1.202233e-01, 1.203440e-01
INFO:bingo.evolutionary_optimizers.parallel_archipelago:Evolution time 0:00:20.042016	 age 120	 fitness 8.964e-02
Level 25:bingo.evolutionary_optimizers.evolutionary_optimizer:Generation: 80 	 Elapsed time: 0:03:48.347091 	 Best training fitness: 8.964002e-02 	 
Level 25:bingo.evolutionary_optimizers.evolutionary_optimizer:80, 2.283471e+02, 642125, 8.964002e-02, 8.964002e-02, 1.192114e-01, 1.196992e-01, 1.201682e-01, 1.202233e-01, 1.203440e-01
INFO:bingo.evolutionary_optimizers.parallel_archipelago:Evolution time 0:00:33.660466	 age 130	 fitness 7.110e-17
Level 25:bingo.evolutionary_optimizers.evolutionary_optimizer:Generation: 90 	 Elapsed time: 0:04:22.190391 	 Best training fitness: 7.109543e-17 	 
Level 25:bingo.evolutionary_optimizers.evolutionary_optimizer:90, 2.621904e+02, 734680, 7.109543e-17, 7.109543e-17, 1.202233e-01, 1.203440e-01
Level 25:bingo.evolutionary_optimizers.evolutionary_optimizer:Evolution successfully converged.
Level 25:bingo.evolutionary_optimizers.evolutionary_optimizer:  Absolte convergence occurred with best fitness < 1e-10
Level 25:bingo.evolutionary_optimizers.evolutionary_optimizer:Hall of Fame:
7.109542512023842e-17	7	sin(log((X_0)(X_0) + (X_1)(X_1)))
0.12022328704211044	3	sin(log(0.144302))
0.12034398459691054	1	-0.928691
