Level 25:bingo.evolutionary_optimizers.evolutionary_optimizer:#generational_age, elapsed_time, fitness_evaluation_count, current_training_fitness, hall_of_fame_fitnesses
Level 25:bingo.evolutionary_optimizers.evolutionary_optimizer:#generational_age, elapsed_time, fitness_evaluation_count, current_training_fitness, hall_of_fame_fitnesses
Level 25:bingo.evolutionary_optimizers.evolutionary_optimizer:Generation: 0 	 Elapsed time: 0:00:04.610839 	 Best training fitness: 7.262836e-02 	 
Level 25:bingo.evolutionary_optimizers.evolutionary_optimizer:0, 4.610839e+00, 13110, 7.262836e-02
INFO:bingo.evolutionary_optimizers.parallel_archipelago:Evolution time 0:00:50.032131	 age 30	 fitness 7.226e-02
Level 25:bingo.evolutionary_optimizers.evolutionary_optimizer:Generation: 10 	 Elapsed time: 0:00:54.936140 	 Best training fitness: 7.225929e-02 	 
Level 25:bingo.evolutionary_optimizers.evolutionary_optimizer:10, 5.493614e+01, 147133, 7.225929e-02, 7.225929e-02, 7.254755e-02, 7.256144e-02
INFO:bingo.evolutionary_optimizers.parallel_archipelago:Evolution time 0:00:31.271633	 age 40	 fitness 7.236e-02
Level 25:bingo.evolutionary_optimizers.evolutionary_optimizer:Generation: 20 	 Elapsed time: 0:01:26.556555 	 Best training fitness: 7.236360e-02 	 
Level 25:bingo.evolutionary_optimizers.evolutionary_optimizer:20, 8.655656e+01, 215063, 7.236360e-02, 7.225929e-02, 7.248381e-02, 7.248425e-02
INFO:bingo.evolutionary_optimizers.parallel_archipelago:Evolution time 0:00:36.707856	 age 60	 fitness 7.229e-02
Level 25:bingo.evolutionary_optimizers.evolutionary_optimizer:Generation: 30 	 Elapsed time: 0:02:03.663408 	 Best training fitness: 7.228978e-02 	 
Level 25:bingo.evolutionary_optimizers.evolutionary_optimizer:30, 1.236634e+02, 297564, 7.228978e-02, 7.225929e-02, 7.228978e-02, 7.248381e-02, 7.248425e-02
INFO:bingo.evolutionary_optimizers.parallel_archipelago:Evolution time 0:00:48.986096	 age 100	 fitness 7.226e-02
Level 25:bingo.evolutionary_optimizers.evolutionary_optimizer:Generation: 40 	 Elapsed time: 0:02:53.002799 	 Best training fitness: 7.225947e-02 	 
Level 25:bingo.evolutionary_optimizers.evolutionary_optimizer:40, 1.730028e+02, 392801, 7.225947e-02, 7.225929e-02, 7.228978e-02, 7.248381e-02, 7.248425e-02
INFO:bingo.evolutionary_optimizers.parallel_archipelago:Evolution time 0:00:48.909677	 age 140	 fitness 7.228e-02
Level 25:bingo.evolutionary_optimizers.evolutionary_optimizer:Generation: 50 	 Elapsed time: 0:03:42.268924 	 Best training fitness: 7.227879e-02 	 
Level 25:bingo.evolutionary_optimizers.evolutionary_optimizer:50, 2.222689e+02, 498306, 7.227879e-02, 7.225929e-02, 7.228978e-02, 7.248381e-02, 7.248425e-02
INFO:bingo.evolutionary_optimizers.parallel_archipelago:Evolution time 0:00:25.819169	 age 160	 fitness 7.227e-02
Level 25:bingo.evolutionary_optimizers.evolutionary_optimizer:Generation: 60 	 Elapsed time: 0:04:08.440107 	 Best training fitness: 7.226995e-02 	 
Level 25:bingo.evolutionary_optimizers.evolutionary_optimizer:60, 2.484401e+02, 577587, 7.226995e-02, 7.225929e-02, 7.228978e-02, 7.248381e-02, 7.248425e-02
INFO:bingo.evolutionary_optimizers.parallel_archipelago:Evolution time 0:00:40.178189	 age 180	 fitness 7.227e-02
Level 25:bingo.evolutionary_optimizers.evolutionary_optimizer:Generation: 70 	 Elapsed time: 0:04:48.966716 	 Best training fitness: 7.226995e-02 	 
Level 25:bingo.evolutionary_optimizers.evolutionary_optimizer:70, 2.889667e+02, 672446, 7.226995e-02, 7.225929e-02, 7.228978e-02, 7.235841e-02
INFO:bingo.evolutionary_optimizers.parallel_archipelago:Evolution time 0:00:35.264928	 age 210	 fitness 7.232e-02
Level 25:bingo.evolutionary_optimizers.evolutionary_optimizer:Generation: 80 	 Elapsed time: 0:05:24.580349 	 Best training fitness: 7.231853e-02 	 
Level 25:bingo.evolutionary_optimizers.evolutionary_optimizer:80, 3.245803e+02, 759458, 7.231853e-02, 7.225929e-02, 7.228978e-02, 7.235841e-02
INFO:bingo.evolutionary_optimizers.parallel_archipelago:Evolution time 0:00:27.209443	 age 230	 fitness 7.221e-02
Level 25:bingo.evolutionary_optimizers.evolutionary_optimizer:Generation: 90 	 Elapsed time: 0:05:52.139843 	 Best training fitness: 7.221334e-02 	 
Level 25:bingo.evolutionary_optimizers.evolutionary_optimizer:90, 3.521398e+02, 844709, 7.221334e-02, 7.221334e-02, 7.225929e-02, 7.228978e-02, 7.232932e-02, 7.235841e-02
INFO:bingo.evolutionary_optimizers.parallel_archipelago:Evolution time 0:00:48.305586	 age 250	 fitness 7.230e-02
Level 25:bingo.evolutionary_optimizers.evolutionary_optimizer:Generation: 100 	 Elapsed time: 0:06:40.804824 	 Best training fitness: 7.229959e-02 	 
Level 25:bingo.evolutionary_optimizers.evolutionary_optimizer:100, 4.008048e+02, 943612, 7.229959e-02, 7.221334e-02, 7.225929e-02, 7.228978e-02, 7.229959e-02
INFO:bingo.evolutionary_optimizers.parallel_archipelago:Evolution time 0:00:51.497713	 age 270	 fitness 7.188e-02
Level 25:bingo.evolutionary_optimizers.evolutionary_optimizer:Generation: 110 	 Elapsed time: 0:07:32.711176 	 Best training fitness: 7.187904e-02 	 
Level 25:bingo.evolutionary_optimizers.evolutionary_optimizer:110, 4.527112e+02, 1032938, 7.187904e-02, 7.187904e-02, 7.228978e-02, 7.229959e-02
INFO:bingo.evolutionary_optimizers.parallel_archipelago:Evolution time 0:00:39.943517	 age 290	 fitness 7.167e-02
Level 25:bingo.evolutionary_optimizers.evolutionary_optimizer:Generation: 120 	 Elapsed time: 0:08:13.003636 	 Best training fitness: 7.166628e-02 	 
Level 25:bingo.evolutionary_optimizers.evolutionary_optimizer:120, 4.930036e+02, 1118157, 7.166628e-02, 7.166628e-02, 7.228978e-02, 7.229959e-02
INFO:bingo.evolutionary_optimizers.parallel_archipelago:Evolution time 0:00:34.492597	 age 310	 fitness 7.185e-02
Level 25:bingo.evolutionary_optimizers.evolutionary_optimizer:Generation: 130 	 Elapsed time: 0:08:47.855329 	 Best training fitness: 7.185360e-02 	 
Level 25:bingo.evolutionary_optimizers.evolutionary_optimizer:130, 5.278553e+02, 1186920, 7.185360e-02, 7.166628e-02, 7.228978e-02, 7.229959e-02
INFO:bingo.evolutionary_optimizers.parallel_archipelago:Evolution time 0:00:44.498949	 age 330	 fitness 4.266e-17
Level 25:bingo.evolutionary_optimizers.evolutionary_optimizer:Generation: 140 	 Elapsed time: 0:09:32.711567 	 Best training fitness: 4.265726e-17 	 
Level 25:bingo.evolutionary_optimizers.evolutionary_optimizer:140, 5.727116e+02, 1275444, 4.265726e-17, 4.265726e-17, 7.166628e-02, 7.228978e-02, 7.229959e-02
Level 25:bingo.evolutionary_optimizers.evolutionary_optimizer:Evolution successfully converged.
Level 25:bingo.evolutionary_optimizers.evolutionary_optimizer:  Absolte convergence occurred with best fitness < 1e-10
Level 25:bingo.evolutionary_optimizers.evolutionary_optimizer:Hall of Fame:
4.265725507214305e-17	7	sin(log((X_1)(X_1) + (X_0)(X_0)))
0.0716662826134803	6	-0.855596 + (-0.054475)(log(X_0))
0.07228978438193313	4	sin((log(0.004093))(log(0.004093)))
0.07229958585968962	1	-0.939131
