Level 25:bingo.evolutionary_optimizers.evolutionary_optimizer:#generational_age, elapsed_time, fitness_evaluation_count, current_training_fitness, hall_of_fame_fitnesses
Level 25:bingo.evolutionary_optimizers.evolutionary_optimizer:#generational_age, elapsed_time, fitness_evaluation_count, current_training_fitness, hall_of_fame_fitnesses
Level 25:bingo.evolutionary_optimizers.evolutionary_optimizer:Generation: 0 	 Elapsed time: 0:00:04.460620 	 Best training fitness: 1.924832e-01 	 
Level 25:bingo.evolutionary_optimizers.evolutionary_optimizer:0, 4.460620e+00, 14706, 1.924832e-01
INFO:bingo.evolutionary_optimizers.parallel_archipelago:Evolution time 0:00:43.081327	 age 20	 fitness 1.923e-01
Level 25:bingo.evolutionary_optimizers.evolutionary_optimizer:Generation: 10 	 Elapsed time: 0:00:47.799961 	 Best training fitness: 1.923297e-01 	 
Level 25:bingo.evolutionary_optimizers.evolutionary_optimizer:10, 4.779996e+01, 123112, 1.923297e-01, 1.923297e-01, 1.923770e-01, 1.923949e-01, 1.924006e-01, 1.924070e-01, 1.924279e-01, 1.924557e-01, 1.925193e-01
INFO:bingo.evolutionary_optimizers.parallel_archipelago:Evolution time 0:00:53.776429	 age 50	 fitness 1.923e-01
Level 25:bingo.evolutionary_optimizers.evolutionary_optimizer:Generation: 20 	 Elapsed time: 0:01:41.876010 	 Best training fitness: 1.923415e-01 	 
Level 25:bingo.evolutionary_optimizers.evolutionary_optimizer:20, 1.018760e+02, 229399, 1.923415e-01, 1.923297e-01, 1.923415e-01, 1.923579e-01, 1.924070e-01, 1.924221e-01, 1.924554e-01, 1.924862e-01
INFO:bingo.evolutionary_optimizers.parallel_archipelago:Evolution time 0:00:28.057023	 age 70	 fitness 1.923e-01
Level 25:bingo.evolutionary_optimizers.evolutionary_optimizer:Generation: 30 	 Elapsed time: 0:02:10.277190 	 Best training fitness: 1.923093e-01 	 
Level 25:bingo.evolutionary_optimizers.evolutionary_optimizer:30, 1.302772e+02, 301488, 1.923093e-01, 1.923093e-01, 1.924745e-01
INFO:bingo.evolutionary_optimizers.parallel_archipelago:Evolution time 0:00:35.150939	 age 90	 fitness 1.923e-01
Level 25:bingo.evolutionary_optimizers.evolutionary_optimizer:Generation: 40 	 Elapsed time: 0:02:45.741306 	 Best training fitness: 1.922785e-01 	 
Level 25:bingo.evolutionary_optimizers.evolutionary_optimizer:40, 1.657413e+02, 394957, 1.922785e-01, 1.922785e-01, 1.923115e-01
INFO:bingo.evolutionary_optimizers.parallel_archipelago:Evolution time 0:00:36.595935	 age 110	 fitness 1.917e-01
Level 25:bingo.evolutionary_optimizers.evolutionary_optimizer:Generation: 50 	 Elapsed time: 0:03:22.648476 	 Best training fitness: 1.916602e-01 	 
Level 25:bingo.evolutionary_optimizers.evolutionary_optimizer:50, 2.026485e+02, 481806, 1.916602e-01, 1.916602e-01, 1.918045e-01, 1.922186e-01, 1.922785e-01, 1.923115e-01
INFO:bingo.evolutionary_optimizers.parallel_archipelago:Evolution time 0:00:25.464413	 age 130	 fitness 1.914e-01
Level 25:bingo.evolutionary_optimizers.evolutionary_optimizer:Generation: 60 	 Elapsed time: 0:03:48.424390 	 Best training fitness: 1.914182e-01 	 
Level 25:bingo.evolutionary_optimizers.evolutionary_optimizer:60, 2.284244e+02, 550331, 1.914182e-01, 1.914182e-01, 1.916602e-01, 1.918045e-01, 1.922186e-01, 1.922785e-01, 1.923074e-01
INFO:bingo.evolutionary_optimizers.parallel_archipelago:Evolution time 0:00:40	 age 160	 fitness 1.902e-01
Level 25:bingo.evolutionary_optimizers.evolutionary_optimizer:Generation: 70 	 Elapsed time: 0:04:28.731554 	 Best training fitness: 1.902096e-01 	 
Level 25:bingo.evolutionary_optimizers.evolutionary_optimizer:70, 2.687316e+02, 650009, 1.902096e-01, 1.902096e-01, 1.912984e-01, 1.916255e-01, 1.916347e-01, 1.922186e-01, 1.922785e-01, 1.923074e-01
INFO:bingo.evolutionary_optimizers.parallel_archipelago:Evolution time 0:00:15.687567	 age 180	 fitness 1.902e-01
Level 25:bingo.evolutionary_optimizers.evolutionary_optimizer:Generation: 80 	 Elapsed time: 0:04:44.723401 	 Best training fitness: 1.902419e-01 	 
Level 25:bingo.evolutionary_optimizers.evolutionary_optimizer:80, 2.847234e+02, 704464, 1.902419e-01, 1.902096e-01, 1.912690e-01, 1.913900e-01, 1.915554e-01, 1.916347e-01, 1.922186e-01, 1.922785e-01, 1.923074e-01
INFO:bingo.evolutionary_optimizers.parallel_archipelago:Evolution time 0:00:58.355052	 age 200	 fitness 1.884e-01
Level 25:bingo.evolutionary_optimizers.evolutionary_optimizer:Generation: 90 	 Elapsed time: 0:05:43.387098 	 Best training fitness: 1.884452e-01 	 
Level 25:bingo.evolutionary_optimizers.evolutionary_optimizer:90, 3.433871e+02, 813010, 1.884452e-01, 1.884452e-01, 1.901292e-01, 1.912677e-01, 1.915554e-01, 1.916178e-01, 1.916581e-01, 1.922186e-01, 1.922785e-01, 1.923074e-01
INFO:bingo.evolutionary_optimizers.parallel_archipelago:Evolution time 0:00:20.952371	 age 210	 fitness 1.884e-01
Level 25:bingo.evolutionary_optimizers.evolutionary_optimizer:Generation: 100 	 Elapsed time: 0:06:04.632361 	 Best training fitness: 1.884452e-01 	 
Level 25:bingo.evolutionary_optimizers.evolutionary_optimizer:100, 3.646324e+02, 876641, 1.884452e-01, 1.884452e-01, 1.901263e-01, 1.911171e-01, 1.912677e-01, 1.915554e-01, 1.916178e-01, 1.916581e-01, 1.922186e-01, 1.922785e-01, 1.923074e-01
INFO:bingo.evolutionary_optimizers.parallel_archipelago:Evolution time 0:00:46.704811	 age 230	 fitness 1.563e-01
Level 25:bingo.evolutionary_optimizers.evolutionary_optimizer:Generation: 110 	 Elapsed time: 0:06:51.660307 	 Best training fitness: 1.563027e-01 	 
Level 25:bingo.evolutionary_optimizers.evolutionary_optimizer:110, 4.116603e+02, 987227, 1.563027e-01, 1.563027e-01, 1.916178e-01, 1.916581e-01, 1.922186e-01, 1.922785e-01, 1.923074e-01
INFO:bingo.evolutionary_optimizers.parallel_archipelago:Evolution time 0:00:48.106246	 age 240	 fitness 1.485e-01
Level 25:bingo.evolutionary_optimizers.evolutionary_optimizer:Generation: 120 	 Elapsed time: 0:07:40.089526 	 Best training fitness: 1.484673e-01 	 
Level 25:bingo.evolutionary_optimizers.evolutionary_optimizer:120, 4.600895e+02, 1097922, 1.484673e-01, 1.484673e-01, 1.524419e-01, 1.916178e-01, 1.916581e-01, 1.922186e-01, 1.922785e-01, 1.923074e-01
INFO:bingo.evolutionary_optimizers.parallel_archipelago:Evolution time 0:00:21.354790	 age 250	 fitness 1.478e-01
Level 25:bingo.evolutionary_optimizers.evolutionary_optimizer:Generation: 130 	 Elapsed time: 0:08:01.704817 	 Best training fitness: 1.478138e-01 	 
Level 25:bingo.evolutionary_optimizers.evolutionary_optimizer:130, 4.817048e+02, 1158543, 1.478138e-01, 1.478138e-01, 1.523240e-01, 1.916178e-01, 1.916581e-01, 1.922186e-01, 1.922785e-01, 1.923074e-01
INFO:bingo.evolutionary_optimizers.parallel_archipelago:Evolution time 0:00:26.313431	 age 270	 fitness 1.183e-01
Level 25:bingo.evolutionary_optimizers.evolutionary_optimizer:Generation: 140 	 Elapsed time: 0:08:28.291331 	 Best training fitness: 1.182943e-01 	 
Level 25:bingo.evolutionary_optimizers.evolutionary_optimizer:140, 5.082913e+02, 1231553, 1.182943e-01, 1.182943e-01, 1.476836e-01, 1.916178e-01, 1.916581e-01, 1.922186e-01, 1.922785e-01, 1.923074e-01
INFO:bingo.evolutionary_optimizers.parallel_archipelago:Evolution time 0:00:43.972296	 age 290	 fitness 1.127e-01
Level 25:bingo.evolutionary_optimizers.evolutionary_optimizer:Generation: 150 	 Elapsed time: 0:09:12.532566 	 Best training fitness: 1.126654e-01 	 
Level 25:bingo.evolutionary_optimizers.evolutionary_optimizer:150, 5.525326e+02, 1338154, 1.126654e-01, 1.126654e-01, 1.130452e-01, 1.182258e-01, 1.476397e-01, 1.916178e-01, 1.916581e-01, 1.922186e-01, 1.922710e-01, 1.922785e-01, 1.923074e-01
INFO:bingo.evolutionary_optimizers.parallel_archipelago:Evolution time 0:00:37.713270	 age 310	 fitness 1.126e-01
Level 25:bingo.evolutionary_optimizers.evolutionary_optimizer:Generation: 160 	 Elapsed time: 0:09:50.506299 	 Best training fitness: 1.125975e-01 	 
Level 25:bingo.evolutionary_optimizers.evolutionary_optimizer:160, 5.905063e+02, 1422956, 1.125975e-01, 1.125975e-01, 1.130452e-01, 1.182080e-01, 1.476397e-01, 1.916178e-01, 1.916581e-01, 1.922186e-01, 1.922710e-01, 1.922785e-01, 1.923050e-01
INFO:bingo.evolutionary_optimizers.parallel_archipelago:Evolution time 0:00:38.549338	 age 320	 fitness 1.108e-01
Level 25:bingo.evolutionary_optimizers.evolutionary_optimizer:Generation: 170 	 Elapsed time: 0:10:29.340881 	 Best training fitness: 1.108421e-01 	 
Level 25:bingo.evolutionary_optimizers.evolutionary_optimizer:170, 6.293409e+02, 1500344, 1.108421e-01, 1.108421e-01, 1.182080e-01, 1.476283e-01, 1.916178e-01, 1.916581e-01, 1.922186e-01, 1.922710e-01, 1.922785e-01, 1.923050e-01
INFO:bingo.evolutionary_optimizers.parallel_archipelago:Evolution time 0:00:46.527811	 age 350	 fitness 1.108e-01
Level 25:bingo.evolutionary_optimizers.evolutionary_optimizer:Generation: 180 	 Elapsed time: 0:11:16.125161 	 Best training fitness: 1.108156e-01 	 
Level 25:bingo.evolutionary_optimizers.evolutionary_optimizer:180, 6.761252e+02, 1606234, 1.108156e-01, 1.108156e-01, 1.108421e-01, 1.182060e-01, 1.476283e-01, 1.916178e-01, 1.916581e-01, 1.922186e-01, 1.922710e-01, 1.922785e-01, 1.923050e-01
INFO:bingo.evolutionary_optimizers.parallel_archipelago:Evolution time 0:00:49.480162	 age 360	 fitness 1.107e-01
Level 25:bingo.evolutionary_optimizers.evolutionary_optimizer:Generation: 190 	 Elapsed time: 0:12:05.862233 	 Best training fitness: 1.106994e-01 	 
Level 25:bingo.evolutionary_optimizers.evolutionary_optimizer:190, 7.258622e+02, 1705591, 1.106994e-01, 1.106994e-01, 1.182042e-01, 1.476283e-01, 1.916178e-01, 1.916581e-01, 1.922186e-01, 1.922710e-01, 1.922785e-01, 1.923050e-01
INFO:bingo.evolutionary_optimizers.parallel_archipelago:Evolution time 0:00:49.442372	 age 370	 fitness 1.092e-01
Level 25:bingo.evolutionary_optimizers.evolutionary_optimizer:Generation: 200 	 Elapsed time: 0:12:55.558925 	 Best training fitness: 1.091865e-01 	 
Level 25:bingo.evolutionary_optimizers.evolutionary_optimizer:200, 7.755589e+02, 1804246, 1.091865e-01, 1.091865e-01, 1.106994e-01, 1.182042e-01, 1.476283e-01, 1.916178e-01, 1.916581e-01, 1.922186e-01, 1.922710e-01, 1.922785e-01, 1.923050e-01
INFO:bingo.evolutionary_optimizers.parallel_archipelago:Evolution time 0:01:10.382151	 age 400	 fitness 1.092e-01
Level 25:bingo.evolutionary_optimizers.evolutionary_optimizer:Generation: 210 	 Elapsed time: 0:14:06.197103 	 Best training fitness: 1.091933e-01 	 
Level 25:bingo.evolutionary_optimizers.evolutionary_optimizer:210, 8.461971e+02, 1920174, 1.091933e-01, 1.091865e-01, 1.106994e-01, 1.182042e-01, 1.476283e-01, 1.916178e-01, 1.916581e-01, 1.922186e-01, 1.922710e-01, 1.922785e-01, 1.923050e-01
INFO:bingo.evolutionary_optimizers.parallel_archipelago:Evolution time 0:00:25.759701	 age 410	 fitness 1.073e-01
Level 25:bingo.evolutionary_optimizers.evolutionary_optimizer:Generation: 220 	 Elapsed time: 0:14:32.212675 	 Best training fitness: 1.073158e-01 	 
Level 25:bingo.evolutionary_optimizers.evolutionary_optimizer:220, 8.722127e+02, 1992314, 1.073158e-01, 1.073158e-01, 1.106977e-01, 1.182042e-01, 1.476283e-01, 1.916178e-01, 1.916581e-01, 1.922186e-01, 1.922710e-01, 1.922785e-01, 1.923050e-01
INFO:bingo.evolutionary_optimizers.parallel_archipelago:Evolution time 0:00:27.673745	 age 420	 fitness 7.460e-02
Level 25:bingo.evolutionary_optimizers.evolutionary_optimizer:Generation: 230 	 Elapsed time: 0:15:00.142575 	 Best training fitness: 7.459761e-02 	 
Level 25:bingo.evolutionary_optimizers.evolutionary_optimizer:230, 9.001426e+02, 2074829, 7.459761e-02, 7.459761e-02, 1.073158e-01, 1.106977e-01, 1.182042e-01, 1.476283e-01, 1.916178e-01, 1.916581e-01, 1.922186e-01, 1.922710e-01, 1.922785e-01, 1.923050e-01
INFO:bingo.evolutionary_optimizers.parallel_archipelago:Evolution time 0:00:52.115391	 age 450	 fitness 7.458e-02
Level 25:bingo.evolutionary_optimizers.evolutionary_optimizer:Generation: 240 	 Elapsed time: 0:15:52.566038 	 Best training fitness: 7.458168e-02 	 
Level 25:bingo.evolutionary_optimizers.evolutionary_optimizer:240, 9.525660e+02, 2220486, 7.458168e-02, 7.458168e-02, 7.499659e-02, 1.106977e-01, 1.182042e-01, 1.476283e-01, 1.916178e-01, 1.916581e-01, 1.922186e-01, 1.922710e-01, 1.922785e-01, 1.923050e-01
INFO:bingo.evolutionary_optimizers.parallel_archipelago:Evolution time 0:00:42.900549	 age 460	 fitness 7.457e-02
Level 25:bingo.evolutionary_optimizers.evolutionary_optimizer:Generation: 250 	 Elapsed time: 0:16:35.723000 	 Best training fitness: 7.456677e-02 	 
Level 25:bingo.evolutionary_optimizers.evolutionary_optimizer:250, 9.957230e+02, 2327291, 7.456677e-02, 7.456677e-02, 7.498861e-02, 1.055256e-01, 1.106977e-01, 1.182042e-01, 1.476283e-01, 1.916178e-01, 1.916581e-01, 1.922186e-01, 1.922710e-01, 1.922785e-01, 1.923050e-01
INFO:bingo.evolutionary_optimizers.parallel_archipelago:Evolution time 0:00:45.561572	 age 470	 fitness 7.456e-02
Level 25:bingo.evolutionary_optimizers.evolutionary_optimizer:Generation: 260 	 Elapsed time: 0:17:21.536997 	 Best training fitness: 7.456022e-02 	 
Level 25:bingo.evolutionary_optimizers.evolutionary_optimizer:260, 1.041537e+03, 2442628, 7.456022e-02, 7.456022e-02, 7.470700e-02, 7.494582e-02, 1.055256e-01, 1.106977e-01, 1.182042e-01, 1.476283e-01, 1.916178e-01, 1.916581e-01, 1.922186e-01, 1.922710e-01, 1.922785e-01, 1.923050e-01
INFO:bingo.evolutionary_optimizers.parallel_archipelago:Evolution time 0:00:53.605335	 age 490	 fitness 7.457e-02
Level 25:bingo.evolutionary_optimizers.evolutionary_optimizer:Generation: 270 	 Elapsed time: 0:18:15.398472 	 Best training fitness: 7.456653e-02 	 
Level 25:bingo.evolutionary_optimizers.evolutionary_optimizer:270, 1.095398e+03, 2558398, 7.456653e-02, 7.456022e-02, 7.462978e-02, 7.494582e-02, 8.984005e-02, 1.106977e-01, 1.182042e-01, 1.476283e-01, 1.914280e-01, 1.916178e-01, 1.916581e-01, 1.922186e-01, 1.922710e-01, 1.922785e-01, 1.923050e-01
INFO:bingo.evolutionary_optimizers.parallel_archipelago:Evolution time 0:00:46.610670	 age 520	 fitness 7.457e-02
Level 25:bingo.evolutionary_optimizers.evolutionary_optimizer:Generation: 280 	 Elapsed time: 0:19:02.265439 	 Best training fitness: 7.456653e-02 	 
Level 25:bingo.evolutionary_optimizers.evolutionary_optimizer:280, 1.142265e+03, 2673610, 7.456653e-02, 7.456022e-02, 7.462978e-02, 7.494582e-02, 8.984005e-02, 1.106977e-01, 1.182042e-01, 1.476283e-01, 1.912446e-01, 1.914798e-01, 1.916581e-01, 1.922186e-01, 1.922710e-01, 1.922785e-01, 1.923050e-01
INFO:bingo.evolutionary_optimizers.parallel_archipelago:Evolution time 0:01:06.355643	 age 530	 fitness 7.456e-02
Level 25:bingo.evolutionary_optimizers.evolutionary_optimizer:Generation: 290 	 Elapsed time: 0:20:08.876310 	 Best training fitness: 7.455790e-02 	 
Level 25:bingo.evolutionary_optimizers.evolutionary_optimizer:290, 1.208876e+03, 2803309, 7.455790e-02, 7.455790e-02, 7.462978e-02, 7.494582e-02, 8.984005e-02, 1.106977e-01, 1.182042e-01, 1.476283e-01, 1.912330e-01, 1.912846e-01, 1.922186e-01, 1.922710e-01, 1.922785e-01, 1.923050e-01
INFO:bingo.evolutionary_optimizers.parallel_archipelago:Evolution time 0:00:30.158013	 age 550	 fitness 7.456e-02
Level 25:bingo.evolutionary_optimizers.evolutionary_optimizer:Generation: 300 	 Elapsed time: 0:20:39.286360 	 Best training fitness: 7.455790e-02 	 
Level 25:bingo.evolutionary_optimizers.evolutionary_optimizer:300, 1.239286e+03, 2902577, 7.455790e-02, 7.455790e-02, 7.462978e-02, 7.494582e-02, 8.984005e-02, 1.106977e-01, 1.182042e-01, 1.476283e-01, 1.912330e-01, 1.912467e-01, 1.922186e-01, 1.922710e-01, 1.922785e-01, 1.923050e-01
INFO:bingo.evolutionary_optimizers.parallel_archipelago:Evolution time 0:00:35.921157	 age 570	 fitness 7.456e-02
Level 25:bingo.evolutionary_optimizers.evolutionary_optimizer:Generation: 310 	 Elapsed time: 0:21:15.489035 	 Best training fitness: 7.456134e-02 	 
Level 25:bingo.evolutionary_optimizers.evolutionary_optimizer:310, 1.275489e+03, 3004582, 7.456134e-02, 7.455790e-02, 7.462211e-02, 7.494582e-02, 8.984005e-02, 1.106977e-01, 1.182042e-01, 1.476283e-01, 1.912330e-01, 1.912467e-01, 1.922186e-01, 1.922710e-01, 1.922785e-01, 1.923050e-01
INFO:bingo.evolutionary_optimizers.parallel_archipelago:Evolution time 0:00:52.092609	 age 590	 fitness 7.456e-02
Level 25:bingo.evolutionary_optimizers.evolutionary_optimizer:Generation: 320 	 Elapsed time: 0:22:07.836410 	 Best training fitness: 7.455556e-02 	 
Level 25:bingo.evolutionary_optimizers.evolutionary_optimizer:320, 1.327836e+03, 3142632, 7.455556e-02, 7.455556e-02, 7.462211e-02, 7.494582e-02, 8.984005e-02, 1.106977e-01, 1.182042e-01, 1.476283e-01, 1.912330e-01, 1.912467e-01, 1.922186e-01, 1.922710e-01, 1.922785e-01, 1.923050e-01
INFO:bingo.evolutionary_optimizers.parallel_archipelago:Evolution time 0:00:52.180263	 age 600	 fitness 7.456e-02
Level 25:bingo.evolutionary_optimizers.evolutionary_optimizer:Generation: 330 	 Elapsed time: 0:23:00.274105 	 Best training fitness: 7.455652e-02 	 
Level 25:bingo.evolutionary_optimizers.evolutionary_optimizer:330, 1.380274e+03, 3265067, 7.455652e-02, 7.455556e-02, 7.462211e-02, 7.494582e-02, 8.984005e-02, 1.106977e-01, 1.182042e-01, 1.476283e-01, 1.912330e-01, 1.912467e-01, 1.922186e-01, 1.922710e-01, 1.922785e-01, 1.923050e-01
INFO:bingo.evolutionary_optimizers.parallel_archipelago:Evolution time 0:00:54.397498	 age 630	 fitness 7.455e-02
Level 25:bingo.evolutionary_optimizers.evolutionary_optimizer:Generation: 340 	 Elapsed time: 0:23:54.930624 	 Best training fitness: 7.455020e-02 	 
Level 25:bingo.evolutionary_optimizers.evolutionary_optimizer:340, 1.434931e+03, 3404359, 7.455020e-02, 7.455020e-02, 7.455556e-02, 7.462211e-02, 7.494582e-02, 8.984005e-02, 1.106977e-01, 1.182042e-01, 1.476283e-01, 1.909790e-01, 1.912145e-01, 1.912467e-01, 1.922186e-01, 1.922710e-01, 1.922785e-01, 1.923050e-01
INFO:bingo.evolutionary_optimizers.parallel_archipelago:Evolution time 0:01:04.882907	 age 650	 fitness 6.563e-02
Level 25:bingo.evolutionary_optimizers.evolutionary_optimizer:Generation: 350 	 Elapsed time: 0:25:00.068898 	 Best training fitness: 6.563495e-02 	 
Level 25:bingo.evolutionary_optimizers.evolutionary_optimizer:350, 1.500069e+03, 3553331, 6.563495e-02, 6.563495e-02, 1.922710e-01, 1.922785e-01, 1.923050e-01
INFO:bingo.evolutionary_optimizers.parallel_archipelago:Evolution time 0:00:30.429150	 age 670	 fitness 2.261e-18
Level 25:bingo.evolutionary_optimizers.evolutionary_optimizer:Generation: 360 	 Elapsed time: 0:25:30.736111 	 Best training fitness: 2.260785e-18 	 
Level 25:bingo.evolutionary_optimizers.evolutionary_optimizer:360, 1.530736e+03, 3666264, 2.260785e-18, 2.260785e-18, 2.148831e-07, 6.563495e-02, 1.922710e-01, 1.922785e-01, 1.923050e-01
Level 25:bingo.evolutionary_optimizers.evolutionary_optimizer:Evolution successfully converged.
Level 25:bingo.evolutionary_optimizers.evolutionary_optimizer:  Absolte convergence occurred with best fitness < 1e-10
Level 25:bingo.evolutionary_optimizers.evolutionary_optimizer:Hall of Fame:
2.260785349013725e-18	12	sin(log((X_1)(X_1) + (X_0)(X_0) + sin(((0.000007)(0.000007))(0.000007))))
2.1488306536085978e-07	10	sin(log((X_1)(X_1) + (X_0)(X_0) + sin(0.000007)))
0.06563495069204643	8	sin(log((X_1)(X_1) + (X_0)(X_0) + X_0))
0.19227103885326916	7	sin((-0.000556)(log(-0.000556) + log(-0.000556)) + log(-0.000556))
0.19227853695997926	2	sin(-1.204120)
0.19230497537566266	1	-0.932531
