Level 25:bingo.evolutionary_optimizers.evolutionary_optimizer:#generational_age, elapsed_time, fitness_evaluation_count, current_training_fitness, hall_of_fame_fitnesses
Level 25:bingo.evolutionary_optimizers.evolutionary_optimizer:#generational_age, elapsed_time, fitness_evaluation_count, current_training_fitness, hall_of_fame_fitnesses
Level 25:bingo.evolutionary_optimizers.evolutionary_optimizer:Generation: 0 	 Elapsed time: 0:00:04.416464 	 Best training fitness: 1.924321e-01 	 
Level 25:bingo.evolutionary_optimizers.evolutionary_optimizer:0, 4.416464e+00, 14331, 1.924321e-01
INFO:bingo.evolutionary_optimizers.parallel_archipelago:Evolution time 0:00:49.312661	 age 20	 fitness 1.923e-01
Level 25:bingo.evolutionary_optimizers.evolutionary_optimizer:Generation: 10 	 Elapsed time: 0:00:53.983090 	 Best training fitness: 1.922992e-01 	 
Level 25:bingo.evolutionary_optimizers.evolutionary_optimizer:10, 5.398309e+01, 121572, 1.922992e-01, 1.922992e-01, 1.923995e-01, 1.924943e-01, 1.925772e-01
INFO:bingo.evolutionary_optimizers.parallel_archipelago:Evolution time 0:00:24.444605	 age 40	 fitness 1.565e-01
Level 25:bingo.evolutionary_optimizers.evolutionary_optimizer:Generation: 20 	 Elapsed time: 0:01:18.649887 	 Best training fitness: 1.564817e-01 	 
Level 25:bingo.evolutionary_optimizers.evolutionary_optimizer:20, 7.864989e+01, 200331, 1.564817e-01, 1.564817e-01, 1.922992e-01, 1.923936e-01, 1.924217e-01, 1.925772e-01
INFO:bingo.evolutionary_optimizers.parallel_archipelago:Evolution time 0:00:38.167682	 age 50	 fitness 1.564e-01
Level 25:bingo.evolutionary_optimizers.evolutionary_optimizer:Generation: 30 	 Elapsed time: 0:01:57.077888 	 Best training fitness: 1.564209e-01 	 
Level 25:bingo.evolutionary_optimizers.evolutionary_optimizer:30, 1.170779e+02, 278035, 1.564209e-01, 1.564209e-01, 1.614943e-01, 1.922992e-01, 1.923618e-01, 1.923674e-01, 1.923761e-01, 1.924268e-01
INFO:bingo.evolutionary_optimizers.parallel_archipelago:Evolution time 0:00:25.353547	 age 60	 fitness 1.557e-01
Level 25:bingo.evolutionary_optimizers.evolutionary_optimizer:Generation: 40 	 Elapsed time: 0:02:22.672345 	 Best training fitness: 1.556610e-01 	 
Level 25:bingo.evolutionary_optimizers.evolutionary_optimizer:40, 1.426723e+02, 345858, 1.556610e-01, 1.556610e-01, 1.563215e-01, 1.614868e-01, 1.922992e-01, 1.923306e-01, 1.923369e-01
INFO:bingo.evolutionary_optimizers.parallel_archipelago:Evolution time 0:00:26.382713	 age 70	 fitness 1.540e-01
Level 25:bingo.evolutionary_optimizers.evolutionary_optimizer:Generation: 50 	 Elapsed time: 0:02:49.300548 	 Best training fitness: 1.540217e-01 	 
Level 25:bingo.evolutionary_optimizers.evolutionary_optimizer:50, 1.693005e+02, 415459, 1.540217e-01, 1.540217e-01, 1.563215e-01, 1.614868e-01, 1.922992e-01, 1.923206e-01
INFO:bingo.evolutionary_optimizers.parallel_archipelago:Evolution time 0:00:32.862224	 age 80	 fitness 1.249e-01
Level 25:bingo.evolutionary_optimizers.evolutionary_optimizer:Generation: 60 	 Elapsed time: 0:03:22.413481 	 Best training fitness: 1.249210e-01 	 
Level 25:bingo.evolutionary_optimizers.evolutionary_optimizer:60, 2.024135e+02, 495192, 1.249210e-01, 1.249210e-01, 1.495753e-01, 1.512856e-01, 1.614868e-01, 1.922992e-01, 1.923206e-01
INFO:bingo.evolutionary_optimizers.parallel_archipelago:Evolution time 0:00:21.029627	 age 90	 fitness 1.249e-01
Level 25:bingo.evolutionary_optimizers.evolutionary_optimizer:Generation: 70 	 Elapsed time: 0:03:43.691321 	 Best training fitness: 1.249214e-01 	 
Level 25:bingo.evolutionary_optimizers.evolutionary_optimizer:70, 2.236913e+02, 555456, 1.249214e-01, 1.249210e-01, 1.493695e-01, 1.512856e-01, 1.614868e-01, 1.922992e-01, 1.923089e-01
INFO:bingo.evolutionary_optimizers.parallel_archipelago:Evolution time 0:00:18.369796	 age 100	 fitness 1.249e-01
Level 25:bingo.evolutionary_optimizers.evolutionary_optimizer:Generation: 80 	 Elapsed time: 0:04:02.305500 	 Best training fitness: 1.248877e-01 	 
Level 25:bingo.evolutionary_optimizers.evolutionary_optimizer:80, 2.423055e+02, 611046, 1.248877e-01, 1.248877e-01, 1.493695e-01, 1.511845e-01, 1.614868e-01, 1.922992e-01, 1.923089e-01
INFO:bingo.evolutionary_optimizers.parallel_archipelago:Evolution time 0:00:34.418147	 age 110	 fitness 1.249e-01
Level 25:bingo.evolutionary_optimizers.evolutionary_optimizer:Generation: 90 	 Elapsed time: 0:04:36.968246 	 Best training fitness: 1.248850e-01 	 
Level 25:bingo.evolutionary_optimizers.evolutionary_optimizer:90, 2.769682e+02, 690377, 1.248850e-01, 1.248850e-01, 1.493695e-01, 1.511845e-01, 1.614868e-01, 1.922992e-01, 1.923072e-01, 1.923089e-01
INFO:bingo.evolutionary_optimizers.parallel_archipelago:Evolution time 0:00:30.307990	 age 130	 fitness 1.249e-01
Level 25:bingo.evolutionary_optimizers.evolutionary_optimizer:Generation: 100 	 Elapsed time: 0:05:07.542257 	 Best training fitness: 1.248801e-01 	 
Level 25:bingo.evolutionary_optimizers.evolutionary_optimizer:100, 3.075423e+02, 798099, 1.248801e-01, 1.248801e-01, 1.493695e-01, 1.511845e-01, 1.614868e-01, 1.922992e-01, 1.923058e-01, 1.923089e-01
INFO:bingo.evolutionary_optimizers.parallel_archipelago:Evolution time 0:00:32.311289	 age 140	 fitness 9.052e-02
Level 25:bingo.evolutionary_optimizers.evolutionary_optimizer:Generation: 110 	 Elapsed time: 0:05:40.098694 	 Best training fitness: 9.051949e-02 	 
Level 25:bingo.evolutionary_optimizers.evolutionary_optimizer:110, 3.400987e+02, 884727, 9.051949e-02, 9.051949e-02, 1.204340e-01, 1.248801e-01, 1.393105e-01, 1.493695e-01, 1.511845e-01, 1.614868e-01, 1.922992e-01, 1.923058e-01, 1.923089e-01
INFO:bingo.evolutionary_optimizers.parallel_archipelago:Evolution time 0:00:48.932820	 age 150	 fitness 9.053e-02
Level 25:bingo.evolutionary_optimizers.evolutionary_optimizer:Generation: 120 	 Elapsed time: 0:06:29.299232 	 Best training fitness: 9.053373e-02 	 
Level 25:bingo.evolutionary_optimizers.evolutionary_optimizer:120, 3.892992e+02, 982097, 9.053373e-02, 9.051949e-02, 1.203325e-01, 1.248801e-01, 1.391453e-01, 1.493695e-01, 1.511845e-01, 1.614868e-01, 1.922581e-01, 1.922992e-01, 1.923058e-01, 1.923089e-01
INFO:bingo.evolutionary_optimizers.parallel_archipelago:Evolution time 0:00:49.511492	 age 160	 fitness 9.051e-02
Level 25:bingo.evolutionary_optimizers.evolutionary_optimizer:Generation: 130 	 Elapsed time: 0:07:19.073744 	 Best training fitness: 9.051489e-02 	 
Level 25:bingo.evolutionary_optimizers.evolutionary_optimizer:130, 4.390737e+02, 1079077, 9.051489e-02, 9.051489e-02, 1.199786e-01, 1.203149e-01, 1.203496e-01, 1.248801e-01, 1.391453e-01, 1.493695e-01, 1.511845e-01, 1.614868e-01, 1.922581e-01, 1.922885e-01, 1.923089e-01
INFO:bingo.evolutionary_optimizers.parallel_archipelago:Evolution time 0:00:47.293369	 age 180	 fitness 7.026e-02
Level 25:bingo.evolutionary_optimizers.evolutionary_optimizer:Generation: 140 	 Elapsed time: 0:08:06.684221 	 Best training fitness: 7.025911e-02 	 
Level 25:bingo.evolutionary_optimizers.evolutionary_optimizer:140, 4.866842e+02, 1208006, 7.025911e-02, 7.025911e-02, 9.048242e-02, 1.136133e-01, 1.161666e-01, 1.248801e-01, 1.391453e-01, 1.493695e-01, 1.511845e-01, 1.614868e-01, 1.921197e-01, 1.921938e-01, 1.922885e-01, 1.923089e-01
INFO:bingo.evolutionary_optimizers.parallel_archipelago:Evolution time 0:00:34.741198	 age 190	 fitness 7.024e-02
Level 25:bingo.evolutionary_optimizers.evolutionary_optimizer:Generation: 150 	 Elapsed time: 0:08:41.693510 	 Best training fitness: 7.024032e-02 	 
Level 25:bingo.evolutionary_optimizers.evolutionary_optimizer:150, 5.216935e+02, 1305810, 7.024032e-02, 7.024032e-02, 9.047999e-02, 1.105746e-01, 1.136041e-01, 1.161666e-01, 1.248801e-01, 1.391453e-01, 1.493695e-01, 1.511845e-01, 1.614868e-01, 1.920903e-01, 1.921792e-01, 1.922885e-01, 1.923070e-01
INFO:bingo.evolutionary_optimizers.parallel_archipelago:Evolution time 0:00:48.477656	 age 200	 fitness 6.444e-02
Level 25:bingo.evolutionary_optimizers.evolutionary_optimizer:Generation: 160 	 Elapsed time: 0:09:30.443958 	 Best training fitness: 6.443599e-02 	 
Level 25:bingo.evolutionary_optimizers.evolutionary_optimizer:160, 5.704440e+02, 1419314, 6.443599e-02, 6.443599e-02, 7.024032e-02, 9.047599e-02, 1.105746e-01, 1.106060e-01, 1.161666e-01, 1.248801e-01, 1.355953e-01, 1.493695e-01, 1.511845e-01, 1.614868e-01, 1.920903e-01, 1.921792e-01, 1.922885e-01, 1.923070e-01
INFO:bingo.evolutionary_optimizers.parallel_archipelago:Evolution time 0:00:53.728292	 age 210	 fitness 6.442e-02
Level 25:bingo.evolutionary_optimizers.evolutionary_optimizer:Generation: 170 	 Elapsed time: 0:10:24.468244 	 Best training fitness: 6.442091e-02 	 
Level 25:bingo.evolutionary_optimizers.evolutionary_optimizer:170, 6.244682e+02, 1540623, 6.442091e-02, 6.442091e-02, 7.024032e-02, 9.047044e-02, 9.048412e-02, 1.106060e-01, 1.161666e-01, 1.248801e-01, 1.355953e-01, 1.493695e-01, 1.511845e-01, 1.614868e-01, 1.920903e-01, 1.921792e-01, 1.922885e-01, 1.923032e-01
INFO:bingo.evolutionary_optimizers.parallel_archipelago:Evolution time 0:00:29.019807	 age 220	 fitness 6.228e-02
Level 25:bingo.evolutionary_optimizers.evolutionary_optimizer:Generation: 180 	 Elapsed time: 0:10:53.753058 	 Best training fitness: 6.228320e-02 	 
Level 25:bingo.evolutionary_optimizers.evolutionary_optimizer:180, 6.537531e+02, 1632143, 6.228320e-02, 6.228320e-02, 9.046994e-02, 9.048412e-02, 1.105996e-01, 1.161666e-01, 1.248801e-01, 1.355953e-01, 1.493695e-01, 1.511845e-01, 1.614868e-01, 1.920903e-01, 1.921792e-01, 1.922885e-01, 1.923032e-01
INFO:bingo.evolutionary_optimizers.parallel_archipelago:Evolution time 0:01:10.825051	 age 230	 fitness 5.846e-02
Level 25:bingo.evolutionary_optimizers.evolutionary_optimizer:Generation: 190 	 Elapsed time: 0:12:04.843847 	 Best training fitness: 5.845907e-02 	 
Level 25:bingo.evolutionary_optimizers.evolutionary_optimizer:190, 7.248438e+02, 1753081, 5.845907e-02, 5.845907e-02, 9.046994e-02, 9.048412e-02, 1.105808e-01, 1.161666e-01, 1.248801e-01, 1.355953e-01, 1.493695e-01, 1.511845e-01, 1.614868e-01, 1.920903e-01, 1.921792e-01, 1.922885e-01, 1.923032e-01
INFO:bingo.evolutionary_optimizers.parallel_archipelago:Evolution time 0:00:26.076486	 age 240	 fitness 5.846e-02
Level 25:bingo.evolutionary_optimizers.evolutionary_optimizer:Generation: 200 	 Elapsed time: 0:12:31.184807 	 Best training fitness: 5.845730e-02 	 
Level 25:bingo.evolutionary_optimizers.evolutionary_optimizer:200, 7.511848e+02, 1834802, 5.845730e-02, 5.845730e-02, 9.046994e-02, 9.048412e-02, 1.105808e-01, 1.161666e-01, 1.248801e-01, 1.355953e-01, 1.493695e-01, 1.511845e-01, 1.614868e-01, 1.920903e-01, 1.921792e-01, 1.922885e-01, 1.923032e-01
INFO:bingo.evolutionary_optimizers.parallel_archipelago:Evolution time 0:01:10.787867	 age 250	 fitness 5.845e-02
Level 25:bingo.evolutionary_optimizers.evolutionary_optimizer:Generation: 210 	 Elapsed time: 0:13:42.236033 	 Best training fitness: 5.845336e-02 	 
Level 25:bingo.evolutionary_optimizers.evolutionary_optimizer:210, 8.222360e+02, 1958609, 5.845336e-02, 5.845336e-02, 9.046994e-02, 9.048412e-02, 1.105745e-01, 1.161666e-01, 1.248801e-01, 1.249654e-01, 1.493695e-01, 1.511845e-01, 1.614868e-01, 1.920903e-01, 1.921792e-01, 1.922885e-01, 1.923032e-01
INFO:bingo.evolutionary_optimizers.parallel_archipelago:Evolution time 0:00:51.461386	 age 260	 fitness 5.845e-02
Level 25:bingo.evolutionary_optimizers.evolutionary_optimizer:Generation: 220 	 Elapsed time: 0:14:33.961252 	 Best training fitness: 5.845344e-02 	 
Level 25:bingo.evolutionary_optimizers.evolutionary_optimizer:220, 8.739613e+02, 2088639, 5.845344e-02, 5.845336e-02, 9.046994e-02, 9.048412e-02, 1.105745e-01, 1.161666e-01, 1.248801e-01, 1.249654e-01, 1.493695e-01, 1.511845e-01, 1.614868e-01, 1.920903e-01, 1.921792e-01, 1.922885e-01, 1.923032e-01
INFO:bingo.evolutionary_optimizers.parallel_archipelago:Evolution time 0:00:35.539798	 age 270	 fitness 5.845e-02
Level 25:bingo.evolutionary_optimizers.evolutionary_optimizer:Generation: 230 	 Elapsed time: 0:15:09.761296 	 Best training fitness: 5.845332e-02 	 
Level 25:bingo.evolutionary_optimizers.evolutionary_optimizer:230, 9.097613e+02, 2199380, 5.845332e-02, 5.845332e-02, 9.046994e-02, 9.048412e-02, 1.100772e-01, 1.161666e-01, 1.248801e-01, 1.249654e-01, 1.493695e-01, 1.511845e-01, 1.614868e-01, 1.920903e-01, 1.921792e-01, 1.922885e-01, 1.923032e-01
INFO:bingo.evolutionary_optimizers.parallel_archipelago:Evolution time 0:01:05.343785	 age 280	 fitness 5.845e-02
Level 25:bingo.evolutionary_optimizers.evolutionary_optimizer:Generation: 240 	 Elapsed time: 0:16:15.394762 	 Best training fitness: 5.845480e-02 	 
Level 25:bingo.evolutionary_optimizers.evolutionary_optimizer:240, 9.753948e+02, 2344326, 5.845480e-02, 5.845332e-02, 9.046994e-02, 9.048412e-02, 1.100772e-01, 1.161666e-01, 1.248801e-01, 1.249654e-01, 1.493695e-01, 1.511845e-01, 1.614868e-01, 1.920903e-01, 1.921792e-01, 1.922885e-01, 1.923032e-01
INFO:bingo.evolutionary_optimizers.parallel_archipelago:Evolution time 0:00:51.026554	 age 290	 fitness 5.846e-02
Level 25:bingo.evolutionary_optimizers.evolutionary_optimizer:Generation: 250 	 Elapsed time: 0:17:06.678772 	 Best training fitness: 5.845507e-02 	 
Level 25:bingo.evolutionary_optimizers.evolutionary_optimizer:250, 1.026679e+03, 2466746, 5.845507e-02, 5.845332e-02, 9.046994e-02, 9.048412e-02, 1.100772e-01, 1.161666e-01, 1.248801e-01, 1.249654e-01, 1.493695e-01, 1.511845e-01, 1.614868e-01, 1.920903e-01, 1.921792e-01, 1.922885e-01, 1.923032e-01
INFO:bingo.evolutionary_optimizers.parallel_archipelago:Evolution time 0:00:33.330165	 age 310	 fitness 5.845e-02
Level 25:bingo.evolutionary_optimizers.evolutionary_optimizer:Generation: 260 	 Elapsed time: 0:17:40.260984 	 Best training fitness: 5.845430e-02 	 
Level 25:bingo.evolutionary_optimizers.evolutionary_optimizer:260, 1.060261e+03, 2576526, 5.845430e-02, 5.845332e-02, 9.046994e-02, 9.048412e-02, 1.100772e-01, 1.161666e-01, 1.248801e-01, 1.249654e-01, 1.493695e-01, 1.511845e-01, 1.614868e-01, 1.920903e-01, 1.921792e-01, 1.922885e-01, 1.923032e-01
INFO:bingo.evolutionary_optimizers.parallel_archipelago:Evolution time 0:00:49.668300	 age 330	 fitness 5.845e-02
Level 25:bingo.evolutionary_optimizers.evolutionary_optimizer:Generation: 270 	 Elapsed time: 0:18:30.179128 	 Best training fitness: 5.845352e-02 	 
Level 25:bingo.evolutionary_optimizers.evolutionary_optimizer:270, 1.110179e+03, 2719443, 5.845352e-02, 5.845332e-02, 9.046994e-02, 9.048412e-02, 1.100772e-01, 1.161666e-01, 1.248801e-01, 1.249654e-01, 1.493695e-01, 1.511845e-01, 1.614868e-01, 1.920903e-01, 1.921792e-01, 1.922885e-01, 1.923032e-01
INFO:bingo.evolutionary_optimizers.parallel_archipelago:Evolution time 0:00:49.789441	 age 340	 fitness 5.845e-02
Level 25:bingo.evolutionary_optimizers.evolutionary_optimizer:Generation: 280 	 Elapsed time: 0:19:20.217193 	 Best training fitness: 5.845266e-02 	 
Level 25:bingo.evolutionary_optimizers.evolutionary_optimizer:280, 1.160217e+03, 2847573, 5.845266e-02, 5.845266e-02, 9.046994e-02, 9.048412e-02, 1.100772e-01, 1.161666e-01, 1.248801e-01, 1.249654e-01, 1.493695e-01, 1.511845e-01, 1.614868e-01, 1.920903e-01, 1.921792e-01, 1.922885e-01, 1.923032e-01
INFO:bingo.evolutionary_optimizers.parallel_archipelago:Evolution time 0:00:36.223664	 age 360	 fitness 5.416e-02
Level 25:bingo.evolutionary_optimizers.evolutionary_optimizer:Generation: 290 	 Elapsed time: 0:19:56.688475 	 Best training fitness: 5.416272e-02 	 
Level 25:bingo.evolutionary_optimizers.evolutionary_optimizer:290, 1.196688e+03, 2981817, 5.416272e-02, 5.416272e-02, 5.845266e-02, 9.046994e-02, 9.048412e-02, 1.100772e-01, 1.161666e-01, 1.248801e-01, 1.249654e-01, 1.493695e-01, 1.511845e-01, 1.614868e-01, 1.920903e-01, 1.921792e-01, 1.922885e-01, 1.923032e-01
INFO:bingo.evolutionary_optimizers.parallel_archipelago:Evolution time 0:00:45.642478	 age 370	 fitness 5.416e-02
Level 25:bingo.evolutionary_optimizers.evolutionary_optimizer:Generation: 300 	 Elapsed time: 0:20:42.581115 	 Best training fitness: 5.416272e-02 	 
Level 25:bingo.evolutionary_optimizers.evolutionary_optimizer:300, 1.242581e+03, 3087030, 5.416272e-02, 5.416272e-02, 5.845266e-02, 9.046994e-02, 9.048412e-02, 1.100772e-01, 1.161666e-01, 1.248801e-01, 1.249654e-01, 1.493695e-01, 1.511845e-01, 1.614868e-01, 1.920903e-01, 1.921792e-01, 1.922885e-01, 1.923032e-01
INFO:bingo.evolutionary_optimizers.parallel_archipelago:Evolution time 0:00:51.961989	 age 380	 fitness 5.416e-02
Level 25:bingo.evolutionary_optimizers.evolutionary_optimizer:Generation: 310 	 Elapsed time: 0:21:34.820188 	 Best training fitness: 5.416255e-02 	 
Level 25:bingo.evolutionary_optimizers.evolutionary_optimizer:310, 1.294820e+03, 3197232, 5.416255e-02, 5.416255e-02, 5.845266e-02, 9.046994e-02, 9.048412e-02, 1.100772e-01, 1.161666e-01, 1.248801e-01, 1.249654e-01, 1.493695e-01, 1.511845e-01, 1.614868e-01, 1.920903e-01, 1.921792e-01, 1.922885e-01, 1.923032e-01
INFO:bingo.evolutionary_optimizers.parallel_archipelago:Evolution time 0:01:01.104481	 age 390	 fitness 5.416e-02
Level 25:bingo.evolutionary_optimizers.evolutionary_optimizer:Generation: 320 	 Elapsed time: 0:22:36.173932 	 Best training fitness: 5.415823e-02 	 
Level 25:bingo.evolutionary_optimizers.evolutionary_optimizer:320, 1.356174e+03, 3337416, 5.415823e-02, 5.415823e-02, 5.845266e-02, 9.046994e-02, 9.048412e-02, 1.100772e-01, 1.161666e-01, 1.248801e-01, 1.249654e-01, 1.493695e-01, 1.511845e-01, 1.614868e-01, 1.920903e-01, 1.921792e-01, 1.922885e-01, 1.923032e-01
INFO:bingo.evolutionary_optimizers.parallel_archipelago:Evolution time 0:00:32.548761	 age 410	 fitness 5.416e-02
Level 25:bingo.evolutionary_optimizers.evolutionary_optimizer:Generation: 330 	 Elapsed time: 0:23:08.973570 	 Best training fitness: 5.415814e-02 	 
Level 25:bingo.evolutionary_optimizers.evolutionary_optimizer:330, 1.388974e+03, 3446227, 5.415814e-02, 5.415814e-02, 5.845266e-02, 9.046994e-02, 9.048412e-02, 1.100772e-01, 1.161666e-01, 1.248801e-01, 1.249654e-01, 1.493695e-01, 1.511845e-01, 1.614868e-01, 1.920903e-01, 1.921792e-01, 1.922885e-01, 1.923032e-01
INFO:bingo.evolutionary_optimizers.parallel_archipelago:Evolution time 0:01:07.046167	 age 420	 fitness 5.416e-02
Level 25:bingo.evolutionary_optimizers.evolutionary_optimizer:Generation: 340 	 Elapsed time: 0:24:16.271311 	 Best training fitness: 5.415764e-02 	 
Level 25:bingo.evolutionary_optimizers.evolutionary_optimizer:340, 1.456271e+03, 3566718, 5.415764e-02, 5.415764e-02, 5.845266e-02, 9.046994e-02, 9.048412e-02, 1.100772e-01, 1.161666e-01, 1.248801e-01, 1.249654e-01, 1.493695e-01, 1.511845e-01, 1.603899e-01, 1.920903e-01, 1.921792e-01, 1.922885e-01, 1.923032e-01
INFO:bingo.evolutionary_optimizers.parallel_archipelago:Evolution time 0:00:53.419008	 age 430	 fitness 5.338e-02
Level 25:bingo.evolutionary_optimizers.evolutionary_optimizer:Generation: 350 	 Elapsed time: 0:25:09.942074 	 Best training fitness: 5.338339e-02 	 
Level 25:bingo.evolutionary_optimizers.evolutionary_optimizer:350, 1.509942e+03, 3677436, 5.338339e-02, 5.338339e-02, 5.687276e-02, 5.845266e-02, 9.046994e-02, 9.048412e-02, 1.100772e-01, 1.161666e-01, 1.248801e-01, 1.249654e-01, 1.493695e-01, 1.511845e-01, 1.603899e-01, 1.920903e-01, 1.921792e-01, 1.922885e-01, 1.922895e-01
INFO:bingo.evolutionary_optimizers.parallel_archipelago:Evolution time 0:00:47.104613	 age 440	 fitness 5.338e-02
Level 25:bingo.evolutionary_optimizers.evolutionary_optimizer:Generation: 360 	 Elapsed time: 0:25:57.297464 	 Best training fitness: 5.337843e-02 	 
Level 25:bingo.evolutionary_optimizers.evolutionary_optimizer:360, 1.557297e+03, 3778730, 5.337843e-02, 5.337843e-02, 5.687276e-02, 5.845266e-02, 9.046994e-02, 9.048412e-02, 1.100772e-01, 1.161666e-01, 1.248801e-01, 1.249654e-01, 1.493695e-01, 1.511845e-01, 1.603899e-01, 1.920903e-01, 1.921792e-01, 1.922885e-01, 1.922895e-01
INFO:bingo.evolutionary_optimizers.parallel_archipelago:Evolution time 0:00:48.907413	 age 460	 fitness 5.338e-02
Level 25:bingo.evolutionary_optimizers.evolutionary_optimizer:Generation: 370 	 Elapsed time: 0:26:46.474970 	 Best training fitness: 5.337741e-02 	 
Level 25:bingo.evolutionary_optimizers.evolutionary_optimizer:370, 1.606475e+03, 3927240, 5.337741e-02, 5.337741e-02, 5.687276e-02, 5.845266e-02, 8.553556e-02, 1.100772e-01, 1.161666e-01, 1.248801e-01, 1.249654e-01, 1.493695e-01, 1.511845e-01, 1.603899e-01, 1.920903e-01, 1.921792e-01, 1.922885e-01, 1.922895e-01
INFO:bingo.evolutionary_optimizers.parallel_archipelago:Evolution time 0:00:48.100920	 age 480	 fitness 5.338e-02
Level 25:bingo.evolutionary_optimizers.evolutionary_optimizer:Generation: 380 	 Elapsed time: 0:27:34.817370 	 Best training fitness: 5.337741e-02 	 
Level 25:bingo.evolutionary_optimizers.evolutionary_optimizer:380, 1.654817e+03, 4080077, 5.337741e-02, 5.337741e-02, 5.411167e-02, 5.687276e-02, 5.845266e-02, 8.553556e-02, 1.100772e-01, 1.161666e-01, 1.248801e-01, 1.249654e-01, 1.493695e-01, 1.511845e-01, 1.603899e-01, 1.920903e-01, 1.921792e-01, 1.922885e-01, 1.922895e-01
INFO:bingo.evolutionary_optimizers.parallel_archipelago:Evolution time 0:00:50.265157	 age 510	 fitness 5.338e-02
Level 25:bingo.evolutionary_optimizers.evolutionary_optimizer:Generation: 390 	 Elapsed time: 0:28:25.322484 	 Best training fitness: 5.337852e-02 	 
Level 25:bingo.evolutionary_optimizers.evolutionary_optimizer:390, 1.705322e+03, 4242152, 5.337852e-02, 5.337741e-02, 5.411167e-02, 5.687276e-02, 5.845266e-02, 8.553556e-02, 1.100772e-01, 1.107808e-01, 1.249654e-01, 1.493695e-01, 1.511845e-01, 1.603899e-01, 1.920903e-01, 1.921792e-01, 1.922885e-01, 1.922895e-01
INFO:bingo.evolutionary_optimizers.parallel_archipelago:Evolution time 0:00:46.081301	 age 520	 fitness 5.338e-02
Level 25:bingo.evolutionary_optimizers.evolutionary_optimizer:Generation: 400 	 Elapsed time: 0:29:11.648464 	 Best training fitness: 5.337774e-02 	 
Level 25:bingo.evolutionary_optimizers.evolutionary_optimizer:400, 1.751648e+03, 4363261, 5.337774e-02, 5.337741e-02, 5.411167e-02, 5.687276e-02, 5.845266e-02, 8.553556e-02, 1.095096e-01, 1.107808e-01, 1.249654e-01, 1.493695e-01, 1.511845e-01, 1.603899e-01, 1.864890e-01, 1.922885e-01, 1.922895e-01
INFO:bingo.evolutionary_optimizers.parallel_archipelago:Evolution time 0:00:31.199165	 age 540	 fitness 5.338e-02
Level 25:bingo.evolutionary_optimizers.evolutionary_optimizer:Generation: 410 	 Elapsed time: 0:29:43.095218 	 Best training fitness: 5.337659e-02 	 
Level 25:bingo.evolutionary_optimizers.evolutionary_optimizer:410, 1.783095e+03, 4468456, 5.337659e-02, 5.337659e-02, 5.411167e-02, 5.687276e-02, 5.845266e-02, 8.553556e-02, 1.095096e-01, 1.107808e-01, 1.249654e-01, 1.493695e-01, 1.511845e-01, 1.554175e-01, 1.603899e-01, 1.864580e-01, 1.922885e-01, 1.922895e-01
INFO:bingo.evolutionary_optimizers.parallel_archipelago:Evolution time 0:00:33.012932	 age 550	 fitness 5.338e-02
Level 25:bingo.evolutionary_optimizers.evolutionary_optimizer:Generation: 420 	 Elapsed time: 0:30:16.363879 	 Best training fitness: 5.337659e-02 	 
Level 25:bingo.evolutionary_optimizers.evolutionary_optimizer:420, 1.816364e+03, 4567638, 5.337659e-02, 5.337659e-02, 5.411167e-02, 5.687276e-02, 5.845266e-02, 5.846140e-02, 8.553556e-02, 1.095096e-01, 1.107808e-01, 1.249654e-01, 1.493695e-01, 1.511845e-01, 1.554175e-01, 1.603899e-01, 1.864035e-01, 1.922885e-01, 1.922895e-01
INFO:bingo.evolutionary_optimizers.parallel_archipelago:Evolution time 0:00:56.317262	 age 580	 fitness 5.338e-02
Level 25:bingo.evolutionary_optimizers.evolutionary_optimizer:Generation: 430 	 Elapsed time: 0:31:12.979070 	 Best training fitness: 5.337704e-02 	 
Level 25:bingo.evolutionary_optimizers.evolutionary_optimizer:430, 1.872979e+03, 4700088, 5.337704e-02, 5.337659e-02, 5.411167e-02, 5.687276e-02, 5.845266e-02, 5.846140e-02, 8.553556e-02, 9.583089e-02, 9.583272e-02, 1.107808e-01, 1.247871e-01, 1.249654e-01, 1.493695e-01, 1.511845e-01, 1.554175e-01, 1.603899e-01, 1.864035e-01, 1.922885e-01, 1.922895e-01
INFO:bingo.evolutionary_optimizers.parallel_archipelago:Evolution time 0:01:15.958194	 age 600	 fitness 5.338e-02
Level 25:bingo.evolutionary_optimizers.evolutionary_optimizer:Generation: 440 	 Elapsed time: 0:32:29.208829 	 Best training fitness: 5.337754e-02 	 
Level 25:bingo.evolutionary_optimizers.evolutionary_optimizer:440, 1.949209e+03, 4865608, 5.337754e-02, 5.337659e-02, 5.411167e-02, 5.687276e-02, 5.845266e-02, 5.846140e-02, 8.553556e-02, 9.583089e-02, 9.583272e-02, 1.107808e-01, 1.236670e-01, 1.249654e-01, 1.493695e-01, 1.511845e-01, 1.554175e-01, 1.603899e-01, 1.864035e-01, 1.922885e-01, 1.922895e-01
INFO:bingo.evolutionary_optimizers.parallel_archipelago:Evolution time 0:01:03.214082	 age 630	 fitness 5.269e-02
Level 25:bingo.evolutionary_optimizers.evolutionary_optimizer:Generation: 450 	 Elapsed time: 0:33:32.710312 	 Best training fitness: 5.269071e-02 	 
Level 25:bingo.evolutionary_optimizers.evolutionary_optimizer:450, 2.012710e+03, 5014832, 5.269071e-02, 5.269071e-02, 5.411167e-02, 5.687276e-02, 5.845266e-02, 5.846140e-02, 8.553556e-02, 9.583089e-02, 9.583272e-02, 1.032825e-01, 1.493695e-01, 1.511845e-01, 1.554175e-01, 1.603899e-01, 1.863098e-01, 1.922885e-01, 1.922895e-01
INFO:bingo.evolutionary_optimizers.parallel_archipelago:Evolution time 0:00:57.425116	 age 640	 fitness 5.269e-02
Level 25:bingo.evolutionary_optimizers.evolutionary_optimizer:Generation: 460 	 Elapsed time: 0:34:30.422443 	 Best training fitness: 5.268842e-02 	 
Level 25:bingo.evolutionary_optimizers.evolutionary_optimizer:460, 2.070422e+03, 5144190, 5.268842e-02, 5.268842e-02, 5.337979e-02, 5.687276e-02, 5.845266e-02, 5.846140e-02, 8.553556e-02, 9.583089e-02, 9.583272e-02, 1.032825e-01, 1.493695e-01, 1.511845e-01, 1.554175e-01, 1.603899e-01, 1.863098e-01, 1.922885e-01, 1.922895e-01
INFO:bingo.evolutionary_optimizers.parallel_archipelago:Evolution time 0:01:27.124956	 age 650	 fitness 5.269e-02
Level 25:bingo.evolutionary_optimizers.evolutionary_optimizer:Generation: 470 	 Elapsed time: 0:35:57.836541 	 Best training fitness: 5.268724e-02 	 
Level 25:bingo.evolutionary_optimizers.evolutionary_optimizer:470, 2.157837e+03, 5275548, 5.268724e-02, 5.268724e-02, 5.337979e-02, 5.687276e-02, 5.845266e-02, 5.846140e-02, 8.553556e-02, 9.583089e-02, 9.583272e-02, 1.032825e-01, 1.493695e-01, 1.511845e-01, 1.554175e-01, 1.603899e-01, 1.640106e-01, 1.863098e-01, 1.922885e-01, 1.922895e-01
INFO:bingo.evolutionary_optimizers.parallel_archipelago:Evolution time 0:00:59.364148	 age 670	 fitness 5.269e-02
Level 25:bingo.evolutionary_optimizers.evolutionary_optimizer:Generation: 480 	 Elapsed time: 0:36:57.491894 	 Best training fitness: 5.268724e-02 	 
Level 25:bingo.evolutionary_optimizers.evolutionary_optimizer:480, 2.217492e+03, 5404922, 5.268724e-02, 5.268724e-02, 5.337979e-02, 5.687276e-02, 5.845266e-02, 5.846140e-02, 8.553556e-02, 9.583089e-02, 9.583272e-02, 9.917547e-02, 1.032825e-01, 1.493695e-01, 1.511845e-01, 1.554175e-01, 1.603899e-01, 1.640106e-01, 1.863098e-01, 1.922853e-01
INFO:bingo.evolutionary_optimizers.parallel_archipelago:Evolution time 0:00:37.698986	 age 690	 fitness 5.269e-02
Level 25:bingo.evolutionary_optimizers.evolutionary_optimizer:Generation: 490 	 Elapsed time: 0:37:35.480386 	 Best training fitness: 5.268740e-02 	 
Level 25:bingo.evolutionary_optimizers.evolutionary_optimizer:490, 2.255480e+03, 5516744, 5.268740e-02, 5.268724e-02, 5.337979e-02, 5.687276e-02, 5.845266e-02, 5.846140e-02, 8.553556e-02, 9.583089e-02, 9.583272e-02, 9.917547e-02, 1.032825e-01, 1.493695e-01, 1.511845e-01, 1.554175e-01, 1.603899e-01, 1.640106e-01, 1.863098e-01, 1.922853e-01
INFO:bingo.evolutionary_optimizers.parallel_archipelago:Evolution time 0:01:33.242338	 age 700	 fitness 5.269e-02
Level 25:bingo.evolutionary_optimizers.evolutionary_optimizer:Generation: 500 	 Elapsed time: 0:39:09.042142 	 Best training fitness: 5.268734e-02 	 
Level 25:bingo.evolutionary_optimizers.evolutionary_optimizer:500, 2.349042e+03, 5668045, 5.268734e-02, 5.268724e-02, 5.270685e-02, 5.687276e-02, 5.845266e-02, 5.846140e-02, 8.553556e-02, 9.527644e-02, 9.583272e-02, 9.917547e-02, 1.032825e-01, 1.493695e-01, 1.511845e-01, 1.554175e-01, 1.603899e-01, 1.640106e-01, 1.863098e-01, 1.922853e-01
INFO:bingo.evolutionary_optimizers.parallel_archipelago:Evolution time 0:01:07.923209	 age 720	 fitness 5.269e-02
Level 25:bingo.evolutionary_optimizers.evolutionary_optimizer:Generation: 510 	 Elapsed time: 0:40:17.256566 	 Best training fitness: 5.268794e-02 	 
Level 25:bingo.evolutionary_optimizers.evolutionary_optimizer:510, 2.417257e+03, 5825028, 5.268794e-02, 5.268724e-02, 5.270685e-02, 5.687276e-02, 5.845266e-02, 5.846140e-02, 8.553556e-02, 9.527644e-02, 9.583272e-02, 9.917547e-02, 1.032825e-01, 1.108739e-01, 1.603899e-01, 1.640106e-01, 1.863071e-01, 1.922853e-01
INFO:bingo.evolutionary_optimizers.parallel_archipelago:Evolution time 0:00:34.342913	 age 730	 fitness 5.269e-02
Level 25:bingo.evolutionary_optimizers.evolutionary_optimizer:Generation: 520 	 Elapsed time: 0:40:51.883384 	 Best training fitness: 5.268648e-02 	 
Level 25:bingo.evolutionary_optimizers.evolutionary_optimizer:520, 2.451883e+03, 5924219, 5.268648e-02, 5.268648e-02, 5.270685e-02, 5.687276e-02, 5.845266e-02, 5.846140e-02, 8.553556e-02, 9.527644e-02, 9.583272e-02, 9.917547e-02, 1.032825e-01, 1.108739e-01, 1.603899e-01, 1.640106e-01, 1.863071e-01, 1.922853e-01
INFO:bingo.evolutionary_optimizers.parallel_archipelago:Evolution time 0:00:33.409722	 age 740	 fitness 5.269e-02
Level 25:bingo.evolutionary_optimizers.evolutionary_optimizer:Generation: 530 	 Elapsed time: 0:41:25.581112 	 Best training fitness: 5.268740e-02 	 
Level 25:bingo.evolutionary_optimizers.evolutionary_optimizer:530, 2.485581e+03, 6020311, 5.268740e-02, 5.268648e-02, 5.270685e-02, 5.687276e-02, 5.845266e-02, 5.846140e-02, 8.553556e-02, 9.527644e-02, 9.583272e-02, 9.917547e-02, 1.032825e-01, 1.108739e-01, 1.603899e-01, 1.640106e-01, 1.863071e-01, 1.922853e-01
INFO:bingo.evolutionary_optimizers.parallel_archipelago:Evolution time 0:00:41.308395	 age 760	 fitness 5.269e-02
Level 25:bingo.evolutionary_optimizers.evolutionary_optimizer:Generation: 540 	 Elapsed time: 0:42:07.176869 	 Best training fitness: 5.268752e-02 	 
Level 25:bingo.evolutionary_optimizers.evolutionary_optimizer:540, 2.527177e+03, 6151687, 5.268752e-02, 5.268648e-02, 5.269756e-02, 5.687276e-02, 5.845266e-02, 5.846140e-02, 8.553556e-02, 9.527644e-02, 9.583272e-02, 9.917547e-02, 1.032825e-01, 1.108739e-01, 1.603899e-01, 1.640106e-01, 1.863071e-01, 1.922853e-01
INFO:bingo.evolutionary_optimizers.parallel_archipelago:Evolution time 0:00:42.535989	 age 770	 fitness 5.269e-02
Level 25:bingo.evolutionary_optimizers.evolutionary_optimizer:Generation: 550 	 Elapsed time: 0:42:50.001750 	 Best training fitness: 5.268802e-02 	 
Level 25:bingo.evolutionary_optimizers.evolutionary_optimizer:550, 2.570002e+03, 6269292, 5.268802e-02, 5.268648e-02, 5.268819e-02, 5.687276e-02, 5.845266e-02, 5.846140e-02, 8.553556e-02, 9.527644e-02, 9.583272e-02, 9.917547e-02, 1.032825e-01, 1.108739e-01, 1.603899e-01, 1.640106e-01, 1.863071e-01, 1.922853e-01
INFO:bingo.evolutionary_optimizers.parallel_archipelago:Evolution time 0:00:36.390540	 age 780	 fitness 5.186e-02
Level 25:bingo.evolutionary_optimizers.evolutionary_optimizer:Generation: 560 	 Elapsed time: 0:43:26.713192 	 Best training fitness: 5.185833e-02 	 
Level 25:bingo.evolutionary_optimizers.evolutionary_optimizer:560, 2.606713e+03, 6367023, 5.185833e-02, 5.185833e-02, 5.268648e-02, 5.268819e-02, 5.687276e-02, 5.845266e-02, 5.846140e-02, 8.553556e-02, 9.527644e-02, 9.583272e-02, 9.917547e-02, 1.032825e-01, 1.108739e-01, 1.603899e-01, 1.640106e-01, 1.863071e-01, 1.922853e-01
INFO:bingo.evolutionary_optimizers.parallel_archipelago:Evolution time 0:00:37.878739	 age 790	 fitness 5.186e-02
Level 25:bingo.evolutionary_optimizers.evolutionary_optimizer:Generation: 570 	 Elapsed time: 0:44:04.883937 	 Best training fitness: 5.185833e-02 	 
Level 25:bingo.evolutionary_optimizers.evolutionary_optimizer:570, 2.644884e+03, 6461363, 5.185833e-02, 5.185833e-02, 5.268648e-02, 5.268773e-02, 5.687276e-02, 5.845266e-02, 5.846140e-02, 8.553556e-02, 9.527644e-02, 9.583272e-02, 9.628495e-02, 9.917547e-02, 1.032825e-01, 1.108739e-01, 1.603899e-01, 1.640106e-01, 1.863071e-01, 1.922853e-01
INFO:bingo.evolutionary_optimizers.parallel_archipelago:Evolution time 0:01:03.149202	 age 810	 fitness 5.185e-02
Level 25:bingo.evolutionary_optimizers.evolutionary_optimizer:Generation: 580 	 Elapsed time: 0:45:08.326918 	 Best training fitness: 5.184696e-02 	 
Level 25:bingo.evolutionary_optimizers.evolutionary_optimizer:580, 2.708327e+03, 6599962, 5.184696e-02, 5.184696e-02, 5.268648e-02, 5.268773e-02, 5.687276e-02, 5.845266e-02, 5.846140e-02, 8.553556e-02, 9.527644e-02, 9.583272e-02, 9.628495e-02, 9.917547e-02, 1.032825e-01, 1.108739e-01, 1.603899e-01, 1.640106e-01, 1.863071e-01, 1.922853e-01
INFO:bingo.evolutionary_optimizers.parallel_archipelago:Evolution time 0:00:57.375510	 age 820	 fitness 5.185e-02
Level 25:bingo.evolutionary_optimizers.evolutionary_optimizer:Generation: 590 	 Elapsed time: 0:46:05.995854 	 Best training fitness: 5.184696e-02 	 
Level 25:bingo.evolutionary_optimizers.evolutionary_optimizer:590, 2.765996e+03, 6710636, 5.184696e-02, 5.184696e-02, 5.268648e-02, 5.268773e-02, 5.687276e-02, 5.845266e-02, 5.846140e-02, 8.553556e-02, 9.527644e-02, 9.583272e-02, 9.628495e-02, 9.917547e-02, 1.032825e-01, 1.107746e-01, 1.603899e-01, 1.640106e-01, 1.863071e-01, 1.922716e-01, 1.922853e-01
INFO:bingo.evolutionary_optimizers.parallel_archipelago:Evolution time 0:00:42.281641	 age 830	 fitness 5.185e-02
Level 25:bingo.evolutionary_optimizers.evolutionary_optimizer:Generation: 600 	 Elapsed time: 0:46:48.569287 	 Best training fitness: 5.184620e-02 	 
Level 25:bingo.evolutionary_optimizers.evolutionary_optimizer:600, 2.808569e+03, 6833147, 5.184620e-02, 5.184620e-02, 5.268648e-02, 5.268773e-02, 5.687276e-02, 5.845266e-02, 5.846140e-02, 8.553556e-02, 9.527644e-02, 9.583272e-02, 9.628495e-02, 9.917547e-02, 1.032825e-01, 1.107746e-01, 1.603899e-01, 1.640106e-01, 1.863071e-01, 1.922716e-01, 1.922853e-01
INFO:bingo.evolutionary_optimizers.parallel_archipelago:Evolution time 0:00:42.231282	 age 850	 fitness 5.185e-02
Level 25:bingo.evolutionary_optimizers.evolutionary_optimizer:Generation: 610 	 Elapsed time: 0:47:31.086957 	 Best training fitness: 5.184696e-02 	 
Level 25:bingo.evolutionary_optimizers.evolutionary_optimizer:610, 2.851087e+03, 6952508, 5.184696e-02, 5.184620e-02, 5.268648e-02, 5.268773e-02, 5.687276e-02, 5.845266e-02, 5.846140e-02, 8.553556e-02, 9.527644e-02, 9.583272e-02, 9.628495e-02, 9.917547e-02, 1.032825e-01, 1.107746e-01, 1.603899e-01, 1.640106e-01, 1.863071e-01, 1.922716e-01, 1.922853e-01
INFO:bingo.evolutionary_optimizers.parallel_archipelago:Evolution time 0:01:25.652461	 age 860	 fitness 5.185e-02
Level 25:bingo.evolutionary_optimizers.evolutionary_optimizer:Generation: 620 	 Elapsed time: 0:48:57.025772 	 Best training fitness: 5.184734e-02 	 
Level 25:bingo.evolutionary_optimizers.evolutionary_optimizer:620, 2.937026e+03, 7090095, 5.184734e-02, 5.184620e-02, 5.268648e-02, 5.268773e-02, 5.687276e-02, 5.845266e-02, 5.846140e-02, 8.553556e-02, 9.527644e-02, 9.583272e-02, 9.628495e-02, 9.917547e-02, 1.032825e-01, 1.107746e-01, 1.603899e-01, 1.640106e-01, 1.863071e-01, 1.922716e-01, 1.922853e-01
INFO:bingo.evolutionary_optimizers.parallel_archipelago:Evolution time 0:01:19.354867	 age 880	 fitness 4.974e-02
Level 25:bingo.evolutionary_optimizers.evolutionary_optimizer:Generation: 630 	 Elapsed time: 0:50:16.702751 	 Best training fitness: 4.974494e-02 	 
Level 25:bingo.evolutionary_optimizers.evolutionary_optimizer:630, 3.016703e+03, 7266036, 4.974494e-02, 4.974494e-02, 5.268648e-02, 5.268773e-02, 5.687276e-02, 5.845266e-02, 5.846140e-02, 8.553556e-02, 9.485745e-02, 9.527644e-02, 9.583272e-02, 9.594344e-02, 9.619559e-02, 1.032825e-01, 1.107746e-01, 1.603899e-01, 1.640106e-01, 1.863071e-01, 1.922716e-01, 1.922853e-01
INFO:bingo.evolutionary_optimizers.parallel_archipelago:Evolution time 0:00:56.544249	 age 910	 fitness 4.567e-02
Level 25:bingo.evolutionary_optimizers.evolutionary_optimizer:Generation: 640 	 Elapsed time: 0:51:13.525837 	 Best training fitness: 4.567179e-02 	 
Level 25:bingo.evolutionary_optimizers.evolutionary_optimizer:640, 3.073526e+03, 7396379, 4.567179e-02, 4.567179e-02, 1.863071e-01, 1.922716e-01, 1.922853e-01
INFO:bingo.evolutionary_optimizers.parallel_archipelago:Evolution time 0:01:22.132165	 age 920	 fitness 2.134e-02
Level 25:bingo.evolutionary_optimizers.evolutionary_optimizer:Generation: 650 	 Elapsed time: 0:52:35.908145 	 Best training fitness: 2.134416e-02 	 
Level 25:bingo.evolutionary_optimizers.evolutionary_optimizer:650, 3.155908e+03, 7534782, 2.134416e-02, 2.134416e-02, 1.863071e-01, 1.922716e-01, 1.922853e-01
INFO:bingo.evolutionary_optimizers.parallel_archipelago:Evolution time 0:00:36.620649	 age 930	 fitness 2.261e-18
Level 25:bingo.evolutionary_optimizers.evolutionary_optimizer:Generation: 660 	 Elapsed time: 0:53:12.786752 	 Best training fitness: 2.260785e-18 	 
Level 25:bingo.evolutionary_optimizers.evolutionary_optimizer:660, 3.192787e+03, 7628912, 2.260785e-18, 2.260785e-18, 2.134416e-02, 1.863071e-01, 1.922682e-01, 1.922853e-01
Level 25:bingo.evolutionary_optimizers.evolutionary_optimizer:Evolution successfully converged.
Level 25:bingo.evolutionary_optimizers.evolutionary_optimizer:  Absolte convergence occurred with best fitness < 1e-10
Level 25:bingo.evolutionary_optimizers.evolutionary_optimizer:Hall of Fame:
2.260785349013725e-18	12	sin(log((X_1)(X_1) + (X_0)(X_0)) + (-0.002343)((-0.000000)(-0.000000)))
0.02134415654934047	9	sin(log((X_1)(X_1) + (X_0)(X_0)) + -0.037976)
0.18630707941037056	7	sin((log((X_1)(X_0)))(-0.339771))
0.1922682322904532	3	sin(log(-0.000559))
0.1922852847165384	1	-0.934044
