Level 25:bingo.evolutionary_optimizers.evolutionary_optimizer:#generational_age, elapsed_time, fitness_evaluation_count, current_training_fitness, hall_of_fame_fitnesses
Level 25:bingo.evolutionary_optimizers.evolutionary_optimizer:#generational_age, elapsed_time, fitness_evaluation_count, current_training_fitness, hall_of_fame_fitnesses
Level 25:bingo.evolutionary_optimizers.evolutionary_optimizer:Generation: 0 	 Elapsed time: 0:00:05.592593 	 Best training fitness: 1.206509e-01 	 
Level 25:bingo.evolutionary_optimizers.evolutionary_optimizer:0, 5.592593e+00, 14312, 1.206509e-01
INFO:bingo.evolutionary_optimizers.parallel_archipelago:Evolution time 0:00:32.071210	 age 20	 fitness 1.203e-01
Level 25:bingo.evolutionary_optimizers.evolutionary_optimizer:Generation: 10 	 Elapsed time: 0:00:37.941113 	 Best training fitness: 1.202534e-01 	 
Level 25:bingo.evolutionary_optimizers.evolutionary_optimizer:10, 3.794111e+01, 124298, 1.202534e-01, 1.202534e-01
INFO:bingo.evolutionary_optimizers.parallel_archipelago:Evolution time 0:00:20.212411	 age 30	 fitness 1.203e-01
Level 25:bingo.evolutionary_optimizers.evolutionary_optimizer:Generation: 20 	 Elapsed time: 0:00:58.330950 	 Best training fitness: 1.202811e-01 	 
Level 25:bingo.evolutionary_optimizers.evolutionary_optimizer:20, 5.833095e+01, 198870, 1.202811e-01, 1.202534e-01
INFO:bingo.evolutionary_optimizers.parallel_archipelago:Evolution time 0:00:26.680888	 age 40	 fitness 1.203e-01
Level 25:bingo.evolutionary_optimizers.evolutionary_optimizer:Generation: 30 	 Elapsed time: 0:01:25.225054 	 Best training fitness: 1.203394e-01 	 
Level 25:bingo.evolutionary_optimizers.evolutionary_optimizer:30, 8.522505e+01, 266880, 1.203394e-01, 1.202534e-01
INFO:bingo.evolutionary_optimizers.parallel_archipelago:Evolution time 0:00:26.422859	 age 50	 fitness 1.203e-01
Level 25:bingo.evolutionary_optimizers.evolutionary_optimizer:Generation: 40 	 Elapsed time: 0:01:51.832074 	 Best training fitness: 1.203065e-01 	 
Level 25:bingo.evolutionary_optimizers.evolutionary_optimizer:40, 1.118321e+02, 339901, 1.203065e-01, 1.202534e-01
INFO:bingo.evolutionary_optimizers.parallel_archipelago:Evolution time 0:00:23.622595	 age 70	 fitness 1.201e-01
Level 25:bingo.evolutionary_optimizers.evolutionary_optimizer:Generation: 50 	 Elapsed time: 0:02:15.645881 	 Best training fitness: 1.201421e-01 	 
Level 25:bingo.evolutionary_optimizers.evolutionary_optimizer:50, 1.356459e+02, 423767, 1.201421e-01, 1.201421e-01, 1.202534e-01
INFO:bingo.evolutionary_optimizers.parallel_archipelago:Evolution time 0:00:13.942876	 age 80	 fitness 1.201e-01
Level 25:bingo.evolutionary_optimizers.evolutionary_optimizer:Generation: 60 	 Elapsed time: 0:02:29.789922 	 Best training fitness: 1.201421e-01 	 
Level 25:bingo.evolutionary_optimizers.evolutionary_optimizer:60, 1.497899e+02, 480261, 1.201421e-01, 1.201421e-01, 1.202534e-01
INFO:bingo.evolutionary_optimizers.parallel_archipelago:Evolution time 0:00:21.011495	 age 100	 fitness 1.202e-01
Level 25:bingo.evolutionary_optimizers.evolutionary_optimizer:Generation: 70 	 Elapsed time: 0:02:50.998147 	 Best training fitness: 1.202073e-01 	 
Level 25:bingo.evolutionary_optimizers.evolutionary_optimizer:70, 1.709981e+02, 570394, 1.202073e-01, 1.201421e-01, 1.202534e-01
INFO:bingo.evolutionary_optimizers.parallel_archipelago:Evolution time 0:00:24.871530	 age 120	 fitness 1.202e-01
Level 25:bingo.evolutionary_optimizers.evolutionary_optimizer:Generation: 80 	 Elapsed time: 0:03:16.070689 	 Best training fitness: 1.202074e-01 	 
Level 25:bingo.evolutionary_optimizers.evolutionary_optimizer:80, 1.960707e+02, 665027, 1.202074e-01, 1.201421e-01, 1.202534e-01
INFO:bingo.evolutionary_optimizers.parallel_archipelago:Evolution time 0:00:24.137030	 age 140	 fitness 1.200e-01
Level 25:bingo.evolutionary_optimizers.evolutionary_optimizer:Generation: 90 	 Elapsed time: 0:03:40.406364 	 Best training fitness: 1.200116e-01 	 
Level 25:bingo.evolutionary_optimizers.evolutionary_optimizer:90, 2.204064e+02, 744821, 1.200116e-01, 1.200116e-01, 1.202259e-01, 1.202534e-01
INFO:bingo.evolutionary_optimizers.parallel_archipelago:Evolution time 0:00:31.616007	 age 160	 fitness 1.201e-01
Level 25:bingo.evolutionary_optimizers.evolutionary_optimizer:Generation: 100 	 Elapsed time: 0:04:12.264902 	 Best training fitness: 1.200660e-01 	 
Level 25:bingo.evolutionary_optimizers.evolutionary_optimizer:100, 2.522649e+02, 840867, 1.200660e-01, 1.200116e-01, 1.200660e-01, 1.202259e-01, 1.202267e-01, 1.202534e-01
INFO:bingo.evolutionary_optimizers.parallel_archipelago:Evolution time 0:00:17.438151	 age 180	 fitness 1.201e-01
Level 25:bingo.evolutionary_optimizers.evolutionary_optimizer:Generation: 110 	 Elapsed time: 0:04:29.961444 	 Best training fitness: 1.200660e-01 	 
Level 25:bingo.evolutionary_optimizers.evolutionary_optimizer:110, 2.699614e+02, 924417, 1.200660e-01, 1.200116e-01, 1.200660e-01, 1.202259e-01, 1.202267e-01, 1.202534e-01
INFO:bingo.evolutionary_optimizers.parallel_archipelago:Evolution time 0:00:21.734407	 age 190	 fitness 1.200e-01
Level 25:bingo.evolutionary_optimizers.evolutionary_optimizer:Generation: 120 	 Elapsed time: 0:04:51.899611 	 Best training fitness: 1.199592e-01 	 
Level 25:bingo.evolutionary_optimizers.evolutionary_optimizer:120, 2.918996e+02, 1002025, 1.199592e-01, 1.199592e-01, 1.200632e-01, 1.202259e-01, 1.202267e-01, 1.202534e-01
INFO:bingo.evolutionary_optimizers.parallel_archipelago:Evolution time 0:00:25.864438	 age 210	 fitness 1.200e-01
Level 25:bingo.evolutionary_optimizers.evolutionary_optimizer:Generation: 130 	 Elapsed time: 0:05:17.969267 	 Best training fitness: 1.199534e-01 	 
Level 25:bingo.evolutionary_optimizers.evolutionary_optimizer:130, 3.179693e+02, 1099530, 1.199534e-01, 1.199534e-01, 1.200348e-01, 1.202259e-01, 1.202267e-01, 1.202534e-01
INFO:bingo.evolutionary_optimizers.parallel_archipelago:Evolution time 0:00:26.550207	 age 240	 fitness 1.200e-01
Level 25:bingo.evolutionary_optimizers.evolutionary_optimizer:Generation: 140 	 Elapsed time: 0:05:44.720787 	 Best training fitness: 1.199943e-01 	 
Level 25:bingo.evolutionary_optimizers.evolutionary_optimizer:140, 3.447208e+02, 1197117, 1.199943e-01, 1.199534e-01, 1.199943e-01, 1.202259e-01, 1.202267e-01, 1.202534e-01
INFO:bingo.evolutionary_optimizers.parallel_archipelago:Evolution time 0:00:09.940720	 age 250	 fitness 1.201e-01
Level 25:bingo.evolutionary_optimizers.evolutionary_optimizer:Generation: 150 	 Elapsed time: 0:05:54.855991 	 Best training fitness: 1.200659e-01 	 
Level 25:bingo.evolutionary_optimizers.evolutionary_optimizer:150, 3.548560e+02, 1247785, 1.200659e-01, 1.199534e-01, 1.199943e-01, 1.202259e-01, 1.202267e-01, 1.202534e-01
INFO:bingo.evolutionary_optimizers.parallel_archipelago:Evolution time 0:00:26.510932	 age 270	 fitness 1.200e-01
Level 25:bingo.evolutionary_optimizers.evolutionary_optimizer:Generation: 160 	 Elapsed time: 0:06:21.584311 	 Best training fitness: 1.199795e-01 	 
Level 25:bingo.evolutionary_optimizers.evolutionary_optimizer:160, 3.815843e+02, 1349726, 1.199795e-01, 1.199534e-01, 1.199943e-01, 1.202259e-01, 1.202267e-01, 1.202534e-01
INFO:bingo.evolutionary_optimizers.parallel_archipelago:Evolution time 0:00:31.718810	 age 290	 fitness 1.175e-01
Level 25:bingo.evolutionary_optimizers.evolutionary_optimizer:Generation: 170 	 Elapsed time: 0:06:53.686180 	 Best training fitness: 1.174835e-01 	 
Level 25:bingo.evolutionary_optimizers.evolutionary_optimizer:170, 4.136862e+02, 1448968, 1.174835e-01, 1.174835e-01, 1.180704e-01, 1.199534e-01, 1.199943e-01, 1.202259e-01, 1.202267e-01, 1.202534e-01
INFO:bingo.evolutionary_optimizers.parallel_archipelago:Evolution time 0:00:25.515802	 age 300	 fitness 7.110e-17
Level 25:bingo.evolutionary_optimizers.evolutionary_optimizer:Generation: 180 	 Elapsed time: 0:07:19.558631 	 Best training fitness: 7.109543e-17 	 
Level 25:bingo.evolutionary_optimizers.evolutionary_optimizer:180, 4.395586e+02, 1543589, 7.109543e-17, 7.109543e-17, 1.202267e-01, 1.202414e-01
Level 25:bingo.evolutionary_optimizers.evolutionary_optimizer:Evolution successfully converged.
Level 25:bingo.evolutionary_optimizers.evolutionary_optimizer:  Absolte convergence occurred with best fitness < 1e-10
Level 25:bingo.evolutionary_optimizers.evolutionary_optimizer:Hall of Fame:
7.109542512023842e-17	7	sin(log((X_0)(X_0) + (X_1)(X_1)))
0.12022668426023299	5	sin((3.995405)(3.995405) + ((3.995405)(3.995405))(3.995405))
0.1202413678723321	1	-0.932291
