Level 25:bingo.evolutionary_optimizers.evolutionary_optimizer:#generational_age, elapsed_time, fitness_evaluation_count, current_training_fitness, hall_of_fame_fitnesses
Level 25:bingo.evolutionary_optimizers.evolutionary_optimizer:#generational_age, elapsed_time, fitness_evaluation_count, current_training_fitness, hall_of_fame_fitnesses
Level 25:bingo.evolutionary_optimizers.evolutionary_optimizer:Generation: 0 	 Elapsed time: 0:00:02.394140 	 Best training fitness: 1.688370e-01 	 
Level 25:bingo.evolutionary_optimizers.evolutionary_optimizer:0, 2.394140e+00, 13607, 1.688370e-01
INFO:bingo.evolutionary_optimizers.parallel_archipelago:Evolution time 0:00:23.817493	 age 20	 fitness 1.683e-01
Level 25:bingo.evolutionary_optimizers.evolutionary_optimizer:Generation: 10 	 Elapsed time: 0:00:26.397017 	 Best training fitness: 1.682954e-01 	 
Level 25:bingo.evolutionary_optimizers.evolutionary_optimizer:10, 2.639702e+01, 122013, 1.682954e-01, 1.682954e-01, 1.683772e-01, 1.685061e-01
INFO:bingo.evolutionary_optimizers.parallel_archipelago:Evolution time 0:00:21.630472	 age 50	 fitness 1.683e-01
Level 25:bingo.evolutionary_optimizers.evolutionary_optimizer:Generation: 20 	 Elapsed time: 0:00:48.224239 	 Best training fitness: 1.683312e-01 	 
Level 25:bingo.evolutionary_optimizers.evolutionary_optimizer:20, 4.822424e+01, 193982, 1.683312e-01, 1.682954e-01, 1.683772e-01, 1.683957e-01, 1.684933e-01, 1.684955e-01
INFO:bingo.evolutionary_optimizers.parallel_archipelago:Evolution time 0:00:10.327326	 age 60	 fitness 1.683e-01
Level 25:bingo.evolutionary_optimizers.evolutionary_optimizer:Generation: 30 	 Elapsed time: 0:00:58.777979 	 Best training fitness: 1.682911e-01 	 
Level 25:bingo.evolutionary_optimizers.evolutionary_optimizer:30, 5.877798e+01, 250401, 1.682911e-01, 1.682911e-01, 1.683772e-01, 1.683957e-01, 1.684835e-01, 1.684955e-01
INFO:bingo.evolutionary_optimizers.parallel_archipelago:Evolution time 0:00:32.745393	 age 70	 fitness 1.683e-01
Level 25:bingo.evolutionary_optimizers.evolutionary_optimizer:Generation: 40 	 Elapsed time: 0:01:31.722406 	 Best training fitness: 1.682911e-01 	 
Level 25:bingo.evolutionary_optimizers.evolutionary_optimizer:40, 9.172241e+01, 342073, 1.682911e-01, 1.682911e-01, 1.683772e-01, 1.683957e-01, 1.684835e-01, 1.684955e-01
INFO:bingo.evolutionary_optimizers.parallel_archipelago:Evolution time 0:00:17.179544	 age 80	 fitness 1.683e-01
Level 25:bingo.evolutionary_optimizers.evolutionary_optimizer:Generation: 50 	 Elapsed time: 0:01:49.103163 	 Best training fitness: 1.682877e-01 	 
Level 25:bingo.evolutionary_optimizers.evolutionary_optimizer:50, 1.091032e+02, 403450, 1.682877e-01, 1.682877e-01, 1.683666e-01, 1.683772e-01, 1.683957e-01, 1.684835e-01, 1.684955e-01
INFO:bingo.evolutionary_optimizers.parallel_archipelago:Evolution time 0:00:17.531711	 age 100	 fitness 1.683e-01
Level 25:bingo.evolutionary_optimizers.evolutionary_optimizer:Generation: 60 	 Elapsed time: 0:02:06.836754 	 Best training fitness: 1.683064e-01 	 
Level 25:bingo.evolutionary_optimizers.evolutionary_optimizer:60, 1.268368e+02, 492260, 1.683064e-01, 1.682877e-01, 1.683666e-01, 1.683743e-01, 1.683957e-01, 1.684558e-01
INFO:bingo.evolutionary_optimizers.parallel_archipelago:Evolution time 0:00:16.500614	 age 120	 fitness 1.678e-01
Level 25:bingo.evolutionary_optimizers.evolutionary_optimizer:Generation: 70 	 Elapsed time: 0:02:23.538800 	 Best training fitness: 1.678132e-01 	 
Level 25:bingo.evolutionary_optimizers.evolutionary_optimizer:70, 1.435388e+02, 580944, 1.678132e-01, 1.678132e-01, 1.682685e-01, 1.682877e-01, 1.683525e-01
INFO:bingo.evolutionary_optimizers.parallel_archipelago:Evolution time 0:00:22.792640	 age 130	 fitness 1.675e-01
Level 25:bingo.evolutionary_optimizers.evolutionary_optimizer:Generation: 80 	 Elapsed time: 0:02:46.530678 	 Best training fitness: 1.675462e-01 	 
Level 25:bingo.evolutionary_optimizers.evolutionary_optimizer:80, 1.665307e+02, 653330, 1.675462e-01, 1.675462e-01, 1.682685e-01, 1.682783e-01
INFO:bingo.evolutionary_optimizers.parallel_archipelago:Evolution time 0:00:17.415716	 age 150	 fitness 1.666e-01
Level 25:bingo.evolutionary_optimizers.evolutionary_optimizer:Generation: 90 	 Elapsed time: 0:03:04.143607 	 Best training fitness: 1.666042e-01 	 
Level 25:bingo.evolutionary_optimizers.evolutionary_optimizer:90, 1.841436e+02, 743191, 1.666042e-01, 1.666042e-01, 1.673409e-01, 1.682685e-01, 1.682783e-01
INFO:bingo.evolutionary_optimizers.parallel_archipelago:Evolution time 0:00:21.836485	 age 180	 fitness 1.666e-01
Level 25:bingo.evolutionary_optimizers.evolutionary_optimizer:Generation: 100 	 Elapsed time: 0:03:26.209586 	 Best training fitness: 1.665689e-01 	 
Level 25:bingo.evolutionary_optimizers.evolutionary_optimizer:100, 2.062096e+02, 821125, 1.665689e-01, 1.665689e-01, 1.673172e-01, 1.682483e-01, 1.682715e-01, 1.682783e-01
INFO:bingo.evolutionary_optimizers.parallel_archipelago:Evolution time 0:00:31.935087	 age 190	 fitness 1.577e-01
Level 25:bingo.evolutionary_optimizers.evolutionary_optimizer:Generation: 110 	 Elapsed time: 0:03:58.378789 	 Best training fitness: 1.577012e-01 	 
Level 25:bingo.evolutionary_optimizers.evolutionary_optimizer:110, 2.383788e+02, 910747, 1.577012e-01, 1.577012e-01, 1.665588e-01, 1.672293e-01, 1.681671e-01, 1.682715e-01, 1.682783e-01
INFO:bingo.evolutionary_optimizers.parallel_archipelago:Evolution time 0:00:26.225572	 age 220	 fitness 1.576e-01
Level 25:bingo.evolutionary_optimizers.evolutionary_optimizer:Generation: 120 	 Elapsed time: 0:04:24.808569 	 Best training fitness: 1.575731e-01 	 
Level 25:bingo.evolutionary_optimizers.evolutionary_optimizer:120, 2.648086e+02, 1002918, 1.575731e-01, 1.575731e-01, 1.665588e-01, 1.672293e-01, 1.681671e-01, 1.682715e-01, 1.682783e-01
INFO:bingo.evolutionary_optimizers.parallel_archipelago:Evolution time 0:00:23.650049	 age 250	 fitness 1.575e-01
Level 25:bingo.evolutionary_optimizers.evolutionary_optimizer:Generation: 130 	 Elapsed time: 0:04:48.687935 	 Best training fitness: 1.575447e-01 	 
Level 25:bingo.evolutionary_optimizers.evolutionary_optimizer:130, 2.886879e+02, 1071333, 1.575447e-01, 1.575447e-01, 1.664849e-01, 1.666262e-01, 1.679672e-01, 1.682715e-01, 1.682783e-01
INFO:bingo.evolutionary_optimizers.parallel_archipelago:Evolution time 0:00:17.122418	 age 270	 fitness 1.013e-01
Level 25:bingo.evolutionary_optimizers.evolutionary_optimizer:Generation: 140 	 Elapsed time: 0:05:06.014295 	 Best training fitness: 1.013296e-01 	 
Level 25:bingo.evolutionary_optimizers.evolutionary_optimizer:140, 3.060143e+02, 1129343, 1.013296e-01, 1.013296e-01, 1.562465e-01, 1.665810e-01, 1.679672e-01, 1.682715e-01, 1.682783e-01
INFO:bingo.evolutionary_optimizers.parallel_archipelago:Evolution time 0:00:18.682226	 age 280	 fitness 1.010e-01
Level 25:bingo.evolutionary_optimizers.evolutionary_optimizer:Generation: 150 	 Elapsed time: 0:05:24.900787 	 Best training fitness: 1.009514e-01 	 
Level 25:bingo.evolutionary_optimizers.evolutionary_optimizer:150, 3.249008e+02, 1191530, 1.009514e-01, 1.009514e-01, 1.012522e-01, 1.259288e-01, 1.364011e-01, 1.562465e-01, 1.624005e-01, 1.679672e-01, 1.682715e-01, 1.682783e-01
INFO:bingo.evolutionary_optimizers.parallel_archipelago:Evolution time 0:00:24.163659	 age 290	 fitness 9.592e-02
Level 25:bingo.evolutionary_optimizers.evolutionary_optimizer:Generation: 160 	 Elapsed time: 0:05:49.298124 	 Best training fitness: 9.592331e-02 	 
Level 25:bingo.evolutionary_optimizers.evolutionary_optimizer:160, 3.492981e+02, 1274703, 9.592331e-02, 9.592331e-02, 1.012522e-01, 1.259288e-01, 1.364011e-01, 1.562465e-01, 1.624005e-01, 1.679672e-01, 1.682715e-01, 1.682783e-01
INFO:bingo.evolutionary_optimizers.parallel_archipelago:Evolution time 0:00:16.669878	 age 300	 fitness 9.592e-02
Level 25:bingo.evolutionary_optimizers.evolutionary_optimizer:Generation: 170 	 Elapsed time: 0:06:06.314045 	 Best training fitness: 9.591628e-02 	 
Level 25:bingo.evolutionary_optimizers.evolutionary_optimizer:170, 3.663140e+02, 1328749, 9.591628e-02, 9.591628e-02, 9.598092e-02, 1.012522e-01, 1.012647e-01, 1.013102e-01, 1.489809e-01, 1.561623e-01, 1.624005e-01, 1.679672e-01, 1.682715e-01, 1.682783e-01
INFO:bingo.evolutionary_optimizers.parallel_archipelago:Evolution time 0:00:32.098890	 age 310	 fitness 9.592e-02
Level 25:bingo.evolutionary_optimizers.evolutionary_optimizer:Generation: 180 	 Elapsed time: 0:06:38.650497 	 Best training fitness: 9.591628e-02 	 
Level 25:bingo.evolutionary_optimizers.evolutionary_optimizer:180, 3.986505e+02, 1400680, 9.591628e-02, 9.591628e-02, 9.598092e-02, 1.012325e-01, 1.012647e-01, 1.013102e-01, 1.489809e-01, 1.561623e-01, 1.624005e-01, 1.679672e-01, 1.682715e-01, 1.682783e-01
INFO:bingo.evolutionary_optimizers.parallel_archipelago:Evolution time 0:00:31.626739	 age 330	 fitness 8.346e-02
Level 25:bingo.evolutionary_optimizers.evolutionary_optimizer:Generation: 190 	 Elapsed time: 0:07:10.583360 	 Best training fitness: 8.345547e-02 	 
Level 25:bingo.evolutionary_optimizers.evolutionary_optimizer:190, 4.305834e+02, 1504691, 8.345547e-02, 8.345547e-02, 9.598092e-02, 1.012218e-01, 1.012358e-01, 1.013102e-01, 1.489809e-01, 1.561623e-01, 1.624005e-01, 1.679672e-01, 1.682715e-01, 1.682783e-01
INFO:bingo.evolutionary_optimizers.parallel_archipelago:Evolution time 0:00:34.091086	 age 360	 fitness 8.339e-02
Level 25:bingo.evolutionary_optimizers.evolutionary_optimizer:Generation: 200 	 Elapsed time: 0:07:44.996286 	 Best training fitness: 8.338689e-02 	 
Level 25:bingo.evolutionary_optimizers.evolutionary_optimizer:200, 4.649963e+02, 1620646, 8.338689e-02, 8.338689e-02, 9.592696e-02, 1.012218e-01, 1.012358e-01, 1.013102e-01, 1.489152e-01, 1.561623e-01, 1.624005e-01, 1.679672e-01, 1.682715e-01, 1.682783e-01
INFO:bingo.evolutionary_optimizers.parallel_archipelago:Evolution time 0:00:28.385231	 age 380	 fitness 7.449e-02
Level 25:bingo.evolutionary_optimizers.evolutionary_optimizer:Generation: 210 	 Elapsed time: 0:08:13.707370 	 Best training fitness: 7.448513e-02 	 
Level 25:bingo.evolutionary_optimizers.evolutionary_optimizer:210, 4.937074e+02, 1710303, 7.448513e-02, 7.448513e-02, 8.094859e-02, 9.591491e-02, 1.012218e-01, 1.012358e-01, 1.013102e-01, 1.489152e-01, 1.561623e-01, 1.624005e-01, 1.679672e-01, 1.682715e-01, 1.682783e-01
INFO:bingo.evolutionary_optimizers.parallel_archipelago:Evolution time 0:00:31.264389	 age 400	 fitness 7.449e-02
Level 25:bingo.evolutionary_optimizers.evolutionary_optimizer:Generation: 220 	 Elapsed time: 0:08:45.311384 	 Best training fitness: 7.449057e-02 	 
Level 25:bingo.evolutionary_optimizers.evolutionary_optimizer:220, 5.253114e+02, 1810818, 7.449057e-02, 7.448513e-02, 7.565524e-02, 9.590761e-02, 1.002695e-01, 1.012358e-01, 1.013102e-01, 1.489152e-01, 1.561623e-01, 1.624005e-01, 1.677345e-01, 1.682479e-01, 1.682715e-01, 1.682783e-01
INFO:bingo.evolutionary_optimizers.parallel_archipelago:Evolution time 0:00:41.199136	 age 420	 fitness 6.333e-02
Level 25:bingo.evolutionary_optimizers.evolutionary_optimizer:Generation: 230 	 Elapsed time: 0:09:26.862373 	 Best training fitness: 6.332555e-02 	 
Level 25:bingo.evolutionary_optimizers.evolutionary_optimizer:230, 5.668624e+02, 1932161, 6.332555e-02, 6.332555e-02, 7.562031e-02, 9.590761e-02, 1.002695e-01, 1.012358e-01, 1.013102e-01, 1.489152e-01, 1.561623e-01, 1.624005e-01, 1.674615e-01, 1.682479e-01, 1.682715e-01, 1.682783e-01
INFO:bingo.evolutionary_optimizers.parallel_archipelago:Evolution time 0:00:28.751287	 age 440	 fitness 6.330e-02
Level 25:bingo.evolutionary_optimizers.evolutionary_optimizer:Generation: 240 	 Elapsed time: 0:09:55.960429 	 Best training fitness: 6.330311e-02 	 
Level 25:bingo.evolutionary_optimizers.evolutionary_optimizer:240, 5.959604e+02, 2033205, 6.330311e-02, 6.330311e-02, 7.560056e-02, 7.743452e-02, 1.002695e-01, 1.012358e-01, 1.013102e-01, 1.489152e-01, 1.561623e-01, 1.624005e-01, 1.673295e-01, 1.682479e-01, 1.682715e-01, 1.682783e-01
INFO:bingo.evolutionary_optimizers.parallel_archipelago:Evolution time 0:00:28.048583	 age 460	 fitness 5.156e-02
Level 25:bingo.evolutionary_optimizers.evolutionary_optimizer:Generation: 250 	 Elapsed time: 0:10:24.385620 	 Best training fitness: 5.155659e-02 	 
Level 25:bingo.evolutionary_optimizers.evolutionary_optimizer:250, 6.243856e+02, 2136469, 5.155659e-02, 5.155659e-02, 7.558209e-02, 7.743452e-02, 1.002695e-01, 1.012358e-01, 1.013102e-01, 1.489152e-01, 1.561623e-01, 1.624005e-01, 1.673295e-01, 1.682479e-01, 1.682715e-01, 1.682783e-01
INFO:bingo.evolutionary_optimizers.parallel_archipelago:Evolution time 0:00:26.169805	 age 480	 fitness 5.154e-02
Level 25:bingo.evolutionary_optimizers.evolutionary_optimizer:Generation: 260 	 Elapsed time: 0:10:50.889610 	 Best training fitness: 5.153732e-02 	 
Level 25:bingo.evolutionary_optimizers.evolutionary_optimizer:260, 6.508896e+02, 2238513, 5.153732e-02, 5.153732e-02, 7.558209e-02, 7.743452e-02, 1.002695e-01, 1.012358e-01, 1.013102e-01, 1.489152e-01, 1.561623e-01, 1.624005e-01, 1.673014e-01, 1.682479e-01, 1.682715e-01, 1.682783e-01
INFO:bingo.evolutionary_optimizers.parallel_archipelago:Evolution time 0:00:36.249848	 age 500	 fitness 5.153e-02
Level 25:bingo.evolutionary_optimizers.evolutionary_optimizer:Generation: 270 	 Elapsed time: 0:11:27.474990 	 Best training fitness: 5.152731e-02 	 
Level 25:bingo.evolutionary_optimizers.evolutionary_optimizer:270, 6.874750e+02, 2359168, 5.152731e-02, 5.152731e-02, 7.558209e-02, 7.743452e-02, 1.002695e-01, 1.012358e-01, 1.013102e-01, 1.489152e-01, 1.561623e-01, 1.624005e-01, 1.673014e-01, 1.682479e-01, 1.682715e-01, 1.682783e-01
INFO:bingo.evolutionary_optimizers.parallel_archipelago:Evolution time 0:00:46.882306	 age 520	 fitness 5.152e-02
Level 25:bingo.evolutionary_optimizers.evolutionary_optimizer:Generation: 280 	 Elapsed time: 0:12:14.697087 	 Best training fitness: 5.152408e-02 	 
Level 25:bingo.evolutionary_optimizers.evolutionary_optimizer:280, 7.346971e+02, 2496523, 5.152408e-02, 5.152408e-02, 7.558209e-02, 7.743452e-02, 1.002695e-01, 1.012358e-01, 1.013102e-01, 1.489152e-01, 1.561623e-01, 1.624005e-01, 1.672926e-01, 1.682479e-01, 1.682715e-01, 1.682783e-01
INFO:bingo.evolutionary_optimizers.parallel_archipelago:Evolution time 0:00:39.942189	 age 540	 fitness 5.152e-02
Level 25:bingo.evolutionary_optimizers.evolutionary_optimizer:Generation: 290 	 Elapsed time: 0:12:54.988684 	 Best training fitness: 5.152110e-02 	 
Level 25:bingo.evolutionary_optimizers.evolutionary_optimizer:290, 7.749887e+02, 2611188, 5.152110e-02, 5.152110e-02, 7.391620e-02, 7.558209e-02, 7.743452e-02, 1.002695e-01, 1.012358e-01, 1.013102e-01, 1.489152e-01, 1.561623e-01, 1.624005e-01, 1.672926e-01, 1.682479e-01, 1.682715e-01, 1.682783e-01
INFO:bingo.evolutionary_optimizers.parallel_archipelago:Evolution time 0:00:39.858655	 age 570	 fitness 5.152e-02
Level 25:bingo.evolutionary_optimizers.evolutionary_optimizer:Generation: 300 	 Elapsed time: 0:13:35.191058 	 Best training fitness: 5.152233e-02 	 
Level 25:bingo.evolutionary_optimizers.evolutionary_optimizer:300, 8.151911e+02, 2727475, 5.152233e-02, 5.152110e-02, 7.386702e-02, 7.558209e-02, 7.743452e-02, 1.002695e-01, 1.012358e-01, 1.013102e-01, 1.489152e-01, 1.561623e-01, 1.624005e-01, 1.672926e-01, 1.682479e-01, 1.682715e-01, 1.682783e-01
INFO:bingo.evolutionary_optimizers.parallel_archipelago:Evolution time 0:00:56.530771	 age 590	 fitness 5.152e-02
Level 25:bingo.evolutionary_optimizers.evolutionary_optimizer:Generation: 310 	 Elapsed time: 0:14:32.064603 	 Best training fitness: 5.151989e-02 	 
Level 25:bingo.evolutionary_optimizers.evolutionary_optimizer:310, 8.720646e+02, 2860854, 5.151989e-02, 5.151989e-02, 7.386702e-02, 7.558209e-02, 7.743452e-02, 1.002695e-01, 1.012358e-01, 1.013102e-01, 1.489152e-01, 1.561623e-01, 1.624005e-01, 1.672926e-01, 1.682479e-01, 1.682715e-01, 1.682783e-01
INFO:bingo.evolutionary_optimizers.parallel_archipelago:Evolution time 0:01:00.458301	 age 610	 fitness 5.152e-02
Level 25:bingo.evolutionary_optimizers.evolutionary_optimizer:Generation: 320 	 Elapsed time: 0:15:32.915415 	 Best training fitness: 5.151844e-02 	 
Level 25:bingo.evolutionary_optimizers.evolutionary_optimizer:320, 9.329154e+02, 3023572, 5.151844e-02, 5.151844e-02, 7.386702e-02, 7.558209e-02, 7.743452e-02, 1.002695e-01, 1.012358e-01, 1.013102e-01, 1.489152e-01, 1.561623e-01, 1.624005e-01, 1.672926e-01, 1.682479e-01, 1.682715e-01, 1.682783e-01
INFO:bingo.evolutionary_optimizers.parallel_archipelago:Evolution time 0:00:33.308153	 age 630	 fitness 5.147e-02
Level 25:bingo.evolutionary_optimizers.evolutionary_optimizer:Generation: 330 	 Elapsed time: 0:16:06.569869 	 Best training fitness: 5.147165e-02 	 
Level 25:bingo.evolutionary_optimizers.evolutionary_optimizer:330, 9.665699e+02, 3148317, 5.147165e-02, 5.147165e-02, 5.151844e-02, 7.386702e-02, 7.558209e-02, 7.743452e-02, 1.002695e-01, 1.012358e-01, 1.013102e-01, 1.489152e-01, 1.561623e-01, 1.624005e-01, 1.672926e-01, 1.682479e-01, 1.682715e-01, 1.682783e-01
INFO:bingo.evolutionary_optimizers.parallel_archipelago:Evolution time 0:00:38.258751	 age 650	 fitness 5.129e-02
Level 25:bingo.evolutionary_optimizers.evolutionary_optimizer:Generation: 340 	 Elapsed time: 0:16:45.173770 	 Best training fitness: 5.128553e-02 	 
Level 25:bingo.evolutionary_optimizers.evolutionary_optimizer:340, 1.005174e+03, 3274078, 5.128553e-02, 5.128553e-02, 7.386702e-02, 7.558209e-02, 7.743452e-02, 1.002695e-01, 1.012358e-01, 1.013102e-01, 1.489152e-01, 1.561623e-01, 1.624005e-01, 1.672926e-01, 1.682479e-01, 1.682715e-01, 1.682783e-01
INFO:bingo.evolutionary_optimizers.parallel_archipelago:Evolution time 0:00:43.537433	 age 680	 fitness 5.128e-02
Level 25:bingo.evolutionary_optimizers.evolutionary_optimizer:Generation: 350 	 Elapsed time: 0:17:29.058818 	 Best training fitness: 5.127850e-02 	 
Level 25:bingo.evolutionary_optimizers.evolutionary_optimizer:350, 1.049059e+03, 3399459, 5.127850e-02, 5.127850e-02, 7.386702e-02, 7.558209e-02, 7.743452e-02, 1.002695e-01, 1.012358e-01, 1.013102e-01, 1.489152e-01, 1.561623e-01, 1.624005e-01, 1.672098e-01, 1.672926e-01, 1.682479e-01, 1.682715e-01, 1.682783e-01
INFO:bingo.evolutionary_optimizers.parallel_archipelago:Evolution time 0:01:06.668620	 age 700	 fitness 5.128e-02
Level 25:bingo.evolutionary_optimizers.evolutionary_optimizer:Generation: 360 	 Elapsed time: 0:18:36.075198 	 Best training fitness: 5.128421e-02 	 
Level 25:bingo.evolutionary_optimizers.evolutionary_optimizer:360, 1.116075e+03, 3584796, 5.128421e-02, 5.127850e-02, 7.386702e-02, 7.558209e-02, 7.743452e-02, 8.793790e-02, 1.012358e-01, 1.013102e-01, 1.489152e-01, 1.561623e-01, 1.624005e-01, 1.671781e-01, 1.672926e-01, 1.682479e-01, 1.682715e-01, 1.682783e-01
INFO:bingo.evolutionary_optimizers.parallel_archipelago:Evolution time 0:00:35.875437	 age 720	 fitness 5.127e-02
Level 25:bingo.evolutionary_optimizers.evolutionary_optimizer:Generation: 370 	 Elapsed time: 0:19:12.297892 	 Best training fitness: 5.127396e-02 	 
Level 25:bingo.evolutionary_optimizers.evolutionary_optimizer:370, 1.152298e+03, 3708436, 5.127396e-02, 5.127396e-02, 7.386702e-02, 7.558209e-02, 7.743452e-02, 8.793790e-02, 1.012358e-01, 1.013102e-01, 1.489152e-01, 1.561623e-01, 1.624005e-01, 1.671781e-01, 1.672926e-01, 1.682479e-01, 1.682715e-01, 1.682783e-01
INFO:bingo.evolutionary_optimizers.parallel_archipelago:Evolution time 0:00:50.115816	 age 740	 fitness 5.127e-02
Level 25:bingo.evolutionary_optimizers.evolutionary_optimizer:Generation: 380 	 Elapsed time: 0:20:02.794638 	 Best training fitness: 5.127396e-02 	 
Level 25:bingo.evolutionary_optimizers.evolutionary_optimizer:380, 1.202795e+03, 3865526, 5.127396e-02, 5.127396e-02, 7.386702e-02, 7.558209e-02, 7.743452e-02, 8.793790e-02, 1.012358e-01, 1.013102e-01, 1.489152e-01, 1.561623e-01, 1.624005e-01, 1.671543e-01, 1.672926e-01, 1.682479e-01, 1.682715e-01, 1.682783e-01
INFO:bingo.evolutionary_optimizers.parallel_archipelago:Evolution time 0:00:57.541420	 age 760	 fitness 5.128e-02
Level 25:bingo.evolutionary_optimizers.evolutionary_optimizer:Generation: 390 	 Elapsed time: 0:21:00.682114 	 Best training fitness: 5.127730e-02 	 
Level 25:bingo.evolutionary_optimizers.evolutionary_optimizer:390, 1.260682e+03, 4008392, 5.127730e-02, 5.127396e-02, 7.386702e-02, 7.558209e-02, 7.743452e-02, 8.792960e-02, 1.012358e-01, 1.013102e-01, 1.489152e-01, 1.561623e-01, 1.624005e-01, 1.671511e-01, 1.672926e-01, 1.682479e-01, 1.682715e-01, 1.682783e-01
INFO:bingo.evolutionary_optimizers.parallel_archipelago:Evolution time 0:00:52.579277	 age 780	 fitness 5.128e-02
Level 25:bingo.evolutionary_optimizers.evolutionary_optimizer:Generation: 400 	 Elapsed time: 0:21:53.583035 	 Best training fitness: 5.127509e-02 	 
Level 25:bingo.evolutionary_optimizers.evolutionary_optimizer:400, 1.313583e+03, 4144603, 5.127509e-02, 5.127396e-02, 7.386702e-02, 7.558209e-02, 7.743452e-02, 8.792891e-02, 1.012358e-01, 1.013102e-01, 1.489152e-01, 1.561623e-01, 1.624005e-01, 1.671462e-01, 1.672926e-01, 1.682479e-01, 1.682715e-01, 1.682783e-01
INFO:bingo.evolutionary_optimizers.parallel_archipelago:Evolution time 0:00:30.469582	 age 800	 fitness 5.127e-02
Level 25:bingo.evolutionary_optimizers.evolutionary_optimizer:Generation: 410 	 Elapsed time: 0:22:24.302005 	 Best training fitness: 5.127459e-02 	 
Level 25:bingo.evolutionary_optimizers.evolutionary_optimizer:410, 1.344302e+03, 4246312, 5.127459e-02, 5.127396e-02, 6.331349e-02, 7.558209e-02, 7.743452e-02, 8.792891e-02, 1.012358e-01, 1.013102e-01, 1.489152e-01, 1.561623e-01, 1.624005e-01, 1.671462e-01, 1.672926e-01, 1.682479e-01, 1.682715e-01, 1.682783e-01
INFO:bingo.evolutionary_optimizers.parallel_archipelago:Evolution time 0:00:45.730345	 age 820	 fitness 5.127e-02
Level 25:bingo.evolutionary_optimizers.evolutionary_optimizer:Generation: 420 	 Elapsed time: 0:23:10.270789 	 Best training fitness: 5.127459e-02 	 
Level 25:bingo.evolutionary_optimizers.evolutionary_optimizer:420, 1.390271e+03, 4387432, 5.127459e-02, 5.127396e-02, 6.331349e-02, 7.558209e-02, 7.743452e-02, 8.792891e-02, 1.012358e-01, 1.013102e-01, 1.489152e-01, 1.561623e-01, 1.624005e-01, 1.671462e-01, 1.672926e-01, 1.682479e-01, 1.682715e-01, 1.682783e-01
INFO:bingo.evolutionary_optimizers.parallel_archipelago:Evolution time 0:00:43.402631	 age 840	 fitness 5.127e-02
Level 25:bingo.evolutionary_optimizers.evolutionary_optimizer:Generation: 430 	 Elapsed time: 0:23:53.915847 	 Best training fitness: 5.127362e-02 	 
Level 25:bingo.evolutionary_optimizers.evolutionary_optimizer:430, 1.433916e+03, 4538455, 5.127362e-02, 5.127362e-02, 6.331349e-02, 7.558209e-02, 7.743452e-02, 8.453155e-02, 1.012358e-01, 1.013102e-01, 1.489152e-01, 1.561623e-01, 1.624005e-01, 1.671113e-01, 1.672926e-01, 1.682479e-01, 1.682715e-01, 1.682783e-01
INFO:bingo.evolutionary_optimizers.parallel_archipelago:Evolution time 0:00:46.183565	 age 870	 fitness 5.127e-02
Level 25:bingo.evolutionary_optimizers.evolutionary_optimizer:Generation: 440 	 Elapsed time: 0:24:40.343341 	 Best training fitness: 5.127376e-02 	 
Level 25:bingo.evolutionary_optimizers.evolutionary_optimizer:440, 1.480343e+03, 4663201, 5.127376e-02, 5.127362e-02, 5.127376e-02, 7.558209e-02, 7.743452e-02, 8.451864e-02, 1.012358e-01, 1.013102e-01, 1.489152e-01, 1.561623e-01, 1.624005e-01, 1.671113e-01, 1.672926e-01, 1.682479e-01, 1.682715e-01, 1.682783e-01
INFO:bingo.evolutionary_optimizers.parallel_archipelago:Evolution time 0:00:53.231320	 age 890	 fitness 5.128e-02
Level 25:bingo.evolutionary_optimizers.evolutionary_optimizer:Generation: 450 	 Elapsed time: 0:25:33.884965 	 Best training fitness: 5.127644e-02 	 
Level 25:bingo.evolutionary_optimizers.evolutionary_optimizer:450, 1.533885e+03, 4816496, 5.127644e-02, 5.127362e-02, 5.127376e-02, 7.558209e-02, 7.743452e-02, 8.451168e-02, 1.012358e-01, 1.013102e-01, 1.489152e-01, 1.561623e-01, 1.624005e-01, 1.671113e-01, 1.672926e-01, 1.682479e-01, 1.682715e-01, 1.682783e-01
INFO:bingo.evolutionary_optimizers.parallel_archipelago:Evolution time 0:00:42.541538	 age 920	 fitness 5.128e-02
Level 25:bingo.evolutionary_optimizers.evolutionary_optimizer:Generation: 460 	 Elapsed time: 0:26:16.689399 	 Best training fitness: 5.127511e-02 	 
Level 25:bingo.evolutionary_optimizers.evolutionary_optimizer:460, 1.576689e+03, 4939933, 5.127511e-02, 5.127362e-02, 5.127376e-02, 7.558209e-02, 7.743452e-02, 8.451168e-02, 1.012358e-01, 1.013102e-01, 1.489152e-01, 1.561623e-01, 1.624005e-01, 1.671113e-01, 1.672926e-01, 1.682479e-01, 1.682715e-01, 1.682783e-01
INFO:bingo.evolutionary_optimizers.parallel_archipelago:Evolution time 0:00:44.187110	 age 950	 fitness 5.127e-02
Level 25:bingo.evolutionary_optimizers.evolutionary_optimizer:Generation: 470 	 Elapsed time: 0:27:01.140498 	 Best training fitness: 5.127362e-02 	 
Level 25:bingo.evolutionary_optimizers.evolutionary_optimizer:470, 1.621140e+03, 5060216, 5.127362e-02, 5.127362e-02, 5.127376e-02, 7.558209e-02, 7.743452e-02, 8.451024e-02, 1.012358e-01, 1.013102e-01, 1.489152e-01, 1.561623e-01, 1.624005e-01, 1.671113e-01, 1.672926e-01, 1.682479e-01, 1.682715e-01, 1.682783e-01
INFO:bingo.evolutionary_optimizers.parallel_archipelago:Evolution time 0:00:28.923304	 age 970	 fitness 5.127e-02
Level 25:bingo.evolutionary_optimizers.evolutionary_optimizer:Generation: 480 	 Elapsed time: 0:27:30.327677 	 Best training fitness: 5.127359e-02 	 
Level 25:bingo.evolutionary_optimizers.evolutionary_optimizer:480, 1.650328e+03, 5168377, 5.127359e-02, 5.127359e-02, 5.127376e-02, 7.558209e-02, 7.743452e-02, 8.451024e-02, 1.012358e-01, 1.013102e-01, 1.489152e-01, 1.561623e-01, 1.624005e-01, 1.671113e-01, 1.672926e-01, 1.682479e-01, 1.682715e-01, 1.682783e-01
INFO:bingo.evolutionary_optimizers.parallel_archipelago:Evolution time 0:00:51.503261	 age 980	 fitness 5.127e-02
Level 25:bingo.evolutionary_optimizers.evolutionary_optimizer:Generation: 490 	 Elapsed time: 0:28:22.070370 	 Best training fitness: 5.127464e-02 	 
Level 25:bingo.evolutionary_optimizers.evolutionary_optimizer:490, 1.702070e+03, 5292436, 5.127464e-02, 5.127359e-02, 5.127376e-02, 7.558209e-02, 7.743452e-02, 8.168510e-02, 1.012358e-01, 1.013102e-01, 1.489152e-01, 1.561623e-01, 1.624005e-01, 1.671113e-01, 1.672926e-01, 1.682479e-01, 1.682715e-01, 1.682783e-01
INFO:bingo.evolutionary_optimizers.parallel_archipelago:Evolution time 0:00:40.319014	 age 990	 fitness 5.127e-02
Level 25:bingo.evolutionary_optimizers.evolutionary_optimizer:Generation: 500 	 Elapsed time: 0:29:02.631587 	 Best training fitness: 5.127464e-02 	 
Level 25:bingo.evolutionary_optimizers.evolutionary_optimizer:500, 1.742632e+03, 5397585, 5.127464e-02, 5.127359e-02, 5.127376e-02, 7.558209e-02, 7.743452e-02, 8.168510e-02, 1.012358e-01, 1.013102e-01, 1.489152e-01, 1.561623e-01, 1.624005e-01, 1.671113e-01, 1.672926e-01, 1.682479e-01, 1.682715e-01, 1.682783e-01
INFO:bingo.evolutionary_optimizers.parallel_archipelago:Evolution time 0:00:44.684616	 age 1020	 fitness 5.127e-02
Level 25:bingo.evolutionary_optimizers.evolutionary_optimizer:Generation: 510 	 Elapsed time: 0:29:47.586101 	 Best training fitness: 5.127464e-02 	 
Level 25:bingo.evolutionary_optimizers.evolutionary_optimizer:510, 1.787586e+03, 5533468, 5.127464e-02, 5.127359e-02, 5.127376e-02, 7.558209e-02, 7.743452e-02, 8.164981e-02, 1.012358e-01, 1.013102e-01, 1.489152e-01, 1.561623e-01, 1.624005e-01, 1.671113e-01, 1.672926e-01, 1.682479e-01, 1.682715e-01, 1.682783e-01
INFO:bingo.evolutionary_optimizers.parallel_archipelago:Evolution time 0:00:43.158989	 age 1050	 fitness 4.158e-02
Level 25:bingo.evolutionary_optimizers.evolutionary_optimizer:Generation: 520 	 Elapsed time: 0:30:31.006025 	 Best training fitness: 4.158199e-02 	 
Level 25:bingo.evolutionary_optimizers.evolutionary_optimizer:520, 1.831006e+03, 5659494, 4.158199e-02, 4.158199e-02, 1.624005e-01, 1.671113e-01, 1.672926e-01, 1.682479e-01, 1.682715e-01, 1.682783e-01
INFO:bingo.evolutionary_optimizers.parallel_archipelago:Evolution time 0:00:45.577944	 age 1060	 fitness 0.000e+00
Level 25:bingo.evolutionary_optimizers.evolutionary_optimizer:Generation: 530 	 Elapsed time: 0:31:16.831317 	 Best training fitness: 0.000000e+00 	 
Level 25:bingo.evolutionary_optimizers.evolutionary_optimizer:530, 1.876831e+03, 5752157, 0.000000e+00, 0.000000e+00, 1.682479e-01, 1.682715e-01, 1.682783e-01
Level 25:bingo.evolutionary_optimizers.evolutionary_optimizer:Evolution successfully converged.
Level 25:bingo.evolutionary_optimizers.evolutionary_optimizer:  Absolte convergence occurred with best fitness < 1e-10
Level 25:bingo.evolutionary_optimizers.evolutionary_optimizer:Hall of Fame:
0.0	7	sin(log((X_1)(X_1) + (X_0)(X_0)))
0.16824793299829569	5	sin(-0.016543 + log((-0.016543)(-0.016543)))
0.16827146925647818	2	log(0.392997)
0.1682783397631537	1	-0.933768
