Level 25:bingo.evolutionary_optimizers.evolutionary_optimizer:#generational_age, elapsed_time, fitness_evaluation_count, current_training_fitness, hall_of_fame_fitnesses
Level 25:bingo.evolutionary_optimizers.evolutionary_optimizer:#generational_age, elapsed_time, fitness_evaluation_count, current_training_fitness, hall_of_fame_fitnesses
Level 25:bingo.evolutionary_optimizers.evolutionary_optimizer:Generation: 0 	 Elapsed time: 0:00:05.291493 	 Best training fitness: 1.449665e-01 	 
Level 25:bingo.evolutionary_optimizers.evolutionary_optimizer:0, 5.291493e+00, 13952, 1.449665e-01
INFO:bingo.evolutionary_optimizers.parallel_archipelago:Evolution time 0:00:59.147218	 age 40	 fitness 1.442e-01
Level 25:bingo.evolutionary_optimizers.evolutionary_optimizer:Generation: 10 	 Elapsed time: 0:01:04.745408 	 Best training fitness: 1.441862e-01 	 
Level 25:bingo.evolutionary_optimizers.evolutionary_optimizer:10, 6.474541e+01, 133031, 1.441862e-01, 1.441862e-01, 1.444081e-01, 1.444790e-01, 1.446801e-01
INFO:bingo.evolutionary_optimizers.parallel_archipelago:Evolution time 0:00:45.900176	 age 60	 fitness 1.441e-01
Level 25:bingo.evolutionary_optimizers.evolutionary_optimizer:Generation: 20 	 Elapsed time: 0:01:50.981731 	 Best training fitness: 1.441258e-01 	 
Level 25:bingo.evolutionary_optimizers.evolutionary_optimizer:20, 1.109817e+02, 230252, 1.441258e-01, 1.441258e-01, 1.443709e-01, 1.444662e-01, 1.444790e-01, 1.444995e-01, 1.445455e-01
INFO:bingo.evolutionary_optimizers.parallel_archipelago:Evolution time 0:00:32.876331	 age 80	 fitness 1.436e-01
Level 25:bingo.evolutionary_optimizers.evolutionary_optimizer:Generation: 30 	 Elapsed time: 0:02:24.240744 	 Best training fitness: 1.436312e-01 	 
Level 25:bingo.evolutionary_optimizers.evolutionary_optimizer:30, 1.442407e+02, 316796, 1.436312e-01, 1.436312e-01, 1.443267e-01, 1.443619e-01, 1.443745e-01, 1.445455e-01
INFO:bingo.evolutionary_optimizers.parallel_archipelago:Evolution time 0:00:27.140264	 age 90	 fitness 1.394e-01
Level 25:bingo.evolutionary_optimizers.evolutionary_optimizer:Generation: 40 	 Elapsed time: 0:02:51.711786 	 Best training fitness: 1.394465e-01 	 
Level 25:bingo.evolutionary_optimizers.evolutionary_optimizer:40, 1.717118e+02, 388161, 1.394465e-01, 1.394465e-01, 1.433547e-01, 1.443231e-01, 1.443384e-01, 1.445455e-01
INFO:bingo.evolutionary_optimizers.parallel_archipelago:Evolution time 0:00:30.648732	 age 100	 fitness 1.394e-01
Level 25:bingo.evolutionary_optimizers.evolutionary_optimizer:Generation: 50 	 Elapsed time: 0:03:22.703220 	 Best training fitness: 1.394465e-01 	 
Level 25:bingo.evolutionary_optimizers.evolutionary_optimizer:50, 2.027032e+02, 473072, 1.394465e-01, 1.394465e-01, 1.431766e-01, 1.432663e-01, 1.442530e-01, 1.444297e-01
INFO:bingo.evolutionary_optimizers.parallel_archipelago:Evolution time 0:00:23.612933	 age 130	 fitness 1.368e-01
Level 25:bingo.evolutionary_optimizers.evolutionary_optimizer:Generation: 60 	 Elapsed time: 0:03:46.655338 	 Best training fitness: 1.367754e-01 	 
Level 25:bingo.evolutionary_optimizers.evolutionary_optimizer:60, 2.266553e+02, 534514, 1.367754e-01, 1.367754e-01, 1.430909e-01, 1.431766e-01, 1.432663e-01, 1.442530e-01, 1.444108e-01
INFO:bingo.evolutionary_optimizers.parallel_archipelago:Evolution time 0:00:35.962263	 age 160	 fitness 1.369e-01
Level 25:bingo.evolutionary_optimizers.evolutionary_optimizer:Generation: 70 	 Elapsed time: 0:04:22.954776 	 Best training fitness: 1.368798e-01 	 
Level 25:bingo.evolutionary_optimizers.evolutionary_optimizer:70, 2.629548e+02, 630544, 1.368798e-01, 1.367754e-01, 1.430610e-01, 1.431134e-01, 1.431319e-01, 1.432663e-01, 1.442530e-01, 1.444108e-01
INFO:bingo.evolutionary_optimizers.parallel_archipelago:Evolution time 0:00:42.435643	 age 180	 fitness 1.331e-01
Level 25:bingo.evolutionary_optimizers.evolutionary_optimizer:Generation: 80 	 Elapsed time: 0:05:05.734864 	 Best training fitness: 1.330739e-01 	 
Level 25:bingo.evolutionary_optimizers.evolutionary_optimizer:80, 3.057349e+02, 719431, 1.330739e-01, 1.330739e-01, 1.356541e-01, 1.431134e-01, 1.431319e-01, 1.432663e-01, 1.442530e-01, 1.444108e-01
INFO:bingo.evolutionary_optimizers.parallel_archipelago:Evolution time 0:00:29.471687	 age 200	 fitness 1.316e-01
Level 25:bingo.evolutionary_optimizers.evolutionary_optimizer:Generation: 90 	 Elapsed time: 0:05:35.556789 	 Best training fitness: 1.315716e-01 	 
Level 25:bingo.evolutionary_optimizers.evolutionary_optimizer:90, 3.355568e+02, 794149, 1.315716e-01, 1.315716e-01, 1.319586e-01, 1.348539e-01, 1.356541e-01, 1.431134e-01, 1.431319e-01, 1.432663e-01, 1.442267e-01, 1.444108e-01
INFO:bingo.evolutionary_optimizers.parallel_archipelago:Evolution time 0:00:41.784307	 age 240	 fitness 1.294e-01
Level 25:bingo.evolutionary_optimizers.evolutionary_optimizer:Generation: 100 	 Elapsed time: 0:06:17.739524 	 Best training fitness: 1.293885e-01 	 
Level 25:bingo.evolutionary_optimizers.evolutionary_optimizer:100, 3.777395e+02, 888146, 1.293885e-01, 1.293885e-01, 1.294844e-01, 1.348539e-01, 1.356541e-01, 1.431134e-01, 1.431319e-01, 1.432663e-01, 1.442267e-01, 1.444108e-01
INFO:bingo.evolutionary_optimizers.parallel_archipelago:Evolution time 0:00:47.517677	 age 260	 fitness 1.178e-01
Level 25:bingo.evolutionary_optimizers.evolutionary_optimizer:Generation: 110 	 Elapsed time: 0:07:05.609562 	 Best training fitness: 1.178424e-01 	 
Level 25:bingo.evolutionary_optimizers.evolutionary_optimizer:110, 4.256096e+02, 996844, 1.178424e-01, 1.178424e-01, 1.293241e-01, 1.319034e-01, 1.356541e-01, 1.431134e-01, 1.431319e-01, 1.432663e-01, 1.442267e-01, 1.444108e-01
INFO:bingo.evolutionary_optimizers.parallel_archipelago:Evolution time 0:00:48.270241	 age 290	 fitness 1.176e-01
Level 25:bingo.evolutionary_optimizers.evolutionary_optimizer:Generation: 120 	 Elapsed time: 0:07:54.282886 	 Best training fitness: 1.175588e-01 	 
Level 25:bingo.evolutionary_optimizers.evolutionary_optimizer:120, 4.742829e+02, 1105925, 1.175588e-01, 1.175588e-01, 1.207959e-01, 1.244988e-01, 1.313098e-01, 1.431134e-01, 1.431319e-01, 1.432663e-01, 1.442267e-01, 1.444108e-01
INFO:bingo.evolutionary_optimizers.parallel_archipelago:Evolution time 0:00:35.734745	 age 310	 fitness 1.038e-01
Level 25:bingo.evolutionary_optimizers.evolutionary_optimizer:Generation: 130 	 Elapsed time: 0:08:30.370655 	 Best training fitness: 1.037749e-01 	 
Level 25:bingo.evolutionary_optimizers.evolutionary_optimizer:130, 5.103707e+02, 1181070, 1.037749e-01, 1.037749e-01, 1.207959e-01, 1.244988e-01, 1.313098e-01, 1.431134e-01, 1.431319e-01, 1.432663e-01, 1.442267e-01, 1.443153e-01
INFO:bingo.evolutionary_optimizers.parallel_archipelago:Evolution time 0:00:31.667498	 age 330	 fitness 1.035e-01
Level 25:bingo.evolutionary_optimizers.evolutionary_optimizer:Generation: 140 	 Elapsed time: 0:09:02.394823 	 Best training fitness: 1.035267e-01 	 
Level 25:bingo.evolutionary_optimizers.evolutionary_optimizer:140, 5.423948e+02, 1251966, 1.035267e-01, 1.035267e-01, 1.207959e-01, 1.244988e-01, 1.313098e-01, 1.431134e-01, 1.431319e-01, 1.432663e-01, 1.442267e-01, 1.443153e-01
INFO:bingo.evolutionary_optimizers.parallel_archipelago:Evolution time 0:00:23.153996	 age 350	 fitness 9.490e-02
Level 25:bingo.evolutionary_optimizers.evolutionary_optimizer:Generation: 150 	 Elapsed time: 0:09:25.910683 	 Best training fitness: 9.490292e-02 	 
Level 25:bingo.evolutionary_optimizers.evolutionary_optimizer:150, 5.659107e+02, 1315856, 9.490292e-02, 9.490292e-02, 9.510192e-02, 1.207959e-01, 1.244988e-01, 1.313098e-01, 1.431134e-01, 1.431319e-01, 1.432663e-01, 1.442267e-01, 1.443153e-01
INFO:bingo.evolutionary_optimizers.parallel_archipelago:Evolution time 0:00:48.165593	 age 390	 fitness 9.299e-02
Level 25:bingo.evolutionary_optimizers.evolutionary_optimizer:Generation: 160 	 Elapsed time: 0:10:14.437743 	 Best training fitness: 9.298637e-02 	 
Level 25:bingo.evolutionary_optimizers.evolutionary_optimizer:160, 6.144377e+02, 1425739, 9.298637e-02, 9.298637e-02, 1.177039e-01, 1.244988e-01, 1.313098e-01, 1.431134e-01, 1.431319e-01, 1.432663e-01, 1.442267e-01, 1.443153e-01
INFO:bingo.evolutionary_optimizers.parallel_archipelago:Evolution time 0:00:57.561191	 age 410	 fitness 5.916e-02
Level 25:bingo.evolutionary_optimizers.evolutionary_optimizer:Generation: 170 	 Elapsed time: 0:11:12.413484 	 Best training fitness: 5.915585e-02 	 
Level 25:bingo.evolutionary_optimizers.evolutionary_optimizer:170, 6.724135e+02, 1538594, 5.915585e-02, 5.915585e-02, 8.733779e-02, 9.298637e-02, 9.846147e-02, 1.281829e-01, 1.313098e-01, 1.431134e-01, 1.431319e-01, 1.432663e-01, 1.442267e-01, 1.443153e-01
INFO:bingo.evolutionary_optimizers.parallel_archipelago:Evolution time 0:01:01.909342	 age 430	 fitness 5.910e-02
Level 25:bingo.evolutionary_optimizers.evolutionary_optimizer:Generation: 180 	 Elapsed time: 0:12:14.692494 	 Best training fitness: 5.909808e-02 	 
Level 25:bingo.evolutionary_optimizers.evolutionary_optimizer:180, 7.346925e+02, 1667964, 5.909808e-02, 5.909808e-02, 8.733779e-02, 9.298637e-02, 9.846147e-02, 1.280998e-01, 1.313098e-01, 1.431134e-01, 1.431319e-01, 1.432663e-01, 1.442267e-01, 1.443153e-01
INFO:bingo.evolutionary_optimizers.parallel_archipelago:Evolution time 0:01:06.698396	 age 460	 fitness 5.910e-02
Level 25:bingo.evolutionary_optimizers.evolutionary_optimizer:Generation: 190 	 Elapsed time: 0:13:21.758488 	 Best training fitness: 5.909829e-02 	 
Level 25:bingo.evolutionary_optimizers.evolutionary_optimizer:190, 8.017585e+02, 1826040, 5.909829e-02, 5.909808e-02, 7.907021e-02, 9.298637e-02, 9.846147e-02, 1.280998e-01, 1.313098e-01, 1.431134e-01, 1.431319e-01, 1.432663e-01, 1.442267e-01, 1.443153e-01
INFO:bingo.evolutionary_optimizers.parallel_archipelago:Evolution time 0:00:55.752816	 age 480	 fitness 5.537e-02
Level 25:bingo.evolutionary_optimizers.evolutionary_optimizer:Generation: 200 	 Elapsed time: 0:14:17.886249 	 Best training fitness: 5.537204e-02 	 
Level 25:bingo.evolutionary_optimizers.evolutionary_optimizer:200, 8.578862e+02, 1951612, 5.537204e-02, 5.537204e-02, 5.683418e-02, 7.907021e-02, 9.298637e-02, 9.846147e-02, 1.280998e-01, 1.313098e-01, 1.431134e-01, 1.431319e-01, 1.432663e-01, 1.442267e-01, 1.443153e-01
INFO:bingo.evolutionary_optimizers.parallel_archipelago:Evolution time 0:01:14.896916	 age 510	 fitness 5.466e-02
Level 25:bingo.evolutionary_optimizers.evolutionary_optimizer:Generation: 210 	 Elapsed time: 0:15:33.145406 	 Best training fitness: 5.465776e-02 	 
Level 25:bingo.evolutionary_optimizers.evolutionary_optimizer:210, 9.331454e+02, 2125146, 5.465776e-02, 5.465776e-02, 7.894225e-02, 9.846147e-02, 1.280998e-01, 1.313098e-01, 1.431134e-01, 1.431319e-01, 1.432663e-01, 1.442267e-01, 1.442428e-01
INFO:bingo.evolutionary_optimizers.parallel_archipelago:Evolution time 0:01:17.544274	 age 540	 fitness 5.390e-02
Level 25:bingo.evolutionary_optimizers.evolutionary_optimizer:Generation: 220 	 Elapsed time: 0:16:51.050217 	 Best training fitness: 5.389627e-02 	 
Level 25:bingo.evolutionary_optimizers.evolutionary_optimizer:220, 1.011050e+03, 2297693, 5.389627e-02, 5.389627e-02, 5.454390e-02, 5.682971e-02, 6.029005e-02, 9.846147e-02, 1.280998e-01, 1.313098e-01, 1.431134e-01, 1.431319e-01, 1.432663e-01, 1.442267e-01, 1.442428e-01
INFO:bingo.evolutionary_optimizers.parallel_archipelago:Evolution time 0:00:44.399744	 age 570	 fitness 5.314e-02
Level 25:bingo.evolutionary_optimizers.evolutionary_optimizer:Generation: 230 	 Elapsed time: 0:17:35.812485 	 Best training fitness: 5.313524e-02 	 
Level 25:bingo.evolutionary_optimizers.evolutionary_optimizer:230, 1.055812e+03, 2408612, 5.313524e-02, 5.313524e-02, 5.682971e-02, 6.029005e-02, 9.846147e-02, 1.280998e-01, 1.313098e-01, 1.431134e-01, 1.431319e-01, 1.432663e-01, 1.442267e-01, 1.442428e-01
INFO:bingo.evolutionary_optimizers.parallel_archipelago:Evolution time 0:01:01.064187	 age 600	 fitness 5.256e-02
Level 25:bingo.evolutionary_optimizers.evolutionary_optimizer:Generation: 240 	 Elapsed time: 0:18:37.277432 	 Best training fitness: 5.256143e-02 	 
Level 25:bingo.evolutionary_optimizers.evolutionary_optimizer:240, 1.117277e+03, 2543064, 5.256143e-02, 5.256143e-02, 9.846147e-02, 1.280998e-01, 1.313098e-01, 1.431134e-01, 1.431319e-01, 1.432663e-01, 1.442174e-01, 1.442267e-01, 1.442428e-01
INFO:bingo.evolutionary_optimizers.parallel_archipelago:Evolution time 0:00:59.291221	 age 610	 fitness 5.245e-02
Level 25:bingo.evolutionary_optimizers.evolutionary_optimizer:Generation: 250 	 Elapsed time: 0:19:36.908169 	 Best training fitness: 5.244562e-02 	 
Level 25:bingo.evolutionary_optimizers.evolutionary_optimizer:250, 1.176908e+03, 2670076, 5.244562e-02, 5.244562e-02, 6.030457e-02, 1.280998e-01, 1.313098e-01, 1.431134e-01, 1.431319e-01, 1.432663e-01, 1.442174e-01, 1.442267e-01, 1.442428e-01
INFO:bingo.evolutionary_optimizers.parallel_archipelago:Evolution time 0:01:05.748072	 age 640	 fitness 5.243e-02
Level 25:bingo.evolutionary_optimizers.evolutionary_optimizer:Generation: 260 	 Elapsed time: 0:20:43.006308 	 Best training fitness: 5.243153e-02 	 
Level 25:bingo.evolutionary_optimizers.evolutionary_optimizer:260, 1.243006e+03, 2797889, 5.243153e-02, 5.243153e-02, 6.030457e-02, 1.280998e-01, 1.313098e-01, 1.431134e-01, 1.431319e-01, 1.432663e-01, 1.442174e-01, 1.442267e-01, 1.442428e-01
INFO:bingo.evolutionary_optimizers.parallel_archipelago:Evolution time 0:00:42.839737	 age 660	 fitness 5.239e-02
Level 25:bingo.evolutionary_optimizers.evolutionary_optimizer:Generation: 270 	 Elapsed time: 0:21:26.162693 	 Best training fitness: 5.238675e-02 	 
Level 25:bingo.evolutionary_optimizers.evolutionary_optimizer:270, 1.286163e+03, 2900844, 5.238675e-02, 5.238675e-02, 5.240374e-02, 6.030457e-02, 1.280998e-01, 1.313098e-01, 1.431134e-01, 1.431319e-01, 1.432663e-01, 1.442174e-01, 1.442267e-01, 1.442428e-01
INFO:bingo.evolutionary_optimizers.parallel_archipelago:Evolution time 0:00:36.662203	 age 670	 fitness 5.238e-02
Level 25:bingo.evolutionary_optimizers.evolutionary_optimizer:Generation: 280 	 Elapsed time: 0:22:03.150564 	 Best training fitness: 5.237994e-02 	 
Level 25:bingo.evolutionary_optimizers.evolutionary_optimizer:280, 1.323151e+03, 3003344, 5.237994e-02, 5.237994e-02, 5.240374e-02, 6.030457e-02, 1.280998e-01, 1.313098e-01, 1.431134e-01, 1.431319e-01, 1.432663e-01, 1.442174e-01, 1.442267e-01, 1.442428e-01
INFO:bingo.evolutionary_optimizers.parallel_archipelago:Evolution time 0:00:40.672016	 age 680	 fitness 5.237e-02
Level 25:bingo.evolutionary_optimizers.evolutionary_optimizer:Generation: 290 	 Elapsed time: 0:22:44.158593 	 Best training fitness: 5.236724e-02 	 
Level 25:bingo.evolutionary_optimizers.evolutionary_optimizer:290, 1.364159e+03, 3107839, 5.236724e-02, 5.236724e-02, 5.240332e-02, 6.030457e-02, 1.280998e-01, 1.313098e-01, 1.431134e-01, 1.431319e-01, 1.432663e-01, 1.442174e-01, 1.442267e-01, 1.442428e-01
INFO:bingo.evolutionary_optimizers.parallel_archipelago:Evolution time 0:00:44.635983	 age 700	 fitness 5.240e-02
Level 25:bingo.evolutionary_optimizers.evolutionary_optimizer:Generation: 300 	 Elapsed time: 0:23:29.119324 	 Best training fitness: 5.240481e-02 	 
Level 25:bingo.evolutionary_optimizers.evolutionary_optimizer:300, 1.409119e+03, 3226844, 5.240481e-02, 5.236724e-02, 5.240332e-02, 6.030457e-02, 1.280998e-01, 1.313098e-01, 1.431134e-01, 1.431319e-01, 1.432663e-01, 1.442174e-01, 1.442267e-01, 1.442428e-01
INFO:bingo.evolutionary_optimizers.parallel_archipelago:Evolution time 0:01:03.619495	 age 710	 fitness 5.238e-02
Level 25:bingo.evolutionary_optimizers.evolutionary_optimizer:Generation: 310 	 Elapsed time: 0:24:33.135007 	 Best training fitness: 5.238094e-02 	 
Level 25:bingo.evolutionary_optimizers.evolutionary_optimizer:310, 1.473135e+03, 3362669, 5.238094e-02, 5.236724e-02, 5.240332e-02, 6.030457e-02, 1.280998e-01, 1.313098e-01, 1.431134e-01, 1.431319e-01, 1.432663e-01, 1.442174e-01, 1.442267e-01, 1.442428e-01
INFO:bingo.evolutionary_optimizers.parallel_archipelago:Evolution time 0:00:53.921859	 age 730	 fitness 5.236e-02
Level 25:bingo.evolutionary_optimizers.evolutionary_optimizer:Generation: 320 	 Elapsed time: 0:25:27.389693 	 Best training fitness: 5.236490e-02 	 
Level 25:bingo.evolutionary_optimizers.evolutionary_optimizer:320, 1.527390e+03, 3520599, 5.236490e-02, 5.236490e-02, 5.240332e-02, 6.030457e-02, 1.280998e-01, 1.313098e-01, 1.431134e-01, 1.431319e-01, 1.432663e-01, 1.442174e-01, 1.442267e-01, 1.442428e-01
INFO:bingo.evolutionary_optimizers.parallel_archipelago:Evolution time 0:01:15.913729	 age 760	 fitness 5.195e-02
Level 25:bingo.evolutionary_optimizers.evolutionary_optimizer:Generation: 330 	 Elapsed time: 0:26:43.637187 	 Best training fitness: 5.195443e-02 	 
Level 25:bingo.evolutionary_optimizers.evolutionary_optimizer:330, 1.603637e+03, 3680232, 5.195443e-02, 5.195443e-02, 5.236490e-02, 5.238003e-02, 6.030457e-02, 1.280998e-01, 1.313098e-01, 1.431134e-01, 1.431319e-01, 1.432663e-01, 1.442174e-01, 1.442267e-01, 1.442428e-01
INFO:bingo.evolutionary_optimizers.parallel_archipelago:Evolution time 0:01:16.698244	 age 790	 fitness 5.196e-02
Level 25:bingo.evolutionary_optimizers.evolutionary_optimizer:Generation: 340 	 Elapsed time: 0:28:00.678903 	 Best training fitness: 5.196203e-02 	 
Level 25:bingo.evolutionary_optimizers.evolutionary_optimizer:340, 1.680679e+03, 3811566, 5.196203e-02, 5.195443e-02, 5.235516e-02, 5.238003e-02, 6.030457e-02, 1.280998e-01, 1.313098e-01, 1.431134e-01, 1.431319e-01, 1.432663e-01, 1.442174e-01, 1.442267e-01, 1.442428e-01
INFO:bingo.evolutionary_optimizers.parallel_archipelago:Evolution time 0:01:07.820768	 age 820	 fitness 5.062e-02
Level 25:bingo.evolutionary_optimizers.evolutionary_optimizer:Generation: 350 	 Elapsed time: 0:29:08.840848 	 Best training fitness: 5.061573e-02 	 
Level 25:bingo.evolutionary_optimizers.evolutionary_optimizer:350, 1.748841e+03, 3959656, 5.061573e-02, 5.061573e-02, 5.235516e-02, 5.238003e-02, 6.030457e-02, 1.280998e-01, 1.313098e-01, 1.431134e-01, 1.431319e-01, 1.432663e-01, 1.442174e-01, 1.442267e-01, 1.442428e-01
INFO:bingo.evolutionary_optimizers.parallel_archipelago:Evolution time 0:01:48.302437	 age 860	 fitness 4.875e-02
Level 25:bingo.evolutionary_optimizers.evolutionary_optimizer:Generation: 360 	 Elapsed time: 0:30:57.481823 	 Best training fitness: 4.874512e-02 	 
Level 25:bingo.evolutionary_optimizers.evolutionary_optimizer:360, 1.857482e+03, 4156272, 4.874512e-02, 4.874512e-02, 5.053935e-02, 5.077646e-02, 5.235516e-02, 5.238003e-02, 6.030457e-02, 1.280998e-01, 1.313098e-01, 1.431134e-01, 1.431319e-01, 1.432663e-01, 1.442174e-01, 1.442267e-01, 1.442428e-01
INFO:bingo.evolutionary_optimizers.parallel_archipelago:Evolution time 0:00:58.047137	 age 880	 fitness 4.867e-02
Level 25:bingo.evolutionary_optimizers.evolutionary_optimizer:Generation: 370 	 Elapsed time: 0:31:55.874635 	 Best training fitness: 4.866821e-02 	 
Level 25:bingo.evolutionary_optimizers.evolutionary_optimizer:370, 1.915875e+03, 4306396, 4.866821e-02, 4.866821e-02, 5.036676e-02, 5.223548e-02, 6.030457e-02, 1.280998e-01, 1.313098e-01, 1.431134e-01, 1.431319e-01, 1.432663e-01, 1.442174e-01, 1.442267e-01, 1.442428e-01
INFO:bingo.evolutionary_optimizers.parallel_archipelago:Evolution time 0:00:57.106369	 age 900	 fitness 4.709e-02
Level 25:bingo.evolutionary_optimizers.evolutionary_optimizer:Generation: 380 	 Elapsed time: 0:32:53.358940 	 Best training fitness: 4.709314e-02 	 
Level 25:bingo.evolutionary_optimizers.evolutionary_optimizer:380, 1.973359e+03, 4485938, 4.709314e-02, 4.709314e-02, 5.036676e-02, 5.223548e-02, 6.030457e-02, 1.280998e-01, 1.313098e-01, 1.431134e-01, 1.431319e-01, 1.432663e-01, 1.442174e-01, 1.442267e-01, 1.442428e-01
INFO:bingo.evolutionary_optimizers.parallel_archipelago:Evolution time 0:00:51.383476	 age 910	 fitness 4.673e-02
Level 25:bingo.evolutionary_optimizers.evolutionary_optimizer:Generation: 390 	 Elapsed time: 0:33:45.050522 	 Best training fitness: 4.672711e-02 	 
Level 25:bingo.evolutionary_optimizers.evolutionary_optimizer:390, 2.025051e+03, 4633793, 4.672711e-02, 4.672711e-02, 5.036676e-02, 5.105133e-02, 5.223548e-02, 6.030457e-02, 1.280998e-01, 1.313098e-01, 1.431134e-01, 1.431319e-01, 1.432663e-01, 1.442174e-01, 1.442267e-01, 1.442428e-01
INFO:bingo.evolutionary_optimizers.parallel_archipelago:Evolution time 0:00:57.834134	 age 930	 fitness 4.677e-02
Level 25:bingo.evolutionary_optimizers.evolutionary_optimizer:Generation: 400 	 Elapsed time: 0:34:43.214922 	 Best training fitness: 4.677017e-02 	 
Level 25:bingo.evolutionary_optimizers.evolutionary_optimizer:400, 2.083215e+03, 4801815, 4.677017e-02, 4.672711e-02, 5.036676e-02, 5.105133e-02, 5.223548e-02, 6.030457e-02, 1.280998e-01, 1.313098e-01, 1.431134e-01, 1.431319e-01, 1.432663e-01, 1.442174e-01, 1.442267e-01, 1.442428e-01
INFO:bingo.evolutionary_optimizers.parallel_archipelago:Evolution time 0:01:16.027018	 age 940	 fitness 4.674e-02
Level 25:bingo.evolutionary_optimizers.evolutionary_optimizer:Generation: 410 	 Elapsed time: 0:35:59.594487 	 Best training fitness: 4.673850e-02 	 
Level 25:bingo.evolutionary_optimizers.evolutionary_optimizer:410, 2.159594e+03, 4941293, 4.673850e-02, 4.672711e-02, 4.674741e-02, 5.091014e-02, 5.105133e-02, 5.223548e-02, 6.030457e-02, 1.280998e-01, 1.313098e-01, 1.431134e-01, 1.431319e-01, 1.432663e-01, 1.442174e-01, 1.442267e-01, 1.442428e-01
INFO:bingo.evolutionary_optimizers.parallel_archipelago:Evolution time 0:00:50.754322	 age 950	 fitness 4.672e-02
Level 25:bingo.evolutionary_optimizers.evolutionary_optimizer:Generation: 420 	 Elapsed time: 0:36:50.695593 	 Best training fitness: 4.672149e-02 	 
Level 25:bingo.evolutionary_optimizers.evolutionary_optimizer:420, 2.210696e+03, 5069935, 4.672149e-02, 4.672149e-02, 5.091014e-02, 5.105133e-02, 5.223548e-02, 6.030457e-02, 1.280998e-01, 1.313098e-01, 1.431134e-01, 1.431319e-01, 1.432663e-01, 1.442174e-01, 1.442267e-01, 1.442428e-01
INFO:bingo.evolutionary_optimizers.parallel_archipelago:Evolution time 0:01:26.755076	 age 980	 fitness 4.665e-02
Level 25:bingo.evolutionary_optimizers.evolutionary_optimizer:Generation: 430 	 Elapsed time: 0:38:17.795248 	 Best training fitness: 4.665312e-02 	 
Level 25:bingo.evolutionary_optimizers.evolutionary_optimizer:430, 2.297795e+03, 5232763, 4.665312e-02, 4.665312e-02, 4.672149e-02, 5.091014e-02, 5.105133e-02, 5.223548e-02, 6.030457e-02, 1.280998e-01, 1.313098e-01, 1.431134e-01, 1.431319e-01, 1.432663e-01, 1.442174e-01, 1.442267e-01, 1.442428e-01
INFO:bingo.evolutionary_optimizers.parallel_archipelago:Evolution time 0:00:36.002480	 age 990	 fitness 4.662e-02
Level 25:bingo.evolutionary_optimizers.evolutionary_optimizer:Generation: 440 	 Elapsed time: 0:38:54.141635 	 Best training fitness: 4.661611e-02 	 
Level 25:bingo.evolutionary_optimizers.evolutionary_optimizer:440, 2.334142e+03, 5345417, 4.661611e-02, 4.661611e-02, 4.672149e-02, 4.675834e-02, 5.105133e-02, 5.223548e-02, 6.030457e-02, 1.280998e-01, 1.313098e-01, 1.431134e-01, 1.431319e-01, 1.432663e-01, 1.442174e-01, 1.442267e-01, 1.442428e-01
INFO:bingo.evolutionary_optimizers.parallel_archipelago:Evolution time 0:01:01.811631	 age 1000	 fitness 4.657e-02
Level 25:bingo.evolutionary_optimizers.evolutionary_optimizer:Generation: 450 	 Elapsed time: 0:39:56.303075 	 Best training fitness: 4.656840e-02 	 
Level 25:bingo.evolutionary_optimizers.evolutionary_optimizer:450, 2.396303e+03, 5483647, 4.656840e-02, 4.656840e-02, 4.672149e-02, 4.675834e-02, 5.105133e-02, 5.223548e-02, 6.030457e-02, 1.280998e-01, 1.313098e-01, 1.431134e-01, 1.431319e-01, 1.432663e-01, 1.442174e-01, 1.442267e-01, 1.442428e-01
INFO:bingo.evolutionary_optimizers.parallel_archipelago:Evolution time 0:00:54.252514	 age 1020	 fitness 4.655e-02
Level 25:bingo.evolutionary_optimizers.evolutionary_optimizer:Generation: 460 	 Elapsed time: 0:40:50.899964 	 Best training fitness: 4.654753e-02 	 
Level 25:bingo.evolutionary_optimizers.evolutionary_optimizer:460, 2.450900e+03, 5623688, 4.654753e-02, 4.654753e-02, 4.672149e-02, 4.675834e-02, 4.678747e-02, 5.223548e-02, 6.030457e-02, 1.280998e-01, 1.313098e-01, 1.431134e-01, 1.431319e-01, 1.432663e-01, 1.442174e-01, 1.442267e-01, 1.442428e-01
INFO:bingo.evolutionary_optimizers.parallel_archipelago:Evolution time 0:01:17.350619	 age 1030	 fitness 4.652e-02
Level 25:bingo.evolutionary_optimizers.evolutionary_optimizer:Generation: 470 	 Elapsed time: 0:42:08.594562 	 Best training fitness: 4.652201e-02 	 
Level 25:bingo.evolutionary_optimizers.evolutionary_optimizer:470, 2.528595e+03, 5785548, 4.652201e-02, 4.652201e-02, 4.672149e-02, 4.673792e-02, 5.223548e-02, 6.030457e-02, 1.280998e-01, 1.313098e-01, 1.431134e-01, 1.431319e-01, 1.432663e-01, 1.442174e-01, 1.442267e-01, 1.442428e-01
INFO:bingo.evolutionary_optimizers.parallel_archipelago:Evolution time 0:00:51.543871	 age 1040	 fitness 4.654e-02
Level 25:bingo.evolutionary_optimizers.evolutionary_optimizer:Generation: 480 	 Elapsed time: 0:43:00.481551 	 Best training fitness: 4.653716e-02 	 
Level 25:bingo.evolutionary_optimizers.evolutionary_optimizer:480, 2.580482e+03, 5921685, 4.653716e-02, 4.652201e-02, 4.672149e-02, 4.673792e-02, 5.223548e-02, 6.030457e-02, 1.280998e-01, 1.313098e-01, 1.431134e-01, 1.431319e-01, 1.432663e-01, 1.442174e-01, 1.442267e-01, 1.442428e-01
INFO:bingo.evolutionary_optimizers.parallel_archipelago:Evolution time 0:01:24.360715	 age 1070	 fitness 4.652e-02
Level 25:bingo.evolutionary_optimizers.evolutionary_optimizer:Generation: 490 	 Elapsed time: 0:44:25.192292 	 Best training fitness: 4.652263e-02 	 
Level 25:bingo.evolutionary_optimizers.evolutionary_optimizer:490, 2.665192e+03, 6123152, 4.652263e-02, 4.652201e-02, 4.672149e-02, 4.673792e-02, 5.223548e-02, 6.030457e-02, 1.199229e-01, 1.280998e-01, 1.313098e-01, 1.431134e-01, 1.431319e-01, 1.432663e-01, 1.442174e-01, 1.442267e-01, 1.442428e-01
INFO:bingo.evolutionary_optimizers.parallel_archipelago:Evolution time 0:00:53.510357	 age 1090	 fitness 4.646e-02
Level 25:bingo.evolutionary_optimizers.evolutionary_optimizer:Generation: 500 	 Elapsed time: 0:45:19.053361 	 Best training fitness: 4.646066e-02 	 
Level 25:bingo.evolutionary_optimizers.evolutionary_optimizer:500, 2.719053e+03, 6268369, 4.646066e-02, 4.646066e-02, 4.672149e-02, 4.673792e-02, 5.223548e-02, 6.030457e-02, 1.199229e-01, 1.280998e-01, 1.313098e-01, 1.431134e-01, 1.431319e-01, 1.432663e-01, 1.442174e-01, 1.442267e-01, 1.442428e-01
INFO:bingo.evolutionary_optimizers.parallel_archipelago:Evolution time 0:01:32.013902	 age 1120	 fitness 4.646e-02
Level 25:bingo.evolutionary_optimizers.evolutionary_optimizer:Generation: 510 	 Elapsed time: 0:46:51.464260 	 Best training fitness: 4.646066e-02 	 
Level 25:bingo.evolutionary_optimizers.evolutionary_optimizer:510, 2.811464e+03, 6469097, 4.646066e-02, 4.646066e-02, 4.672149e-02, 4.673792e-02, 5.023730e-02, 5.045078e-02, 1.199229e-01, 1.280998e-01, 1.313098e-01, 1.431134e-01, 1.431319e-01, 1.432663e-01, 1.442174e-01, 1.442267e-01, 1.442428e-01
INFO:bingo.evolutionary_optimizers.parallel_archipelago:Evolution time 0:01:28.338720	 age 1150	 fitness 4.568e-02
Level 25:bingo.evolutionary_optimizers.evolutionary_optimizer:Generation: 520 	 Elapsed time: 0:48:20.156388 	 Best training fitness: 4.568446e-02 	 
Level 25:bingo.evolutionary_optimizers.evolutionary_optimizer:520, 2.900156e+03, 6653387, 4.568446e-02, 4.568446e-02, 4.672149e-02, 4.673792e-02, 5.023730e-02, 5.045078e-02, 1.199229e-01, 1.280998e-01, 1.313098e-01, 1.431134e-01, 1.431319e-01, 1.432663e-01, 1.442174e-01, 1.442267e-01, 1.442428e-01
INFO:bingo.evolutionary_optimizers.parallel_archipelago:Evolution time 0:01:59.113439	 age 1190	 fitness 4.567e-02
Level 25:bingo.evolutionary_optimizers.evolutionary_optimizer:Generation: 530 	 Elapsed time: 0:50:19.618739 	 Best training fitness: 4.566593e-02 	 
Level 25:bingo.evolutionary_optimizers.evolutionary_optimizer:530, 3.019619e+03, 6882138, 4.566593e-02, 4.566593e-02, 4.672149e-02, 4.673792e-02, 5.023730e-02, 5.045078e-02, 1.199229e-01, 1.280998e-01, 1.313098e-01, 1.431134e-01, 1.431319e-01, 1.432663e-01, 1.442174e-01, 1.442267e-01, 1.442428e-01
INFO:bingo.evolutionary_optimizers.parallel_archipelago:Evolution time 0:01:21.786754	 age 1200	 fitness 4.563e-02
Level 25:bingo.evolutionary_optimizers.evolutionary_optimizer:Generation: 540 	 Elapsed time: 0:51:41.750146 	 Best training fitness: 4.563334e-02 	 
Level 25:bingo.evolutionary_optimizers.evolutionary_optimizer:540, 3.101750e+03, 7061613, 4.563334e-02, 4.563334e-02, 4.672149e-02, 4.673792e-02, 5.023730e-02, 5.033614e-02, 1.115396e-01, 1.117648e-01, 1.432663e-01, 1.442174e-01, 1.442267e-01, 1.442428e-01
INFO:bingo.evolutionary_optimizers.parallel_archipelago:Evolution time 0:00:57.066910	 age 1210	 fitness 4.563e-02
Level 25:bingo.evolutionary_optimizers.evolutionary_optimizer:Generation: 550 	 Elapsed time: 0:52:39.153223 	 Best training fitness: 4.562952e-02 	 
Level 25:bingo.evolutionary_optimizers.evolutionary_optimizer:550, 3.159153e+03, 7219887, 4.562952e-02, 4.562952e-02, 4.672149e-02, 4.673792e-02, 5.023730e-02, 5.033614e-02, 9.939605e-02, 1.013955e-01, 1.350338e-01, 1.442267e-01, 1.442428e-01
INFO:bingo.evolutionary_optimizers.parallel_archipelago:Evolution time 0:00:56.737863	 age 1220	 fitness 4.564e-02
Level 25:bingo.evolutionary_optimizers.evolutionary_optimizer:Generation: 560 	 Elapsed time: 0:53:36.224384 	 Best training fitness: 4.564198e-02 	 
Level 25:bingo.evolutionary_optimizers.evolutionary_optimizer:560, 3.216224e+03, 7391013, 4.564198e-02, 4.562952e-02, 4.672149e-02, 4.673792e-02, 5.023730e-02, 5.033614e-02, 9.935415e-02, 1.013653e-01, 1.350338e-01, 1.442267e-01, 1.442428e-01
INFO:bingo.evolutionary_optimizers.parallel_archipelago:Evolution time 0:01:37.663235	 age 1260	 fitness 4.564e-02
Level 25:bingo.evolutionary_optimizers.evolutionary_optimizer:Generation: 570 	 Elapsed time: 0:55:14.227389 	 Best training fitness: 4.564169e-02 	 
Level 25:bingo.evolutionary_optimizers.evolutionary_optimizer:570, 3.314227e+03, 7573461, 4.564169e-02, 4.562952e-02, 4.672149e-02, 4.673792e-02, 5.023730e-02, 5.030127e-02, 8.883576e-02, 1.013177e-01, 1.350338e-01, 1.442267e-01, 1.442428e-01
INFO:bingo.evolutionary_optimizers.parallel_archipelago:Evolution time 0:01:03.279794	 age 1280	 fitness 4.561e-02
Level 25:bingo.evolutionary_optimizers.evolutionary_optimizer:Generation: 580 	 Elapsed time: 0:56:17.885012 	 Best training fitness: 4.560730e-02 	 
Level 25:bingo.evolutionary_optimizers.evolutionary_optimizer:580, 3.377885e+03, 7719877, 4.560730e-02, 4.560730e-02, 4.672149e-02, 4.673792e-02, 5.023730e-02, 5.030127e-02, 8.883576e-02, 1.013129e-01, 1.350338e-01, 1.442267e-01, 1.442428e-01
INFO:bingo.evolutionary_optimizers.parallel_archipelago:Evolution time 0:01:04.706448	 age 1300	 fitness 4.561e-02
Level 25:bingo.evolutionary_optimizers.evolutionary_optimizer:Generation: 590 	 Elapsed time: 0:57:22.926761 	 Best training fitness: 4.561352e-02 	 
Level 25:bingo.evolutionary_optimizers.evolutionary_optimizer:590, 3.442927e+03, 7904462, 4.561352e-02, 4.560730e-02, 4.672149e-02, 4.673792e-02, 5.023730e-02, 5.030127e-02, 8.883576e-02, 1.012793e-01, 1.350338e-01, 1.439133e-01, 1.442267e-01, 1.442428e-01
INFO:bingo.evolutionary_optimizers.parallel_archipelago:Evolution time 0:01:04.551720	 age 1320	 fitness 4.561e-02
Level 25:bingo.evolutionary_optimizers.evolutionary_optimizer:Generation: 600 	 Elapsed time: 0:58:27.819794 	 Best training fitness: 4.560729e-02 	 
Level 25:bingo.evolutionary_optimizers.evolutionary_optimizer:600, 3.507820e+03, 8088118, 4.560729e-02, 4.560729e-02, 4.560730e-02, 4.570000e-02, 4.673792e-02, 5.023730e-02, 5.030127e-02, 7.119833e-02, 8.879012e-02, 1.012793e-01, 1.350338e-01, 1.439133e-01, 1.442267e-01, 1.442428e-01
INFO:bingo.evolutionary_optimizers.parallel_archipelago:Evolution time 0:00:58.245102	 age 1340	 fitness 4.558e-02
Level 25:bingo.evolutionary_optimizers.evolutionary_optimizer:Generation: 610 	 Elapsed time: 0:59:26.406851 	 Best training fitness: 4.558028e-02 	 
Level 25:bingo.evolutionary_optimizers.evolutionary_optimizer:610, 3.566407e+03, 8246062, 4.558028e-02, 4.558028e-02, 4.570000e-02, 4.673792e-02, 5.023730e-02, 5.030127e-02, 7.107923e-02, 8.879012e-02, 1.012793e-01, 1.350338e-01, 1.437734e-01, 1.442267e-01, 1.442428e-01
INFO:bingo.evolutionary_optimizers.parallel_archipelago:Evolution time 0:01:16.039891	 age 1350	 fitness 4.560e-02
Level 25:bingo.evolutionary_optimizers.evolutionary_optimizer:Generation: 620 	 Elapsed time: 1:00:42.788965 	 Best training fitness: 4.559736e-02 	 
Level 25:bingo.evolutionary_optimizers.evolutionary_optimizer:620, 3.642789e+03, 8405688, 4.559736e-02, 4.558028e-02, 4.559736e-02, 4.673792e-02, 4.716574e-02, 5.030127e-02, 6.878317e-02, 7.107923e-02, 8.879012e-02, 1.012793e-01, 1.350338e-01, 1.437734e-01, 1.442267e-01, 1.442428e-01
INFO:bingo.evolutionary_optimizers.parallel_archipelago:Evolution time 0:01:21.057542	 age 1360	 fitness 4.559e-02
Level 25:bingo.evolutionary_optimizers.evolutionary_optimizer:Generation: 630 	 Elapsed time: 1:02:04.187597 	 Best training fitness: 4.559347e-02 	 
Level 25:bingo.evolutionary_optimizers.evolutionary_optimizer:630, 3.724188e+03, 8582187, 4.559347e-02, 4.558028e-02, 4.559736e-02, 4.673792e-02, 4.716574e-02, 5.030127e-02, 6.869286e-02, 7.106930e-02, 8.879012e-02, 1.012793e-01, 1.350338e-01, 1.437734e-01, 1.442267e-01, 1.442428e-01
INFO:bingo.evolutionary_optimizers.parallel_archipelago:Evolution time 0:01:11.138058	 age 1370	 fitness 4.559e-02
Level 25:bingo.evolutionary_optimizers.evolutionary_optimizer:Generation: 640 	 Elapsed time: 1:03:15.671422 	 Best training fitness: 4.558727e-02 	 
Level 25:bingo.evolutionary_optimizers.evolutionary_optimizer:640, 3.795671e+03, 8743560, 4.558727e-02, 4.558028e-02, 4.559736e-02, 4.673792e-02, 4.716574e-02, 5.030127e-02, 6.866054e-02, 7.106930e-02, 8.219710e-02, 1.012793e-01, 1.350338e-01, 1.437734e-01, 1.442267e-01, 1.442428e-01
INFO:bingo.evolutionary_optimizers.parallel_archipelago:Evolution time 0:00:47.796063	 age 1380	 fitness 4.561e-02
Level 25:bingo.evolutionary_optimizers.evolutionary_optimizer:Generation: 650 	 Elapsed time: 1:04:03.858318 	 Best training fitness: 4.561478e-02 	 
Level 25:bingo.evolutionary_optimizers.evolutionary_optimizer:650, 3.843858e+03, 8876879, 4.561478e-02, 4.558028e-02, 4.559736e-02, 4.673792e-02, 4.716574e-02, 5.030127e-02, 6.866054e-02, 7.106930e-02, 8.219710e-02, 1.012793e-01, 1.350338e-01, 1.437734e-01, 1.442267e-01, 1.442428e-01
INFO:bingo.evolutionary_optimizers.parallel_archipelago:Evolution time 0:01:13.961115	 age 1410	 fitness 4.561e-02
Level 25:bingo.evolutionary_optimizers.evolutionary_optimizer:Generation: 660 	 Elapsed time: 1:05:18.168686 	 Best training fitness: 4.560973e-02 	 
Level 25:bingo.evolutionary_optimizers.evolutionary_optimizer:660, 3.918169e+03, 9014544, 4.560973e-02, 4.558028e-02, 4.559736e-02, 4.673792e-02, 4.716574e-02, 5.030127e-02, 6.864069e-02, 7.106930e-02, 8.219710e-02, 1.012793e-01, 1.350338e-01, 1.437734e-01, 1.442267e-01, 1.442428e-01
INFO:bingo.evolutionary_optimizers.parallel_archipelago:Evolution time 0:01:08.100616	 age 1420	 fitness 4.561e-02
Level 25:bingo.evolutionary_optimizers.evolutionary_optimizer:Generation: 670 	 Elapsed time: 1:06:26.625627 	 Best training fitness: 4.560859e-02 	 
Level 25:bingo.evolutionary_optimizers.evolutionary_optimizer:670, 3.986626e+03, 9138405, 4.560859e-02, 4.558028e-02, 4.559736e-02, 4.673792e-02, 4.716574e-02, 5.030127e-02, 6.864069e-02, 7.106930e-02, 8.219710e-02, 1.012793e-01, 1.350338e-01, 1.437734e-01, 1.442267e-01, 1.442428e-01
INFO:bingo.evolutionary_optimizers.parallel_archipelago:Evolution time 0:00:58.719111	 age 1440	 fitness 4.558e-02
Level 25:bingo.evolutionary_optimizers.evolutionary_optimizer:Generation: 680 	 Elapsed time: 1:07:25.699771 	 Best training fitness: 4.558406e-02 	 
Level 25:bingo.evolutionary_optimizers.evolutionary_optimizer:680, 4.045700e+03, 9281032, 4.558406e-02, 4.558028e-02, 4.559736e-02, 4.673792e-02, 4.716574e-02, 5.030127e-02, 6.845836e-02, 8.219710e-02, 1.012793e-01, 1.350338e-01, 1.437734e-01, 1.442267e-01, 1.442428e-01
INFO:bingo.evolutionary_optimizers.parallel_archipelago:Evolution time 0:01:09.428981	 age 1450	 fitness 4.559e-02
Level 25:bingo.evolutionary_optimizers.evolutionary_optimizer:Generation: 690 	 Elapsed time: 1:08:35.480634 	 Best training fitness: 4.558703e-02 	 
Level 25:bingo.evolutionary_optimizers.evolutionary_optimizer:690, 4.115481e+03, 9421154, 4.558703e-02, 4.558028e-02, 4.559736e-02, 4.568307e-02, 4.716574e-02, 5.030127e-02, 6.837228e-02, 8.219710e-02, 1.012793e-01, 1.350338e-01, 1.437734e-01, 1.442267e-01, 1.442428e-01
INFO:bingo.evolutionary_optimizers.parallel_archipelago:Evolution time 0:01:09.285673	 age 1460	 fitness 4.561e-02
Level 25:bingo.evolutionary_optimizers.evolutionary_optimizer:Generation: 700 	 Elapsed time: 1:09:45.110058 	 Best training fitness: 4.560787e-02 	 
Level 25:bingo.evolutionary_optimizers.evolutionary_optimizer:700, 4.185110e+03, 9554469, 4.560787e-02, 4.558028e-02, 4.559736e-02, 4.561277e-02, 4.716574e-02, 5.030127e-02, 6.830709e-02, 8.219710e-02, 1.012793e-01, 1.350338e-01, 1.437734e-01, 1.442267e-01, 1.442428e-01
INFO:bingo.evolutionary_optimizers.parallel_archipelago:Evolution time 0:00:57.295840	 age 1470	 fitness 4.562e-02
Level 25:bingo.evolutionary_optimizers.evolutionary_optimizer:Generation: 710 	 Elapsed time: 1:10:42.753412 	 Best training fitness: 4.561821e-02 	 
Level 25:bingo.evolutionary_optimizers.evolutionary_optimizer:710, 4.242753e+03, 9676649, 4.561821e-02, 4.558028e-02, 4.559736e-02, 4.561277e-02, 4.716574e-02, 5.030127e-02, 6.826990e-02, 8.219710e-02, 9.898731e-02, 1.012793e-01, 1.350338e-01, 1.437734e-01, 1.442267e-01, 1.442428e-01
INFO:bingo.evolutionary_optimizers.parallel_archipelago:Evolution time 0:01:11.968605	 age 1490	 fitness 4.562e-02
Level 25:bingo.evolutionary_optimizers.evolutionary_optimizer:Generation: 720 	 Elapsed time: 1:11:55.115577 	 Best training fitness: 4.561897e-02 	 
Level 25:bingo.evolutionary_optimizers.evolutionary_optimizer:720, 4.315116e+03, 9835372, 4.561897e-02, 4.558028e-02, 4.559736e-02, 4.561277e-02, 4.716574e-02, 5.030127e-02, 6.826990e-02, 8.215116e-02, 9.894085e-02, 1.012793e-01, 1.350338e-01, 1.437734e-01, 1.442267e-01, 1.442428e-01
INFO:bingo.evolutionary_optimizers.parallel_archipelago:Evolution time 0:00:51.722012	 age 1500	 fitness 4.562e-02
Level 25:bingo.evolutionary_optimizers.evolutionary_optimizer:Generation: 730 	 Elapsed time: 1:12:47.180753 	 Best training fitness: 4.561613e-02 	 
Level 25:bingo.evolutionary_optimizers.evolutionary_optimizer:730, 4.367181e+03, 9974848, 4.561613e-02, 4.558028e-02, 4.559736e-02, 4.561277e-02, 4.716574e-02, 5.030127e-02, 6.826990e-02, 8.215116e-02, 9.894085e-02, 1.012793e-01, 1.350338e-01, 1.437734e-01, 1.442267e-01, 1.442428e-01
INFO:bingo.evolutionary_optimizers.parallel_archipelago:Evolution time 0:01:24.086367	 age 1520	 fitness 4.560e-02
Level 25:bingo.evolutionary_optimizers.evolutionary_optimizer:Generation: 740 	 Elapsed time: 1:14:11.592268 	 Best training fitness: 4.559601e-02 	 
Level 25:bingo.evolutionary_optimizers.evolutionary_optimizer:740, 4.451592e+03, 10173309, 4.559601e-02, 4.558028e-02, 4.559601e-02, 4.716574e-02, 5.030127e-02, 6.826990e-02, 8.215116e-02, 9.894085e-02, 1.012793e-01, 1.350338e-01, 1.437734e-01, 1.442267e-01, 1.442428e-01
INFO:bingo.evolutionary_optimizers.parallel_archipelago:Evolution time 0:00:48.709892	 age 1540	 fitness 4.559e-02
Level 25:bingo.evolutionary_optimizers.evolutionary_optimizer:Generation: 750 	 Elapsed time: 1:15:00.635524 	 Best training fitness: 4.559449e-02 	 
Level 25:bingo.evolutionary_optimizers.evolutionary_optimizer:750, 4.500636e+03, 10311669, 4.559449e-02, 4.558028e-02, 4.559449e-02, 4.716574e-02, 5.030127e-02, 6.826990e-02, 8.215116e-02, 9.894085e-02, 1.012793e-01, 1.350338e-01, 1.437734e-01, 1.442267e-01, 1.442428e-01
INFO:bingo.evolutionary_optimizers.parallel_archipelago:Evolution time 0:01:26.209315	 age 1560	 fitness 4.562e-02
Level 25:bingo.evolutionary_optimizers.evolutionary_optimizer:Generation: 760 	 Elapsed time: 1:16:27.170612 	 Best training fitness: 4.561591e-02 	 
Level 25:bingo.evolutionary_optimizers.evolutionary_optimizer:760, 4.587171e+03, 10507768, 4.561591e-02, 4.558028e-02, 4.559449e-02, 4.716574e-02, 5.030127e-02, 6.826990e-02, 8.215116e-02, 9.894085e-02, 1.012793e-01, 1.350338e-01, 1.437734e-01, 1.442267e-01, 1.442428e-01
INFO:bingo.evolutionary_optimizers.parallel_archipelago:Evolution time 0:01:08.184182	 age 1570	 fitness 4.562e-02
Level 25:bingo.evolutionary_optimizers.evolutionary_optimizer:Generation: 770 	 Elapsed time: 1:17:35.687542 	 Best training fitness: 4.561516e-02 	 
Level 25:bingo.evolutionary_optimizers.evolutionary_optimizer:770, 4.655688e+03, 10688845, 4.561516e-02, 4.558028e-02, 4.559449e-02, 4.716574e-02, 5.030127e-02, 6.826990e-02, 8.215116e-02, 9.893743e-02, 1.012793e-01, 1.350338e-01, 1.437734e-01, 1.442267e-01, 1.442428e-01
INFO:bingo.evolutionary_optimizers.parallel_archipelago:Evolution time 0:01:02.390687	 age 1590	 fitness 4.561e-02
Level 25:bingo.evolutionary_optimizers.evolutionary_optimizer:Generation: 780 	 Elapsed time: 1:18:38.407586 	 Best training fitness: 4.561043e-02 	 
Level 25:bingo.evolutionary_optimizers.evolutionary_optimizer:780, 4.718408e+03, 10854564, 4.561043e-02, 4.558028e-02, 4.559449e-02, 4.716574e-02, 5.030127e-02, 6.580192e-02, 6.826990e-02, 8.215116e-02, 9.886343e-02, 1.012793e-01, 1.350338e-01, 1.437734e-01, 1.442267e-01, 1.442428e-01
INFO:bingo.evolutionary_optimizers.parallel_archipelago:Evolution time 0:01:17.339702	 age 1620	 fitness 4.561e-02
Level 25:bingo.evolutionary_optimizers.evolutionary_optimizer:Generation: 790 	 Elapsed time: 1:19:56.128779 	 Best training fitness: 4.561355e-02 	 
Level 25:bingo.evolutionary_optimizers.evolutionary_optimizer:790, 4.796129e+03, 11049110, 4.561355e-02, 4.558028e-02, 4.559449e-02, 4.716574e-02, 5.030127e-02, 6.580192e-02, 6.826990e-02, 8.215116e-02, 9.886343e-02, 1.012793e-01, 1.350338e-01, 1.437734e-01, 1.442267e-01, 1.442428e-01
INFO:bingo.evolutionary_optimizers.parallel_archipelago:Evolution time 0:00:49.902921	 age 1640	 fitness 4.560e-02
Level 25:bingo.evolutionary_optimizers.evolutionary_optimizer:Generation: 800 	 Elapsed time: 1:20:46.371159 	 Best training fitness: 4.559769e-02 	 
Level 25:bingo.evolutionary_optimizers.evolutionary_optimizer:800, 4.846371e+03, 11169886, 4.559769e-02, 4.558028e-02, 4.559449e-02, 4.716574e-02, 5.030127e-02, 6.568303e-02, 6.826990e-02, 8.215116e-02, 9.885764e-02, 1.012793e-01, 1.350338e-01, 1.437734e-01, 1.442267e-01, 1.442428e-01
INFO:bingo.evolutionary_optimizers.parallel_archipelago:Evolution time 0:00:52.846178	 age 1660	 fitness 4.565e-02
Level 25:bingo.evolutionary_optimizers.evolutionary_optimizer:Generation: 810 	 Elapsed time: 1:21:39.549649 	 Best training fitness: 4.565456e-02 	 
Level 25:bingo.evolutionary_optimizers.evolutionary_optimizer:810, 4.899550e+03, 11300432, 4.565456e-02, 4.558028e-02, 4.559449e-02, 4.716574e-02, 5.030127e-02, 6.565487e-02, 6.826990e-02, 8.215116e-02, 9.885764e-02, 1.012793e-01, 1.350338e-01, 1.437734e-01, 1.442267e-01, 1.442428e-01
INFO:bingo.evolutionary_optimizers.parallel_archipelago:Evolution time 0:01:14.263377	 age 1680	 fitness 4.564e-02
Level 25:bingo.evolutionary_optimizers.evolutionary_optimizer:Generation: 820 	 Elapsed time: 1:22:54.138138 	 Best training fitness: 4.564415e-02 	 
Level 25:bingo.evolutionary_optimizers.evolutionary_optimizer:820, 4.974138e+03, 11479544, 4.564415e-02, 4.558028e-02, 4.559449e-02, 4.716574e-02, 5.030127e-02, 6.565230e-02, 6.826990e-02, 8.215116e-02, 9.885764e-02, 1.012793e-01, 1.350338e-01, 1.437734e-01, 1.442267e-01, 1.442428e-01
INFO:bingo.evolutionary_optimizers.parallel_archipelago:Evolution time 0:01:23.219647	 age 1710	 fitness 4.565e-02
Level 25:bingo.evolutionary_optimizers.evolutionary_optimizer:Generation: 830 	 Elapsed time: 1:24:17.685744 	 Best training fitness: 4.565302e-02 	 
Level 25:bingo.evolutionary_optimizers.evolutionary_optimizer:830, 5.057686e+03, 11657943, 4.565302e-02, 4.558028e-02, 4.559449e-02, 4.716574e-02, 5.030127e-02, 6.565131e-02, 6.826990e-02, 8.215116e-02, 9.885764e-02, 1.012793e-01, 1.350338e-01, 1.437734e-01, 1.442267e-01, 1.442428e-01
INFO:bingo.evolutionary_optimizers.parallel_archipelago:Evolution time 0:00:53.414520	 age 1730	 fitness 4.565e-02
Level 25:bingo.evolutionary_optimizers.evolutionary_optimizer:Generation: 840 	 Elapsed time: 1:25:11.470821 	 Best training fitness: 4.565412e-02 	 
Level 25:bingo.evolutionary_optimizers.evolutionary_optimizer:840, 5.111471e+03, 11801202, 4.565412e-02, 4.558028e-02, 4.559449e-02, 4.716574e-02, 5.030127e-02, 6.565131e-02, 6.826990e-02, 8.215116e-02, 9.885764e-02, 1.012793e-01, 1.350338e-01, 1.437734e-01, 1.442267e-01, 1.442428e-01
INFO:bingo.evolutionary_optimizers.parallel_archipelago:Evolution time 0:01:15.137875	 age 1760	 fitness 4.565e-02
Level 25:bingo.evolutionary_optimizers.evolutionary_optimizer:Generation: 850 	 Elapsed time: 1:26:26.937308 	 Best training fitness: 4.564731e-02 	 
Level 25:bingo.evolutionary_optimizers.evolutionary_optimizer:850, 5.186937e+03, 11957895, 4.564731e-02, 4.558028e-02, 4.559449e-02, 4.716574e-02, 5.030127e-02, 6.565131e-02, 6.826990e-02, 8.215116e-02, 9.885764e-02, 1.012793e-01, 1.350338e-01, 1.437734e-01, 1.442267e-01, 1.442428e-01
INFO:bingo.evolutionary_optimizers.parallel_archipelago:Evolution time 0:01:38.684566	 age 1770	 fitness 4.562e-02
Level 25:bingo.evolutionary_optimizers.evolutionary_optimizer:Generation: 860 	 Elapsed time: 1:28:05.990345 	 Best training fitness: 4.562342e-02 	 
Level 25:bingo.evolutionary_optimizers.evolutionary_optimizer:860, 5.285990e+03, 12151827, 4.562342e-02, 4.558028e-02, 4.559449e-02, 4.716574e-02, 5.030127e-02, 6.565131e-02, 6.826990e-02, 8.215116e-02, 9.885764e-02, 1.012793e-01, 1.350338e-01, 1.437734e-01, 1.442267e-01, 1.442428e-01
INFO:bingo.evolutionary_optimizers.parallel_archipelago:Evolution time 0:01:17.620639	 age 1800	 fitness 4.563e-02
Level 25:bingo.evolutionary_optimizers.evolutionary_optimizer:Generation: 870 	 Elapsed time: 1:29:23.944166 	 Best training fitness: 4.563461e-02 	 
Level 25:bingo.evolutionary_optimizers.evolutionary_optimizer:870, 5.363944e+03, 12334543, 4.563461e-02, 4.558028e-02, 4.559449e-02, 4.716574e-02, 5.030127e-02, 6.563612e-02, 6.826990e-02, 8.215116e-02, 9.885764e-02, 1.012793e-01, 1.350338e-01, 1.437734e-01, 1.442267e-01, 1.442428e-01
INFO:bingo.evolutionary_optimizers.parallel_archipelago:Evolution time 0:01:29.922737	 age 1840	 fitness 4.562e-02
Level 25:bingo.evolutionary_optimizers.evolutionary_optimizer:Generation: 880 	 Elapsed time: 1:30:54.198791 	 Best training fitness: 4.562267e-02 	 
Level 25:bingo.evolutionary_optimizers.evolutionary_optimizer:880, 5.454199e+03, 12521414, 4.562267e-02, 4.558028e-02, 4.559449e-02, 4.716574e-02, 5.030127e-02, 6.563612e-02, 6.826990e-02, 8.215116e-02, 9.885764e-02, 1.012793e-01, 1.350338e-01, 1.437734e-01, 1.442267e-01, 1.442428e-01
INFO:bingo.evolutionary_optimizers.parallel_archipelago:Evolution time 0:00:26.946400	 age 1850	 fitness 4.563e-02
Level 25:bingo.evolutionary_optimizers.evolutionary_optimizer:Generation: 890 	 Elapsed time: 1:31:21.363742 	 Best training fitness: 4.563398e-02 	 
Level 25:bingo.evolutionary_optimizers.evolutionary_optimizer:890, 5.481364e+03, 12599393, 4.563398e-02, 4.558028e-02, 4.559449e-02, 4.716574e-02, 5.030127e-02, 6.563612e-02, 6.825062e-02, 8.215116e-02, 9.885764e-02, 1.012793e-01, 1.350338e-01, 1.437734e-01, 1.442267e-01, 1.442428e-01
INFO:bingo.evolutionary_optimizers.parallel_archipelago:Evolution time 0:00:51.889852	 age 1860	 fitness 4.563e-02
Level 25:bingo.evolutionary_optimizers.evolutionary_optimizer:Generation: 900 	 Elapsed time: 1:32:13.473936 	 Best training fitness: 4.562637e-02 	 
Level 25:bingo.evolutionary_optimizers.evolutionary_optimizer:900, 5.533474e+03, 12700724, 4.562637e-02, 4.558028e-02, 4.559449e-02, 4.716574e-02, 5.030127e-02, 6.563612e-02, 6.825062e-02, 8.215116e-02, 9.885764e-02, 1.012793e-01, 1.350338e-01, 1.437734e-01, 1.442267e-01, 1.442428e-01
INFO:bingo.evolutionary_optimizers.parallel_archipelago:Evolution time 0:00:48.617369	 age 1880	 fitness 4.562e-02
Level 25:bingo.evolutionary_optimizers.evolutionary_optimizer:Generation: 910 	 Elapsed time: 1:33:02.315555 	 Best training fitness: 4.561838e-02 	 
Level 25:bingo.evolutionary_optimizers.evolutionary_optimizer:910, 5.582316e+03, 12800781, 4.561838e-02, 4.558028e-02, 4.559449e-02, 4.716574e-02, 5.030127e-02, 6.563612e-02, 6.825062e-02, 8.215116e-02, 9.885764e-02, 1.012793e-01, 1.350338e-01, 1.437734e-01, 1.442267e-01, 1.442428e-01
INFO:bingo.evolutionary_optimizers.parallel_archipelago:Evolution time 0:00:50.717028	 age 1890	 fitness 4.564e-02
Level 25:bingo.evolutionary_optimizers.evolutionary_optimizer:Generation: 920 	 Elapsed time: 1:33:53.249610 	 Best training fitness: 4.564370e-02 	 
Level 25:bingo.evolutionary_optimizers.evolutionary_optimizer:920, 5.633250e+03, 12900903, 4.564370e-02, 4.558028e-02, 4.559449e-02, 4.716574e-02, 5.030127e-02, 6.563612e-02, 6.825062e-02, 8.215116e-02, 9.885764e-02, 1.012793e-01, 1.350338e-01, 1.437734e-01, 1.442267e-01, 1.442428e-01
INFO:bingo.evolutionary_optimizers.parallel_archipelago:Evolution time 0:00:44.668217	 age 1900	 fitness 4.565e-02
Level 25:bingo.evolutionary_optimizers.evolutionary_optimizer:Generation: 930 	 Elapsed time: 1:34:38.161043 	 Best training fitness: 4.565072e-02 	 
Level 25:bingo.evolutionary_optimizers.evolutionary_optimizer:930, 5.678161e+03, 12993623, 4.565072e-02, 4.558028e-02, 4.559449e-02, 4.716574e-02, 5.030127e-02, 6.563612e-02, 6.825062e-02, 8.215116e-02, 9.885764e-02, 1.012793e-01, 1.350338e-01, 1.437734e-01, 1.442267e-01, 1.442428e-01
INFO:bingo.evolutionary_optimizers.parallel_archipelago:Evolution time 0:01:04.384081	 age 1930	 fitness 4.564e-02
Level 25:bingo.evolutionary_optimizers.evolutionary_optimizer:Generation: 940 	 Elapsed time: 1:35:42.750681 	 Best training fitness: 4.564038e-02 	 
Level 25:bingo.evolutionary_optimizers.evolutionary_optimizer:940, 5.742751e+03, 13102417, 4.564038e-02, 4.558028e-02, 4.559449e-02, 4.716574e-02, 5.030127e-02, 6.563612e-02, 6.825062e-02, 8.215116e-02, 9.885764e-02, 1.012793e-01, 1.350338e-01, 1.437734e-01, 1.442267e-01, 1.442428e-01
INFO:bingo.evolutionary_optimizers.parallel_archipelago:Evolution time 0:00:44.296195	 age 1940	 fitness 4.564e-02
Level 25:bingo.evolutionary_optimizers.evolutionary_optimizer:Generation: 950 	 Elapsed time: 1:36:27.257799 	 Best training fitness: 4.564116e-02 	 
Level 25:bingo.evolutionary_optimizers.evolutionary_optimizer:950, 5.787258e+03, 13193370, 4.564116e-02, 4.558028e-02, 4.559449e-02, 4.716574e-02, 5.030127e-02, 6.563612e-02, 6.825062e-02, 8.215116e-02, 9.885764e-02, 1.012793e-01, 1.350338e-01, 1.437734e-01, 1.442267e-01, 1.442428e-01
INFO:bingo.evolutionary_optimizers.parallel_archipelago:Evolution time 0:00:42.999234	 age 1950	 fitness 4.562e-02
Level 25:bingo.evolutionary_optimizers.evolutionary_optimizer:Generation: 960 	 Elapsed time: 1:37:10.467818 	 Best training fitness: 4.561636e-02 	 
Level 25:bingo.evolutionary_optimizers.evolutionary_optimizer:960, 5.830468e+03, 13283838, 4.561636e-02, 4.558028e-02, 4.559449e-02, 4.716574e-02, 5.030127e-02, 6.563612e-02, 6.825062e-02, 8.215116e-02, 9.885764e-02, 1.012793e-01, 1.350338e-01, 1.437734e-01, 1.442267e-01, 1.442428e-01
INFO:bingo.evolutionary_optimizers.parallel_archipelago:Evolution time 0:00:25.350631	 age 1960	 fitness 4.562e-02
Level 25:bingo.evolutionary_optimizers.evolutionary_optimizer:Generation: 970 	 Elapsed time: 1:37:36.026510 	 Best training fitness: 4.562035e-02 	 
Level 25:bingo.evolutionary_optimizers.evolutionary_optimizer:970, 5.856027e+03, 13361585, 4.562035e-02, 4.558028e-02, 4.559449e-02, 4.716574e-02, 5.030127e-02, 6.563612e-02, 6.825062e-02, 8.215116e-02, 9.885764e-02, 1.012793e-01, 1.350338e-01, 1.437734e-01, 1.442267e-01, 1.442428e-01
INFO:bingo.evolutionary_optimizers.parallel_archipelago:Evolution time 0:00:27.608699	 age 1970	 fitness 4.562e-02
Level 25:bingo.evolutionary_optimizers.evolutionary_optimizer:Generation: 980 	 Elapsed time: 1:38:03.840208 	 Best training fitness: 4.562035e-02 	 
Level 25:bingo.evolutionary_optimizers.evolutionary_optimizer:980, 5.883840e+03, 13443777, 4.562035e-02, 4.558028e-02, 4.559449e-02, 4.716574e-02, 5.030127e-02, 6.563612e-02, 6.825062e-02, 8.215116e-02, 9.885764e-02, 1.012793e-01, 1.350338e-01, 1.437734e-01, 1.442267e-01, 1.442428e-01
INFO:bingo.evolutionary_optimizers.parallel_archipelago:Evolution time 0:00:46.881433	 age 1980	 fitness 4.563e-02
Level 25:bingo.evolutionary_optimizers.evolutionary_optimizer:Generation: 990 	 Elapsed time: 1:38:50.930293 	 Best training fitness: 4.563413e-02 	 
Level 25:bingo.evolutionary_optimizers.evolutionary_optimizer:990, 5.930930e+03, 13557360, 4.563413e-02, 4.558028e-02, 4.559449e-02, 4.716574e-02, 5.030127e-02, 6.563612e-02, 6.825062e-02, 8.215116e-02, 9.885764e-02, 1.012793e-01, 1.350338e-01, 1.437734e-01, 1.442267e-01, 1.442428e-01
INFO:bingo.evolutionary_optimizers.parallel_archipelago:Evolution time 0:01:04.240719	 age 2010	 fitness 4.561e-02
Level 25:bingo.evolutionary_optimizers.evolutionary_optimizer:Generation: 1000 	 Elapsed time: 1:39:55.405465 	 Best training fitness: 4.560964e-02 	 
Level 25:bingo.evolutionary_optimizers.evolutionary_optimizer:1000, 5.995405e+03, 13673492, 4.560964e-02, 4.558028e-02, 4.559449e-02, 4.716574e-02, 5.030127e-02, 6.563612e-02, 6.825062e-02, 8.215116e-02, 9.885764e-02, 1.012793e-01, 1.350338e-01, 1.437734e-01, 1.442267e-01, 1.442428e-01
INFO:bingo.evolutionary_optimizers.parallel_archipelago:Evolution time 0:00:26.632261	 age 2020	 fitness 4.560e-02
Level 25:bingo.evolutionary_optimizers.evolutionary_optimizer:Generation: 1010 	 Elapsed time: 1:40:22.242780 	 Best training fitness: 4.559736e-02 	 
Level 25:bingo.evolutionary_optimizers.evolutionary_optimizer:1010, 6.022243e+03, 13756974, 4.559736e-02, 4.558028e-02, 4.559449e-02, 4.716574e-02, 5.030127e-02, 6.563612e-02, 6.825062e-02, 8.215116e-02, 9.885764e-02, 1.012793e-01, 1.350338e-01, 1.437734e-01, 1.442267e-01, 1.442428e-01
INFO:bingo.evolutionary_optimizers.parallel_archipelago:Evolution time 0:00:39.474018	 age 2030	 fitness 4.561e-02
Level 25:bingo.evolutionary_optimizers.evolutionary_optimizer:Generation: 1020 	 Elapsed time: 1:41:01.925971 	 Best training fitness: 4.560691e-02 	 
Level 25:bingo.evolutionary_optimizers.evolutionary_optimizer:1020, 6.061926e+03, 13849855, 4.560691e-02, 4.558028e-02, 4.559449e-02, 4.716574e-02, 5.030127e-02, 6.563612e-02, 6.825062e-02, 8.215116e-02, 9.885764e-02, 1.012793e-01, 1.350338e-01, 1.437734e-01, 1.442267e-01, 1.442428e-01
INFO:bingo.evolutionary_optimizers.parallel_archipelago:Evolution time 0:00:26.520942	 age 2040	 fitness 4.561e-02
Level 25:bingo.evolutionary_optimizers.evolutionary_optimizer:Generation: 1030 	 Elapsed time: 1:41:28.669667 	 Best training fitness: 4.560691e-02 	 
Level 25:bingo.evolutionary_optimizers.evolutionary_optimizer:1030, 6.088670e+03, 13931407, 4.560691e-02, 4.558028e-02, 4.559449e-02, 4.716574e-02, 5.030127e-02, 6.563612e-02, 6.825062e-02, 8.215116e-02, 9.885764e-02, 1.012793e-01, 1.350338e-01, 1.437734e-01, 1.442267e-01, 1.442428e-01
INFO:bingo.evolutionary_optimizers.parallel_archipelago:Evolution time 0:01:10.542148	 age 2050	 fitness 4.560e-02
Level 25:bingo.evolutionary_optimizers.evolutionary_optimizer:Generation: 1040 	 Elapsed time: 1:42:39.449204 	 Best training fitness: 4.560339e-02 	 
Level 25:bingo.evolutionary_optimizers.evolutionary_optimizer:1040, 6.159449e+03, 14047439, 4.560339e-02, 4.558028e-02, 4.559449e-02, 4.716574e-02, 5.030127e-02, 6.563612e-02, 6.825062e-02, 8.215116e-02, 9.885764e-02, 1.012793e-01, 1.350338e-01, 1.437734e-01, 1.442267e-01, 1.442428e-01
INFO:bingo.evolutionary_optimizers.parallel_archipelago:Evolution time 0:00:28.523877	 age 2060	 fitness 4.564e-02
Level 25:bingo.evolutionary_optimizers.evolutionary_optimizer:Generation: 1050 	 Elapsed time: 1:43:08.179131 	 Best training fitness: 4.563632e-02 	 
Level 25:bingo.evolutionary_optimizers.evolutionary_optimizer:1050, 6.188179e+03, 14130353, 4.563632e-02, 4.558028e-02, 4.559449e-02, 4.716574e-02, 5.030127e-02, 6.563612e-02, 6.825062e-02, 8.215116e-02, 9.885764e-02, 1.012793e-01, 1.350338e-01, 1.437734e-01, 1.442267e-01, 1.442428e-01
INFO:bingo.evolutionary_optimizers.parallel_archipelago:Evolution time 0:00:46.877905	 age 2070	 fitness 4.562e-02
Level 25:bingo.evolutionary_optimizers.evolutionary_optimizer:Generation: 1060 	 Elapsed time: 1:43:55.261936 	 Best training fitness: 4.561852e-02 	 
Level 25:bingo.evolutionary_optimizers.evolutionary_optimizer:1060, 6.235262e+03, 14232275, 4.561852e-02, 4.558028e-02, 4.559449e-02, 4.716574e-02, 5.030127e-02, 6.563612e-02, 6.825062e-02, 8.215116e-02, 9.885764e-02, 1.012793e-01, 1.350338e-01, 1.437734e-01, 1.442267e-01, 1.442428e-01
INFO:bingo.evolutionary_optimizers.parallel_archipelago:Evolution time 0:00:50.625224	 age 2090	 fitness 4.563e-02
Level 25:bingo.evolutionary_optimizers.evolutionary_optimizer:Generation: 1070 	 Elapsed time: 1:44:46.126826 	 Best training fitness: 4.562547e-02 	 
Level 25:bingo.evolutionary_optimizers.evolutionary_optimizer:1070, 6.286127e+03, 14339255, 4.562547e-02, 4.558028e-02, 4.559449e-02, 4.716574e-02, 5.030127e-02, 6.563612e-02, 6.825062e-02, 8.215116e-02, 9.885764e-02, 1.012793e-01, 1.350338e-01, 1.437734e-01, 1.442267e-01, 1.442428e-01
INFO:bingo.evolutionary_optimizers.parallel_archipelago:Evolution time 0:00:43.807962	 age 2120	 fitness 4.565e-02
Level 25:bingo.evolutionary_optimizers.evolutionary_optimizer:Generation: 1080 	 Elapsed time: 1:45:30.154341 	 Best training fitness: 4.565112e-02 	 
Level 25:bingo.evolutionary_optimizers.evolutionary_optimizer:1080, 6.330154e+03, 14453541, 4.565112e-02, 4.558028e-02, 4.559449e-02, 4.716574e-02, 5.030127e-02, 6.563612e-02, 6.825062e-02, 8.215116e-02, 9.885764e-02, 1.012793e-01, 1.350338e-01, 1.437734e-01, 1.442267e-01, 1.442428e-01
INFO:bingo.evolutionary_optimizers.parallel_archipelago:Evolution time 0:01:14.770169	 age 2150	 fitness 4.565e-02
Level 25:bingo.evolutionary_optimizers.evolutionary_optimizer:Generation: 1090 	 Elapsed time: 1:46:45.287154 	 Best training fitness: 4.565391e-02 	 
Level 25:bingo.evolutionary_optimizers.evolutionary_optimizer:1090, 6.405287e+03, 14639927, 4.565391e-02, 4.558028e-02, 4.559449e-02, 4.716574e-02, 5.030127e-02, 6.563612e-02, 6.825062e-02, 8.215116e-02, 9.885764e-02, 1.012793e-01, 1.350338e-01, 1.437734e-01, 1.442267e-01, 1.442428e-01
INFO:bingo.evolutionary_optimizers.parallel_archipelago:Evolution time 0:01:16.956498	 age 2170	 fitness 4.565e-02
Level 25:bingo.evolutionary_optimizers.evolutionary_optimizer:Generation: 1100 	 Elapsed time: 1:48:02.553714 	 Best training fitness: 4.565426e-02 	 
Level 25:bingo.evolutionary_optimizers.evolutionary_optimizer:1100, 6.482554e+03, 14794816, 4.565426e-02, 4.558028e-02, 4.559449e-02, 4.716574e-02, 5.030127e-02, 6.563612e-02, 6.825062e-02, 8.215116e-02, 9.885764e-02, 1.012793e-01, 1.350338e-01, 1.437734e-01, 1.442267e-01, 1.442428e-01
INFO:bingo.evolutionary_optimizers.parallel_archipelago:Evolution time 0:01:00.496733	 age 2190	 fitness 4.565e-02
Level 25:bingo.evolutionary_optimizers.evolutionary_optimizer:Generation: 1110 	 Elapsed time: 1:49:03.360714 	 Best training fitness: 4.565467e-02 	 
Level 25:bingo.evolutionary_optimizers.evolutionary_optimizer:1110, 6.543361e+03, 14937406, 4.565467e-02, 4.558028e-02, 4.559449e-02, 4.716574e-02, 5.030127e-02, 6.563612e-02, 6.825062e-02, 8.215116e-02, 9.885764e-02, 1.012793e-01, 1.350338e-01, 1.437734e-01, 1.442267e-01, 1.442428e-01
INFO:bingo.evolutionary_optimizers.parallel_archipelago:Evolution time 0:01:02.105415	 age 2220	 fitness 4.562e-02
Level 25:bingo.evolutionary_optimizers.evolutionary_optimizer:Generation: 1120 	 Elapsed time: 1:50:05.778164 	 Best training fitness: 4.562318e-02 	 
Level 25:bingo.evolutionary_optimizers.evolutionary_optimizer:1120, 6.605778e+03, 15083197, 4.562318e-02, 4.558028e-02, 4.559449e-02, 4.716574e-02, 5.030127e-02, 6.563612e-02, 6.825062e-02, 8.215116e-02, 9.885764e-02, 1.012793e-01, 1.350338e-01, 1.437734e-01, 1.442267e-01, 1.442428e-01
INFO:bingo.evolutionary_optimizers.parallel_archipelago:Evolution time 0:00:50.405423	 age 2240	 fitness 4.563e-02
Level 25:bingo.evolutionary_optimizers.evolutionary_optimizer:Generation: 1130 	 Elapsed time: 1:50:56.503417 	 Best training fitness: 4.562538e-02 	 
Level 25:bingo.evolutionary_optimizers.evolutionary_optimizer:1130, 6.656503e+03, 15214944, 4.562538e-02, 4.558028e-02, 4.559449e-02, 4.716574e-02, 5.030127e-02, 6.563612e-02, 6.825062e-02, 8.215116e-02, 9.885764e-02, 1.012793e-01, 1.350338e-01, 1.437734e-01, 1.442267e-01, 1.442428e-01
INFO:bingo.evolutionary_optimizers.parallel_archipelago:Evolution time 0:00:54.189439	 age 2280	 fitness 4.564e-02
Level 25:bingo.evolutionary_optimizers.evolutionary_optimizer:Generation: 1140 	 Elapsed time: 1:51:51.044034 	 Best training fitness: 4.564153e-02 	 
Level 25:bingo.evolutionary_optimizers.evolutionary_optimizer:1140, 6.711044e+03, 15379824, 4.564153e-02, 4.558028e-02, 4.559449e-02, 4.716574e-02, 5.030127e-02, 6.563612e-02, 6.825062e-02, 8.215116e-02, 9.885764e-02, 1.012793e-01, 1.350338e-01, 1.437734e-01, 1.442267e-01, 1.442428e-01
INFO:bingo.evolutionary_optimizers.parallel_archipelago:Evolution time 0:00:44.159539	 age 2300	 fitness 4.562e-02
Level 25:bingo.evolutionary_optimizers.evolutionary_optimizer:Generation: 1150 	 Elapsed time: 1:52:35.512979 	 Best training fitness: 4.562436e-02 	 
Level 25:bingo.evolutionary_optimizers.evolutionary_optimizer:1150, 6.755513e+03, 15499630, 4.562436e-02, 4.558028e-02, 4.559449e-02, 4.716574e-02, 5.030127e-02, 6.563612e-02, 6.825062e-02, 8.215116e-02, 9.885764e-02, 1.012793e-01, 1.350338e-01, 1.437734e-01, 1.442267e-01, 1.442428e-01
INFO:bingo.evolutionary_optimizers.parallel_archipelago:Evolution time 0:00:44.601659	 age 2320	 fitness 4.563e-02
Level 25:bingo.evolutionary_optimizers.evolutionary_optimizer:Generation: 1160 	 Elapsed time: 1:53:20.423406 	 Best training fitness: 4.563470e-02 	 
Level 25:bingo.evolutionary_optimizers.evolutionary_optimizer:1160, 6.800423e+03, 15602528, 4.563470e-02, 4.558028e-02, 4.559449e-02, 4.716574e-02, 5.030127e-02, 6.563612e-02, 6.825062e-02, 8.215116e-02, 9.885764e-02, 1.012793e-01, 1.350338e-01, 1.437734e-01, 1.442267e-01, 1.442428e-01
INFO:bingo.evolutionary_optimizers.parallel_archipelago:Evolution time 0:00:42.586745	 age 2340	 fitness 4.563e-02
Level 25:bingo.evolutionary_optimizers.evolutionary_optimizer:Generation: 1170 	 Elapsed time: 1:54:03.322336 	 Best training fitness: 4.563389e-02 	 
Level 25:bingo.evolutionary_optimizers.evolutionary_optimizer:1170, 6.843322e+03, 15714865, 4.563389e-02, 4.558028e-02, 4.559449e-02, 4.716574e-02, 5.030127e-02, 6.563612e-02, 6.825062e-02, 8.215116e-02, 9.885764e-02, 1.012793e-01, 1.350338e-01, 1.437734e-01, 1.442267e-01, 1.442428e-01
INFO:bingo.evolutionary_optimizers.parallel_archipelago:Evolution time 0:01:27.665716	 age 2360	 fitness 4.565e-02
Level 25:bingo.evolutionary_optimizers.evolutionary_optimizer:Generation: 1180 	 Elapsed time: 1:55:31.300976 	 Best training fitness: 4.564540e-02 	 
Level 25:bingo.evolutionary_optimizers.evolutionary_optimizer:1180, 6.931301e+03, 15860214, 4.564540e-02, 4.558028e-02, 4.559449e-02, 4.716574e-02, 5.030127e-02, 6.563612e-02, 6.825062e-02, 8.215116e-02, 9.885764e-02, 1.012793e-01, 1.350338e-01, 1.437734e-01, 1.442267e-01, 1.442428e-01
INFO:bingo.evolutionary_optimizers.parallel_archipelago:Evolution time 0:01:08.155060	 age 2390	 fitness 4.563e-02
Level 25:bingo.evolutionary_optimizers.evolutionary_optimizer:Generation: 1190 	 Elapsed time: 1:56:39.765940 	 Best training fitness: 4.562963e-02 	 
Level 25:bingo.evolutionary_optimizers.evolutionary_optimizer:1190, 6.999766e+03, 16001584, 4.562963e-02, 4.558028e-02, 4.559449e-02, 4.716574e-02, 5.030127e-02, 6.563612e-02, 6.825062e-02, 8.215116e-02, 9.885764e-02, 1.012793e-01, 1.350338e-01, 1.437734e-01, 1.442267e-01, 1.442428e-01
INFO:bingo.evolutionary_optimizers.parallel_archipelago:Evolution time 0:00:39.551785	 age 2410	 fitness 4.563e-02
Level 25:bingo.evolutionary_optimizers.evolutionary_optimizer:Generation: 1200 	 Elapsed time: 1:57:19.626294 	 Best training fitness: 4.562585e-02 	 
Level 25:bingo.evolutionary_optimizers.evolutionary_optimizer:1200, 7.039626e+03, 16108598, 4.562585e-02, 4.558028e-02, 4.559449e-02, 4.716574e-02, 5.030127e-02, 6.563612e-02, 6.825062e-02, 8.215116e-02, 9.885764e-02, 1.012793e-01, 1.350338e-01, 1.437734e-01, 1.442267e-01, 1.442428e-01
INFO:bingo.evolutionary_optimizers.parallel_archipelago:Evolution time 0:00:58.764871	 age 2430	 fitness 4.564e-02
Level 25:bingo.evolutionary_optimizers.evolutionary_optimizer:Generation: 1210 	 Elapsed time: 1:58:18.738306 	 Best training fitness: 4.563577e-02 	 
Level 25:bingo.evolutionary_optimizers.evolutionary_optimizer:1210, 7.098738e+03, 16247667, 4.563577e-02, 4.558028e-02, 4.559449e-02, 4.716574e-02, 5.030127e-02, 6.563612e-02, 6.825062e-02, 8.215116e-02, 9.885764e-02, 1.012793e-01, 1.350338e-01, 1.437734e-01, 1.442267e-01, 1.442428e-01
INFO:bingo.evolutionary_optimizers.parallel_archipelago:Evolution time 0:00:44.772834	 age 2450	 fitness 4.563e-02
Level 25:bingo.evolutionary_optimizers.evolutionary_optimizer:Generation: 1220 	 Elapsed time: 1:59:03.825918 	 Best training fitness: 4.563393e-02 	 
Level 25:bingo.evolutionary_optimizers.evolutionary_optimizer:1220, 7.143826e+03, 16356285, 4.563393e-02, 4.558028e-02, 4.559449e-02, 4.716574e-02, 5.030127e-02, 6.563612e-02, 6.825062e-02, 8.215116e-02, 9.885764e-02, 1.012793e-01, 1.350338e-01, 1.437734e-01, 1.442267e-01, 1.442428e-01
INFO:bingo.evolutionary_optimizers.parallel_archipelago:Evolution time 0:01:07.410539	 age 2470	 fitness 2.034e-05
Level 25:bingo.evolutionary_optimizers.evolutionary_optimizer:Generation: 1230 	 Elapsed time: 2:00:11.549633 	 Best training fitness: 2.034146e-05 	 
Level 25:bingo.evolutionary_optimizers.evolutionary_optimizer:1230, 7.211550e+03, 16509578, 2.034146e-05, 2.034146e-05, 4.233306e-02, 4.602911e-02, 1.350338e-01, 1.437734e-01, 1.442267e-01, 1.442428e-01
INFO:bingo.evolutionary_optimizers.parallel_archipelago:Evolution time 0:00:30.619598	 age 2500	 fitness 8.531e-17
Level 25:bingo.evolutionary_optimizers.evolutionary_optimizer:Generation: 1240 	 Elapsed time: 2:00:42.475243 	 Best training fitness: 8.531451e-17 	 
Level 25:bingo.evolutionary_optimizers.evolutionary_optimizer:1240, 7.242475e+03, 16600151, 8.531451e-17, 8.531451e-17, 1.442267e-01, 1.442428e-01
Level 25:bingo.evolutionary_optimizers.evolutionary_optimizer:Evolution successfully converged.
Level 25:bingo.evolutionary_optimizers.evolutionary_optimizer:  Absolte convergence occurred with best fitness < 1e-10
Level 25:bingo.evolutionary_optimizers.evolutionary_optimizer:Hall of Fame:
8.53145101442861e-17	7	sin(log((X_0)(X_0) + (X_1)(X_1)))
0.14422672291561497	2	sin(-1.203204)
0.14424283354108058	1	-0.934103
