Level 25:bingo.evolutionary_optimizers.evolutionary_optimizer:#generational_age, elapsed_time, fitness_evaluation_count, current_training_fitness, hall_of_fame_fitnesses
Level 25:bingo.evolutionary_optimizers.evolutionary_optimizer:#generational_age, elapsed_time, fitness_evaluation_count, current_training_fitness, hall_of_fame_fitnesses
Level 25:bingo.evolutionary_optimizers.evolutionary_optimizer:Generation: 0 	 Elapsed time: 0:00:05.413208 	 Best training fitness: 1.206509e-01 	 
Level 25:bingo.evolutionary_optimizers.evolutionary_optimizer:0, 5.413208e+00, 14312, 1.206509e-01
INFO:bingo.evolutionary_optimizers.parallel_archipelago:Evolution time 0:00:32.071176	 age 30	 fitness 1.203e-01
Level 25:bingo.evolutionary_optimizers.evolutionary_optimizer:Generation: 10 	 Elapsed time: 0:00:37.761692 	 Best training fitness: 1.202534e-01 	 
Level 25:bingo.evolutionary_optimizers.evolutionary_optimizer:10, 3.776169e+01, 124298, 1.202534e-01, 1.202534e-01
INFO:bingo.evolutionary_optimizers.parallel_archipelago:Evolution time 0:00:20.212363	 age 60	 fitness 1.203e-01
Level 25:bingo.evolutionary_optimizers.evolutionary_optimizer:Generation: 20 	 Elapsed time: 0:00:58.151580 	 Best training fitness: 1.202811e-01 	 
Level 25:bingo.evolutionary_optimizers.evolutionary_optimizer:20, 5.815158e+01, 198870, 1.202811e-01, 1.202534e-01
INFO:bingo.evolutionary_optimizers.parallel_archipelago:Evolution time 0:00:26.680928	 age 70	 fitness 1.203e-01
Level 25:bingo.evolutionary_optimizers.evolutionary_optimizer:Generation: 30 	 Elapsed time: 0:01:25.045660 	 Best training fitness: 1.203394e-01 	 
Level 25:bingo.evolutionary_optimizers.evolutionary_optimizer:30, 8.504566e+01, 266880, 1.203394e-01, 1.202534e-01
INFO:bingo.evolutionary_optimizers.parallel_archipelago:Evolution time 0:00:26.422785	 age 90	 fitness 1.203e-01
Level 25:bingo.evolutionary_optimizers.evolutionary_optimizer:Generation: 40 	 Elapsed time: 0:01:51.652630 	 Best training fitness: 1.203065e-01 	 
Level 25:bingo.evolutionary_optimizers.evolutionary_optimizer:40, 1.116526e+02, 339901, 1.203065e-01, 1.202534e-01
INFO:bingo.evolutionary_optimizers.parallel_archipelago:Evolution time 0:00:23.622476	 age 110	 fitness 1.201e-01
Level 25:bingo.evolutionary_optimizers.evolutionary_optimizer:Generation: 50 	 Elapsed time: 0:02:15.466443 	 Best training fitness: 1.201421e-01 	 
Level 25:bingo.evolutionary_optimizers.evolutionary_optimizer:50, 1.354664e+02, 423767, 1.201421e-01, 1.201421e-01, 1.202534e-01
INFO:bingo.evolutionary_optimizers.parallel_archipelago:Evolution time 0:00:13.942708	 age 130	 fitness 1.201e-01
Level 25:bingo.evolutionary_optimizers.evolutionary_optimizer:Generation: 60 	 Elapsed time: 0:02:29.610456 	 Best training fitness: 1.201421e-01 	 
Level 25:bingo.evolutionary_optimizers.evolutionary_optimizer:60, 1.496105e+02, 480261, 1.201421e-01, 1.201421e-01, 1.202534e-01
INFO:bingo.evolutionary_optimizers.parallel_archipelago:Evolution time 0:00:21.011399	 age 150	 fitness 1.202e-01
Level 25:bingo.evolutionary_optimizers.evolutionary_optimizer:Generation: 70 	 Elapsed time: 0:02:50.818725 	 Best training fitness: 1.202073e-01 	 
Level 25:bingo.evolutionary_optimizers.evolutionary_optimizer:70, 1.708187e+02, 570394, 1.202073e-01, 1.201421e-01, 1.202534e-01
INFO:bingo.evolutionary_optimizers.parallel_archipelago:Evolution time 0:00:24.871528	 age 170	 fitness 1.202e-01
Level 25:bingo.evolutionary_optimizers.evolutionary_optimizer:Generation: 80 	 Elapsed time: 0:03:15.891228 	 Best training fitness: 1.202074e-01 	 
Level 25:bingo.evolutionary_optimizers.evolutionary_optimizer:80, 1.958912e+02, 665027, 1.202074e-01, 1.201421e-01, 1.202534e-01
INFO:bingo.evolutionary_optimizers.parallel_archipelago:Evolution time 0:00:24.137065	 age 190	 fitness 1.200e-01
Level 25:bingo.evolutionary_optimizers.evolutionary_optimizer:Generation: 90 	 Elapsed time: 0:03:40.226937 	 Best training fitness: 1.200116e-01 	 
Level 25:bingo.evolutionary_optimizers.evolutionary_optimizer:90, 2.202269e+02, 744821, 1.200116e-01, 1.200116e-01, 1.202259e-01, 1.202534e-01
INFO:bingo.evolutionary_optimizers.parallel_archipelago:Evolution time 0:00:31.615985	 age 210	 fitness 1.201e-01
Level 25:bingo.evolutionary_optimizers.evolutionary_optimizer:Generation: 100 	 Elapsed time: 0:04:12.085455 	 Best training fitness: 1.200660e-01 	 
Level 25:bingo.evolutionary_optimizers.evolutionary_optimizer:100, 2.520855e+02, 840867, 1.200660e-01, 1.200116e-01, 1.200660e-01, 1.202259e-01, 1.202267e-01, 1.202534e-01
INFO:bingo.evolutionary_optimizers.parallel_archipelago:Evolution time 0:00:17.438021	 age 230	 fitness 1.201e-01
Level 25:bingo.evolutionary_optimizers.evolutionary_optimizer:Generation: 110 	 Elapsed time: 0:04:29.782010 	 Best training fitness: 1.200660e-01 	 
Level 25:bingo.evolutionary_optimizers.evolutionary_optimizer:110, 2.697820e+02, 924417, 1.200660e-01, 1.200116e-01, 1.200660e-01, 1.202259e-01, 1.202267e-01, 1.202534e-01
INFO:bingo.evolutionary_optimizers.parallel_archipelago:Evolution time 0:00:21.734095	 age 260	 fitness 1.200e-01
Level 25:bingo.evolutionary_optimizers.evolutionary_optimizer:Generation: 120 	 Elapsed time: 0:04:51.720124 	 Best training fitness: 1.199592e-01 	 
Level 25:bingo.evolutionary_optimizers.evolutionary_optimizer:120, 2.917201e+02, 1002025, 1.199592e-01, 1.199592e-01, 1.200632e-01, 1.202259e-01, 1.202267e-01, 1.202534e-01
INFO:bingo.evolutionary_optimizers.parallel_archipelago:Evolution time 0:00:25.864290	 age 280	 fitness 1.200e-01
Level 25:bingo.evolutionary_optimizers.evolutionary_optimizer:Generation: 130 	 Elapsed time: 0:05:17.789787 	 Best training fitness: 1.199534e-01 	 
Level 25:bingo.evolutionary_optimizers.evolutionary_optimizer:130, 3.177898e+02, 1099530, 1.199534e-01, 1.199534e-01, 1.200348e-01, 1.202259e-01, 1.202267e-01, 1.202534e-01
INFO:bingo.evolutionary_optimizers.parallel_archipelago:Evolution time 0:00:26.550139	 age 300	 fitness 1.200e-01
Level 25:bingo.evolutionary_optimizers.evolutionary_optimizer:Generation: 140 	 Elapsed time: 0:05:44.541357 	 Best training fitness: 1.199943e-01 	 
Level 25:bingo.evolutionary_optimizers.evolutionary_optimizer:140, 3.445414e+02, 1197117, 1.199943e-01, 1.199534e-01, 1.199943e-01, 1.202259e-01, 1.202267e-01, 1.202534e-01
INFO:bingo.evolutionary_optimizers.parallel_archipelago:Evolution time 0:00:09.940721	 age 310	 fitness 1.201e-01
Level 25:bingo.evolutionary_optimizers.evolutionary_optimizer:Generation: 150 	 Elapsed time: 0:05:54.676566 	 Best training fitness: 1.200659e-01 	 
Level 25:bingo.evolutionary_optimizers.evolutionary_optimizer:150, 3.546766e+02, 1247785, 1.200659e-01, 1.199534e-01, 1.199943e-01, 1.202259e-01, 1.202267e-01, 1.202534e-01
INFO:bingo.evolutionary_optimizers.parallel_archipelago:Evolution time 0:00:26.509936	 age 330	 fitness 1.200e-01
Level 25:bingo.evolutionary_optimizers.evolutionary_optimizer:Generation: 160 	 Elapsed time: 0:06:21.404814 	 Best training fitness: 1.199795e-01 	 
Level 25:bingo.evolutionary_optimizers.evolutionary_optimizer:160, 3.814048e+02, 1349726, 1.199795e-01, 1.199534e-01, 1.199943e-01, 1.202259e-01, 1.202267e-01, 1.202534e-01
INFO:bingo.evolutionary_optimizers.parallel_archipelago:Evolution time 0:00:31.717543	 age 350	 fitness 1.175e-01
Level 25:bingo.evolutionary_optimizers.evolutionary_optimizer:Generation: 170 	 Elapsed time: 0:06:53.506707 	 Best training fitness: 1.174835e-01 	 
Level 25:bingo.evolutionary_optimizers.evolutionary_optimizer:170, 4.135067e+02, 1448968, 1.174835e-01, 1.174835e-01, 1.180704e-01, 1.199534e-01, 1.199943e-01, 1.202259e-01, 1.202267e-01, 1.202534e-01
INFO:bingo.evolutionary_optimizers.parallel_archipelago:Evolution time 0:00:25.514534	 age 380	 fitness 7.110e-17
Level 25:bingo.evolutionary_optimizers.evolutionary_optimizer:Generation: 180 	 Elapsed time: 0:07:19.379119 	 Best training fitness: 7.109543e-17 	 
Level 25:bingo.evolutionary_optimizers.evolutionary_optimizer:180, 4.393791e+02, 1543589, 7.109543e-17, 7.109543e-17, 1.202267e-01, 1.202414e-01
Level 25:bingo.evolutionary_optimizers.evolutionary_optimizer:Evolution successfully converged.
Level 25:bingo.evolutionary_optimizers.evolutionary_optimizer:  Absolte convergence occurred with best fitness < 1e-10
Level 25:bingo.evolutionary_optimizers.evolutionary_optimizer:Hall of Fame:
7.109542512023842e-17	7	sin(log((X_0)(X_0) + (X_1)(X_1)))
0.12022668426023299	5	sin((3.995405)(3.995405) + ((3.995405)(3.995405))(3.995405))
0.1202413678723321	1	-0.932291
