Level 25:bingo.evolutionary_optimizers.evolutionary_optimizer:#generational_age, elapsed_time, fitness_evaluation_count, current_training_fitness, hall_of_fame_fitnesses
Level 25:bingo.evolutionary_optimizers.evolutionary_optimizer:#generational_age, elapsed_time, fitness_evaluation_count, current_training_fitness, hall_of_fame_fitnesses
Level 25:bingo.evolutionary_optimizers.evolutionary_optimizer:Generation: 0 	 Elapsed time: 0:00:04.990269 	 Best training fitness: 1.685932e-01 	 
Level 25:bingo.evolutionary_optimizers.evolutionary_optimizer:0, 4.990269e+00, 14193, 1.685932e-01
INFO:bingo.evolutionary_optimizers.parallel_archipelago:Evolution time 0:00:52.126970	 age 40	 fitness 1.675e-01
Level 25:bingo.evolutionary_optimizers.evolutionary_optimizer:Generation: 10 	 Elapsed time: 0:00:57.422626 	 Best training fitness: 1.674756e-01 	 
Level 25:bingo.evolutionary_optimizers.evolutionary_optimizer:10, 5.742263e+01, 118635, 1.674756e-01, 1.674756e-01, 1.683168e-01, 1.683453e-01, 1.684989e-01
INFO:bingo.evolutionary_optimizers.parallel_archipelago:Evolution time 0:00:42.311588	 age 70	 fitness 1.399e-01
Level 25:bingo.evolutionary_optimizers.evolutionary_optimizer:Generation: 20 	 Elapsed time: 0:01:40.066944 	 Best training fitness: 1.398927e-01 	 
Level 25:bingo.evolutionary_optimizers.evolutionary_optimizer:20, 1.000669e+02, 228910, 1.398927e-01, 1.398927e-01, 1.683168e-01, 1.683308e-01, 1.683639e-01
INFO:bingo.evolutionary_optimizers.parallel_archipelago:Evolution time 0:00:26.415827	 age 90	 fitness 1.350e-01
Level 25:bingo.evolutionary_optimizers.evolutionary_optimizer:Generation: 30 	 Elapsed time: 0:02:06.866828 	 Best training fitness: 1.350234e-01 	 
Level 25:bingo.evolutionary_optimizers.evolutionary_optimizer:30, 1.268668e+02, 307209, 1.350234e-01, 1.350234e-01, 1.395473e-01, 1.682776e-01, 1.683308e-01, 1.683458e-01, 1.683506e-01
INFO:bingo.evolutionary_optimizers.parallel_archipelago:Evolution time 0:01:00.405649	 age 130	 fitness 1.288e-01
Level 25:bingo.evolutionary_optimizers.evolutionary_optimizer:Generation: 40 	 Elapsed time: 0:03:07.604038 	 Best training fitness: 1.288192e-01 	 
Level 25:bingo.evolutionary_optimizers.evolutionary_optimizer:40, 1.876040e+02, 426130, 1.288192e-01, 1.288192e-01, 1.290232e-01, 1.395473e-01, 1.682776e-01, 1.682939e-01, 1.683506e-01
INFO:bingo.evolutionary_optimizers.parallel_archipelago:Evolution time 0:00:58.114447	 age 150	 fitness 1.186e-01
Level 25:bingo.evolutionary_optimizers.evolutionary_optimizer:Generation: 50 	 Elapsed time: 0:04:06.057864 	 Best training fitness: 1.185565e-01 	 
Level 25:bingo.evolutionary_optimizers.evolutionary_optimizer:50, 2.460579e+02, 540850, 1.185565e-01, 1.185565e-01, 1.193133e-01, 1.288160e-01, 1.288588e-01, 1.290232e-01, 1.395473e-01, 1.682776e-01, 1.682939e-01, 1.683506e-01
INFO:bingo.evolutionary_optimizers.parallel_archipelago:Evolution time 0:00:33.006316	 age 160	 fitness 1.184e-01
Level 25:bingo.evolutionary_optimizers.evolutionary_optimizer:Generation: 60 	 Elapsed time: 0:04:39.415817 	 Best training fitness: 1.184329e-01 	 
Level 25:bingo.evolutionary_optimizers.evolutionary_optimizer:60, 2.794158e+02, 617360, 1.184329e-01, 1.184329e-01, 1.191080e-01, 1.197825e-01, 1.290232e-01, 1.395473e-01, 1.682776e-01, 1.682939e-01, 1.683506e-01
INFO:bingo.evolutionary_optimizers.parallel_archipelago:Evolution time 0:00:28.411911	 age 170	 fitness 1.164e-01
Level 25:bingo.evolutionary_optimizers.evolutionary_optimizer:Generation: 70 	 Elapsed time: 0:05:08.179112 	 Best training fitness: 1.163899e-01 	 
Level 25:bingo.evolutionary_optimizers.evolutionary_optimizer:70, 3.081791e+02, 690705, 1.163899e-01, 1.163899e-01, 1.191080e-01, 1.197825e-01, 1.290232e-01, 1.395473e-01, 1.682776e-01, 1.682939e-01, 1.683506e-01
INFO:bingo.evolutionary_optimizers.parallel_archipelago:Evolution time 0:00:46.480592	 age 180	 fitness 1.159e-01
Level 25:bingo.evolutionary_optimizers.evolutionary_optimizer:Generation: 80 	 Elapsed time: 0:05:55.013504 	 Best training fitness: 1.159113e-01 	 
Level 25:bingo.evolutionary_optimizers.evolutionary_optimizer:80, 3.550135e+02, 769744, 1.159113e-01, 1.159113e-01, 1.173213e-01, 1.191080e-01, 1.197825e-01, 1.290232e-01, 1.395473e-01, 1.682776e-01, 1.682939e-01, 1.683506e-01
INFO:bingo.evolutionary_optimizers.parallel_archipelago:Evolution time 0:00:54.344163	 age 190	 fitness 1.080e-01
Level 25:bingo.evolutionary_optimizers.evolutionary_optimizer:Generation: 90 	 Elapsed time: 0:06:49.752316 	 Best training fitness: 1.079500e-01 	 
Level 25:bingo.evolutionary_optimizers.evolutionary_optimizer:90, 4.097523e+02, 861486, 1.079500e-01, 1.079500e-01, 1.107393e-01, 1.173213e-01, 1.191080e-01, 1.197825e-01, 1.290232e-01, 1.395473e-01, 1.682700e-01, 1.682939e-01, 1.683506e-01
INFO:bingo.evolutionary_optimizers.parallel_archipelago:Evolution time 0:00:36.516704	 age 210	 fitness 9.736e-02
Level 25:bingo.evolutionary_optimizers.evolutionary_optimizer:Generation: 100 	 Elapsed time: 0:07:26.619077 	 Best training fitness: 9.736056e-02 	 
Level 25:bingo.evolutionary_optimizers.evolutionary_optimizer:100, 4.466191e+02, 946834, 9.736056e-02, 9.736056e-02, 9.750278e-02, 1.158502e-01, 1.174586e-01, 1.197825e-01, 1.290232e-01, 1.395473e-01, 1.682698e-01, 1.682700e-01, 1.682749e-01
INFO:bingo.evolutionary_optimizers.parallel_archipelago:Evolution time 0:00:33.397391	 age 230	 fitness 9.725e-02
Level 25:bingo.evolutionary_optimizers.evolutionary_optimizer:Generation: 110 	 Elapsed time: 0:08:00.373340 	 Best training fitness: 9.725007e-02 	 
Level 25:bingo.evolutionary_optimizers.evolutionary_optimizer:110, 4.803733e+02, 1017293, 9.725007e-02, 9.725007e-02, 9.726019e-02, 1.197825e-01, 1.288802e-01, 1.395473e-01, 1.682698e-01, 1.682700e-01, 1.682749e-01
INFO:bingo.evolutionary_optimizers.parallel_archipelago:Evolution time 0:00:23.309313	 age 240	 fitness 9.953e-17
Level 25:bingo.evolutionary_optimizers.evolutionary_optimizer:Generation: 120 	 Elapsed time: 0:08:24.032103 	 Best training fitness: 9.953360e-17 	 
Level 25:bingo.evolutionary_optimizers.evolutionary_optimizer:120, 5.040321e+02, 1080798, 9.953360e-17, 9.953360e-17, 1.682698e-01, 1.682700e-01, 1.682749e-01
Level 25:bingo.evolutionary_optimizers.evolutionary_optimizer:Evolution successfully converged.
Level 25:bingo.evolutionary_optimizers.evolutionary_optimizer:  Absolte convergence occurred with best fitness < 1e-10
Level 25:bingo.evolutionary_optimizers.evolutionary_optimizer:Hall of Fame:
9.953359516833379e-17	7	sin(log((X_0)(X_0) + (X_1)(X_1)))
0.1682698453820358	5	log(sin(sin(log(-0.065521))))
0.16827004424684872	3	sin(-0.968123 + -0.968123)
0.1682748979303999	1	-0.932769
