Level 25:bingo.evolutionary_optimizers.evolutionary_optimizer:#generational_age, elapsed_time, fitness_evaluation_count, current_training_fitness, hall_of_fame_fitnesses
Level 25:bingo.evolutionary_optimizers.evolutionary_optimizer:#generational_age, elapsed_time, fitness_evaluation_count, current_training_fitness, hall_of_fame_fitnesses
Level 25:bingo.evolutionary_optimizers.parallel_archipelago:Saving checkpoint: src/bingo_bias_vias_decomposition/checkpoints_st_20/implicit_st_20_p3_p7_7_0.pkl
INFO:bingo.evolutionary_optimizers.parallel_archipelago:Saved successfully
Level 25:bingo.evolutionary_optimizers.evolutionary_optimizer:Generation: 0 	 Elapsed time: 0:00:04.506693 	 Best training fitness: 7.302405e-02 	 
Level 25:bingo.evolutionary_optimizers.evolutionary_optimizer:0, 4.506693e+00, 12114, 7.302405e-02
INFO:bingo.evolutionary_optimizers.parallel_archipelago:Performing migration between Islands
INFO:bingo.evolutionary_optimizers.parallel_archipelago:Evolution time 0:00:39.060959	 age 20	 fitness 7.232e-02
Level 25:bingo.evolutionary_optimizers.parallel_archipelago:Saving checkpoint: src/bingo_bias_vias_decomposition/checkpoints_st_20/implicit_st_20_p3_p7_7_10.pkl
INFO:bingo.evolutionary_optimizers.parallel_archipelago:Saved successfully
Level 25:bingo.evolutionary_optimizers.evolutionary_optimizer:Generation: 10 	 Elapsed time: 0:00:43.775064 	 Best training fitness: 7.231930e-02 	 
Level 25:bingo.evolutionary_optimizers.evolutionary_optimizer:10, 4.377506e+01, 115001, 7.231930e-02, 7.231930e-02, 7.254127e-02
INFO:bingo.evolutionary_optimizers.parallel_archipelago:Performing migration between Islands
INFO:bingo.evolutionary_optimizers.parallel_archipelago:Evolution time 0:00:24.524668	 age 30	 fitness 7.230e-02
Level 25:bingo.evolutionary_optimizers.parallel_archipelago:Saving checkpoint: src/bingo_bias_vias_decomposition/checkpoints_st_20/implicit_st_20_p3_p7_7_20.pkl
INFO:bingo.evolutionary_optimizers.parallel_archipelago:Saved successfully
Level 25:bingo.evolutionary_optimizers.evolutionary_optimizer:Generation: 20 	 Elapsed time: 0:01:08.547978 	 Best training fitness: 7.229671e-02 	 
Level 25:bingo.evolutionary_optimizers.evolutionary_optimizer:20, 6.854798e+01, 185718, 7.229671e-02, 7.229671e-02, 7.254127e-02
INFO:bingo.evolutionary_optimizers.parallel_archipelago:Performing migration between Islands
INFO:bingo.evolutionary_optimizers.parallel_archipelago:Evolution time 0:00:36.896815	 age 40	 fitness 7.230e-02
Level 25:bingo.evolutionary_optimizers.parallel_archipelago:Saving checkpoint: src/bingo_bias_vias_decomposition/checkpoints_st_20/implicit_st_20_p3_p7_7_30.pkl
INFO:bingo.evolutionary_optimizers.parallel_archipelago:Saved successfully
Level 25:bingo.evolutionary_optimizers.evolutionary_optimizer:Generation: 30 	 Elapsed time: 0:01:45.659057 	 Best training fitness: 7.230062e-02 	 
Level 25:bingo.evolutionary_optimizers.evolutionary_optimizer:30, 1.056591e+02, 257223, 7.230062e-02, 7.229671e-02, 7.254127e-02
INFO:bingo.evolutionary_optimizers.parallel_archipelago:Performing migration between Islands
INFO:bingo.evolutionary_optimizers.parallel_archipelago:Evolution time 0:00:47.270007	 age 50	 fitness 7.231e-02
Level 25:bingo.evolutionary_optimizers.parallel_archipelago:Saving checkpoint: src/bingo_bias_vias_decomposition/checkpoints_st_20/implicit_st_20_p3_p7_7_40.pkl
INFO:bingo.evolutionary_optimizers.parallel_archipelago:Saved successfully
Level 25:bingo.evolutionary_optimizers.evolutionary_optimizer:Generation: 40 	 Elapsed time: 0:02:33.141232 	 Best training fitness: 7.231168e-02 	 
Level 25:bingo.evolutionary_optimizers.evolutionary_optimizer:40, 1.531412e+02, 335244, 7.231168e-02, 7.229671e-02, 7.254127e-02
INFO:bingo.evolutionary_optimizers.parallel_archipelago:Performing migration between Islands
INFO:bingo.evolutionary_optimizers.parallel_archipelago:Evolution time 0:00:28.444992	 age 60	 fitness 7.234e-02
Level 25:bingo.evolutionary_optimizers.parallel_archipelago:Saving checkpoint: src/bingo_bias_vias_decomposition/checkpoints_st_20/implicit_st_20_p3_p7_7_50.pkl
INFO:bingo.evolutionary_optimizers.parallel_archipelago:Saved successfully
Level 25:bingo.evolutionary_optimizers.evolutionary_optimizer:Generation: 50 	 Elapsed time: 0:03:01.795120 	 Best training fitness: 7.233715e-02 	 
Level 25:bingo.evolutionary_optimizers.evolutionary_optimizer:50, 1.817951e+02, 392798, 7.233715e-02, 7.229671e-02, 7.254127e-02
INFO:bingo.evolutionary_optimizers.parallel_archipelago:Performing migration between Islands
INFO:bingo.evolutionary_optimizers.parallel_archipelago:Evolution time 0:00:43.102468	 age 70	 fitness 7.231e-02
Level 25:bingo.evolutionary_optimizers.parallel_archipelago:Saving checkpoint: src/bingo_bias_vias_decomposition/checkpoints_st_20/implicit_st_20_p3_p7_7_60.pkl
INFO:bingo.evolutionary_optimizers.parallel_archipelago:Saved successfully
Level 25:bingo.evolutionary_optimizers.evolutionary_optimizer:Generation: 60 	 Elapsed time: 0:03:45.101865 	 Best training fitness: 7.230762e-02 	 
Level 25:bingo.evolutionary_optimizers.evolutionary_optimizer:60, 2.251019e+02, 463905, 7.230762e-02, 7.229671e-02, 7.254127e-02
INFO:bingo.evolutionary_optimizers.parallel_archipelago:Performing migration between Islands
INFO:bingo.evolutionary_optimizers.parallel_archipelago:Evolution time 0:00:27.397308	 age 80	 fitness 7.229e-02
Level 25:bingo.evolutionary_optimizers.parallel_archipelago:Saving checkpoint: src/bingo_bias_vias_decomposition/checkpoints_st_20/implicit_st_20_p3_p7_7_70.pkl
INFO:bingo.evolutionary_optimizers.parallel_archipelago:Saved successfully
Level 25:bingo.evolutionary_optimizers.evolutionary_optimizer:Generation: 70 	 Elapsed time: 0:04:12.706006 	 Best training fitness: 7.229218e-02 	 
Level 25:bingo.evolutionary_optimizers.evolutionary_optimizer:70, 2.527060e+02, 522296, 7.229218e-02, 7.229218e-02, 7.229671e-02, 7.254127e-02
INFO:bingo.evolutionary_optimizers.parallel_archipelago:Performing migration between Islands
INFO:bingo.evolutionary_optimizers.parallel_archipelago:Evolution time 0:00:27.535030	 age 90	 fitness 7.229e-02
Level 25:bingo.evolutionary_optimizers.parallel_archipelago:Saving checkpoint: src/bingo_bias_vias_decomposition/checkpoints_st_20/implicit_st_20_p3_p7_7_80.pkl
INFO:bingo.evolutionary_optimizers.parallel_archipelago:Saved successfully
Level 25:bingo.evolutionary_optimizers.evolutionary_optimizer:Generation: 80 	 Elapsed time: 0:04:40.449188 	 Best training fitness: 7.229489e-02 	 
Level 25:bingo.evolutionary_optimizers.evolutionary_optimizer:80, 2.804492e+02, 589892, 7.229489e-02, 7.229218e-02, 7.229671e-02, 7.254127e-02
INFO:bingo.evolutionary_optimizers.parallel_archipelago:Performing migration between Islands
INFO:bingo.evolutionary_optimizers.parallel_archipelago:Evolution time 0:00:23.862342	 age 100	 fitness 7.232e-02
Level 25:bingo.evolutionary_optimizers.parallel_archipelago:Saving checkpoint: src/bingo_bias_vias_decomposition/checkpoints_st_20/implicit_st_20_p3_p7_7_90.pkl
INFO:bingo.evolutionary_optimizers.parallel_archipelago:Saved successfully
Level 25:bingo.evolutionary_optimizers.evolutionary_optimizer:Generation: 90 	 Elapsed time: 0:05:04.520029 	 Best training fitness: 7.232306e-02 	 
Level 25:bingo.evolutionary_optimizers.evolutionary_optimizer:90, 3.045200e+02, 663607, 7.232306e-02, 7.229218e-02, 7.229671e-02, 7.254127e-02
INFO:bingo.evolutionary_optimizers.parallel_archipelago:Performing migration between Islands
INFO:bingo.evolutionary_optimizers.parallel_archipelago:Evolution time 0:00:20.372532	 age 110	 fitness 7.222e-02
Level 25:bingo.evolutionary_optimizers.parallel_archipelago:Saving checkpoint: src/bingo_bias_vias_decomposition/checkpoints_st_20/implicit_st_20_p3_p7_7_100.pkl
INFO:bingo.evolutionary_optimizers.parallel_archipelago:Saved successfully
Level 25:bingo.evolutionary_optimizers.evolutionary_optimizer:Generation: 100 	 Elapsed time: 0:05:25.100043 	 Best training fitness: 7.221671e-02 	 
Level 25:bingo.evolutionary_optimizers.evolutionary_optimizer:100, 3.251000e+02, 728110, 7.221671e-02, 7.221671e-02, 7.229218e-02, 7.229671e-02, 7.251016e-02
INFO:bingo.evolutionary_optimizers.parallel_archipelago:Performing migration between Islands
INFO:bingo.evolutionary_optimizers.parallel_archipelago:Evolution time 0:00:17.488653	 age 120	 fitness 7.228e-02
Level 25:bingo.evolutionary_optimizers.parallel_archipelago:Saving checkpoint: src/bingo_bias_vias_decomposition/checkpoints_st_20/implicit_st_20_p3_p7_7_110.pkl
INFO:bingo.evolutionary_optimizers.parallel_archipelago:Saved successfully
Level 25:bingo.evolutionary_optimizers.evolutionary_optimizer:Generation: 110 	 Elapsed time: 0:05:42.800091 	 Best training fitness: 7.228219e-02 	 
Level 25:bingo.evolutionary_optimizers.evolutionary_optimizer:110, 3.428001e+02, 787422, 7.228219e-02, 7.221671e-02, 7.228219e-02, 7.251016e-02
INFO:bingo.evolutionary_optimizers.parallel_archipelago:Performing migration between Islands
INFO:bingo.evolutionary_optimizers.parallel_archipelago:Evolution time 0:00:27.339787	 age 130	 fitness 7.228e-02
Level 25:bingo.evolutionary_optimizers.parallel_archipelago:Saving checkpoint: src/bingo_bias_vias_decomposition/checkpoints_st_20/implicit_st_20_p3_p7_7_120.pkl
INFO:bingo.evolutionary_optimizers.parallel_archipelago:Saved successfully
Level 25:bingo.evolutionary_optimizers.evolutionary_optimizer:Generation: 120 	 Elapsed time: 0:06:10.391160 	 Best training fitness: 7.228219e-02 	 
Level 25:bingo.evolutionary_optimizers.evolutionary_optimizer:120, 3.703912e+02, 838871, 7.228219e-02, 7.221671e-02, 7.228219e-02, 7.251016e-02
INFO:bingo.evolutionary_optimizers.parallel_archipelago:Performing migration between Islands
INFO:bingo.evolutionary_optimizers.parallel_archipelago:Evolution time 0:00:28.260081	 age 140	 fitness 7.228e-02
Level 25:bingo.evolutionary_optimizers.parallel_archipelago:Saving checkpoint: src/bingo_bias_vias_decomposition/checkpoints_st_20/implicit_st_20_p3_p7_7_130.pkl
INFO:bingo.evolutionary_optimizers.parallel_archipelago:Saved successfully
Level 25:bingo.evolutionary_optimizers.evolutionary_optimizer:Generation: 130 	 Elapsed time: 0:06:38.864022 	 Best training fitness: 7.228219e-02 	 
Level 25:bingo.evolutionary_optimizers.evolutionary_optimizer:130, 3.988640e+02, 891525, 7.228219e-02, 7.221671e-02, 7.228219e-02, 7.251016e-02
INFO:bingo.evolutionary_optimizers.parallel_archipelago:Performing migration between Islands
INFO:bingo.evolutionary_optimizers.parallel_archipelago:Evolution time 0:00:26.577857	 age 150	 fitness 7.228e-02
Level 25:bingo.evolutionary_optimizers.parallel_archipelago:Saving checkpoint: src/bingo_bias_vias_decomposition/checkpoints_st_20/implicit_st_20_p3_p7_7_140.pkl
INFO:bingo.evolutionary_optimizers.parallel_archipelago:Saved successfully
Level 25:bingo.evolutionary_optimizers.evolutionary_optimizer:Generation: 140 	 Elapsed time: 0:07:05.653976 	 Best training fitness: 7.227678e-02 	 
Level 25:bingo.evolutionary_optimizers.evolutionary_optimizer:140, 4.256540e+02, 948764, 7.227678e-02, 7.221671e-02, 7.228219e-02, 7.251016e-02
INFO:bingo.evolutionary_optimizers.parallel_archipelago:Performing migration between Islands
INFO:bingo.evolutionary_optimizers.parallel_archipelago:Evolution time 0:00:43.220382	 age 160	 fitness 7.228e-02
Level 25:bingo.evolutionary_optimizers.parallel_archipelago:Saving checkpoint: src/bingo_bias_vias_decomposition/checkpoints_st_20/implicit_st_20_p3_p7_7_150.pkl
INFO:bingo.evolutionary_optimizers.parallel_archipelago:Saved successfully
Level 25:bingo.evolutionary_optimizers.evolutionary_optimizer:Generation: 150 	 Elapsed time: 0:07:49.093969 	 Best training fitness: 7.227514e-02 	 
Level 25:bingo.evolutionary_optimizers.evolutionary_optimizer:150, 4.690940e+02, 1011237, 7.227514e-02, 7.221671e-02, 7.228219e-02, 7.251016e-02
INFO:bingo.evolutionary_optimizers.parallel_archipelago:Performing migration between Islands
INFO:bingo.evolutionary_optimizers.parallel_archipelago:Evolution time 0:00:40.708421	 age 170	 fitness 7.227e-02
Level 25:bingo.evolutionary_optimizers.parallel_archipelago:Saving checkpoint: src/bingo_bias_vias_decomposition/checkpoints_st_20/implicit_st_20_p3_p7_7_160.pkl
INFO:bingo.evolutionary_optimizers.parallel_archipelago:Saved successfully
Level 25:bingo.evolutionary_optimizers.evolutionary_optimizer:Generation: 160 	 Elapsed time: 0:08:30.030452 	 Best training fitness: 7.227387e-02 	 
Level 25:bingo.evolutionary_optimizers.evolutionary_optimizer:160, 5.100305e+02, 1082218, 7.227387e-02, 7.221671e-02, 7.228219e-02, 7.244664e-02
INFO:bingo.evolutionary_optimizers.parallel_archipelago:Performing migration between Islands
INFO:bingo.evolutionary_optimizers.parallel_archipelago:Evolution time 0:00:40.630034	 age 180	 fitness 7.215e-02
Level 25:bingo.evolutionary_optimizers.parallel_archipelago:Saving checkpoint: src/bingo_bias_vias_decomposition/checkpoints_st_20/implicit_st_20_p3_p7_7_170.pkl
INFO:bingo.evolutionary_optimizers.parallel_archipelago:Saved successfully
Level 25:bingo.evolutionary_optimizers.evolutionary_optimizer:Generation: 170 	 Elapsed time: 0:09:10.910058 	 Best training fitness: 7.214827e-02 	 
Level 25:bingo.evolutionary_optimizers.evolutionary_optimizer:170, 5.509101e+02, 1145810, 7.214827e-02, 7.214827e-02, 7.221671e-02, 7.228219e-02, 7.244035e-02
INFO:bingo.evolutionary_optimizers.parallel_archipelago:Performing migration between Islands
INFO:bingo.evolutionary_optimizers.parallel_archipelago:Evolution time 0:00:38.765983	 age 190	 fitness 7.224e-02
Level 25:bingo.evolutionary_optimizers.parallel_archipelago:Saving checkpoint: src/bingo_bias_vias_decomposition/checkpoints_st_20/implicit_st_20_p3_p7_7_180.pkl
INFO:bingo.evolutionary_optimizers.parallel_archipelago:Saved successfully
Level 25:bingo.evolutionary_optimizers.evolutionary_optimizer:Generation: 180 	 Elapsed time: 0:09:49.894899 	 Best training fitness: 7.224358e-02 	 
Level 25:bingo.evolutionary_optimizers.evolutionary_optimizer:180, 5.898949e+02, 1223716, 7.224358e-02, 7.214827e-02, 7.221671e-02, 7.228219e-02, 7.233197e-02
INFO:bingo.evolutionary_optimizers.parallel_archipelago:Performing migration between Islands
INFO:bingo.evolutionary_optimizers.parallel_archipelago:Evolution time 0:00:48.532512	 age 200	 fitness 7.222e-02
Level 25:bingo.evolutionary_optimizers.parallel_archipelago:Saving checkpoint: src/bingo_bias_vias_decomposition/checkpoints_st_20/implicit_st_20_p3_p7_7_190.pkl
INFO:bingo.evolutionary_optimizers.parallel_archipelago:Saved successfully
Level 25:bingo.evolutionary_optimizers.evolutionary_optimizer:Generation: 190 	 Elapsed time: 0:10:38.640231 	 Best training fitness: 7.222064e-02 	 
Level 25:bingo.evolutionary_optimizers.evolutionary_optimizer:190, 6.386402e+02, 1314190, 7.222064e-02, 7.214827e-02, 7.221671e-02, 7.224762e-02
INFO:bingo.evolutionary_optimizers.parallel_archipelago:Performing migration between Islands
INFO:bingo.evolutionary_optimizers.parallel_archipelago:Evolution time 0:00:30.852686	 age 210	 fitness 7.169e-02
Level 25:bingo.evolutionary_optimizers.parallel_archipelago:Saving checkpoint: src/bingo_bias_vias_decomposition/checkpoints_st_20/implicit_st_20_p3_p7_7_200.pkl
INFO:bingo.evolutionary_optimizers.parallel_archipelago:Saved successfully
Level 25:bingo.evolutionary_optimizers.evolutionary_optimizer:Generation: 200 	 Elapsed time: 0:11:09.709076 	 Best training fitness: 7.169071e-02 	 
Level 25:bingo.evolutionary_optimizers.evolutionary_optimizer:200, 6.697091e+02, 1389514, 7.169071e-02, 7.169071e-02, 7.214827e-02, 7.221671e-02, 7.224762e-02
INFO:bingo.evolutionary_optimizers.parallel_archipelago:Performing migration between Islands
INFO:bingo.evolutionary_optimizers.parallel_archipelago:Evolution time 0:00:32.800190	 age 220	 fitness 7.169e-02
Level 25:bingo.evolutionary_optimizers.parallel_archipelago:Saving checkpoint: src/bingo_bias_vias_decomposition/checkpoints_st_20/implicit_st_20_p3_p7_7_210.pkl
INFO:bingo.evolutionary_optimizers.parallel_archipelago:Saved successfully
Level 25:bingo.evolutionary_optimizers.evolutionary_optimizer:Generation: 210 	 Elapsed time: 0:11:42.728469 	 Best training fitness: 7.169071e-02 	 
Level 25:bingo.evolutionary_optimizers.evolutionary_optimizer:210, 7.027285e+02, 1476580, 7.169071e-02, 7.169071e-02, 7.214827e-02, 7.221671e-02, 7.224330e-02
INFO:bingo.evolutionary_optimizers.parallel_archipelago:Performing migration between Islands
INFO:bingo.evolutionary_optimizers.parallel_archipelago:Evolution time 0:00:13.948890	 age 230	 fitness 7.168e-02
Level 25:bingo.evolutionary_optimizers.parallel_archipelago:Saving checkpoint: src/bingo_bias_vias_decomposition/checkpoints_st_20/implicit_st_20_p3_p7_7_220.pkl
INFO:bingo.evolutionary_optimizers.parallel_archipelago:Saved successfully
Level 25:bingo.evolutionary_optimizers.evolutionary_optimizer:Generation: 220 	 Elapsed time: 0:11:56.890272 	 Best training fitness: 7.168407e-02 	 
Level 25:bingo.evolutionary_optimizers.evolutionary_optimizer:220, 7.168903e+02, 1521307, 7.168407e-02, 7.168407e-02, 7.214827e-02, 7.221671e-02, 7.224330e-02
INFO:bingo.evolutionary_optimizers.parallel_archipelago:Performing migration between Islands
INFO:bingo.evolutionary_optimizers.parallel_archipelago:Evolution time 0:00:23.466024	 age 240	 fitness 7.160e-02
Level 25:bingo.evolutionary_optimizers.parallel_archipelago:Saving checkpoint: src/bingo_bias_vias_decomposition/checkpoints_st_20/implicit_st_20_p3_p7_7_230.pkl
INFO:bingo.evolutionary_optimizers.parallel_archipelago:Saved successfully
Level 25:bingo.evolutionary_optimizers.evolutionary_optimizer:Generation: 230 	 Elapsed time: 0:12:20.706233 	 Best training fitness: 7.160325e-02 	 
Level 25:bingo.evolutionary_optimizers.evolutionary_optimizer:230, 7.407062e+02, 1586488, 7.160325e-02, 7.160325e-02, 7.214827e-02, 7.221671e-02, 7.224330e-02
INFO:bingo.evolutionary_optimizers.parallel_archipelago:Performing migration between Islands
INFO:bingo.evolutionary_optimizers.parallel_archipelago:Evolution time 0:00:24.573314	 age 250	 fitness 4.826e-02
Level 25:bingo.evolutionary_optimizers.parallel_archipelago:Saving checkpoint: src/bingo_bias_vias_decomposition/checkpoints_st_20/implicit_st_20_p3_p7_7_240.pkl
INFO:bingo.evolutionary_optimizers.parallel_archipelago:Saved successfully
Level 25:bingo.evolutionary_optimizers.evolutionary_optimizer:Generation: 240 	 Elapsed time: 0:12:45.678063 	 Best training fitness: 4.826386e-02 	 
Level 25:bingo.evolutionary_optimizers.evolutionary_optimizer:240, 7.656781e+02, 1667341, 4.826386e-02, 4.826386e-02, 5.104074e-02, 7.214827e-02, 7.221671e-02, 7.224330e-02
INFO:bingo.evolutionary_optimizers.parallel_archipelago:Performing migration between Islands
INFO:bingo.evolutionary_optimizers.parallel_archipelago:Evolution time 0:00:28.972973	 age 260	 fitness 4.266e-17
Level 25:bingo.evolutionary_optimizers.parallel_archipelago:Saving checkpoint: src/bingo_bias_vias_decomposition/checkpoints_st_20/implicit_st_20_p3_p7_7_250.pkl
INFO:bingo.evolutionary_optimizers.parallel_archipelago:Saved successfully
Level 25:bingo.evolutionary_optimizers.evolutionary_optimizer:Generation: 250 	 Elapsed time: 0:13:14.994177 	 Best training fitness: 4.265726e-17 	 
Level 25:bingo.evolutionary_optimizers.evolutionary_optimizer:250, 7.949942e+02, 1768408, 4.265726e-17, 4.265726e-17, 7.214827e-02, 7.221671e-02, 7.224330e-02
Level 25:bingo.evolutionary_optimizers.evolutionary_optimizer:Evolution successfully converged.
Level 25:bingo.evolutionary_optimizers.evolutionary_optimizer:  Absolte convergence occurred with best fitness < 1e-10
Level 25:bingo.evolutionary_optimizers.evolutionary_optimizer:Hall of Fame:
4.265725507214305e-17	7	sin(log((X_0)(X_0) + (X_1)(X_1)))
0.07214827167728702	6	sin(-0.181342 + -0.133257) + sin(-0.181342 + -0.133257) + -0.181342 + -0.133257
0.0722167088168402	4	sin(log((0.016454)(0.016454)))
0.07224329596567916	1	-0.929956
