Level 25:bingo.evolutionary_optimizers.evolutionary_optimizer:#generational_age, elapsed_time, fitness_evaluation_count, current_training_fitness, hall_of_fame_fitnesses
Level 25:bingo.evolutionary_optimizers.evolutionary_optimizer:#generational_age, elapsed_time, fitness_evaluation_count, current_training_fitness, hall_of_fame_fitnesses
Level 25:bingo.evolutionary_optimizers.evolutionary_optimizer:Generation: 0 	 Elapsed time: 0:00:04.306070 	 Best training fitness: 2.164934e-01 	 
Level 25:bingo.evolutionary_optimizers.evolutionary_optimizer:0, 4.306070e+00, 12954, 2.164934e-01
INFO:bingo.evolutionary_optimizers.parallel_archipelago:Evolution time 0:00:45.441973	 age 20	 fitness 2.163e-01
Level 25:bingo.evolutionary_optimizers.evolutionary_optimizer:Generation: 10 	 Elapsed time: 0:00:49.944835 	 Best training fitness: 2.163246e-01 	 
Level 25:bingo.evolutionary_optimizers.evolutionary_optimizer:10, 4.994483e+01, 149671, 2.163246e-01, 2.163246e-01, 2.163495e-01, 2.163934e-01
INFO:bingo.evolutionary_optimizers.parallel_archipelago:Evolution time 0:00:50.132203	 age 30	 fitness 2.163e-01
Level 25:bingo.evolutionary_optimizers.evolutionary_optimizer:Generation: 20 	 Elapsed time: 0:01:40.296896 	 Best training fitness: 2.163171e-01 	 
Level 25:bingo.evolutionary_optimizers.evolutionary_optimizer:20, 1.002969e+02, 250134, 2.163171e-01, 2.163171e-01, 2.163191e-01, 2.163495e-01, 2.163532e-01
INFO:bingo.evolutionary_optimizers.parallel_archipelago:Evolution time 0:00:34.431627	 age 50	 fitness 2.163e-01
Level 25:bingo.evolutionary_optimizers.evolutionary_optimizer:Generation: 30 	 Elapsed time: 0:02:14.983886 	 Best training fitness: 2.163083e-01 	 
Level 25:bingo.evolutionary_optimizers.evolutionary_optimizer:30, 1.349839e+02, 327759, 2.163083e-01, 2.163083e-01, 2.163495e-01, 2.163525e-01
INFO:bingo.evolutionary_optimizers.parallel_archipelago:Evolution time 0:00:30.512342	 age 60	 fitness 2.163e-01
Level 25:bingo.evolutionary_optimizers.evolutionary_optimizer:Generation: 40 	 Elapsed time: 0:02:45.693359 	 Best training fitness: 2.162994e-01 	 
Level 25:bingo.evolutionary_optimizers.evolutionary_optimizer:40, 1.656934e+02, 412803, 2.162994e-01, 2.162994e-01, 2.163465e-01
INFO:bingo.evolutionary_optimizers.parallel_archipelago:Evolution time 0:00:15.560603	 age 70	 fitness 2.163e-01
Level 25:bingo.evolutionary_optimizers.evolutionary_optimizer:Generation: 50 	 Elapsed time: 0:03:01.450058 	 Best training fitness: 2.162994e-01 	 
Level 25:bingo.evolutionary_optimizers.evolutionary_optimizer:50, 1.814501e+02, 477108, 2.162994e-01, 2.162994e-01, 2.163351e-01
INFO:bingo.evolutionary_optimizers.parallel_archipelago:Evolution time 0:00:16.633930	 age 80	 fitness 2.163e-01
Level 25:bingo.evolutionary_optimizers.evolutionary_optimizer:Generation: 60 	 Elapsed time: 0:03:18.282005 	 Best training fitness: 2.163096e-01 	 
Level 25:bingo.evolutionary_optimizers.evolutionary_optimizer:60, 1.982820e+02, 554548, 2.163096e-01, 2.162994e-01, 2.163193e-01, 2.163351e-01
INFO:bingo.evolutionary_optimizers.parallel_archipelago:Evolution time 0:00:40.081269	 age 120	 fitness 2.163e-01
Level 25:bingo.evolutionary_optimizers.evolutionary_optimizer:Generation: 70 	 Elapsed time: 0:03:58.560706 	 Best training fitness: 2.163026e-01 	 
Level 25:bingo.evolutionary_optimizers.evolutionary_optimizer:70, 2.385607e+02, 653766, 2.163026e-01, 2.162994e-01, 2.163193e-01, 2.163351e-01
INFO:bingo.evolutionary_optimizers.parallel_archipelago:Evolution time 0:00:18.612861	 age 140	 fitness 2.163e-01
Level 25:bingo.evolutionary_optimizers.evolutionary_optimizer:Generation: 80 	 Elapsed time: 0:04:17.370871 	 Best training fitness: 2.163086e-01 	 
Level 25:bingo.evolutionary_optimizers.evolutionary_optimizer:80, 2.573709e+02, 739631, 2.163086e-01, 2.162994e-01, 2.163164e-01
INFO:bingo.evolutionary_optimizers.parallel_archipelago:Evolution time 0:00:16.628814	 age 150	 fitness 2.163e-01
Level 25:bingo.evolutionary_optimizers.evolutionary_optimizer:Generation: 90 	 Elapsed time: 0:04:34.200420 	 Best training fitness: 2.162981e-01 	 
Level 25:bingo.evolutionary_optimizers.evolutionary_optimizer:90, 2.742004e+02, 807451, 2.162981e-01, 2.162981e-01, 2.162994e-01, 2.163013e-01, 2.163164e-01
INFO:bingo.evolutionary_optimizers.parallel_archipelago:Evolution time 0:00:26.723158	 age 180	 fitness 2.163e-01
Level 25:bingo.evolutionary_optimizers.evolutionary_optimizer:Generation: 100 	 Elapsed time: 0:05:01.200755 	 Best training fitness: 2.162798e-01 	 
Level 25:bingo.evolutionary_optimizers.evolutionary_optimizer:100, 3.012008e+02, 908306, 2.162798e-01, 2.162798e-01
INFO:bingo.evolutionary_optimizers.parallel_archipelago:Evolution time 0:00:38.830389	 age 220	 fitness 2.163e-01
Level 25:bingo.evolutionary_optimizers.evolutionary_optimizer:Generation: 110 	 Elapsed time: 0:05:40.228264 	 Best training fitness: 2.162939e-01 	 
Level 25:bingo.evolutionary_optimizers.evolutionary_optimizer:110, 3.402283e+02, 1016082, 2.162939e-01, 2.162798e-01
INFO:bingo.evolutionary_optimizers.parallel_archipelago:Evolution time 0:00:24.512323	 age 230	 fitness 2.163e-01
Level 25:bingo.evolutionary_optimizers.evolutionary_optimizer:Generation: 120 	 Elapsed time: 0:06:04.940911 	 Best training fitness: 2.162807e-01 	 
Level 25:bingo.evolutionary_optimizers.evolutionary_optimizer:120, 3.649409e+02, 1095249, 2.162807e-01, 2.162798e-01
INFO:bingo.evolutionary_optimizers.parallel_archipelago:Evolution time 0:00:22.629891	 age 260	 fitness 2.159e-01
Level 25:bingo.evolutionary_optimizers.evolutionary_optimizer:Generation: 130 	 Elapsed time: 0:06:27.765022 	 Best training fitness: 2.158719e-01 	 
Level 25:bingo.evolutionary_optimizers.evolutionary_optimizer:130, 3.877650e+02, 1172763, 2.158719e-01, 2.158719e-01, 2.162798e-01
INFO:bingo.evolutionary_optimizers.parallel_archipelago:Evolution time 0:00:17.456192	 age 270	 fitness 2.144e-01
Level 25:bingo.evolutionary_optimizers.evolutionary_optimizer:Generation: 140 	 Elapsed time: 0:06:45.416946 	 Best training fitness: 2.144458e-01 	 
Level 25:bingo.evolutionary_optimizers.evolutionary_optimizer:140, 4.054169e+02, 1231281, 2.144458e-01, 2.144458e-01, 2.158094e-01, 2.162798e-01
INFO:bingo.evolutionary_optimizers.parallel_archipelago:Evolution time 0:00:17.347539	 age 290	 fitness 2.145e-01
Level 25:bingo.evolutionary_optimizers.evolutionary_optimizer:Generation: 150 	 Elapsed time: 0:07:02.962931 	 Best training fitness: 2.144543e-01 	 
Level 25:bingo.evolutionary_optimizers.evolutionary_optimizer:150, 4.229629e+02, 1318298, 2.144543e-01, 2.144458e-01, 2.158094e-01, 2.162798e-01
INFO:bingo.evolutionary_optimizers.parallel_archipelago:Evolution time 0:00:16.130672	 age 300	 fitness 2.142e-01
Level 25:bingo.evolutionary_optimizers.evolutionary_optimizer:Generation: 160 	 Elapsed time: 0:07:19.290135 	 Best training fitness: 2.141749e-01 	 
Level 25:bingo.evolutionary_optimizers.evolutionary_optimizer:160, 4.392901e+02, 1382395, 2.141749e-01, 2.141749e-01, 2.143630e-01, 2.157917e-01, 2.162798e-01
INFO:bingo.evolutionary_optimizers.parallel_archipelago:Evolution time 0:00:15.858737	 age 320	 fitness 2.134e-01
Level 25:bingo.evolutionary_optimizers.evolutionary_optimizer:Generation: 170 	 Elapsed time: 0:07:35.382781 	 Best training fitness: 2.134433e-01 	 
Level 25:bingo.evolutionary_optimizers.evolutionary_optimizer:170, 4.553828e+02, 1461777, 2.134433e-01, 2.134433e-01, 2.141119e-01, 2.143582e-01, 2.157917e-01, 2.162798e-01
INFO:bingo.evolutionary_optimizers.parallel_archipelago:Evolution time 0:00:17.630691	 age 340	 fitness 2.131e-01
Level 25:bingo.evolutionary_optimizers.evolutionary_optimizer:Generation: 180 	 Elapsed time: 0:07:53.209437 	 Best training fitness: 2.131023e-01 	 
Level 25:bingo.evolutionary_optimizers.evolutionary_optimizer:180, 4.732094e+02, 1542218, 2.131023e-01, 2.131023e-01, 2.141119e-01, 2.143419e-01, 2.157917e-01, 2.162798e-01
INFO:bingo.evolutionary_optimizers.parallel_archipelago:Evolution time 0:00:21.711530	 age 360	 fitness 2.125e-01
Level 25:bingo.evolutionary_optimizers.evolutionary_optimizer:Generation: 190 	 Elapsed time: 0:08:15.115890 	 Best training fitness: 2.124892e-01 	 
Level 25:bingo.evolutionary_optimizers.evolutionary_optimizer:190, 4.951159e+02, 1628801, 2.124892e-01, 2.124892e-01, 2.131023e-01, 2.141119e-01, 2.141568e-01, 2.143283e-01, 2.157917e-01, 2.162798e-01
INFO:bingo.evolutionary_optimizers.parallel_archipelago:Evolution time 0:00:34.875648	 age 400	 fitness 2.123e-01
Level 25:bingo.evolutionary_optimizers.evolutionary_optimizer:Generation: 200 	 Elapsed time: 0:08:50.192639 	 Best training fitness: 2.123034e-01 	 
Level 25:bingo.evolutionary_optimizers.evolutionary_optimizer:200, 5.301926e+02, 1731569, 2.123034e-01, 2.123034e-01, 2.124500e-01, 2.131023e-01, 2.131055e-01, 2.141568e-01, 2.143283e-01, 2.157917e-01, 2.162798e-01
INFO:bingo.evolutionary_optimizers.parallel_archipelago:Evolution time 0:00:30.869845	 age 430	 fitness 2.123e-01
Level 25:bingo.evolutionary_optimizers.evolutionary_optimizer:Generation: 210 	 Elapsed time: 0:09:21.269687 	 Best training fitness: 2.122912e-01 	 
Level 25:bingo.evolutionary_optimizers.evolutionary_optimizer:210, 5.612697e+02, 1837364, 2.122912e-01, 2.122912e-01, 2.124500e-01, 2.130876e-01, 2.131055e-01, 2.141415e-01, 2.143283e-01, 2.157917e-01, 2.162798e-01
INFO:bingo.evolutionary_optimizers.parallel_archipelago:Evolution time 0:00:18.081382	 age 450	 fitness 1.861e-01
Level 25:bingo.evolutionary_optimizers.evolutionary_optimizer:Generation: 220 	 Elapsed time: 0:09:39.556802 	 Best training fitness: 1.861320e-01 	 
Level 25:bingo.evolutionary_optimizers.evolutionary_optimizer:220, 5.795568e+02, 1893907, 1.861320e-01, 1.861320e-01, 2.157917e-01, 2.162798e-01
INFO:bingo.evolutionary_optimizers.parallel_archipelago:Evolution time 0:00:21.818670	 age 460	 fitness 1.684e-01
Level 25:bingo.evolutionary_optimizers.evolutionary_optimizer:Generation: 230 	 Elapsed time: 0:10:01.578349 	 Best training fitness: 1.683960e-01 	 
Level 25:bingo.evolutionary_optimizers.evolutionary_optimizer:230, 6.015783e+02, 1956410, 1.683960e-01, 1.683960e-01, 1.861320e-01, 2.157917e-01, 2.162798e-01
INFO:bingo.evolutionary_optimizers.parallel_archipelago:Evolution time 0:00:42.041745	 age 500	 fitness 1.573e-01
Level 25:bingo.evolutionary_optimizers.evolutionary_optimizer:Generation: 240 	 Elapsed time: 0:10:43.821963 	 Best training fitness: 1.573094e-01 	 
Level 25:bingo.evolutionary_optimizers.evolutionary_optimizer:240, 6.438220e+02, 2061418, 1.573094e-01, 1.573094e-01, 1.584216e-01, 1.683928e-01, 1.861320e-01, 2.157917e-01, 2.162798e-01
INFO:bingo.evolutionary_optimizers.parallel_archipelago:Evolution time 0:00:19.421122	 age 510	 fitness 1.239e-01
Level 25:bingo.evolutionary_optimizers.evolutionary_optimizer:Generation: 250 	 Elapsed time: 0:11:03.481820 	 Best training fitness: 1.238780e-01 	 
Level 25:bingo.evolutionary_optimizers.evolutionary_optimizer:250, 6.634818e+02, 2145980, 1.238780e-01, 1.238780e-01, 1.572900e-01, 1.584086e-01, 1.683856e-01, 1.861320e-01, 2.157917e-01, 2.162798e-01
INFO:bingo.evolutionary_optimizers.parallel_archipelago:Evolution time 0:00:23.628548	 age 520	 fitness 1.239e-01
Level 25:bingo.evolutionary_optimizers.evolutionary_optimizer:Generation: 260 	 Elapsed time: 0:11:27.312262 	 Best training fitness: 1.238622e-01 	 
Level 25:bingo.evolutionary_optimizers.evolutionary_optimizer:260, 6.873123e+02, 2243911, 1.238622e-01, 1.238622e-01, 1.534915e-01, 1.683856e-01, 1.861320e-01, 2.157917e-01, 2.162798e-01
INFO:bingo.evolutionary_optimizers.parallel_archipelago:Evolution time 0:00:49.286042	 age 560	 fitness 1.239e-01
Level 25:bingo.evolutionary_optimizers.evolutionary_optimizer:Generation: 270 	 Elapsed time: 0:12:16.796995 	 Best training fitness: 1.238590e-01 	 
Level 25:bingo.evolutionary_optimizers.evolutionary_optimizer:270, 7.367970e+02, 2388570, 1.238590e-01, 1.238590e-01, 1.321338e-01, 1.758758e-01, 2.157917e-01, 2.162798e-01
INFO:bingo.evolutionary_optimizers.parallel_archipelago:Evolution time 0:00:29.116624	 age 580	 fitness 1.238e-01
Level 25:bingo.evolutionary_optimizers.evolutionary_optimizer:Generation: 280 	 Elapsed time: 0:12:46.114185 	 Best training fitness: 1.238447e-01 	 
Level 25:bingo.evolutionary_optimizers.evolutionary_optimizer:280, 7.661142e+02, 2514551, 1.238447e-01, 1.238447e-01, 1.321197e-01, 1.758758e-01, 2.157917e-01, 2.162798e-01
INFO:bingo.evolutionary_optimizers.parallel_archipelago:Evolution time 0:00:27.762482	 age 600	 fitness 1.100e-01
Level 25:bingo.evolutionary_optimizers.evolutionary_optimizer:Generation: 290 	 Elapsed time: 0:13:14.076971 	 Best training fitness: 1.099932e-01 	 
Level 25:bingo.evolutionary_optimizers.evolutionary_optimizer:290, 7.940770e+02, 2623206, 1.099932e-01, 1.099932e-01, 1.321197e-01, 1.758758e-01, 2.157917e-01, 2.162798e-01
INFO:bingo.evolutionary_optimizers.parallel_archipelago:Evolution time 0:00:21.759712	 age 610	 fitness 1.100e-01
Level 25:bingo.evolutionary_optimizers.evolutionary_optimizer:Generation: 300 	 Elapsed time: 0:13:36.061224 	 Best training fitness: 1.099932e-01 	 
Level 25:bingo.evolutionary_optimizers.evolutionary_optimizer:300, 8.160612e+02, 2708187, 1.099932e-01, 1.099932e-01, 1.321197e-01, 1.758758e-01, 2.157917e-01, 2.162798e-01
INFO:bingo.evolutionary_optimizers.parallel_archipelago:Evolution time 0:00:38.084753	 age 630	 fitness 1.100e-01
Level 25:bingo.evolutionary_optimizers.evolutionary_optimizer:Generation: 310 	 Elapsed time: 0:14:14.371299 	 Best training fitness: 1.099767e-01 	 
Level 25:bingo.evolutionary_optimizers.evolutionary_optimizer:310, 8.543713e+02, 2829901, 1.099767e-01, 1.099767e-01, 1.321197e-01, 1.758758e-01, 2.157917e-01, 2.162798e-01
INFO:bingo.evolutionary_optimizers.parallel_archipelago:Evolution time 0:00:35.712411	 age 640	 fitness 1.100e-01
Level 25:bingo.evolutionary_optimizers.evolutionary_optimizer:Generation: 320 	 Elapsed time: 0:14:50.320017 	 Best training fitness: 1.099741e-01 	 
Level 25:bingo.evolutionary_optimizers.evolutionary_optimizer:320, 8.903200e+02, 2926175, 1.099741e-01, 1.099741e-01, 1.321197e-01, 1.758758e-01, 2.157917e-01, 2.162798e-01
INFO:bingo.evolutionary_optimizers.parallel_archipelago:Evolution time 0:00:33.025757	 age 650	 fitness 1.100e-01
Level 25:bingo.evolutionary_optimizers.evolutionary_optimizer:Generation: 330 	 Elapsed time: 0:15:23.547595 	 Best training fitness: 1.099731e-01 	 
Level 25:bingo.evolutionary_optimizers.evolutionary_optimizer:330, 9.235476e+02, 3031435, 1.099731e-01, 1.099731e-01, 1.321197e-01, 1.758758e-01, 2.157917e-01, 2.162798e-01
INFO:bingo.evolutionary_optimizers.parallel_archipelago:Evolution time 0:00:39.854631	 age 670	 fitness 1.092e-01
Level 25:bingo.evolutionary_optimizers.evolutionary_optimizer:Generation: 340 	 Elapsed time: 0:16:03.603630 	 Best training fitness: 1.092214e-01 	 
Level 25:bingo.evolutionary_optimizers.evolutionary_optimizer:340, 9.636036e+02, 3152412, 1.092214e-01, 1.092214e-01, 1.099681e-01, 1.264284e-01, 1.758758e-01, 2.157917e-01, 2.162798e-01
INFO:bingo.evolutionary_optimizers.parallel_archipelago:Evolution time 0:00:40.340876	 age 700	 fitness 1.092e-01
Level 25:bingo.evolutionary_optimizers.evolutionary_optimizer:Generation: 350 	 Elapsed time: 0:16:44.164826 	 Best training fitness: 1.092225e-01 	 
Level 25:bingo.evolutionary_optimizers.evolutionary_optimizer:350, 1.004165e+03, 3285724, 1.092225e-01, 1.092214e-01, 1.099681e-01, 1.264284e-01, 1.758758e-01, 2.157917e-01, 2.162798e-01
INFO:bingo.evolutionary_optimizers.parallel_archipelago:Evolution time 0:00:25.693955	 age 710	 fitness 1.071e-01
Level 25:bingo.evolutionary_optimizers.evolutionary_optimizer:Generation: 360 	 Elapsed time: 0:17:10.080057 	 Best training fitness: 1.071273e-01 	 
Level 25:bingo.evolutionary_optimizers.evolutionary_optimizer:360, 1.030080e+03, 3374186, 1.071273e-01, 1.071273e-01, 1.099681e-01, 1.264284e-01, 1.758758e-01, 2.157917e-01, 2.162798e-01
INFO:bingo.evolutionary_optimizers.parallel_archipelago:Evolution time 0:00:42.327409	 age 720	 fitness 1.060e-01
Level 25:bingo.evolutionary_optimizers.evolutionary_optimizer:Generation: 370 	 Elapsed time: 0:17:52.638780 	 Best training fitness: 1.059743e-01 	 
Level 25:bingo.evolutionary_optimizers.evolutionary_optimizer:370, 1.072639e+03, 3470289, 1.059743e-01, 1.059743e-01, 1.071273e-01, 1.099681e-01, 1.264284e-01, 1.758758e-01, 2.157917e-01, 2.162798e-01
INFO:bingo.evolutionary_optimizers.parallel_archipelago:Evolution time 0:00:32.121235	 age 740	 fitness 1.059e-01
Level 25:bingo.evolutionary_optimizers.evolutionary_optimizer:Generation: 380 	 Elapsed time: 0:18:24.994120 	 Best training fitness: 1.059039e-01 	 
Level 25:bingo.evolutionary_optimizers.evolutionary_optimizer:380, 1.104994e+03, 3565702, 1.059039e-01, 1.059039e-01, 1.071273e-01, 1.099670e-01, 1.264284e-01, 1.758758e-01, 2.157917e-01, 2.162798e-01
INFO:bingo.evolutionary_optimizers.parallel_archipelago:Evolution time 0:00:27.014425	 age 750	 fitness 1.059e-01
Level 25:bingo.evolutionary_optimizers.evolutionary_optimizer:Generation: 390 	 Elapsed time: 0:18:52.380017 	 Best training fitness: 1.058852e-01 	 
Level 25:bingo.evolutionary_optimizers.evolutionary_optimizer:390, 1.132380e+03, 3678883, 1.058852e-01, 1.058852e-01, 1.071273e-01, 1.091697e-01, 1.264284e-01, 1.758758e-01, 2.157917e-01, 2.162798e-01
INFO:bingo.evolutionary_optimizers.parallel_archipelago:Evolution time 0:00:42.067492	 age 770	 fitness 1.059e-01
Level 25:bingo.evolutionary_optimizers.evolutionary_optimizer:Generation: 400 	 Elapsed time: 0:19:34.658665 	 Best training fitness: 1.058849e-01 	 
Level 25:bingo.evolutionary_optimizers.evolutionary_optimizer:400, 1.174659e+03, 3826486, 1.058849e-01, 1.058849e-01, 1.071273e-01, 1.091697e-01, 1.264284e-01, 1.758758e-01, 2.157917e-01, 2.162798e-01
INFO:bingo.evolutionary_optimizers.parallel_archipelago:Evolution time 0:00:38.575365	 age 790	 fitness 1.059e-01
Level 25:bingo.evolutionary_optimizers.evolutionary_optimizer:Generation: 410 	 Elapsed time: 0:20:13.471689 	 Best training fitness: 1.058852e-01 	 
Level 25:bingo.evolutionary_optimizers.evolutionary_optimizer:410, 1.213472e+03, 3945442, 1.058852e-01, 1.058849e-01, 1.071273e-01, 1.091314e-01, 1.264284e-01, 1.758758e-01, 2.157917e-01, 2.162798e-01
INFO:bingo.evolutionary_optimizers.parallel_archipelago:Evolution time 0:00:58.278556	 age 830	 fitness 1.059e-01
Level 25:bingo.evolutionary_optimizers.evolutionary_optimizer:Generation: 420 	 Elapsed time: 0:21:12.062189 	 Best training fitness: 1.058852e-01 	 
Level 25:bingo.evolutionary_optimizers.evolutionary_optimizer:420, 1.272062e+03, 4084673, 1.058852e-01, 1.058849e-01, 1.071273e-01, 1.076391e-01, 1.091286e-01, 1.264284e-01, 1.758758e-01, 2.157917e-01, 2.162798e-01
INFO:bingo.evolutionary_optimizers.parallel_archipelago:Evolution time 0:00:24.903205	 age 850	 fitness 1.059e-01
Level 25:bingo.evolutionary_optimizers.evolutionary_optimizer:Generation: 430 	 Elapsed time: 0:21:37.164651 	 Best training fitness: 1.058847e-01 	 
Level 25:bingo.evolutionary_optimizers.evolutionary_optimizer:430, 1.297165e+03, 4199559, 1.058847e-01, 1.058847e-01, 1.071273e-01, 1.076004e-01, 1.091275e-01, 1.122595e-01, 1.758758e-01, 2.157917e-01, 2.162798e-01
INFO:bingo.evolutionary_optimizers.parallel_archipelago:Evolution time 0:00:46.643859	 age 890	 fitness 1.059e-01
Level 25:bingo.evolutionary_optimizers.evolutionary_optimizer:Generation: 440 	 Elapsed time: 0:22:24.033555 	 Best training fitness: 1.058793e-01 	 
Level 25:bingo.evolutionary_optimizers.evolutionary_optimizer:440, 1.344034e+03, 4339109, 1.058793e-01, 1.058793e-01, 1.071273e-01, 1.076004e-01, 1.091275e-01, 1.122595e-01, 1.758758e-01, 2.157917e-01, 2.162798e-01
INFO:bingo.evolutionary_optimizers.parallel_archipelago:Evolution time 0:00:24.446021	 age 910	 fitness 1.059e-01
Level 25:bingo.evolutionary_optimizers.evolutionary_optimizer:Generation: 450 	 Elapsed time: 0:22:48.701229 	 Best training fitness: 1.058788e-01 	 
Level 25:bingo.evolutionary_optimizers.evolutionary_optimizer:450, 1.368701e+03, 4416383, 1.058788e-01, 1.058788e-01, 1.071273e-01, 1.076004e-01, 1.091275e-01, 1.122595e-01, 1.758758e-01, 2.157917e-01, 2.162798e-01
INFO:bingo.evolutionary_optimizers.parallel_archipelago:Evolution time 0:00:41.009117	 age 930	 fitness 1.059e-01
Level 25:bingo.evolutionary_optimizers.evolutionary_optimizer:Generation: 460 	 Elapsed time: 0:23:30.085635 	 Best training fitness: 1.058775e-01 	 
Level 25:bingo.evolutionary_optimizers.evolutionary_optimizer:460, 1.410086e+03, 4513237, 1.058775e-01, 1.058775e-01, 1.058873e-01, 1.076004e-01, 1.091275e-01, 1.122595e-01, 1.758758e-01, 2.157917e-01, 2.162798e-01
INFO:bingo.evolutionary_optimizers.parallel_archipelago:Evolution time 0:00:39.019081	 age 940	 fitness 1.058e-01
Level 25:bingo.evolutionary_optimizers.evolutionary_optimizer:Generation: 470 	 Elapsed time: 0:24:09.453131 	 Best training fitness: 1.058306e-01 	 
Level 25:bingo.evolutionary_optimizers.evolutionary_optimizer:470, 1.449453e+03, 4614804, 1.058306e-01, 1.058306e-01, 1.058775e-01, 1.058873e-01, 1.076004e-01, 1.091275e-01, 1.122595e-01, 1.758758e-01, 2.157917e-01, 2.162798e-01
INFO:bingo.evolutionary_optimizers.parallel_archipelago:Evolution time 0:00:42.124868	 age 950	 fitness 1.058e-01
Level 25:bingo.evolutionary_optimizers.evolutionary_optimizer:Generation: 480 	 Elapsed time: 0:24:51.806279 	 Best training fitness: 1.058165e-01 	 
Level 25:bingo.evolutionary_optimizers.evolutionary_optimizer:480, 1.491806e+03, 4707038, 1.058165e-01, 1.058165e-01, 1.058775e-01, 1.058873e-01, 1.076004e-01, 1.091275e-01, 1.122595e-01, 1.758758e-01, 2.157917e-01, 2.162798e-01
INFO:bingo.evolutionary_optimizers.parallel_archipelago:Evolution time 0:00:23.231911	 age 960	 fitness 1.058e-01
Level 25:bingo.evolutionary_optimizers.evolutionary_optimizer:Generation: 490 	 Elapsed time: 0:25:15.272221 	 Best training fitness: 1.058082e-01 	 
Level 25:bingo.evolutionary_optimizers.evolutionary_optimizer:490, 1.515272e+03, 4781538, 1.058082e-01, 1.058082e-01, 1.058767e-01, 1.058873e-01, 1.076004e-01, 1.091275e-01, 1.122595e-01, 1.758758e-01, 2.157917e-01, 2.162798e-01
INFO:bingo.evolutionary_optimizers.parallel_archipelago:Evolution time 0:00:59.801357	 age 990	 fitness 1.058e-01
Level 25:bingo.evolutionary_optimizers.evolutionary_optimizer:Generation: 500 	 Elapsed time: 0:26:15.298589 	 Best training fitness: 1.058100e-01 	 
Level 25:bingo.evolutionary_optimizers.evolutionary_optimizer:500, 1.575299e+03, 4871199, 1.058100e-01, 1.058082e-01, 1.058767e-01, 1.058873e-01, 1.076004e-01, 1.091275e-01, 1.122595e-01, 1.758758e-01, 2.157917e-01, 2.162798e-01
INFO:bingo.evolutionary_optimizers.parallel_archipelago:Evolution time 0:00:54.993244	 age 1010	 fitness 1.058e-01
Level 25:bingo.evolutionary_optimizers.evolutionary_optimizer:Generation: 510 	 Elapsed time: 0:27:10.515215 	 Best training fitness: 1.058100e-01 	 
Level 25:bingo.evolutionary_optimizers.evolutionary_optimizer:510, 1.630515e+03, 4964441, 1.058100e-01, 1.058082e-01, 1.058767e-01, 1.058873e-01, 1.076004e-01, 1.091275e-01, 1.122595e-01, 1.758758e-01, 2.157917e-01, 2.162798e-01
INFO:bingo.evolutionary_optimizers.parallel_archipelago:Evolution time 0:00:49.102936	 age 1040	 fitness 1.058e-01
Level 25:bingo.evolutionary_optimizers.evolutionary_optimizer:Generation: 520 	 Elapsed time: 0:27:59.842745 	 Best training fitness: 1.058014e-01 	 
Level 25:bingo.evolutionary_optimizers.evolutionary_optimizer:520, 1.679843e+03, 5055393, 1.058014e-01, 1.058014e-01, 1.058767e-01, 1.058873e-01, 1.076004e-01, 1.091275e-01, 1.122595e-01, 1.758758e-01, 2.157917e-01, 2.162798e-01
INFO:bingo.evolutionary_optimizers.parallel_archipelago:Evolution time 0:00:51.941480	 age 1070	 fitness 1.058e-01
Level 25:bingo.evolutionary_optimizers.evolutionary_optimizer:Generation: 530 	 Elapsed time: 0:28:52.008591 	 Best training fitness: 1.058050e-01 	 
Level 25:bingo.evolutionary_optimizers.evolutionary_optimizer:530, 1.732009e+03, 5136419, 1.058050e-01, 1.058014e-01, 1.058767e-01, 1.058873e-01, 1.076004e-01, 1.091275e-01, 1.122595e-01, 1.758758e-01, 2.157917e-01, 2.162798e-01
INFO:bingo.evolutionary_optimizers.parallel_archipelago:Evolution time 0:00:34.453142	 age 1080	 fitness 9.810e-02
Level 25:bingo.evolutionary_optimizers.evolutionary_optimizer:Generation: 540 	 Elapsed time: 0:29:26.737643 	 Best training fitness: 9.810189e-02 	 
Level 25:bingo.evolutionary_optimizers.evolutionary_optimizer:540, 1.766738e+03, 5218146, 9.810189e-02, 9.810189e-02, 1.058014e-01, 1.058767e-01, 1.058873e-01, 1.076004e-01, 1.091275e-01, 1.122595e-01, 1.758758e-01, 2.157917e-01, 2.162798e-01
INFO:bingo.evolutionary_optimizers.parallel_archipelago:Evolution time 0:00:22.028567	 age 1090	 fitness 9.810e-02
Level 25:bingo.evolutionary_optimizers.evolutionary_optimizer:Generation: 550 	 Elapsed time: 0:29:48.990007 	 Best training fitness: 9.810160e-02 	 
Level 25:bingo.evolutionary_optimizers.evolutionary_optimizer:550, 1.788990e+03, 5283987, 9.810160e-02, 9.810160e-02, 1.058014e-01, 1.058767e-01, 1.058873e-01, 1.076004e-01, 1.091275e-01, 1.122595e-01, 1.758758e-01, 2.157917e-01, 2.162798e-01
INFO:bingo.evolutionary_optimizers.parallel_archipelago:Evolution time 0:00:26.540084	 age 1100	 fitness 9.810e-02
Level 25:bingo.evolutionary_optimizers.evolutionary_optimizer:Generation: 560 	 Elapsed time: 0:30:15.728692 	 Best training fitness: 9.810142e-02 	 
Level 25:bingo.evolutionary_optimizers.evolutionary_optimizer:560, 1.815729e+03, 5371904, 9.810142e-02, 9.810142e-02, 1.058014e-01, 1.058767e-01, 1.058873e-01, 1.076004e-01, 1.091275e-01, 1.122595e-01, 1.758758e-01, 2.157917e-01, 2.162798e-01
INFO:bingo.evolutionary_optimizers.parallel_archipelago:Evolution time 0:00:21.525276	 age 1110	 fitness 9.810e-02
Level 25:bingo.evolutionary_optimizers.evolutionary_optimizer:Generation: 570 	 Elapsed time: 0:30:37.451763 	 Best training fitness: 9.810140e-02 	 
Level 25:bingo.evolutionary_optimizers.evolutionary_optimizer:570, 1.837452e+03, 5442857, 9.810140e-02, 9.810140e-02, 1.058014e-01, 1.058767e-01, 1.058873e-01, 1.076004e-01, 1.091275e-01, 1.122595e-01, 1.758758e-01, 2.157917e-01, 2.162798e-01
INFO:bingo.evolutionary_optimizers.parallel_archipelago:Evolution time 0:00:17.249388	 age 1120	 fitness 1.280e-16
Level 25:bingo.evolutionary_optimizers.evolutionary_optimizer:Generation: 580 	 Elapsed time: 0:30:54.876513 	 Best training fitness: 1.279718e-16 	 
Level 25:bingo.evolutionary_optimizers.evolutionary_optimizer:580, 1.854877e+03, 5509242, 1.279718e-16, 1.279718e-16, 2.162798e-01
Level 25:bingo.evolutionary_optimizers.evolutionary_optimizer:Evolution successfully converged.
Level 25:bingo.evolutionary_optimizers.evolutionary_optimizer:  Absolte convergence occurred with best fitness < 1e-10
Level 25:bingo.evolutionary_optimizers.evolutionary_optimizer:Hall of Fame:
1.2797176521642916e-16	7	sin(log((X_1)(X_1) + (X_0)(X_0)))
0.21627980500613445	1	-0.933609
