Level 25:bingo.evolutionary_optimizers.evolutionary_optimizer:#generational_age, elapsed_time, fitness_evaluation_count, current_training_fitness, hall_of_fame_fitnesses
Level 25:bingo.evolutionary_optimizers.evolutionary_optimizer:#generational_age, elapsed_time, fitness_evaluation_count, current_training_fitness, hall_of_fame_fitnesses
Level 25:bingo.evolutionary_optimizers.evolutionary_optimizer:Generation: 0 	 Elapsed time: 0:00:05.069357 	 Best training fitness: 2.163940e-01 	 
Level 25:bingo.evolutionary_optimizers.evolutionary_optimizer:0, 5.069357e+00, 12951, 2.163940e-01
INFO:bingo.evolutionary_optimizers.parallel_archipelago:Evolution time 0:00:27.812616	 age 20	 fitness 2.163e-01
Level 25:bingo.evolutionary_optimizers.evolutionary_optimizer:Generation: 10 	 Elapsed time: 0:00:33.075150 	 Best training fitness: 2.163126e-01 	 
Level 25:bingo.evolutionary_optimizers.evolutionary_optimizer:10, 3.307515e+01, 113648, 2.163126e-01, 2.163126e-01, 2.165974e-01
INFO:bingo.evolutionary_optimizers.parallel_archipelago:Evolution time 0:00:18.208626	 age 40	 fitness 2.163e-01
Level 25:bingo.evolutionary_optimizers.evolutionary_optimizer:Generation: 20 	 Elapsed time: 0:00:51.486963 	 Best training fitness: 2.162975e-01 	 
Level 25:bingo.evolutionary_optimizers.evolutionary_optimizer:20, 5.148696e+01, 190208, 2.162975e-01, 2.162975e-01, 2.165970e-01
INFO:bingo.evolutionary_optimizers.parallel_archipelago:Evolution time 0:00:32.673823	 age 50	 fitness 2.163e-01
Level 25:bingo.evolutionary_optimizers.evolutionary_optimizer:Generation: 30 	 Elapsed time: 0:01:24.405412 	 Best training fitness: 2.162977e-01 	 
Level 25:bingo.evolutionary_optimizers.evolutionary_optimizer:30, 8.440541e+01, 273321, 2.162977e-01, 2.162975e-01, 2.165786e-01
INFO:bingo.evolutionary_optimizers.parallel_archipelago:Evolution time 0:00:27.490895	 age 70	 fitness 2.163e-01
Level 25:bingo.evolutionary_optimizers.evolutionary_optimizer:Generation: 40 	 Elapsed time: 0:01:52.206656 	 Best training fitness: 2.163037e-01 	 
Level 25:bingo.evolutionary_optimizers.evolutionary_optimizer:40, 1.122067e+02, 373516, 2.163037e-01, 2.162975e-01, 2.164046e-01
INFO:bingo.evolutionary_optimizers.parallel_archipelago:Evolution time 0:00:27.414403	 age 90	 fitness 1.759e-01
Level 25:bingo.evolutionary_optimizers.evolutionary_optimizer:Generation: 50 	 Elapsed time: 0:02:19.929187 	 Best training fitness: 1.758811e-01 	 
Level 25:bingo.evolutionary_optimizers.evolutionary_optimizer:50, 1.399292e+02, 462973, 1.758811e-01, 1.758811e-01, 2.162940e-01, 2.164046e-01
INFO:bingo.evolutionary_optimizers.parallel_archipelago:Evolution time 0:00:43.488899	 age 110	 fitness 1.759e-01
Level 25:bingo.evolutionary_optimizers.evolutionary_optimizer:Generation: 60 	 Elapsed time: 0:03:03.728425 	 Best training fitness: 1.758868e-01 	 
Level 25:bingo.evolutionary_optimizers.evolutionary_optimizer:60, 1.837284e+02, 587493, 1.758868e-01, 1.758811e-01, 2.162940e-01, 2.163575e-01
INFO:bingo.evolutionary_optimizers.parallel_archipelago:Evolution time 0:00:30.680078	 age 150	 fitness 1.759e-01
Level 25:bingo.evolutionary_optimizers.evolutionary_optimizer:Generation: 70 	 Elapsed time: 0:03:34.726576 	 Best training fitness: 1.758704e-01 	 
Level 25:bingo.evolutionary_optimizers.evolutionary_optimizer:70, 2.147266e+02, 704420, 1.758704e-01, 1.758704e-01, 2.162940e-01, 2.163104e-01
INFO:bingo.evolutionary_optimizers.parallel_archipelago:Evolution time 0:00:39.383052	 age 200	 fitness 1.759e-01
Level 25:bingo.evolutionary_optimizers.evolutionary_optimizer:Generation: 80 	 Elapsed time: 0:04:14.431183 	 Best training fitness: 1.758668e-01 	 
Level 25:bingo.evolutionary_optimizers.evolutionary_optimizer:80, 2.544312e+02, 820243, 1.758668e-01, 1.758668e-01, 2.162940e-01, 2.163104e-01
INFO:bingo.evolutionary_optimizers.parallel_archipelago:Evolution time 0:00:29.786607	 age 230	 fitness 1.751e-01
Level 25:bingo.evolutionary_optimizers.evolutionary_optimizer:Generation: 90 	 Elapsed time: 0:04:44.574137 	 Best training fitness: 1.750724e-01 	 
Level 25:bingo.evolutionary_optimizers.evolutionary_optimizer:90, 2.845741e+02, 934336, 1.750724e-01, 1.750724e-01, 1.758668e-01, 2.162940e-01, 2.163104e-01
INFO:bingo.evolutionary_optimizers.parallel_archipelago:Evolution time 0:00:43.419240	 age 250	 fitness 1.725e-01
Level 25:bingo.evolutionary_optimizers.evolutionary_optimizer:Generation: 100 	 Elapsed time: 0:05:28.315262 	 Best training fitness: 1.724828e-01 	 
Level 25:bingo.evolutionary_optimizers.evolutionary_optimizer:100, 3.283153e+02, 1041544, 1.724828e-01, 1.724828e-01, 1.745416e-01, 1.758668e-01, 2.162940e-01, 2.163104e-01
INFO:bingo.evolutionary_optimizers.parallel_archipelago:Evolution time 0:00:34.012922	 age 270	 fitness 1.724e-01
Level 25:bingo.evolutionary_optimizers.evolutionary_optimizer:Generation: 110 	 Elapsed time: 0:06:02.643086 	 Best training fitness: 1.724312e-01 	 
Level 25:bingo.evolutionary_optimizers.evolutionary_optimizer:110, 3.626431e+02, 1164931, 1.724312e-01, 1.724312e-01, 1.745416e-01, 1.752200e-01, 2.162940e-01, 2.163104e-01
INFO:bingo.evolutionary_optimizers.parallel_archipelago:Evolution time 0:00:56.177647	 age 300	 fitness 1.703e-01
Level 25:bingo.evolutionary_optimizers.evolutionary_optimizer:Generation: 120 	 Elapsed time: 0:06:59.136398 	 Best training fitness: 1.703316e-01 	 
Level 25:bingo.evolutionary_optimizers.evolutionary_optimizer:120, 4.191364e+02, 1322376, 1.703316e-01, 1.703316e-01, 1.724312e-01, 1.745416e-01, 1.751747e-01, 2.162940e-01, 2.163104e-01
INFO:bingo.evolutionary_optimizers.parallel_archipelago:Evolution time 0:00:37.464826	 age 330	 fitness 1.690e-01
Level 25:bingo.evolutionary_optimizers.evolutionary_optimizer:Generation: 130 	 Elapsed time: 0:07:36.917525 	 Best training fitness: 1.689951e-01 	 
Level 25:bingo.evolutionary_optimizers.evolutionary_optimizer:130, 4.569175e+02, 1450474, 1.689951e-01, 1.689951e-01, 1.697139e-01, 1.724312e-01, 1.737753e-01, 1.745416e-01, 1.751747e-01, 2.162940e-01, 2.163104e-01
INFO:bingo.evolutionary_optimizers.parallel_archipelago:Evolution time 0:00:39.365575	 age 360	 fitness 1.678e-01
Level 25:bingo.evolutionary_optimizers.evolutionary_optimizer:Generation: 140 	 Elapsed time: 0:08:16.652143 	 Best training fitness: 1.678349e-01 	 
Level 25:bingo.evolutionary_optimizers.evolutionary_optimizer:140, 4.966521e+02, 1579412, 1.678349e-01, 1.678349e-01, 1.686241e-01, 1.737753e-01, 1.745416e-01, 1.751747e-01, 2.162940e-01, 2.163104e-01
INFO:bingo.evolutionary_optimizers.parallel_archipelago:Evolution time 0:00:26.711845	 age 380	 fitness 1.667e-01
Level 25:bingo.evolutionary_optimizers.evolutionary_optimizer:Generation: 150 	 Elapsed time: 0:08:43.706510 	 Best training fitness: 1.667139e-01 	 
Level 25:bingo.evolutionary_optimizers.evolutionary_optimizer:150, 5.237065e+02, 1698012, 1.667139e-01, 1.667139e-01, 1.686233e-01, 1.737753e-01, 1.745416e-01, 1.751747e-01, 2.162920e-01, 2.163104e-01
INFO:bingo.evolutionary_optimizers.parallel_archipelago:Evolution time 0:00:46.842691	 age 410	 fitness 1.667e-01
Level 25:bingo.evolutionary_optimizers.evolutionary_optimizer:Generation: 160 	 Elapsed time: 0:09:30.931226 	 Best training fitness: 1.666937e-01 	 
Level 25:bingo.evolutionary_optimizers.evolutionary_optimizer:160, 5.709312e+02, 1849859, 1.666937e-01, 1.666937e-01, 1.674861e-01, 1.686233e-01, 1.737753e-01, 1.745416e-01, 1.751747e-01, 2.162920e-01, 2.163104e-01
INFO:bingo.evolutionary_optimizers.parallel_archipelago:Evolution time 0:01:06.982373	 age 460	 fitness 1.664e-01
Level 25:bingo.evolutionary_optimizers.evolutionary_optimizer:Generation: 170 	 Elapsed time: 0:10:38.242026 	 Best training fitness: 1.663831e-01 	 
Level 25:bingo.evolutionary_optimizers.evolutionary_optimizer:170, 6.382420e+02, 2032389, 1.663831e-01, 1.663831e-01, 1.674861e-01, 1.686139e-01, 1.737753e-01, 1.745416e-01, 1.751747e-01, 2.162920e-01, 2.163104e-01
INFO:bingo.evolutionary_optimizers.parallel_archipelago:Evolution time 0:00:50.645392	 age 490	 fitness 1.662e-01
Level 25:bingo.evolutionary_optimizers.evolutionary_optimizer:Generation: 180 	 Elapsed time: 0:11:29.223601 	 Best training fitness: 1.662041e-01 	 
Level 25:bingo.evolutionary_optimizers.evolutionary_optimizer:180, 6.892236e+02, 2195110, 1.662041e-01, 1.662041e-01, 1.663488e-01, 1.674861e-01, 1.686139e-01, 1.737753e-01, 1.745416e-01, 1.751747e-01, 2.162829e-01, 2.162920e-01, 2.163104e-01
INFO:bingo.evolutionary_optimizers.parallel_archipelago:Evolution time 0:01:05.604286	 age 540	 fitness 1.630e-01
Level 25:bingo.evolutionary_optimizers.evolutionary_optimizer:Generation: 190 	 Elapsed time: 0:12:35.176107 	 Best training fitness: 1.629889e-01 	 
Level 25:bingo.evolutionary_optimizers.evolutionary_optimizer:190, 7.551761e+02, 2383274, 1.629889e-01, 1.629889e-01, 1.645304e-01, 1.686139e-01, 1.737753e-01, 1.745416e-01, 1.751747e-01, 2.156146e-01, 2.162900e-01, 2.163104e-01
INFO:bingo.evolutionary_optimizers.parallel_archipelago:Evolution time 0:00:50.822338	 age 570	 fitness 1.568e-01
Level 25:bingo.evolutionary_optimizers.evolutionary_optimizer:Generation: 200 	 Elapsed time: 0:13:26.344812 	 Best training fitness: 1.568256e-01 	 
Level 25:bingo.evolutionary_optimizers.evolutionary_optimizer:200, 8.063448e+02, 2541785, 1.568256e-01, 1.568256e-01, 1.686139e-01, 1.737753e-01, 1.745416e-01, 1.751747e-01, 2.155770e-01, 2.162900e-01, 2.163104e-01
INFO:bingo.evolutionary_optimizers.parallel_archipelago:Evolution time 0:01:04.746029	 age 600	 fitness 1.568e-01
Level 25:bingo.evolutionary_optimizers.evolutionary_optimizer:Generation: 210 	 Elapsed time: 0:14:31.432845 	 Best training fitness: 1.568086e-01 	 
Level 25:bingo.evolutionary_optimizers.evolutionary_optimizer:210, 8.714328e+02, 2728414, 1.568086e-01, 1.568086e-01, 1.667657e-01, 1.745416e-01, 1.751747e-01, 2.146056e-01, 2.155722e-01, 2.162900e-01, 2.163104e-01
INFO:bingo.evolutionary_optimizers.parallel_archipelago:Evolution time 0:00:45.813065	 age 630	 fitness 1.568e-01
Level 25:bingo.evolutionary_optimizers.evolutionary_optimizer:Generation: 220 	 Elapsed time: 0:15:17.586004 	 Best training fitness: 1.568112e-01 	 
Level 25:bingo.evolutionary_optimizers.evolutionary_optimizer:220, 9.175860e+02, 2888284, 1.568112e-01, 1.568086e-01, 1.667399e-01, 1.745416e-01, 1.751747e-01, 2.145886e-01, 2.155595e-01, 2.155722e-01, 2.162900e-01, 2.163104e-01
INFO:bingo.evolutionary_optimizers.parallel_archipelago:Evolution time 0:00:51.218245	 age 660	 fitness 1.567e-01
Level 25:bingo.evolutionary_optimizers.evolutionary_optimizer:Generation: 230 	 Elapsed time: 0:16:09.180690 	 Best training fitness: 1.566783e-01 	 
Level 25:bingo.evolutionary_optimizers.evolutionary_optimizer:230, 9.691807e+02, 3051854, 1.566783e-01, 1.566783e-01, 1.667115e-01, 1.745416e-01, 1.751747e-01, 2.145581e-01, 2.155595e-01, 2.155722e-01, 2.162871e-01, 2.162900e-01, 2.163104e-01
INFO:bingo.evolutionary_optimizers.parallel_archipelago:Evolution time 0:00:54.887961	 age 680	 fitness 1.440e-01
Level 25:bingo.evolutionary_optimizers.evolutionary_optimizer:Generation: 240 	 Elapsed time: 0:17:04.411226 	 Best training fitness: 1.439534e-01 	 
Level 25:bingo.evolutionary_optimizers.evolutionary_optimizer:240, 1.024411e+03, 3188261, 1.439534e-01, 1.439534e-01, 1.614659e-01, 1.666878e-01, 1.745416e-01, 1.751747e-01, 2.145581e-01, 2.155595e-01, 2.155722e-01, 2.162871e-01, 2.162900e-01, 2.163104e-01
INFO:bingo.evolutionary_optimizers.parallel_archipelago:Evolution time 0:00:41.153350	 age 700	 fitness 1.439e-01
Level 25:bingo.evolutionary_optimizers.evolutionary_optimizer:Generation: 250 	 Elapsed time: 0:17:45.912907 	 Best training fitness: 1.439474e-01 	 
Level 25:bingo.evolutionary_optimizers.evolutionary_optimizer:250, 1.065913e+03, 3325345, 1.439474e-01, 1.439474e-01, 1.614659e-01, 1.666878e-01, 1.745416e-01, 1.751747e-01, 2.145581e-01, 2.155595e-01, 2.155722e-01, 2.162871e-01, 2.162900e-01, 2.163028e-01
INFO:bingo.evolutionary_optimizers.parallel_archipelago:Evolution time 0:00:39.350557	 age 720	 fitness 1.280e-16
Level 25:bingo.evolutionary_optimizers.evolutionary_optimizer:Generation: 260 	 Elapsed time: 0:18:25.608219 	 Best training fitness: 1.279718e-16 	 
Level 25:bingo.evolutionary_optimizers.evolutionary_optimizer:260, 1.105608e+03, 3459210, 1.279718e-16, 1.279718e-16, 2.155722e-01, 2.162871e-01, 2.162900e-01, 2.163028e-01
Level 25:bingo.evolutionary_optimizers.evolutionary_optimizer:Evolution successfully converged.
Level 25:bingo.evolutionary_optimizers.evolutionary_optimizer:  Absolte convergence occurred with best fitness < 1e-10
Level 25:bingo.evolutionary_optimizers.evolutionary_optimizer:Hall of Fame:
1.2797176521642916e-16	8	sin(log((X_0)(X_0) + (X_1)(X_1)))
0.2155722023919713	7	sin(log(log((0.078635)(X_0))) + log((0.078635)(X_0)))
0.21628711880096096	6	sin(((-4.909868)((-4.909868)(-4.909868)))(-1.051519))
0.216290044007962	2	sin(-1.204180)
0.21630278874306053	1	-0.934101
