Level 25:bingo.evolutionary_optimizers.evolutionary_optimizer:#generational_age, elapsed_time, fitness_evaluation_count, current_training_fitness, hall_of_fame_fitnesses
Level 25:bingo.evolutionary_optimizers.evolutionary_optimizer:#generational_age, elapsed_time, fitness_evaluation_count, current_training_fitness, hall_of_fame_fitnesses
Level 25:bingo.evolutionary_optimizers.parallel_archipelago:Saving checkpoint: src/bingo_bias_vias_decomposition/checkpoints_st_20/implicit_st_20_p2_p8_10_0.pkl
INFO:bingo.evolutionary_optimizers.parallel_archipelago:Saved successfully
Level 25:bingo.evolutionary_optimizers.evolutionary_optimizer:Generation: 0 	 Elapsed time: 0:00:04.261096 	 Best training fitness: 4.840708e-02 	 
Level 25:bingo.evolutionary_optimizers.evolutionary_optimizer:0, 4.261096e+00, 12052, 4.840708e-02
INFO:bingo.evolutionary_optimizers.parallel_archipelago:Performing migration between Islands
INFO:bingo.evolutionary_optimizers.parallel_archipelago:Evolution time 0:00:28.237844	 age 20	 fitness 4.821e-02
Level 25:bingo.evolutionary_optimizers.parallel_archipelago:Saving checkpoint: src/bingo_bias_vias_decomposition/checkpoints_st_20/implicit_st_20_p2_p8_10_10.pkl
INFO:bingo.evolutionary_optimizers.parallel_archipelago:Saved successfully
Level 25:bingo.evolutionary_optimizers.evolutionary_optimizer:Generation: 10 	 Elapsed time: 0:00:32.711855 	 Best training fitness: 4.821172e-02 	 
Level 25:bingo.evolutionary_optimizers.evolutionary_optimizer:10, 3.271185e+01, 106593, 4.821172e-02, 4.821172e-02, 4.843065e-02, 4.865579e-02, 4.882149e-02, 5.002446e-02
INFO:bingo.evolutionary_optimizers.parallel_archipelago:Performing migration between Islands
INFO:bingo.evolutionary_optimizers.parallel_archipelago:Evolution time 0:00:29.707185	 age 30	 fitness 4.823e-02
Level 25:bingo.evolutionary_optimizers.parallel_archipelago:Saving checkpoint: src/bingo_bias_vias_decomposition/checkpoints_st_20/implicit_st_20_p2_p8_10_20.pkl
INFO:bingo.evolutionary_optimizers.parallel_archipelago:Saved successfully
Level 25:bingo.evolutionary_optimizers.evolutionary_optimizer:Generation: 20 	 Elapsed time: 0:01:02.671373 	 Best training fitness: 4.822814e-02 	 
Level 25:bingo.evolutionary_optimizers.evolutionary_optimizer:20, 6.267137e+01, 186989, 4.822814e-02, 4.821172e-02, 4.827289e-02, 4.882149e-02, 4.936662e-02, 5.002446e-02
INFO:bingo.evolutionary_optimizers.parallel_archipelago:Performing migration between Islands
INFO:bingo.evolutionary_optimizers.parallel_archipelago:Evolution time 0:00:15.801552	 age 40	 fitness 4.827e-02
Level 25:bingo.evolutionary_optimizers.parallel_archipelago:Saving checkpoint: src/bingo_bias_vias_decomposition/checkpoints_st_20/implicit_st_20_p2_p8_10_30.pkl
INFO:bingo.evolutionary_optimizers.parallel_archipelago:Saved successfully
Level 25:bingo.evolutionary_optimizers.evolutionary_optimizer:Generation: 30 	 Elapsed time: 0:01:18.682816 	 Best training fitness: 4.826760e-02 	 
Level 25:bingo.evolutionary_optimizers.evolutionary_optimizer:30, 7.868282e+01, 250931, 4.826760e-02, 4.821172e-02, 4.826760e-02, 4.851606e-02, 4.885684e-02, 5.002446e-02
INFO:bingo.evolutionary_optimizers.parallel_archipelago:Performing migration between Islands
INFO:bingo.evolutionary_optimizers.parallel_archipelago:Evolution time 0:00:30.068726	 age 50	 fitness 4.230e-02
Level 25:bingo.evolutionary_optimizers.parallel_archipelago:Saving checkpoint: src/bingo_bias_vias_decomposition/checkpoints_st_20/implicit_st_20_p2_p8_10_40.pkl
INFO:bingo.evolutionary_optimizers.parallel_archipelago:Saved successfully
Level 25:bingo.evolutionary_optimizers.evolutionary_optimizer:Generation: 40 	 Elapsed time: 0:01:48.966025 	 Best training fitness: 4.229836e-02 	 
Level 25:bingo.evolutionary_optimizers.evolutionary_optimizer:40, 1.089660e+02, 328291, 4.229836e-02, 4.229836e-02, 4.259637e-02, 4.821172e-02, 4.826760e-02, 4.851606e-02, 4.885684e-02, 4.915082e-02
INFO:bingo.evolutionary_optimizers.parallel_archipelago:Performing migration between Islands
INFO:bingo.evolutionary_optimizers.parallel_archipelago:Evolution time 0:00:16.812046	 age 60	 fitness 4.208e-02
Level 25:bingo.evolutionary_optimizers.parallel_archipelago:Saving checkpoint: src/bingo_bias_vias_decomposition/checkpoints_st_20/implicit_st_20_p2_p8_10_50.pkl
INFO:bingo.evolutionary_optimizers.parallel_archipelago:Saved successfully
Level 25:bingo.evolutionary_optimizers.evolutionary_optimizer:Generation: 50 	 Elapsed time: 0:02:05.998674 	 Best training fitness: 4.207702e-02 	 
Level 25:bingo.evolutionary_optimizers.evolutionary_optimizer:50, 1.259987e+02, 372491, 4.207702e-02, 4.207702e-02, 4.217966e-02, 4.259637e-02, 4.821172e-02, 4.823902e-02, 4.826760e-02, 4.851606e-02, 4.861849e-02
INFO:bingo.evolutionary_optimizers.parallel_archipelago:Performing migration between Islands
INFO:bingo.evolutionary_optimizers.parallel_archipelago:Evolution time 0:00:24.189767	 age 70	 fitness 4.125e-02
Level 25:bingo.evolutionary_optimizers.parallel_archipelago:Saving checkpoint: src/bingo_bias_vias_decomposition/checkpoints_st_20/implicit_st_20_p2_p8_10_60.pkl
INFO:bingo.evolutionary_optimizers.parallel_archipelago:Saved successfully
Level 25:bingo.evolutionary_optimizers.evolutionary_optimizer:Generation: 60 	 Elapsed time: 0:02:30.398908 	 Best training fitness: 4.125480e-02 	 
Level 25:bingo.evolutionary_optimizers.evolutionary_optimizer:60, 1.503989e+02, 435934, 4.125480e-02, 4.125480e-02, 4.259637e-02, 4.821172e-02, 4.823902e-02, 4.826760e-02, 4.851606e-02, 4.852052e-02
INFO:bingo.evolutionary_optimizers.parallel_archipelago:Performing migration between Islands
INFO:bingo.evolutionary_optimizers.parallel_archipelago:Evolution time 0:00:29.361043	 age 80	 fitness 4.112e-02
Level 25:bingo.evolutionary_optimizers.parallel_archipelago:Saving checkpoint: src/bingo_bias_vias_decomposition/checkpoints_st_20/implicit_st_20_p2_p8_10_70.pkl
INFO:bingo.evolutionary_optimizers.parallel_archipelago:Saved successfully
Level 25:bingo.evolutionary_optimizers.evolutionary_optimizer:Generation: 70 	 Elapsed time: 0:02:59.971447 	 Best training fitness: 4.112343e-02 	 
Level 25:bingo.evolutionary_optimizers.evolutionary_optimizer:70, 1.799714e+02, 497507, 4.112343e-02, 4.112343e-02, 4.227544e-02, 4.821172e-02, 4.823727e-02, 4.837325e-02, 4.843259e-02, 4.852052e-02
INFO:bingo.evolutionary_optimizers.parallel_archipelago:Performing migration between Islands
INFO:bingo.evolutionary_optimizers.parallel_archipelago:Evolution time 0:00:30.150620	 age 90	 fitness 4.102e-02
Level 25:bingo.evolutionary_optimizers.parallel_archipelago:Saving checkpoint: src/bingo_bias_vias_decomposition/checkpoints_st_20/implicit_st_20_p2_p8_10_80.pkl
INFO:bingo.evolutionary_optimizers.parallel_archipelago:Saved successfully
Level 25:bingo.evolutionary_optimizers.evolutionary_optimizer:Generation: 80 	 Elapsed time: 0:03:30.335410 	 Best training fitness: 4.102276e-02 	 
Level 25:bingo.evolutionary_optimizers.evolutionary_optimizer:80, 2.103354e+02, 561934, 4.102276e-02, 4.102276e-02, 4.227544e-02, 4.821172e-02, 4.823727e-02, 4.834657e-02, 4.837276e-02, 4.846400e-02
INFO:bingo.evolutionary_optimizers.parallel_archipelago:Performing migration between Islands
INFO:bingo.evolutionary_optimizers.parallel_archipelago:Evolution time 0:00:26.749264	 age 100	 fitness 4.102e-02
Level 25:bingo.evolutionary_optimizers.parallel_archipelago:Saving checkpoint: src/bingo_bias_vias_decomposition/checkpoints_st_20/implicit_st_20_p2_p8_10_90.pkl
INFO:bingo.evolutionary_optimizers.parallel_archipelago:Saved successfully
Level 25:bingo.evolutionary_optimizers.evolutionary_optimizer:Generation: 90 	 Elapsed time: 0:03:57.309230 	 Best training fitness: 4.102276e-02 	 
Level 25:bingo.evolutionary_optimizers.evolutionary_optimizer:90, 2.373092e+02, 623129, 4.102276e-02, 4.102276e-02, 4.227544e-02, 4.821172e-02, 4.822924e-02, 4.829088e-02
INFO:bingo.evolutionary_optimizers.parallel_archipelago:Performing migration between Islands
INFO:bingo.evolutionary_optimizers.parallel_archipelago:Evolution time 0:00:38.198206	 age 110	 fitness 4.109e-02
Level 25:bingo.evolutionary_optimizers.parallel_archipelago:Saving checkpoint: src/bingo_bias_vias_decomposition/checkpoints_st_20/implicit_st_20_p2_p8_10_100.pkl
INFO:bingo.evolutionary_optimizers.parallel_archipelago:Saved successfully
Level 25:bingo.evolutionary_optimizers.evolutionary_optimizer:Generation: 100 	 Elapsed time: 0:04:35.715706 	 Best training fitness: 4.108674e-02 	 
Level 25:bingo.evolutionary_optimizers.evolutionary_optimizer:100, 2.757157e+02, 703094, 4.108674e-02, 4.102276e-02, 4.224880e-02, 4.821172e-02, 4.822924e-02, 4.829088e-02
INFO:bingo.evolutionary_optimizers.parallel_archipelago:Performing migration between Islands
INFO:bingo.evolutionary_optimizers.parallel_archipelago:Evolution time 0:00:17.562447	 age 120	 fitness 4.111e-02
Level 25:bingo.evolutionary_optimizers.parallel_archipelago:Saving checkpoint: src/bingo_bias_vias_decomposition/checkpoints_st_20/implicit_st_20_p2_p8_10_110.pkl
INFO:bingo.evolutionary_optimizers.parallel_archipelago:Saved successfully
Level 25:bingo.evolutionary_optimizers.evolutionary_optimizer:Generation: 110 	 Elapsed time: 0:04:53.503006 	 Best training fitness: 4.111354e-02 	 
Level 25:bingo.evolutionary_optimizers.evolutionary_optimizer:110, 2.935030e+02, 765916, 4.111354e-02, 4.102276e-02, 4.224880e-02, 4.821172e-02, 4.822924e-02, 4.829088e-02
INFO:bingo.evolutionary_optimizers.parallel_archipelago:Performing migration between Islands
INFO:bingo.evolutionary_optimizers.parallel_archipelago:Evolution time 0:00:47.246982	 age 130	 fitness 4.077e-02
Level 25:bingo.evolutionary_optimizers.parallel_archipelago:Saving checkpoint: src/bingo_bias_vias_decomposition/checkpoints_st_20/implicit_st_20_p2_p8_10_120.pkl
INFO:bingo.evolutionary_optimizers.parallel_archipelago:Saved successfully
Level 25:bingo.evolutionary_optimizers.evolutionary_optimizer:Generation: 120 	 Elapsed time: 0:05:40.968315 	 Best training fitness: 4.077454e-02 	 
Level 25:bingo.evolutionary_optimizers.evolutionary_optimizer:120, 3.409683e+02, 852560, 4.077454e-02, 4.077454e-02, 4.102276e-02, 4.224880e-02, 4.821172e-02, 4.822924e-02, 4.829088e-02
INFO:bingo.evolutionary_optimizers.parallel_archipelago:Performing migration between Islands
INFO:bingo.evolutionary_optimizers.parallel_archipelago:Evolution time 0:00:16.956670	 age 140	 fitness 4.056e-02
Level 25:bingo.evolutionary_optimizers.parallel_archipelago:Saving checkpoint: src/bingo_bias_vias_decomposition/checkpoints_st_20/implicit_st_20_p2_p8_10_130.pkl
INFO:bingo.evolutionary_optimizers.parallel_archipelago:Saved successfully
Level 25:bingo.evolutionary_optimizers.evolutionary_optimizer:Generation: 130 	 Elapsed time: 0:05:58.143580 	 Best training fitness: 4.056298e-02 	 
Level 25:bingo.evolutionary_optimizers.evolutionary_optimizer:130, 3.581436e+02, 919686, 4.056298e-02, 4.056298e-02, 4.102276e-02, 4.224880e-02, 4.821172e-02, 4.822924e-02, 4.829088e-02
INFO:bingo.evolutionary_optimizers.parallel_archipelago:Performing migration between Islands
INFO:bingo.evolutionary_optimizers.parallel_archipelago:Evolution time 0:00:50.403372	 age 150	 fitness 4.056e-02
Level 25:bingo.evolutionary_optimizers.parallel_archipelago:Saving checkpoint: src/bingo_bias_vias_decomposition/checkpoints_st_20/implicit_st_20_p2_p8_10_140.pkl
INFO:bingo.evolutionary_optimizers.parallel_archipelago:Saved successfully
Level 25:bingo.evolutionary_optimizers.evolutionary_optimizer:Generation: 140 	 Elapsed time: 0:06:48.764984 	 Best training fitness: 4.055589e-02 	 
Level 25:bingo.evolutionary_optimizers.evolutionary_optimizer:140, 4.087650e+02, 1018905, 4.055589e-02, 4.055589e-02, 4.102276e-02, 4.214167e-02, 4.821172e-02, 4.822924e-02, 4.829088e-02
INFO:bingo.evolutionary_optimizers.parallel_archipelago:Performing migration between Islands
INFO:bingo.evolutionary_optimizers.parallel_archipelago:Evolution time 0:00:33.209011	 age 160	 fitness 4.053e-02
Level 25:bingo.evolutionary_optimizers.parallel_archipelago:Saving checkpoint: src/bingo_bias_vias_decomposition/checkpoints_st_20/implicit_st_20_p2_p8_10_150.pkl
INFO:bingo.evolutionary_optimizers.parallel_archipelago:Saved successfully
Level 25:bingo.evolutionary_optimizers.evolutionary_optimizer:Generation: 150 	 Elapsed time: 0:07:22.229699 	 Best training fitness: 4.053307e-02 	 
Level 25:bingo.evolutionary_optimizers.evolutionary_optimizer:150, 4.422297e+02, 1099826, 4.053307e-02, 4.053307e-02, 4.102276e-02, 4.214167e-02, 4.821172e-02, 4.822924e-02, 4.829088e-02
INFO:bingo.evolutionary_optimizers.parallel_archipelago:Performing migration between Islands
INFO:bingo.evolutionary_optimizers.parallel_archipelago:Evolution time 0:00:28.124881	 age 170	 fitness 3.481e-02
Level 25:bingo.evolutionary_optimizers.parallel_archipelago:Saving checkpoint: src/bingo_bias_vias_decomposition/checkpoints_st_20/implicit_st_20_p2_p8_10_160.pkl
INFO:bingo.evolutionary_optimizers.parallel_archipelago:Saved successfully
Level 25:bingo.evolutionary_optimizers.evolutionary_optimizer:Generation: 160 	 Elapsed time: 0:07:50.574379 	 Best training fitness: 3.481191e-02 	 
Level 25:bingo.evolutionary_optimizers.evolutionary_optimizer:160, 4.705744e+02, 1173695, 3.481191e-02, 3.481191e-02, 4.053307e-02, 4.102276e-02, 4.214167e-02, 4.821172e-02, 4.822924e-02, 4.829088e-02
INFO:bingo.evolutionary_optimizers.parallel_archipelago:Performing migration between Islands
INFO:bingo.evolutionary_optimizers.parallel_archipelago:Evolution time 0:00:40.774574	 age 180	 fitness 2.924e-02
Level 25:bingo.evolutionary_optimizers.parallel_archipelago:Saving checkpoint: src/bingo_bias_vias_decomposition/checkpoints_st_20/implicit_st_20_p2_p8_10_170.pkl
INFO:bingo.evolutionary_optimizers.parallel_archipelago:Saved successfully
Level 25:bingo.evolutionary_optimizers.evolutionary_optimizer:Generation: 170 	 Elapsed time: 0:08:31.571709 	 Best training fitness: 2.924487e-02 	 
Level 25:bingo.evolutionary_optimizers.evolutionary_optimizer:170, 5.115717e+02, 1243002, 2.924487e-02, 2.924487e-02, 2.997628e-02, 3.023191e-02, 4.102276e-02, 4.214167e-02, 4.821172e-02, 4.822924e-02, 4.829088e-02
INFO:bingo.evolutionary_optimizers.parallel_archipelago:Performing migration between Islands
INFO:bingo.evolutionary_optimizers.parallel_archipelago:Evolution time 0:00:27.966312	 age 190	 fitness 2.898e-02
Level 25:bingo.evolutionary_optimizers.parallel_archipelago:Saving checkpoint: src/bingo_bias_vias_decomposition/checkpoints_st_20/implicit_st_20_p2_p8_10_180.pkl
INFO:bingo.evolutionary_optimizers.parallel_archipelago:Saved successfully
Level 25:bingo.evolutionary_optimizers.evolutionary_optimizer:Generation: 180 	 Elapsed time: 0:08:59.764506 	 Best training fitness: 2.897832e-02 	 
Level 25:bingo.evolutionary_optimizers.evolutionary_optimizer:180, 5.397645e+02, 1326432, 2.897832e-02, 2.897832e-02, 2.997628e-02, 3.012058e-02, 4.075546e-02, 4.102276e-02, 4.214167e-02, 4.821172e-02, 4.822924e-02, 4.829088e-02
INFO:bingo.evolutionary_optimizers.parallel_archipelago:Performing migration between Islands
INFO:bingo.evolutionary_optimizers.parallel_archipelago:Evolution time 0:00:38.100923	 age 200	 fitness 2.866e-02
Level 25:bingo.evolutionary_optimizers.parallel_archipelago:Saving checkpoint: src/bingo_bias_vias_decomposition/checkpoints_st_20/implicit_st_20_p2_p8_10_190.pkl
INFO:bingo.evolutionary_optimizers.parallel_archipelago:Saved successfully
Level 25:bingo.evolutionary_optimizers.evolutionary_optimizer:Generation: 190 	 Elapsed time: 0:09:38.089215 	 Best training fitness: 2.866367e-02 	 
Level 25:bingo.evolutionary_optimizers.evolutionary_optimizer:190, 5.780892e+02, 1426896, 2.866367e-02, 2.866367e-02, 2.894382e-02, 2.997628e-02, 3.012058e-02, 4.052814e-02, 4.102276e-02, 4.214167e-02, 4.821172e-02, 4.822924e-02, 4.829088e-02
INFO:bingo.evolutionary_optimizers.parallel_archipelago:Performing migration between Islands
INFO:bingo.evolutionary_optimizers.parallel_archipelago:Evolution time 0:00:52.223995	 age 210	 fitness 2.853e-02
Level 25:bingo.evolutionary_optimizers.parallel_archipelago:Saving checkpoint: src/bingo_bias_vias_decomposition/checkpoints_st_20/implicit_st_20_p2_p8_10_200.pkl
INFO:bingo.evolutionary_optimizers.parallel_archipelago:Saved successfully
Level 25:bingo.evolutionary_optimizers.evolutionary_optimizer:Generation: 200 	 Elapsed time: 0:10:30.543755 	 Best training fitness: 2.852844e-02 	 
Level 25:bingo.evolutionary_optimizers.evolutionary_optimizer:200, 6.305438e+02, 1540221, 2.852844e-02, 2.852844e-02, 2.997628e-02, 3.012058e-02, 4.042778e-02, 4.102276e-02, 4.214167e-02, 4.821172e-02, 4.822924e-02, 4.829088e-02
INFO:bingo.evolutionary_optimizers.parallel_archipelago:Performing migration between Islands
INFO:bingo.evolutionary_optimizers.parallel_archipelago:Evolution time 0:00:20.224744	 age 220	 fitness 2.853e-02
Level 25:bingo.evolutionary_optimizers.parallel_archipelago:Saving checkpoint: src/bingo_bias_vias_decomposition/checkpoints_st_20/implicit_st_20_p2_p8_10_210.pkl
INFO:bingo.evolutionary_optimizers.parallel_archipelago:Saved successfully
Level 25:bingo.evolutionary_optimizers.evolutionary_optimizer:Generation: 210 	 Elapsed time: 0:10:50.998335 	 Best training fitness: 2.852844e-02 	 
Level 25:bingo.evolutionary_optimizers.evolutionary_optimizer:210, 6.509983e+02, 1612425, 2.852844e-02, 2.852844e-02, 2.909039e-02, 3.012058e-02, 4.042322e-02, 4.102276e-02, 4.214167e-02, 4.821172e-02, 4.822924e-02, 4.829088e-02
INFO:bingo.evolutionary_optimizers.parallel_archipelago:Performing migration between Islands
INFO:bingo.evolutionary_optimizers.parallel_archipelago:Evolution time 0:00:28.616762	 age 230	 fitness 2.850e-02
Level 25:bingo.evolutionary_optimizers.parallel_archipelago:Saving checkpoint: src/bingo_bias_vias_decomposition/checkpoints_st_20/implicit_st_20_p2_p8_10_220.pkl
INFO:bingo.evolutionary_optimizers.parallel_archipelago:Saved successfully
Level 25:bingo.evolutionary_optimizers.evolutionary_optimizer:Generation: 220 	 Elapsed time: 0:11:19.937395 	 Best training fitness: 2.849616e-02 	 
Level 25:bingo.evolutionary_optimizers.evolutionary_optimizer:220, 6.799374e+02, 1700831, 2.849616e-02, 2.849616e-02, 2.852844e-02, 2.909039e-02, 2.941766e-02, 4.028213e-02, 4.099402e-02, 4.214167e-02, 4.821172e-02, 4.822924e-02, 4.828117e-02
INFO:bingo.evolutionary_optimizers.parallel_archipelago:Performing migration between Islands
INFO:bingo.evolutionary_optimizers.parallel_archipelago:Evolution time 0:00:53.209873	 age 240	 fitness 2.848e-02
Level 25:bingo.evolutionary_optimizers.parallel_archipelago:Saving checkpoint: src/bingo_bias_vias_decomposition/checkpoints_st_20/implicit_st_20_p2_p8_10_230.pkl
INFO:bingo.evolutionary_optimizers.parallel_archipelago:Saved successfully
Level 25:bingo.evolutionary_optimizers.evolutionary_optimizer:Generation: 230 	 Elapsed time: 0:12:13.379989 	 Best training fitness: 2.848320e-02 	 
Level 25:bingo.evolutionary_optimizers.evolutionary_optimizer:230, 7.333800e+02, 1782845, 2.848320e-02, 2.848320e-02, 2.850001e-02, 2.909039e-02, 2.940643e-02, 4.028213e-02, 4.099402e-02, 4.214167e-02, 4.821172e-02, 4.822924e-02, 4.828117e-02
INFO:bingo.evolutionary_optimizers.parallel_archipelago:Performing migration between Islands
INFO:bingo.evolutionary_optimizers.parallel_archipelago:Evolution time 0:00:35.617795	 age 250	 fitness 2.849e-02
Level 25:bingo.evolutionary_optimizers.parallel_archipelago:Saving checkpoint: src/bingo_bias_vias_decomposition/checkpoints_st_20/implicit_st_20_p2_p8_10_240.pkl
INFO:bingo.evolutionary_optimizers.parallel_archipelago:Saved successfully
Level 25:bingo.evolutionary_optimizers.evolutionary_optimizer:Generation: 240 	 Elapsed time: 0:12:49.232186 	 Best training fitness: 2.849022e-02 	 
Level 25:bingo.evolutionary_optimizers.evolutionary_optimizer:240, 7.692322e+02, 1856587, 2.849022e-02, 2.848320e-02, 2.849022e-02, 2.909039e-02, 2.940643e-02, 4.028213e-02, 4.099402e-02, 4.214167e-02, 4.821172e-02, 4.822924e-02, 4.828117e-02
INFO:bingo.evolutionary_optimizers.parallel_archipelago:Performing migration between Islands
INFO:bingo.evolutionary_optimizers.parallel_archipelago:Evolution time 0:00:17.684127	 age 260	 fitness 2.845e-02
Level 25:bingo.evolutionary_optimizers.parallel_archipelago:Saving checkpoint: src/bingo_bias_vias_decomposition/checkpoints_st_20/implicit_st_20_p2_p8_10_250.pkl
INFO:bingo.evolutionary_optimizers.parallel_archipelago:Saved successfully
Level 25:bingo.evolutionary_optimizers.evolutionary_optimizer:Generation: 250 	 Elapsed time: 0:13:07.143014 	 Best training fitness: 2.845386e-02 	 
Level 25:bingo.evolutionary_optimizers.evolutionary_optimizer:250, 7.871430e+02, 1917098, 2.845386e-02, 2.845386e-02, 2.909039e-02, 2.931250e-02, 4.028213e-02, 4.099402e-02, 4.214167e-02, 4.821172e-02, 4.822924e-02, 4.828117e-02
INFO:bingo.evolutionary_optimizers.parallel_archipelago:Performing migration between Islands
INFO:bingo.evolutionary_optimizers.parallel_archipelago:Evolution time 0:00:37.602594	 age 270	 fitness 2.843e-02
Level 25:bingo.evolutionary_optimizers.parallel_archipelago:Saving checkpoint: src/bingo_bias_vias_decomposition/checkpoints_st_20/implicit_st_20_p2_p8_10_260.pkl
INFO:bingo.evolutionary_optimizers.parallel_archipelago:Saved successfully
Level 25:bingo.evolutionary_optimizers.evolutionary_optimizer:Generation: 260 	 Elapsed time: 0:13:44.974433 	 Best training fitness: 2.843365e-02 	 
Level 25:bingo.evolutionary_optimizers.evolutionary_optimizer:260, 8.249744e+02, 1995441, 2.843365e-02, 2.843365e-02, 2.909039e-02, 2.931193e-02, 4.028213e-02, 4.099402e-02, 4.214167e-02, 4.821172e-02, 4.822924e-02, 4.828117e-02
INFO:bingo.evolutionary_optimizers.parallel_archipelago:Performing migration between Islands
INFO:bingo.evolutionary_optimizers.parallel_archipelago:Evolution time 0:01:01.227057	 age 280	 fitness 2.842e-02
Level 25:bingo.evolutionary_optimizers.parallel_archipelago:Saving checkpoint: src/bingo_bias_vias_decomposition/checkpoints_st_20/implicit_st_20_p2_p8_10_270.pkl
INFO:bingo.evolutionary_optimizers.parallel_archipelago:Saved successfully
Level 25:bingo.evolutionary_optimizers.evolutionary_optimizer:Generation: 270 	 Elapsed time: 0:14:46.431765 	 Best training fitness: 2.841839e-02 	 
Level 25:bingo.evolutionary_optimizers.evolutionary_optimizer:270, 8.864318e+02, 2086642, 2.841839e-02, 2.841839e-02, 2.909039e-02, 2.931193e-02, 4.027863e-02, 4.099402e-02, 4.214167e-02, 4.821172e-02, 4.822924e-02, 4.828117e-02
INFO:bingo.evolutionary_optimizers.parallel_archipelago:Performing migration between Islands
INFO:bingo.evolutionary_optimizers.parallel_archipelago:Evolution time 0:00:40.666697	 age 290	 fitness 2.842e-02
Level 25:bingo.evolutionary_optimizers.parallel_archipelago:Saving checkpoint: src/bingo_bias_vias_decomposition/checkpoints_st_20/implicit_st_20_p2_p8_10_280.pkl
INFO:bingo.evolutionary_optimizers.parallel_archipelago:Saved successfully
Level 25:bingo.evolutionary_optimizers.evolutionary_optimizer:Generation: 280 	 Elapsed time: 0:15:27.326490 	 Best training fitness: 2.842227e-02 	 
Level 25:bingo.evolutionary_optimizers.evolutionary_optimizer:280, 9.273265e+02, 2174913, 2.842227e-02, 2.841839e-02, 2.909039e-02, 2.931193e-02, 4.027863e-02, 4.099402e-02, 4.214167e-02, 4.811592e-02, 4.822924e-02, 4.828117e-02
INFO:bingo.evolutionary_optimizers.parallel_archipelago:Performing migration between Islands
INFO:bingo.evolutionary_optimizers.parallel_archipelago:Evolution time 0:00:39.063307	 age 300	 fitness 2.832e-02
Level 25:bingo.evolutionary_optimizers.parallel_archipelago:Saving checkpoint: src/bingo_bias_vias_decomposition/checkpoints_st_20/implicit_st_20_p2_p8_10_290.pkl
INFO:bingo.evolutionary_optimizers.parallel_archipelago:Saved successfully
Level 25:bingo.evolutionary_optimizers.evolutionary_optimizer:Generation: 290 	 Elapsed time: 0:16:06.658620 	 Best training fitness: 2.832332e-02 	 
Level 25:bingo.evolutionary_optimizers.evolutionary_optimizer:290, 9.666586e+02, 2245927, 2.832332e-02, 2.832332e-02, 2.840383e-02, 2.909039e-02, 2.931193e-02, 4.027863e-02, 4.099402e-02, 4.214167e-02, 4.811592e-02, 4.822924e-02, 4.828117e-02
INFO:bingo.evolutionary_optimizers.parallel_archipelago:Performing migration between Islands
INFO:bingo.evolutionary_optimizers.parallel_archipelago:Evolution time 0:00:36.313571	 age 310	 fitness 2.821e-02
Level 25:bingo.evolutionary_optimizers.parallel_archipelago:Saving checkpoint: src/bingo_bias_vias_decomposition/checkpoints_st_20/implicit_st_20_p2_p8_10_300.pkl
INFO:bingo.evolutionary_optimizers.parallel_archipelago:Saved successfully
Level 25:bingo.evolutionary_optimizers.evolutionary_optimizer:Generation: 300 	 Elapsed time: 0:16:43.202430 	 Best training fitness: 2.820972e-02 	 
Level 25:bingo.evolutionary_optimizers.evolutionary_optimizer:300, 1.003202e+03, 2338145, 2.820972e-02, 2.820972e-02, 2.835047e-02, 2.844878e-02, 2.931193e-02, 3.033255e-02, 4.099402e-02, 4.214167e-02, 4.811592e-02, 4.822924e-02, 4.828117e-02
INFO:bingo.evolutionary_optimizers.parallel_archipelago:Performing migration between Islands
INFO:bingo.evolutionary_optimizers.parallel_archipelago:Evolution time 0:00:40.679907	 age 320	 fitness 2.810e-02
Level 25:bingo.evolutionary_optimizers.parallel_archipelago:Saving checkpoint: src/bingo_bias_vias_decomposition/checkpoints_st_20/implicit_st_20_p2_p8_10_310.pkl
INFO:bingo.evolutionary_optimizers.parallel_archipelago:Saved successfully
Level 25:bingo.evolutionary_optimizers.evolutionary_optimizer:Generation: 310 	 Elapsed time: 0:17:24.114679 	 Best training fitness: 2.810132e-02 	 
Level 25:bingo.evolutionary_optimizers.evolutionary_optimizer:310, 1.044115e+03, 2417017, 2.810132e-02, 2.810132e-02, 2.835047e-02, 2.839394e-02, 2.931193e-02, 3.033255e-02, 4.099402e-02, 4.214167e-02, 4.811592e-02, 4.822924e-02, 4.828117e-02
INFO:bingo.evolutionary_optimizers.parallel_archipelago:Performing migration between Islands
INFO:bingo.evolutionary_optimizers.parallel_archipelago:Evolution time 0:00:59.792438	 age 330	 fitness 2.808e-02
Level 25:bingo.evolutionary_optimizers.parallel_archipelago:Saving checkpoint: src/bingo_bias_vias_decomposition/checkpoints_st_20/implicit_st_20_p2_p8_10_320.pkl
INFO:bingo.evolutionary_optimizers.parallel_archipelago:Saved successfully
Level 25:bingo.evolutionary_optimizers.evolutionary_optimizer:Generation: 320 	 Elapsed time: 0:18:24.128825 	 Best training fitness: 2.807580e-02 	 
Level 25:bingo.evolutionary_optimizers.evolutionary_optimizer:320, 1.104129e+03, 2514391, 2.807580e-02, 2.807580e-02, 2.833658e-02, 2.835047e-02, 2.839394e-02, 2.926983e-02, 3.033255e-02, 4.099402e-02, 4.214167e-02, 4.811592e-02, 4.822924e-02, 4.828117e-02
INFO:bingo.evolutionary_optimizers.parallel_archipelago:Performing migration between Islands
INFO:bingo.evolutionary_optimizers.parallel_archipelago:Evolution time 0:00:40.681403	 age 340	 fitness 2.808e-02
Level 25:bingo.evolutionary_optimizers.parallel_archipelago:Saving checkpoint: src/bingo_bias_vias_decomposition/checkpoints_st_20/implicit_st_20_p2_p8_10_330.pkl
INFO:bingo.evolutionary_optimizers.parallel_archipelago:Saved successfully
Level 25:bingo.evolutionary_optimizers.evolutionary_optimizer:Generation: 330 	 Elapsed time: 0:19:05.042372 	 Best training fitness: 2.807580e-02 	 
Level 25:bingo.evolutionary_optimizers.evolutionary_optimizer:330, 1.145042e+03, 2585401, 2.807580e-02, 2.807580e-02, 2.832881e-02, 2.835047e-02, 2.839394e-02, 2.926983e-02, 3.007655e-02, 4.099402e-02, 4.214167e-02, 4.811592e-02, 4.822924e-02, 4.828117e-02
INFO:bingo.evolutionary_optimizers.parallel_archipelago:Performing migration between Islands
INFO:bingo.evolutionary_optimizers.parallel_archipelago:Evolution time 0:00:52.346457	 age 350	 fitness 1.910e-02
Level 25:bingo.evolutionary_optimizers.parallel_archipelago:Saving checkpoint: src/bingo_bias_vias_decomposition/checkpoints_st_20/implicit_st_20_p2_p8_10_340.pkl
INFO:bingo.evolutionary_optimizers.parallel_archipelago:Saved successfully
Level 25:bingo.evolutionary_optimizers.evolutionary_optimizer:Generation: 340 	 Elapsed time: 0:19:57.615757 	 Best training fitness: 1.910262e-02 	 
Level 25:bingo.evolutionary_optimizers.evolutionary_optimizer:340, 1.197616e+03, 2677869, 1.910262e-02, 1.910262e-02, 1.929447e-02, 2.835047e-02, 2.839394e-02, 2.926983e-02, 3.007655e-02, 4.099402e-02, 4.214167e-02, 4.811592e-02, 4.822924e-02, 4.828117e-02
INFO:bingo.evolutionary_optimizers.parallel_archipelago:Performing migration between Islands
INFO:bingo.evolutionary_optimizers.parallel_archipelago:Evolution time 0:00:57.357325	 age 360	 fitness 1.910e-02
Level 25:bingo.evolutionary_optimizers.parallel_archipelago:Saving checkpoint: src/bingo_bias_vias_decomposition/checkpoints_st_20/implicit_st_20_p2_p8_10_350.pkl
INFO:bingo.evolutionary_optimizers.parallel_archipelago:Saved successfully
Level 25:bingo.evolutionary_optimizers.evolutionary_optimizer:Generation: 350 	 Elapsed time: 0:20:55.196143 	 Best training fitness: 1.910262e-02 	 
Level 25:bingo.evolutionary_optimizers.evolutionary_optimizer:350, 1.255196e+03, 2788525, 1.910262e-02, 1.910262e-02, 1.929447e-02, 2.817797e-02, 2.839394e-02, 2.926983e-02, 3.007655e-02, 4.099402e-02, 4.214167e-02, 4.811592e-02, 4.822924e-02, 4.828117e-02
INFO:bingo.evolutionary_optimizers.parallel_archipelago:Performing migration between Islands
INFO:bingo.evolutionary_optimizers.parallel_archipelago:Evolution time 0:01:02.131510	 age 370	 fitness 1.908e-02
Level 25:bingo.evolutionary_optimizers.parallel_archipelago:Saving checkpoint: src/bingo_bias_vias_decomposition/checkpoints_st_20/implicit_st_20_p2_p8_10_360.pkl
INFO:bingo.evolutionary_optimizers.parallel_archipelago:Saved successfully
Level 25:bingo.evolutionary_optimizers.evolutionary_optimizer:Generation: 360 	 Elapsed time: 0:21:57.577071 	 Best training fitness: 1.907679e-02 	 
Level 25:bingo.evolutionary_optimizers.evolutionary_optimizer:360, 1.317577e+03, 2877782, 1.907679e-02, 1.907679e-02, 1.929447e-02, 2.804514e-02, 2.804706e-02, 2.839394e-02, 2.926983e-02, 3.007655e-02, 4.099402e-02, 4.214167e-02, 4.811592e-02, 4.822924e-02, 4.828117e-02
INFO:bingo.evolutionary_optimizers.parallel_archipelago:Performing migration between Islands
INFO:bingo.evolutionary_optimizers.parallel_archipelago:Evolution time 0:00:47.812955	 age 380	 fitness 1.903e-02
Level 25:bingo.evolutionary_optimizers.parallel_archipelago:Saving checkpoint: src/bingo_bias_vias_decomposition/checkpoints_st_20/implicit_st_20_p2_p8_10_370.pkl
INFO:bingo.evolutionary_optimizers.parallel_archipelago:Saved successfully
Level 25:bingo.evolutionary_optimizers.evolutionary_optimizer:Generation: 370 	 Elapsed time: 0:22:45.612082 	 Best training fitness: 1.902971e-02 	 
Level 25:bingo.evolutionary_optimizers.evolutionary_optimizer:370, 1.365612e+03, 2968246, 1.902971e-02, 1.902971e-02, 1.929447e-02, 2.705433e-02, 2.793202e-02, 2.839394e-02, 2.926983e-02, 3.007655e-02, 4.099402e-02, 4.214167e-02, 4.811592e-02, 4.818653e-02
INFO:bingo.evolutionary_optimizers.parallel_archipelago:Performing migration between Islands
INFO:bingo.evolutionary_optimizers.parallel_archipelago:Evolution time 0:00:46.691924	 age 390	 fitness 1.905e-02
Level 25:bingo.evolutionary_optimizers.parallel_archipelago:Saving checkpoint: src/bingo_bias_vias_decomposition/checkpoints_st_20/implicit_st_20_p2_p8_10_380.pkl
INFO:bingo.evolutionary_optimizers.parallel_archipelago:Saved successfully
Level 25:bingo.evolutionary_optimizers.evolutionary_optimizer:Generation: 380 	 Elapsed time: 0:23:32.527465 	 Best training fitness: 1.904995e-02 	 
Level 25:bingo.evolutionary_optimizers.evolutionary_optimizer:380, 1.412527e+03, 3054470, 1.904995e-02, 1.902971e-02, 1.929447e-02, 2.599006e-02, 2.793202e-02, 2.839394e-02, 2.926983e-02, 3.007655e-02, 4.099402e-02, 4.214167e-02, 4.811592e-02, 4.818653e-02
INFO:bingo.evolutionary_optimizers.parallel_archipelago:Performing migration between Islands
INFO:bingo.evolutionary_optimizers.parallel_archipelago:Evolution time 0:00:44.751867	 age 400	 fitness 1.908e-02
Level 25:bingo.evolutionary_optimizers.parallel_archipelago:Saving checkpoint: src/bingo_bias_vias_decomposition/checkpoints_st_20/implicit_st_20_p2_p8_10_390.pkl
INFO:bingo.evolutionary_optimizers.parallel_archipelago:Saved successfully
Level 25:bingo.evolutionary_optimizers.evolutionary_optimizer:Generation: 390 	 Elapsed time: 0:24:17.504909 	 Best training fitness: 1.907965e-02 	 
Level 25:bingo.evolutionary_optimizers.evolutionary_optimizer:390, 1.457505e+03, 3139712, 1.907965e-02, 1.902971e-02, 1.929447e-02, 2.585818e-02, 2.793202e-02, 2.839394e-02, 2.921255e-02, 3.007655e-02, 4.099402e-02, 4.214167e-02, 4.811592e-02, 4.818653e-02
INFO:bingo.evolutionary_optimizers.parallel_archipelago:Performing migration between Islands
INFO:bingo.evolutionary_optimizers.parallel_archipelago:Evolution time 0:00:33.494697	 age 410	 fitness 1.908e-02
Level 25:bingo.evolutionary_optimizers.parallel_archipelago:Saving checkpoint: src/bingo_bias_vias_decomposition/checkpoints_st_20/implicit_st_20_p2_p8_10_400.pkl
INFO:bingo.evolutionary_optimizers.parallel_archipelago:Saved successfully
Level 25:bingo.evolutionary_optimizers.evolutionary_optimizer:Generation: 400 	 Elapsed time: 0:24:51.225011 	 Best training fitness: 1.907577e-02 	 
Level 25:bingo.evolutionary_optimizers.evolutionary_optimizer:400, 1.491225e+03, 3232042, 1.907577e-02, 1.902971e-02, 1.929447e-02, 2.466532e-02, 2.587919e-02, 2.793202e-02, 2.837576e-02, 2.921255e-02, 3.007655e-02, 4.099402e-02, 4.214167e-02, 4.811592e-02, 4.818653e-02
INFO:bingo.evolutionary_optimizers.parallel_archipelago:Performing migration between Islands
INFO:bingo.evolutionary_optimizers.parallel_archipelago:Evolution time 0:00:57.184968	 age 420	 fitness 2.844e-17
Level 25:bingo.evolutionary_optimizers.parallel_archipelago:Saving checkpoint: src/bingo_bias_vias_decomposition/checkpoints_st_20/implicit_st_20_p2_p8_10_410.pkl
INFO:bingo.evolutionary_optimizers.parallel_archipelago:Saved successfully
Level 25:bingo.evolutionary_optimizers.evolutionary_optimizer:Generation: 410 	 Elapsed time: 0:25:48.624503 	 Best training fitness: 2.843817e-17 	 
Level 25:bingo.evolutionary_optimizers.evolutionary_optimizer:410, 1.548625e+03, 3331470, 2.843817e-17, 2.843817e-17, 4.811592e-02, 4.818653e-02
Level 25:bingo.evolutionary_optimizers.evolutionary_optimizer:Evolution successfully converged.
Level 25:bingo.evolutionary_optimizers.evolutionary_optimizer:  Absolte convergence occurred with best fitness < 1e-10
Level 25:bingo.evolutionary_optimizers.evolutionary_optimizer:Hall of Fame:
2.843817004809538e-17	7	sin(log((X_1)(X_1) + (X_0)(X_0)))
0.04811592432917747	6	(log(-0.829141))(log(-0.943360)) + -0.943360
0.0481865254549634	1	-0.931783
