Level 25:bingo.evolutionary_optimizers.evolutionary_optimizer:#generational_age, elapsed_time, fitness_evaluation_count, current_training_fitness, hall_of_fame_fitnesses
Level 25:bingo.evolutionary_optimizers.evolutionary_optimizer:#generational_age, elapsed_time, fitness_evaluation_count, current_training_fitness, hall_of_fame_fitnesses
Level 25:bingo.evolutionary_optimizers.parallel_archipelago:Saving checkpoint: src/bingo_bias_vias_decomposition/checkpoints_st_20/implicit_st_20_p9_p1_9_0.pkl
INFO:bingo.evolutionary_optimizers.parallel_archipelago:Saved successfully
Level 25:bingo.evolutionary_optimizers.evolutionary_optimizer:Generation: 0 	 Elapsed time: 0:00:04.523076 	 Best training fitness: 2.164934e-01 	 
Level 25:bingo.evolutionary_optimizers.evolutionary_optimizer:0, 4.523076e+00, 12954, 2.164934e-01
INFO:bingo.evolutionary_optimizers.parallel_archipelago:Performing migration between Islands
INFO:bingo.evolutionary_optimizers.parallel_archipelago:Evolution time 0:00:45.441275	 age 20	 fitness 2.163e-01
Level 25:bingo.evolutionary_optimizers.parallel_archipelago:Saving checkpoint: src/bingo_bias_vias_decomposition/checkpoints_st_20/implicit_st_20_p9_p1_9_10.pkl
INFO:bingo.evolutionary_optimizers.parallel_archipelago:Saved successfully
Level 25:bingo.evolutionary_optimizers.evolutionary_optimizer:Generation: 10 	 Elapsed time: 0:00:50.182075 	 Best training fitness: 2.163246e-01 	 
Level 25:bingo.evolutionary_optimizers.evolutionary_optimizer:10, 5.018207e+01, 149671, 2.163246e-01, 2.163246e-01, 2.163495e-01, 2.163934e-01
INFO:bingo.evolutionary_optimizers.parallel_archipelago:Performing migration between Islands
INFO:bingo.evolutionary_optimizers.parallel_archipelago:Evolution time 0:00:50.131454	 age 30	 fitness 2.163e-01
Level 25:bingo.evolutionary_optimizers.parallel_archipelago:Saving checkpoint: src/bingo_bias_vias_decomposition/checkpoints_st_20/implicit_st_20_p9_p1_9_20.pkl
INFO:bingo.evolutionary_optimizers.parallel_archipelago:Saved successfully
Level 25:bingo.evolutionary_optimizers.evolutionary_optimizer:Generation: 20 	 Elapsed time: 0:01:40.572401 	 Best training fitness: 2.163171e-01 	 
Level 25:bingo.evolutionary_optimizers.evolutionary_optimizer:20, 1.005724e+02, 250134, 2.163171e-01, 2.163171e-01, 2.163191e-01, 2.163495e-01, 2.163532e-01
INFO:bingo.evolutionary_optimizers.parallel_archipelago:Performing migration between Islands
INFO:bingo.evolutionary_optimizers.parallel_archipelago:Evolution time 0:00:34.430903	 age 40	 fitness 2.163e-01
Level 25:bingo.evolutionary_optimizers.parallel_archipelago:Saving checkpoint: src/bingo_bias_vias_decomposition/checkpoints_st_20/implicit_st_20_p9_p1_9_30.pkl
INFO:bingo.evolutionary_optimizers.parallel_archipelago:Saved successfully
Level 25:bingo.evolutionary_optimizers.evolutionary_optimizer:Generation: 30 	 Elapsed time: 0:02:15.224588 	 Best training fitness: 2.163083e-01 	 
Level 25:bingo.evolutionary_optimizers.evolutionary_optimizer:30, 1.352246e+02, 327759, 2.163083e-01, 2.163083e-01, 2.163495e-01, 2.163525e-01
INFO:bingo.evolutionary_optimizers.parallel_archipelago:Performing migration between Islands
INFO:bingo.evolutionary_optimizers.parallel_archipelago:Evolution time 0:00:30.512341	 age 50	 fitness 2.163e-01
Level 25:bingo.evolutionary_optimizers.parallel_archipelago:Saving checkpoint: src/bingo_bias_vias_decomposition/checkpoints_st_20/implicit_st_20_p9_p1_9_40.pkl
INFO:bingo.evolutionary_optimizers.parallel_archipelago:Saved successfully
Level 25:bingo.evolutionary_optimizers.evolutionary_optimizer:Generation: 40 	 Elapsed time: 0:02:45.933966 	 Best training fitness: 2.162994e-01 	 
Level 25:bingo.evolutionary_optimizers.evolutionary_optimizer:40, 1.659340e+02, 412803, 2.162994e-01, 2.162994e-01, 2.163465e-01
INFO:bingo.evolutionary_optimizers.parallel_archipelago:Performing migration between Islands
INFO:bingo.evolutionary_optimizers.parallel_archipelago:Evolution time 0:00:15.560575	 age 60	 fitness 2.163e-01
Level 25:bingo.evolutionary_optimizers.parallel_archipelago:Saving checkpoint: src/bingo_bias_vias_decomposition/checkpoints_st_20/implicit_st_20_p9_p1_9_50.pkl
INFO:bingo.evolutionary_optimizers.parallel_archipelago:Saved successfully
Level 25:bingo.evolutionary_optimizers.evolutionary_optimizer:Generation: 50 	 Elapsed time: 0:03:01.692761 	 Best training fitness: 2.162994e-01 	 
Level 25:bingo.evolutionary_optimizers.evolutionary_optimizer:50, 1.816928e+02, 477108, 2.162994e-01, 2.162994e-01, 2.163351e-01
INFO:bingo.evolutionary_optimizers.parallel_archipelago:Performing migration between Islands
INFO:bingo.evolutionary_optimizers.parallel_archipelago:Evolution time 0:00:16.633826	 age 70	 fitness 2.163e-01
Level 25:bingo.evolutionary_optimizers.parallel_archipelago:Saving checkpoint: src/bingo_bias_vias_decomposition/checkpoints_st_20/implicit_st_20_p9_p1_9_60.pkl
INFO:bingo.evolutionary_optimizers.parallel_archipelago:Saved successfully
Level 25:bingo.evolutionary_optimizers.evolutionary_optimizer:Generation: 60 	 Elapsed time: 0:03:18.522486 	 Best training fitness: 2.163096e-01 	 
Level 25:bingo.evolutionary_optimizers.evolutionary_optimizer:60, 1.985225e+02, 554548, 2.163096e-01, 2.162994e-01, 2.163193e-01, 2.163351e-01
INFO:bingo.evolutionary_optimizers.parallel_archipelago:Performing migration between Islands
INFO:bingo.evolutionary_optimizers.parallel_archipelago:Evolution time 0:00:40.081248	 age 80	 fitness 2.163e-01
Level 25:bingo.evolutionary_optimizers.parallel_archipelago:Saving checkpoint: src/bingo_bias_vias_decomposition/checkpoints_st_20/implicit_st_20_p9_p1_9_70.pkl
INFO:bingo.evolutionary_optimizers.parallel_archipelago:Saved successfully
Level 25:bingo.evolutionary_optimizers.evolutionary_optimizer:Generation: 70 	 Elapsed time: 0:03:58.801624 	 Best training fitness: 2.163026e-01 	 
Level 25:bingo.evolutionary_optimizers.evolutionary_optimizer:70, 2.388016e+02, 653766, 2.163026e-01, 2.162994e-01, 2.163193e-01, 2.163351e-01
INFO:bingo.evolutionary_optimizers.parallel_archipelago:Performing migration between Islands
INFO:bingo.evolutionary_optimizers.parallel_archipelago:Evolution time 0:00:18.612771	 age 90	 fitness 2.163e-01
Level 25:bingo.evolutionary_optimizers.parallel_archipelago:Saving checkpoint: src/bingo_bias_vias_decomposition/checkpoints_st_20/implicit_st_20_p9_p1_9_80.pkl
INFO:bingo.evolutionary_optimizers.parallel_archipelago:Saved successfully
Level 25:bingo.evolutionary_optimizers.evolutionary_optimizer:Generation: 80 	 Elapsed time: 0:04:17.614951 	 Best training fitness: 2.163086e-01 	 
Level 25:bingo.evolutionary_optimizers.evolutionary_optimizer:80, 2.576150e+02, 739631, 2.163086e-01, 2.162994e-01, 2.163164e-01
INFO:bingo.evolutionary_optimizers.parallel_archipelago:Performing migration between Islands
INFO:bingo.evolutionary_optimizers.parallel_archipelago:Evolution time 0:00:16.628698	 age 100	 fitness 2.163e-01
Level 25:bingo.evolutionary_optimizers.parallel_archipelago:Saving checkpoint: src/bingo_bias_vias_decomposition/checkpoints_st_20/implicit_st_20_p9_p1_9_90.pkl
INFO:bingo.evolutionary_optimizers.parallel_archipelago:Saved successfully
Level 25:bingo.evolutionary_optimizers.evolutionary_optimizer:Generation: 90 	 Elapsed time: 0:04:34.487373 	 Best training fitness: 2.162981e-01 	 
Level 25:bingo.evolutionary_optimizers.evolutionary_optimizer:90, 2.744874e+02, 807451, 2.162981e-01, 2.162981e-01, 2.162994e-01, 2.163013e-01, 2.163164e-01
INFO:bingo.evolutionary_optimizers.parallel_archipelago:Performing migration between Islands
INFO:bingo.evolutionary_optimizers.parallel_archipelago:Evolution time 0:00:26.723017	 age 110	 fitness 2.163e-01
Level 25:bingo.evolutionary_optimizers.parallel_archipelago:Saving checkpoint: src/bingo_bias_vias_decomposition/checkpoints_st_20/implicit_st_20_p9_p1_9_100.pkl
INFO:bingo.evolutionary_optimizers.parallel_archipelago:Saved successfully
Level 25:bingo.evolutionary_optimizers.evolutionary_optimizer:Generation: 100 	 Elapsed time: 0:05:01.440345 	 Best training fitness: 2.162798e-01 	 
Level 25:bingo.evolutionary_optimizers.evolutionary_optimizer:100, 3.014403e+02, 908306, 2.162798e-01, 2.162798e-01
INFO:bingo.evolutionary_optimizers.parallel_archipelago:Performing migration between Islands
INFO:bingo.evolutionary_optimizers.parallel_archipelago:Evolution time 0:00:38.830348	 age 120	 fitness 2.163e-01
Level 25:bingo.evolutionary_optimizers.parallel_archipelago:Saving checkpoint: src/bingo_bias_vias_decomposition/checkpoints_st_20/implicit_st_20_p9_p1_9_110.pkl
INFO:bingo.evolutionary_optimizers.parallel_archipelago:Saved successfully
Level 25:bingo.evolutionary_optimizers.evolutionary_optimizer:Generation: 110 	 Elapsed time: 0:05:40.473385 	 Best training fitness: 2.162939e-01 	 
Level 25:bingo.evolutionary_optimizers.evolutionary_optimizer:110, 3.404734e+02, 1016082, 2.162939e-01, 2.162798e-01
INFO:bingo.evolutionary_optimizers.parallel_archipelago:Performing migration between Islands
INFO:bingo.evolutionary_optimizers.parallel_archipelago:Evolution time 0:00:24.512251	 age 130	 fitness 2.163e-01
Level 25:bingo.evolutionary_optimizers.parallel_archipelago:Saving checkpoint: src/bingo_bias_vias_decomposition/checkpoints_st_20/implicit_st_20_p9_p1_9_120.pkl
INFO:bingo.evolutionary_optimizers.parallel_archipelago:Saved successfully
Level 25:bingo.evolutionary_optimizers.evolutionary_optimizer:Generation: 120 	 Elapsed time: 0:06:05.179657 	 Best training fitness: 2.162807e-01 	 
Level 25:bingo.evolutionary_optimizers.evolutionary_optimizer:120, 3.651797e+02, 1095249, 2.162807e-01, 2.162798e-01
INFO:bingo.evolutionary_optimizers.parallel_archipelago:Performing migration between Islands
INFO:bingo.evolutionary_optimizers.parallel_archipelago:Evolution time 0:00:22.629853	 age 140	 fitness 2.159e-01
Level 25:bingo.evolutionary_optimizers.parallel_archipelago:Saving checkpoint: src/bingo_bias_vias_decomposition/checkpoints_st_20/implicit_st_20_p9_p1_9_130.pkl
INFO:bingo.evolutionary_optimizers.parallel_archipelago:Saved successfully
Level 25:bingo.evolutionary_optimizers.evolutionary_optimizer:Generation: 130 	 Elapsed time: 0:06:28.004858 	 Best training fitness: 2.158719e-01 	 
Level 25:bingo.evolutionary_optimizers.evolutionary_optimizer:130, 3.880049e+02, 1172763, 2.158719e-01, 2.158719e-01, 2.162798e-01
INFO:bingo.evolutionary_optimizers.parallel_archipelago:Performing migration between Islands
INFO:bingo.evolutionary_optimizers.parallel_archipelago:Evolution time 0:00:17.456118	 age 150	 fitness 2.144e-01
Level 25:bingo.evolutionary_optimizers.parallel_archipelago:Saving checkpoint: src/bingo_bias_vias_decomposition/checkpoints_st_20/implicit_st_20_p9_p1_9_140.pkl
INFO:bingo.evolutionary_optimizers.parallel_archipelago:Saved successfully
Level 25:bingo.evolutionary_optimizers.evolutionary_optimizer:Generation: 140 	 Elapsed time: 0:06:45.659940 	 Best training fitness: 2.144458e-01 	 
Level 25:bingo.evolutionary_optimizers.evolutionary_optimizer:140, 4.056599e+02, 1231281, 2.144458e-01, 2.144458e-01, 2.158094e-01, 2.162798e-01
INFO:bingo.evolutionary_optimizers.parallel_archipelago:Performing migration between Islands
INFO:bingo.evolutionary_optimizers.parallel_archipelago:Evolution time 0:00:17.347523	 age 160	 fitness 2.145e-01
Level 25:bingo.evolutionary_optimizers.parallel_archipelago:Saving checkpoint: src/bingo_bias_vias_decomposition/checkpoints_st_20/implicit_st_20_p9_p1_9_150.pkl
INFO:bingo.evolutionary_optimizers.parallel_archipelago:Saved successfully
Level 25:bingo.evolutionary_optimizers.evolutionary_optimizer:Generation: 150 	 Elapsed time: 0:07:03.203834 	 Best training fitness: 2.144543e-01 	 
Level 25:bingo.evolutionary_optimizers.evolutionary_optimizer:150, 4.232038e+02, 1318298, 2.144543e-01, 2.144458e-01, 2.158094e-01, 2.162798e-01
INFO:bingo.evolutionary_optimizers.parallel_archipelago:Performing migration between Islands
INFO:bingo.evolutionary_optimizers.parallel_archipelago:Evolution time 0:00:16.130583	 age 170	 fitness 2.142e-01
Level 25:bingo.evolutionary_optimizers.parallel_archipelago:Saving checkpoint: src/bingo_bias_vias_decomposition/checkpoints_st_20/implicit_st_20_p9_p1_9_160.pkl
INFO:bingo.evolutionary_optimizers.parallel_archipelago:Saved successfully
Level 25:bingo.evolutionary_optimizers.evolutionary_optimizer:Generation: 160 	 Elapsed time: 0:07:19.568101 	 Best training fitness: 2.141749e-01 	 
Level 25:bingo.evolutionary_optimizers.evolutionary_optimizer:160, 4.395681e+02, 1382395, 2.141749e-01, 2.141749e-01, 2.143630e-01, 2.157917e-01, 2.162798e-01
INFO:bingo.evolutionary_optimizers.parallel_archipelago:Performing migration between Islands
INFO:bingo.evolutionary_optimizers.parallel_archipelago:Evolution time 0:00:15.858780	 age 180	 fitness 2.134e-01
Level 25:bingo.evolutionary_optimizers.parallel_archipelago:Saving checkpoint: src/bingo_bias_vias_decomposition/checkpoints_st_20/implicit_st_20_p9_p1_9_170.pkl
INFO:bingo.evolutionary_optimizers.parallel_archipelago:Saved successfully
Level 25:bingo.evolutionary_optimizers.evolutionary_optimizer:Generation: 170 	 Elapsed time: 0:07:35.623884 	 Best training fitness: 2.134433e-01 	 
Level 25:bingo.evolutionary_optimizers.evolutionary_optimizer:170, 4.556239e+02, 1461777, 2.134433e-01, 2.134433e-01, 2.141119e-01, 2.143582e-01, 2.157917e-01, 2.162798e-01
INFO:bingo.evolutionary_optimizers.parallel_archipelago:Performing migration between Islands
INFO:bingo.evolutionary_optimizers.parallel_archipelago:Evolution time 0:00:17.630614	 age 190	 fitness 2.131e-01
Level 25:bingo.evolutionary_optimizers.parallel_archipelago:Saving checkpoint: src/bingo_bias_vias_decomposition/checkpoints_st_20/implicit_st_20_p9_p1_9_180.pkl
INFO:bingo.evolutionary_optimizers.parallel_archipelago:Saved successfully
Level 25:bingo.evolutionary_optimizers.evolutionary_optimizer:Generation: 180 	 Elapsed time: 0:07:53.448672 	 Best training fitness: 2.131023e-01 	 
Level 25:bingo.evolutionary_optimizers.evolutionary_optimizer:180, 4.734487e+02, 1542218, 2.131023e-01, 2.131023e-01, 2.141119e-01, 2.143419e-01, 2.157917e-01, 2.162798e-01
INFO:bingo.evolutionary_optimizers.parallel_archipelago:Performing migration between Islands
INFO:bingo.evolutionary_optimizers.parallel_archipelago:Evolution time 0:00:21.711489	 age 200	 fitness 2.125e-01
Level 25:bingo.evolutionary_optimizers.parallel_archipelago:Saving checkpoint: src/bingo_bias_vias_decomposition/checkpoints_st_20/implicit_st_20_p9_p1_9_190.pkl
INFO:bingo.evolutionary_optimizers.parallel_archipelago:Saved successfully
Level 25:bingo.evolutionary_optimizers.evolutionary_optimizer:Generation: 190 	 Elapsed time: 0:08:15.359212 	 Best training fitness: 2.124892e-01 	 
Level 25:bingo.evolutionary_optimizers.evolutionary_optimizer:190, 4.953592e+02, 1628801, 2.124892e-01, 2.124892e-01, 2.131023e-01, 2.141119e-01, 2.141568e-01, 2.143283e-01, 2.157917e-01, 2.162798e-01
INFO:bingo.evolutionary_optimizers.parallel_archipelago:Performing migration between Islands
INFO:bingo.evolutionary_optimizers.parallel_archipelago:Evolution time 0:00:34.875612	 age 210	 fitness 2.123e-01
Level 25:bingo.evolutionary_optimizers.parallel_archipelago:Saving checkpoint: src/bingo_bias_vias_decomposition/checkpoints_st_20/implicit_st_20_p9_p1_9_200.pkl
INFO:bingo.evolutionary_optimizers.parallel_archipelago:Saved successfully
Level 25:bingo.evolutionary_optimizers.evolutionary_optimizer:Generation: 200 	 Elapsed time: 0:08:50.442887 	 Best training fitness: 2.123034e-01 	 
Level 25:bingo.evolutionary_optimizers.evolutionary_optimizer:200, 5.304429e+02, 1731569, 2.123034e-01, 2.123034e-01, 2.124500e-01, 2.131023e-01, 2.131055e-01, 2.141568e-01, 2.143283e-01, 2.157917e-01, 2.162798e-01
INFO:bingo.evolutionary_optimizers.parallel_archipelago:Performing migration between Islands
INFO:bingo.evolutionary_optimizers.parallel_archipelago:Evolution time 0:00:30.869722	 age 220	 fitness 2.123e-01
Level 25:bingo.evolutionary_optimizers.parallel_archipelago:Saving checkpoint: src/bingo_bias_vias_decomposition/checkpoints_st_20/implicit_st_20_p9_p1_9_210.pkl
INFO:bingo.evolutionary_optimizers.parallel_archipelago:Saved successfully
Level 25:bingo.evolutionary_optimizers.evolutionary_optimizer:Generation: 210 	 Elapsed time: 0:09:21.517912 	 Best training fitness: 2.122912e-01 	 
Level 25:bingo.evolutionary_optimizers.evolutionary_optimizer:210, 5.615179e+02, 1837364, 2.122912e-01, 2.122912e-01, 2.124500e-01, 2.130876e-01, 2.131055e-01, 2.141415e-01, 2.143283e-01, 2.157917e-01, 2.162798e-01
INFO:bingo.evolutionary_optimizers.parallel_archipelago:Performing migration between Islands
INFO:bingo.evolutionary_optimizers.parallel_archipelago:Evolution time 0:00:18.081327	 age 230	 fitness 1.861e-01
Level 25:bingo.evolutionary_optimizers.parallel_archipelago:Saving checkpoint: src/bingo_bias_vias_decomposition/checkpoints_st_20/implicit_st_20_p9_p1_9_220.pkl
INFO:bingo.evolutionary_optimizers.parallel_archipelago:Saved successfully
Level 25:bingo.evolutionary_optimizers.evolutionary_optimizer:Generation: 220 	 Elapsed time: 0:09:39.803534 	 Best training fitness: 1.861320e-01 	 
Level 25:bingo.evolutionary_optimizers.evolutionary_optimizer:220, 5.798035e+02, 1893907, 1.861320e-01, 1.861320e-01, 2.157917e-01, 2.162798e-01
INFO:bingo.evolutionary_optimizers.parallel_archipelago:Performing migration between Islands
INFO:bingo.evolutionary_optimizers.parallel_archipelago:Evolution time 0:00:21.818523	 age 240	 fitness 1.684e-01
Level 25:bingo.evolutionary_optimizers.parallel_archipelago:Saving checkpoint: src/bingo_bias_vias_decomposition/checkpoints_st_20/implicit_st_20_p9_p1_9_230.pkl
INFO:bingo.evolutionary_optimizers.parallel_archipelago:Saved successfully
Level 25:bingo.evolutionary_optimizers.evolutionary_optimizer:Generation: 230 	 Elapsed time: 0:10:01.822137 	 Best training fitness: 1.683960e-01 	 
Level 25:bingo.evolutionary_optimizers.evolutionary_optimizer:230, 6.018221e+02, 1956410, 1.683960e-01, 1.683960e-01, 1.861320e-01, 2.157917e-01, 2.162798e-01
INFO:bingo.evolutionary_optimizers.parallel_archipelago:Performing migration between Islands
INFO:bingo.evolutionary_optimizers.parallel_archipelago:Evolution time 0:00:42.041684	 age 250	 fitness 1.573e-01
Level 25:bingo.evolutionary_optimizers.parallel_archipelago:Saving checkpoint: src/bingo_bias_vias_decomposition/checkpoints_st_20/implicit_st_20_p9_p1_9_240.pkl
INFO:bingo.evolutionary_optimizers.parallel_archipelago:Saved successfully
Level 25:bingo.evolutionary_optimizers.evolutionary_optimizer:Generation: 240 	 Elapsed time: 0:10:44.104956 	 Best training fitness: 1.573094e-01 	 
Level 25:bingo.evolutionary_optimizers.evolutionary_optimizer:240, 6.441050e+02, 2061418, 1.573094e-01, 1.573094e-01, 1.584216e-01, 1.683928e-01, 1.861320e-01, 2.157917e-01, 2.162798e-01
INFO:bingo.evolutionary_optimizers.parallel_archipelago:Performing migration between Islands
INFO:bingo.evolutionary_optimizers.parallel_archipelago:Evolution time 0:00:19.421073	 age 260	 fitness 1.239e-01
Level 25:bingo.evolutionary_optimizers.parallel_archipelago:Saving checkpoint: src/bingo_bias_vias_decomposition/checkpoints_st_20/implicit_st_20_p9_p1_9_250.pkl
INFO:bingo.evolutionary_optimizers.parallel_archipelago:Saved successfully
Level 25:bingo.evolutionary_optimizers.evolutionary_optimizer:Generation: 250 	 Elapsed time: 0:11:03.727001 	 Best training fitness: 1.238780e-01 	 
Level 25:bingo.evolutionary_optimizers.evolutionary_optimizer:250, 6.637270e+02, 2145980, 1.238780e-01, 1.238780e-01, 1.572900e-01, 1.584086e-01, 1.683856e-01, 1.861320e-01, 2.157917e-01, 2.162798e-01
INFO:bingo.evolutionary_optimizers.parallel_archipelago:Performing migration between Islands
INFO:bingo.evolutionary_optimizers.parallel_archipelago:Evolution time 0:00:23.628344	 age 270	 fitness 1.239e-01
Level 25:bingo.evolutionary_optimizers.parallel_archipelago:Saving checkpoint: src/bingo_bias_vias_decomposition/checkpoints_st_20/implicit_st_20_p9_p1_9_260.pkl
INFO:bingo.evolutionary_optimizers.parallel_archipelago:Saved successfully
Level 25:bingo.evolutionary_optimizers.evolutionary_optimizer:Generation: 260 	 Elapsed time: 0:11:27.554900 	 Best training fitness: 1.238622e-01 	 
Level 25:bingo.evolutionary_optimizers.evolutionary_optimizer:260, 6.875549e+02, 2243911, 1.238622e-01, 1.238622e-01, 1.534915e-01, 1.683856e-01, 1.861320e-01, 2.157917e-01, 2.162798e-01
INFO:bingo.evolutionary_optimizers.parallel_archipelago:Performing migration between Islands
INFO:bingo.evolutionary_optimizers.parallel_archipelago:Evolution time 0:00:49.285985	 age 280	 fitness 1.239e-01
Level 25:bingo.evolutionary_optimizers.parallel_archipelago:Saving checkpoint: src/bingo_bias_vias_decomposition/checkpoints_st_20/implicit_st_20_p9_p1_9_270.pkl
INFO:bingo.evolutionary_optimizers.parallel_archipelago:Saved successfully
Level 25:bingo.evolutionary_optimizers.evolutionary_optimizer:Generation: 270 	 Elapsed time: 0:12:17.040687 	 Best training fitness: 1.238590e-01 	 
Level 25:bingo.evolutionary_optimizers.evolutionary_optimizer:270, 7.370407e+02, 2388570, 1.238590e-01, 1.238590e-01, 1.321338e-01, 1.758758e-01, 2.157917e-01, 2.162798e-01
INFO:bingo.evolutionary_optimizers.parallel_archipelago:Performing migration between Islands
INFO:bingo.evolutionary_optimizers.parallel_archipelago:Evolution time 0:00:29.116629	 age 290	 fitness 1.238e-01
Level 25:bingo.evolutionary_optimizers.parallel_archipelago:Saving checkpoint: src/bingo_bias_vias_decomposition/checkpoints_st_20/implicit_st_20_p9_p1_9_280.pkl
INFO:bingo.evolutionary_optimizers.parallel_archipelago:Saved successfully
Level 25:bingo.evolutionary_optimizers.evolutionary_optimizer:Generation: 280 	 Elapsed time: 0:12:46.357962 	 Best training fitness: 1.238447e-01 	 
Level 25:bingo.evolutionary_optimizers.evolutionary_optimizer:280, 7.663580e+02, 2514551, 1.238447e-01, 1.238447e-01, 1.321197e-01, 1.758758e-01, 2.157917e-01, 2.162798e-01
INFO:bingo.evolutionary_optimizers.parallel_archipelago:Performing migration between Islands
INFO:bingo.evolutionary_optimizers.parallel_archipelago:Evolution time 0:00:27.762427	 age 300	 fitness 1.100e-01
Level 25:bingo.evolutionary_optimizers.parallel_archipelago:Saving checkpoint: src/bingo_bias_vias_decomposition/checkpoints_st_20/implicit_st_20_p9_p1_9_290.pkl
INFO:bingo.evolutionary_optimizers.parallel_archipelago:Saved successfully
Level 25:bingo.evolutionary_optimizers.evolutionary_optimizer:Generation: 290 	 Elapsed time: 0:13:14.325212 	 Best training fitness: 1.099932e-01 	 
Level 25:bingo.evolutionary_optimizers.evolutionary_optimizer:290, 7.943252e+02, 2623206, 1.099932e-01, 1.099932e-01, 1.321197e-01, 1.758758e-01, 2.157917e-01, 2.162798e-01
INFO:bingo.evolutionary_optimizers.parallel_archipelago:Performing migration between Islands
INFO:bingo.evolutionary_optimizers.parallel_archipelago:Evolution time 0:00:21.759748	 age 310	 fitness 1.100e-01
Level 25:bingo.evolutionary_optimizers.parallel_archipelago:Saving checkpoint: src/bingo_bias_vias_decomposition/checkpoints_st_20/implicit_st_20_p9_p1_9_300.pkl
INFO:bingo.evolutionary_optimizers.parallel_archipelago:Saved successfully
Level 25:bingo.evolutionary_optimizers.evolutionary_optimizer:Generation: 300 	 Elapsed time: 0:13:36.309028 	 Best training fitness: 1.099932e-01 	 
Level 25:bingo.evolutionary_optimizers.evolutionary_optimizer:300, 8.163090e+02, 2708187, 1.099932e-01, 1.099932e-01, 1.321197e-01, 1.758758e-01, 2.157917e-01, 2.162798e-01
INFO:bingo.evolutionary_optimizers.parallel_archipelago:Performing migration between Islands
INFO:bingo.evolutionary_optimizers.parallel_archipelago:Evolution time 0:00:38.084651	 age 320	 fitness 1.100e-01
Level 25:bingo.evolutionary_optimizers.parallel_archipelago:Saving checkpoint: src/bingo_bias_vias_decomposition/checkpoints_st_20/implicit_st_20_p9_p1_9_310.pkl
INFO:bingo.evolutionary_optimizers.parallel_archipelago:Saved successfully
Level 25:bingo.evolutionary_optimizers.evolutionary_optimizer:Generation: 310 	 Elapsed time: 0:14:14.650584 	 Best training fitness: 1.099767e-01 	 
Level 25:bingo.evolutionary_optimizers.evolutionary_optimizer:310, 8.546506e+02, 2829901, 1.099767e-01, 1.099767e-01, 1.321197e-01, 1.758758e-01, 2.157917e-01, 2.162798e-01
INFO:bingo.evolutionary_optimizers.parallel_archipelago:Performing migration between Islands
INFO:bingo.evolutionary_optimizers.parallel_archipelago:Evolution time 0:00:35.712414	 age 330	 fitness 1.100e-01
Level 25:bingo.evolutionary_optimizers.parallel_archipelago:Saving checkpoint: src/bingo_bias_vias_decomposition/checkpoints_st_20/implicit_st_20_p9_p1_9_320.pkl
INFO:bingo.evolutionary_optimizers.parallel_archipelago:Saved successfully
Level 25:bingo.evolutionary_optimizers.evolutionary_optimizer:Generation: 320 	 Elapsed time: 0:14:50.565541 	 Best training fitness: 1.099741e-01 	 
Level 25:bingo.evolutionary_optimizers.evolutionary_optimizer:320, 8.905655e+02, 2926175, 1.099741e-01, 1.099741e-01, 1.321197e-01, 1.758758e-01, 2.157917e-01, 2.162798e-01
INFO:bingo.evolutionary_optimizers.parallel_archipelago:Performing migration between Islands
INFO:bingo.evolutionary_optimizers.parallel_archipelago:Evolution time 0:00:33.025441	 age 340	 fitness 1.100e-01
Level 25:bingo.evolutionary_optimizers.parallel_archipelago:Saving checkpoint: src/bingo_bias_vias_decomposition/checkpoints_st_20/implicit_st_20_p9_p1_9_330.pkl
INFO:bingo.evolutionary_optimizers.parallel_archipelago:Saved successfully
Level 25:bingo.evolutionary_optimizers.evolutionary_optimizer:Generation: 330 	 Elapsed time: 0:15:23.792428 	 Best training fitness: 1.099731e-01 	 
Level 25:bingo.evolutionary_optimizers.evolutionary_optimizer:330, 9.237924e+02, 3031435, 1.099731e-01, 1.099731e-01, 1.321197e-01, 1.758758e-01, 2.157917e-01, 2.162798e-01
INFO:bingo.evolutionary_optimizers.parallel_archipelago:Performing migration between Islands
INFO:bingo.evolutionary_optimizers.parallel_archipelago:Evolution time 0:00:39.854589	 age 350	 fitness 1.092e-01
Level 25:bingo.evolutionary_optimizers.parallel_archipelago:Saving checkpoint: src/bingo_bias_vias_decomposition/checkpoints_st_20/implicit_st_20_p9_p1_9_340.pkl
INFO:bingo.evolutionary_optimizers.parallel_archipelago:Saved successfully
Level 25:bingo.evolutionary_optimizers.evolutionary_optimizer:Generation: 340 	 Elapsed time: 0:16:03.849365 	 Best training fitness: 1.092214e-01 	 
Level 25:bingo.evolutionary_optimizers.evolutionary_optimizer:340, 9.638494e+02, 3152412, 1.092214e-01, 1.092214e-01, 1.099681e-01, 1.264284e-01, 1.758758e-01, 2.157917e-01, 2.162798e-01
INFO:bingo.evolutionary_optimizers.parallel_archipelago:Performing migration between Islands
INFO:bingo.evolutionary_optimizers.parallel_archipelago:Evolution time 0:00:40.340868	 age 360	 fitness 1.092e-01
Level 25:bingo.evolutionary_optimizers.parallel_archipelago:Saving checkpoint: src/bingo_bias_vias_decomposition/checkpoints_st_20/implicit_st_20_p9_p1_9_350.pkl
INFO:bingo.evolutionary_optimizers.parallel_archipelago:Saved successfully
Level 25:bingo.evolutionary_optimizers.evolutionary_optimizer:Generation: 350 	 Elapsed time: 0:16:44.409627 	 Best training fitness: 1.092225e-01 	 
Level 25:bingo.evolutionary_optimizers.evolutionary_optimizer:350, 1.004410e+03, 3285724, 1.092225e-01, 1.092214e-01, 1.099681e-01, 1.264284e-01, 1.758758e-01, 2.157917e-01, 2.162798e-01
INFO:bingo.evolutionary_optimizers.parallel_archipelago:Performing migration between Islands
INFO:bingo.evolutionary_optimizers.parallel_archipelago:Evolution time 0:00:25.693851	 age 370	 fitness 1.071e-01
Level 25:bingo.evolutionary_optimizers.parallel_archipelago:Saving checkpoint: src/bingo_bias_vias_decomposition/checkpoints_st_20/implicit_st_20_p9_p1_9_360.pkl
INFO:bingo.evolutionary_optimizers.parallel_archipelago:Saved successfully
Level 25:bingo.evolutionary_optimizers.evolutionary_optimizer:Generation: 360 	 Elapsed time: 0:17:10.328157 	 Best training fitness: 1.071273e-01 	 
Level 25:bingo.evolutionary_optimizers.evolutionary_optimizer:360, 1.030328e+03, 3374186, 1.071273e-01, 1.071273e-01, 1.099681e-01, 1.264284e-01, 1.758758e-01, 2.157917e-01, 2.162798e-01
INFO:bingo.evolutionary_optimizers.parallel_archipelago:Performing migration between Islands
INFO:bingo.evolutionary_optimizers.parallel_archipelago:Evolution time 0:00:42.327336	 age 380	 fitness 1.060e-01
Level 25:bingo.evolutionary_optimizers.parallel_archipelago:Saving checkpoint: src/bingo_bias_vias_decomposition/checkpoints_st_20/implicit_st_20_p9_p1_9_370.pkl
INFO:bingo.evolutionary_optimizers.parallel_archipelago:Saved successfully
Level 25:bingo.evolutionary_optimizers.evolutionary_optimizer:Generation: 370 	 Elapsed time: 0:17:52.888378 	 Best training fitness: 1.059743e-01 	 
Level 25:bingo.evolutionary_optimizers.evolutionary_optimizer:370, 1.072888e+03, 3470289, 1.059743e-01, 1.059743e-01, 1.071273e-01, 1.099681e-01, 1.264284e-01, 1.758758e-01, 2.157917e-01, 2.162798e-01
INFO:bingo.evolutionary_optimizers.parallel_archipelago:Performing migration between Islands
INFO:bingo.evolutionary_optimizers.parallel_archipelago:Evolution time 0:00:32.121111	 age 390	 fitness 1.059e-01
Level 25:bingo.evolutionary_optimizers.parallel_archipelago:Saving checkpoint: src/bingo_bias_vias_decomposition/checkpoints_st_20/implicit_st_20_p9_p1_9_380.pkl
INFO:bingo.evolutionary_optimizers.parallel_archipelago:Saved successfully
Level 25:bingo.evolutionary_optimizers.evolutionary_optimizer:Generation: 380 	 Elapsed time: 0:18:25.407434 	 Best training fitness: 1.059039e-01 	 
Level 25:bingo.evolutionary_optimizers.evolutionary_optimizer:380, 1.105407e+03, 3565702, 1.059039e-01, 1.059039e-01, 1.071273e-01, 1.099670e-01, 1.264284e-01, 1.758758e-01, 2.157917e-01, 2.162798e-01
INFO:bingo.evolutionary_optimizers.parallel_archipelago:Performing migration between Islands
INFO:bingo.evolutionary_optimizers.parallel_archipelago:Evolution time 0:00:27.014410	 age 400	 fitness 1.059e-01
Level 25:bingo.evolutionary_optimizers.parallel_archipelago:Saving checkpoint: src/bingo_bias_vias_decomposition/checkpoints_st_20/implicit_st_20_p9_p1_9_390.pkl
INFO:bingo.evolutionary_optimizers.parallel_archipelago:Saved successfully
Level 25:bingo.evolutionary_optimizers.evolutionary_optimizer:Generation: 390 	 Elapsed time: 0:18:52.632761 	 Best training fitness: 1.058852e-01 	 
Level 25:bingo.evolutionary_optimizers.evolutionary_optimizer:390, 1.132633e+03, 3678883, 1.058852e-01, 1.058852e-01, 1.071273e-01, 1.091697e-01, 1.264284e-01, 1.758758e-01, 2.157917e-01, 2.162798e-01
INFO:bingo.evolutionary_optimizers.parallel_archipelago:Performing migration between Islands
INFO:bingo.evolutionary_optimizers.parallel_archipelago:Evolution time 0:00:42.067210	 age 410	 fitness 1.059e-01
Level 25:bingo.evolutionary_optimizers.parallel_archipelago:Saving checkpoint: src/bingo_bias_vias_decomposition/checkpoints_st_20/implicit_st_20_p9_p1_9_400.pkl
INFO:bingo.evolutionary_optimizers.parallel_archipelago:Saved successfully
Level 25:bingo.evolutionary_optimizers.evolutionary_optimizer:Generation: 400 	 Elapsed time: 0:19:34.914809 	 Best training fitness: 1.058849e-01 	 
Level 25:bingo.evolutionary_optimizers.evolutionary_optimizer:400, 1.174915e+03, 3826486, 1.058849e-01, 1.058849e-01, 1.071273e-01, 1.091697e-01, 1.264284e-01, 1.758758e-01, 2.157917e-01, 2.162798e-01
INFO:bingo.evolutionary_optimizers.parallel_archipelago:Performing migration between Islands
INFO:bingo.evolutionary_optimizers.parallel_archipelago:Evolution time 0:00:38.575188	 age 420	 fitness 1.059e-01
Level 25:bingo.evolutionary_optimizers.parallel_archipelago:Saving checkpoint: src/bingo_bias_vias_decomposition/checkpoints_st_20/implicit_st_20_p9_p1_9_410.pkl
INFO:bingo.evolutionary_optimizers.parallel_archipelago:Saved successfully
Level 25:bingo.evolutionary_optimizers.evolutionary_optimizer:Generation: 410 	 Elapsed time: 0:20:13.826611 	 Best training fitness: 1.058852e-01 	 
Level 25:bingo.evolutionary_optimizers.evolutionary_optimizer:410, 1.213827e+03, 3945442, 1.058852e-01, 1.058849e-01, 1.071273e-01, 1.091314e-01, 1.264284e-01, 1.758758e-01, 2.157917e-01, 2.162798e-01
INFO:bingo.evolutionary_optimizers.parallel_archipelago:Performing migration between Islands
INFO:bingo.evolutionary_optimizers.parallel_archipelago:Evolution time 0:00:58.278649	 age 430	 fitness 1.059e-01
Level 25:bingo.evolutionary_optimizers.parallel_archipelago:Saving checkpoint: src/bingo_bias_vias_decomposition/checkpoints_st_20/implicit_st_20_p9_p1_9_420.pkl
INFO:bingo.evolutionary_optimizers.parallel_archipelago:Saved successfully
Level 25:bingo.evolutionary_optimizers.evolutionary_optimizer:Generation: 420 	 Elapsed time: 0:21:12.304685 	 Best training fitness: 1.058852e-01 	 
Level 25:bingo.evolutionary_optimizers.evolutionary_optimizer:420, 1.272305e+03, 4084673, 1.058852e-01, 1.058849e-01, 1.071273e-01, 1.076391e-01, 1.091286e-01, 1.264284e-01, 1.758758e-01, 2.157917e-01, 2.162798e-01
INFO:bingo.evolutionary_optimizers.parallel_archipelago:Performing migration between Islands
INFO:bingo.evolutionary_optimizers.parallel_archipelago:Evolution time 0:00:24.903245	 age 440	 fitness 1.059e-01
Level 25:bingo.evolutionary_optimizers.parallel_archipelago:Saving checkpoint: src/bingo_bias_vias_decomposition/checkpoints_st_20/implicit_st_20_p9_p1_9_430.pkl
INFO:bingo.evolutionary_optimizers.parallel_archipelago:Saved successfully
Level 25:bingo.evolutionary_optimizers.evolutionary_optimizer:Generation: 430 	 Elapsed time: 0:21:37.408548 	 Best training fitness: 1.058847e-01 	 
Level 25:bingo.evolutionary_optimizers.evolutionary_optimizer:430, 1.297409e+03, 4199559, 1.058847e-01, 1.058847e-01, 1.071273e-01, 1.076004e-01, 1.091275e-01, 1.122595e-01, 1.758758e-01, 2.157917e-01, 2.162798e-01
INFO:bingo.evolutionary_optimizers.parallel_archipelago:Performing migration between Islands
INFO:bingo.evolutionary_optimizers.parallel_archipelago:Evolution time 0:00:46.643696	 age 450	 fitness 1.059e-01
Level 25:bingo.evolutionary_optimizers.parallel_archipelago:Saving checkpoint: src/bingo_bias_vias_decomposition/checkpoints_st_20/implicit_st_20_p9_p1_9_440.pkl
INFO:bingo.evolutionary_optimizers.parallel_archipelago:Saved successfully
Level 25:bingo.evolutionary_optimizers.evolutionary_optimizer:Generation: 440 	 Elapsed time: 0:22:24.276035 	 Best training fitness: 1.058793e-01 	 
Level 25:bingo.evolutionary_optimizers.evolutionary_optimizer:440, 1.344276e+03, 4339109, 1.058793e-01, 1.058793e-01, 1.071273e-01, 1.076004e-01, 1.091275e-01, 1.122595e-01, 1.758758e-01, 2.157917e-01, 2.162798e-01
INFO:bingo.evolutionary_optimizers.parallel_archipelago:Performing migration between Islands
INFO:bingo.evolutionary_optimizers.parallel_archipelago:Evolution time 0:00:24.447387	 age 460	 fitness 1.059e-01
Level 25:bingo.evolutionary_optimizers.parallel_archipelago:Saving checkpoint: src/bingo_bias_vias_decomposition/checkpoints_st_20/implicit_st_20_p9_p1_9_450.pkl
INFO:bingo.evolutionary_optimizers.parallel_archipelago:Saved successfully
Level 25:bingo.evolutionary_optimizers.evolutionary_optimizer:Generation: 450 	 Elapsed time: 0:22:49.089054 	 Best training fitness: 1.058788e-01 	 
Level 25:bingo.evolutionary_optimizers.evolutionary_optimizer:450, 1.369089e+03, 4416383, 1.058788e-01, 1.058788e-01, 1.071273e-01, 1.076004e-01, 1.091275e-01, 1.122595e-01, 1.758758e-01, 2.157917e-01, 2.162798e-01
INFO:bingo.evolutionary_optimizers.parallel_archipelago:Performing migration between Islands
INFO:bingo.evolutionary_optimizers.parallel_archipelago:Evolution time 0:00:41.010930	 age 470	 fitness 1.059e-01
Level 25:bingo.evolutionary_optimizers.parallel_archipelago:Saving checkpoint: src/bingo_bias_vias_decomposition/checkpoints_st_20/implicit_st_20_p9_p1_9_460.pkl
INFO:bingo.evolutionary_optimizers.parallel_archipelago:Saved successfully
Level 25:bingo.evolutionary_optimizers.evolutionary_optimizer:Generation: 460 	 Elapsed time: 0:23:30.451261 	 Best training fitness: 1.058775e-01 	 
Level 25:bingo.evolutionary_optimizers.evolutionary_optimizer:460, 1.410451e+03, 4513237, 1.058775e-01, 1.058775e-01, 1.058873e-01, 1.076004e-01, 1.091275e-01, 1.122595e-01, 1.758758e-01, 2.157917e-01, 2.162798e-01
INFO:bingo.evolutionary_optimizers.parallel_archipelago:Performing migration between Islands
INFO:bingo.evolutionary_optimizers.parallel_archipelago:Evolution time 0:00:39.017021	 age 480	 fitness 1.058e-01
Level 25:bingo.evolutionary_optimizers.parallel_archipelago:Saving checkpoint: src/bingo_bias_vias_decomposition/checkpoints_st_20/implicit_st_20_p9_p1_9_470.pkl
INFO:bingo.evolutionary_optimizers.parallel_archipelago:Saved successfully
Level 25:bingo.evolutionary_optimizers.evolutionary_optimizer:Generation: 470 	 Elapsed time: 0:24:09.696590 	 Best training fitness: 1.058306e-01 	 
Level 25:bingo.evolutionary_optimizers.evolutionary_optimizer:470, 1.449697e+03, 4614804, 1.058306e-01, 1.058306e-01, 1.058775e-01, 1.058873e-01, 1.076004e-01, 1.091275e-01, 1.122595e-01, 1.758758e-01, 2.157917e-01, 2.162798e-01
INFO:bingo.evolutionary_optimizers.parallel_archipelago:Performing migration between Islands
INFO:bingo.evolutionary_optimizers.parallel_archipelago:Evolution time 0:00:42.122697	 age 490	 fitness 1.058e-01
Level 25:bingo.evolutionary_optimizers.parallel_archipelago:Saving checkpoint: src/bingo_bias_vias_decomposition/checkpoints_st_20/implicit_st_20_p9_p1_9_480.pkl
INFO:bingo.evolutionary_optimizers.parallel_archipelago:Saved successfully
Level 25:bingo.evolutionary_optimizers.evolutionary_optimizer:Generation: 480 	 Elapsed time: 0:24:52.056453 	 Best training fitness: 1.058165e-01 	 
Level 25:bingo.evolutionary_optimizers.evolutionary_optimizer:480, 1.492056e+03, 4707038, 1.058165e-01, 1.058165e-01, 1.058775e-01, 1.058873e-01, 1.076004e-01, 1.091275e-01, 1.122595e-01, 1.758758e-01, 2.157917e-01, 2.162798e-01
INFO:bingo.evolutionary_optimizers.parallel_archipelago:Performing migration between Islands
INFO:bingo.evolutionary_optimizers.parallel_archipelago:Evolution time 0:00:23.229640	 age 500	 fitness 1.058e-01
Level 25:bingo.evolutionary_optimizers.parallel_archipelago:Saving checkpoint: src/bingo_bias_vias_decomposition/checkpoints_st_20/implicit_st_20_p9_p1_9_490.pkl
INFO:bingo.evolutionary_optimizers.parallel_archipelago:Saved successfully
Level 25:bingo.evolutionary_optimizers.evolutionary_optimizer:Generation: 490 	 Elapsed time: 0:25:15.512335 	 Best training fitness: 1.058082e-01 	 
Level 25:bingo.evolutionary_optimizers.evolutionary_optimizer:490, 1.515512e+03, 4781538, 1.058082e-01, 1.058082e-01, 1.058767e-01, 1.058873e-01, 1.076004e-01, 1.091275e-01, 1.122595e-01, 1.758758e-01, 2.157917e-01, 2.162798e-01
INFO:bingo.evolutionary_optimizers.parallel_archipelago:Performing migration between Islands
INFO:bingo.evolutionary_optimizers.parallel_archipelago:Evolution time 0:00:59.799166	 age 510	 fitness 1.058e-01
Level 25:bingo.evolutionary_optimizers.parallel_archipelago:Saving checkpoint: src/bingo_bias_vias_decomposition/checkpoints_st_20/implicit_st_20_p9_p1_9_500.pkl
INFO:bingo.evolutionary_optimizers.parallel_archipelago:Saved successfully
Level 25:bingo.evolutionary_optimizers.evolutionary_optimizer:Generation: 500 	 Elapsed time: 0:26:15.539023 	 Best training fitness: 1.058100e-01 	 
Level 25:bingo.evolutionary_optimizers.evolutionary_optimizer:500, 1.575539e+03, 4871199, 1.058100e-01, 1.058082e-01, 1.058767e-01, 1.058873e-01, 1.076004e-01, 1.091275e-01, 1.122595e-01, 1.758758e-01, 2.157917e-01, 2.162798e-01
INFO:bingo.evolutionary_optimizers.parallel_archipelago:Performing migration between Islands
INFO:bingo.evolutionary_optimizers.parallel_archipelago:Evolution time 0:00:54.991191	 age 520	 fitness 1.058e-01
Level 25:bingo.evolutionary_optimizers.parallel_archipelago:Saving checkpoint: src/bingo_bias_vias_decomposition/checkpoints_st_20/implicit_st_20_p9_p1_9_510.pkl
INFO:bingo.evolutionary_optimizers.parallel_archipelago:Saved successfully
Level 25:bingo.evolutionary_optimizers.evolutionary_optimizer:Generation: 510 	 Elapsed time: 0:27:10.755282 	 Best training fitness: 1.058100e-01 	 
Level 25:bingo.evolutionary_optimizers.evolutionary_optimizer:510, 1.630755e+03, 4964441, 1.058100e-01, 1.058082e-01, 1.058767e-01, 1.058873e-01, 1.076004e-01, 1.091275e-01, 1.122595e-01, 1.758758e-01, 2.157917e-01, 2.162798e-01
INFO:bingo.evolutionary_optimizers.parallel_archipelago:Performing migration between Islands
INFO:bingo.evolutionary_optimizers.parallel_archipelago:Evolution time 0:00:49.100702	 age 530	 fitness 1.058e-01
Level 25:bingo.evolutionary_optimizers.parallel_archipelago:Saving checkpoint: src/bingo_bias_vias_decomposition/checkpoints_st_20/implicit_st_20_p9_p1_9_520.pkl
INFO:bingo.evolutionary_optimizers.parallel_archipelago:Saved successfully
Level 25:bingo.evolutionary_optimizers.evolutionary_optimizer:Generation: 520 	 Elapsed time: 0:28:00.081866 	 Best training fitness: 1.058014e-01 	 
Level 25:bingo.evolutionary_optimizers.evolutionary_optimizer:520, 1.680082e+03, 5055393, 1.058014e-01, 1.058014e-01, 1.058767e-01, 1.058873e-01, 1.076004e-01, 1.091275e-01, 1.122595e-01, 1.758758e-01, 2.157917e-01, 2.162798e-01
INFO:bingo.evolutionary_optimizers.parallel_archipelago:Performing migration between Islands
INFO:bingo.evolutionary_optimizers.parallel_archipelago:Evolution time 0:00:51.939415	 age 540	 fitness 1.058e-01
Level 25:bingo.evolutionary_optimizers.parallel_archipelago:Saving checkpoint: src/bingo_bias_vias_decomposition/checkpoints_st_20/implicit_st_20_p9_p1_9_530.pkl
INFO:bingo.evolutionary_optimizers.parallel_archipelago:Saved successfully
Level 25:bingo.evolutionary_optimizers.evolutionary_optimizer:Generation: 530 	 Elapsed time: 0:28:52.298227 	 Best training fitness: 1.058050e-01 	 
Level 25:bingo.evolutionary_optimizers.evolutionary_optimizer:530, 1.732298e+03, 5136419, 1.058050e-01, 1.058014e-01, 1.058767e-01, 1.058873e-01, 1.076004e-01, 1.091275e-01, 1.122595e-01, 1.758758e-01, 2.157917e-01, 2.162798e-01
INFO:bingo.evolutionary_optimizers.parallel_archipelago:Performing migration between Islands
INFO:bingo.evolutionary_optimizers.parallel_archipelago:Evolution time 0:00:34.453211	 age 550	 fitness 9.810e-02
Level 25:bingo.evolutionary_optimizers.parallel_archipelago:Saving checkpoint: src/bingo_bias_vias_decomposition/checkpoints_st_20/implicit_st_20_p9_p1_9_540.pkl
INFO:bingo.evolutionary_optimizers.parallel_archipelago:Saved successfully
Level 25:bingo.evolutionary_optimizers.evolutionary_optimizer:Generation: 540 	 Elapsed time: 0:29:26.980882 	 Best training fitness: 9.810189e-02 	 
Level 25:bingo.evolutionary_optimizers.evolutionary_optimizer:540, 1.766981e+03, 5218146, 9.810189e-02, 9.810189e-02, 1.058014e-01, 1.058767e-01, 1.058873e-01, 1.076004e-01, 1.091275e-01, 1.122595e-01, 1.758758e-01, 2.157917e-01, 2.162798e-01
INFO:bingo.evolutionary_optimizers.parallel_archipelago:Performing migration between Islands
INFO:bingo.evolutionary_optimizers.parallel_archipelago:Evolution time 0:00:22.026314	 age 560	 fitness 9.810e-02
Level 25:bingo.evolutionary_optimizers.parallel_archipelago:Saving checkpoint: src/bingo_bias_vias_decomposition/checkpoints_st_20/implicit_st_20_p9_p1_9_550.pkl
INFO:bingo.evolutionary_optimizers.parallel_archipelago:Saved successfully
Level 25:bingo.evolutionary_optimizers.evolutionary_optimizer:Generation: 550 	 Elapsed time: 0:29:49.230791 	 Best training fitness: 9.810160e-02 	 
Level 25:bingo.evolutionary_optimizers.evolutionary_optimizer:550, 1.789231e+03, 5283987, 9.810160e-02, 9.810160e-02, 1.058014e-01, 1.058767e-01, 1.058873e-01, 1.076004e-01, 1.091275e-01, 1.122595e-01, 1.758758e-01, 2.157917e-01, 2.162798e-01
INFO:bingo.evolutionary_optimizers.parallel_archipelago:Performing migration between Islands
INFO:bingo.evolutionary_optimizers.parallel_archipelago:Evolution time 0:00:26.540133	 age 570	 fitness 9.810e-02
Level 25:bingo.evolutionary_optimizers.parallel_archipelago:Saving checkpoint: src/bingo_bias_vias_decomposition/checkpoints_st_20/implicit_st_20_p9_p1_9_560.pkl
INFO:bingo.evolutionary_optimizers.parallel_archipelago:Saved successfully
Level 25:bingo.evolutionary_optimizers.evolutionary_optimizer:Generation: 560 	 Elapsed time: 0:30:15.970772 	 Best training fitness: 9.810142e-02 	 
Level 25:bingo.evolutionary_optimizers.evolutionary_optimizer:560, 1.815971e+03, 5371904, 9.810142e-02, 9.810142e-02, 1.058014e-01, 1.058767e-01, 1.058873e-01, 1.076004e-01, 1.091275e-01, 1.122595e-01, 1.758758e-01, 2.157917e-01, 2.162798e-01
INFO:bingo.evolutionary_optimizers.parallel_archipelago:Performing migration between Islands
INFO:bingo.evolutionary_optimizers.parallel_archipelago:Evolution time 0:00:21.524623	 age 580	 fitness 9.810e-02
Level 25:bingo.evolutionary_optimizers.parallel_archipelago:Saving checkpoint: src/bingo_bias_vias_decomposition/checkpoints_st_20/implicit_st_20_p9_p1_9_570.pkl
INFO:bingo.evolutionary_optimizers.parallel_archipelago:Saved successfully
Level 25:bingo.evolutionary_optimizers.evolutionary_optimizer:Generation: 570 	 Elapsed time: 0:30:37.673289 	 Best training fitness: 9.810140e-02 	 
Level 25:bingo.evolutionary_optimizers.evolutionary_optimizer:570, 1.837673e+03, 5442857, 9.810140e-02, 9.810140e-02, 1.058014e-01, 1.058767e-01, 1.058873e-01, 1.076004e-01, 1.091275e-01, 1.122595e-01, 1.758758e-01, 2.157917e-01, 2.162798e-01
INFO:bingo.evolutionary_optimizers.parallel_archipelago:Performing migration between Islands
INFO:bingo.evolutionary_optimizers.parallel_archipelago:Evolution time 0:00:17.249085	 age 590	 fitness 1.280e-16
Level 25:bingo.evolutionary_optimizers.parallel_archipelago:Saving checkpoint: src/bingo_bias_vias_decomposition/checkpoints_st_20/implicit_st_20_p9_p1_9_580.pkl
INFO:bingo.evolutionary_optimizers.parallel_archipelago:Saved successfully
Level 25:bingo.evolutionary_optimizers.evolutionary_optimizer:Generation: 580 	 Elapsed time: 0:30:55.089438 	 Best training fitness: 1.279718e-16 	 
Level 25:bingo.evolutionary_optimizers.evolutionary_optimizer:580, 1.855089e+03, 5509242, 1.279718e-16, 1.279718e-16, 2.162798e-01
Level 25:bingo.evolutionary_optimizers.evolutionary_optimizer:Evolution successfully converged.
Level 25:bingo.evolutionary_optimizers.evolutionary_optimizer:  Absolte convergence occurred with best fitness < 1e-10
Level 25:bingo.evolutionary_optimizers.evolutionary_optimizer:Hall of Fame:
1.2797176521642916e-16	7	sin(log((X_1)(X_1) + (X_0)(X_0)))
0.21627980500613445	1	-0.933609
