Level 25:bingo.evolutionary_optimizers.evolutionary_optimizer:#generational_age, elapsed_time, fitness_evaluation_count, current_training_fitness, hall_of_fame_fitnesses
Level 25:bingo.evolutionary_optimizers.evolutionary_optimizer:#generational_age, elapsed_time, fitness_evaluation_count, current_training_fitness, hall_of_fame_fitnesses
Level 25:bingo.evolutionary_optimizers.evolutionary_optimizer:Generation: 0 	 Elapsed time: 0:00:05.267951 	 Best training fitness: 2.163793e-01 	 
Level 25:bingo.evolutionary_optimizers.evolutionary_optimizer:0, 5.267951e+00, 15213, 2.163793e-01
INFO:bingo.evolutionary_optimizers.parallel_archipelago:Evolution time 0:00:43.338715	 age 50	 fitness 2.163e-01
Level 25:bingo.evolutionary_optimizers.evolutionary_optimizer:Generation: 10 	 Elapsed time: 0:00:48.936023 	 Best training fitness: 2.163167e-01 	 
Level 25:bingo.evolutionary_optimizers.evolutionary_optimizer:10, 4.893602e+01, 143529, 2.163167e-01, 2.163167e-01, 2.163658e-01, 2.163863e-01
INFO:bingo.evolutionary_optimizers.parallel_archipelago:Evolution time 0:00:17.992949	 age 70	 fitness 2.163e-01
Level 25:bingo.evolutionary_optimizers.evolutionary_optimizer:Generation: 20 	 Elapsed time: 0:01:07.279124 	 Best training fitness: 2.162866e-01 	 
Level 25:bingo.evolutionary_optimizers.evolutionary_optimizer:20, 6.727912e+01, 204148, 2.162866e-01, 2.162866e-01, 2.163863e-01
INFO:bingo.evolutionary_optimizers.parallel_archipelago:Evolution time 0:00:57.492167	 age 100	 fitness 2.149e-01
Level 25:bingo.evolutionary_optimizers.evolutionary_optimizer:Generation: 30 	 Elapsed time: 0:02:05.160357 	 Best training fitness: 2.148710e-01 	 
Level 25:bingo.evolutionary_optimizers.evolutionary_optimizer:30, 1.251604e+02, 299817, 2.148710e-01, 2.148710e-01, 2.162866e-01, 2.163863e-01
INFO:bingo.evolutionary_optimizers.parallel_archipelago:Evolution time 0:00:32.750113	 age 140	 fitness 2.140e-01
Level 25:bingo.evolutionary_optimizers.evolutionary_optimizer:Generation: 40 	 Elapsed time: 0:02:38.258763 	 Best training fitness: 2.140340e-01 	 
Level 25:bingo.evolutionary_optimizers.evolutionary_optimizer:40, 1.582588e+02, 380790, 2.140340e-01, 2.140340e-01, 2.148710e-01, 2.162866e-01, 2.163828e-01
INFO:bingo.evolutionary_optimizers.parallel_archipelago:Evolution time 0:00:33.261248	 age 180	 fitness 2.139e-01
Level 25:bingo.evolutionary_optimizers.evolutionary_optimizer:Generation: 50 	 Elapsed time: 0:03:11.872146 	 Best training fitness: 2.139243e-01 	 
Level 25:bingo.evolutionary_optimizers.evolutionary_optimizer:50, 1.918721e+02, 478704, 2.139243e-01, 2.139243e-01, 2.148710e-01, 2.162866e-01, 2.163150e-01
INFO:bingo.evolutionary_optimizers.parallel_archipelago:Evolution time 0:00:46.699124	 age 210	 fitness 2.124e-01
Level 25:bingo.evolutionary_optimizers.evolutionary_optimizer:Generation: 60 	 Elapsed time: 0:03:58.927883 	 Best training fitness: 2.124380e-01 	 
Level 25:bingo.evolutionary_optimizers.evolutionary_optimizer:60, 2.389279e+02, 584719, 2.124380e-01, 2.124380e-01, 2.139151e-01, 2.139243e-01, 2.148710e-01, 2.162860e-01
INFO:bingo.evolutionary_optimizers.parallel_archipelago:Evolution time 0:00:21.220597	 age 230	 fitness 2.115e-01
Level 25:bingo.evolutionary_optimizers.evolutionary_optimizer:Generation: 70 	 Elapsed time: 0:04:20.491768 	 Best training fitness: 2.115181e-01 	 
Level 25:bingo.evolutionary_optimizers.evolutionary_optimizer:70, 2.604918e+02, 655474, 2.115181e-01, 2.115181e-01, 2.139151e-01, 2.139162e-01, 2.148710e-01, 2.162860e-01
INFO:bingo.evolutionary_optimizers.parallel_archipelago:Evolution time 0:00:32.931675	 age 260	 fitness 2.115e-01
Level 25:bingo.evolutionary_optimizers.evolutionary_optimizer:Generation: 80 	 Elapsed time: 0:04:53.772900 	 Best training fitness: 2.115181e-01 	 
Level 25:bingo.evolutionary_optimizers.evolutionary_optimizer:80, 2.937729e+02, 738615, 2.115181e-01, 2.115181e-01, 2.116731e-01, 2.138930e-01, 2.139002e-01, 2.140297e-01, 2.148710e-01, 2.162860e-01
INFO:bingo.evolutionary_optimizers.parallel_archipelago:Evolution time 0:00:28.399086	 age 290	 fitness 1.980e-01
Level 25:bingo.evolutionary_optimizers.evolutionary_optimizer:Generation: 90 	 Elapsed time: 0:05:22.530797 	 Best training fitness: 1.980360e-01 	 
Level 25:bingo.evolutionary_optimizers.evolutionary_optimizer:90, 3.225308e+02, 816704, 1.980360e-01, 1.980360e-01, 2.139959e-01, 2.162860e-01
INFO:bingo.evolutionary_optimizers.parallel_archipelago:Evolution time 0:00:46.239474	 age 310	 fitness 1.972e-01
Level 25:bingo.evolutionary_optimizers.evolutionary_optimizer:Generation: 100 	 Elapsed time: 0:06:09.166188 	 Best training fitness: 1.971821e-01 	 
Level 25:bingo.evolutionary_optimizers.evolutionary_optimizer:100, 3.691662e+02, 908418, 1.971821e-01, 1.971821e-01, 1.979341e-01, 2.056129e-01, 2.158341e-01, 2.162860e-01
INFO:bingo.evolutionary_optimizers.parallel_archipelago:Evolution time 0:00:31.357034	 age 330	 fitness 1.399e-01
Level 25:bingo.evolutionary_optimizers.evolutionary_optimizer:Generation: 110 	 Elapsed time: 0:06:40.882360 	 Best training fitness: 1.398906e-01 	 
Level 25:bingo.evolutionary_optimizers.evolutionary_optimizer:110, 4.008824e+02, 982241, 1.398906e-01, 1.398906e-01, 1.903499e-01, 2.055239e-01, 2.139596e-01, 2.157168e-01, 2.162860e-01
INFO:bingo.evolutionary_optimizers.parallel_archipelago:Evolution time 0:00:23.533838	 age 360	 fitness 1.398e-01
Level 25:bingo.evolutionary_optimizers.evolutionary_optimizer:Generation: 120 	 Elapsed time: 0:07:04.775185 	 Best training fitness: 1.398176e-01 	 
Level 25:bingo.evolutionary_optimizers.evolutionary_optimizer:120, 4.247752e+02, 1046736, 1.398176e-01, 1.398176e-01, 1.896363e-01, 1.903499e-01, 2.055215e-01, 2.139596e-01, 2.154187e-01, 2.157168e-01, 2.162860e-01
INFO:bingo.evolutionary_optimizers.parallel_archipelago:Evolution time 0:00:35.475852	 age 380	 fitness 1.398e-01
Level 25:bingo.evolutionary_optimizers.evolutionary_optimizer:Generation: 130 	 Elapsed time: 0:07:40.615705 	 Best training fitness: 1.398176e-01 	 
Level 25:bingo.evolutionary_optimizers.evolutionary_optimizer:130, 4.606157e+02, 1126309, 1.398176e-01, 1.398176e-01, 1.896139e-01, 1.903499e-01, 2.027498e-01, 2.154187e-01, 2.157168e-01, 2.162860e-01
INFO:bingo.evolutionary_optimizers.parallel_archipelago:Evolution time 0:00:28.423494	 age 400	 fitness 1.398e-01
Level 25:bingo.evolutionary_optimizers.evolutionary_optimizer:Generation: 140 	 Elapsed time: 0:08:09.448987 	 Best training fitness: 1.398021e-01 	 
Level 25:bingo.evolutionary_optimizers.evolutionary_optimizer:140, 4.894490e+02, 1196916, 1.398021e-01, 1.398021e-01, 1.398038e-01, 1.903177e-01, 2.026987e-01, 2.154187e-01, 2.157168e-01, 2.162860e-01
INFO:bingo.evolutionary_optimizers.parallel_archipelago:Evolution time 0:00:50.682652	 age 420	 fitness 1.398e-01
Level 25:bingo.evolutionary_optimizers.evolutionary_optimizer:Generation: 150 	 Elapsed time: 0:09:00.504459 	 Best training fitness: 1.397896e-01 	 
Level 25:bingo.evolutionary_optimizers.evolutionary_optimizer:150, 5.405045e+02, 1306889, 1.397896e-01, 1.397896e-01, 1.398038e-01, 1.492414e-01, 2.154187e-01, 2.157168e-01, 2.162860e-01
INFO:bingo.evolutionary_optimizers.parallel_archipelago:Evolution time 0:00:34.367781	 age 450	 fitness 1.339e-01
Level 25:bingo.evolutionary_optimizers.evolutionary_optimizer:Generation: 160 	 Elapsed time: 0:09:35.238544 	 Best training fitness: 1.339324e-01 	 
Level 25:bingo.evolutionary_optimizers.evolutionary_optimizer:160, 5.752385e+02, 1398664, 1.339324e-01, 1.339324e-01, 1.339757e-01, 1.375848e-01, 1.397113e-01, 1.397927e-01, 1.492414e-01, 2.154187e-01, 2.157168e-01, 2.162860e-01
INFO:bingo.evolutionary_optimizers.parallel_archipelago:Evolution time 0:00:20.615760	 age 470	 fitness 1.303e-01
Level 25:bingo.evolutionary_optimizers.evolutionary_optimizer:Generation: 170 	 Elapsed time: 0:09:56.265732 	 Best training fitness: 1.303232e-01 	 
Level 25:bingo.evolutionary_optimizers.evolutionary_optimizer:170, 5.962657e+02, 1467605, 1.303232e-01, 1.303232e-01, 1.375848e-01, 1.396769e-01, 1.397927e-01, 1.492414e-01, 2.154187e-01, 2.157168e-01, 2.162860e-01
INFO:bingo.evolutionary_optimizers.parallel_archipelago:Evolution time 0:00:49.860977	 age 500	 fitness 1.246e-01
Level 25:bingo.evolutionary_optimizers.evolutionary_optimizer:Generation: 180 	 Elapsed time: 0:10:46.494699 	 Best training fitness: 1.246375e-01 	 
Level 25:bingo.evolutionary_optimizers.evolutionary_optimizer:180, 6.464947e+02, 1566204, 1.246375e-01, 1.246375e-01, 1.375848e-01, 1.395877e-01, 1.396769e-01, 1.397927e-01, 1.492414e-01, 2.154187e-01, 2.157168e-01, 2.162860e-01
INFO:bingo.evolutionary_optimizers.parallel_archipelago:Evolution time 0:00:48.234362	 age 520	 fitness 1.246e-01
Level 25:bingo.evolutionary_optimizers.evolutionary_optimizer:Generation: 190 	 Elapsed time: 0:11:35.144561 	 Best training fitness: 1.246332e-01 	 
Level 25:bingo.evolutionary_optimizers.evolutionary_optimizer:190, 6.951446e+02, 1657632, 1.246332e-01, 1.246332e-01, 1.291030e-01, 1.394736e-01, 1.397927e-01, 1.492414e-01, 2.154187e-01, 2.157168e-01, 2.162860e-01
INFO:bingo.evolutionary_optimizers.parallel_archipelago:Evolution time 0:00:53.033747	 age 540	 fitness 1.233e-01
Level 25:bingo.evolutionary_optimizers.evolutionary_optimizer:Generation: 200 	 Elapsed time: 0:12:28.560175 	 Best training fitness: 1.233162e-01 	 
Level 25:bingo.evolutionary_optimizers.evolutionary_optimizer:200, 7.485602e+02, 1758391, 1.233162e-01, 1.233162e-01, 1.246352e-01, 1.290910e-01, 1.394736e-01, 1.397927e-01, 1.492414e-01, 2.154187e-01, 2.157168e-01, 2.162860e-01
INFO:bingo.evolutionary_optimizers.parallel_archipelago:Evolution time 0:01:01.203558	 age 560	 fitness 1.280e-16
Level 25:bingo.evolutionary_optimizers.evolutionary_optimizer:Generation: 210 	 Elapsed time: 0:13:30.143990 	 Best training fitness: 1.279718e-16 	 
Level 25:bingo.evolutionary_optimizers.evolutionary_optimizer:210, 8.101440e+02, 1854043, 1.279718e-16, 1.279718e-16, 2.157168e-01, 2.162860e-01
Level 25:bingo.evolutionary_optimizers.evolutionary_optimizer:Evolution successfully converged.
Level 25:bingo.evolutionary_optimizers.evolutionary_optimizer:  Absolte convergence occurred with best fitness < 1e-10
Level 25:bingo.evolutionary_optimizers.evolutionary_optimizer:Hall of Fame:
1.2797176521642916e-16	7	sin(log((X_0)(X_0) + (X_1)(X_1)))
0.21571675318700428	6	sin(sin(log(X_1)) + -2.006502)
0.21628602867610788	1	-0.933704
