Level 25:bingo.evolutionary_optimizers.evolutionary_optimizer:#generational_age, elapsed_time, fitness_evaluation_count, current_training_fitness, hall_of_fame_fitnesses
Level 25:bingo.evolutionary_optimizers.evolutionary_optimizer:#generational_age, elapsed_time, fitness_evaluation_count, current_training_fitness, hall_of_fame_fitnesses
Level 25:bingo.evolutionary_optimizers.evolutionary_optimizer:Generation: 0 	 Elapsed time: 0:00:04.585561 	 Best training fitness: 1.444777e-01 	 
Level 25:bingo.evolutionary_optimizers.evolutionary_optimizer:0, 4.585561e+00, 14045, 1.444777e-01
INFO:bingo.evolutionary_optimizers.parallel_archipelago:Evolution time 0:00:32.851921	 age 20	 fitness 1.444e-01
Level 25:bingo.evolutionary_optimizers.evolutionary_optimizer:Generation: 10 	 Elapsed time: 0:00:37.740854 	 Best training fitness: 1.444064e-01 	 
Level 25:bingo.evolutionary_optimizers.evolutionary_optimizer:10, 3.774085e+01, 116274, 1.444064e-01, 1.444064e-01, 1.445714e-01
INFO:bingo.evolutionary_optimizers.parallel_archipelago:Evolution time 0:00:25.952031	 age 30	 fitness 1.444e-01
Level 25:bingo.evolutionary_optimizers.evolutionary_optimizer:Generation: 20 	 Elapsed time: 0:01:04.013883 	 Best training fitness: 1.444066e-01 	 
Level 25:bingo.evolutionary_optimizers.evolutionary_optimizer:20, 6.401388e+01, 182297, 1.444066e-01, 1.444064e-01, 1.445714e-01
INFO:bingo.evolutionary_optimizers.parallel_archipelago:Evolution time 0:00:24.083902	 age 40	 fitness 1.443e-01
Level 25:bingo.evolutionary_optimizers.evolutionary_optimizer:Generation: 30 	 Elapsed time: 0:01:28.469680 	 Best training fitness: 1.442619e-01 	 
Level 25:bingo.evolutionary_optimizers.evolutionary_optimizer:30, 8.846968e+01, 246700, 1.442619e-01, 1.442619e-01, 1.443322e-01, 1.444064e-01, 1.445714e-01
INFO:bingo.evolutionary_optimizers.parallel_archipelago:Evolution time 0:00:29.436973	 age 60	 fitness 1.443e-01
Level 25:bingo.evolutionary_optimizers.evolutionary_optimizer:Generation: 40 	 Elapsed time: 0:01:58.238151 	 Best training fitness: 1.442619e-01 	 
Level 25:bingo.evolutionary_optimizers.evolutionary_optimizer:40, 1.182382e+02, 335816, 1.442619e-01, 1.442619e-01, 1.443322e-01, 1.444064e-01, 1.445714e-01
INFO:bingo.evolutionary_optimizers.parallel_archipelago:Evolution time 0:00:35.990241	 age 70	 fitness 1.443e-01
Level 25:bingo.evolutionary_optimizers.evolutionary_optimizer:Generation: 50 	 Elapsed time: 0:02:34.554372 	 Best training fitness: 1.442619e-01 	 
Level 25:bingo.evolutionary_optimizers.evolutionary_optimizer:50, 1.545544e+02, 424376, 1.442619e-01, 1.442619e-01, 1.443322e-01, 1.444064e-01, 1.445714e-01
INFO:bingo.evolutionary_optimizers.parallel_archipelago:Evolution time 0:00:42.036708	 age 90	 fitness 1.443e-01
Level 25:bingo.evolutionary_optimizers.evolutionary_optimizer:Generation: 60 	 Elapsed time: 0:03:16.928517 	 Best training fitness: 1.442619e-01 	 
Level 25:bingo.evolutionary_optimizers.evolutionary_optimizer:60, 1.969285e+02, 521507, 1.442619e-01, 1.442619e-01, 1.443322e-01, 1.443608e-01, 1.445714e-01
INFO:bingo.evolutionary_optimizers.parallel_archipelago:Evolution time 0:00:39.880228	 age 120	 fitness 1.443e-01
Level 25:bingo.evolutionary_optimizers.evolutionary_optimizer:Generation: 70 	 Elapsed time: 0:03:57.146167 	 Best training fitness: 1.442591e-01 	 
Level 25:bingo.evolutionary_optimizers.evolutionary_optimizer:70, 2.371462e+02, 617424, 1.442591e-01, 1.442591e-01, 1.442619e-01, 1.443322e-01, 1.443608e-01, 1.445308e-01
INFO:bingo.evolutionary_optimizers.parallel_archipelago:Evolution time 0:00:26.717297	 age 140	 fitness 1.443e-01
Level 25:bingo.evolutionary_optimizers.evolutionary_optimizer:Generation: 80 	 Elapsed time: 0:04:24.193898 	 Best training fitness: 1.443070e-01 	 
Level 25:bingo.evolutionary_optimizers.evolutionary_optimizer:80, 2.641939e+02, 697144, 1.443070e-01, 1.442591e-01, 1.442619e-01, 1.443220e-01, 1.443322e-01, 1.443608e-01, 1.445308e-01
INFO:bingo.evolutionary_optimizers.parallel_archipelago:Evolution time 0:00:32.808464	 age 160	 fitness 1.443e-01
Level 25:bingo.evolutionary_optimizers.evolutionary_optimizer:Generation: 90 	 Elapsed time: 0:04:57.334671 	 Best training fitness: 1.443070e-01 	 
Level 25:bingo.evolutionary_optimizers.evolutionary_optimizer:90, 2.973347e+02, 798796, 1.443070e-01, 1.442591e-01, 1.442619e-01, 1.443150e-01, 1.443608e-01, 1.444627e-01
INFO:bingo.evolutionary_optimizers.parallel_archipelago:Evolution time 0:00:41.947819	 age 190	 fitness 1.443e-01
Level 25:bingo.evolutionary_optimizers.evolutionary_optimizer:Generation: 100 	 Elapsed time: 0:05:39.655394 	 Best training fitness: 1.442759e-01 	 
Level 25:bingo.evolutionary_optimizers.evolutionary_optimizer:100, 3.396554e+02, 896185, 1.442759e-01, 1.442591e-01, 1.442619e-01, 1.443083e-01
INFO:bingo.evolutionary_optimizers.parallel_archipelago:Evolution time 0:00:33.073600	 age 220	 fitness 1.443e-01
Level 25:bingo.evolutionary_optimizers.evolutionary_optimizer:Generation: 110 	 Elapsed time: 0:06:13.052947 	 Best training fitness: 1.443088e-01 	 
Level 25:bingo.evolutionary_optimizers.evolutionary_optimizer:110, 3.730529e+02, 982021, 1.443088e-01, 1.442591e-01, 1.442619e-01, 1.443083e-01
INFO:bingo.evolutionary_optimizers.parallel_archipelago:Evolution time 0:00:40.690231	 age 250	 fitness 1.443e-01
Level 25:bingo.evolutionary_optimizers.evolutionary_optimizer:Generation: 120 	 Elapsed time: 0:06:54.106819 	 Best training fitness: 1.442868e-01 	 
Level 25:bingo.evolutionary_optimizers.evolutionary_optimizer:120, 4.141068e+02, 1082344, 1.442868e-01, 1.442591e-01, 1.442619e-01, 1.443083e-01
INFO:bingo.evolutionary_optimizers.parallel_archipelago:Evolution time 0:00:39.159403	 age 260	 fitness 1.443e-01
Level 25:bingo.evolutionary_optimizers.evolutionary_optimizer:Generation: 130 	 Elapsed time: 0:07:33.594353 	 Best training fitness: 1.442799e-01 	 
Level 25:bingo.evolutionary_optimizers.evolutionary_optimizer:130, 4.535944e+02, 1175058, 1.442799e-01, 1.442591e-01, 1.442619e-01, 1.442799e-01, 1.442994e-01, 1.443039e-01, 1.443083e-01
INFO:bingo.evolutionary_optimizers.parallel_archipelago:Evolution time 0:00:45.970515	 age 290	 fitness 1.443e-01
Level 25:bingo.evolutionary_optimizers.evolutionary_optimizer:Generation: 140 	 Elapsed time: 0:08:19.905470 	 Best training fitness: 1.442964e-01 	 
Level 25:bingo.evolutionary_optimizers.evolutionary_optimizer:140, 4.999055e+02, 1270805, 1.442964e-01, 1.442591e-01, 1.442619e-01, 1.442799e-01, 1.442994e-01, 1.443039e-01, 1.443083e-01
INFO:bingo.evolutionary_optimizers.parallel_archipelago:Evolution time 0:00:27.613374	 age 300	 fitness 1.443e-01
Level 25:bingo.evolutionary_optimizers.evolutionary_optimizer:Generation: 150 	 Elapsed time: 0:08:47.862228 	 Best training fitness: 1.442971e-01 	 
Level 25:bingo.evolutionary_optimizers.evolutionary_optimizer:150, 5.278622e+02, 1345544, 1.442971e-01, 1.442591e-01, 1.442619e-01, 1.442799e-01, 1.442994e-01, 1.443039e-01, 1.443083e-01
INFO:bingo.evolutionary_optimizers.parallel_archipelago:Evolution time 0:00:16.192941	 age 310	 fitness 1.443e-01
Level 25:bingo.evolutionary_optimizers.evolutionary_optimizer:Generation: 160 	 Elapsed time: 0:09:04.396318 	 Best training fitness: 1.443089e-01 	 
Level 25:bingo.evolutionary_optimizers.evolutionary_optimizer:160, 5.443963e+02, 1402224, 1.443089e-01, 1.442591e-01, 1.442619e-01, 1.442799e-01, 1.442994e-01, 1.443039e-01, 1.443083e-01
INFO:bingo.evolutionary_optimizers.parallel_archipelago:Evolution time 0:00:38.396327	 age 320	 fitness 1.438e-01
Level 25:bingo.evolutionary_optimizers.evolutionary_optimizer:Generation: 170 	 Elapsed time: 0:09:43.185178 	 Best training fitness: 1.438001e-01 	 
Level 25:bingo.evolutionary_optimizers.evolutionary_optimizer:170, 5.831852e+02, 1486014, 1.438001e-01, 1.438001e-01, 1.442591e-01, 1.442619e-01, 1.442799e-01, 1.442994e-01, 1.443039e-01, 1.443083e-01
INFO:bingo.evolutionary_optimizers.parallel_archipelago:Evolution time 0:00:41.233433	 age 330	 fitness 1.438e-01
Level 25:bingo.evolutionary_optimizers.evolutionary_optimizer:Generation: 180 	 Elapsed time: 0:10:24.760957 	 Best training fitness: 1.438001e-01 	 
Level 25:bingo.evolutionary_optimizers.evolutionary_optimizer:180, 6.247610e+02, 1559250, 1.438001e-01, 1.438001e-01, 1.442591e-01, 1.442619e-01, 1.442799e-01, 1.442990e-01, 1.443083e-01
INFO:bingo.evolutionary_optimizers.parallel_archipelago:Evolution time 0:00:32.634940	 age 350	 fitness 1.440e-01
Level 25:bingo.evolutionary_optimizers.evolutionary_optimizer:Generation: 190 	 Elapsed time: 0:10:57.732185 	 Best training fitness: 1.439641e-01 	 
Level 25:bingo.evolutionary_optimizers.evolutionary_optimizer:190, 6.577322e+02, 1628460, 1.439641e-01, 1.438001e-01, 1.441382e-01, 1.442591e-01, 1.442619e-01, 1.442765e-01, 1.442990e-01, 1.443083e-01
INFO:bingo.evolutionary_optimizers.parallel_archipelago:Evolution time 0:00:40.050269	 age 370	 fitness 8.531e-17
Level 25:bingo.evolutionary_optimizers.evolutionary_optimizer:Generation: 200 	 Elapsed time: 0:11:38.116032 	 Best training fitness: 8.531451e-17 	 
Level 25:bingo.evolutionary_optimizers.evolutionary_optimizer:200, 6.981160e+02, 1725869, 8.531451e-17, 8.531451e-17, 1.442619e-01, 1.442765e-01, 1.442839e-01
Level 25:bingo.evolutionary_optimizers.evolutionary_optimizer:Evolution successfully converged.
Level 25:bingo.evolutionary_optimizers.evolutionary_optimizer:  Absolte convergence occurred with best fitness < 1e-10
Level 25:bingo.evolutionary_optimizers.evolutionary_optimizer:Hall of Fame:
8.53145101442861e-17	8	sin(log((X_0)(X_0) + (X_1)(X_1)))
0.14426187407642563	6	sin(log(-0.269738)) + (sin(log(-0.269738)))(log(sin(log(-0.269738))))
0.14427647148732162	5	sin(log(sin(sin(0.308249))))
0.14428391988395184	1	-0.932450
