Level 25:bingo.evolutionary_optimizers.evolutionary_optimizer:#generational_age, elapsed_time, fitness_evaluation_count, current_training_fitness, hall_of_fame_fitnesses
Level 25:bingo.evolutionary_optimizers.evolutionary_optimizer:#generational_age, elapsed_time, fitness_evaluation_count, current_training_fitness, hall_of_fame_fitnesses
Level 25:bingo.evolutionary_optimizers.evolutionary_optimizer:Generation: 0 	 Elapsed time: 0:00:03.708331 	 Best training fitness: 2.493495e-02 	 
Level 25:bingo.evolutionary_optimizers.evolutionary_optimizer:0, 3.708331e+00, 11726, 2.493495e-02
INFO:bingo.evolutionary_optimizers.parallel_archipelago:Evolution time 0:00:42.859974	 age 10	 fitness 2.430e-02
Level 25:bingo.evolutionary_optimizers.evolutionary_optimizer:Generation: 10 	 Elapsed time: 0:00:46.886717 	 Best training fitness: 2.429846e-02 	 
Level 25:bingo.evolutionary_optimizers.evolutionary_optimizer:10, 4.688672e+01, 113499, 2.429846e-02, 2.429846e-02, 2.430129e-02, 2.454213e-02, 2.464291e-02
INFO:bingo.evolutionary_optimizers.parallel_archipelago:Evolution time 0:00:18.518577	 age 20	 fitness 2.417e-02
Level 25:bingo.evolutionary_optimizers.evolutionary_optimizer:Generation: 20 	 Elapsed time: 0:01:05.744761 	 Best training fitness: 2.417061e-02 	 
Level 25:bingo.evolutionary_optimizers.evolutionary_optimizer:20, 6.574476e+01, 196640, 2.417061e-02, 2.417061e-02, 2.441415e-02, 2.464291e-02
INFO:bingo.evolutionary_optimizers.parallel_archipelago:Evolution time 0:00:39.330496	 age 50	 fitness 2.421e-02
Level 25:bingo.evolutionary_optimizers.evolutionary_optimizer:Generation: 30 	 Elapsed time: 0:01:45.469588 	 Best training fitness: 2.420975e-02 	 
Level 25:bingo.evolutionary_optimizers.evolutionary_optimizer:30, 1.054696e+02, 323423, 2.420975e-02, 2.417061e-02, 2.438168e-02, 2.464291e-02
INFO:bingo.evolutionary_optimizers.parallel_archipelago:Evolution time 0:00:48.973207	 age 90	 fitness 2.421e-02
Level 25:bingo.evolutionary_optimizers.evolutionary_optimizer:Generation: 40 	 Elapsed time: 0:02:34.780250 	 Best training fitness: 2.421008e-02 	 
Level 25:bingo.evolutionary_optimizers.evolutionary_optimizer:40, 1.547802e+02, 449729, 2.421008e-02, 2.417061e-02, 2.438151e-02, 2.464291e-02
INFO:bingo.evolutionary_optimizers.parallel_archipelago:Evolution time 0:00:25.785742	 age 100	 fitness 1.917e-02
Level 25:bingo.evolutionary_optimizers.evolutionary_optimizer:Generation: 50 	 Elapsed time: 0:03:00.884382 	 Best training fitness: 1.916672e-02 	 
Level 25:bingo.evolutionary_optimizers.evolutionary_optimizer:50, 1.808844e+02, 537268, 1.916672e-02, 1.916672e-02, 2.417061e-02, 2.438151e-02, 2.464291e-02
INFO:bingo.evolutionary_optimizers.parallel_archipelago:Evolution time 0:00:21.454019	 age 110	 fitness 5.880e-03
Level 25:bingo.evolutionary_optimizers.evolutionary_optimizer:Generation: 60 	 Elapsed time: 0:03:22.670709 	 Best training fitness: 5.879745e-03 	 
Level 25:bingo.evolutionary_optimizers.evolutionary_optimizer:60, 2.026707e+02, 613899, 5.879745e-03, 5.879745e-03, 2.417061e-02, 2.429764e-02, 2.438151e-02, 2.464291e-02
INFO:bingo.evolutionary_optimizers.parallel_archipelago:Evolution time 0:00:22.115519	 age 120	 fitness 1.422e-17
Level 25:bingo.evolutionary_optimizers.evolutionary_optimizer:Generation: 70 	 Elapsed time: 0:03:45.130386 	 Best training fitness: 1.421909e-17 	 
Level 25:bingo.evolutionary_optimizers.evolutionary_optimizer:70, 2.251304e+02, 688552, 1.421909e-17, 1.421909e-17, 2.417061e-02, 2.429764e-02, 2.438151e-02, 2.464291e-02
Level 25:bingo.evolutionary_optimizers.evolutionary_optimizer:Evolution successfully converged.
Level 25:bingo.evolutionary_optimizers.evolutionary_optimizer:  Absolte convergence occurred with best fitness < 1e-10
Level 25:bingo.evolutionary_optimizers.evolutionary_optimizer:Hall of Fame:
1.421908502404769e-17	8	sin(log((X_0)(X_0) + (X_1)(X_1)))
0.024170609402168617	4	sin(-0.617249 + sin(-0.617249))
0.02429763650178016	3	sin((-8.929837)(-8.929837))
0.024381506067535662	2	sin(4.980512)
0.024642912431112593	1	-0.970855
