Level 25:bingo.evolutionary_optimizers.evolutionary_optimizer:#generational_age, elapsed_time, fitness_evaluation_count, current_training_fitness, hall_of_fame_fitnesses
Level 25:bingo.evolutionary_optimizers.evolutionary_optimizer:#generational_age, elapsed_time, fitness_evaluation_count, current_training_fitness, hall_of_fame_fitnesses
Level 25:bingo.evolutionary_optimizers.evolutionary_optimizer:Generation: 0 	 Elapsed time: 0:00:04.586242 	 Best training fitness: 1.444777e-01 	 
Level 25:bingo.evolutionary_optimizers.evolutionary_optimizer:0, 4.586242e+00, 14045, 1.444777e-01
INFO:bingo.evolutionary_optimizers.parallel_archipelago:Evolution time 0:00:32.851913	 age 20	 fitness 1.444e-01
Level 25:bingo.evolutionary_optimizers.evolutionary_optimizer:Generation: 10 	 Elapsed time: 0:00:37.741540 	 Best training fitness: 1.444064e-01 	 
Level 25:bingo.evolutionary_optimizers.evolutionary_optimizer:10, 3.774154e+01, 116274, 1.444064e-01, 1.444064e-01, 1.445714e-01
INFO:bingo.evolutionary_optimizers.parallel_archipelago:Evolution time 0:00:25.952017	 age 40	 fitness 1.444e-01
Level 25:bingo.evolutionary_optimizers.evolutionary_optimizer:Generation: 20 	 Elapsed time: 0:01:04.014572 	 Best training fitness: 1.444066e-01 	 
Level 25:bingo.evolutionary_optimizers.evolutionary_optimizer:20, 6.401457e+01, 182297, 1.444066e-01, 1.444064e-01, 1.445714e-01
INFO:bingo.evolutionary_optimizers.parallel_archipelago:Evolution time 0:00:24.083897	 age 50	 fitness 1.443e-01
Level 25:bingo.evolutionary_optimizers.evolutionary_optimizer:Generation: 30 	 Elapsed time: 0:01:28.470355 	 Best training fitness: 1.442619e-01 	 
Level 25:bingo.evolutionary_optimizers.evolutionary_optimizer:30, 8.847035e+01, 246700, 1.442619e-01, 1.442619e-01, 1.443322e-01, 1.444064e-01, 1.445714e-01
INFO:bingo.evolutionary_optimizers.parallel_archipelago:Evolution time 0:00:29.436942	 age 70	 fitness 1.443e-01
Level 25:bingo.evolutionary_optimizers.evolutionary_optimizer:Generation: 40 	 Elapsed time: 0:01:58.238836 	 Best training fitness: 1.442619e-01 	 
Level 25:bingo.evolutionary_optimizers.evolutionary_optimizer:40, 1.182388e+02, 335816, 1.442619e-01, 1.442619e-01, 1.443322e-01, 1.444064e-01, 1.445714e-01
INFO:bingo.evolutionary_optimizers.parallel_archipelago:Evolution time 0:00:35.990227	 age 90	 fitness 1.443e-01
Level 25:bingo.evolutionary_optimizers.evolutionary_optimizer:Generation: 50 	 Elapsed time: 0:02:34.555063 	 Best training fitness: 1.442619e-01 	 
Level 25:bingo.evolutionary_optimizers.evolutionary_optimizer:50, 1.545551e+02, 424376, 1.442619e-01, 1.442619e-01, 1.443322e-01, 1.444064e-01, 1.445714e-01
INFO:bingo.evolutionary_optimizers.parallel_archipelago:Evolution time 0:00:42.036533	 age 120	 fitness 1.443e-01
Level 25:bingo.evolutionary_optimizers.evolutionary_optimizer:Generation: 60 	 Elapsed time: 0:03:16.929211 	 Best training fitness: 1.442619e-01 	 
Level 25:bingo.evolutionary_optimizers.evolutionary_optimizer:60, 1.969292e+02, 521507, 1.442619e-01, 1.442619e-01, 1.443322e-01, 1.443608e-01, 1.445714e-01
INFO:bingo.evolutionary_optimizers.parallel_archipelago:Evolution time 0:00:39.880225	 age 130	 fitness 1.443e-01
Level 25:bingo.evolutionary_optimizers.evolutionary_optimizer:Generation: 70 	 Elapsed time: 0:03:57.146841 	 Best training fitness: 1.442591e-01 	 
Level 25:bingo.evolutionary_optimizers.evolutionary_optimizer:70, 2.371468e+02, 617424, 1.442591e-01, 1.442591e-01, 1.442619e-01, 1.443322e-01, 1.443608e-01, 1.445308e-01
INFO:bingo.evolutionary_optimizers.parallel_archipelago:Evolution time 0:00:26.717409	 age 140	 fitness 1.443e-01
Level 25:bingo.evolutionary_optimizers.evolutionary_optimizer:Generation: 80 	 Elapsed time: 0:04:24.194571 	 Best training fitness: 1.443070e-01 	 
Level 25:bingo.evolutionary_optimizers.evolutionary_optimizer:80, 2.641946e+02, 697144, 1.443070e-01, 1.442591e-01, 1.442619e-01, 1.443220e-01, 1.443322e-01, 1.443608e-01, 1.445308e-01
INFO:bingo.evolutionary_optimizers.parallel_archipelago:Evolution time 0:00:32.808421	 age 160	 fitness 1.443e-01
Level 25:bingo.evolutionary_optimizers.evolutionary_optimizer:Generation: 90 	 Elapsed time: 0:04:57.335358 	 Best training fitness: 1.443070e-01 	 
Level 25:bingo.evolutionary_optimizers.evolutionary_optimizer:90, 2.973354e+02, 798796, 1.443070e-01, 1.442591e-01, 1.442619e-01, 1.443150e-01, 1.443608e-01, 1.444627e-01
INFO:bingo.evolutionary_optimizers.parallel_archipelago:Evolution time 0:00:41.947822	 age 170	 fitness 1.443e-01
Level 25:bingo.evolutionary_optimizers.evolutionary_optimizer:Generation: 100 	 Elapsed time: 0:05:39.656060 	 Best training fitness: 1.442759e-01 	 
Level 25:bingo.evolutionary_optimizers.evolutionary_optimizer:100, 3.396561e+02, 896185, 1.442759e-01, 1.442591e-01, 1.442619e-01, 1.443083e-01
INFO:bingo.evolutionary_optimizers.parallel_archipelago:Evolution time 0:00:33.073579	 age 180	 fitness 1.443e-01
Level 25:bingo.evolutionary_optimizers.evolutionary_optimizer:Generation: 110 	 Elapsed time: 0:06:13.053610 	 Best training fitness: 1.443088e-01 	 
Level 25:bingo.evolutionary_optimizers.evolutionary_optimizer:110, 3.730536e+02, 982021, 1.443088e-01, 1.442591e-01, 1.442619e-01, 1.443083e-01
INFO:bingo.evolutionary_optimizers.parallel_archipelago:Evolution time 0:00:40.690249	 age 190	 fitness 1.443e-01
Level 25:bingo.evolutionary_optimizers.evolutionary_optimizer:Generation: 120 	 Elapsed time: 0:06:54.107445 	 Best training fitness: 1.442868e-01 	 
Level 25:bingo.evolutionary_optimizers.evolutionary_optimizer:120, 4.141074e+02, 1082344, 1.442868e-01, 1.442591e-01, 1.442619e-01, 1.443083e-01
INFO:bingo.evolutionary_optimizers.parallel_archipelago:Evolution time 0:00:39.159348	 age 210	 fitness 1.443e-01
Level 25:bingo.evolutionary_optimizers.evolutionary_optimizer:Generation: 130 	 Elapsed time: 0:07:33.595038 	 Best training fitness: 1.442799e-01 	 
Level 25:bingo.evolutionary_optimizers.evolutionary_optimizer:130, 4.535950e+02, 1175058, 1.442799e-01, 1.442591e-01, 1.442619e-01, 1.442799e-01, 1.442994e-01, 1.443039e-01, 1.443083e-01
INFO:bingo.evolutionary_optimizers.parallel_archipelago:Evolution time 0:00:45.970598	 age 220	 fitness 1.443e-01
Level 25:bingo.evolutionary_optimizers.evolutionary_optimizer:Generation: 140 	 Elapsed time: 0:08:19.906135 	 Best training fitness: 1.442964e-01 	 
Level 25:bingo.evolutionary_optimizers.evolutionary_optimizer:140, 4.999061e+02, 1270805, 1.442964e-01, 1.442591e-01, 1.442619e-01, 1.442799e-01, 1.442994e-01, 1.443039e-01, 1.443083e-01
INFO:bingo.evolutionary_optimizers.parallel_archipelago:Evolution time 0:00:27.613364	 age 240	 fitness 1.443e-01
Level 25:bingo.evolutionary_optimizers.evolutionary_optimizer:Generation: 150 	 Elapsed time: 0:08:47.862914 	 Best training fitness: 1.442971e-01 	 
Level 25:bingo.evolutionary_optimizers.evolutionary_optimizer:150, 5.278629e+02, 1345544, 1.442971e-01, 1.442591e-01, 1.442619e-01, 1.442799e-01, 1.442994e-01, 1.443039e-01, 1.443083e-01
INFO:bingo.evolutionary_optimizers.parallel_archipelago:Evolution time 0:00:16.192938	 age 250	 fitness 1.443e-01
Level 25:bingo.evolutionary_optimizers.evolutionary_optimizer:Generation: 160 	 Elapsed time: 0:09:04.397001 	 Best training fitness: 1.443089e-01 	 
Level 25:bingo.evolutionary_optimizers.evolutionary_optimizer:160, 5.443970e+02, 1402224, 1.443089e-01, 1.442591e-01, 1.442619e-01, 1.442799e-01, 1.442994e-01, 1.443039e-01, 1.443083e-01
INFO:bingo.evolutionary_optimizers.parallel_archipelago:Evolution time 0:00:38.396350	 age 280	 fitness 1.438e-01
Level 25:bingo.evolutionary_optimizers.evolutionary_optimizer:Generation: 170 	 Elapsed time: 0:09:43.185867 	 Best training fitness: 1.438001e-01 	 
Level 25:bingo.evolutionary_optimizers.evolutionary_optimizer:170, 5.831859e+02, 1486014, 1.438001e-01, 1.438001e-01, 1.442591e-01, 1.442619e-01, 1.442799e-01, 1.442994e-01, 1.443039e-01, 1.443083e-01
INFO:bingo.evolutionary_optimizers.parallel_archipelago:Evolution time 0:00:41.233322	 age 310	 fitness 1.438e-01
Level 25:bingo.evolutionary_optimizers.evolutionary_optimizer:Generation: 180 	 Elapsed time: 0:10:24.761662 	 Best training fitness: 1.438001e-01 	 
Level 25:bingo.evolutionary_optimizers.evolutionary_optimizer:180, 6.247617e+02, 1559250, 1.438001e-01, 1.438001e-01, 1.442591e-01, 1.442619e-01, 1.442799e-01, 1.442990e-01, 1.443083e-01
INFO:bingo.evolutionary_optimizers.parallel_archipelago:Evolution time 0:00:32.634945	 age 320	 fitness 1.440e-01
Level 25:bingo.evolutionary_optimizers.evolutionary_optimizer:Generation: 190 	 Elapsed time: 0:10:57.732852 	 Best training fitness: 1.439641e-01 	 
Level 25:bingo.evolutionary_optimizers.evolutionary_optimizer:190, 6.577329e+02, 1628460, 1.439641e-01, 1.438001e-01, 1.441382e-01, 1.442591e-01, 1.442619e-01, 1.442765e-01, 1.442990e-01, 1.443083e-01
INFO:bingo.evolutionary_optimizers.parallel_archipelago:Evolution time 0:00:40.050172	 age 350	 fitness 8.531e-17
Level 25:bingo.evolutionary_optimizers.evolutionary_optimizer:Generation: 200 	 Elapsed time: 0:11:38.116699 	 Best training fitness: 8.531451e-17 	 
Level 25:bingo.evolutionary_optimizers.evolutionary_optimizer:200, 6.981167e+02, 1725869, 8.531451e-17, 8.531451e-17, 1.442619e-01, 1.442765e-01, 1.442839e-01
Level 25:bingo.evolutionary_optimizers.evolutionary_optimizer:Evolution successfully converged.
Level 25:bingo.evolutionary_optimizers.evolutionary_optimizer:  Absolte convergence occurred with best fitness < 1e-10
Level 25:bingo.evolutionary_optimizers.evolutionary_optimizer:Hall of Fame:
8.53145101442861e-17	8	sin(log((X_0)(X_0) + (X_1)(X_1)))
0.14426187407642563	6	sin(log(-0.269738)) + (sin(log(-0.269738)))(log(sin(log(-0.269738))))
0.14427647148732162	5	sin(log(sin(sin(0.308249))))
0.14428391988395184	1	-0.932450
