Level 25:bingo.evolutionary_optimizers.evolutionary_optimizer:#generational_age, elapsed_time, fitness_evaluation_count, current_training_fitness, hall_of_fame_fitnesses
Level 25:bingo.evolutionary_optimizers.evolutionary_optimizer:#generational_age, elapsed_time, fitness_evaluation_count, current_training_fitness, hall_of_fame_fitnesses
Level 25:bingo.evolutionary_optimizers.evolutionary_optimizer:Generation: 0 	 Elapsed time: 0:00:03.929296 	 Best training fitness: 9.656549e-02 	 
Level 25:bingo.evolutionary_optimizers.evolutionary_optimizer:0, 3.929296e+00, 11649, 9.656549e-02
INFO:bingo.evolutionary_optimizers.parallel_archipelago:Evolution time 0:00:41.791604	 age 20	 fitness 9.639e-02
Level 25:bingo.evolutionary_optimizers.evolutionary_optimizer:Generation: 10 	 Elapsed time: 0:00:46.029287 	 Best training fitness: 9.638714e-02 	 
Level 25:bingo.evolutionary_optimizers.evolutionary_optimizer:10, 4.602929e+01, 139063, 9.638714e-02, 9.638714e-02, 9.638765e-02, 9.728335e-02
INFO:bingo.evolutionary_optimizers.parallel_archipelago:Evolution time 0:00:25.146636	 age 40	 fitness 9.624e-02
Level 25:bingo.evolutionary_optimizers.evolutionary_optimizer:Generation: 20 	 Elapsed time: 0:01:11.511629 	 Best training fitness: 9.623835e-02 	 
Level 25:bingo.evolutionary_optimizers.evolutionary_optimizer:20, 7.151163e+01, 213562, 9.623835e-02, 9.623835e-02, 9.728335e-02
INFO:bingo.evolutionary_optimizers.parallel_archipelago:Evolution time 0:00:34.378680	 age 50	 fitness 9.612e-02
Level 25:bingo.evolutionary_optimizers.evolutionary_optimizer:Generation: 30 	 Elapsed time: 0:01:46.284245 	 Best training fitness: 9.611650e-02 	 
Level 25:bingo.evolutionary_optimizers.evolutionary_optimizer:30, 1.062842e+02, 291685, 9.611650e-02, 9.611650e-02, 9.623835e-02, 9.680875e-02
INFO:bingo.evolutionary_optimizers.parallel_archipelago:Evolution time 0:00:21.247137	 age 60	 fitness 9.624e-02
Level 25:bingo.evolutionary_optimizers.evolutionary_optimizer:Generation: 40 	 Elapsed time: 0:02:07.883584 	 Best training fitness: 9.624375e-02 	 
Level 25:bingo.evolutionary_optimizers.evolutionary_optimizer:40, 1.278836e+02, 344136, 9.624375e-02, 9.611650e-02, 9.623835e-02, 9.655992e-02
INFO:bingo.evolutionary_optimizers.parallel_archipelago:Evolution time 0:00:50.623546	 age 80	 fitness 9.608e-02
Level 25:bingo.evolutionary_optimizers.evolutionary_optimizer:Generation: 50 	 Elapsed time: 0:02:58.855769 	 Best training fitness: 9.607837e-02 	 
Level 25:bingo.evolutionary_optimizers.evolutionary_optimizer:50, 1.788558e+02, 445909, 9.607837e-02, 9.607837e-02, 9.622906e-02, 9.643765e-02
INFO:bingo.evolutionary_optimizers.parallel_archipelago:Evolution time 0:00:45.111208	 age 110	 fitness 9.608e-02
Level 25:bingo.evolutionary_optimizers.evolutionary_optimizer:Generation: 60 	 Elapsed time: 0:03:44.321129 	 Best training fitness: 9.607837e-02 	 
Level 25:bingo.evolutionary_optimizers.evolutionary_optimizer:60, 2.243211e+02, 526358, 9.607837e-02, 9.607837e-02, 9.622906e-02, 9.640533e-02
INFO:bingo.evolutionary_optimizers.parallel_archipelago:Evolution time 0:00:34.531357	 age 140	 fitness 9.618e-02
Level 25:bingo.evolutionary_optimizers.evolutionary_optimizer:Generation: 70 	 Elapsed time: 0:04:19.195428 	 Best training fitness: 9.617965e-02 	 
Level 25:bingo.evolutionary_optimizers.evolutionary_optimizer:70, 2.591954e+02, 605223, 9.617965e-02, 9.607837e-02, 9.622906e-02, 9.640533e-02
INFO:bingo.evolutionary_optimizers.parallel_archipelago:Evolution time 0:00:32.645679	 age 160	 fitness 9.618e-02
Level 25:bingo.evolutionary_optimizers.evolutionary_optimizer:Generation: 80 	 Elapsed time: 0:04:52.181131 	 Best training fitness: 9.617965e-02 	 
Level 25:bingo.evolutionary_optimizers.evolutionary_optimizer:80, 2.921811e+02, 700677, 9.617965e-02, 9.607837e-02, 9.622906e-02, 9.635101e-02
INFO:bingo.evolutionary_optimizers.parallel_archipelago:Evolution time 0:00:17.652358	 age 170	 fitness 9.621e-02
Level 25:bingo.evolutionary_optimizers.evolutionary_optimizer:Generation: 90 	 Elapsed time: 0:05:10.211621 	 Best training fitness: 9.621445e-02 	 
Level 25:bingo.evolutionary_optimizers.evolutionary_optimizer:90, 3.102116e+02, 756838, 9.621445e-02, 9.607837e-02, 9.622906e-02, 9.633711e-02
INFO:bingo.evolutionary_optimizers.parallel_archipelago:Evolution time 0:00:25.849365	 age 200	 fitness 9.627e-02
Level 25:bingo.evolutionary_optimizers.evolutionary_optimizer:Generation: 100 	 Elapsed time: 0:05:36.395011 	 Best training fitness: 9.627209e-02 	 
Level 25:bingo.evolutionary_optimizers.evolutionary_optimizer:100, 3.363950e+02, 855840, 9.627209e-02, 9.607837e-02, 9.622906e-02, 9.628205e-02
INFO:bingo.evolutionary_optimizers.parallel_archipelago:Evolution time 0:00:18.793119	 age 230	 fitness 9.628e-02
Level 25:bingo.evolutionary_optimizers.evolutionary_optimizer:Generation: 110 	 Elapsed time: 0:05:55.521590 	 Best training fitness: 9.628205e-02 	 
Level 25:bingo.evolutionary_optimizers.evolutionary_optimizer:110, 3.555216e+02, 934352, 9.628205e-02, 9.607837e-02, 9.622906e-02, 9.628205e-02
INFO:bingo.evolutionary_optimizers.parallel_archipelago:Evolution time 0:00:23.928474	 age 260	 fitness 9.631e-02
Level 25:bingo.evolutionary_optimizers.evolutionary_optimizer:Generation: 120 	 Elapsed time: 0:06:19.790748 	 Best training fitness: 9.630534e-02 	 
Level 25:bingo.evolutionary_optimizers.evolutionary_optimizer:120, 3.797907e+02, 1021334, 9.630534e-02, 9.607837e-02, 9.622906e-02, 9.628205e-02
INFO:bingo.evolutionary_optimizers.parallel_archipelago:Evolution time 0:00:27.529149	 age 280	 fitness 9.628e-02
Level 25:bingo.evolutionary_optimizers.evolutionary_optimizer:Generation: 130 	 Elapsed time: 0:06:47.663487 	 Best training fitness: 9.627820e-02 	 
Level 25:bingo.evolutionary_optimizers.evolutionary_optimizer:130, 4.076635e+02, 1118296, 9.627820e-02, 9.607837e-02, 9.622906e-02, 9.628205e-02
INFO:bingo.evolutionary_optimizers.parallel_archipelago:Evolution time 0:00:30.024805	 age 300	 fitness 9.610e-02
Level 25:bingo.evolutionary_optimizers.evolutionary_optimizer:Generation: 140 	 Elapsed time: 0:07:18.062803 	 Best training fitness: 9.609628e-02 	 
Level 25:bingo.evolutionary_optimizers.evolutionary_optimizer:140, 4.380628e+02, 1207567, 9.609628e-02, 9.607837e-02, 9.622906e-02, 9.628205e-02
INFO:bingo.evolutionary_optimizers.parallel_archipelago:Evolution time 0:00:44.897875	 age 320	 fitness 9.610e-02
Level 25:bingo.evolutionary_optimizers.evolutionary_optimizer:Generation: 150 	 Elapsed time: 0:08:03.316652 	 Best training fitness: 9.609628e-02 	 
Level 25:bingo.evolutionary_optimizers.evolutionary_optimizer:150, 4.833167e+02, 1299930, 9.609628e-02, 9.607837e-02, 9.622906e-02, 9.628205e-02
INFO:bingo.evolutionary_optimizers.parallel_archipelago:Evolution time 0:00:27.848283	 age 340	 fitness 9.614e-02
Level 25:bingo.evolutionary_optimizers.evolutionary_optimizer:Generation: 160 	 Elapsed time: 0:08:31.511280 	 Best training fitness: 9.613514e-02 	 
Level 25:bingo.evolutionary_optimizers.evolutionary_optimizer:160, 5.115113e+02, 1391904, 9.613514e-02, 9.607837e-02, 9.622906e-02, 9.628205e-02
INFO:bingo.evolutionary_optimizers.parallel_archipelago:Evolution time 0:00:28.872769	 age 360	 fitness 9.614e-02
Level 25:bingo.evolutionary_optimizers.evolutionary_optimizer:Generation: 170 	 Elapsed time: 0:09:00.794132 	 Best training fitness: 9.614469e-02 	 
Level 25:bingo.evolutionary_optimizers.evolutionary_optimizer:170, 5.407941e+02, 1487143, 9.614469e-02, 9.607837e-02, 9.622906e-02, 9.628205e-02
INFO:bingo.evolutionary_optimizers.parallel_archipelago:Evolution time 0:00:45.790900	 age 390	 fitness 9.604e-02
Level 25:bingo.evolutionary_optimizers.evolutionary_optimizer:Generation: 180 	 Elapsed time: 0:09:46.940431 	 Best training fitness: 9.604113e-02 	 
Level 25:bingo.evolutionary_optimizers.evolutionary_optimizer:180, 5.869404e+02, 1617144, 9.604113e-02, 9.604113e-02, 9.607837e-02, 9.622906e-02, 9.628205e-02
INFO:bingo.evolutionary_optimizers.parallel_archipelago:Evolution time 0:00:29.038858	 age 410	 fitness 9.431e-02
Level 25:bingo.evolutionary_optimizers.evolutionary_optimizer:Generation: 190 	 Elapsed time: 0:10:16.334707 	 Best training fitness: 9.430578e-02 	 
Level 25:bingo.evolutionary_optimizers.evolutionary_optimizer:190, 6.163347e+02, 1710511, 9.430578e-02, 9.430578e-02, 9.589148e-02, 9.607837e-02, 9.622906e-02, 9.628205e-02
INFO:bingo.evolutionary_optimizers.parallel_archipelago:Evolution time 0:00:35.238373	 age 430	 fitness 9.227e-02
Level 25:bingo.evolutionary_optimizers.evolutionary_optimizer:Generation: 200 	 Elapsed time: 0:10:51.930316 	 Best training fitness: 9.227367e-02 	 
Level 25:bingo.evolutionary_optimizers.evolutionary_optimizer:200, 6.519303e+02, 1801102, 9.227367e-02, 9.227367e-02, 9.564312e-02, 9.607837e-02, 9.622906e-02, 9.628205e-02
INFO:bingo.evolutionary_optimizers.parallel_archipelago:Evolution time 0:00:34.981254	 age 450	 fitness 9.209e-02
Level 25:bingo.evolutionary_optimizers.evolutionary_optimizer:Generation: 210 	 Elapsed time: 0:11:27.270286 	 Best training fitness: 9.209471e-02 	 
Level 25:bingo.evolutionary_optimizers.evolutionary_optimizer:210, 6.872703e+02, 1898295, 9.209471e-02, 9.209471e-02, 9.541856e-02, 9.607837e-02, 9.622906e-02, 9.628205e-02
INFO:bingo.evolutionary_optimizers.parallel_archipelago:Evolution time 0:00:53.013626	 age 480	 fitness 7.451e-03
Level 25:bingo.evolutionary_optimizers.evolutionary_optimizer:Generation: 220 	 Elapsed time: 0:12:20.640400 	 Best training fitness: 7.450905e-03 	 
Level 25:bingo.evolutionary_optimizers.evolutionary_optimizer:220, 7.406404e+02, 2024932, 7.450905e-03, 7.450905e-03, 3.292865e-02, 9.607837e-02, 9.622906e-02, 9.628205e-02
INFO:bingo.evolutionary_optimizers.parallel_archipelago:Evolution time 0:00:28.896129	 age 510	 fitness 5.688e-17
Level 25:bingo.evolutionary_optimizers.evolutionary_optimizer:Generation: 230 	 Elapsed time: 0:12:49.897156 	 Best training fitness: 5.687634e-17 	 
Level 25:bingo.evolutionary_optimizers.evolutionary_optimizer:230, 7.698972e+02, 2128005, 5.687634e-17, 5.687634e-17, 9.622906e-02, 9.628205e-02
Level 25:bingo.evolutionary_optimizers.evolutionary_optimizer:Evolution successfully converged.
Level 25:bingo.evolutionary_optimizers.evolutionary_optimizer:  Absolte convergence occurred with best fitness < 1e-10
Level 25:bingo.evolutionary_optimizers.evolutionary_optimizer:Hall of Fame:
5.687634009619075e-17	7	sin(log((X_0)(X_0) + (X_1)(X_1)))
0.09622905804470684	2	sin(-1.201303)
0.09628205017968156	1	-0.935363
