Level 25:bingo.evolutionary_optimizers.evolutionary_optimizer:#generational_age, elapsed_time, fitness_evaluation_count, current_training_fitness, hall_of_fame_fitnesses
Level 25:bingo.evolutionary_optimizers.evolutionary_optimizer:#generational_age, elapsed_time, fitness_evaluation_count, current_training_fitness, hall_of_fame_fitnesses
Level 25:bingo.evolutionary_optimizers.evolutionary_optimizer:Generation: 0 	 Elapsed time: 0:00:04.054312 	 Best training fitness: 4.857804e-02 	 
Level 25:bingo.evolutionary_optimizers.evolutionary_optimizer:0, 4.054312e+00, 12282, 4.857804e-02
INFO:bingo.evolutionary_optimizers.parallel_archipelago:Evolution time 0:00:39.566629	 age 10	 fitness 4.834e-02
Level 25:bingo.evolutionary_optimizers.evolutionary_optimizer:Generation: 10 	 Elapsed time: 0:00:43.797968 	 Best training fitness: 4.834044e-02 	 
Level 25:bingo.evolutionary_optimizers.evolutionary_optimizer:10, 4.379797e+01, 115884, 4.834044e-02, 4.834044e-02, 4.843364e-02, 4.847276e-02, 4.852269e-02, 4.857804e-02
INFO:bingo.evolutionary_optimizers.parallel_archipelago:Evolution time 0:00:21.875523	 age 30	 fitness 4.836e-02
Level 25:bingo.evolutionary_optimizers.evolutionary_optimizer:Generation: 20 	 Elapsed time: 0:01:05.878597 	 Best training fitness: 4.835599e-02 	 
Level 25:bingo.evolutionary_optimizers.evolutionary_optimizer:20, 6.587860e+01, 189717, 4.835599e-02, 4.834044e-02, 4.835599e-02
INFO:bingo.evolutionary_optimizers.parallel_archipelago:Evolution time 0:00:21.483306	 age 40	 fitness 4.710e-02
Level 25:bingo.evolutionary_optimizers.evolutionary_optimizer:Generation: 30 	 Elapsed time: 0:01:27.723903 	 Best training fitness: 4.710475e-02 	 
Level 25:bingo.evolutionary_optimizers.evolutionary_optimizer:30, 8.772390e+01, 261206, 4.710475e-02, 4.710475e-02, 4.827159e-02, 4.835599e-02
INFO:bingo.evolutionary_optimizers.parallel_archipelago:Evolution time 0:00:13.957697	 age 50	 fitness 4.198e-02
Level 25:bingo.evolutionary_optimizers.evolutionary_optimizer:Generation: 40 	 Elapsed time: 0:01:41.989807 	 Best training fitness: 4.198344e-02 	 
Level 25:bingo.evolutionary_optimizers.evolutionary_optimizer:40, 1.019898e+02, 314048, 4.198344e-02, 4.198344e-02, 4.702021e-02, 4.827159e-02, 4.835599e-02
INFO:bingo.evolutionary_optimizers.parallel_archipelago:Evolution time 0:00:27.669857	 age 70	 fitness 4.200e-02
Level 25:bingo.evolutionary_optimizers.evolutionary_optimizer:Generation: 50 	 Elapsed time: 0:02:09.986001 	 Best training fitness: 4.199640e-02 	 
Level 25:bingo.evolutionary_optimizers.evolutionary_optimizer:50, 1.299860e+02, 391292, 4.199640e-02, 4.198344e-02, 4.701999e-02, 4.825052e-02, 4.827159e-02, 4.835599e-02
INFO:bingo.evolutionary_optimizers.parallel_archipelago:Evolution time 0:00:20.299220	 age 80	 fitness 3.632e-02
Level 25:bingo.evolutionary_optimizers.evolutionary_optimizer:Generation: 60 	 Elapsed time: 0:02:30.611823 	 Best training fitness: 3.632228e-02 	 
Level 25:bingo.evolutionary_optimizers.evolutionary_optimizer:60, 1.506118e+02, 472549, 3.632228e-02, 3.632228e-02, 4.825052e-02, 4.827159e-02, 4.835599e-02
INFO:bingo.evolutionary_optimizers.parallel_archipelago:Evolution time 0:00:21.214493	 age 100	 fitness 3.012e-02
Level 25:bingo.evolutionary_optimizers.evolutionary_optimizer:Generation: 70 	 Elapsed time: 0:02:52.150627 	 Best training fitness: 3.012480e-02 	 
Level 25:bingo.evolutionary_optimizers.evolutionary_optimizer:70, 1.721506e+02, 558388, 3.012480e-02, 3.012480e-02, 3.562464e-02, 4.825052e-02, 4.827159e-02, 4.835599e-02
INFO:bingo.evolutionary_optimizers.parallel_archipelago:Evolution time 0:00:58.795770	 age 120	 fitness 2.981e-02
Level 25:bingo.evolutionary_optimizers.evolutionary_optimizer:Generation: 80 	 Elapsed time: 0:03:51.277579 	 Best training fitness: 2.981229e-02 	 
Level 25:bingo.evolutionary_optimizers.evolutionary_optimizer:80, 2.312776e+02, 674750, 2.981229e-02, 2.981229e-02, 3.550417e-02, 4.825052e-02, 4.827159e-02, 4.835599e-02
INFO:bingo.evolutionary_optimizers.parallel_archipelago:Evolution time 0:00:35.735743	 age 140	 fitness 2.975e-02
Level 25:bingo.evolutionary_optimizers.evolutionary_optimizer:Generation: 90 	 Elapsed time: 0:04:27.386799 	 Best training fitness: 2.975093e-02 	 
Level 25:bingo.evolutionary_optimizers.evolutionary_optimizer:90, 2.673868e+02, 779478, 2.975093e-02, 2.975093e-02, 2.981229e-02, 3.545956e-02, 4.825052e-02, 4.827159e-02, 4.835599e-02
INFO:bingo.evolutionary_optimizers.parallel_archipelago:Evolution time 0:00:31.523991	 age 170	 fitness 2.602e-02
Level 25:bingo.evolutionary_optimizers.evolutionary_optimizer:Generation: 100 	 Elapsed time: 0:04:59.245840 	 Best training fitness: 2.602202e-02 	 
Level 25:bingo.evolutionary_optimizers.evolutionary_optimizer:100, 2.992458e+02, 876513, 2.602202e-02, 2.602202e-02, 3.545956e-02, 4.825052e-02, 4.827159e-02, 4.835599e-02
INFO:bingo.evolutionary_optimizers.parallel_archipelago:Evolution time 0:00:22.648155	 age 190	 fitness 2.599e-02
Level 25:bingo.evolutionary_optimizers.evolutionary_optimizer:Generation: 110 	 Elapsed time: 0:05:22.131398 	 Best training fitness: 2.599304e-02 	 
Level 25:bingo.evolutionary_optimizers.evolutionary_optimizer:110, 3.221314e+02, 967199, 2.599304e-02, 2.599304e-02, 3.545956e-02, 4.825052e-02, 4.827159e-02, 4.835599e-02
INFO:bingo.evolutionary_optimizers.parallel_archipelago:Evolution time 0:00:46.980827	 age 220	 fitness 2.589e-02
Level 25:bingo.evolutionary_optimizers.evolutionary_optimizer:Generation: 120 	 Elapsed time: 0:06:09.427272 	 Best training fitness: 2.589035e-02 	 
Level 25:bingo.evolutionary_optimizers.evolutionary_optimizer:120, 3.694273e+02, 1081218, 2.589035e-02, 2.589035e-02, 3.545956e-02, 4.825052e-02, 4.827159e-02, 4.835599e-02
INFO:bingo.evolutionary_optimizers.parallel_archipelago:Evolution time 0:00:27.499414	 age 250	 fitness 2.582e-02
Level 25:bingo.evolutionary_optimizers.evolutionary_optimizer:Generation: 130 	 Elapsed time: 0:06:37.239986 	 Best training fitness: 2.582436e-02 	 
Level 25:bingo.evolutionary_optimizers.evolutionary_optimizer:130, 3.972400e+02, 1182976, 2.582436e-02, 2.582436e-02, 3.545956e-02, 4.825052e-02, 4.827159e-02, 4.835599e-02
INFO:bingo.evolutionary_optimizers.parallel_archipelago:Evolution time 0:00:28.857643	 age 280	 fitness 2.459e-02
Level 25:bingo.evolutionary_optimizers.evolutionary_optimizer:Generation: 140 	 Elapsed time: 0:07:06.406728 	 Best training fitness: 2.459449e-02 	 
Level 25:bingo.evolutionary_optimizers.evolutionary_optimizer:140, 4.264067e+02, 1267965, 2.459449e-02, 2.459449e-02, 2.546546e-02, 2.581856e-02, 3.545956e-02, 4.825052e-02, 4.827159e-02, 4.835599e-02
INFO:bingo.evolutionary_optimizers.parallel_archipelago:Evolution time 0:00:39.631229	 age 320	 fitness 2.424e-02
Level 25:bingo.evolutionary_optimizers.evolutionary_optimizer:Generation: 150 	 Elapsed time: 0:07:46.265259 	 Best training fitness: 2.423556e-02 	 
Level 25:bingo.evolutionary_optimizers.evolutionary_optimizer:150, 4.662653e+02, 1367355, 2.423556e-02, 2.423556e-02, 2.545119e-02, 2.581856e-02, 3.545956e-02, 4.815415e-02, 4.825052e-02, 4.827159e-02, 4.835599e-02
INFO:bingo.evolutionary_optimizers.parallel_archipelago:Evolution time 0:00:43.694704	 age 350	 fitness 2.339e-02
Level 25:bingo.evolutionary_optimizers.evolutionary_optimizer:Generation: 160 	 Elapsed time: 0:08:30.336555 	 Best training fitness: 2.339372e-02 	 
Level 25:bingo.evolutionary_optimizers.evolutionary_optimizer:160, 5.103366e+02, 1501155, 2.339372e-02, 2.339372e-02, 2.382618e-02, 2.581856e-02, 3.542095e-02, 4.815415e-02, 4.825052e-02, 4.827159e-02, 4.835599e-02
INFO:bingo.evolutionary_optimizers.parallel_archipelago:Evolution time 0:00:41.823889	 age 380	 fitness 2.337e-02
Level 25:bingo.evolutionary_optimizers.evolutionary_optimizer:Generation: 170 	 Elapsed time: 0:09:12.510525 	 Best training fitness: 2.337354e-02 	 
Level 25:bingo.evolutionary_optimizers.evolutionary_optimizer:170, 5.525105e+02, 1640712, 2.337354e-02, 2.337354e-02, 2.361088e-02, 2.581856e-02, 3.542095e-02, 4.815415e-02, 4.825052e-02, 4.827159e-02, 4.835599e-02
INFO:bingo.evolutionary_optimizers.parallel_archipelago:Evolution time 0:00:31.315454	 age 400	 fitness 2.327e-02
Level 25:bingo.evolutionary_optimizers.evolutionary_optimizer:Generation: 180 	 Elapsed time: 0:09:44.165508 	 Best training fitness: 2.326861e-02 	 
Level 25:bingo.evolutionary_optimizers.evolutionary_optimizer:180, 5.841655e+02, 1751233, 2.326861e-02, 2.326861e-02, 2.337354e-02, 2.361088e-02, 2.581856e-02, 3.542095e-02, 4.815415e-02, 4.825052e-02, 4.827159e-02, 4.835599e-02
INFO:bingo.evolutionary_optimizers.parallel_archipelago:Evolution time 0:00:32.320395	 age 430	 fitness 2.311e-02
Level 25:bingo.evolutionary_optimizers.evolutionary_optimizer:Generation: 190 	 Elapsed time: 0:10:16.822648 	 Best training fitness: 2.311289e-02 	 
Level 25:bingo.evolutionary_optimizers.evolutionary_optimizer:190, 6.168226e+02, 1854976, 2.311289e-02, 2.311289e-02, 2.337354e-02, 2.361088e-02, 2.581856e-02, 3.542095e-02, 4.815415e-02, 4.825052e-02, 4.827159e-02, 4.835599e-02
INFO:bingo.evolutionary_optimizers.parallel_archipelago:Evolution time 0:00:33.294972	 age 460	 fitness 2.310e-02
Level 25:bingo.evolutionary_optimizers.evolutionary_optimizer:Generation: 200 	 Elapsed time: 0:10:50.457354 	 Best training fitness: 2.310362e-02 	 
Level 25:bingo.evolutionary_optimizers.evolutionary_optimizer:200, 6.504574e+02, 1972217, 2.310362e-02, 2.310362e-02, 2.336701e-02, 2.361088e-02, 2.581856e-02, 3.542095e-02, 4.815415e-02, 4.825052e-02, 4.827159e-02, 4.835599e-02
INFO:bingo.evolutionary_optimizers.parallel_archipelago:Evolution time 0:01:00.086932	 age 480	 fitness 2.310e-02
Level 25:bingo.evolutionary_optimizers.evolutionary_optimizer:Generation: 210 	 Elapsed time: 0:11:50.875910 	 Best training fitness: 2.310471e-02 	 
Level 25:bingo.evolutionary_optimizers.evolutionary_optimizer:210, 7.108759e+02, 2097994, 2.310471e-02, 2.310362e-02, 2.336701e-02, 2.361088e-02, 2.581856e-02, 3.542095e-02, 4.815415e-02, 4.825052e-02, 4.827159e-02, 4.835599e-02
INFO:bingo.evolutionary_optimizers.parallel_archipelago:Evolution time 0:00:50.621456	 age 500	 fitness 2.309e-02
Level 25:bingo.evolutionary_optimizers.evolutionary_optimizer:Generation: 220 	 Elapsed time: 0:12:41.824758 	 Best training fitness: 2.308536e-02 	 
Level 25:bingo.evolutionary_optimizers.evolutionary_optimizer:220, 7.618248e+02, 2222837, 2.308536e-02, 2.308536e-02, 2.309217e-02, 2.336701e-02, 2.361088e-02, 2.581856e-02, 3.542095e-02, 4.815415e-02, 4.825052e-02, 4.827159e-02, 4.835599e-02
INFO:bingo.evolutionary_optimizers.parallel_archipelago:Evolution time 0:01:10.721139	 age 520	 fitness 2.307e-02
Level 25:bingo.evolutionary_optimizers.evolutionary_optimizer:Generation: 230 	 Elapsed time: 0:13:52.919042 	 Best training fitness: 2.306735e-02 	 
Level 25:bingo.evolutionary_optimizers.evolutionary_optimizer:230, 8.329190e+02, 2368427, 2.306735e-02, 2.306735e-02, 2.309217e-02, 2.336701e-02, 2.361088e-02, 2.581692e-02, 3.542095e-02, 4.815415e-02, 4.825052e-02, 4.827159e-02, 4.835599e-02
INFO:bingo.evolutionary_optimizers.parallel_archipelago:Evolution time 0:00:33.597394	 age 540	 fitness 2.309e-02
Level 25:bingo.evolutionary_optimizers.evolutionary_optimizer:Generation: 240 	 Elapsed time: 0:14:26.852720 	 Best training fitness: 2.308501e-02 	 
Level 25:bingo.evolutionary_optimizers.evolutionary_optimizer:240, 8.668527e+02, 2479498, 2.308501e-02, 2.306735e-02, 2.308647e-02, 2.336701e-02, 2.361088e-02, 2.581692e-02, 3.542095e-02, 4.815415e-02, 4.825052e-02, 4.827159e-02, 4.835599e-02
INFO:bingo.evolutionary_optimizers.parallel_archipelago:Evolution time 0:00:32.006248	 age 560	 fitness 2.307e-02
Level 25:bingo.evolutionary_optimizers.evolutionary_optimizer:Generation: 250 	 Elapsed time: 0:14:59.192022 	 Best training fitness: 2.306991e-02 	 
Level 25:bingo.evolutionary_optimizers.evolutionary_optimizer:250, 8.991920e+02, 2578861, 2.306991e-02, 2.306735e-02, 2.308647e-02, 2.336701e-02, 2.361088e-02, 2.581692e-02, 3.542095e-02, 4.815415e-02, 4.825052e-02, 4.827159e-02, 4.835599e-02
INFO:bingo.evolutionary_optimizers.parallel_archipelago:Evolution time 0:00:30.359861	 age 580	 fitness 2.307e-02
Level 25:bingo.evolutionary_optimizers.evolutionary_optimizer:Generation: 260 	 Elapsed time: 0:15:29.883345 	 Best training fitness: 2.306650e-02 	 
Level 25:bingo.evolutionary_optimizers.evolutionary_optimizer:260, 9.298833e+02, 2677249, 2.306650e-02, 2.306650e-02, 2.308647e-02, 2.336701e-02, 2.360293e-02, 2.581692e-02, 3.542095e-02, 4.815415e-02, 4.825052e-02, 4.827159e-02, 4.835599e-02
INFO:bingo.evolutionary_optimizers.parallel_archipelago:Evolution time 0:00:20.642132	 age 600	 fitness 2.308e-02
Level 25:bingo.evolutionary_optimizers.evolutionary_optimizer:Generation: 270 	 Elapsed time: 0:15:50.852911 	 Best training fitness: 2.308314e-02 	 
Level 25:bingo.evolutionary_optimizers.evolutionary_optimizer:270, 9.508529e+02, 2765025, 2.308314e-02, 2.306650e-02, 2.308647e-02, 2.336701e-02, 2.360293e-02, 2.581692e-02, 3.542095e-02, 4.815415e-02, 4.825052e-02, 4.827159e-02, 4.833053e-02
INFO:bingo.evolutionary_optimizers.parallel_archipelago:Evolution time 0:01:11.253083	 age 640	 fitness 2.308e-02
Level 25:bingo.evolutionary_optimizers.evolutionary_optimizer:Generation: 280 	 Elapsed time: 0:17:02.434628 	 Best training fitness: 2.308119e-02 	 
Level 25:bingo.evolutionary_optimizers.evolutionary_optimizer:280, 1.022435e+03, 2921246, 2.308119e-02, 2.306650e-02, 2.308647e-02, 2.336701e-02, 2.360293e-02, 2.581692e-02, 3.542095e-02, 4.815415e-02, 4.825052e-02, 4.827159e-02, 4.833053e-02
INFO:bingo.evolutionary_optimizers.parallel_archipelago:Evolution time 0:00:33.809090	 age 660	 fitness 2.308e-02
Level 25:bingo.evolutionary_optimizers.evolutionary_optimizer:Generation: 290 	 Elapsed time: 0:17:36.574862 	 Best training fitness: 2.307605e-02 	 
Level 25:bingo.evolutionary_optimizers.evolutionary_optimizer:290, 1.056575e+03, 3026352, 2.307605e-02, 2.306650e-02, 2.308647e-02, 2.336701e-02, 2.360293e-02, 2.581692e-02, 3.542095e-02, 4.815415e-02, 4.825052e-02, 4.827159e-02, 4.833053e-02
INFO:bingo.evolutionary_optimizers.parallel_archipelago:Evolution time 0:00:36.843732	 age 690	 fitness 2.305e-02
Level 25:bingo.evolutionary_optimizers.evolutionary_optimizer:Generation: 300 	 Elapsed time: 0:18:13.794162 	 Best training fitness: 2.305263e-02 	 
Level 25:bingo.evolutionary_optimizers.evolutionary_optimizer:300, 1.093794e+03, 3139208, 2.305263e-02, 2.305263e-02, 2.308647e-02, 2.336701e-02, 2.360293e-02, 2.581692e-02, 3.542095e-02, 4.815415e-02, 4.825052e-02, 4.827159e-02, 4.833053e-02
INFO:bingo.evolutionary_optimizers.parallel_archipelago:Evolution time 0:00:43.218889	 age 710	 fitness 2.305e-02
Level 25:bingo.evolutionary_optimizers.evolutionary_optimizer:Generation: 310 	 Elapsed time: 0:18:57.343771 	 Best training fitness: 2.305263e-02 	 
Level 25:bingo.evolutionary_optimizers.evolutionary_optimizer:310, 1.137344e+03, 3253379, 2.305263e-02, 2.305263e-02, 2.308647e-02, 2.336701e-02, 2.360293e-02, 2.581692e-02, 3.542095e-02, 4.815415e-02, 4.825052e-02, 4.827159e-02, 4.833053e-02
INFO:bingo.evolutionary_optimizers.parallel_archipelago:Evolution time 0:00:37.781102	 age 730	 fitness 2.298e-02
Level 25:bingo.evolutionary_optimizers.evolutionary_optimizer:Generation: 320 	 Elapsed time: 0:19:35.453559 	 Best training fitness: 2.298197e-02 	 
Level 25:bingo.evolutionary_optimizers.evolutionary_optimizer:320, 1.175454e+03, 3362850, 2.298197e-02, 2.298197e-02, 2.308647e-02, 2.336701e-02, 2.360293e-02, 2.581692e-02, 3.542095e-02, 4.815415e-02, 4.825052e-02, 4.827159e-02, 4.833053e-02
INFO:bingo.evolutionary_optimizers.parallel_archipelago:Evolution time 0:00:31.123455	 age 750	 fitness 2.227e-02
Level 25:bingo.evolutionary_optimizers.evolutionary_optimizer:Generation: 330 	 Elapsed time: 0:20:06.912158 	 Best training fitness: 2.226796e-02 	 
Level 25:bingo.evolutionary_optimizers.evolutionary_optimizer:330, 1.206912e+03, 3464879, 2.226796e-02, 2.226796e-02, 2.298197e-02, 2.298720e-02, 2.314378e-02, 2.336701e-02, 2.360293e-02, 2.578818e-02, 3.542095e-02, 4.815415e-02, 4.825052e-02, 4.827159e-02, 4.833053e-02
INFO:bingo.evolutionary_optimizers.parallel_archipelago:Evolution time 0:00:22.908531	 age 770	 fitness 2.026e-02
Level 25:bingo.evolutionary_optimizers.evolutionary_optimizer:Generation: 340 	 Elapsed time: 0:20:30.161071 	 Best training fitness: 2.025613e-02 	 
Level 25:bingo.evolutionary_optimizers.evolutionary_optimizer:340, 1.230161e+03, 3560066, 2.025613e-02, 2.025613e-02, 2.226796e-02, 2.298197e-02, 2.298720e-02, 2.314378e-02, 2.336701e-02, 2.360293e-02, 2.578818e-02, 3.542095e-02, 4.815415e-02, 4.825052e-02, 4.826986e-02, 4.827159e-02, 4.833053e-02
INFO:bingo.evolutionary_optimizers.parallel_archipelago:Evolution time 0:00:34.066189	 age 800	 fitness 2.018e-02
Level 25:bingo.evolutionary_optimizers.evolutionary_optimizer:Generation: 350 	 Elapsed time: 0:21:04.580618 	 Best training fitness: 2.018329e-02 	 
Level 25:bingo.evolutionary_optimizers.evolutionary_optimizer:350, 1.264581e+03, 3667575, 2.018329e-02, 2.018329e-02, 2.226796e-02, 2.298197e-02, 2.298720e-02, 2.307575e-02, 2.336701e-02, 2.360293e-02, 2.578818e-02, 3.542095e-02, 4.815415e-02, 4.825052e-02, 4.826986e-02, 4.827159e-02, 4.833053e-02
INFO:bingo.evolutionary_optimizers.parallel_archipelago:Evolution time 0:00:43.460799	 age 830	 fitness 2.018e-02
Level 25:bingo.evolutionary_optimizers.evolutionary_optimizer:Generation: 360 	 Elapsed time: 0:21:48.401075 	 Best training fitness: 2.018057e-02 	 
Level 25:bingo.evolutionary_optimizers.evolutionary_optimizer:360, 1.308401e+03, 3794265, 2.018057e-02, 2.018057e-02, 2.202131e-02, 2.298197e-02, 2.298720e-02, 2.307575e-02, 2.336701e-02, 2.360293e-02, 2.578818e-02, 3.147317e-02, 3.542095e-02, 4.815415e-02, 4.825052e-02, 4.826986e-02, 4.827159e-02, 4.833053e-02
INFO:bingo.evolutionary_optimizers.parallel_archipelago:Evolution time 0:00:32.637725	 age 850	 fitness 2.017e-02
Level 25:bingo.evolutionary_optimizers.evolutionary_optimizer:Generation: 370 	 Elapsed time: 0:22:21.447349 	 Best training fitness: 2.017072e-02 	 
Level 25:bingo.evolutionary_optimizers.evolutionary_optimizer:370, 1.341447e+03, 3904700, 2.017072e-02, 2.017072e-02, 2.202131e-02, 2.298197e-02, 2.298720e-02, 2.307575e-02, 2.336701e-02, 2.360293e-02, 2.578818e-02, 3.147317e-02, 3.542095e-02, 4.815415e-02, 4.825052e-02, 4.826986e-02, 4.827159e-02, 4.833053e-02
INFO:bingo.evolutionary_optimizers.parallel_archipelago:Evolution time 0:00:40.417317	 age 870	 fitness 1.680e-02
Level 25:bingo.evolutionary_optimizers.evolutionary_optimizer:Generation: 380 	 Elapsed time: 0:23:02.216542 	 Best training fitness: 1.680048e-02 	 
Level 25:bingo.evolutionary_optimizers.evolutionary_optimizer:380, 1.382217e+03, 4038867, 1.680048e-02, 1.680048e-02, 2.202131e-02, 2.298197e-02, 2.298720e-02, 2.307575e-02, 2.336701e-02, 2.360293e-02, 2.578818e-02, 3.147317e-02, 3.542095e-02, 4.815415e-02, 4.825052e-02, 4.826986e-02, 4.827159e-02, 4.833053e-02
INFO:bingo.evolutionary_optimizers.parallel_archipelago:Evolution time 0:00:37.282490	 age 890	 fitness 1.677e-02
Level 25:bingo.evolutionary_optimizers.evolutionary_optimizer:Generation: 390 	 Elapsed time: 0:23:39.850283 	 Best training fitness: 1.677482e-02 	 
Level 25:bingo.evolutionary_optimizers.evolutionary_optimizer:390, 1.419850e+03, 4142379, 1.677482e-02, 1.677482e-02, 2.191462e-02, 2.298197e-02, 2.298720e-02, 2.307575e-02, 2.336701e-02, 2.360293e-02, 2.578818e-02, 3.147317e-02, 3.542095e-02, 4.815415e-02, 4.823356e-02, 4.833053e-02
INFO:bingo.evolutionary_optimizers.parallel_archipelago:Evolution time 0:01:13.936162	 age 920	 fitness 1.676e-02
Level 25:bingo.evolutionary_optimizers.evolutionary_optimizer:Generation: 400 	 Elapsed time: 0:24:54.140996 	 Best training fitness: 1.675916e-02 	 
Level 25:bingo.evolutionary_optimizers.evolutionary_optimizer:400, 1.494141e+03, 4293711, 1.675916e-02, 1.675916e-02, 2.191462e-02, 2.298197e-02, 2.298720e-02, 2.307575e-02, 2.336701e-02, 2.360293e-02, 2.578818e-02, 3.147317e-02, 3.542095e-02, 4.815415e-02, 4.823356e-02, 4.833053e-02
INFO:bingo.evolutionary_optimizers.parallel_archipelago:Evolution time 0:00:25.002979	 age 940	 fitness 1.675e-02
Level 25:bingo.evolutionary_optimizers.evolutionary_optimizer:Generation: 410 	 Elapsed time: 0:25:19.488744 	 Best training fitness: 1.675013e-02 	 
Level 25:bingo.evolutionary_optimizers.evolutionary_optimizer:410, 1.519489e+03, 4392921, 1.675013e-02, 1.675013e-02, 2.019901e-02, 2.298197e-02, 2.298720e-02, 2.307575e-02, 2.336701e-02, 2.360293e-02, 2.578818e-02, 3.147317e-02, 3.542095e-02, 4.815415e-02, 4.823356e-02, 4.833053e-02
INFO:bingo.evolutionary_optimizers.parallel_archipelago:Evolution time 0:00:32.314723	 age 970	 fitness 1.675e-02
Level 25:bingo.evolutionary_optimizers.evolutionary_optimizer:Generation: 420 	 Elapsed time: 0:25:52.162269 	 Best training fitness: 1.675013e-02 	 
Level 25:bingo.evolutionary_optimizers.evolutionary_optimizer:420, 1.552162e+03, 4502615, 1.675013e-02, 1.675013e-02, 2.019901e-02, 2.298197e-02, 2.298720e-02, 2.307575e-02, 2.336701e-02, 2.360293e-02, 2.578818e-02, 3.147317e-02, 3.542095e-02, 4.815415e-02, 4.823356e-02, 4.833053e-02
INFO:bingo.evolutionary_optimizers.parallel_archipelago:Evolution time 0:00:28.150198	 age 990	 fitness 1.640e-02
Level 25:bingo.evolutionary_optimizers.evolutionary_optimizer:Generation: 430 	 Elapsed time: 0:26:20.648296 	 Best training fitness: 1.639701e-02 	 
Level 25:bingo.evolutionary_optimizers.evolutionary_optimizer:430, 1.580648e+03, 4618014, 1.639701e-02, 1.639701e-02, 3.147317e-02, 3.542095e-02, 4.815415e-02, 4.823356e-02, 4.833053e-02
INFO:bingo.evolutionary_optimizers.parallel_archipelago:Evolution time 0:00:51.684610	 age 1030	 fitness 2.844e-17
Level 25:bingo.evolutionary_optimizers.evolutionary_optimizer:Generation: 440 	 Elapsed time: 0:27:12.705955 	 Best training fitness: 2.843817e-17 	 
Level 25:bingo.evolutionary_optimizers.evolutionary_optimizer:440, 1.632706e+03, 4730212, 2.843817e-17, 2.843817e-17, 4.815415e-02, 4.823356e-02, 4.833053e-02
Level 25:bingo.evolutionary_optimizers.evolutionary_optimizer:Evolution successfully converged.
Level 25:bingo.evolutionary_optimizers.evolutionary_optimizer:  Absolte convergence occurred with best fitness < 1e-10
Level 25:bingo.evolutionary_optimizers.evolutionary_optimizer:Hall of Fame:
2.843817004809537e-17	7	sin(log((X_0)(X_0) + (X_1)(X_1)))
0.048154148699137395	6	(sin(log(-0.343804) + log(-0.343804)))(1.104804)
0.04823355903009576	3	sin(-0.968102 + -0.968102)
0.04833052544983916	1	-0.928755
