Level 25:bingo.evolutionary_optimizers.evolutionary_optimizer:#generational_age, elapsed_time, fitness_evaluation_count, current_training_fitness, hall_of_fame_fitnesses
Level 25:bingo.evolutionary_optimizers.evolutionary_optimizer:#generational_age, elapsed_time, fitness_evaluation_count, current_training_fitness, hall_of_fame_fitnesses
Level 25:bingo.evolutionary_optimizers.evolutionary_optimizer:Generation: 0 	 Elapsed time: 0:00:05.007442 	 Best training fitness: 2.164032e-01 	 
Level 25:bingo.evolutionary_optimizers.evolutionary_optimizer:0, 5.007442e+00, 14426, 2.164032e-01
INFO:bingo.evolutionary_optimizers.parallel_archipelago:Evolution time 0:00:49.331204	 age 20	 fitness 2.163e-01
Level 25:bingo.evolutionary_optimizers.evolutionary_optimizer:Generation: 10 	 Elapsed time: 0:00:54.518657 	 Best training fitness: 2.162949e-01 	 
Level 25:bingo.evolutionary_optimizers.evolutionary_optimizer:10, 5.451866e+01, 139721, 2.162949e-01, 2.162949e-01, 2.164544e-01
INFO:bingo.evolutionary_optimizers.parallel_archipelago:Evolution time 0:00:33.843834	 age 30	 fitness 2.163e-01
Level 25:bingo.evolutionary_optimizers.evolutionary_optimizer:Generation: 20 	 Elapsed time: 0:01:28.558022 	 Best training fitness: 2.162885e-01 	 
Level 25:bingo.evolutionary_optimizers.evolutionary_optimizer:20, 8.855802e+01, 207733, 2.162885e-01, 2.162885e-01, 2.164022e-01, 2.164544e-01
INFO:bingo.evolutionary_optimizers.parallel_archipelago:Evolution time 0:00:32.556937	 age 40	 fitness 2.163e-01
Level 25:bingo.evolutionary_optimizers.evolutionary_optimizer:Generation: 30 	 Elapsed time: 0:02:01.340860 	 Best training fitness: 2.162604e-01 	 
Level 25:bingo.evolutionary_optimizers.evolutionary_optimizer:30, 1.213409e+02, 273970, 2.162604e-01, 2.162604e-01, 2.162885e-01, 2.164022e-01, 2.164544e-01
INFO:bingo.evolutionary_optimizers.parallel_archipelago:Evolution time 0:00:28.330501	 age 60	 fitness 1.686e-01
Level 25:bingo.evolutionary_optimizers.evolutionary_optimizer:Generation: 40 	 Elapsed time: 0:02:29.866440 	 Best training fitness: 1.686444e-01 	 
Level 25:bingo.evolutionary_optimizers.evolutionary_optimizer:40, 1.498664e+02, 340747, 1.686444e-01, 1.686444e-01, 2.162800e-01, 2.163638e-01, 2.164022e-01, 2.164544e-01
INFO:bingo.evolutionary_optimizers.parallel_archipelago:Evolution time 0:00:38.932605	 age 70	 fitness 1.686e-01
Level 25:bingo.evolutionary_optimizers.evolutionary_optimizer:Generation: 50 	 Elapsed time: 0:03:08.982675 	 Best training fitness: 1.686421e-01 	 
Level 25:bingo.evolutionary_optimizers.evolutionary_optimizer:50, 1.889827e+02, 410300, 1.686421e-01, 1.686421e-01, 2.143255e-01, 2.162800e-01, 2.163236e-01, 2.164544e-01
INFO:bingo.evolutionary_optimizers.parallel_archipelago:Evolution time 0:00:39.570948	 age 80	 fitness 6.115e-02
Level 25:bingo.evolutionary_optimizers.evolutionary_optimizer:Generation: 60 	 Elapsed time: 0:03:48.737144 	 Best training fitness: 6.115410e-02 	 
Level 25:bingo.evolutionary_optimizers.evolutionary_optimizer:60, 2.287371e+02, 482635, 6.115410e-02, 6.115410e-02, 1.081163e-01, 1.081418e-01, 2.162800e-01, 2.163236e-01, 2.164544e-01
INFO:bingo.evolutionary_optimizers.parallel_archipelago:Evolution time 0:00:42.738271	 age 90	 fitness 1.280e-16
Level 25:bingo.evolutionary_optimizers.evolutionary_optimizer:Generation: 70 	 Elapsed time: 0:04:31.659215 	 Best training fitness: 1.279718e-16 	 
Level 25:bingo.evolutionary_optimizers.evolutionary_optimizer:70, 2.716592e+02, 559491, 1.279718e-16, 1.279718e-16, 2.162800e-01, 2.163236e-01, 2.164544e-01
Level 25:bingo.evolutionary_optimizers.evolutionary_optimizer:Evolution successfully converged.
Level 25:bingo.evolutionary_optimizers.evolutionary_optimizer:  Absolte convergence occurred with best fitness < 1e-10
Level 25:bingo.evolutionary_optimizers.evolutionary_optimizer:Hall of Fame:
1.2797176521642916e-16	7	sin(log((X_0)(X_0) + (X_1)(X_1)))
0.21627995210355935	5	log((0.996311)(sin(-0.405543)))
0.216323584232926	2	sin(-1.206695)
0.21645440047639342	1	-0.937202
