Level 25:bingo.evolutionary_optimizers.evolutionary_optimizer:#generational_age, elapsed_time, fitness_evaluation_count, current_training_fitness, hall_of_fame_fitnesses
Level 25:bingo.evolutionary_optimizers.evolutionary_optimizer:#generational_age, elapsed_time, fitness_evaluation_count, current_training_fitness, hall_of_fame_fitnesses
Level 25:bingo.evolutionary_optimizers.evolutionary_optimizer:Generation: 0 	 Elapsed time: 0:00:04.733453 	 Best training fitness: 7.235373e-02 	 
Level 25:bingo.evolutionary_optimizers.evolutionary_optimizer:0, 4.733453e+00, 13812, 7.235373e-02
INFO:bingo.evolutionary_optimizers.parallel_archipelago:Evolution time 0:00:29.672047	 age 20	 fitness 7.235e-02
Level 25:bingo.evolutionary_optimizers.evolutionary_optimizer:Generation: 10 	 Elapsed time: 0:00:34.711031 	 Best training fitness: 7.235260e-02 	 
Level 25:bingo.evolutionary_optimizers.evolutionary_optimizer:10, 3.471103e+01, 97790, 7.235260e-02, 7.235260e-02, 7.235373e-02, 7.255467e-02, 7.263772e-02
INFO:bingo.evolutionary_optimizers.parallel_archipelago:Evolution time 0:00:26.869207	 age 30	 fitness 7.231e-02
Level 25:bingo.evolutionary_optimizers.evolutionary_optimizer:Generation: 20 	 Elapsed time: 0:01:01.903906 	 Best training fitness: 7.230850e-02 	 
Level 25:bingo.evolutionary_optimizers.evolutionary_optimizer:20, 6.190391e+01, 178306, 7.230850e-02, 7.230850e-02, 7.243983e-02, 7.257646e-02
INFO:bingo.evolutionary_optimizers.parallel_archipelago:Evolution time 0:00:19.258887	 age 40	 fitness 7.237e-02
Level 25:bingo.evolutionary_optimizers.evolutionary_optimizer:Generation: 30 	 Elapsed time: 0:01:21.523091 	 Best training fitness: 7.237270e-02 	 
Level 25:bingo.evolutionary_optimizers.evolutionary_optimizer:30, 8.152309e+01, 239487, 7.237270e-02, 7.230850e-02, 7.243131e-02, 7.254157e-02
INFO:bingo.evolutionary_optimizers.parallel_archipelago:Evolution time 0:00:36.078950	 age 70	 fitness 7.227e-02
Level 25:bingo.evolutionary_optimizers.evolutionary_optimizer:Generation: 40 	 Elapsed time: 0:01:57.915851 	 Best training fitness: 7.227442e-02 	 
Level 25:bingo.evolutionary_optimizers.evolutionary_optimizer:40, 1.179159e+02, 326556, 7.227442e-02, 7.227442e-02, 7.229293e-02, 7.230850e-02, 7.237183e-02, 7.254157e-02
INFO:bingo.evolutionary_optimizers.parallel_archipelago:Evolution time 0:00:57.669323	 age 80	 fitness 7.233e-02
Level 25:bingo.evolutionary_optimizers.evolutionary_optimizer:Generation: 50 	 Elapsed time: 0:02:55.916699 	 Best training fitness: 7.232576e-02 	 
Level 25:bingo.evolutionary_optimizers.evolutionary_optimizer:50, 1.759167e+02, 430328, 7.232576e-02, 7.227442e-02, 7.229293e-02, 7.230850e-02, 7.237183e-02, 7.248109e-02
INFO:bingo.evolutionary_optimizers.parallel_archipelago:Evolution time 0:00:29.583751	 age 90	 fitness 7.231e-02
Level 25:bingo.evolutionary_optimizers.evolutionary_optimizer:Generation: 60 	 Elapsed time: 0:03:25.829645 	 Best training fitness: 7.230905e-02 	 
Level 25:bingo.evolutionary_optimizers.evolutionary_optimizer:60, 2.058296e+02, 511091, 7.230905e-02, 7.227442e-02, 7.229293e-02, 7.230850e-02, 7.237183e-02, 7.243524e-02
INFO:bingo.evolutionary_optimizers.parallel_archipelago:Evolution time 0:00:26.051811	 age 110	 fitness 7.235e-02
Level 25:bingo.evolutionary_optimizers.evolutionary_optimizer:Generation: 70 	 Elapsed time: 0:03:52.209362 	 Best training fitness: 7.235127e-02 	 
Level 25:bingo.evolutionary_optimizers.evolutionary_optimizer:70, 2.322094e+02, 588577, 7.235127e-02, 7.227442e-02, 7.229293e-02, 7.230850e-02, 7.237183e-02, 7.243524e-02
INFO:bingo.evolutionary_optimizers.parallel_archipelago:Evolution time 0:00:39.310630	 age 120	 fitness 7.233e-02
Level 25:bingo.evolutionary_optimizers.evolutionary_optimizer:Generation: 80 	 Elapsed time: 0:04:31.829250 	 Best training fitness: 7.232753e-02 	 
Level 25:bingo.evolutionary_optimizers.evolutionary_optimizer:80, 2.718293e+02, 681477, 7.232753e-02, 7.227442e-02, 7.229293e-02, 7.230850e-02, 7.236328e-02
INFO:bingo.evolutionary_optimizers.parallel_archipelago:Evolution time 0:00:38.494899	 age 140	 fitness 7.225e-02
Level 25:bingo.evolutionary_optimizers.evolutionary_optimizer:Generation: 90 	 Elapsed time: 0:05:10.632888 	 Best training fitness: 7.224538e-02 	 
Level 25:bingo.evolutionary_optimizers.evolutionary_optimizer:90, 3.106329e+02, 774723, 7.224538e-02, 7.224538e-02, 7.226980e-02, 7.236328e-02
INFO:bingo.evolutionary_optimizers.parallel_archipelago:Evolution time 0:00:53.417872	 age 160	 fitness 7.224e-02
Level 25:bingo.evolutionary_optimizers.evolutionary_optimizer:Generation: 100 	 Elapsed time: 0:06:04.397992 	 Best training fitness: 7.224065e-02 	 
Level 25:bingo.evolutionary_optimizers.evolutionary_optimizer:100, 3.643980e+02, 868591, 7.224065e-02, 7.224065e-02, 7.226980e-02, 7.236328e-02
INFO:bingo.evolutionary_optimizers.parallel_archipelago:Evolution time 0:00:25.811491	 age 180	 fitness 7.222e-02
Level 25:bingo.evolutionary_optimizers.evolutionary_optimizer:Generation: 110 	 Elapsed time: 0:06:30.560737 	 Best training fitness: 7.222471e-02 	 
Level 25:bingo.evolutionary_optimizers.evolutionary_optimizer:110, 3.905607e+02, 944047, 7.222471e-02, 7.222471e-02, 7.224065e-02, 7.226980e-02, 7.228404e-02
INFO:bingo.evolutionary_optimizers.parallel_archipelago:Evolution time 0:00:24.231626	 age 200	 fitness 7.230e-02
Level 25:bingo.evolutionary_optimizers.evolutionary_optimizer:Generation: 120 	 Elapsed time: 0:06:55.139940 	 Best training fitness: 7.229627e-02 	 
Level 25:bingo.evolutionary_optimizers.evolutionary_optimizer:120, 4.151399e+02, 1015827, 7.229627e-02, 7.222471e-02, 7.224065e-02, 7.226980e-02, 7.228404e-02
INFO:bingo.evolutionary_optimizers.parallel_archipelago:Evolution time 0:00:25.378459	 age 210	 fitness 7.203e-02
Level 25:bingo.evolutionary_optimizers.evolutionary_optimizer:Generation: 130 	 Elapsed time: 0:07:20.837096 	 Best training fitness: 7.202921e-02 	 
Level 25:bingo.evolutionary_optimizers.evolutionary_optimizer:130, 4.408371e+02, 1085318, 7.202921e-02, 7.202921e-02, 7.222471e-02, 7.224065e-02, 7.226980e-02, 7.228404e-02
INFO:bingo.evolutionary_optimizers.parallel_archipelago:Evolution time 0:00:28.181398	 age 220	 fitness 7.208e-02
Level 25:bingo.evolutionary_optimizers.evolutionary_optimizer:Generation: 140 	 Elapsed time: 0:07:49.327639 	 Best training fitness: 7.207517e-02 	 
Level 25:bingo.evolutionary_optimizers.evolutionary_optimizer:140, 4.693276e+02, 1157663, 7.207517e-02, 7.202921e-02, 7.222471e-02, 7.224065e-02, 7.226980e-02, 7.228404e-02
INFO:bingo.evolutionary_optimizers.parallel_archipelago:Evolution time 0:00:22.087329	 age 230	 fitness 7.211e-02
Level 25:bingo.evolutionary_optimizers.evolutionary_optimizer:Generation: 150 	 Elapsed time: 0:08:11.760319 	 Best training fitness: 7.211275e-02 	 
Level 25:bingo.evolutionary_optimizers.evolutionary_optimizer:150, 4.917603e+02, 1224399, 7.211275e-02, 7.202921e-02, 7.220590e-02, 7.226980e-02, 7.228404e-02
INFO:bingo.evolutionary_optimizers.parallel_archipelago:Evolution time 0:00:25.452755	 age 240	 fitness 7.197e-02
Level 25:bingo.evolutionary_optimizers.evolutionary_optimizer:Generation: 160 	 Elapsed time: 0:08:37.521212 	 Best training fitness: 7.196523e-02 	 
Level 25:bingo.evolutionary_optimizers.evolutionary_optimizer:160, 5.175212e+02, 1294576, 7.196523e-02, 7.196523e-02, 7.220590e-02, 7.226980e-02, 7.228404e-02
INFO:bingo.evolutionary_optimizers.parallel_archipelago:Evolution time 0:00:45.149932	 age 250	 fitness 7.210e-02
Level 25:bingo.evolutionary_optimizers.evolutionary_optimizer:Generation: 170 	 Elapsed time: 0:09:23.020314 	 Best training fitness: 7.210250e-02 	 
Level 25:bingo.evolutionary_optimizers.evolutionary_optimizer:170, 5.630203e+02, 1396118, 7.210250e-02, 7.196523e-02, 7.212055e-02, 7.220590e-02, 7.226980e-02, 7.228404e-02
INFO:bingo.evolutionary_optimizers.parallel_archipelago:Evolution time 0:00:49.875353	 age 260	 fitness 7.198e-02
Level 25:bingo.evolutionary_optimizers.evolutionary_optimizer:Generation: 180 	 Elapsed time: 0:10:13.211714 	 Best training fitness: 7.198244e-02 	 
Level 25:bingo.evolutionary_optimizers.evolutionary_optimizer:180, 6.132117e+02, 1501740, 7.198244e-02, 7.196523e-02, 7.212055e-02, 7.220590e-02, 7.226980e-02, 7.228404e-02
INFO:bingo.evolutionary_optimizers.parallel_archipelago:Evolution time 0:00:41.406569	 age 270	 fitness 7.169e-02
Level 25:bingo.evolutionary_optimizers.evolutionary_optimizer:Generation: 190 	 Elapsed time: 0:10:54.934613 	 Best training fitness: 7.169306e-02 	 
Level 25:bingo.evolutionary_optimizers.evolutionary_optimizer:190, 6.549346e+02, 1594156, 7.169306e-02, 7.169306e-02, 7.196523e-02, 7.212055e-02, 7.220590e-02, 7.226980e-02, 7.228404e-02
INFO:bingo.evolutionary_optimizers.parallel_archipelago:Evolution time 0:00:43.010596	 age 300	 fitness 7.169e-02
Level 25:bingo.evolutionary_optimizers.evolutionary_optimizer:Generation: 200 	 Elapsed time: 0:11:38.263687 	 Best training fitness: 7.169306e-02 	 
Level 25:bingo.evolutionary_optimizers.evolutionary_optimizer:200, 6.982637e+02, 1691279, 7.169306e-02, 7.169306e-02, 7.196523e-02, 7.212055e-02, 7.220590e-02, 7.226980e-02, 7.228404e-02
INFO:bingo.evolutionary_optimizers.parallel_archipelago:Evolution time 0:00:55.576164	 age 320	 fitness 6.200e-02
Level 25:bingo.evolutionary_optimizers.evolutionary_optimizer:Generation: 210 	 Elapsed time: 0:12:34.157117 	 Best training fitness: 6.199513e-02 	 
Level 25:bingo.evolutionary_optimizers.evolutionary_optimizer:210, 7.541571e+02, 1799923, 6.199513e-02, 6.199513e-02, 6.980533e-02, 7.154043e-02, 7.196523e-02, 7.212055e-02, 7.220590e-02, 7.226980e-02, 7.228404e-02
INFO:bingo.evolutionary_optimizers.parallel_archipelago:Evolution time 0:00:36.070394	 age 340	 fitness 5.829e-02
Level 25:bingo.evolutionary_optimizers.evolutionary_optimizer:Generation: 220 	 Elapsed time: 0:13:10.549115 	 Best training fitness: 5.828987e-02 	 
Level 25:bingo.evolutionary_optimizers.evolutionary_optimizer:220, 7.905491e+02, 1889558, 5.828987e-02, 5.828987e-02, 6.148304e-02, 6.372095e-02, 7.154043e-02, 7.196523e-02, 7.212055e-02, 7.220590e-02, 7.226980e-02, 7.228404e-02
INFO:bingo.evolutionary_optimizers.parallel_archipelago:Evolution time 0:00:44.228466	 age 370	 fitness 2.469e-02
Level 25:bingo.evolutionary_optimizers.evolutionary_optimizer:Generation: 230 	 Elapsed time: 0:13:55.144743 	 Best training fitness: 2.469435e-02 	 
Level 25:bingo.evolutionary_optimizers.evolutionary_optimizer:230, 8.351447e+02, 1989759, 2.469435e-02, 2.469435e-02, 7.220590e-02, 7.226980e-02, 7.228404e-02
INFO:bingo.evolutionary_optimizers.parallel_archipelago:Evolution time 0:00:36.045878	 age 390	 fitness 4.266e-17
Level 25:bingo.evolutionary_optimizers.evolutionary_optimizer:Generation: 240 	 Elapsed time: 0:14:31.508366 	 Best training fitness: 4.265726e-17 	 
Level 25:bingo.evolutionary_optimizers.evolutionary_optimizer:240, 8.715084e+02, 2101446, 4.265726e-17, 4.265726e-17, 7.220590e-02, 7.226980e-02, 7.228404e-02
Level 25:bingo.evolutionary_optimizers.evolutionary_optimizer:Evolution successfully converged.
Level 25:bingo.evolutionary_optimizers.evolutionary_optimizer:  Absolte convergence occurred with best fitness < 1e-10
Level 25:bingo.evolutionary_optimizers.evolutionary_optimizer:Hall of Fame:
4.265725507214305e-17	7	sin(log((X_1)(X_1) + (X_0)(X_0)))
0.07220589957497785	5	sin((0.427599)((-4.985366)(-4.985366)))
0.07226979559118216	2	log(-0.391608)
0.0722840416618228	1	-0.926081
