Level 25:bingo.evolutionary_optimizers.evolutionary_optimizer:#generational_age, elapsed_time, fitness_evaluation_count, current_training_fitness, hall_of_fame_fitnesses
Level 25:bingo.evolutionary_optimizers.evolutionary_optimizer:#generational_age, elapsed_time, fitness_evaluation_count, current_training_fitness, hall_of_fame_fitnesses
Level 25:bingo.evolutionary_optimizers.evolutionary_optimizer:Generation: 0 	 Elapsed time: 0:00:04.451137 	 Best training fitness: 1.928421e-01 	 
Level 25:bingo.evolutionary_optimizers.evolutionary_optimizer:0, 4.451137e+00, 13278, 1.928421e-01
INFO:bingo.evolutionary_optimizers.parallel_archipelago:Evolution time 0:00:53.656793	 age 20	 fitness 1.924e-01
Level 25:bingo.evolutionary_optimizers.evolutionary_optimizer:Generation: 10 	 Elapsed time: 0:00:58.427495 	 Best training fitness: 1.923656e-01 	 
Level 25:bingo.evolutionary_optimizers.evolutionary_optimizer:10, 5.842750e+01, 146640, 1.923656e-01, 1.923656e-01, 1.923972e-01
INFO:bingo.evolutionary_optimizers.parallel_archipelago:Evolution time 0:00:54.347882	 age 60	 fitness 1.923e-01
Level 25:bingo.evolutionary_optimizers.evolutionary_optimizer:Generation: 20 	 Elapsed time: 0:01:53.106048 	 Best training fitness: 1.923121e-01 	 
Level 25:bingo.evolutionary_optimizers.evolutionary_optimizer:20, 1.131060e+02, 252310, 1.923121e-01, 1.923121e-01
INFO:bingo.evolutionary_optimizers.parallel_archipelago:Evolution time 0:00:43.355099	 age 70	 fitness 1.923e-01
Level 25:bingo.evolutionary_optimizers.evolutionary_optimizer:Generation: 30 	 Elapsed time: 0:02:36.844899 	 Best training fitness: 1.922728e-01 	 
Level 25:bingo.evolutionary_optimizers.evolutionary_optimizer:30, 1.568449e+02, 338934, 1.922728e-01, 1.922728e-01, 1.923121e-01
INFO:bingo.evolutionary_optimizers.parallel_archipelago:Evolution time 0:00:20.096372	 age 80	 fitness 1.923e-01
Level 25:bingo.evolutionary_optimizers.evolutionary_optimizer:Generation: 40 	 Elapsed time: 0:02:57.274001 	 Best training fitness: 1.922768e-01 	 
Level 25:bingo.evolutionary_optimizers.evolutionary_optimizer:40, 1.772740e+02, 401117, 1.922768e-01, 1.922728e-01, 1.922825e-01, 1.923121e-01
INFO:bingo.evolutionary_optimizers.parallel_archipelago:Evolution time 0:00:30.462285	 age 100	 fitness 1.923e-01
Level 25:bingo.evolutionary_optimizers.evolutionary_optimizer:Generation: 50 	 Elapsed time: 0:03:28.066389 	 Best training fitness: 1.923037e-01 	 
Level 25:bingo.evolutionary_optimizers.evolutionary_optimizer:50, 2.080664e+02, 485034, 1.923037e-01, 1.922728e-01, 1.922825e-01, 1.923121e-01
INFO:bingo.evolutionary_optimizers.parallel_archipelago:Evolution time 0:00:31.530665	 age 120	 fitness 1.923e-01
Level 25:bingo.evolutionary_optimizers.evolutionary_optimizer:Generation: 60 	 Elapsed time: 0:03:59.927084 	 Best training fitness: 1.922737e-01 	 
Level 25:bingo.evolutionary_optimizers.evolutionary_optimizer:60, 2.399271e+02, 572628, 1.922737e-01, 1.922728e-01, 1.922737e-01, 1.922825e-01, 1.923121e-01
INFO:bingo.evolutionary_optimizers.parallel_archipelago:Evolution time 0:00:41.198303	 age 130	 fitness 1.923e-01
Level 25:bingo.evolutionary_optimizers.evolutionary_optimizer:Generation: 70 	 Elapsed time: 0:04:41.459925 	 Best training fitness: 1.922839e-01 	 
Level 25:bingo.evolutionary_optimizers.evolutionary_optimizer:70, 2.814599e+02, 663742, 1.922839e-01, 1.922728e-01, 1.922737e-01, 1.922825e-01, 1.922933e-01
INFO:bingo.evolutionary_optimizers.parallel_archipelago:Evolution time 0:00:40.857414	 age 140	 fitness 1.923e-01
Level 25:bingo.evolutionary_optimizers.evolutionary_optimizer:Generation: 80 	 Elapsed time: 0:05:22.655352 	 Best training fitness: 1.923031e-01 	 
Level 25:bingo.evolutionary_optimizers.evolutionary_optimizer:80, 3.226554e+02, 755908, 1.923031e-01, 1.922728e-01, 1.922737e-01, 1.922825e-01, 1.922933e-01
INFO:bingo.evolutionary_optimizers.parallel_archipelago:Evolution time 0:00:37.310066	 age 170	 fitness 1.923e-01
Level 25:bingo.evolutionary_optimizers.evolutionary_optimizer:Generation: 90 	 Elapsed time: 0:06:00.333402 	 Best training fitness: 1.922902e-01 	 
Level 25:bingo.evolutionary_optimizers.evolutionary_optimizer:90, 3.603334e+02, 850081, 1.922902e-01, 1.922728e-01, 1.922737e-01, 1.922825e-01, 1.922933e-01
INFO:bingo.evolutionary_optimizers.parallel_archipelago:Evolution time 0:00:30.691226	 age 190	 fitness 1.887e-01
Level 25:bingo.evolutionary_optimizers.evolutionary_optimizer:Generation: 100 	 Elapsed time: 0:06:31.385934 	 Best training fitness: 1.886977e-01 	 
Level 25:bingo.evolutionary_optimizers.evolutionary_optimizer:100, 3.913859e+02, 944019, 1.886977e-01, 1.886977e-01, 1.922737e-01, 1.922739e-01, 1.922825e-01, 1.922933e-01
INFO:bingo.evolutionary_optimizers.parallel_archipelago:Evolution time 0:00:59.327738	 age 210	 fitness 1.814e-01
Level 25:bingo.evolutionary_optimizers.evolutionary_optimizer:Generation: 110 	 Elapsed time: 0:07:31.042635 	 Best training fitness: 1.813952e-01 	 
Level 25:bingo.evolutionary_optimizers.evolutionary_optimizer:110, 4.510426e+02, 1055502, 1.813952e-01, 1.813952e-01, 1.886977e-01, 1.887352e-01, 1.913746e-01, 1.922737e-01, 1.922739e-01, 1.922825e-01, 1.922933e-01
INFO:bingo.evolutionary_optimizers.parallel_archipelago:Evolution time 0:00:44.564040	 age 240	 fitness 1.643e-01
Level 25:bingo.evolutionary_optimizers.evolutionary_optimizer:Generation: 120 	 Elapsed time: 0:08:15.954024 	 Best training fitness: 1.642963e-01 	 
Level 25:bingo.evolutionary_optimizers.evolutionary_optimizer:120, 4.959540e+02, 1137765, 1.642963e-01, 1.642963e-01, 1.886918e-01, 1.918131e-01, 1.922737e-01, 1.922739e-01, 1.922825e-01, 1.922933e-01
INFO:bingo.evolutionary_optimizers.parallel_archipelago:Evolution time 0:00:26.083675	 age 260	 fitness 1.642e-01
Level 25:bingo.evolutionary_optimizers.evolutionary_optimizer:Generation: 130 	 Elapsed time: 0:08:42.385777 	 Best training fitness: 1.642302e-01 	 
Level 25:bingo.evolutionary_optimizers.evolutionary_optimizer:130, 5.223858e+02, 1206266, 1.642302e-01, 1.642302e-01, 1.769098e-01, 1.886918e-01, 1.918131e-01, 1.922737e-01, 1.922739e-01, 1.922825e-01, 1.922933e-01
INFO:bingo.evolutionary_optimizers.parallel_archipelago:Evolution time 0:00:50.051631	 age 270	 fitness 1.642e-01
Level 25:bingo.evolutionary_optimizers.evolutionary_optimizer:Generation: 140 	 Elapsed time: 0:09:32.786372 	 Best training fitness: 1.641800e-01 	 
Level 25:bingo.evolutionary_optimizers.evolutionary_optimizer:140, 5.727864e+02, 1291080, 1.641800e-01, 1.641800e-01, 1.645141e-01, 1.661686e-01, 1.886918e-01, 1.916934e-01, 1.922737e-01, 1.922739e-01, 1.922825e-01, 1.922933e-01
INFO:bingo.evolutionary_optimizers.parallel_archipelago:Evolution time 0:00:45.195873	 age 290	 fitness 1.429e-01
Level 25:bingo.evolutionary_optimizers.evolutionary_optimizer:Generation: 150 	 Elapsed time: 0:10:18.333906 	 Best training fitness: 1.429005e-01 	 
Level 25:bingo.evolutionary_optimizers.evolutionary_optimizer:150, 6.183339e+02, 1381517, 1.429005e-01, 1.429005e-01, 1.641426e-01, 1.642531e-01, 1.661686e-01, 1.886918e-01, 1.916876e-01, 1.922737e-01, 1.922739e-01, 1.922825e-01, 1.922922e-01
INFO:bingo.evolutionary_optimizers.parallel_archipelago:Evolution time 0:00:54.662812	 age 320	 fitness 1.383e-01
Level 25:bingo.evolutionary_optimizers.evolutionary_optimizer:Generation: 160 	 Elapsed time: 0:11:13.393460 	 Best training fitness: 1.383163e-01 	 
Level 25:bingo.evolutionary_optimizers.evolutionary_optimizer:160, 6.733935e+02, 1484945, 1.383163e-01, 1.383163e-01, 1.406537e-01, 1.550256e-01, 1.631984e-01, 1.886918e-01, 1.913591e-01, 1.922737e-01, 1.922739e-01, 1.922788e-01
INFO:bingo.evolutionary_optimizers.parallel_archipelago:Evolution time 0:00:37.729016	 age 340	 fitness 1.382e-01
Level 25:bingo.evolutionary_optimizers.evolutionary_optimizer:Generation: 170 	 Elapsed time: 0:11:51.467579 	 Best training fitness: 1.382404e-01 	 
Level 25:bingo.evolutionary_optimizers.evolutionary_optimizer:170, 7.114676e+02, 1563959, 1.382404e-01, 1.382404e-01, 1.406227e-01, 1.550256e-01, 1.617276e-01, 1.886918e-01, 1.913591e-01, 1.922737e-01, 1.922739e-01, 1.922788e-01
INFO:bingo.evolutionary_optimizers.parallel_archipelago:Evolution time 0:00:32.366609	 age 360	 fitness 1.382e-01
Level 25:bingo.evolutionary_optimizers.evolutionary_optimizer:Generation: 180 	 Elapsed time: 0:12:24.182546 	 Best training fitness: 1.382404e-01 	 
Level 25:bingo.evolutionary_optimizers.evolutionary_optimizer:180, 7.441825e+02, 1645233, 1.382404e-01, 1.382404e-01, 1.406227e-01, 1.413516e-01, 1.617276e-01, 1.886918e-01, 1.913591e-01, 1.922665e-01, 1.922788e-01
INFO:bingo.evolutionary_optimizers.parallel_archipelago:Evolution time 0:00:56.908144	 age 400	 fitness 1.302e-01
Level 25:bingo.evolutionary_optimizers.evolutionary_optimizer:Generation: 190 	 Elapsed time: 0:13:21.441301 	 Best training fitness: 1.301902e-01 	 
Level 25:bingo.evolutionary_optimizers.evolutionary_optimizer:190, 8.014413e+02, 1750939, 1.301902e-01, 1.301902e-01, 1.382002e-01, 1.406227e-01, 1.413516e-01, 1.617276e-01, 1.763990e-01, 1.821451e-01, 1.910333e-01, 1.922303e-01, 1.922788e-01
INFO:bingo.evolutionary_optimizers.parallel_archipelago:Evolution time 0:00:41.242529	 age 420	 fitness 1.301e-01
Level 25:bingo.evolutionary_optimizers.evolutionary_optimizer:Generation: 200 	 Elapsed time: 0:14:03.027527 	 Best training fitness: 1.301187e-01 	 
Level 25:bingo.evolutionary_optimizers.evolutionary_optimizer:200, 8.430275e+02, 1845343, 1.301187e-01, 1.301187e-01, 1.382002e-01, 1.406227e-01, 1.413516e-01, 1.617276e-01, 1.762088e-01, 1.821451e-01, 1.908046e-01, 1.922303e-01, 1.922788e-01
INFO:bingo.evolutionary_optimizers.parallel_archipelago:Evolution time 0:00:35.643151	 age 440	 fitness 8.315e-02
Level 25:bingo.evolutionary_optimizers.evolutionary_optimizer:Generation: 210 	 Elapsed time: 0:14:39.007499 	 Best training fitness: 8.315267e-02 	 
Level 25:bingo.evolutionary_optimizers.evolutionary_optimizer:210, 8.790075e+02, 1942112, 8.315267e-02, 8.315267e-02, 1.617276e-01, 1.761717e-01, 1.821451e-01, 1.902741e-01, 1.922303e-01, 1.922788e-01
INFO:bingo.evolutionary_optimizers.parallel_archipelago:Evolution time 0:00:18.734888	 age 450	 fitness 7.770e-02
Level 25:bingo.evolutionary_optimizers.evolutionary_optimizer:Generation: 220 	 Elapsed time: 0:14:58.122215 	 Best training fitness: 7.770363e-02 	 
Level 25:bingo.evolutionary_optimizers.evolutionary_optimizer:220, 8.981222e+02, 2002539, 7.770363e-02, 7.770363e-02, 8.315267e-02, 1.400120e-01, 1.617276e-01, 1.761717e-01, 1.821098e-01, 1.902645e-01, 1.922303e-01, 1.922788e-01
INFO:bingo.evolutionary_optimizers.parallel_archipelago:Evolution time 0:00:30.688976	 age 470	 fitness 7.772e-02
Level 25:bingo.evolutionary_optimizers.evolutionary_optimizer:Generation: 230 	 Elapsed time: 0:15:29.203778 	 Best training fitness: 7.772454e-02 	 
Level 25:bingo.evolutionary_optimizers.evolutionary_optimizer:230, 9.292038e+02, 2090086, 7.772454e-02, 7.770363e-02, 8.311876e-02, 1.398943e-01, 1.617276e-01, 1.761679e-01, 1.821098e-01, 1.902645e-01, 1.922303e-01, 1.922788e-01
INFO:bingo.evolutionary_optimizers.parallel_archipelago:Evolution time 0:00:44.028992	 age 480	 fitness 1.138e-16
Level 25:bingo.evolutionary_optimizers.evolutionary_optimizer:Generation: 240 	 Elapsed time: 0:16:13.579379 	 Best training fitness: 1.137527e-16 	 
Level 25:bingo.evolutionary_optimizers.evolutionary_optimizer:240, 9.735794e+02, 2171418, 1.137527e-16, 1.137527e-16, 1.922788e-01
Level 25:bingo.evolutionary_optimizers.evolutionary_optimizer:Evolution successfully converged.
Level 25:bingo.evolutionary_optimizers.evolutionary_optimizer:  Absolte convergence occurred with best fitness < 1e-10
Level 25:bingo.evolutionary_optimizers.evolutionary_optimizer:Hall of Fame:
1.137526801923815e-16	7	sin(log((X_0)(X_0) + (X_1)(X_1)))
0.1922787611259664	1	-0.933523
