Level 25:bingo.evolutionary_optimizers.evolutionary_optimizer:#generational_age, elapsed_time, fitness_evaluation_count, current_training_fitness, hall_of_fame_fitnesses
Level 25:bingo.evolutionary_optimizers.evolutionary_optimizer:#generational_age, elapsed_time, fitness_evaluation_count, current_training_fitness, hall_of_fame_fitnesses
Level 25:bingo.evolutionary_optimizers.evolutionary_optimizer:Generation: 0 	 Elapsed time: 0:00:02.973026 	 Best training fitness: 2.461125e-02 	 
Level 25:bingo.evolutionary_optimizers.evolutionary_optimizer:0, 2.973026e+00, 13331, 2.461125e-02
INFO:bingo.evolutionary_optimizers.parallel_archipelago:Evolution time 0:00:23.511081	 age 30	 fitness 2.430e-02
Level 25:bingo.evolutionary_optimizers.evolutionary_optimizer:Generation: 10 	 Elapsed time: 0:00:26.681876 	 Best training fitness: 2.430056e-02 	 
Level 25:bingo.evolutionary_optimizers.evolutionary_optimizer:10, 2.668188e+01, 115321, 2.430056e-02, 2.430056e-02, 2.445657e-02, 2.452024e-02, 2.459017e-02, 2.461764e-02, 2.465750e-02
INFO:bingo.evolutionary_optimizers.parallel_archipelago:Evolution time 0:00:34.889487	 age 50	 fitness 2.419e-02
Level 25:bingo.evolutionary_optimizers.evolutionary_optimizer:Generation: 20 	 Elapsed time: 0:01:01.902304 	 Best training fitness: 2.419313e-02 	 
Level 25:bingo.evolutionary_optimizers.evolutionary_optimizer:20, 6.190230e+01, 211818, 2.419313e-02, 2.419313e-02, 2.438638e-02, 2.461764e-02, 2.465750e-02
INFO:bingo.evolutionary_optimizers.parallel_archipelago:Evolution time 0:00:25.816360	 age 90	 fitness 2.428e-02
Level 25:bingo.evolutionary_optimizers.evolutionary_optimizer:Generation: 30 	 Elapsed time: 0:01:28.097387 	 Best training fitness: 2.428064e-02 	 
Level 25:bingo.evolutionary_optimizers.evolutionary_optimizer:30, 8.809739e+01, 305016, 2.428064e-02, 2.419313e-02, 2.428597e-02, 2.438638e-02, 2.461764e-02, 2.465750e-02
INFO:bingo.evolutionary_optimizers.parallel_archipelago:Evolution time 0:00:30.221934	 age 110	 fitness 2.431e-02
Level 25:bingo.evolutionary_optimizers.evolutionary_optimizer:Generation: 40 	 Elapsed time: 0:01:58.641846 	 Best training fitness: 2.431148e-02 	 
Level 25:bingo.evolutionary_optimizers.evolutionary_optimizer:40, 1.186418e+02, 404453, 2.431148e-02, 2.419313e-02, 2.428597e-02, 2.438638e-02, 2.461764e-02, 2.465750e-02
INFO:bingo.evolutionary_optimizers.parallel_archipelago:Evolution time 0:00:25.164333	 age 130	 fitness 2.418e-02
Level 25:bingo.evolutionary_optimizers.evolutionary_optimizer:Generation: 50 	 Elapsed time: 0:02:24.125901 	 Best training fitness: 2.417932e-02 	 
Level 25:bingo.evolutionary_optimizers.evolutionary_optimizer:50, 1.441259e+02, 485295, 2.417932e-02, 2.417932e-02, 2.461764e-02, 2.465750e-02
INFO:bingo.evolutionary_optimizers.parallel_archipelago:Evolution time 0:00:25.973280	 age 150	 fitness 1.855e-02
Level 25:bingo.evolutionary_optimizers.evolutionary_optimizer:Generation: 60 	 Elapsed time: 0:02:50.395915 	 Best training fitness: 1.855387e-02 	 
Level 25:bingo.evolutionary_optimizers.evolutionary_optimizer:60, 1.703959e+02, 567753, 1.855387e-02, 1.855387e-02, 2.417932e-02, 2.461764e-02, 2.465750e-02
INFO:bingo.evolutionary_optimizers.parallel_archipelago:Evolution time 0:00:20.946656	 age 180	 fitness 1.422e-17
Level 25:bingo.evolutionary_optimizers.evolutionary_optimizer:Generation: 70 	 Elapsed time: 0:03:11.636971 	 Best training fitness: 1.421909e-17 	 
Level 25:bingo.evolutionary_optimizers.evolutionary_optimizer:70, 1.916370e+02, 653978, 1.421909e-17, 1.421909e-17, 2.417932e-02, 2.461764e-02, 2.465750e-02
Level 25:bingo.evolutionary_optimizers.evolutionary_optimizer:Evolution successfully converged.
Level 25:bingo.evolutionary_optimizers.evolutionary_optimizer:  Absolte convergence occurred with best fitness < 1e-10
Level 25:bingo.evolutionary_optimizers.evolutionary_optimizer:Hall of Fame:
1.4219085024047693e-17	8	sin(log((X_1)(X_1) + (X_0)(X_0)))
0.02417931555107622	3	sin(log(0.145234))
0.02461764234020805	2	sin(4.991416)
0.024657503257019164	1	-0.980879
