Level 25:bingo.evolutionary_optimizers.evolutionary_optimizer:#generational_age, elapsed_time, fitness_evaluation_count, current_training_fitness, hall_of_fame_fitnesses
Level 25:bingo.evolutionary_optimizers.evolutionary_optimizer:#generational_age, elapsed_time, fitness_evaluation_count, current_training_fitness, hall_of_fame_fitnesses
Level 25:bingo.evolutionary_optimizers.evolutionary_optimizer:Generation: 0 	 Elapsed time: 0:00:04.271682 	 Best training fitness: 7.271602e-02 	 
Level 25:bingo.evolutionary_optimizers.evolutionary_optimizer:0, 4.271682e+00, 13137, 7.271602e-02
INFO:bingo.evolutionary_optimizers.parallel_archipelago:Evolution time 0:00:43.893522	 age 20	 fitness 7.240e-02
Level 25:bingo.evolutionary_optimizers.evolutionary_optimizer:Generation: 10 	 Elapsed time: 0:00:48.360174 	 Best training fitness: 7.240270e-02 	 
Level 25:bingo.evolutionary_optimizers.evolutionary_optimizer:10, 4.836017e+01, 126304, 7.240270e-02, 7.240270e-02
INFO:bingo.evolutionary_optimizers.parallel_archipelago:Evolution time 0:00:15.575547	 age 30	 fitness 7.232e-02
Level 25:bingo.evolutionary_optimizers.evolutionary_optimizer:Generation: 20 	 Elapsed time: 0:01:04.140104 	 Best training fitness: 7.232409e-02 	 
Level 25:bingo.evolutionary_optimizers.evolutionary_optimizer:20, 6.414010e+01, 171642, 7.232409e-02, 7.232409e-02, 7.239421e-02
INFO:bingo.evolutionary_optimizers.parallel_archipelago:Evolution time 0:00:15.830401	 age 40	 fitness 7.234e-02
Level 25:bingo.evolutionary_optimizers.evolutionary_optimizer:Generation: 30 	 Elapsed time: 0:01:20.213663 	 Best training fitness: 7.234159e-02 	 
Level 25:bingo.evolutionary_optimizers.evolutionary_optimizer:30, 8.021366e+01, 217355, 7.234159e-02, 7.232409e-02, 7.234159e-02
INFO:bingo.evolutionary_optimizers.parallel_archipelago:Evolution time 0:00:35.097590	 age 50	 fitness 7.232e-02
Level 25:bingo.evolutionary_optimizers.evolutionary_optimizer:Generation: 40 	 Elapsed time: 0:01:55.512272 	 Best training fitness: 7.231553e-02 	 
Level 25:bingo.evolutionary_optimizers.evolutionary_optimizer:40, 1.155123e+02, 274805, 7.231553e-02, 7.231553e-02, 7.232409e-02, 7.232439e-02, 7.233696e-02, 7.234159e-02
INFO:bingo.evolutionary_optimizers.parallel_archipelago:Evolution time 0:00:35.755193	 age 60	 fitness 7.229e-02
Level 25:bingo.evolutionary_optimizers.evolutionary_optimizer:Generation: 50 	 Elapsed time: 0:02:31.474727 	 Best training fitness: 7.229339e-02 	 
Level 25:bingo.evolutionary_optimizers.evolutionary_optimizer:50, 1.514747e+02, 330085, 7.229339e-02, 7.229339e-02, 7.231115e-02, 7.233882e-02
INFO:bingo.evolutionary_optimizers.parallel_archipelago:Evolution time 0:00:14.474325	 age 70	 fitness 7.225e-02
Level 25:bingo.evolutionary_optimizers.evolutionary_optimizer:Generation: 60 	 Elapsed time: 0:02:46.152762 	 Best training fitness: 7.225470e-02 	 
Level 25:bingo.evolutionary_optimizers.evolutionary_optimizer:60, 1.661528e+02, 368795, 7.225470e-02, 7.225470e-02, 7.229685e-02
INFO:bingo.evolutionary_optimizers.parallel_archipelago:Evolution time 0:00:29.238426	 age 90	 fitness 7.230e-02
Level 25:bingo.evolutionary_optimizers.evolutionary_optimizer:Generation: 70 	 Elapsed time: 0:03:15.593884 	 Best training fitness: 7.229685e-02 	 
Level 25:bingo.evolutionary_optimizers.evolutionary_optimizer:70, 1.955939e+02, 423848, 7.229685e-02, 7.225470e-02, 7.229685e-02
INFO:bingo.evolutionary_optimizers.parallel_archipelago:Evolution time 0:00:43.516452	 age 100	 fitness 7.224e-02
Level 25:bingo.evolutionary_optimizers.evolutionary_optimizer:Generation: 80 	 Elapsed time: 0:03:59.313912 	 Best training fitness: 7.223761e-02 	 
Level 25:bingo.evolutionary_optimizers.evolutionary_optimizer:80, 2.393139e+02, 490782, 7.223761e-02, 7.223761e-02, 7.229685e-02
INFO:bingo.evolutionary_optimizers.parallel_archipelago:Evolution time 0:00:18.155842	 age 110	 fitness 7.226e-02
Level 25:bingo.evolutionary_optimizers.evolutionary_optimizer:Generation: 90 	 Elapsed time: 0:04:17.672577 	 Best training fitness: 7.226037e-02 	 
Level 25:bingo.evolutionary_optimizers.evolutionary_optimizer:90, 2.576726e+02, 539929, 7.226037e-02, 7.223761e-02, 7.229685e-02
INFO:bingo.evolutionary_optimizers.parallel_archipelago:Evolution time 0:00:29.104949	 age 120	 fitness 6.765e-02
Level 25:bingo.evolutionary_optimizers.evolutionary_optimizer:Generation: 100 	 Elapsed time: 0:04:47.066765 	 Best training fitness: 6.764813e-02 	 
Level 25:bingo.evolutionary_optimizers.evolutionary_optimizer:100, 2.870668e+02, 601777, 6.764813e-02, 6.764813e-02, 7.223761e-02, 7.229685e-02
INFO:bingo.evolutionary_optimizers.parallel_archipelago:Evolution time 0:00:45.740518	 age 130	 fitness 6.124e-02
Level 25:bingo.evolutionary_optimizers.evolutionary_optimizer:Generation: 110 	 Elapsed time: 0:05:33.013268 	 Best training fitness: 6.124406e-02 	 
Level 25:bingo.evolutionary_optimizers.evolutionary_optimizer:110, 3.330133e+02, 669227, 6.124406e-02, 6.124406e-02, 6.508577e-02, 6.754951e-02, 7.206100e-02, 7.220368e-02, 7.223761e-02, 7.227941e-02
INFO:bingo.evolutionary_optimizers.parallel_archipelago:Evolution time 0:00:31.798370	 age 150	 fitness 6.118e-02
Level 25:bingo.evolutionary_optimizers.evolutionary_optimizer:Generation: 120 	 Elapsed time: 0:06:05.024843 	 Best training fitness: 6.117666e-02 	 
Level 25:bingo.evolutionary_optimizers.evolutionary_optimizer:120, 3.650248e+02, 735828, 6.117666e-02, 6.117666e-02, 6.413400e-02, 6.737454e-02, 7.183502e-02, 7.220368e-02, 7.223761e-02, 7.227941e-02
INFO:bingo.evolutionary_optimizers.parallel_archipelago:Evolution time 0:00:31.785210	 age 160	 fitness 5.157e-02
Level 25:bingo.evolutionary_optimizers.evolutionary_optimizer:Generation: 130 	 Elapsed time: 0:06:37.022093 	 Best training fitness: 5.157314e-02 	 
Level 25:bingo.evolutionary_optimizers.evolutionary_optimizer:130, 3.970221e+02, 796271, 5.157314e-02, 5.157314e-02, 6.413400e-02, 6.737454e-02, 7.068130e-02, 7.220368e-02, 7.223761e-02, 7.227941e-02
INFO:bingo.evolutionary_optimizers.parallel_archipelago:Evolution time 0:00:18.059745	 age 170	 fitness 5.145e-02
Level 25:bingo.evolutionary_optimizers.evolutionary_optimizer:Generation: 140 	 Elapsed time: 0:06:55.329257 	 Best training fitness: 5.144653e-02 	 
Level 25:bingo.evolutionary_optimizers.evolutionary_optimizer:140, 4.153293e+02, 850394, 5.144653e-02, 5.144653e-02, 5.157314e-02, 6.413400e-02, 6.737454e-02, 7.068130e-02, 7.220368e-02, 7.223761e-02, 7.227941e-02
INFO:bingo.evolutionary_optimizers.parallel_archipelago:Evolution time 0:00:17.688829	 age 180	 fitness 5.128e-02
Level 25:bingo.evolutionary_optimizers.evolutionary_optimizer:Generation: 150 	 Elapsed time: 0:07:13.225023 	 Best training fitness: 5.127534e-02 	 
Level 25:bingo.evolutionary_optimizers.evolutionary_optimizer:150, 4.332250e+02, 904906, 5.127534e-02, 5.127534e-02, 5.157314e-02, 5.934282e-02, 7.068130e-02, 7.220368e-02, 7.223761e-02, 7.227941e-02
INFO:bingo.evolutionary_optimizers.parallel_archipelago:Evolution time 0:00:46.077903	 age 190	 fitness 5.124e-02
Level 25:bingo.evolutionary_optimizers.evolutionary_optimizer:Generation: 160 	 Elapsed time: 0:07:59.512740 	 Best training fitness: 5.123668e-02 	 
Level 25:bingo.evolutionary_optimizers.evolutionary_optimizer:160, 4.795127e+02, 984712, 5.123668e-02, 5.123668e-02, 5.157314e-02, 5.908712e-02, 6.814480e-02, 7.068130e-02, 7.220368e-02, 7.223761e-02, 7.227941e-02
INFO:bingo.evolutionary_optimizers.parallel_archipelago:Evolution time 0:00:31.791118	 age 200	 fitness 2.473e-02
Level 25:bingo.evolutionary_optimizers.evolutionary_optimizer:Generation: 170 	 Elapsed time: 0:08:31.513061 	 Best training fitness: 2.472557e-02 	 
Level 25:bingo.evolutionary_optimizers.evolutionary_optimizer:170, 5.115131e+02, 1057043, 2.472557e-02, 2.472557e-02, 7.068130e-02, 7.220368e-02, 7.222301e-02, 7.223761e-02, 7.227941e-02
INFO:bingo.evolutionary_optimizers.parallel_archipelago:Evolution time 0:00:31.488379	 age 210	 fitness 5.603e-03
Level 25:bingo.evolutionary_optimizers.evolutionary_optimizer:Generation: 180 	 Elapsed time: 0:09:03.237887 	 Best training fitness: 5.602851e-03 	 
Level 25:bingo.evolutionary_optimizers.evolutionary_optimizer:180, 5.432379e+02, 1121689, 5.602851e-03, 5.602851e-03, 7.068130e-02, 7.220368e-02, 7.222301e-02, 7.223761e-02, 7.227941e-02
INFO:bingo.evolutionary_optimizers.parallel_archipelago:Evolution time 0:00:42.198173	 age 220	 fitness 4.266e-17
Level 25:bingo.evolutionary_optimizers.evolutionary_optimizer:Generation: 190 	 Elapsed time: 0:09:45.636600 	 Best training fitness: 4.265726e-17 	 
Level 25:bingo.evolutionary_optimizers.evolutionary_optimizer:190, 5.856366e+02, 1200442, 4.265726e-17, 4.265726e-17, 7.220368e-02, 7.222301e-02, 7.223761e-02, 7.227941e-02
Level 25:bingo.evolutionary_optimizers.evolutionary_optimizer:Evolution successfully converged.
Level 25:bingo.evolutionary_optimizers.evolutionary_optimizer:  Absolte convergence occurred with best fitness < 1e-10
Level 25:bingo.evolutionary_optimizers.evolutionary_optimizer:Hall of Fame:
4.265725507214305e-17	7	sin(log((X_1)(X_1) + (X_0)(X_0)))
0.07220368047019525	6	sin(log((-0.027683 + 0.011185)(-0.027683 + 0.011185)))
0.07222300953184653	5	sin(log(log(sin(-1.049113))))
0.07223760941361737	3	sin(log(-0.301569))
0.07227941240267514	1	-0.924195
