Level 25:bingo.evolutionary_optimizers.evolutionary_optimizer:#generational_age, elapsed_time, fitness_evaluation_count, current_training_fitness, hall_of_fame_fitnesses
Level 25:bingo.evolutionary_optimizers.evolutionary_optimizer:#generational_age, elapsed_time, fitness_evaluation_count, current_training_fitness, hall_of_fame_fitnesses
Level 25:bingo.evolutionary_optimizers.evolutionary_optimizer:Generation: 0 	 Elapsed time: 0:00:05.007355 	 Best training fitness: 1.924580e-01 	 
Level 25:bingo.evolutionary_optimizers.evolutionary_optimizer:0, 5.007355e+00, 14005, 1.924580e-01
INFO:bingo.evolutionary_optimizers.parallel_archipelago:Evolution time 0:00:38.601617	 age 10	 fitness 1.923e-01
Level 25:bingo.evolutionary_optimizers.evolutionary_optimizer:Generation: 10 	 Elapsed time: 0:00:43.806839 	 Best training fitness: 1.923434e-01 	 
Level 25:bingo.evolutionary_optimizers.evolutionary_optimizer:10, 4.380684e+01, 126183, 1.923434e-01, 1.923434e-01, 1.924031e-01
INFO:bingo.evolutionary_optimizers.parallel_archipelago:Evolution time 0:00:31.767626	 age 20	 fitness 1.918e-01
Level 25:bingo.evolutionary_optimizers.evolutionary_optimizer:Generation: 20 	 Elapsed time: 0:01:15.780506 	 Best training fitness: 1.918041e-01 	 
Level 25:bingo.evolutionary_optimizers.evolutionary_optimizer:20, 7.578051e+01, 187705, 1.918041e-01, 1.918041e-01, 1.923388e-01, 1.923434e-01, 1.923990e-01, 1.924031e-01
INFO:bingo.evolutionary_optimizers.parallel_archipelago:Evolution time 0:00:27.063556	 age 30	 fitness 1.906e-01
Level 25:bingo.evolutionary_optimizers.evolutionary_optimizer:Generation: 30 	 Elapsed time: 0:01:43.086150 	 Best training fitness: 1.906013e-01 	 
Level 25:bingo.evolutionary_optimizers.evolutionary_optimizer:30, 1.030862e+02, 261746, 1.906013e-01, 1.906013e-01, 1.923158e-01, 1.923186e-01, 1.923564e-01, 1.924031e-01
INFO:bingo.evolutionary_optimizers.parallel_archipelago:Evolution time 0:00:28.860817	 age 50	 fitness 1.904e-01
Level 25:bingo.evolutionary_optimizers.evolutionary_optimizer:Generation: 40 	 Elapsed time: 0:02:12.153809 	 Best training fitness: 1.904488e-01 	 
Level 25:bingo.evolutionary_optimizers.evolutionary_optimizer:40, 1.321538e+02, 327267, 1.904488e-01, 1.904488e-01, 1.922880e-01, 1.922906e-01, 1.923235e-01, 1.924031e-01
INFO:bingo.evolutionary_optimizers.parallel_archipelago:Evolution time 0:00:21.875870	 age 60	 fitness 1.903e-01
Level 25:bingo.evolutionary_optimizers.evolutionary_optimizer:Generation: 50 	 Elapsed time: 0:02:34.242777 	 Best training fitness: 1.902837e-01 	 
Level 25:bingo.evolutionary_optimizers.evolutionary_optimizer:50, 1.542428e+02, 393347, 1.902837e-01, 1.902837e-01, 1.903854e-01, 1.922880e-01, 1.922906e-01, 1.923035e-01, 1.924031e-01
INFO:bingo.evolutionary_optimizers.parallel_archipelago:Evolution time 0:00:35.695889	 age 70	 fitness 1.895e-01
Level 25:bingo.evolutionary_optimizers.evolutionary_optimizer:Generation: 60 	 Elapsed time: 0:03:10.150411 	 Best training fitness: 1.894736e-01 	 
Level 25:bingo.evolutionary_optimizers.evolutionary_optimizer:60, 1.901504e+02, 484113, 1.894736e-01, 1.894736e-01, 1.902837e-01, 1.903854e-01, 1.922880e-01, 1.922906e-01, 1.922998e-01, 1.923411e-01
INFO:bingo.evolutionary_optimizers.parallel_archipelago:Evolution time 0:00:34.915666	 age 80	 fitness 1.893e-01
Level 25:bingo.evolutionary_optimizers.evolutionary_optimizer:Generation: 70 	 Elapsed time: 0:03:45.279663 	 Best training fitness: 1.893283e-01 	 
Level 25:bingo.evolutionary_optimizers.evolutionary_optimizer:70, 2.252797e+02, 570737, 1.893283e-01, 1.893283e-01, 1.893608e-01, 1.902837e-01, 1.903063e-01, 1.922823e-01, 1.922880e-01, 1.922906e-01, 1.922998e-01, 1.923411e-01
INFO:bingo.evolutionary_optimizers.parallel_archipelago:Evolution time 0:00:31.543799	 age 90	 fitness 1.893e-01
Level 25:bingo.evolutionary_optimizers.evolutionary_optimizer:Generation: 80 	 Elapsed time: 0:04:17.059024 	 Best training fitness: 1.893120e-01 	 
Level 25:bingo.evolutionary_optimizers.evolutionary_optimizer:80, 2.570590e+02, 648565, 1.893120e-01, 1.893120e-01, 1.893452e-01, 1.902837e-01, 1.903063e-01, 1.922823e-01, 1.922880e-01, 1.922906e-01, 1.922998e-01, 1.923411e-01
INFO:bingo.evolutionary_optimizers.parallel_archipelago:Evolution time 0:00:16.161261	 age 100	 fitness 1.893e-01
Level 25:bingo.evolutionary_optimizers.evolutionary_optimizer:Generation: 90 	 Elapsed time: 0:04:33.441498 	 Best training fitness: 1.893120e-01 	 
Level 25:bingo.evolutionary_optimizers.evolutionary_optimizer:90, 2.734415e+02, 698891, 1.893120e-01, 1.893120e-01, 1.893452e-01, 1.902837e-01, 1.903063e-01, 1.922823e-01, 1.922880e-01, 1.922906e-01, 1.922998e-01, 1.923411e-01
INFO:bingo.evolutionary_optimizers.parallel_archipelago:Evolution time 0:00:26.135146	 age 120	 fitness 1.892e-01
Level 25:bingo.evolutionary_optimizers.evolutionary_optimizer:Generation: 100 	 Elapsed time: 0:04:59.829728 	 Best training fitness: 1.892360e-01 	 
Level 25:bingo.evolutionary_optimizers.evolutionary_optimizer:100, 2.998297e+02, 751895, 1.892360e-01, 1.892360e-01, 1.893452e-01, 1.902837e-01, 1.903063e-01, 1.922823e-01, 1.922880e-01, 1.922906e-01, 1.922998e-01, 1.923411e-01
INFO:bingo.evolutionary_optimizers.parallel_archipelago:Evolution time 0:00:20.899033	 age 130	 fitness 1.810e-01
Level 25:bingo.evolutionary_optimizers.evolutionary_optimizer:Generation: 110 	 Elapsed time: 0:05:20.948270 	 Best training fitness: 1.810433e-01 	 
Level 25:bingo.evolutionary_optimizers.evolutionary_optimizer:110, 3.209483e+02, 810911, 1.810433e-01, 1.810433e-01, 1.811466e-01, 1.892836e-01, 1.893312e-01, 1.902837e-01, 1.902902e-01, 1.922823e-01, 1.922880e-01, 1.922906e-01, 1.922998e-01, 1.923001e-01
INFO:bingo.evolutionary_optimizers.parallel_archipelago:Evolution time 0:00:33.375101	 age 150	 fitness 1.769e-01
Level 25:bingo.evolutionary_optimizers.evolutionary_optimizer:Generation: 120 	 Elapsed time: 0:05:54.544355 	 Best training fitness: 1.768595e-01 	 
Level 25:bingo.evolutionary_optimizers.evolutionary_optimizer:120, 3.545444e+02, 885700, 1.768595e-01, 1.768595e-01, 1.804587e-01, 1.811466e-01, 1.892348e-01, 1.893170e-01, 1.902837e-01, 1.902902e-01, 1.922823e-01, 1.922880e-01, 1.922906e-01, 1.922998e-01, 1.923001e-01
INFO:bingo.evolutionary_optimizers.parallel_archipelago:Evolution time 0:00:26.312831	 age 160	 fitness 1.734e-01
Level 25:bingo.evolutionary_optimizers.evolutionary_optimizer:Generation: 130 	 Elapsed time: 0:06:21.077794 	 Best training fitness: 1.733715e-01 	 
Level 25:bingo.evolutionary_optimizers.evolutionary_optimizer:130, 3.810778e+02, 958933, 1.733715e-01, 1.733715e-01, 1.810366e-01, 1.865997e-01, 1.893170e-01, 1.902837e-01, 1.902902e-01, 1.922823e-01, 1.922880e-01, 1.922906e-01, 1.922998e-01, 1.923001e-01
INFO:bingo.evolutionary_optimizers.parallel_archipelago:Evolution time 0:00:18.595538	 age 170	 fitness 1.372e-01
Level 25:bingo.evolutionary_optimizers.evolutionary_optimizer:Generation: 140 	 Elapsed time: 0:06:39.896772 	 Best training fitness: 1.372350e-01 	 
Level 25:bingo.evolutionary_optimizers.evolutionary_optimizer:140, 3.998968e+02, 1029029, 1.372350e-01, 1.372350e-01, 1.639544e-01, 1.733715e-01, 1.810366e-01, 1.865309e-01, 1.893170e-01, 1.902837e-01, 1.902902e-01, 1.922823e-01, 1.922880e-01, 1.922906e-01, 1.922998e-01, 1.923001e-01
INFO:bingo.evolutionary_optimizers.parallel_archipelago:Evolution time 0:00:32.376224	 age 190	 fitness 1.372e-01
Level 25:bingo.evolutionary_optimizers.evolutionary_optimizer:Generation: 150 	 Elapsed time: 0:07:12.498937 	 Best training fitness: 1.371552e-01 	 
Level 25:bingo.evolutionary_optimizers.evolutionary_optimizer:150, 4.324989e+02, 1090189, 1.371552e-01, 1.371552e-01, 1.463948e-01, 1.706216e-01, 1.902837e-01, 1.902902e-01, 1.922823e-01, 1.922880e-01, 1.922906e-01, 1.922998e-01, 1.923001e-01
INFO:bingo.evolutionary_optimizers.parallel_archipelago:Evolution time 0:00:17.859923	 age 200	 fitness 1.368e-01
Level 25:bingo.evolutionary_optimizers.evolutionary_optimizer:Generation: 160 	 Elapsed time: 0:07:30.583284 	 Best training fitness: 1.367575e-01 	 
Level 25:bingo.evolutionary_optimizers.evolutionary_optimizer:160, 4.505833e+02, 1147417, 1.367575e-01, 1.367575e-01, 1.902902e-01, 1.922823e-01, 1.922880e-01, 1.922906e-01, 1.922940e-01
INFO:bingo.evolutionary_optimizers.parallel_archipelago:Evolution time 0:00:37.106910	 age 210	 fitness 1.267e-01
Level 25:bingo.evolutionary_optimizers.evolutionary_optimizer:Generation: 170 	 Elapsed time: 0:08:07.939064 	 Best training fitness: 1.267220e-01 	 
Level 25:bingo.evolutionary_optimizers.evolutionary_optimizer:170, 4.879391e+02, 1229904, 1.267220e-01, 1.267220e-01, 1.299204e-01, 1.328662e-01, 1.367386e-01, 1.902902e-01, 1.922823e-01, 1.922880e-01, 1.922906e-01, 1.922940e-01
INFO:bingo.evolutionary_optimizers.parallel_archipelago:Evolution time 0:00:39.119036	 age 220	 fitness 1.241e-01
Level 25:bingo.evolutionary_optimizers.evolutionary_optimizer:Generation: 180 	 Elapsed time: 0:08:47.283286 	 Best training fitness: 1.240969e-01 	 
Level 25:bingo.evolutionary_optimizers.evolutionary_optimizer:180, 5.272833e+02, 1315407, 1.240969e-01, 1.240969e-01, 1.266438e-01, 1.269398e-01, 1.328662e-01, 1.367386e-01, 1.902902e-01, 1.922823e-01, 1.922880e-01, 1.922906e-01, 1.922940e-01
INFO:bingo.evolutionary_optimizers.parallel_archipelago:Evolution time 0:00:33.554153	 age 240	 fitness 1.227e-01
Level 25:bingo.evolutionary_optimizers.evolutionary_optimizer:Generation: 190 	 Elapsed time: 0:09:21.059767 	 Best training fitness: 1.227421e-01 	 
Level 25:bingo.evolutionary_optimizers.evolutionary_optimizer:190, 5.610598e+02, 1384343, 1.227421e-01, 1.227421e-01, 1.241455e-01, 1.268067e-01, 1.269398e-01, 1.328662e-01, 1.367386e-01, 1.902902e-01, 1.922823e-01, 1.922880e-01, 1.922906e-01, 1.922940e-01
INFO:bingo.evolutionary_optimizers.parallel_archipelago:Evolution time 0:00:37.707206	 age 260	 fitness 6.994e-04
Level 25:bingo.evolutionary_optimizers.evolutionary_optimizer:Generation: 200 	 Elapsed time: 0:09:58.986645 	 Best training fitness: 6.994283e-04 	 
Level 25:bingo.evolutionary_optimizers.evolutionary_optimizer:200, 5.989866e+02, 1460201, 6.994283e-04, 6.994283e-04, 1.902902e-01, 1.922823e-01, 1.922880e-01, 1.922906e-01, 1.922940e-01
INFO:bingo.evolutionary_optimizers.parallel_archipelago:Evolution time 0:00:23.261626	 age 270	 fitness 1.138e-16
Level 25:bingo.evolutionary_optimizers.evolutionary_optimizer:Generation: 210 	 Elapsed time: 0:10:22.463472 	 Best training fitness: 1.137527e-16 	 
Level 25:bingo.evolutionary_optimizers.evolutionary_optimizer:210, 6.224635e+02, 1532831, 1.137527e-16, 1.137527e-16, 1.922823e-01, 1.922880e-01, 1.922906e-01, 1.922940e-01
Level 25:bingo.evolutionary_optimizers.evolutionary_optimizer:Evolution successfully converged.
Level 25:bingo.evolutionary_optimizers.evolutionary_optimizer:  Absolte convergence occurred with best fitness < 1e-10
Level 25:bingo.evolutionary_optimizers.evolutionary_optimizer:Hall of Fame:
1.137526801923815e-16	7	sin(log((X_1)(X_1) + (X_0)(X_0)))
0.19228234221924168	6	sin(-0.358994 + 0.017359 + -0.863485)
0.1922879941196723	5	sin(log(sin(log(-0.037389))))
0.19229060301553	3	(1.248770)(-0.748205)
0.1922939810288914	1	-0.933143
