Level 25:bingo.evolutionary_optimizers.evolutionary_optimizer:#generational_age, elapsed_time, fitness_evaluation_count, current_training_fitness, hall_of_fame_fitnesses
Level 25:bingo.evolutionary_optimizers.evolutionary_optimizer:#generational_age, elapsed_time, fitness_evaluation_count, current_training_fitness, hall_of_fame_fitnesses
Level 25:bingo.evolutionary_optimizers.evolutionary_optimizer:Generation: 0 	 Elapsed time: 0:00:05.200304 	 Best training fitness: 1.445638e-01 	 
Level 25:bingo.evolutionary_optimizers.evolutionary_optimizer:0, 5.200304e+00, 14464, 1.445638e-01
INFO:bingo.evolutionary_optimizers.parallel_archipelago:Evolution time 0:00:33.647803	 age 20	 fitness 1.444e-01
Level 25:bingo.evolutionary_optimizers.evolutionary_optimizer:Generation: 10 	 Elapsed time: 0:00:39.063372 	 Best training fitness: 1.443922e-01 	 
Level 25:bingo.evolutionary_optimizers.evolutionary_optimizer:10, 3.906337e+01, 109144, 1.443922e-01, 1.443922e-01, 1.454056e-01
INFO:bingo.evolutionary_optimizers.parallel_archipelago:Evolution time 0:00:28.280092	 age 30	 fitness 1.444e-01
Level 25:bingo.evolutionary_optimizers.evolutionary_optimizer:Generation: 20 	 Elapsed time: 0:01:07.569890 	 Best training fitness: 1.444010e-01 	 
Level 25:bingo.evolutionary_optimizers.evolutionary_optimizer:20, 6.756989e+01, 161148, 1.444010e-01, 1.443922e-01, 1.454056e-01
INFO:bingo.evolutionary_optimizers.parallel_archipelago:Evolution time 0:00:26.233362	 age 40	 fitness 1.443e-01
Level 25:bingo.evolutionary_optimizers.evolutionary_optimizer:Generation: 30 	 Elapsed time: 0:01:34.071165 	 Best training fitness: 1.443226e-01 	 
Level 25:bingo.evolutionary_optimizers.evolutionary_optimizer:30, 9.407116e+01, 212598, 1.443226e-01, 1.443226e-01, 1.443866e-01
INFO:bingo.evolutionary_optimizers.parallel_archipelago:Evolution time 0:00:25.577053	 age 50	 fitness 1.443e-01
Level 25:bingo.evolutionary_optimizers.evolutionary_optimizer:Generation: 40 	 Elapsed time: 0:01:59.875636 	 Best training fitness: 1.442985e-01 	 
Level 25:bingo.evolutionary_optimizers.evolutionary_optimizer:40, 1.198756e+02, 262926, 1.442985e-01, 1.442985e-01, 1.443226e-01, 1.443866e-01
INFO:bingo.evolutionary_optimizers.parallel_archipelago:Evolution time 0:00:27.866611	 age 60	 fitness 1.443e-01
Level 25:bingo.evolutionary_optimizers.evolutionary_optimizer:Generation: 50 	 Elapsed time: 0:02:27.973151 	 Best training fitness: 1.442963e-01 	 
Level 25:bingo.evolutionary_optimizers.evolutionary_optimizer:50, 1.479732e+02, 313431, 1.442963e-01, 1.442963e-01
INFO:bingo.evolutionary_optimizers.parallel_archipelago:Evolution time 0:00:15.933054	 age 70	 fitness 1.443e-01
Level 25:bingo.evolutionary_optimizers.evolutionary_optimizer:Generation: 60 	 Elapsed time: 0:02:44.131150 	 Best training fitness: 1.443087e-01 	 
Level 25:bingo.evolutionary_optimizers.evolutionary_optimizer:60, 1.641311e+02, 351350, 1.443087e-01, 1.442963e-01
INFO:bingo.evolutionary_optimizers.parallel_archipelago:Evolution time 0:00:27.763945	 age 80	 fitness 1.443e-01
Level 25:bingo.evolutionary_optimizers.evolutionary_optimizer:Generation: 70 	 Elapsed time: 0:03:12.120905 	 Best training fitness: 1.443355e-01 	 
Level 25:bingo.evolutionary_optimizers.evolutionary_optimizer:70, 1.921209e+02, 404005, 1.443355e-01, 1.442963e-01
INFO:bingo.evolutionary_optimizers.parallel_archipelago:Evolution time 0:00:16.397812	 age 90	 fitness 1.443e-01
Level 25:bingo.evolutionary_optimizers.evolutionary_optimizer:Generation: 80 	 Elapsed time: 0:03:28.743860 	 Best training fitness: 1.442949e-01 	 
Level 25:bingo.evolutionary_optimizers.evolutionary_optimizer:80, 2.087439e+02, 450938, 1.442949e-01, 1.442949e-01
INFO:bingo.evolutionary_optimizers.parallel_archipelago:Evolution time 0:00:47.042599	 age 100	 fitness 1.443e-01
Level 25:bingo.evolutionary_optimizers.evolutionary_optimizer:Generation: 90 	 Elapsed time: 0:04:16.011867 	 Best training fitness: 1.442593e-01 	 
Level 25:bingo.evolutionary_optimizers.evolutionary_optimizer:90, 2.560119e+02, 521068, 1.442593e-01, 1.442593e-01, 1.442949e-01
INFO:bingo.evolutionary_optimizers.parallel_archipelago:Evolution time 0:00:31.749301	 age 110	 fitness 1.443e-01
Level 25:bingo.evolutionary_optimizers.evolutionary_optimizer:Generation: 100 	 Elapsed time: 0:04:48.028974 	 Best training fitness: 1.443319e-01 	 
Level 25:bingo.evolutionary_optimizers.evolutionary_optimizer:100, 2.880290e+02, 579530, 1.443319e-01, 1.442593e-01, 1.442949e-01
INFO:bingo.evolutionary_optimizers.parallel_archipelago:Evolution time 0:00:19.917922	 age 120	 fitness 1.443e-01
Level 25:bingo.evolutionary_optimizers.evolutionary_optimizer:Generation: 110 	 Elapsed time: 0:05:08.175481 	 Best training fitness: 1.443169e-01 	 
Level 25:bingo.evolutionary_optimizers.evolutionary_optimizer:110, 3.081755e+02, 629166, 1.443169e-01, 1.442593e-01, 1.442949e-01
INFO:bingo.evolutionary_optimizers.parallel_archipelago:Evolution time 0:00:25.780343	 age 130	 fitness 1.443e-01
Level 25:bingo.evolutionary_optimizers.evolutionary_optimizer:Generation: 120 	 Elapsed time: 0:05:34.180971 	 Best training fitness: 1.442788e-01 	 
Level 25:bingo.evolutionary_optimizers.evolutionary_optimizer:120, 3.341810e+02, 682899, 1.442788e-01, 1.442593e-01, 1.442949e-01
INFO:bingo.evolutionary_optimizers.parallel_archipelago:Evolution time 0:00:38.710574	 age 140	 fitness 1.442e-01
Level 25:bingo.evolutionary_optimizers.evolutionary_optimizer:Generation: 130 	 Elapsed time: 0:06:13.118749 	 Best training fitness: 1.442249e-01 	 
Level 25:bingo.evolutionary_optimizers.evolutionary_optimizer:130, 3.731187e+02, 748871, 1.442249e-01, 1.442249e-01, 1.442949e-01
INFO:bingo.evolutionary_optimizers.parallel_archipelago:Evolution time 0:00:36.926831	 age 150	 fitness 1.116e-02
Level 25:bingo.evolutionary_optimizers.evolutionary_optimizer:Generation: 140 	 Elapsed time: 0:06:50.299381 	 Best training fitness: 1.115588e-02 	 
Level 25:bingo.evolutionary_optimizers.evolutionary_optimizer:140, 4.102994e+02, 809570, 1.115588e-02, 1.115588e-02, 1.442249e-01, 1.442949e-01
INFO:bingo.evolutionary_optimizers.parallel_archipelago:Evolution time 0:00:38.043325	 age 160	 fitness 8.531e-17
Level 25:bingo.evolutionary_optimizers.evolutionary_optimizer:Generation: 150 	 Elapsed time: 0:07:28.568540 	 Best training fitness: 8.531451e-17 	 
Level 25:bingo.evolutionary_optimizers.evolutionary_optimizer:150, 4.485685e+02, 867036, 8.531451e-17, 8.531451e-17, 1.442249e-01, 1.442949e-01
Level 25:bingo.evolutionary_optimizers.evolutionary_optimizer:Evolution successfully converged.
Level 25:bingo.evolutionary_optimizers.evolutionary_optimizer:  Absolte convergence occurred with best fitness < 1e-10
Level 25:bingo.evolutionary_optimizers.evolutionary_optimizer:Hall of Fame:
8.53145101442861e-17	7	sin(log((X_1)(X_1) + (X_0)(X_0)))
0.14422491338598345	5	sin(log(0.035983 + 0.035983 + 0.035983 + 0.035983))
0.14429485458750235	1	-0.931279
