Level 25:bingo.evolutionary_optimizers.evolutionary_optimizer:#generational_age, elapsed_time, fitness_evaluation_count, current_training_fitness, hall_of_fame_fitnesses
Level 25:bingo.evolutionary_optimizers.evolutionary_optimizer:#generational_age, elapsed_time, fitness_evaluation_count, current_training_fitness, hall_of_fame_fitnesses
Level 25:bingo.evolutionary_optimizers.parallel_archipelago:Saving checkpoint: src/bingo_bias_vias_decomposition/checkpoints_st_20/implicit_st_20_p8_p2_4_0.pkl
INFO:bingo.evolutionary_optimizers.parallel_archipelago:Saved successfully
Level 25:bingo.evolutionary_optimizers.evolutionary_optimizer:Generation: 0 	 Elapsed time: 0:00:05.375027 	 Best training fitness: 1.924967e-01 	 
Level 25:bingo.evolutionary_optimizers.evolutionary_optimizer:0, 5.375027e+00, 13034, 1.924967e-01
INFO:bingo.evolutionary_optimizers.parallel_archipelago:Performing migration between Islands
INFO:bingo.evolutionary_optimizers.parallel_archipelago:Evolution time 0:00:30.882366	 age 10	 fitness 1.138e-16
Level 25:bingo.evolutionary_optimizers.parallel_archipelago:Saving checkpoint: src/bingo_bias_vias_decomposition/checkpoints_st_20/implicit_st_20_p8_p2_4_10.pkl
INFO:bingo.evolutionary_optimizers.parallel_archipelago:Saved successfully
Level 25:bingo.evolutionary_optimizers.evolutionary_optimizer:Generation: 10 	 Elapsed time: 0:00:36.580282 	 Best training fitness: 1.137527e-16 	 
Level 25:bingo.evolutionary_optimizers.evolutionary_optimizer:10, 3.658028e+01, 112120, 1.137527e-16, 1.137527e-16, 1.924869e-01, 1.925971e-01, 1.926204e-01, 1.926293e-01
Level 25:bingo.evolutionary_optimizers.evolutionary_optimizer:Evolution successfully converged.
Level 25:bingo.evolutionary_optimizers.evolutionary_optimizer:  Absolte convergence occurred with best fitness < 1e-10
Level 25:bingo.evolutionary_optimizers.evolutionary_optimizer:Hall of Fame:
1.137526801923815e-16	7	sin(log((X_1)(X_1) + (X_0)(X_0)))
0.19248690914379624	5	sin(((-0.785154)(-0.785154 + -0.785154))(-0.785154 + -0.785154))
0.19259714617376192	4	-0.000555 + sin(log(-0.000555))
0.1926204195540878	3	log(0.196963 + 0.196963)
0.19262930130537542	1	-0.930270
