Level 25:bingo.evolutionary_optimizers.evolutionary_optimizer:#generational_age, elapsed_time, fitness_evaluation_count, current_training_fitness, hall_of_fame_fitnesses
Level 25:bingo.evolutionary_optimizers.evolutionary_optimizer:#generational_age, elapsed_time, fitness_evaluation_count, current_training_fitness, hall_of_fame_fitnesses
Level 25:bingo.evolutionary_optimizers.parallel_archipelago:Saving checkpoint: src/bingo_bias_vias_decomposition/checkpoints_st_20/implicit_st_20_p9_p1_10_0.pkl
INFO:bingo.evolutionary_optimizers.parallel_archipelago:Saved successfully
Level 25:bingo.evolutionary_optimizers.evolutionary_optimizer:Generation: 0 	 Elapsed time: 0:00:05.177760 	 Best training fitness: 2.164101e-01 	 
Level 25:bingo.evolutionary_optimizers.evolutionary_optimizer:0, 5.177760e+00, 14536, 2.164101e-01
INFO:bingo.evolutionary_optimizers.parallel_archipelago:Performing migration between Islands
INFO:bingo.evolutionary_optimizers.parallel_archipelago:Evolution time 0:00:59.328763	 age 20	 fitness 2.163e-01
Level 25:bingo.evolutionary_optimizers.parallel_archipelago:Saving checkpoint: src/bingo_bias_vias_decomposition/checkpoints_st_20/implicit_st_20_p9_p1_10_10.pkl
INFO:bingo.evolutionary_optimizers.parallel_archipelago:Saved successfully
Level 25:bingo.evolutionary_optimizers.evolutionary_optimizer:Generation: 10 	 Elapsed time: 0:01:04.849172 	 Best training fitness: 2.163135e-01 	 
Level 25:bingo.evolutionary_optimizers.evolutionary_optimizer:10, 6.484917e+01, 205126, 2.163135e-01, 2.163135e-01, 2.163179e-01
INFO:bingo.evolutionary_optimizers.parallel_archipelago:Performing migration between Islands
INFO:bingo.evolutionary_optimizers.parallel_archipelago:Evolution time 0:00:29.974621	 age 30	 fitness 2.163e-01
Level 25:bingo.evolutionary_optimizers.parallel_archipelago:Saving checkpoint: src/bingo_bias_vias_decomposition/checkpoints_st_20/implicit_st_20_p9_p1_10_20.pkl
INFO:bingo.evolutionary_optimizers.parallel_archipelago:Saved successfully
Level 25:bingo.evolutionary_optimizers.evolutionary_optimizer:Generation: 20 	 Elapsed time: 0:01:35.204875 	 Best training fitness: 2.163001e-01 	 
Level 25:bingo.evolutionary_optimizers.evolutionary_optimizer:20, 9.520488e+01, 312799, 2.163001e-01, 2.163001e-01, 2.163052e-01
INFO:bingo.evolutionary_optimizers.parallel_archipelago:Performing migration between Islands
INFO:bingo.evolutionary_optimizers.parallel_archipelago:Evolution time 0:00:34.125429	 age 40	 fitness 2.163e-01
Level 25:bingo.evolutionary_optimizers.parallel_archipelago:Saving checkpoint: src/bingo_bias_vias_decomposition/checkpoints_st_20/implicit_st_20_p9_p1_10_30.pkl
INFO:bingo.evolutionary_optimizers.parallel_archipelago:Saved successfully
Level 25:bingo.evolutionary_optimizers.evolutionary_optimizer:Generation: 30 	 Elapsed time: 0:02:09.669065 	 Best training fitness: 2.162892e-01 	 
Level 25:bingo.evolutionary_optimizers.evolutionary_optimizer:30, 1.296691e+02, 423518, 2.162892e-01, 2.162892e-01, 2.163052e-01
INFO:bingo.evolutionary_optimizers.parallel_archipelago:Performing migration between Islands
INFO:bingo.evolutionary_optimizers.parallel_archipelago:Evolution time 0:00:44.331893	 age 50	 fitness 2.163e-01
Level 25:bingo.evolutionary_optimizers.parallel_archipelago:Saving checkpoint: src/bingo_bias_vias_decomposition/checkpoints_st_20/implicit_st_20_p9_p1_10_40.pkl
INFO:bingo.evolutionary_optimizers.parallel_archipelago:Saved successfully
Level 25:bingo.evolutionary_optimizers.evolutionary_optimizer:Generation: 40 	 Elapsed time: 0:02:54.341044 	 Best training fitness: 2.162858e-01 	 
Level 25:bingo.evolutionary_optimizers.evolutionary_optimizer:40, 1.743410e+02, 535441, 2.162858e-01, 2.162858e-01, 2.162892e-01, 2.162982e-01
INFO:bingo.evolutionary_optimizers.parallel_archipelago:Performing migration between Islands
INFO:bingo.evolutionary_optimizers.parallel_archipelago:Evolution time 0:00:41.728583	 age 60	 fitness 2.163e-01
Level 25:bingo.evolutionary_optimizers.parallel_archipelago:Saving checkpoint: src/bingo_bias_vias_decomposition/checkpoints_st_20/implicit_st_20_p9_p1_10_50.pkl
INFO:bingo.evolutionary_optimizers.parallel_archipelago:Saved successfully
Level 25:bingo.evolutionary_optimizers.evolutionary_optimizer:Generation: 50 	 Elapsed time: 0:03:36.411526 	 Best training fitness: 2.162957e-01 	 
Level 25:bingo.evolutionary_optimizers.evolutionary_optimizer:50, 2.164115e+02, 635382, 2.162957e-01, 2.162858e-01, 2.162892e-01, 2.162982e-01
INFO:bingo.evolutionary_optimizers.parallel_archipelago:Performing migration between Islands
INFO:bingo.evolutionary_optimizers.parallel_archipelago:Evolution time 0:00:36.789860	 age 70	 fitness 1.704e-01
Level 25:bingo.evolutionary_optimizers.parallel_archipelago:Saving checkpoint: src/bingo_bias_vias_decomposition/checkpoints_st_20/implicit_st_20_p9_p1_10_60.pkl
INFO:bingo.evolutionary_optimizers.parallel_archipelago:Saved successfully
Level 25:bingo.evolutionary_optimizers.evolutionary_optimizer:Generation: 60 	 Elapsed time: 0:04:13.543674 	 Best training fitness: 1.704050e-01 	 
Level 25:bingo.evolutionary_optimizers.evolutionary_optimizer:60, 2.535437e+02, 722585, 1.704050e-01, 1.704050e-01, 2.072986e-01, 2.162858e-01, 2.162892e-01, 2.162982e-01
INFO:bingo.evolutionary_optimizers.parallel_archipelago:Performing migration between Islands
INFO:bingo.evolutionary_optimizers.parallel_archipelago:Evolution time 0:00:48.328822	 age 80	 fitness 1.687e-01
Level 25:bingo.evolutionary_optimizers.parallel_archipelago:Saving checkpoint: src/bingo_bias_vias_decomposition/checkpoints_st_20/implicit_st_20_p9_p1_10_70.pkl
INFO:bingo.evolutionary_optimizers.parallel_archipelago:Saved successfully
Level 25:bingo.evolutionary_optimizers.evolutionary_optimizer:Generation: 70 	 Elapsed time: 0:05:02.218263 	 Best training fitness: 1.686754e-01 	 
Level 25:bingo.evolutionary_optimizers.evolutionary_optimizer:70, 3.022183e+02, 837374, 1.686754e-01, 1.686754e-01, 1.764221e-01, 1.773364e-01, 1.783614e-01, 2.162892e-01, 2.162982e-01
INFO:bingo.evolutionary_optimizers.parallel_archipelago:Performing migration between Islands
INFO:bingo.evolutionary_optimizers.parallel_archipelago:Evolution time 0:00:37.401722	 age 90	 fitness 1.685e-01
Level 25:bingo.evolutionary_optimizers.parallel_archipelago:Saving checkpoint: src/bingo_bias_vias_decomposition/checkpoints_st_20/implicit_st_20_p9_p1_10_80.pkl
INFO:bingo.evolutionary_optimizers.parallel_archipelago:Saved successfully
Level 25:bingo.evolutionary_optimizers.evolutionary_optimizer:Generation: 80 	 Elapsed time: 0:05:39.962096 	 Best training fitness: 1.685179e-01 	 
Level 25:bingo.evolutionary_optimizers.evolutionary_optimizer:80, 3.399621e+02, 923020, 1.685179e-01, 1.685179e-01, 1.727871e-01, 1.783614e-01, 2.162892e-01, 2.162982e-01
INFO:bingo.evolutionary_optimizers.parallel_archipelago:Performing migration between Islands
INFO:bingo.evolutionary_optimizers.parallel_archipelago:Evolution time 0:00:33.560941	 age 100	 fitness 1.566e-01
Level 25:bingo.evolutionary_optimizers.parallel_archipelago:Saving checkpoint: src/bingo_bias_vias_decomposition/checkpoints_st_20/implicit_st_20_p9_p1_10_90.pkl
INFO:bingo.evolutionary_optimizers.parallel_archipelago:Saved successfully
Level 25:bingo.evolutionary_optimizers.evolutionary_optimizer:Generation: 90 	 Elapsed time: 0:06:13.792024 	 Best training fitness: 1.566468e-01 	 
Level 25:bingo.evolutionary_optimizers.evolutionary_optimizer:90, 3.737920e+02, 1006267, 1.566468e-01, 1.566468e-01, 1.682904e-01, 1.726666e-01, 1.727486e-01, 1.783614e-01, 2.162892e-01, 2.162982e-01
INFO:bingo.evolutionary_optimizers.parallel_archipelago:Performing migration between Islands
INFO:bingo.evolutionary_optimizers.parallel_archipelago:Evolution time 0:00:20.849020	 age 110	 fitness 1.566e-01
Level 25:bingo.evolutionary_optimizers.parallel_archipelago:Saving checkpoint: src/bingo_bias_vias_decomposition/checkpoints_st_20/implicit_st_20_p9_p1_10_100.pkl
INFO:bingo.evolutionary_optimizers.parallel_archipelago:Saved successfully
Level 25:bingo.evolutionary_optimizers.evolutionary_optimizer:Generation: 100 	 Elapsed time: 0:06:34.877458 	 Best training fitness: 1.566353e-01 	 
Level 25:bingo.evolutionary_optimizers.evolutionary_optimizer:100, 3.948775e+02, 1060630, 1.566353e-01, 1.566353e-01, 1.566543e-01, 1.682293e-01, 1.726666e-01, 1.727356e-01, 1.760736e-01, 1.783614e-01, 2.162892e-01, 2.162982e-01
INFO:bingo.evolutionary_optimizers.parallel_archipelago:Performing migration between Islands
INFO:bingo.evolutionary_optimizers.parallel_archipelago:Evolution time 0:00:21.344865	 age 120	 fitness 1.564e-01
Level 25:bingo.evolutionary_optimizers.parallel_archipelago:Saving checkpoint: src/bingo_bias_vias_decomposition/checkpoints_st_20/implicit_st_20_p9_p1_10_110.pkl
INFO:bingo.evolutionary_optimizers.parallel_archipelago:Saved successfully
Level 25:bingo.evolutionary_optimizers.evolutionary_optimizer:Generation: 110 	 Elapsed time: 0:06:56.498008 	 Best training fitness: 1.563559e-01 	 
Level 25:bingo.evolutionary_optimizers.evolutionary_optimizer:110, 4.164980e+02, 1118768, 1.563559e-01, 1.563559e-01, 1.682293e-01, 1.726666e-01, 1.727356e-01, 1.760736e-01, 1.783614e-01, 2.162892e-01, 2.162982e-01
INFO:bingo.evolutionary_optimizers.parallel_archipelago:Performing migration between Islands
INFO:bingo.evolutionary_optimizers.parallel_archipelago:Evolution time 0:00:52.779664	 age 130	 fitness 1.564e-01
Level 25:bingo.evolutionary_optimizers.parallel_archipelago:Saving checkpoint: src/bingo_bias_vias_decomposition/checkpoints_st_20/implicit_st_20_p9_p1_10_120.pkl
INFO:bingo.evolutionary_optimizers.parallel_archipelago:Saved successfully
Level 25:bingo.evolutionary_optimizers.evolutionary_optimizer:Generation: 120 	 Elapsed time: 0:07:49.519465 	 Best training fitness: 1.563521e-01 	 
Level 25:bingo.evolutionary_optimizers.evolutionary_optimizer:120, 4.695195e+02, 1204900, 1.563521e-01, 1.563521e-01, 1.563559e-01, 1.563630e-01, 1.682293e-01, 1.726666e-01, 1.727356e-01, 1.751391e-01, 1.783614e-01, 2.162892e-01, 2.162982e-01
INFO:bingo.evolutionary_optimizers.parallel_archipelago:Performing migration between Islands
INFO:bingo.evolutionary_optimizers.parallel_archipelago:Evolution time 0:00:22.653150	 age 140	 fitness 1.372e-01
Level 25:bingo.evolutionary_optimizers.parallel_archipelago:Saving checkpoint: src/bingo_bias_vias_decomposition/checkpoints_st_20/implicit_st_20_p9_p1_10_130.pkl
INFO:bingo.evolutionary_optimizers.parallel_archipelago:Saved successfully
Level 25:bingo.evolutionary_optimizers.evolutionary_optimizer:Generation: 130 	 Elapsed time: 0:08:12.410832 	 Best training fitness: 1.371715e-01 	 
Level 25:bingo.evolutionary_optimizers.evolutionary_optimizer:130, 4.924108e+02, 1268812, 1.371715e-01, 1.371715e-01, 1.563521e-01, 1.563525e-01, 1.563630e-01, 1.654855e-01, 1.751391e-01, 1.783614e-01, 2.162892e-01, 2.162982e-01
INFO:bingo.evolutionary_optimizers.parallel_archipelago:Performing migration between Islands
INFO:bingo.evolutionary_optimizers.parallel_archipelago:Evolution time 0:00:44.744001	 age 150	 fitness 1.250e-01
Level 25:bingo.evolutionary_optimizers.parallel_archipelago:Saving checkpoint: src/bingo_bias_vias_decomposition/checkpoints_st_20/implicit_st_20_p9_p1_10_140.pkl
INFO:bingo.evolutionary_optimizers.parallel_archipelago:Saved successfully
Level 25:bingo.evolutionary_optimizers.evolutionary_optimizer:Generation: 140 	 Elapsed time: 0:08:57.392643 	 Best training fitness: 1.249709e-01 	 
Level 25:bingo.evolutionary_optimizers.evolutionary_optimizer:140, 5.373926e+02, 1378865, 1.249709e-01, 1.249709e-01, 1.262824e-01, 1.535848e-01, 1.654855e-01, 1.751391e-01, 1.783614e-01, 2.162892e-01, 2.162982e-01
INFO:bingo.evolutionary_optimizers.parallel_archipelago:Performing migration between Islands
INFO:bingo.evolutionary_optimizers.parallel_archipelago:Evolution time 0:00:50.750753	 age 160	 fitness 1.250e-01
Level 25:bingo.evolutionary_optimizers.parallel_archipelago:Saving checkpoint: src/bingo_bias_vias_decomposition/checkpoints_st_20/implicit_st_20_p9_p1_10_150.pkl
INFO:bingo.evolutionary_optimizers.parallel_archipelago:Saved successfully
Level 25:bingo.evolutionary_optimizers.evolutionary_optimizer:Generation: 150 	 Elapsed time: 0:09:48.381534 	 Best training fitness: 1.249554e-01 	 
Level 25:bingo.evolutionary_optimizers.evolutionary_optimizer:150, 5.883815e+02, 1506153, 1.249554e-01, 1.249554e-01, 1.249615e-01, 1.261679e-01, 1.535511e-01, 1.654855e-01, 1.751391e-01, 1.783614e-01, 2.162892e-01, 2.162982e-01
INFO:bingo.evolutionary_optimizers.parallel_archipelago:Performing migration between Islands
INFO:bingo.evolutionary_optimizers.parallel_archipelago:Evolution time 0:00:41.291929	 age 170	 fitness 1.249e-01
Level 25:bingo.evolutionary_optimizers.parallel_archipelago:Saving checkpoint: src/bingo_bias_vias_decomposition/checkpoints_st_20/implicit_st_20_p9_p1_10_160.pkl
INFO:bingo.evolutionary_optimizers.parallel_archipelago:Saved successfully
Level 25:bingo.evolutionary_optimizers.evolutionary_optimizer:Generation: 160 	 Elapsed time: 0:10:29.942257 	 Best training fitness: 1.248842e-01 	 
Level 25:bingo.evolutionary_optimizers.evolutionary_optimizer:160, 6.299423e+02, 1582920, 1.248842e-01, 1.248842e-01, 1.249532e-01, 1.261679e-01, 1.535511e-01, 1.654855e-01, 1.751391e-01, 1.783614e-01, 2.162892e-01, 2.162982e-01
INFO:bingo.evolutionary_optimizers.parallel_archipelago:Performing migration between Islands
INFO:bingo.evolutionary_optimizers.parallel_archipelago:Evolution time 0:01:15.568743	 age 180	 fitness 1.248e-01
Level 25:bingo.evolutionary_optimizers.parallel_archipelago:Saving checkpoint: src/bingo_bias_vias_decomposition/checkpoints_st_20/implicit_st_20_p9_p1_10_170.pkl
INFO:bingo.evolutionary_optimizers.parallel_archipelago:Saved successfully
Level 25:bingo.evolutionary_optimizers.evolutionary_optimizer:Generation: 170 	 Elapsed time: 0:11:45.790326 	 Best training fitness: 1.248053e-01 	 
Level 25:bingo.evolutionary_optimizers.evolutionary_optimizer:170, 7.057903e+02, 1695032, 1.248053e-01, 1.248053e-01, 1.261679e-01, 1.535511e-01, 1.654855e-01, 1.751391e-01, 1.783614e-01, 2.162892e-01, 2.162982e-01
INFO:bingo.evolutionary_optimizers.parallel_archipelago:Performing migration between Islands
INFO:bingo.evolutionary_optimizers.parallel_archipelago:Evolution time 0:00:59.901487	 age 190	 fitness 1.248e-01
Level 25:bingo.evolutionary_optimizers.parallel_archipelago:Saving checkpoint: src/bingo_bias_vias_decomposition/checkpoints_st_20/implicit_st_20_p9_p1_10_180.pkl
INFO:bingo.evolutionary_optimizers.parallel_archipelago:Saved successfully
Level 25:bingo.evolutionary_optimizers.evolutionary_optimizer:Generation: 180 	 Elapsed time: 0:12:45.929843 	 Best training fitness: 1.248034e-01 	 
Level 25:bingo.evolutionary_optimizers.evolutionary_optimizer:180, 7.659298e+02, 1783287, 1.248034e-01, 1.248034e-01, 1.261679e-01, 1.535511e-01, 1.618926e-01, 1.751391e-01, 1.783614e-01, 2.162892e-01, 2.162982e-01
INFO:bingo.evolutionary_optimizers.parallel_archipelago:Performing migration between Islands
INFO:bingo.evolutionary_optimizers.parallel_archipelago:Evolution time 0:01:08.258181	 age 200	 fitness 1.248e-01
Level 25:bingo.evolutionary_optimizers.parallel_archipelago:Saving checkpoint: src/bingo_bias_vias_decomposition/checkpoints_st_20/implicit_st_20_p9_p1_10_190.pkl
INFO:bingo.evolutionary_optimizers.parallel_archipelago:Saved successfully
Level 25:bingo.evolutionary_optimizers.evolutionary_optimizer:Generation: 190 	 Elapsed time: 0:13:54.425296 	 Best training fitness: 1.248064e-01 	 
Level 25:bingo.evolutionary_optimizers.evolutionary_optimizer:190, 8.344253e+02, 1888892, 1.248064e-01, 1.248034e-01, 1.261679e-01, 1.535511e-01, 1.618926e-01, 1.751391e-01, 1.783614e-01, 2.162892e-01, 2.162982e-01
INFO:bingo.evolutionary_optimizers.parallel_archipelago:Performing migration between Islands
INFO:bingo.evolutionary_optimizers.parallel_archipelago:Evolution time 0:00:38.474871	 age 210	 fitness 1.236e-01
Level 25:bingo.evolutionary_optimizers.parallel_archipelago:Saving checkpoint: src/bingo_bias_vias_decomposition/checkpoints_st_20/implicit_st_20_p9_p1_10_200.pkl
INFO:bingo.evolutionary_optimizers.parallel_archipelago:Saved successfully
Level 25:bingo.evolutionary_optimizers.evolutionary_optimizer:Generation: 200 	 Elapsed time: 0:14:33.139530 	 Best training fitness: 1.235968e-01 	 
Level 25:bingo.evolutionary_optimizers.evolutionary_optimizer:200, 8.731395e+02, 1965949, 1.235968e-01, 1.235968e-01, 1.248034e-01, 1.261679e-01, 1.535511e-01, 1.618926e-01, 1.751391e-01, 1.783614e-01, 2.162892e-01, 2.162982e-01
INFO:bingo.evolutionary_optimizers.parallel_archipelago:Performing migration between Islands
INFO:bingo.evolutionary_optimizers.parallel_archipelago:Evolution time 0:00:24.815901	 age 220	 fitness 1.228e-01
Level 25:bingo.evolutionary_optimizers.parallel_archipelago:Saving checkpoint: src/bingo_bias_vias_decomposition/checkpoints_st_20/implicit_st_20_p9_p1_10_210.pkl
INFO:bingo.evolutionary_optimizers.parallel_archipelago:Saved successfully
Level 25:bingo.evolutionary_optimizers.evolutionary_optimizer:Generation: 210 	 Elapsed time: 0:14:58.190203 	 Best training fitness: 1.227658e-01 	 
Level 25:bingo.evolutionary_optimizers.evolutionary_optimizer:210, 8.981902e+02, 2033315, 1.227658e-01, 1.227658e-01, 1.261679e-01, 1.535511e-01, 1.618621e-01, 1.751391e-01, 1.783614e-01, 2.162892e-01, 2.162982e-01
INFO:bingo.evolutionary_optimizers.parallel_archipelago:Performing migration between Islands
INFO:bingo.evolutionary_optimizers.parallel_archipelago:Evolution time 0:00:45.624029	 age 230	 fitness 1.227e-01
Level 25:bingo.evolutionary_optimizers.parallel_archipelago:Saving checkpoint: src/bingo_bias_vias_decomposition/checkpoints_st_20/implicit_st_20_p9_p1_10_220.pkl
INFO:bingo.evolutionary_optimizers.parallel_archipelago:Saved successfully
Level 25:bingo.evolutionary_optimizers.evolutionary_optimizer:Generation: 220 	 Elapsed time: 0:15:44.050385 	 Best training fitness: 1.227425e-01 	 
Level 25:bingo.evolutionary_optimizers.evolutionary_optimizer:220, 9.440504e+02, 2115847, 1.227425e-01, 1.227425e-01, 1.261679e-01, 1.535511e-01, 1.618621e-01, 1.751391e-01, 1.783614e-01, 2.162892e-01, 2.162982e-01
INFO:bingo.evolutionary_optimizers.parallel_archipelago:Performing migration between Islands
INFO:bingo.evolutionary_optimizers.parallel_archipelago:Evolution time 0:00:40.124333	 age 240	 fitness 1.227e-01
Level 25:bingo.evolutionary_optimizers.parallel_archipelago:Saving checkpoint: src/bingo_bias_vias_decomposition/checkpoints_st_20/implicit_st_20_p9_p1_10_230.pkl
INFO:bingo.evolutionary_optimizers.parallel_archipelago:Saved successfully
Level 25:bingo.evolutionary_optimizers.evolutionary_optimizer:Generation: 230 	 Elapsed time: 0:16:24.575299 	 Best training fitness: 1.227120e-01 	 
Level 25:bingo.evolutionary_optimizers.evolutionary_optimizer:230, 9.845753e+02, 2238666, 1.227120e-01, 1.227120e-01, 1.227741e-01, 1.241051e-01, 1.535511e-01, 1.618621e-01, 1.751391e-01, 1.783614e-01, 2.162892e-01, 2.162982e-01
INFO:bingo.evolutionary_optimizers.parallel_archipelago:Performing migration between Islands
INFO:bingo.evolutionary_optimizers.parallel_archipelago:Evolution time 0:00:36.204811	 age 250	 fitness 1.227e-01
Level 25:bingo.evolutionary_optimizers.parallel_archipelago:Saving checkpoint: src/bingo_bias_vias_decomposition/checkpoints_st_20/implicit_st_20_p9_p1_10_240.pkl
INFO:bingo.evolutionary_optimizers.parallel_archipelago:Saved successfully
Level 25:bingo.evolutionary_optimizers.evolutionary_optimizer:Generation: 240 	 Elapsed time: 0:17:01.133822 	 Best training fitness: 1.227164e-01 	 
Level 25:bingo.evolutionary_optimizers.evolutionary_optimizer:240, 1.021134e+03, 2354547, 1.227164e-01, 1.227120e-01, 1.227301e-01, 1.618442e-01, 1.751391e-01, 1.783614e-01, 2.162779e-01, 2.162982e-01
INFO:bingo.evolutionary_optimizers.parallel_archipelago:Performing migration between Islands
INFO:bingo.evolutionary_optimizers.parallel_archipelago:Evolution time 0:00:44.975597	 age 260	 fitness 1.227e-01
Level 25:bingo.evolutionary_optimizers.parallel_archipelago:Saving checkpoint: src/bingo_bias_vias_decomposition/checkpoints_st_20/implicit_st_20_p9_p1_10_250.pkl
INFO:bingo.evolutionary_optimizers.parallel_archipelago:Saved successfully
Level 25:bingo.evolutionary_optimizers.evolutionary_optimizer:Generation: 250 	 Elapsed time: 0:17:46.464980 	 Best training fitness: 1.227201e-01 	 
Level 25:bingo.evolutionary_optimizers.evolutionary_optimizer:250, 1.066465e+03, 2484621, 1.227201e-01, 1.227120e-01, 1.227301e-01, 1.618442e-01, 1.751391e-01, 1.783614e-01, 2.162779e-01, 2.162982e-01
INFO:bingo.evolutionary_optimizers.parallel_archipelago:Performing migration between Islands
INFO:bingo.evolutionary_optimizers.parallel_archipelago:Evolution time 0:01:05.224684	 age 270	 fitness 1.227e-01
Level 25:bingo.evolutionary_optimizers.parallel_archipelago:Saving checkpoint: src/bingo_bias_vias_decomposition/checkpoints_st_20/implicit_st_20_p9_p1_10_260.pkl
INFO:bingo.evolutionary_optimizers.parallel_archipelago:Saved successfully
Level 25:bingo.evolutionary_optimizers.evolutionary_optimizer:Generation: 260 	 Elapsed time: 0:18:52.040523 	 Best training fitness: 1.227070e-01 	 
Level 25:bingo.evolutionary_optimizers.evolutionary_optimizer:260, 1.132041e+03, 2645924, 1.227070e-01, 1.227070e-01, 1.618442e-01, 1.751391e-01, 1.783614e-01, 2.162779e-01, 2.162982e-01
INFO:bingo.evolutionary_optimizers.parallel_archipelago:Performing migration between Islands
INFO:bingo.evolutionary_optimizers.parallel_archipelago:Evolution time 0:01:11.857811	 age 280	 fitness 1.227e-01
Level 25:bingo.evolutionary_optimizers.parallel_archipelago:Saving checkpoint: src/bingo_bias_vias_decomposition/checkpoints_st_20/implicit_st_20_p9_p1_10_270.pkl
INFO:bingo.evolutionary_optimizers.parallel_archipelago:Saved successfully
Level 25:bingo.evolutionary_optimizers.evolutionary_optimizer:Generation: 270 	 Elapsed time: 0:20:04.236818 	 Best training fitness: 1.226872e-01 	 
Level 25:bingo.evolutionary_optimizers.evolutionary_optimizer:270, 1.204237e+03, 2821643, 1.226872e-01, 1.226872e-01, 1.618442e-01, 1.751391e-01, 1.783614e-01, 2.162779e-01, 2.162982e-01
INFO:bingo.evolutionary_optimizers.parallel_archipelago:Performing migration between Islands
INFO:bingo.evolutionary_optimizers.parallel_archipelago:Evolution time 0:01:16.439156	 age 290	 fitness 1.227e-01
Level 25:bingo.evolutionary_optimizers.parallel_archipelago:Saving checkpoint: src/bingo_bias_vias_decomposition/checkpoints_st_20/implicit_st_20_p9_p1_10_280.pkl
INFO:bingo.evolutionary_optimizers.parallel_archipelago:Saved successfully
Level 25:bingo.evolutionary_optimizers.evolutionary_optimizer:Generation: 280 	 Elapsed time: 0:21:21.006692 	 Best training fitness: 1.226989e-01 	 
Level 25:bingo.evolutionary_optimizers.evolutionary_optimizer:280, 1.281007e+03, 2950461, 1.226989e-01, 1.226872e-01, 1.618442e-01, 1.751391e-01, 1.783614e-01, 2.162779e-01, 2.162982e-01
INFO:bingo.evolutionary_optimizers.parallel_archipelago:Performing migration between Islands
INFO:bingo.evolutionary_optimizers.parallel_archipelago:Evolution time 0:00:43.817353	 age 300	 fitness 1.227e-01
Level 25:bingo.evolutionary_optimizers.parallel_archipelago:Saving checkpoint: src/bingo_bias_vias_decomposition/checkpoints_st_20/implicit_st_20_p9_p1_10_290.pkl
INFO:bingo.evolutionary_optimizers.parallel_archipelago:Saved successfully
Level 25:bingo.evolutionary_optimizers.evolutionary_optimizer:Generation: 290 	 Elapsed time: 0:22:05.152746 	 Best training fitness: 1.226919e-01 	 
Level 25:bingo.evolutionary_optimizers.evolutionary_optimizer:290, 1.325153e+03, 3052493, 1.226919e-01, 1.226872e-01, 1.618442e-01, 1.751391e-01, 1.783614e-01, 2.162779e-01, 2.162982e-01
INFO:bingo.evolutionary_optimizers.parallel_archipelago:Performing migration between Islands
INFO:bingo.evolutionary_optimizers.parallel_archipelago:Evolution time 0:00:47.500163	 age 310	 fitness 1.227e-01
Level 25:bingo.evolutionary_optimizers.parallel_archipelago:Saving checkpoint: src/bingo_bias_vias_decomposition/checkpoints_st_20/implicit_st_20_p9_p1_10_300.pkl
INFO:bingo.evolutionary_optimizers.parallel_archipelago:Saved successfully
Level 25:bingo.evolutionary_optimizers.evolutionary_optimizer:Generation: 300 	 Elapsed time: 0:22:52.913895 	 Best training fitness: 1.226840e-01 	 
Level 25:bingo.evolutionary_optimizers.evolutionary_optimizer:300, 1.372914e+03, 3156964, 1.226840e-01, 1.226840e-01, 1.495270e-01, 1.618442e-01, 1.751391e-01, 1.783614e-01, 2.162779e-01, 2.162982e-01
INFO:bingo.evolutionary_optimizers.parallel_archipelago:Performing migration between Islands
INFO:bingo.evolutionary_optimizers.parallel_archipelago:Evolution time 0:00:25.317518	 age 320	 fitness 1.227e-01
Level 25:bingo.evolutionary_optimizers.parallel_archipelago:Saving checkpoint: src/bingo_bias_vias_decomposition/checkpoints_st_20/implicit_st_20_p9_p1_10_310.pkl
INFO:bingo.evolutionary_optimizers.parallel_archipelago:Saved successfully
Level 25:bingo.evolutionary_optimizers.evolutionary_optimizer:Generation: 310 	 Elapsed time: 0:23:18.451016 	 Best training fitness: 1.226874e-01 	 
Level 25:bingo.evolutionary_optimizers.evolutionary_optimizer:310, 1.398451e+03, 3231295, 1.226874e-01, 1.226840e-01, 1.495270e-01, 1.618442e-01, 1.751391e-01, 1.783614e-01, 2.162779e-01, 2.162982e-01
INFO:bingo.evolutionary_optimizers.parallel_archipelago:Performing migration between Islands
INFO:bingo.evolutionary_optimizers.parallel_archipelago:Evolution time 0:00:35.556535	 age 330	 fitness 1.227e-01
Level 25:bingo.evolutionary_optimizers.parallel_archipelago:Saving checkpoint: src/bingo_bias_vias_decomposition/checkpoints_st_20/implicit_st_20_p9_p1_10_320.pkl
INFO:bingo.evolutionary_optimizers.parallel_archipelago:Saved successfully
Level 25:bingo.evolutionary_optimizers.evolutionary_optimizer:Generation: 320 	 Elapsed time: 0:23:54.226619 	 Best training fitness: 1.226854e-01 	 
Level 25:bingo.evolutionary_optimizers.evolutionary_optimizer:320, 1.434227e+03, 3317488, 1.226854e-01, 1.226840e-01, 1.495270e-01, 1.618442e-01, 1.751391e-01, 1.783614e-01, 2.162779e-01, 2.162982e-01
INFO:bingo.evolutionary_optimizers.parallel_archipelago:Performing migration between Islands
INFO:bingo.evolutionary_optimizers.parallel_archipelago:Evolution time 0:00:59.829191	 age 340	 fitness 1.227e-01
Level 25:bingo.evolutionary_optimizers.parallel_archipelago:Saving checkpoint: src/bingo_bias_vias_decomposition/checkpoints_st_20/implicit_st_20_p9_p1_10_330.pkl
INFO:bingo.evolutionary_optimizers.parallel_archipelago:Saved successfully
Level 25:bingo.evolutionary_optimizers.evolutionary_optimizer:Generation: 330 	 Elapsed time: 0:24:54.389950 	 Best training fitness: 1.226804e-01 	 
Level 25:bingo.evolutionary_optimizers.evolutionary_optimizer:330, 1.494390e+03, 3434848, 1.226804e-01, 1.226804e-01, 1.226840e-01, 1.495270e-01, 1.618442e-01, 1.751391e-01, 1.783614e-01, 2.162779e-01, 2.162982e-01
INFO:bingo.evolutionary_optimizers.parallel_archipelago:Performing migration between Islands
INFO:bingo.evolutionary_optimizers.parallel_archipelago:Evolution time 0:00:39.104021	 age 350	 fitness 1.227e-01
Level 25:bingo.evolutionary_optimizers.parallel_archipelago:Saving checkpoint: src/bingo_bias_vias_decomposition/checkpoints_st_20/implicit_st_20_p9_p1_10_340.pkl
INFO:bingo.evolutionary_optimizers.parallel_archipelago:Saved successfully
Level 25:bingo.evolutionary_optimizers.evolutionary_optimizer:Generation: 340 	 Elapsed time: 0:25:33.820125 	 Best training fitness: 1.226804e-01 	 
Level 25:bingo.evolutionary_optimizers.evolutionary_optimizer:340, 1.533820e+03, 3537113, 1.226804e-01, 1.226804e-01, 1.226840e-01, 1.495270e-01, 1.505320e-01, 1.751391e-01, 1.783614e-01, 2.162779e-01, 2.162982e-01
INFO:bingo.evolutionary_optimizers.parallel_archipelago:Performing migration between Islands
INFO:bingo.evolutionary_optimizers.parallel_archipelago:Evolution time 0:01:00.403712	 age 360	 fitness 1.223e-01
Level 25:bingo.evolutionary_optimizers.parallel_archipelago:Saving checkpoint: src/bingo_bias_vias_decomposition/checkpoints_st_20/implicit_st_20_p9_p1_10_350.pkl
INFO:bingo.evolutionary_optimizers.parallel_archipelago:Saved successfully
Level 25:bingo.evolutionary_optimizers.evolutionary_optimizer:Generation: 350 	 Elapsed time: 0:26:34.549854 	 Best training fitness: 1.222635e-01 	 
Level 25:bingo.evolutionary_optimizers.evolutionary_optimizer:350, 1.594550e+03, 3698506, 1.222635e-01, 1.222635e-01, 1.226840e-01, 1.495270e-01, 1.505320e-01, 1.751391e-01, 1.783614e-01, 2.162779e-01, 2.162982e-01
INFO:bingo.evolutionary_optimizers.parallel_archipelago:Performing migration between Islands
INFO:bingo.evolutionary_optimizers.parallel_archipelago:Evolution time 0:00:57.727285	 age 370	 fitness 1.223e-01
Level 25:bingo.evolutionary_optimizers.parallel_archipelago:Saving checkpoint: src/bingo_bias_vias_decomposition/checkpoints_st_20/implicit_st_20_p9_p1_10_360.pkl
INFO:bingo.evolutionary_optimizers.parallel_archipelago:Saved successfully
Level 25:bingo.evolutionary_optimizers.evolutionary_optimizer:Generation: 360 	 Elapsed time: 0:27:32.607752 	 Best training fitness: 1.222849e-01 	 
Level 25:bingo.evolutionary_optimizers.evolutionary_optimizer:360, 1.652608e+03, 3833373, 1.222849e-01, 1.222635e-01, 1.226840e-01, 1.495270e-01, 1.505320e-01, 1.751391e-01, 1.783614e-01, 2.162779e-01, 2.162982e-01
INFO:bingo.evolutionary_optimizers.parallel_archipelago:Performing migration between Islands
INFO:bingo.evolutionary_optimizers.parallel_archipelago:Evolution time 0:00:59.149892	 age 380	 fitness 1.223e-01
Level 25:bingo.evolutionary_optimizers.parallel_archipelago:Saving checkpoint: src/bingo_bias_vias_decomposition/checkpoints_st_20/implicit_st_20_p9_p1_10_370.pkl
INFO:bingo.evolutionary_optimizers.parallel_archipelago:Saved successfully
Level 25:bingo.evolutionary_optimizers.evolutionary_optimizer:Generation: 370 	 Elapsed time: 0:28:32.125088 	 Best training fitness: 1.222813e-01 	 
Level 25:bingo.evolutionary_optimizers.evolutionary_optimizer:370, 1.712125e+03, 3983657, 1.222813e-01, 1.222635e-01, 1.226840e-01, 1.495270e-01, 1.505320e-01, 1.751391e-01, 1.783614e-01, 2.162779e-01, 2.162982e-01
INFO:bingo.evolutionary_optimizers.parallel_archipelago:Performing migration between Islands
INFO:bingo.evolutionary_optimizers.parallel_archipelago:Evolution time 0:00:40.472610	 age 390	 fitness 1.280e-16
Level 25:bingo.evolutionary_optimizers.parallel_archipelago:Saving checkpoint: src/bingo_bias_vias_decomposition/checkpoints_st_20/implicit_st_20_p9_p1_10_380.pkl
INFO:bingo.evolutionary_optimizers.parallel_archipelago:Saved successfully
Level 25:bingo.evolutionary_optimizers.evolutionary_optimizer:Generation: 380 	 Elapsed time: 0:29:12.810966 	 Best training fitness: 1.279718e-16 	 
Level 25:bingo.evolutionary_optimizers.evolutionary_optimizer:380, 1.752811e+03, 4104251, 1.279718e-16, 1.279718e-16, 2.162779e-01, 2.162982e-01
Level 25:bingo.evolutionary_optimizers.evolutionary_optimizer:Evolution successfully converged.
Level 25:bingo.evolutionary_optimizers.evolutionary_optimizer:  Absolte convergence occurred with best fitness < 1e-10
Level 25:bingo.evolutionary_optimizers.evolutionary_optimizer:Hall of Fame:
1.2797176521642916e-16	7	sin(log((X_0)(X_0) + (X_1)(X_1)))
0.21627792904740265	3	sin(log(0.144169))
0.21629815942897543	1	-0.933377
