Level 25:bingo.evolutionary_optimizers.evolutionary_optimizer:#generational_age, elapsed_time, fitness_evaluation_count, current_training_fitness, hall_of_fame_fitnesses
Level 25:bingo.evolutionary_optimizers.evolutionary_optimizer:#generational_age, elapsed_time, fitness_evaluation_count, current_training_fitness, hall_of_fame_fitnesses
Level 25:bingo.evolutionary_optimizers.parallel_archipelago:Saving checkpoint: src/bingo_bias_vias_decomposition/checkpoints_st_20/implicit_st_20_p8_p2_3_0.pkl
INFO:bingo.evolutionary_optimizers.parallel_archipelago:Saved successfully
Level 25:bingo.evolutionary_optimizers.evolutionary_optimizer:Generation: 0 	 Elapsed time: 0:00:05.364098 	 Best training fitness: 1.924877e-01 	 
Level 25:bingo.evolutionary_optimizers.evolutionary_optimizer:0, 5.364098e+00, 14586, 1.924877e-01
INFO:bingo.evolutionary_optimizers.parallel_archipelago:Performing migration between Islands
INFO:bingo.evolutionary_optimizers.parallel_archipelago:Evolution time 0:01:01.853158	 age 20	 fitness 1.923e-01
Level 25:bingo.evolutionary_optimizers.parallel_archipelago:Saving checkpoint: src/bingo_bias_vias_decomposition/checkpoints_st_20/implicit_st_20_p8_p2_3_10.pkl
INFO:bingo.evolutionary_optimizers.parallel_archipelago:Saved successfully
Level 25:bingo.evolutionary_optimizers.evolutionary_optimizer:Generation: 10 	 Elapsed time: 0:01:07.506737 	 Best training fitness: 1.923317e-01 	 
Level 25:bingo.evolutionary_optimizers.evolutionary_optimizer:10, 6.750674e+01, 131765, 1.923317e-01, 1.923317e-01, 1.924060e-01, 1.924606e-01
INFO:bingo.evolutionary_optimizers.parallel_archipelago:Performing migration between Islands
INFO:bingo.evolutionary_optimizers.parallel_archipelago:Evolution time 0:00:42.630908	 age 30	 fitness 1.923e-01
Level 25:bingo.evolutionary_optimizers.parallel_archipelago:Saving checkpoint: src/bingo_bias_vias_decomposition/checkpoints_st_20/implicit_st_20_p8_p2_3_20.pkl
INFO:bingo.evolutionary_optimizers.parallel_archipelago:Saved successfully
Level 25:bingo.evolutionary_optimizers.evolutionary_optimizer:Generation: 20 	 Elapsed time: 0:01:50.378327 	 Best training fitness: 1.922802e-01 	 
Level 25:bingo.evolutionary_optimizers.evolutionary_optimizer:20, 1.103783e+02, 217651, 1.922802e-01, 1.922802e-01, 1.923117e-01, 1.924018e-01
INFO:bingo.evolutionary_optimizers.parallel_archipelago:Performing migration between Islands
INFO:bingo.evolutionary_optimizers.parallel_archipelago:Evolution time 0:00:51.852519	 age 40	 fitness 1.919e-01
Level 25:bingo.evolutionary_optimizers.parallel_archipelago:Saving checkpoint: src/bingo_bias_vias_decomposition/checkpoints_st_20/implicit_st_20_p8_p2_3_30.pkl
INFO:bingo.evolutionary_optimizers.parallel_archipelago:Saved successfully
Level 25:bingo.evolutionary_optimizers.evolutionary_optimizer:Generation: 30 	 Elapsed time: 0:02:42.457129 	 Best training fitness: 1.918831e-01 	 
Level 25:bingo.evolutionary_optimizers.evolutionary_optimizer:30, 1.624571e+02, 291728, 1.918831e-01, 1.918831e-01, 1.922802e-01, 1.923117e-01, 1.924018e-01
INFO:bingo.evolutionary_optimizers.parallel_archipelago:Performing migration between Islands
INFO:bingo.evolutionary_optimizers.parallel_archipelago:Evolution time 0:00:25.300275	 age 50	 fitness 1.920e-01
Level 25:bingo.evolutionary_optimizers.parallel_archipelago:Saving checkpoint: src/bingo_bias_vias_decomposition/checkpoints_st_20/implicit_st_20_p8_p2_3_40.pkl
INFO:bingo.evolutionary_optimizers.parallel_archipelago:Saved successfully
Level 25:bingo.evolutionary_optimizers.evolutionary_optimizer:Generation: 40 	 Elapsed time: 0:03:07.983025 	 Best training fitness: 1.919676e-01 	 
Level 25:bingo.evolutionary_optimizers.evolutionary_optimizer:40, 1.879830e+02, 346494, 1.919676e-01, 1.918831e-01, 1.922802e-01, 1.923117e-01, 1.924018e-01
INFO:bingo.evolutionary_optimizers.parallel_archipelago:Performing migration between Islands
INFO:bingo.evolutionary_optimizers.parallel_archipelago:Evolution time 0:00:17.325212	 age 60	 fitness 1.731e-01
Level 25:bingo.evolutionary_optimizers.parallel_archipelago:Saving checkpoint: src/bingo_bias_vias_decomposition/checkpoints_st_20/implicit_st_20_p8_p2_3_50.pkl
INFO:bingo.evolutionary_optimizers.parallel_archipelago:Saved successfully
Level 25:bingo.evolutionary_optimizers.evolutionary_optimizer:Generation: 50 	 Elapsed time: 0:03:25.526609 	 Best training fitness: 1.731493e-01 	 
Level 25:bingo.evolutionary_optimizers.evolutionary_optimizer:50, 2.055266e+02, 393925, 1.731493e-01, 1.731493e-01, 1.916402e-01, 1.922802e-01, 1.922968e-01, 1.923948e-01
INFO:bingo.evolutionary_optimizers.parallel_archipelago:Performing migration between Islands
INFO:bingo.evolutionary_optimizers.parallel_archipelago:Evolution time 0:00:40.186510	 age 70	 fitness 1.731e-01
Level 25:bingo.evolutionary_optimizers.parallel_archipelago:Saving checkpoint: src/bingo_bias_vias_decomposition/checkpoints_st_20/implicit_st_20_p8_p2_3_60.pkl
INFO:bingo.evolutionary_optimizers.parallel_archipelago:Saved successfully
Level 25:bingo.evolutionary_optimizers.evolutionary_optimizer:Generation: 60 	 Elapsed time: 0:04:05.947701 	 Best training fitness: 1.730723e-01 	 
Level 25:bingo.evolutionary_optimizers.evolutionary_optimizer:60, 2.459477e+02, 457870, 1.730723e-01, 1.730723e-01, 1.913670e-01, 1.922802e-01, 1.922968e-01, 1.923821e-01
INFO:bingo.evolutionary_optimizers.parallel_archipelago:Performing migration between Islands
INFO:bingo.evolutionary_optimizers.parallel_archipelago:Evolution time 0:00:16.865190	 age 80	 fitness 1.731e-01
Level 25:bingo.evolutionary_optimizers.parallel_archipelago:Saving checkpoint: src/bingo_bias_vias_decomposition/checkpoints_st_20/implicit_st_20_p8_p2_3_70.pkl
INFO:bingo.evolutionary_optimizers.parallel_archipelago:Saved successfully
Level 25:bingo.evolutionary_optimizers.evolutionary_optimizer:Generation: 70 	 Elapsed time: 0:04:23.047066 	 Best training fitness: 1.730723e-01 	 
Level 25:bingo.evolutionary_optimizers.evolutionary_optimizer:70, 2.630471e+02, 504120, 1.730723e-01, 1.730723e-01, 1.913670e-01, 1.922802e-01, 1.922968e-01, 1.923821e-01
INFO:bingo.evolutionary_optimizers.parallel_archipelago:Performing migration between Islands
INFO:bingo.evolutionary_optimizers.parallel_archipelago:Evolution time 0:00:30.385564	 age 90	 fitness 1.611e-01
Level 25:bingo.evolutionary_optimizers.parallel_archipelago:Saving checkpoint: src/bingo_bias_vias_decomposition/checkpoints_st_20/implicit_st_20_p8_p2_3_80.pkl
INFO:bingo.evolutionary_optimizers.parallel_archipelago:Saved successfully
Level 25:bingo.evolutionary_optimizers.evolutionary_optimizer:Generation: 80 	 Elapsed time: 0:04:53.707531 	 Best training fitness: 1.611349e-01 	 
Level 25:bingo.evolutionary_optimizers.evolutionary_optimizer:80, 2.937075e+02, 557068, 1.611349e-01, 1.611349e-01, 1.707048e-01, 1.730723e-01, 1.913481e-01, 1.922802e-01, 1.922968e-01, 1.923821e-01
INFO:bingo.evolutionary_optimizers.parallel_archipelago:Performing migration between Islands
INFO:bingo.evolutionary_optimizers.parallel_archipelago:Evolution time 0:00:36.596868	 age 100	 fitness 1.445e-01
Level 25:bingo.evolutionary_optimizers.parallel_archipelago:Saving checkpoint: src/bingo_bias_vias_decomposition/checkpoints_st_20/implicit_st_20_p8_p2_3_90.pkl
INFO:bingo.evolutionary_optimizers.parallel_archipelago:Saved successfully
Level 25:bingo.evolutionary_optimizers.evolutionary_optimizer:Generation: 90 	 Elapsed time: 0:05:30.565840 	 Best training fitness: 1.445067e-01 	 
Level 25:bingo.evolutionary_optimizers.evolutionary_optimizer:90, 3.305658e+02, 619201, 1.445067e-01, 1.445067e-01, 1.543046e-01, 1.609500e-01, 1.705565e-01, 1.730723e-01, 1.913481e-01, 1.922738e-01, 1.922769e-01, 1.922802e-01, 1.922968e-01, 1.923821e-01
INFO:bingo.evolutionary_optimizers.parallel_archipelago:Performing migration between Islands
INFO:bingo.evolutionary_optimizers.parallel_archipelago:Evolution time 0:00:35.430060	 age 110	 fitness 1.445e-01
Level 25:bingo.evolutionary_optimizers.parallel_archipelago:Saving checkpoint: src/bingo_bias_vias_decomposition/checkpoints_st_20/implicit_st_20_p8_p2_3_100.pkl
INFO:bingo.evolutionary_optimizers.parallel_archipelago:Saved successfully
Level 25:bingo.evolutionary_optimizers.evolutionary_optimizer:Generation: 100 	 Elapsed time: 0:06:06.238876 	 Best training fitness: 1.445226e-01 	 
Level 25:bingo.evolutionary_optimizers.evolutionary_optimizer:100, 3.662389e+02, 683103, 1.445226e-01, 1.445067e-01, 1.487210e-01, 1.705091e-01, 1.730723e-01, 1.913481e-01, 1.922738e-01, 1.922769e-01, 1.922802e-01, 1.922968e-01, 1.923821e-01
INFO:bingo.evolutionary_optimizers.parallel_archipelago:Performing migration between Islands
INFO:bingo.evolutionary_optimizers.parallel_archipelago:Evolution time 0:00:21.683671	 age 120	 fitness 1.445e-01
Level 25:bingo.evolutionary_optimizers.parallel_archipelago:Saving checkpoint: src/bingo_bias_vias_decomposition/checkpoints_st_20/implicit_st_20_p8_p2_3_110.pkl
INFO:bingo.evolutionary_optimizers.parallel_archipelago:Saved successfully
Level 25:bingo.evolutionary_optimizers.evolutionary_optimizer:Generation: 110 	 Elapsed time: 0:06:28.163230 	 Best training fitness: 1.444644e-01 	 
Level 25:bingo.evolutionary_optimizers.evolutionary_optimizer:110, 3.881632e+02, 740910, 1.444644e-01, 1.444644e-01, 1.487210e-01, 1.705091e-01, 1.730723e-01, 1.913481e-01, 1.922738e-01, 1.922769e-01, 1.922802e-01, 1.922968e-01, 1.923289e-01
INFO:bingo.evolutionary_optimizers.parallel_archipelago:Performing migration between Islands
INFO:bingo.evolutionary_optimizers.parallel_archipelago:Evolution time 0:01:05.246741	 age 130	 fitness 1.444e-01
Level 25:bingo.evolutionary_optimizers.parallel_archipelago:Saving checkpoint: src/bingo_bias_vias_decomposition/checkpoints_st_20/implicit_st_20_p8_p2_3_120.pkl
INFO:bingo.evolutionary_optimizers.parallel_archipelago:Saved successfully
Level 25:bingo.evolutionary_optimizers.evolutionary_optimizer:Generation: 120 	 Elapsed time: 0:07:33.659065 	 Best training fitness: 1.444470e-01 	 
Level 25:bingo.evolutionary_optimizers.evolutionary_optimizer:120, 4.536591e+02, 830879, 1.444470e-01, 1.444470e-01, 1.487210e-01, 1.630941e-01, 1.705091e-01, 1.730723e-01, 1.913481e-01, 1.922738e-01, 1.922769e-01, 1.922802e-01, 1.922968e-01, 1.923189e-01
INFO:bingo.evolutionary_optimizers.parallel_archipelago:Performing migration between Islands
INFO:bingo.evolutionary_optimizers.parallel_archipelago:Evolution time 0:01:04.068991	 age 140	 fitness 1.444e-01
Level 25:bingo.evolutionary_optimizers.parallel_archipelago:Saving checkpoint: src/bingo_bias_vias_decomposition/checkpoints_st_20/implicit_st_20_p8_p2_3_130.pkl
INFO:bingo.evolutionary_optimizers.parallel_archipelago:Saved successfully
Level 25:bingo.evolutionary_optimizers.evolutionary_optimizer:Generation: 130 	 Elapsed time: 0:08:38.021465 	 Best training fitness: 1.444362e-01 	 
Level 25:bingo.evolutionary_optimizers.evolutionary_optimizer:130, 5.180215e+02, 940254, 1.444362e-01, 1.444362e-01, 1.487210e-01, 1.630941e-01, 1.705091e-01, 1.730723e-01, 1.913481e-01, 1.922738e-01, 1.922769e-01, 1.922802e-01, 1.922838e-01
INFO:bingo.evolutionary_optimizers.parallel_archipelago:Performing migration between Islands
INFO:bingo.evolutionary_optimizers.parallel_archipelago:Evolution time 0:01:06.251597	 age 150	 fitness 1.444e-01
Level 25:bingo.evolutionary_optimizers.parallel_archipelago:Saving checkpoint: src/bingo_bias_vias_decomposition/checkpoints_st_20/implicit_st_20_p8_p2_3_140.pkl
INFO:bingo.evolutionary_optimizers.parallel_archipelago:Saved successfully
Level 25:bingo.evolutionary_optimizers.evolutionary_optimizer:Generation: 140 	 Elapsed time: 0:09:44.510809 	 Best training fitness: 1.444457e-01 	 
Level 25:bingo.evolutionary_optimizers.evolutionary_optimizer:140, 5.845108e+02, 1037200, 1.444457e-01, 1.444362e-01, 1.487210e-01, 1.630941e-01, 1.704463e-01, 1.730723e-01, 1.913481e-01, 1.922738e-01, 1.922769e-01, 1.922802e-01, 1.922838e-01
INFO:bingo.evolutionary_optimizers.parallel_archipelago:Performing migration between Islands
INFO:bingo.evolutionary_optimizers.parallel_archipelago:Evolution time 0:00:43.267167	 age 160	 fitness 1.312e-01
Level 25:bingo.evolutionary_optimizers.parallel_archipelago:Saving checkpoint: src/bingo_bias_vias_decomposition/checkpoints_st_20/implicit_st_20_p8_p2_3_150.pkl
INFO:bingo.evolutionary_optimizers.parallel_archipelago:Saved successfully
Level 25:bingo.evolutionary_optimizers.evolutionary_optimizer:Generation: 150 	 Elapsed time: 0:10:28.061087 	 Best training fitness: 1.312190e-01 	 
Level 25:bingo.evolutionary_optimizers.evolutionary_optimizer:150, 6.280611e+02, 1122196, 1.312190e-01, 1.312190e-01, 1.417179e-01, 1.420533e-01, 1.630941e-01, 1.704463e-01, 1.730723e-01, 1.913481e-01, 1.922738e-01, 1.922769e-01, 1.922802e-01, 1.922838e-01
INFO:bingo.evolutionary_optimizers.parallel_archipelago:Performing migration between Islands
INFO:bingo.evolutionary_optimizers.parallel_archipelago:Evolution time 0:00:49.383262	 age 170	 fitness 1.312e-01
Level 25:bingo.evolutionary_optimizers.parallel_archipelago:Saving checkpoint: src/bingo_bias_vias_decomposition/checkpoints_st_20/implicit_st_20_p8_p2_3_160.pkl
INFO:bingo.evolutionary_optimizers.parallel_archipelago:Saved successfully
Level 25:bingo.evolutionary_optimizers.evolutionary_optimizer:Generation: 160 	 Elapsed time: 0:11:17.689774 	 Best training fitness: 1.311610e-01 	 
Level 25:bingo.evolutionary_optimizers.evolutionary_optimizer:160, 6.776898e+02, 1212540, 1.311610e-01, 1.311610e-01, 1.394749e-01, 1.630941e-01, 1.704463e-01, 1.730723e-01, 1.913481e-01, 1.922738e-01, 1.922767e-01, 1.922769e-01, 1.922802e-01, 1.922838e-01
INFO:bingo.evolutionary_optimizers.parallel_archipelago:Performing migration between Islands
INFO:bingo.evolutionary_optimizers.parallel_archipelago:Evolution time 0:01:07.095737	 age 180	 fitness 8.560e-02
Level 25:bingo.evolutionary_optimizers.parallel_archipelago:Saving checkpoint: src/bingo_bias_vias_decomposition/checkpoints_st_20/implicit_st_20_p8_p2_3_170.pkl
INFO:bingo.evolutionary_optimizers.parallel_archipelago:Saved successfully
Level 25:bingo.evolutionary_optimizers.evolutionary_optimizer:Generation: 170 	 Elapsed time: 0:12:25.031254 	 Best training fitness: 8.559706e-02 	 
Level 25:bingo.evolutionary_optimizers.evolutionary_optimizer:170, 7.450313e+02, 1312285, 8.559706e-02, 8.559706e-02, 1.393133e-01, 1.630941e-01, 1.704463e-01, 1.730723e-01, 1.913481e-01, 1.922738e-01, 1.922767e-01, 1.922769e-01, 1.922802e-01, 1.922838e-01
INFO:bingo.evolutionary_optimizers.parallel_archipelago:Performing migration between Islands
INFO:bingo.evolutionary_optimizers.parallel_archipelago:Evolution time 0:00:46.684248	 age 190	 fitness 8.559e-02
Level 25:bingo.evolutionary_optimizers.parallel_archipelago:Saving checkpoint: src/bingo_bias_vias_decomposition/checkpoints_st_20/implicit_st_20_p8_p2_3_180.pkl
INFO:bingo.evolutionary_optimizers.parallel_archipelago:Saved successfully
Level 25:bingo.evolutionary_optimizers.evolutionary_optimizer:Generation: 180 	 Elapsed time: 0:13:11.962577 	 Best training fitness: 8.559474e-02 	 
Level 25:bingo.evolutionary_optimizers.evolutionary_optimizer:180, 7.919626e+02, 1402692, 8.559474e-02, 8.559474e-02, 1.393133e-01, 1.630941e-01, 1.704463e-01, 1.730723e-01, 1.913481e-01, 1.922738e-01, 1.922767e-01, 1.922769e-01, 1.922802e-01, 1.922838e-01
INFO:bingo.evolutionary_optimizers.parallel_archipelago:Performing migration between Islands
INFO:bingo.evolutionary_optimizers.parallel_archipelago:Evolution time 0:00:49.437744	 age 200	 fitness 8.559e-02
Level 25:bingo.evolutionary_optimizers.parallel_archipelago:Saving checkpoint: src/bingo_bias_vias_decomposition/checkpoints_st_20/implicit_st_20_p8_p2_3_190.pkl
INFO:bingo.evolutionary_optimizers.parallel_archipelago:Saved successfully
Level 25:bingo.evolutionary_optimizers.evolutionary_optimizer:Generation: 190 	 Elapsed time: 0:14:01.644530 	 Best training fitness: 8.558956e-02 	 
Level 25:bingo.evolutionary_optimizers.evolutionary_optimizer:190, 8.416445e+02, 1495126, 8.558956e-02, 8.558956e-02, 1.393133e-01, 1.630941e-01, 1.689195e-01, 1.730723e-01, 1.913481e-01, 1.922738e-01, 1.922767e-01, 1.922769e-01, 1.922802e-01, 1.922838e-01
INFO:bingo.evolutionary_optimizers.parallel_archipelago:Performing migration between Islands
INFO:bingo.evolutionary_optimizers.parallel_archipelago:Evolution time 0:00:58.782506	 age 210	 fitness 8.559e-02
Level 25:bingo.evolutionary_optimizers.parallel_archipelago:Saving checkpoint: src/bingo_bias_vias_decomposition/checkpoints_st_20/implicit_st_20_p8_p2_3_200.pkl
INFO:bingo.evolutionary_optimizers.parallel_archipelago:Saved successfully
Level 25:bingo.evolutionary_optimizers.evolutionary_optimizer:Generation: 200 	 Elapsed time: 0:15:00.666015 	 Best training fitness: 8.559030e-02 	 
Level 25:bingo.evolutionary_optimizers.evolutionary_optimizer:200, 9.006660e+02, 1605192, 8.559030e-02, 8.558956e-02, 8.986268e-02, 1.261032e-01, 1.630941e-01, 1.689195e-01, 1.730723e-01, 1.913481e-01, 1.922738e-01, 1.922767e-01, 1.922769e-01, 1.922802e-01, 1.922838e-01
INFO:bingo.evolutionary_optimizers.parallel_archipelago:Performing migration between Islands
INFO:bingo.evolutionary_optimizers.parallel_archipelago:Evolution time 0:00:55.343768	 age 220	 fitness 8.559e-02
Level 25:bingo.evolutionary_optimizers.parallel_archipelago:Saving checkpoint: src/bingo_bias_vias_decomposition/checkpoints_st_20/implicit_st_20_p8_p2_3_210.pkl
INFO:bingo.evolutionary_optimizers.parallel_archipelago:Saved successfully
Level 25:bingo.evolutionary_optimizers.evolutionary_optimizer:Generation: 210 	 Elapsed time: 0:15:56.246414 	 Best training fitness: 8.559367e-02 	 
Level 25:bingo.evolutionary_optimizers.evolutionary_optimizer:210, 9.562464e+02, 1702951, 8.559367e-02, 8.558956e-02, 8.986268e-02, 9.686805e-02, 1.630941e-01, 1.689195e-01, 1.730723e-01, 1.913481e-01, 1.922738e-01, 1.922767e-01, 1.922769e-01, 1.922802e-01, 1.922838e-01
INFO:bingo.evolutionary_optimizers.parallel_archipelago:Performing migration between Islands
INFO:bingo.evolutionary_optimizers.parallel_archipelago:Evolution time 0:00:28.421667	 age 230	 fitness 8.559e-02
Level 25:bingo.evolutionary_optimizers.parallel_archipelago:Saving checkpoint: src/bingo_bias_vias_decomposition/checkpoints_st_20/implicit_st_20_p8_p2_3_220.pkl
INFO:bingo.evolutionary_optimizers.parallel_archipelago:Saved successfully
Level 25:bingo.evolutionary_optimizers.evolutionary_optimizer:Generation: 220 	 Elapsed time: 0:16:24.938525 	 Best training fitness: 8.559200e-02 	 
Level 25:bingo.evolutionary_optimizers.evolutionary_optimizer:220, 9.849385e+02, 1781580, 8.559200e-02, 8.558956e-02, 8.986268e-02, 9.686805e-02, 1.630941e-01, 1.689195e-01, 1.730723e-01, 1.913481e-01, 1.922738e-01, 1.922767e-01, 1.922769e-01, 1.922802e-01, 1.922838e-01
INFO:bingo.evolutionary_optimizers.parallel_archipelago:Performing migration between Islands
INFO:bingo.evolutionary_optimizers.parallel_archipelago:Evolution time 0:01:10.833925	 age 240	 fitness 8.559e-02
Level 25:bingo.evolutionary_optimizers.parallel_archipelago:Saving checkpoint: src/bingo_bias_vias_decomposition/checkpoints_st_20/implicit_st_20_p8_p2_3_230.pkl
INFO:bingo.evolutionary_optimizers.parallel_archipelago:Saved successfully
Level 25:bingo.evolutionary_optimizers.evolutionary_optimizer:Generation: 230 	 Elapsed time: 0:17:36.009846 	 Best training fitness: 8.559167e-02 	 
Level 25:bingo.evolutionary_optimizers.evolutionary_optimizer:230, 1.056010e+03, 1899759, 8.559167e-02, 8.558956e-02, 8.986268e-02, 9.686805e-02, 1.630941e-01, 1.689195e-01, 1.730723e-01, 1.913481e-01, 1.922738e-01, 1.922767e-01, 1.922769e-01, 1.922802e-01, 1.922838e-01
INFO:bingo.evolutionary_optimizers.parallel_archipelago:Performing migration between Islands
INFO:bingo.evolutionary_optimizers.parallel_archipelago:Evolution time 0:01:17.446382	 age 250	 fitness 8.559e-02
Level 25:bingo.evolutionary_optimizers.parallel_archipelago:Saving checkpoint: src/bingo_bias_vias_decomposition/checkpoints_st_20/implicit_st_20_p8_p2_3_240.pkl
INFO:bingo.evolutionary_optimizers.parallel_archipelago:Saved successfully
Level 25:bingo.evolutionary_optimizers.evolutionary_optimizer:Generation: 240 	 Elapsed time: 0:18:53.699435 	 Best training fitness: 8.559031e-02 	 
Level 25:bingo.evolutionary_optimizers.evolutionary_optimizer:240, 1.133699e+03, 2014538, 8.559031e-02, 8.558956e-02, 8.986268e-02, 9.686805e-02, 1.630941e-01, 1.689195e-01, 1.730723e-01, 1.913481e-01, 1.922738e-01, 1.922767e-01, 1.922769e-01, 1.922796e-01
INFO:bingo.evolutionary_optimizers.parallel_archipelago:Performing migration between Islands
INFO:bingo.evolutionary_optimizers.parallel_archipelago:Evolution time 0:00:51.167597	 age 260	 fitness 8.559e-02
Level 25:bingo.evolutionary_optimizers.parallel_archipelago:Saving checkpoint: src/bingo_bias_vias_decomposition/checkpoints_st_20/implicit_st_20_p8_p2_3_250.pkl
INFO:bingo.evolutionary_optimizers.parallel_archipelago:Saved successfully
Level 25:bingo.evolutionary_optimizers.evolutionary_optimizer:Generation: 250 	 Elapsed time: 0:19:45.109053 	 Best training fitness: 8.559031e-02 	 
Level 25:bingo.evolutionary_optimizers.evolutionary_optimizer:250, 1.185109e+03, 2108729, 8.559031e-02, 8.558956e-02, 8.986268e-02, 9.686805e-02, 1.630941e-01, 1.689195e-01, 1.730723e-01, 1.913481e-01, 1.922738e-01, 1.922767e-01, 1.922769e-01, 1.922796e-01
INFO:bingo.evolutionary_optimizers.parallel_archipelago:Performing migration between Islands
INFO:bingo.evolutionary_optimizers.parallel_archipelago:Evolution time 0:01:16.312197	 age 270	 fitness 8.559e-02
Level 25:bingo.evolutionary_optimizers.parallel_archipelago:Saving checkpoint: src/bingo_bias_vias_decomposition/checkpoints_st_20/implicit_st_20_p8_p2_3_260.pkl
INFO:bingo.evolutionary_optimizers.parallel_archipelago:Saved successfully
Level 25:bingo.evolutionary_optimizers.evolutionary_optimizer:Generation: 260 	 Elapsed time: 0:21:01.750163 	 Best training fitness: 8.559059e-02 	 
Level 25:bingo.evolutionary_optimizers.evolutionary_optimizer:260, 1.261750e+03, 2235164, 8.559059e-02, 8.558956e-02, 8.986268e-02, 9.686805e-02, 1.630941e-01, 1.689195e-01, 1.730723e-01, 1.913481e-01, 1.922738e-01, 1.922767e-01, 1.922769e-01, 1.922796e-01
INFO:bingo.evolutionary_optimizers.parallel_archipelago:Performing migration between Islands
INFO:bingo.evolutionary_optimizers.parallel_archipelago:Evolution time 0:01:09.849270	 age 280	 fitness 8.559e-02
Level 25:bingo.evolutionary_optimizers.parallel_archipelago:Saving checkpoint: src/bingo_bias_vias_decomposition/checkpoints_st_20/implicit_st_20_p8_p2_3_270.pkl
INFO:bingo.evolutionary_optimizers.parallel_archipelago:Saved successfully
Level 25:bingo.evolutionary_optimizers.evolutionary_optimizer:Generation: 270 	 Elapsed time: 0:22:11.953983 	 Best training fitness: 8.559019e-02 	 
Level 25:bingo.evolutionary_optimizers.evolutionary_optimizer:270, 1.331954e+03, 2344146, 8.559019e-02, 8.558956e-02, 8.986268e-02, 9.686805e-02, 1.630941e-01, 1.689195e-01, 1.730723e-01, 1.913481e-01, 1.922738e-01, 1.922767e-01, 1.922769e-01, 1.922796e-01
INFO:bingo.evolutionary_optimizers.parallel_archipelago:Performing migration between Islands
INFO:bingo.evolutionary_optimizers.parallel_archipelago:Evolution time 0:01:38.667084	 age 290	 fitness 8.559e-02
Level 25:bingo.evolutionary_optimizers.parallel_archipelago:Saving checkpoint: src/bingo_bias_vias_decomposition/checkpoints_st_20/implicit_st_20_p8_p2_3_280.pkl
INFO:bingo.evolutionary_optimizers.parallel_archipelago:Saved successfully
Level 25:bingo.evolutionary_optimizers.evolutionary_optimizer:Generation: 280 	 Elapsed time: 0:23:50.992596 	 Best training fitness: 8.559019e-02 	 
Level 25:bingo.evolutionary_optimizers.evolutionary_optimizer:280, 1.430993e+03, 2529672, 8.559019e-02, 8.558956e-02, 8.986268e-02, 9.686805e-02, 1.630941e-01, 1.689195e-01, 1.730723e-01, 1.913481e-01, 1.922738e-01, 1.922752e-01, 1.922796e-01
INFO:bingo.evolutionary_optimizers.parallel_archipelago:Performing migration between Islands
INFO:bingo.evolutionary_optimizers.parallel_archipelago:Evolution time 0:01:11.754248	 age 300	 fitness 8.559e-02
Level 25:bingo.evolutionary_optimizers.parallel_archipelago:Saving checkpoint: src/bingo_bias_vias_decomposition/checkpoints_st_20/implicit_st_20_p8_p2_3_290.pkl
INFO:bingo.evolutionary_optimizers.parallel_archipelago:Saved successfully
Level 25:bingo.evolutionary_optimizers.evolutionary_optimizer:Generation: 290 	 Elapsed time: 0:25:03.163973 	 Best training fitness: 8.559191e-02 	 
Level 25:bingo.evolutionary_optimizers.evolutionary_optimizer:290, 1.503164e+03, 2682642, 8.559191e-02, 8.558956e-02, 8.986268e-02, 9.686805e-02, 1.630941e-01, 1.689195e-01, 1.730723e-01, 1.913481e-01, 1.922738e-01, 1.922752e-01, 1.922796e-01
INFO:bingo.evolutionary_optimizers.parallel_archipelago:Performing migration between Islands
INFO:bingo.evolutionary_optimizers.parallel_archipelago:Evolution time 0:00:52.702098	 age 310	 fitness 8.559e-02
Level 25:bingo.evolutionary_optimizers.parallel_archipelago:Saving checkpoint: src/bingo_bias_vias_decomposition/checkpoints_st_20/implicit_st_20_p8_p2_3_300.pkl
INFO:bingo.evolutionary_optimizers.parallel_archipelago:Saved successfully
Level 25:bingo.evolutionary_optimizers.evolutionary_optimizer:Generation: 300 	 Elapsed time: 0:25:56.243600 	 Best training fitness: 8.559068e-02 	 
Level 25:bingo.evolutionary_optimizers.evolutionary_optimizer:300, 1.556244e+03, 2798011, 8.559068e-02, 8.558956e-02, 8.986268e-02, 9.686805e-02, 1.630941e-01, 1.689195e-01, 1.730723e-01, 1.913481e-01, 1.922738e-01, 1.922752e-01, 1.922796e-01
INFO:bingo.evolutionary_optimizers.parallel_archipelago:Performing migration between Islands
INFO:bingo.evolutionary_optimizers.parallel_archipelago:Evolution time 0:00:50.312060	 age 320	 fitness 8.559e-02
Level 25:bingo.evolutionary_optimizers.parallel_archipelago:Saving checkpoint: src/bingo_bias_vias_decomposition/checkpoints_st_20/implicit_st_20_p8_p2_3_310.pkl
INFO:bingo.evolutionary_optimizers.parallel_archipelago:Saved successfully
Level 25:bingo.evolutionary_optimizers.evolutionary_optimizer:Generation: 310 	 Elapsed time: 0:26:46.919347 	 Best training fitness: 8.559139e-02 	 
Level 25:bingo.evolutionary_optimizers.evolutionary_optimizer:310, 1.606919e+03, 2903963, 8.559139e-02, 8.558956e-02, 8.986268e-02, 9.686805e-02, 1.630941e-01, 1.689195e-01, 1.730723e-01, 1.913481e-01, 1.922738e-01, 1.922752e-01, 1.922796e-01
INFO:bingo.evolutionary_optimizers.parallel_archipelago:Performing migration between Islands
INFO:bingo.evolutionary_optimizers.parallel_archipelago:Evolution time 0:00:52.285244	 age 330	 fitness 8.479e-02
Level 25:bingo.evolutionary_optimizers.parallel_archipelago:Saving checkpoint: src/bingo_bias_vias_decomposition/checkpoints_st_20/implicit_st_20_p8_p2_3_320.pkl
INFO:bingo.evolutionary_optimizers.parallel_archipelago:Saved successfully
Level 25:bingo.evolutionary_optimizers.evolutionary_optimizer:Generation: 320 	 Elapsed time: 0:27:39.579893 	 Best training fitness: 8.478693e-02 	 
Level 25:bingo.evolutionary_optimizers.evolutionary_optimizer:320, 1.659580e+03, 3014990, 8.478693e-02, 8.478693e-02, 8.986268e-02, 9.686805e-02, 1.630941e-01, 1.689195e-01, 1.730723e-01, 1.913481e-01, 1.922738e-01, 1.922752e-01, 1.922796e-01
INFO:bingo.evolutionary_optimizers.parallel_archipelago:Performing migration between Islands
INFO:bingo.evolutionary_optimizers.parallel_archipelago:Evolution time 0:00:48.915039	 age 340	 fitness 8.479e-02
Level 25:bingo.evolutionary_optimizers.parallel_archipelago:Saving checkpoint: src/bingo_bias_vias_decomposition/checkpoints_st_20/implicit_st_20_p8_p2_3_330.pkl
INFO:bingo.evolutionary_optimizers.parallel_archipelago:Saved successfully
Level 25:bingo.evolutionary_optimizers.evolutionary_optimizer:Generation: 330 	 Elapsed time: 0:28:28.864081 	 Best training fitness: 8.478693e-02 	 
Level 25:bingo.evolutionary_optimizers.evolutionary_optimizer:330, 1.708864e+03, 3119430, 8.478693e-02, 8.478693e-02, 8.986268e-02, 9.686805e-02, 1.630941e-01, 1.689195e-01, 1.730723e-01, 1.913481e-01, 1.922738e-01, 1.922752e-01, 1.922796e-01
INFO:bingo.evolutionary_optimizers.parallel_archipelago:Performing migration between Islands
INFO:bingo.evolutionary_optimizers.parallel_archipelago:Evolution time 0:01:32.559943	 age 350	 fitness 8.477e-02
Level 25:bingo.evolutionary_optimizers.parallel_archipelago:Saving checkpoint: src/bingo_bias_vias_decomposition/checkpoints_st_20/implicit_st_20_p8_p2_3_340.pkl
INFO:bingo.evolutionary_optimizers.parallel_archipelago:Saved successfully
Level 25:bingo.evolutionary_optimizers.evolutionary_optimizer:Generation: 340 	 Elapsed time: 0:30:01.795954 	 Best training fitness: 8.476837e-02 	 
Level 25:bingo.evolutionary_optimizers.evolutionary_optimizer:340, 1.801796e+03, 3283133, 8.476837e-02, 8.476837e-02, 8.986268e-02, 9.686805e-02, 1.630941e-01, 1.689195e-01, 1.730723e-01, 1.913481e-01, 1.922738e-01, 1.922752e-01, 1.922796e-01
INFO:bingo.evolutionary_optimizers.parallel_archipelago:Performing migration between Islands
INFO:bingo.evolutionary_optimizers.parallel_archipelago:Evolution time 0:01:14.508360	 age 360	 fitness 8.435e-02
Level 25:bingo.evolutionary_optimizers.parallel_archipelago:Saving checkpoint: src/bingo_bias_vias_decomposition/checkpoints_st_20/implicit_st_20_p8_p2_3_350.pkl
INFO:bingo.evolutionary_optimizers.parallel_archipelago:Saved successfully
Level 25:bingo.evolutionary_optimizers.evolutionary_optimizer:Generation: 350 	 Elapsed time: 0:31:16.674993 	 Best training fitness: 8.434719e-02 	 
Level 25:bingo.evolutionary_optimizers.evolutionary_optimizer:350, 1.876675e+03, 3432371, 8.434719e-02, 8.434719e-02, 9.686805e-02, 1.630941e-01, 1.689195e-01, 1.730723e-01, 1.913481e-01, 1.922738e-01, 1.922752e-01, 1.922796e-01
INFO:bingo.evolutionary_optimizers.parallel_archipelago:Performing migration between Islands
INFO:bingo.evolutionary_optimizers.parallel_archipelago:Evolution time 0:00:45.303274	 age 370	 fitness 8.431e-02
Level 25:bingo.evolutionary_optimizers.parallel_archipelago:Saving checkpoint: src/bingo_bias_vias_decomposition/checkpoints_st_20/implicit_st_20_p8_p2_3_360.pkl
INFO:bingo.evolutionary_optimizers.parallel_archipelago:Saved successfully
Level 25:bingo.evolutionary_optimizers.evolutionary_optimizer:Generation: 360 	 Elapsed time: 0:32:02.390565 	 Best training fitness: 8.430996e-02 	 
Level 25:bingo.evolutionary_optimizers.evolutionary_optimizer:360, 1.922391e+03, 3550070, 8.430996e-02, 8.430996e-02, 9.686805e-02, 1.630941e-01, 1.689195e-01, 1.730723e-01, 1.913481e-01, 1.922738e-01, 1.922752e-01, 1.922796e-01
INFO:bingo.evolutionary_optimizers.parallel_archipelago:Performing migration between Islands
INFO:bingo.evolutionary_optimizers.parallel_archipelago:Evolution time 0:01:07.613520	 age 380	 fitness 8.431e-02
Level 25:bingo.evolutionary_optimizers.parallel_archipelago:Saving checkpoint: src/bingo_bias_vias_decomposition/checkpoints_st_20/implicit_st_20_p8_p2_3_370.pkl
INFO:bingo.evolutionary_optimizers.parallel_archipelago:Saved successfully
Level 25:bingo.evolutionary_optimizers.evolutionary_optimizer:Generation: 370 	 Elapsed time: 0:33:10.377684 	 Best training fitness: 8.430996e-02 	 
Level 25:bingo.evolutionary_optimizers.evolutionary_optimizer:370, 1.990378e+03, 3680334, 8.430996e-02, 8.430996e-02, 9.686805e-02, 1.630941e-01, 1.689195e-01, 1.730723e-01, 1.913481e-01, 1.922738e-01, 1.922752e-01, 1.922796e-01
INFO:bingo.evolutionary_optimizers.parallel_archipelago:Performing migration between Islands
INFO:bingo.evolutionary_optimizers.parallel_archipelago:Evolution time 0:01:16.301610	 age 390	 fitness 8.431e-02
Level 25:bingo.evolutionary_optimizers.parallel_archipelago:Saving checkpoint: src/bingo_bias_vias_decomposition/checkpoints_st_20/implicit_st_20_p8_p2_3_380.pkl
INFO:bingo.evolutionary_optimizers.parallel_archipelago:Saved successfully
Level 25:bingo.evolutionary_optimizers.evolutionary_optimizer:Generation: 380 	 Elapsed time: 0:34:27.049657 	 Best training fitness: 8.430996e-02 	 
Level 25:bingo.evolutionary_optimizers.evolutionary_optimizer:380, 2.067050e+03, 3840290, 8.430996e-02, 8.430996e-02, 9.686805e-02, 1.630941e-01, 1.689195e-01, 1.730723e-01, 1.913481e-01, 1.922738e-01, 1.922752e-01, 1.922796e-01
INFO:bingo.evolutionary_optimizers.parallel_archipelago:Performing migration between Islands
INFO:bingo.evolutionary_optimizers.parallel_archipelago:Evolution time 0:00:48.340836	 age 400	 fitness 8.243e-02
Level 25:bingo.evolutionary_optimizers.parallel_archipelago:Saving checkpoint: src/bingo_bias_vias_decomposition/checkpoints_st_20/implicit_st_20_p8_p2_3_390.pkl
INFO:bingo.evolutionary_optimizers.parallel_archipelago:Saved successfully
Level 25:bingo.evolutionary_optimizers.evolutionary_optimizer:Generation: 390 	 Elapsed time: 0:35:15.767572 	 Best training fitness: 8.242656e-02 	 
Level 25:bingo.evolutionary_optimizers.evolutionary_optimizer:390, 2.115768e+03, 3947161, 8.242656e-02, 8.242656e-02, 8.430996e-02, 9.686805e-02, 1.630941e-01, 1.689195e-01, 1.730723e-01, 1.913481e-01, 1.922738e-01, 1.922752e-01, 1.922796e-01
INFO:bingo.evolutionary_optimizers.parallel_archipelago:Performing migration between Islands
INFO:bingo.evolutionary_optimizers.parallel_archipelago:Evolution time 0:01:16.225684	 age 410	 fitness 8.220e-02
Level 25:bingo.evolutionary_optimizers.parallel_archipelago:Saving checkpoint: src/bingo_bias_vias_decomposition/checkpoints_st_20/implicit_st_20_p8_p2_3_400.pkl
INFO:bingo.evolutionary_optimizers.parallel_archipelago:Saved successfully
Level 25:bingo.evolutionary_optimizers.evolutionary_optimizer:Generation: 400 	 Elapsed time: 0:36:32.371245 	 Best training fitness: 8.219780e-02 	 
Level 25:bingo.evolutionary_optimizers.evolutionary_optimizer:400, 2.192371e+03, 4069345, 8.219780e-02, 8.219780e-02, 8.430996e-02, 9.686805e-02, 1.630941e-01, 1.689195e-01, 1.730723e-01, 1.913481e-01, 1.922738e-01, 1.922752e-01, 1.922796e-01
INFO:bingo.evolutionary_optimizers.parallel_archipelago:Performing migration between Islands
INFO:bingo.evolutionary_optimizers.parallel_archipelago:Evolution time 0:00:44.753770	 age 420	 fitness 8.220e-02
Level 25:bingo.evolutionary_optimizers.parallel_archipelago:Saving checkpoint: src/bingo_bias_vias_decomposition/checkpoints_st_20/implicit_st_20_p8_p2_3_410.pkl
INFO:bingo.evolutionary_optimizers.parallel_archipelago:Saved successfully
Level 25:bingo.evolutionary_optimizers.evolutionary_optimizer:Generation: 410 	 Elapsed time: 0:37:17.502352 	 Best training fitness: 8.219902e-02 	 
Level 25:bingo.evolutionary_optimizers.evolutionary_optimizer:410, 2.237502e+03, 4168351, 8.219902e-02, 8.219780e-02, 8.430996e-02, 9.686805e-02, 1.630941e-01, 1.689195e-01, 1.730723e-01, 1.913481e-01, 1.922738e-01, 1.922752e-01, 1.922796e-01
INFO:bingo.evolutionary_optimizers.parallel_archipelago:Performing migration between Islands
INFO:bingo.evolutionary_optimizers.parallel_archipelago:Evolution time 0:01:34.548310	 age 430	 fitness 8.219e-02
Level 25:bingo.evolutionary_optimizers.parallel_archipelago:Saving checkpoint: src/bingo_bias_vias_decomposition/checkpoints_st_20/implicit_st_20_p8_p2_3_420.pkl
INFO:bingo.evolutionary_optimizers.parallel_archipelago:Saved successfully
Level 25:bingo.evolutionary_optimizers.evolutionary_optimizer:Generation: 420 	 Elapsed time: 0:38:52.425602 	 Best training fitness: 8.219456e-02 	 
Level 25:bingo.evolutionary_optimizers.evolutionary_optimizer:420, 2.332426e+03, 4317195, 8.219456e-02, 8.219456e-02, 8.430996e-02, 9.686805e-02, 1.630941e-01, 1.689195e-01, 1.730723e-01, 1.913481e-01, 1.922738e-01, 1.922752e-01, 1.922796e-01
INFO:bingo.evolutionary_optimizers.parallel_archipelago:Performing migration between Islands
INFO:bingo.evolutionary_optimizers.parallel_archipelago:Evolution time 0:00:44.346752	 age 440	 fitness 8.219e-02
Level 25:bingo.evolutionary_optimizers.parallel_archipelago:Saving checkpoint: src/bingo_bias_vias_decomposition/checkpoints_st_20/implicit_st_20_p8_p2_3_430.pkl
INFO:bingo.evolutionary_optimizers.parallel_archipelago:Saved successfully
Level 25:bingo.evolutionary_optimizers.evolutionary_optimizer:Generation: 430 	 Elapsed time: 0:39:37.188308 	 Best training fitness: 8.219203e-02 	 
Level 25:bingo.evolutionary_optimizers.evolutionary_optimizer:430, 2.377188e+03, 4410974, 8.219203e-02, 8.219203e-02, 8.430996e-02, 9.686805e-02, 1.630941e-01, 1.689195e-01, 1.730723e-01, 1.913481e-01, 1.922738e-01, 1.922752e-01, 1.922796e-01
INFO:bingo.evolutionary_optimizers.parallel_archipelago:Performing migration between Islands
INFO:bingo.evolutionary_optimizers.parallel_archipelago:Evolution time 0:01:14.894451	 age 450	 fitness 7.816e-02
Level 25:bingo.evolutionary_optimizers.parallel_archipelago:Saving checkpoint: src/bingo_bias_vias_decomposition/checkpoints_st_20/implicit_st_20_p8_p2_3_440.pkl
INFO:bingo.evolutionary_optimizers.parallel_archipelago:Saved successfully
Level 25:bingo.evolutionary_optimizers.evolutionary_optimizer:Generation: 440 	 Elapsed time: 0:40:52.455050 	 Best training fitness: 7.815835e-02 	 
Level 25:bingo.evolutionary_optimizers.evolutionary_optimizer:440, 2.452455e+03, 4549800, 7.815835e-02, 7.815835e-02, 8.219203e-02, 8.430996e-02, 9.686805e-02, 1.630941e-01, 1.689195e-01, 1.730723e-01, 1.913481e-01, 1.922738e-01, 1.922752e-01, 1.922796e-01
INFO:bingo.evolutionary_optimizers.parallel_archipelago:Performing migration between Islands
INFO:bingo.evolutionary_optimizers.parallel_archipelago:Evolution time 0:01:26.264165	 age 460	 fitness 7.815e-02
Level 25:bingo.evolutionary_optimizers.parallel_archipelago:Saving checkpoint: src/bingo_bias_vias_decomposition/checkpoints_st_20/implicit_st_20_p8_p2_3_450.pkl
INFO:bingo.evolutionary_optimizers.parallel_archipelago:Saved successfully
Level 25:bingo.evolutionary_optimizers.evolutionary_optimizer:Generation: 450 	 Elapsed time: 0:42:19.098726 	 Best training fitness: 7.815208e-02 	 
Level 25:bingo.evolutionary_optimizers.evolutionary_optimizer:450, 2.539099e+03, 4706474, 7.815208e-02, 7.815208e-02, 8.219203e-02, 8.430996e-02, 9.686805e-02, 1.630941e-01, 1.689195e-01, 1.730723e-01, 1.899917e-01, 1.913481e-01, 1.922738e-01, 1.922752e-01, 1.922796e-01
INFO:bingo.evolutionary_optimizers.parallel_archipelago:Performing migration between Islands
INFO:bingo.evolutionary_optimizers.parallel_archipelago:Evolution time 0:01:06.003700	 age 470	 fitness 7.815e-02
Level 25:bingo.evolutionary_optimizers.parallel_archipelago:Saving checkpoint: src/bingo_bias_vias_decomposition/checkpoints_st_20/implicit_st_20_p8_p2_3_460.pkl
INFO:bingo.evolutionary_optimizers.parallel_archipelago:Saved successfully
Level 25:bingo.evolutionary_optimizers.evolutionary_optimizer:Generation: 460 	 Elapsed time: 0:43:25.478791 	 Best training fitness: 7.814750e-02 	 
Level 25:bingo.evolutionary_optimizers.evolutionary_optimizer:460, 2.605479e+03, 4817481, 7.814750e-02, 7.814750e-02, 8.219200e-02, 8.430996e-02, 9.686805e-02, 1.630941e-01, 1.689195e-01, 1.730723e-01, 1.899917e-01, 1.913481e-01, 1.922738e-01, 1.922752e-01, 1.922796e-01
INFO:bingo.evolutionary_optimizers.parallel_archipelago:Performing migration between Islands
INFO:bingo.evolutionary_optimizers.parallel_archipelago:Evolution time 0:01:19.064387	 age 480	 fitness 7.815e-02
Level 25:bingo.evolutionary_optimizers.parallel_archipelago:Saving checkpoint: src/bingo_bias_vias_decomposition/checkpoints_st_20/implicit_st_20_p8_p2_3_470.pkl
INFO:bingo.evolutionary_optimizers.parallel_archipelago:Saved successfully
Level 25:bingo.evolutionary_optimizers.evolutionary_optimizer:Generation: 470 	 Elapsed time: 0:44:44.928243 	 Best training fitness: 7.814935e-02 	 
Level 25:bingo.evolutionary_optimizers.evolutionary_optimizer:470, 2.684928e+03, 4954039, 7.814935e-02, 7.814750e-02, 8.207784e-02, 8.219200e-02, 8.430996e-02, 9.686805e-02, 1.630941e-01, 1.689195e-01, 1.730723e-01, 1.899917e-01, 1.913481e-01, 1.922738e-01, 1.922752e-01, 1.922796e-01
INFO:bingo.evolutionary_optimizers.parallel_archipelago:Performing migration between Islands
INFO:bingo.evolutionary_optimizers.parallel_archipelago:Evolution time 0:00:57.923431	 age 490	 fitness 7.815e-02
Level 25:bingo.evolutionary_optimizers.parallel_archipelago:Saving checkpoint: src/bingo_bias_vias_decomposition/checkpoints_st_20/implicit_st_20_p8_p2_3_480.pkl
INFO:bingo.evolutionary_optimizers.parallel_archipelago:Saved successfully
Level 25:bingo.evolutionary_optimizers.evolutionary_optimizer:Generation: 480 	 Elapsed time: 0:45:43.230783 	 Best training fitness: 7.814964e-02 	 
Level 25:bingo.evolutionary_optimizers.evolutionary_optimizer:480, 2.743231e+03, 5077080, 7.814964e-02, 7.814750e-02, 8.206220e-02, 8.219200e-02, 8.430996e-02, 9.686805e-02, 1.630941e-01, 1.689195e-01, 1.730723e-01, 1.899917e-01, 1.913481e-01, 1.922738e-01, 1.922752e-01, 1.922796e-01
INFO:bingo.evolutionary_optimizers.parallel_archipelago:Performing migration between Islands
INFO:bingo.evolutionary_optimizers.parallel_archipelago:Evolution time 0:00:24.930477	 age 500	 fitness 7.815e-02
Level 25:bingo.evolutionary_optimizers.parallel_archipelago:Saving checkpoint: src/bingo_bias_vias_decomposition/checkpoints_st_20/implicit_st_20_p8_p2_3_490.pkl
INFO:bingo.evolutionary_optimizers.parallel_archipelago:Saved successfully
Level 25:bingo.evolutionary_optimizers.evolutionary_optimizer:Generation: 490 	 Elapsed time: 0:46:08.590950 	 Best training fitness: 7.814717e-02 	 
Level 25:bingo.evolutionary_optimizers.evolutionary_optimizer:490, 2.768591e+03, 5152070, 7.814717e-02, 7.814717e-02, 7.816239e-02, 8.219200e-02, 8.430996e-02, 9.686805e-02, 1.630941e-01, 1.689195e-01, 1.730723e-01, 1.899917e-01, 1.913481e-01, 1.922738e-01, 1.922752e-01, 1.922796e-01
INFO:bingo.evolutionary_optimizers.parallel_archipelago:Performing migration between Islands
INFO:bingo.evolutionary_optimizers.parallel_archipelago:Evolution time 0:01:12.507707	 age 510	 fitness 7.815e-02
Level 25:bingo.evolutionary_optimizers.parallel_archipelago:Saving checkpoint: src/bingo_bias_vias_decomposition/checkpoints_st_20/implicit_st_20_p8_p2_3_500.pkl
INFO:bingo.evolutionary_optimizers.parallel_archipelago:Saved successfully
Level 25:bingo.evolutionary_optimizers.evolutionary_optimizer:Generation: 500 	 Elapsed time: 0:47:21.486904 	 Best training fitness: 7.814627e-02 	 
Level 25:bingo.evolutionary_optimizers.evolutionary_optimizer:500, 2.841487e+03, 5269481, 7.814627e-02, 7.814627e-02, 7.816239e-02, 8.206440e-02, 8.219200e-02, 8.430996e-02, 9.686805e-02, 1.630941e-01, 1.689195e-01, 1.730723e-01, 1.825335e-01, 1.898747e-01, 1.913481e-01, 1.922738e-01, 1.922752e-01, 1.922796e-01
INFO:bingo.evolutionary_optimizers.parallel_archipelago:Performing migration between Islands
INFO:bingo.evolutionary_optimizers.parallel_archipelago:Evolution time 0:00:47.042856	 age 520	 fitness 7.815e-02
Level 25:bingo.evolutionary_optimizers.parallel_archipelago:Saving checkpoint: src/bingo_bias_vias_decomposition/checkpoints_st_20/implicit_st_20_p8_p2_3_510.pkl
INFO:bingo.evolutionary_optimizers.parallel_archipelago:Saved successfully
Level 25:bingo.evolutionary_optimizers.evolutionary_optimizer:Generation: 510 	 Elapsed time: 0:48:08.915515 	 Best training fitness: 7.814789e-02 	 
Level 25:bingo.evolutionary_optimizers.evolutionary_optimizer:510, 2.888916e+03, 5368000, 7.814789e-02, 7.814627e-02, 7.816239e-02, 8.206440e-02, 8.219200e-02, 8.430996e-02, 9.686805e-02, 1.525926e-01, 1.730723e-01, 1.825335e-01, 1.898747e-01, 1.913481e-01, 1.922738e-01, 1.922752e-01, 1.922796e-01
INFO:bingo.evolutionary_optimizers.parallel_archipelago:Performing migration between Islands
INFO:bingo.evolutionary_optimizers.parallel_archipelago:Evolution time 0:00:42.382199	 age 530	 fitness 7.815e-02
Level 25:bingo.evolutionary_optimizers.parallel_archipelago:Saving checkpoint: src/bingo_bias_vias_decomposition/checkpoints_st_20/implicit_st_20_p8_p2_3_520.pkl
INFO:bingo.evolutionary_optimizers.parallel_archipelago:Saved successfully
Level 25:bingo.evolutionary_optimizers.evolutionary_optimizer:Generation: 520 	 Elapsed time: 0:48:51.667559 	 Best training fitness: 7.814789e-02 	 
Level 25:bingo.evolutionary_optimizers.evolutionary_optimizer:520, 2.931668e+03, 5454126, 7.814789e-02, 7.814627e-02, 7.816239e-02, 8.206440e-02, 8.219200e-02, 8.430996e-02, 9.686805e-02, 1.421372e-01, 1.525926e-01, 1.730723e-01, 1.825335e-01, 1.898747e-01, 1.913481e-01, 1.922738e-01, 1.922752e-01, 1.922796e-01
INFO:bingo.evolutionary_optimizers.parallel_archipelago:Performing migration between Islands
INFO:bingo.evolutionary_optimizers.parallel_archipelago:Evolution time 0:00:40.142468	 age 540	 fitness 7.815e-02
Level 25:bingo.evolutionary_optimizers.parallel_archipelago:Saving checkpoint: src/bingo_bias_vias_decomposition/checkpoints_st_20/implicit_st_20_p8_p2_3_530.pkl
INFO:bingo.evolutionary_optimizers.parallel_archipelago:Saved successfully
Level 25:bingo.evolutionary_optimizers.evolutionary_optimizer:Generation: 530 	 Elapsed time: 0:49:32.190612 	 Best training fitness: 7.814776e-02 	 
Level 25:bingo.evolutionary_optimizers.evolutionary_optimizer:530, 2.972191e+03, 5544210, 7.814776e-02, 7.814627e-02, 7.816239e-02, 8.206440e-02, 8.219200e-02, 8.430996e-02, 9.686805e-02, 1.420951e-01, 1.525926e-01, 1.653561e-01, 1.730723e-01, 1.825335e-01, 1.898747e-01, 1.913481e-01, 1.922738e-01, 1.922752e-01, 1.922796e-01
INFO:bingo.evolutionary_optimizers.parallel_archipelago:Performing migration between Islands
INFO:bingo.evolutionary_optimizers.parallel_archipelago:Evolution time 0:00:57.984374	 age 550	 fitness 7.815e-02
Level 25:bingo.evolutionary_optimizers.parallel_archipelago:Saving checkpoint: src/bingo_bias_vias_decomposition/checkpoints_st_20/implicit_st_20_p8_p2_3_540.pkl
INFO:bingo.evolutionary_optimizers.parallel_archipelago:Saved successfully
Level 25:bingo.evolutionary_optimizers.evolutionary_optimizer:Generation: 540 	 Elapsed time: 0:50:30.555062 	 Best training fitness: 7.814565e-02 	 
Level 25:bingo.evolutionary_optimizers.evolutionary_optimizer:540, 3.030555e+03, 5657248, 7.814565e-02, 7.814565e-02, 7.816239e-02, 8.206440e-02, 8.219200e-02, 8.430996e-02, 9.686805e-02, 1.420594e-01, 1.525926e-01, 1.652870e-01, 1.730723e-01, 1.825335e-01, 1.898747e-01, 1.913481e-01, 1.922738e-01, 1.922752e-01, 1.922796e-01
INFO:bingo.evolutionary_optimizers.parallel_archipelago:Performing migration between Islands
INFO:bingo.evolutionary_optimizers.parallel_archipelago:Evolution time 0:01:01.353708	 age 560	 fitness 7.815e-02
Level 25:bingo.evolutionary_optimizers.parallel_archipelago:Saving checkpoint: src/bingo_bias_vias_decomposition/checkpoints_st_20/implicit_st_20_p8_p2_3_550.pkl
INFO:bingo.evolutionary_optimizers.parallel_archipelago:Saved successfully
Level 25:bingo.evolutionary_optimizers.evolutionary_optimizer:Generation: 550 	 Elapsed time: 0:51:32.290401 	 Best training fitness: 7.814626e-02 	 
Level 25:bingo.evolutionary_optimizers.evolutionary_optimizer:550, 3.092290e+03, 5757861, 7.814626e-02, 7.814565e-02, 7.816239e-02, 8.206440e-02, 8.219200e-02, 8.430996e-02, 9.686374e-02, 1.272788e-01, 1.525926e-01, 1.652696e-01, 1.681001e-01, 1.825335e-01, 1.898747e-01, 1.913481e-01, 1.922738e-01, 1.922752e-01, 1.922796e-01
INFO:bingo.evolutionary_optimizers.parallel_archipelago:Performing migration between Islands
INFO:bingo.evolutionary_optimizers.parallel_archipelago:Evolution time 0:00:45.906832	 age 570	 fitness 7.815e-02
Level 25:bingo.evolutionary_optimizers.parallel_archipelago:Saving checkpoint: src/bingo_bias_vias_decomposition/checkpoints_st_20/implicit_st_20_p8_p2_3_560.pkl
INFO:bingo.evolutionary_optimizers.parallel_archipelago:Saved successfully
Level 25:bingo.evolutionary_optimizers.evolutionary_optimizer:Generation: 560 	 Elapsed time: 0:52:18.625751 	 Best training fitness: 7.814619e-02 	 
Level 25:bingo.evolutionary_optimizers.evolutionary_optimizer:560, 3.138626e+03, 5875249, 7.814619e-02, 7.814565e-02, 7.816239e-02, 8.206440e-02, 8.219200e-02, 8.430996e-02, 9.686374e-02, 1.272648e-01, 1.367486e-01, 1.652696e-01, 1.681001e-01, 1.825335e-01, 1.898747e-01, 1.913481e-01, 1.922738e-01, 1.922752e-01, 1.922796e-01
INFO:bingo.evolutionary_optimizers.parallel_archipelago:Performing migration between Islands
INFO:bingo.evolutionary_optimizers.parallel_archipelago:Evolution time 0:01:28.135041	 age 580	 fitness 7.815e-02
Level 25:bingo.evolutionary_optimizers.parallel_archipelago:Saving checkpoint: src/bingo_bias_vias_decomposition/checkpoints_st_20/implicit_st_20_p8_p2_3_570.pkl
INFO:bingo.evolutionary_optimizers.parallel_archipelago:Saved successfully
Level 25:bingo.evolutionary_optimizers.evolutionary_optimizer:Generation: 570 	 Elapsed time: 0:53:47.150122 	 Best training fitness: 7.814578e-02 	 
Level 25:bingo.evolutionary_optimizers.evolutionary_optimizer:570, 3.227150e+03, 6051550, 7.814578e-02, 7.814565e-02, 7.815101e-02, 8.206440e-02, 8.219200e-02, 8.430996e-02, 9.686374e-02, 1.272322e-01, 1.319867e-01, 1.652533e-01, 1.681001e-01, 1.825335e-01, 1.898747e-01, 1.913481e-01, 1.922738e-01, 1.922752e-01, 1.922796e-01
INFO:bingo.evolutionary_optimizers.parallel_archipelago:Performing migration between Islands
INFO:bingo.evolutionary_optimizers.parallel_archipelago:Evolution time 0:00:54.606539	 age 590	 fitness 7.815e-02
Level 25:bingo.evolutionary_optimizers.parallel_archipelago:Saving checkpoint: src/bingo_bias_vias_decomposition/checkpoints_st_20/implicit_st_20_p8_p2_3_580.pkl
INFO:bingo.evolutionary_optimizers.parallel_archipelago:Saved successfully
Level 25:bingo.evolutionary_optimizers.evolutionary_optimizer:Generation: 580 	 Elapsed time: 0:54:42.141346 	 Best training fitness: 7.814565e-02 	 
Level 25:bingo.evolutionary_optimizers.evolutionary_optimizer:580, 3.282141e+03, 6163337, 7.814565e-02, 7.814565e-02, 7.814903e-02, 8.206440e-02, 8.219200e-02, 8.430996e-02, 9.686374e-02, 1.272183e-01, 1.319713e-01, 1.652533e-01, 1.681001e-01, 1.825335e-01, 1.898747e-01, 1.913481e-01, 1.922738e-01, 1.922752e-01, 1.922796e-01
INFO:bingo.evolutionary_optimizers.parallel_archipelago:Performing migration between Islands
INFO:bingo.evolutionary_optimizers.parallel_archipelago:Evolution time 0:01:01.600198	 age 600	 fitness 7.815e-02
Level 25:bingo.evolutionary_optimizers.parallel_archipelago:Saving checkpoint: src/bingo_bias_vias_decomposition/checkpoints_st_20/implicit_st_20_p8_p2_3_590.pkl
INFO:bingo.evolutionary_optimizers.parallel_archipelago:Saved successfully
Level 25:bingo.evolutionary_optimizers.evolutionary_optimizer:Generation: 590 	 Elapsed time: 0:55:44.126592 	 Best training fitness: 7.814684e-02 	 
Level 25:bingo.evolutionary_optimizers.evolutionary_optimizer:590, 3.344127e+03, 6267230, 7.814684e-02, 7.814565e-02, 7.814855e-02, 8.206440e-02, 8.219200e-02, 8.430996e-02, 9.686374e-02, 1.272183e-01, 1.319713e-01, 1.500719e-01, 1.681001e-01, 1.825335e-01, 1.898747e-01, 1.913481e-01, 1.922738e-01, 1.922752e-01, 1.922796e-01
INFO:bingo.evolutionary_optimizers.parallel_archipelago:Performing migration between Islands
INFO:bingo.evolutionary_optimizers.parallel_archipelago:Evolution time 0:01:22.341251	 age 610	 fitness 7.815e-02
Level 25:bingo.evolutionary_optimizers.parallel_archipelago:Saving checkpoint: src/bingo_bias_vias_decomposition/checkpoints_st_20/implicit_st_20_p8_p2_3_600.pkl
INFO:bingo.evolutionary_optimizers.parallel_archipelago:Saved successfully
Level 25:bingo.evolutionary_optimizers.evolutionary_optimizer:Generation: 600 	 Elapsed time: 0:57:06.834115 	 Best training fitness: 7.814527e-02 	 
Level 25:bingo.evolutionary_optimizers.evolutionary_optimizer:600, 3.426834e+03, 6418137, 7.814527e-02, 7.814527e-02, 8.040635e-02, 1.432180e-01, 1.898747e-01, 1.913481e-01, 1.922738e-01, 1.922752e-01, 1.922796e-01
INFO:bingo.evolutionary_optimizers.parallel_archipelago:Performing migration between Islands
INFO:bingo.evolutionary_optimizers.parallel_archipelago:Evolution time 0:00:41.328518	 age 620	 fitness 1.138e-16
Level 25:bingo.evolutionary_optimizers.parallel_archipelago:Saving checkpoint: src/bingo_bias_vias_decomposition/checkpoints_st_20/implicit_st_20_p8_p2_3_610.pkl
INFO:bingo.evolutionary_optimizers.parallel_archipelago:Saved successfully
Level 25:bingo.evolutionary_optimizers.evolutionary_optimizer:Generation: 610 	 Elapsed time: 0:57:48.489934 	 Best training fitness: 1.137527e-16 	 
Level 25:bingo.evolutionary_optimizers.evolutionary_optimizer:610, 3.468490e+03, 6509946, 1.137527e-16, 1.137527e-16, 1.922752e-01, 1.922796e-01
Level 25:bingo.evolutionary_optimizers.evolutionary_optimizer:Evolution successfully converged.
Level 25:bingo.evolutionary_optimizers.evolutionary_optimizer:  Absolte convergence occurred with best fitness < 1e-10
Level 25:bingo.evolutionary_optimizers.evolutionary_optimizer:Hall of Fame:
1.137526801923815e-16	7	sin(log((X_0)(X_0) + (X_1)(X_1)))
0.19227520792813974	5	sin(-0.934653 + -0.934653 + log(-0.934653))
0.19227960911758205	1	-0.933375
