Level 25:bingo.evolutionary_optimizers.evolutionary_optimizer:#generational_age, elapsed_time, fitness_evaluation_count, current_training_fitness, hall_of_fame_fitnesses
Level 25:bingo.evolutionary_optimizers.evolutionary_optimizer:#generational_age, elapsed_time, fitness_evaluation_count, current_training_fitness, hall_of_fame_fitnesses
Level 25:bingo.evolutionary_optimizers.evolutionary_optimizer:Generation: 0 	 Elapsed time: 0:00:03.033769 	 Best training fitness: 1.447251e-01 	 
Level 25:bingo.evolutionary_optimizers.evolutionary_optimizer:0, 3.033769e+00, 14132, 1.447251e-01
INFO:bingo.evolutionary_optimizers.parallel_archipelago:Evolution time 0:00:23.306249	 age 20	 fitness 1.444e-01
Level 25:bingo.evolutionary_optimizers.evolutionary_optimizer:Generation: 10 	 Elapsed time: 0:00:26.508803 	 Best training fitness: 1.444286e-01 	 
Level 25:bingo.evolutionary_optimizers.evolutionary_optimizer:10, 2.650880e+01, 132360, 1.444286e-01, 1.444286e-01
INFO:bingo.evolutionary_optimizers.parallel_archipelago:Evolution time 0:00:23.550820	 age 50	 fitness 1.444e-01
Level 25:bingo.evolutionary_optimizers.evolutionary_optimizer:Generation: 20 	 Elapsed time: 0:00:50.362539 	 Best training fitness: 1.443846e-01 	 
Level 25:bingo.evolutionary_optimizers.evolutionary_optimizer:20, 5.036254e+01, 232151, 1.443846e-01, 1.443846e-01, 1.444125e-01, 1.444282e-01, 1.444286e-01
INFO:bingo.evolutionary_optimizers.parallel_archipelago:Evolution time 0:00:25.929519	 age 70	 fitness 1.444e-01
Level 25:bingo.evolutionary_optimizers.evolutionary_optimizer:Generation: 30 	 Elapsed time: 0:01:16.644014 	 Best training fitness: 1.443685e-01 	 
Level 25:bingo.evolutionary_optimizers.evolutionary_optimizer:30, 7.664401e+01, 330907, 1.443685e-01, 1.443685e-01, 1.444018e-01
INFO:bingo.evolutionary_optimizers.parallel_archipelago:Evolution time 0:00:15.831091	 age 90	 fitness 1.439e-01
Level 25:bingo.evolutionary_optimizers.evolutionary_optimizer:Generation: 40 	 Elapsed time: 0:01:32.662577 	 Best training fitness: 1.438641e-01 	 
Level 25:bingo.evolutionary_optimizers.evolutionary_optimizer:40, 9.266258e+01, 398961, 1.438641e-01, 1.438641e-01, 1.443473e-01, 1.443685e-01, 1.443955e-01
INFO:bingo.evolutionary_optimizers.parallel_archipelago:Evolution time 0:00:23.032696	 age 120	 fitness 1.253e-01
Level 25:bingo.evolutionary_optimizers.evolutionary_optimizer:Generation: 50 	 Elapsed time: 0:01:55.883615 	 Best training fitness: 1.253433e-01 	 
Level 25:bingo.evolutionary_optimizers.evolutionary_optimizer:50, 1.158836e+02, 482265, 1.253433e-01, 1.253433e-01, 1.435291e-01, 1.435308e-01, 1.443467e-01, 1.443727e-01
INFO:bingo.evolutionary_optimizers.parallel_archipelago:Evolution time 0:00:18.026991	 age 140	 fitness 1.253e-01
Level 25:bingo.evolutionary_optimizers.evolutionary_optimizer:Generation: 60 	 Elapsed time: 0:02:14.102035 	 Best training fitness: 1.253293e-01 	 
Level 25:bingo.evolutionary_optimizers.evolutionary_optimizer:60, 1.341020e+02, 561292, 1.253293e-01, 1.253293e-01, 1.430985e-01, 1.433032e-01, 1.443467e-01, 1.443727e-01
INFO:bingo.evolutionary_optimizers.parallel_archipelago:Evolution time 0:00:21.970354	 age 160	 fitness 1.252e-01
Level 25:bingo.evolutionary_optimizers.evolutionary_optimizer:Generation: 70 	 Elapsed time: 0:02:36.265425 	 Best training fitness: 1.251794e-01 	 
Level 25:bingo.evolutionary_optimizers.evolutionary_optimizer:70, 1.562654e+02, 649112, 1.251794e-01, 1.251794e-01, 1.430985e-01, 1.433032e-01, 1.442945e-01, 1.443467e-01, 1.443727e-01
INFO:bingo.evolutionary_optimizers.parallel_archipelago:Evolution time 0:00:17.198875	 age 180	 fitness 1.251e-01
Level 25:bingo.evolutionary_optimizers.evolutionary_optimizer:Generation: 80 	 Elapsed time: 0:02:53.658052 	 Best training fitness: 1.250930e-01 	 
Level 25:bingo.evolutionary_optimizers.evolutionary_optimizer:80, 1.736581e+02, 724630, 1.250930e-01, 1.250930e-01, 1.430880e-01, 1.432078e-01, 1.442945e-01, 1.443467e-01, 1.443695e-01, 1.443727e-01
INFO:bingo.evolutionary_optimizers.parallel_archipelago:Evolution time 0:00:18.478345	 age 200	 fitness 1.251e-01
Level 25:bingo.evolutionary_optimizers.evolutionary_optimizer:Generation: 90 	 Elapsed time: 0:03:12.329479 	 Best training fitness: 1.251220e-01 	 
Level 25:bingo.evolutionary_optimizers.evolutionary_optimizer:90, 1.923295e+02, 814185, 1.251220e-01, 1.250930e-01, 1.430880e-01, 1.432078e-01, 1.442945e-01, 1.443073e-01, 1.443558e-01, 1.443727e-01
INFO:bingo.evolutionary_optimizers.parallel_archipelago:Evolution time 0:00:18.528693	 age 210	 fitness 1.170e-01
Level 25:bingo.evolutionary_optimizers.evolutionary_optimizer:Generation: 100 	 Elapsed time: 0:03:31.087181 	 Best training fitness: 1.170063e-01 	 
Level 25:bingo.evolutionary_optimizers.evolutionary_optimizer:100, 2.110872e+02, 872648, 1.170063e-01, 1.170063e-01, 1.250930e-01, 1.430880e-01, 1.432078e-01, 1.442945e-01, 1.442979e-01, 1.443488e-01, 1.443727e-01
INFO:bingo.evolutionary_optimizers.parallel_archipelago:Evolution time 0:00:35.799968	 age 230	 fitness 1.169e-01
Level 25:bingo.evolutionary_optimizers.evolutionary_optimizer:Generation: 110 	 Elapsed time: 0:04:07.085888 	 Best training fitness: 1.168535e-01 	 
Level 25:bingo.evolutionary_optimizers.evolutionary_optimizer:110, 2.470859e+02, 981381, 1.168535e-01, 1.168535e-01, 1.250919e-01, 1.430880e-01, 1.432078e-01, 1.442582e-01, 1.443727e-01
INFO:bingo.evolutionary_optimizers.parallel_archipelago:Evolution time 0:00:28.650646	 age 240	 fitness 1.168e-01
Level 25:bingo.evolutionary_optimizers.evolutionary_optimizer:Generation: 120 	 Elapsed time: 0:04:35.923434 	 Best training fitness: 1.167964e-01 	 
Level 25:bingo.evolutionary_optimizers.evolutionary_optimizer:120, 2.759234e+02, 1055686, 1.167964e-01, 1.167964e-01, 1.250919e-01, 1.430880e-01, 1.432078e-01, 1.442582e-01, 1.443727e-01
INFO:bingo.evolutionary_optimizers.parallel_archipelago:Evolution time 0:00:19.333317	 age 260	 fitness 1.168e-01
Level 25:bingo.evolutionary_optimizers.evolutionary_optimizer:Generation: 130 	 Elapsed time: 0:04:55.452886 	 Best training fitness: 1.167809e-01 	 
Level 25:bingo.evolutionary_optimizers.evolutionary_optimizer:130, 2.954529e+02, 1123989, 1.167809e-01, 1.167809e-01, 1.250919e-01, 1.430880e-01, 1.432078e-01, 1.442582e-01, 1.443727e-01
INFO:bingo.evolutionary_optimizers.parallel_archipelago:Evolution time 0:00:31.627597	 age 290	 fitness 1.168e-01
Level 25:bingo.evolutionary_optimizers.evolutionary_optimizer:Generation: 140 	 Elapsed time: 0:05:27.278132 	 Best training fitness: 1.167966e-01 	 
Level 25:bingo.evolutionary_optimizers.evolutionary_optimizer:140, 3.272781e+02, 1211533, 1.167966e-01, 1.167809e-01, 1.250919e-01, 1.430880e-01, 1.432078e-01, 1.442582e-01, 1.443727e-01
INFO:bingo.evolutionary_optimizers.parallel_archipelago:Evolution time 0:00:32.520221	 age 300	 fitness 1.168e-01
Level 25:bingo.evolutionary_optimizers.evolutionary_optimizer:Generation: 150 	 Elapsed time: 0:05:59.994657 	 Best training fitness: 1.167691e-01 	 
Level 25:bingo.evolutionary_optimizers.evolutionary_optimizer:150, 3.599947e+02, 1291290, 1.167691e-01, 1.167691e-01, 1.430880e-01, 1.432078e-01, 1.442582e-01, 1.443727e-01
INFO:bingo.evolutionary_optimizers.parallel_archipelago:Evolution time 0:00:29.006565	 age 320	 fitness 8.525e-02
Level 25:bingo.evolutionary_optimizers.evolutionary_optimizer:Generation: 160 	 Elapsed time: 0:06:29.233456 	 Best training fitness: 8.525159e-02 	 
Level 25:bingo.evolutionary_optimizers.evolutionary_optimizer:160, 3.892335e+02, 1383603, 8.525159e-02, 8.525159e-02, 9.944590e-02, 1.165572e-01, 1.430880e-01, 1.432078e-01, 1.442582e-01, 1.443727e-01
INFO:bingo.evolutionary_optimizers.parallel_archipelago:Evolution time 0:00:21.062527	 age 340	 fitness 8.524e-02
Level 25:bingo.evolutionary_optimizers.evolutionary_optimizer:Generation: 170 	 Elapsed time: 0:06:50.524960 	 Best training fitness: 8.524046e-02 	 
Level 25:bingo.evolutionary_optimizers.evolutionary_optimizer:170, 4.105250e+02, 1468214, 8.524046e-02, 8.524046e-02, 9.944590e-02, 1.165572e-01, 1.430880e-01, 1.432078e-01, 1.442582e-01, 1.443727e-01
INFO:bingo.evolutionary_optimizers.parallel_archipelago:Evolution time 0:00:11.801468	 age 350	 fitness 8.522e-02
Level 25:bingo.evolutionary_optimizers.evolutionary_optimizer:Generation: 180 	 Elapsed time: 0:07:02.522292 	 Best training fitness: 8.521960e-02 	 
Level 25:bingo.evolutionary_optimizers.evolutionary_optimizer:180, 4.225223e+02, 1525427, 8.521960e-02, 8.521960e-02, 8.526419e-02, 9.944590e-02, 1.165572e-01, 1.430880e-01, 1.432078e-01, 1.442582e-01, 1.443727e-01
INFO:bingo.evolutionary_optimizers.parallel_archipelago:Evolution time 0:00:28.074208	 age 360	 fitness 7.341e-02
Level 25:bingo.evolutionary_optimizers.evolutionary_optimizer:Generation: 190 	 Elapsed time: 0:07:30.798301 	 Best training fitness: 7.340591e-02 	 
Level 25:bingo.evolutionary_optimizers.evolutionary_optimizer:190, 4.507983e+02, 1619916, 7.340591e-02, 7.340591e-02, 7.772698e-02, 9.944590e-02, 1.165572e-01, 1.430880e-01, 1.432078e-01, 1.442582e-01, 1.443727e-01
INFO:bingo.evolutionary_optimizers.parallel_archipelago:Evolution time 0:00:26.409319	 age 370	 fitness 7.195e-02
Level 25:bingo.evolutionary_optimizers.evolutionary_optimizer:Generation: 200 	 Elapsed time: 0:07:57.411167 	 Best training fitness: 7.195470e-02 	 
Level 25:bingo.evolutionary_optimizers.evolutionary_optimizer:200, 4.774112e+02, 1692631, 7.195470e-02, 7.195470e-02, 7.340591e-02, 7.769255e-02, 9.944590e-02, 1.134356e-01, 1.165572e-01, 1.430880e-01, 1.432078e-01, 1.442582e-01, 1.443727e-01
INFO:bingo.evolutionary_optimizers.parallel_archipelago:Evolution time 0:00:24.128429	 age 380	 fitness 7.192e-02
Level 25:bingo.evolutionary_optimizers.evolutionary_optimizer:Generation: 210 	 Elapsed time: 0:08:21.743784 	 Best training fitness: 7.192371e-02 	 
Level 25:bingo.evolutionary_optimizers.evolutionary_optimizer:210, 5.017438e+02, 1767500, 7.192371e-02, 7.192371e-02, 7.340591e-02, 7.349250e-02, 7.765307e-02, 7.772401e-02, 1.134063e-01, 1.165572e-01, 1.430880e-01, 1.432078e-01, 1.442582e-01, 1.443727e-01
INFO:bingo.evolutionary_optimizers.parallel_archipelago:Evolution time 0:00:26.180099	 age 390	 fitness 7.192e-02
Level 25:bingo.evolutionary_optimizers.evolutionary_optimizer:Generation: 220 	 Elapsed time: 0:08:48.129572 	 Best training fitness: 7.191682e-02 	 
Level 25:bingo.evolutionary_optimizers.evolutionary_optimizer:220, 5.281296e+02, 1844664, 7.191682e-02, 7.191682e-02, 7.340591e-02, 7.349250e-02, 7.760646e-02, 7.772401e-02, 1.133948e-01, 1.165572e-01, 1.430880e-01, 1.432078e-01, 1.442582e-01, 1.443727e-01
INFO:bingo.evolutionary_optimizers.parallel_archipelago:Evolution time 0:00:22.814562	 age 400	 fitness 7.193e-02
Level 25:bingo.evolutionary_optimizers.evolutionary_optimizer:Generation: 230 	 Elapsed time: 0:09:11.183632 	 Best training fitness: 7.192961e-02 	 
Level 25:bingo.evolutionary_optimizers.evolutionary_optimizer:230, 5.511836e+02, 1926284, 7.192961e-02, 7.191682e-02, 7.340591e-02, 7.349250e-02, 7.760125e-02, 7.772401e-02, 1.133148e-01, 1.165572e-01, 1.430880e-01, 1.432078e-01, 1.442549e-01, 1.442582e-01, 1.443727e-01
INFO:bingo.evolutionary_optimizers.parallel_archipelago:Evolution time 0:00:27.661444	 age 410	 fitness 7.192e-02
Level 25:bingo.evolutionary_optimizers.evolutionary_optimizer:Generation: 240 	 Elapsed time: 0:09:39.053035 	 Best training fitness: 7.192206e-02 	 
Level 25:bingo.evolutionary_optimizers.evolutionary_optimizer:240, 5.790530e+02, 2008696, 7.192206e-02, 7.191682e-02, 7.340591e-02, 7.349250e-02, 7.760125e-02, 7.772401e-02, 1.133148e-01, 1.165572e-01, 1.430880e-01, 1.432078e-01, 1.442549e-01, 1.442582e-01, 1.443727e-01
INFO:bingo.evolutionary_optimizers.parallel_archipelago:Evolution time 0:00:32.682107	 age 420	 fitness 7.192e-02
Level 25:bingo.evolutionary_optimizers.evolutionary_optimizer:Generation: 250 	 Elapsed time: 0:10:11.968544 	 Best training fitness: 7.192150e-02 	 
Level 25:bingo.evolutionary_optimizers.evolutionary_optimizer:250, 6.119685e+02, 2100496, 7.192150e-02, 7.191682e-02, 7.340591e-02, 7.349250e-02, 7.760125e-02, 7.772401e-02, 1.133148e-01, 1.165572e-01, 1.430880e-01, 1.432078e-01, 1.442549e-01, 1.442582e-01, 1.443727e-01
INFO:bingo.evolutionary_optimizers.parallel_archipelago:Evolution time 0:00:23.073905	 age 440	 fitness 7.192e-02
Level 25:bingo.evolutionary_optimizers.evolutionary_optimizer:Generation: 260 	 Elapsed time: 0:10:35.252091 	 Best training fitness: 7.191550e-02 	 
Level 25:bingo.evolutionary_optimizers.evolutionary_optimizer:260, 6.352521e+02, 2169437, 7.191550e-02, 7.191550e-02, 7.340591e-02, 7.349250e-02, 7.759137e-02, 7.764656e-02, 1.133148e-01, 1.165572e-01, 1.430880e-01, 1.432078e-01, 1.442549e-01, 1.442582e-01, 1.443727e-01
INFO:bingo.evolutionary_optimizers.parallel_archipelago:Evolution time 0:00:20.632691	 age 460	 fitness 7.191e-02
Level 25:bingo.evolutionary_optimizers.evolutionary_optimizer:Generation: 270 	 Elapsed time: 0:10:56.092155 	 Best training fitness: 7.191416e-02 	 
Level 25:bingo.evolutionary_optimizers.evolutionary_optimizer:270, 6.560922e+02, 2241829, 7.191416e-02, 7.191416e-02, 7.340591e-02, 7.349250e-02, 7.759137e-02, 7.762313e-02, 1.133148e-01, 1.165572e-01, 1.430880e-01, 1.432078e-01, 1.442549e-01, 1.442582e-01, 1.443727e-01
INFO:bingo.evolutionary_optimizers.parallel_archipelago:Evolution time 0:00:42.079555	 age 480	 fitness 7.191e-02
Level 25:bingo.evolutionary_optimizers.evolutionary_optimizer:Generation: 280 	 Elapsed time: 0:11:38.379845 	 Best training fitness: 7.190993e-02 	 
Level 25:bingo.evolutionary_optimizers.evolutionary_optimizer:280, 6.983798e+02, 2363703, 7.190993e-02, 7.190993e-02, 7.340591e-02, 7.349250e-02, 7.759137e-02, 7.762313e-02, 1.133148e-01, 1.165572e-01, 1.430880e-01, 1.432078e-01, 1.442549e-01, 1.442582e-01, 1.443727e-01
INFO:bingo.evolutionary_optimizers.parallel_archipelago:Evolution time 0:00:33.993364	 age 490	 fitness 7.191e-02
Level 25:bingo.evolutionary_optimizers.evolutionary_optimizer:Generation: 290 	 Elapsed time: 0:12:12.584744 	 Best training fitness: 7.191115e-02 	 
Level 25:bingo.evolutionary_optimizers.evolutionary_optimizer:290, 7.325847e+02, 2441795, 7.191115e-02, 7.190993e-02, 7.340591e-02, 7.349250e-02, 7.759137e-02, 7.762313e-02, 1.133148e-01, 1.165572e-01, 1.430880e-01, 1.432078e-01, 1.442549e-01, 1.442582e-01, 1.443727e-01
INFO:bingo.evolutionary_optimizers.parallel_archipelago:Evolution time 0:00:19.982008	 age 510	 fitness 7.191e-02
Level 25:bingo.evolutionary_optimizers.evolutionary_optimizer:Generation: 300 	 Elapsed time: 0:12:32.808169 	 Best training fitness: 7.191115e-02 	 
Level 25:bingo.evolutionary_optimizers.evolutionary_optimizer:300, 7.528082e+02, 2535730, 7.191115e-02, 7.190993e-02, 7.340591e-02, 7.349250e-02, 7.757454e-02, 7.762313e-02, 1.133148e-01, 1.165572e-01, 1.430880e-01, 1.432078e-01, 1.442549e-01, 1.442582e-01, 1.443727e-01
INFO:bingo.evolutionary_optimizers.parallel_archipelago:Evolution time 0:00:21.353442	 age 520	 fitness 6.881e-02
Level 25:bingo.evolutionary_optimizers.evolutionary_optimizer:Generation: 310 	 Elapsed time: 0:12:54.367481 	 Best training fitness: 6.881186e-02 	 
Level 25:bingo.evolutionary_optimizers.evolutionary_optimizer:310, 7.743675e+02, 2602976, 6.881186e-02, 6.881186e-02, 7.340591e-02, 7.349250e-02, 7.757454e-02, 7.762313e-02, 1.133148e-01, 1.165572e-01, 1.430880e-01, 1.432078e-01, 1.442487e-01, 1.442549e-01, 1.442582e-01, 1.443719e-01
INFO:bingo.evolutionary_optimizers.parallel_archipelago:Evolution time 0:00:39.158064	 age 530	 fitness 6.879e-02
Level 25:bingo.evolutionary_optimizers.evolutionary_optimizer:Generation: 320 	 Elapsed time: 0:13:33.733899 	 Best training fitness: 6.878774e-02 	 
Level 25:bingo.evolutionary_optimizers.evolutionary_optimizer:320, 8.137339e+02, 2700688, 6.878774e-02, 6.878774e-02, 7.340591e-02, 7.349250e-02, 7.757454e-02, 7.762313e-02, 1.133148e-01, 1.165572e-01, 1.430880e-01, 1.432078e-01, 1.442487e-01, 1.442549e-01, 1.442582e-01, 1.443536e-01
INFO:bingo.evolutionary_optimizers.parallel_archipelago:Evolution time 0:00:21.566892	 age 540	 fitness 6.876e-02
Level 25:bingo.evolutionary_optimizers.evolutionary_optimizer:Generation: 330 	 Elapsed time: 0:13:55.509674 	 Best training fitness: 6.875761e-02 	 
Level 25:bingo.evolutionary_optimizers.evolutionary_optimizer:330, 8.355097e+02, 2764610, 6.875761e-02, 6.875761e-02, 7.340591e-02, 7.349250e-02, 7.757454e-02, 7.762313e-02, 1.133148e-01, 1.165572e-01, 1.430880e-01, 1.432078e-01, 1.442487e-01, 1.442549e-01, 1.442582e-01, 1.443055e-01
INFO:bingo.evolutionary_optimizers.parallel_archipelago:Evolution time 0:00:47.333377	 age 550	 fitness 6.876e-02
Level 25:bingo.evolutionary_optimizers.evolutionary_optimizer:Generation: 340 	 Elapsed time: 0:14:43.082546 	 Best training fitness: 6.875549e-02 	 
Level 25:bingo.evolutionary_optimizers.evolutionary_optimizer:340, 8.830825e+02, 2839598, 6.875549e-02, 6.875549e-02, 7.340591e-02, 7.349250e-02, 7.757454e-02, 7.762313e-02, 1.133148e-01, 1.165572e-01, 1.430880e-01, 1.432078e-01, 1.442487e-01, 1.442549e-01, 1.442582e-01, 1.443055e-01
INFO:bingo.evolutionary_optimizers.parallel_archipelago:Evolution time 0:00:32.057731	 age 560	 fitness 6.876e-02
Level 25:bingo.evolutionary_optimizers.evolutionary_optimizer:Generation: 350 	 Elapsed time: 0:15:15.351553 	 Best training fitness: 6.876050e-02 	 
Level 25:bingo.evolutionary_optimizers.evolutionary_optimizer:350, 9.153516e+02, 2914232, 6.876050e-02, 6.875549e-02, 7.340591e-02, 7.349250e-02, 7.757454e-02, 7.762313e-02, 1.133148e-01, 1.165572e-01, 1.430880e-01, 1.432078e-01, 1.442487e-01, 1.442549e-01, 1.442582e-01, 1.443055e-01
INFO:bingo.evolutionary_optimizers.parallel_archipelago:Evolution time 0:00:20.301367	 age 570	 fitness 6.876e-02
Level 25:bingo.evolutionary_optimizers.evolutionary_optimizer:Generation: 360 	 Elapsed time: 0:15:35.908711 	 Best training fitness: 6.876334e-02 	 
Level 25:bingo.evolutionary_optimizers.evolutionary_optimizer:360, 9.359087e+02, 2991146, 6.876334e-02, 6.875549e-02, 7.340591e-02, 7.349250e-02, 7.757454e-02, 7.762313e-02, 1.133148e-01, 1.165572e-01, 1.430880e-01, 1.432078e-01, 1.442487e-01, 1.442549e-01, 1.442582e-01, 1.443055e-01
INFO:bingo.evolutionary_optimizers.parallel_archipelago:Evolution time 0:00:26.467941	 age 590	 fitness 6.876e-02
Level 25:bingo.evolutionary_optimizers.evolutionary_optimizer:Generation: 370 	 Elapsed time: 0:16:02.593096 	 Best training fitness: 6.875501e-02 	 
Level 25:bingo.evolutionary_optimizers.evolutionary_optimizer:370, 9.625931e+02, 3092607, 6.875501e-02, 6.875501e-02, 7.340591e-02, 7.349250e-02, 7.757454e-02, 7.762313e-02, 1.133148e-01, 1.165572e-01, 1.430880e-01, 1.432078e-01, 1.442487e-01, 1.442549e-01, 1.442582e-01, 1.443055e-01
INFO:bingo.evolutionary_optimizers.parallel_archipelago:Evolution time 0:00:29.408526	 age 600	 fitness 6.489e-02
Level 25:bingo.evolutionary_optimizers.evolutionary_optimizer:Generation: 380 	 Elapsed time: 0:16:32.215704 	 Best training fitness: 6.489486e-02 	 
Level 25:bingo.evolutionary_optimizers.evolutionary_optimizer:380, 9.922157e+02, 3168612, 6.489486e-02, 6.489486e-02, 7.340591e-02, 7.349250e-02, 7.757454e-02, 7.762313e-02, 1.133148e-01, 1.165572e-01, 1.430880e-01, 1.432078e-01, 1.442487e-01, 1.442549e-01, 1.442582e-01, 1.443055e-01
INFO:bingo.evolutionary_optimizers.parallel_archipelago:Evolution time 0:00:30.261912	 age 630	 fitness 6.488e-02
Level 25:bingo.evolutionary_optimizers.evolutionary_optimizer:Generation: 390 	 Elapsed time: 0:17:02.690898 	 Best training fitness: 6.488037e-02 	 
Level 25:bingo.evolutionary_optimizers.evolutionary_optimizer:390, 1.022691e+03, 3270527, 6.488037e-02, 6.488037e-02, 7.340591e-02, 7.349250e-02, 7.757454e-02, 7.762313e-02, 1.008818e-01, 1.165572e-01, 1.430880e-01, 1.432078e-01, 1.442487e-01, 1.442549e-01, 1.442582e-01, 1.443055e-01
INFO:bingo.evolutionary_optimizers.parallel_archipelago:Evolution time 0:00:41.334533	 age 650	 fitness 6.488e-02
Level 25:bingo.evolutionary_optimizers.evolutionary_optimizer:Generation: 400 	 Elapsed time: 0:17:44.239402 	 Best training fitness: 6.488117e-02 	 
Level 25:bingo.evolutionary_optimizers.evolutionary_optimizer:400, 1.064239e+03, 3394380, 6.488117e-02, 6.488037e-02, 7.340591e-02, 7.349250e-02, 7.757454e-02, 7.762313e-02, 1.008818e-01, 1.165572e-01, 1.430880e-01, 1.432078e-01, 1.442295e-01
INFO:bingo.evolutionary_optimizers.parallel_archipelago:Evolution time 0:00:21.558237	 age 670	 fitness 6.487e-02
Level 25:bingo.evolutionary_optimizers.evolutionary_optimizer:Generation: 410 	 Elapsed time: 0:18:06.005759 	 Best training fitness: 6.487160e-02 	 
Level 25:bingo.evolutionary_optimizers.evolutionary_optimizer:410, 1.086006e+03, 3491913, 6.487160e-02, 6.487160e-02, 7.340591e-02, 7.349250e-02, 7.756231e-02, 7.760700e-02, 1.008818e-01, 1.165572e-01, 1.430880e-01, 1.432078e-01, 1.442295e-01
INFO:bingo.evolutionary_optimizers.parallel_archipelago:Evolution time 0:00:27.687855	 age 690	 fitness 6.487e-02
Level 25:bingo.evolutionary_optimizers.evolutionary_optimizer:Generation: 420 	 Elapsed time: 0:18:33.931715 	 Best training fitness: 6.487008e-02 	 
Level 25:bingo.evolutionary_optimizers.evolutionary_optimizer:420, 1.113932e+03, 3583051, 6.487008e-02, 6.487008e-02, 7.340591e-02, 7.349250e-02, 7.756231e-02, 7.760700e-02, 1.008818e-01, 1.165572e-01, 1.430880e-01, 1.432078e-01, 1.442295e-01
INFO:bingo.evolutionary_optimizers.parallel_archipelago:Evolution time 0:00:28.998649	 age 710	 fitness 6.487e-02
Level 25:bingo.evolutionary_optimizers.evolutionary_optimizer:Generation: 430 	 Elapsed time: 0:19:03.135882 	 Best training fitness: 6.486765e-02 	 
Level 25:bingo.evolutionary_optimizers.evolutionary_optimizer:430, 1.143136e+03, 3671589, 6.486765e-02, 6.486765e-02, 7.340591e-02, 7.349250e-02, 7.756231e-02, 7.760700e-02, 1.008818e-01, 1.165572e-01, 1.430880e-01, 1.432078e-01, 1.442295e-01
INFO:bingo.evolutionary_optimizers.parallel_archipelago:Evolution time 0:00:26.043561	 age 740	 fitness 6.487e-02
Level 25:bingo.evolutionary_optimizers.evolutionary_optimizer:Generation: 440 	 Elapsed time: 0:19:29.390230 	 Best training fitness: 6.486503e-02 	 
Level 25:bingo.evolutionary_optimizers.evolutionary_optimizer:440, 1.169390e+03, 3741072, 6.486503e-02, 6.486503e-02, 7.340591e-02, 7.349250e-02, 7.756231e-02, 7.760700e-02, 1.008818e-01, 1.165572e-01, 1.430880e-01, 1.432078e-01, 1.442295e-01
INFO:bingo.evolutionary_optimizers.parallel_archipelago:Evolution time 0:00:22.015763	 age 760	 fitness 6.487e-02
Level 25:bingo.evolutionary_optimizers.evolutionary_optimizer:Generation: 450 	 Elapsed time: 0:19:51.615088 	 Best training fitness: 6.486966e-02 	 
Level 25:bingo.evolutionary_optimizers.evolutionary_optimizer:450, 1.191615e+03, 3824703, 6.486966e-02, 6.486503e-02, 7.220836e-02, 7.349250e-02, 7.756231e-02, 7.760700e-02, 1.008818e-01, 1.165572e-01, 1.430880e-01, 1.432078e-01, 1.442295e-01
INFO:bingo.evolutionary_optimizers.parallel_archipelago:Evolution time 0:00:13.497750	 age 770	 fitness 6.488e-02
Level 25:bingo.evolutionary_optimizers.evolutionary_optimizer:Generation: 460 	 Elapsed time: 0:20:05.348490 	 Best training fitness: 6.487537e-02 	 
Level 25:bingo.evolutionary_optimizers.evolutionary_optimizer:460, 1.205348e+03, 3877389, 6.487537e-02, 6.486503e-02, 7.220836e-02, 7.349250e-02, 7.756231e-02, 7.760700e-02, 1.008818e-01, 1.165572e-01, 1.430880e-01, 1.432078e-01, 1.442295e-01
INFO:bingo.evolutionary_optimizers.parallel_archipelago:Evolution time 0:00:27.809362	 age 780	 fitness 6.487e-02
Level 25:bingo.evolutionary_optimizers.evolutionary_optimizer:Generation: 470 	 Elapsed time: 0:20:33.395386 	 Best training fitness: 6.486590e-02 	 
Level 25:bingo.evolutionary_optimizers.evolutionary_optimizer:470, 1.233395e+03, 3956954, 6.486590e-02, 6.486503e-02, 7.220836e-02, 7.349250e-02, 7.756231e-02, 7.759405e-02, 1.008818e-01, 1.062125e-01, 1.442295e-01
INFO:bingo.evolutionary_optimizers.parallel_archipelago:Evolution time 0:00:31.341392	 age 790	 fitness 6.487e-02
Level 25:bingo.evolutionary_optimizers.evolutionary_optimizer:Generation: 480 	 Elapsed time: 0:21:04.971028 	 Best training fitness: 6.486680e-02 	 
Level 25:bingo.evolutionary_optimizers.evolutionary_optimizer:480, 1.264971e+03, 4022237, 6.486680e-02, 6.486503e-02, 7.220836e-02, 7.349250e-02, 7.756231e-02, 7.759405e-02, 1.008818e-01, 1.049768e-01, 1.062125e-01, 1.442295e-01
INFO:bingo.evolutionary_optimizers.parallel_archipelago:Evolution time 0:00:21.392790	 age 800	 fitness 6.487e-02
Level 25:bingo.evolutionary_optimizers.evolutionary_optimizer:Generation: 490 	 Elapsed time: 0:21:26.637447 	 Best training fitness: 6.486680e-02 	 
Level 25:bingo.evolutionary_optimizers.evolutionary_optimizer:490, 1.286637e+03, 4098817, 6.486680e-02, 6.486503e-02, 6.487889e-02, 7.349250e-02, 7.756231e-02, 7.759405e-02, 1.008818e-01, 1.049768e-01, 1.062125e-01, 1.442295e-01
INFO:bingo.evolutionary_optimizers.parallel_archipelago:Evolution time 0:00:33.846300	 age 820	 fitness 6.487e-02
Level 25:bingo.evolutionary_optimizers.evolutionary_optimizer:Generation: 500 	 Elapsed time: 0:22:00.717210 	 Best training fitness: 6.486726e-02 	 
Level 25:bingo.evolutionary_optimizers.evolutionary_optimizer:500, 1.320717e+03, 4179137, 6.486726e-02, 6.486503e-02, 6.487656e-02, 7.349250e-02, 7.756231e-02, 7.759405e-02, 1.008818e-01, 1.045652e-01, 1.062125e-01, 1.442295e-01
INFO:bingo.evolutionary_optimizers.parallel_archipelago:Evolution time 0:00:40.573410	 age 840	 fitness 6.486e-02
Level 25:bingo.evolutionary_optimizers.evolutionary_optimizer:Generation: 510 	 Elapsed time: 0:22:41.528370 	 Best training fitness: 6.486493e-02 	 
Level 25:bingo.evolutionary_optimizers.evolutionary_optimizer:510, 1.361528e+03, 4259361, 6.486493e-02, 6.486493e-02, 6.486539e-02, 7.349250e-02, 7.756231e-02, 7.759405e-02, 7.773334e-02, 1.043954e-01, 1.062125e-01, 1.442295e-01
INFO:bingo.evolutionary_optimizers.parallel_archipelago:Evolution time 0:00:41.530851	 age 850	 fitness 6.487e-02
Level 25:bingo.evolutionary_optimizers.evolutionary_optimizer:Generation: 520 	 Elapsed time: 0:23:23.292402 	 Best training fitness: 6.486539e-02 	 
Level 25:bingo.evolutionary_optimizers.evolutionary_optimizer:520, 1.403292e+03, 4358822, 6.486539e-02, 6.486493e-02, 6.486539e-02, 7.349250e-02, 7.756231e-02, 7.759405e-02, 7.773334e-02, 9.828152e-02, 1.042449e-01, 1.062125e-01, 1.442295e-01
INFO:bingo.evolutionary_optimizers.parallel_archipelago:Evolution time 0:00:37.609594	 age 860	 fitness 6.487e-02
Level 25:bingo.evolutionary_optimizers.evolutionary_optimizer:Generation: 530 	 Elapsed time: 0:24:01.141893 	 Best training fitness: 6.487072e-02 	 
Level 25:bingo.evolutionary_optimizers.evolutionary_optimizer:530, 1.441142e+03, 4427058, 6.487072e-02, 6.486493e-02, 6.486539e-02, 7.349250e-02, 7.756231e-02, 7.759405e-02, 7.773334e-02, 9.827703e-02, 1.036185e-01, 1.062125e-01, 1.442295e-01
INFO:bingo.evolutionary_optimizers.parallel_archipelago:Evolution time 0:00:40.941552	 age 870	 fitness 6.487e-02
Level 25:bingo.evolutionary_optimizers.evolutionary_optimizer:Generation: 540 	 Elapsed time: 0:24:42.288304 	 Best training fitness: 6.486893e-02 	 
Level 25:bingo.evolutionary_optimizers.evolutionary_optimizer:540, 1.482288e+03, 4502866, 6.486893e-02, 6.486493e-02, 6.486539e-02, 7.349250e-02, 7.756231e-02, 7.759405e-02, 7.773334e-02, 9.823195e-02, 1.036185e-01, 1.062046e-01, 1.442295e-01
INFO:bingo.evolutionary_optimizers.parallel_archipelago:Evolution time 0:00:26.098665	 age 900	 fitness 6.487e-02
Level 25:bingo.evolutionary_optimizers.evolutionary_optimizer:Generation: 550 	 Elapsed time: 0:25:08.592984 	 Best training fitness: 6.487105e-02 	 
Level 25:bingo.evolutionary_optimizers.evolutionary_optimizer:550, 1.508593e+03, 4587469, 6.487105e-02, 6.486493e-02, 6.486539e-02, 7.349250e-02, 7.756231e-02, 7.759164e-02, 7.773334e-02, 9.515803e-02, 1.024275e-01, 1.062046e-01, 1.442295e-01
INFO:bingo.evolutionary_optimizers.parallel_archipelago:Evolution time 0:00:33.870466	 age 920	 fitness 6.487e-02
Level 25:bingo.evolutionary_optimizers.evolutionary_optimizer:Generation: 560 	 Elapsed time: 0:25:42.704926 	 Best training fitness: 6.487023e-02 	 
Level 25:bingo.evolutionary_optimizers.evolutionary_optimizer:560, 1.542705e+03, 4711905, 6.487023e-02, 6.486493e-02, 6.486539e-02, 6.605988e-02, 7.773334e-02, 9.509432e-02, 9.759947e-02, 1.062046e-01, 1.442295e-01
INFO:bingo.evolutionary_optimizers.parallel_archipelago:Evolution time 0:00:42.803527	 age 940	 fitness 5.564e-02
Level 25:bingo.evolutionary_optimizers.evolutionary_optimizer:Generation: 570 	 Elapsed time: 0:26:25.710164 	 Best training fitness: 5.564148e-02 	 
Level 25:bingo.evolutionary_optimizers.evolutionary_optimizer:570, 1.585710e+03, 4827504, 5.564148e-02, 5.564148e-02, 5.774548e-02, 9.509432e-02, 9.745980e-02, 1.062046e-01, 1.442295e-01
INFO:bingo.evolutionary_optimizers.parallel_archipelago:Evolution time 0:00:31.747456	 age 960	 fitness 5.548e-02
Level 25:bingo.evolutionary_optimizers.evolutionary_optimizer:Generation: 580 	 Elapsed time: 0:26:57.658293 	 Best training fitness: 5.548105e-02 	 
Level 25:bingo.evolutionary_optimizers.evolutionary_optimizer:580, 1.617658e+03, 4933150, 5.548105e-02, 5.548105e-02, 5.764973e-02, 7.846856e-02, 9.744465e-02, 1.062046e-01, 1.442295e-01
INFO:bingo.evolutionary_optimizers.parallel_archipelago:Evolution time 0:00:33.591608	 age 990	 fitness 5.548e-02
Level 25:bingo.evolutionary_optimizers.evolutionary_optimizer:Generation: 590 	 Elapsed time: 0:27:31.454368 	 Best training fitness: 5.548105e-02 	 
Level 25:bingo.evolutionary_optimizers.evolutionary_optimizer:590, 1.651454e+03, 5025249, 5.548105e-02, 5.548105e-02, 5.764973e-02, 7.846856e-02, 9.740819e-02, 1.062046e-01, 1.442295e-01
INFO:bingo.evolutionary_optimizers.parallel_archipelago:Evolution time 0:00:33.099269	 age 1000	 fitness 5.548e-02
Level 25:bingo.evolutionary_optimizers.evolutionary_optimizer:Generation: 600 	 Elapsed time: 0:28:04.755832 	 Best training fitness: 5.547662e-02 	 
Level 25:bingo.evolutionary_optimizers.evolutionary_optimizer:600, 1.684756e+03, 5103101, 5.547662e-02, 5.547662e-02, 5.764973e-02, 7.846856e-02, 9.468045e-02, 9.739797e-02, 1.062046e-01, 1.442295e-01
INFO:bingo.evolutionary_optimizers.parallel_archipelago:Evolution time 0:00:29.093688	 age 1010	 fitness 5.548e-02
Level 25:bingo.evolutionary_optimizers.evolutionary_optimizer:Generation: 610 	 Elapsed time: 0:28:34.049133 	 Best training fitness: 5.547662e-02 	 
Level 25:bingo.evolutionary_optimizers.evolutionary_optimizer:610, 1.714049e+03, 5180812, 5.547662e-02, 5.547662e-02, 5.764221e-02, 7.831912e-02, 9.468045e-02, 9.737162e-02, 1.062046e-01, 1.442295e-01
INFO:bingo.evolutionary_optimizers.parallel_archipelago:Evolution time 0:00:40.895256	 age 1020	 fitness 5.547e-02
Level 25:bingo.evolutionary_optimizers.evolutionary_optimizer:Generation: 620 	 Elapsed time: 0:29:15.142142 	 Best training fitness: 5.547227e-02 	 
Level 25:bingo.evolutionary_optimizers.evolutionary_optimizer:620, 1.755142e+03, 5282039, 5.547227e-02, 5.547227e-02, 5.764221e-02, 6.922182e-02, 9.468045e-02, 9.737162e-02, 1.062046e-01, 1.442295e-01
INFO:bingo.evolutionary_optimizers.parallel_archipelago:Evolution time 0:00:22.658375	 age 1040	 fitness 5.547e-02
Level 25:bingo.evolutionary_optimizers.evolutionary_optimizer:Generation: 630 	 Elapsed time: 0:29:38.032360 	 Best training fitness: 5.547227e-02 	 
Level 25:bingo.evolutionary_optimizers.evolutionary_optimizer:630, 1.778032e+03, 5388452, 5.547227e-02, 5.547227e-02, 5.691967e-02, 6.922182e-02, 9.468045e-02, 9.737162e-02, 1.062046e-01, 1.442295e-01
INFO:bingo.evolutionary_optimizers.parallel_archipelago:Evolution time 0:00:29.981987	 age 1050	 fitness 8.531e-17
Level 25:bingo.evolutionary_optimizers.evolutionary_optimizer:Generation: 640 	 Elapsed time: 0:30:08.199612 	 Best training fitness: 8.531451e-17 	 
Level 25:bingo.evolutionary_optimizers.evolutionary_optimizer:640, 1.808200e+03, 5473548, 8.531451e-17, 8.531451e-17, 1.442295e-01
Level 25:bingo.evolutionary_optimizers.evolutionary_optimizer:Evolution successfully converged.
Level 25:bingo.evolutionary_optimizers.evolutionary_optimizer:  Absolte convergence occurred with best fitness < 1e-10
Level 25:bingo.evolutionary_optimizers.evolutionary_optimizer:Hall of Fame:
8.53145101442861e-17	7	sin(log((X_0)(X_0) + (X_1)(X_1)))
0.1442295326286026	1	-0.933602
