Level 25:bingo.evolutionary_optimizers.evolutionary_optimizer:#generational_age, elapsed_time, fitness_evaluation_count, current_training_fitness, hall_of_fame_fitnesses
Level 25:bingo.evolutionary_optimizers.evolutionary_optimizer:#generational_age, elapsed_time, fitness_evaluation_count, current_training_fitness, hall_of_fame_fitnesses
Level 25:bingo.evolutionary_optimizers.evolutionary_optimizer:Generation: 0 	 Elapsed time: 0:00:03.822596 	 Best training fitness: 2.164308e-01 	 
Level 25:bingo.evolutionary_optimizers.evolutionary_optimizer:0, 3.822596e+00, 14111, 2.164308e-01
INFO:bingo.evolutionary_optimizers.parallel_archipelago:Evolution time 0:00:44.129788	 age 40	 fitness 2.150e-01
Level 25:bingo.evolutionary_optimizers.evolutionary_optimizer:Generation: 10 	 Elapsed time: 0:00:48.146225 	 Best training fitness: 2.149791e-01 	 
Level 25:bingo.evolutionary_optimizers.evolutionary_optimizer:10, 4.814623e+01, 131940, 2.149791e-01, 2.149791e-01, 2.163292e-01, 2.163398e-01
INFO:bingo.evolutionary_optimizers.parallel_archipelago:Evolution time 0:00:17.171819	 age 50	 fitness 2.150e-01
Level 25:bingo.evolutionary_optimizers.evolutionary_optimizer:Generation: 20 	 Elapsed time: 0:01:05.535853 	 Best training fitness: 2.150348e-01 	 
Level 25:bingo.evolutionary_optimizers.evolutionary_optimizer:20, 6.553585e+01, 192134, 2.150348e-01, 2.149791e-01, 2.162836e-01, 2.163044e-01, 2.163250e-01
INFO:bingo.evolutionary_optimizers.parallel_archipelago:Evolution time 0:00:22.976597	 age 80	 fitness 2.146e-01
Level 25:bingo.evolutionary_optimizers.evolutionary_optimizer:Generation: 30 	 Elapsed time: 0:01:28.779366 	 Best training fitness: 2.146448e-01 	 
Level 25:bingo.evolutionary_optimizers.evolutionary_optimizer:30, 8.877937e+01, 258791, 2.146448e-01, 2.146448e-01, 2.162836e-01, 2.162988e-01, 2.163165e-01
INFO:bingo.evolutionary_optimizers.parallel_archipelago:Evolution time 0:00:22.253552	 age 90	 fitness 2.146e-01
Level 25:bingo.evolutionary_optimizers.evolutionary_optimizer:Generation: 40 	 Elapsed time: 0:01:51.239429 	 Best training fitness: 2.146448e-01 	 
Level 25:bingo.evolutionary_optimizers.evolutionary_optimizer:40, 1.112394e+02, 325054, 2.146448e-01, 2.146448e-01, 2.162836e-01, 2.162960e-01
INFO:bingo.evolutionary_optimizers.parallel_archipelago:Evolution time 0:00:17.749622	 age 110	 fitness 2.146e-01
Level 25:bingo.evolutionary_optimizers.evolutionary_optimizer:Generation: 50 	 Elapsed time: 0:02:09.194063 	 Best training fitness: 2.146309e-01 	 
Level 25:bingo.evolutionary_optimizers.evolutionary_optimizer:50, 1.291941e+02, 384641, 2.146309e-01, 2.146309e-01, 2.162943e-01
INFO:bingo.evolutionary_optimizers.parallel_archipelago:Evolution time 0:00:24.645529	 age 130	 fitness 2.146e-01
Level 25:bingo.evolutionary_optimizers.evolutionary_optimizer:Generation: 60 	 Elapsed time: 0:02:34.043699 	 Best training fitness: 2.146309e-01 	 
Level 25:bingo.evolutionary_optimizers.evolutionary_optimizer:60, 1.540437e+02, 461244, 2.146309e-01, 2.146309e-01, 2.162929e-01
INFO:bingo.evolutionary_optimizers.parallel_archipelago:Evolution time 0:00:39.405540	 age 140	 fitness 2.146e-01
Level 25:bingo.evolutionary_optimizers.evolutionary_optimizer:Generation: 70 	 Elapsed time: 0:03:13.652661 	 Best training fitness: 2.146249e-01 	 
Level 25:bingo.evolutionary_optimizers.evolutionary_optimizer:70, 1.936527e+02, 544740, 2.146249e-01, 2.146249e-01, 2.162929e-01
INFO:bingo.evolutionary_optimizers.parallel_archipelago:Evolution time 0:00:24.618896	 age 170	 fitness 2.105e-01
Level 25:bingo.evolutionary_optimizers.evolutionary_optimizer:Generation: 80 	 Elapsed time: 0:03:38.478768 	 Best training fitness: 2.104587e-01 	 
Level 25:bingo.evolutionary_optimizers.evolutionary_optimizer:80, 2.184788e+02, 611795, 2.104587e-01, 2.104587e-01, 2.126362e-01, 2.146249e-01, 2.162929e-01
INFO:bingo.evolutionary_optimizers.parallel_archipelago:Evolution time 0:00:15.653738	 age 190	 fitness 2.104e-01
Level 25:bingo.evolutionary_optimizers.evolutionary_optimizer:Generation: 90 	 Elapsed time: 0:03:54.338453 	 Best training fitness: 2.103807e-01 	 
Level 25:bingo.evolutionary_optimizers.evolutionary_optimizer:90, 2.343385e+02, 672546, 2.103807e-01, 2.103807e-01, 2.146249e-01, 2.162715e-01, 2.162929e-01
INFO:bingo.evolutionary_optimizers.parallel_archipelago:Evolution time 0:00:50.522211	 age 230	 fitness 2.103e-01
Level 25:bingo.evolutionary_optimizers.evolutionary_optimizer:Generation: 100 	 Elapsed time: 0:04:45.104786 	 Best training fitness: 2.103333e-01 	 
Level 25:bingo.evolutionary_optimizers.evolutionary_optimizer:100, 2.851048e+02, 780504, 2.103333e-01, 2.103333e-01, 2.145539e-01, 2.146249e-01, 2.162715e-01, 2.162929e-01
INFO:bingo.evolutionary_optimizers.parallel_archipelago:Evolution time 0:00:36.137381	 age 250	 fitness 2.103e-01
Level 25:bingo.evolutionary_optimizers.evolutionary_optimizer:Generation: 110 	 Elapsed time: 0:05:21.454091 	 Best training fitness: 2.103098e-01 	 
Level 25:bingo.evolutionary_optimizers.evolutionary_optimizer:110, 3.214541e+02, 854167, 2.103098e-01, 2.103098e-01, 2.145334e-01, 2.146249e-01, 2.162715e-01, 2.162908e-01, 2.162929e-01
INFO:bingo.evolutionary_optimizers.parallel_archipelago:Evolution time 0:00:38.154776	 age 270	 fitness 2.101e-01
Level 25:bingo.evolutionary_optimizers.evolutionary_optimizer:Generation: 120 	 Elapsed time: 0:05:59.878690 	 Best training fitness: 2.100851e-01 	 
Level 25:bingo.evolutionary_optimizers.evolutionary_optimizer:120, 3.598787e+02, 934681, 2.100851e-01, 2.100851e-01, 2.103098e-01, 2.145334e-01, 2.146139e-01, 2.162715e-01, 2.162908e-01, 2.162929e-01
INFO:bingo.evolutionary_optimizers.parallel_archipelago:Evolution time 0:00:32.911280	 age 300	 fitness 2.101e-01
Level 25:bingo.evolutionary_optimizers.evolutionary_optimizer:Generation: 130 	 Elapsed time: 0:06:33.008917 	 Best training fitness: 2.100851e-01 	 
Level 25:bingo.evolutionary_optimizers.evolutionary_optimizer:130, 3.930089e+02, 1022489, 2.100851e-01, 2.100851e-01, 2.101588e-01, 2.145334e-01, 2.146139e-01, 2.162715e-01, 2.162908e-01, 2.162929e-01
INFO:bingo.evolutionary_optimizers.parallel_archipelago:Evolution time 0:00:21.808255	 age 310	 fitness 2.089e-01
Level 25:bingo.evolutionary_optimizers.evolutionary_optimizer:Generation: 140 	 Elapsed time: 0:06:55.034317 	 Best training fitness: 2.088991e-01 	 
Level 25:bingo.evolutionary_optimizers.evolutionary_optimizer:140, 4.150343e+02, 1097230, 2.088991e-01, 2.088991e-01, 2.092560e-01, 2.145334e-01, 2.146139e-01, 2.162627e-01, 2.162908e-01, 2.162929e-01
INFO:bingo.evolutionary_optimizers.parallel_archipelago:Evolution time 0:00:47.717132	 age 330	 fitness 2.089e-01
Level 25:bingo.evolutionary_optimizers.evolutionary_optimizer:Generation: 150 	 Elapsed time: 0:07:42.963630 	 Best training fitness: 2.089028e-01 	 
Level 25:bingo.evolutionary_optimizers.evolutionary_optimizer:150, 4.629636e+02, 1196113, 2.089028e-01, 2.088991e-01, 2.092560e-01, 2.143701e-01, 2.146139e-01, 2.162617e-01, 2.162908e-01, 2.162929e-01
INFO:bingo.evolutionary_optimizers.parallel_archipelago:Evolution time 0:00:22.964812	 age 340	 fitness 2.088e-01
Level 25:bingo.evolutionary_optimizers.evolutionary_optimizer:Generation: 160 	 Elapsed time: 0:08:06.142003 	 Best training fitness: 2.088334e-01 	 
Level 25:bingo.evolutionary_optimizers.evolutionary_optimizer:160, 4.861420e+02, 1287890, 2.088334e-01, 2.088334e-01, 2.092560e-01, 2.143701e-01, 2.146139e-01, 2.162480e-01, 2.162908e-01, 2.162929e-01
INFO:bingo.evolutionary_optimizers.parallel_archipelago:Evolution time 0:00:25.927430	 age 350	 fitness 2.088e-01
Level 25:bingo.evolutionary_optimizers.evolutionary_optimizer:Generation: 170 	 Elapsed time: 0:08:32.325033 	 Best training fitness: 2.088486e-01 	 
Level 25:bingo.evolutionary_optimizers.evolutionary_optimizer:170, 5.123250e+02, 1373847, 2.088486e-01, 2.088334e-01, 2.092560e-01, 2.125868e-01, 2.146139e-01, 2.162480e-01, 2.162908e-01, 2.162929e-01
INFO:bingo.evolutionary_optimizers.parallel_archipelago:Evolution time 0:00:28.795331	 age 360	 fitness 2.070e-01
Level 25:bingo.evolutionary_optimizers.evolutionary_optimizer:Generation: 180 	 Elapsed time: 0:09:01.345778 	 Best training fitness: 2.069604e-01 	 
Level 25:bingo.evolutionary_optimizers.evolutionary_optimizer:180, 5.413458e+02, 1477280, 2.069604e-01, 2.069604e-01, 2.088331e-01, 2.092560e-01, 2.125868e-01, 2.139847e-01, 2.146139e-01, 2.155850e-01, 2.160421e-01, 2.162908e-01, 2.162929e-01
INFO:bingo.evolutionary_optimizers.parallel_archipelago:Evolution time 0:00:28.947326	 age 370	 fitness 2.070e-01
Level 25:bingo.evolutionary_optimizers.evolutionary_optimizer:Generation: 190 	 Elapsed time: 0:09:30.529900 	 Best training fitness: 2.069761e-01 	 
Level 25:bingo.evolutionary_optimizers.evolutionary_optimizer:190, 5.705299e+02, 1585771, 2.069761e-01, 2.069604e-01, 2.088331e-01, 2.092560e-01, 2.125868e-01, 2.139450e-01, 2.146139e-01, 2.155432e-01, 2.160269e-01, 2.162908e-01, 2.162929e-01
INFO:bingo.evolutionary_optimizers.parallel_archipelago:Evolution time 0:00:46.111859	 age 380	 fitness 2.069e-01
Level 25:bingo.evolutionary_optimizers.evolutionary_optimizer:Generation: 200 	 Elapsed time: 0:10:16.872684 	 Best training fitness: 2.069403e-01 	 
Level 25:bingo.evolutionary_optimizers.evolutionary_optimizer:200, 6.168727e+02, 1693143, 2.069403e-01, 2.069403e-01, 2.088331e-01, 2.092560e-01, 2.125868e-01, 2.139450e-01, 2.146139e-01, 2.155432e-01, 2.160269e-01, 2.162908e-01, 2.162929e-01
INFO:bingo.evolutionary_optimizers.parallel_archipelago:Evolution time 0:00:41.814482	 age 410	 fitness 1.759e-01
Level 25:bingo.evolutionary_optimizers.evolutionary_optimizer:Generation: 210 	 Elapsed time: 0:10:58.905947 	 Best training fitness: 1.758580e-01 	 
Level 25:bingo.evolutionary_optimizers.evolutionary_optimizer:210, 6.589059e+02, 1813152, 1.758580e-01, 1.758580e-01, 2.160269e-01, 2.162908e-01, 2.162929e-01
INFO:bingo.evolutionary_optimizers.parallel_archipelago:Evolution time 0:00:49.500680	 age 420	 fitness 1.723e-01
Level 25:bingo.evolutionary_optimizers.evolutionary_optimizer:Generation: 220 	 Elapsed time: 0:11:48.624482 	 Best training fitness: 1.723402e-01 	 
Level 25:bingo.evolutionary_optimizers.evolutionary_optimizer:220, 7.086245e+02, 1939319, 1.723402e-01, 1.723402e-01, 1.747102e-01, 2.160269e-01, 2.162908e-01, 2.162929e-01
INFO:bingo.evolutionary_optimizers.parallel_archipelago:Evolution time 0:00:31.603534	 age 430	 fitness 1.532e-01
Level 25:bingo.evolutionary_optimizers.evolutionary_optimizer:Generation: 230 	 Elapsed time: 0:12:20.448139 	 Best training fitness: 1.532360e-01 	 
Level 25:bingo.evolutionary_optimizers.evolutionary_optimizer:230, 7.404481e+02, 2022182, 1.532360e-01, 1.532360e-01, 1.746729e-01, 2.160269e-01, 2.162908e-01, 2.162929e-01
INFO:bingo.evolutionary_optimizers.parallel_archipelago:Evolution time 0:00:37.689616	 age 440	 fitness 1.422e-01
Level 25:bingo.evolutionary_optimizers.evolutionary_optimizer:Generation: 240 	 Elapsed time: 0:12:58.387215 	 Best training fitness: 1.422170e-01 	 
Level 25:bingo.evolutionary_optimizers.evolutionary_optimizer:240, 7.783872e+02, 2114653, 1.422170e-01, 1.422170e-01, 1.532360e-01, 1.741419e-01, 1.746729e-01, 2.160269e-01, 2.162908e-01, 2.162929e-01
INFO:bingo.evolutionary_optimizers.parallel_archipelago:Evolution time 0:00:48.665843	 age 460	 fitness 1.422e-01
Level 25:bingo.evolutionary_optimizers.evolutionary_optimizer:Generation: 250 	 Elapsed time: 0:13:47.278380 	 Best training fitness: 1.421634e-01 	 
Level 25:bingo.evolutionary_optimizers.evolutionary_optimizer:250, 8.272784e+02, 2230624, 1.421634e-01, 1.421634e-01, 1.532360e-01, 1.609061e-01, 1.746729e-01, 2.160269e-01, 2.162908e-01, 2.162929e-01
INFO:bingo.evolutionary_optimizers.parallel_archipelago:Evolution time 0:00:54.951497	 age 490	 fitness 1.390e-01
Level 25:bingo.evolutionary_optimizers.evolutionary_optimizer:Generation: 260 	 Elapsed time: 0:14:42.454496 	 Best training fitness: 1.390496e-01 	 
Level 25:bingo.evolutionary_optimizers.evolutionary_optimizer:260, 8.824545e+02, 2348589, 1.390496e-01, 1.390496e-01, 1.421415e-01, 1.422068e-01, 1.532360e-01, 1.609061e-01, 1.746707e-01, 2.160269e-01, 2.162908e-01, 2.162929e-01
INFO:bingo.evolutionary_optimizers.parallel_archipelago:Evolution time 0:00:40.739396	 age 500	 fitness 1.390e-01
Level 25:bingo.evolutionary_optimizers.evolutionary_optimizer:Generation: 270 	 Elapsed time: 0:15:23.421494 	 Best training fitness: 1.389908e-01 	 
Level 25:bingo.evolutionary_optimizers.evolutionary_optimizer:270, 9.234215e+02, 2453293, 1.389908e-01, 1.389908e-01, 1.396768e-01, 1.421392e-01, 1.422068e-01, 1.532360e-01, 1.588125e-01, 1.746706e-01, 1.754306e-01, 2.162908e-01, 2.162929e-01
INFO:bingo.evolutionary_optimizers.parallel_archipelago:Evolution time 0:00:41.120660	 age 510	 fitness 1.116e-01
Level 25:bingo.evolutionary_optimizers.evolutionary_optimizer:Generation: 280 	 Elapsed time: 0:16:04.763699 	 Best training fitness: 1.116225e-01 	 
Level 25:bingo.evolutionary_optimizers.evolutionary_optimizer:280, 9.647637e+02, 2566241, 1.116225e-01, 1.116225e-01, 1.390934e-01, 1.438549e-01, 1.646321e-01, 1.745947e-01, 1.754306e-01, 2.162908e-01, 2.162929e-01
INFO:bingo.evolutionary_optimizers.parallel_archipelago:Evolution time 0:00:56.159054	 age 520	 fitness 1.096e-01
Level 25:bingo.evolutionary_optimizers.evolutionary_optimizer:Generation: 290 	 Elapsed time: 0:17:01.148230 	 Best training fitness: 1.096286e-01 	 
Level 25:bingo.evolutionary_optimizers.evolutionary_optimizer:290, 1.021148e+03, 2714423, 1.096286e-01, 1.096286e-01, 1.390934e-01, 1.438549e-01, 1.646321e-01, 1.745947e-01, 1.754306e-01, 2.162908e-01, 2.162929e-01
INFO:bingo.evolutionary_optimizers.parallel_archipelago:Evolution time 0:00:23.316163	 age 530	 fitness 1.086e-01
Level 25:bingo.evolutionary_optimizers.evolutionary_optimizer:Generation: 300 	 Elapsed time: 0:17:24.695864 	 Best training fitness: 1.086475e-01 	 
Level 25:bingo.evolutionary_optimizers.evolutionary_optimizer:300, 1.044696e+03, 2792495, 1.086475e-01, 1.086475e-01, 1.094468e-01, 1.096286e-01, 1.390934e-01, 1.399602e-01, 1.646321e-01, 1.699271e-01, 1.754306e-01, 2.162908e-01, 2.162929e-01
INFO:bingo.evolutionary_optimizers.parallel_archipelago:Evolution time 0:00:44.242693	 age 540	 fitness 1.079e-01
Level 25:bingo.evolutionary_optimizers.evolutionary_optimizer:Generation: 310 	 Elapsed time: 0:18:09.210433 	 Best training fitness: 1.078798e-01 	 
Level 25:bingo.evolutionary_optimizers.evolutionary_optimizer:310, 1.089210e+03, 2893571, 1.078798e-01, 1.078798e-01, 1.086272e-01, 1.094468e-01, 1.096020e-01, 1.389998e-01, 1.399602e-01, 1.562424e-01, 1.646384e-01, 1.753959e-01, 2.162908e-01, 2.162929e-01
INFO:bingo.evolutionary_optimizers.parallel_archipelago:Evolution time 0:00:44.697017	 age 550	 fitness 1.079e-01
Level 25:bingo.evolutionary_optimizers.evolutionary_optimizer:Generation: 320 	 Elapsed time: 0:18:54.133957 	 Best training fitness: 1.078834e-01 	 
Level 25:bingo.evolutionary_optimizers.evolutionary_optimizer:320, 1.134134e+03, 2992829, 1.078834e-01, 1.078798e-01, 1.079897e-01, 1.080821e-01, 1.389610e-01, 1.399602e-01, 1.562424e-01, 1.646384e-01, 1.753959e-01, 2.162908e-01, 2.162929e-01
INFO:bingo.evolutionary_optimizers.parallel_archipelago:Evolution time 0:00:32.119823	 age 570	 fitness 1.079e-01
Level 25:bingo.evolutionary_optimizers.evolutionary_optimizer:Generation: 330 	 Elapsed time: 0:19:26.481785 	 Best training fitness: 1.078661e-01 	 
Level 25:bingo.evolutionary_optimizers.evolutionary_optimizer:330, 1.166482e+03, 3086949, 1.078661e-01, 1.078661e-01, 1.079897e-01, 1.080269e-01, 1.389610e-01, 1.399602e-01, 1.561228e-01, 1.646384e-01, 1.753959e-01, 2.162908e-01, 2.162929e-01
INFO:bingo.evolutionary_optimizers.parallel_archipelago:Evolution time 0:00:35.963200	 age 580	 fitness 1.038e-01
Level 25:bingo.evolutionary_optimizers.evolutionary_optimizer:Generation: 340 	 Elapsed time: 0:20:02.660966 	 Best training fitness: 1.038245e-01 	 
Level 25:bingo.evolutionary_optimizers.evolutionary_optimizer:340, 1.202661e+03, 3178039, 1.038245e-01, 1.038245e-01, 1.078255e-01, 1.389610e-01, 1.399602e-01, 1.541120e-01, 1.646384e-01, 1.753959e-01, 2.162797e-01
INFO:bingo.evolutionary_optimizers.parallel_archipelago:Evolution time 0:00:31.093968	 age 590	 fitness 1.038e-01
Level 25:bingo.evolutionary_optimizers.evolutionary_optimizer:Generation: 350 	 Elapsed time: 0:20:33.970646 	 Best training fitness: 1.038397e-01 	 
Level 25:bingo.evolutionary_optimizers.evolutionary_optimizer:350, 1.233971e+03, 3270867, 1.038397e-01, 1.038245e-01, 1.078181e-01, 1.389610e-01, 1.399602e-01, 1.541076e-01, 1.646112e-01, 1.753959e-01, 2.162797e-01
INFO:bingo.evolutionary_optimizers.parallel_archipelago:Evolution time 0:00:16.573393	 age 600	 fitness 1.038e-01
Level 25:bingo.evolutionary_optimizers.evolutionary_optimizer:Generation: 360 	 Elapsed time: 0:20:50.760727 	 Best training fitness: 1.038249e-01 	 
Level 25:bingo.evolutionary_optimizers.evolutionary_optimizer:360, 1.250761e+03, 3336950, 1.038249e-01, 1.038245e-01, 1.077599e-01, 1.078181e-01, 1.389610e-01, 1.399602e-01, 1.541076e-01, 1.646112e-01, 1.753959e-01, 2.162797e-01
INFO:bingo.evolutionary_optimizers.parallel_archipelago:Evolution time 0:00:34.687508	 age 620	 fitness 1.038e-01
Level 25:bingo.evolutionary_optimizers.evolutionary_optimizer:Generation: 370 	 Elapsed time: 0:21:25.677110 	 Best training fitness: 1.038165e-01 	 
Level 25:bingo.evolutionary_optimizers.evolutionary_optimizer:370, 1.285677e+03, 3432109, 1.038165e-01, 1.038165e-01, 1.077599e-01, 1.078134e-01, 1.389610e-01, 1.399602e-01, 1.540908e-01, 1.646112e-01, 1.753959e-01, 2.162797e-01
INFO:bingo.evolutionary_optimizers.parallel_archipelago:Evolution time 0:00:48.037714	 age 660	 fitness 1.038e-01
Level 25:bingo.evolutionary_optimizers.evolutionary_optimizer:Generation: 380 	 Elapsed time: 0:22:13.918279 	 Best training fitness: 1.038106e-01 	 
Level 25:bingo.evolutionary_optimizers.evolutionary_optimizer:380, 1.333918e+03, 3552060, 1.038106e-01, 1.038106e-01, 1.038453e-01, 1.077599e-01, 1.078134e-01, 1.389610e-01, 1.399602e-01, 1.540745e-01, 1.646112e-01, 1.753959e-01, 2.159669e-01, 2.162797e-01
INFO:bingo.evolutionary_optimizers.parallel_archipelago:Evolution time 0:00:48.918404	 age 700	 fitness 1.038e-01
Level 25:bingo.evolutionary_optimizers.evolutionary_optimizer:Generation: 390 	 Elapsed time: 0:23:03.029630 	 Best training fitness: 1.038098e-01 	 
Level 25:bingo.evolutionary_optimizers.evolutionary_optimizer:390, 1.383030e+03, 3698599, 1.038098e-01, 1.038098e-01, 1.038155e-01, 1.077599e-01, 1.078134e-01, 1.389610e-01, 1.399602e-01, 1.540745e-01, 1.646061e-01, 1.753697e-01, 2.159264e-01, 2.162797e-01
INFO:bingo.evolutionary_optimizers.parallel_archipelago:Evolution time 0:00:22.777114	 age 710	 fitness 1.038e-01
Level 25:bingo.evolutionary_optimizers.evolutionary_optimizer:Generation: 400 	 Elapsed time: 0:23:25.998790 	 Best training fitness: 1.038153e-01 	 
Level 25:bingo.evolutionary_optimizers.evolutionary_optimizer:400, 1.405999e+03, 3801356, 1.038153e-01, 1.038098e-01, 1.038155e-01, 1.077599e-01, 1.078130e-01, 1.389610e-01, 1.399602e-01, 1.540745e-01, 1.646061e-01, 1.753697e-01, 2.159055e-01, 2.162797e-01
INFO:bingo.evolutionary_optimizers.parallel_archipelago:Evolution time 0:00:24.119023	 age 720	 fitness 1.038e-01
Level 25:bingo.evolutionary_optimizers.evolutionary_optimizer:Generation: 410 	 Elapsed time: 0:23:50.310878 	 Best training fitness: 1.038149e-01 	 
Level 25:bingo.evolutionary_optimizers.evolutionary_optimizer:410, 1.430311e+03, 3896552, 1.038149e-01, 1.038098e-01, 1.038149e-01, 1.077599e-01, 1.078130e-01, 1.389610e-01, 1.399602e-01, 1.540478e-01, 1.646061e-01, 1.753697e-01, 2.159055e-01, 2.162797e-01
INFO:bingo.evolutionary_optimizers.parallel_archipelago:Evolution time 0:00:27.477051	 age 730	 fitness 1.038e-01
Level 25:bingo.evolutionary_optimizers.evolutionary_optimizer:Generation: 420 	 Elapsed time: 0:24:17.981699 	 Best training fitness: 1.038129e-01 	 
Level 25:bingo.evolutionary_optimizers.evolutionary_optimizer:420, 1.457982e+03, 3980552, 1.038129e-01, 1.038098e-01, 1.038129e-01, 1.077599e-01, 1.078118e-01, 1.389610e-01, 1.399602e-01, 1.540478e-01, 1.646061e-01, 1.753697e-01, 2.157131e-01, 2.162797e-01
INFO:bingo.evolutionary_optimizers.parallel_archipelago:Evolution time 0:00:25.766783	 age 750	 fitness 1.038e-01
Level 25:bingo.evolutionary_optimizers.evolutionary_optimizer:Generation: 430 	 Elapsed time: 0:24:43.945218 	 Best training fitness: 1.038104e-01 	 
Level 25:bingo.evolutionary_optimizers.evolutionary_optimizer:430, 1.483945e+03, 4080353, 1.038104e-01, 1.038098e-01, 1.038104e-01, 1.077599e-01, 1.078075e-01, 1.389610e-01, 1.399602e-01, 1.540379e-01, 1.646051e-01, 1.753697e-01, 2.156340e-01, 2.162797e-01
INFO:bingo.evolutionary_optimizers.parallel_archipelago:Evolution time 0:00:50.045583	 age 770	 fitness 1.038e-01
Level 25:bingo.evolutionary_optimizers.evolutionary_optimizer:Generation: 440 	 Elapsed time: 0:25:34.219948 	 Best training fitness: 1.038095e-01 	 
Level 25:bingo.evolutionary_optimizers.evolutionary_optimizer:440, 1.534220e+03, 4237137, 1.038095e-01, 1.038095e-01, 1.077599e-01, 1.078075e-01, 1.389610e-01, 1.399602e-01, 1.540379e-01, 1.646051e-01, 1.753697e-01, 2.155885e-01, 2.162797e-01
INFO:bingo.evolutionary_optimizers.parallel_archipelago:Evolution time 0:00:14.718548	 age 780	 fitness 1.038e-01
Level 25:bingo.evolutionary_optimizers.evolutionary_optimizer:Generation: 450 	 Elapsed time: 0:25:49.132792 	 Best training fitness: 1.038143e-01 	 
Level 25:bingo.evolutionary_optimizers.evolutionary_optimizer:450, 1.549133e+03, 4310174, 1.038143e-01, 1.038095e-01, 1.077599e-01, 1.078075e-01, 1.239378e-01, 1.753697e-01, 2.155885e-01, 2.162797e-01
INFO:bingo.evolutionary_optimizers.parallel_archipelago:Evolution time 0:00:22.373335	 age 800	 fitness 1.038e-01
Level 25:bingo.evolutionary_optimizers.evolutionary_optimizer:Generation: 460 	 Elapsed time: 0:26:11.698853 	 Best training fitness: 1.038123e-01 	 
Level 25:bingo.evolutionary_optimizers.evolutionary_optimizer:460, 1.571699e+03, 4394517, 1.038123e-01, 1.038095e-01, 1.070344e-01, 1.077599e-01, 1.078075e-01, 1.239079e-01, 1.753697e-01, 2.155885e-01, 2.162797e-01
INFO:bingo.evolutionary_optimizers.parallel_archipelago:Evolution time 0:00:27.806198	 age 810	 fitness 1.038e-01
Level 25:bingo.evolutionary_optimizers.evolutionary_optimizer:Generation: 470 	 Elapsed time: 0:26:39.696963 	 Best training fitness: 1.038143e-01 	 
Level 25:bingo.evolutionary_optimizers.evolutionary_optimizer:470, 1.599697e+03, 4486174, 1.038143e-01, 1.038095e-01, 1.070344e-01, 1.077599e-01, 1.078075e-01, 1.239077e-01, 1.753697e-01, 2.155885e-01, 2.162797e-01
INFO:bingo.evolutionary_optimizers.parallel_archipelago:Evolution time 0:00:41.160552	 age 820	 fitness 1.037e-01
Level 25:bingo.evolutionary_optimizers.evolutionary_optimizer:Generation: 480 	 Elapsed time: 0:27:21.049613 	 Best training fitness: 1.037280e-01 	 
Level 25:bingo.evolutionary_optimizers.evolutionary_optimizer:480, 1.641050e+03, 4614647, 1.037280e-01, 1.037280e-01, 1.038095e-01, 1.070344e-01, 1.077599e-01, 1.078066e-01, 1.239077e-01, 1.753697e-01, 2.155885e-01, 2.162797e-01
INFO:bingo.evolutionary_optimizers.parallel_archipelago:Evolution time 0:01:00.521992	 age 860	 fitness 1.037e-01
Level 25:bingo.evolutionary_optimizers.evolutionary_optimizer:Generation: 490 	 Elapsed time: 0:28:21.792694 	 Best training fitness: 1.037134e-01 	 
Level 25:bingo.evolutionary_optimizers.evolutionary_optimizer:490, 1.701793e+03, 4774360, 1.037134e-01, 1.037134e-01, 1.037138e-01, 1.038095e-01, 1.070344e-01, 1.077599e-01, 1.078066e-01, 1.239077e-01, 1.753697e-01, 2.155885e-01, 2.162797e-01
INFO:bingo.evolutionary_optimizers.parallel_archipelago:Evolution time 0:00:44.928939	 age 880	 fitness 1.037e-01
Level 25:bingo.evolutionary_optimizers.evolutionary_optimizer:Generation: 500 	 Elapsed time: 0:29:07.049669 	 Best training fitness: 1.037091e-01 	 
Level 25:bingo.evolutionary_optimizers.evolutionary_optimizer:500, 1.747050e+03, 4910631, 1.037091e-01, 1.037091e-01, 1.038095e-01, 1.070344e-01, 1.077599e-01, 1.078066e-01, 1.238996e-01, 1.753697e-01, 2.155885e-01, 2.162797e-01
INFO:bingo.evolutionary_optimizers.parallel_archipelago:Evolution time 0:00:27.932464	 age 900	 fitness 1.037e-01
Level 25:bingo.evolutionary_optimizers.evolutionary_optimizer:Generation: 510 	 Elapsed time: 0:29:35.309141 	 Best training fitness: 1.037091e-01 	 
Level 25:bingo.evolutionary_optimizers.evolutionary_optimizer:510, 1.775309e+03, 5028777, 1.037091e-01, 1.037091e-01, 1.038078e-01, 1.070344e-01, 1.077599e-01, 1.078066e-01, 1.238996e-01, 1.753697e-01, 2.155885e-01, 2.162797e-01
INFO:bingo.evolutionary_optimizers.parallel_archipelago:Evolution time 0:00:54.761861	 age 940	 fitness 1.037e-01
Level 25:bingo.evolutionary_optimizers.evolutionary_optimizer:Generation: 520 	 Elapsed time: 0:30:30.440178 	 Best training fitness: 1.037060e-01 	 
Level 25:bingo.evolutionary_optimizers.evolutionary_optimizer:520, 1.830440e+03, 5173655, 1.037060e-01, 1.037060e-01, 1.037091e-01, 1.038078e-01, 1.070344e-01, 1.077599e-01, 1.078066e-01, 1.238996e-01, 1.753697e-01, 2.155885e-01, 2.162797e-01
INFO:bingo.evolutionary_optimizers.parallel_archipelago:Evolution time 0:01:33.816836	 age 970	 fitness 1.037e-01
Level 25:bingo.evolutionary_optimizers.evolutionary_optimizer:Generation: 530 	 Elapsed time: 0:32:04.613933 	 Best training fitness: 1.037041e-01 	 
Level 25:bingo.evolutionary_optimizers.evolutionary_optimizer:530, 1.924614e+03, 5364224, 1.037041e-01, 1.037041e-01, 1.037091e-01, 1.038078e-01, 1.070344e-01, 1.077599e-01, 1.078066e-01, 1.238974e-01, 1.753697e-01, 2.155885e-01, 2.162797e-01
INFO:bingo.evolutionary_optimizers.parallel_archipelago:Evolution time 0:00:55.219765	 age 990	 fitness 1.037e-01
Level 25:bingo.evolutionary_optimizers.evolutionary_optimizer:Generation: 540 	 Elapsed time: 0:33:00.176272 	 Best training fitness: 1.037124e-01 	 
Level 25:bingo.evolutionary_optimizers.evolutionary_optimizer:540, 1.980176e+03, 5522133, 1.037124e-01, 1.037041e-01, 1.037091e-01, 1.038078e-01, 1.070344e-01, 1.077599e-01, 1.078066e-01, 1.238974e-01, 1.753697e-01, 2.155885e-01, 2.162797e-01
INFO:bingo.evolutionary_optimizers.parallel_archipelago:Evolution time 0:00:46.254525	 age 1010	 fitness 1.037e-01
Level 25:bingo.evolutionary_optimizers.evolutionary_optimizer:Generation: 550 	 Elapsed time: 0:33:46.783509 	 Best training fitness: 1.037070e-01 	 
Level 25:bingo.evolutionary_optimizers.evolutionary_optimizer:550, 2.026784e+03, 5641206, 1.037070e-01, 1.037041e-01, 1.037091e-01, 1.038078e-01, 1.070344e-01, 1.077599e-01, 1.078066e-01, 1.238963e-01, 1.753697e-01, 2.155885e-01, 2.162797e-01
INFO:bingo.evolutionary_optimizers.parallel_archipelago:Evolution time 0:01:19.252454	 age 1020	 fitness 1.037e-01
Level 25:bingo.evolutionary_optimizers.evolutionary_optimizer:Generation: 560 	 Elapsed time: 0:35:06.385444 	 Best training fitness: 1.037080e-01 	 
Level 25:bingo.evolutionary_optimizers.evolutionary_optimizer:560, 2.106385e+03, 5772417, 1.037080e-01, 1.037041e-01, 1.037080e-01, 1.038078e-01, 1.070344e-01, 1.077599e-01, 1.078066e-01, 1.238963e-01, 1.753697e-01, 2.155885e-01, 2.162797e-01
INFO:bingo.evolutionary_optimizers.parallel_archipelago:Evolution time 0:00:43.859306	 age 1030	 fitness 1.037e-01
Level 25:bingo.evolutionary_optimizers.evolutionary_optimizer:Generation: 570 	 Elapsed time: 0:35:50.589830 	 Best training fitness: 1.037075e-01 	 
Level 25:bingo.evolutionary_optimizers.evolutionary_optimizer:570, 2.150590e+03, 5871947, 1.037075e-01, 1.037041e-01, 1.037075e-01, 1.038078e-01, 1.070344e-01, 1.077599e-01, 1.078066e-01, 1.238963e-01, 1.753697e-01, 2.155885e-01, 2.162797e-01
INFO:bingo.evolutionary_optimizers.parallel_archipelago:Evolution time 0:00:54.607246	 age 1060	 fitness 1.037e-01
Level 25:bingo.evolutionary_optimizers.evolutionary_optimizer:Generation: 580 	 Elapsed time: 0:36:45.566570 	 Best training fitness: 1.037070e-01 	 
Level 25:bingo.evolutionary_optimizers.evolutionary_optimizer:580, 2.205567e+03, 6072084, 1.037070e-01, 1.037041e-01, 1.037075e-01, 1.038078e-01, 1.070344e-01, 1.077449e-01, 1.078066e-01, 1.238963e-01, 1.753697e-01, 2.141612e-01, 2.162797e-01
INFO:bingo.evolutionary_optimizers.parallel_archipelago:Evolution time 0:01:06.697613	 age 1080	 fitness 1.037e-01
Level 25:bingo.evolutionary_optimizers.evolutionary_optimizer:Generation: 590 	 Elapsed time: 0:37:52.671151 	 Best training fitness: 1.037060e-01 	 
Level 25:bingo.evolutionary_optimizers.evolutionary_optimizer:590, 2.272671e+03, 6256251, 1.037060e-01, 1.037041e-01, 1.037075e-01, 1.038078e-01, 1.070344e-01, 1.077449e-01, 1.078066e-01, 1.238963e-01, 1.753697e-01, 2.141439e-01, 2.162797e-01
INFO:bingo.evolutionary_optimizers.parallel_archipelago:Evolution time 0:00:50.064238	 age 1110	 fitness 1.037e-01
Level 25:bingo.evolutionary_optimizers.evolutionary_optimizer:Generation: 600 	 Elapsed time: 0:38:43.103055 	 Best training fitness: 1.037070e-01 	 
Level 25:bingo.evolutionary_optimizers.evolutionary_optimizer:600, 2.323103e+03, 6419516, 1.037070e-01, 1.037041e-01, 1.037075e-01, 1.038078e-01, 1.070344e-01, 1.077449e-01, 1.078066e-01, 1.238963e-01, 1.753697e-01, 2.141439e-01, 2.162797e-01
INFO:bingo.evolutionary_optimizers.parallel_archipelago:Evolution time 0:00:43.439006	 age 1140	 fitness 1.037e-01
Level 25:bingo.evolutionary_optimizers.evolutionary_optimizer:Generation: 610 	 Elapsed time: 0:39:26.904339 	 Best training fitness: 1.037094e-01 	 
Level 25:bingo.evolutionary_optimizers.evolutionary_optimizer:610, 2.366904e+03, 6588336, 1.037094e-01, 1.037041e-01, 1.037075e-01, 1.038078e-01, 1.070344e-01, 1.077449e-01, 1.077976e-01, 1.238963e-01, 1.753697e-01, 2.141439e-01, 2.162797e-01
INFO:bingo.evolutionary_optimizers.parallel_archipelago:Evolution time 0:00:46.660707	 age 1160	 fitness 1.037e-01
Level 25:bingo.evolutionary_optimizers.evolutionary_optimizer:Generation: 620 	 Elapsed time: 0:40:13.928634 	 Best training fitness: 1.037086e-01 	 
Level 25:bingo.evolutionary_optimizers.evolutionary_optimizer:620, 2.413929e+03, 6741261, 1.037086e-01, 1.037041e-01, 1.037075e-01, 1.038078e-01, 1.070344e-01, 1.077449e-01, 1.077976e-01, 1.238963e-01, 1.753697e-01, 2.141439e-01, 2.162797e-01
INFO:bingo.evolutionary_optimizers.parallel_archipelago:Evolution time 0:00:49.206485	 age 1180	 fitness 1.036e-01
Level 25:bingo.evolutionary_optimizers.evolutionary_optimizer:Generation: 630 	 Elapsed time: 0:41:03.509234 	 Best training fitness: 1.036412e-01 	 
Level 25:bingo.evolutionary_optimizers.evolutionary_optimizer:630, 2.463509e+03, 6890015, 1.036412e-01, 1.036412e-01, 1.038078e-01, 1.070344e-01, 1.077449e-01, 1.077976e-01, 1.238963e-01, 1.753697e-01, 2.141370e-01, 2.162797e-01
INFO:bingo.evolutionary_optimizers.parallel_archipelago:Evolution time 0:01:05.983551	 age 1220	 fitness 1.036e-01
Level 25:bingo.evolutionary_optimizers.evolutionary_optimizer:Generation: 640 	 Elapsed time: 0:42:09.857474 	 Best training fitness: 1.036412e-01 	 
Level 25:bingo.evolutionary_optimizers.evolutionary_optimizer:640, 2.529857e+03, 7053259, 1.036412e-01, 1.036412e-01, 1.038078e-01, 1.070344e-01, 1.077449e-01, 1.077976e-01, 1.238963e-01, 1.753697e-01, 2.141370e-01, 2.162797e-01
INFO:bingo.evolutionary_optimizers.parallel_archipelago:Evolution time 0:00:35.858427	 age 1230	 fitness 1.036e-01
Level 25:bingo.evolutionary_optimizers.evolutionary_optimizer:Generation: 650 	 Elapsed time: 0:42:45.992032 	 Best training fitness: 1.036412e-01 	 
Level 25:bingo.evolutionary_optimizers.evolutionary_optimizer:650, 2.565992e+03, 7157607, 1.036412e-01, 1.036412e-01, 1.038078e-01, 1.070344e-01, 1.077449e-01, 1.077976e-01, 1.238963e-01, 1.753697e-01, 2.141370e-01, 2.162797e-01
INFO:bingo.evolutionary_optimizers.parallel_archipelago:Evolution time 0:00:36.205608	 age 1240	 fitness 1.036e-01
Level 25:bingo.evolutionary_optimizers.evolutionary_optimizer:Generation: 660 	 Elapsed time: 0:43:22.433016 	 Best training fitness: 1.036174e-01 	 
Level 25:bingo.evolutionary_optimizers.evolutionary_optimizer:660, 2.602433e+03, 7263179, 1.036174e-01, 1.036174e-01, 1.038078e-01, 1.070344e-01, 1.077449e-01, 1.077976e-01, 1.238963e-01, 1.753697e-01, 2.141370e-01, 2.162797e-01
INFO:bingo.evolutionary_optimizers.parallel_archipelago:Evolution time 0:00:24.789267	 age 1250	 fitness 1.036e-01
Level 25:bingo.evolutionary_optimizers.evolutionary_optimizer:Generation: 670 	 Elapsed time: 0:43:47.465543 	 Best training fitness: 1.036460e-01 	 
Level 25:bingo.evolutionary_optimizers.evolutionary_optimizer:670, 2.627466e+03, 7351854, 1.036460e-01, 1.036174e-01, 1.038078e-01, 1.070344e-01, 1.077449e-01, 1.077976e-01, 1.238963e-01, 1.753697e-01, 2.141366e-01, 2.162797e-01
INFO:bingo.evolutionary_optimizers.parallel_archipelago:Evolution time 0:01:02.191355	 age 1280	 fitness 1.034e-01
Level 25:bingo.evolutionary_optimizers.evolutionary_optimizer:Generation: 680 	 Elapsed time: 0:44:49.900336 	 Best training fitness: 1.034150e-01 	 
Level 25:bingo.evolutionary_optimizers.evolutionary_optimizer:680, 2.689900e+03, 7459440, 1.034150e-01, 1.034150e-01, 1.038078e-01, 1.070344e-01, 1.077449e-01, 1.077976e-01, 1.238963e-01, 1.753697e-01, 2.141366e-01, 2.162797e-01
INFO:bingo.evolutionary_optimizers.parallel_archipelago:Evolution time 0:00:40.431411	 age 1290	 fitness 1.034e-01
Level 25:bingo.evolutionary_optimizers.evolutionary_optimizer:Generation: 690 	 Elapsed time: 0:45:30.569882 	 Best training fitness: 1.033835e-01 	 
Level 25:bingo.evolutionary_optimizers.evolutionary_optimizer:690, 2.730570e+03, 7566479, 1.033835e-01, 1.033835e-01, 1.035669e-01, 1.070344e-01, 1.077449e-01, 1.077976e-01, 1.238963e-01, 1.753697e-01, 2.141366e-01, 2.162797e-01
INFO:bingo.evolutionary_optimizers.parallel_archipelago:Evolution time 0:01:07.469032	 age 1320	 fitness 1.034e-01
Level 25:bingo.evolutionary_optimizers.evolutionary_optimizer:Generation: 700 	 Elapsed time: 0:46:38.275550 	 Best training fitness: 1.033763e-01 	 
Level 25:bingo.evolutionary_optimizers.evolutionary_optimizer:700, 2.798276e+03, 7701102, 1.033763e-01, 1.033763e-01, 1.033835e-01, 1.035194e-01, 1.070344e-01, 1.077449e-01, 1.077976e-01, 1.238963e-01, 1.753697e-01, 2.141366e-01, 2.162797e-01
INFO:bingo.evolutionary_optimizers.parallel_archipelago:Evolution time 0:00:40.192841	 age 1330	 fitness 1.034e-01
Level 25:bingo.evolutionary_optimizers.evolutionary_optimizer:Generation: 710 	 Elapsed time: 0:47:18.702404 	 Best training fitness: 1.033822e-01 	 
Level 25:bingo.evolutionary_optimizers.evolutionary_optimizer:710, 2.838702e+03, 7818414, 1.033822e-01, 1.033763e-01, 1.033822e-01, 1.070344e-01, 1.077449e-01, 1.077976e-01, 1.238963e-01, 1.753697e-01, 2.141366e-01, 2.162797e-01
INFO:bingo.evolutionary_optimizers.parallel_archipelago:Evolution time 0:00:26.241601	 age 1340	 fitness 1.034e-01
Level 25:bingo.evolutionary_optimizers.evolutionary_optimizer:Generation: 720 	 Elapsed time: 0:47:45.212055 	 Best training fitness: 1.033811e-01 	 
Level 25:bingo.evolutionary_optimizers.evolutionary_optimizer:720, 2.865212e+03, 7917842, 1.033811e-01, 1.033763e-01, 1.033822e-01, 1.035008e-01, 1.077449e-01, 1.077976e-01, 1.238963e-01, 1.753697e-01, 2.141366e-01, 2.162797e-01
INFO:bingo.evolutionary_optimizers.parallel_archipelago:Evolution time 0:00:42.821891	 age 1360	 fitness 1.034e-01
Level 25:bingo.evolutionary_optimizers.evolutionary_optimizer:Generation: 730 	 Elapsed time: 0:48:28.274252 	 Best training fitness: 1.033782e-01 	 
Level 25:bingo.evolutionary_optimizers.evolutionary_optimizer:730, 2.908274e+03, 8037182, 1.033782e-01, 1.033763e-01, 1.033782e-01, 1.033822e-01, 1.035008e-01, 1.077449e-01, 1.077976e-01, 1.238963e-01, 1.753697e-01, 2.141366e-01, 2.162797e-01
INFO:bingo.evolutionary_optimizers.parallel_archipelago:Evolution time 0:00:49.786034	 age 1370	 fitness 1.034e-01
Level 25:bingo.evolutionary_optimizers.evolutionary_optimizer:Generation: 740 	 Elapsed time: 0:49:18.296966 	 Best training fitness: 1.033782e-01 	 
Level 25:bingo.evolutionary_optimizers.evolutionary_optimizer:740, 2.958297e+03, 8161930, 1.033782e-01, 1.033763e-01, 1.033782e-01, 1.033822e-01, 1.034987e-01, 1.077237e-01, 1.077976e-01, 1.238963e-01, 1.753697e-01, 2.141366e-01, 2.162797e-01
INFO:bingo.evolutionary_optimizers.parallel_archipelago:Evolution time 0:01:05.216227	 age 1400	 fitness 1.034e-01
Level 25:bingo.evolutionary_optimizers.evolutionary_optimizer:Generation: 750 	 Elapsed time: 0:50:23.759065 	 Best training fitness: 1.033790e-01 	 
Level 25:bingo.evolutionary_optimizers.evolutionary_optimizer:750, 3.023759e+03, 8277788, 1.033790e-01, 1.033763e-01, 1.033782e-01, 1.033822e-01, 1.034987e-01, 1.077237e-01, 1.077976e-01, 1.238963e-01, 1.753697e-01, 2.141366e-01, 2.162797e-01
INFO:bingo.evolutionary_optimizers.parallel_archipelago:Evolution time 0:00:47.778342	 age 1420	 fitness 1.034e-01
Level 25:bingo.evolutionary_optimizers.evolutionary_optimizer:Generation: 760 	 Elapsed time: 0:51:11.774454 	 Best training fitness: 1.033768e-01 	 
Level 25:bingo.evolutionary_optimizers.evolutionary_optimizer:760, 3.071774e+03, 8399342, 1.033768e-01, 1.033763e-01, 1.033768e-01, 1.033822e-01, 1.034987e-01, 1.077237e-01, 1.077976e-01, 1.238963e-01, 1.753697e-01, 2.141366e-01, 2.162797e-01
INFO:bingo.evolutionary_optimizers.parallel_archipelago:Evolution time 0:01:02.136493	 age 1460	 fitness 1.034e-01
Level 25:bingo.evolutionary_optimizers.evolutionary_optimizer:Generation: 770 	 Elapsed time: 0:52:14.147795 	 Best training fitness: 1.033781e-01 	 
Level 25:bingo.evolutionary_optimizers.evolutionary_optimizer:770, 3.134148e+03, 8550502, 1.033781e-01, 1.033763e-01, 1.033768e-01, 1.033822e-01, 1.034987e-01, 1.077237e-01, 1.077976e-01, 1.238963e-01, 1.753697e-01, 2.141366e-01, 2.162797e-01
INFO:bingo.evolutionary_optimizers.parallel_archipelago:Evolution time 0:00:40.498635	 age 1490	 fitness 1.034e-01
Level 25:bingo.evolutionary_optimizers.evolutionary_optimizer:Generation: 780 	 Elapsed time: 0:52:55.006588 	 Best training fitness: 1.033779e-01 	 
Level 25:bingo.evolutionary_optimizers.evolutionary_optimizer:780, 3.175007e+03, 8691327, 1.033779e-01, 1.033763e-01, 1.033768e-01, 1.033822e-01, 1.034987e-01, 1.077237e-01, 1.077976e-01, 1.238963e-01, 1.753697e-01, 2.141366e-01, 2.162797e-01
INFO:bingo.evolutionary_optimizers.parallel_archipelago:Evolution time 0:00:46.288075	 age 1520	 fitness 1.034e-01
Level 25:bingo.evolutionary_optimizers.evolutionary_optimizer:Generation: 790 	 Elapsed time: 0:53:41.710141 	 Best training fitness: 1.033735e-01 	 
Level 25:bingo.evolutionary_optimizers.evolutionary_optimizer:790, 3.221710e+03, 8824838, 1.033735e-01, 1.033735e-01, 1.034987e-01, 1.077237e-01, 1.077976e-01, 1.238963e-01, 1.753697e-01, 2.141366e-01, 2.162797e-01
INFO:bingo.evolutionary_optimizers.parallel_archipelago:Evolution time 0:00:31.484582	 age 1540	 fitness 1.034e-01
Level 25:bingo.evolutionary_optimizers.evolutionary_optimizer:Generation: 800 	 Elapsed time: 0:54:13.556852 	 Best training fitness: 1.033780e-01 	 
Level 25:bingo.evolutionary_optimizers.evolutionary_optimizer:800, 3.253557e+03, 8946416, 1.033780e-01, 1.033735e-01, 1.034987e-01, 1.077237e-01, 1.077976e-01, 1.238963e-01, 1.753697e-01, 2.141366e-01, 2.162797e-01
INFO:bingo.evolutionary_optimizers.parallel_archipelago:Evolution time 0:01:01.989641	 age 1580	 fitness 1.034e-01
Level 25:bingo.evolutionary_optimizers.evolutionary_optimizer:Generation: 810 	 Elapsed time: 0:55:15.881119 	 Best training fitness: 1.033834e-01 	 
Level 25:bingo.evolutionary_optimizers.evolutionary_optimizer:810, 3.315881e+03, 9118042, 1.033834e-01, 1.033735e-01, 1.034987e-01, 1.077237e-01, 1.077976e-01, 1.238963e-01, 1.753697e-01, 2.141366e-01, 2.162797e-01
INFO:bingo.evolutionary_optimizers.parallel_archipelago:Evolution time 0:00:55.439787	 age 1620	 fitness 1.034e-01
Level 25:bingo.evolutionary_optimizers.evolutionary_optimizer:Generation: 820 	 Elapsed time: 0:56:11.525499 	 Best training fitness: 1.033744e-01 	 
Level 25:bingo.evolutionary_optimizers.evolutionary_optimizer:820, 3.371525e+03, 9287998, 1.033744e-01, 1.033735e-01, 1.034987e-01, 1.077237e-01, 1.077976e-01, 1.238963e-01, 1.753697e-01, 2.141366e-01, 2.162797e-01
INFO:bingo.evolutionary_optimizers.parallel_archipelago:Evolution time 0:00:42.865919	 age 1640	 fitness 1.034e-01
Level 25:bingo.evolutionary_optimizers.evolutionary_optimizer:Generation: 830 	 Elapsed time: 0:56:54.592281 	 Best training fitness: 1.033737e-01 	 
Level 25:bingo.evolutionary_optimizers.evolutionary_optimizer:830, 3.414592e+03, 9436482, 1.033737e-01, 1.033735e-01, 1.034987e-01, 1.077237e-01, 1.077976e-01, 1.238963e-01, 1.753697e-01, 2.141366e-01, 2.162797e-01
INFO:bingo.evolutionary_optimizers.parallel_archipelago:Evolution time 0:00:27.343611	 age 1660	 fitness 1.034e-01
Level 25:bingo.evolutionary_optimizers.evolutionary_optimizer:Generation: 840 	 Elapsed time: 0:57:22.137415 	 Best training fitness: 1.033780e-01 	 
Level 25:bingo.evolutionary_optimizers.evolutionary_optimizer:840, 3.442137e+03, 9558962, 1.033780e-01, 1.033735e-01, 1.034987e-01, 1.077237e-01, 1.077976e-01, 1.109684e-01, 1.238963e-01, 1.753697e-01, 2.141366e-01, 2.162797e-01
INFO:bingo.evolutionary_optimizers.parallel_archipelago:Evolution time 0:00:40.337116	 age 1680	 fitness 1.034e-01
Level 25:bingo.evolutionary_optimizers.evolutionary_optimizer:Generation: 850 	 Elapsed time: 0:58:02.676662 	 Best training fitness: 1.033806e-01 	 
Level 25:bingo.evolutionary_optimizers.evolutionary_optimizer:850, 3.482677e+03, 9661175, 1.033806e-01, 1.033735e-01, 1.034987e-01, 1.077237e-01, 1.077976e-01, 1.109449e-01, 1.238963e-01, 1.753697e-01, 2.141366e-01, 2.162797e-01
INFO:bingo.evolutionary_optimizers.parallel_archipelago:Evolution time 0:00:25.395352	 age 1690	 fitness 1.034e-01
Level 25:bingo.evolutionary_optimizers.evolutionary_optimizer:Generation: 860 	 Elapsed time: 0:58:28.307299 	 Best training fitness: 1.033742e-01 	 
Level 25:bingo.evolutionary_optimizers.evolutionary_optimizer:860, 3.508307e+03, 9748885, 1.033742e-01, 1.033735e-01, 1.034987e-01, 1.077237e-01, 1.077976e-01, 1.109352e-01, 1.238963e-01, 1.753697e-01, 2.141366e-01, 2.162797e-01
INFO:bingo.evolutionary_optimizers.parallel_archipelago:Evolution time 0:00:52.400654	 age 1730	 fitness 1.034e-01
Level 25:bingo.evolutionary_optimizers.evolutionary_optimizer:Generation: 870 	 Elapsed time: 0:59:20.915575 	 Best training fitness: 1.033764e-01 	 
Level 25:bingo.evolutionary_optimizers.evolutionary_optimizer:870, 3.560916e+03, 9925428, 1.033764e-01, 1.033735e-01, 1.034987e-01, 1.077237e-01, 1.077446e-01, 1.077976e-01, 1.109352e-01, 1.109489e-01, 1.238963e-01, 1.753697e-01, 2.141366e-01, 2.162797e-01
INFO:bingo.evolutionary_optimizers.parallel_archipelago:Evolution time 0:00:44.083650	 age 1760	 fitness 1.034e-01
Level 25:bingo.evolutionary_optimizers.evolutionary_optimizer:Generation: 880 	 Elapsed time: 1:00:05.201740 	 Best training fitness: 1.033775e-01 	 
Level 25:bingo.evolutionary_optimizers.evolutionary_optimizer:880, 3.605202e+03, 10080137, 1.033775e-01, 1.033735e-01, 1.034960e-01, 1.077237e-01, 1.077446e-01, 1.077976e-01, 1.109352e-01, 1.109399e-01, 1.238963e-01, 1.753697e-01, 2.141366e-01, 2.162797e-01
INFO:bingo.evolutionary_optimizers.parallel_archipelago:Evolution time 0:00:42.411897	 age 1790	 fitness 1.034e-01
Level 25:bingo.evolutionary_optimizers.evolutionary_optimizer:Generation: 890 	 Elapsed time: 1:00:47.812170 	 Best training fitness: 1.033760e-01 	 
Level 25:bingo.evolutionary_optimizers.evolutionary_optimizer:890, 3.647812e+03, 10233941, 1.033760e-01, 1.033735e-01, 1.034960e-01, 1.077237e-01, 1.077446e-01, 1.077976e-01, 1.109352e-01, 1.109399e-01, 1.238963e-01, 1.753697e-01, 2.141366e-01, 2.162797e-01
INFO:bingo.evolutionary_optimizers.parallel_archipelago:Evolution time 0:00:28.551651	 age 1800	 fitness 1.034e-01
Level 25:bingo.evolutionary_optimizers.evolutionary_optimizer:Generation: 900 	 Elapsed time: 1:01:16.561304 	 Best training fitness: 1.033760e-01 	 
Level 25:bingo.evolutionary_optimizers.evolutionary_optimizer:900, 3.676561e+03, 10340533, 1.033760e-01, 1.033735e-01, 1.034960e-01, 1.077237e-01, 1.077446e-01, 1.077976e-01, 1.109352e-01, 1.109399e-01, 1.238963e-01, 1.753697e-01, 2.141366e-01, 2.162797e-01
INFO:bingo.evolutionary_optimizers.parallel_archipelago:Evolution time 0:00:29.356474	 age 1820	 fitness 1.034e-01
Level 25:bingo.evolutionary_optimizers.evolutionary_optimizer:Generation: 910 	 Elapsed time: 1:01:46.115250 	 Best training fitness: 1.033754e-01 	 
Level 25:bingo.evolutionary_optimizers.evolutionary_optimizer:910, 3.706115e+03, 10475127, 1.033754e-01, 1.033735e-01, 1.034960e-01, 1.077237e-01, 1.077446e-01, 1.077976e-01, 1.109352e-01, 1.109399e-01, 1.238963e-01, 1.753697e-01, 2.141366e-01, 2.162797e-01
INFO:bingo.evolutionary_optimizers.parallel_archipelago:Evolution time 0:00:29.959340	 age 1830	 fitness 1.034e-01
Level 25:bingo.evolutionary_optimizers.evolutionary_optimizer:Generation: 920 	 Elapsed time: 1:02:16.272208 	 Best training fitness: 1.033810e-01 	 
Level 25:bingo.evolutionary_optimizers.evolutionary_optimizer:920, 3.736272e+03, 10584997, 1.033810e-01, 1.033735e-01, 1.034960e-01, 1.077237e-01, 1.077446e-01, 1.077976e-01, 1.109352e-01, 1.109399e-01, 1.238963e-01, 1.753697e-01, 2.141366e-01, 2.162797e-01
INFO:bingo.evolutionary_optimizers.parallel_archipelago:Evolution time 0:00:45.431274	 age 1860	 fitness 1.034e-01
Level 25:bingo.evolutionary_optimizers.evolutionary_optimizer:Generation: 930 	 Elapsed time: 1:03:01.936128 	 Best training fitness: 1.033789e-01 	 
Level 25:bingo.evolutionary_optimizers.evolutionary_optimizer:930, 3.781936e+03, 10745687, 1.033789e-01, 1.033735e-01, 1.034960e-01, 1.077237e-01, 1.077446e-01, 1.077976e-01, 1.109352e-01, 1.109399e-01, 1.238963e-01, 1.251502e-01, 1.753697e-01, 2.141366e-01, 2.162797e-01
INFO:bingo.evolutionary_optimizers.parallel_archipelago:Evolution time 0:00:28.921339	 age 1880	 fitness 9.701e-02
Level 25:bingo.evolutionary_optimizers.evolutionary_optimizer:Generation: 940 	 Elapsed time: 1:03:31.059452 	 Best training fitness: 9.701271e-02 	 
Level 25:bingo.evolutionary_optimizers.evolutionary_optimizer:940, 3.811059e+03, 10868656, 9.701271e-02, 9.701271e-02, 1.109399e-01, 1.238963e-01, 1.251502e-01, 1.753697e-01, 2.141366e-01, 2.162797e-01
INFO:bingo.evolutionary_optimizers.parallel_archipelago:Evolution time 0:00:29.295313	 age 1900	 fitness 5.450e-02
Level 25:bingo.evolutionary_optimizers.evolutionary_optimizer:Generation: 950 	 Elapsed time: 1:04:00.559125 	 Best training fitness: 5.450359e-02 	 
Level 25:bingo.evolutionary_optimizers.evolutionary_optimizer:950, 3.840559e+03, 10978884, 5.450359e-02, 5.450359e-02, 1.753697e-01, 2.141366e-01, 2.162797e-01
INFO:bingo.evolutionary_optimizers.parallel_archipelago:Evolution time 0:00:19.568897	 age 1910	 fitness 1.280e-16
Level 25:bingo.evolutionary_optimizers.evolutionary_optimizer:Generation: 960 	 Elapsed time: 1:04:20.323634 	 Best training fitness: 1.279718e-16 	 
Level 25:bingo.evolutionary_optimizers.evolutionary_optimizer:960, 3.860324e+03, 11053529, 1.279718e-16, 1.279718e-16, 2.162797e-01
Level 25:bingo.evolutionary_optimizers.evolutionary_optimizer:Evolution successfully converged.
Level 25:bingo.evolutionary_optimizers.evolutionary_optimizer:  Absolte convergence occurred with best fitness < 1e-10
Level 25:bingo.evolutionary_optimizers.evolutionary_optimizer:Hall of Fame:
1.2797176521642916e-16	7	sin(log((X_1)(X_1) + (X_0)(X_0)))
0.2162797125262439	1	-0.933626
