Level 25:bingo.evolutionary_optimizers.evolutionary_optimizer:#generational_age, elapsed_time, fitness_evaluation_count, current_training_fitness, hall_of_fame_fitnesses
Level 25:bingo.evolutionary_optimizers.evolutionary_optimizer:#generational_age, elapsed_time, fitness_evaluation_count, current_training_fitness, hall_of_fame_fitnesses
Level 25:bingo.evolutionary_optimizers.evolutionary_optimizer:Generation: 0 	 Elapsed time: 0:00:03.918175 	 Best training fitness: 2.484061e-02 	 
Level 25:bingo.evolutionary_optimizers.evolutionary_optimizer:0, 3.918175e+00, 12114, 2.484061e-02
INFO:bingo.evolutionary_optimizers.parallel_archipelago:Evolution time 0:00:32.328257	 age 20	 fitness 2.420e-02
Level 25:bingo.evolutionary_optimizers.evolutionary_optimizer:Generation: 10 	 Elapsed time: 0:00:36.438991 	 Best training fitness: 2.419553e-02 	 
Level 25:bingo.evolutionary_optimizers.evolutionary_optimizer:10, 3.643899e+01, 95427, 2.419553e-02, 2.419553e-02, 2.431106e-02, 2.481880e-02, 8.350996e-02
INFO:bingo.evolutionary_optimizers.parallel_archipelago:Evolution time 0:00:25.949761	 age 30	 fitness 2.426e-02
Level 25:bingo.evolutionary_optimizers.evolutionary_optimizer:Generation: 20 	 Elapsed time: 0:01:02.697938 	 Best training fitness: 2.426176e-02 	 
Level 25:bingo.evolutionary_optimizers.evolutionary_optimizer:20, 6.269794e+01, 161614, 2.426176e-02, 2.419553e-02, 2.431106e-02, 2.459722e-02, 2.481880e-02, 8.318652e-02
INFO:bingo.evolutionary_optimizers.parallel_archipelago:Evolution time 0:00:32.906466	 age 40	 fitness 2.421e-02
Level 25:bingo.evolutionary_optimizers.evolutionary_optimizer:Generation: 30 	 Elapsed time: 0:01:35.959293 	 Best training fitness: 2.420996e-02 	 
Level 25:bingo.evolutionary_optimizers.evolutionary_optimizer:30, 9.595929e+01, 233511, 2.420996e-02, 2.419553e-02, 2.420996e-02, 2.431106e-02, 2.451779e-02, 2.455183e-02
INFO:bingo.evolutionary_optimizers.parallel_archipelago:Evolution time 0:00:25.420950	 age 60	 fitness 2.426e-02
Level 25:bingo.evolutionary_optimizers.evolutionary_optimizer:Generation: 40 	 Elapsed time: 0:02:01.708509 	 Best training fitness: 2.425620e-02 	 
Level 25:bingo.evolutionary_optimizers.evolutionary_optimizer:40, 1.217085e+02, 312566, 2.425620e-02, 2.419553e-02, 2.420996e-02, 2.425620e-02, 2.429348e-02, 2.431031e-02
INFO:bingo.evolutionary_optimizers.parallel_archipelago:Evolution time 0:00:37.400191	 age 70	 fitness 2.429e-02
Level 25:bingo.evolutionary_optimizers.evolutionary_optimizer:Generation: 50 	 Elapsed time: 0:02:39.445048 	 Best training fitness: 2.429169e-02 	 
Level 25:bingo.evolutionary_optimizers.evolutionary_optimizer:50, 1.594450e+02, 385580, 2.429169e-02, 2.419553e-02, 2.420996e-02, 2.425620e-02, 2.429348e-02, 2.431031e-02
INFO:bingo.evolutionary_optimizers.parallel_archipelago:Evolution time 0:00:58.217918	 age 100	 fitness 2.427e-02
Level 25:bingo.evolutionary_optimizers.evolutionary_optimizer:Generation: 60 	 Elapsed time: 0:03:37.986553 	 Best training fitness: 2.427024e-02 	 
Level 25:bingo.evolutionary_optimizers.evolutionary_optimizer:60, 2.179866e+02, 502461, 2.427024e-02, 2.419553e-02, 2.420996e-02, 2.425620e-02, 2.429348e-02, 2.431031e-02
INFO:bingo.evolutionary_optimizers.parallel_archipelago:Evolution time 0:00:49.325959	 age 130	 fitness 2.426e-02
Level 25:bingo.evolutionary_optimizers.evolutionary_optimizer:Generation: 70 	 Elapsed time: 0:04:27.640282 	 Best training fitness: 2.425735e-02 	 
Level 25:bingo.evolutionary_optimizers.evolutionary_optimizer:70, 2.676403e+02, 616016, 2.425735e-02, 2.419553e-02, 2.420996e-02, 2.425620e-02, 2.429348e-02, 2.431031e-02
INFO:bingo.evolutionary_optimizers.parallel_archipelago:Evolution time 0:00:49.633997	 age 170	 fitness 2.427e-02
Level 25:bingo.evolutionary_optimizers.evolutionary_optimizer:Generation: 80 	 Elapsed time: 0:05:17.615898 	 Best training fitness: 2.427024e-02 	 
Level 25:bingo.evolutionary_optimizers.evolutionary_optimizer:80, 3.176159e+02, 733095, 2.427024e-02, 2.419553e-02, 2.420996e-02, 2.425620e-02, 2.429348e-02, 2.431031e-02
INFO:bingo.evolutionary_optimizers.parallel_archipelago:Evolution time 0:00:31.213429	 age 190	 fitness 2.425e-02
Level 25:bingo.evolutionary_optimizers.evolutionary_optimizer:Generation: 90 	 Elapsed time: 0:05:49.171921 	 Best training fitness: 2.424759e-02 	 
Level 25:bingo.evolutionary_optimizers.evolutionary_optimizer:90, 3.491719e+02, 810061, 2.424759e-02, 2.419553e-02, 2.420996e-02, 2.424759e-02, 2.425620e-02, 2.429348e-02, 2.431031e-02
INFO:bingo.evolutionary_optimizers.parallel_archipelago:Evolution time 0:00:46.032917	 age 210	 fitness 2.429e-02
Level 25:bingo.evolutionary_optimizers.evolutionary_optimizer:Generation: 100 	 Elapsed time: 0:06:35.626526 	 Best training fitness: 2.429459e-02 	 
Level 25:bingo.evolutionary_optimizers.evolutionary_optimizer:100, 3.956265e+02, 894996, 2.429459e-02, 2.419553e-02, 2.420996e-02, 2.424759e-02, 2.425620e-02, 2.429348e-02, 2.431031e-02
INFO:bingo.evolutionary_optimizers.parallel_archipelago:Evolution time 0:00:25.545934	 age 230	 fitness 2.420e-02
Level 25:bingo.evolutionary_optimizers.evolutionary_optimizer:Generation: 110 	 Elapsed time: 0:07:01.551615 	 Best training fitness: 2.419662e-02 	 
Level 25:bingo.evolutionary_optimizers.evolutionary_optimizer:110, 4.215516e+02, 953347, 2.419662e-02, 2.419553e-02, 2.419662e-02, 2.431031e-02
INFO:bingo.evolutionary_optimizers.parallel_archipelago:Evolution time 0:00:27.596579	 age 250	 fitness 2.421e-02
Level 25:bingo.evolutionary_optimizers.evolutionary_optimizer:Generation: 120 	 Elapsed time: 0:07:29.467248 	 Best training fitness: 2.420708e-02 	 
Level 25:bingo.evolutionary_optimizers.evolutionary_optimizer:120, 4.494672e+02, 1013731, 2.420708e-02, 2.419553e-02, 2.419662e-02, 2.420708e-02, 2.431031e-02
INFO:bingo.evolutionary_optimizers.parallel_archipelago:Evolution time 0:00:35.654318	 age 270	 fitness 1.422e-17
Level 25:bingo.evolutionary_optimizers.evolutionary_optimizer:Generation: 130 	 Elapsed time: 0:08:05.472262 	 Best training fitness: 1.421909e-17 	 
Level 25:bingo.evolutionary_optimizers.evolutionary_optimizer:130, 4.854723e+02, 1083338, 1.421909e-17, 1.421909e-17, 2.419662e-02, 2.420708e-02, 2.431031e-02
Level 25:bingo.evolutionary_optimizers.evolutionary_optimizer:Evolution successfully converged.
Level 25:bingo.evolutionary_optimizers.evolutionary_optimizer:  Absolte convergence occurred with best fitness < 1e-10
Level 25:bingo.evolutionary_optimizers.evolutionary_optimizer:Hall of Fame:
1.421908502404769e-17	7	sin(log((X_0)(X_0) + (X_1)(X_1)))
0.024196621592230957	4	sin((-6.585097)(-6.585097) + (-6.585097)(-6.585097))
0.024207081399717997	3	sin(-0.966476 + -0.966476)
0.02431031201228742	1	-0.937038
Level 25:bingo.evolutionary_optimizers.evolutionary_optimizer:#generational_age, elapsed_time, fitness_evaluation_count, current_training_fitness, hall_of_fame_fitnesses
Level 25:bingo.evolutionary_optimizers.evolutionary_optimizer:#generational_age, elapsed_time, fitness_evaluation_count, current_training_fitness, hall_of_fame_fitnesses
Level 25:bingo.evolutionary_optimizers.evolutionary_optimizer:Generation: 0 	 Elapsed time: 0:00:02.389733 	 Best training fitness: 2.450063e-02 	 
Level 25:bingo.evolutionary_optimizers.evolutionary_optimizer:0, 2.389733e+00, 12464, 2.450063e-02
INFO:bingo.evolutionary_optimizers.parallel_archipelago:Evolution time 0:00:22.431234	 age 30	 fitness 2.421e-02
Level 25:bingo.evolutionary_optimizers.evolutionary_optimizer:Generation: 10 	 Elapsed time: 0:00:24.970057 	 Best training fitness: 2.421082e-02 	 
Level 25:bingo.evolutionary_optimizers.evolutionary_optimizer:10, 2.497006e+01, 102319, 2.421082e-02, 2.421082e-02, 2.422649e-02, 2.445583e-02, 2.463504e-02, 2.557579e-02
INFO:bingo.evolutionary_optimizers.parallel_archipelago:Evolution time 0:00:14.677710	 age 50	 fitness 2.429e-02
Level 25:bingo.evolutionary_optimizers.evolutionary_optimizer:Generation: 20 	 Elapsed time: 0:00:39.813042 	 Best training fitness: 2.428779e-02 	 
Level 25:bingo.evolutionary_optimizers.evolutionary_optimizer:20, 3.981304e+01, 175696, 2.428779e-02, 2.421082e-02, 2.422649e-02, 2.433895e-02
INFO:bingo.evolutionary_optimizers.parallel_archipelago:Evolution time 0:00:16.766954	 age 70	 fitness 2.429e-02
Level 25:bingo.evolutionary_optimizers.evolutionary_optimizer:Generation: 30 	 Elapsed time: 0:00:56.815243 	 Best training fitness: 2.429180e-02 	 
Level 25:bingo.evolutionary_optimizers.evolutionary_optimizer:30, 5.681524e+01, 260306, 2.429180e-02, 2.421082e-02, 2.422649e-02, 2.429775e-02, 2.430983e-02
INFO:bingo.evolutionary_optimizers.parallel_archipelago:Evolution time 0:00:11.622398	 age 80	 fitness 2.431e-02
Level 25:bingo.evolutionary_optimizers.evolutionary_optimizer:Generation: 40 	 Elapsed time: 0:01:08.647828 	 Best training fitness: 2.430881e-02 	 
Level 25:bingo.evolutionary_optimizers.evolutionary_optimizer:40, 6.864783e+01, 312364, 2.430881e-02, 2.421082e-02, 2.422649e-02, 2.429775e-02, 2.430983e-02
INFO:bingo.evolutionary_optimizers.parallel_archipelago:Evolution time 0:00:21.217218	 age 90	 fitness 2.429e-02
Level 25:bingo.evolutionary_optimizers.evolutionary_optimizer:Generation: 50 	 Elapsed time: 0:01:30.043934 	 Best training fitness: 2.428798e-02 	 
Level 25:bingo.evolutionary_optimizers.evolutionary_optimizer:50, 9.004393e+01, 374897, 2.428798e-02, 2.421082e-02, 2.422649e-02, 2.428798e-02, 2.430983e-02
INFO:bingo.evolutionary_optimizers.parallel_archipelago:Evolution time 0:00:25.034720	 age 100	 fitness 2.427e-02
Level 25:bingo.evolutionary_optimizers.evolutionary_optimizer:Generation: 60 	 Elapsed time: 0:01:55.255238 	 Best training fitness: 2.426994e-02 	 
Level 25:bingo.evolutionary_optimizers.evolutionary_optimizer:60, 1.152552e+02, 458887, 2.426994e-02, 2.421082e-02, 2.422649e-02, 2.426994e-02, 2.430983e-02
INFO:bingo.evolutionary_optimizers.parallel_archipelago:Evolution time 0:00:21.844842	 age 120	 fitness 2.414e-02
Level 25:bingo.evolutionary_optimizers.evolutionary_optimizer:Generation: 70 	 Elapsed time: 0:02:17.283742 	 Best training fitness: 2.413919e-02 	 
Level 25:bingo.evolutionary_optimizers.evolutionary_optimizer:70, 1.372837e+02, 548456, 2.413919e-02, 2.413919e-02, 2.430983e-02
INFO:bingo.evolutionary_optimizers.parallel_archipelago:Evolution time 0:00:28.129254	 age 130	 fitness 2.425e-02
Level 25:bingo.evolutionary_optimizers.evolutionary_optimizer:Generation: 80 	 Elapsed time: 0:02:45.710721 	 Best training fitness: 2.425124e-02 	 
Level 25:bingo.evolutionary_optimizers.evolutionary_optimizer:80, 1.657107e+02, 638045, 2.425124e-02, 2.413919e-02, 2.430983e-02
INFO:bingo.evolutionary_optimizers.parallel_archipelago:Evolution time 0:00:31.109187	 age 150	 fitness 2.418e-02
Level 25:bingo.evolutionary_optimizers.evolutionary_optimizer:Generation: 90 	 Elapsed time: 0:03:17.096223 	 Best training fitness: 2.417578e-02 	 
Level 25:bingo.evolutionary_optimizers.evolutionary_optimizer:90, 1.970962e+02, 740761, 2.417578e-02, 2.413919e-02, 2.430983e-02
INFO:bingo.evolutionary_optimizers.parallel_archipelago:Evolution time 0:00:24.482741	 age 180	 fitness 2.429e-02
Level 25:bingo.evolutionary_optimizers.evolutionary_optimizer:Generation: 100 	 Elapsed time: 0:03:41.786203 	 Best training fitness: 2.429487e-02 	 
Level 25:bingo.evolutionary_optimizers.evolutionary_optimizer:100, 2.217862e+02, 833219, 2.429487e-02, 2.413919e-02, 2.430983e-02
INFO:bingo.evolutionary_optimizers.parallel_archipelago:Evolution time 0:00:15.729746	 age 200	 fitness 2.425e-02
Level 25:bingo.evolutionary_optimizers.evolutionary_optimizer:Generation: 110 	 Elapsed time: 0:03:57.694625 	 Best training fitness: 2.424813e-02 	 
Level 25:bingo.evolutionary_optimizers.evolutionary_optimizer:110, 2.376946e+02, 901940, 2.424813e-02, 2.413919e-02, 2.430983e-02
INFO:bingo.evolutionary_optimizers.parallel_archipelago:Evolution time 0:00:22.090186	 age 230	 fitness 2.417e-02
Level 25:bingo.evolutionary_optimizers.evolutionary_optimizer:Generation: 120 	 Elapsed time: 0:04:19.962644 	 Best training fitness: 2.416879e-02 	 
Level 25:bingo.evolutionary_optimizers.evolutionary_optimizer:120, 2.599626e+02, 980831, 2.416879e-02, 2.413919e-02, 2.430983e-02
INFO:bingo.evolutionary_optimizers.parallel_archipelago:Evolution time 0:00:22.373351	 age 250	 fitness 2.417e-02
Level 25:bingo.evolutionary_optimizers.evolutionary_optimizer:Generation: 130 	 Elapsed time: 0:04:42.553782 	 Best training fitness: 2.417101e-02 	 
Level 25:bingo.evolutionary_optimizers.evolutionary_optimizer:130, 2.825538e+02, 1068552, 2.417101e-02, 2.413919e-02, 2.430983e-02
INFO:bingo.evolutionary_optimizers.parallel_archipelago:Evolution time 0:00:18.175870	 age 260	 fitness 2.416e-02
Level 25:bingo.evolutionary_optimizers.evolutionary_optimizer:Generation: 140 	 Elapsed time: 0:05:00.926295 	 Best training fitness: 2.416044e-02 	 
Level 25:bingo.evolutionary_optimizers.evolutionary_optimizer:140, 3.009263e+02, 1124192, 2.416044e-02, 2.413919e-02, 2.430983e-02
INFO:bingo.evolutionary_optimizers.parallel_archipelago:Evolution time 0:00:19.155278	 age 270	 fitness 1.422e-17
Level 25:bingo.evolutionary_optimizers.evolutionary_optimizer:Generation: 150 	 Elapsed time: 0:05:20.256614 	 Best training fitness: 1.421909e-17 	 
Level 25:bingo.evolutionary_optimizers.evolutionary_optimizer:150, 3.202566e+02, 1177856, 1.421909e-17, 1.421909e-17, 2.413919e-02, 2.430983e-02
Level 25:bingo.evolutionary_optimizers.evolutionary_optimizer:Evolution successfully converged.
Level 25:bingo.evolutionary_optimizers.evolutionary_optimizer:  Absolte convergence occurred with best fitness < 1e-10
Level 25:bingo.evolutionary_optimizers.evolutionary_optimizer:Hall of Fame:
1.4219085024047693e-17	8	sin(log((X_1)(X_1) + (X_0)(X_0)))
0.024139190032187643	4	log(sin(log(0.064570)))
0.024309825955735623	1	-0.906895
