Level 25:bingo.evolutionary_optimizers.evolutionary_optimizer:#generational_age, elapsed_time, fitness_evaluation_count, current_training_fitness, hall_of_fame_fitnesses
Level 25:bingo.evolutionary_optimizers.evolutionary_optimizer:#generational_age, elapsed_time, fitness_evaluation_count, current_training_fitness, hall_of_fame_fitnesses
Level 25:bingo.evolutionary_optimizers.evolutionary_optimizer:Generation: 0 	 Elapsed time: 0:00:05.360547 	 Best training fitness: 1.924580e-01 	 
Level 25:bingo.evolutionary_optimizers.evolutionary_optimizer:0, 5.360547e+00, 14005, 1.924580e-01
INFO:bingo.evolutionary_optimizers.parallel_archipelago:Evolution time 0:00:38.600858	 age 30	 fitness 1.923e-01
Level 25:bingo.evolutionary_optimizers.evolutionary_optimizer:Generation: 10 	 Elapsed time: 0:00:44.160073 	 Best training fitness: 1.923434e-01 	 
Level 25:bingo.evolutionary_optimizers.evolutionary_optimizer:10, 4.416007e+01, 126183, 1.923434e-01, 1.923434e-01, 1.924031e-01
INFO:bingo.evolutionary_optimizers.parallel_archipelago:Evolution time 0:00:31.766823	 age 40	 fitness 1.918e-01
Level 25:bingo.evolutionary_optimizers.evolutionary_optimizer:Generation: 20 	 Elapsed time: 0:01:16.133723 	 Best training fitness: 1.918041e-01 	 
Level 25:bingo.evolutionary_optimizers.evolutionary_optimizer:20, 7.613372e+01, 187705, 1.918041e-01, 1.918041e-01, 1.923388e-01, 1.923434e-01, 1.923990e-01, 1.924031e-01
INFO:bingo.evolutionary_optimizers.parallel_archipelago:Evolution time 0:00:27.062333	 age 70	 fitness 1.906e-01
Level 25:bingo.evolutionary_optimizers.evolutionary_optimizer:Generation: 30 	 Elapsed time: 0:01:43.439381 	 Best training fitness: 1.906013e-01 	 
Level 25:bingo.evolutionary_optimizers.evolutionary_optimizer:30, 1.034394e+02, 261746, 1.906013e-01, 1.906013e-01, 1.923158e-01, 1.923186e-01, 1.923564e-01, 1.924031e-01
INFO:bingo.evolutionary_optimizers.parallel_archipelago:Evolution time 0:00:28.859947	 age 80	 fitness 1.904e-01
Level 25:bingo.evolutionary_optimizers.evolutionary_optimizer:Generation: 40 	 Elapsed time: 0:02:12.507056 	 Best training fitness: 1.904488e-01 	 
Level 25:bingo.evolutionary_optimizers.evolutionary_optimizer:40, 1.325071e+02, 327267, 1.904488e-01, 1.904488e-01, 1.922880e-01, 1.922906e-01, 1.923235e-01, 1.924031e-01
INFO:bingo.evolutionary_optimizers.parallel_archipelago:Evolution time 0:00:21.874669	 age 90	 fitness 1.903e-01
Level 25:bingo.evolutionary_optimizers.evolutionary_optimizer:Generation: 50 	 Elapsed time: 0:02:34.596015 	 Best training fitness: 1.902837e-01 	 
Level 25:bingo.evolutionary_optimizers.evolutionary_optimizer:50, 1.545960e+02, 393347, 1.902837e-01, 1.902837e-01, 1.903854e-01, 1.922880e-01, 1.922906e-01, 1.923035e-01, 1.924031e-01
INFO:bingo.evolutionary_optimizers.parallel_archipelago:Evolution time 0:00:35.694773	 age 110	 fitness 1.895e-01
Level 25:bingo.evolutionary_optimizers.evolutionary_optimizer:Generation: 60 	 Elapsed time: 0:03:10.503636 	 Best training fitness: 1.894736e-01 	 
Level 25:bingo.evolutionary_optimizers.evolutionary_optimizer:60, 1.905036e+02, 484113, 1.894736e-01, 1.894736e-01, 1.902837e-01, 1.903854e-01, 1.922880e-01, 1.922906e-01, 1.922998e-01, 1.923411e-01
INFO:bingo.evolutionary_optimizers.parallel_archipelago:Evolution time 0:00:34.913985	 age 130	 fitness 1.893e-01
Level 25:bingo.evolutionary_optimizers.evolutionary_optimizer:Generation: 70 	 Elapsed time: 0:03:45.632889 	 Best training fitness: 1.893283e-01 	 
Level 25:bingo.evolutionary_optimizers.evolutionary_optimizer:70, 2.256329e+02, 570737, 1.893283e-01, 1.893283e-01, 1.893608e-01, 1.902837e-01, 1.903063e-01, 1.922823e-01, 1.922880e-01, 1.922906e-01, 1.922998e-01, 1.923411e-01
INFO:bingo.evolutionary_optimizers.parallel_archipelago:Evolution time 0:00:31.542404	 age 150	 fitness 1.893e-01
Level 25:bingo.evolutionary_optimizers.evolutionary_optimizer:Generation: 80 	 Elapsed time: 0:04:17.412224 	 Best training fitness: 1.893120e-01 	 
Level 25:bingo.evolutionary_optimizers.evolutionary_optimizer:80, 2.574122e+02, 648565, 1.893120e-01, 1.893120e-01, 1.893452e-01, 1.902837e-01, 1.903063e-01, 1.922823e-01, 1.922880e-01, 1.922906e-01, 1.922998e-01, 1.923411e-01
INFO:bingo.evolutionary_optimizers.parallel_archipelago:Evolution time 0:00:16.159873	 age 170	 fitness 1.893e-01
Level 25:bingo.evolutionary_optimizers.evolutionary_optimizer:Generation: 90 	 Elapsed time: 0:04:33.794733 	 Best training fitness: 1.893120e-01 	 
Level 25:bingo.evolutionary_optimizers.evolutionary_optimizer:90, 2.737947e+02, 698891, 1.893120e-01, 1.893120e-01, 1.893452e-01, 1.902837e-01, 1.903063e-01, 1.922823e-01, 1.922880e-01, 1.922906e-01, 1.922998e-01, 1.923411e-01
INFO:bingo.evolutionary_optimizers.parallel_archipelago:Evolution time 0:00:26.133747	 age 180	 fitness 1.892e-01
Level 25:bingo.evolutionary_optimizers.evolutionary_optimizer:Generation: 100 	 Elapsed time: 0:05:00.182943 	 Best training fitness: 1.892360e-01 	 
Level 25:bingo.evolutionary_optimizers.evolutionary_optimizer:100, 3.001829e+02, 751895, 1.892360e-01, 1.892360e-01, 1.893452e-01, 1.902837e-01, 1.903063e-01, 1.922823e-01, 1.922880e-01, 1.922906e-01, 1.922998e-01, 1.923411e-01
INFO:bingo.evolutionary_optimizers.parallel_archipelago:Evolution time 0:00:20.896726	 age 210	 fitness 1.810e-01
Level 25:bingo.evolutionary_optimizers.evolutionary_optimizer:Generation: 110 	 Elapsed time: 0:05:21.301507 	 Best training fitness: 1.810433e-01 	 
Level 25:bingo.evolutionary_optimizers.evolutionary_optimizer:110, 3.213015e+02, 810911, 1.810433e-01, 1.810433e-01, 1.811466e-01, 1.892836e-01, 1.893312e-01, 1.902837e-01, 1.902902e-01, 1.922823e-01, 1.922880e-01, 1.922906e-01, 1.922998e-01, 1.923001e-01
INFO:bingo.evolutionary_optimizers.parallel_archipelago:Evolution time 0:00:33.372875	 age 230	 fitness 1.769e-01
Level 25:bingo.evolutionary_optimizers.evolutionary_optimizer:Generation: 120 	 Elapsed time: 0:05:54.897579 	 Best training fitness: 1.768595e-01 	 
Level 25:bingo.evolutionary_optimizers.evolutionary_optimizer:120, 3.548976e+02, 885700, 1.768595e-01, 1.768595e-01, 1.804587e-01, 1.811466e-01, 1.892348e-01, 1.893170e-01, 1.902837e-01, 1.902902e-01, 1.922823e-01, 1.922880e-01, 1.922906e-01, 1.922998e-01, 1.923001e-01
INFO:bingo.evolutionary_optimizers.parallel_archipelago:Evolution time 0:00:26.310349	 age 240	 fitness 1.734e-01
Level 25:bingo.evolutionary_optimizers.evolutionary_optimizer:Generation: 130 	 Elapsed time: 0:06:21.431047 	 Best training fitness: 1.733715e-01 	 
Level 25:bingo.evolutionary_optimizers.evolutionary_optimizer:130, 3.814310e+02, 958933, 1.733715e-01, 1.733715e-01, 1.810366e-01, 1.865997e-01, 1.893170e-01, 1.902837e-01, 1.902902e-01, 1.922823e-01, 1.922880e-01, 1.922906e-01, 1.922998e-01, 1.923001e-01
INFO:bingo.evolutionary_optimizers.parallel_archipelago:Evolution time 0:00:18.592963	 age 260	 fitness 1.372e-01
Level 25:bingo.evolutionary_optimizers.evolutionary_optimizer:Generation: 140 	 Elapsed time: 0:06:40.249993 	 Best training fitness: 1.372350e-01 	 
Level 25:bingo.evolutionary_optimizers.evolutionary_optimizer:140, 4.002500e+02, 1029029, 1.372350e-01, 1.372350e-01, 1.639544e-01, 1.733715e-01, 1.810366e-01, 1.865309e-01, 1.893170e-01, 1.902837e-01, 1.902902e-01, 1.922823e-01, 1.922880e-01, 1.922906e-01, 1.922998e-01, 1.923001e-01
INFO:bingo.evolutionary_optimizers.parallel_archipelago:Evolution time 0:00:32.374199	 age 270	 fitness 1.372e-01
Level 25:bingo.evolutionary_optimizers.evolutionary_optimizer:Generation: 150 	 Elapsed time: 0:07:12.852177 	 Best training fitness: 1.371552e-01 	 
Level 25:bingo.evolutionary_optimizers.evolutionary_optimizer:150, 4.328522e+02, 1090189, 1.371552e-01, 1.371552e-01, 1.463948e-01, 1.706216e-01, 1.902837e-01, 1.902902e-01, 1.922823e-01, 1.922880e-01, 1.922906e-01, 1.922998e-01, 1.923001e-01
INFO:bingo.evolutionary_optimizers.parallel_archipelago:Evolution time 0:00:17.858138	 age 280	 fitness 1.368e-01
Level 25:bingo.evolutionary_optimizers.evolutionary_optimizer:Generation: 160 	 Elapsed time: 0:07:30.936515 	 Best training fitness: 1.367575e-01 	 
Level 25:bingo.evolutionary_optimizers.evolutionary_optimizer:160, 4.509365e+02, 1147417, 1.367575e-01, 1.367575e-01, 1.902902e-01, 1.922823e-01, 1.922880e-01, 1.922906e-01, 1.922940e-01
INFO:bingo.evolutionary_optimizers.parallel_archipelago:Evolution time 0:00:37.105070	 age 300	 fitness 1.267e-01
Level 25:bingo.evolutionary_optimizers.evolutionary_optimizer:Generation: 170 	 Elapsed time: 0:08:08.292293 	 Best training fitness: 1.267220e-01 	 
Level 25:bingo.evolutionary_optimizers.evolutionary_optimizer:170, 4.882923e+02, 1229904, 1.267220e-01, 1.267220e-01, 1.299204e-01, 1.328662e-01, 1.367386e-01, 1.902902e-01, 1.922823e-01, 1.922880e-01, 1.922906e-01, 1.922940e-01
INFO:bingo.evolutionary_optimizers.parallel_archipelago:Evolution time 0:00:39.116619	 age 310	 fitness 1.241e-01
Level 25:bingo.evolutionary_optimizers.evolutionary_optimizer:Generation: 180 	 Elapsed time: 0:08:47.636514 	 Best training fitness: 1.240969e-01 	 
Level 25:bingo.evolutionary_optimizers.evolutionary_optimizer:180, 5.276365e+02, 1315407, 1.240969e-01, 1.240969e-01, 1.266438e-01, 1.269398e-01, 1.328662e-01, 1.367386e-01, 1.902902e-01, 1.922823e-01, 1.922880e-01, 1.922906e-01, 1.922940e-01
INFO:bingo.evolutionary_optimizers.parallel_archipelago:Evolution time 0:00:33.552169	 age 320	 fitness 1.227e-01
Level 25:bingo.evolutionary_optimizers.evolutionary_optimizer:Generation: 190 	 Elapsed time: 0:09:21.413006 	 Best training fitness: 1.227421e-01 	 
Level 25:bingo.evolutionary_optimizers.evolutionary_optimizer:190, 5.614130e+02, 1384343, 1.227421e-01, 1.227421e-01, 1.241455e-01, 1.268067e-01, 1.269398e-01, 1.328662e-01, 1.367386e-01, 1.902902e-01, 1.922823e-01, 1.922880e-01, 1.922906e-01, 1.922940e-01
INFO:bingo.evolutionary_optimizers.parallel_archipelago:Evolution time 0:00:37.705390	 age 330	 fitness 6.994e-04
Level 25:bingo.evolutionary_optimizers.evolutionary_optimizer:Generation: 200 	 Elapsed time: 0:09:59.339947 	 Best training fitness: 6.994283e-04 	 
Level 25:bingo.evolutionary_optimizers.evolutionary_optimizer:200, 5.993399e+02, 1460201, 6.994283e-04, 6.994283e-04, 1.902902e-01, 1.922823e-01, 1.922880e-01, 1.922906e-01, 1.922940e-01
INFO:bingo.evolutionary_optimizers.parallel_archipelago:Evolution time 0:00:23.260165	 age 340	 fitness 1.138e-16
Level 25:bingo.evolutionary_optimizers.evolutionary_optimizer:Generation: 210 	 Elapsed time: 0:10:22.816715 	 Best training fitness: 1.137527e-16 	 
Level 25:bingo.evolutionary_optimizers.evolutionary_optimizer:210, 6.228167e+02, 1532831, 1.137527e-16, 1.137527e-16, 1.922823e-01, 1.922880e-01, 1.922906e-01, 1.922940e-01
Level 25:bingo.evolutionary_optimizers.evolutionary_optimizer:Evolution successfully converged.
Level 25:bingo.evolutionary_optimizers.evolutionary_optimizer:  Absolte convergence occurred with best fitness < 1e-10
Level 25:bingo.evolutionary_optimizers.evolutionary_optimizer:Hall of Fame:
1.137526801923815e-16	7	sin(log((X_1)(X_1) + (X_0)(X_0)))
0.19228234221924168	6	sin(-0.358994 + 0.017359 + -0.863485)
0.1922879941196723	5	sin(log(sin(log(-0.037389))))
0.19229060301553	3	(1.248770)(-0.748205)
0.1922939810288914	1	-0.933143
