Level 25:bingo.evolutionary_optimizers.evolutionary_optimizer:#generational_age, elapsed_time, fitness_evaluation_count, current_training_fitness, hall_of_fame_fitnesses
Level 25:bingo.evolutionary_optimizers.evolutionary_optimizer:#generational_age, elapsed_time, fitness_evaluation_count, current_training_fitness, hall_of_fame_fitnesses
Level 25:bingo.evolutionary_optimizers.evolutionary_optimizer:Generation: 0 	 Elapsed time: 0:00:04.526643 	 Best training fitness: 1.924372e-01 	 
Level 25:bingo.evolutionary_optimizers.evolutionary_optimizer:0, 4.526643e+00, 13938, 1.924372e-01
INFO:bingo.evolutionary_optimizers.parallel_archipelago:Evolution time 0:00:43.528478	 age 20	 fitness 1.919e-01
Level 25:bingo.evolutionary_optimizers.evolutionary_optimizer:Generation: 10 	 Elapsed time: 0:00:48.362272 	 Best training fitness: 1.918550e-01 	 
Level 25:bingo.evolutionary_optimizers.evolutionary_optimizer:10, 4.836227e+01, 138698, 1.918550e-01, 1.918550e-01, 1.923375e-01
INFO:bingo.evolutionary_optimizers.parallel_archipelago:Evolution time 0:00:30.947815	 age 30	 fitness 1.919e-01
Level 25:bingo.evolutionary_optimizers.evolutionary_optimizer:Generation: 20 	 Elapsed time: 0:01:19.631305 	 Best training fitness: 1.918946e-01 	 
Level 25:bingo.evolutionary_optimizers.evolutionary_optimizer:20, 7.963130e+01, 216515, 1.918946e-01, 1.918550e-01, 1.923362e-01, 1.923375e-01
INFO:bingo.evolutionary_optimizers.parallel_archipelago:Evolution time 0:00:19.112193	 age 40	 fitness 1.919e-01
Level 25:bingo.evolutionary_optimizers.evolutionary_optimizer:Generation: 30 	 Elapsed time: 0:01:39.109441 	 Best training fitness: 1.918783e-01 	 
Level 25:bingo.evolutionary_optimizers.evolutionary_optimizer:30, 9.910944e+01, 277926, 1.918783e-01, 1.918550e-01, 1.923123e-01, 1.923343e-01, 1.923375e-01
INFO:bingo.evolutionary_optimizers.parallel_archipelago:Evolution time 0:00:41.914945	 age 60	 fitness 1.905e-01
Level 25:bingo.evolutionary_optimizers.evolutionary_optimizer:Generation: 40 	 Elapsed time: 0:02:21.351335 	 Best training fitness: 1.904859e-01 	 
Level 25:bingo.evolutionary_optimizers.evolutionary_optimizer:40, 1.413513e+02, 386716, 1.904859e-01, 1.904859e-01, 1.914191e-01, 1.916886e-01, 1.923123e-01, 1.923312e-01, 1.923375e-01
INFO:bingo.evolutionary_optimizers.parallel_archipelago:Evolution time 0:00:39.067282	 age 90	 fitness 1.905e-01
Level 25:bingo.evolutionary_optimizers.evolutionary_optimizer:Generation: 50 	 Elapsed time: 0:03:00.750936 	 Best training fitness: 1.904587e-01 	 
Level 25:bingo.evolutionary_optimizers.evolutionary_optimizer:50, 1.807509e+02, 488600, 1.904587e-01, 1.904587e-01, 1.910146e-01, 1.916886e-01, 1.923123e-01, 1.923181e-01
INFO:bingo.evolutionary_optimizers.parallel_archipelago:Evolution time 0:00:39.249338	 age 110	 fitness 1.905e-01
Level 25:bingo.evolutionary_optimizers.evolutionary_optimizer:Generation: 60 	 Elapsed time: 0:03:40.333162 	 Best training fitness: 1.904565e-01 	 
Level 25:bingo.evolutionary_optimizers.evolutionary_optimizer:60, 2.203332e+02, 595143, 1.904565e-01, 1.904565e-01, 1.909156e-01, 1.916886e-01, 1.923123e-01, 1.923181e-01
INFO:bingo.evolutionary_optimizers.parallel_archipelago:Evolution time 0:00:31.691845	 age 120	 fitness 1.896e-01
Level 25:bingo.evolutionary_optimizers.evolutionary_optimizer:Generation: 70 	 Elapsed time: 0:04:12.363190 	 Best training fitness: 1.895997e-01 	 
Level 25:bingo.evolutionary_optimizers.evolutionary_optimizer:70, 2.523632e+02, 672585, 1.895997e-01, 1.895997e-01, 1.909156e-01, 1.916668e-01, 1.923073e-01, 1.923106e-01
INFO:bingo.evolutionary_optimizers.parallel_archipelago:Evolution time 0:00:33.227265	 age 140	 fitness 1.896e-01
Level 25:bingo.evolutionary_optimizers.evolutionary_optimizer:Generation: 80 	 Elapsed time: 0:04:45.921081 	 Best training fitness: 1.896385e-01 	 
Level 25:bingo.evolutionary_optimizers.evolutionary_optimizer:80, 2.859211e+02, 756682, 1.896385e-01, 1.895997e-01, 1.909156e-01, 1.916668e-01, 1.922934e-01, 1.923106e-01
INFO:bingo.evolutionary_optimizers.parallel_archipelago:Evolution time 0:00:57.241812	 age 150	 fitness 1.895e-01
Level 25:bingo.evolutionary_optimizers.evolutionary_optimizer:Generation: 90 	 Elapsed time: 0:05:43.496570 	 Best training fitness: 1.895431e-01 	 
Level 25:bingo.evolutionary_optimizers.evolutionary_optimizer:90, 3.434966e+02, 857871, 1.895431e-01, 1.895431e-01, 1.909156e-01, 1.916668e-01, 1.922934e-01, 1.923106e-01
INFO:bingo.evolutionary_optimizers.parallel_archipelago:Evolution time 0:00:37.323357	 age 170	 fitness 1.803e-01
Level 25:bingo.evolutionary_optimizers.evolutionary_optimizer:Generation: 100 	 Elapsed time: 0:06:21.194306 	 Best training fitness: 1.803418e-01 	 
Level 25:bingo.evolutionary_optimizers.evolutionary_optimizer:100, 3.811943e+02, 962936, 1.803418e-01, 1.803418e-01, 1.909156e-01, 1.916662e-01, 1.922934e-01, 1.923106e-01
INFO:bingo.evolutionary_optimizers.parallel_archipelago:Evolution time 0:00:55.416133	 age 190	 fitness 1.803e-01
Level 25:bingo.evolutionary_optimizers.evolutionary_optimizer:Generation: 110 	 Elapsed time: 0:07:16.954378 	 Best training fitness: 1.802875e-01 	 
Level 25:bingo.evolutionary_optimizers.evolutionary_optimizer:110, 4.369544e+02, 1073443, 1.802875e-01, 1.802875e-01, 1.909156e-01, 1.916662e-01, 1.922705e-01
INFO:bingo.evolutionary_optimizers.parallel_archipelago:Evolution time 0:00:38.535575	 age 200	 fitness 1.802e-01
Level 25:bingo.evolutionary_optimizers.evolutionary_optimizer:Generation: 120 	 Elapsed time: 0:07:55.822583 	 Best training fitness: 1.801502e-01 	 
Level 25:bingo.evolutionary_optimizers.evolutionary_optimizer:120, 4.758226e+02, 1170074, 1.801502e-01, 1.801502e-01, 1.909156e-01, 1.916395e-01, 1.922705e-01
INFO:bingo.evolutionary_optimizers.parallel_archipelago:Evolution time 0:00:32.263632	 age 220	 fitness 1.801e-01
Level 25:bingo.evolutionary_optimizers.evolutionary_optimizer:Generation: 130 	 Elapsed time: 0:08:28.404874 	 Best training fitness: 1.801300e-01 	 
Level 25:bingo.evolutionary_optimizers.evolutionary_optimizer:130, 5.084049e+02, 1254443, 1.801300e-01, 1.801300e-01, 1.909156e-01, 1.916395e-01, 1.922705e-01
INFO:bingo.evolutionary_optimizers.parallel_archipelago:Evolution time 0:00:49.611183	 age 240	 fitness 1.245e-01
Level 25:bingo.evolutionary_optimizers.evolutionary_optimizer:Generation: 140 	 Elapsed time: 0:09:18.345351 	 Best training fitness: 1.245405e-01 	 
Level 25:bingo.evolutionary_optimizers.evolutionary_optimizer:140, 5.583454e+02, 1355693, 1.245405e-01, 1.245405e-01, 1.424218e-01, 1.801300e-01, 1.909156e-01, 1.916395e-01, 1.922705e-01
INFO:bingo.evolutionary_optimizers.parallel_archipelago:Evolution time 0:00:33.166322	 age 260	 fitness 1.177e-01
Level 25:bingo.evolutionary_optimizers.evolutionary_optimizer:Generation: 150 	 Elapsed time: 0:09:51.850246 	 Best training fitness: 1.176771e-01 	 
Level 25:bingo.evolutionary_optimizers.evolutionary_optimizer:150, 5.918502e+02, 1452855, 1.176771e-01, 1.176771e-01, 1.909156e-01, 1.916395e-01, 1.922705e-01
INFO:bingo.evolutionary_optimizers.parallel_archipelago:Evolution time 0:00:59.125951	 age 280	 fitness 1.098e-01
Level 25:bingo.evolutionary_optimizers.evolutionary_optimizer:Generation: 160 	 Elapsed time: 0:10:51.309880 	 Best training fitness: 1.098346e-01 	 
Level 25:bingo.evolutionary_optimizers.evolutionary_optimizer:160, 6.513099e+02, 1574731, 1.098346e-01, 1.098346e-01, 1.103775e-01, 1.175694e-01, 1.909156e-01, 1.916395e-01, 1.922705e-01
INFO:bingo.evolutionary_optimizers.parallel_archipelago:Evolution time 0:00:36.933238	 age 290	 fitness 1.085e-01
Level 25:bingo.evolutionary_optimizers.evolutionary_optimizer:Generation: 170 	 Elapsed time: 0:11:28.625424 	 Best training fitness: 1.085494e-01 	 
Level 25:bingo.evolutionary_optimizers.evolutionary_optimizer:170, 6.886254e+02, 1677218, 1.085494e-01, 1.085494e-01, 1.091035e-01, 1.103491e-01, 1.103775e-01, 1.175694e-01, 1.909156e-01, 1.916395e-01, 1.922705e-01
INFO:bingo.evolutionary_optimizers.parallel_archipelago:Evolution time 0:00:54.363269	 age 320	 fitness 1.085e-01
Level 25:bingo.evolutionary_optimizers.evolutionary_optimizer:Generation: 180 	 Elapsed time: 0:12:23.334164 	 Best training fitness: 1.084507e-01 	 
Level 25:bingo.evolutionary_optimizers.evolutionary_optimizer:180, 7.433342e+02, 1808143, 1.084507e-01, 1.084507e-01, 1.091035e-01, 1.103491e-01, 1.103775e-01, 1.175694e-01, 1.909156e-01, 1.916171e-01, 1.922705e-01
INFO:bingo.evolutionary_optimizers.parallel_archipelago:Evolution time 0:00:50.139123	 age 350	 fitness 1.063e-01
Level 25:bingo.evolutionary_optimizers.evolutionary_optimizer:Generation: 190 	 Elapsed time: 0:13:13.819498 	 Best training fitness: 1.062694e-01 	 
Level 25:bingo.evolutionary_optimizers.evolutionary_optimizer:190, 7.938195e+02, 1907538, 1.062694e-01, 1.062694e-01, 1.090341e-01, 1.103491e-01, 1.103775e-01, 1.175694e-01, 1.909156e-01, 1.916171e-01, 1.922705e-01
INFO:bingo.evolutionary_optimizers.parallel_archipelago:Evolution time 0:00:44.798439	 age 380	 fitness 1.063e-01
Level 25:bingo.evolutionary_optimizers.evolutionary_optimizer:Generation: 200 	 Elapsed time: 0:13:58.965001 	 Best training fitness: 1.063225e-01 	 
Level 25:bingo.evolutionary_optimizers.evolutionary_optimizer:200, 8.389650e+02, 2020705, 1.063225e-01, 1.062694e-01, 1.090341e-01, 1.092053e-01, 1.103775e-01, 1.175694e-01, 1.909156e-01, 1.916171e-01, 1.922705e-01
INFO:bingo.evolutionary_optimizers.parallel_archipelago:Evolution time 0:00:42.289821	 age 410	 fitness 1.051e-01
Level 25:bingo.evolutionary_optimizers.evolutionary_optimizer:Generation: 210 	 Elapsed time: 0:14:41.605980 	 Best training fitness: 1.050944e-01 	 
Level 25:bingo.evolutionary_optimizers.evolutionary_optimizer:210, 8.816060e+02, 2131932, 1.050944e-01, 1.050944e-01, 1.057088e-01, 1.058713e-01, 1.060797e-01, 1.092053e-01, 1.092231e-01, 1.175694e-01, 1.909156e-01, 1.916171e-01, 1.922705e-01
INFO:bingo.evolutionary_optimizers.parallel_archipelago:Evolution time 0:00:55.960642	 age 450	 fitness 1.027e-01
Level 25:bingo.evolutionary_optimizers.evolutionary_optimizer:Generation: 220 	 Elapsed time: 0:15:37.926586 	 Best training fitness: 1.026584e-01 	 
Level 25:bingo.evolutionary_optimizers.evolutionary_optimizer:220, 9.379266e+02, 2252522, 1.026584e-01, 1.026584e-01, 1.058885e-01, 1.092053e-01, 1.092231e-01, 1.175694e-01, 1.909156e-01, 1.916171e-01, 1.922705e-01
INFO:bingo.evolutionary_optimizers.parallel_archipelago:Evolution time 0:00:39.428005	 age 470	 fitness 1.026e-01
Level 25:bingo.evolutionary_optimizers.evolutionary_optimizer:Generation: 230 	 Elapsed time: 0:16:17.712480 	 Best training fitness: 1.025752e-01 	 
Level 25:bingo.evolutionary_optimizers.evolutionary_optimizer:230, 9.777125e+02, 2346092, 1.025752e-01, 1.025752e-01, 1.029348e-01, 1.058885e-01, 1.092053e-01, 1.092231e-01, 1.175694e-01, 1.909156e-01, 1.916171e-01, 1.922705e-01
INFO:bingo.evolutionary_optimizers.parallel_archipelago:Evolution time 0:00:46.091929	 age 500	 fitness 1.026e-01
Level 25:bingo.evolutionary_optimizers.evolutionary_optimizer:Generation: 240 	 Elapsed time: 0:17:04.199477 	 Best training fitness: 1.025778e-01 	 
Level 25:bingo.evolutionary_optimizers.evolutionary_optimizer:240, 1.024199e+03, 2460359, 1.025778e-01, 1.025752e-01, 1.029348e-01, 1.058885e-01, 1.092053e-01, 1.092231e-01, 1.175694e-01, 1.909156e-01, 1.916171e-01, 1.922705e-01
INFO:bingo.evolutionary_optimizers.parallel_archipelago:Evolution time 0:00:25.530729	 age 510	 fitness 7.947e-02
Level 25:bingo.evolutionary_optimizers.evolutionary_optimizer:Generation: 250 	 Elapsed time: 0:17:30.084343 	 Best training fitness: 7.947228e-02 	 
Level 25:bingo.evolutionary_optimizers.evolutionary_optimizer:250, 1.050084e+03, 2537544, 7.947228e-02, 7.947228e-02, 1.029348e-01, 1.058885e-01, 1.092053e-01, 1.092231e-01, 1.175694e-01, 1.909156e-01, 1.916171e-01, 1.922705e-01
INFO:bingo.evolutionary_optimizers.parallel_archipelago:Evolution time 0:00:39.788470	 age 530	 fitness 7.947e-02
Level 25:bingo.evolutionary_optimizers.evolutionary_optimizer:Generation: 260 	 Elapsed time: 0:18:10.232014 	 Best training fitness: 7.947228e-02 	 
Level 25:bingo.evolutionary_optimizers.evolutionary_optimizer:260, 1.090232e+03, 2641283, 7.947228e-02, 7.947228e-02, 1.029348e-01, 1.058885e-01, 1.092053e-01, 1.092231e-01, 1.175694e-01, 1.587969e-01, 1.916171e-01, 1.922705e-01
INFO:bingo.evolutionary_optimizers.parallel_archipelago:Evolution time 0:00:38.783055	 age 540	 fitness 7.947e-02
Level 25:bingo.evolutionary_optimizers.evolutionary_optimizer:Generation: 270 	 Elapsed time: 0:18:49.373923 	 Best training fitness: 7.946638e-02 	 
Level 25:bingo.evolutionary_optimizers.evolutionary_optimizer:270, 1.129374e+03, 2735837, 7.946638e-02, 7.946638e-02, 1.029348e-01, 1.058885e-01, 1.092053e-01, 1.092231e-01, 1.175694e-01, 1.587711e-01, 1.916171e-01, 1.922705e-01
INFO:bingo.evolutionary_optimizers.parallel_archipelago:Evolution time 0:00:57.929781	 age 570	 fitness 7.945e-02
Level 25:bingo.evolutionary_optimizers.evolutionary_optimizer:Generation: 280 	 Elapsed time: 0:19:47.664716 	 Best training fitness: 7.944961e-02 	 
Level 25:bingo.evolutionary_optimizers.evolutionary_optimizer:280, 1.187665e+03, 2860212, 7.944961e-02, 7.944961e-02, 1.029348e-01, 1.058885e-01, 1.092053e-01, 1.092231e-01, 1.175694e-01, 1.587711e-01, 1.916171e-01, 1.922705e-01
INFO:bingo.evolutionary_optimizers.parallel_archipelago:Evolution time 0:00:43.625837	 age 590	 fitness 7.945e-02
Level 25:bingo.evolutionary_optimizers.evolutionary_optimizer:Generation: 290 	 Elapsed time: 0:20:31.657274 	 Best training fitness: 7.945020e-02 	 
Level 25:bingo.evolutionary_optimizers.evolutionary_optimizer:290, 1.231657e+03, 2967347, 7.945020e-02, 7.944961e-02, 1.029348e-01, 1.058885e-01, 1.092053e-01, 1.092231e-01, 1.175694e-01, 1.587711e-01, 1.916171e-01, 1.922705e-01
INFO:bingo.evolutionary_optimizers.parallel_archipelago:Evolution time 0:01:02.520694	 age 620	 fitness 7.945e-02
Level 25:bingo.evolutionary_optimizers.evolutionary_optimizer:Generation: 300 	 Elapsed time: 0:21:34.585087 	 Best training fitness: 7.945199e-02 	 
Level 25:bingo.evolutionary_optimizers.evolutionary_optimizer:300, 1.294585e+03, 3101793, 7.945199e-02, 7.944961e-02, 1.029348e-01, 1.058885e-01, 1.092053e-01, 1.092231e-01, 1.175694e-01, 1.587711e-01, 1.916171e-01, 1.922705e-01
INFO:bingo.evolutionary_optimizers.parallel_archipelago:Evolution time 0:01:26.070106	 age 640	 fitness 7.945e-02
Level 25:bingo.evolutionary_optimizers.evolutionary_optimizer:Generation: 310 	 Elapsed time: 0:23:01.019817 	 Best training fitness: 7.944521e-02 	 
Level 25:bingo.evolutionary_optimizers.evolutionary_optimizer:310, 1.381020e+03, 3265657, 7.944521e-02, 7.944521e-02, 1.029348e-01, 1.058885e-01, 1.092053e-01, 1.092231e-01, 1.175694e-01, 1.587711e-01, 1.916171e-01, 1.922705e-01
INFO:bingo.evolutionary_optimizers.parallel_archipelago:Evolution time 0:00:48.231566	 age 650	 fitness 7.944e-02
Level 25:bingo.evolutionary_optimizers.evolutionary_optimizer:Generation: 320 	 Elapsed time: 0:23:49.615167 	 Best training fitness: 7.943699e-02 	 
Level 25:bingo.evolutionary_optimizers.evolutionary_optimizer:320, 1.429615e+03, 3385777, 7.943699e-02, 7.943699e-02, 1.029348e-01, 1.058885e-01, 1.092053e-01, 1.092231e-01, 1.175694e-01, 1.587711e-01, 1.916171e-01, 1.922705e-01
INFO:bingo.evolutionary_optimizers.parallel_archipelago:Evolution time 0:00:50.913120	 age 670	 fitness 7.944e-02
Level 25:bingo.evolutionary_optimizers.evolutionary_optimizer:Generation: 330 	 Elapsed time: 0:24:40.892382 	 Best training fitness: 7.943748e-02 	 
Level 25:bingo.evolutionary_optimizers.evolutionary_optimizer:330, 1.480892e+03, 3531049, 7.943748e-02, 7.943699e-02, 1.029348e-01, 1.058885e-01, 1.092053e-01, 1.092231e-01, 1.175694e-01, 1.587711e-01, 1.916171e-01, 1.922705e-01
INFO:bingo.evolutionary_optimizers.parallel_archipelago:Evolution time 0:01:32.516721	 age 710	 fitness 7.944e-02
Level 25:bingo.evolutionary_optimizers.evolutionary_optimizer:Generation: 340 	 Elapsed time: 0:26:13.770032 	 Best training fitness: 7.944017e-02 	 
Level 25:bingo.evolutionary_optimizers.evolutionary_optimizer:340, 1.573770e+03, 3705841, 7.944017e-02, 7.943699e-02, 1.029348e-01, 1.058885e-01, 1.092053e-01, 1.092231e-01, 1.175694e-01, 1.587711e-01, 1.916171e-01, 1.922705e-01
INFO:bingo.evolutionary_optimizers.parallel_archipelago:Evolution time 0:01:06.346997	 age 720	 fitness 7.944e-02
Level 25:bingo.evolutionary_optimizers.evolutionary_optimizer:Generation: 350 	 Elapsed time: 0:27:20.473444 	 Best training fitness: 7.944034e-02 	 
Level 25:bingo.evolutionary_optimizers.evolutionary_optimizer:350, 1.640473e+03, 3824998, 7.944034e-02, 7.943699e-02, 1.008968e-01, 1.058885e-01, 1.092053e-01, 1.092231e-01, 1.175694e-01, 1.556851e-01, 1.916171e-01, 1.922705e-01
INFO:bingo.evolutionary_optimizers.parallel_archipelago:Evolution time 0:01:00.617163	 age 730	 fitness 7.944e-02
Level 25:bingo.evolutionary_optimizers.evolutionary_optimizer:Generation: 360 	 Elapsed time: 0:28:21.452311 	 Best training fitness: 7.944034e-02 	 
Level 25:bingo.evolutionary_optimizers.evolutionary_optimizer:360, 1.701452e+03, 3959233, 7.944034e-02, 7.943699e-02, 1.008479e-01, 1.058885e-01, 1.092053e-01, 1.092231e-01, 1.175694e-01, 1.556851e-01, 1.916171e-01, 1.922705e-01
INFO:bingo.evolutionary_optimizers.parallel_archipelago:Evolution time 0:01:08.298633	 age 750	 fitness 7.944e-02
Level 25:bingo.evolutionary_optimizers.evolutionary_optimizer:Generation: 370 	 Elapsed time: 0:29:30.160500 	 Best training fitness: 7.944132e-02 	 
Level 25:bingo.evolutionary_optimizers.evolutionary_optimizer:370, 1.770160e+03, 4114739, 7.944132e-02, 7.943699e-02, 1.008479e-01, 1.008520e-01, 1.092053e-01, 1.092231e-01, 1.175694e-01, 1.556851e-01, 1.916171e-01, 1.922705e-01
INFO:bingo.evolutionary_optimizers.parallel_archipelago:Evolution time 0:01:06.854763	 age 780	 fitness 7.244e-02
Level 25:bingo.evolutionary_optimizers.evolutionary_optimizer:Generation: 380 	 Elapsed time: 0:30:37.373170 	 Best training fitness: 7.244216e-02 	 
Level 25:bingo.evolutionary_optimizers.evolutionary_optimizer:380, 1.837373e+03, 4249167, 7.244216e-02, 7.244216e-02, 7.943699e-02, 1.008479e-01, 1.008520e-01, 1.092053e-01, 1.092231e-01, 1.175694e-01, 1.556851e-01, 1.916171e-01, 1.922705e-01
INFO:bingo.evolutionary_optimizers.parallel_archipelago:Evolution time 0:01:08.412233	 age 800	 fitness 7.241e-02
Level 25:bingo.evolutionary_optimizers.evolutionary_optimizer:Generation: 390 	 Elapsed time: 0:31:46.152012 	 Best training fitness: 7.241418e-02 	 
Level 25:bingo.evolutionary_optimizers.evolutionary_optimizer:390, 1.906152e+03, 4397351, 7.241418e-02, 7.241418e-02, 7.943699e-02, 1.008445e-01, 1.008520e-01, 1.092053e-01, 1.092231e-01, 1.175694e-01, 1.556851e-01, 1.916171e-01, 1.922705e-01
INFO:bingo.evolutionary_optimizers.parallel_archipelago:Evolution time 0:00:43.763960	 age 810	 fitness 7.243e-02
Level 25:bingo.evolutionary_optimizers.evolutionary_optimizer:Generation: 400 	 Elapsed time: 0:32:30.281258 	 Best training fitness: 7.242689e-02 	 
Level 25:bingo.evolutionary_optimizers.evolutionary_optimizer:400, 1.950281e+03, 4500269, 7.242689e-02, 7.241418e-02, 7.943699e-02, 1.008442e-01, 1.008520e-01, 1.092053e-01, 1.092231e-01, 1.175694e-01, 1.555832e-01, 1.916171e-01, 1.922705e-01
INFO:bingo.evolutionary_optimizers.parallel_archipelago:Evolution time 0:01:25.402536	 age 850	 fitness 7.243e-02
Level 25:bingo.evolutionary_optimizers.evolutionary_optimizer:Generation: 410 	 Elapsed time: 0:33:56.038390 	 Best training fitness: 7.243105e-02 	 
Level 25:bingo.evolutionary_optimizers.evolutionary_optimizer:410, 2.036038e+03, 4656642, 7.243105e-02, 7.241418e-02, 7.943699e-02, 1.008417e-01, 1.092053e-01, 1.092231e-01, 1.175694e-01, 1.555084e-01, 1.916171e-01, 1.922705e-01
INFO:bingo.evolutionary_optimizers.parallel_archipelago:Evolution time 0:00:47.093256	 age 870	 fitness 7.243e-02
Level 25:bingo.evolutionary_optimizers.evolutionary_optimizer:Generation: 420 	 Elapsed time: 0:34:43.484789 	 Best training fitness: 7.243428e-02 	 
Level 25:bingo.evolutionary_optimizers.evolutionary_optimizer:420, 2.083485e+03, 4796950, 7.243428e-02, 7.241418e-02, 7.943699e-02, 1.008417e-01, 1.092053e-01, 1.092231e-01, 1.175694e-01, 1.555084e-01, 1.916171e-01, 1.922705e-01
INFO:bingo.evolutionary_optimizers.parallel_archipelago:Evolution time 0:00:49.765341	 age 890	 fitness 7.244e-02
Level 25:bingo.evolutionary_optimizers.evolutionary_optimizer:Generation: 430 	 Elapsed time: 0:35:33.605039 	 Best training fitness: 7.244326e-02 	 
Level 25:bingo.evolutionary_optimizers.evolutionary_optimizer:430, 2.133605e+03, 4941271, 7.244326e-02, 7.241418e-02, 7.943699e-02, 1.008417e-01, 1.092053e-01, 1.092231e-01, 1.175694e-01, 1.555084e-01, 1.916171e-01, 1.922705e-01
INFO:bingo.evolutionary_optimizers.parallel_archipelago:Evolution time 0:01:08.923904	 age 900	 fitness 7.240e-02
Level 25:bingo.evolutionary_optimizers.evolutionary_optimizer:Generation: 440 	 Elapsed time: 0:36:42.924982 	 Best training fitness: 7.240213e-02 	 
Level 25:bingo.evolutionary_optimizers.evolutionary_optimizer:440, 2.202925e+03, 5085574, 7.240213e-02, 7.240213e-02, 7.943699e-02, 1.008397e-01, 1.008417e-01, 1.092053e-01, 1.092231e-01, 1.175694e-01, 1.555084e-01, 1.916171e-01, 1.922705e-01
INFO:bingo.evolutionary_optimizers.parallel_archipelago:Evolution time 0:01:13.502932	 age 930	 fitness 7.240e-02
Level 25:bingo.evolutionary_optimizers.evolutionary_optimizer:Generation: 450 	 Elapsed time: 0:37:56.790858 	 Best training fitness: 7.240222e-02 	 
Level 25:bingo.evolutionary_optimizers.evolutionary_optimizer:450, 2.276791e+03, 5227133, 7.240222e-02, 7.240213e-02, 7.943699e-02, 1.008397e-01, 1.008417e-01, 1.092053e-01, 1.092231e-01, 1.175694e-01, 1.555084e-01, 1.916171e-01, 1.922705e-01
INFO:bingo.evolutionary_optimizers.parallel_archipelago:Evolution time 0:00:48.201682	 age 950	 fitness 7.241e-02
Level 25:bingo.evolutionary_optimizers.evolutionary_optimizer:Generation: 460 	 Elapsed time: 0:38:45.352194 	 Best training fitness: 7.241134e-02 	 
Level 25:bingo.evolutionary_optimizers.evolutionary_optimizer:460, 2.325352e+03, 5353123, 7.241134e-02, 7.240213e-02, 7.943669e-02, 9.291557e-02, 1.008417e-01, 1.092053e-01, 1.092231e-01, 1.175694e-01, 1.555084e-01, 1.916171e-01, 1.922705e-01
INFO:bingo.evolutionary_optimizers.parallel_archipelago:Evolution time 0:01:24.285642	 age 970	 fitness 7.240e-02
Level 25:bingo.evolutionary_optimizers.evolutionary_optimizer:Generation: 470 	 Elapsed time: 0:40:09.996796 	 Best training fitness: 7.240457e-02 	 
Level 25:bingo.evolutionary_optimizers.evolutionary_optimizer:470, 2.409997e+03, 5532542, 7.240457e-02, 7.240213e-02, 7.943669e-02, 9.281836e-02, 1.008417e-01, 1.092053e-01, 1.092231e-01, 1.175694e-01, 1.555084e-01, 1.916171e-01, 1.922630e-01
INFO:bingo.evolutionary_optimizers.parallel_archipelago:Evolution time 0:00:28.863492	 age 980	 fitness 7.241e-02
Level 25:bingo.evolutionary_optimizers.evolutionary_optimizer:Generation: 480 	 Elapsed time: 0:40:39.217224 	 Best training fitness: 7.241273e-02 	 
Level 25:bingo.evolutionary_optimizers.evolutionary_optimizer:480, 2.439217e+03, 5623081, 7.241273e-02, 7.240213e-02, 7.943669e-02, 9.281836e-02, 1.008417e-01, 1.092053e-01, 1.092231e-01, 1.175694e-01, 1.555084e-01, 1.916171e-01, 1.922630e-01
INFO:bingo.evolutionary_optimizers.parallel_archipelago:Evolution time 0:01:24.961690	 age 1010	 fitness 7.240e-02
Level 25:bingo.evolutionary_optimizers.evolutionary_optimizer:Generation: 490 	 Elapsed time: 0:42:04.535526 	 Best training fitness: 7.239577e-02 	 
Level 25:bingo.evolutionary_optimizers.evolutionary_optimizer:490, 2.524536e+03, 5788860, 7.239577e-02, 7.239577e-02, 7.943669e-02, 8.236677e-02, 1.008417e-01, 1.092053e-01, 1.092231e-01, 1.175694e-01, 1.555084e-01, 1.916171e-01, 1.922630e-01
INFO:bingo.evolutionary_optimizers.parallel_archipelago:Evolution time 0:00:44.042494	 age 1020	 fitness 1.138e-16
Level 25:bingo.evolutionary_optimizers.evolutionary_optimizer:Generation: 500 	 Elapsed time: 0:42:48.933528 	 Best training fitness: 1.137527e-16 	 
Level 25:bingo.evolutionary_optimizers.evolutionary_optimizer:500, 2.568934e+03, 5899046, 1.137527e-16, 1.137527e-16, 1.922630e-01
Level 25:bingo.evolutionary_optimizers.evolutionary_optimizer:Evolution successfully converged.
Level 25:bingo.evolutionary_optimizers.evolutionary_optimizer:  Absolte convergence occurred with best fitness < 1e-10
Level 25:bingo.evolutionary_optimizers.evolutionary_optimizer:Hall of Fame:
1.137526801923815e-16	7	sin(log((X_0)(X_0) + (X_1)(X_1)))
0.19226295961292206	1	-0.933656
