Level 25:bingo.evolutionary_optimizers.evolutionary_optimizer:#generational_age, elapsed_time, fitness_evaluation_count, current_training_fitness, hall_of_fame_fitnesses
Level 25:bingo.evolutionary_optimizers.evolutionary_optimizer:#generational_age, elapsed_time, fitness_evaluation_count, current_training_fitness, hall_of_fame_fitnesses
Level 25:bingo.evolutionary_optimizers.evolutionary_optimizer:Generation: 0 	 Elapsed time: 0:00:04.506424 	 Best training fitness: 7.233116e-02 	 
Level 25:bingo.evolutionary_optimizers.evolutionary_optimizer:0, 4.506424e+00, 13337, 7.233116e-02
INFO:bingo.evolutionary_optimizers.parallel_archipelago:Evolution time 0:00:43.021888	 age 20	 fitness 7.235e-02
Level 25:bingo.evolutionary_optimizers.evolutionary_optimizer:Generation: 10 	 Elapsed time: 0:00:47.724504 	 Best training fitness: 7.234519e-02 	 
Level 25:bingo.evolutionary_optimizers.evolutionary_optimizer:10, 4.772450e+01, 120227, 7.234519e-02, 7.234519e-02, 7.246895e-02, 7.257457e-02, 7.273082e-02, 7.282051e-02
INFO:bingo.evolutionary_optimizers.parallel_archipelago:Evolution time 0:00:31.221793	 age 60	 fitness 7.234e-02
Level 25:bingo.evolutionary_optimizers.evolutionary_optimizer:Generation: 20 	 Elapsed time: 0:01:19.157321 	 Best training fitness: 7.234108e-02 	 
Level 25:bingo.evolutionary_optimizers.evolutionary_optimizer:20, 7.915732e+01, 191416, 7.234108e-02, 7.234108e-02, 7.234519e-02, 7.240105e-02, 7.264779e-02, 7.282051e-02
INFO:bingo.evolutionary_optimizers.parallel_archipelago:Evolution time 0:00:16.148788	 age 80	 fitness 7.234e-02
Level 25:bingo.evolutionary_optimizers.evolutionary_optimizer:Generation: 30 	 Elapsed time: 0:01:35.557262 	 Best training fitness: 7.234243e-02 	 
Level 25:bingo.evolutionary_optimizers.evolutionary_optimizer:30, 9.555726e+01, 247993, 7.234243e-02, 7.234108e-02, 7.234243e-02, 7.258380e-02
INFO:bingo.evolutionary_optimizers.parallel_archipelago:Evolution time 0:00:34.813991	 age 100	 fitness 7.226e-02
Level 25:bingo.evolutionary_optimizers.evolutionary_optimizer:Generation: 40 	 Elapsed time: 0:02:10.579305 	 Best training fitness: 7.226329e-02 	 
Level 25:bingo.evolutionary_optimizers.evolutionary_optimizer:40, 1.305793e+02, 322798, 7.226329e-02, 7.226329e-02, 7.256080e-02, 7.258380e-02
INFO:bingo.evolutionary_optimizers.parallel_archipelago:Evolution time 0:00:14.921527	 age 110	 fitness 7.227e-02
Level 25:bingo.evolutionary_optimizers.evolutionary_optimizer:Generation: 50 	 Elapsed time: 0:02:25.708129 	 Best training fitness: 7.226929e-02 	 
Level 25:bingo.evolutionary_optimizers.evolutionary_optimizer:50, 1.457081e+02, 367371, 7.226929e-02, 7.226329e-02, 7.226929e-02, 7.258380e-02
INFO:bingo.evolutionary_optimizers.parallel_archipelago:Evolution time 0:00:24.180047	 age 130	 fitness 7.228e-02
Level 25:bingo.evolutionary_optimizers.evolutionary_optimizer:Generation: 60 	 Elapsed time: 0:02:50.092670 	 Best training fitness: 7.227878e-02 	 
Level 25:bingo.evolutionary_optimizers.evolutionary_optimizer:60, 1.700927e+02, 438529, 7.227878e-02, 7.226329e-02, 7.226929e-02, 7.258380e-02
INFO:bingo.evolutionary_optimizers.parallel_archipelago:Evolution time 0:00:35.617414	 age 140	 fitness 7.229e-02
Level 25:bingo.evolutionary_optimizers.evolutionary_optimizer:Generation: 70 	 Elapsed time: 0:03:25.916763 	 Best training fitness: 7.229033e-02 	 
Level 25:bingo.evolutionary_optimizers.evolutionary_optimizer:70, 2.059168e+02, 503819, 7.229033e-02, 7.226329e-02, 7.226929e-02, 7.258380e-02
INFO:bingo.evolutionary_optimizers.parallel_archipelago:Evolution time 0:00:34.028566	 age 150	 fitness 7.222e-02
Level 25:bingo.evolutionary_optimizers.evolutionary_optimizer:Generation: 80 	 Elapsed time: 0:04:00.152932 	 Best training fitness: 7.222327e-02 	 
Level 25:bingo.evolutionary_optimizers.evolutionary_optimizer:80, 2.401529e+02, 580964, 7.222327e-02, 7.222327e-02, 7.224277e-02, 7.258380e-02
INFO:bingo.evolutionary_optimizers.parallel_archipelago:Evolution time 0:00:18.103137	 age 160	 fitness 7.224e-02
Level 25:bingo.evolutionary_optimizers.evolutionary_optimizer:Generation: 90 	 Elapsed time: 0:04:18.472075 	 Best training fitness: 7.223927e-02 	 
Level 25:bingo.evolutionary_optimizers.evolutionary_optimizer:90, 2.584721e+02, 632248, 7.223927e-02, 7.222327e-02, 7.223927e-02, 7.254294e-02
INFO:bingo.evolutionary_optimizers.parallel_archipelago:Evolution time 0:00:45.683676	 age 170	 fitness 2.310e-02
Level 25:bingo.evolutionary_optimizers.evolutionary_optimizer:Generation: 100 	 Elapsed time: 0:05:04.395172 	 Best training fitness: 2.310134e-02 	 
Level 25:bingo.evolutionary_optimizers.evolutionary_optimizer:100, 3.043952e+02, 706931, 2.310134e-02, 2.310134e-02, 7.222327e-02, 7.223927e-02, 7.244781e-02
INFO:bingo.evolutionary_optimizers.parallel_archipelago:Evolution time 0:00:32.343330	 age 180	 fitness 6.515e-03
Level 25:bingo.evolutionary_optimizers.evolutionary_optimizer:Generation: 110 	 Elapsed time: 0:05:36.936693 	 Best training fitness: 6.515029e-03 	 
Level 25:bingo.evolutionary_optimizers.evolutionary_optimizer:110, 3.369367e+02, 768568, 6.515029e-03, 6.515029e-03, 7.222327e-02, 7.223927e-02, 7.244781e-02
INFO:bingo.evolutionary_optimizers.parallel_archipelago:Evolution time 0:00:26.284812	 age 190	 fitness 4.266e-17
Level 25:bingo.evolutionary_optimizers.evolutionary_optimizer:Generation: 120 	 Elapsed time: 0:06:03.421993 	 Best training fitness: 4.265726e-17 	 
Level 25:bingo.evolutionary_optimizers.evolutionary_optimizer:120, 3.634220e+02, 827017, 4.265726e-17, 4.265726e-17, 7.222327e-02, 7.223927e-02, 7.244781e-02
Level 25:bingo.evolutionary_optimizers.evolutionary_optimizer:Evolution successfully converged.
Level 25:bingo.evolutionary_optimizers.evolutionary_optimizer:  Absolte convergence occurred with best fitness < 1e-10
Level 25:bingo.evolutionary_optimizers.evolutionary_optimizer:Hall of Fame:
4.265725507214305e-17	7	sin(log((X_0)(X_0) + (X_1)(X_1)))
0.07222326745452273	4	log(log(log(-0.509959)))
0.07223926727869504	2	sin(-1.942941)
0.07244781194884328	1	-0.912540
