Level 25:bingo.evolutionary_optimizers.evolutionary_optimizer:#generational_age, elapsed_time, fitness_evaluation_count, current_training_fitness, hall_of_fame_fitnesses
Level 25:bingo.evolutionary_optimizers.evolutionary_optimizer:#generational_age, elapsed_time, fitness_evaluation_count, current_training_fitness, hall_of_fame_fitnesses
Level 25:bingo.evolutionary_optimizers.evolutionary_optimizer:Generation: 0 	 Elapsed time: 0:00:02.607140 	 Best training fitness: 1.206827e-01 	 
Level 25:bingo.evolutionary_optimizers.evolutionary_optimizer:0, 2.607140e+00, 14793, 1.206827e-01
INFO:bingo.evolutionary_optimizers.parallel_archipelago:Evolution time 0:00:23.214385	 age 30	 fitness 1.204e-01
Level 25:bingo.evolutionary_optimizers.evolutionary_optimizer:Generation: 10 	 Elapsed time: 0:00:25.970784 	 Best training fitness: 1.203875e-01 	 
Level 25:bingo.evolutionary_optimizers.evolutionary_optimizer:10, 2.597078e+01, 116508, 1.203875e-01, 1.203875e-01, 1.204468e-01, 1.204679e-01
INFO:bingo.evolutionary_optimizers.parallel_archipelago:Evolution time 0:00:21.651616	 age 50	 fitness 1.204e-01
Level 25:bingo.evolutionary_optimizers.evolutionary_optimizer:Generation: 20 	 Elapsed time: 0:00:47.782296 	 Best training fitness: 1.203903e-01 	 
Level 25:bingo.evolutionary_optimizers.evolutionary_optimizer:20, 4.778230e+01, 198150, 1.203903e-01, 1.203875e-01, 1.203903e-01, 1.204047e-01
INFO:bingo.evolutionary_optimizers.parallel_archipelago:Evolution time 0:00:26.356441	 age 60	 fitness 1.203e-01
Level 25:bingo.evolutionary_optimizers.evolutionary_optimizer:Generation: 30 	 Elapsed time: 0:01:14.379996 	 Best training fitness: 1.203092e-01 	 
Level 25:bingo.evolutionary_optimizers.evolutionary_optimizer:30, 7.438000e+01, 275337, 1.203092e-01, 1.203092e-01, 1.203157e-01, 1.203903e-01, 1.204047e-01
INFO:bingo.evolutionary_optimizers.parallel_archipelago:Evolution time 0:00:34.140184	 age 70	 fitness 1.203e-01
Level 25:bingo.evolutionary_optimizers.evolutionary_optimizer:Generation: 40 	 Elapsed time: 0:01:48.720822 	 Best training fitness: 1.202628e-01 	 
Level 25:bingo.evolutionary_optimizers.evolutionary_optimizer:40, 1.087208e+02, 361751, 1.202628e-01, 1.202628e-01, 1.202781e-01, 1.203157e-01, 1.203885e-01, 1.204047e-01
INFO:bingo.evolutionary_optimizers.parallel_archipelago:Evolution time 0:00:28.098033	 age 90	 fitness 1.203e-01
Level 25:bingo.evolutionary_optimizers.evolutionary_optimizer:Generation: 50 	 Elapsed time: 0:02:17.100929 	 Best training fitness: 1.202679e-01 	 
Level 25:bingo.evolutionary_optimizers.evolutionary_optimizer:50, 1.371009e+02, 463810, 1.202679e-01, 1.202628e-01, 1.202781e-01, 1.203157e-01, 1.203885e-01, 1.204047e-01
INFO:bingo.evolutionary_optimizers.parallel_archipelago:Evolution time 0:00:25.199287	 age 110	 fitness 1.203e-01
Level 25:bingo.evolutionary_optimizers.evolutionary_optimizer:Generation: 60 	 Elapsed time: 0:02:42.476987 	 Best training fitness: 1.202544e-01 	 
Level 25:bingo.evolutionary_optimizers.evolutionary_optimizer:60, 1.624770e+02, 554604, 1.202544e-01, 1.202544e-01, 1.202781e-01, 1.203157e-01, 1.203540e-01, 1.204047e-01
INFO:bingo.evolutionary_optimizers.parallel_archipelago:Evolution time 0:00:19.100540	 age 130	 fitness 1.203e-01
Level 25:bingo.evolutionary_optimizers.evolutionary_optimizer:Generation: 70 	 Elapsed time: 0:03:01.753879 	 Best training fitness: 1.202544e-01 	 
Level 25:bingo.evolutionary_optimizers.evolutionary_optimizer:70, 1.817539e+02, 624450, 1.202544e-01, 1.202544e-01, 1.202781e-01, 1.203157e-01, 1.203540e-01, 1.204047e-01
INFO:bingo.evolutionary_optimizers.parallel_archipelago:Evolution time 0:00:23.445433	 age 150	 fitness 1.203e-01
Level 25:bingo.evolutionary_optimizers.evolutionary_optimizer:Generation: 80 	 Elapsed time: 0:03:25.415667 	 Best training fitness: 1.202637e-01 	 
Level 25:bingo.evolutionary_optimizers.evolutionary_optimizer:80, 2.054157e+02, 711535, 1.202637e-01, 1.202544e-01, 1.202781e-01, 1.203157e-01, 1.203540e-01, 1.203752e-01
INFO:bingo.evolutionary_optimizers.parallel_archipelago:Evolution time 0:00:26.334841	 age 160	 fitness 1.203e-01
Level 25:bingo.evolutionary_optimizers.evolutionary_optimizer:Generation: 90 	 Elapsed time: 0:03:51.927943 	 Best training fitness: 1.202853e-01 	 
Level 25:bingo.evolutionary_optimizers.evolutionary_optimizer:90, 2.319279e+02, 780661, 1.202853e-01, 1.202544e-01, 1.202781e-01, 1.203157e-01, 1.203540e-01, 1.203752e-01
INFO:bingo.evolutionary_optimizers.parallel_archipelago:Evolution time 0:00:23.104500	 age 190	 fitness 1.203e-01
Level 25:bingo.evolutionary_optimizers.evolutionary_optimizer:Generation: 100 	 Elapsed time: 0:04:15.212298 	 Best training fitness: 1.202908e-01 	 
Level 25:bingo.evolutionary_optimizers.evolutionary_optimizer:100, 2.552123e+02, 865404, 1.202908e-01, 1.202544e-01, 1.202781e-01, 1.202908e-01, 1.203083e-01, 1.203737e-01
INFO:bingo.evolutionary_optimizers.parallel_archipelago:Evolution time 0:00:21.402194	 age 210	 fitness 1.203e-01
Level 25:bingo.evolutionary_optimizers.evolutionary_optimizer:Generation: 110 	 Elapsed time: 0:04:36.822847 	 Best training fitness: 1.203038e-01 	 
Level 25:bingo.evolutionary_optimizers.evolutionary_optimizer:110, 2.768228e+02, 946922, 1.203038e-01, 1.202544e-01, 1.202781e-01, 1.202908e-01, 1.203038e-01, 1.203083e-01, 1.203737e-01
INFO:bingo.evolutionary_optimizers.parallel_archipelago:Evolution time 0:00:24.167912	 age 240	 fitness 1.202e-01
Level 25:bingo.evolutionary_optimizers.evolutionary_optimizer:Generation: 120 	 Elapsed time: 0:05:01.167234 	 Best training fitness: 1.202451e-01 	 
Level 25:bingo.evolutionary_optimizers.evolutionary_optimizer:120, 3.011672e+02, 1032866, 1.202451e-01, 1.202451e-01, 1.202779e-01
INFO:bingo.evolutionary_optimizers.parallel_archipelago:Evolution time 0:00:22.676329	 age 260	 fitness 1.203e-01
Level 25:bingo.evolutionary_optimizers.evolutionary_optimizer:Generation: 130 	 Elapsed time: 0:05:24.017372 	 Best training fitness: 1.202779e-01 	 
Level 25:bingo.evolutionary_optimizers.evolutionary_optimizer:130, 3.240174e+02, 1127744, 1.202779e-01, 1.202451e-01, 1.202779e-01
INFO:bingo.evolutionary_optimizers.parallel_archipelago:Evolution time 0:00:32.430111	 age 270	 fitness 1.202e-01
Level 25:bingo.evolutionary_optimizers.evolutionary_optimizer:Generation: 140 	 Elapsed time: 0:05:56.621717 	 Best training fitness: 1.202245e-01 	 
Level 25:bingo.evolutionary_optimizers.evolutionary_optimizer:140, 3.566217e+02, 1225430, 1.202245e-01, 1.202245e-01, 1.202451e-01, 1.202779e-01
INFO:bingo.evolutionary_optimizers.parallel_archipelago:Evolution time 0:00:17.088932	 age 290	 fitness 1.203e-01
Level 25:bingo.evolutionary_optimizers.evolutionary_optimizer:Generation: 150 	 Elapsed time: 0:06:13.886908 	 Best training fitness: 1.202511e-01 	 
Level 25:bingo.evolutionary_optimizers.evolutionary_optimizer:150, 3.738869e+02, 1303946, 1.202511e-01, 1.202245e-01, 1.202451e-01, 1.202779e-01
INFO:bingo.evolutionary_optimizers.parallel_archipelago:Evolution time 0:00:28.276878	 age 300	 fitness 1.203e-01
Level 25:bingo.evolutionary_optimizers.evolutionary_optimizer:Generation: 160 	 Elapsed time: 0:06:42.356437 	 Best training fitness: 1.202586e-01 	 
Level 25:bingo.evolutionary_optimizers.evolutionary_optimizer:160, 4.023564e+02, 1383837, 1.202586e-01, 1.202245e-01, 1.202451e-01, 1.202779e-01
INFO:bingo.evolutionary_optimizers.parallel_archipelago:Evolution time 0:00:21.455778	 age 310	 fitness 1.203e-01
Level 25:bingo.evolutionary_optimizers.evolutionary_optimizer:Generation: 170 	 Elapsed time: 0:07:03.988019 	 Best training fitness: 1.202773e-01 	 
Level 25:bingo.evolutionary_optimizers.evolutionary_optimizer:170, 4.239880e+02, 1442820, 1.202773e-01, 1.202245e-01, 1.202451e-01, 1.202779e-01
INFO:bingo.evolutionary_optimizers.parallel_archipelago:Evolution time 0:00:19.554474	 age 320	 fitness 1.203e-01
Level 25:bingo.evolutionary_optimizers.evolutionary_optimizer:Generation: 180 	 Elapsed time: 0:07:23.756879 	 Best training fitness: 1.202596e-01 	 
Level 25:bingo.evolutionary_optimizers.evolutionary_optimizer:180, 4.437569e+02, 1499593, 1.202596e-01, 1.202245e-01, 1.202451e-01, 1.202779e-01
INFO:bingo.evolutionary_optimizers.parallel_archipelago:Evolution time 0:00:41.325382	 age 340	 fitness 1.203e-01
Level 25:bingo.evolutionary_optimizers.evolutionary_optimizer:Generation: 190 	 Elapsed time: 0:08:05.386438 	 Best training fitness: 1.202886e-01 	 
Level 25:bingo.evolutionary_optimizers.evolutionary_optimizer:190, 4.853864e+02, 1602281, 1.202886e-01, 1.202245e-01, 1.202451e-01, 1.202779e-01
INFO:bingo.evolutionary_optimizers.parallel_archipelago:Evolution time 0:00:24.474201	 age 360	 fitness 1.199e-01
Level 25:bingo.evolutionary_optimizers.evolutionary_optimizer:Generation: 200 	 Elapsed time: 0:08:30.178035 	 Best training fitness: 1.198507e-01 	 
Level 25:bingo.evolutionary_optimizers.evolutionary_optimizer:200, 5.101780e+02, 1684090, 1.198507e-01, 1.198507e-01, 1.202245e-01, 1.202451e-01, 1.202779e-01
INFO:bingo.evolutionary_optimizers.parallel_archipelago:Evolution time 0:00:21.781574	 age 390	 fitness 1.193e-01
Level 25:bingo.evolutionary_optimizers.evolutionary_optimizer:Generation: 210 	 Elapsed time: 0:08:52.262809 	 Best training fitness: 1.192667e-01 	 
Level 25:bingo.evolutionary_optimizers.evolutionary_optimizer:210, 5.322628e+02, 1772732, 1.192667e-01, 1.192667e-01, 1.202245e-01, 1.202451e-01, 1.202779e-01
INFO:bingo.evolutionary_optimizers.parallel_archipelago:Evolution time 0:00:41.888980	 age 410	 fitness 1.192e-01
Level 25:bingo.evolutionary_optimizers.evolutionary_optimizer:Generation: 220 	 Elapsed time: 0:09:34.457000 	 Best training fitness: 1.192321e-01 	 
Level 25:bingo.evolutionary_optimizers.evolutionary_optimizer:220, 5.744570e+02, 1892218, 1.192321e-01, 1.192321e-01, 1.192667e-01, 1.202245e-01, 1.202381e-01, 1.202451e-01, 1.202779e-01
INFO:bingo.evolutionary_optimizers.parallel_archipelago:Evolution time 0:00:30.018298	 age 430	 fitness 1.192e-01
Level 25:bingo.evolutionary_optimizers.evolutionary_optimizer:Generation: 230 	 Elapsed time: 0:10:04.785058 	 Best training fitness: 1.191508e-01 	 
Level 25:bingo.evolutionary_optimizers.evolutionary_optimizer:230, 6.047851e+02, 2004097, 1.191508e-01, 1.191508e-01, 1.192667e-01, 1.202245e-01, 1.202381e-01, 1.202451e-01, 1.202779e-01
INFO:bingo.evolutionary_optimizers.parallel_archipelago:Evolution time 0:00:24.507746	 age 460	 fitness 7.110e-17
Level 25:bingo.evolutionary_optimizers.evolutionary_optimizer:Generation: 240 	 Elapsed time: 0:10:29.613276 	 Best training fitness: 7.109543e-17 	 
Level 25:bingo.evolutionary_optimizers.evolutionary_optimizer:240, 6.296133e+02, 2103993, 7.109543e-17, 7.109543e-17, 1.202381e-01, 1.202451e-01, 1.202779e-01
Level 25:bingo.evolutionary_optimizers.evolutionary_optimizer:Evolution successfully converged.
Level 25:bingo.evolutionary_optimizers.evolutionary_optimizer:  Absolte convergence occurred with best fitness < 1e-10
Level 25:bingo.evolutionary_optimizers.evolutionary_optimizer:Hall of Fame:
7.109542512023842e-17	7	sin(log((X_0)(X_0) + (X_1)(X_1)))
0.1202380608685825	4	sin(log(sin(-0.305720)))
0.12024508219656786	2	sin(-1.200453)
0.1202779252452077	1	-0.930775
