Level 25:bingo.evolutionary_optimizers.evolutionary_optimizer:#generational_age, elapsed_time, fitness_evaluation_count, current_training_fitness, hall_of_fame_fitnesses
Level 25:bingo.evolutionary_optimizers.evolutionary_optimizer:#generational_age, elapsed_time, fitness_evaluation_count, current_training_fitness, hall_of_fame_fitnesses
Level 25:bingo.evolutionary_optimizers.evolutionary_optimizer:Generation: 0 	 Elapsed time: 0:00:04.385215 	 Best training fitness: 7.261062e-02 	 
Level 25:bingo.evolutionary_optimizers.evolutionary_optimizer:0, 4.385215e+00, 12109, 7.261062e-02
INFO:bingo.evolutionary_optimizers.parallel_archipelago:Evolution time 0:00:26.692561	 age 30	 fitness 7.240e-02
Level 25:bingo.evolutionary_optimizers.evolutionary_optimizer:Generation: 10 	 Elapsed time: 0:00:31.389256 	 Best training fitness: 7.239628e-02 	 
Level 25:bingo.evolutionary_optimizers.evolutionary_optimizer:10, 3.138926e+01, 118264, 7.239628e-02, 7.239628e-02, 9.950331e-02
INFO:bingo.evolutionary_optimizers.parallel_archipelago:Evolution time 0:00:13.204094	 age 40	 fitness 7.233e-02
Level 25:bingo.evolutionary_optimizers.evolutionary_optimizer:Generation: 20 	 Elapsed time: 0:00:44.801109 	 Best training fitness: 7.232721e-02 	 
Level 25:bingo.evolutionary_optimizers.evolutionary_optimizer:20, 4.480111e+01, 161995, 7.232721e-02, 7.232721e-02, 7.236961e-02, 7.239628e-02, 7.248875e-02
INFO:bingo.evolutionary_optimizers.parallel_archipelago:Evolution time 0:00:31.628885	 age 60	 fitness 7.229e-02
Level 25:bingo.evolutionary_optimizers.evolutionary_optimizer:Generation: 30 	 Elapsed time: 0:01:16.684567 	 Best training fitness: 7.228579e-02 	 
Level 25:bingo.evolutionary_optimizers.evolutionary_optimizer:30, 7.668457e+01, 240548, 7.228579e-02, 7.228579e-02, 7.232156e-02, 7.239628e-02, 7.248875e-02
INFO:bingo.evolutionary_optimizers.parallel_archipelago:Evolution time 0:00:46.085259	 age 90	 fitness 7.229e-02
Level 25:bingo.evolutionary_optimizers.evolutionary_optimizer:Generation: 40 	 Elapsed time: 0:02:02.989175 	 Best training fitness: 7.228579e-02 	 
Level 25:bingo.evolutionary_optimizers.evolutionary_optimizer:40, 1.229892e+02, 328031, 7.228579e-02, 7.228579e-02, 7.232156e-02, 7.239628e-02, 7.243612e-02
INFO:bingo.evolutionary_optimizers.parallel_archipelago:Evolution time 0:00:34.104232	 age 110	 fitness 7.232e-02
Level 25:bingo.evolutionary_optimizers.evolutionary_optimizer:Generation: 50 	 Elapsed time: 0:02:37.409493 	 Best training fitness: 7.232207e-02 	 
Level 25:bingo.evolutionary_optimizers.evolutionary_optimizer:50, 1.574095e+02, 410988, 7.232207e-02, 7.228579e-02, 7.232156e-02, 7.239628e-02, 7.242206e-02
INFO:bingo.evolutionary_optimizers.parallel_archipelago:Evolution time 0:00:39.066943	 age 120	 fitness 7.232e-02
Level 25:bingo.evolutionary_optimizers.evolutionary_optimizer:Generation: 60 	 Elapsed time: 0:03:16.790799 	 Best training fitness: 7.231667e-02 	 
Level 25:bingo.evolutionary_optimizers.evolutionary_optimizer:60, 1.967908e+02, 497263, 7.231667e-02, 7.228579e-02, 7.232156e-02, 7.239628e-02, 7.242206e-02
INFO:bingo.evolutionary_optimizers.parallel_archipelago:Evolution time 0:00:35.856958	 age 140	 fitness 7.230e-02
Level 25:bingo.evolutionary_optimizers.evolutionary_optimizer:Generation: 70 	 Elapsed time: 0:03:52.970181 	 Best training fitness: 7.230264e-02 	 
Level 25:bingo.evolutionary_optimizers.evolutionary_optimizer:70, 2.329702e+02, 586570, 7.230264e-02, 7.228579e-02, 7.230264e-02, 7.232156e-02, 7.236292e-02, 7.239628e-02, 7.242206e-02
INFO:bingo.evolutionary_optimizers.parallel_archipelago:Evolution time 0:00:39.372654	 age 170	 fitness 7.220e-02
Level 25:bingo.evolutionary_optimizers.evolutionary_optimizer:Generation: 80 	 Elapsed time: 0:04:32.669566 	 Best training fitness: 7.219855e-02 	 
Level 25:bingo.evolutionary_optimizers.evolutionary_optimizer:80, 2.726696e+02, 675157, 7.219855e-02, 7.219855e-02, 7.225576e-02, 7.239628e-02, 7.242206e-02
INFO:bingo.evolutionary_optimizers.parallel_archipelago:Evolution time 0:00:38.073524	 age 200	 fitness 7.212e-02
Level 25:bingo.evolutionary_optimizers.evolutionary_optimizer:Generation: 90 	 Elapsed time: 0:05:11.052729 	 Best training fitness: 7.211952e-02 	 
Level 25:bingo.evolutionary_optimizers.evolutionary_optimizer:90, 3.110527e+02, 764980, 7.211952e-02, 7.211952e-02, 7.218544e-02, 7.225576e-02, 7.233367e-02, 7.242206e-02
INFO:bingo.evolutionary_optimizers.parallel_archipelago:Evolution time 0:00:36.781163	 age 230	 fitness 7.209e-02
Level 25:bingo.evolutionary_optimizers.evolutionary_optimizer:Generation: 100 	 Elapsed time: 0:05:48.229440 	 Best training fitness: 7.208546e-02 	 
Level 25:bingo.evolutionary_optimizers.evolutionary_optimizer:100, 3.482294e+02, 854367, 7.208546e-02, 7.208546e-02, 7.218544e-02, 7.225576e-02, 7.233367e-02, 7.242206e-02
INFO:bingo.evolutionary_optimizers.parallel_archipelago:Evolution time 0:00:16.570735	 age 250	 fitness 7.166e-02
Level 25:bingo.evolutionary_optimizers.evolutionary_optimizer:Generation: 110 	 Elapsed time: 0:06:05.015654 	 Best training fitness: 7.166202e-02 	 
Level 25:bingo.evolutionary_optimizers.evolutionary_optimizer:110, 3.650157e+02, 921222, 7.166202e-02, 7.166202e-02, 7.208546e-02, 7.218544e-02, 7.225576e-02, 7.233367e-02, 7.242206e-02
INFO:bingo.evolutionary_optimizers.parallel_archipelago:Evolution time 0:00:15.545885	 age 270	 fitness 4.589e-02
Level 25:bingo.evolutionary_optimizers.evolutionary_optimizer:Generation: 120 	 Elapsed time: 0:06:20.807005 	 Best training fitness: 4.589237e-02 	 
Level 25:bingo.evolutionary_optimizers.evolutionary_optimizer:120, 3.808070e+02, 982776, 4.589237e-02, 4.589237e-02, 7.208546e-02, 7.218544e-02, 7.225576e-02, 7.233367e-02, 7.242206e-02
INFO:bingo.evolutionary_optimizers.parallel_archipelago:Evolution time 0:00:23.098648	 age 300	 fitness 4.559e-02
Level 25:bingo.evolutionary_optimizers.evolutionary_optimizer:Generation: 130 	 Elapsed time: 0:06:44.120219 	 Best training fitness: 4.558536e-02 	 
Level 25:bingo.evolutionary_optimizers.evolutionary_optimizer:130, 4.041202e+02, 1048145, 4.558536e-02, 4.558536e-02, 4.571226e-02, 6.071101e-02, 7.208546e-02, 7.218544e-02, 7.225576e-02, 7.228936e-02, 7.242206e-02
INFO:bingo.evolutionary_optimizers.parallel_archipelago:Evolution time 0:00:15.227925	 age 310	 fitness 4.523e-02
Level 25:bingo.evolutionary_optimizers.evolutionary_optimizer:Generation: 140 	 Elapsed time: 0:06:59.566345 	 Best training fitness: 4.523025e-02 	 
Level 25:bingo.evolutionary_optimizers.evolutionary_optimizer:140, 4.195663e+02, 1098447, 4.523025e-02, 4.523025e-02, 4.563020e-02, 4.956399e-02, 5.256653e-02, 7.208546e-02, 7.218544e-02, 7.225576e-02, 7.228936e-02, 7.242206e-02
INFO:bingo.evolutionary_optimizers.parallel_archipelago:Evolution time 0:00:31.678685	 age 330	 fitness 4.000e-02
Level 25:bingo.evolutionary_optimizers.evolutionary_optimizer:Generation: 150 	 Elapsed time: 0:07:31.457887 	 Best training fitness: 3.999659e-02 	 
Level 25:bingo.evolutionary_optimizers.evolutionary_optimizer:150, 4.514579e+02, 1176850, 3.999659e-02, 3.999659e-02, 4.694382e-02, 4.956399e-02, 5.233214e-02, 5.262063e-02, 7.208546e-02, 7.218544e-02, 7.225576e-02, 7.228936e-02, 7.242206e-02
INFO:bingo.evolutionary_optimizers.parallel_archipelago:Evolution time 0:00:16.811572	 age 350	 fitness 3.999e-02
Level 25:bingo.evolutionary_optimizers.evolutionary_optimizer:Generation: 160 	 Elapsed time: 0:07:48.484069 	 Best training fitness: 3.998982e-02 	 
Level 25:bingo.evolutionary_optimizers.evolutionary_optimizer:160, 4.684841e+02, 1232011, 3.998982e-02, 3.998982e-02, 4.956399e-02, 5.215764e-02, 5.239486e-02, 7.208546e-02, 7.218544e-02, 7.225576e-02, 7.228936e-02, 7.242206e-02
INFO:bingo.evolutionary_optimizers.parallel_archipelago:Evolution time 0:00:16.228425	 age 360	 fitness 3.882e-02
Level 25:bingo.evolutionary_optimizers.evolutionary_optimizer:Generation: 170 	 Elapsed time: 0:08:04.956311 	 Best training fitness: 3.882016e-02 	 
Level 25:bingo.evolutionary_optimizers.evolutionary_optimizer:170, 4.849563e+02, 1281554, 3.882016e-02, 3.882016e-02, 3.987475e-02, 4.956399e-02, 5.215764e-02, 5.239486e-02, 7.208546e-02, 7.218544e-02, 7.225576e-02, 7.227618e-02, 7.242206e-02
INFO:bingo.evolutionary_optimizers.parallel_archipelago:Evolution time 0:00:18.994850	 age 380	 fitness 3.724e-02
Level 25:bingo.evolutionary_optimizers.evolutionary_optimizer:Generation: 180 	 Elapsed time: 0:08:24.167391 	 Best training fitness: 3.723627e-02 	 
Level 25:bingo.evolutionary_optimizers.evolutionary_optimizer:180, 5.041674e+02, 1353000, 3.723627e-02, 3.723627e-02, 3.875103e-02, 3.985326e-02, 3.989685e-02, 5.215764e-02, 5.239486e-02, 7.208546e-02, 7.218544e-02, 7.225576e-02, 7.227618e-02, 7.242206e-02
INFO:bingo.evolutionary_optimizers.parallel_archipelago:Evolution time 0:00:23.478847	 age 390	 fitness 3.717e-02
Level 25:bingo.evolutionary_optimizers.evolutionary_optimizer:Generation: 190 	 Elapsed time: 0:08:47.865806 	 Best training fitness: 3.716650e-02 	 
Level 25:bingo.evolutionary_optimizers.evolutionary_optimizer:190, 5.278658e+02, 1421360, 3.716650e-02, 3.716650e-02, 3.869940e-02, 3.926941e-02, 3.979896e-02, 5.215764e-02, 5.239486e-02, 7.208546e-02, 7.218544e-02, 7.225576e-02, 7.227618e-02, 7.242206e-02
INFO:bingo.evolutionary_optimizers.parallel_archipelago:Evolution time 0:00:18.073753	 age 410	 fitness 3.705e-02
Level 25:bingo.evolutionary_optimizers.evolutionary_optimizer:Generation: 200 	 Elapsed time: 0:09:06.161151 	 Best training fitness: 3.705276e-02 	 
Level 25:bingo.evolutionary_optimizers.evolutionary_optimizer:200, 5.461612e+02, 1488016, 3.705276e-02, 3.705276e-02, 3.708997e-02, 3.867736e-02, 3.890755e-02, 3.979896e-02, 5.215764e-02, 5.239486e-02, 7.208546e-02, 7.218544e-02, 7.225576e-02, 7.227618e-02, 7.242206e-02
INFO:bingo.evolutionary_optimizers.parallel_archipelago:Evolution time 0:00:19.065673	 age 420	 fitness 3.492e-02
Level 25:bingo.evolutionary_optimizers.evolutionary_optimizer:Generation: 210 	 Elapsed time: 0:09:25.449671 	 Best training fitness: 3.491723e-02 	 
Level 25:bingo.evolutionary_optimizers.evolutionary_optimizer:210, 5.654497e+02, 1548427, 3.491723e-02, 3.491723e-02, 3.863941e-02, 3.890755e-02, 3.979896e-02, 5.215764e-02, 5.239486e-02, 7.198882e-02, 7.208546e-02, 7.218544e-02, 7.225576e-02, 7.227618e-02, 7.242206e-02
INFO:bingo.evolutionary_optimizers.parallel_archipelago:Evolution time 0:00:28.491057	 age 450	 fitness 3.492e-02
Level 25:bingo.evolutionary_optimizers.evolutionary_optimizer:Generation: 220 	 Elapsed time: 0:09:54.164983 	 Best training fitness: 3.491609e-02 	 
Level 25:bingo.evolutionary_optimizers.evolutionary_optimizer:220, 5.941650e+02, 1623963, 3.491609e-02, 3.491609e-02, 3.498784e-02, 3.890755e-02, 3.979896e-02, 5.215764e-02, 5.239486e-02, 7.182140e-02, 7.208546e-02, 7.218544e-02, 7.225576e-02, 7.227618e-02, 7.242206e-02
INFO:bingo.evolutionary_optimizers.parallel_archipelago:Evolution time 0:00:35.090716	 age 470	 fitness 3.352e-02
Level 25:bingo.evolutionary_optimizers.evolutionary_optimizer:Generation: 230 	 Elapsed time: 0:10:29.477899 	 Best training fitness: 3.351702e-02 	 
Level 25:bingo.evolutionary_optimizers.evolutionary_optimizer:230, 6.294779e+02, 1708905, 3.351702e-02, 3.351702e-02, 3.890755e-02, 3.979896e-02, 5.215764e-02, 5.239486e-02, 7.182140e-02, 7.208546e-02, 7.218544e-02, 7.225576e-02, 7.227618e-02, 7.241223e-02
INFO:bingo.evolutionary_optimizers.parallel_archipelago:Evolution time 0:00:18.260233	 age 490	 fitness 3.183e-02
Level 25:bingo.evolutionary_optimizers.evolutionary_optimizer:Generation: 240 	 Elapsed time: 0:10:47.994052 	 Best training fitness: 3.182774e-02 	 
Level 25:bingo.evolutionary_optimizers.evolutionary_optimizer:240, 6.479941e+02, 1780122, 3.182774e-02, 3.182774e-02, 3.348809e-02, 3.890755e-02, 3.979896e-02, 5.215764e-02, 5.239486e-02, 7.182140e-02, 7.208546e-02, 7.218544e-02, 7.225576e-02, 7.227618e-02, 7.241223e-02
INFO:bingo.evolutionary_optimizers.parallel_archipelago:Evolution time 0:00:31.500219	 age 530	 fitness 3.187e-02
Level 25:bingo.evolutionary_optimizers.evolutionary_optimizer:Generation: 250 	 Elapsed time: 0:11:19.715591 	 Best training fitness: 3.186945e-02 	 
Level 25:bingo.evolutionary_optimizers.evolutionary_optimizer:250, 6.797156e+02, 1857194, 3.186945e-02, 3.182774e-02, 3.346589e-02, 3.369244e-02, 3.979896e-02, 5.215764e-02, 5.239486e-02, 7.182140e-02, 7.208546e-02, 7.218544e-02, 7.225576e-02, 7.227618e-02, 7.241223e-02
INFO:bingo.evolutionary_optimizers.parallel_archipelago:Evolution time 0:00:30.942945	 age 540	 fitness 3.056e-02
Level 25:bingo.evolutionary_optimizers.evolutionary_optimizer:Generation: 260 	 Elapsed time: 0:11:50.881395 	 Best training fitness: 3.056275e-02 	 
Level 25:bingo.evolutionary_optimizers.evolutionary_optimizer:260, 7.108814e+02, 1916816, 3.056275e-02, 3.056275e-02, 3.176777e-02, 3.345258e-02, 3.369244e-02, 3.979896e-02, 5.215764e-02, 5.239486e-02, 6.747491e-02, 7.208546e-02, 7.218544e-02, 7.225576e-02, 7.227618e-02, 7.241223e-02
INFO:bingo.evolutionary_optimizers.parallel_archipelago:Evolution time 0:00:25.020041	 age 550	 fitness 2.966e-02
Level 25:bingo.evolutionary_optimizers.evolutionary_optimizer:Generation: 270 	 Elapsed time: 0:12:16.133891 	 Best training fitness: 2.965614e-02 	 
Level 25:bingo.evolutionary_optimizers.evolutionary_optimizer:270, 7.361339e+02, 1974870, 2.965614e-02, 2.965614e-02, 3.979896e-02, 5.215764e-02, 5.239486e-02, 6.741400e-02, 7.208546e-02, 7.218544e-02, 7.225576e-02, 7.227618e-02, 7.241223e-02
INFO:bingo.evolutionary_optimizers.parallel_archipelago:Evolution time 0:00:31.188796	 age 570	 fitness 2.929e-02
Level 25:bingo.evolutionary_optimizers.evolutionary_optimizer:Generation: 280 	 Elapsed time: 0:12:47.547310 	 Best training fitness: 2.929066e-02 	 
Level 25:bingo.evolutionary_optimizers.evolutionary_optimizer:280, 7.675473e+02, 2055790, 2.929066e-02, 2.929066e-02, 2.930877e-02, 3.979896e-02, 5.215764e-02, 5.239486e-02, 6.740159e-02, 7.208546e-02, 7.218544e-02, 7.225576e-02, 7.227618e-02, 7.241223e-02
INFO:bingo.evolutionary_optimizers.parallel_archipelago:Evolution time 0:00:47.220154	 age 580	 fitness 2.929e-02
Level 25:bingo.evolutionary_optimizers.evolutionary_optimizer:Generation: 290 	 Elapsed time: 0:13:34.995949 	 Best training fitness: 2.929000e-02 	 
Level 25:bingo.evolutionary_optimizers.evolutionary_optimizer:290, 8.149959e+02, 2127827, 2.929000e-02, 2.929000e-02, 2.938991e-02, 5.215764e-02, 5.239486e-02, 6.740159e-02, 7.208546e-02, 7.218544e-02, 7.225576e-02, 7.227618e-02, 7.241223e-02
INFO:bingo.evolutionary_optimizers.parallel_archipelago:Evolution time 0:00:43.683697	 age 600	 fitness 2.928e-02
Level 25:bingo.evolutionary_optimizers.evolutionary_optimizer:Generation: 300 	 Elapsed time: 0:14:18.909818 	 Best training fitness: 2.928473e-02 	 
Level 25:bingo.evolutionary_optimizers.evolutionary_optimizer:300, 8.589098e+02, 2214468, 2.928473e-02, 2.928473e-02, 2.938606e-02, 5.215764e-02, 5.239486e-02, 6.719522e-02, 7.208546e-02, 7.218544e-02, 7.225576e-02, 7.227618e-02, 7.241223e-02
INFO:bingo.evolutionary_optimizers.parallel_archipelago:Evolution time 0:00:47.964096	 age 610	 fitness 2.603e-02
Level 25:bingo.evolutionary_optimizers.evolutionary_optimizer:Generation: 310 	 Elapsed time: 0:15:07.099978 	 Best training fitness: 2.602522e-02 	 
Level 25:bingo.evolutionary_optimizers.evolutionary_optimizer:310, 9.071000e+02, 2286219, 2.602522e-02, 2.602522e-02, 2.803603e-02, 2.928285e-02, 2.938606e-02, 5.082504e-02, 7.208546e-02, 7.218544e-02, 7.225576e-02, 7.227618e-02, 7.241223e-02
INFO:bingo.evolutionary_optimizers.parallel_archipelago:Evolution time 0:00:24.845070	 age 620	 fitness 2.595e-02
Level 25:bingo.evolutionary_optimizers.evolutionary_optimizer:Generation: 320 	 Elapsed time: 0:15:32.209747 	 Best training fitness: 2.594501e-02 	 
Level 25:bingo.evolutionary_optimizers.evolutionary_optimizer:320, 9.322097e+02, 2365251, 2.594501e-02, 2.594501e-02, 2.595697e-02, 2.775773e-02, 2.925317e-02, 2.938606e-02, 5.082504e-02, 7.208546e-02, 7.218544e-02, 7.225576e-02, 7.227618e-02, 7.241223e-02
INFO:bingo.evolutionary_optimizers.parallel_archipelago:Evolution time 0:00:27.583949	 age 650	 fitness 2.588e-02
Level 25:bingo.evolutionary_optimizers.evolutionary_optimizer:Generation: 330 	 Elapsed time: 0:15:59.997813 	 Best training fitness: 2.588307e-02 	 
Level 25:bingo.evolutionary_optimizers.evolutionary_optimizer:330, 9.599978e+02, 2453781, 2.588307e-02, 2.588307e-02, 2.595697e-02, 2.766112e-02, 2.766338e-02, 2.775948e-02, 2.938606e-02, 4.211252e-02, 6.302161e-02, 7.218544e-02, 7.225576e-02, 7.225754e-02, 7.240525e-02
INFO:bingo.evolutionary_optimizers.parallel_archipelago:Evolution time 0:00:29.539833	 age 670	 fitness 2.595e-02
Level 25:bingo.evolutionary_optimizers.evolutionary_optimizer:Generation: 340 	 Elapsed time: 0:16:29.735548 	 Best training fitness: 2.594820e-02 	 
Level 25:bingo.evolutionary_optimizers.evolutionary_optimizer:340, 9.897355e+02, 2541887, 2.594820e-02, 2.588307e-02, 2.595697e-02, 2.766112e-02, 2.766338e-02, 2.775948e-02, 2.938606e-02, 4.211252e-02, 6.302161e-02, 7.218544e-02, 7.225576e-02, 7.225754e-02, 7.237064e-02
INFO:bingo.evolutionary_optimizers.parallel_archipelago:Evolution time 0:00:15.329511	 age 680	 fitness 2.585e-02
Level 25:bingo.evolutionary_optimizers.evolutionary_optimizer:Generation: 350 	 Elapsed time: 0:16:45.262004 	 Best training fitness: 2.584648e-02 	 
Level 25:bingo.evolutionary_optimizers.evolutionary_optimizer:350, 1.005262e+03, 2597736, 2.584648e-02, 2.584648e-02, 2.595697e-02, 2.726332e-02, 2.766338e-02, 2.775948e-02, 2.938606e-02, 4.206820e-02, 5.950820e-02, 6.302161e-02, 7.218544e-02, 7.225576e-02, 7.225754e-02, 7.237064e-02
INFO:bingo.evolutionary_optimizers.parallel_archipelago:Evolution time 0:00:22.858162	 age 700	 fitness 2.584e-02
Level 25:bingo.evolutionary_optimizers.evolutionary_optimizer:Generation: 360 	 Elapsed time: 0:17:08.319141 	 Best training fitness: 2.583573e-02 	 
Level 25:bingo.evolutionary_optimizers.evolutionary_optimizer:360, 1.028319e+03, 2697772, 2.583573e-02, 2.583573e-02, 2.595697e-02, 2.702318e-02, 2.938606e-02, 4.206820e-02, 5.932466e-02, 6.302161e-02, 7.218544e-02, 7.225576e-02, 7.225754e-02, 7.237064e-02
INFO:bingo.evolutionary_optimizers.parallel_archipelago:Evolution time 0:00:18.126417	 age 710	 fitness 2.587e-02
Level 25:bingo.evolutionary_optimizers.evolutionary_optimizer:Generation: 370 	 Elapsed time: 0:17:26.640784 	 Best training fitness: 2.587158e-02 	 
Level 25:bingo.evolutionary_optimizers.evolutionary_optimizer:370, 1.046641e+03, 2761076, 2.587158e-02, 2.583573e-02, 2.595697e-02, 2.702318e-02, 2.938606e-02, 4.206820e-02, 5.932466e-02, 6.302161e-02, 7.218544e-02, 7.225576e-02, 7.225754e-02, 7.237064e-02
INFO:bingo.evolutionary_optimizers.parallel_archipelago:Evolution time 0:00:22.477246	 age 720	 fitness 2.587e-02
Level 25:bingo.evolutionary_optimizers.evolutionary_optimizer:Generation: 380 	 Elapsed time: 0:17:49.314217 	 Best training fitness: 2.587083e-02 	 
Level 25:bingo.evolutionary_optimizers.evolutionary_optimizer:380, 1.069314e+03, 2829404, 2.587083e-02, 2.583573e-02, 2.595697e-02, 2.702318e-02, 2.938606e-02, 4.206029e-02, 5.932466e-02, 6.302161e-02, 7.218544e-02, 7.225576e-02, 7.225754e-02, 7.227506e-02
INFO:bingo.evolutionary_optimizers.parallel_archipelago:Evolution time 0:00:31.713131	 age 730	 fitness 2.587e-02
Level 25:bingo.evolutionary_optimizers.evolutionary_optimizer:Generation: 390 	 Elapsed time: 0:18:21.253385 	 Best training fitness: 2.586851e-02 	 
Level 25:bingo.evolutionary_optimizers.evolutionary_optimizer:390, 1.101253e+03, 2911671, 2.586851e-02, 2.583573e-02, 2.595697e-02, 2.702318e-02, 2.938606e-02, 4.206029e-02, 5.932466e-02, 6.302161e-02, 7.218544e-02, 7.225576e-02, 7.225754e-02, 7.227506e-02
INFO:bingo.evolutionary_optimizers.parallel_archipelago:Evolution time 0:00:22.340173	 age 750	 fitness 2.583e-02
Level 25:bingo.evolutionary_optimizers.evolutionary_optimizer:Generation: 400 	 Elapsed time: 0:18:43.801342 	 Best training fitness: 2.582815e-02 	 
Level 25:bingo.evolutionary_optimizers.evolutionary_optimizer:400, 1.123801e+03, 2997666, 2.582815e-02, 2.582815e-02, 2.595509e-02, 2.610671e-02, 2.702318e-02, 2.938606e-02, 4.206029e-02, 5.932466e-02, 6.079656e-02, 7.218544e-02, 7.225576e-02, 7.225754e-02, 7.227506e-02
INFO:bingo.evolutionary_optimizers.parallel_archipelago:Evolution time 0:00:32.642305	 age 770	 fitness 2.584e-02
Level 25:bingo.evolutionary_optimizers.evolutionary_optimizer:Generation: 410 	 Elapsed time: 0:19:16.643690 	 Best training fitness: 2.583622e-02 	 
Level 25:bingo.evolutionary_optimizers.evolutionary_optimizer:410, 1.156644e+03, 3110045, 2.583622e-02, 2.582815e-02, 2.595509e-02, 2.610671e-02, 2.702318e-02, 2.938606e-02, 4.206029e-02, 5.930583e-02, 6.079656e-02, 7.218544e-02, 7.225576e-02, 7.225754e-02, 7.227506e-02
INFO:bingo.evolutionary_optimizers.parallel_archipelago:Evolution time 0:00:32.480556	 age 800	 fitness 2.584e-02
Level 25:bingo.evolutionary_optimizers.evolutionary_optimizer:Generation: 420 	 Elapsed time: 0:19:49.323494 	 Best training fitness: 2.583622e-02 	 
Level 25:bingo.evolutionary_optimizers.evolutionary_optimizer:420, 1.189323e+03, 3198821, 2.583622e-02, 2.582815e-02, 2.595509e-02, 2.610671e-02, 2.702318e-02, 2.938606e-02, 4.206029e-02, 5.930583e-02, 6.079656e-02, 7.218544e-02, 7.225576e-02, 7.225754e-02, 7.227506e-02
INFO:bingo.evolutionary_optimizers.parallel_archipelago:Evolution time 0:00:26.751782	 age 810	 fitness 2.583e-02
Level 25:bingo.evolutionary_optimizers.evolutionary_optimizer:Generation: 430 	 Elapsed time: 0:20:16.270896 	 Best training fitness: 2.582790e-02 	 
Level 25:bingo.evolutionary_optimizers.evolutionary_optimizer:430, 1.216271e+03, 3286972, 2.582790e-02, 2.582790e-02, 2.595509e-02, 2.610671e-02, 2.702318e-02, 2.938606e-02, 4.172282e-02, 5.930583e-02, 6.079656e-02, 7.218544e-02, 7.225576e-02, 7.225754e-02, 7.227506e-02
INFO:bingo.evolutionary_optimizers.parallel_archipelago:Evolution time 0:00:34.760793	 age 840	 fitness 2.583e-02
Level 25:bingo.evolutionary_optimizers.evolutionary_optimizer:Generation: 440 	 Elapsed time: 0:20:51.230750 	 Best training fitness: 2.582790e-02 	 
Level 25:bingo.evolutionary_optimizers.evolutionary_optimizer:440, 1.251231e+03, 3390560, 2.582790e-02, 2.582790e-02, 2.595509e-02, 2.610671e-02, 2.702318e-02, 2.938606e-02, 3.979492e-02, 4.162081e-02, 5.930583e-02, 6.079656e-02, 7.218544e-02, 7.225576e-02, 7.225754e-02, 7.227506e-02
INFO:bingo.evolutionary_optimizers.parallel_archipelago:Evolution time 0:00:32.116991	 age 850	 fitness 2.586e-02
Level 25:bingo.evolutionary_optimizers.evolutionary_optimizer:Generation: 450 	 Elapsed time: 0:21:23.555479 	 Best training fitness: 2.586091e-02 	 
Level 25:bingo.evolutionary_optimizers.evolutionary_optimizer:450, 1.283555e+03, 3503910, 2.586091e-02, 2.582790e-02, 2.595509e-02, 2.610671e-02, 2.702318e-02, 2.938606e-02, 3.967352e-02, 4.155734e-02, 5.930583e-02, 6.079656e-02, 7.218544e-02, 7.225576e-02, 7.225754e-02, 7.227506e-02
INFO:bingo.evolutionary_optimizers.parallel_archipelago:Evolution time 0:00:32.386265	 age 880	 fitness 2.584e-02
Level 25:bingo.evolutionary_optimizers.evolutionary_optimizer:Generation: 460 	 Elapsed time: 0:21:56.171154 	 Best training fitness: 2.584040e-02 	 
Level 25:bingo.evolutionary_optimizers.evolutionary_optimizer:460, 1.316171e+03, 3628293, 2.584040e-02, 2.582790e-02, 2.595509e-02, 2.610671e-02, 2.702318e-02, 2.938606e-02, 3.967352e-02, 4.155734e-02, 5.930583e-02, 6.079656e-02, 7.218544e-02, 7.225576e-02, 7.225754e-02, 7.227506e-02
INFO:bingo.evolutionary_optimizers.parallel_archipelago:Evolution time 0:00:12.072892	 age 890	 fitness 2.584e-02
Level 25:bingo.evolutionary_optimizers.evolutionary_optimizer:Generation: 470 	 Elapsed time: 0:22:08.444572 	 Best training fitness: 2.583833e-02 	 
Level 25:bingo.evolutionary_optimizers.evolutionary_optimizer:470, 1.328445e+03, 3691165, 2.583833e-02, 2.582790e-02, 2.595509e-02, 2.610671e-02, 2.702318e-02, 2.938606e-02, 3.943512e-02, 4.155734e-02, 5.930583e-02, 6.079656e-02, 7.218544e-02, 7.225576e-02, 7.225754e-02, 7.227506e-02
INFO:bingo.evolutionary_optimizers.parallel_archipelago:Evolution time 0:00:33.345659	 age 920	 fitness 2.583e-02
Level 25:bingo.evolutionary_optimizers.evolutionary_optimizer:Generation: 480 	 Elapsed time: 0:22:41.990153 	 Best training fitness: 2.582540e-02 	 
Level 25:bingo.evolutionary_optimizers.evolutionary_optimizer:480, 1.361990e+03, 3812925, 2.582540e-02, 2.582540e-02, 2.595509e-02, 2.610671e-02, 2.702318e-02, 2.938606e-02, 3.932690e-02, 4.155734e-02, 5.930583e-02, 6.079656e-02, 7.218544e-02, 7.225576e-02, 7.225754e-02, 7.227506e-02
INFO:bingo.evolutionary_optimizers.parallel_archipelago:Evolution time 0:00:21.916178	 age 940	 fitness 2.587e-02
Level 25:bingo.evolutionary_optimizers.evolutionary_optimizer:Generation: 490 	 Elapsed time: 0:23:04.107795 	 Best training fitness: 2.586817e-02 	 
Level 25:bingo.evolutionary_optimizers.evolutionary_optimizer:490, 1.384108e+03, 3922540, 2.586817e-02, 2.582540e-02, 2.595509e-02, 2.610671e-02, 2.702318e-02, 2.938606e-02, 3.927153e-02, 4.155734e-02, 5.930583e-02, 6.079656e-02, 7.218544e-02, 7.225576e-02, 7.225754e-02, 7.227506e-02
INFO:bingo.evolutionary_optimizers.parallel_archipelago:Evolution time 0:00:35.204935	 age 970	 fitness 2.585e-02
Level 25:bingo.evolutionary_optimizers.evolutionary_optimizer:Generation: 500 	 Elapsed time: 0:23:39.713885 	 Best training fitness: 2.584523e-02 	 
Level 25:bingo.evolutionary_optimizers.evolutionary_optimizer:500, 1.419714e+03, 4058035, 2.584523e-02, 2.582540e-02, 2.593899e-02, 2.610671e-02, 2.702318e-02, 2.938606e-02, 3.927153e-02, 4.155734e-02, 5.930583e-02, 6.079656e-02, 7.218544e-02, 7.225576e-02, 7.225754e-02, 7.227506e-02
INFO:bingo.evolutionary_optimizers.parallel_archipelago:Evolution time 0:00:33.810854	 age 980	 fitness 2.580e-02
Level 25:bingo.evolutionary_optimizers.evolutionary_optimizer:Generation: 510 	 Elapsed time: 0:24:13.728283 	 Best training fitness: 2.579935e-02 	 
Level 25:bingo.evolutionary_optimizers.evolutionary_optimizer:510, 1.453728e+03, 4162124, 2.579935e-02, 2.579935e-02, 2.593899e-02, 2.610671e-02, 2.702318e-02, 2.938606e-02, 3.927153e-02, 4.155734e-02, 5.930583e-02, 6.079656e-02, 7.218544e-02, 7.225576e-02, 7.225754e-02, 7.227506e-02
INFO:bingo.evolutionary_optimizers.parallel_archipelago:Evolution time 0:00:47.703765	 age 1020	 fitness 2.584e-02
Level 25:bingo.evolutionary_optimizers.evolutionary_optimizer:Generation: 520 	 Elapsed time: 0:25:01.646059 	 Best training fitness: 2.584324e-02 	 
Level 25:bingo.evolutionary_optimizers.evolutionary_optimizer:520, 1.501646e+03, 4305079, 2.584324e-02, 2.579935e-02, 2.593899e-02, 2.610671e-02, 2.702318e-02, 2.938606e-02, 3.923433e-02, 4.155734e-02, 5.852893e-02, 7.218544e-02, 7.225576e-02, 7.225754e-02, 7.227506e-02
INFO:bingo.evolutionary_optimizers.parallel_archipelago:Evolution time 0:00:32.009030	 age 1030	 fitness 2.585e-02
Level 25:bingo.evolutionary_optimizers.evolutionary_optimizer:Generation: 530 	 Elapsed time: 0:25:33.880974 	 Best training fitness: 2.585366e-02 	 
Level 25:bingo.evolutionary_optimizers.evolutionary_optimizer:530, 1.533881e+03, 4405353, 2.585366e-02, 2.579935e-02, 2.593899e-02, 2.610671e-02, 2.702318e-02, 2.938606e-02, 3.923433e-02, 4.155734e-02, 5.835933e-02, 7.218544e-02, 7.225576e-02, 7.225754e-02, 7.227506e-02
INFO:bingo.evolutionary_optimizers.parallel_archipelago:Evolution time 0:00:30.043027	 age 1050	 fitness 2.525e-02
Level 25:bingo.evolutionary_optimizers.evolutionary_optimizer:Generation: 540 	 Elapsed time: 0:26:04.125250 	 Best training fitness: 2.524542e-02 	 
Level 25:bingo.evolutionary_optimizers.evolutionary_optimizer:540, 1.564125e+03, 4507883, 2.524542e-02, 2.524542e-02, 2.593899e-02, 2.610671e-02, 2.702318e-02, 2.938606e-02, 3.923433e-02, 4.155734e-02, 5.835933e-02, 7.218544e-02, 7.225576e-02, 7.225754e-02, 7.227506e-02
INFO:bingo.evolutionary_optimizers.parallel_archipelago:Evolution time 0:00:30.024614	 age 1060	 fitness 2.522e-02
Level 25:bingo.evolutionary_optimizers.evolutionary_optimizer:Generation: 550 	 Elapsed time: 0:26:34.351869 	 Best training fitness: 2.522166e-02 	 
Level 25:bingo.evolutionary_optimizers.evolutionary_optimizer:550, 1.594352e+03, 4601963, 2.522166e-02, 2.522166e-02, 2.593899e-02, 2.610671e-02, 2.702318e-02, 2.938606e-02, 3.923433e-02, 4.155734e-02, 5.835933e-02, 7.218544e-02, 7.225576e-02, 7.225754e-02, 7.227506e-02
INFO:bingo.evolutionary_optimizers.parallel_archipelago:Evolution time 0:00:23.703709	 age 1070	 fitness 2.518e-02
Level 25:bingo.evolutionary_optimizers.evolutionary_optimizer:Generation: 560 	 Elapsed time: 0:26:58.256925 	 Best training fitness: 2.518138e-02 	 
Level 25:bingo.evolutionary_optimizers.evolutionary_optimizer:560, 1.618257e+03, 4676584, 2.518138e-02, 2.518138e-02, 2.593899e-02, 2.610671e-02, 2.702318e-02, 2.938606e-02, 3.923433e-02, 4.155734e-02, 5.835933e-02, 7.218544e-02, 7.225576e-02, 7.225754e-02, 7.227506e-02
INFO:bingo.evolutionary_optimizers.parallel_archipelago:Evolution time 0:00:33.903380	 age 1090	 fitness 2.515e-02
Level 25:bingo.evolutionary_optimizers.evolutionary_optimizer:Generation: 570 	 Elapsed time: 0:27:32.360090 	 Best training fitness: 2.515332e-02 	 
Level 25:bingo.evolutionary_optimizers.evolutionary_optimizer:570, 1.652360e+03, 4796016, 2.515332e-02, 2.515332e-02, 2.610671e-02, 2.702318e-02, 2.938606e-02, 3.923433e-02, 4.155734e-02, 5.835933e-02, 7.218544e-02, 7.225576e-02, 7.225754e-02, 7.227506e-02
INFO:bingo.evolutionary_optimizers.parallel_archipelago:Evolution time 0:00:23.673209	 age 1100	 fitness 2.506e-02
Level 25:bingo.evolutionary_optimizers.evolutionary_optimizer:Generation: 580 	 Elapsed time: 0:27:56.242640 	 Best training fitness: 2.505901e-02 	 
Level 25:bingo.evolutionary_optimizers.evolutionary_optimizer:580, 1.676243e+03, 4869110, 2.505901e-02, 2.505901e-02, 2.702318e-02, 2.938606e-02, 3.923433e-02, 4.155734e-02, 5.835933e-02, 7.218544e-02, 7.225576e-02, 7.225754e-02, 7.227506e-02
INFO:bingo.evolutionary_optimizers.parallel_archipelago:Evolution time 0:00:25.072351	 age 1110	 fitness 2.517e-02
Level 25:bingo.evolutionary_optimizers.evolutionary_optimizer:Generation: 590 	 Elapsed time: 0:28:21.510390 	 Best training fitness: 2.517028e-02 	 
Level 25:bingo.evolutionary_optimizers.evolutionary_optimizer:590, 1.701510e+03, 4946661, 2.517028e-02, 2.505901e-02, 2.702318e-02, 2.938606e-02, 3.923433e-02, 4.155734e-02, 5.835933e-02, 7.218544e-02, 7.225576e-02, 7.225754e-02, 7.227506e-02
INFO:bingo.evolutionary_optimizers.parallel_archipelago:Evolution time 0:01:01.482181	 age 1150	 fitness 2.504e-02
Level 25:bingo.evolutionary_optimizers.evolutionary_optimizer:Generation: 600 	 Elapsed time: 0:29:23.251508 	 Best training fitness: 2.504117e-02 	 
Level 25:bingo.evolutionary_optimizers.evolutionary_optimizer:600, 1.763252e+03, 5076240, 2.504117e-02, 2.504117e-02, 2.702318e-02, 2.938606e-02, 3.923433e-02, 4.155734e-02, 5.835933e-02, 7.218544e-02, 7.225576e-02, 7.225754e-02, 7.227506e-02
INFO:bingo.evolutionary_optimizers.parallel_archipelago:Evolution time 0:00:37.611297	 age 1180	 fitness 2.238e-02
Level 25:bingo.evolutionary_optimizers.evolutionary_optimizer:Generation: 610 	 Elapsed time: 0:30:01.041324 	 Best training fitness: 2.238111e-02 	 
Level 25:bingo.evolutionary_optimizers.evolutionary_optimizer:610, 1.801041e+03, 5170726, 2.238111e-02, 2.238111e-02, 2.503304e-02, 2.702318e-02, 2.938606e-02, 3.923433e-02, 4.155734e-02, 5.835933e-02, 7.218544e-02, 7.225576e-02, 7.225754e-02, 7.227506e-02
INFO:bingo.evolutionary_optimizers.parallel_archipelago:Evolution time 0:00:24.406518	 age 1200	 fitness 2.235e-02
Level 25:bingo.evolutionary_optimizers.evolutionary_optimizer:Generation: 620 	 Elapsed time: 0:30:25.643183 	 Best training fitness: 2.234641e-02 	 
Level 25:bingo.evolutionary_optimizers.evolutionary_optimizer:620, 1.825643e+03, 5268608, 2.234641e-02, 2.234641e-02, 2.503304e-02, 2.702318e-02, 2.938606e-02, 3.923433e-02, 4.155734e-02, 5.835933e-02, 7.218544e-02, 7.225576e-02, 7.225754e-02, 7.227506e-02
INFO:bingo.evolutionary_optimizers.parallel_archipelago:Evolution time 0:00:12.908315	 age 1210	 fitness 2.232e-02
Level 25:bingo.evolutionary_optimizers.evolutionary_optimizer:Generation: 630 	 Elapsed time: 0:30:38.748485 	 Best training fitness: 2.232416e-02 	 
Level 25:bingo.evolutionary_optimizers.evolutionary_optimizer:630, 1.838748e+03, 5325583, 2.232416e-02, 2.232416e-02, 2.503304e-02, 2.702318e-02, 2.938606e-02, 3.923433e-02, 4.155734e-02, 5.835571e-02, 5.835933e-02, 7.218544e-02, 7.225576e-02, 7.225754e-02, 7.227506e-02
INFO:bingo.evolutionary_optimizers.parallel_archipelago:Evolution time 0:00:18.936718	 age 1230	 fitness 2.233e-02
Level 25:bingo.evolutionary_optimizers.evolutionary_optimizer:Generation: 640 	 Elapsed time: 0:30:57.911914 	 Best training fitness: 2.232908e-02 	 
Level 25:bingo.evolutionary_optimizers.evolutionary_optimizer:640, 1.857912e+03, 5385080, 2.232908e-02, 2.232416e-02, 2.503304e-02, 2.702318e-02, 2.938606e-02, 3.923433e-02, 4.155734e-02, 5.835571e-02, 5.835933e-02, 7.218544e-02, 7.225576e-02, 7.225754e-02, 7.227506e-02
INFO:bingo.evolutionary_optimizers.parallel_archipelago:Evolution time 0:00:32.591544	 age 1250	 fitness 2.233e-02
Level 25:bingo.evolutionary_optimizers.evolutionary_optimizer:Generation: 650 	 Elapsed time: 0:31:30.731989 	 Best training fitness: 2.232908e-02 	 
Level 25:bingo.evolutionary_optimizers.evolutionary_optimizer:650, 1.890732e+03, 5463957, 2.232908e-02, 2.232416e-02, 2.503304e-02, 2.702318e-02, 2.938606e-02, 3.923433e-02, 4.155734e-02, 5.835571e-02, 5.835933e-02, 7.218544e-02, 7.225576e-02, 7.225754e-02, 7.227506e-02
INFO:bingo.evolutionary_optimizers.parallel_archipelago:Evolution time 0:00:17.523626	 age 1270	 fitness 2.232e-02
Level 25:bingo.evolutionary_optimizers.evolutionary_optimizer:Generation: 660 	 Elapsed time: 0:31:48.489166 	 Best training fitness: 2.232469e-02 	 
Level 25:bingo.evolutionary_optimizers.evolutionary_optimizer:660, 1.908489e+03, 5530977, 2.232469e-02, 2.232416e-02, 2.503304e-02, 2.702318e-02, 2.938606e-02, 3.923433e-02, 4.155734e-02, 5.835571e-02, 5.835933e-02, 7.218544e-02, 7.225576e-02, 7.225754e-02, 7.227506e-02
INFO:bingo.evolutionary_optimizers.parallel_archipelago:Evolution time 0:00:14.009491	 age 1290	 fitness 2.232e-02
Level 25:bingo.evolutionary_optimizers.evolutionary_optimizer:Generation: 670 	 Elapsed time: 0:32:02.730633 	 Best training fitness: 2.232312e-02 	 
Level 25:bingo.evolutionary_optimizers.evolutionary_optimizer:670, 1.922731e+03, 5581917, 2.232312e-02, 2.232312e-02, 2.503304e-02, 2.702318e-02, 2.938606e-02, 3.923433e-02, 4.155734e-02, 5.835571e-02, 5.835933e-02, 7.218544e-02, 7.225576e-02, 7.225754e-02, 7.227506e-02
INFO:bingo.evolutionary_optimizers.parallel_archipelago:Evolution time 0:00:29.729089	 age 1310	 fitness 2.233e-02
Level 25:bingo.evolutionary_optimizers.evolutionary_optimizer:Generation: 680 	 Elapsed time: 0:32:32.672200 	 Best training fitness: 2.233129e-02 	 
Level 25:bingo.evolutionary_optimizers.evolutionary_optimizer:680, 1.952672e+03, 5659588, 2.233129e-02, 2.232312e-02, 2.503304e-02, 2.702318e-02, 2.938606e-02, 3.923433e-02, 4.155734e-02, 5.835571e-02, 5.835933e-02, 7.218544e-02, 7.225576e-02, 7.225754e-02, 7.227506e-02
INFO:bingo.evolutionary_optimizers.parallel_archipelago:Evolution time 0:00:13.224045	 age 1330	 fitness 2.233e-02
Level 25:bingo.evolutionary_optimizers.evolutionary_optimizer:Generation: 690 	 Elapsed time: 0:32:46.109220 	 Best training fitness: 2.232871e-02 	 
Level 25:bingo.evolutionary_optimizers.evolutionary_optimizer:690, 1.966109e+03, 5712455, 2.232871e-02, 2.232312e-02, 2.503304e-02, 2.702318e-02, 2.938606e-02, 3.923433e-02, 4.155734e-02, 5.835571e-02, 5.835933e-02, 7.218544e-02, 7.225576e-02, 7.225754e-02, 7.227506e-02
INFO:bingo.evolutionary_optimizers.parallel_archipelago:Evolution time 0:00:19.581394	 age 1340	 fitness 2.232e-02
Level 25:bingo.evolutionary_optimizers.evolutionary_optimizer:Generation: 700 	 Elapsed time: 0:33:05.873509 	 Best training fitness: 2.232141e-02 	 
Level 25:bingo.evolutionary_optimizers.evolutionary_optimizer:700, 1.985874e+03, 5765569, 2.232141e-02, 2.232141e-02, 2.503304e-02, 2.702318e-02, 2.938606e-02, 3.923433e-02, 4.155734e-02, 5.835571e-02, 5.835933e-02, 7.218544e-02, 7.225576e-02, 7.225754e-02, 7.227506e-02
INFO:bingo.evolutionary_optimizers.parallel_archipelago:Evolution time 0:00:26.968699	 age 1380	 fitness 2.232e-02
Level 25:bingo.evolutionary_optimizers.evolutionary_optimizer:Generation: 710 	 Elapsed time: 0:33:33.026881 	 Best training fitness: 2.232405e-02 	 
Level 25:bingo.evolutionary_optimizers.evolutionary_optimizer:710, 2.013027e+03, 5844342, 2.232405e-02, 2.232141e-02, 2.503304e-02, 2.702318e-02, 2.938606e-02, 3.923433e-02, 4.155734e-02, 5.835571e-02, 5.835933e-02, 7.218544e-02, 7.225576e-02, 7.225754e-02, 7.227506e-02
INFO:bingo.evolutionary_optimizers.parallel_archipelago:Evolution time 0:00:15.646038	 age 1400	 fitness 2.232e-02
Level 25:bingo.evolutionary_optimizers.evolutionary_optimizer:Generation: 720 	 Elapsed time: 0:33:48.856817 	 Best training fitness: 2.232090e-02 	 
Level 25:bingo.evolutionary_optimizers.evolutionary_optimizer:720, 2.028857e+03, 5896446, 2.232090e-02, 2.232090e-02, 2.503304e-02, 2.702318e-02, 2.938606e-02, 3.923433e-02, 4.155734e-02, 5.835571e-02, 5.835933e-02, 7.218544e-02, 7.225576e-02, 7.225754e-02, 7.227506e-02
INFO:bingo.evolutionary_optimizers.parallel_archipelago:Evolution time 0:00:15.822933	 age 1420	 fitness 2.232e-02
Level 25:bingo.evolutionary_optimizers.evolutionary_optimizer:Generation: 730 	 Elapsed time: 0:34:04.870864 	 Best training fitness: 2.232155e-02 	 
Level 25:bingo.evolutionary_optimizers.evolutionary_optimizer:730, 2.044871e+03, 5958635, 2.232155e-02, 2.232090e-02, 2.471423e-02, 2.503304e-02, 2.702318e-02, 2.938606e-02, 3.923433e-02, 4.155734e-02, 5.835571e-02, 5.835933e-02, 7.218544e-02, 7.225576e-02, 7.225754e-02, 7.227506e-02
INFO:bingo.evolutionary_optimizers.parallel_archipelago:Evolution time 0:00:15.304588	 age 1440	 fitness 2.233e-02
Level 25:bingo.evolutionary_optimizers.evolutionary_optimizer:Generation: 740 	 Elapsed time: 0:34:20.392300 	 Best training fitness: 2.232683e-02 	 
Level 25:bingo.evolutionary_optimizers.evolutionary_optimizer:740, 2.060392e+03, 6014312, 2.232683e-02, 2.232090e-02, 2.471423e-02, 2.503304e-02, 2.702318e-02, 2.938606e-02, 3.923433e-02, 4.155734e-02, 5.835571e-02, 5.835933e-02, 7.218544e-02, 7.225576e-02, 7.225754e-02, 7.227506e-02
INFO:bingo.evolutionary_optimizers.parallel_archipelago:Evolution time 0:00:09.417681	 age 1450	 fitness 2.232e-02
Level 25:bingo.evolutionary_optimizers.evolutionary_optimizer:Generation: 750 	 Elapsed time: 0:34:30.014764 	 Best training fitness: 2.232443e-02 	 
Level 25:bingo.evolutionary_optimizers.evolutionary_optimizer:750, 2.070015e+03, 6056615, 2.232443e-02, 2.232090e-02, 2.471423e-02, 2.503304e-02, 2.702318e-02, 2.938606e-02, 3.923433e-02, 4.155734e-02, 5.835571e-02, 5.835933e-02, 7.218544e-02, 7.225576e-02, 7.225754e-02, 7.227506e-02
INFO:bingo.evolutionary_optimizers.parallel_archipelago:Evolution time 0:00:11.713560	 age 1470	 fitness 2.233e-02
Level 25:bingo.evolutionary_optimizers.evolutionary_optimizer:Generation: 760 	 Elapsed time: 0:34:41.911301 	 Best training fitness: 2.232608e-02 	 
Level 25:bingo.evolutionary_optimizers.evolutionary_optimizer:760, 2.081911e+03, 6107361, 2.232608e-02, 2.232090e-02, 2.471423e-02, 2.503304e-02, 2.702318e-02, 2.938606e-02, 3.923433e-02, 4.155734e-02, 5.835571e-02, 5.835933e-02, 7.218544e-02, 7.225576e-02, 7.225754e-02, 7.227506e-02
INFO:bingo.evolutionary_optimizers.parallel_archipelago:Evolution time 0:00:24.207088	 age 1490	 fitness 2.232e-02
Level 25:bingo.evolutionary_optimizers.evolutionary_optimizer:Generation: 770 	 Elapsed time: 0:35:06.303454 	 Best training fitness: 2.232375e-02 	 
Level 25:bingo.evolutionary_optimizers.evolutionary_optimizer:770, 2.106303e+03, 6191295, 2.232375e-02, 2.232090e-02, 2.471423e-02, 2.503304e-02, 2.702318e-02, 2.938606e-02, 3.923433e-02, 4.155734e-02, 5.835571e-02, 5.835933e-02, 7.218544e-02, 7.225576e-02, 7.225754e-02, 7.227506e-02
INFO:bingo.evolutionary_optimizers.parallel_archipelago:Evolution time 0:00:17.846143	 age 1510	 fitness 2.233e-02
Level 25:bingo.evolutionary_optimizers.evolutionary_optimizer:Generation: 780 	 Elapsed time: 0:35:24.353852 	 Best training fitness: 2.232599e-02 	 
Level 25:bingo.evolutionary_optimizers.evolutionary_optimizer:780, 2.124354e+03, 6250669, 2.232599e-02, 2.232090e-02, 2.471423e-02, 2.503304e-02, 2.702318e-02, 2.938606e-02, 3.923433e-02, 4.155734e-02, 5.835571e-02, 5.835933e-02, 7.218544e-02, 7.225576e-02, 7.225754e-02, 7.227506e-02
INFO:bingo.evolutionary_optimizers.parallel_archipelago:Evolution time 0:00:20.701135	 age 1540	 fitness 2.233e-02
Level 25:bingo.evolutionary_optimizers.evolutionary_optimizer:Generation: 790 	 Elapsed time: 0:35:45.238801 	 Best training fitness: 2.233156e-02 	 
Level 25:bingo.evolutionary_optimizers.evolutionary_optimizer:790, 2.145239e+03, 6317001, 2.233156e-02, 2.232090e-02, 2.471423e-02, 2.503304e-02, 2.702318e-02, 2.938606e-02, 3.923433e-02, 4.155734e-02, 5.835571e-02, 5.835933e-02, 7.218544e-02, 7.225576e-02, 7.225754e-02, 7.227506e-02
INFO:bingo.evolutionary_optimizers.parallel_archipelago:Evolution time 0:00:21.869336	 age 1560	 fitness 2.232e-02
Level 25:bingo.evolutionary_optimizers.evolutionary_optimizer:Generation: 800 	 Elapsed time: 0:36:07.313000 	 Best training fitness: 2.231894e-02 	 
Level 25:bingo.evolutionary_optimizers.evolutionary_optimizer:800, 2.167313e+03, 6391869, 2.231894e-02, 2.231894e-02, 2.471423e-02, 2.503304e-02, 2.702318e-02, 2.938606e-02, 3.923433e-02, 4.155734e-02, 5.835571e-02, 5.835933e-02, 7.218544e-02, 7.225576e-02, 7.225754e-02, 7.227506e-02
INFO:bingo.evolutionary_optimizers.parallel_archipelago:Evolution time 0:00:31.170034	 age 1570	 fitness 2.233e-02
Level 25:bingo.evolutionary_optimizers.evolutionary_optimizer:Generation: 810 	 Elapsed time: 0:36:38.667963 	 Best training fitness: 2.232766e-02 	 
Level 25:bingo.evolutionary_optimizers.evolutionary_optimizer:810, 2.198668e+03, 6468109, 2.232766e-02, 2.231894e-02, 2.471423e-02, 2.503304e-02, 2.702318e-02, 2.938606e-02, 3.923433e-02, 4.155734e-02, 5.835571e-02, 5.835933e-02, 7.218544e-02, 7.225576e-02, 7.225754e-02, 7.227506e-02
INFO:bingo.evolutionary_optimizers.parallel_archipelago:Evolution time 0:00:16.271674	 age 1590	 fitness 2.233e-02
Level 25:bingo.evolutionary_optimizers.evolutionary_optimizer:Generation: 820 	 Elapsed time: 0:36:55.128160 	 Best training fitness: 2.232766e-02 	 
Level 25:bingo.evolutionary_optimizers.evolutionary_optimizer:820, 2.215128e+03, 6524091, 2.232766e-02, 2.231894e-02, 2.471423e-02, 2.503304e-02, 2.702318e-02, 2.938606e-02, 3.923433e-02, 4.155734e-02, 5.835571e-02, 5.835933e-02, 7.218544e-02, 7.225576e-02, 7.225754e-02, 7.227506e-02
INFO:bingo.evolutionary_optimizers.parallel_archipelago:Evolution time 0:00:35.151994	 age 1620	 fitness 2.233e-02
Level 25:bingo.evolutionary_optimizers.evolutionary_optimizer:Generation: 830 	 Elapsed time: 0:37:30.466677 	 Best training fitness: 2.232567e-02 	 
Level 25:bingo.evolutionary_optimizers.evolutionary_optimizer:830, 2.250467e+03, 6620618, 2.232567e-02, 2.231894e-02, 2.471423e-02, 2.503304e-02, 2.702318e-02, 2.938606e-02, 3.923433e-02, 4.155734e-02, 5.835571e-02, 5.835933e-02, 7.218544e-02, 7.225576e-02, 7.225754e-02, 7.227506e-02
INFO:bingo.evolutionary_optimizers.parallel_archipelago:Evolution time 0:00:28.642976	 age 1640	 fitness 2.232e-02
Level 25:bingo.evolutionary_optimizers.evolutionary_optimizer:Generation: 840 	 Elapsed time: 0:37:59.314699 	 Best training fitness: 2.232266e-02 	 
Level 25:bingo.evolutionary_optimizers.evolutionary_optimizer:840, 2.279315e+03, 6706470, 2.232266e-02, 2.231894e-02, 2.471423e-02, 2.503304e-02, 2.702318e-02, 2.938606e-02, 3.923433e-02, 4.155734e-02, 5.835571e-02, 5.835933e-02, 7.218544e-02, 7.225576e-02, 7.225754e-02, 7.227506e-02
INFO:bingo.evolutionary_optimizers.parallel_archipelago:Evolution time 0:00:26.747819	 age 1670	 fitness 2.233e-02
Level 25:bingo.evolutionary_optimizers.evolutionary_optimizer:Generation: 850 	 Elapsed time: 0:38:26.264438 	 Best training fitness: 2.233091e-02 	 
Level 25:bingo.evolutionary_optimizers.evolutionary_optimizer:850, 2.306264e+03, 6789932, 2.233091e-02, 2.231894e-02, 2.234829e-02, 2.454907e-02, 4.155734e-02, 5.835571e-02, 5.835933e-02, 7.218544e-02, 7.225576e-02, 7.225754e-02, 7.227506e-02
INFO:bingo.evolutionary_optimizers.parallel_archipelago:Evolution time 0:00:29.619962	 age 1690	 fitness 2.233e-02
Level 25:bingo.evolutionary_optimizers.evolutionary_optimizer:Generation: 860 	 Elapsed time: 0:38:56.085882 	 Best training fitness: 2.233037e-02 	 
Level 25:bingo.evolutionary_optimizers.evolutionary_optimizer:860, 2.336086e+03, 6888889, 2.233037e-02, 2.231894e-02, 2.234829e-02, 2.256624e-02, 4.155734e-02, 5.835571e-02, 5.835933e-02, 7.218544e-02, 7.225576e-02, 7.225754e-02, 7.227506e-02
INFO:bingo.evolutionary_optimizers.parallel_archipelago:Evolution time 0:00:41.725834	 age 1730	 fitness 4.266e-17
Level 25:bingo.evolutionary_optimizers.evolutionary_optimizer:Generation: 870 	 Elapsed time: 0:39:38.046277 	 Best training fitness: 4.265726e-17 	 
Level 25:bingo.evolutionary_optimizers.evolutionary_optimizer:870, 2.378046e+03, 6992240, 4.265726e-17, 4.265726e-17, 7.225576e-02, 7.225754e-02, 7.227506e-02
Level 25:bingo.evolutionary_optimizers.evolutionary_optimizer:Evolution successfully converged.
Level 25:bingo.evolutionary_optimizers.evolutionary_optimizer:  Absolte convergence occurred with best fitness < 1e-10
Level 25:bingo.evolutionary_optimizers.evolutionary_optimizer:Hall of Fame:
4.265725507214305e-17	7	sin(log((X_1)(X_1) + (X_0)(X_0)))
0.07225576114471517	3	sin(-0.597313 + -0.597313)
0.07225753768804072	2	sin(-1.201260)
0.07227505826572408	1	-0.920749
