Level 25:bingo.evolutionary_optimizers.evolutionary_optimizer:#generational_age, elapsed_time, fitness_evaluation_count, current_training_fitness, hall_of_fame_fitnesses
Level 25:bingo.evolutionary_optimizers.evolutionary_optimizer:#generational_age, elapsed_time, fitness_evaluation_count, current_training_fitness, hall_of_fame_fitnesses
Level 25:bingo.evolutionary_optimizers.evolutionary_optimizer:Generation: 0 	 Elapsed time: 0:00:05.485804 	 Best training fitness: 9.644170e-02 	 
Level 25:bingo.evolutionary_optimizers.evolutionary_optimizer:0, 5.485804e+00, 13619, 9.644170e-02
INFO:bingo.evolutionary_optimizers.parallel_archipelago:Evolution time 0:01:01.550996	 age 30	 fitness 9.642e-02
Level 25:bingo.evolutionary_optimizers.evolutionary_optimizer:Generation: 10 	 Elapsed time: 0:01:07.366292 	 Best training fitness: 9.641551e-02 	 
Level 25:bingo.evolutionary_optimizers.evolutionary_optimizer:10, 6.736629e+01, 121699, 9.641551e-02, 9.641551e-02, 9.657177e-02, 9.670093e-02
INFO:bingo.evolutionary_optimizers.parallel_archipelago:Evolution time 0:00:31.210682	 age 60	 fitness 9.635e-02
Level 25:bingo.evolutionary_optimizers.evolutionary_optimizer:Generation: 20 	 Elapsed time: 0:01:38.923438 	 Best training fitness: 9.635220e-02 	 
Level 25:bingo.evolutionary_optimizers.evolutionary_optimizer:20, 9.892344e+01, 200649, 9.635220e-02, 9.635220e-02, 9.641551e-02, 9.646780e-02
INFO:bingo.evolutionary_optimizers.parallel_archipelago:Evolution time 0:01:07.046839	 age 90	 fitness 8.307e-02
Level 25:bingo.evolutionary_optimizers.evolutionary_optimizer:Generation: 30 	 Elapsed time: 0:02:46.369349 	 Best training fitness: 8.306523e-02 	 
Level 25:bingo.evolutionary_optimizers.evolutionary_optimizer:30, 1.663693e+02, 317004, 8.306523e-02, 8.306523e-02, 9.619945e-02, 9.630160e-02, 9.638067e-02, 9.646780e-02
INFO:bingo.evolutionary_optimizers.parallel_archipelago:Evolution time 0:00:31.762765	 age 120	 fitness 7.434e-02
Level 25:bingo.evolutionary_optimizers.evolutionary_optimizer:Generation: 40 	 Elapsed time: 0:03:18.488668 	 Best training fitness: 7.433513e-02 	 
Level 25:bingo.evolutionary_optimizers.evolutionary_optimizer:40, 1.984887e+02, 399518, 7.433513e-02, 7.433513e-02, 7.987286e-02, 9.619945e-02, 9.629514e-02
INFO:bingo.evolutionary_optimizers.parallel_archipelago:Evolution time 0:00:29.167766	 age 140	 fitness 6.487e-02
Level 25:bingo.evolutionary_optimizers.evolutionary_optimizer:Generation: 50 	 Elapsed time: 0:03:47.996167 	 Best training fitness: 6.486973e-02 	 
Level 25:bingo.evolutionary_optimizers.evolutionary_optimizer:50, 2.279962e+02, 464903, 6.486973e-02, 6.486973e-02, 7.987286e-02, 9.619945e-02, 9.629514e-02
INFO:bingo.evolutionary_optimizers.parallel_archipelago:Evolution time 0:00:41.171649	 age 170	 fitness 5.698e-02
Level 25:bingo.evolutionary_optimizers.evolutionary_optimizer:Generation: 60 	 Elapsed time: 0:04:29.514865 	 Best training fitness: 5.698317e-02 	 
Level 25:bingo.evolutionary_optimizers.evolutionary_optimizer:60, 2.695149e+02, 553872, 5.698317e-02, 5.698317e-02, 7.987286e-02, 9.619945e-02, 9.629514e-02
INFO:bingo.evolutionary_optimizers.parallel_archipelago:Evolution time 0:00:40.717718	 age 190	 fitness 5.670e-02
Level 25:bingo.evolutionary_optimizers.evolutionary_optimizer:Generation: 70 	 Elapsed time: 0:05:10.600440 	 Best training fitness: 5.670185e-02 	 
Level 25:bingo.evolutionary_optimizers.evolutionary_optimizer:70, 3.106004e+02, 639347, 5.670185e-02, 5.670185e-02, 7.987286e-02, 9.619945e-02, 9.629514e-02
INFO:bingo.evolutionary_optimizers.parallel_archipelago:Evolution time 0:00:27.562215	 age 220	 fitness 5.596e-02
Level 25:bingo.evolutionary_optimizers.evolutionary_optimizer:Generation: 80 	 Elapsed time: 0:05:38.545511 	 Best training fitness: 5.595749e-02 	 
Level 25:bingo.evolutionary_optimizers.evolutionary_optimizer:80, 3.385455e+02, 727666, 5.595749e-02, 5.595749e-02, 5.668860e-02, 7.987286e-02, 9.619945e-02, 9.625939e-02, 9.629514e-02
INFO:bingo.evolutionary_optimizers.parallel_archipelago:Evolution time 0:00:29.319514	 age 250	 fitness 5.465e-02
Level 25:bingo.evolutionary_optimizers.evolutionary_optimizer:Generation: 90 	 Elapsed time: 0:06:08.222274 	 Best training fitness: 5.464515e-02 	 
Level 25:bingo.evolutionary_optimizers.evolutionary_optimizer:90, 3.682223e+02, 821874, 5.464515e-02, 5.464515e-02, 5.561902e-02, 5.582808e-02, 5.664310e-02, 7.987286e-02, 9.619945e-02, 9.625939e-02, 9.628743e-02, 9.629514e-02
INFO:bingo.evolutionary_optimizers.parallel_archipelago:Evolution time 0:00:30.787762	 age 270	 fitness 5.249e-02
Level 25:bingo.evolutionary_optimizers.evolutionary_optimizer:Generation: 100 	 Elapsed time: 0:06:39.419999 	 Best training fitness: 5.249375e-02 	 
Level 25:bingo.evolutionary_optimizers.evolutionary_optimizer:100, 3.994200e+02, 929897, 5.249375e-02, 5.249375e-02, 5.501267e-02, 5.561902e-02, 5.582808e-02, 5.664310e-02, 7.987286e-02, 9.619945e-02, 9.625939e-02, 9.628743e-02, 9.629514e-02
INFO:bingo.evolutionary_optimizers.parallel_archipelago:Evolution time 0:00:49.195696	 age 290	 fitness 5.011e-02
Level 25:bingo.evolutionary_optimizers.evolutionary_optimizer:Generation: 110 	 Elapsed time: 0:07:28.987404 	 Best training fitness: 5.011068e-02 	 
Level 25:bingo.evolutionary_optimizers.evolutionary_optimizer:110, 4.489874e+02, 1042766, 5.011068e-02, 5.011068e-02, 5.532609e-02, 5.664310e-02, 7.987286e-02, 9.619945e-02, 9.625939e-02, 9.628743e-02, 9.629514e-02
INFO:bingo.evolutionary_optimizers.parallel_archipelago:Evolution time 0:00:48.287163	 age 300	 fitness 4.826e-02
Level 25:bingo.evolutionary_optimizers.evolutionary_optimizer:Generation: 120 	 Elapsed time: 0:08:17.640757 	 Best training fitness: 4.825674e-02 	 
Level 25:bingo.evolutionary_optimizers.evolutionary_optimizer:120, 4.976408e+02, 1163796, 4.825674e-02, 4.825674e-02, 5.509144e-02, 5.664310e-02, 7.987286e-02, 9.619945e-02, 9.625939e-02, 9.628743e-02, 9.629514e-02
INFO:bingo.evolutionary_optimizers.parallel_archipelago:Evolution time 0:00:45.034138	 age 330	 fitness 4.815e-02
Level 25:bingo.evolutionary_optimizers.evolutionary_optimizer:Generation: 130 	 Elapsed time: 0:09:03.034431 	 Best training fitness: 4.815166e-02 	 
Level 25:bingo.evolutionary_optimizers.evolutionary_optimizer:130, 5.430344e+02, 1298447, 4.815166e-02, 4.815166e-02, 5.505106e-02, 5.664310e-02, 7.987286e-02, 9.619945e-02, 9.625939e-02, 9.628743e-02, 9.629514e-02
INFO:bingo.evolutionary_optimizers.parallel_archipelago:Evolution time 0:00:51.876726	 age 350	 fitness 4.806e-02
Level 25:bingo.evolutionary_optimizers.evolutionary_optimizer:Generation: 140 	 Elapsed time: 0:09:55.260515 	 Best training fitness: 4.805530e-02 	 
Level 25:bingo.evolutionary_optimizers.evolutionary_optimizer:140, 5.952605e+02, 1462461, 4.805530e-02, 4.805530e-02, 5.505106e-02, 5.664310e-02, 7.987286e-02, 9.619945e-02, 9.625939e-02, 9.628743e-02, 9.629514e-02
INFO:bingo.evolutionary_optimizers.parallel_archipelago:Evolution time 0:00:48.668799	 age 370	 fitness 2.980e-02
Level 25:bingo.evolutionary_optimizers.evolutionary_optimizer:Generation: 150 	 Elapsed time: 0:10:44.274969 	 Best training fitness: 2.979534e-02 	 
Level 25:bingo.evolutionary_optimizers.evolutionary_optimizer:150, 6.442750e+02, 1605888, 2.979534e-02, 2.979534e-02, 7.987286e-02, 9.619945e-02, 9.625939e-02, 9.628743e-02, 9.629514e-02
INFO:bingo.evolutionary_optimizers.parallel_archipelago:Evolution time 0:00:57.480229	 age 400	 fitness 5.114e-03
Level 25:bingo.evolutionary_optimizers.evolutionary_optimizer:Generation: 160 	 Elapsed time: 0:11:42.152549 	 Best training fitness: 5.114463e-03 	 
Level 25:bingo.evolutionary_optimizers.evolutionary_optimizer:160, 7.021525e+02, 1770771, 5.114463e-03, 5.114463e-03, 9.619945e-02, 9.625939e-02, 9.628743e-02, 9.629514e-02
INFO:bingo.evolutionary_optimizers.parallel_archipelago:Evolution time 0:00:27.345733	 age 420	 fitness 5.113e-03
Level 25:bingo.evolutionary_optimizers.evolutionary_optimizer:Generation: 170 	 Elapsed time: 0:12:09.833620 	 Best training fitness: 5.113448e-03 	 
Level 25:bingo.evolutionary_optimizers.evolutionary_optimizer:170, 7.298336e+02, 1876010, 5.113448e-03, 5.113448e-03, 9.619945e-02, 9.625939e-02, 9.628743e-02, 9.629514e-02
INFO:bingo.evolutionary_optimizers.parallel_archipelago:Evolution time 0:00:30.075741	 age 430	 fitness 5.688e-17
Level 25:bingo.evolutionary_optimizers.evolutionary_optimizer:Generation: 180 	 Elapsed time: 0:12:40.238495 	 Best training fitness: 5.687634e-17 	 
Level 25:bingo.evolutionary_optimizers.evolutionary_optimizer:180, 7.602385e+02, 1984214, 5.687634e-17, 5.687634e-17, 9.625939e-02, 9.628743e-02, 9.629514e-02
Level 25:bingo.evolutionary_optimizers.evolutionary_optimizer:Evolution successfully converged.
Level 25:bingo.evolutionary_optimizers.evolutionary_optimizer:  Absolte convergence occurred with best fitness < 1e-10
Level 25:bingo.evolutionary_optimizers.evolutionary_optimizer:Hall of Fame:
5.687634009619075e-17	7	sin(log((X_1)(X_1) + (X_0)(X_0)))
0.09625939046149018	3	log(sin(0.404700))
0.09628743148538074	2	sin(-1.212006)
0.09629514365978911	1	-0.934565
