Level 25:bingo.evolutionary_optimizers.evolutionary_optimizer:#generational_age, elapsed_time, fitness_evaluation_count, current_training_fitness, hall_of_fame_fitnesses
Level 25:bingo.evolutionary_optimizers.evolutionary_optimizer:#generational_age, elapsed_time, fitness_evaluation_count, current_training_fitness, hall_of_fame_fitnesses
Level 25:bingo.evolutionary_optimizers.parallel_archipelago:Saving checkpoint: src/bingo_bias_vias_decomposition/checkpoints_st_20/implicit_st_20_p2_p8_3_0.pkl
INFO:bingo.evolutionary_optimizers.parallel_archipelago:Saved successfully
Level 25:bingo.evolutionary_optimizers.evolutionary_optimizer:Generation: 0 	 Elapsed time: 0:00:04.757718 	 Best training fitness: 4.851654e-02 	 
Level 25:bingo.evolutionary_optimizers.evolutionary_optimizer:0, 4.757718e+00, 13974, 4.851654e-02
INFO:bingo.evolutionary_optimizers.parallel_archipelago:Performing migration between Islands
INFO:bingo.evolutionary_optimizers.parallel_archipelago:Evolution time 0:00:43.227395	 age 20	 fitness 4.828e-02
Level 25:bingo.evolutionary_optimizers.parallel_archipelago:Saving checkpoint: src/bingo_bias_vias_decomposition/checkpoints_st_20/implicit_st_20_p2_p8_3_10.pkl
INFO:bingo.evolutionary_optimizers.parallel_archipelago:Saved successfully
Level 25:bingo.evolutionary_optimizers.evolutionary_optimizer:Generation: 10 	 Elapsed time: 0:00:48.291033 	 Best training fitness: 4.827725e-02 	 
Level 25:bingo.evolutionary_optimizers.evolutionary_optimizer:10, 4.829103e+01, 129995, 4.827725e-02, 4.827725e-02, 4.832403e-02, 4.853309e-02, 4.853673e-02, 4.856917e-02, 4.904874e-02
INFO:bingo.evolutionary_optimizers.parallel_archipelago:Performing migration between Islands
INFO:bingo.evolutionary_optimizers.parallel_archipelago:Evolution time 0:00:22.662760	 age 30	 fitness 4.823e-02
Level 25:bingo.evolutionary_optimizers.parallel_archipelago:Saving checkpoint: src/bingo_bias_vias_decomposition/checkpoints_st_20/implicit_st_20_p2_p8_3_20.pkl
INFO:bingo.evolutionary_optimizers.parallel_archipelago:Saved successfully
Level 25:bingo.evolutionary_optimizers.evolutionary_optimizer:Generation: 20 	 Elapsed time: 0:01:11.284728 	 Best training fitness: 4.823435e-02 	 
Level 25:bingo.evolutionary_optimizers.evolutionary_optimizer:20, 7.128473e+01, 201189, 4.823435e-02, 4.823435e-02, 4.845915e-02, 4.875137e-02
INFO:bingo.evolutionary_optimizers.parallel_archipelago:Performing migration between Islands
INFO:bingo.evolutionary_optimizers.parallel_archipelago:Evolution time 0:00:35.637840	 age 40	 fitness 4.834e-02
Level 25:bingo.evolutionary_optimizers.parallel_archipelago:Saving checkpoint: src/bingo_bias_vias_decomposition/checkpoints_st_20/implicit_st_20_p2_p8_3_30.pkl
INFO:bingo.evolutionary_optimizers.parallel_archipelago:Saved successfully
Level 25:bingo.evolutionary_optimizers.evolutionary_optimizer:Generation: 30 	 Elapsed time: 0:01:47.124477 	 Best training fitness: 4.833786e-02 	 
Level 25:bingo.evolutionary_optimizers.evolutionary_optimizer:30, 1.071245e+02, 282579, 4.833786e-02, 4.823435e-02, 4.838616e-02, 4.854120e-02
INFO:bingo.evolutionary_optimizers.parallel_archipelago:Performing migration between Islands
INFO:bingo.evolutionary_optimizers.parallel_archipelago:Evolution time 0:00:27.340965	 age 50	 fitness 4.831e-02
Level 25:bingo.evolutionary_optimizers.parallel_archipelago:Saving checkpoint: src/bingo_bias_vias_decomposition/checkpoints_st_20/implicit_st_20_p2_p8_3_40.pkl
INFO:bingo.evolutionary_optimizers.parallel_archipelago:Saved successfully
Level 25:bingo.evolutionary_optimizers.evolutionary_optimizer:Generation: 40 	 Elapsed time: 0:02:14.766970 	 Best training fitness: 4.830562e-02 	 
Level 25:bingo.evolutionary_optimizers.evolutionary_optimizer:40, 1.347670e+02, 359999, 4.830562e-02, 4.823435e-02, 4.838616e-02, 4.854120e-02
INFO:bingo.evolutionary_optimizers.parallel_archipelago:Performing migration between Islands
INFO:bingo.evolutionary_optimizers.parallel_archipelago:Evolution time 0:00:24.324552	 age 60	 fitness 4.828e-02
Level 25:bingo.evolutionary_optimizers.parallel_archipelago:Saving checkpoint: src/bingo_bias_vias_decomposition/checkpoints_st_20/implicit_st_20_p2_p8_3_50.pkl
INFO:bingo.evolutionary_optimizers.parallel_archipelago:Saved successfully
Level 25:bingo.evolutionary_optimizers.evolutionary_optimizer:Generation: 50 	 Elapsed time: 0:02:39.290905 	 Best training fitness: 4.828116e-02 	 
Level 25:bingo.evolutionary_optimizers.evolutionary_optimizer:50, 1.592909e+02, 418428, 4.828116e-02, 4.823435e-02, 4.835545e-02, 4.854120e-02
INFO:bingo.evolutionary_optimizers.parallel_archipelago:Performing migration between Islands
INFO:bingo.evolutionary_optimizers.parallel_archipelago:Evolution time 0:00:31.638314	 age 70	 fitness 4.807e-02
Level 25:bingo.evolutionary_optimizers.parallel_archipelago:Saving checkpoint: src/bingo_bias_vias_decomposition/checkpoints_st_20/implicit_st_20_p2_p8_3_60.pkl
INFO:bingo.evolutionary_optimizers.parallel_archipelago:Saved successfully
Level 25:bingo.evolutionary_optimizers.evolutionary_optimizer:Generation: 60 	 Elapsed time: 0:03:11.205555 	 Best training fitness: 4.807073e-02 	 
Level 25:bingo.evolutionary_optimizers.evolutionary_optimizer:60, 1.912056e+02, 497548, 4.807073e-02, 4.807073e-02, 4.823435e-02, 4.835545e-02, 4.854120e-02
INFO:bingo.evolutionary_optimizers.parallel_archipelago:Performing migration between Islands
INFO:bingo.evolutionary_optimizers.parallel_archipelago:Evolution time 0:00:33.650262	 age 80	 fitness 4.807e-02
Level 25:bingo.evolutionary_optimizers.parallel_archipelago:Saving checkpoint: src/bingo_bias_vias_decomposition/checkpoints_st_20/implicit_st_20_p2_p8_3_70.pkl
INFO:bingo.evolutionary_optimizers.parallel_archipelago:Saved successfully
Level 25:bingo.evolutionary_optimizers.evolutionary_optimizer:Generation: 70 	 Elapsed time: 0:03:45.146937 	 Best training fitness: 4.807073e-02 	 
Level 25:bingo.evolutionary_optimizers.evolutionary_optimizer:70, 2.251469e+02, 577073, 4.807073e-02, 4.807073e-02, 4.823435e-02, 4.829899e-02, 4.854120e-02
INFO:bingo.evolutionary_optimizers.parallel_archipelago:Performing migration between Islands
INFO:bingo.evolutionary_optimizers.parallel_archipelago:Evolution time 0:00:33.392927	 age 90	 fitness 4.822e-02
Level 25:bingo.evolutionary_optimizers.parallel_archipelago:Saving checkpoint: src/bingo_bias_vias_decomposition/checkpoints_st_20/implicit_st_20_p2_p8_3_80.pkl
INFO:bingo.evolutionary_optimizers.parallel_archipelago:Saved successfully
Level 25:bingo.evolutionary_optimizers.evolutionary_optimizer:Generation: 80 	 Elapsed time: 0:04:18.811941 	 Best training fitness: 4.822171e-02 	 
Level 25:bingo.evolutionary_optimizers.evolutionary_optimizer:80, 2.588119e+02, 685078, 4.822171e-02, 4.807073e-02, 4.822171e-02, 4.854120e-02
INFO:bingo.evolutionary_optimizers.parallel_archipelago:Performing migration between Islands
INFO:bingo.evolutionary_optimizers.parallel_archipelago:Evolution time 0:00:20.946293	 age 100	 fitness 4.803e-02
Level 25:bingo.evolutionary_optimizers.parallel_archipelago:Saving checkpoint: src/bingo_bias_vias_decomposition/checkpoints_st_20/implicit_st_20_p2_p8_3_90.pkl
INFO:bingo.evolutionary_optimizers.parallel_archipelago:Saved successfully
Level 25:bingo.evolutionary_optimizers.evolutionary_optimizer:Generation: 90 	 Elapsed time: 0:04:40.042650 	 Best training fitness: 4.803217e-02 	 
Level 25:bingo.evolutionary_optimizers.evolutionary_optimizer:90, 2.800426e+02, 748787, 4.803217e-02, 4.803217e-02, 4.822171e-02, 4.854120e-02
INFO:bingo.evolutionary_optimizers.parallel_archipelago:Performing migration between Islands
INFO:bingo.evolutionary_optimizers.parallel_archipelago:Evolution time 0:00:31.344475	 age 110	 fitness 4.785e-02
Level 25:bingo.evolutionary_optimizers.parallel_archipelago:Saving checkpoint: src/bingo_bias_vias_decomposition/checkpoints_st_20/implicit_st_20_p2_p8_3_100.pkl
INFO:bingo.evolutionary_optimizers.parallel_archipelago:Saved successfully
Level 25:bingo.evolutionary_optimizers.evolutionary_optimizer:Generation: 100 	 Elapsed time: 0:05:11.736871 	 Best training fitness: 4.785319e-02 	 
Level 25:bingo.evolutionary_optimizers.evolutionary_optimizer:100, 3.117369e+02, 822696, 4.785319e-02, 4.785319e-02, 4.822171e-02, 4.837282e-02
INFO:bingo.evolutionary_optimizers.parallel_archipelago:Performing migration between Islands
INFO:bingo.evolutionary_optimizers.parallel_archipelago:Evolution time 0:00:21.594970	 age 120	 fitness 4.781e-02
Level 25:bingo.evolutionary_optimizers.parallel_archipelago:Saving checkpoint: src/bingo_bias_vias_decomposition/checkpoints_st_20/implicit_st_20_p2_p8_3_110.pkl
INFO:bingo.evolutionary_optimizers.parallel_archipelago:Saved successfully
Level 25:bingo.evolutionary_optimizers.evolutionary_optimizer:Generation: 110 	 Elapsed time: 0:05:33.652662 	 Best training fitness: 4.780745e-02 	 
Level 25:bingo.evolutionary_optimizers.evolutionary_optimizer:110, 3.336527e+02, 886806, 4.780745e-02, 4.780745e-02, 4.822171e-02, 4.837282e-02
INFO:bingo.evolutionary_optimizers.parallel_archipelago:Performing migration between Islands
INFO:bingo.evolutionary_optimizers.parallel_archipelago:Evolution time 0:00:22.825206	 age 130	 fitness 4.781e-02
Level 25:bingo.evolutionary_optimizers.parallel_archipelago:Saving checkpoint: src/bingo_bias_vias_decomposition/checkpoints_st_20/implicit_st_20_p2_p8_3_120.pkl
INFO:bingo.evolutionary_optimizers.parallel_archipelago:Saved successfully
Level 25:bingo.evolutionary_optimizers.evolutionary_optimizer:Generation: 120 	 Elapsed time: 0:05:56.780546 	 Best training fitness: 4.781405e-02 	 
Level 25:bingo.evolutionary_optimizers.evolutionary_optimizer:120, 3.567805e+02, 959036, 4.781405e-02, 4.780745e-02, 4.822171e-02, 4.837282e-02
INFO:bingo.evolutionary_optimizers.parallel_archipelago:Performing migration between Islands
INFO:bingo.evolutionary_optimizers.parallel_archipelago:Evolution time 0:00:41.046515	 age 140	 fitness 1.236e-02
Level 25:bingo.evolutionary_optimizers.parallel_archipelago:Saving checkpoint: src/bingo_bias_vias_decomposition/checkpoints_st_20/implicit_st_20_p2_p8_3_130.pkl
INFO:bingo.evolutionary_optimizers.parallel_archipelago:Saved successfully
Level 25:bingo.evolutionary_optimizers.evolutionary_optimizer:Generation: 130 	 Elapsed time: 0:06:38.095982 	 Best training fitness: 1.235699e-02 	 
Level 25:bingo.evolutionary_optimizers.evolutionary_optimizer:130, 3.980960e+02, 1066953, 1.235699e-02, 1.235699e-02, 4.822171e-02, 4.835102e-02
INFO:bingo.evolutionary_optimizers.parallel_archipelago:Performing migration between Islands
INFO:bingo.evolutionary_optimizers.parallel_archipelago:Evolution time 0:00:26.584114	 age 150	 fitness 9.853e-03
Level 25:bingo.evolutionary_optimizers.parallel_archipelago:Saving checkpoint: src/bingo_bias_vias_decomposition/checkpoints_st_20/implicit_st_20_p2_p8_3_140.pkl
INFO:bingo.evolutionary_optimizers.parallel_archipelago:Saved successfully
Level 25:bingo.evolutionary_optimizers.evolutionary_optimizer:Generation: 140 	 Elapsed time: 0:07:05.044511 	 Best training fitness: 9.853300e-03 	 
Level 25:bingo.evolutionary_optimizers.evolutionary_optimizer:140, 4.250445e+02, 1134671, 9.853300e-03, 9.853300e-03, 1.174638e-02, 4.822171e-02, 4.835102e-02
INFO:bingo.evolutionary_optimizers.parallel_archipelago:Performing migration between Islands
INFO:bingo.evolutionary_optimizers.parallel_archipelago:Evolution time 0:00:43.229860	 age 160	 fitness 4.078e-03
Level 25:bingo.evolutionary_optimizers.parallel_archipelago:Saving checkpoint: src/bingo_bias_vias_decomposition/checkpoints_st_20/implicit_st_20_p2_p8_3_150.pkl
INFO:bingo.evolutionary_optimizers.parallel_archipelago:Saved successfully
Level 25:bingo.evolutionary_optimizers.evolutionary_optimizer:Generation: 150 	 Elapsed time: 0:07:48.582622 	 Best training fitness: 4.077845e-03 	 
Level 25:bingo.evolutionary_optimizers.evolutionary_optimizer:150, 4.685826e+02, 1239601, 4.077845e-03, 4.077845e-03, 1.174638e-02, 4.822171e-02, 4.835102e-02
INFO:bingo.evolutionary_optimizers.parallel_archipelago:Performing migration between Islands
INFO:bingo.evolutionary_optimizers.parallel_archipelago:Evolution time 0:00:36.759453	 age 170	 fitness 2.844e-17
Level 25:bingo.evolutionary_optimizers.parallel_archipelago:Saving checkpoint: src/bingo_bias_vias_decomposition/checkpoints_st_20/implicit_st_20_p2_p8_3_160.pkl
INFO:bingo.evolutionary_optimizers.parallel_archipelago:Saved successfully
Level 25:bingo.evolutionary_optimizers.evolutionary_optimizer:Generation: 160 	 Elapsed time: 0:08:25.644871 	 Best training fitness: 2.843817e-17 	 
Level 25:bingo.evolutionary_optimizers.evolutionary_optimizer:160, 5.056449e+02, 1338794, 2.843817e-17, 2.843817e-17, 4.822171e-02, 4.835102e-02
Level 25:bingo.evolutionary_optimizers.evolutionary_optimizer:Evolution successfully converged.
Level 25:bingo.evolutionary_optimizers.evolutionary_optimizer:  Absolte convergence occurred with best fitness < 1e-10
Level 25:bingo.evolutionary_optimizers.evolutionary_optimizer:Hall of Fame:
2.843817004809537e-17	7	sin(log((X_0)(X_0) + (X_1)(X_1)))
0.04822170589288594	2	sin(-1.206383)
0.04835102193218953	1	-0.944474
