Level 25:bingo.evolutionary_optimizers.evolutionary_optimizer:#generational_age, elapsed_time, fitness_evaluation_count, current_training_fitness, hall_of_fame_fitnesses
Level 25:bingo.evolutionary_optimizers.evolutionary_optimizer:#generational_age, elapsed_time, fitness_evaluation_count, current_training_fitness, hall_of_fame_fitnesses
Level 25:bingo.evolutionary_optimizers.evolutionary_optimizer:Generation: 0 	 Elapsed time: 0:00:05.183947 	 Best training fitness: 2.163793e-01 	 
Level 25:bingo.evolutionary_optimizers.evolutionary_optimizer:0, 5.183947e+00, 15213, 2.163793e-01
INFO:bingo.evolutionary_optimizers.parallel_archipelago:Evolution time 0:00:43.338793	 age 20	 fitness 2.163e-01
Level 25:bingo.evolutionary_optimizers.evolutionary_optimizer:Generation: 10 	 Elapsed time: 0:00:48.852320 	 Best training fitness: 2.163167e-01 	 
Level 25:bingo.evolutionary_optimizers.evolutionary_optimizer:10, 4.885232e+01, 143529, 2.163167e-01, 2.163167e-01, 2.163658e-01, 2.163863e-01
INFO:bingo.evolutionary_optimizers.parallel_archipelago:Evolution time 0:00:17.992961	 age 30	 fitness 2.163e-01
Level 25:bingo.evolutionary_optimizers.evolutionary_optimizer:Generation: 20 	 Elapsed time: 0:01:07.195361 	 Best training fitness: 2.162866e-01 	 
Level 25:bingo.evolutionary_optimizers.evolutionary_optimizer:20, 6.719536e+01, 204148, 2.162866e-01, 2.162866e-01, 2.163863e-01
INFO:bingo.evolutionary_optimizers.parallel_archipelago:Evolution time 0:00:57.492910	 age 40	 fitness 2.149e-01
Level 25:bingo.evolutionary_optimizers.evolutionary_optimizer:Generation: 30 	 Elapsed time: 0:02:05.076638 	 Best training fitness: 2.148710e-01 	 
Level 25:bingo.evolutionary_optimizers.evolutionary_optimizer:30, 1.250766e+02, 299817, 2.148710e-01, 2.148710e-01, 2.162866e-01, 2.163863e-01
INFO:bingo.evolutionary_optimizers.parallel_archipelago:Evolution time 0:00:32.750971	 age 50	 fitness 2.140e-01
Level 25:bingo.evolutionary_optimizers.evolutionary_optimizer:Generation: 40 	 Elapsed time: 0:02:38.175062 	 Best training fitness: 2.140340e-01 	 
Level 25:bingo.evolutionary_optimizers.evolutionary_optimizer:40, 1.581751e+02, 380790, 2.140340e-01, 2.140340e-01, 2.148710e-01, 2.162866e-01, 2.163828e-01
INFO:bingo.evolutionary_optimizers.parallel_archipelago:Evolution time 0:00:33.262189	 age 70	 fitness 2.139e-01
Level 25:bingo.evolutionary_optimizers.evolutionary_optimizer:Generation: 50 	 Elapsed time: 0:03:11.788440 	 Best training fitness: 2.139243e-01 	 
Level 25:bingo.evolutionary_optimizers.evolutionary_optimizer:50, 1.917884e+02, 478704, 2.139243e-01, 2.139243e-01, 2.148710e-01, 2.162866e-01, 2.163150e-01
INFO:bingo.evolutionary_optimizers.parallel_archipelago:Evolution time 0:00:46.700022	 age 90	 fitness 2.124e-01
Level 25:bingo.evolutionary_optimizers.evolutionary_optimizer:Generation: 60 	 Elapsed time: 0:03:58.844199 	 Best training fitness: 2.124380e-01 	 
Level 25:bingo.evolutionary_optimizers.evolutionary_optimizer:60, 2.388442e+02, 584719, 2.124380e-01, 2.124380e-01, 2.139151e-01, 2.139243e-01, 2.148710e-01, 2.162860e-01
INFO:bingo.evolutionary_optimizers.parallel_archipelago:Evolution time 0:00:21.221535	 age 100	 fitness 2.115e-01
Level 25:bingo.evolutionary_optimizers.evolutionary_optimizer:Generation: 70 	 Elapsed time: 0:04:20.408044 	 Best training fitness: 2.115181e-01 	 
Level 25:bingo.evolutionary_optimizers.evolutionary_optimizer:70, 2.604080e+02, 655474, 2.115181e-01, 2.115181e-01, 2.139151e-01, 2.139162e-01, 2.148710e-01, 2.162860e-01
INFO:bingo.evolutionary_optimizers.parallel_archipelago:Evolution time 0:00:32.932846	 age 110	 fitness 2.115e-01
Level 25:bingo.evolutionary_optimizers.evolutionary_optimizer:Generation: 80 	 Elapsed time: 0:04:53.689191 	 Best training fitness: 2.115181e-01 	 
Level 25:bingo.evolutionary_optimizers.evolutionary_optimizer:80, 2.936892e+02, 738615, 2.115181e-01, 2.115181e-01, 2.116731e-01, 2.138930e-01, 2.139002e-01, 2.140297e-01, 2.148710e-01, 2.162860e-01
INFO:bingo.evolutionary_optimizers.parallel_archipelago:Evolution time 0:00:28.400237	 age 120	 fitness 1.980e-01
Level 25:bingo.evolutionary_optimizers.evolutionary_optimizer:Generation: 90 	 Elapsed time: 0:05:22.447094 	 Best training fitness: 1.980360e-01 	 
Level 25:bingo.evolutionary_optimizers.evolutionary_optimizer:90, 3.224471e+02, 816704, 1.980360e-01, 1.980360e-01, 2.139959e-01, 2.162860e-01
INFO:bingo.evolutionary_optimizers.parallel_archipelago:Evolution time 0:00:46.240515	 age 130	 fitness 1.972e-01
Level 25:bingo.evolutionary_optimizers.evolutionary_optimizer:Generation: 100 	 Elapsed time: 0:06:09.082495 	 Best training fitness: 1.971821e-01 	 
Level 25:bingo.evolutionary_optimizers.evolutionary_optimizer:100, 3.690825e+02, 908418, 1.971821e-01, 1.971821e-01, 1.979341e-01, 2.056129e-01, 2.158341e-01, 2.162860e-01
INFO:bingo.evolutionary_optimizers.parallel_archipelago:Evolution time 0:00:31.358408	 age 140	 fitness 1.399e-01
Level 25:bingo.evolutionary_optimizers.evolutionary_optimizer:Generation: 110 	 Elapsed time: 0:06:40.798652 	 Best training fitness: 1.398906e-01 	 
Level 25:bingo.evolutionary_optimizers.evolutionary_optimizer:110, 4.007987e+02, 982241, 1.398906e-01, 1.398906e-01, 1.903499e-01, 2.055239e-01, 2.139596e-01, 2.157168e-01, 2.162860e-01
INFO:bingo.evolutionary_optimizers.parallel_archipelago:Evolution time 0:00:23.535357	 age 150	 fitness 1.398e-01
Level 25:bingo.evolutionary_optimizers.evolutionary_optimizer:Generation: 120 	 Elapsed time: 0:07:04.691522 	 Best training fitness: 1.398176e-01 	 
Level 25:bingo.evolutionary_optimizers.evolutionary_optimizer:120, 4.246915e+02, 1046736, 1.398176e-01, 1.398176e-01, 1.896363e-01, 1.903499e-01, 2.055215e-01, 2.139596e-01, 2.154187e-01, 2.157168e-01, 2.162860e-01
INFO:bingo.evolutionary_optimizers.parallel_archipelago:Evolution time 0:00:35.477240	 age 170	 fitness 1.398e-01
Level 25:bingo.evolutionary_optimizers.evolutionary_optimizer:Generation: 130 	 Elapsed time: 0:07:40.532011 	 Best training fitness: 1.398176e-01 	 
Level 25:bingo.evolutionary_optimizers.evolutionary_optimizer:130, 4.605320e+02, 1126309, 1.398176e-01, 1.398176e-01, 1.896139e-01, 1.903499e-01, 2.027498e-01, 2.154187e-01, 2.157168e-01, 2.162860e-01
INFO:bingo.evolutionary_optimizers.parallel_archipelago:Evolution time 0:00:28.425226	 age 180	 fitness 1.398e-01
Level 25:bingo.evolutionary_optimizers.evolutionary_optimizer:Generation: 140 	 Elapsed time: 0:08:09.365259 	 Best training fitness: 1.398021e-01 	 
Level 25:bingo.evolutionary_optimizers.evolutionary_optimizer:140, 4.893653e+02, 1196916, 1.398021e-01, 1.398021e-01, 1.398038e-01, 1.903177e-01, 2.026987e-01, 2.154187e-01, 2.157168e-01, 2.162860e-01
INFO:bingo.evolutionary_optimizers.parallel_archipelago:Evolution time 0:00:50.684016	 age 200	 fitness 1.398e-01
Level 25:bingo.evolutionary_optimizers.evolutionary_optimizer:Generation: 150 	 Elapsed time: 0:09:00.420808 	 Best training fitness: 1.397896e-01 	 
Level 25:bingo.evolutionary_optimizers.evolutionary_optimizer:150, 5.404208e+02, 1306889, 1.397896e-01, 1.397896e-01, 1.398038e-01, 1.492414e-01, 2.154187e-01, 2.157168e-01, 2.162860e-01
INFO:bingo.evolutionary_optimizers.parallel_archipelago:Evolution time 0:00:34.369623	 age 220	 fitness 1.339e-01
Level 25:bingo.evolutionary_optimizers.evolutionary_optimizer:Generation: 160 	 Elapsed time: 0:09:35.154842 	 Best training fitness: 1.339324e-01 	 
Level 25:bingo.evolutionary_optimizers.evolutionary_optimizer:160, 5.751548e+02, 1398664, 1.339324e-01, 1.339324e-01, 1.339757e-01, 1.375848e-01, 1.397113e-01, 1.397927e-01, 1.492414e-01, 2.154187e-01, 2.157168e-01, 2.162860e-01
INFO:bingo.evolutionary_optimizers.parallel_archipelago:Evolution time 0:00:20.617812	 age 230	 fitness 1.303e-01
Level 25:bingo.evolutionary_optimizers.evolutionary_optimizer:Generation: 170 	 Elapsed time: 0:09:56.182021 	 Best training fitness: 1.303232e-01 	 
Level 25:bingo.evolutionary_optimizers.evolutionary_optimizer:170, 5.961820e+02, 1467605, 1.303232e-01, 1.303232e-01, 1.375848e-01, 1.396769e-01, 1.397927e-01, 1.492414e-01, 2.154187e-01, 2.157168e-01, 2.162860e-01
INFO:bingo.evolutionary_optimizers.parallel_archipelago:Evolution time 0:00:49.862935	 age 240	 fitness 1.246e-01
Level 25:bingo.evolutionary_optimizers.evolutionary_optimizer:Generation: 180 	 Elapsed time: 0:10:46.410982 	 Best training fitness: 1.246375e-01 	 
Level 25:bingo.evolutionary_optimizers.evolutionary_optimizer:180, 6.464110e+02, 1566204, 1.246375e-01, 1.246375e-01, 1.375848e-01, 1.395877e-01, 1.396769e-01, 1.397927e-01, 1.492414e-01, 2.154187e-01, 2.157168e-01, 2.162860e-01
INFO:bingo.evolutionary_optimizers.parallel_archipelago:Evolution time 0:00:48.236446	 age 270	 fitness 1.246e-01
Level 25:bingo.evolutionary_optimizers.evolutionary_optimizer:Generation: 190 	 Elapsed time: 0:11:35.060905 	 Best training fitness: 1.246332e-01 	 
Level 25:bingo.evolutionary_optimizers.evolutionary_optimizer:190, 6.950609e+02, 1657632, 1.246332e-01, 1.246332e-01, 1.291030e-01, 1.394736e-01, 1.397927e-01, 1.492414e-01, 2.154187e-01, 2.157168e-01, 2.162860e-01
INFO:bingo.evolutionary_optimizers.parallel_archipelago:Evolution time 0:00:53.036080	 age 280	 fitness 1.233e-01
Level 25:bingo.evolutionary_optimizers.evolutionary_optimizer:Generation: 200 	 Elapsed time: 0:12:28.476445 	 Best training fitness: 1.233162e-01 	 
Level 25:bingo.evolutionary_optimizers.evolutionary_optimizer:200, 7.484764e+02, 1758391, 1.233162e-01, 1.233162e-01, 1.246352e-01, 1.290910e-01, 1.394736e-01, 1.397927e-01, 1.492414e-01, 2.154187e-01, 2.157168e-01, 2.162860e-01
INFO:bingo.evolutionary_optimizers.parallel_archipelago:Evolution time 0:01:01.205534	 age 290	 fitness 1.280e-16
Level 25:bingo.evolutionary_optimizers.evolutionary_optimizer:Generation: 210 	 Elapsed time: 0:13:30.060281 	 Best training fitness: 1.279718e-16 	 
Level 25:bingo.evolutionary_optimizers.evolutionary_optimizer:210, 8.100603e+02, 1854043, 1.279718e-16, 1.279718e-16, 2.157168e-01, 2.162860e-01
Level 25:bingo.evolutionary_optimizers.evolutionary_optimizer:Evolution successfully converged.
Level 25:bingo.evolutionary_optimizers.evolutionary_optimizer:  Absolte convergence occurred with best fitness < 1e-10
Level 25:bingo.evolutionary_optimizers.evolutionary_optimizer:Hall of Fame:
1.2797176521642916e-16	7	sin(log((X_0)(X_0) + (X_1)(X_1)))
0.21571675318700428	6	sin(sin(log(X_1)) + -2.006502)
0.21628602867610788	1	-0.933704
