Level 25:bingo.evolutionary_optimizers.evolutionary_optimizer:#generational_age, elapsed_time, fitness_evaluation_count, current_training_fitness, hall_of_fame_fitnesses
Level 25:bingo.evolutionary_optimizers.evolutionary_optimizer:#generational_age, elapsed_time, fitness_evaluation_count, current_training_fitness, hall_of_fame_fitnesses
Level 25:bingo.evolutionary_optimizers.parallel_archipelago:Saving checkpoint: src/bingo_bias_vias_decomposition/checkpoints_st_20/implicit_st_20_p6_p4_4_0.pkl
INFO:bingo.evolutionary_optimizers.parallel_archipelago:Saved successfully
Level 25:bingo.evolutionary_optimizers.evolutionary_optimizer:Generation: 0 	 Elapsed time: 0:00:04.847329 	 Best training fitness: 1.447312e-01 	 
Level 25:bingo.evolutionary_optimizers.evolutionary_optimizer:0, 4.847329e+00, 12192, 1.447312e-01
INFO:bingo.evolutionary_optimizers.parallel_archipelago:Performing migration between Islands
INFO:bingo.evolutionary_optimizers.parallel_archipelago:Evolution time 0:00:45.662880	 age 20	 fitness 1.444e-01
Level 25:bingo.evolutionary_optimizers.parallel_archipelago:Saving checkpoint: src/bingo_bias_vias_decomposition/checkpoints_st_20/implicit_st_20_p6_p4_4_10.pkl
INFO:bingo.evolutionary_optimizers.parallel_archipelago:Saved successfully
Level 25:bingo.evolutionary_optimizers.evolutionary_optimizer:Generation: 10 	 Elapsed time: 0:00:50.826831 	 Best training fitness: 1.443832e-01 	 
Level 25:bingo.evolutionary_optimizers.evolutionary_optimizer:10, 5.082683e+01, 144511, 1.443832e-01, 1.443832e-01, 1.444218e-01
INFO:bingo.evolutionary_optimizers.parallel_archipelago:Performing migration between Islands
INFO:bingo.evolutionary_optimizers.parallel_archipelago:Evolution time 0:00:44.905398	 age 30	 fitness 1.442e-01
Level 25:bingo.evolutionary_optimizers.parallel_archipelago:Saving checkpoint: src/bingo_bias_vias_decomposition/checkpoints_st_20/implicit_st_20_p6_p4_4_20.pkl
INFO:bingo.evolutionary_optimizers.parallel_archipelago:Saved successfully
Level 25:bingo.evolutionary_optimizers.evolutionary_optimizer:Generation: 20 	 Elapsed time: 0:01:36.119701 	 Best training fitness: 1.442166e-01 	 
Level 25:bingo.evolutionary_optimizers.evolutionary_optimizer:20, 9.611970e+01, 226526, 1.442166e-01, 1.442166e-01
INFO:bingo.evolutionary_optimizers.parallel_archipelago:Performing migration between Islands
INFO:bingo.evolutionary_optimizers.parallel_archipelago:Evolution time 0:00:30.783696	 age 40	 fitness 1.443e-01
Level 25:bingo.evolutionary_optimizers.parallel_archipelago:Saving checkpoint: src/bingo_bias_vias_decomposition/checkpoints_st_20/implicit_st_20_p6_p4_4_30.pkl
INFO:bingo.evolutionary_optimizers.parallel_archipelago:Saved successfully
Level 25:bingo.evolutionary_optimizers.evolutionary_optimizer:Generation: 30 	 Elapsed time: 0:02:07.250840 	 Best training fitness: 1.442827e-01 	 
Level 25:bingo.evolutionary_optimizers.evolutionary_optimizer:30, 1.272508e+02, 305029, 1.442827e-01, 1.442166e-01
INFO:bingo.evolutionary_optimizers.parallel_archipelago:Performing migration between Islands
INFO:bingo.evolutionary_optimizers.parallel_archipelago:Evolution time 0:00:49.680639	 age 50	 fitness 1.443e-01
Level 25:bingo.evolutionary_optimizers.parallel_archipelago:Saving checkpoint: src/bingo_bias_vias_decomposition/checkpoints_st_20/implicit_st_20_p6_p4_4_40.pkl
INFO:bingo.evolutionary_optimizers.parallel_archipelago:Saved successfully
Level 25:bingo.evolutionary_optimizers.evolutionary_optimizer:Generation: 40 	 Elapsed time: 0:02:57.288818 	 Best training fitness: 1.442987e-01 	 
Level 25:bingo.evolutionary_optimizers.evolutionary_optimizer:40, 1.772888e+02, 415842, 1.442987e-01, 1.442166e-01
INFO:bingo.evolutionary_optimizers.parallel_archipelago:Performing migration between Islands
INFO:bingo.evolutionary_optimizers.parallel_archipelago:Evolution time 0:00:32.783058	 age 60	 fitness 1.439e-01
Level 25:bingo.evolutionary_optimizers.parallel_archipelago:Saving checkpoint: src/bingo_bias_vias_decomposition/checkpoints_st_20/implicit_st_20_p6_p4_4_50.pkl
INFO:bingo.evolutionary_optimizers.parallel_archipelago:Saved successfully
Level 25:bingo.evolutionary_optimizers.evolutionary_optimizer:Generation: 50 	 Elapsed time: 0:03:30.426417 	 Best training fitness: 1.439324e-01 	 
Level 25:bingo.evolutionary_optimizers.evolutionary_optimizer:50, 2.104264e+02, 490213, 1.439324e-01, 1.439324e-01, 1.442166e-01
INFO:bingo.evolutionary_optimizers.parallel_archipelago:Performing migration between Islands
INFO:bingo.evolutionary_optimizers.parallel_archipelago:Evolution time 0:00:32.769023	 age 70	 fitness 1.439e-01
Level 25:bingo.evolutionary_optimizers.parallel_archipelago:Saving checkpoint: src/bingo_bias_vias_decomposition/checkpoints_st_20/implicit_st_20_p6_p4_4_60.pkl
INFO:bingo.evolutionary_optimizers.parallel_archipelago:Saved successfully
Level 25:bingo.evolutionary_optimizers.evolutionary_optimizer:Generation: 60 	 Elapsed time: 0:04:03.561857 	 Best training fitness: 1.438855e-01 	 
Level 25:bingo.evolutionary_optimizers.evolutionary_optimizer:60, 2.435619e+02, 558067, 1.438855e-01, 1.438855e-01, 1.442166e-01
INFO:bingo.evolutionary_optimizers.parallel_archipelago:Performing migration between Islands
INFO:bingo.evolutionary_optimizers.parallel_archipelago:Evolution time 0:00:47.973612	 age 80	 fitness 1.435e-01
Level 25:bingo.evolutionary_optimizers.parallel_archipelago:Saving checkpoint: src/bingo_bias_vias_decomposition/checkpoints_st_20/implicit_st_20_p6_p4_4_70.pkl
INFO:bingo.evolutionary_optimizers.parallel_archipelago:Saved successfully
Level 25:bingo.evolutionary_optimizers.evolutionary_optimizer:Generation: 70 	 Elapsed time: 0:04:51.894428 	 Best training fitness: 1.434562e-01 	 
Level 25:bingo.evolutionary_optimizers.evolutionary_optimizer:70, 2.918944e+02, 656574, 1.434562e-01, 1.434562e-01, 1.436659e-01, 1.442166e-01
INFO:bingo.evolutionary_optimizers.parallel_archipelago:Performing migration between Islands
INFO:bingo.evolutionary_optimizers.parallel_archipelago:Evolution time 0:00:28.576603	 age 90	 fitness 1.430e-01
Level 25:bingo.evolutionary_optimizers.parallel_archipelago:Saving checkpoint: src/bingo_bias_vias_decomposition/checkpoints_st_20/implicit_st_20_p6_p4_4_80.pkl
INFO:bingo.evolutionary_optimizers.parallel_archipelago:Saved successfully
Level 25:bingo.evolutionary_optimizers.evolutionary_optimizer:Generation: 80 	 Elapsed time: 0:05:20.835455 	 Best training fitness: 1.430016e-01 	 
Level 25:bingo.evolutionary_optimizers.evolutionary_optimizer:80, 3.208355e+02, 736625, 1.430016e-01, 1.430016e-01, 1.436659e-01, 1.442166e-01
INFO:bingo.evolutionary_optimizers.parallel_archipelago:Performing migration between Islands
INFO:bingo.evolutionary_optimizers.parallel_archipelago:Evolution time 0:00:39.795500	 age 100	 fitness 1.428e-01
Level 25:bingo.evolutionary_optimizers.parallel_archipelago:Saving checkpoint: src/bingo_bias_vias_decomposition/checkpoints_st_20/implicit_st_20_p6_p4_4_90.pkl
INFO:bingo.evolutionary_optimizers.parallel_archipelago:Saved successfully
Level 25:bingo.evolutionary_optimizers.evolutionary_optimizer:Generation: 90 	 Elapsed time: 0:06:01.000571 	 Best training fitness: 1.427672e-01 	 
Level 25:bingo.evolutionary_optimizers.evolutionary_optimizer:90, 3.610006e+02, 819875, 1.427672e-01, 1.427672e-01, 1.427702e-01, 1.442166e-01
INFO:bingo.evolutionary_optimizers.parallel_archipelago:Performing migration between Islands
INFO:bingo.evolutionary_optimizers.parallel_archipelago:Evolution time 0:00:24.229380	 age 110	 fitness 1.218e-01
Level 25:bingo.evolutionary_optimizers.parallel_archipelago:Saving checkpoint: src/bingo_bias_vias_decomposition/checkpoints_st_20/implicit_st_20_p6_p4_4_100.pkl
INFO:bingo.evolutionary_optimizers.parallel_archipelago:Saved successfully
Level 25:bingo.evolutionary_optimizers.evolutionary_optimizer:Generation: 100 	 Elapsed time: 0:06:25.592082 	 Best training fitness: 1.217728e-01 	 
Level 25:bingo.evolutionary_optimizers.evolutionary_optimizer:100, 3.855921e+02, 882320, 1.217728e-01, 1.217728e-01, 1.442166e-01
INFO:bingo.evolutionary_optimizers.parallel_archipelago:Performing migration between Islands
INFO:bingo.evolutionary_optimizers.parallel_archipelago:Evolution time 0:00:29.908811	 age 120	 fitness 9.603e-02
Level 25:bingo.evolutionary_optimizers.parallel_archipelago:Saving checkpoint: src/bingo_bias_vias_decomposition/checkpoints_st_20/implicit_st_20_p6_p4_4_110.pkl
INFO:bingo.evolutionary_optimizers.parallel_archipelago:Saved successfully
Level 25:bingo.evolutionary_optimizers.evolutionary_optimizer:Generation: 110 	 Elapsed time: 0:06:55.875477 	 Best training fitness: 9.602509e-02 	 
Level 25:bingo.evolutionary_optimizers.evolutionary_optimizer:110, 4.158755e+02, 963961, 9.602509e-02, 9.602509e-02, 1.181450e-01, 1.217292e-01, 1.442166e-01
INFO:bingo.evolutionary_optimizers.parallel_archipelago:Performing migration between Islands
INFO:bingo.evolutionary_optimizers.parallel_archipelago:Evolution time 0:00:28.606393	 age 130	 fitness 9.613e-02
Level 25:bingo.evolutionary_optimizers.parallel_archipelago:Saving checkpoint: src/bingo_bias_vias_decomposition/checkpoints_st_20/implicit_st_20_p6_p4_4_120.pkl
INFO:bingo.evolutionary_optimizers.parallel_archipelago:Saved successfully
Level 25:bingo.evolutionary_optimizers.evolutionary_optimizer:Generation: 120 	 Elapsed time: 0:07:24.824755 	 Best training fitness: 9.612824e-02 	 
Level 25:bingo.evolutionary_optimizers.evolutionary_optimizer:120, 4.448248e+02, 1033091, 9.612824e-02, 9.602509e-02, 9.623271e-02, 1.194189e-01, 1.442166e-01
INFO:bingo.evolutionary_optimizers.parallel_archipelago:Performing migration between Islands
INFO:bingo.evolutionary_optimizers.parallel_archipelago:Evolution time 0:00:25.376224	 age 140	 fitness 9.606e-02
Level 25:bingo.evolutionary_optimizers.parallel_archipelago:Saving checkpoint: src/bingo_bias_vias_decomposition/checkpoints_st_20/implicit_st_20_p6_p4_4_130.pkl
INFO:bingo.evolutionary_optimizers.parallel_archipelago:Saved successfully
Level 25:bingo.evolutionary_optimizers.evolutionary_optimizer:Generation: 130 	 Elapsed time: 0:07:50.563880 	 Best training fitness: 9.606435e-02 	 
Level 25:bingo.evolutionary_optimizers.evolutionary_optimizer:130, 4.705639e+02, 1100697, 9.606435e-02, 9.602509e-02, 9.608608e-02, 1.171370e-01, 1.189059e-01, 1.442166e-01
INFO:bingo.evolutionary_optimizers.parallel_archipelago:Performing migration between Islands
INFO:bingo.evolutionary_optimizers.parallel_archipelago:Evolution time 0:00:39.393239	 age 150	 fitness 9.600e-02
Level 25:bingo.evolutionary_optimizers.parallel_archipelago:Saving checkpoint: src/bingo_bias_vias_decomposition/checkpoints_st_20/implicit_st_20_p6_p4_4_140.pkl
INFO:bingo.evolutionary_optimizers.parallel_archipelago:Saved successfully
Level 25:bingo.evolutionary_optimizers.evolutionary_optimizer:Generation: 140 	 Elapsed time: 0:08:30.318415 	 Best training fitness: 9.599559e-02 	 
Level 25:bingo.evolutionary_optimizers.evolutionary_optimizer:140, 5.103184e+02, 1183349, 9.599559e-02, 9.599559e-02, 9.608608e-02, 1.170121e-01, 1.189059e-01, 1.442166e-01
INFO:bingo.evolutionary_optimizers.parallel_archipelago:Performing migration between Islands
INFO:bingo.evolutionary_optimizers.parallel_archipelago:Evolution time 0:00:30.178286	 age 160	 fitness 9.598e-02
Level 25:bingo.evolutionary_optimizers.parallel_archipelago:Saving checkpoint: src/bingo_bias_vias_decomposition/checkpoints_st_20/implicit_st_20_p6_p4_4_150.pkl
INFO:bingo.evolutionary_optimizers.parallel_archipelago:Saved successfully
Level 25:bingo.evolutionary_optimizers.evolutionary_optimizer:Generation: 150 	 Elapsed time: 0:09:00.835358 	 Best training fitness: 9.597916e-02 	 
Level 25:bingo.evolutionary_optimizers.evolutionary_optimizer:150, 5.408354e+02, 1253537, 9.597916e-02, 9.597916e-02, 9.602537e-02, 9.626144e-02, 1.189059e-01, 1.442166e-01
INFO:bingo.evolutionary_optimizers.parallel_archipelago:Performing migration between Islands
INFO:bingo.evolutionary_optimizers.parallel_archipelago:Evolution time 0:00:30.642412	 age 170	 fitness 9.491e-02
Level 25:bingo.evolutionary_optimizers.parallel_archipelago:Saving checkpoint: src/bingo_bias_vias_decomposition/checkpoints_st_20/implicit_st_20_p6_p4_4_160.pkl
INFO:bingo.evolutionary_optimizers.parallel_archipelago:Saved successfully
Level 25:bingo.evolutionary_optimizers.evolutionary_optimizer:Generation: 160 	 Elapsed time: 0:09:31.927319 	 Best training fitness: 9.490561e-02 	 
Level 25:bingo.evolutionary_optimizers.evolutionary_optimizer:160, 5.719273e+02, 1328412, 9.490561e-02, 9.490561e-02, 9.597916e-02, 9.602265e-02, 9.626144e-02, 1.178099e-01, 1.189059e-01, 1.442166e-01
INFO:bingo.evolutionary_optimizers.parallel_archipelago:Performing migration between Islands
INFO:bingo.evolutionary_optimizers.parallel_archipelago:Evolution time 0:00:33.047659	 age 180	 fitness 7.908e-02
Level 25:bingo.evolutionary_optimizers.parallel_archipelago:Saving checkpoint: src/bingo_bias_vias_decomposition/checkpoints_st_20/implicit_st_20_p6_p4_4_170.pkl
INFO:bingo.evolutionary_optimizers.parallel_archipelago:Saved successfully
Level 25:bingo.evolutionary_optimizers.evolutionary_optimizer:Generation: 170 	 Elapsed time: 0:10:05.327852 	 Best training fitness: 7.907633e-02 	 
Level 25:bingo.evolutionary_optimizers.evolutionary_optimizer:170, 6.053279e+02, 1402587, 7.907633e-02, 7.907633e-02, 9.626144e-02, 1.178099e-01, 1.189059e-01, 1.442166e-01
INFO:bingo.evolutionary_optimizers.parallel_archipelago:Performing migration between Islands
INFO:bingo.evolutionary_optimizers.parallel_archipelago:Evolution time 0:00:45.216159	 age 190	 fitness 7.908e-02
Level 25:bingo.evolutionary_optimizers.parallel_archipelago:Saving checkpoint: src/bingo_bias_vias_decomposition/checkpoints_st_20/implicit_st_20_p6_p4_4_180.pkl
INFO:bingo.evolutionary_optimizers.parallel_archipelago:Saved successfully
Level 25:bingo.evolutionary_optimizers.evolutionary_optimizer:Generation: 180 	 Elapsed time: 0:10:50.901868 	 Best training fitness: 7.907829e-02 	 
Level 25:bingo.evolutionary_optimizers.evolutionary_optimizer:180, 6.509019e+02, 1486659, 7.907829e-02, 7.907633e-02, 7.935615e-02, 1.178099e-01, 1.189059e-01, 1.442166e-01
INFO:bingo.evolutionary_optimizers.parallel_archipelago:Performing migration between Islands
INFO:bingo.evolutionary_optimizers.parallel_archipelago:Evolution time 0:00:27.481416	 age 200	 fitness 7.315e-02
Level 25:bingo.evolutionary_optimizers.parallel_archipelago:Saving checkpoint: src/bingo_bias_vias_decomposition/checkpoints_st_20/implicit_st_20_p6_p4_4_190.pkl
INFO:bingo.evolutionary_optimizers.parallel_archipelago:Saved successfully
Level 25:bingo.evolutionary_optimizers.evolutionary_optimizer:Generation: 190 	 Elapsed time: 0:11:18.738429 	 Best training fitness: 7.314928e-02 	 
Level 25:bingo.evolutionary_optimizers.evolutionary_optimizer:190, 6.787384e+02, 1559723, 7.314928e-02, 7.314928e-02, 1.178099e-01, 1.189059e-01, 1.442166e-01
INFO:bingo.evolutionary_optimizers.parallel_archipelago:Performing migration between Islands
INFO:bingo.evolutionary_optimizers.parallel_archipelago:Evolution time 0:00:39.864583	 age 210	 fitness 7.283e-02
Level 25:bingo.evolutionary_optimizers.parallel_archipelago:Saving checkpoint: src/bingo_bias_vias_decomposition/checkpoints_st_20/implicit_st_20_p6_p4_4_200.pkl
INFO:bingo.evolutionary_optimizers.parallel_archipelago:Saved successfully
Level 25:bingo.evolutionary_optimizers.evolutionary_optimizer:Generation: 200 	 Elapsed time: 0:11:58.965989 	 Best training fitness: 7.282739e-02 	 
Level 25:bingo.evolutionary_optimizers.evolutionary_optimizer:200, 7.189660e+02, 1648179, 7.282739e-02, 7.282739e-02, 7.283588e-02, 1.178099e-01, 1.189059e-01, 1.442166e-01
INFO:bingo.evolutionary_optimizers.parallel_archipelago:Performing migration between Islands
INFO:bingo.evolutionary_optimizers.parallel_archipelago:Evolution time 0:00:36.928557	 age 220	 fitness 7.261e-02
Level 25:bingo.evolutionary_optimizers.parallel_archipelago:Saving checkpoint: src/bingo_bias_vias_decomposition/checkpoints_st_20/implicit_st_20_p6_p4_4_210.pkl
INFO:bingo.evolutionary_optimizers.parallel_archipelago:Saved successfully
Level 25:bingo.evolutionary_optimizers.evolutionary_optimizer:Generation: 210 	 Elapsed time: 0:12:36.233144 	 Best training fitness: 7.260915e-02 	 
Level 25:bingo.evolutionary_optimizers.evolutionary_optimizer:210, 7.562331e+02, 1749617, 7.260915e-02, 7.260915e-02, 7.278969e-02, 1.178099e-01, 1.189059e-01, 1.442166e-01
INFO:bingo.evolutionary_optimizers.parallel_archipelago:Performing migration between Islands
INFO:bingo.evolutionary_optimizers.parallel_archipelago:Evolution time 0:00:50.862796	 age 230	 fitness 7.214e-02
Level 25:bingo.evolutionary_optimizers.parallel_archipelago:Saving checkpoint: src/bingo_bias_vias_decomposition/checkpoints_st_20/implicit_st_20_p6_p4_4_220.pkl
INFO:bingo.evolutionary_optimizers.parallel_archipelago:Saved successfully
Level 25:bingo.evolutionary_optimizers.evolutionary_optimizer:Generation: 220 	 Elapsed time: 0:13:27.428202 	 Best training fitness: 7.214074e-02 	 
Level 25:bingo.evolutionary_optimizers.evolutionary_optimizer:220, 8.074282e+02, 1853730, 7.214074e-02, 7.214074e-02, 7.278969e-02, 1.178099e-01, 1.189059e-01, 1.442166e-01
INFO:bingo.evolutionary_optimizers.parallel_archipelago:Performing migration between Islands
INFO:bingo.evolutionary_optimizers.parallel_archipelago:Evolution time 0:00:41.027390	 age 240	 fitness 7.202e-02
Level 25:bingo.evolutionary_optimizers.parallel_archipelago:Saving checkpoint: src/bingo_bias_vias_decomposition/checkpoints_st_20/implicit_st_20_p6_p4_4_230.pkl
INFO:bingo.evolutionary_optimizers.parallel_archipelago:Saved successfully
Level 25:bingo.evolutionary_optimizers.evolutionary_optimizer:Generation: 230 	 Elapsed time: 0:14:08.839534 	 Best training fitness: 7.201832e-02 	 
Level 25:bingo.evolutionary_optimizers.evolutionary_optimizer:230, 8.488395e+02, 1947070, 7.201832e-02, 7.201832e-02, 7.278969e-02, 1.178099e-01, 1.189059e-01, 1.442166e-01
INFO:bingo.evolutionary_optimizers.parallel_archipelago:Performing migration between Islands
INFO:bingo.evolutionary_optimizers.parallel_archipelago:Evolution time 0:00:39.635897	 age 250	 fitness 7.202e-02
Level 25:bingo.evolutionary_optimizers.parallel_archipelago:Saving checkpoint: src/bingo_bias_vias_decomposition/checkpoints_st_20/implicit_st_20_p6_p4_4_240.pkl
INFO:bingo.evolutionary_optimizers.parallel_archipelago:Saved successfully
Level 25:bingo.evolutionary_optimizers.evolutionary_optimizer:Generation: 240 	 Elapsed time: 0:14:48.808576 	 Best training fitness: 7.201832e-02 	 
Level 25:bingo.evolutionary_optimizers.evolutionary_optimizer:240, 8.888086e+02, 2031433, 7.201832e-02, 7.201832e-02, 7.205608e-02, 7.278678e-02, 1.178099e-01, 1.189059e-01, 1.442166e-01
INFO:bingo.evolutionary_optimizers.parallel_archipelago:Performing migration between Islands
INFO:bingo.evolutionary_optimizers.parallel_archipelago:Evolution time 0:01:00.954738	 age 260	 fitness 7.196e-02
Level 25:bingo.evolutionary_optimizers.parallel_archipelago:Saving checkpoint: src/bingo_bias_vias_decomposition/checkpoints_st_20/implicit_st_20_p6_p4_4_250.pkl
INFO:bingo.evolutionary_optimizers.parallel_archipelago:Saved successfully
Level 25:bingo.evolutionary_optimizers.evolutionary_optimizer:Generation: 250 	 Elapsed time: 0:15:50.111435 	 Best training fitness: 7.196130e-02 	 
Level 25:bingo.evolutionary_optimizers.evolutionary_optimizer:250, 9.501114e+02, 2167388, 7.196130e-02, 7.196130e-02, 7.197106e-02, 7.205608e-02, 7.278678e-02, 1.178099e-01, 1.189059e-01, 1.442166e-01
INFO:bingo.evolutionary_optimizers.parallel_archipelago:Performing migration between Islands
INFO:bingo.evolutionary_optimizers.parallel_archipelago:Evolution time 0:01:00.365957	 age 270	 fitness 7.140e-02
Level 25:bingo.evolutionary_optimizers.parallel_archipelago:Saving checkpoint: src/bingo_bias_vias_decomposition/checkpoints_st_20/implicit_st_20_p6_p4_4_260.pkl
INFO:bingo.evolutionary_optimizers.parallel_archipelago:Saved successfully
Level 25:bingo.evolutionary_optimizers.evolutionary_optimizer:Generation: 260 	 Elapsed time: 0:16:50.821876 	 Best training fitness: 7.140170e-02 	 
Level 25:bingo.evolutionary_optimizers.evolutionary_optimizer:260, 1.010822e+03, 2277405, 7.140170e-02, 7.140170e-02, 7.205608e-02, 7.278678e-02, 1.178099e-01, 1.189059e-01, 1.442166e-01
INFO:bingo.evolutionary_optimizers.parallel_archipelago:Performing migration between Islands
INFO:bingo.evolutionary_optimizers.parallel_archipelago:Evolution time 0:00:48.862600	 age 280	 fitness 8.531e-17
Level 25:bingo.evolutionary_optimizers.parallel_archipelago:Saving checkpoint: src/bingo_bias_vias_decomposition/checkpoints_st_20/implicit_st_20_p6_p4_4_270.pkl
INFO:bingo.evolutionary_optimizers.parallel_archipelago:Saved successfully
Level 25:bingo.evolutionary_optimizers.evolutionary_optimizer:Generation: 270 	 Elapsed time: 0:17:40.023628 	 Best training fitness: 8.531451e-17 	 
Level 25:bingo.evolutionary_optimizers.evolutionary_optimizer:270, 1.060024e+03, 2401507, 8.531451e-17, 8.531451e-17, 1.442166e-01
Level 25:bingo.evolutionary_optimizers.evolutionary_optimizer:Evolution successfully converged.
Level 25:bingo.evolutionary_optimizers.evolutionary_optimizer:  Absolte convergence occurred with best fitness < 1e-10
Level 25:bingo.evolutionary_optimizers.evolutionary_optimizer:Hall of Fame:
8.53145101442861e-17	7	sin(log((X_1)(X_1) + (X_0)(X_0)))
0.1442165598153385	1	-0.934156
