Level 25:bingo.evolutionary_optimizers.evolutionary_optimizer:#generational_age, elapsed_time, fitness_evaluation_count, current_training_fitness, hall_of_fame_fitnesses
Level 25:bingo.evolutionary_optimizers.evolutionary_optimizer:#generational_age, elapsed_time, fitness_evaluation_count, current_training_fitness, hall_of_fame_fitnesses
Level 25:bingo.evolutionary_optimizers.evolutionary_optimizer:Generation: 0 	 Elapsed time: 0:00:04.842499 	 Best training fitness: 1.924616e-01 	 
Level 25:bingo.evolutionary_optimizers.evolutionary_optimizer:0, 4.842499e+00, 14319, 1.924616e-01
INFO:bingo.evolutionary_optimizers.parallel_archipelago:Evolution time 0:00:45.246734	 age 30	 fitness 1.923e-01
Level 25:bingo.evolutionary_optimizers.evolutionary_optimizer:Generation: 10 	 Elapsed time: 0:00:50.421546 	 Best training fitness: 1.923420e-01 	 
Level 25:bingo.evolutionary_optimizers.evolutionary_optimizer:10, 5.042155e+01, 111255, 1.923420e-01, 1.923420e-01, 1.923636e-01
INFO:bingo.evolutionary_optimizers.parallel_archipelago:Evolution time 0:00:28.114543	 age 40	 fitness 1.923e-01
Level 25:bingo.evolutionary_optimizers.evolutionary_optimizer:Generation: 20 	 Elapsed time: 0:01:18.878114 	 Best training fitness: 1.923354e-01 	 
Level 25:bingo.evolutionary_optimizers.evolutionary_optimizer:20, 7.887811e+01, 182570, 1.923354e-01, 1.923354e-01, 1.923411e-01
INFO:bingo.evolutionary_optimizers.parallel_archipelago:Evolution time 0:00:35.428416	 age 60	 fitness 1.913e-01
Level 25:bingo.evolutionary_optimizers.evolutionary_optimizer:Generation: 30 	 Elapsed time: 0:01:54.698568 	 Best training fitness: 1.913317e-01 	 
Level 25:bingo.evolutionary_optimizers.evolutionary_optimizer:30, 1.146986e+02, 269533, 1.913317e-01, 1.913317e-01, 1.922840e-01, 1.923411e-01
INFO:bingo.evolutionary_optimizers.parallel_archipelago:Evolution time 0:00:49.567319	 age 80	 fitness 1.911e-01
Level 25:bingo.evolutionary_optimizers.evolutionary_optimizer:Generation: 40 	 Elapsed time: 0:02:44.630556 	 Best training fitness: 1.911342e-01 	 
Level 25:bingo.evolutionary_optimizers.evolutionary_optimizer:40, 1.646306e+02, 367307, 1.911342e-01, 1.911342e-01, 1.922840e-01, 1.923411e-01
INFO:bingo.evolutionary_optimizers.parallel_archipelago:Evolution time 0:00:33.669008	 age 90	 fitness 1.912e-01
Level 25:bingo.evolutionary_optimizers.evolutionary_optimizer:Generation: 50 	 Elapsed time: 0:03:18.662249 	 Best training fitness: 1.911770e-01 	 
Level 25:bingo.evolutionary_optimizers.evolutionary_optimizer:50, 1.986622e+02, 451175, 1.911770e-01, 1.911342e-01, 1.922840e-01, 1.923411e-01
INFO:bingo.evolutionary_optimizers.parallel_archipelago:Evolution time 0:00:54.237997	 age 100	 fitness 1.903e-01
Level 25:bingo.evolutionary_optimizers.evolutionary_optimizer:Generation: 60 	 Elapsed time: 0:04:13.263918 	 Best training fitness: 1.902801e-01 	 
Level 25:bingo.evolutionary_optimizers.evolutionary_optimizer:60, 2.532639e+02, 538642, 1.902801e-01, 1.902801e-01, 1.907454e-01, 1.908368e-01, 1.919071e-01, 1.922840e-01, 1.923103e-01
INFO:bingo.evolutionary_optimizers.parallel_archipelago:Evolution time 0:00:52.760105	 age 110	 fitness 1.891e-01
Level 25:bingo.evolutionary_optimizers.evolutionary_optimizer:Generation: 70 	 Elapsed time: 0:05:06.388454 	 Best training fitness: 1.891347e-01 	 
Level 25:bingo.evolutionary_optimizers.evolutionary_optimizer:70, 3.063885e+02, 621716, 1.891347e-01, 1.891347e-01, 1.901866e-01, 1.907454e-01, 1.908010e-01, 1.919071e-01, 1.922767e-01, 1.923103e-01
INFO:bingo.evolutionary_optimizers.parallel_archipelago:Evolution time 0:00:44.729013	 age 130	 fitness 1.821e-01
Level 25:bingo.evolutionary_optimizers.evolutionary_optimizer:Generation: 80 	 Elapsed time: 0:05:51.529783 	 Best training fitness: 1.820619e-01 	 
Level 25:bingo.evolutionary_optimizers.evolutionary_optimizer:80, 3.515298e+02, 724253, 1.820619e-01, 1.820619e-01, 1.842434e-01, 1.908010e-01, 1.919071e-01, 1.922767e-01, 1.923099e-01
INFO:bingo.evolutionary_optimizers.parallel_archipelago:Evolution time 0:00:55.709053	 age 170	 fitness 1.374e-01
Level 25:bingo.evolutionary_optimizers.evolutionary_optimizer:Generation: 90 	 Elapsed time: 0:06:47.608666 	 Best training fitness: 1.374361e-01 	 
Level 25:bingo.evolutionary_optimizers.evolutionary_optimizer:90, 4.076087e+02, 828445, 1.374361e-01, 1.374361e-01, 1.609281e-01, 1.636254e-01, 1.893829e-01, 1.908010e-01, 1.918738e-01, 1.922767e-01, 1.922960e-01
INFO:bingo.evolutionary_optimizers.parallel_archipelago:Evolution time 0:00:53.379708	 age 210	 fitness 7.811e-02
Level 25:bingo.evolutionary_optimizers.evolutionary_optimizer:Generation: 100 	 Elapsed time: 0:07:41.453192 	 Best training fitness: 7.811412e-02 	 
Level 25:bingo.evolutionary_optimizers.evolutionary_optimizer:100, 4.614532e+02, 922044, 7.811412e-02, 7.811412e-02, 1.299436e-01, 1.299471e-01, 1.636254e-01, 1.893829e-01, 1.908010e-01, 1.918738e-01, 1.922767e-01, 1.922960e-01
INFO:bingo.evolutionary_optimizers.parallel_archipelago:Evolution time 0:01:14.313015	 age 220	 fitness 7.811e-02
Level 25:bingo.evolutionary_optimizers.evolutionary_optimizer:Generation: 110 	 Elapsed time: 0:08:56.144021 	 Best training fitness: 7.810596e-02 	 
Level 25:bingo.evolutionary_optimizers.evolutionary_optimizer:110, 5.361440e+02, 1044581, 7.810596e-02, 7.810596e-02, 1.299436e-01, 1.299471e-01, 1.636254e-01, 1.893829e-01, 1.908010e-01, 1.918738e-01, 1.922767e-01, 1.922960e-01
INFO:bingo.evolutionary_optimizers.parallel_archipelago:Evolution time 0:00:40.432680	 age 240	 fitness 7.809e-02
Level 25:bingo.evolutionary_optimizers.evolutionary_optimizer:Generation: 120 	 Elapsed time: 0:09:36.954185 	 Best training fitness: 7.809104e-02 	 
Level 25:bingo.evolutionary_optimizers.evolutionary_optimizer:120, 5.769542e+02, 1144230, 7.809104e-02, 7.809104e-02, 1.299351e-01, 1.636250e-01, 1.893829e-01, 1.908010e-01, 1.918738e-01, 1.922767e-01, 1.922960e-01
INFO:bingo.evolutionary_optimizers.parallel_archipelago:Evolution time 0:00:59.950061	 age 270	 fitness 7.810e-02
Level 25:bingo.evolutionary_optimizers.evolutionary_optimizer:Generation: 130 	 Elapsed time: 0:10:37.284101 	 Best training fitness: 7.809515e-02 	 
Level 25:bingo.evolutionary_optimizers.evolutionary_optimizer:130, 6.372841e+02, 1279447, 7.809515e-02, 7.809104e-02, 1.166547e-01, 1.184852e-01, 1.636250e-01, 1.893829e-01, 1.908010e-01, 1.918738e-01, 1.922767e-01, 1.922960e-01
INFO:bingo.evolutionary_optimizers.parallel_archipelago:Evolution time 0:00:59.935903	 age 290	 fitness 7.773e-02
Level 25:bingo.evolutionary_optimizers.evolutionary_optimizer:Generation: 140 	 Elapsed time: 0:11:37.599470 	 Best training fitness: 7.773183e-02 	 
Level 25:bingo.evolutionary_optimizers.evolutionary_optimizer:140, 6.975995e+02, 1408490, 7.773183e-02, 7.773183e-02, 7.809104e-02, 1.166123e-01, 1.184852e-01, 1.636250e-01, 1.893829e-01, 1.908010e-01, 1.918738e-01, 1.922767e-01, 1.922960e-01
INFO:bingo.evolutionary_optimizers.parallel_archipelago:Evolution time 0:01:10.555142	 age 300	 fitness 7.770e-02
Level 25:bingo.evolutionary_optimizers.evolutionary_optimizer:Generation: 150 	 Elapsed time: 0:12:48.532991 	 Best training fitness: 7.770332e-02 	 
Level 25:bingo.evolutionary_optimizers.evolutionary_optimizer:150, 7.685330e+02, 1512625, 7.770332e-02, 7.770332e-02, 7.809104e-02, 1.166062e-01, 1.184852e-01, 1.636060e-01, 1.838889e-01, 1.908010e-01, 1.918738e-01, 1.922767e-01, 1.922960e-01
INFO:bingo.evolutionary_optimizers.parallel_archipelago:Evolution time 0:00:57.168494	 age 310	 fitness 7.770e-02
Level 25:bingo.evolutionary_optimizers.evolutionary_optimizer:Generation: 160 	 Elapsed time: 0:13:46.111294 	 Best training fitness: 7.770332e-02 	 
Level 25:bingo.evolutionary_optimizers.evolutionary_optimizer:160, 8.261113e+02, 1609402, 7.770332e-02, 7.770332e-02, 7.808447e-02, 1.165815e-01, 1.184852e-01, 1.636060e-01, 1.838889e-01, 1.908010e-01, 1.918738e-01, 1.922767e-01, 1.922960e-01
INFO:bingo.evolutionary_optimizers.parallel_archipelago:Evolution time 0:00:55.752312	 age 340	 fitness 7.770e-02
Level 25:bingo.evolutionary_optimizers.evolutionary_optimizer:Generation: 170 	 Elapsed time: 0:14:42.281517 	 Best training fitness: 7.770332e-02 	 
Level 25:bingo.evolutionary_optimizers.evolutionary_optimizer:170, 8.822815e+02, 1728560, 7.770332e-02, 7.770332e-02, 7.775517e-02, 8.667982e-02, 1.636060e-01, 1.838889e-01, 1.908010e-01, 1.918738e-01, 1.922767e-01, 1.922944e-01
INFO:bingo.evolutionary_optimizers.parallel_archipelago:Evolution time 0:00:34.211746	 age 350	 fitness 7.767e-02
Level 25:bingo.evolutionary_optimizers.evolutionary_optimizer:Generation: 180 	 Elapsed time: 0:15:16.863054 	 Best training fitness: 7.767173e-02 	 
Level 25:bingo.evolutionary_optimizers.evolutionary_optimizer:180, 9.168631e+02, 1825736, 7.767173e-02, 7.767173e-02, 8.667982e-02, 1.636060e-01, 1.838889e-01, 1.908010e-01, 1.918738e-01, 1.922767e-01, 1.922944e-01
INFO:bingo.evolutionary_optimizers.parallel_archipelago:Evolution time 0:00:39.487318	 age 360	 fitness 7.767e-02
Level 25:bingo.evolutionary_optimizers.evolutionary_optimizer:Generation: 190 	 Elapsed time: 0:15:56.715610 	 Best training fitness: 7.767173e-02 	 
Level 25:bingo.evolutionary_optimizers.evolutionary_optimizer:190, 9.567156e+02, 1948177, 7.767173e-02, 7.767173e-02, 8.664586e-02, 1.636060e-01, 1.838889e-01, 1.908010e-01, 1.918738e-01, 1.922767e-01, 1.922944e-01
INFO:bingo.evolutionary_optimizers.parallel_archipelago:Evolution time 0:01:01.436553	 age 370	 fitness 7.767e-02
Level 25:bingo.evolutionary_optimizers.evolutionary_optimizer:Generation: 200 	 Elapsed time: 0:16:58.519973 	 Best training fitness: 7.767173e-02 	 
Level 25:bingo.evolutionary_optimizers.evolutionary_optimizer:200, 1.018520e+03, 2133820, 7.767173e-02, 7.767173e-02, 8.664074e-02, 8.665551e-02, 1.838889e-01, 1.908010e-01, 1.918738e-01, 1.922767e-01, 1.922944e-01
INFO:bingo.evolutionary_optimizers.parallel_archipelago:Evolution time 0:00:45.841784	 age 380	 fitness 1.138e-16
Level 25:bingo.evolutionary_optimizers.evolutionary_optimizer:Generation: 210 	 Elapsed time: 0:17:44.730786 	 Best training fitness: 1.137527e-16 	 
Level 25:bingo.evolutionary_optimizers.evolutionary_optimizer:210, 1.064731e+03, 2298302, 1.137527e-16, 1.137527e-16, 1.922767e-01, 1.922944e-01
Level 25:bingo.evolutionary_optimizers.evolutionary_optimizer:Evolution successfully converged.
Level 25:bingo.evolutionary_optimizers.evolutionary_optimizer:  Absolte convergence occurred with best fitness < 1e-10
Level 25:bingo.evolutionary_optimizers.evolutionary_optimizer:Hall of Fame:
1.137526801923815e-16	7	sin(log((X_0)(X_0) + (X_1)(X_1)))
0.19227668253511307	2	sin(-1.203962)
0.1922944384059973	1	-0.933196
