Level 25:bingo.evolutionary_optimizers.evolutionary_optimizer:#generational_age, elapsed_time, fitness_evaluation_count, current_training_fitness, hall_of_fame_fitnesses
Level 25:bingo.evolutionary_optimizers.evolutionary_optimizer:#generational_age, elapsed_time, fitness_evaluation_count, current_training_fitness, hall_of_fame_fitnesses
Level 25:bingo.evolutionary_optimizers.evolutionary_optimizer:Generation: 0 	 Elapsed time: 0:00:03.102846 	 Best training fitness: 1.448003e-01 	 
Level 25:bingo.evolutionary_optimizers.evolutionary_optimizer:0, 3.102846e+00, 14456, 1.448003e-01
INFO:bingo.evolutionary_optimizers.parallel_archipelago:Evolution time 0:00:25.632140	 age 20	 fitness 1.443e-01
Level 25:bingo.evolutionary_optimizers.evolutionary_optimizer:Generation: 10 	 Elapsed time: 0:00:28.912475 	 Best training fitness: 1.443423e-01 	 
Level 25:bingo.evolutionary_optimizers.evolutionary_optimizer:10, 2.891248e+01, 115457, 1.443423e-01, 1.443423e-01, 1.443809e-01, 1.444207e-01, 1.447780e-01
INFO:bingo.evolutionary_optimizers.parallel_archipelago:Evolution time 0:00:16.248490	 age 30	 fitness 1.443e-01
Level 25:bingo.evolutionary_optimizers.evolutionary_optimizer:Generation: 20 	 Elapsed time: 0:00:45.351387 	 Best training fitness: 1.442601e-01 	 
Level 25:bingo.evolutionary_optimizers.evolutionary_optimizer:20, 4.535139e+01, 176761, 1.442601e-01, 1.442601e-01, 1.443231e-01, 1.445479e-01
INFO:bingo.evolutionary_optimizers.parallel_archipelago:Evolution time 0:00:29.698992	 age 40	 fitness 1.443e-01
Level 25:bingo.evolutionary_optimizers.evolutionary_optimizer:Generation: 30 	 Elapsed time: 0:01:15.302337 	 Best training fitness: 1.442656e-01 	 
Level 25:bingo.evolutionary_optimizers.evolutionary_optimizer:30, 7.530234e+01, 249325, 1.442656e-01, 1.442601e-01, 1.443231e-01, 1.445479e-01
INFO:bingo.evolutionary_optimizers.parallel_archipelago:Evolution time 0:00:12.750131	 age 50	 fitness 1.442e-01
Level 25:bingo.evolutionary_optimizers.evolutionary_optimizer:Generation: 40 	 Elapsed time: 0:01:28.243577 	 Best training fitness: 1.441576e-01 	 
Level 25:bingo.evolutionary_optimizers.evolutionary_optimizer:40, 8.824358e+01, 300291, 1.441576e-01, 1.441576e-01, 1.442565e-01, 1.443231e-01, 1.445479e-01
INFO:bingo.evolutionary_optimizers.parallel_archipelago:Evolution time 0:00:21.253083	 age 70	 fitness 1.443e-01
Level 25:bingo.evolutionary_optimizers.evolutionary_optimizer:Generation: 50 	 Elapsed time: 0:01:49.686980 	 Best training fitness: 1.442565e-01 	 
Level 25:bingo.evolutionary_optimizers.evolutionary_optimizer:50, 1.096870e+02, 378883, 1.442565e-01, 1.441576e-01, 1.442565e-01, 1.443231e-01, 1.445479e-01
INFO:bingo.evolutionary_optimizers.parallel_archipelago:Evolution time 0:00:18.559411	 age 80	 fitness 1.443e-01
Level 25:bingo.evolutionary_optimizers.evolutionary_optimizer:Generation: 60 	 Elapsed time: 0:02:08.436960 	 Best training fitness: 1.442803e-01 	 
Level 25:bingo.evolutionary_optimizers.evolutionary_optimizer:60, 1.284370e+02, 435476, 1.442803e-01, 1.441576e-01, 1.442565e-01, 1.443231e-01, 1.445479e-01
INFO:bingo.evolutionary_optimizers.parallel_archipelago:Evolution time 0:00:26.839690	 age 100	 fitness 1.441e-01
Level 25:bingo.evolutionary_optimizers.evolutionary_optimizer:Generation: 70 	 Elapsed time: 0:02:35.468816 	 Best training fitness: 1.441404e-01 	 
Level 25:bingo.evolutionary_optimizers.evolutionary_optimizer:70, 1.554688e+02, 534158, 1.441404e-01, 1.441404e-01, 1.441576e-01, 1.442565e-01, 1.443231e-01, 1.445479e-01
INFO:bingo.evolutionary_optimizers.parallel_archipelago:Evolution time 0:00:27.774355	 age 120	 fitness 1.441e-01
Level 25:bingo.evolutionary_optimizers.evolutionary_optimizer:Generation: 80 	 Elapsed time: 0:03:03.435472 	 Best training fitness: 1.440559e-01 	 
Level 25:bingo.evolutionary_optimizers.evolutionary_optimizer:80, 1.834355e+02, 612771, 1.440559e-01, 1.440559e-01, 1.440970e-01, 1.442565e-01, 1.443231e-01, 1.445479e-01
INFO:bingo.evolutionary_optimizers.parallel_archipelago:Evolution time 0:00:13.467870	 age 140	 fitness 1.440e-01
Level 25:bingo.evolutionary_optimizers.evolutionary_optimizer:Generation: 90 	 Elapsed time: 0:03:17.100041 	 Best training fitness: 1.440473e-01 	 
Level 25:bingo.evolutionary_optimizers.evolutionary_optimizer:90, 1.971000e+02, 669410, 1.440473e-01, 1.440473e-01, 1.442565e-01, 1.443231e-01, 1.445479e-01
INFO:bingo.evolutionary_optimizers.parallel_archipelago:Evolution time 0:00:23.476506	 age 170	 fitness 1.438e-01
Level 25:bingo.evolutionary_optimizers.evolutionary_optimizer:Generation: 100 	 Elapsed time: 0:03:40.863982 	 Best training fitness: 1.437863e-01 	 
Level 25:bingo.evolutionary_optimizers.evolutionary_optimizer:100, 2.208640e+02, 738660, 1.437863e-01, 1.437863e-01, 1.442565e-01, 1.442940e-01, 1.443231e-01, 1.445008e-01
INFO:bingo.evolutionary_optimizers.parallel_archipelago:Evolution time 0:00:24.565762	 age 200	 fitness 1.438e-01
Level 25:bingo.evolutionary_optimizers.evolutionary_optimizer:Generation: 110 	 Elapsed time: 0:04:05.623721 	 Best training fitness: 1.438363e-01 	 
Level 25:bingo.evolutionary_optimizers.evolutionary_optimizer:110, 2.456237e+02, 809265, 1.438363e-01, 1.437863e-01, 1.442565e-01, 1.442940e-01, 1.443231e-01, 1.445008e-01
INFO:bingo.evolutionary_optimizers.parallel_archipelago:Evolution time 0:00:16.459905	 age 210	 fitness 1.438e-01
Level 25:bingo.evolutionary_optimizers.evolutionary_optimizer:Generation: 120 	 Elapsed time: 0:04:22.277834 	 Best training fitness: 1.438116e-01 	 
Level 25:bingo.evolutionary_optimizers.evolutionary_optimizer:120, 2.622778e+02, 867610, 1.438116e-01, 1.437863e-01, 1.442565e-01, 1.442940e-01, 1.443092e-01
INFO:bingo.evolutionary_optimizers.parallel_archipelago:Evolution time 0:00:25.554214	 age 220	 fitness 1.438e-01
Level 25:bingo.evolutionary_optimizers.evolutionary_optimizer:Generation: 130 	 Elapsed time: 0:04:48.022076 	 Best training fitness: 1.437960e-01 	 
Level 25:bingo.evolutionary_optimizers.evolutionary_optimizer:130, 2.880221e+02, 949544, 1.437960e-01, 1.437863e-01, 1.442565e-01, 1.442940e-01, 1.443092e-01
INFO:bingo.evolutionary_optimizers.parallel_archipelago:Evolution time 0:00:23.454759	 age 240	 fitness 1.432e-01
Level 25:bingo.evolutionary_optimizers.evolutionary_optimizer:Generation: 140 	 Elapsed time: 0:05:11.704441 	 Best training fitness: 1.432277e-01 	 
Level 25:bingo.evolutionary_optimizers.evolutionary_optimizer:140, 3.117044e+02, 1022786, 1.432277e-01, 1.432277e-01, 1.436127e-01, 1.437554e-01, 1.442565e-01, 1.442940e-01, 1.443092e-01
INFO:bingo.evolutionary_optimizers.parallel_archipelago:Evolution time 0:00:36.746140	 age 250	 fitness 1.410e-01
Level 25:bingo.evolutionary_optimizers.evolutionary_optimizer:Generation: 150 	 Elapsed time: 0:05:48.646271 	 Best training fitness: 1.410104e-01 	 
Level 25:bingo.evolutionary_optimizers.evolutionary_optimizer:150, 3.486463e+02, 1110511, 1.410104e-01, 1.410104e-01, 1.430562e-01, 1.434850e-01, 1.437554e-01, 1.442565e-01, 1.442940e-01, 1.443092e-01
INFO:bingo.evolutionary_optimizers.parallel_archipelago:Evolution time 0:00:19.265781	 age 270	 fitness 1.288e-01
Level 25:bingo.evolutionary_optimizers.evolutionary_optimizer:Generation: 160 	 Elapsed time: 0:06:08.109256 	 Best training fitness: 1.288264e-01 	 
Level 25:bingo.evolutionary_optimizers.evolutionary_optimizer:160, 3.681093e+02, 1181111, 1.288264e-01, 1.288264e-01, 1.437554e-01, 1.442565e-01, 1.442940e-01, 1.443092e-01
INFO:bingo.evolutionary_optimizers.parallel_archipelago:Evolution time 0:00:37.705064	 age 280	 fitness 1.232e-01
Level 25:bingo.evolutionary_optimizers.evolutionary_optimizer:Generation: 170 	 Elapsed time: 0:06:46.066245 	 Best training fitness: 1.231900e-01 	 
Level 25:bingo.evolutionary_optimizers.evolutionary_optimizer:170, 4.060662e+02, 1262900, 1.231900e-01, 1.231900e-01, 1.282877e-01, 1.437554e-01, 1.442565e-01, 1.442940e-01, 1.443092e-01
INFO:bingo.evolutionary_optimizers.parallel_archipelago:Evolution time 0:00:10.607394	 age 290	 fitness 1.178e-01
Level 25:bingo.evolutionary_optimizers.evolutionary_optimizer:Generation: 180 	 Elapsed time: 0:06:56.873234 	 Best training fitness: 1.177523e-01 	 
Level 25:bingo.evolutionary_optimizers.evolutionary_optimizer:180, 4.168732e+02, 1314483, 1.177523e-01, 1.177523e-01, 1.230787e-01, 1.282540e-01, 1.437554e-01, 1.442565e-01, 1.442940e-01, 1.443092e-01
INFO:bingo.evolutionary_optimizers.parallel_archipelago:Evolution time 0:00:24.881036	 age 310	 fitness 1.165e-01
Level 25:bingo.evolutionary_optimizers.evolutionary_optimizer:Generation: 190 	 Elapsed time: 0:07:21.989897 	 Best training fitness: 1.165338e-01 	 
Level 25:bingo.evolutionary_optimizers.evolutionary_optimizer:190, 4.419899e+02, 1408029, 1.165338e-01, 1.165338e-01, 1.281745e-01, 1.290707e-01, 1.442544e-01, 1.442940e-01, 1.443092e-01
INFO:bingo.evolutionary_optimizers.parallel_archipelago:Evolution time 0:00:26.239138	 age 330	 fitness 1.165e-01
Level 25:bingo.evolutionary_optimizers.evolutionary_optimizer:Generation: 200 	 Elapsed time: 0:07:48.426481 	 Best training fitness: 1.165186e-01 	 
Level 25:bingo.evolutionary_optimizers.evolutionary_optimizer:200, 4.684265e+02, 1503780, 1.165186e-01, 1.165186e-01, 1.165338e-01, 1.165456e-01, 1.256603e-01, 1.290707e-01, 1.442360e-01, 1.442544e-01, 1.442940e-01, 1.443092e-01
INFO:bingo.evolutionary_optimizers.parallel_archipelago:Evolution time 0:00:18.857470	 age 350	 fitness 1.108e-01
Level 25:bingo.evolutionary_optimizers.evolutionary_optimizer:Generation: 210 	 Elapsed time: 0:08:07.485474 	 Best training fitness: 1.108390e-01 	 
Level 25:bingo.evolutionary_optimizers.evolutionary_optimizer:210, 4.874855e+02, 1585524, 1.108390e-01, 1.108390e-01, 1.165219e-01, 1.165456e-01, 1.256603e-01, 1.290707e-01, 1.432768e-01, 1.442360e-01, 1.442542e-01, 1.442544e-01, 1.442940e-01, 1.443092e-01
INFO:bingo.evolutionary_optimizers.parallel_archipelago:Evolution time 0:00:22.052999	 age 370	 fitness 6.395e-02
Level 25:bingo.evolutionary_optimizers.evolutionary_optimizer:Generation: 220 	 Elapsed time: 0:08:29.741874 	 Best training fitness: 6.394770e-02 	 
Level 25:bingo.evolutionary_optimizers.evolutionary_optimizer:220, 5.097419e+02, 1672116, 6.394770e-02, 6.394770e-02, 1.156299e-01, 1.439293e-01, 1.442110e-01, 1.442544e-01, 1.442940e-01, 1.443092e-01
INFO:bingo.evolutionary_optimizers.parallel_archipelago:Evolution time 0:00:27.233027	 age 390	 fitness 6.404e-02
Level 25:bingo.evolutionary_optimizers.evolutionary_optimizer:Generation: 230 	 Elapsed time: 0:08:57.172225 	 Best training fitness: 6.404077e-02 	 
Level 25:bingo.evolutionary_optimizers.evolutionary_optimizer:230, 5.371722e+02, 1764796, 6.404077e-02, 6.394770e-02, 1.154542e-01, 1.194711e-01, 1.438996e-01, 1.442544e-01, 1.442940e-01, 1.443092e-01
INFO:bingo.evolutionary_optimizers.parallel_archipelago:Evolution time 0:00:29.797485	 age 420	 fitness 6.394e-02
Level 25:bingo.evolutionary_optimizers.evolutionary_optimizer:Generation: 240 	 Elapsed time: 0:09:27.196237 	 Best training fitness: 6.394111e-02 	 
Level 25:bingo.evolutionary_optimizers.evolutionary_optimizer:240, 5.671962e+02, 1855977, 6.394111e-02, 6.394111e-02, 6.394770e-02, 9.252676e-02, 1.154542e-01, 1.174575e-01, 1.442544e-01, 1.442940e-01, 1.443092e-01
INFO:bingo.evolutionary_optimizers.parallel_archipelago:Evolution time 0:00:23.823526	 age 430	 fitness 6.389e-02
Level 25:bingo.evolutionary_optimizers.evolutionary_optimizer:Generation: 250 	 Elapsed time: 0:09:51.218194 	 Best training fitness: 6.388897e-02 	 
Level 25:bingo.evolutionary_optimizers.evolutionary_optimizer:250, 5.912182e+02, 1931181, 6.388897e-02, 6.388897e-02, 6.394770e-02, 9.252676e-02, 9.555919e-02, 1.174575e-01, 1.442544e-01, 1.442940e-01, 1.443092e-01
INFO:bingo.evolutionary_optimizers.parallel_archipelago:Evolution time 0:00:34.884558	 age 440	 fitness 6.388e-02
Level 25:bingo.evolutionary_optimizers.evolutionary_optimizer:Generation: 260 	 Elapsed time: 0:10:26.321691 	 Best training fitness: 6.388280e-02 	 
Level 25:bingo.evolutionary_optimizers.evolutionary_optimizer:260, 6.263217e+02, 2030841, 6.388280e-02, 6.388280e-02, 6.391863e-02, 6.394770e-02, 7.995246e-02, 9.417062e-02, 9.522878e-02, 1.174575e-01, 1.442544e-01, 1.442940e-01, 1.443092e-01
INFO:bingo.evolutionary_optimizers.parallel_archipelago:Evolution time 0:00:22.798089	 age 450	 fitness 6.385e-02
Level 25:bingo.evolutionary_optimizers.evolutionary_optimizer:Generation: 270 	 Elapsed time: 0:10:49.320142 	 Best training fitness: 6.384842e-02 	 
Level 25:bingo.evolutionary_optimizers.evolutionary_optimizer:270, 6.493201e+02, 2093148, 6.384842e-02, 6.384842e-02, 6.390772e-02, 6.394770e-02, 7.995246e-02, 9.417062e-02, 9.516963e-02, 1.173260e-01, 1.442544e-01, 1.442940e-01, 1.443092e-01
INFO:bingo.evolutionary_optimizers.parallel_archipelago:Evolution time 0:00:31.110584	 age 460	 fitness 6.384e-02
Level 25:bingo.evolutionary_optimizers.evolutionary_optimizer:Generation: 280 	 Elapsed time: 0:11:20.660242 	 Best training fitness: 6.383867e-02 	 
Level 25:bingo.evolutionary_optimizers.evolutionary_optimizer:280, 6.806602e+02, 2182098, 6.383867e-02, 6.383867e-02, 6.390772e-02, 6.394770e-02, 7.995246e-02, 9.278647e-02, 1.173169e-01, 1.442544e-01, 1.442940e-01, 1.443092e-01
INFO:bingo.evolutionary_optimizers.parallel_archipelago:Evolution time 0:00:32.729868	 age 470	 fitness 6.384e-02
Level 25:bingo.evolutionary_optimizers.evolutionary_optimizer:Generation: 290 	 Elapsed time: 0:11:53.618270 	 Best training fitness: 6.383561e-02 	 
Level 25:bingo.evolutionary_optimizers.evolutionary_optimizer:290, 7.136183e+02, 2246986, 6.383561e-02, 6.383561e-02, 6.390772e-02, 6.394770e-02, 7.988513e-02, 9.277702e-02, 1.173169e-01, 1.442544e-01, 1.442940e-01, 1.443092e-01
INFO:bingo.evolutionary_optimizers.parallel_archipelago:Evolution time 0:00:36.844552	 age 480	 fitness 6.384e-02
Level 25:bingo.evolutionary_optimizers.evolutionary_optimizer:Generation: 300 	 Elapsed time: 0:12:30.705247 	 Best training fitness: 6.384035e-02 	 
Level 25:bingo.evolutionary_optimizers.evolutionary_optimizer:300, 7.507052e+02, 2330207, 6.384035e-02, 6.383561e-02, 6.389494e-02, 7.218776e-02, 9.276549e-02, 1.173169e-01, 1.442544e-01, 1.442940e-01, 1.443092e-01
INFO:bingo.evolutionary_optimizers.parallel_archipelago:Evolution time 0:00:20.635813	 age 490	 fitness 6.384e-02
Level 25:bingo.evolutionary_optimizers.evolutionary_optimizer:Generation: 310 	 Elapsed time: 0:12:51.547127 	 Best training fitness: 6.383691e-02 	 
Level 25:bingo.evolutionary_optimizers.evolutionary_optimizer:310, 7.715471e+02, 2400444, 6.383691e-02, 6.383561e-02, 6.389494e-02, 7.218776e-02, 9.276549e-02, 1.173169e-01, 1.442544e-01, 1.442940e-01, 1.443092e-01
INFO:bingo.evolutionary_optimizers.parallel_archipelago:Evolution time 0:00:36.797255	 age 520	 fitness 6.384e-02
Level 25:bingo.evolutionary_optimizers.evolutionary_optimizer:Generation: 320 	 Elapsed time: 0:13:28.549659 	 Best training fitness: 6.384269e-02 	 
Level 25:bingo.evolutionary_optimizers.evolutionary_optimizer:320, 8.085497e+02, 2534080, 6.384269e-02, 6.383561e-02, 6.384269e-02, 7.218776e-02, 7.263757e-02, 1.173169e-01, 1.442544e-01, 1.442940e-01, 1.443092e-01
INFO:bingo.evolutionary_optimizers.parallel_archipelago:Evolution time 0:00:53.076866	 age 540	 fitness 6.385e-02
Level 25:bingo.evolutionary_optimizers.evolutionary_optimizer:Generation: 330 	 Elapsed time: 0:14:21.831022 	 Best training fitness: 6.384676e-02 	 
Level 25:bingo.evolutionary_optimizers.evolutionary_optimizer:330, 8.618310e+02, 2680638, 6.384676e-02, 6.383561e-02, 6.384269e-02, 7.215928e-02, 7.252073e-02, 1.173169e-01, 1.442544e-01, 1.442940e-01, 1.443092e-01
INFO:bingo.evolutionary_optimizers.parallel_archipelago:Evolution time 0:00:35.205891	 age 560	 fitness 6.361e-02
Level 25:bingo.evolutionary_optimizers.evolutionary_optimizer:Generation: 340 	 Elapsed time: 0:14:57.246594 	 Best training fitness: 6.360674e-02 	 
Level 25:bingo.evolutionary_optimizers.evolutionary_optimizer:340, 8.972466e+02, 2812759, 6.360674e-02, 6.360674e-02, 6.384269e-02, 7.214002e-02, 7.252073e-02, 1.173169e-01, 1.442544e-01, 1.442940e-01, 1.443092e-01
INFO:bingo.evolutionary_optimizers.parallel_archipelago:Evolution time 0:00:50.806951	 age 570	 fitness 6.361e-02
Level 25:bingo.evolutionary_optimizers.evolutionary_optimizer:Generation: 350 	 Elapsed time: 0:15:48.261573 	 Best training fitness: 6.360674e-02 	 
Level 25:bingo.evolutionary_optimizers.evolutionary_optimizer:350, 9.482616e+02, 2944474, 6.360674e-02, 6.360674e-02, 6.384269e-02, 7.214002e-02, 7.248137e-02, 1.173169e-01, 1.442544e-01, 1.442940e-01, 1.443092e-01
INFO:bingo.evolutionary_optimizers.parallel_archipelago:Evolution time 0:00:52.864948	 age 590	 fitness 6.359e-02
Level 25:bingo.evolutionary_optimizers.evolutionary_optimizer:Generation: 360 	 Elapsed time: 0:16:41.335472 	 Best training fitness: 6.359010e-02 	 
Level 25:bingo.evolutionary_optimizers.evolutionary_optimizer:360, 1.001335e+03, 3096833, 6.359010e-02, 6.359010e-02, 6.384269e-02, 7.191298e-02, 7.248137e-02, 8.832480e-02, 1.173169e-01, 1.442544e-01, 1.442940e-01, 1.443092e-01
INFO:bingo.evolutionary_optimizers.parallel_archipelago:Evolution time 0:00:37.967437	 age 620	 fitness 6.363e-02
Level 25:bingo.evolutionary_optimizers.evolutionary_optimizer:Generation: 370 	 Elapsed time: 0:17:19.549563 	 Best training fitness: 6.362527e-02 	 
Level 25:bingo.evolutionary_optimizers.evolutionary_optimizer:370, 1.039550e+03, 3235423, 6.362527e-02, 6.359010e-02, 6.384269e-02, 7.191298e-02, 7.248137e-02, 8.825262e-02, 1.173169e-01, 1.442544e-01, 1.442940e-01, 1.443092e-01
INFO:bingo.evolutionary_optimizers.parallel_archipelago:Evolution time 0:00:24.969331	 age 640	 fitness 6.331e-02
Level 25:bingo.evolutionary_optimizers.evolutionary_optimizer:Generation: 380 	 Elapsed time: 0:17:44.727601 	 Best training fitness: 6.330695e-02 	 
Level 25:bingo.evolutionary_optimizers.evolutionary_optimizer:380, 1.064728e+03, 3342121, 6.330695e-02, 6.330695e-02, 6.359010e-02, 6.384269e-02, 7.187894e-02, 7.248137e-02, 8.825262e-02, 1.173169e-01, 1.442544e-01, 1.442940e-01, 1.443092e-01
INFO:bingo.evolutionary_optimizers.parallel_archipelago:Evolution time 0:00:27.130746	 age 660	 fitness 6.329e-02
Level 25:bingo.evolutionary_optimizers.evolutionary_optimizer:Generation: 390 	 Elapsed time: 0:18:12.067315 	 Best training fitness: 6.328765e-02 	 
Level 25:bingo.evolutionary_optimizers.evolutionary_optimizer:390, 1.092067e+03, 3457835, 6.328765e-02, 6.328765e-02, 6.359010e-02, 6.383028e-02, 6.384269e-02, 7.187639e-02, 7.248137e-02, 8.824352e-02, 1.173169e-01, 1.442544e-01, 1.442940e-01, 1.443092e-01
INFO:bingo.evolutionary_optimizers.parallel_archipelago:Evolution time 0:00:47.761965	 age 680	 fitness 6.326e-02
Level 25:bingo.evolutionary_optimizers.evolutionary_optimizer:Generation: 400 	 Elapsed time: 0:19:00.039682 	 Best training fitness: 6.325566e-02 	 
Level 25:bingo.evolutionary_optimizers.evolutionary_optimizer:400, 1.140040e+03, 3602363, 6.325566e-02, 6.325566e-02, 6.359010e-02, 6.377165e-02, 6.384269e-02, 7.184306e-02, 7.248137e-02, 8.822842e-02, 1.173169e-01, 1.442544e-01, 1.442940e-01, 1.443092e-01
INFO:bingo.evolutionary_optimizers.parallel_archipelago:Evolution time 0:00:29.809555	 age 690	 fitness 6.327e-02
Level 25:bingo.evolutionary_optimizers.evolutionary_optimizer:Generation: 410 	 Elapsed time: 0:19:30.064613 	 Best training fitness: 6.326918e-02 	 
Level 25:bingo.evolutionary_optimizers.evolutionary_optimizer:410, 1.170065e+03, 3695033, 6.326918e-02, 6.325566e-02, 6.359010e-02, 6.377165e-02, 6.384269e-02, 7.184306e-02, 7.248137e-02, 8.822842e-02, 1.173169e-01, 1.442544e-01, 1.442940e-01, 1.443092e-01
INFO:bingo.evolutionary_optimizers.parallel_archipelago:Evolution time 0:00:43.356668	 age 710	 fitness 6.310e-02
Level 25:bingo.evolutionary_optimizers.evolutionary_optimizer:Generation: 420 	 Elapsed time: 0:20:13.630867 	 Best training fitness: 6.309590e-02 	 
Level 25:bingo.evolutionary_optimizers.evolutionary_optimizer:420, 1.213631e+03, 3851837, 6.309590e-02, 6.309590e-02, 6.325487e-02, 6.359010e-02, 6.377165e-02, 6.384269e-02, 7.184306e-02, 7.248137e-02, 8.822842e-02, 1.173169e-01, 1.442544e-01, 1.442940e-01, 1.443092e-01
INFO:bingo.evolutionary_optimizers.parallel_archipelago:Evolution time 0:00:31.621452	 age 730	 fitness 6.304e-02
Level 25:bingo.evolutionary_optimizers.evolutionary_optimizer:Generation: 430 	 Elapsed time: 0:20:45.462809 	 Best training fitness: 6.303527e-02 	 
Level 25:bingo.evolutionary_optimizers.evolutionary_optimizer:430, 1.245463e+03, 3962973, 6.303527e-02, 6.303527e-02, 6.309884e-02, 6.325487e-02, 6.349347e-02, 7.184306e-02, 7.248137e-02, 8.822842e-02, 1.173169e-01, 1.442544e-01, 1.442880e-01, 1.443092e-01
INFO:bingo.evolutionary_optimizers.parallel_archipelago:Evolution time 0:00:41.708444	 age 740	 fitness 6.291e-02
Level 25:bingo.evolutionary_optimizers.evolutionary_optimizer:Generation: 440 	 Elapsed time: 0:21:27.412755 	 Best training fitness: 6.290916e-02 	 
Level 25:bingo.evolutionary_optimizers.evolutionary_optimizer:440, 1.287413e+03, 4091953, 6.290916e-02, 6.290916e-02, 6.331044e-02, 6.709252e-02, 7.248137e-02, 8.822842e-02, 1.173169e-01, 1.442544e-01, 1.442880e-01, 1.443092e-01
INFO:bingo.evolutionary_optimizers.parallel_archipelago:Evolution time 0:00:25.104366	 age 750	 fitness 6.285e-02
Level 25:bingo.evolutionary_optimizers.evolutionary_optimizer:Generation: 450 	 Elapsed time: 0:21:52.722371 	 Best training fitness: 6.285389e-02 	 
Level 25:bingo.evolutionary_optimizers.evolutionary_optimizer:450, 1.312722e+03, 4189408, 6.285389e-02, 6.285389e-02, 6.331044e-02, 6.709252e-02, 7.248137e-02, 8.822842e-02, 1.173169e-01, 1.442544e-01, 1.442880e-01, 1.443092e-01
INFO:bingo.evolutionary_optimizers.parallel_archipelago:Evolution time 0:00:25.026592	 age 760	 fitness 6.284e-02
Level 25:bingo.evolutionary_optimizers.evolutionary_optimizer:Generation: 460 	 Elapsed time: 0:22:17.953219 	 Best training fitness: 6.284068e-02 	 
Level 25:bingo.evolutionary_optimizers.evolutionary_optimizer:460, 1.337953e+03, 4272909, 6.284068e-02, 6.284068e-02, 6.331044e-02, 6.709252e-02, 7.248137e-02, 8.822842e-02, 1.173169e-01, 1.442544e-01, 1.442880e-01, 1.443092e-01
INFO:bingo.evolutionary_optimizers.parallel_archipelago:Evolution time 0:00:45.139526	 age 770	 fitness 6.284e-02
Level 25:bingo.evolutionary_optimizers.evolutionary_optimizer:Generation: 470 	 Elapsed time: 0:23:03.298428 	 Best training fitness: 6.284105e-02 	 
Level 25:bingo.evolutionary_optimizers.evolutionary_optimizer:470, 1.383298e+03, 4372551, 6.284105e-02, 6.284068e-02, 6.331044e-02, 6.709252e-02, 7.248137e-02, 8.822842e-02, 1.017328e-01, 1.442544e-01, 1.442880e-01, 1.443092e-01
INFO:bingo.evolutionary_optimizers.parallel_archipelago:Evolution time 0:00:40.924589	 age 780	 fitness 8.531e-17
Level 25:bingo.evolutionary_optimizers.evolutionary_optimizer:Generation: 480 	 Elapsed time: 0:23:44.430563 	 Best training fitness: 8.531451e-17 	 
Level 25:bingo.evolutionary_optimizers.evolutionary_optimizer:480, 1.424431e+03, 4498509, 8.531451e-17, 8.531451e-17, 1.442544e-01, 1.442880e-01, 1.443092e-01
Level 25:bingo.evolutionary_optimizers.evolutionary_optimizer:Evolution successfully converged.
Level 25:bingo.evolutionary_optimizers.evolutionary_optimizer:  Absolte convergence occurred with best fitness < 1e-10
Level 25:bingo.evolutionary_optimizers.evolutionary_optimizer:Hall of Fame:
8.53145101442861e-17	7	sin(log((X_0)(X_0) + (X_1)(X_1)))
0.14425442183836873	5	sin((log(2.289951))((2.289951)(2.289951)))
0.14428803375798022	2	sin(-1.933294)
0.1443091809083473	1	-0.931095
