Level 25:bingo.evolutionary_optimizers.evolutionary_optimizer:#generational_age, elapsed_time, fitness_evaluation_count, current_training_fitness, hall_of_fame_fitnesses
Level 25:bingo.evolutionary_optimizers.evolutionary_optimizer:#generational_age, elapsed_time, fitness_evaluation_count, current_training_fitness, hall_of_fame_fitnesses
Level 25:bingo.evolutionary_optimizers.parallel_archipelago:Saving checkpoint: src/bingo_bias_vias_decomposition/checkpoints_st_20/implicit_st_20_p2_p8_7_0.pkl
INFO:bingo.evolutionary_optimizers.parallel_archipelago:Saved successfully
Level 25:bingo.evolutionary_optimizers.evolutionary_optimizer:Generation: 0 	 Elapsed time: 0:00:04.726806 	 Best training fitness: 4.874961e-02 	 
Level 25:bingo.evolutionary_optimizers.evolutionary_optimizer:0, 4.726806e+00, 13543, 4.874961e-02
INFO:bingo.evolutionary_optimizers.parallel_archipelago:Performing migration between Islands
INFO:bingo.evolutionary_optimizers.parallel_archipelago:Evolution time 0:00:33.374000	 age 10	 fitness 4.824e-02
Level 25:bingo.evolutionary_optimizers.parallel_archipelago:Saving checkpoint: src/bingo_bias_vias_decomposition/checkpoints_st_20/implicit_st_20_p2_p8_7_10.pkl
INFO:bingo.evolutionary_optimizers.parallel_archipelago:Saved successfully
Level 25:bingo.evolutionary_optimizers.evolutionary_optimizer:Generation: 10 	 Elapsed time: 0:00:38.421801 	 Best training fitness: 4.824051e-02 	 
Level 25:bingo.evolutionary_optimizers.evolutionary_optimizer:10, 3.842180e+01, 107462, 4.824051e-02, 4.824051e-02
INFO:bingo.evolutionary_optimizers.parallel_archipelago:Performing migration between Islands
INFO:bingo.evolutionary_optimizers.parallel_archipelago:Evolution time 0:00:11.308605	 age 20	 fitness 4.053e-02
Level 25:bingo.evolutionary_optimizers.parallel_archipelago:Saving checkpoint: src/bingo_bias_vias_decomposition/checkpoints_st_20/implicit_st_20_p2_p8_7_20.pkl
INFO:bingo.evolutionary_optimizers.parallel_archipelago:Saved successfully
Level 25:bingo.evolutionary_optimizers.evolutionary_optimizer:Generation: 20 	 Elapsed time: 0:00:49.985784 	 Best training fitness: 4.052681e-02 	 
Level 25:bingo.evolutionary_optimizers.evolutionary_optimizer:20, 4.998578e+01, 152287, 4.052681e-02, 4.052681e-02, 4.822399e-02, 4.824051e-02
INFO:bingo.evolutionary_optimizers.parallel_archipelago:Performing migration between Islands
INFO:bingo.evolutionary_optimizers.parallel_archipelago:Evolution time 0:00:30.022386	 age 30	 fitness 3.997e-02
Level 25:bingo.evolutionary_optimizers.parallel_archipelago:Saving checkpoint: src/bingo_bias_vias_decomposition/checkpoints_st_20/implicit_st_20_p2_p8_7_30.pkl
INFO:bingo.evolutionary_optimizers.parallel_archipelago:Saved successfully
Level 25:bingo.evolutionary_optimizers.evolutionary_optimizer:Generation: 30 	 Elapsed time: 0:01:20.251122 	 Best training fitness: 3.996844e-02 	 
Level 25:bingo.evolutionary_optimizers.evolutionary_optimizer:30, 8.025112e+01, 229425, 3.996844e-02, 3.996844e-02, 4.822399e-02, 4.824051e-02
INFO:bingo.evolutionary_optimizers.parallel_archipelago:Performing migration between Islands
INFO:bingo.evolutionary_optimizers.parallel_archipelago:Evolution time 0:00:28.314000	 age 40	 fitness 3.997e-02
Level 25:bingo.evolutionary_optimizers.parallel_archipelago:Saving checkpoint: src/bingo_bias_vias_decomposition/checkpoints_st_20/implicit_st_20_p2_p8_7_40.pkl
INFO:bingo.evolutionary_optimizers.parallel_archipelago:Saved successfully
Level 25:bingo.evolutionary_optimizers.evolutionary_optimizer:Generation: 40 	 Elapsed time: 0:01:48.812230 	 Best training fitness: 3.996844e-02 	 
Level 25:bingo.evolutionary_optimizers.evolutionary_optimizer:40, 1.088122e+02, 295052, 3.996844e-02, 3.996844e-02, 4.821078e-02, 4.824051e-02
INFO:bingo.evolutionary_optimizers.parallel_archipelago:Performing migration between Islands
INFO:bingo.evolutionary_optimizers.parallel_archipelago:Evolution time 0:00:36.100355	 age 50	 fitness 3.925e-02
Level 25:bingo.evolutionary_optimizers.parallel_archipelago:Saving checkpoint: src/bingo_bias_vias_decomposition/checkpoints_st_20/implicit_st_20_p2_p8_7_50.pkl
INFO:bingo.evolutionary_optimizers.parallel_archipelago:Saved successfully
Level 25:bingo.evolutionary_optimizers.evolutionary_optimizer:Generation: 50 	 Elapsed time: 0:02:25.131092 	 Best training fitness: 3.924765e-02 	 
Level 25:bingo.evolutionary_optimizers.evolutionary_optimizer:50, 1.451311e+02, 379686, 3.924765e-02, 3.924765e-02, 3.944781e-02, 3.996844e-02, 4.821078e-02, 4.824051e-02
INFO:bingo.evolutionary_optimizers.parallel_archipelago:Performing migration between Islands
INFO:bingo.evolutionary_optimizers.parallel_archipelago:Evolution time 0:00:27.199877	 age 60	 fitness 3.912e-02
Level 25:bingo.evolutionary_optimizers.parallel_archipelago:Saving checkpoint: src/bingo_bias_vias_decomposition/checkpoints_st_20/implicit_st_20_p2_p8_7_60.pkl
INFO:bingo.evolutionary_optimizers.parallel_archipelago:Saved successfully
Level 25:bingo.evolutionary_optimizers.evolutionary_optimizer:Generation: 60 	 Elapsed time: 0:02:52.592436 	 Best training fitness: 3.912338e-02 	 
Level 25:bingo.evolutionary_optimizers.evolutionary_optimizer:60, 1.725924e+02, 437650, 3.912338e-02, 3.912338e-02, 3.940563e-02, 3.996844e-02, 4.821078e-02, 4.824051e-02
INFO:bingo.evolutionary_optimizers.parallel_archipelago:Performing migration between Islands
INFO:bingo.evolutionary_optimizers.parallel_archipelago:Evolution time 0:00:31.797173	 age 70	 fitness 3.875e-02
Level 25:bingo.evolutionary_optimizers.parallel_archipelago:Saving checkpoint: src/bingo_bias_vias_decomposition/checkpoints_st_20/implicit_st_20_p2_p8_7_70.pkl
INFO:bingo.evolutionary_optimizers.parallel_archipelago:Saved successfully
Level 25:bingo.evolutionary_optimizers.evolutionary_optimizer:Generation: 70 	 Elapsed time: 0:03:24.645547 	 Best training fitness: 3.875161e-02 	 
Level 25:bingo.evolutionary_optimizers.evolutionary_optimizer:70, 2.046455e+02, 532682, 3.875161e-02, 3.875161e-02, 3.908266e-02, 3.996844e-02, 4.821078e-02, 4.824051e-02
INFO:bingo.evolutionary_optimizers.parallel_archipelago:Performing migration between Islands
INFO:bingo.evolutionary_optimizers.parallel_archipelago:Evolution time 0:00:44.790230	 age 80	 fitness 3.863e-02
Level 25:bingo.evolutionary_optimizers.parallel_archipelago:Saving checkpoint: src/bingo_bias_vias_decomposition/checkpoints_st_20/implicit_st_20_p2_p8_7_80.pkl
INFO:bingo.evolutionary_optimizers.parallel_archipelago:Saved successfully
Level 25:bingo.evolutionary_optimizers.evolutionary_optimizer:Generation: 80 	 Elapsed time: 0:04:09.716961 	 Best training fitness: 3.862880e-02 	 
Level 25:bingo.evolutionary_optimizers.evolutionary_optimizer:80, 2.497170e+02, 625594, 3.862880e-02, 3.862880e-02, 3.894633e-02, 3.996844e-02, 4.821078e-02, 4.824051e-02
INFO:bingo.evolutionary_optimizers.parallel_archipelago:Performing migration between Islands
INFO:bingo.evolutionary_optimizers.parallel_archipelago:Evolution time 0:00:39.526169	 age 90	 fitness 3.047e-02
Level 25:bingo.evolutionary_optimizers.parallel_archipelago:Saving checkpoint: src/bingo_bias_vias_decomposition/checkpoints_st_20/implicit_st_20_p2_p8_7_90.pkl
INFO:bingo.evolutionary_optimizers.parallel_archipelago:Saved successfully
Level 25:bingo.evolutionary_optimizers.evolutionary_optimizer:Generation: 90 	 Elapsed time: 0:04:49.603300 	 Best training fitness: 3.047169e-02 	 
Level 25:bingo.evolutionary_optimizers.evolutionary_optimizer:90, 2.896033e+02, 734704, 3.047169e-02, 3.047169e-02, 3.814992e-02, 3.894633e-02, 3.996844e-02, 4.821078e-02, 4.824051e-02
INFO:bingo.evolutionary_optimizers.parallel_archipelago:Performing migration between Islands
INFO:bingo.evolutionary_optimizers.parallel_archipelago:Evolution time 0:00:25.767171	 age 100	 fitness 2.941e-02
Level 25:bingo.evolutionary_optimizers.parallel_archipelago:Saving checkpoint: src/bingo_bias_vias_decomposition/checkpoints_st_20/implicit_st_20_p2_p8_7_100.pkl
INFO:bingo.evolutionary_optimizers.parallel_archipelago:Saved successfully
Level 25:bingo.evolutionary_optimizers.evolutionary_optimizer:Generation: 100 	 Elapsed time: 0:05:15.600262 	 Best training fitness: 2.940791e-02 	 
Level 25:bingo.evolutionary_optimizers.evolutionary_optimizer:100, 3.156003e+02, 806791, 2.940791e-02, 2.940791e-02, 3.435045e-02, 3.753708e-02, 3.996844e-02, 4.817204e-02, 4.824051e-02
INFO:bingo.evolutionary_optimizers.parallel_archipelago:Performing migration between Islands
INFO:bingo.evolutionary_optimizers.parallel_archipelago:Evolution time 0:00:25.431693	 age 110	 fitness 2.941e-02
Level 25:bingo.evolutionary_optimizers.parallel_archipelago:Saving checkpoint: src/bingo_bias_vias_decomposition/checkpoints_st_20/implicit_st_20_p2_p8_7_110.pkl
INFO:bingo.evolutionary_optimizers.parallel_archipelago:Saved successfully
Level 25:bingo.evolutionary_optimizers.evolutionary_optimizer:Generation: 110 	 Elapsed time: 0:05:41.262513 	 Best training fitness: 2.940805e-02 	 
Level 25:bingo.evolutionary_optimizers.evolutionary_optimizer:110, 3.412625e+02, 902533, 2.940805e-02, 2.940791e-02, 3.419374e-02, 3.753708e-02, 3.996844e-02, 4.817204e-02, 4.824051e-02
INFO:bingo.evolutionary_optimizers.parallel_archipelago:Performing migration between Islands
INFO:bingo.evolutionary_optimizers.parallel_archipelago:Evolution time 0:00:42.095116	 age 120	 fitness 2.803e-02
Level 25:bingo.evolutionary_optimizers.parallel_archipelago:Saving checkpoint: src/bingo_bias_vias_decomposition/checkpoints_st_20/implicit_st_20_p2_p8_7_120.pkl
INFO:bingo.evolutionary_optimizers.parallel_archipelago:Saved successfully
Level 25:bingo.evolutionary_optimizers.evolutionary_optimizer:Generation: 120 	 Elapsed time: 0:06:23.657499 	 Best training fitness: 2.802518e-02 	 
Level 25:bingo.evolutionary_optimizers.evolutionary_optimizer:120, 3.836575e+02, 994688, 2.802518e-02, 2.802518e-02, 2.937742e-02, 3.419273e-02, 3.753708e-02, 3.996844e-02, 4.817204e-02, 4.824051e-02
INFO:bingo.evolutionary_optimizers.parallel_archipelago:Performing migration between Islands
INFO:bingo.evolutionary_optimizers.parallel_archipelago:Evolution time 0:00:44.840641	 age 130	 fitness 2.800e-02
Level 25:bingo.evolutionary_optimizers.parallel_archipelago:Saving checkpoint: src/bingo_bias_vias_decomposition/checkpoints_st_20/implicit_st_20_p2_p8_7_130.pkl
INFO:bingo.evolutionary_optimizers.parallel_archipelago:Saved successfully
Level 25:bingo.evolutionary_optimizers.evolutionary_optimizer:Generation: 130 	 Elapsed time: 0:07:08.840354 	 Best training fitness: 2.799925e-02 	 
Level 25:bingo.evolutionary_optimizers.evolutionary_optimizer:130, 4.288404e+02, 1095085, 2.799925e-02, 2.799925e-02, 2.847004e-02, 3.753708e-02, 3.996844e-02, 4.817204e-02, 4.824051e-02
INFO:bingo.evolutionary_optimizers.parallel_archipelago:Performing migration between Islands
INFO:bingo.evolutionary_optimizers.parallel_archipelago:Evolution time 0:00:57.532498	 age 140	 fitness 2.800e-02
Level 25:bingo.evolutionary_optimizers.parallel_archipelago:Saving checkpoint: src/bingo_bias_vias_decomposition/checkpoints_st_20/implicit_st_20_p2_p8_7_140.pkl
INFO:bingo.evolutionary_optimizers.parallel_archipelago:Saved successfully
Level 25:bingo.evolutionary_optimizers.evolutionary_optimizer:Generation: 140 	 Elapsed time: 0:08:06.604612 	 Best training fitness: 2.799925e-02 	 
Level 25:bingo.evolutionary_optimizers.evolutionary_optimizer:140, 4.866046e+02, 1229523, 2.799925e-02, 2.799925e-02, 2.847004e-02, 3.523753e-02, 3.753708e-02, 3.996844e-02, 4.817204e-02, 4.824051e-02
INFO:bingo.evolutionary_optimizers.parallel_archipelago:Performing migration between Islands
INFO:bingo.evolutionary_optimizers.parallel_archipelago:Evolution time 0:00:35.261072	 age 150	 fitness 2.788e-02
Level 25:bingo.evolutionary_optimizers.parallel_archipelago:Saving checkpoint: src/bingo_bias_vias_decomposition/checkpoints_st_20/implicit_st_20_p2_p8_7_150.pkl
INFO:bingo.evolutionary_optimizers.parallel_archipelago:Saved successfully
Level 25:bingo.evolutionary_optimizers.evolutionary_optimizer:Generation: 150 	 Elapsed time: 0:08:42.151997 	 Best training fitness: 2.788208e-02 	 
Level 25:bingo.evolutionary_optimizers.evolutionary_optimizer:150, 5.221520e+02, 1317722, 2.788208e-02, 2.788208e-02, 2.838064e-02, 3.523753e-02, 3.753708e-02, 3.996844e-02, 4.817204e-02, 4.824051e-02
INFO:bingo.evolutionary_optimizers.parallel_archipelago:Performing migration between Islands
INFO:bingo.evolutionary_optimizers.parallel_archipelago:Evolution time 0:00:28.688523	 age 160	 fitness 2.793e-02
Level 25:bingo.evolutionary_optimizers.parallel_archipelago:Saving checkpoint: src/bingo_bias_vias_decomposition/checkpoints_st_20/implicit_st_20_p2_p8_7_160.pkl
INFO:bingo.evolutionary_optimizers.parallel_archipelago:Saved successfully
Level 25:bingo.evolutionary_optimizers.evolutionary_optimizer:Generation: 160 	 Elapsed time: 0:09:11.193926 	 Best training fitness: 2.792947e-02 	 
Level 25:bingo.evolutionary_optimizers.evolutionary_optimizer:160, 5.511939e+02, 1411694, 2.792947e-02, 2.788208e-02, 2.838064e-02, 3.523753e-02, 3.753708e-02, 3.996844e-02, 4.817204e-02, 4.824051e-02
INFO:bingo.evolutionary_optimizers.parallel_archipelago:Performing migration between Islands
INFO:bingo.evolutionary_optimizers.parallel_archipelago:Evolution time 0:00:38.680246	 age 170	 fitness 2.728e-02
Level 25:bingo.evolutionary_optimizers.parallel_archipelago:Saving checkpoint: src/bingo_bias_vias_decomposition/checkpoints_st_20/implicit_st_20_p2_p8_7_170.pkl
INFO:bingo.evolutionary_optimizers.parallel_archipelago:Saved successfully
Level 25:bingo.evolutionary_optimizers.evolutionary_optimizer:Generation: 170 	 Elapsed time: 0:09:50.179312 	 Best training fitness: 2.727871e-02 	 
Level 25:bingo.evolutionary_optimizers.evolutionary_optimizer:170, 5.901793e+02, 1531648, 2.727871e-02, 2.727871e-02, 2.731127e-02, 2.838064e-02, 3.523753e-02, 3.753708e-02, 3.996844e-02, 4.817204e-02, 4.824051e-02
INFO:bingo.evolutionary_optimizers.parallel_archipelago:Performing migration between Islands
INFO:bingo.evolutionary_optimizers.parallel_archipelago:Evolution time 0:00:25.698516	 age 180	 fitness 2.646e-02
Level 25:bingo.evolutionary_optimizers.parallel_archipelago:Saving checkpoint: src/bingo_bias_vias_decomposition/checkpoints_st_20/implicit_st_20_p2_p8_7_180.pkl
INFO:bingo.evolutionary_optimizers.parallel_archipelago:Saved successfully
Level 25:bingo.evolutionary_optimizers.evolutionary_optimizer:Generation: 180 	 Elapsed time: 0:10:16.220368 	 Best training fitness: 2.645664e-02 	 
Level 25:bingo.evolutionary_optimizers.evolutionary_optimizer:180, 6.162204e+02, 1619775, 2.645664e-02, 2.645664e-02, 2.718631e-02, 2.838064e-02, 3.523753e-02, 3.753708e-02, 3.996844e-02, 4.817204e-02, 4.824051e-02
INFO:bingo.evolutionary_optimizers.parallel_archipelago:Performing migration between Islands
INFO:bingo.evolutionary_optimizers.parallel_archipelago:Evolution time 0:00:26.061753	 age 190	 fitness 2.632e-02
Level 25:bingo.evolutionary_optimizers.parallel_archipelago:Saving checkpoint: src/bingo_bias_vias_decomposition/checkpoints_st_20/implicit_st_20_p2_p8_7_190.pkl
INFO:bingo.evolutionary_optimizers.parallel_archipelago:Saved successfully
Level 25:bingo.evolutionary_optimizers.evolutionary_optimizer:Generation: 190 	 Elapsed time: 0:10:42.546755 	 Best training fitness: 2.632191e-02 	 
Level 25:bingo.evolutionary_optimizers.evolutionary_optimizer:190, 6.425468e+02, 1706470, 2.632191e-02, 2.632191e-02, 2.711384e-02, 2.838064e-02, 3.523753e-02, 3.753708e-02, 3.996844e-02, 4.817204e-02, 4.824051e-02
INFO:bingo.evolutionary_optimizers.parallel_archipelago:Performing migration between Islands
INFO:bingo.evolutionary_optimizers.parallel_archipelago:Evolution time 0:00:36.820205	 age 200	 fitness 3.704e-04
Level 25:bingo.evolutionary_optimizers.parallel_archipelago:Saving checkpoint: src/bingo_bias_vias_decomposition/checkpoints_st_20/implicit_st_20_p2_p8_7_200.pkl
INFO:bingo.evolutionary_optimizers.parallel_archipelago:Saved successfully
Level 25:bingo.evolutionary_optimizers.evolutionary_optimizer:Generation: 200 	 Elapsed time: 0:11:19.637871 	 Best training fitness: 3.704008e-04 	 
Level 25:bingo.evolutionary_optimizers.evolutionary_optimizer:200, 6.796379e+02, 1797289, 3.704008e-04, 3.704008e-04, 1.739965e-03, 3.727828e-03, 3.996844e-02, 4.817204e-02, 4.824051e-02
INFO:bingo.evolutionary_optimizers.parallel_archipelago:Performing migration between Islands
INFO:bingo.evolutionary_optimizers.parallel_archipelago:Evolution time 0:00:51.053274	 age 210	 fitness 2.844e-17
Level 25:bingo.evolutionary_optimizers.parallel_archipelago:Saving checkpoint: src/bingo_bias_vias_decomposition/checkpoints_st_20/implicit_st_20_p2_p8_7_210.pkl
INFO:bingo.evolutionary_optimizers.parallel_archipelago:Saved successfully
Level 25:bingo.evolutionary_optimizers.evolutionary_optimizer:Generation: 210 	 Elapsed time: 0:12:11.013927 	 Best training fitness: 2.843817e-17 	 
Level 25:bingo.evolutionary_optimizers.evolutionary_optimizer:210, 7.310139e+02, 1914470, 2.843817e-17, 2.843817e-17, 4.817204e-02, 4.824051e-02
Level 25:bingo.evolutionary_optimizers.evolutionary_optimizer:Evolution successfully converged.
Level 25:bingo.evolutionary_optimizers.evolutionary_optimizer:  Absolte convergence occurred with best fitness < 1e-10
Level 25:bingo.evolutionary_optimizers.evolutionary_optimizer:Hall of Fame:
2.843817004809538e-17	7	sin(log((X_0)(X_0) + (X_1)(X_1)))
0.048172036290807914	6	sin(log((-0.046040 + log(-0.046040))(-0.046040)))
0.04824050746762696	1	-0.934392
