Level 25:bingo.evolutionary_optimizers.evolutionary_optimizer:#generational_age, elapsed_time, fitness_evaluation_count, current_training_fitness, hall_of_fame_fitnesses
Level 25:bingo.evolutionary_optimizers.evolutionary_optimizer:#generational_age, elapsed_time, fitness_evaluation_count, current_training_fitness, hall_of_fame_fitnesses
Level 25:bingo.evolutionary_optimizers.evolutionary_optimizer:Generation: 0 	 Elapsed time: 0:00:04.762917 	 Best training fitness: 7.274180e-02 	 
Level 25:bingo.evolutionary_optimizers.evolutionary_optimizer:0, 4.762917e+00, 13691, 7.274180e-02
INFO:bingo.evolutionary_optimizers.parallel_archipelago:Evolution time 0:00:41.853002	 age 30	 fitness 7.235e-02
Level 25:bingo.evolutionary_optimizers.evolutionary_optimizer:Generation: 10 	 Elapsed time: 0:00:46.926423 	 Best training fitness: 7.234529e-02 	 
Level 25:bingo.evolutionary_optimizers.evolutionary_optimizer:10, 4.692642e+01, 137648, 7.234529e-02, 7.234529e-02
INFO:bingo.evolutionary_optimizers.parallel_archipelago:Evolution time 0:00:45.949997	 age 60	 fitness 7.151e-02
Level 25:bingo.evolutionary_optimizers.evolutionary_optimizer:Generation: 20 	 Elapsed time: 0:01:33.194197 	 Best training fitness: 7.151169e-02 	 
Level 25:bingo.evolutionary_optimizers.evolutionary_optimizer:20, 9.319420e+01, 250314, 7.151169e-02, 7.151169e-02, 7.153008e-02, 7.228688e-02, 7.233848e-02, 7.234529e-02
INFO:bingo.evolutionary_optimizers.parallel_archipelago:Evolution time 0:00:15.939305	 age 80	 fitness 7.153e-02
Level 25:bingo.evolutionary_optimizers.evolutionary_optimizer:Generation: 30 	 Elapsed time: 0:01:49.504605 	 Best training fitness: 7.153448e-02 	 
Level 25:bingo.evolutionary_optimizers.evolutionary_optimizer:30, 1.095046e+02, 324941, 7.153448e-02, 7.151169e-02, 7.153008e-02, 7.225316e-02, 7.233848e-02, 7.234529e-02
INFO:bingo.evolutionary_optimizers.parallel_archipelago:Evolution time 0:00:24.675168	 age 110	 fitness 7.150e-02
Level 25:bingo.evolutionary_optimizers.evolutionary_optimizer:Generation: 40 	 Elapsed time: 0:02:14.511719 	 Best training fitness: 7.150363e-02 	 
Level 25:bingo.evolutionary_optimizers.evolutionary_optimizer:40, 1.345117e+02, 422753, 7.150363e-02, 7.150363e-02, 7.225316e-02, 7.230035e-02, 7.233154e-02, 7.234529e-02
INFO:bingo.evolutionary_optimizers.parallel_archipelago:Evolution time 0:00:49.438155	 age 140	 fitness 7.109e-02
Level 25:bingo.evolutionary_optimizers.evolutionary_optimizer:Generation: 50 	 Elapsed time: 0:03:04.284932 	 Best training fitness: 7.109330e-02 	 
Level 25:bingo.evolutionary_optimizers.evolutionary_optimizer:50, 1.842849e+02, 549716, 7.109330e-02, 7.109330e-02, 7.147691e-02, 7.225316e-02, 7.230035e-02, 7.233154e-02, 7.234529e-02
INFO:bingo.evolutionary_optimizers.parallel_archipelago:Evolution time 0:00:47.744039	 age 170	 fitness 7.042e-02
Level 25:bingo.evolutionary_optimizers.evolutionary_optimizer:Generation: 60 	 Elapsed time: 0:03:52.363216 	 Best training fitness: 7.042235e-02 	 
Level 25:bingo.evolutionary_optimizers.evolutionary_optimizer:60, 2.323632e+02, 664345, 7.042235e-02, 7.042235e-02, 7.070652e-02, 7.147691e-02, 7.225316e-02, 7.230035e-02, 7.233154e-02, 7.234529e-02
INFO:bingo.evolutionary_optimizers.parallel_archipelago:Evolution time 0:00:36.822225	 age 190	 fitness 7.036e-02
Level 25:bingo.evolutionary_optimizers.evolutionary_optimizer:Generation: 70 	 Elapsed time: 0:04:29.525412 	 Best training fitness: 7.035664e-02 	 
Level 25:bingo.evolutionary_optimizers.evolutionary_optimizer:70, 2.695254e+02, 765077, 7.035664e-02, 7.035664e-02, 7.070652e-02, 7.147691e-02, 7.225316e-02, 7.227514e-02, 7.230035e-02, 7.233154e-02, 7.234529e-02
INFO:bingo.evolutionary_optimizers.parallel_archipelago:Evolution time 0:00:24.410814	 age 220	 fitness 7.018e-02
Level 25:bingo.evolutionary_optimizers.evolutionary_optimizer:Generation: 80 	 Elapsed time: 0:04:54.272281 	 Best training fitness: 7.017955e-02 	 
Level 25:bingo.evolutionary_optimizers.evolutionary_optimizer:80, 2.942723e+02, 867311, 7.017955e-02, 7.017955e-02, 7.054029e-02, 7.147691e-02, 7.225316e-02, 7.227514e-02, 7.230035e-02, 7.233154e-02, 7.234529e-02
INFO:bingo.evolutionary_optimizers.parallel_archipelago:Evolution time 0:00:45.527923	 age 240	 fitness 7.018e-02
Level 25:bingo.evolutionary_optimizers.evolutionary_optimizer:Generation: 90 	 Elapsed time: 0:05:40.145430 	 Best training fitness: 7.018380e-02 	 
Level 25:bingo.evolutionary_optimizers.evolutionary_optimizer:90, 3.401454e+02, 962224, 7.018380e-02, 7.017955e-02, 7.047700e-02, 7.147691e-02, 7.225316e-02, 7.227514e-02, 7.230035e-02, 7.233154e-02, 7.234529e-02
INFO:bingo.evolutionary_optimizers.parallel_archipelago:Evolution time 0:00:27.680287	 age 260	 fitness 7.037e-02
Level 25:bingo.evolutionary_optimizers.evolutionary_optimizer:Generation: 100 	 Elapsed time: 0:06:08.231562 	 Best training fitness: 7.037409e-02 	 
Level 25:bingo.evolutionary_optimizers.evolutionary_optimizer:100, 3.682316e+02, 1043884, 7.037409e-02, 7.017955e-02, 7.047700e-02, 7.144558e-02, 7.225316e-02, 7.227514e-02, 7.230035e-02, 7.233154e-02, 7.234529e-02
INFO:bingo.evolutionary_optimizers.parallel_archipelago:Evolution time 0:00:27.557068	 age 280	 fitness 7.027e-02
Level 25:bingo.evolutionary_optimizers.evolutionary_optimizer:Generation: 110 	 Elapsed time: 0:06:36.126843 	 Best training fitness: 7.026702e-02 	 
Level 25:bingo.evolutionary_optimizers.evolutionary_optimizer:110, 3.961268e+02, 1127085, 7.026702e-02, 7.017955e-02, 7.047700e-02, 7.143638e-02, 7.225316e-02, 7.227514e-02, 7.230035e-02, 7.233154e-02, 7.234529e-02
INFO:bingo.evolutionary_optimizers.parallel_archipelago:Evolution time 0:00:53.453208	 age 300	 fitness 7.033e-02
Level 25:bingo.evolutionary_optimizers.evolutionary_optimizer:Generation: 120 	 Elapsed time: 0:07:29.932630 	 Best training fitness: 7.032539e-02 	 
Level 25:bingo.evolutionary_optimizers.evolutionary_optimizer:120, 4.499326e+02, 1236613, 7.032539e-02, 7.017955e-02, 7.047700e-02, 7.143638e-02, 7.225316e-02, 7.227514e-02, 7.230035e-02, 7.232768e-02
INFO:bingo.evolutionary_optimizers.parallel_archipelago:Evolution time 0:00:24.068493	 age 320	 fitness 7.027e-02
Level 25:bingo.evolutionary_optimizers.evolutionary_optimizer:Generation: 130 	 Elapsed time: 0:07:54.342619 	 Best training fitness: 7.027440e-02 	 
Level 25:bingo.evolutionary_optimizers.evolutionary_optimizer:130, 4.743426e+02, 1316118, 7.027440e-02, 7.017955e-02, 7.047700e-02, 7.143638e-02, 7.225316e-02, 7.227514e-02, 7.230035e-02, 7.232768e-02
INFO:bingo.evolutionary_optimizers.parallel_archipelago:Evolution time 0:00:24.019409	 age 350	 fitness 2.466e-02
Level 25:bingo.evolutionary_optimizers.evolutionary_optimizer:Generation: 140 	 Elapsed time: 0:08:18.726695 	 Best training fitness: 2.466063e-02 	 
Level 25:bingo.evolutionary_optimizers.evolutionary_optimizer:140, 4.987267e+02, 1408642, 2.466063e-02, 2.466063e-02, 6.200929e-02, 7.225316e-02, 7.227514e-02, 7.230035e-02, 7.230119e-02
INFO:bingo.evolutionary_optimizers.parallel_archipelago:Evolution time 0:00:21.439960	 age 370	 fitness 3.330e-05
Level 25:bingo.evolutionary_optimizers.evolutionary_optimizer:Generation: 150 	 Elapsed time: 0:08:40.510435 	 Best training fitness: 3.330155e-05 	 
Level 25:bingo.evolutionary_optimizers.evolutionary_optimizer:150, 5.205104e+02, 1488102, 3.330155e-05, 3.330155e-05, 1.311200e-04, 7.225316e-02, 7.227514e-02, 7.230035e-02, 7.230119e-02
INFO:bingo.evolutionary_optimizers.parallel_archipelago:Evolution time 0:00:28.494584	 age 400	 fitness 4.266e-17
Level 25:bingo.evolutionary_optimizers.evolutionary_optimizer:Generation: 160 	 Elapsed time: 0:09:09.349681 	 Best training fitness: 4.265726e-17 	 
Level 25:bingo.evolutionary_optimizers.evolutionary_optimizer:160, 5.493497e+02, 1585000, 4.265726e-17, 4.265726e-17, 7.225316e-02, 7.225791e-02, 7.230035e-02, 7.230119e-02
Level 25:bingo.evolutionary_optimizers.evolutionary_optimizer:Evolution successfully converged.
Level 25:bingo.evolutionary_optimizers.evolutionary_optimizer:  Absolte convergence occurred with best fitness < 1e-10
Level 25:bingo.evolutionary_optimizers.evolutionary_optimizer:Hall of Fame:
4.265725507214305e-17	7	sin(log((X_1)(X_1) + (X_0)(X_0)))
0.07225316259241062	6	sin(((-1.218718)(-1.218718 + -1.218718))((-1.218718)(-1.218718 + -1.218718) + (-1.218718)(-1.218718 + -1.218718)))
0.07225790540944488	4	sin((5.701188 + 5.701188)(5.701188 + 5.701188))
0.07230035281741025	3	sin(-0.608151 + -0.608151)
0.07230119428094137	1	-0.934909
