Level 25:bingo.evolutionary_optimizers.evolutionary_optimizer:#generational_age, elapsed_time, fitness_evaluation_count, current_training_fitness, hall_of_fame_fitnesses
Level 25:bingo.evolutionary_optimizers.evolutionary_optimizer:#generational_age, elapsed_time, fitness_evaluation_count, current_training_fitness, hall_of_fame_fitnesses
Level 25:bingo.evolutionary_optimizers.evolutionary_optimizer:Generation: 0 	 Elapsed time: 0:00:04.418851 	 Best training fitness: 2.164575e-01 	 
Level 25:bingo.evolutionary_optimizers.evolutionary_optimizer:0, 4.418851e+00, 13326, 2.164575e-01
INFO:bingo.evolutionary_optimizers.parallel_archipelago:Evolution time 0:00:42.786246	 age 30	 fitness 2.163e-01
Level 25:bingo.evolutionary_optimizers.evolutionary_optimizer:Generation: 10 	 Elapsed time: 0:00:47.509386 	 Best training fitness: 2.163038e-01 	 
Level 25:bingo.evolutionary_optimizers.evolutionary_optimizer:10, 4.750939e+01, 162768, 2.163038e-01, 2.163038e-01, 2.163166e-01, 2.163318e-01, 2.163323e-01
INFO:bingo.evolutionary_optimizers.parallel_archipelago:Evolution time 0:00:57.552372	 age 50	 fitness 2.163e-01
Level 25:bingo.evolutionary_optimizers.evolutionary_optimizer:Generation: 20 	 Elapsed time: 0:01:45.389647 	 Best training fitness: 2.163038e-01 	 
Level 25:bingo.evolutionary_optimizers.evolutionary_optimizer:20, 1.053896e+02, 272155, 2.163038e-01, 2.163038e-01, 2.163166e-01, 2.163318e-01, 2.163323e-01
INFO:bingo.evolutionary_optimizers.parallel_archipelago:Evolution time 0:00:24.270721	 age 60	 fitness 2.163e-01
Level 25:bingo.evolutionary_optimizers.evolutionary_optimizer:Generation: 30 	 Elapsed time: 0:02:10.031017 	 Best training fitness: 2.162994e-01 	 
Level 25:bingo.evolutionary_optimizers.evolutionary_optimizer:30, 1.300310e+02, 339479, 2.162994e-01, 2.162994e-01, 2.163017e-01, 2.163038e-01, 2.163106e-01
INFO:bingo.evolutionary_optimizers.parallel_archipelago:Evolution time 0:00:49.718865	 age 70	 fitness 2.163e-01
Level 25:bingo.evolutionary_optimizers.evolutionary_optimizer:Generation: 40 	 Elapsed time: 0:03:00.075008 	 Best training fitness: 2.162977e-01 	 
Level 25:bingo.evolutionary_optimizers.evolutionary_optimizer:40, 1.800750e+02, 427057, 2.162977e-01, 2.162977e-01
INFO:bingo.evolutionary_optimizers.parallel_archipelago:Evolution time 0:00:24.958425	 age 80	 fitness 2.163e-01
Level 25:bingo.evolutionary_optimizers.evolutionary_optimizer:Generation: 50 	 Elapsed time: 0:03:25.354991 	 Best training fitness: 2.162976e-01 	 
Level 25:bingo.evolutionary_optimizers.evolutionary_optimizer:50, 2.053550e+02, 494050, 2.162976e-01, 2.162976e-01, 2.162976e-01
INFO:bingo.evolutionary_optimizers.parallel_archipelago:Evolution time 0:00:41.777235	 age 90	 fitness 2.163e-01
Level 25:bingo.evolutionary_optimizers.evolutionary_optimizer:Generation: 60 	 Elapsed time: 0:04:07.334831 	 Best training fitness: 2.163026e-01 	 
Level 25:bingo.evolutionary_optimizers.evolutionary_optimizer:60, 2.473348e+02, 583796, 2.163026e-01, 2.162976e-01, 2.162976e-01
INFO:bingo.evolutionary_optimizers.parallel_archipelago:Evolution time 0:00:18.051766	 age 100	 fitness 2.161e-01
Level 25:bingo.evolutionary_optimizers.evolutionary_optimizer:Generation: 70 	 Elapsed time: 0:04:25.589032 	 Best training fitness: 2.161359e-01 	 
Level 25:bingo.evolutionary_optimizers.evolutionary_optimizer:70, 2.655890e+02, 652788, 2.161359e-01, 2.161359e-01, 2.162976e-01
INFO:bingo.evolutionary_optimizers.parallel_archipelago:Evolution time 0:00:29.062377	 age 110	 fitness 2.161e-01
Level 25:bingo.evolutionary_optimizers.evolutionary_optimizer:Generation: 80 	 Elapsed time: 0:04:54.853828 	 Best training fitness: 2.160845e-01 	 
Level 25:bingo.evolutionary_optimizers.evolutionary_optimizer:80, 2.948538e+02, 724031, 2.160845e-01, 2.160845e-01, 2.162976e-01
INFO:bingo.evolutionary_optimizers.parallel_archipelago:Evolution time 0:00:34.277940	 age 130	 fitness 2.161e-01
Level 25:bingo.evolutionary_optimizers.evolutionary_optimizer:Generation: 90 	 Elapsed time: 0:05:29.333042 	 Best training fitness: 2.160830e-01 	 
Level 25:bingo.evolutionary_optimizers.evolutionary_optimizer:90, 3.293330e+02, 798915, 2.160830e-01, 2.160830e-01, 2.160845e-01, 2.162976e-01
INFO:bingo.evolutionary_optimizers.parallel_archipelago:Evolution time 0:00:27.347469	 age 140	 fitness 2.158e-01
Level 25:bingo.evolutionary_optimizers.evolutionary_optimizer:Generation: 100 	 Elapsed time: 0:05:56.920161 	 Best training fitness: 2.158107e-01 	 
Level 25:bingo.evolutionary_optimizers.evolutionary_optimizer:100, 3.569202e+02, 875766, 2.158107e-01, 2.158107e-01, 2.160780e-01, 2.160836e-01, 2.162976e-01
INFO:bingo.evolutionary_optimizers.parallel_archipelago:Evolution time 0:00:19.192043	 age 150	 fitness 2.158e-01
Level 25:bingo.evolutionary_optimizers.evolutionary_optimizer:Generation: 110 	 Elapsed time: 0:06:16.413531 	 Best training fitness: 2.158216e-01 	 
Level 25:bingo.evolutionary_optimizers.evolutionary_optimizer:110, 3.764135e+02, 933294, 2.158216e-01, 2.158107e-01, 2.160776e-01, 2.160836e-01, 2.162976e-01
INFO:bingo.evolutionary_optimizers.parallel_archipelago:Evolution time 0:00:36.015579	 age 160	 fitness 2.122e-01
Level 25:bingo.evolutionary_optimizers.evolutionary_optimizer:Generation: 120 	 Elapsed time: 0:06:52.677297 	 Best training fitness: 2.122291e-01 	 
Level 25:bingo.evolutionary_optimizers.evolutionary_optimizer:120, 4.126773e+02, 1014413, 2.122291e-01, 2.122291e-01, 2.160776e-01, 2.160836e-01, 2.162974e-01, 2.162976e-01
INFO:bingo.evolutionary_optimizers.parallel_archipelago:Evolution time 0:00:35.513601	 age 170	 fitness 2.122e-01
Level 25:bingo.evolutionary_optimizers.evolutionary_optimizer:Generation: 130 	 Elapsed time: 0:07:28.397832 	 Best training fitness: 2.121667e-01 	 
Level 25:bingo.evolutionary_optimizers.evolutionary_optimizer:130, 4.483978e+02, 1100484, 2.121667e-01, 2.121667e-01, 2.160776e-01, 2.160836e-01, 2.162974e-01, 2.162976e-01
INFO:bingo.evolutionary_optimizers.parallel_archipelago:Evolution time 0:00:43.018581	 age 180	 fitness 2.122e-01
Level 25:bingo.evolutionary_optimizers.evolutionary_optimizer:Generation: 140 	 Elapsed time: 0:08:11.624743 	 Best training fitness: 2.121667e-01 	 
Level 25:bingo.evolutionary_optimizers.evolutionary_optimizer:140, 4.916247e+02, 1201880, 2.121667e-01, 2.121667e-01, 2.160776e-01, 2.160836e-01, 2.162974e-01, 2.162976e-01
INFO:bingo.evolutionary_optimizers.parallel_archipelago:Evolution time 0:00:40.657863	 age 190	 fitness 1.820e-01
Level 25:bingo.evolutionary_optimizers.evolutionary_optimizer:Generation: 150 	 Elapsed time: 0:08:52.494405 	 Best training fitness: 1.820197e-01 	 
Level 25:bingo.evolutionary_optimizers.evolutionary_optimizer:150, 5.324944e+02, 1321573, 1.820197e-01, 1.820197e-01, 2.121667e-01, 2.160776e-01, 2.160836e-01, 2.162974e-01, 2.162976e-01
INFO:bingo.evolutionary_optimizers.parallel_archipelago:Evolution time 0:00:46.007470	 age 200	 fitness 1.820e-01
Level 25:bingo.evolutionary_optimizers.evolutionary_optimizer:Generation: 160 	 Elapsed time: 0:09:38.711811 	 Best training fitness: 1.819974e-01 	 
Level 25:bingo.evolutionary_optimizers.evolutionary_optimizer:160, 5.787118e+02, 1446488, 1.819974e-01, 1.819974e-01, 2.160776e-01, 2.160836e-01, 2.162974e-01, 2.162976e-01
INFO:bingo.evolutionary_optimizers.parallel_archipelago:Evolution time 0:01:03.689317	 age 210	 fitness 1.820e-01
Level 25:bingo.evolutionary_optimizers.evolutionary_optimizer:Generation: 170 	 Elapsed time: 0:10:42.646124 	 Best training fitness: 1.819788e-01 	 
Level 25:bingo.evolutionary_optimizers.evolutionary_optimizer:170, 6.426461e+02, 1556929, 1.819788e-01, 1.819788e-01, 1.819842e-01, 1.829309e-01, 2.160776e-01, 2.160836e-01, 2.162974e-01, 2.162976e-01
INFO:bingo.evolutionary_optimizers.parallel_archipelago:Evolution time 0:00:27.340917	 age 220	 fitness 1.760e-01
Level 25:bingo.evolutionary_optimizers.evolutionary_optimizer:Generation: 180 	 Elapsed time: 0:11:10.201233 	 Best training fitness: 1.760322e-01 	 
Level 25:bingo.evolutionary_optimizers.evolutionary_optimizer:180, 6.702012e+02, 1639714, 1.760322e-01, 1.760322e-01, 1.819477e-01, 1.819531e-01, 1.829309e-01, 2.160776e-01, 2.160836e-01, 2.162974e-01, 2.162976e-01
INFO:bingo.evolutionary_optimizers.parallel_archipelago:Evolution time 0:00:46.139611	 age 240	 fitness 1.750e-01
Level 25:bingo.evolutionary_optimizers.evolutionary_optimizer:Generation: 190 	 Elapsed time: 0:11:56.604284 	 Best training fitness: 1.749530e-01 	 
Level 25:bingo.evolutionary_optimizers.evolutionary_optimizer:190, 7.166043e+02, 1724168, 1.749530e-01, 1.749530e-01, 1.819477e-01, 1.819531e-01, 1.829309e-01, 2.160776e-01, 2.160836e-01, 2.162974e-01, 2.162976e-01
INFO:bingo.evolutionary_optimizers.parallel_archipelago:Evolution time 0:00:23.516171	 age 250	 fitness 1.590e-01
Level 25:bingo.evolutionary_optimizers.evolutionary_optimizer:Generation: 200 	 Elapsed time: 0:12:20.336602 	 Best training fitness: 1.589678e-01 	 
Level 25:bingo.evolutionary_optimizers.evolutionary_optimizer:200, 7.403366e+02, 1807060, 1.589678e-01, 1.589678e-01, 1.616403e-01, 1.749530e-01, 1.796019e-01, 1.819481e-01, 1.829309e-01, 2.160776e-01, 2.160836e-01, 2.162938e-01, 2.162974e-01, 2.162976e-01
INFO:bingo.evolutionary_optimizers.parallel_archipelago:Evolution time 0:00:39.902667	 age 260	 fitness 1.255e-01
Level 25:bingo.evolutionary_optimizers.evolutionary_optimizer:Generation: 210 	 Elapsed time: 0:13:00.461256 	 Best training fitness: 1.255261e-01 	 
Level 25:bingo.evolutionary_optimizers.evolutionary_optimizer:210, 7.804613e+02, 1902826, 1.255261e-01, 1.255261e-01, 1.360644e-01, 1.616403e-01, 1.749518e-01, 1.795602e-01, 1.819481e-01, 1.829309e-01, 2.160776e-01, 2.160836e-01, 2.162938e-01, 2.162974e-01, 2.162976e-01
INFO:bingo.evolutionary_optimizers.parallel_archipelago:Evolution time 0:00:42.798480	 age 280	 fitness 1.240e-01
Level 25:bingo.evolutionary_optimizers.evolutionary_optimizer:Generation: 220 	 Elapsed time: 0:13:43.489772 	 Best training fitness: 1.240120e-01 	 
Level 25:bingo.evolutionary_optimizers.evolutionary_optimizer:220, 8.234898e+02, 1995782, 1.240120e-01, 1.240120e-01, 1.749518e-01, 1.795602e-01, 1.819481e-01, 1.829309e-01, 2.160776e-01, 2.160836e-01, 2.162938e-01, 2.162974e-01, 2.162976e-01
INFO:bingo.evolutionary_optimizers.parallel_archipelago:Evolution time 0:00:48.128464	 age 290	 fitness 1.234e-01
Level 25:bingo.evolutionary_optimizers.evolutionary_optimizer:Generation: 230 	 Elapsed time: 0:14:31.844533 	 Best training fitness: 1.234180e-01 	 
Level 25:bingo.evolutionary_optimizers.evolutionary_optimizer:230, 8.718445e+02, 2104229, 1.234180e-01, 1.234180e-01, 1.240101e-01, 1.749518e-01, 1.795602e-01, 1.819481e-01, 1.829309e-01, 2.160776e-01, 2.160836e-01, 2.162938e-01, 2.162974e-01, 2.162976e-01
INFO:bingo.evolutionary_optimizers.parallel_archipelago:Evolution time 0:00:23.323661	 age 300	 fitness 1.234e-01
Level 25:bingo.evolutionary_optimizers.evolutionary_optimizer:Generation: 240 	 Elapsed time: 0:14:55.429287 	 Best training fitness: 1.234112e-01 	 
Level 25:bingo.evolutionary_optimizers.evolutionary_optimizer:240, 8.954293e+02, 2182872, 1.234112e-01, 1.234112e-01, 1.234190e-01, 1.239988e-01, 1.749518e-01, 1.795602e-01, 1.819481e-01, 1.829309e-01, 2.160776e-01, 2.160836e-01, 2.162938e-01, 2.162974e-01, 2.162976e-01
INFO:bingo.evolutionary_optimizers.parallel_archipelago:Evolution time 0:00:48.386536	 age 310	 fitness 1.216e-01
Level 25:bingo.evolutionary_optimizers.evolutionary_optimizer:Generation: 250 	 Elapsed time: 0:15:44.043871 	 Best training fitness: 1.215558e-01 	 
Level 25:bingo.evolutionary_optimizers.evolutionary_optimizer:250, 9.440439e+02, 2290822, 1.215558e-01, 1.215558e-01, 1.239988e-01, 1.241254e-01, 1.795602e-01, 1.819481e-01, 1.829309e-01, 2.160776e-01, 2.160836e-01, 2.162938e-01, 2.162974e-01, 2.162976e-01
INFO:bingo.evolutionary_optimizers.parallel_archipelago:Evolution time 0:00:25.210708	 age 320	 fitness 1.216e-01
Level 25:bingo.evolutionary_optimizers.evolutionary_optimizer:Generation: 260 	 Elapsed time: 0:16:09.480630 	 Best training fitness: 1.215528e-01 	 
Level 25:bingo.evolutionary_optimizers.evolutionary_optimizer:260, 9.694806e+02, 2368957, 1.215528e-01, 1.215528e-01, 1.239988e-01, 1.241254e-01, 1.792197e-01, 1.819481e-01, 1.829309e-01, 2.160776e-01, 2.160836e-01, 2.162868e-01, 2.162976e-01
INFO:bingo.evolutionary_optimizers.parallel_archipelago:Evolution time 0:00:43.662327	 age 330	 fitness 1.215e-01
Level 25:bingo.evolutionary_optimizers.evolutionary_optimizer:Generation: 270 	 Elapsed time: 0:16:53.365695 	 Best training fitness: 1.215430e-01 	 
Level 25:bingo.evolutionary_optimizers.evolutionary_optimizer:270, 1.013366e+03, 2489905, 1.215430e-01, 1.215430e-01, 1.239988e-01, 1.241254e-01, 1.792197e-01, 1.819481e-01, 1.829309e-01, 2.160776e-01, 2.160836e-01, 2.162868e-01, 2.162976e-01
INFO:bingo.evolutionary_optimizers.parallel_archipelago:Evolution time 0:00:40.642529	 age 340	 fitness 1.215e-01
Level 25:bingo.evolutionary_optimizers.evolutionary_optimizer:Generation: 280 	 Elapsed time: 0:17:34.227265 	 Best training fitness: 1.215166e-01 	 
Level 25:bingo.evolutionary_optimizers.evolutionary_optimizer:280, 1.054227e+03, 2612537, 1.215166e-01, 1.215166e-01, 1.227196e-01, 1.241254e-01, 1.792197e-01, 1.819481e-01, 1.829309e-01, 2.160776e-01, 2.160836e-01, 2.162868e-01, 2.162976e-01
INFO:bingo.evolutionary_optimizers.parallel_archipelago:Evolution time 0:00:49.022777	 age 350	 fitness 1.215e-01
Level 25:bingo.evolutionary_optimizers.evolutionary_optimizer:Generation: 290 	 Elapsed time: 0:18:23.473604 	 Best training fitness: 1.215172e-01 	 
Level 25:bingo.evolutionary_optimizers.evolutionary_optimizer:290, 1.103474e+03, 2746864, 1.215172e-01, 1.215166e-01, 1.227010e-01, 1.792197e-01, 1.819481e-01, 1.829309e-01, 2.160776e-01, 2.160836e-01, 2.162868e-01, 2.162976e-01
INFO:bingo.evolutionary_optimizers.parallel_archipelago:Evolution time 0:00:28.912681	 age 360	 fitness 1.215e-01
Level 25:bingo.evolutionary_optimizers.evolutionary_optimizer:Generation: 300 	 Elapsed time: 0:18:52.609541 	 Best training fitness: 1.215187e-01 	 
Level 25:bingo.evolutionary_optimizers.evolutionary_optimizer:300, 1.132610e+03, 2836794, 1.215187e-01, 1.215166e-01, 1.227010e-01, 1.792197e-01, 1.819481e-01, 1.829309e-01, 2.160776e-01, 2.160836e-01, 2.162868e-01, 2.162976e-01
INFO:bingo.evolutionary_optimizers.parallel_archipelago:Evolution time 0:00:56.315933	 age 370	 fitness 1.215e-01
Level 25:bingo.evolutionary_optimizers.evolutionary_optimizer:Generation: 310 	 Elapsed time: 0:19:49.182501 	 Best training fitness: 1.215254e-01 	 
Level 25:bingo.evolutionary_optimizers.evolutionary_optimizer:310, 1.189183e+03, 2993986, 1.215254e-01, 1.215166e-01, 1.227010e-01, 1.792197e-01, 1.819481e-01, 1.829309e-01, 2.160776e-01, 2.160836e-01, 2.162868e-01, 2.162976e-01
INFO:bingo.evolutionary_optimizers.parallel_archipelago:Evolution time 0:00:49.585110	 age 390	 fitness 1.215e-01
Level 25:bingo.evolutionary_optimizers.evolutionary_optimizer:Generation: 320 	 Elapsed time: 0:20:38.991481 	 Best training fitness: 1.215181e-01 	 
Level 25:bingo.evolutionary_optimizers.evolutionary_optimizer:320, 1.238991e+03, 3093415, 1.215181e-01, 1.215166e-01, 1.227010e-01, 1.792197e-01, 1.819481e-01, 1.829309e-01, 2.160776e-01, 2.160836e-01, 2.162868e-01, 2.162976e-01
INFO:bingo.evolutionary_optimizers.parallel_archipelago:Evolution time 0:00:30.940505	 age 400	 fitness 1.071e-01
Level 25:bingo.evolutionary_optimizers.evolutionary_optimizer:Generation: 330 	 Elapsed time: 0:21:10.155811 	 Best training fitness: 1.071369e-01 	 
Level 25:bingo.evolutionary_optimizers.evolutionary_optimizer:330, 1.270156e+03, 3193385, 1.071369e-01, 1.071369e-01, 1.083477e-01, 1.215166e-01, 1.227010e-01, 1.792197e-01, 1.819481e-01, 1.829309e-01, 2.160776e-01, 2.160836e-01, 2.162852e-01, 2.162868e-01, 2.162976e-01
INFO:bingo.evolutionary_optimizers.parallel_archipelago:Evolution time 0:01:04.517292	 age 420	 fitness 1.071e-01
Level 25:bingo.evolutionary_optimizers.evolutionary_optimizer:Generation: 340 	 Elapsed time: 0:22:15.028919 	 Best training fitness: 1.071104e-01 	 
Level 25:bingo.evolutionary_optimizers.evolutionary_optimizer:340, 1.335029e+03, 3354823, 1.071104e-01, 1.071104e-01, 1.083477e-01, 1.188288e-01, 1.227010e-01, 1.526652e-01, 1.747171e-01, 2.162852e-01, 2.162868e-01, 2.162976e-01
INFO:bingo.evolutionary_optimizers.parallel_archipelago:Evolution time 0:01:01.489957	 age 450	 fitness 1.071e-01
Level 25:bingo.evolutionary_optimizers.evolutionary_optimizer:Generation: 350 	 Elapsed time: 0:23:16.874614 	 Best training fitness: 1.071219e-01 	 
Level 25:bingo.evolutionary_optimizers.evolutionary_optimizer:350, 1.396875e+03, 3515923, 1.071219e-01, 1.071104e-01, 1.083477e-01, 1.188200e-01, 1.223426e-01, 1.526652e-01, 1.747171e-01, 2.162852e-01, 2.162868e-01, 2.162976e-01
INFO:bingo.evolutionary_optimizers.parallel_archipelago:Evolution time 0:00:36.343078	 age 460	 fitness 1.280e-16
Level 25:bingo.evolutionary_optimizers.evolutionary_optimizer:Generation: 360 	 Elapsed time: 0:23:53.570890 	 Best training fitness: 1.279718e-16 	 
Level 25:bingo.evolutionary_optimizers.evolutionary_optimizer:360, 1.433571e+03, 3649411, 1.279718e-16, 1.279718e-16, 2.162852e-01, 2.162868e-01, 2.162976e-01
Level 25:bingo.evolutionary_optimizers.evolutionary_optimizer:Evolution successfully converged.
Level 25:bingo.evolutionary_optimizers.evolutionary_optimizer:  Absolte convergence occurred with best fitness < 1e-10
Level 25:bingo.evolutionary_optimizers.evolutionary_optimizer:Hall of Fame:
1.2797176521642916e-16	7	sin(log((X_0)(X_0) + (X_1)(X_1)))
0.21628518044016695	4	sin(log(0.072056 + 0.072056))
0.21628680444537174	2	sin(-1.936979)
0.21629760801455303	1	-0.933575
