Level 25:bingo.evolutionary_optimizers.evolutionary_optimizer:#generational_age, elapsed_time, fitness_evaluation_count, current_training_fitness, hall_of_fame_fitnesses
Level 25:bingo.evolutionary_optimizers.evolutionary_optimizer:#generational_age, elapsed_time, fitness_evaluation_count, current_training_fitness, hall_of_fame_fitnesses
Level 25:bingo.evolutionary_optimizers.parallel_archipelago:Saving checkpoint: src/bingo_bias_vias_decomposition/checkpoints_st_20/implicit_st_20_p4_p6_3_0.pkl
INFO:bingo.evolutionary_optimizers.parallel_archipelago:Saved successfully
Level 25:bingo.evolutionary_optimizers.evolutionary_optimizer:Generation: 0 	 Elapsed time: 0:00:03.714003 	 Best training fitness: 9.666812e-02 	 
Level 25:bingo.evolutionary_optimizers.evolutionary_optimizer:0, 3.714003e+00, 12619, 9.666812e-02
INFO:bingo.evolutionary_optimizers.parallel_archipelago:Performing migration between Islands
INFO:bingo.evolutionary_optimizers.parallel_archipelago:Evolution time 0:00:44.477483	 age 20	 fitness 9.632e-02
Level 25:bingo.evolutionary_optimizers.parallel_archipelago:Saving checkpoint: src/bingo_bias_vias_decomposition/checkpoints_st_20/implicit_st_20_p4_p6_3_10.pkl
INFO:bingo.evolutionary_optimizers.parallel_archipelago:Saved successfully
Level 25:bingo.evolutionary_optimizers.evolutionary_optimizer:Generation: 10 	 Elapsed time: 0:00:48.404401 	 Best training fitness: 9.632081e-02 	 
Level 25:bingo.evolutionary_optimizers.evolutionary_optimizer:10, 4.840440e+01, 133692, 9.632081e-02, 9.632081e-02, 9.638971e-02, 9.662508e-02, 9.726378e-02, 9.740648e-02
INFO:bingo.evolutionary_optimizers.parallel_archipelago:Performing migration between Islands
INFO:bingo.evolutionary_optimizers.parallel_archipelago:Evolution time 0:00:25.854090	 age 30	 fitness 9.628e-02
Level 25:bingo.evolutionary_optimizers.parallel_archipelago:Saving checkpoint: src/bingo_bias_vias_decomposition/checkpoints_st_20/implicit_st_20_p4_p6_3_20.pkl
INFO:bingo.evolutionary_optimizers.parallel_archipelago:Saved successfully
Level 25:bingo.evolutionary_optimizers.evolutionary_optimizer:Generation: 20 	 Elapsed time: 0:01:14.518792 	 Best training fitness: 9.628239e-02 	 
Level 25:bingo.evolutionary_optimizers.evolutionary_optimizer:20, 7.451879e+01, 215217, 9.628239e-02, 9.628239e-02, 9.632081e-02, 9.635065e-02, 9.638971e-02, 9.645310e-02, 9.662789e-02
INFO:bingo.evolutionary_optimizers.parallel_archipelago:Performing migration between Islands
INFO:bingo.evolutionary_optimizers.parallel_archipelago:Evolution time 0:00:24.697630	 age 40	 fitness 9.630e-02
Level 25:bingo.evolutionary_optimizers.parallel_archipelago:Saving checkpoint: src/bingo_bias_vias_decomposition/checkpoints_st_20/implicit_st_20_p4_p6_3_30.pkl
INFO:bingo.evolutionary_optimizers.parallel_archipelago:Saved successfully
Level 25:bingo.evolutionary_optimizers.evolutionary_optimizer:Generation: 30 	 Elapsed time: 0:01:39.439656 	 Best training fitness: 9.630389e-02 	 
Level 25:bingo.evolutionary_optimizers.evolutionary_optimizer:30, 9.943966e+01, 280288, 9.630389e-02, 9.628239e-02, 9.630389e-02, 9.632081e-02, 9.635065e-02, 9.638971e-02, 9.645310e-02, 9.662789e-02
INFO:bingo.evolutionary_optimizers.parallel_archipelago:Performing migration between Islands
INFO:bingo.evolutionary_optimizers.parallel_archipelago:Evolution time 0:00:34.968296	 age 50	 fitness 9.631e-02
Level 25:bingo.evolutionary_optimizers.parallel_archipelago:Saving checkpoint: src/bingo_bias_vias_decomposition/checkpoints_st_20/implicit_st_20_p4_p6_3_40.pkl
INFO:bingo.evolutionary_optimizers.parallel_archipelago:Saved successfully
Level 25:bingo.evolutionary_optimizers.evolutionary_optimizer:Generation: 40 	 Elapsed time: 0:02:14.633041 	 Best training fitness: 9.630894e-02 	 
Level 25:bingo.evolutionary_optimizers.evolutionary_optimizer:40, 1.346330e+02, 369823, 9.630894e-02, 9.628239e-02, 9.630389e-02, 9.630894e-02, 9.632081e-02, 9.635065e-02, 9.638971e-02, 9.645310e-02, 9.653245e-02
INFO:bingo.evolutionary_optimizers.parallel_archipelago:Performing migration between Islands
INFO:bingo.evolutionary_optimizers.parallel_archipelago:Evolution time 0:00:26.598905	 age 60	 fitness 9.634e-02
Level 25:bingo.evolutionary_optimizers.parallel_archipelago:Saving checkpoint: src/bingo_bias_vias_decomposition/checkpoints_st_20/implicit_st_20_p4_p6_3_50.pkl
INFO:bingo.evolutionary_optimizers.parallel_archipelago:Saved successfully
Level 25:bingo.evolutionary_optimizers.evolutionary_optimizer:Generation: 50 	 Elapsed time: 0:02:41.456670 	 Best training fitness: 9.633573e-02 	 
Level 25:bingo.evolutionary_optimizers.evolutionary_optimizer:50, 1.614567e+02, 433409, 9.633573e-02, 9.628239e-02, 9.630389e-02, 9.630894e-02, 9.632081e-02, 9.635065e-02, 9.638971e-02, 9.639474e-02, 9.653245e-02
INFO:bingo.evolutionary_optimizers.parallel_archipelago:Performing migration between Islands
INFO:bingo.evolutionary_optimizers.parallel_archipelago:Evolution time 0:00:26.722703	 age 70	 fitness 9.627e-02
Level 25:bingo.evolutionary_optimizers.parallel_archipelago:Saving checkpoint: src/bingo_bias_vias_decomposition/checkpoints_st_20/implicit_st_20_p4_p6_3_60.pkl
INFO:bingo.evolutionary_optimizers.parallel_archipelago:Saved successfully
Level 25:bingo.evolutionary_optimizers.evolutionary_optimizer:Generation: 60 	 Elapsed time: 0:03:08.394425 	 Best training fitness: 9.626928e-02 	 
Level 25:bingo.evolutionary_optimizers.evolutionary_optimizer:60, 1.883944e+02, 500522, 9.626928e-02, 9.626928e-02, 9.633248e-02, 9.653245e-02
INFO:bingo.evolutionary_optimizers.parallel_archipelago:Performing migration between Islands
INFO:bingo.evolutionary_optimizers.parallel_archipelago:Evolution time 0:00:24.789726	 age 80	 fitness 9.629e-02
Level 25:bingo.evolutionary_optimizers.parallel_archipelago:Saving checkpoint: src/bingo_bias_vias_decomposition/checkpoints_st_20/implicit_st_20_p4_p6_3_70.pkl
INFO:bingo.evolutionary_optimizers.parallel_archipelago:Saved successfully
Level 25:bingo.evolutionary_optimizers.evolutionary_optimizer:Generation: 70 	 Elapsed time: 0:03:33.400152 	 Best training fitness: 9.628945e-02 	 
Level 25:bingo.evolutionary_optimizers.evolutionary_optimizer:70, 2.134002e+02, 566579, 9.628945e-02, 9.626928e-02, 9.632836e-02, 9.653245e-02
INFO:bingo.evolutionary_optimizers.parallel_archipelago:Performing migration between Islands
INFO:bingo.evolutionary_optimizers.parallel_archipelago:Evolution time 0:00:19.152757	 age 90	 fitness 9.628e-02
Level 25:bingo.evolutionary_optimizers.parallel_archipelago:Saving checkpoint: src/bingo_bias_vias_decomposition/checkpoints_st_20/implicit_st_20_p4_p6_3_80.pkl
INFO:bingo.evolutionary_optimizers.parallel_archipelago:Saved successfully
Level 25:bingo.evolutionary_optimizers.evolutionary_optimizer:Generation: 80 	 Elapsed time: 0:03:52.769971 	 Best training fitness: 9.628470e-02 	 
Level 25:bingo.evolutionary_optimizers.evolutionary_optimizer:80, 2.327700e+02, 625071, 9.628470e-02, 9.626928e-02, 9.632836e-02, 9.653245e-02
INFO:bingo.evolutionary_optimizers.parallel_archipelago:Performing migration between Islands
INFO:bingo.evolutionary_optimizers.parallel_archipelago:Evolution time 0:00:26.415854	 age 100	 fitness 9.625e-02
Level 25:bingo.evolutionary_optimizers.parallel_archipelago:Saving checkpoint: src/bingo_bias_vias_decomposition/checkpoints_st_20/implicit_st_20_p4_p6_3_90.pkl
INFO:bingo.evolutionary_optimizers.parallel_archipelago:Saved successfully
Level 25:bingo.evolutionary_optimizers.evolutionary_optimizer:Generation: 90 	 Elapsed time: 0:04:19.436640 	 Best training fitness: 9.624783e-02 	 
Level 25:bingo.evolutionary_optimizers.evolutionary_optimizer:90, 2.594366e+02, 695610, 9.624783e-02, 9.624783e-02, 9.629285e-02, 9.653245e-02
INFO:bingo.evolutionary_optimizers.parallel_archipelago:Performing migration between Islands
INFO:bingo.evolutionary_optimizers.parallel_archipelago:Evolution time 0:00:28.343541	 age 110	 fitness 9.619e-02
Level 25:bingo.evolutionary_optimizers.parallel_archipelago:Saving checkpoint: src/bingo_bias_vias_decomposition/checkpoints_st_20/implicit_st_20_p4_p6_3_100.pkl
INFO:bingo.evolutionary_optimizers.parallel_archipelago:Saved successfully
Level 25:bingo.evolutionary_optimizers.evolutionary_optimizer:Generation: 100 	 Elapsed time: 0:04:47.992087 	 Best training fitness: 9.618974e-02 	 
Level 25:bingo.evolutionary_optimizers.evolutionary_optimizer:100, 2.879921e+02, 779801, 9.618974e-02, 9.618974e-02, 9.624783e-02, 9.629285e-02, 9.651344e-02
INFO:bingo.evolutionary_optimizers.parallel_archipelago:Performing migration between Islands
INFO:bingo.evolutionary_optimizers.parallel_archipelago:Evolution time 0:00:21.949789	 age 120	 fitness 9.634e-02
Level 25:bingo.evolutionary_optimizers.parallel_archipelago:Saving checkpoint: src/bingo_bias_vias_decomposition/checkpoints_st_20/implicit_st_20_p4_p6_3_110.pkl
INFO:bingo.evolutionary_optimizers.parallel_archipelago:Saved successfully
Level 25:bingo.evolutionary_optimizers.evolutionary_optimizer:Generation: 110 	 Elapsed time: 0:05:10.156949 	 Best training fitness: 9.634287e-02 	 
Level 25:bingo.evolutionary_optimizers.evolutionary_optimizer:110, 3.101569e+02, 837109, 9.634287e-02, 9.618974e-02, 9.624783e-02, 9.629285e-02, 9.650191e-02
INFO:bingo.evolutionary_optimizers.parallel_archipelago:Performing migration between Islands
INFO:bingo.evolutionary_optimizers.parallel_archipelago:Evolution time 0:00:15.224411	 age 130	 fitness 9.629e-02
Level 25:bingo.evolutionary_optimizers.parallel_archipelago:Saving checkpoint: src/bingo_bias_vias_decomposition/checkpoints_st_20/implicit_st_20_p4_p6_3_120.pkl
INFO:bingo.evolutionary_optimizers.parallel_archipelago:Saved successfully
Level 25:bingo.evolutionary_optimizers.evolutionary_optimizer:Generation: 120 	 Elapsed time: 0:05:25.596269 	 Best training fitness: 9.628937e-02 	 
Level 25:bingo.evolutionary_optimizers.evolutionary_optimizer:120, 3.255963e+02, 891822, 9.628937e-02, 9.618974e-02, 9.624783e-02, 9.629285e-02, 9.650191e-02
INFO:bingo.evolutionary_optimizers.parallel_archipelago:Performing migration between Islands
INFO:bingo.evolutionary_optimizers.parallel_archipelago:Evolution time 0:00:38.880029	 age 140	 fitness 9.626e-02
Level 25:bingo.evolutionary_optimizers.parallel_archipelago:Saving checkpoint: src/bingo_bias_vias_decomposition/checkpoints_st_20/implicit_st_20_p4_p6_3_130.pkl
INFO:bingo.evolutionary_optimizers.parallel_archipelago:Saved successfully
Level 25:bingo.evolutionary_optimizers.evolutionary_optimizer:Generation: 130 	 Elapsed time: 0:06:04.741866 	 Best training fitness: 9.625704e-02 	 
Level 25:bingo.evolutionary_optimizers.evolutionary_optimizer:130, 3.647419e+02, 967699, 9.625704e-02, 9.618974e-02, 9.624783e-02, 9.629285e-02, 9.635985e-02
INFO:bingo.evolutionary_optimizers.parallel_archipelago:Performing migration between Islands
INFO:bingo.evolutionary_optimizers.parallel_archipelago:Evolution time 0:00:28.633717	 age 150	 fitness 9.597e-02
Level 25:bingo.evolutionary_optimizers.parallel_archipelago:Saving checkpoint: src/bingo_bias_vias_decomposition/checkpoints_st_20/implicit_st_20_p4_p6_3_140.pkl
INFO:bingo.evolutionary_optimizers.parallel_archipelago:Saved successfully
Level 25:bingo.evolutionary_optimizers.evolutionary_optimizer:Generation: 140 	 Elapsed time: 0:06:33.595933 	 Best training fitness: 9.596695e-02 	 
Level 25:bingo.evolutionary_optimizers.evolutionary_optimizer:140, 3.935959e+02, 1035259, 9.596695e-02, 9.596695e-02, 9.607615e-02, 9.618974e-02, 9.624783e-02, 9.629285e-02, 9.635985e-02
INFO:bingo.evolutionary_optimizers.parallel_archipelago:Performing migration between Islands
INFO:bingo.evolutionary_optimizers.parallel_archipelago:Evolution time 0:00:15.504021	 age 160	 fitness 9.590e-02
Level 25:bingo.evolutionary_optimizers.parallel_archipelago:Saving checkpoint: src/bingo_bias_vias_decomposition/checkpoints_st_20/implicit_st_20_p4_p6_3_150.pkl
INFO:bingo.evolutionary_optimizers.parallel_archipelago:Saved successfully
Level 25:bingo.evolutionary_optimizers.evolutionary_optimizer:Generation: 150 	 Elapsed time: 0:06:49.316771 	 Best training fitness: 9.590389e-02 	 
Level 25:bingo.evolutionary_optimizers.evolutionary_optimizer:150, 4.093168e+02, 1090845, 9.590389e-02, 9.590389e-02, 9.596695e-02, 9.607615e-02, 9.618974e-02, 9.624783e-02, 9.629285e-02, 9.635985e-02
INFO:bingo.evolutionary_optimizers.parallel_archipelago:Performing migration between Islands
INFO:bingo.evolutionary_optimizers.parallel_archipelago:Evolution time 0:00:41.295343	 age 170	 fitness 9.390e-02
Level 25:bingo.evolutionary_optimizers.parallel_archipelago:Saving checkpoint: src/bingo_bias_vias_decomposition/checkpoints_st_20/implicit_st_20_p4_p6_3_160.pkl
INFO:bingo.evolutionary_optimizers.parallel_archipelago:Saved successfully
Level 25:bingo.evolutionary_optimizers.evolutionary_optimizer:Generation: 160 	 Elapsed time: 0:07:30.875247 	 Best training fitness: 9.389855e-02 	 
Level 25:bingo.evolutionary_optimizers.evolutionary_optimizer:160, 4.508752e+02, 1164283, 9.389855e-02, 9.389855e-02, 9.570593e-02, 9.607615e-02, 9.618974e-02, 9.624783e-02, 9.629285e-02, 9.635985e-02
INFO:bingo.evolutionary_optimizers.parallel_archipelago:Performing migration between Islands
INFO:bingo.evolutionary_optimizers.parallel_archipelago:Evolution time 0:00:26.731134	 age 180	 fitness 9.196e-02
Level 25:bingo.evolutionary_optimizers.parallel_archipelago:Saving checkpoint: src/bingo_bias_vias_decomposition/checkpoints_st_20/implicit_st_20_p4_p6_3_170.pkl
INFO:bingo.evolutionary_optimizers.parallel_archipelago:Saved successfully
Level 25:bingo.evolutionary_optimizers.evolutionary_optimizer:Generation: 170 	 Elapsed time: 0:07:57.827646 	 Best training fitness: 9.196343e-02 	 
Level 25:bingo.evolutionary_optimizers.evolutionary_optimizer:170, 4.778276e+02, 1236357, 9.196343e-02, 9.196343e-02, 9.607615e-02, 9.618974e-02, 9.624783e-02, 9.629285e-02, 9.635985e-02
INFO:bingo.evolutionary_optimizers.parallel_archipelago:Performing migration between Islands
INFO:bingo.evolutionary_optimizers.parallel_archipelago:Evolution time 0:00:15.189060	 age 190	 fitness 9.152e-02
Level 25:bingo.evolutionary_optimizers.parallel_archipelago:Saving checkpoint: src/bingo_bias_vias_decomposition/checkpoints_st_20/implicit_st_20_p4_p6_3_180.pkl
INFO:bingo.evolutionary_optimizers.parallel_archipelago:Saved successfully
Level 25:bingo.evolutionary_optimizers.evolutionary_optimizer:Generation: 180 	 Elapsed time: 0:08:13.242284 	 Best training fitness: 9.151733e-02 	 
Level 25:bingo.evolutionary_optimizers.evolutionary_optimizer:180, 4.932423e+02, 1282561, 9.151733e-02, 9.151733e-02, 9.580180e-02, 9.607615e-02, 9.618974e-02, 9.621785e-02, 9.624783e-02, 9.628065e-02, 9.635985e-02
INFO:bingo.evolutionary_optimizers.parallel_archipelago:Performing migration between Islands
INFO:bingo.evolutionary_optimizers.parallel_archipelago:Evolution time 0:00:24.390040	 age 200	 fitness 9.128e-02
Level 25:bingo.evolutionary_optimizers.parallel_archipelago:Saving checkpoint: src/bingo_bias_vias_decomposition/checkpoints_st_20/implicit_st_20_p4_p6_3_190.pkl
INFO:bingo.evolutionary_optimizers.parallel_archipelago:Saved successfully
Level 25:bingo.evolutionary_optimizers.evolutionary_optimizer:Generation: 190 	 Elapsed time: 0:08:37.874310 	 Best training fitness: 9.128098e-02 	 
Level 25:bingo.evolutionary_optimizers.evolutionary_optimizer:190, 5.178743e+02, 1351463, 9.128098e-02, 9.128098e-02, 9.569675e-02, 9.618974e-02, 9.621785e-02, 9.624783e-02, 9.628065e-02, 9.635985e-02
INFO:bingo.evolutionary_optimizers.parallel_archipelago:Performing migration between Islands
INFO:bingo.evolutionary_optimizers.parallel_archipelago:Evolution time 0:00:42.202390	 age 210	 fitness 8.677e-02
Level 25:bingo.evolutionary_optimizers.parallel_archipelago:Saving checkpoint: src/bingo_bias_vias_decomposition/checkpoints_st_20/implicit_st_20_p4_p6_3_200.pkl
INFO:bingo.evolutionary_optimizers.parallel_archipelago:Saved successfully
Level 25:bingo.evolutionary_optimizers.evolutionary_optimizer:Generation: 200 	 Elapsed time: 0:09:20.305385 	 Best training fitness: 8.677385e-02 	 
Level 25:bingo.evolutionary_optimizers.evolutionary_optimizer:200, 5.603054e+02, 1420773, 8.677385e-02, 8.677385e-02, 8.683965e-02, 9.120677e-02, 9.551464e-02, 9.618974e-02, 9.621785e-02, 9.624783e-02, 9.628065e-02, 9.635985e-02
INFO:bingo.evolutionary_optimizers.parallel_archipelago:Performing migration between Islands
INFO:bingo.evolutionary_optimizers.parallel_archipelago:Evolution time 0:00:42.605976	 age 220	 fitness 8.641e-02
Level 25:bingo.evolutionary_optimizers.parallel_archipelago:Saving checkpoint: src/bingo_bias_vias_decomposition/checkpoints_st_20/implicit_st_20_p4_p6_3_210.pkl
INFO:bingo.evolutionary_optimizers.parallel_archipelago:Saved successfully
Level 25:bingo.evolutionary_optimizers.evolutionary_optimizer:Generation: 210 	 Elapsed time: 0:10:03.150162 	 Best training fitness: 8.641384e-02 	 
Level 25:bingo.evolutionary_optimizers.evolutionary_optimizer:210, 6.031502e+02, 1492470, 8.641384e-02, 8.641384e-02, 8.642903e-02, 8.646219e-02, 9.120677e-02, 9.547081e-02, 9.548630e-02, 9.618974e-02, 9.621785e-02, 9.624783e-02, 9.628065e-02, 9.635985e-02
INFO:bingo.evolutionary_optimizers.parallel_archipelago:Performing migration between Islands
INFO:bingo.evolutionary_optimizers.parallel_archipelago:Evolution time 0:00:43.601944	 age 230	 fitness 6.675e-02
Level 25:bingo.evolutionary_optimizers.parallel_archipelago:Saving checkpoint: src/bingo_bias_vias_decomposition/checkpoints_st_20/implicit_st_20_p4_p6_3_220.pkl
INFO:bingo.evolutionary_optimizers.parallel_archipelago:Saved successfully
Level 25:bingo.evolutionary_optimizers.evolutionary_optimizer:Generation: 220 	 Elapsed time: 0:10:46.994039 	 Best training fitness: 6.674601e-02 	 
Level 25:bingo.evolutionary_optimizers.evolutionary_optimizer:220, 6.469940e+02, 1577895, 6.674601e-02, 6.674601e-02, 8.244317e-02, 8.638610e-02, 8.646219e-02, 9.072296e-02, 9.119774e-02, 9.547032e-02, 9.548630e-02, 9.618974e-02, 9.621785e-02, 9.624783e-02, 9.628065e-02, 9.635985e-02
INFO:bingo.evolutionary_optimizers.parallel_archipelago:Performing migration between Islands
INFO:bingo.evolutionary_optimizers.parallel_archipelago:Evolution time 0:00:35.286057	 age 240	 fitness 6.662e-02
Level 25:bingo.evolutionary_optimizers.parallel_archipelago:Saving checkpoint: src/bingo_bias_vias_decomposition/checkpoints_st_20/implicit_st_20_p4_p6_3_230.pkl
INFO:bingo.evolutionary_optimizers.parallel_archipelago:Saved successfully
Level 25:bingo.evolutionary_optimizers.evolutionary_optimizer:Generation: 230 	 Elapsed time: 0:11:22.563376 	 Best training fitness: 6.662102e-02 	 
Level 25:bingo.evolutionary_optimizers.evolutionary_optimizer:230, 6.825634e+02, 1658121, 6.662102e-02, 6.662102e-02, 6.669679e-02, 8.128543e-02, 8.177339e-02, 8.645245e-02, 8.646219e-02, 9.042189e-02, 9.119774e-02, 9.539866e-02, 9.542254e-02, 9.618974e-02, 9.621785e-02, 9.624783e-02, 9.628065e-02, 9.635985e-02
INFO:bingo.evolutionary_optimizers.parallel_archipelago:Performing migration between Islands
INFO:bingo.evolutionary_optimizers.parallel_archipelago:Evolution time 0:00:46.161642	 age 250	 fitness 6.615e-02
Level 25:bingo.evolutionary_optimizers.parallel_archipelago:Saving checkpoint: src/bingo_bias_vias_decomposition/checkpoints_st_20/implicit_st_20_p4_p6_3_240.pkl
INFO:bingo.evolutionary_optimizers.parallel_archipelago:Saved successfully
Level 25:bingo.evolutionary_optimizers.evolutionary_optimizer:Generation: 240 	 Elapsed time: 0:12:08.965884 	 Best training fitness: 6.614854e-02 	 
Level 25:bingo.evolutionary_optimizers.evolutionary_optimizer:240, 7.289659e+02, 1748312, 6.614854e-02, 6.614854e-02, 6.636797e-02, 8.123904e-02, 8.139561e-02, 9.023888e-02, 9.119677e-02, 9.539866e-02, 9.542254e-02, 9.618974e-02, 9.621785e-02, 9.624783e-02, 9.628065e-02, 9.635985e-02
INFO:bingo.evolutionary_optimizers.parallel_archipelago:Performing migration between Islands
INFO:bingo.evolutionary_optimizers.parallel_archipelago:Evolution time 0:00:43.109653	 age 260	 fitness 6.599e-02
Level 25:bingo.evolutionary_optimizers.parallel_archipelago:Saving checkpoint: src/bingo_bias_vias_decomposition/checkpoints_st_20/implicit_st_20_p4_p6_3_250.pkl
INFO:bingo.evolutionary_optimizers.parallel_archipelago:Saved successfully
Level 25:bingo.evolutionary_optimizers.evolutionary_optimizer:Generation: 250 	 Elapsed time: 0:12:52.317106 	 Best training fitness: 6.598745e-02 	 
Level 25:bingo.evolutionary_optimizers.evolutionary_optimizer:250, 7.723171e+02, 1831140, 6.598745e-02, 6.598745e-02, 8.099302e-02, 8.139561e-02, 9.014230e-02, 9.119677e-02, 9.539866e-02, 9.542254e-02, 9.618974e-02, 9.621785e-02, 9.624783e-02, 9.628065e-02, 9.635985e-02
INFO:bingo.evolutionary_optimizers.parallel_archipelago:Performing migration between Islands
INFO:bingo.evolutionary_optimizers.parallel_archipelago:Evolution time 0:00:29.029941	 age 270	 fitness 6.535e-02
Level 25:bingo.evolutionary_optimizers.parallel_archipelago:Saving checkpoint: src/bingo_bias_vias_decomposition/checkpoints_st_20/implicit_st_20_p4_p6_3_260.pkl
INFO:bingo.evolutionary_optimizers.parallel_archipelago:Saved successfully
Level 25:bingo.evolutionary_optimizers.evolutionary_optimizer:Generation: 260 	 Elapsed time: 0:13:21.595552 	 Best training fitness: 6.534621e-02 	 
Level 25:bingo.evolutionary_optimizers.evolutionary_optimizer:260, 8.015956e+02, 1908587, 6.534621e-02, 6.534621e-02, 6.591809e-02, 6.597075e-02, 8.097206e-02, 8.130345e-02, 8.139561e-02, 9.014230e-02, 9.119677e-02, 9.539866e-02, 9.542254e-02, 9.618974e-02, 9.621785e-02, 9.624783e-02, 9.628065e-02, 9.635985e-02
INFO:bingo.evolutionary_optimizers.parallel_archipelago:Performing migration between Islands
INFO:bingo.evolutionary_optimizers.parallel_archipelago:Evolution time 0:00:34.305550	 age 280	 fitness 6.535e-02
Level 25:bingo.evolutionary_optimizers.parallel_archipelago:Saving checkpoint: src/bingo_bias_vias_decomposition/checkpoints_st_20/implicit_st_20_p4_p6_3_270.pkl
INFO:bingo.evolutionary_optimizers.parallel_archipelago:Saved successfully
Level 25:bingo.evolutionary_optimizers.evolutionary_optimizer:Generation: 270 	 Elapsed time: 0:13:56.151150 	 Best training fitness: 6.534621e-02 	 
Level 25:bingo.evolutionary_optimizers.evolutionary_optimizer:270, 8.361512e+02, 1974936, 6.534621e-02, 6.534621e-02, 6.591809e-02, 6.594623e-02, 6.624493e-02, 8.130345e-02, 8.139561e-02, 9.014230e-02, 9.119677e-02, 9.539866e-02, 9.541304e-02, 9.618974e-02, 9.621785e-02, 9.624783e-02, 9.628065e-02, 9.635985e-02
INFO:bingo.evolutionary_optimizers.parallel_archipelago:Performing migration between Islands
INFO:bingo.evolutionary_optimizers.parallel_archipelago:Evolution time 0:00:18.396043	 age 290	 fitness 6.433e-02
Level 25:bingo.evolutionary_optimizers.parallel_archipelago:Saving checkpoint: src/bingo_bias_vias_decomposition/checkpoints_st_20/implicit_st_20_p4_p6_3_280.pkl
INFO:bingo.evolutionary_optimizers.parallel_archipelago:Saved successfully
Level 25:bingo.evolutionary_optimizers.evolutionary_optimizer:Generation: 280 	 Elapsed time: 0:14:14.799342 	 Best training fitness: 6.432890e-02 	 
Level 25:bingo.evolutionary_optimizers.evolutionary_optimizer:280, 8.547993e+02, 2030520, 6.432890e-02, 6.432890e-02, 6.591202e-02, 6.594623e-02, 6.624493e-02, 8.130345e-02, 8.139561e-02, 9.014230e-02, 9.119677e-02, 9.533988e-02, 9.618974e-02, 9.621785e-02, 9.624783e-02, 9.628065e-02, 9.635985e-02
INFO:bingo.evolutionary_optimizers.parallel_archipelago:Performing migration between Islands
INFO:bingo.evolutionary_optimizers.parallel_archipelago:Evolution time 0:00:33.798662	 age 300	 fitness 6.389e-02
Level 25:bingo.evolutionary_optimizers.parallel_archipelago:Saving checkpoint: src/bingo_bias_vias_decomposition/checkpoints_st_20/implicit_st_20_p4_p6_3_290.pkl
INFO:bingo.evolutionary_optimizers.parallel_archipelago:Saved successfully
Level 25:bingo.evolutionary_optimizers.evolutionary_optimizer:Generation: 290 	 Elapsed time: 0:14:48.846891 	 Best training fitness: 6.388946e-02 	 
Level 25:bingo.evolutionary_optimizers.evolutionary_optimizer:290, 8.888469e+02, 2112679, 6.388946e-02, 6.388946e-02, 6.591147e-02, 6.618145e-02, 6.624493e-02, 8.130345e-02, 8.139561e-02, 9.014230e-02, 9.119677e-02, 9.533988e-02, 9.618974e-02, 9.621785e-02, 9.624783e-02, 9.628065e-02, 9.635985e-02
INFO:bingo.evolutionary_optimizers.parallel_archipelago:Performing migration between Islands
INFO:bingo.evolutionary_optimizers.parallel_archipelago:Evolution time 0:00:40.271838	 age 310	 fitness 6.381e-02
Level 25:bingo.evolutionary_optimizers.parallel_archipelago:Saving checkpoint: src/bingo_bias_vias_decomposition/checkpoints_st_20/implicit_st_20_p4_p6_3_300.pkl
INFO:bingo.evolutionary_optimizers.parallel_archipelago:Saved successfully
Level 25:bingo.evolutionary_optimizers.evolutionary_optimizer:Generation: 300 	 Elapsed time: 0:15:29.406284 	 Best training fitness: 6.380630e-02 	 
Level 25:bingo.evolutionary_optimizers.evolutionary_optimizer:300, 9.294063e+02, 2213418, 6.380630e-02, 6.380630e-02, 6.591147e-02, 6.618145e-02, 6.624493e-02, 8.130345e-02, 8.139561e-02, 9.010574e-02, 9.119677e-02, 9.533988e-02, 9.618974e-02, 9.621785e-02, 9.624783e-02, 9.628065e-02, 9.635985e-02
INFO:bingo.evolutionary_optimizers.parallel_archipelago:Performing migration between Islands
INFO:bingo.evolutionary_optimizers.parallel_archipelago:Evolution time 0:00:21.534128	 age 320	 fitness 6.372e-02
Level 25:bingo.evolutionary_optimizers.parallel_archipelago:Saving checkpoint: src/bingo_bias_vias_decomposition/checkpoints_st_20/implicit_st_20_p4_p6_3_310.pkl
INFO:bingo.evolutionary_optimizers.parallel_archipelago:Saved successfully
Level 25:bingo.evolutionary_optimizers.evolutionary_optimizer:Generation: 310 	 Elapsed time: 0:15:51.189011 	 Best training fitness: 6.371913e-02 	 
Level 25:bingo.evolutionary_optimizers.evolutionary_optimizer:310, 9.511890e+02, 2298630, 6.371913e-02, 6.371913e-02, 6.385358e-02, 6.591147e-02, 6.618145e-02, 6.624493e-02, 8.130345e-02, 8.139561e-02, 9.010574e-02, 9.119677e-02, 9.533988e-02, 9.618974e-02, 9.621785e-02, 9.624783e-02, 9.628065e-02, 9.635985e-02
INFO:bingo.evolutionary_optimizers.parallel_archipelago:Performing migration between Islands
INFO:bingo.evolutionary_optimizers.parallel_archipelago:Evolution time 0:00:58.320648	 age 330	 fitness 6.373e-02
Level 25:bingo.evolutionary_optimizers.parallel_archipelago:Saving checkpoint: src/bingo_bias_vias_decomposition/checkpoints_st_20/implicit_st_20_p4_p6_3_320.pkl
INFO:bingo.evolutionary_optimizers.parallel_archipelago:Saved successfully
Level 25:bingo.evolutionary_optimizers.evolutionary_optimizer:Generation: 320 	 Elapsed time: 0:16:49.752953 	 Best training fitness: 6.373040e-02 	 
Level 25:bingo.evolutionary_optimizers.evolutionary_optimizer:320, 1.009753e+03, 2397361, 6.373040e-02, 6.371913e-02, 6.373040e-02, 6.591147e-02, 6.618145e-02, 6.624493e-02, 8.130345e-02, 8.139561e-02, 9.010574e-02, 9.119677e-02, 9.533988e-02, 9.618974e-02, 9.621785e-02, 9.624783e-02, 9.628065e-02, 9.635985e-02
INFO:bingo.evolutionary_optimizers.parallel_archipelago:Performing migration between Islands
INFO:bingo.evolutionary_optimizers.parallel_archipelago:Evolution time 0:00:39.089755	 age 340	 fitness 6.372e-02
Level 25:bingo.evolutionary_optimizers.parallel_archipelago:Saving checkpoint: src/bingo_bias_vias_decomposition/checkpoints_st_20/implicit_st_20_p4_p6_3_330.pkl
INFO:bingo.evolutionary_optimizers.parallel_archipelago:Saved successfully
Level 25:bingo.evolutionary_optimizers.evolutionary_optimizer:Generation: 330 	 Elapsed time: 0:17:29.086206 	 Best training fitness: 6.371507e-02 	 
Level 25:bingo.evolutionary_optimizers.evolutionary_optimizer:330, 1.049086e+03, 2500994, 6.371507e-02, 6.371507e-02, 6.373040e-02, 6.591147e-02, 6.618145e-02, 6.624493e-02, 8.130345e-02, 8.139561e-02, 9.010574e-02, 9.119677e-02, 9.533988e-02, 9.618974e-02, 9.621785e-02, 9.624783e-02, 9.628065e-02, 9.635985e-02
INFO:bingo.evolutionary_optimizers.parallel_archipelago:Performing migration between Islands
INFO:bingo.evolutionary_optimizers.parallel_archipelago:Evolution time 0:00:56.904563	 age 350	 fitness 6.371e-02
Level 25:bingo.evolutionary_optimizers.parallel_archipelago:Saving checkpoint: src/bingo_bias_vias_decomposition/checkpoints_st_20/implicit_st_20_p4_p6_3_340.pkl
INFO:bingo.evolutionary_optimizers.parallel_archipelago:Saved successfully
Level 25:bingo.evolutionary_optimizers.evolutionary_optimizer:Generation: 340 	 Elapsed time: 0:18:26.236428 	 Best training fitness: 6.371187e-02 	 
Level 25:bingo.evolutionary_optimizers.evolutionary_optimizer:340, 1.106236e+03, 2615223, 6.371187e-02, 6.371187e-02, 6.373040e-02, 6.591147e-02, 6.618145e-02, 6.624493e-02, 8.130345e-02, 8.139561e-02, 9.010574e-02, 9.119677e-02, 9.533988e-02, 9.618974e-02, 9.621785e-02, 9.624783e-02, 9.628065e-02, 9.635985e-02
INFO:bingo.evolutionary_optimizers.parallel_archipelago:Performing migration between Islands
INFO:bingo.evolutionary_optimizers.parallel_archipelago:Evolution time 0:00:35.492694	 age 360	 fitness 5.504e-02
Level 25:bingo.evolutionary_optimizers.parallel_archipelago:Saving checkpoint: src/bingo_bias_vias_decomposition/checkpoints_st_20/implicit_st_20_p4_p6_3_350.pkl
INFO:bingo.evolutionary_optimizers.parallel_archipelago:Saved successfully
Level 25:bingo.evolutionary_optimizers.evolutionary_optimizer:Generation: 350 	 Elapsed time: 0:19:01.971488 	 Best training fitness: 5.503826e-02 	 
Level 25:bingo.evolutionary_optimizers.evolutionary_optimizer:350, 1.141971e+03, 2723450, 5.503826e-02, 5.503826e-02, 6.371132e-02, 6.591147e-02, 6.618145e-02, 6.624493e-02, 8.130345e-02, 8.139561e-02, 8.155990e-02, 9.119677e-02, 9.533988e-02, 9.618974e-02, 9.621785e-02, 9.624783e-02, 9.628065e-02, 9.635985e-02
INFO:bingo.evolutionary_optimizers.parallel_archipelago:Performing migration between Islands
INFO:bingo.evolutionary_optimizers.parallel_archipelago:Evolution time 0:00:38.357003	 age 370	 fitness 5.504e-02
Level 25:bingo.evolutionary_optimizers.parallel_archipelago:Saving checkpoint: src/bingo_bias_vias_decomposition/checkpoints_st_20/implicit_st_20_p4_p6_3_360.pkl
INFO:bingo.evolutionary_optimizers.parallel_archipelago:Saved successfully
Level 25:bingo.evolutionary_optimizers.evolutionary_optimizer:Generation: 360 	 Elapsed time: 0:19:40.607445 	 Best training fitness: 5.503826e-02 	 
Level 25:bingo.evolutionary_optimizers.evolutionary_optimizer:360, 1.180607e+03, 2836182, 5.503826e-02, 5.503826e-02, 6.368641e-02, 6.591147e-02, 6.618145e-02, 6.624493e-02, 8.130345e-02, 8.138142e-02, 9.119677e-02, 9.533988e-02, 9.618974e-02, 9.621785e-02, 9.624783e-02, 9.628065e-02, 9.635985e-02
INFO:bingo.evolutionary_optimizers.parallel_archipelago:Performing migration between Islands
INFO:bingo.evolutionary_optimizers.parallel_archipelago:Evolution time 0:00:45.870272	 age 380	 fitness 5.504e-02
Level 25:bingo.evolutionary_optimizers.parallel_archipelago:Saving checkpoint: src/bingo_bias_vias_decomposition/checkpoints_st_20/implicit_st_20_p4_p6_3_370.pkl
INFO:bingo.evolutionary_optimizers.parallel_archipelago:Saved successfully
Level 25:bingo.evolutionary_optimizers.evolutionary_optimizer:Generation: 370 	 Elapsed time: 0:20:26.716431 	 Best training fitness: 5.503926e-02 	 
Level 25:bingo.evolutionary_optimizers.evolutionary_optimizer:370, 1.226716e+03, 2933168, 5.503926e-02, 5.503826e-02, 5.693720e-02, 6.524637e-02, 7.793807e-02, 8.127096e-02, 9.533988e-02, 9.618974e-02, 9.621785e-02, 9.624783e-02, 9.628065e-02, 9.635985e-02
INFO:bingo.evolutionary_optimizers.parallel_archipelago:Performing migration between Islands
INFO:bingo.evolutionary_optimizers.parallel_archipelago:Evolution time 0:00:27.690987	 age 390	 fitness 5.503e-02
Level 25:bingo.evolutionary_optimizers.parallel_archipelago:Saving checkpoint: src/bingo_bias_vias_decomposition/checkpoints_st_20/implicit_st_20_p4_p6_3_380.pkl
INFO:bingo.evolutionary_optimizers.parallel_archipelago:Saved successfully
Level 25:bingo.evolutionary_optimizers.evolutionary_optimizer:Generation: 380 	 Elapsed time: 0:20:54.632030 	 Best training fitness: 5.503219e-02 	 
Level 25:bingo.evolutionary_optimizers.evolutionary_optimizer:380, 1.254632e+03, 3028679, 5.503219e-02, 5.503219e-02, 5.682452e-02, 5.976821e-02, 8.127096e-02, 9.533988e-02, 9.618974e-02, 9.621785e-02, 9.624783e-02, 9.628065e-02, 9.635985e-02
INFO:bingo.evolutionary_optimizers.parallel_archipelago:Performing migration between Islands
INFO:bingo.evolutionary_optimizers.parallel_archipelago:Evolution time 0:00:40.338898	 age 400	 fitness 3.944e-02
Level 25:bingo.evolutionary_optimizers.parallel_archipelago:Saving checkpoint: src/bingo_bias_vias_decomposition/checkpoints_st_20/implicit_st_20_p4_p6_3_390.pkl
INFO:bingo.evolutionary_optimizers.parallel_archipelago:Saved successfully
Level 25:bingo.evolutionary_optimizers.evolutionary_optimizer:Generation: 390 	 Elapsed time: 0:21:35.203332 	 Best training fitness: 3.943798e-02 	 
Level 25:bingo.evolutionary_optimizers.evolutionary_optimizer:390, 1.295203e+03, 3131747, 3.943798e-02, 3.943798e-02, 4.193936e-02, 5.957226e-02, 8.127096e-02, 9.533988e-02, 9.618974e-02, 9.621785e-02, 9.624783e-02, 9.628065e-02, 9.635985e-02
INFO:bingo.evolutionary_optimizers.parallel_archipelago:Performing migration between Islands
INFO:bingo.evolutionary_optimizers.parallel_archipelago:Evolution time 0:00:24.151522	 age 410	 fitness 3.943e-02
Level 25:bingo.evolutionary_optimizers.parallel_archipelago:Saving checkpoint: src/bingo_bias_vias_decomposition/checkpoints_st_20/implicit_st_20_p4_p6_3_400.pkl
INFO:bingo.evolutionary_optimizers.parallel_archipelago:Saved successfully
Level 25:bingo.evolutionary_optimizers.evolutionary_optimizer:Generation: 400 	 Elapsed time: 0:21:59.586338 	 Best training fitness: 3.943250e-02 	 
Level 25:bingo.evolutionary_optimizers.evolutionary_optimizer:400, 1.319586e+03, 3222129, 3.943250e-02, 3.943250e-02, 4.193936e-02, 4.318143e-02, 8.127096e-02, 9.533988e-02, 9.618974e-02, 9.621785e-02, 9.624783e-02, 9.628065e-02, 9.635985e-02
INFO:bingo.evolutionary_optimizers.parallel_archipelago:Performing migration between Islands
INFO:bingo.evolutionary_optimizers.parallel_archipelago:Evolution time 0:00:22.267875	 age 420	 fitness 3.943e-02
Level 25:bingo.evolutionary_optimizers.parallel_archipelago:Saving checkpoint: src/bingo_bias_vias_decomposition/checkpoints_st_20/implicit_st_20_p4_p6_3_410.pkl
INFO:bingo.evolutionary_optimizers.parallel_archipelago:Saved successfully
Level 25:bingo.evolutionary_optimizers.evolutionary_optimizer:Generation: 410 	 Elapsed time: 0:22:22.083634 	 Best training fitness: 3.943123e-02 	 
Level 25:bingo.evolutionary_optimizers.evolutionary_optimizer:410, 1.342084e+03, 3300895, 3.943123e-02, 3.943123e-02, 4.186519e-02, 4.318143e-02, 8.127096e-02, 9.533988e-02, 9.618974e-02, 9.621785e-02, 9.624783e-02, 9.628065e-02, 9.635985e-02
INFO:bingo.evolutionary_optimizers.parallel_archipelago:Performing migration between Islands
INFO:bingo.evolutionary_optimizers.parallel_archipelago:Evolution time 0:00:39.842487	 age 430	 fitness 3.944e-02
Level 25:bingo.evolutionary_optimizers.parallel_archipelago:Saving checkpoint: src/bingo_bias_vias_decomposition/checkpoints_st_20/implicit_st_20_p4_p6_3_420.pkl
INFO:bingo.evolutionary_optimizers.parallel_archipelago:Saved successfully
Level 25:bingo.evolutionary_optimizers.evolutionary_optimizer:Generation: 420 	 Elapsed time: 0:23:02.154352 	 Best training fitness: 3.943636e-02 	 
Level 25:bingo.evolutionary_optimizers.evolutionary_optimizer:420, 1.382154e+03, 3391250, 3.943636e-02, 3.943123e-02, 4.182739e-02, 4.318143e-02, 8.127096e-02, 9.533988e-02, 9.618974e-02, 9.621785e-02, 9.624783e-02, 9.625875e-02, 9.634523e-02
INFO:bingo.evolutionary_optimizers.parallel_archipelago:Performing migration between Islands
INFO:bingo.evolutionary_optimizers.parallel_archipelago:Evolution time 0:00:57.064960	 age 440	 fitness 3.943e-02
Level 25:bingo.evolutionary_optimizers.parallel_archipelago:Saving checkpoint: src/bingo_bias_vias_decomposition/checkpoints_st_20/implicit_st_20_p4_p6_3_430.pkl
INFO:bingo.evolutionary_optimizers.parallel_archipelago:Saved successfully
Level 25:bingo.evolutionary_optimizers.evolutionary_optimizer:Generation: 430 	 Elapsed time: 0:23:59.485556 	 Best training fitness: 3.942786e-02 	 
Level 25:bingo.evolutionary_optimizers.evolutionary_optimizer:430, 1.439486e+03, 3504792, 3.942786e-02, 3.942786e-02, 4.181731e-02, 4.318143e-02, 7.841515e-02, 9.533988e-02, 9.618974e-02, 9.621785e-02, 9.624783e-02, 9.625875e-02, 9.634523e-02
INFO:bingo.evolutionary_optimizers.parallel_archipelago:Performing migration between Islands
INFO:bingo.evolutionary_optimizers.parallel_archipelago:Evolution time 0:00:39.893693	 age 450	 fitness 3.943e-02
Level 25:bingo.evolutionary_optimizers.parallel_archipelago:Saving checkpoint: src/bingo_bias_vias_decomposition/checkpoints_st_20/implicit_st_20_p4_p6_3_440.pkl
INFO:bingo.evolutionary_optimizers.parallel_archipelago:Saved successfully
Level 25:bingo.evolutionary_optimizers.evolutionary_optimizer:Generation: 440 	 Elapsed time: 0:24:39.742948 	 Best training fitness: 3.943436e-02 	 
Level 25:bingo.evolutionary_optimizers.evolutionary_optimizer:440, 1.479743e+03, 3593964, 3.943436e-02, 3.942786e-02, 4.181731e-02, 4.318143e-02, 7.841515e-02, 7.917317e-02, 9.533988e-02, 9.599668e-02, 9.621785e-02, 9.624783e-02, 9.625875e-02, 9.634523e-02
INFO:bingo.evolutionary_optimizers.parallel_archipelago:Performing migration between Islands
INFO:bingo.evolutionary_optimizers.parallel_archipelago:Evolution time 0:00:23.970195	 age 460	 fitness 3.938e-02
Level 25:bingo.evolutionary_optimizers.parallel_archipelago:Saving checkpoint: src/bingo_bias_vias_decomposition/checkpoints_st_20/implicit_st_20_p4_p6_3_450.pkl
INFO:bingo.evolutionary_optimizers.parallel_archipelago:Saved successfully
Level 25:bingo.evolutionary_optimizers.evolutionary_optimizer:Generation: 450 	 Elapsed time: 0:25:03.944458 	 Best training fitness: 3.938228e-02 	 
Level 25:bingo.evolutionary_optimizers.evolutionary_optimizer:450, 1.503944e+03, 3683950, 3.938228e-02, 3.938228e-02, 4.180049e-02, 4.318143e-02, 7.841515e-02, 7.917317e-02, 9.533988e-02, 9.599668e-02, 9.621785e-02, 9.624783e-02, 9.625875e-02, 9.634523e-02
INFO:bingo.evolutionary_optimizers.parallel_archipelago:Performing migration between Islands
INFO:bingo.evolutionary_optimizers.parallel_archipelago:Evolution time 0:00:22.096378	 age 470	 fitness 3.938e-02
Level 25:bingo.evolutionary_optimizers.parallel_archipelago:Saving checkpoint: src/bingo_bias_vias_decomposition/checkpoints_st_20/implicit_st_20_p4_p6_3_460.pkl
INFO:bingo.evolutionary_optimizers.parallel_archipelago:Saved successfully
Level 25:bingo.evolutionary_optimizers.evolutionary_optimizer:Generation: 460 	 Elapsed time: 0:25:26.267422 	 Best training fitness: 3.937837e-02 	 
Level 25:bingo.evolutionary_optimizers.evolutionary_optimizer:460, 1.526267e+03, 3762173, 3.937837e-02, 3.937837e-02, 4.180049e-02, 4.307344e-02, 7.841515e-02, 7.890196e-02, 9.533988e-02, 9.599668e-02, 9.621785e-02, 9.624783e-02, 9.625875e-02, 9.634523e-02
INFO:bingo.evolutionary_optimizers.parallel_archipelago:Performing migration between Islands
INFO:bingo.evolutionary_optimizers.parallel_archipelago:Evolution time 0:00:22.802469	 age 480	 fitness 3.937e-02
Level 25:bingo.evolutionary_optimizers.parallel_archipelago:Saving checkpoint: src/bingo_bias_vias_decomposition/checkpoints_st_20/implicit_st_20_p4_p6_3_470.pkl
INFO:bingo.evolutionary_optimizers.parallel_archipelago:Saved successfully
Level 25:bingo.evolutionary_optimizers.evolutionary_optimizer:Generation: 470 	 Elapsed time: 0:25:49.289270 	 Best training fitness: 3.937249e-02 	 
Level 25:bingo.evolutionary_optimizers.evolutionary_optimizer:470, 1.549289e+03, 3855573, 3.937249e-02, 3.937249e-02, 4.180049e-02, 4.307344e-02, 7.841515e-02, 7.890196e-02, 9.533988e-02, 9.599668e-02, 9.621785e-02, 9.624783e-02, 9.625875e-02, 9.634523e-02
INFO:bingo.evolutionary_optimizers.parallel_archipelago:Performing migration between Islands
INFO:bingo.evolutionary_optimizers.parallel_archipelago:Evolution time 0:00:39.052501	 age 490	 fitness 3.939e-02
Level 25:bingo.evolutionary_optimizers.parallel_archipelago:Saving checkpoint: src/bingo_bias_vias_decomposition/checkpoints_st_20/implicit_st_20_p4_p6_3_480.pkl
INFO:bingo.evolutionary_optimizers.parallel_archipelago:Saved successfully
Level 25:bingo.evolutionary_optimizers.evolutionary_optimizer:Generation: 480 	 Elapsed time: 0:26:28.576820 	 Best training fitness: 3.938851e-02 	 
Level 25:bingo.evolutionary_optimizers.evolutionary_optimizer:480, 1.588577e+03, 3932025, 3.938851e-02, 3.937249e-02, 4.180049e-02, 4.297042e-02, 7.841515e-02, 7.890196e-02, 9.533988e-02, 9.599668e-02, 9.621785e-02, 9.624783e-02, 9.625875e-02, 9.634523e-02
INFO:bingo.evolutionary_optimizers.parallel_archipelago:Performing migration between Islands
INFO:bingo.evolutionary_optimizers.parallel_archipelago:Evolution time 0:00:59.728954	 age 500	 fitness 3.938e-02
Level 25:bingo.evolutionary_optimizers.parallel_archipelago:Saving checkpoint: src/bingo_bias_vias_decomposition/checkpoints_st_20/implicit_st_20_p4_p6_3_490.pkl
INFO:bingo.evolutionary_optimizers.parallel_archipelago:Saved successfully
Level 25:bingo.evolutionary_optimizers.evolutionary_optimizer:Generation: 490 	 Elapsed time: 0:27:28.535726 	 Best training fitness: 3.938394e-02 	 
Level 25:bingo.evolutionary_optimizers.evolutionary_optimizer:490, 1.648536e+03, 4052039, 3.938394e-02, 3.937249e-02, 4.180049e-02, 4.297042e-02, 7.841515e-02, 7.851930e-02, 9.533988e-02, 9.599668e-02, 9.621785e-02, 9.624783e-02, 9.625875e-02, 9.634523e-02
INFO:bingo.evolutionary_optimizers.parallel_archipelago:Performing migration between Islands
INFO:bingo.evolutionary_optimizers.parallel_archipelago:Evolution time 0:00:21.921523	 age 510	 fitness 3.937e-02
Level 25:bingo.evolutionary_optimizers.parallel_archipelago:Saving checkpoint: src/bingo_bias_vias_decomposition/checkpoints_st_20/implicit_st_20_p4_p6_3_500.pkl
INFO:bingo.evolutionary_optimizers.parallel_archipelago:Saved successfully
Level 25:bingo.evolutionary_optimizers.evolutionary_optimizer:Generation: 500 	 Elapsed time: 0:27:50.713943 	 Best training fitness: 3.937496e-02 	 
Level 25:bingo.evolutionary_optimizers.evolutionary_optimizer:500, 1.670714e+03, 4138914, 3.937496e-02, 3.937249e-02, 4.180049e-02, 4.297042e-02, 7.841515e-02, 7.851930e-02, 9.533988e-02, 9.599668e-02, 9.621785e-02, 9.624783e-02, 9.625875e-02, 9.634523e-02
INFO:bingo.evolutionary_optimizers.parallel_archipelago:Performing migration between Islands
INFO:bingo.evolutionary_optimizers.parallel_archipelago:Evolution time 0:00:33.305372	 age 520	 fitness 3.937e-02
Level 25:bingo.evolutionary_optimizers.parallel_archipelago:Saving checkpoint: src/bingo_bias_vias_decomposition/checkpoints_st_20/implicit_st_20_p4_p6_3_510.pkl
INFO:bingo.evolutionary_optimizers.parallel_archipelago:Saved successfully
Level 25:bingo.evolutionary_optimizers.evolutionary_optimizer:Generation: 510 	 Elapsed time: 0:28:24.250246 	 Best training fitness: 3.937496e-02 	 
Level 25:bingo.evolutionary_optimizers.evolutionary_optimizer:510, 1.704250e+03, 4243871, 3.937496e-02, 3.937249e-02, 4.180049e-02, 4.297042e-02, 7.841515e-02, 7.851930e-02, 9.533988e-02, 9.599668e-02, 9.621785e-02, 9.624783e-02, 9.625875e-02, 9.630946e-02
INFO:bingo.evolutionary_optimizers.parallel_archipelago:Performing migration between Islands
INFO:bingo.evolutionary_optimizers.parallel_archipelago:Evolution time 0:01:03.342979	 age 530	 fitness 3.936e-02
Level 25:bingo.evolutionary_optimizers.parallel_archipelago:Saving checkpoint: src/bingo_bias_vias_decomposition/checkpoints_st_20/implicit_st_20_p4_p6_3_520.pkl
INFO:bingo.evolutionary_optimizers.parallel_archipelago:Saved successfully
Level 25:bingo.evolutionary_optimizers.evolutionary_optimizer:Generation: 520 	 Elapsed time: 0:29:27.828234 	 Best training fitness: 3.936168e-02 	 
Level 25:bingo.evolutionary_optimizers.evolutionary_optimizer:520, 1.767828e+03, 4363674, 3.936168e-02, 3.936168e-02, 3.937249e-02, 4.180049e-02, 4.297042e-02, 7.841515e-02, 7.851930e-02, 9.533988e-02, 9.599668e-02, 9.621785e-02, 9.624783e-02, 9.625875e-02, 9.630946e-02
INFO:bingo.evolutionary_optimizers.parallel_archipelago:Performing migration between Islands
INFO:bingo.evolutionary_optimizers.parallel_archipelago:Evolution time 0:00:44.427417	 age 540	 fitness 3.830e-02
Level 25:bingo.evolutionary_optimizers.parallel_archipelago:Saving checkpoint: src/bingo_bias_vias_decomposition/checkpoints_st_20/implicit_st_20_p4_p6_3_530.pkl
INFO:bingo.evolutionary_optimizers.parallel_archipelago:Saved successfully
Level 25:bingo.evolutionary_optimizers.evolutionary_optimizer:Generation: 530 	 Elapsed time: 0:30:12.477241 	 Best training fitness: 3.830073e-02 	 
Level 25:bingo.evolutionary_optimizers.evolutionary_optimizer:530, 1.812477e+03, 4477706, 3.830073e-02, 3.830073e-02, 3.902117e-02, 3.936005e-02, 4.180049e-02, 4.297042e-02, 7.841515e-02, 7.851930e-02, 9.533988e-02, 9.599668e-02, 9.621785e-02, 9.624783e-02, 9.625875e-02, 9.630946e-02
INFO:bingo.evolutionary_optimizers.parallel_archipelago:Performing migration between Islands
INFO:bingo.evolutionary_optimizers.parallel_archipelago:Evolution time 0:00:59.258374	 age 550	 fitness 3.809e-02
Level 25:bingo.evolutionary_optimizers.parallel_archipelago:Saving checkpoint: src/bingo_bias_vias_decomposition/checkpoints_st_20/implicit_st_20_p4_p6_3_540.pkl
INFO:bingo.evolutionary_optimizers.parallel_archipelago:Saved successfully
Level 25:bingo.evolutionary_optimizers.evolutionary_optimizer:Generation: 540 	 Elapsed time: 0:31:11.969739 	 Best training fitness: 3.809315e-02 	 
Level 25:bingo.evolutionary_optimizers.evolutionary_optimizer:540, 1.871970e+03, 4571794, 3.809315e-02, 3.809315e-02, 3.845642e-02, 3.936005e-02, 4.180049e-02, 4.297042e-02, 7.841515e-02, 7.851930e-02, 9.533988e-02, 9.599668e-02, 9.621785e-02, 9.624783e-02, 9.625875e-02, 9.630946e-02
INFO:bingo.evolutionary_optimizers.parallel_archipelago:Performing migration between Islands
INFO:bingo.evolutionary_optimizers.parallel_archipelago:Evolution time 0:01:11.666963	 age 560	 fitness 3.810e-02
Level 25:bingo.evolutionary_optimizers.parallel_archipelago:Saving checkpoint: src/bingo_bias_vias_decomposition/checkpoints_st_20/implicit_st_20_p4_p6_3_550.pkl
INFO:bingo.evolutionary_optimizers.parallel_archipelago:Saved successfully
Level 25:bingo.evolutionary_optimizers.evolutionary_optimizer:Generation: 550 	 Elapsed time: 0:32:23.865380 	 Best training fitness: 3.810155e-02 	 
Level 25:bingo.evolutionary_optimizers.evolutionary_optimizer:550, 1.943865e+03, 4719096, 3.810155e-02, 3.809315e-02, 3.845642e-02, 3.936005e-02, 4.180049e-02, 4.297042e-02, 7.841515e-02, 7.851930e-02, 9.533988e-02, 9.599668e-02, 9.621785e-02, 9.624783e-02, 9.625875e-02, 9.626223e-02
INFO:bingo.evolutionary_optimizers.parallel_archipelago:Performing migration between Islands
INFO:bingo.evolutionary_optimizers.parallel_archipelago:Evolution time 0:00:43.669502	 age 570	 fitness 3.810e-02
Level 25:bingo.evolutionary_optimizers.parallel_archipelago:Saving checkpoint: src/bingo_bias_vias_decomposition/checkpoints_st_20/implicit_st_20_p4_p6_3_560.pkl
INFO:bingo.evolutionary_optimizers.parallel_archipelago:Saved successfully
Level 25:bingo.evolutionary_optimizers.evolutionary_optimizer:Generation: 560 	 Elapsed time: 0:33:07.762682 	 Best training fitness: 3.810155e-02 	 
Level 25:bingo.evolutionary_optimizers.evolutionary_optimizer:560, 1.987763e+03, 4832335, 3.810155e-02, 3.809315e-02, 3.845642e-02, 3.936005e-02, 4.180049e-02, 4.297042e-02, 7.841515e-02, 7.851930e-02, 9.533988e-02, 9.599668e-02, 9.621785e-02, 9.623781e-02
INFO:bingo.evolutionary_optimizers.parallel_archipelago:Performing migration between Islands
INFO:bingo.evolutionary_optimizers.parallel_archipelago:Evolution time 0:00:23.779027	 age 580	 fitness 3.810e-02
Level 25:bingo.evolutionary_optimizers.parallel_archipelago:Saving checkpoint: src/bingo_bias_vias_decomposition/checkpoints_st_20/implicit_st_20_p4_p6_3_570.pkl
INFO:bingo.evolutionary_optimizers.parallel_archipelago:Saved successfully
Level 25:bingo.evolutionary_optimizers.evolutionary_optimizer:Generation: 570 	 Elapsed time: 0:33:31.781294 	 Best training fitness: 3.810155e-02 	 
Level 25:bingo.evolutionary_optimizers.evolutionary_optimizer:570, 2.011781e+03, 4912832, 3.810155e-02, 3.809315e-02, 3.845642e-02, 3.936005e-02, 4.180049e-02, 4.297042e-02, 7.841515e-02, 7.851930e-02, 9.533988e-02, 9.599668e-02, 9.621785e-02, 9.623781e-02
INFO:bingo.evolutionary_optimizers.parallel_archipelago:Performing migration between Islands
INFO:bingo.evolutionary_optimizers.parallel_archipelago:Evolution time 0:00:41.331621	 age 590	 fitness 3.808e-02
Level 25:bingo.evolutionary_optimizers.parallel_archipelago:Saving checkpoint: src/bingo_bias_vias_decomposition/checkpoints_st_20/implicit_st_20_p4_p6_3_580.pkl
INFO:bingo.evolutionary_optimizers.parallel_archipelago:Saved successfully
Level 25:bingo.evolutionary_optimizers.evolutionary_optimizer:Generation: 580 	 Elapsed time: 0:34:13.340186 	 Best training fitness: 3.807645e-02 	 
Level 25:bingo.evolutionary_optimizers.evolutionary_optimizer:580, 2.053340e+03, 4995517, 3.807645e-02, 3.807645e-02, 3.817014e-02, 3.936005e-02, 4.180049e-02, 4.297042e-02, 7.841515e-02, 7.851930e-02, 9.533988e-02, 9.599668e-02, 9.621785e-02, 9.623781e-02
INFO:bingo.evolutionary_optimizers.parallel_archipelago:Performing migration between Islands
INFO:bingo.evolutionary_optimizers.parallel_archipelago:Evolution time 0:01:04.604522	 age 600	 fitness 3.809e-02
Level 25:bingo.evolutionary_optimizers.parallel_archipelago:Saving checkpoint: src/bingo_bias_vias_decomposition/checkpoints_st_20/implicit_st_20_p4_p6_3_590.pkl
INFO:bingo.evolutionary_optimizers.parallel_archipelago:Saved successfully
Level 25:bingo.evolutionary_optimizers.evolutionary_optimizer:Generation: 590 	 Elapsed time: 0:35:18.174821 	 Best training fitness: 3.808687e-02 	 
Level 25:bingo.evolutionary_optimizers.evolutionary_optimizer:590, 2.118175e+03, 5100887, 3.808687e-02, 3.807645e-02, 3.817014e-02, 3.936005e-02, 4.180049e-02, 4.297042e-02, 7.841515e-02, 7.851930e-02, 9.533988e-02, 9.599668e-02, 9.621785e-02, 9.623781e-02
INFO:bingo.evolutionary_optimizers.parallel_archipelago:Performing migration between Islands
INFO:bingo.evolutionary_optimizers.parallel_archipelago:Evolution time 0:00:43.882217	 age 610	 fitness 3.809e-02
Level 25:bingo.evolutionary_optimizers.parallel_archipelago:Saving checkpoint: src/bingo_bias_vias_decomposition/checkpoints_st_20/implicit_st_20_p4_p6_3_600.pkl
INFO:bingo.evolutionary_optimizers.parallel_archipelago:Saved successfully
Level 25:bingo.evolutionary_optimizers.evolutionary_optimizer:Generation: 600 	 Elapsed time: 0:36:02.284906 	 Best training fitness: 3.808548e-02 	 
Level 25:bingo.evolutionary_optimizers.evolutionary_optimizer:600, 2.162285e+03, 5184888, 3.808548e-02, 3.807645e-02, 3.817014e-02, 3.936005e-02, 4.180049e-02, 4.297042e-02, 7.841515e-02, 7.851930e-02, 9.533988e-02, 9.599668e-02, 9.621785e-02, 9.623781e-02
INFO:bingo.evolutionary_optimizers.parallel_archipelago:Performing migration between Islands
INFO:bingo.evolutionary_optimizers.parallel_archipelago:Evolution time 0:01:09.443605	 age 620	 fitness 3.808e-02
Level 25:bingo.evolutionary_optimizers.parallel_archipelago:Saving checkpoint: src/bingo_bias_vias_decomposition/checkpoints_st_20/implicit_st_20_p4_p6_3_610.pkl
INFO:bingo.evolutionary_optimizers.parallel_archipelago:Saved successfully
Level 25:bingo.evolutionary_optimizers.evolutionary_optimizer:Generation: 610 	 Elapsed time: 0:37:11.959488 	 Best training fitness: 3.808056e-02 	 
Level 25:bingo.evolutionary_optimizers.evolutionary_optimizer:610, 2.231959e+03, 5318468, 3.808056e-02, 3.807645e-02, 3.813869e-02, 3.936005e-02, 4.180049e-02, 4.297042e-02, 7.841515e-02, 7.851930e-02, 9.533988e-02, 9.599668e-02, 9.621785e-02, 9.623781e-02
INFO:bingo.evolutionary_optimizers.parallel_archipelago:Performing migration between Islands
INFO:bingo.evolutionary_optimizers.parallel_archipelago:Evolution time 0:00:26.651799	 age 630	 fitness 3.810e-02
Level 25:bingo.evolutionary_optimizers.parallel_archipelago:Saving checkpoint: src/bingo_bias_vias_decomposition/checkpoints_st_20/implicit_st_20_p4_p6_3_620.pkl
INFO:bingo.evolutionary_optimizers.parallel_archipelago:Saved successfully
Level 25:bingo.evolutionary_optimizers.evolutionary_optimizer:Generation: 620 	 Elapsed time: 0:37:38.841617 	 Best training fitness: 3.809691e-02 	 
Level 25:bingo.evolutionary_optimizers.evolutionary_optimizer:620, 2.258842e+03, 5410395, 3.809691e-02, 3.807645e-02, 3.813869e-02, 3.905505e-02, 3.936005e-02, 4.180049e-02, 4.297042e-02, 7.841515e-02, 7.851930e-02, 9.533988e-02, 9.599668e-02, 9.621785e-02, 9.623781e-02
INFO:bingo.evolutionary_optimizers.parallel_archipelago:Performing migration between Islands
INFO:bingo.evolutionary_optimizers.parallel_archipelago:Evolution time 0:01:12.497296	 age 640	 fitness 3.809e-02
Level 25:bingo.evolutionary_optimizers.parallel_archipelago:Saving checkpoint: src/bingo_bias_vias_decomposition/checkpoints_st_20/implicit_st_20_p4_p6_3_630.pkl
INFO:bingo.evolutionary_optimizers.parallel_archipelago:Saved successfully
Level 25:bingo.evolutionary_optimizers.evolutionary_optimizer:Generation: 630 	 Elapsed time: 0:38:51.604236 	 Best training fitness: 3.809451e-02 	 
Level 25:bingo.evolutionary_optimizers.evolutionary_optimizer:630, 2.331604e+03, 5529473, 3.809451e-02, 3.807645e-02, 3.812238e-02, 3.905505e-02, 3.936005e-02, 4.180049e-02, 4.297042e-02, 7.841515e-02, 7.851930e-02, 9.533988e-02, 9.599668e-02, 9.621785e-02, 9.623781e-02
INFO:bingo.evolutionary_optimizers.parallel_archipelago:Performing migration between Islands
INFO:bingo.evolutionary_optimizers.parallel_archipelago:Evolution time 0:01:06.996734	 age 650	 fitness 3.809e-02
Level 25:bingo.evolutionary_optimizers.parallel_archipelago:Saving checkpoint: src/bingo_bias_vias_decomposition/checkpoints_st_20/implicit_st_20_p4_p6_3_640.pkl
INFO:bingo.evolutionary_optimizers.parallel_archipelago:Saved successfully
Level 25:bingo.evolutionary_optimizers.evolutionary_optimizer:Generation: 640 	 Elapsed time: 0:39:58.850429 	 Best training fitness: 3.808948e-02 	 
Level 25:bingo.evolutionary_optimizers.evolutionary_optimizer:640, 2.398850e+03, 5651013, 3.808948e-02, 3.807645e-02, 3.812238e-02, 3.905505e-02, 3.936005e-02, 4.180049e-02, 4.297042e-02, 7.841515e-02, 7.851930e-02, 9.533988e-02, 9.599668e-02, 9.621785e-02, 9.623781e-02
INFO:bingo.evolutionary_optimizers.parallel_archipelago:Performing migration between Islands
INFO:bingo.evolutionary_optimizers.parallel_archipelago:Evolution time 0:00:43.607918	 age 660	 fitness 3.809e-02
Level 25:bingo.evolutionary_optimizers.parallel_archipelago:Saving checkpoint: src/bingo_bias_vias_decomposition/checkpoints_st_20/implicit_st_20_p4_p6_3_650.pkl
INFO:bingo.evolutionary_optimizers.parallel_archipelago:Saved successfully
Level 25:bingo.evolutionary_optimizers.evolutionary_optimizer:Generation: 650 	 Elapsed time: 0:40:42.689502 	 Best training fitness: 3.808741e-02 	 
Level 25:bingo.evolutionary_optimizers.evolutionary_optimizer:650, 2.442690e+03, 5744427, 3.808741e-02, 3.807645e-02, 3.812238e-02, 3.905505e-02, 3.936005e-02, 4.180049e-02, 4.297042e-02, 7.841515e-02, 7.851930e-02, 9.533988e-02, 9.599668e-02, 9.621785e-02, 9.623781e-02
INFO:bingo.evolutionary_optimizers.parallel_archipelago:Performing migration between Islands
INFO:bingo.evolutionary_optimizers.parallel_archipelago:Evolution time 0:01:10.373856	 age 670	 fitness 3.156e-02
Level 25:bingo.evolutionary_optimizers.parallel_archipelago:Saving checkpoint: src/bingo_bias_vias_decomposition/checkpoints_st_20/implicit_st_20_p4_p6_3_660.pkl
INFO:bingo.evolutionary_optimizers.parallel_archipelago:Saved successfully
Level 25:bingo.evolutionary_optimizers.evolutionary_optimizer:Generation: 660 	 Elapsed time: 0:41:53.291789 	 Best training fitness: 3.156457e-02 	 
Level 25:bingo.evolutionary_optimizers.evolutionary_optimizer:660, 2.513292e+03, 5852033, 3.156457e-02, 3.156457e-02, 3.650994e-02, 4.297042e-02, 7.841515e-02, 7.851930e-02, 9.533988e-02, 9.599668e-02, 9.621785e-02, 9.623781e-02
INFO:bingo.evolutionary_optimizers.parallel_archipelago:Performing migration between Islands
INFO:bingo.evolutionary_optimizers.parallel_archipelago:Evolution time 0:00:41.590172	 age 680	 fitness 5.688e-17
Level 25:bingo.evolutionary_optimizers.parallel_archipelago:Saving checkpoint: src/bingo_bias_vias_decomposition/checkpoints_st_20/implicit_st_20_p4_p6_3_670.pkl
INFO:bingo.evolutionary_optimizers.parallel_archipelago:Saved successfully
Level 25:bingo.evolutionary_optimizers.evolutionary_optimizer:Generation: 670 	 Elapsed time: 0:42:35.100018 	 Best training fitness: 5.687634e-17 	 
Level 25:bingo.evolutionary_optimizers.evolutionary_optimizer:670, 2.555100e+03, 5964203, 5.687634e-17, 5.687634e-17, 9.599668e-02, 9.621785e-02, 9.623781e-02
Level 25:bingo.evolutionary_optimizers.evolutionary_optimizer:Evolution successfully converged.
Level 25:bingo.evolutionary_optimizers.evolutionary_optimizer:  Absolte convergence occurred with best fitness < 1e-10
Level 25:bingo.evolutionary_optimizers.evolutionary_optimizer:Hall of Fame:
5.687634009619075e-17	7	sin(log((X_0)(X_0) + (X_1)(X_1)))
0.09599667857688177	6	sin(-2.227513 + sin(log(X_1)))
0.09621785282715122	5	sin(log((-0.561491)(sin(-0.561491))))
0.09623780661014816	1	-0.934124
