Level 25:bingo.evolutionary_optimizers.evolutionary_optimizer:#generational_age, elapsed_time, fitness_evaluation_count, current_training_fitness, hall_of_fame_fitnesses
Level 25:bingo.evolutionary_optimizers.evolutionary_optimizer:#generational_age, elapsed_time, fitness_evaluation_count, current_training_fitness, hall_of_fame_fitnesses
Level 25:bingo.evolutionary_optimizers.parallel_archipelago:Saving checkpoint: src/bingo_bias_vias_decomposition/checkpoints_st_20/implicit_st_20_p8_p2_2_0.pkl
INFO:bingo.evolutionary_optimizers.parallel_archipelago:Saved successfully
Level 25:bingo.evolutionary_optimizers.evolutionary_optimizer:Generation: 0 	 Elapsed time: 0:00:05.421565 	 Best training fitness: 1.925333e-01 	 
Level 25:bingo.evolutionary_optimizers.evolutionary_optimizer:0, 5.421565e+00, 13335, 1.925333e-01
INFO:bingo.evolutionary_optimizers.parallel_archipelago:Performing migration between Islands
INFO:bingo.evolutionary_optimizers.parallel_archipelago:Evolution time 0:00:38.396467	 age 10	 fitness 1.923e-01
Level 25:bingo.evolutionary_optimizers.parallel_archipelago:Saving checkpoint: src/bingo_bias_vias_decomposition/checkpoints_st_20/implicit_st_20_p8_p2_2_10.pkl
INFO:bingo.evolutionary_optimizers.parallel_archipelago:Saved successfully
Level 25:bingo.evolutionary_optimizers.evolutionary_optimizer:Generation: 10 	 Elapsed time: 0:00:44.142006 	 Best training fitness: 1.923145e-01 	 
Level 25:bingo.evolutionary_optimizers.evolutionary_optimizer:10, 4.414201e+01, 113787, 1.923145e-01, 1.923145e-01, 1.923600e-01, 1.924860e-01
INFO:bingo.evolutionary_optimizers.parallel_archipelago:Performing migration between Islands
INFO:bingo.evolutionary_optimizers.parallel_archipelago:Evolution time 0:00:38.825413	 age 20	 fitness 1.923e-01
Level 25:bingo.evolutionary_optimizers.parallel_archipelago:Saving checkpoint: src/bingo_bias_vias_decomposition/checkpoints_st_20/implicit_st_20_p8_p2_2_20.pkl
INFO:bingo.evolutionary_optimizers.parallel_archipelago:Saved successfully
Level 25:bingo.evolutionary_optimizers.evolutionary_optimizer:Generation: 20 	 Elapsed time: 0:01:23.339467 	 Best training fitness: 1.923132e-01 	 
Level 25:bingo.evolutionary_optimizers.evolutionary_optimizer:20, 8.333947e+01, 199439, 1.923132e-01, 1.923132e-01, 1.923145e-01, 1.923486e-01, 1.924345e-01
INFO:bingo.evolutionary_optimizers.parallel_archipelago:Performing migration between Islands
INFO:bingo.evolutionary_optimizers.parallel_archipelago:Evolution time 0:00:37.412506	 age 30	 fitness 1.923e-01
Level 25:bingo.evolutionary_optimizers.parallel_archipelago:Saving checkpoint: src/bingo_bias_vias_decomposition/checkpoints_st_20/implicit_st_20_p8_p2_2_30.pkl
INFO:bingo.evolutionary_optimizers.parallel_archipelago:Saved successfully
Level 25:bingo.evolutionary_optimizers.evolutionary_optimizer:Generation: 30 	 Elapsed time: 0:02:01.075011 	 Best training fitness: 1.923079e-01 	 
Level 25:bingo.evolutionary_optimizers.evolutionary_optimizer:30, 1.210750e+02, 273784, 1.923079e-01, 1.923079e-01, 1.923086e-01, 1.923862e-01, 1.924345e-01
INFO:bingo.evolutionary_optimizers.parallel_archipelago:Performing migration between Islands
INFO:bingo.evolutionary_optimizers.parallel_archipelago:Evolution time 0:00:28.598984	 age 40	 fitness 1.923e-01
Level 25:bingo.evolutionary_optimizers.parallel_archipelago:Saving checkpoint: src/bingo_bias_vias_decomposition/checkpoints_st_20/implicit_st_20_p8_p2_2_40.pkl
INFO:bingo.evolutionary_optimizers.parallel_archipelago:Saved successfully
Level 25:bingo.evolutionary_optimizers.evolutionary_optimizer:Generation: 40 	 Elapsed time: 0:02:30.003298 	 Best training fitness: 1.922851e-01 	 
Level 25:bingo.evolutionary_optimizers.evolutionary_optimizer:40, 1.500033e+02, 346203, 1.922851e-01, 1.922851e-01, 1.923710e-01
INFO:bingo.evolutionary_optimizers.parallel_archipelago:Performing migration between Islands
INFO:bingo.evolutionary_optimizers.parallel_archipelago:Evolution time 0:00:22.559423	 age 50	 fitness 1.923e-01
Level 25:bingo.evolutionary_optimizers.parallel_archipelago:Saving checkpoint: src/bingo_bias_vias_decomposition/checkpoints_st_20/implicit_st_20_p8_p2_2_50.pkl
INFO:bingo.evolutionary_optimizers.parallel_archipelago:Saved successfully
Level 25:bingo.evolutionary_optimizers.evolutionary_optimizer:Generation: 50 	 Elapsed time: 0:02:52.885577 	 Best training fitness: 1.922851e-01 	 
Level 25:bingo.evolutionary_optimizers.evolutionary_optimizer:50, 1.728856e+02, 419245, 1.922851e-01, 1.922851e-01, 1.922927e-01
INFO:bingo.evolutionary_optimizers.parallel_archipelago:Performing migration between Islands
INFO:bingo.evolutionary_optimizers.parallel_archipelago:Evolution time 0:00:30.106060	 age 60	 fitness 1.923e-01
Level 25:bingo.evolutionary_optimizers.parallel_archipelago:Saving checkpoint: src/bingo_bias_vias_decomposition/checkpoints_st_20/implicit_st_20_p8_p2_2_60.pkl
INFO:bingo.evolutionary_optimizers.parallel_archipelago:Saved successfully
Level 25:bingo.evolutionary_optimizers.evolutionary_optimizer:Generation: 60 	 Elapsed time: 0:03:23.314415 	 Best training fitness: 1.922980e-01 	 
Level 25:bingo.evolutionary_optimizers.evolutionary_optimizer:60, 2.033144e+02, 507692, 1.922980e-01, 1.922851e-01, 1.922927e-01
INFO:bingo.evolutionary_optimizers.parallel_archipelago:Performing migration between Islands
INFO:bingo.evolutionary_optimizers.parallel_archipelago:Evolution time 0:00:42.637495	 age 70	 fitness 1.923e-01
Level 25:bingo.evolutionary_optimizers.parallel_archipelago:Saving checkpoint: src/bingo_bias_vias_decomposition/checkpoints_st_20/implicit_st_20_p8_p2_2_70.pkl
INFO:bingo.evolutionary_optimizers.parallel_archipelago:Saved successfully
Level 25:bingo.evolutionary_optimizers.evolutionary_optimizer:Generation: 70 	 Elapsed time: 0:04:06.293650 	 Best training fitness: 1.922941e-01 	 
Level 25:bingo.evolutionary_optimizers.evolutionary_optimizer:70, 2.462937e+02, 591564, 1.922941e-01, 1.922851e-01, 1.922927e-01
INFO:bingo.evolutionary_optimizers.parallel_archipelago:Performing migration between Islands
INFO:bingo.evolutionary_optimizers.parallel_archipelago:Evolution time 0:00:24.773313	 age 80	 fitness 1.923e-01
Level 25:bingo.evolutionary_optimizers.parallel_archipelago:Saving checkpoint: src/bingo_bias_vias_decomposition/checkpoints_st_20/implicit_st_20_p8_p2_2_80.pkl
INFO:bingo.evolutionary_optimizers.parallel_archipelago:Saved successfully
Level 25:bingo.evolutionary_optimizers.evolutionary_optimizer:Generation: 80 	 Elapsed time: 0:04:31.400178 	 Best training fitness: 1.922913e-01 	 
Level 25:bingo.evolutionary_optimizers.evolutionary_optimizer:80, 2.714002e+02, 650835, 1.922913e-01, 1.922851e-01, 1.922913e-01, 1.922927e-01
INFO:bingo.evolutionary_optimizers.parallel_archipelago:Performing migration between Islands
INFO:bingo.evolutionary_optimizers.parallel_archipelago:Evolution time 0:00:22.802170	 age 90	 fitness 1.678e-01
Level 25:bingo.evolutionary_optimizers.parallel_archipelago:Saving checkpoint: src/bingo_bias_vias_decomposition/checkpoints_st_20/implicit_st_20_p8_p2_2_90.pkl
INFO:bingo.evolutionary_optimizers.parallel_archipelago:Saved successfully
Level 25:bingo.evolutionary_optimizers.evolutionary_optimizer:Generation: 90 	 Elapsed time: 0:04:54.549700 	 Best training fitness: 1.677852e-01 	 
Level 25:bingo.evolutionary_optimizers.evolutionary_optimizer:90, 2.945497e+02, 714316, 1.677852e-01, 1.677852e-01, 1.922851e-01, 1.922913e-01, 1.922927e-01
INFO:bingo.evolutionary_optimizers.parallel_archipelago:Performing migration between Islands
INFO:bingo.evolutionary_optimizers.parallel_archipelago:Evolution time 0:00:28.288536	 age 100	 fitness 1.678e-01
Level 25:bingo.evolutionary_optimizers.parallel_archipelago:Saving checkpoint: src/bingo_bias_vias_decomposition/checkpoints_st_20/implicit_st_20_p8_p2_2_100.pkl
INFO:bingo.evolutionary_optimizers.parallel_archipelago:Saved successfully
Level 25:bingo.evolutionary_optimizers.evolutionary_optimizer:Generation: 100 	 Elapsed time: 0:05:23.225844 	 Best training fitness: 1.677852e-01 	 
Level 25:bingo.evolutionary_optimizers.evolutionary_optimizer:100, 3.232258e+02, 798164, 1.677852e-01, 1.677852e-01, 1.922851e-01, 1.922913e-01, 1.922927e-01
INFO:bingo.evolutionary_optimizers.parallel_archipelago:Performing migration between Islands
INFO:bingo.evolutionary_optimizers.parallel_archipelago:Evolution time 0:00:20.886754	 age 110	 fitness 1.586e-01
Level 25:bingo.evolutionary_optimizers.parallel_archipelago:Saving checkpoint: src/bingo_bias_vias_decomposition/checkpoints_st_20/implicit_st_20_p8_p2_2_110.pkl
INFO:bingo.evolutionary_optimizers.parallel_archipelago:Saved successfully
Level 25:bingo.evolutionary_optimizers.evolutionary_optimizer:Generation: 110 	 Elapsed time: 0:05:44.446546 	 Best training fitness: 1.585941e-01 	 
Level 25:bingo.evolutionary_optimizers.evolutionary_optimizer:110, 3.444465e+02, 860706, 1.585941e-01, 1.585941e-01, 1.922851e-01, 1.922913e-01, 1.922927e-01
INFO:bingo.evolutionary_optimizers.parallel_archipelago:Performing migration between Islands
INFO:bingo.evolutionary_optimizers.parallel_archipelago:Evolution time 0:00:41.536267	 age 120	 fitness 1.556e-01
Level 25:bingo.evolutionary_optimizers.parallel_archipelago:Saving checkpoint: src/bingo_bias_vias_decomposition/checkpoints_st_20/implicit_st_20_p8_p2_2_120.pkl
INFO:bingo.evolutionary_optimizers.parallel_archipelago:Saved successfully
Level 25:bingo.evolutionary_optimizers.evolutionary_optimizer:Generation: 120 	 Elapsed time: 0:06:26.370416 	 Best training fitness: 1.555987e-01 	 
Level 25:bingo.evolutionary_optimizers.evolutionary_optimizer:120, 3.863704e+02, 949905, 1.555987e-01, 1.555987e-01, 1.585941e-01, 1.922851e-01, 1.922913e-01, 1.922927e-01
INFO:bingo.evolutionary_optimizers.parallel_archipelago:Performing migration between Islands
INFO:bingo.evolutionary_optimizers.parallel_archipelago:Evolution time 0:00:52.955983	 age 130	 fitness 1.151e-01
Level 25:bingo.evolutionary_optimizers.parallel_archipelago:Saving checkpoint: src/bingo_bias_vias_decomposition/checkpoints_st_20/implicit_st_20_p8_p2_2_130.pkl
INFO:bingo.evolutionary_optimizers.parallel_archipelago:Saved successfully
Level 25:bingo.evolutionary_optimizers.evolutionary_optimizer:Generation: 130 	 Elapsed time: 0:07:19.680068 	 Best training fitness: 1.150984e-01 	 
Level 25:bingo.evolutionary_optimizers.evolutionary_optimizer:130, 4.396801e+02, 1049498, 1.150984e-01, 1.150984e-01, 1.553959e-01, 1.585941e-01, 1.922851e-01, 1.922913e-01, 1.922927e-01
INFO:bingo.evolutionary_optimizers.parallel_archipelago:Performing migration between Islands
INFO:bingo.evolutionary_optimizers.parallel_archipelago:Evolution time 0:00:19.206770	 age 140	 fitness 1.140e-01
Level 25:bingo.evolutionary_optimizers.parallel_archipelago:Saving checkpoint: src/bingo_bias_vias_decomposition/checkpoints_st_20/implicit_st_20_p8_p2_2_140.pkl
INFO:bingo.evolutionary_optimizers.parallel_archipelago:Saved successfully
Level 25:bingo.evolutionary_optimizers.evolutionary_optimizer:Generation: 140 	 Elapsed time: 0:07:39.222015 	 Best training fitness: 1.140205e-01 	 
Level 25:bingo.evolutionary_optimizers.evolutionary_optimizer:140, 4.592220e+02, 1106344, 1.140205e-01, 1.140205e-01, 1.553959e-01, 1.585941e-01, 1.922851e-01, 1.922913e-01, 1.922927e-01
INFO:bingo.evolutionary_optimizers.parallel_archipelago:Performing migration between Islands
INFO:bingo.evolutionary_optimizers.parallel_archipelago:Evolution time 0:00:40.315839	 age 150	 fitness 1.005e-01
Level 25:bingo.evolutionary_optimizers.parallel_archipelago:Saving checkpoint: src/bingo_bias_vias_decomposition/checkpoints_st_20/implicit_st_20_p8_p2_2_150.pkl
INFO:bingo.evolutionary_optimizers.parallel_archipelago:Saved successfully
Level 25:bingo.evolutionary_optimizers.evolutionary_optimizer:Generation: 150 	 Elapsed time: 0:08:19.882975 	 Best training fitness: 1.004888e-01 	 
Level 25:bingo.evolutionary_optimizers.evolutionary_optimizer:150, 4.998830e+02, 1194621, 1.004888e-01, 1.004888e-01, 1.139975e-01, 1.553959e-01, 1.585941e-01, 1.922721e-01
INFO:bingo.evolutionary_optimizers.parallel_archipelago:Performing migration between Islands
INFO:bingo.evolutionary_optimizers.parallel_archipelago:Evolution time 0:00:37.299124	 age 160	 fitness 1.005e-01
Level 25:bingo.evolutionary_optimizers.parallel_archipelago:Saving checkpoint: src/bingo_bias_vias_decomposition/checkpoints_st_20/implicit_st_20_p8_p2_2_160.pkl
INFO:bingo.evolutionary_optimizers.parallel_archipelago:Saved successfully
Level 25:bingo.evolutionary_optimizers.evolutionary_optimizer:Generation: 160 	 Elapsed time: 0:08:57.531006 	 Best training fitness: 1.004888e-01 	 
Level 25:bingo.evolutionary_optimizers.evolutionary_optimizer:160, 5.375310e+02, 1302053, 1.004888e-01, 1.004888e-01, 1.139235e-01, 1.139975e-01, 1.553959e-01, 1.585941e-01, 1.922721e-01
INFO:bingo.evolutionary_optimizers.parallel_archipelago:Performing migration between Islands
INFO:bingo.evolutionary_optimizers.parallel_archipelago:Evolution time 0:00:34.046012	 age 170	 fitness 9.503e-02
Level 25:bingo.evolutionary_optimizers.parallel_archipelago:Saving checkpoint: src/bingo_bias_vias_decomposition/checkpoints_st_20/implicit_st_20_p8_p2_2_170.pkl
INFO:bingo.evolutionary_optimizers.parallel_archipelago:Saved successfully
Level 25:bingo.evolutionary_optimizers.evolutionary_optimizer:Generation: 170 	 Elapsed time: 0:09:31.952486 	 Best training fitness: 9.503160e-02 	 
Level 25:bingo.evolutionary_optimizers.evolutionary_optimizer:170, 5.719525e+02, 1389851, 9.503160e-02, 9.503160e-02, 9.835811e-02, 1.139235e-01, 1.139975e-01, 1.553959e-01, 1.585941e-01, 1.922721e-01
INFO:bingo.evolutionary_optimizers.parallel_archipelago:Performing migration between Islands
INFO:bingo.evolutionary_optimizers.parallel_archipelago:Evolution time 0:00:45.025013	 age 180	 fitness 9.032e-02
Level 25:bingo.evolutionary_optimizers.parallel_archipelago:Saving checkpoint: src/bingo_bias_vias_decomposition/checkpoints_st_20/implicit_st_20_p8_p2_2_180.pkl
INFO:bingo.evolutionary_optimizers.parallel_archipelago:Saved successfully
Level 25:bingo.evolutionary_optimizers.evolutionary_optimizer:Generation: 180 	 Elapsed time: 0:10:17.311791 	 Best training fitness: 9.032005e-02 	 
Level 25:bingo.evolutionary_optimizers.evolutionary_optimizer:180, 6.173118e+02, 1488916, 9.032005e-02, 9.032005e-02, 1.139235e-01, 1.139758e-01, 1.553959e-01, 1.585941e-01, 1.922721e-01
INFO:bingo.evolutionary_optimizers.parallel_archipelago:Performing migration between Islands
INFO:bingo.evolutionary_optimizers.parallel_archipelago:Evolution time 0:00:34.780793	 age 190	 fitness 8.893e-02
Level 25:bingo.evolutionary_optimizers.parallel_archipelago:Saving checkpoint: src/bingo_bias_vias_decomposition/checkpoints_st_20/implicit_st_20_p8_p2_2_190.pkl
INFO:bingo.evolutionary_optimizers.parallel_archipelago:Saved successfully
Level 25:bingo.evolutionary_optimizers.evolutionary_optimizer:Generation: 190 	 Elapsed time: 0:10:52.420274 	 Best training fitness: 8.893182e-02 	 
Level 25:bingo.evolutionary_optimizers.evolutionary_optimizer:190, 6.524203e+02, 1594720, 8.893182e-02, 8.893182e-02, 1.139235e-01, 1.139758e-01, 1.553959e-01, 1.585941e-01, 1.922721e-01
INFO:bingo.evolutionary_optimizers.parallel_archipelago:Performing migration between Islands
INFO:bingo.evolutionary_optimizers.parallel_archipelago:Evolution time 0:00:48.047075	 age 200	 fitness 8.892e-02
Level 25:bingo.evolutionary_optimizers.parallel_archipelago:Saving checkpoint: src/bingo_bias_vias_decomposition/checkpoints_st_20/implicit_st_20_p8_p2_2_200.pkl
INFO:bingo.evolutionary_optimizers.parallel_archipelago:Saved successfully
Level 25:bingo.evolutionary_optimizers.evolutionary_optimizer:Generation: 200 	 Elapsed time: 0:11:40.814620 	 Best training fitness: 8.891774e-02 	 
Level 25:bingo.evolutionary_optimizers.evolutionary_optimizer:200, 7.008146e+02, 1702890, 8.891774e-02, 8.891774e-02, 1.139235e-01, 1.139758e-01, 1.553959e-01, 1.585941e-01, 1.922721e-01
INFO:bingo.evolutionary_optimizers.parallel_archipelago:Performing migration between Islands
INFO:bingo.evolutionary_optimizers.parallel_archipelago:Evolution time 0:00:40.603940	 age 210	 fitness 8.890e-02
Level 25:bingo.evolutionary_optimizers.parallel_archipelago:Saving checkpoint: src/bingo_bias_vias_decomposition/checkpoints_st_20/implicit_st_20_p8_p2_2_210.pkl
INFO:bingo.evolutionary_optimizers.parallel_archipelago:Saved successfully
Level 25:bingo.evolutionary_optimizers.evolutionary_optimizer:Generation: 210 	 Elapsed time: 0:12:21.765524 	 Best training fitness: 8.890184e-02 	 
Level 25:bingo.evolutionary_optimizers.evolutionary_optimizer:210, 7.417655e+02, 1819936, 8.890184e-02, 8.890184e-02, 1.139235e-01, 1.139758e-01, 1.553959e-01, 1.585941e-01, 1.922721e-01
INFO:bingo.evolutionary_optimizers.parallel_archipelago:Performing migration between Islands
INFO:bingo.evolutionary_optimizers.parallel_archipelago:Evolution time 0:00:50.963758	 age 220	 fitness 8.889e-02
Level 25:bingo.evolutionary_optimizers.parallel_archipelago:Saving checkpoint: src/bingo_bias_vias_decomposition/checkpoints_st_20/implicit_st_20_p8_p2_2_220.pkl
INFO:bingo.evolutionary_optimizers.parallel_archipelago:Saved successfully
Level 25:bingo.evolutionary_optimizers.evolutionary_optimizer:Generation: 220 	 Elapsed time: 0:13:13.074374 	 Best training fitness: 8.889120e-02 	 
Level 25:bingo.evolutionary_optimizers.evolutionary_optimizer:220, 7.930744e+02, 1932367, 8.889120e-02, 8.889120e-02, 1.139235e-01, 1.139758e-01, 1.553959e-01, 1.585941e-01, 1.922721e-01
INFO:bingo.evolutionary_optimizers.parallel_archipelago:Performing migration between Islands
INFO:bingo.evolutionary_optimizers.parallel_archipelago:Evolution time 0:00:49.425253	 age 230	 fitness 8.890e-02
Level 25:bingo.evolutionary_optimizers.parallel_archipelago:Saving checkpoint: src/bingo_bias_vias_decomposition/checkpoints_st_20/implicit_st_20_p8_p2_2_230.pkl
INFO:bingo.evolutionary_optimizers.parallel_archipelago:Saved successfully
Level 25:bingo.evolutionary_optimizers.evolutionary_optimizer:Generation: 230 	 Elapsed time: 0:14:02.840430 	 Best training fitness: 8.889969e-02 	 
Level 25:bingo.evolutionary_optimizers.evolutionary_optimizer:230, 8.428404e+02, 2067471, 8.889969e-02, 8.889120e-02, 1.139235e-01, 1.139758e-01, 1.553959e-01, 1.585941e-01, 1.922721e-01
INFO:bingo.evolutionary_optimizers.parallel_archipelago:Performing migration between Islands
INFO:bingo.evolutionary_optimizers.parallel_archipelago:Evolution time 0:00:46.690223	 age 240	 fitness 8.890e-02
Level 25:bingo.evolutionary_optimizers.parallel_archipelago:Saving checkpoint: src/bingo_bias_vias_decomposition/checkpoints_st_20/implicit_st_20_p8_p2_2_240.pkl
INFO:bingo.evolutionary_optimizers.parallel_archipelago:Saved successfully
Level 25:bingo.evolutionary_optimizers.evolutionary_optimizer:Generation: 240 	 Elapsed time: 0:14:49.914890 	 Best training fitness: 8.889753e-02 	 
Level 25:bingo.evolutionary_optimizers.evolutionary_optimizer:240, 8.899149e+02, 2203664, 8.889753e-02, 8.889120e-02, 1.139235e-01, 1.139758e-01, 1.553959e-01, 1.585941e-01, 1.922721e-01
INFO:bingo.evolutionary_optimizers.parallel_archipelago:Performing migration between Islands
INFO:bingo.evolutionary_optimizers.parallel_archipelago:Evolution time 0:00:39.638662	 age 250	 fitness 8.890e-02
Level 25:bingo.evolutionary_optimizers.parallel_archipelago:Saving checkpoint: src/bingo_bias_vias_decomposition/checkpoints_st_20/implicit_st_20_p8_p2_2_250.pkl
INFO:bingo.evolutionary_optimizers.parallel_archipelago:Saved successfully
Level 25:bingo.evolutionary_optimizers.evolutionary_optimizer:Generation: 250 	 Elapsed time: 0:15:29.889325 	 Best training fitness: 8.890428e-02 	 
Level 25:bingo.evolutionary_optimizers.evolutionary_optimizer:250, 9.298893e+02, 2295515, 8.890428e-02, 8.889120e-02, 1.139235e-01, 1.139758e-01, 1.553959e-01, 1.585941e-01, 1.922721e-01
INFO:bingo.evolutionary_optimizers.parallel_archipelago:Performing migration between Islands
INFO:bingo.evolutionary_optimizers.parallel_archipelago:Evolution time 0:01:01.634974	 age 260	 fitness 8.889e-02
Level 25:bingo.evolutionary_optimizers.parallel_archipelago:Saving checkpoint: src/bingo_bias_vias_decomposition/checkpoints_st_20/implicit_st_20_p8_p2_2_260.pkl
INFO:bingo.evolutionary_optimizers.parallel_archipelago:Saved successfully
Level 25:bingo.evolutionary_optimizers.evolutionary_optimizer:Generation: 260 	 Elapsed time: 0:16:31.865186 	 Best training fitness: 8.889469e-02 	 
Level 25:bingo.evolutionary_optimizers.evolutionary_optimizer:260, 9.918652e+02, 2434488, 8.889469e-02, 8.889120e-02, 1.139235e-01, 1.139758e-01, 1.553959e-01, 1.585941e-01, 1.922721e-01
INFO:bingo.evolutionary_optimizers.parallel_archipelago:Performing migration between Islands
INFO:bingo.evolutionary_optimizers.parallel_archipelago:Evolution time 0:00:49.344378	 age 270	 fitness 8.784e-02
Level 25:bingo.evolutionary_optimizers.parallel_archipelago:Saving checkpoint: src/bingo_bias_vias_decomposition/checkpoints_st_20/implicit_st_20_p8_p2_2_270.pkl
INFO:bingo.evolutionary_optimizers.parallel_archipelago:Saved successfully
Level 25:bingo.evolutionary_optimizers.evolutionary_optimizer:Generation: 270 	 Elapsed time: 0:17:21.544365 	 Best training fitness: 8.784142e-02 	 
Level 25:bingo.evolutionary_optimizers.evolutionary_optimizer:270, 1.041544e+03, 2582263, 8.784142e-02, 8.784142e-02, 8.889120e-02, 1.139235e-01, 1.139758e-01, 1.553959e-01, 1.585941e-01, 1.922721e-01
INFO:bingo.evolutionary_optimizers.parallel_archipelago:Performing migration between Islands
INFO:bingo.evolutionary_optimizers.parallel_archipelago:Evolution time 0:00:45.921043	 age 280	 fitness 8.762e-02
Level 25:bingo.evolutionary_optimizers.parallel_archipelago:Saving checkpoint: src/bingo_bias_vias_decomposition/checkpoints_st_20/implicit_st_20_p8_p2_2_280.pkl
INFO:bingo.evolutionary_optimizers.parallel_archipelago:Saved successfully
Level 25:bingo.evolutionary_optimizers.evolutionary_optimizer:Generation: 280 	 Elapsed time: 0:18:07.795995 	 Best training fitness: 8.761577e-02 	 
Level 25:bingo.evolutionary_optimizers.evolutionary_optimizer:280, 1.087796e+03, 2682776, 8.761577e-02, 8.761577e-02, 8.783635e-02, 8.889120e-02, 1.139235e-01, 1.139758e-01, 1.553959e-01, 1.585941e-01, 1.922721e-01
INFO:bingo.evolutionary_optimizers.parallel_archipelago:Performing migration between Islands
INFO:bingo.evolutionary_optimizers.parallel_archipelago:Evolution time 0:00:35.474091	 age 290	 fitness 8.715e-02
Level 25:bingo.evolutionary_optimizers.parallel_archipelago:Saving checkpoint: src/bingo_bias_vias_decomposition/checkpoints_st_20/implicit_st_20_p8_p2_2_290.pkl
INFO:bingo.evolutionary_optimizers.parallel_archipelago:Saved successfully
Level 25:bingo.evolutionary_optimizers.evolutionary_optimizer:Generation: 290 	 Elapsed time: 0:18:43.592826 	 Best training fitness: 8.715250e-02 	 
Level 25:bingo.evolutionary_optimizers.evolutionary_optimizer:290, 1.123593e+03, 2783461, 8.715250e-02, 8.715250e-02, 8.721251e-02, 8.889120e-02, 1.139235e-01, 1.139758e-01, 1.553959e-01, 1.585941e-01, 1.922721e-01
INFO:bingo.evolutionary_optimizers.parallel_archipelago:Performing migration between Islands
INFO:bingo.evolutionary_optimizers.parallel_archipelago:Evolution time 0:01:13.222640	 age 300	 fitness 8.587e-02
Level 25:bingo.evolutionary_optimizers.parallel_archipelago:Saving checkpoint: src/bingo_bias_vias_decomposition/checkpoints_st_20/implicit_st_20_p8_p2_2_300.pkl
INFO:bingo.evolutionary_optimizers.parallel_archipelago:Saved successfully
Level 25:bingo.evolutionary_optimizers.evolutionary_optimizer:Generation: 300 	 Elapsed time: 0:19:57.160047 	 Best training fitness: 8.587252e-02 	 
Level 25:bingo.evolutionary_optimizers.evolutionary_optimizer:300, 1.197160e+03, 2901163, 8.587252e-02, 8.587252e-02, 8.889120e-02, 1.139235e-01, 1.139758e-01, 1.553959e-01, 1.585941e-01, 1.922721e-01
INFO:bingo.evolutionary_optimizers.parallel_archipelago:Performing migration between Islands
INFO:bingo.evolutionary_optimizers.parallel_archipelago:Evolution time 0:00:37.971794	 age 310	 fitness 8.587e-02
Level 25:bingo.evolutionary_optimizers.parallel_archipelago:Saving checkpoint: src/bingo_bias_vias_decomposition/checkpoints_st_20/implicit_st_20_p8_p2_2_310.pkl
INFO:bingo.evolutionary_optimizers.parallel_archipelago:Saved successfully
Level 25:bingo.evolutionary_optimizers.evolutionary_optimizer:Generation: 310 	 Elapsed time: 0:20:35.525997 	 Best training fitness: 8.586812e-02 	 
Level 25:bingo.evolutionary_optimizers.evolutionary_optimizer:310, 1.235526e+03, 3007098, 8.586812e-02, 8.586812e-02, 8.593718e-02, 8.889120e-02, 1.139235e-01, 1.139758e-01, 1.553959e-01, 1.585941e-01, 1.922721e-01
INFO:bingo.evolutionary_optimizers.parallel_archipelago:Performing migration between Islands
INFO:bingo.evolutionary_optimizers.parallel_archipelago:Evolution time 0:01:10.810418	 age 320	 fitness 8.587e-02
Level 25:bingo.evolutionary_optimizers.parallel_archipelago:Saving checkpoint: src/bingo_bias_vias_decomposition/checkpoints_st_20/implicit_st_20_p8_p2_2_320.pkl
INFO:bingo.evolutionary_optimizers.parallel_archipelago:Saved successfully
Level 25:bingo.evolutionary_optimizers.evolutionary_optimizer:Generation: 320 	 Elapsed time: 0:21:46.702248 	 Best training fitness: 8.586812e-02 	 
Level 25:bingo.evolutionary_optimizers.evolutionary_optimizer:320, 1.306702e+03, 3127275, 8.586812e-02, 8.586812e-02, 8.593718e-02, 8.889120e-02, 1.139235e-01, 1.139758e-01, 1.553959e-01, 1.585941e-01, 1.922721e-01
INFO:bingo.evolutionary_optimizers.parallel_archipelago:Performing migration between Islands
INFO:bingo.evolutionary_optimizers.parallel_archipelago:Evolution time 0:00:46.839315	 age 330	 fitness 8.506e-02
Level 25:bingo.evolutionary_optimizers.parallel_archipelago:Saving checkpoint: src/bingo_bias_vias_decomposition/checkpoints_st_20/implicit_st_20_p8_p2_2_330.pkl
INFO:bingo.evolutionary_optimizers.parallel_archipelago:Saved successfully
Level 25:bingo.evolutionary_optimizers.evolutionary_optimizer:Generation: 330 	 Elapsed time: 0:22:33.895428 	 Best training fitness: 8.505943e-02 	 
Level 25:bingo.evolutionary_optimizers.evolutionary_optimizer:330, 1.353895e+03, 3243984, 8.505943e-02, 8.505943e-02, 8.586812e-02, 8.590461e-02, 8.889120e-02, 1.139235e-01, 1.139758e-01, 1.553959e-01, 1.585941e-01, 1.922721e-01
INFO:bingo.evolutionary_optimizers.parallel_archipelago:Performing migration between Islands
INFO:bingo.evolutionary_optimizers.parallel_archipelago:Evolution time 0:00:50.894801	 age 340	 fitness 8.500e-02
Level 25:bingo.evolutionary_optimizers.parallel_archipelago:Saving checkpoint: src/bingo_bias_vias_decomposition/checkpoints_st_20/implicit_st_20_p8_p2_2_340.pkl
INFO:bingo.evolutionary_optimizers.parallel_archipelago:Saved successfully
Level 25:bingo.evolutionary_optimizers.evolutionary_optimizer:Generation: 340 	 Elapsed time: 0:23:25.128570 	 Best training fitness: 8.500134e-02 	 
Level 25:bingo.evolutionary_optimizers.evolutionary_optimizer:340, 1.405129e+03, 3379009, 8.500134e-02, 8.500134e-02, 8.586287e-02, 8.587527e-02, 8.889120e-02, 1.139235e-01, 1.139758e-01, 1.553959e-01, 1.585941e-01, 1.922721e-01
INFO:bingo.evolutionary_optimizers.parallel_archipelago:Performing migration between Islands
INFO:bingo.evolutionary_optimizers.parallel_archipelago:Evolution time 0:00:53.449767	 age 350	 fitness 8.500e-02
Level 25:bingo.evolutionary_optimizers.parallel_archipelago:Saving checkpoint: src/bingo_bias_vias_decomposition/checkpoints_st_20/implicit_st_20_p8_p2_2_350.pkl
INFO:bingo.evolutionary_optimizers.parallel_archipelago:Saved successfully
Level 25:bingo.evolutionary_optimizers.evolutionary_optimizer:Generation: 350 	 Elapsed time: 0:24:18.883464 	 Best training fitness: 8.500134e-02 	 
Level 25:bingo.evolutionary_optimizers.evolutionary_optimizer:350, 1.458883e+03, 3508107, 8.500134e-02, 8.500134e-02, 8.500433e-02, 8.554207e-02, 8.889120e-02, 1.139235e-01, 1.139758e-01, 1.553959e-01, 1.585941e-01, 1.922721e-01
INFO:bingo.evolutionary_optimizers.parallel_archipelago:Performing migration between Islands
INFO:bingo.evolutionary_optimizers.parallel_archipelago:Evolution time 0:01:14.266776	 age 360	 fitness 8.497e-02
Level 25:bingo.evolutionary_optimizers.parallel_archipelago:Saving checkpoint: src/bingo_bias_vias_decomposition/checkpoints_st_20/implicit_st_20_p8_p2_2_360.pkl
INFO:bingo.evolutionary_optimizers.parallel_archipelago:Saved successfully
Level 25:bingo.evolutionary_optimizers.evolutionary_optimizer:Generation: 360 	 Elapsed time: 0:25:33.347952 	 Best training fitness: 8.497391e-02 	 
Level 25:bingo.evolutionary_optimizers.evolutionary_optimizer:360, 1.533348e+03, 3682772, 8.497391e-02, 8.497391e-02, 8.549627e-02, 8.889120e-02, 1.139235e-01, 1.139758e-01, 1.553959e-01, 1.585941e-01, 1.922721e-01
INFO:bingo.evolutionary_optimizers.parallel_archipelago:Performing migration between Islands
INFO:bingo.evolutionary_optimizers.parallel_archipelago:Evolution time 0:00:25.506246	 age 370	 fitness 8.467e-02
Level 25:bingo.evolutionary_optimizers.parallel_archipelago:Saving checkpoint: src/bingo_bias_vias_decomposition/checkpoints_st_20/implicit_st_20_p8_p2_2_370.pkl
INFO:bingo.evolutionary_optimizers.parallel_archipelago:Saved successfully
Level 25:bingo.evolutionary_optimizers.evolutionary_optimizer:Generation: 370 	 Elapsed time: 0:25:59.090217 	 Best training fitness: 8.467311e-02 	 
Level 25:bingo.evolutionary_optimizers.evolutionary_optimizer:370, 1.559090e+03, 3763238, 8.467311e-02, 8.467311e-02, 8.549192e-02, 8.549627e-02, 8.889120e-02, 1.139235e-01, 1.139758e-01, 1.553959e-01, 1.585941e-01, 1.922721e-01
INFO:bingo.evolutionary_optimizers.parallel_archipelago:Performing migration between Islands
INFO:bingo.evolutionary_optimizers.parallel_archipelago:Evolution time 0:00:48.193521	 age 380	 fitness 8.413e-02
Level 25:bingo.evolutionary_optimizers.parallel_archipelago:Saving checkpoint: src/bingo_bias_vias_decomposition/checkpoints_st_20/implicit_st_20_p8_p2_2_380.pkl
INFO:bingo.evolutionary_optimizers.parallel_archipelago:Saved successfully
Level 25:bingo.evolutionary_optimizers.evolutionary_optimizer:Generation: 380 	 Elapsed time: 0:26:47.519210 	 Best training fitness: 8.413214e-02 	 
Level 25:bingo.evolutionary_optimizers.evolutionary_optimizer:380, 1.607519e+03, 3898606, 8.413214e-02, 8.413214e-02, 8.467311e-02, 8.549192e-02, 8.549627e-02, 8.889120e-02, 1.139235e-01, 1.139758e-01, 1.553959e-01, 1.585941e-01, 1.922721e-01
INFO:bingo.evolutionary_optimizers.parallel_archipelago:Performing migration between Islands
INFO:bingo.evolutionary_optimizers.parallel_archipelago:Evolution time 0:00:43.091882	 age 390	 fitness 8.292e-02
Level 25:bingo.evolutionary_optimizers.parallel_archipelago:Saving checkpoint: src/bingo_bias_vias_decomposition/checkpoints_st_20/implicit_st_20_p8_p2_2_390.pkl
INFO:bingo.evolutionary_optimizers.parallel_archipelago:Saved successfully
Level 25:bingo.evolutionary_optimizers.evolutionary_optimizer:Generation: 390 	 Elapsed time: 0:27:30.821895 	 Best training fitness: 8.292227e-02 	 
Level 25:bingo.evolutionary_optimizers.evolutionary_optimizer:390, 1.650822e+03, 4002828, 8.292227e-02, 8.292227e-02, 8.467311e-02, 8.549192e-02, 8.549627e-02, 8.889120e-02, 1.139235e-01, 1.139758e-01, 1.553959e-01, 1.585941e-01, 1.922721e-01
INFO:bingo.evolutionary_optimizers.parallel_archipelago:Performing migration between Islands
INFO:bingo.evolutionary_optimizers.parallel_archipelago:Evolution time 0:00:36.057589	 age 400	 fitness 8.273e-02
Level 25:bingo.evolutionary_optimizers.parallel_archipelago:Saving checkpoint: src/bingo_bias_vias_decomposition/checkpoints_st_20/implicit_st_20_p8_p2_2_400.pkl
INFO:bingo.evolutionary_optimizers.parallel_archipelago:Saved successfully
Level 25:bingo.evolutionary_optimizers.evolutionary_optimizer:Generation: 400 	 Elapsed time: 0:28:07.083252 	 Best training fitness: 8.273446e-02 	 
Level 25:bingo.evolutionary_optimizers.evolutionary_optimizer:400, 1.687083e+03, 4123291, 8.273446e-02, 8.273446e-02, 8.467311e-02, 8.549192e-02, 8.549627e-02, 8.889120e-02, 1.139235e-01, 1.139758e-01, 1.553959e-01, 1.585941e-01, 1.922721e-01
INFO:bingo.evolutionary_optimizers.parallel_archipelago:Performing migration between Islands
INFO:bingo.evolutionary_optimizers.parallel_archipelago:Evolution time 0:00:45.040601	 age 410	 fitness 8.222e-02
Level 25:bingo.evolutionary_optimizers.parallel_archipelago:Saving checkpoint: src/bingo_bias_vias_decomposition/checkpoints_st_20/implicit_st_20_p8_p2_2_410.pkl
INFO:bingo.evolutionary_optimizers.parallel_archipelago:Saved successfully
Level 25:bingo.evolutionary_optimizers.evolutionary_optimizer:Generation: 410 	 Elapsed time: 0:28:52.459459 	 Best training fitness: 8.222471e-02 	 
Level 25:bingo.evolutionary_optimizers.evolutionary_optimizer:410, 1.732459e+03, 4262554, 8.222471e-02, 8.222471e-02, 8.269801e-02, 8.467311e-02, 8.549192e-02, 8.549627e-02, 8.889120e-02, 1.139235e-01, 1.139758e-01, 1.553959e-01, 1.585941e-01, 1.922721e-01
INFO:bingo.evolutionary_optimizers.parallel_archipelago:Performing migration between Islands
INFO:bingo.evolutionary_optimizers.parallel_archipelago:Evolution time 0:00:50.910736	 age 420	 fitness 8.220e-02
Level 25:bingo.evolutionary_optimizers.parallel_archipelago:Saving checkpoint: src/bingo_bias_vias_decomposition/checkpoints_st_20/implicit_st_20_p8_p2_2_420.pkl
INFO:bingo.evolutionary_optimizers.parallel_archipelago:Saved successfully
Level 25:bingo.evolutionary_optimizers.evolutionary_optimizer:Generation: 420 	 Elapsed time: 0:29:43.711402 	 Best training fitness: 8.220091e-02 	 
Level 25:bingo.evolutionary_optimizers.evolutionary_optimizer:420, 1.783711e+03, 4410908, 8.220091e-02, 8.220091e-02, 8.264810e-02, 8.467311e-02, 8.549192e-02, 8.549627e-02, 8.889120e-02, 1.139235e-01, 1.139758e-01, 1.553959e-01, 1.585941e-01, 1.922721e-01
INFO:bingo.evolutionary_optimizers.parallel_archipelago:Performing migration between Islands
INFO:bingo.evolutionary_optimizers.parallel_archipelago:Evolution time 0:00:44.860145	 age 430	 fitness 8.047e-02
Level 25:bingo.evolutionary_optimizers.parallel_archipelago:Saving checkpoint: src/bingo_bias_vias_decomposition/checkpoints_st_20/implicit_st_20_p8_p2_2_430.pkl
INFO:bingo.evolutionary_optimizers.parallel_archipelago:Saved successfully
Level 25:bingo.evolutionary_optimizers.evolutionary_optimizer:Generation: 430 	 Elapsed time: 0:30:28.958820 	 Best training fitness: 8.046702e-02 	 
Level 25:bingo.evolutionary_optimizers.evolutionary_optimizer:430, 1.828959e+03, 4553342, 8.046702e-02, 8.046702e-02, 8.467311e-02, 8.549192e-02, 8.549627e-02, 8.889120e-02, 1.139235e-01, 1.139758e-01, 1.553959e-01, 1.585941e-01, 1.922721e-01
INFO:bingo.evolutionary_optimizers.parallel_archipelago:Performing migration between Islands
INFO:bingo.evolutionary_optimizers.parallel_archipelago:Evolution time 0:00:56.483072	 age 440	 fitness 8.043e-02
Level 25:bingo.evolutionary_optimizers.parallel_archipelago:Saving checkpoint: src/bingo_bias_vias_decomposition/checkpoints_st_20/implicit_st_20_p8_p2_2_440.pkl
INFO:bingo.evolutionary_optimizers.parallel_archipelago:Saved successfully
Level 25:bingo.evolutionary_optimizers.evolutionary_optimizer:Generation: 440 	 Elapsed time: 0:31:25.777931 	 Best training fitness: 8.042546e-02 	 
Level 25:bingo.evolutionary_optimizers.evolutionary_optimizer:440, 1.885778e+03, 4725307, 8.042546e-02, 8.042546e-02, 8.043680e-02, 8.053189e-02, 8.549192e-02, 8.549627e-02, 8.889120e-02, 1.139235e-01, 1.139758e-01, 1.416949e-01, 1.922721e-01
INFO:bingo.evolutionary_optimizers.parallel_archipelago:Performing migration between Islands
INFO:bingo.evolutionary_optimizers.parallel_archipelago:Evolution time 0:00:45.668318	 age 450	 fitness 8.043e-02
Level 25:bingo.evolutionary_optimizers.parallel_archipelago:Saving checkpoint: src/bingo_bias_vias_decomposition/checkpoints_st_20/implicit_st_20_p8_p2_2_450.pkl
INFO:bingo.evolutionary_optimizers.parallel_archipelago:Saved successfully
Level 25:bingo.evolutionary_optimizers.evolutionary_optimizer:Generation: 450 	 Elapsed time: 0:32:11.785468 	 Best training fitness: 8.043048e-02 	 
Level 25:bingo.evolutionary_optimizers.evolutionary_optimizer:450, 1.931785e+03, 4874610, 8.043048e-02, 8.042546e-02, 8.043048e-02, 8.053189e-02, 8.549192e-02, 8.549627e-02, 8.889120e-02, 1.139235e-01, 1.139758e-01, 1.415623e-01, 1.922721e-01
INFO:bingo.evolutionary_optimizers.parallel_archipelago:Performing migration between Islands
INFO:bingo.evolutionary_optimizers.parallel_archipelago:Evolution time 0:01:04.640481	 age 460	 fitness 8.043e-02
Level 25:bingo.evolutionary_optimizers.parallel_archipelago:Saving checkpoint: src/bingo_bias_vias_decomposition/checkpoints_st_20/implicit_st_20_p8_p2_2_460.pkl
INFO:bingo.evolutionary_optimizers.parallel_archipelago:Saved successfully
Level 25:bingo.evolutionary_optimizers.evolutionary_optimizer:Generation: 460 	 Elapsed time: 0:33:16.784171 	 Best training fitness: 8.042841e-02 	 
Level 25:bingo.evolutionary_optimizers.evolutionary_optimizer:460, 1.996784e+03, 5040631, 8.042841e-02, 8.042546e-02, 8.043048e-02, 8.050892e-02, 8.549192e-02, 8.549627e-02, 8.889120e-02, 1.139235e-01, 1.139758e-01, 1.415119e-01, 1.922721e-01
INFO:bingo.evolutionary_optimizers.parallel_archipelago:Performing migration between Islands
INFO:bingo.evolutionary_optimizers.parallel_archipelago:Evolution time 0:01:40.419047	 age 470	 fitness 8.042e-02
Level 25:bingo.evolutionary_optimizers.parallel_archipelago:Saving checkpoint: src/bingo_bias_vias_decomposition/checkpoints_st_20/implicit_st_20_p8_p2_2_470.pkl
INFO:bingo.evolutionary_optimizers.parallel_archipelago:Saved successfully
Level 25:bingo.evolutionary_optimizers.evolutionary_optimizer:Generation: 470 	 Elapsed time: 0:34:57.540088 	 Best training fitness: 8.042495e-02 	 
Level 25:bingo.evolutionary_optimizers.evolutionary_optimizer:470, 2.097540e+03, 5272598, 8.042495e-02, 8.042495e-02, 8.049200e-02, 8.549192e-02, 8.549627e-02, 8.889120e-02, 1.139235e-01, 1.139758e-01, 1.321152e-01, 1.415119e-01, 1.922721e-01
INFO:bingo.evolutionary_optimizers.parallel_archipelago:Performing migration between Islands
INFO:bingo.evolutionary_optimizers.parallel_archipelago:Evolution time 0:01:28.059203	 age 480	 fitness 8.042e-02
Level 25:bingo.evolutionary_optimizers.parallel_archipelago:Saving checkpoint: src/bingo_bias_vias_decomposition/checkpoints_st_20/implicit_st_20_p8_p2_2_480.pkl
INFO:bingo.evolutionary_optimizers.parallel_archipelago:Saved successfully
Level 25:bingo.evolutionary_optimizers.evolutionary_optimizer:Generation: 480 	 Elapsed time: 0:36:25.937081 	 Best training fitness: 8.042495e-02 	 
Level 25:bingo.evolutionary_optimizers.evolutionary_optimizer:480, 2.185937e+03, 5472674, 8.042495e-02, 8.042495e-02, 8.049009e-02, 8.204845e-02, 8.549627e-02, 8.889120e-02, 1.139235e-01, 1.139758e-01, 1.321065e-01, 1.415119e-01, 1.922721e-01
INFO:bingo.evolutionary_optimizers.parallel_archipelago:Performing migration between Islands
INFO:bingo.evolutionary_optimizers.parallel_archipelago:Evolution time 0:00:49.862102	 age 490	 fitness 8.043e-02
Level 25:bingo.evolutionary_optimizers.parallel_archipelago:Saving checkpoint: src/bingo_bias_vias_decomposition/checkpoints_st_20/implicit_st_20_p8_p2_2_490.pkl
INFO:bingo.evolutionary_optimizers.parallel_archipelago:Saved successfully
Level 25:bingo.evolutionary_optimizers.evolutionary_optimizer:Generation: 490 	 Elapsed time: 0:37:16.138539 	 Best training fitness: 8.043109e-02 	 
Level 25:bingo.evolutionary_optimizers.evolutionary_optimizer:490, 2.236139e+03, 5625370, 8.043109e-02, 8.042495e-02, 8.048567e-02, 8.204845e-02, 8.549627e-02, 8.889120e-02, 1.139235e-01, 1.139758e-01, 1.321065e-01, 1.412325e-01, 1.415119e-01, 1.922721e-01
INFO:bingo.evolutionary_optimizers.parallel_archipelago:Performing migration between Islands
INFO:bingo.evolutionary_optimizers.parallel_archipelago:Evolution time 0:00:57.906846	 age 500	 fitness 8.043e-02
Level 25:bingo.evolutionary_optimizers.parallel_archipelago:Saving checkpoint: src/bingo_bias_vias_decomposition/checkpoints_st_20/implicit_st_20_p8_p2_2_500.pkl
INFO:bingo.evolutionary_optimizers.parallel_archipelago:Saved successfully
Level 25:bingo.evolutionary_optimizers.evolutionary_optimizer:Generation: 500 	 Elapsed time: 0:38:14.385063 	 Best training fitness: 8.043144e-02 	 
Level 25:bingo.evolutionary_optimizers.evolutionary_optimizer:500, 2.294385e+03, 5824788, 8.043144e-02, 8.042495e-02, 8.047583e-02, 8.204845e-02, 8.504612e-02, 8.889120e-02, 1.139235e-01, 1.139758e-01, 1.320982e-01, 1.412325e-01, 1.415119e-01, 1.922721e-01
INFO:bingo.evolutionary_optimizers.parallel_archipelago:Performing migration between Islands
INFO:bingo.evolutionary_optimizers.parallel_archipelago:Evolution time 0:01:11.551923	 age 510	 fitness 8.043e-02
Level 25:bingo.evolutionary_optimizers.parallel_archipelago:Saving checkpoint: src/bingo_bias_vias_decomposition/checkpoints_st_20/implicit_st_20_p8_p2_2_510.pkl
INFO:bingo.evolutionary_optimizers.parallel_archipelago:Saved successfully
Level 25:bingo.evolutionary_optimizers.evolutionary_optimizer:Generation: 510 	 Elapsed time: 0:39:26.320899 	 Best training fitness: 8.043144e-02 	 
Level 25:bingo.evolutionary_optimizers.evolutionary_optimizer:510, 2.366321e+03, 5994897, 8.043144e-02, 8.042495e-02, 8.047583e-02, 8.204845e-02, 8.504612e-02, 8.889120e-02, 1.005809e-01, 1.260634e-01, 1.320982e-01, 1.412325e-01, 1.415119e-01, 1.922721e-01
INFO:bingo.evolutionary_optimizers.parallel_archipelago:Performing migration between Islands
INFO:bingo.evolutionary_optimizers.parallel_archipelago:Evolution time 0:01:13.459111	 age 520	 fitness 8.043e-02
Level 25:bingo.evolutionary_optimizers.parallel_archipelago:Saving checkpoint: src/bingo_bias_vias_decomposition/checkpoints_st_20/implicit_st_20_p8_p2_2_520.pkl
INFO:bingo.evolutionary_optimizers.parallel_archipelago:Saved successfully
Level 25:bingo.evolutionary_optimizers.evolutionary_optimizer:Generation: 520 	 Elapsed time: 0:40:40.019542 	 Best training fitness: 8.042783e-02 	 
Level 25:bingo.evolutionary_optimizers.evolutionary_optimizer:520, 2.440020e+03, 6199245, 8.042783e-02, 8.042495e-02, 8.047583e-02, 8.204344e-02, 8.504612e-02, 8.889120e-02, 1.005797e-01, 1.260634e-01, 1.320982e-01, 1.412325e-01, 1.415119e-01, 1.922721e-01
INFO:bingo.evolutionary_optimizers.parallel_archipelago:Performing migration between Islands
INFO:bingo.evolutionary_optimizers.parallel_archipelago:Evolution time 0:00:51.291404	 age 530	 fitness 7.976e-02
Level 25:bingo.evolutionary_optimizers.parallel_archipelago:Saving checkpoint: src/bingo_bias_vias_decomposition/checkpoints_st_20/implicit_st_20_p8_p2_2_530.pkl
INFO:bingo.evolutionary_optimizers.parallel_archipelago:Saved successfully
Level 25:bingo.evolutionary_optimizers.evolutionary_optimizer:Generation: 530 	 Elapsed time: 0:41:31.672031 	 Best training fitness: 7.975630e-02 	 
Level 25:bingo.evolutionary_optimizers.evolutionary_optimizer:530, 2.491672e+03, 6330213, 7.975630e-02, 7.975630e-02, 8.042495e-02, 8.047541e-02, 8.204344e-02, 8.504612e-02, 8.889120e-02, 1.005488e-01, 1.030843e-01, 1.412325e-01, 1.415119e-01, 1.922721e-01
INFO:bingo.evolutionary_optimizers.parallel_archipelago:Performing migration between Islands
INFO:bingo.evolutionary_optimizers.parallel_archipelago:Evolution time 0:00:54.585967	 age 540	 fitness 7.975e-02
Level 25:bingo.evolutionary_optimizers.parallel_archipelago:Saving checkpoint: src/bingo_bias_vias_decomposition/checkpoints_st_20/implicit_st_20_p8_p2_2_540.pkl
INFO:bingo.evolutionary_optimizers.parallel_archipelago:Saved successfully
Level 25:bingo.evolutionary_optimizers.evolutionary_optimizer:Generation: 540 	 Elapsed time: 0:42:26.616996 	 Best training fitness: 7.975202e-02 	 
Level 25:bingo.evolutionary_optimizers.evolutionary_optimizer:540, 2.546617e+03, 6526128, 7.975202e-02, 7.975202e-02, 8.042495e-02, 8.047136e-02, 8.204344e-02, 8.504612e-02, 8.889120e-02, 1.005488e-01, 1.030843e-01, 1.412325e-01, 1.415119e-01, 1.922721e-01
INFO:bingo.evolutionary_optimizers.parallel_archipelago:Performing migration between Islands
INFO:bingo.evolutionary_optimizers.parallel_archipelago:Evolution time 0:00:33.216664	 age 550	 fitness 7.945e-02
Level 25:bingo.evolutionary_optimizers.parallel_archipelago:Saving checkpoint: src/bingo_bias_vias_decomposition/checkpoints_st_20/implicit_st_20_p8_p2_2_550.pkl
INFO:bingo.evolutionary_optimizers.parallel_archipelago:Saved successfully
Level 25:bingo.evolutionary_optimizers.evolutionary_optimizer:Generation: 550 	 Elapsed time: 0:43:00.189303 	 Best training fitness: 7.945462e-02 	 
Level 25:bingo.evolutionary_optimizers.evolutionary_optimizer:550, 2.580189e+03, 6658904, 7.945462e-02, 7.945462e-02, 8.042495e-02, 8.046620e-02, 8.204344e-02, 8.504612e-02, 8.889120e-02, 9.951693e-02, 1.030843e-01, 1.412325e-01, 1.415119e-01, 1.922721e-01
INFO:bingo.evolutionary_optimizers.parallel_archipelago:Performing migration between Islands
INFO:bingo.evolutionary_optimizers.parallel_archipelago:Evolution time 0:00:55.289297	 age 560	 fitness 7.944e-02
Level 25:bingo.evolutionary_optimizers.parallel_archipelago:Saving checkpoint: src/bingo_bias_vias_decomposition/checkpoints_st_20/implicit_st_20_p8_p2_2_560.pkl
INFO:bingo.evolutionary_optimizers.parallel_archipelago:Saved successfully
Level 25:bingo.evolutionary_optimizers.evolutionary_optimizer:Generation: 560 	 Elapsed time: 0:43:55.829076 	 Best training fitness: 7.944154e-02 	 
Level 25:bingo.evolutionary_optimizers.evolutionary_optimizer:560, 2.635829e+03, 6815864, 7.944154e-02, 7.944154e-02, 8.042495e-02, 8.046620e-02, 8.204344e-02, 8.504612e-02, 8.889120e-02, 9.946975e-02, 1.030843e-01, 1.412325e-01, 1.415119e-01, 1.922721e-01
INFO:bingo.evolutionary_optimizers.parallel_archipelago:Performing migration between Islands
INFO:bingo.evolutionary_optimizers.parallel_archipelago:Evolution time 0:00:46.780900	 age 570	 fitness 7.946e-02
Level 25:bingo.evolutionary_optimizers.parallel_archipelago:Saving checkpoint: src/bingo_bias_vias_decomposition/checkpoints_st_20/implicit_st_20_p8_p2_2_570.pkl
INFO:bingo.evolutionary_optimizers.parallel_archipelago:Saved successfully
Level 25:bingo.evolutionary_optimizers.evolutionary_optimizer:Generation: 570 	 Elapsed time: 0:44:42.997337 	 Best training fitness: 7.946239e-02 	 
Level 25:bingo.evolutionary_optimizers.evolutionary_optimizer:570, 2.682997e+03, 6971137, 7.946239e-02, 7.944154e-02, 8.042495e-02, 8.046620e-02, 8.204344e-02, 8.504612e-02, 8.889120e-02, 9.946975e-02, 1.030843e-01, 1.412325e-01, 1.415119e-01, 1.922721e-01
INFO:bingo.evolutionary_optimizers.parallel_archipelago:Performing migration between Islands
INFO:bingo.evolutionary_optimizers.parallel_archipelago:Evolution time 0:01:49.272853	 age 580	 fitness 7.942e-02
Level 25:bingo.evolutionary_optimizers.parallel_archipelago:Saving checkpoint: src/bingo_bias_vias_decomposition/checkpoints_st_20/implicit_st_20_p8_p2_2_580.pkl
INFO:bingo.evolutionary_optimizers.parallel_archipelago:Saved successfully
Level 25:bingo.evolutionary_optimizers.evolutionary_optimizer:Generation: 580 	 Elapsed time: 0:46:32.616338 	 Best training fitness: 7.942275e-02 	 
Level 25:bingo.evolutionary_optimizers.evolutionary_optimizer:580, 2.792616e+03, 7213335, 7.942275e-02, 7.942275e-02, 8.042495e-02, 8.046513e-02, 8.203229e-02, 8.504612e-02, 8.642398e-02, 9.946253e-02, 1.030843e-01, 1.412325e-01, 1.415119e-01, 1.922721e-01
INFO:bingo.evolutionary_optimizers.parallel_archipelago:Performing migration between Islands
INFO:bingo.evolutionary_optimizers.parallel_archipelago:Evolution time 0:00:49.121814	 age 590	 fitness 7.943e-02
Level 25:bingo.evolutionary_optimizers.parallel_archipelago:Saving checkpoint: src/bingo_bias_vias_decomposition/checkpoints_st_20/implicit_st_20_p8_p2_2_590.pkl
INFO:bingo.evolutionary_optimizers.parallel_archipelago:Saved successfully
Level 25:bingo.evolutionary_optimizers.evolutionary_optimizer:Generation: 590 	 Elapsed time: 0:47:22.095584 	 Best training fitness: 7.943089e-02 	 
Level 25:bingo.evolutionary_optimizers.evolutionary_optimizer:590, 2.842096e+03, 7364846, 7.943089e-02, 7.942275e-02, 8.042495e-02, 8.046513e-02, 8.203229e-02, 8.504612e-02, 8.634995e-02, 9.945952e-02, 1.030843e-01, 1.412325e-01, 1.415119e-01, 1.922721e-01
INFO:bingo.evolutionary_optimizers.parallel_archipelago:Performing migration between Islands
INFO:bingo.evolutionary_optimizers.parallel_archipelago:Evolution time 0:00:50.098650	 age 600	 fitness 7.944e-02
Level 25:bingo.evolutionary_optimizers.parallel_archipelago:Saving checkpoint: src/bingo_bias_vias_decomposition/checkpoints_st_20/implicit_st_20_p8_p2_2_600.pkl
INFO:bingo.evolutionary_optimizers.parallel_archipelago:Saved successfully
Level 25:bingo.evolutionary_optimizers.evolutionary_optimizer:Generation: 600 	 Elapsed time: 0:48:12.526146 	 Best training fitness: 7.943514e-02 	 
Level 25:bingo.evolutionary_optimizers.evolutionary_optimizer:600, 2.892526e+03, 7536227, 7.943514e-02, 7.942275e-02, 8.042495e-02, 8.046513e-02, 8.203229e-02, 8.504612e-02, 8.634995e-02, 9.945596e-02, 1.030843e-01, 1.412325e-01, 1.415119e-01, 1.922721e-01
INFO:bingo.evolutionary_optimizers.parallel_archipelago:Performing migration between Islands
INFO:bingo.evolutionary_optimizers.parallel_archipelago:Evolution time 0:00:48.774249	 age 610	 fitness 7.942e-02
Level 25:bingo.evolutionary_optimizers.parallel_archipelago:Saving checkpoint: src/bingo_bias_vias_decomposition/checkpoints_st_20/implicit_st_20_p8_p2_2_610.pkl
INFO:bingo.evolutionary_optimizers.parallel_archipelago:Saved successfully
Level 25:bingo.evolutionary_optimizers.evolutionary_optimizer:Generation: 610 	 Elapsed time: 0:49:01.633088 	 Best training fitness: 7.942315e-02 	 
Level 25:bingo.evolutionary_optimizers.evolutionary_optimizer:610, 2.941633e+03, 7688947, 7.942315e-02, 7.942275e-02, 8.042495e-02, 8.046513e-02, 8.203229e-02, 8.504612e-02, 8.634995e-02, 9.945596e-02, 1.030843e-01, 1.412325e-01, 1.415119e-01, 1.922721e-01
INFO:bingo.evolutionary_optimizers.parallel_archipelago:Performing migration between Islands
INFO:bingo.evolutionary_optimizers.parallel_archipelago:Evolution time 0:01:17.410991	 age 620	 fitness 7.942e-02
Level 25:bingo.evolutionary_optimizers.parallel_archipelago:Saving checkpoint: src/bingo_bias_vias_decomposition/checkpoints_st_20/implicit_st_20_p8_p2_2_620.pkl
INFO:bingo.evolutionary_optimizers.parallel_archipelago:Saved successfully
Level 25:bingo.evolutionary_optimizers.evolutionary_optimizer:Generation: 620 	 Elapsed time: 0:50:19.379266 	 Best training fitness: 7.942315e-02 	 
Level 25:bingo.evolutionary_optimizers.evolutionary_optimizer:620, 3.019379e+03, 7878849, 7.942315e-02, 7.942275e-02, 8.042495e-02, 8.046513e-02, 8.203229e-02, 8.504612e-02, 8.634995e-02, 9.945596e-02, 1.030843e-01, 1.412325e-01, 1.415119e-01, 1.922721e-01
INFO:bingo.evolutionary_optimizers.parallel_archipelago:Performing migration between Islands
INFO:bingo.evolutionary_optimizers.parallel_archipelago:Evolution time 0:00:57.613586	 age 630	 fitness 7.943e-02
Level 25:bingo.evolutionary_optimizers.parallel_archipelago:Saving checkpoint: src/bingo_bias_vias_decomposition/checkpoints_st_20/implicit_st_20_p8_p2_2_630.pkl
INFO:bingo.evolutionary_optimizers.parallel_archipelago:Saved successfully
Level 25:bingo.evolutionary_optimizers.evolutionary_optimizer:Generation: 630 	 Elapsed time: 0:51:17.352331 	 Best training fitness: 7.943435e-02 	 
Level 25:bingo.evolutionary_optimizers.evolutionary_optimizer:630, 3.077352e+03, 8023075, 7.943435e-02, 7.942275e-02, 8.042495e-02, 8.046513e-02, 8.203229e-02, 8.504612e-02, 8.634995e-02, 9.945596e-02, 1.030843e-01, 1.412325e-01, 1.415119e-01, 1.922721e-01
INFO:bingo.evolutionary_optimizers.parallel_archipelago:Performing migration between Islands
INFO:bingo.evolutionary_optimizers.parallel_archipelago:Evolution time 0:00:53.135674	 age 640	 fitness 7.498e-02
Level 25:bingo.evolutionary_optimizers.parallel_archipelago:Saving checkpoint: src/bingo_bias_vias_decomposition/checkpoints_st_20/implicit_st_20_p8_p2_2_640.pkl
INFO:bingo.evolutionary_optimizers.parallel_archipelago:Saved successfully
Level 25:bingo.evolutionary_optimizers.evolutionary_optimizer:Generation: 640 	 Elapsed time: 0:52:10.862696 	 Best training fitness: 7.498190e-02 	 
Level 25:bingo.evolutionary_optimizers.evolutionary_optimizer:640, 3.130863e+03, 8149035, 7.498190e-02, 7.498190e-02, 8.046513e-02, 8.203229e-02, 8.504612e-02, 8.634995e-02, 9.515291e-02, 1.030843e-01, 1.412325e-01, 1.415119e-01, 1.922721e-01
INFO:bingo.evolutionary_optimizers.parallel_archipelago:Performing migration between Islands
INFO:bingo.evolutionary_optimizers.parallel_archipelago:Evolution time 0:00:57.936439	 age 650	 fitness 7.495e-02
Level 25:bingo.evolutionary_optimizers.parallel_archipelago:Saving checkpoint: src/bingo_bias_vias_decomposition/checkpoints_st_20/implicit_st_20_p8_p2_2_650.pkl
INFO:bingo.evolutionary_optimizers.parallel_archipelago:Saved successfully
Level 25:bingo.evolutionary_optimizers.evolutionary_optimizer:Generation: 650 	 Elapsed time: 0:53:09.140930 	 Best training fitness: 7.495200e-02 	 
Level 25:bingo.evolutionary_optimizers.evolutionary_optimizer:650, 3.189141e+03, 8294281, 7.495200e-02, 7.495200e-02, 8.046513e-02, 8.203229e-02, 8.504612e-02, 8.634995e-02, 9.506386e-02, 1.030843e-01, 1.412325e-01, 1.415119e-01, 1.922721e-01
INFO:bingo.evolutionary_optimizers.parallel_archipelago:Performing migration between Islands
INFO:bingo.evolutionary_optimizers.parallel_archipelago:Evolution time 0:01:22.715594	 age 660	 fitness 7.467e-02
Level 25:bingo.evolutionary_optimizers.parallel_archipelago:Saving checkpoint: src/bingo_bias_vias_decomposition/checkpoints_st_20/implicit_st_20_p8_p2_2_660.pkl
INFO:bingo.evolutionary_optimizers.parallel_archipelago:Saved successfully
Level 25:bingo.evolutionary_optimizers.evolutionary_optimizer:Generation: 660 	 Elapsed time: 0:54:32.193239 	 Best training fitness: 7.466706e-02 	 
Level 25:bingo.evolutionary_optimizers.evolutionary_optimizer:660, 3.272193e+03, 8492699, 7.466706e-02, 7.466706e-02, 7.495200e-02, 8.046513e-02, 8.203229e-02, 8.504612e-02, 8.634995e-02, 9.506386e-02, 1.030843e-01, 1.412325e-01, 1.415119e-01, 1.922721e-01
INFO:bingo.evolutionary_optimizers.parallel_archipelago:Performing migration between Islands
INFO:bingo.evolutionary_optimizers.parallel_archipelago:Evolution time 0:00:47.263304	 age 670	 fitness 7.460e-02
Level 25:bingo.evolutionary_optimizers.parallel_archipelago:Saving checkpoint: src/bingo_bias_vias_decomposition/checkpoints_st_20/implicit_st_20_p8_p2_2_670.pkl
INFO:bingo.evolutionary_optimizers.parallel_archipelago:Saved successfully
Level 25:bingo.evolutionary_optimizers.evolutionary_optimizer:Generation: 670 	 Elapsed time: 0:55:19.797913 	 Best training fitness: 7.459722e-02 	 
Level 25:bingo.evolutionary_optimizers.evolutionary_optimizer:670, 3.319798e+03, 8616793, 7.459722e-02, 7.459722e-02, 7.494686e-02, 8.046513e-02, 8.203229e-02, 8.504612e-02, 8.634995e-02, 9.506386e-02, 1.030843e-01, 1.412325e-01, 1.415119e-01, 1.922721e-01
INFO:bingo.evolutionary_optimizers.parallel_archipelago:Performing migration between Islands
INFO:bingo.evolutionary_optimizers.parallel_archipelago:Evolution time 0:01:42.069755	 age 680	 fitness 7.408e-02
Level 25:bingo.evolutionary_optimizers.parallel_archipelago:Saving checkpoint: src/bingo_bias_vias_decomposition/checkpoints_st_20/implicit_st_20_p8_p2_2_680.pkl
INFO:bingo.evolutionary_optimizers.parallel_archipelago:Saved successfully
Level 25:bingo.evolutionary_optimizers.evolutionary_optimizer:Generation: 680 	 Elapsed time: 0:57:02.202201 	 Best training fitness: 7.407549e-02 	 
Level 25:bingo.evolutionary_optimizers.evolutionary_optimizer:680, 3.422202e+03, 8824344, 7.407549e-02, 7.407549e-02, 7.491609e-02, 8.046513e-02, 8.203229e-02, 8.504612e-02, 8.634995e-02, 9.506386e-02, 1.030843e-01, 1.412325e-01, 1.415119e-01, 1.922721e-01
INFO:bingo.evolutionary_optimizers.parallel_archipelago:Performing migration between Islands
INFO:bingo.evolutionary_optimizers.parallel_archipelago:Evolution time 0:00:29.347387	 age 690	 fitness 7.392e-02
Level 25:bingo.evolutionary_optimizers.parallel_archipelago:Saving checkpoint: src/bingo_bias_vias_decomposition/checkpoints_st_20/implicit_st_20_p8_p2_2_690.pkl
INFO:bingo.evolutionary_optimizers.parallel_archipelago:Saved successfully
Level 25:bingo.evolutionary_optimizers.evolutionary_optimizer:Generation: 690 	 Elapsed time: 0:57:31.885343 	 Best training fitness: 7.391925e-02 	 
Level 25:bingo.evolutionary_optimizers.evolutionary_optimizer:690, 3.451885e+03, 8927022, 7.391925e-02, 7.391925e-02, 7.491609e-02, 8.046513e-02, 8.203229e-02, 8.504612e-02, 8.634995e-02, 9.506386e-02, 1.030843e-01, 1.412325e-01, 1.415119e-01, 1.922721e-01
INFO:bingo.evolutionary_optimizers.parallel_archipelago:Performing migration between Islands
INFO:bingo.evolutionary_optimizers.parallel_archipelago:Evolution time 0:00:48.975889	 age 700	 fitness 7.392e-02
Level 25:bingo.evolutionary_optimizers.parallel_archipelago:Saving checkpoint: src/bingo_bias_vias_decomposition/checkpoints_st_20/implicit_st_20_p8_p2_2_700.pkl
INFO:bingo.evolutionary_optimizers.parallel_archipelago:Saved successfully
Level 25:bingo.evolutionary_optimizers.evolutionary_optimizer:Generation: 700 	 Elapsed time: 0:58:21.204882 	 Best training fitness: 7.392361e-02 	 
Level 25:bingo.evolutionary_optimizers.evolutionary_optimizer:700, 3.501205e+03, 9068481, 7.392361e-02, 7.391925e-02, 7.491609e-02, 8.046513e-02, 8.203229e-02, 8.504612e-02, 8.634995e-02, 9.506386e-02, 1.030843e-01, 1.412325e-01, 1.415119e-01, 1.922721e-01
INFO:bingo.evolutionary_optimizers.parallel_archipelago:Performing migration between Islands
INFO:bingo.evolutionary_optimizers.parallel_archipelago:Evolution time 0:00:54.034477	 age 710	 fitness 7.389e-02
Level 25:bingo.evolutionary_optimizers.parallel_archipelago:Saving checkpoint: src/bingo_bias_vias_decomposition/checkpoints_st_20/implicit_st_20_p8_p2_2_710.pkl
INFO:bingo.evolutionary_optimizers.parallel_archipelago:Saved successfully
Level 25:bingo.evolutionary_optimizers.evolutionary_optimizer:Generation: 710 	 Elapsed time: 0:59:15.672583 	 Best training fitness: 7.388664e-02 	 
Level 25:bingo.evolutionary_optimizers.evolutionary_optimizer:710, 3.555673e+03, 9204458, 7.388664e-02, 7.388664e-02, 7.460319e-02, 8.046513e-02, 8.203229e-02, 8.504612e-02, 8.634995e-02, 9.506386e-02, 1.030843e-01, 1.412325e-01, 1.415119e-01, 1.922721e-01
INFO:bingo.evolutionary_optimizers.parallel_archipelago:Performing migration between Islands
INFO:bingo.evolutionary_optimizers.parallel_archipelago:Evolution time 0:01:20.001065	 age 720	 fitness 7.389e-02
Level 25:bingo.evolutionary_optimizers.parallel_archipelago:Saving checkpoint: src/bingo_bias_vias_decomposition/checkpoints_st_20/implicit_st_20_p8_p2_2_720.pkl
INFO:bingo.evolutionary_optimizers.parallel_archipelago:Saved successfully
Level 25:bingo.evolutionary_optimizers.evolutionary_optimizer:Generation: 720 	 Elapsed time: 1:00:36.010526 	 Best training fitness: 7.389325e-02 	 
Level 25:bingo.evolutionary_optimizers.evolutionary_optimizer:720, 3.636011e+03, 9393533, 7.389325e-02, 7.388664e-02, 7.459078e-02, 8.046513e-02, 8.203229e-02, 8.504612e-02, 8.634995e-02, 9.506386e-02, 1.030843e-01, 1.412325e-01, 1.415119e-01, 1.922721e-01
INFO:bingo.evolutionary_optimizers.parallel_archipelago:Performing migration between Islands
INFO:bingo.evolutionary_optimizers.parallel_archipelago:Evolution time 0:00:51.831008	 age 730	 fitness 7.389e-02
Level 25:bingo.evolutionary_optimizers.parallel_archipelago:Saving checkpoint: src/bingo_bias_vias_decomposition/checkpoints_st_20/implicit_st_20_p8_p2_2_730.pkl
INFO:bingo.evolutionary_optimizers.parallel_archipelago:Saved successfully
Level 25:bingo.evolutionary_optimizers.evolutionary_optimizer:Generation: 730 	 Elapsed time: 1:01:28.175890 	 Best training fitness: 7.388617e-02 	 
Level 25:bingo.evolutionary_optimizers.evolutionary_optimizer:730, 3.688176e+03, 9516907, 7.388617e-02, 7.388617e-02, 7.459078e-02, 8.046513e-02, 8.203229e-02, 8.504612e-02, 8.634995e-02, 9.506386e-02, 1.030843e-01, 1.412325e-01, 1.415119e-01, 1.922721e-01
INFO:bingo.evolutionary_optimizers.parallel_archipelago:Performing migration between Islands
INFO:bingo.evolutionary_optimizers.parallel_archipelago:Evolution time 0:00:52.303641	 age 740	 fitness 7.389e-02
Level 25:bingo.evolutionary_optimizers.parallel_archipelago:Saving checkpoint: src/bingo_bias_vias_decomposition/checkpoints_st_20/implicit_st_20_p8_p2_2_740.pkl
INFO:bingo.evolutionary_optimizers.parallel_archipelago:Saved successfully
Level 25:bingo.evolutionary_optimizers.evolutionary_optimizer:Generation: 740 	 Elapsed time: 1:02:20.799595 	 Best training fitness: 7.388648e-02 	 
Level 25:bingo.evolutionary_optimizers.evolutionary_optimizer:740, 3.740800e+03, 9638880, 7.388648e-02, 7.388617e-02, 7.459078e-02, 8.046513e-02, 8.203229e-02, 8.504612e-02, 8.634995e-02, 9.506386e-02, 1.030843e-01, 1.412325e-01, 1.415119e-01, 1.922721e-01
INFO:bingo.evolutionary_optimizers.parallel_archipelago:Performing migration between Islands
INFO:bingo.evolutionary_optimizers.parallel_archipelago:Evolution time 0:01:12.688868	 age 750	 fitness 7.389e-02
Level 25:bingo.evolutionary_optimizers.parallel_archipelago:Saving checkpoint: src/bingo_bias_vias_decomposition/checkpoints_st_20/implicit_st_20_p8_p2_2_750.pkl
INFO:bingo.evolutionary_optimizers.parallel_archipelago:Saved successfully
Level 25:bingo.evolutionary_optimizers.evolutionary_optimizer:Generation: 750 	 Elapsed time: 1:03:33.832787 	 Best training fitness: 7.389059e-02 	 
Level 25:bingo.evolutionary_optimizers.evolutionary_optimizer:750, 3.813833e+03, 9793750, 7.389059e-02, 7.388617e-02, 7.459078e-02, 8.046513e-02, 8.203229e-02, 8.504612e-02, 8.634995e-02, 9.506386e-02, 1.030843e-01, 1.412325e-01, 1.415119e-01, 1.922721e-01
INFO:bingo.evolutionary_optimizers.parallel_archipelago:Performing migration between Islands
INFO:bingo.evolutionary_optimizers.parallel_archipelago:Evolution time 0:00:48.272948	 age 760	 fitness 7.389e-02
Level 25:bingo.evolutionary_optimizers.parallel_archipelago:Saving checkpoint: src/bingo_bias_vias_decomposition/checkpoints_st_20/implicit_st_20_p8_p2_2_760.pkl
INFO:bingo.evolutionary_optimizers.parallel_archipelago:Saved successfully
Level 25:bingo.evolutionary_optimizers.evolutionary_optimizer:Generation: 760 	 Elapsed time: 1:04:22.479470 	 Best training fitness: 7.389424e-02 	 
Level 25:bingo.evolutionary_optimizers.evolutionary_optimizer:760, 3.862479e+03, 9920296, 7.389424e-02, 7.388617e-02, 7.459078e-02, 8.046513e-02, 8.203229e-02, 8.504612e-02, 8.634995e-02, 9.506386e-02, 1.030843e-01, 1.412325e-01, 1.415119e-01, 1.922721e-01
INFO:bingo.evolutionary_optimizers.parallel_archipelago:Performing migration between Islands
INFO:bingo.evolutionary_optimizers.parallel_archipelago:Evolution time 0:00:55.280061	 age 770	 fitness 7.389e-02
Level 25:bingo.evolutionary_optimizers.parallel_archipelago:Saving checkpoint: src/bingo_bias_vias_decomposition/checkpoints_st_20/implicit_st_20_p8_p2_2_770.pkl
INFO:bingo.evolutionary_optimizers.parallel_archipelago:Saved successfully
Level 25:bingo.evolutionary_optimizers.evolutionary_optimizer:Generation: 770 	 Elapsed time: 1:05:18.132532 	 Best training fitness: 7.389006e-02 	 
Level 25:bingo.evolutionary_optimizers.evolutionary_optimizer:770, 3.918133e+03, 10041611, 7.389006e-02, 7.388617e-02, 7.459078e-02, 8.046513e-02, 8.203229e-02, 8.504612e-02, 8.634995e-02, 9.506386e-02, 1.030843e-01, 1.412325e-01, 1.415119e-01, 1.922721e-01
INFO:bingo.evolutionary_optimizers.parallel_archipelago:Performing migration between Islands
INFO:bingo.evolutionary_optimizers.parallel_archipelago:Evolution time 0:00:59.981108	 age 780	 fitness 7.389e-02
Level 25:bingo.evolutionary_optimizers.parallel_archipelago:Saving checkpoint: src/bingo_bias_vias_decomposition/checkpoints_st_20/implicit_st_20_p8_p2_2_780.pkl
INFO:bingo.evolutionary_optimizers.parallel_archipelago:Saved successfully
Level 25:bingo.evolutionary_optimizers.evolutionary_optimizer:Generation: 780 	 Elapsed time: 1:06:18.526512 	 Best training fitness: 7.388870e-02 	 
Level 25:bingo.evolutionary_optimizers.evolutionary_optimizer:780, 3.978527e+03, 10207070, 7.388870e-02, 7.388617e-02, 7.459078e-02, 8.046513e-02, 8.203229e-02, 8.504612e-02, 8.634995e-02, 9.506386e-02, 1.030843e-01, 1.412325e-01, 1.415119e-01, 1.922721e-01
INFO:bingo.evolutionary_optimizers.parallel_archipelago:Performing migration between Islands
INFO:bingo.evolutionary_optimizers.parallel_archipelago:Evolution time 0:01:19.421760	 age 790	 fitness 7.389e-02
Level 25:bingo.evolutionary_optimizers.parallel_archipelago:Saving checkpoint: src/bingo_bias_vias_decomposition/checkpoints_st_20/implicit_st_20_p8_p2_2_790.pkl
INFO:bingo.evolutionary_optimizers.parallel_archipelago:Saved successfully
Level 25:bingo.evolutionary_optimizers.evolutionary_optimizer:Generation: 790 	 Elapsed time: 1:07:38.318842 	 Best training fitness: 7.389195e-02 	 
Level 25:bingo.evolutionary_optimizers.evolutionary_optimizer:790, 4.058319e+03, 10371515, 7.389195e-02, 7.388617e-02, 7.459078e-02, 8.046513e-02, 8.203229e-02, 8.504612e-02, 8.634995e-02, 9.506386e-02, 1.030843e-01, 1.412325e-01, 1.415119e-01, 1.922721e-01
INFO:bingo.evolutionary_optimizers.parallel_archipelago:Performing migration between Islands
INFO:bingo.evolutionary_optimizers.parallel_archipelago:Evolution time 0:00:47.721151	 age 800	 fitness 7.388e-02
Level 25:bingo.evolutionary_optimizers.parallel_archipelago:Saving checkpoint: src/bingo_bias_vias_decomposition/checkpoints_st_20/implicit_st_20_p8_p2_2_800.pkl
INFO:bingo.evolutionary_optimizers.parallel_archipelago:Saved successfully
Level 25:bingo.evolutionary_optimizers.evolutionary_optimizer:Generation: 800 	 Elapsed time: 1:08:26.420431 	 Best training fitness: 7.388162e-02 	 
Level 25:bingo.evolutionary_optimizers.evolutionary_optimizer:800, 4.106420e+03, 10495435, 7.388162e-02, 7.388162e-02, 7.459078e-02, 8.046513e-02, 8.203229e-02, 8.504612e-02, 8.634995e-02, 9.506386e-02, 1.030843e-01, 1.412325e-01, 1.415119e-01, 1.922721e-01
INFO:bingo.evolutionary_optimizers.parallel_archipelago:Performing migration between Islands
INFO:bingo.evolutionary_optimizers.parallel_archipelago:Evolution time 0:00:59.889648	 age 810	 fitness 6.661e-02
Level 25:bingo.evolutionary_optimizers.parallel_archipelago:Saving checkpoint: src/bingo_bias_vias_decomposition/checkpoints_st_20/implicit_st_20_p8_p2_2_810.pkl
INFO:bingo.evolutionary_optimizers.parallel_archipelago:Saved successfully
Level 25:bingo.evolutionary_optimizers.evolutionary_optimizer:Generation: 810 	 Elapsed time: 1:09:26.681992 	 Best training fitness: 6.661348e-02 	 
Level 25:bingo.evolutionary_optimizers.evolutionary_optimizer:810, 4.166682e+03, 10650364, 6.661348e-02, 6.661348e-02, 7.459078e-02, 8.046513e-02, 8.203229e-02, 8.504612e-02, 8.634995e-02, 9.506386e-02, 1.030843e-01, 1.412325e-01, 1.415119e-01, 1.922721e-01
INFO:bingo.evolutionary_optimizers.parallel_archipelago:Performing migration between Islands
INFO:bingo.evolutionary_optimizers.parallel_archipelago:Evolution time 0:01:19.853086	 age 820	 fitness 6.661e-02
Level 25:bingo.evolutionary_optimizers.parallel_archipelago:Saving checkpoint: src/bingo_bias_vias_decomposition/checkpoints_st_20/implicit_st_20_p8_p2_2_820.pkl
INFO:bingo.evolutionary_optimizers.parallel_archipelago:Saved successfully
Level 25:bingo.evolutionary_optimizers.evolutionary_optimizer:Generation: 820 	 Elapsed time: 1:10:46.904283 	 Best training fitness: 6.661348e-02 	 
Level 25:bingo.evolutionary_optimizers.evolutionary_optimizer:820, 4.246904e+03, 10787921, 6.661348e-02, 6.661348e-02, 7.459078e-02, 8.046513e-02, 8.203229e-02, 8.504612e-02, 8.634995e-02, 9.506386e-02, 1.030843e-01, 1.412325e-01, 1.415119e-01, 1.922721e-01
INFO:bingo.evolutionary_optimizers.parallel_archipelago:Performing migration between Islands
INFO:bingo.evolutionary_optimizers.parallel_archipelago:Evolution time 0:01:30.563109	 age 830	 fitness 6.662e-02
Level 25:bingo.evolutionary_optimizers.parallel_archipelago:Saving checkpoint: src/bingo_bias_vias_decomposition/checkpoints_st_20/implicit_st_20_p8_p2_2_830.pkl
INFO:bingo.evolutionary_optimizers.parallel_archipelago:Saved successfully
Level 25:bingo.evolutionary_optimizers.evolutionary_optimizer:Generation: 830 	 Elapsed time: 1:12:17.839328 	 Best training fitness: 6.662447e-02 	 
Level 25:bingo.evolutionary_optimizers.evolutionary_optimizer:830, 4.337839e+03, 10980780, 6.662447e-02, 6.661348e-02, 7.459078e-02, 8.046513e-02, 8.203229e-02, 8.504612e-02, 8.634995e-02, 9.506386e-02, 1.030843e-01, 1.412325e-01, 1.415119e-01, 1.922721e-01
INFO:bingo.evolutionary_optimizers.parallel_archipelago:Performing migration between Islands
INFO:bingo.evolutionary_optimizers.parallel_archipelago:Evolution time 0:00:49.033999	 age 840	 fitness 6.662e-02
Level 25:bingo.evolutionary_optimizers.parallel_archipelago:Saving checkpoint: src/bingo_bias_vias_decomposition/checkpoints_st_20/implicit_st_20_p8_p2_2_840.pkl
INFO:bingo.evolutionary_optimizers.parallel_archipelago:Saved successfully
Level 25:bingo.evolutionary_optimizers.evolutionary_optimizer:Generation: 840 	 Elapsed time: 1:13:07.283910 	 Best training fitness: 6.662093e-02 	 
Level 25:bingo.evolutionary_optimizers.evolutionary_optimizer:840, 4.387284e+03, 11103606, 6.662093e-02, 6.661348e-02, 7.459078e-02, 8.046513e-02, 8.203229e-02, 8.504612e-02, 8.634995e-02, 9.505639e-02, 1.030843e-01, 1.412325e-01, 1.415119e-01, 1.922721e-01
INFO:bingo.evolutionary_optimizers.parallel_archipelago:Performing migration between Islands
INFO:bingo.evolutionary_optimizers.parallel_archipelago:Evolution time 0:00:47.374717	 age 850	 fitness 6.662e-02
Level 25:bingo.evolutionary_optimizers.parallel_archipelago:Saving checkpoint: src/bingo_bias_vias_decomposition/checkpoints_st_20/implicit_st_20_p8_p2_2_850.pkl
INFO:bingo.evolutionary_optimizers.parallel_archipelago:Saved successfully
Level 25:bingo.evolutionary_optimizers.evolutionary_optimizer:Generation: 850 	 Elapsed time: 1:13:55.021271 	 Best training fitness: 6.662093e-02 	 
Level 25:bingo.evolutionary_optimizers.evolutionary_optimizer:850, 4.435021e+03, 11226332, 6.662093e-02, 6.661348e-02, 7.459078e-02, 8.046513e-02, 8.203229e-02, 8.504612e-02, 8.634995e-02, 9.505639e-02, 1.030843e-01, 1.412325e-01, 1.415119e-01, 1.922721e-01
INFO:bingo.evolutionary_optimizers.parallel_archipelago:Performing migration between Islands
INFO:bingo.evolutionary_optimizers.parallel_archipelago:Evolution time 0:00:57.828808	 age 860	 fitness 6.661e-02
Level 25:bingo.evolutionary_optimizers.parallel_archipelago:Saving checkpoint: src/bingo_bias_vias_decomposition/checkpoints_st_20/implicit_st_20_p8_p2_2_860.pkl
INFO:bingo.evolutionary_optimizers.parallel_archipelago:Saved successfully
Level 25:bingo.evolutionary_optimizers.evolutionary_optimizer:Generation: 860 	 Elapsed time: 1:14:53.212527 	 Best training fitness: 6.661445e-02 	 
Level 25:bingo.evolutionary_optimizers.evolutionary_optimizer:860, 4.493213e+03, 11347865, 6.661445e-02, 6.661348e-02, 7.458950e-02, 8.046513e-02, 8.203229e-02, 8.504612e-02, 8.634995e-02, 9.505639e-02, 1.030843e-01, 1.412325e-01, 1.415119e-01, 1.922721e-01
INFO:bingo.evolutionary_optimizers.parallel_archipelago:Performing migration between Islands
INFO:bingo.evolutionary_optimizers.parallel_archipelago:Evolution time 0:01:27.556367	 age 870	 fitness 6.661e-02
Level 25:bingo.evolutionary_optimizers.parallel_archipelago:Saving checkpoint: src/bingo_bias_vias_decomposition/checkpoints_st_20/implicit_st_20_p8_p2_2_870.pkl
INFO:bingo.evolutionary_optimizers.parallel_archipelago:Saved successfully
Level 25:bingo.evolutionary_optimizers.evolutionary_optimizer:Generation: 870 	 Elapsed time: 1:16:21.135586 	 Best training fitness: 6.661391e-02 	 
Level 25:bingo.evolutionary_optimizers.evolutionary_optimizer:870, 4.581136e+03, 11544090, 6.661391e-02, 6.661348e-02, 7.458950e-02, 7.876638e-02, 8.504612e-02, 8.634995e-02, 9.505639e-02, 1.030843e-01, 1.412325e-01, 1.415119e-01, 1.922721e-01
INFO:bingo.evolutionary_optimizers.parallel_archipelago:Performing migration between Islands
INFO:bingo.evolutionary_optimizers.parallel_archipelago:Evolution time 0:01:46.349166	 age 880	 fitness 6.661e-02
Level 25:bingo.evolutionary_optimizers.parallel_archipelago:Saving checkpoint: src/bingo_bias_vias_decomposition/checkpoints_st_20/implicit_st_20_p8_p2_2_880.pkl
INFO:bingo.evolutionary_optimizers.parallel_archipelago:Saved successfully
Level 25:bingo.evolutionary_optimizers.evolutionary_optimizer:Generation: 880 	 Elapsed time: 1:18:07.892545 	 Best training fitness: 6.661093e-02 	 
Level 25:bingo.evolutionary_optimizers.evolutionary_optimizer:880, 4.687893e+03, 11737889, 6.661093e-02, 6.661093e-02, 7.458950e-02, 7.876638e-02, 8.504612e-02, 8.634995e-02, 9.505639e-02, 1.030843e-01, 1.412325e-01, 1.415119e-01, 1.922721e-01
INFO:bingo.evolutionary_optimizers.parallel_archipelago:Performing migration between Islands
INFO:bingo.evolutionary_optimizers.parallel_archipelago:Evolution time 0:01:00.279176	 age 890	 fitness 6.661e-02
Level 25:bingo.evolutionary_optimizers.parallel_archipelago:Saving checkpoint: src/bingo_bias_vias_decomposition/checkpoints_st_20/implicit_st_20_p8_p2_2_890.pkl
INFO:bingo.evolutionary_optimizers.parallel_archipelago:Saved successfully
Level 25:bingo.evolutionary_optimizers.evolutionary_optimizer:Generation: 890 	 Elapsed time: 1:19:08.530676 	 Best training fitness: 6.660785e-02 	 
Level 25:bingo.evolutionary_optimizers.evolutionary_optimizer:890, 4.748531e+03, 11862633, 6.660785e-02, 6.660785e-02, 7.458950e-02, 7.876638e-02, 8.504612e-02, 8.634995e-02, 9.505639e-02, 1.030843e-01, 1.412325e-01, 1.415119e-01, 1.922721e-01
INFO:bingo.evolutionary_optimizers.parallel_archipelago:Performing migration between Islands
INFO:bingo.evolutionary_optimizers.parallel_archipelago:Evolution time 0:00:59.457807	 age 900	 fitness 6.488e-02
Level 25:bingo.evolutionary_optimizers.parallel_archipelago:Saving checkpoint: src/bingo_bias_vias_decomposition/checkpoints_st_20/implicit_st_20_p8_p2_2_900.pkl
INFO:bingo.evolutionary_optimizers.parallel_archipelago:Saved successfully
Level 25:bingo.evolutionary_optimizers.evolutionary_optimizer:Generation: 900 	 Elapsed time: 1:20:08.343689 	 Best training fitness: 6.488218e-02 	 
Level 25:bingo.evolutionary_optimizers.evolutionary_optimizer:900, 4.808344e+03, 12030774, 6.488218e-02, 6.488218e-02, 6.660785e-02, 7.458950e-02, 7.790063e-02, 9.505639e-02, 1.030843e-01, 1.412325e-01, 1.415119e-01, 1.922721e-01
INFO:bingo.evolutionary_optimizers.parallel_archipelago:Performing migration between Islands
INFO:bingo.evolutionary_optimizers.parallel_archipelago:Evolution time 0:00:49.450879	 age 910	 fitness 6.277e-02
Level 25:bingo.evolutionary_optimizers.parallel_archipelago:Saving checkpoint: src/bingo_bias_vias_decomposition/checkpoints_st_20/implicit_st_20_p8_p2_2_910.pkl
INFO:bingo.evolutionary_optimizers.parallel_archipelago:Saved successfully
Level 25:bingo.evolutionary_optimizers.evolutionary_optimizer:Generation: 910 	 Elapsed time: 1:20:58.198398 	 Best training fitness: 6.277014e-02 	 
Level 25:bingo.evolutionary_optimizers.evolutionary_optimizer:910, 4.858198e+03, 12145514, 6.277014e-02, 6.277014e-02, 7.790063e-02, 9.422643e-02, 1.030843e-01, 1.412325e-01, 1.415119e-01, 1.922721e-01
INFO:bingo.evolutionary_optimizers.parallel_archipelago:Performing migration between Islands
INFO:bingo.evolutionary_optimizers.parallel_archipelago:Evolution time 0:01:25.884007	 age 920	 fitness 6.273e-02
Level 25:bingo.evolutionary_optimizers.parallel_archipelago:Saving checkpoint: src/bingo_bias_vias_decomposition/checkpoints_st_20/implicit_st_20_p8_p2_2_920.pkl
INFO:bingo.evolutionary_optimizers.parallel_archipelago:Saved successfully
Level 25:bingo.evolutionary_optimizers.evolutionary_optimizer:Generation: 920 	 Elapsed time: 1:22:24.451920 	 Best training fitness: 6.273447e-02 	 
Level 25:bingo.evolutionary_optimizers.evolutionary_optimizer:920, 4.944452e+03, 12331634, 6.273447e-02, 6.273447e-02, 6.275926e-02, 7.070977e-02, 7.790063e-02, 9.422643e-02, 1.030843e-01, 1.412325e-01, 1.415119e-01, 1.922721e-01
INFO:bingo.evolutionary_optimizers.parallel_archipelago:Performing migration between Islands
INFO:bingo.evolutionary_optimizers.parallel_archipelago:Evolution time 0:00:59.188934	 age 930	 fitness 6.273e-02
Level 25:bingo.evolutionary_optimizers.parallel_archipelago:Saving checkpoint: src/bingo_bias_vias_decomposition/checkpoints_st_20/implicit_st_20_p8_p2_2_930.pkl
INFO:bingo.evolutionary_optimizers.parallel_archipelago:Saved successfully
Level 25:bingo.evolutionary_optimizers.evolutionary_optimizer:Generation: 930 	 Elapsed time: 1:23:23.987744 	 Best training fitness: 6.273310e-02 	 
Level 25:bingo.evolutionary_optimizers.evolutionary_optimizer:930, 5.003988e+03, 12496195, 6.273310e-02, 6.273310e-02, 6.273702e-02, 7.070977e-02, 7.790063e-02, 9.422643e-02, 1.030843e-01, 1.412325e-01, 1.415119e-01, 1.922721e-01
INFO:bingo.evolutionary_optimizers.parallel_archipelago:Performing migration between Islands
INFO:bingo.evolutionary_optimizers.parallel_archipelago:Evolution time 0:00:49.392941	 age 940	 fitness 6.272e-02
Level 25:bingo.evolutionary_optimizers.parallel_archipelago:Saving checkpoint: src/bingo_bias_vias_decomposition/checkpoints_st_20/implicit_st_20_p8_p2_2_940.pkl
INFO:bingo.evolutionary_optimizers.parallel_archipelago:Saved successfully
Level 25:bingo.evolutionary_optimizers.evolutionary_optimizer:Generation: 940 	 Elapsed time: 1:24:13.722031 	 Best training fitness: 6.271714e-02 	 
Level 25:bingo.evolutionary_optimizers.evolutionary_optimizer:940, 5.053722e+03, 12612314, 6.271714e-02, 6.271714e-02, 6.272880e-02, 7.070977e-02, 7.790063e-02, 9.422643e-02, 1.030843e-01, 1.412325e-01, 1.415119e-01, 1.922721e-01
INFO:bingo.evolutionary_optimizers.parallel_archipelago:Performing migration between Islands
INFO:bingo.evolutionary_optimizers.parallel_archipelago:Evolution time 0:00:45.879426	 age 950	 fitness 1.487e-02
Level 25:bingo.evolutionary_optimizers.parallel_archipelago:Saving checkpoint: src/bingo_bias_vias_decomposition/checkpoints_st_20/implicit_st_20_p8_p2_2_950.pkl
INFO:bingo.evolutionary_optimizers.parallel_archipelago:Saved successfully
Level 25:bingo.evolutionary_optimizers.evolutionary_optimizer:Generation: 950 	 Elapsed time: 1:24:59.934260 	 Best training fitness: 1.487216e-02 	 
Level 25:bingo.evolutionary_optimizers.evolutionary_optimizer:950, 5.099934e+03, 12733842, 1.487216e-02, 1.487216e-02, 1.415119e-01, 1.922721e-01
INFO:bingo.evolutionary_optimizers.parallel_archipelago:Performing migration between Islands
INFO:bingo.evolutionary_optimizers.parallel_archipelago:Evolution time 0:01:04.663481	 age 960	 fitness 1.138e-16
Level 25:bingo.evolutionary_optimizers.parallel_archipelago:Saving checkpoint: src/bingo_bias_vias_decomposition/checkpoints_st_20/implicit_st_20_p8_p2_2_960.pkl
INFO:bingo.evolutionary_optimizers.parallel_archipelago:Saved successfully
Level 25:bingo.evolutionary_optimizers.evolutionary_optimizer:Generation: 960 	 Elapsed time: 1:26:04.921136 	 Best training fitness: 1.137527e-16 	 
Level 25:bingo.evolutionary_optimizers.evolutionary_optimizer:960, 5.164921e+03, 12878424, 1.137527e-16, 1.137527e-16, 1.922721e-01
Level 25:bingo.evolutionary_optimizers.evolutionary_optimizer:Evolution successfully converged.
Level 25:bingo.evolutionary_optimizers.evolutionary_optimizer:  Absolte convergence occurred with best fitness < 1e-10
Level 25:bingo.evolutionary_optimizers.evolutionary_optimizer:Hall of Fame:
1.137526801923815e-16	7	sin(log((X_1)(X_1) + (X_0)(X_0)))
0.19227207741096802	1	-0.933920
