Level 25:bingo.evolutionary_optimizers.evolutionary_optimizer:#generational_age, elapsed_time, fitness_evaluation_count, current_training_fitness, hall_of_fame_fitnesses
Level 25:bingo.evolutionary_optimizers.evolutionary_optimizer:#generational_age, elapsed_time, fitness_evaluation_count, current_training_fitness, hall_of_fame_fitnesses
Level 25:bingo.evolutionary_optimizers.evolutionary_optimizer:Generation: 0 	 Elapsed time: 0:00:04.711118 	 Best training fitness: 4.858924e-02 	 
Level 25:bingo.evolutionary_optimizers.evolutionary_optimizer:0, 4.711118e+00, 13633, 4.858924e-02
INFO:bingo.evolutionary_optimizers.parallel_archipelago:Evolution time 0:00:25.788926	 age 20	 fitness 4.124e-02
Level 25:bingo.evolutionary_optimizers.evolutionary_optimizer:Generation: 10 	 Elapsed time: 0:00:30.694253 	 Best training fitness: 4.123529e-02 	 
Level 25:bingo.evolutionary_optimizers.evolutionary_optimizer:10, 3.069425e+01, 111773, 4.123529e-02, 4.123529e-02, 4.834929e-02, 4.846378e-02, 4.887671e-02, 4.927338e-02, 6.005930e-02
INFO:bingo.evolutionary_optimizers.parallel_archipelago:Evolution time 0:00:11.415362	 age 30	 fitness 3.931e-02
Level 25:bingo.evolutionary_optimizers.evolutionary_optimizer:Generation: 20 	 Elapsed time: 0:00:42.315568 	 Best training fitness: 3.930502e-02 	 
Level 25:bingo.evolutionary_optimizers.evolutionary_optimizer:20, 4.231557e+01, 156917, 3.930502e-02, 3.930502e-02, 4.829171e-02, 4.834974e-02, 4.874404e-02
INFO:bingo.evolutionary_optimizers.parallel_archipelago:Evolution time 0:00:19.032379	 age 40	 fitness 3.916e-02
Level 25:bingo.evolutionary_optimizers.evolutionary_optimizer:Generation: 30 	 Elapsed time: 0:01:01.594733 	 Best training fitness: 3.915997e-02 	 
Level 25:bingo.evolutionary_optimizers.evolutionary_optimizer:30, 6.159473e+01, 210273, 3.915997e-02, 3.915997e-02, 4.828770e-02, 4.829171e-02, 4.834974e-02, 4.867068e-02
INFO:bingo.evolutionary_optimizers.parallel_archipelago:Evolution time 0:00:32.222956	 age 60	 fitness 3.916e-02
Level 25:bingo.evolutionary_optimizers.evolutionary_optimizer:Generation: 40 	 Elapsed time: 0:01:34.020573 	 Best training fitness: 3.915997e-02 	 
Level 25:bingo.evolutionary_optimizers.evolutionary_optimizer:40, 9.402057e+01, 285441, 3.915997e-02, 3.915997e-02, 4.828770e-02, 4.829171e-02, 4.834974e-02, 4.836838e-02
INFO:bingo.evolutionary_optimizers.parallel_archipelago:Evolution time 0:00:45.463646	 age 70	 fitness 3.514e-02
Level 25:bingo.evolutionary_optimizers.evolutionary_optimizer:Generation: 50 	 Elapsed time: 0:02:19.692738 	 Best training fitness: 3.513575e-02 	 
Level 25:bingo.evolutionary_optimizers.evolutionary_optimizer:50, 1.396927e+02, 365001, 3.513575e-02, 3.513575e-02, 3.906721e-02, 4.828770e-02, 4.829171e-02, 4.834974e-02, 4.836838e-02
INFO:bingo.evolutionary_optimizers.parallel_archipelago:Evolution time 0:00:31.986510	 age 90	 fitness 3.516e-02
Level 25:bingo.evolutionary_optimizers.evolutionary_optimizer:Generation: 60 	 Elapsed time: 0:02:51.887991 	 Best training fitness: 3.516112e-02 	 
Level 25:bingo.evolutionary_optimizers.evolutionary_optimizer:60, 1.718880e+02, 443256, 3.516112e-02, 3.513575e-02, 3.545322e-02, 3.906721e-02, 4.828770e-02, 4.829171e-02, 4.834974e-02, 4.836838e-02
INFO:bingo.evolutionary_optimizers.parallel_archipelago:Evolution time 0:00:37.306143	 age 100	 fitness 3.479e-02
Level 25:bingo.evolutionary_optimizers.evolutionary_optimizer:Generation: 70 	 Elapsed time: 0:03:29.405340 	 Best training fitness: 3.479011e-02 	 
Level 25:bingo.evolutionary_optimizers.evolutionary_optimizer:70, 2.094053e+02, 522706, 3.479011e-02, 3.479011e-02, 3.492522e-02, 3.533076e-02, 3.906721e-02, 4.828770e-02, 4.829171e-02, 4.834974e-02, 4.836838e-02
INFO:bingo.evolutionary_optimizers.parallel_archipelago:Evolution time 0:00:53.541429	 age 110	 fitness 3.434e-02
Level 25:bingo.evolutionary_optimizers.evolutionary_optimizer:Generation: 80 	 Elapsed time: 0:04:23.158226 	 Best training fitness: 3.433502e-02 	 
Level 25:bingo.evolutionary_optimizers.evolutionary_optimizer:80, 2.631582e+02, 608584, 3.433502e-02, 3.433502e-02, 3.492522e-02, 3.498350e-02, 3.906721e-02, 4.824136e-02, 4.828770e-02, 4.829171e-02, 4.834974e-02, 4.836838e-02
INFO:bingo.evolutionary_optimizers.parallel_archipelago:Evolution time 0:00:31.075069	 age 120	 fitness 2.844e-17
Level 25:bingo.evolutionary_optimizers.evolutionary_optimizer:Generation: 90 	 Elapsed time: 0:04:54.437256 	 Best training fitness: 2.843817e-17 	 
Level 25:bingo.evolutionary_optimizers.evolutionary_optimizer:90, 2.944373e+02, 691294, 2.843817e-17, 2.843817e-17, 4.824136e-02, 4.828770e-02, 4.829171e-02, 4.834974e-02, 4.836838e-02
Level 25:bingo.evolutionary_optimizers.evolutionary_optimizer:Evolution successfully converged.
Level 25:bingo.evolutionary_optimizers.evolutionary_optimizer:  Absolte convergence occurred with best fitness < 1e-10
Level 25:bingo.evolutionary_optimizers.evolutionary_optimizer:Hall of Fame:
2.843817004809537e-17	7	sin(log((X_1)(X_1) + (X_0)(X_0)))
0.04824136375191031	6	(-0.668927)(sin(0.611583) + 0.831337)
0.048287700830801236	5	sin((sin(log(0.024950)))(log(0.024950)))
0.048291705019286826	4	sin(((-1.058790)(-1.058790))(-1.058790))
0.04834974086257171	3	sin(log(0.147852))
0.04836838241404346	1	-0.946682
