Level 25:bingo.evolutionary_optimizers.evolutionary_optimizer:#generational_age, elapsed_time, fitness_evaluation_count, current_training_fitness, hall_of_fame_fitnesses
Level 25:bingo.evolutionary_optimizers.evolutionary_optimizer:#generational_age, elapsed_time, fitness_evaluation_count, current_training_fitness, hall_of_fame_fitnesses
Level 25:bingo.evolutionary_optimizers.evolutionary_optimizer:Generation: 0 	 Elapsed time: 0:00:04.776940 	 Best training fitness: 9.663030e-02 	 
Level 25:bingo.evolutionary_optimizers.evolutionary_optimizer:0, 4.776940e+00, 13904, 9.663030e-02
INFO:bingo.evolutionary_optimizers.parallel_archipelago:Evolution time 0:00:53.143251	 age 40	 fitness 9.631e-02
Level 25:bingo.evolutionary_optimizers.evolutionary_optimizer:Generation: 10 	 Elapsed time: 0:00:58.208212 	 Best training fitness: 9.630840e-02 	 
Level 25:bingo.evolutionary_optimizers.evolutionary_optimizer:10, 5.820821e+01, 156639, 9.630840e-02, 9.630840e-02
INFO:bingo.evolutionary_optimizers.parallel_archipelago:Evolution time 0:00:34.505837	 age 70	 fitness 9.626e-02
Level 25:bingo.evolutionary_optimizers.evolutionary_optimizer:Generation: 20 	 Elapsed time: 0:01:33.028383 	 Best training fitness: 9.626472e-02 	 
Level 25:bingo.evolutionary_optimizers.evolutionary_optimizer:20, 9.302838e+01, 231899, 9.626472e-02, 9.626472e-02, 9.630840e-02
INFO:bingo.evolutionary_optimizers.parallel_archipelago:Evolution time 0:00:39.481979	 age 110	 fitness 9.626e-02
Level 25:bingo.evolutionary_optimizers.evolutionary_optimizer:Generation: 30 	 Elapsed time: 0:02:12.847479 	 Best training fitness: 9.626472e-02 	 
Level 25:bingo.evolutionary_optimizers.evolutionary_optimizer:30, 1.328475e+02, 325262, 9.626472e-02, 9.626472e-02, 9.629539e-02
INFO:bingo.evolutionary_optimizers.parallel_archipelago:Evolution time 0:00:40.154251	 age 140	 fitness 9.626e-02
Level 25:bingo.evolutionary_optimizers.evolutionary_optimizer:Generation: 40 	 Elapsed time: 0:02:53.299949 	 Best training fitness: 9.626472e-02 	 
Level 25:bingo.evolutionary_optimizers.evolutionary_optimizer:40, 1.732999e+02, 409538, 9.626472e-02, 9.626472e-02, 9.629073e-02, 9.629539e-02
INFO:bingo.evolutionary_optimizers.parallel_archipelago:Evolution time 0:00:22.709037	 age 160	 fitness 9.628e-02
Level 25:bingo.evolutionary_optimizers.evolutionary_optimizer:Generation: 50 	 Elapsed time: 0:03:16.310410 	 Best training fitness: 9.627875e-02 	 
Level 25:bingo.evolutionary_optimizers.evolutionary_optimizer:50, 1.963104e+02, 471486, 9.627875e-02, 9.626472e-02, 9.629073e-02, 9.629539e-02
INFO:bingo.evolutionary_optimizers.parallel_archipelago:Evolution time 0:00:25.613849	 age 180	 fitness 9.627e-02
Level 25:bingo.evolutionary_optimizers.evolutionary_optimizer:Generation: 60 	 Elapsed time: 0:03:42.226681 	 Best training fitness: 9.626974e-02 	 
Level 25:bingo.evolutionary_optimizers.evolutionary_optimizer:60, 2.222267e+02, 533969, 9.626974e-02, 9.626472e-02, 9.626974e-02, 9.627782e-02, 9.629539e-02
INFO:bingo.evolutionary_optimizers.parallel_archipelago:Evolution time 0:00:38.580420	 age 210	 fitness 9.627e-02
Level 25:bingo.evolutionary_optimizers.evolutionary_optimizer:Generation: 70 	 Elapsed time: 0:04:21.158430 	 Best training fitness: 9.626974e-02 	 
Level 25:bingo.evolutionary_optimizers.evolutionary_optimizer:70, 2.611584e+02, 630335, 9.626974e-02, 9.626472e-02, 9.626974e-02, 9.627782e-02, 9.629539e-02
INFO:bingo.evolutionary_optimizers.parallel_archipelago:Evolution time 0:00:17.283202	 age 230	 fitness 9.629e-02
Level 25:bingo.evolutionary_optimizers.evolutionary_optimizer:Generation: 80 	 Elapsed time: 0:04:38.750295 	 Best training fitness: 9.628602e-02 	 
Level 25:bingo.evolutionary_optimizers.evolutionary_optimizer:80, 2.787503e+02, 687485, 9.628602e-02, 9.626472e-02, 9.626974e-02, 9.627782e-02, 9.629539e-02
INFO:bingo.evolutionary_optimizers.parallel_archipelago:Evolution time 0:00:29.117237	 age 260	 fitness 9.620e-02
Level 25:bingo.evolutionary_optimizers.evolutionary_optimizer:Generation: 90 	 Elapsed time: 0:05:08.179555 	 Best training fitness: 9.619638e-02 	 
Level 25:bingo.evolutionary_optimizers.evolutionary_optimizer:90, 3.081796e+02, 749066, 9.619638e-02, 9.619638e-02, 9.626472e-02, 9.626974e-02, 9.627782e-02, 9.629539e-02
INFO:bingo.evolutionary_optimizers.parallel_archipelago:Evolution time 0:00:38.066649	 age 280	 fitness 9.627e-02
Level 25:bingo.evolutionary_optimizers.evolutionary_optimizer:Generation: 100 	 Elapsed time: 0:05:46.651098 	 Best training fitness: 9.627255e-02 	 
Level 25:bingo.evolutionary_optimizers.evolutionary_optimizer:100, 3.466511e+02, 844709, 9.627255e-02, 9.619638e-02, 9.626472e-02, 9.626974e-02, 9.627782e-02, 9.629539e-02
INFO:bingo.evolutionary_optimizers.parallel_archipelago:Evolution time 0:00:32.935392	 age 320	 fitness 9.593e-02
Level 25:bingo.evolutionary_optimizers.evolutionary_optimizer:Generation: 110 	 Elapsed time: 0:06:19.819508 	 Best training fitness: 9.593466e-02 	 
Level 25:bingo.evolutionary_optimizers.evolutionary_optimizer:110, 3.798195e+02, 935204, 9.593466e-02, 9.593466e-02, 9.626472e-02, 9.626974e-02, 9.627782e-02, 9.629539e-02
INFO:bingo.evolutionary_optimizers.parallel_archipelago:Evolution time 0:00:19.163006	 age 340	 fitness 6.520e-02
Level 25:bingo.evolutionary_optimizers.evolutionary_optimizer:Generation: 120 	 Elapsed time: 0:06:39.227160 	 Best training fitness: 6.520130e-02 	 
Level 25:bingo.evolutionary_optimizers.evolutionary_optimizer:120, 3.992272e+02, 1015806, 6.520130e-02, 6.520130e-02, 7.147332e-02, 9.487614e-02, 9.626235e-02, 9.626974e-02, 9.627782e-02, 9.629539e-02
INFO:bingo.evolutionary_optimizers.parallel_archipelago:Evolution time 0:00:23.182585	 age 370	 fitness 6.489e-02
Level 25:bingo.evolutionary_optimizers.evolutionary_optimizer:Generation: 130 	 Elapsed time: 0:07:02.722570 	 Best training fitness: 6.489360e-02 	 
Level 25:bingo.evolutionary_optimizers.evolutionary_optimizer:130, 4.227226e+02, 1097170, 6.489360e-02, 6.489360e-02, 6.489804e-02, 6.503301e-02, 7.147332e-02, 9.487614e-02, 9.626235e-02, 9.626974e-02, 9.627782e-02, 9.629539e-02
INFO:bingo.evolutionary_optimizers.parallel_archipelago:Evolution time 0:00:35.838089	 age 410	 fitness 6.460e-02
Level 25:bingo.evolutionary_optimizers.evolutionary_optimizer:Generation: 140 	 Elapsed time: 0:07:38.877802 	 Best training fitness: 6.460350e-02 	 
Level 25:bingo.evolutionary_optimizers.evolutionary_optimizer:140, 4.588778e+02, 1196619, 6.460350e-02, 6.460350e-02, 6.463110e-02, 6.503301e-02, 7.147332e-02, 9.487614e-02, 9.626235e-02, 9.626974e-02, 9.627782e-02, 9.629539e-02
INFO:bingo.evolutionary_optimizers.parallel_archipelago:Evolution time 0:00:29.249691	 age 440	 fitness 5.456e-02
Level 25:bingo.evolutionary_optimizers.evolutionary_optimizer:Generation: 150 	 Elapsed time: 0:08:08.452643 	 Best training fitness: 5.455647e-02 	 
Level 25:bingo.evolutionary_optimizers.evolutionary_optimizer:150, 4.884526e+02, 1285684, 5.455647e-02, 5.455647e-02, 9.625237e-02, 9.626235e-02, 9.626974e-02, 9.627782e-02, 9.629539e-02
INFO:bingo.evolutionary_optimizers.parallel_archipelago:Evolution time 0:00:29.940411	 age 460	 fitness 5.428e-02
Level 25:bingo.evolutionary_optimizers.evolutionary_optimizer:Generation: 160 	 Elapsed time: 0:08:38.727141 	 Best training fitness: 5.428459e-02 	 
Level 25:bingo.evolutionary_optimizers.evolutionary_optimizer:160, 5.187271e+02, 1389111, 5.428459e-02, 5.428459e-02, 5.452858e-02, 9.625237e-02, 9.626235e-02, 9.626974e-02, 9.627782e-02, 9.629539e-02
INFO:bingo.evolutionary_optimizers.parallel_archipelago:Evolution time 0:00:23.763539	 age 490	 fitness 5.372e-02
Level 25:bingo.evolutionary_optimizers.evolutionary_optimizer:Generation: 170 	 Elapsed time: 0:09:02.789160 	 Best training fitness: 5.372070e-02 	 
Level 25:bingo.evolutionary_optimizers.evolutionary_optimizer:170, 5.427892e+02, 1472098, 5.372070e-02, 5.372070e-02, 5.436854e-02, 9.625237e-02, 9.626235e-02, 9.626974e-02, 9.627782e-02, 9.629539e-02
INFO:bingo.evolutionary_optimizers.parallel_archipelago:Evolution time 0:00:30.576050	 age 510	 fitness 5.358e-02
Level 25:bingo.evolutionary_optimizers.evolutionary_optimizer:Generation: 180 	 Elapsed time: 0:09:33.647594 	 Best training fitness: 5.358280e-02 	 
Level 25:bingo.evolutionary_optimizers.evolutionary_optimizer:180, 5.736476e+02, 1561610, 5.358280e-02, 5.358280e-02, 5.368699e-02, 5.429726e-02, 5.436854e-02, 9.621670e-02, 9.626974e-02, 9.627782e-02, 9.629539e-02
INFO:bingo.evolutionary_optimizers.parallel_archipelago:Evolution time 0:00:26.294572	 age 530	 fitness 5.330e-02
Level 25:bingo.evolutionary_optimizers.evolutionary_optimizer:Generation: 190 	 Elapsed time: 0:10:00.232177 	 Best training fitness: 5.330425e-02 	 
Level 25:bingo.evolutionary_optimizers.evolutionary_optimizer:190, 6.002322e+02, 1655951, 5.330425e-02, 5.330425e-02, 5.429726e-02, 5.436854e-02, 9.621670e-02, 9.626974e-02, 9.627782e-02, 9.629539e-02
INFO:bingo.evolutionary_optimizers.parallel_archipelago:Evolution time 0:00:37.786896	 age 550	 fitness 5.180e-02
Level 25:bingo.evolutionary_optimizers.evolutionary_optimizer:Generation: 200 	 Elapsed time: 0:10:38.329165 	 Best training fitness: 5.179881e-02 	 
Level 25:bingo.evolutionary_optimizers.evolutionary_optimizer:200, 6.383292e+02, 1777257, 5.179881e-02, 5.179881e-02, 5.275565e-02, 5.436854e-02, 9.621670e-02, 9.626541e-02, 9.627782e-02, 9.629539e-02
INFO:bingo.evolutionary_optimizers.parallel_archipelago:Evolution time 0:00:20.695888	 age 570	 fitness 4.900e-02
Level 25:bingo.evolutionary_optimizers.evolutionary_optimizer:Generation: 210 	 Elapsed time: 0:10:59.306866 	 Best training fitness: 4.899668e-02 	 
Level 25:bingo.evolutionary_optimizers.evolutionary_optimizer:210, 6.593069e+02, 1866397, 4.899668e-02, 4.899668e-02, 5.267285e-02, 5.436854e-02, 9.621670e-02, 9.626541e-02, 9.627782e-02, 9.629539e-02
INFO:bingo.evolutionary_optimizers.parallel_archipelago:Evolution time 0:00:33.799248	 age 600	 fitness 4.901e-02
Level 25:bingo.evolutionary_optimizers.evolutionary_optimizer:Generation: 220 	 Elapsed time: 0:11:33.385310 	 Best training fitness: 4.901105e-02 	 
Level 25:bingo.evolutionary_optimizers.evolutionary_optimizer:220, 6.933853e+02, 1968938, 4.901105e-02, 4.899668e-02, 5.257316e-02, 5.267285e-02, 5.436854e-02, 9.621670e-02, 9.626541e-02, 9.627782e-02, 9.629539e-02
INFO:bingo.evolutionary_optimizers.parallel_archipelago:Evolution time 0:00:45.257567	 age 630	 fitness 4.104e-02
Level 25:bingo.evolutionary_optimizers.evolutionary_optimizer:Generation: 230 	 Elapsed time: 0:12:18.924865 	 Best training fitness: 4.104342e-02 	 
Level 25:bingo.evolutionary_optimizers.evolutionary_optimizer:230, 7.389249e+02, 2118964, 4.104342e-02, 4.104342e-02, 4.115151e-02, 5.264986e-02, 5.436854e-02, 9.621670e-02, 9.626541e-02, 9.627782e-02, 9.629539e-02
INFO:bingo.evolutionary_optimizers.parallel_archipelago:Evolution time 0:00:31.835073	 age 650	 fitness 3.994e-02
Level 25:bingo.evolutionary_optimizers.evolutionary_optimizer:Generation: 240 	 Elapsed time: 0:12:51.082994 	 Best training fitness: 3.994343e-02 	 
Level 25:bingo.evolutionary_optimizers.evolutionary_optimizer:240, 7.710830e+02, 2244283, 3.994343e-02, 3.994343e-02, 4.092436e-02, 4.495932e-02, 5.436854e-02, 9.621670e-02, 9.626541e-02, 9.627782e-02, 9.629539e-02
INFO:bingo.evolutionary_optimizers.parallel_archipelago:Evolution time 0:00:45.999785	 age 670	 fitness 3.805e-02
Level 25:bingo.evolutionary_optimizers.evolutionary_optimizer:Generation: 250 	 Elapsed time: 0:13:37.376624 	 Best training fitness: 3.805170e-02 	 
Level 25:bingo.evolutionary_optimizers.evolutionary_optimizer:250, 8.173766e+02, 2359654, 3.805170e-02, 3.805170e-02, 4.092436e-02, 4.487542e-02, 5.436854e-02, 9.621670e-02, 9.626541e-02, 9.627782e-02, 9.629539e-02
INFO:bingo.evolutionary_optimizers.parallel_archipelago:Evolution time 0:00:29.373643	 age 690	 fitness 3.805e-02
Level 25:bingo.evolutionary_optimizers.evolutionary_optimizer:Generation: 260 	 Elapsed time: 0:14:07.071716 	 Best training fitness: 3.805170e-02 	 
Level 25:bingo.evolutionary_optimizers.evolutionary_optimizer:260, 8.470717e+02, 2461784, 3.805170e-02, 3.805170e-02, 4.089246e-02, 4.487542e-02, 5.436854e-02, 9.621670e-02, 9.626541e-02, 9.627782e-02, 9.629539e-02
INFO:bingo.evolutionary_optimizers.parallel_archipelago:Evolution time 0:00:34.344773	 age 720	 fitness 3.718e-02
Level 25:bingo.evolutionary_optimizers.evolutionary_optimizer:Generation: 270 	 Elapsed time: 0:14:41.740685 	 Best training fitness: 3.717603e-02 	 
Level 25:bingo.evolutionary_optimizers.evolutionary_optimizer:270, 8.817407e+02, 2569758, 3.717603e-02, 3.717603e-02, 3.724128e-02, 3.800798e-02, 4.089246e-02, 4.481248e-02, 5.436854e-02, 9.619485e-02, 9.621670e-02, 9.626541e-02, 9.627782e-02, 9.629539e-02
INFO:bingo.evolutionary_optimizers.parallel_archipelago:Evolution time 0:00:41.472098	 age 740	 fitness 3.720e-02
Level 25:bingo.evolutionary_optimizers.evolutionary_optimizer:Generation: 280 	 Elapsed time: 0:15:23.545699 	 Best training fitness: 3.719897e-02 	 
Level 25:bingo.evolutionary_optimizers.evolutionary_optimizer:280, 9.235457e+02, 2711254, 3.719897e-02, 3.717603e-02, 3.724128e-02, 3.753694e-02, 4.089246e-02, 4.481248e-02, 5.436276e-02, 9.619485e-02, 9.621670e-02, 9.626541e-02, 9.627782e-02, 9.629539e-02
INFO:bingo.evolutionary_optimizers.parallel_archipelago:Evolution time 0:00:35.741468	 age 770	 fitness 3.437e-02
Level 25:bingo.evolutionary_optimizers.evolutionary_optimizer:Generation: 290 	 Elapsed time: 0:15:59.610810 	 Best training fitness: 3.437388e-02 	 
Level 25:bingo.evolutionary_optimizers.evolutionary_optimizer:290, 9.596108e+02, 2845807, 3.437388e-02, 3.437388e-02, 3.723383e-02, 3.753694e-02, 4.089246e-02, 4.481248e-02, 5.436276e-02, 8.006763e-02, 9.621670e-02, 9.626541e-02, 9.627782e-02, 9.629539e-02
INFO:bingo.evolutionary_optimizers.parallel_archipelago:Evolution time 0:00:46.670492	 age 810	 fitness 3.435e-02
Level 25:bingo.evolutionary_optimizers.evolutionary_optimizer:Generation: 300 	 Elapsed time: 0:16:46.611978 	 Best training fitness: 3.434748e-02 	 
Level 25:bingo.evolutionary_optimizers.evolutionary_optimizer:300, 1.006612e+03, 2971564, 3.434748e-02, 3.434748e-02, 3.710742e-02, 4.481248e-02, 5.436276e-02, 8.006763e-02, 9.621670e-02, 9.626541e-02, 9.627782e-02, 9.629539e-02
INFO:bingo.evolutionary_optimizers.parallel_archipelago:Evolution time 0:00:27.179414	 age 830	 fitness 3.439e-02
Level 25:bingo.evolutionary_optimizers.evolutionary_optimizer:Generation: 310 	 Elapsed time: 0:17:14.079889 	 Best training fitness: 3.439240e-02 	 
Level 25:bingo.evolutionary_optimizers.evolutionary_optimizer:310, 1.034080e+03, 3079056, 3.439240e-02, 3.434748e-02, 3.703604e-02, 4.481248e-02, 5.436276e-02, 8.006763e-02, 9.621670e-02, 9.626541e-02, 9.627782e-02, 9.629539e-02
INFO:bingo.evolutionary_optimizers.parallel_archipelago:Evolution time 0:00:49.528964	 age 870	 fitness 3.425e-02
Level 25:bingo.evolutionary_optimizers.evolutionary_optimizer:Generation: 320 	 Elapsed time: 0:18:03.897209 	 Best training fitness: 3.425221e-02 	 
Level 25:bingo.evolutionary_optimizers.evolutionary_optimizer:320, 1.083897e+03, 3220167, 3.425221e-02, 3.425221e-02, 3.428623e-02, 5.436276e-02, 7.938903e-02, 9.621670e-02, 9.626541e-02, 9.627782e-02, 9.629539e-02
INFO:bingo.evolutionary_optimizers.parallel_archipelago:Evolution time 0:00:41.348835	 age 900	 fitness 3.429e-02
Level 25:bingo.evolutionary_optimizers.evolutionary_optimizer:Generation: 330 	 Elapsed time: 0:18:45.531737 	 Best training fitness: 3.428623e-02 	 
Level 25:bingo.evolutionary_optimizers.evolutionary_optimizer:330, 1.125532e+03, 3357926, 3.428623e-02, 3.425221e-02, 3.428623e-02, 5.436276e-02, 7.938903e-02, 9.621670e-02, 9.626541e-02, 9.627782e-02, 9.629539e-02
INFO:bingo.evolutionary_optimizers.parallel_archipelago:Evolution time 0:00:59.278347	 age 920	 fitness 3.412e-02
Level 25:bingo.evolutionary_optimizers.evolutionary_optimizer:Generation: 340 	 Elapsed time: 0:19:45.095563 	 Best training fitness: 3.411782e-02 	 
Level 25:bingo.evolutionary_optimizers.evolutionary_optimizer:340, 1.185096e+03, 3501056, 3.411782e-02, 3.411782e-02, 5.436276e-02, 7.938903e-02, 9.621670e-02, 9.626541e-02, 9.627782e-02, 9.629539e-02
INFO:bingo.evolutionary_optimizers.parallel_archipelago:Evolution time 0:00:34.966213	 age 940	 fitness 3.407e-02
Level 25:bingo.evolutionary_optimizers.evolutionary_optimizer:Generation: 350 	 Elapsed time: 0:20:20.344724 	 Best training fitness: 3.407066e-02 	 
Level 25:bingo.evolutionary_optimizers.evolutionary_optimizer:350, 1.220345e+03, 3633291, 3.407066e-02, 3.407066e-02, 5.436276e-02, 7.938903e-02, 9.621670e-02, 9.626541e-02, 9.627782e-02, 9.629539e-02
INFO:bingo.evolutionary_optimizers.parallel_archipelago:Evolution time 0:00:28.755401	 age 960	 fitness 3.408e-02
Level 25:bingo.evolutionary_optimizers.evolutionary_optimizer:Generation: 360 	 Elapsed time: 0:20:49.387156 	 Best training fitness: 3.408064e-02 	 
Level 25:bingo.evolutionary_optimizers.evolutionary_optimizer:360, 1.249387e+03, 3756722, 3.408064e-02, 3.407066e-02, 5.436276e-02, 7.938903e-02, 9.621670e-02, 9.626541e-02, 9.627782e-02, 9.629539e-02
INFO:bingo.evolutionary_optimizers.parallel_archipelago:Evolution time 0:00:34.580418	 age 990	 fitness 3.390e-02
Level 25:bingo.evolutionary_optimizers.evolutionary_optimizer:Generation: 370 	 Elapsed time: 0:21:24.286708 	 Best training fitness: 3.389635e-02 	 
Level 25:bingo.evolutionary_optimizers.evolutionary_optimizer:370, 1.284287e+03, 3889904, 3.389635e-02, 3.389635e-02, 3.405007e-02, 5.436276e-02, 7.938903e-02, 9.621670e-02, 9.626541e-02, 9.627782e-02, 9.629539e-02
INFO:bingo.evolutionary_optimizers.parallel_archipelago:Evolution time 0:00:26.003705	 age 1010	 fitness 3.381e-02
Level 25:bingo.evolutionary_optimizers.evolutionary_optimizer:Generation: 380 	 Elapsed time: 0:21:50.574967 	 Best training fitness: 3.381196e-02 	 
Level 25:bingo.evolutionary_optimizers.evolutionary_optimizer:380, 1.310575e+03, 4005226, 3.381196e-02, 3.381196e-02, 3.400261e-02, 3.405007e-02, 5.436276e-02, 7.938903e-02, 9.621670e-02, 9.626541e-02, 9.627782e-02, 9.629539e-02
INFO:bingo.evolutionary_optimizers.parallel_archipelago:Evolution time 0:00:45.267515	 age 1050	 fitness 3.381e-02
Level 25:bingo.evolutionary_optimizers.evolutionary_optimizer:Generation: 390 	 Elapsed time: 0:22:36.129665 	 Best training fitness: 3.381196e-02 	 
Level 25:bingo.evolutionary_optimizers.evolutionary_optimizer:390, 1.356130e+03, 4137009, 3.381196e-02, 3.381196e-02, 3.390181e-02, 3.405007e-02, 5.436276e-02, 7.938903e-02, 9.621670e-02, 9.626541e-02, 9.627782e-02, 9.629539e-02
INFO:bingo.evolutionary_optimizers.parallel_archipelago:Evolution time 0:00:54.931681	 age 1070	 fitness 3.381e-02
Level 25:bingo.evolutionary_optimizers.evolutionary_optimizer:Generation: 400 	 Elapsed time: 0:23:31.348278 	 Best training fitness: 3.381196e-02 	 
Level 25:bingo.evolutionary_optimizers.evolutionary_optimizer:400, 1.411348e+03, 4275613, 3.381196e-02, 3.381196e-02, 3.390181e-02, 3.405007e-02, 5.436276e-02, 7.938903e-02, 9.621670e-02, 9.626541e-02, 9.627782e-02, 9.629539e-02
INFO:bingo.evolutionary_optimizers.parallel_archipelago:Evolution time 0:00:59.732843	 age 1090	 fitness 3.368e-02
Level 25:bingo.evolutionary_optimizers.evolutionary_optimizer:Generation: 410 	 Elapsed time: 0:24:31.371174 	 Best training fitness: 3.368465e-02 	 
Level 25:bingo.evolutionary_optimizers.evolutionary_optimizer:410, 1.471371e+03, 4436217, 3.368465e-02, 3.368465e-02, 3.390181e-02, 3.405007e-02, 5.436276e-02, 7.938903e-02, 9.621670e-02, 9.626541e-02, 9.627782e-02, 9.629539e-02
INFO:bingo.evolutionary_optimizers.parallel_archipelago:Evolution time 0:00:34.175161	 age 1120	 fitness 5.688e-17
Level 25:bingo.evolutionary_optimizers.evolutionary_optimizer:Generation: 420 	 Elapsed time: 0:25:05.834585 	 Best training fitness: 5.687634e-17 	 
Level 25:bingo.evolutionary_optimizers.evolutionary_optimizer:420, 1.505835e+03, 4571321, 5.687634e-17, 5.687634e-17, 9.621670e-02, 9.626541e-02, 9.627782e-02, 9.629539e-02
Level 25:bingo.evolutionary_optimizers.evolutionary_optimizer:Evolution successfully converged.
Level 25:bingo.evolutionary_optimizers.evolutionary_optimizer:  Absolte convergence occurred with best fitness < 1e-10
Level 25:bingo.evolutionary_optimizers.evolutionary_optimizer:Hall of Fame:
5.687634009619075e-17	7	sin(log((X_0)(X_0) + (X_1)(X_1)))
0.0962166962845325	6	log(sin(log(0.079122) + (0.079122)(log(0.079122))))
0.0962654147674846	5	log((0.076385)(log((0.076385)(0.076385))))
0.09627782396608833	3	sin(log(-0.000562))
0.09629538824469194	1	-0.929818
