Level 25:bingo.evolutionary_optimizers.evolutionary_optimizer:#generational_age, elapsed_time, fitness_evaluation_count, current_training_fitness, hall_of_fame_fitnesses
Level 25:bingo.evolutionary_optimizers.evolutionary_optimizer:#generational_age, elapsed_time, fitness_evaluation_count, current_training_fitness, hall_of_fame_fitnesses
Level 25:bingo.evolutionary_optimizers.evolutionary_optimizer:Generation: 0 	 Elapsed time: 0:00:05.450217 	 Best training fitness: 1.925333e-01 	 
Level 25:bingo.evolutionary_optimizers.evolutionary_optimizer:0, 5.450217e+00, 13335, 1.925333e-01
INFO:bingo.evolutionary_optimizers.parallel_archipelago:Evolution time 0:00:38.395637	 age 30	 fitness 1.923e-01
Level 25:bingo.evolutionary_optimizers.evolutionary_optimizer:Generation: 10 	 Elapsed time: 0:00:44.157455 	 Best training fitness: 1.923145e-01 	 
Level 25:bingo.evolutionary_optimizers.evolutionary_optimizer:10, 4.415745e+01, 113787, 1.923145e-01, 1.923145e-01, 1.923600e-01, 1.924860e-01
INFO:bingo.evolutionary_optimizers.parallel_archipelago:Evolution time 0:00:38.824238	 age 60	 fitness 1.923e-01
Level 25:bingo.evolutionary_optimizers.evolutionary_optimizer:Generation: 20 	 Elapsed time: 0:01:23.307123 	 Best training fitness: 1.923132e-01 	 
Level 25:bingo.evolutionary_optimizers.evolutionary_optimizer:20, 8.330712e+01, 199439, 1.923132e-01, 1.923132e-01, 1.923145e-01, 1.923486e-01, 1.924345e-01
INFO:bingo.evolutionary_optimizers.parallel_archipelago:Evolution time 0:00:37.411619	 age 80	 fitness 1.923e-01
Level 25:bingo.evolutionary_optimizers.evolutionary_optimizer:Generation: 30 	 Elapsed time: 0:02:01.090701 	 Best training fitness: 1.923079e-01 	 
Level 25:bingo.evolutionary_optimizers.evolutionary_optimizer:30, 1.210907e+02, 273784, 1.923079e-01, 1.923079e-01, 1.923086e-01, 1.923862e-01, 1.924345e-01
INFO:bingo.evolutionary_optimizers.parallel_archipelago:Evolution time 0:00:28.598186	 age 110	 fitness 1.923e-01
Level 25:bingo.evolutionary_optimizers.evolutionary_optimizer:Generation: 40 	 Elapsed time: 0:02:30.014144 	 Best training fitness: 1.922851e-01 	 
Level 25:bingo.evolutionary_optimizers.evolutionary_optimizer:40, 1.500141e+02, 346203, 1.922851e-01, 1.922851e-01, 1.923710e-01
INFO:bingo.evolutionary_optimizers.parallel_archipelago:Evolution time 0:00:22.558695	 age 150	 fitness 1.923e-01
Level 25:bingo.evolutionary_optimizers.evolutionary_optimizer:Generation: 50 	 Elapsed time: 0:02:52.900796 	 Best training fitness: 1.922851e-01 	 
Level 25:bingo.evolutionary_optimizers.evolutionary_optimizer:50, 1.729008e+02, 419245, 1.922851e-01, 1.922851e-01, 1.922927e-01
INFO:bingo.evolutionary_optimizers.parallel_archipelago:Evolution time 0:00:30.105482	 age 180	 fitness 1.923e-01
Level 25:bingo.evolutionary_optimizers.evolutionary_optimizer:Generation: 60 	 Elapsed time: 0:03:23.330261 	 Best training fitness: 1.922980e-01 	 
Level 25:bingo.evolutionary_optimizers.evolutionary_optimizer:60, 2.033303e+02, 507692, 1.922980e-01, 1.922851e-01, 1.922927e-01
INFO:bingo.evolutionary_optimizers.parallel_archipelago:Evolution time 0:00:42.637074	 age 210	 fitness 1.923e-01
Level 25:bingo.evolutionary_optimizers.evolutionary_optimizer:Generation: 70 	 Elapsed time: 0:04:06.293879 	 Best training fitness: 1.922941e-01 	 
Level 25:bingo.evolutionary_optimizers.evolutionary_optimizer:70, 2.462939e+02, 591564, 1.922941e-01, 1.922851e-01, 1.922927e-01
INFO:bingo.evolutionary_optimizers.parallel_archipelago:Evolution time 0:00:24.772828	 age 230	 fitness 1.923e-01
Level 25:bingo.evolutionary_optimizers.evolutionary_optimizer:Generation: 80 	 Elapsed time: 0:04:31.408428 	 Best training fitness: 1.922913e-01 	 
Level 25:bingo.evolutionary_optimizers.evolutionary_optimizer:80, 2.714084e+02, 650835, 1.922913e-01, 1.922851e-01, 1.922913e-01, 1.922927e-01
INFO:bingo.evolutionary_optimizers.parallel_archipelago:Evolution time 0:00:22.801469	 age 250	 fitness 1.678e-01
Level 25:bingo.evolutionary_optimizers.evolutionary_optimizer:Generation: 90 	 Elapsed time: 0:04:54.545585 	 Best training fitness: 1.677852e-01 	 
Level 25:bingo.evolutionary_optimizers.evolutionary_optimizer:90, 2.945456e+02, 714316, 1.677852e-01, 1.677852e-01, 1.922851e-01, 1.922913e-01, 1.922927e-01
INFO:bingo.evolutionary_optimizers.parallel_archipelago:Evolution time 0:00:28.287953	 age 290	 fitness 1.678e-01
Level 25:bingo.evolutionary_optimizers.evolutionary_optimizer:Generation: 100 	 Elapsed time: 0:05:23.227484 	 Best training fitness: 1.677852e-01 	 
Level 25:bingo.evolutionary_optimizers.evolutionary_optimizer:100, 3.232275e+02, 798164, 1.677852e-01, 1.677852e-01, 1.922851e-01, 1.922913e-01, 1.922927e-01
INFO:bingo.evolutionary_optimizers.parallel_archipelago:Evolution time 0:00:20.886104	 age 310	 fitness 1.586e-01
Level 25:bingo.evolutionary_optimizers.evolutionary_optimizer:Generation: 110 	 Elapsed time: 0:05:44.453364 	 Best training fitness: 1.585941e-01 	 
Level 25:bingo.evolutionary_optimizers.evolutionary_optimizer:110, 3.444534e+02, 860706, 1.585941e-01, 1.585941e-01, 1.922851e-01, 1.922913e-01, 1.922927e-01
INFO:bingo.evolutionary_optimizers.parallel_archipelago:Evolution time 0:00:41.535597	 age 340	 fitness 1.556e-01
Level 25:bingo.evolutionary_optimizers.evolutionary_optimizer:Generation: 120 	 Elapsed time: 0:06:26.370548 	 Best training fitness: 1.555987e-01 	 
Level 25:bingo.evolutionary_optimizers.evolutionary_optimizer:120, 3.863705e+02, 949905, 1.555987e-01, 1.555987e-01, 1.585941e-01, 1.922851e-01, 1.922913e-01, 1.922927e-01
INFO:bingo.evolutionary_optimizers.parallel_archipelago:Evolution time 0:00:52.955180	 age 370	 fitness 1.151e-01
Level 25:bingo.evolutionary_optimizers.evolutionary_optimizer:Generation: 130 	 Elapsed time: 0:07:19.670929 	 Best training fitness: 1.150984e-01 	 
Level 25:bingo.evolutionary_optimizers.evolutionary_optimizer:130, 4.396709e+02, 1049498, 1.150984e-01, 1.150984e-01, 1.553959e-01, 1.585941e-01, 1.922851e-01, 1.922913e-01, 1.922927e-01
INFO:bingo.evolutionary_optimizers.parallel_archipelago:Evolution time 0:00:19.205966	 age 390	 fitness 1.140e-01
Level 25:bingo.evolutionary_optimizers.evolutionary_optimizer:Generation: 140 	 Elapsed time: 0:07:39.227911 	 Best training fitness: 1.140205e-01 	 
Level 25:bingo.evolutionary_optimizers.evolutionary_optimizer:140, 4.592279e+02, 1106344, 1.140205e-01, 1.140205e-01, 1.553959e-01, 1.585941e-01, 1.922851e-01, 1.922913e-01, 1.922927e-01
INFO:bingo.evolutionary_optimizers.parallel_archipelago:Evolution time 0:00:40.315087	 age 420	 fitness 1.005e-01
Level 25:bingo.evolutionary_optimizers.evolutionary_optimizer:Generation: 150 	 Elapsed time: 0:08:19.881842 	 Best training fitness: 1.004888e-01 	 
Level 25:bingo.evolutionary_optimizers.evolutionary_optimizer:150, 4.998818e+02, 1194621, 1.004888e-01, 1.004888e-01, 1.139975e-01, 1.553959e-01, 1.585941e-01, 1.922721e-01
INFO:bingo.evolutionary_optimizers.parallel_archipelago:Evolution time 0:00:37.298071	 age 460	 fitness 1.005e-01
Level 25:bingo.evolutionary_optimizers.evolutionary_optimizer:Generation: 160 	 Elapsed time: 0:08:57.526388 	 Best training fitness: 1.004888e-01 	 
Level 25:bingo.evolutionary_optimizers.evolutionary_optimizer:160, 5.375264e+02, 1302053, 1.004888e-01, 1.004888e-01, 1.139235e-01, 1.139975e-01, 1.553959e-01, 1.585941e-01, 1.922721e-01
INFO:bingo.evolutionary_optimizers.parallel_archipelago:Evolution time 0:00:34.045107	 age 490	 fitness 9.503e-02
Level 25:bingo.evolutionary_optimizers.evolutionary_optimizer:Generation: 170 	 Elapsed time: 0:09:31.918024 	 Best training fitness: 9.503160e-02 	 
Level 25:bingo.evolutionary_optimizers.evolutionary_optimizer:170, 5.719180e+02, 1389851, 9.503160e-02, 9.503160e-02, 9.835811e-02, 1.139235e-01, 1.139975e-01, 1.553959e-01, 1.585941e-01, 1.922721e-01
INFO:bingo.evolutionary_optimizers.parallel_archipelago:Evolution time 0:00:45.024234	 age 520	 fitness 9.032e-02
Level 25:bingo.evolutionary_optimizers.evolutionary_optimizer:Generation: 180 	 Elapsed time: 0:10:17.317937 	 Best training fitness: 9.032005e-02 	 
Level 25:bingo.evolutionary_optimizers.evolutionary_optimizer:180, 6.173179e+02, 1488916, 9.032005e-02, 9.032005e-02, 1.139235e-01, 1.139758e-01, 1.553959e-01, 1.585941e-01, 1.922721e-01
INFO:bingo.evolutionary_optimizers.parallel_archipelago:Evolution time 0:00:34.779666	 age 550	 fitness 8.893e-02
Level 25:bingo.evolutionary_optimizers.evolutionary_optimizer:Generation: 190 	 Elapsed time: 0:10:52.432169 	 Best training fitness: 8.893182e-02 	 
Level 25:bingo.evolutionary_optimizers.evolutionary_optimizer:190, 6.524322e+02, 1594720, 8.893182e-02, 8.893182e-02, 1.139235e-01, 1.139758e-01, 1.553959e-01, 1.585941e-01, 1.922721e-01
INFO:bingo.evolutionary_optimizers.parallel_archipelago:Evolution time 0:00:48.045978	 age 580	 fitness 8.892e-02
Level 25:bingo.evolutionary_optimizers.evolutionary_optimizer:Generation: 200 	 Elapsed time: 0:11:40.811305 	 Best training fitness: 8.891774e-02 	 
Level 25:bingo.evolutionary_optimizers.evolutionary_optimizer:200, 7.008113e+02, 1702890, 8.891774e-02, 8.891774e-02, 1.139235e-01, 1.139758e-01, 1.553959e-01, 1.585941e-01, 1.922721e-01
INFO:bingo.evolutionary_optimizers.parallel_archipelago:Evolution time 0:00:40.602573	 age 620	 fitness 8.890e-02
Level 25:bingo.evolutionary_optimizers.evolutionary_optimizer:Generation: 210 	 Elapsed time: 0:12:21.763212 	 Best training fitness: 8.890184e-02 	 
Level 25:bingo.evolutionary_optimizers.evolutionary_optimizer:210, 7.417632e+02, 1819936, 8.890184e-02, 8.890184e-02, 1.139235e-01, 1.139758e-01, 1.553959e-01, 1.585941e-01, 1.922721e-01
INFO:bingo.evolutionary_optimizers.parallel_archipelago:Evolution time 0:00:50.962586	 age 640	 fitness 8.889e-02
Level 25:bingo.evolutionary_optimizers.evolutionary_optimizer:Generation: 220 	 Elapsed time: 0:13:13.071531 	 Best training fitness: 8.889120e-02 	 
Level 25:bingo.evolutionary_optimizers.evolutionary_optimizer:220, 7.930715e+02, 1932367, 8.889120e-02, 8.889120e-02, 1.139235e-01, 1.139758e-01, 1.553959e-01, 1.585941e-01, 1.922721e-01
INFO:bingo.evolutionary_optimizers.parallel_archipelago:Evolution time 0:00:49.424026	 age 680	 fitness 8.890e-02
Level 25:bingo.evolutionary_optimizers.evolutionary_optimizer:Generation: 230 	 Elapsed time: 0:14:02.842078 	 Best training fitness: 8.889969e-02 	 
Level 25:bingo.evolutionary_optimizers.evolutionary_optimizer:230, 8.428421e+02, 2067471, 8.889969e-02, 8.889120e-02, 1.139235e-01, 1.139758e-01, 1.553959e-01, 1.585941e-01, 1.922721e-01
INFO:bingo.evolutionary_optimizers.parallel_archipelago:Evolution time 0:00:46.688864	 age 720	 fitness 8.890e-02
Level 25:bingo.evolutionary_optimizers.evolutionary_optimizer:Generation: 240 	 Elapsed time: 0:14:49.872040 	 Best training fitness: 8.889753e-02 	 
Level 25:bingo.evolutionary_optimizers.evolutionary_optimizer:240, 8.898720e+02, 2203664, 8.889753e-02, 8.889120e-02, 1.139235e-01, 1.139758e-01, 1.553959e-01, 1.585941e-01, 1.922721e-01
INFO:bingo.evolutionary_optimizers.parallel_archipelago:Evolution time 0:00:39.637537	 age 740	 fitness 8.890e-02
Level 25:bingo.evolutionary_optimizers.evolutionary_optimizer:Generation: 250 	 Elapsed time: 0:15:29.895314 	 Best training fitness: 8.890428e-02 	 
Level 25:bingo.evolutionary_optimizers.evolutionary_optimizer:250, 9.298953e+02, 2295515, 8.890428e-02, 8.889120e-02, 1.139235e-01, 1.139758e-01, 1.553959e-01, 1.585941e-01, 1.922721e-01
INFO:bingo.evolutionary_optimizers.parallel_archipelago:Evolution time 0:01:01.633976	 age 770	 fitness 8.889e-02
Level 25:bingo.evolutionary_optimizers.evolutionary_optimizer:Generation: 260 	 Elapsed time: 0:16:31.866066 	 Best training fitness: 8.889469e-02 	 
Level 25:bingo.evolutionary_optimizers.evolutionary_optimizer:260, 9.918661e+02, 2434488, 8.889469e-02, 8.889120e-02, 1.139235e-01, 1.139758e-01, 1.553959e-01, 1.585941e-01, 1.922721e-01
INFO:bingo.evolutionary_optimizers.parallel_archipelago:Evolution time 0:00:49.343150	 age 800	 fitness 8.784e-02
Level 25:bingo.evolutionary_optimizers.evolutionary_optimizer:Generation: 270 	 Elapsed time: 0:17:21.550657 	 Best training fitness: 8.784142e-02 	 
Level 25:bingo.evolutionary_optimizers.evolutionary_optimizer:270, 1.041551e+03, 2582263, 8.784142e-02, 8.784142e-02, 8.889120e-02, 1.139235e-01, 1.139758e-01, 1.553959e-01, 1.585941e-01, 1.922721e-01
INFO:bingo.evolutionary_optimizers.parallel_archipelago:Evolution time 0:00:45.919529	 age 820	 fitness 8.762e-02
Level 25:bingo.evolutionary_optimizers.evolutionary_optimizer:Generation: 280 	 Elapsed time: 0:18:07.804884 	 Best training fitness: 8.761577e-02 	 
Level 25:bingo.evolutionary_optimizers.evolutionary_optimizer:280, 1.087805e+03, 2682776, 8.761577e-02, 8.761577e-02, 8.783635e-02, 8.889120e-02, 1.139235e-01, 1.139758e-01, 1.553959e-01, 1.585941e-01, 1.922721e-01
INFO:bingo.evolutionary_optimizers.parallel_archipelago:Evolution time 0:00:35.472377	 age 840	 fitness 8.715e-02
Level 25:bingo.evolutionary_optimizers.evolutionary_optimizer:Generation: 290 	 Elapsed time: 0:18:43.609289 	 Best training fitness: 8.715250e-02 	 
Level 25:bingo.evolutionary_optimizers.evolutionary_optimizer:290, 1.123609e+03, 2783461, 8.715250e-02, 8.715250e-02, 8.721251e-02, 8.889120e-02, 1.139235e-01, 1.139758e-01, 1.553959e-01, 1.585941e-01, 1.922721e-01
INFO:bingo.evolutionary_optimizers.parallel_archipelago:Evolution time 0:01:13.220854	 age 860	 fitness 8.587e-02
Level 25:bingo.evolutionary_optimizers.evolutionary_optimizer:Generation: 300 	 Elapsed time: 0:19:57.157822 	 Best training fitness: 8.587252e-02 	 
Level 25:bingo.evolutionary_optimizers.evolutionary_optimizer:300, 1.197158e+03, 2901163, 8.587252e-02, 8.587252e-02, 8.889120e-02, 1.139235e-01, 1.139758e-01, 1.553959e-01, 1.585941e-01, 1.922721e-01
INFO:bingo.evolutionary_optimizers.parallel_archipelago:Evolution time 0:00:37.970088	 age 890	 fitness 8.587e-02
Level 25:bingo.evolutionary_optimizers.evolutionary_optimizer:Generation: 310 	 Elapsed time: 0:20:35.476298 	 Best training fitness: 8.586812e-02 	 
Level 25:bingo.evolutionary_optimizers.evolutionary_optimizer:310, 1.235476e+03, 3007098, 8.586812e-02, 8.586812e-02, 8.593718e-02, 8.889120e-02, 1.139235e-01, 1.139758e-01, 1.553959e-01, 1.585941e-01, 1.922721e-01
INFO:bingo.evolutionary_optimizers.parallel_archipelago:Evolution time 0:01:10.808417	 age 920	 fitness 8.587e-02
Level 25:bingo.evolutionary_optimizers.evolutionary_optimizer:Generation: 320 	 Elapsed time: 0:21:46.683644 	 Best training fitness: 8.586812e-02 	 
Level 25:bingo.evolutionary_optimizers.evolutionary_optimizer:320, 1.306684e+03, 3127275, 8.586812e-02, 8.586812e-02, 8.593718e-02, 8.889120e-02, 1.139235e-01, 1.139758e-01, 1.553959e-01, 1.585941e-01, 1.922721e-01
INFO:bingo.evolutionary_optimizers.parallel_archipelago:Evolution time 0:00:46.837144	 age 950	 fitness 8.506e-02
Level 25:bingo.evolutionary_optimizers.evolutionary_optimizer:Generation: 330 	 Elapsed time: 0:22:33.886748 	 Best training fitness: 8.505943e-02 	 
Level 25:bingo.evolutionary_optimizers.evolutionary_optimizer:330, 1.353887e+03, 3243984, 8.505943e-02, 8.505943e-02, 8.586812e-02, 8.590461e-02, 8.889120e-02, 1.139235e-01, 1.139758e-01, 1.553959e-01, 1.585941e-01, 1.922721e-01
INFO:bingo.evolutionary_optimizers.parallel_archipelago:Evolution time 0:00:50.892551	 age 980	 fitness 8.500e-02
Level 25:bingo.evolutionary_optimizers.evolutionary_optimizer:Generation: 340 	 Elapsed time: 0:23:25.131632 	 Best training fitness: 8.500134e-02 	 
Level 25:bingo.evolutionary_optimizers.evolutionary_optimizer:340, 1.405132e+03, 3379009, 8.500134e-02, 8.500134e-02, 8.586287e-02, 8.587527e-02, 8.889120e-02, 1.139235e-01, 1.139758e-01, 1.553959e-01, 1.585941e-01, 1.922721e-01
INFO:bingo.evolutionary_optimizers.parallel_archipelago:Evolution time 0:00:53.448151	 age 1010	 fitness 8.500e-02
Level 25:bingo.evolutionary_optimizers.evolutionary_optimizer:Generation: 350 	 Elapsed time: 0:24:18.912753 	 Best training fitness: 8.500134e-02 	 
Level 25:bingo.evolutionary_optimizers.evolutionary_optimizer:350, 1.458913e+03, 3508107, 8.500134e-02, 8.500134e-02, 8.500433e-02, 8.554207e-02, 8.889120e-02, 1.139235e-01, 1.139758e-01, 1.553959e-01, 1.585941e-01, 1.922721e-01
INFO:bingo.evolutionary_optimizers.parallel_archipelago:Evolution time 0:01:14.266971	 age 1040	 fitness 8.497e-02
Level 25:bingo.evolutionary_optimizers.evolutionary_optimizer:Generation: 360 	 Elapsed time: 0:25:33.482994 	 Best training fitness: 8.497391e-02 	 
Level 25:bingo.evolutionary_optimizers.evolutionary_optimizer:360, 1.533483e+03, 3682772, 8.497391e-02, 8.497391e-02, 8.549627e-02, 8.889120e-02, 1.139235e-01, 1.139758e-01, 1.553959e-01, 1.585941e-01, 1.922721e-01
INFO:bingo.evolutionary_optimizers.parallel_archipelago:Evolution time 0:00:25.506083	 age 1050	 fitness 8.467e-02
Level 25:bingo.evolutionary_optimizers.evolutionary_optimizer:Generation: 370 	 Elapsed time: 0:25:59.188957 	 Best training fitness: 8.467311e-02 	 
Level 25:bingo.evolutionary_optimizers.evolutionary_optimizer:370, 1.559189e+03, 3763238, 8.467311e-02, 8.467311e-02, 8.549192e-02, 8.549627e-02, 8.889120e-02, 1.139235e-01, 1.139758e-01, 1.553959e-01, 1.585941e-01, 1.922721e-01
INFO:bingo.evolutionary_optimizers.parallel_archipelago:Evolution time 0:00:48.193522	 age 1090	 fitness 8.413e-02
Level 25:bingo.evolutionary_optimizers.evolutionary_optimizer:Generation: 380 	 Elapsed time: 0:26:47.626291 	 Best training fitness: 8.413214e-02 	 
Level 25:bingo.evolutionary_optimizers.evolutionary_optimizer:380, 1.607626e+03, 3898606, 8.413214e-02, 8.413214e-02, 8.467311e-02, 8.549192e-02, 8.549627e-02, 8.889120e-02, 1.139235e-01, 1.139758e-01, 1.553959e-01, 1.585941e-01, 1.922721e-01
INFO:bingo.evolutionary_optimizers.parallel_archipelago:Evolution time 0:00:43.091901	 age 1100	 fitness 8.292e-02
Level 25:bingo.evolutionary_optimizers.evolutionary_optimizer:Generation: 390 	 Elapsed time: 0:27:30.947740 	 Best training fitness: 8.292227e-02 	 
Level 25:bingo.evolutionary_optimizers.evolutionary_optimizer:390, 1.650948e+03, 4002828, 8.292227e-02, 8.292227e-02, 8.467311e-02, 8.549192e-02, 8.549627e-02, 8.889120e-02, 1.139235e-01, 1.139758e-01, 1.553959e-01, 1.585941e-01, 1.922721e-01
INFO:bingo.evolutionary_optimizers.parallel_archipelago:Evolution time 0:00:36.057690	 age 1120	 fitness 8.273e-02
Level 25:bingo.evolutionary_optimizers.evolutionary_optimizer:Generation: 400 	 Elapsed time: 0:28:07.213756 	 Best training fitness: 8.273446e-02 	 
Level 25:bingo.evolutionary_optimizers.evolutionary_optimizer:400, 1.687214e+03, 4123291, 8.273446e-02, 8.273446e-02, 8.467311e-02, 8.549192e-02, 8.549627e-02, 8.889120e-02, 1.139235e-01, 1.139758e-01, 1.553959e-01, 1.585941e-01, 1.922721e-01
INFO:bingo.evolutionary_optimizers.parallel_archipelago:Evolution time 0:00:45.038436	 age 1140	 fitness 8.222e-02
Level 25:bingo.evolutionary_optimizers.evolutionary_optimizer:Generation: 410 	 Elapsed time: 0:28:52.461429 	 Best training fitness: 8.222471e-02 	 
Level 25:bingo.evolutionary_optimizers.evolutionary_optimizer:410, 1.732461e+03, 4262554, 8.222471e-02, 8.222471e-02, 8.269801e-02, 8.467311e-02, 8.549192e-02, 8.549627e-02, 8.889120e-02, 1.139235e-01, 1.139758e-01, 1.553959e-01, 1.585941e-01, 1.922721e-01
INFO:bingo.evolutionary_optimizers.parallel_archipelago:Evolution time 0:00:50.908461	 age 1180	 fitness 8.220e-02
Level 25:bingo.evolutionary_optimizers.evolutionary_optimizer:Generation: 420 	 Elapsed time: 0:29:43.709527 	 Best training fitness: 8.220091e-02 	 
Level 25:bingo.evolutionary_optimizers.evolutionary_optimizer:420, 1.783710e+03, 4410908, 8.220091e-02, 8.220091e-02, 8.264810e-02, 8.467311e-02, 8.549192e-02, 8.549627e-02, 8.889120e-02, 1.139235e-01, 1.139758e-01, 1.553959e-01, 1.585941e-01, 1.922721e-01
INFO:bingo.evolutionary_optimizers.parallel_archipelago:Evolution time 0:00:44.858213	 age 1200	 fitness 8.047e-02
Level 25:bingo.evolutionary_optimizers.evolutionary_optimizer:Generation: 430 	 Elapsed time: 0:30:28.910756 	 Best training fitness: 8.046702e-02 	 
Level 25:bingo.evolutionary_optimizers.evolutionary_optimizer:430, 1.828911e+03, 4553342, 8.046702e-02, 8.046702e-02, 8.467311e-02, 8.549192e-02, 8.549627e-02, 8.889120e-02, 1.139235e-01, 1.139758e-01, 1.553959e-01, 1.585941e-01, 1.922721e-01
INFO:bingo.evolutionary_optimizers.parallel_archipelago:Evolution time 0:00:56.480892	 age 1230	 fitness 8.043e-02
Level 25:bingo.evolutionary_optimizers.evolutionary_optimizer:Generation: 440 	 Elapsed time: 0:31:25.780093 	 Best training fitness: 8.042546e-02 	 
Level 25:bingo.evolutionary_optimizers.evolutionary_optimizer:440, 1.885780e+03, 4725307, 8.042546e-02, 8.042546e-02, 8.043680e-02, 8.053189e-02, 8.549192e-02, 8.549627e-02, 8.889120e-02, 1.139235e-01, 1.139758e-01, 1.416949e-01, 1.922721e-01
INFO:bingo.evolutionary_optimizers.parallel_archipelago:Evolution time 0:00:45.666066	 age 1260	 fitness 8.043e-02
Level 25:bingo.evolutionary_optimizers.evolutionary_optimizer:Generation: 450 	 Elapsed time: 0:32:11.784533 	 Best training fitness: 8.043048e-02 	 
Level 25:bingo.evolutionary_optimizers.evolutionary_optimizer:450, 1.931785e+03, 4874610, 8.043048e-02, 8.042546e-02, 8.043048e-02, 8.053189e-02, 8.549192e-02, 8.549627e-02, 8.889120e-02, 1.139235e-01, 1.139758e-01, 1.415623e-01, 1.922721e-01
INFO:bingo.evolutionary_optimizers.parallel_archipelago:Evolution time 0:01:04.638308	 age 1300	 fitness 8.043e-02
Level 25:bingo.evolutionary_optimizers.evolutionary_optimizer:Generation: 460 	 Elapsed time: 0:33:16.767525 	 Best training fitness: 8.042841e-02 	 
Level 25:bingo.evolutionary_optimizers.evolutionary_optimizer:460, 1.996768e+03, 5040631, 8.042841e-02, 8.042546e-02, 8.043048e-02, 8.050892e-02, 8.549192e-02, 8.549627e-02, 8.889120e-02, 1.139235e-01, 1.139758e-01, 1.415119e-01, 1.922721e-01
INFO:bingo.evolutionary_optimizers.parallel_archipelago:Evolution time 0:01:40.416932	 age 1330	 fitness 8.042e-02
Level 25:bingo.evolutionary_optimizers.evolutionary_optimizer:Generation: 470 	 Elapsed time: 0:34:57.540647 	 Best training fitness: 8.042495e-02 	 
Level 25:bingo.evolutionary_optimizers.evolutionary_optimizer:470, 2.097541e+03, 5272598, 8.042495e-02, 8.042495e-02, 8.049200e-02, 8.549192e-02, 8.549627e-02, 8.889120e-02, 1.139235e-01, 1.139758e-01, 1.321152e-01, 1.415119e-01, 1.922721e-01
INFO:bingo.evolutionary_optimizers.parallel_archipelago:Evolution time 0:01:28.056956	 age 1350	 fitness 8.042e-02
Level 25:bingo.evolutionary_optimizers.evolutionary_optimizer:Generation: 480 	 Elapsed time: 0:36:25.938767 	 Best training fitness: 8.042495e-02 	 
Level 25:bingo.evolutionary_optimizers.evolutionary_optimizer:480, 2.185939e+03, 5472674, 8.042495e-02, 8.042495e-02, 8.049009e-02, 8.204845e-02, 8.549627e-02, 8.889120e-02, 1.139235e-01, 1.139758e-01, 1.321065e-01, 1.415119e-01, 1.922721e-01
INFO:bingo.evolutionary_optimizers.parallel_archipelago:Evolution time 0:00:49.859881	 age 1380	 fitness 8.043e-02
Level 25:bingo.evolutionary_optimizers.evolutionary_optimizer:Generation: 490 	 Elapsed time: 0:37:16.138174 	 Best training fitness: 8.043109e-02 	 
Level 25:bingo.evolutionary_optimizers.evolutionary_optimizer:490, 2.236138e+03, 5625370, 8.043109e-02, 8.042495e-02, 8.048567e-02, 8.204845e-02, 8.549627e-02, 8.889120e-02, 1.139235e-01, 1.139758e-01, 1.321065e-01, 1.412325e-01, 1.415119e-01, 1.922721e-01
INFO:bingo.evolutionary_optimizers.parallel_archipelago:Evolution time 0:00:57.904608	 age 1400	 fitness 8.043e-02
Level 25:bingo.evolutionary_optimizers.evolutionary_optimizer:Generation: 500 	 Elapsed time: 0:38:14.384098 	 Best training fitness: 8.043144e-02 	 
Level 25:bingo.evolutionary_optimizers.evolutionary_optimizer:500, 2.294384e+03, 5824788, 8.043144e-02, 8.042495e-02, 8.047583e-02, 8.204845e-02, 8.504612e-02, 8.889120e-02, 1.139235e-01, 1.139758e-01, 1.320982e-01, 1.412325e-01, 1.415119e-01, 1.922721e-01
INFO:bingo.evolutionary_optimizers.parallel_archipelago:Evolution time 0:01:11.549654	 age 1420	 fitness 8.043e-02
Level 25:bingo.evolutionary_optimizers.evolutionary_optimizer:Generation: 510 	 Elapsed time: 0:39:26.275562 	 Best training fitness: 8.043144e-02 	 
Level 25:bingo.evolutionary_optimizers.evolutionary_optimizer:510, 2.366276e+03, 5994897, 8.043144e-02, 8.042495e-02, 8.047583e-02, 8.204845e-02, 8.504612e-02, 8.889120e-02, 1.005809e-01, 1.260634e-01, 1.320982e-01, 1.412325e-01, 1.415119e-01, 1.922721e-01
INFO:bingo.evolutionary_optimizers.parallel_archipelago:Evolution time 0:01:13.458820	 age 1470	 fitness 8.043e-02
Level 25:bingo.evolutionary_optimizers.evolutionary_optimizer:Generation: 520 	 Elapsed time: 0:40:40.123916 	 Best training fitness: 8.042783e-02 	 
Level 25:bingo.evolutionary_optimizers.evolutionary_optimizer:520, 2.440124e+03, 6199245, 8.042783e-02, 8.042495e-02, 8.047583e-02, 8.204344e-02, 8.504612e-02, 8.889120e-02, 1.005797e-01, 1.260634e-01, 1.320982e-01, 1.412325e-01, 1.415119e-01, 1.922721e-01
INFO:bingo.evolutionary_optimizers.parallel_archipelago:Evolution time 0:00:51.288694	 age 1500	 fitness 7.976e-02
Level 25:bingo.evolutionary_optimizers.evolutionary_optimizer:Generation: 530 	 Elapsed time: 0:41:31.653816 	 Best training fitness: 7.975630e-02 	 
Level 25:bingo.evolutionary_optimizers.evolutionary_optimizer:530, 2.491654e+03, 6330213, 7.975630e-02, 7.975630e-02, 8.042495e-02, 8.047541e-02, 8.204344e-02, 8.504612e-02, 8.889120e-02, 1.005488e-01, 1.030843e-01, 1.412325e-01, 1.415119e-01, 1.922721e-01
INFO:bingo.evolutionary_optimizers.parallel_archipelago:Evolution time 0:00:54.583461	 age 1530	 fitness 7.975e-02
Level 25:bingo.evolutionary_optimizers.evolutionary_optimizer:Generation: 540 	 Elapsed time: 0:42:26.602717 	 Best training fitness: 7.975202e-02 	 
Level 25:bingo.evolutionary_optimizers.evolutionary_optimizer:540, 2.546603e+03, 6526128, 7.975202e-02, 7.975202e-02, 8.042495e-02, 8.047136e-02, 8.204344e-02, 8.504612e-02, 8.889120e-02, 1.005488e-01, 1.030843e-01, 1.412325e-01, 1.415119e-01, 1.922721e-01
INFO:bingo.evolutionary_optimizers.parallel_archipelago:Evolution time 0:00:33.216338	 age 1550	 fitness 7.945e-02
Level 25:bingo.evolutionary_optimizers.evolutionary_optimizer:Generation: 550 	 Elapsed time: 0:43:00.174683 	 Best training fitness: 7.945462e-02 	 
Level 25:bingo.evolutionary_optimizers.evolutionary_optimizer:550, 2.580175e+03, 6658904, 7.945462e-02, 7.945462e-02, 8.042495e-02, 8.046620e-02, 8.204344e-02, 8.504612e-02, 8.889120e-02, 9.951693e-02, 1.030843e-01, 1.412325e-01, 1.415119e-01, 1.922721e-01
INFO:bingo.evolutionary_optimizers.parallel_archipelago:Evolution time 0:00:55.286690	 age 1570	 fitness 7.944e-02
Level 25:bingo.evolutionary_optimizers.evolutionary_optimizer:Generation: 560 	 Elapsed time: 0:43:55.818837 	 Best training fitness: 7.944154e-02 	 
Level 25:bingo.evolutionary_optimizers.evolutionary_optimizer:560, 2.635819e+03, 6815864, 7.944154e-02, 7.944154e-02, 8.042495e-02, 8.046620e-02, 8.204344e-02, 8.504612e-02, 8.889120e-02, 9.946975e-02, 1.030843e-01, 1.412325e-01, 1.415119e-01, 1.922721e-01
INFO:bingo.evolutionary_optimizers.parallel_archipelago:Evolution time 0:00:46.778460	 age 1590	 fitness 7.946e-02
Level 25:bingo.evolutionary_optimizers.evolutionary_optimizer:Generation: 570 	 Elapsed time: 0:44:42.949262 	 Best training fitness: 7.946239e-02 	 
Level 25:bingo.evolutionary_optimizers.evolutionary_optimizer:570, 2.682949e+03, 6971137, 7.946239e-02, 7.944154e-02, 8.042495e-02, 8.046620e-02, 8.204344e-02, 8.504612e-02, 8.889120e-02, 9.946975e-02, 1.030843e-01, 1.412325e-01, 1.415119e-01, 1.922721e-01
INFO:bingo.evolutionary_optimizers.parallel_archipelago:Evolution time 0:01:49.270275	 age 1630	 fitness 7.942e-02
Level 25:bingo.evolutionary_optimizers.evolutionary_optimizer:Generation: 580 	 Elapsed time: 0:46:32.609908 	 Best training fitness: 7.942275e-02 	 
Level 25:bingo.evolutionary_optimizers.evolutionary_optimizer:580, 2.792610e+03, 7213335, 7.942275e-02, 7.942275e-02, 8.042495e-02, 8.046513e-02, 8.203229e-02, 8.504612e-02, 8.642398e-02, 9.946253e-02, 1.030843e-01, 1.412325e-01, 1.415119e-01, 1.922721e-01
INFO:bingo.evolutionary_optimizers.parallel_archipelago:Evolution time 0:00:49.119343	 age 1660	 fitness 7.943e-02
Level 25:bingo.evolutionary_optimizers.evolutionary_optimizer:Generation: 590 	 Elapsed time: 0:47:22.080071 	 Best training fitness: 7.943089e-02 	 
Level 25:bingo.evolutionary_optimizers.evolutionary_optimizer:590, 2.842080e+03, 7364846, 7.943089e-02, 7.942275e-02, 8.042495e-02, 8.046513e-02, 8.203229e-02, 8.504612e-02, 8.634995e-02, 9.945952e-02, 1.030843e-01, 1.412325e-01, 1.415119e-01, 1.922721e-01
INFO:bingo.evolutionary_optimizers.parallel_archipelago:Evolution time 0:00:50.096567	 age 1680	 fitness 7.944e-02
Level 25:bingo.evolutionary_optimizers.evolutionary_optimizer:Generation: 600 	 Elapsed time: 0:48:12.531088 	 Best training fitness: 7.943514e-02 	 
Level 25:bingo.evolutionary_optimizers.evolutionary_optimizer:600, 2.892531e+03, 7536227, 7.943514e-02, 7.942275e-02, 8.042495e-02, 8.046513e-02, 8.203229e-02, 8.504612e-02, 8.634995e-02, 9.945596e-02, 1.030843e-01, 1.412325e-01, 1.415119e-01, 1.922721e-01
INFO:bingo.evolutionary_optimizers.parallel_archipelago:Evolution time 0:00:48.772079	 age 1700	 fitness 7.942e-02
Level 25:bingo.evolutionary_optimizers.evolutionary_optimizer:Generation: 610 	 Elapsed time: 0:49:01.637558 	 Best training fitness: 7.942315e-02 	 
Level 25:bingo.evolutionary_optimizers.evolutionary_optimizer:610, 2.941638e+03, 7688947, 7.942315e-02, 7.942275e-02, 8.042495e-02, 8.046513e-02, 8.203229e-02, 8.504612e-02, 8.634995e-02, 9.945596e-02, 1.030843e-01, 1.412325e-01, 1.415119e-01, 1.922721e-01
INFO:bingo.evolutionary_optimizers.parallel_archipelago:Evolution time 0:01:17.408749	 age 1720	 fitness 7.942e-02
Level 25:bingo.evolutionary_optimizers.evolutionary_optimizer:Generation: 620 	 Elapsed time: 0:50:19.382603 	 Best training fitness: 7.942315e-02 	 
Level 25:bingo.evolutionary_optimizers.evolutionary_optimizer:620, 3.019383e+03, 7878849, 7.942315e-02, 7.942275e-02, 8.042495e-02, 8.046513e-02, 8.203229e-02, 8.504612e-02, 8.634995e-02, 9.945596e-02, 1.030843e-01, 1.412325e-01, 1.415119e-01, 1.922721e-01
INFO:bingo.evolutionary_optimizers.parallel_archipelago:Evolution time 0:00:57.611025	 age 1740	 fitness 7.943e-02
Level 25:bingo.evolutionary_optimizers.evolutionary_optimizer:Generation: 630 	 Elapsed time: 0:51:17.336309 	 Best training fitness: 7.943435e-02 	 
Level 25:bingo.evolutionary_optimizers.evolutionary_optimizer:630, 3.077336e+03, 8023075, 7.943435e-02, 7.942275e-02, 8.042495e-02, 8.046513e-02, 8.203229e-02, 8.504612e-02, 8.634995e-02, 9.945596e-02, 1.030843e-01, 1.412325e-01, 1.415119e-01, 1.922721e-01
INFO:bingo.evolutionary_optimizers.parallel_archipelago:Evolution time 0:00:53.133386	 age 1760	 fitness 7.498e-02
Level 25:bingo.evolutionary_optimizers.evolutionary_optimizer:Generation: 640 	 Elapsed time: 0:52:10.826662 	 Best training fitness: 7.498190e-02 	 
Level 25:bingo.evolutionary_optimizers.evolutionary_optimizer:640, 3.130827e+03, 8149035, 7.498190e-02, 7.498190e-02, 8.046513e-02, 8.203229e-02, 8.504612e-02, 8.634995e-02, 9.515291e-02, 1.030843e-01, 1.412325e-01, 1.415119e-01, 1.922721e-01
INFO:bingo.evolutionary_optimizers.parallel_archipelago:Evolution time 0:00:57.933978	 age 1790	 fitness 7.495e-02
Level 25:bingo.evolutionary_optimizers.evolutionary_optimizer:Generation: 650 	 Elapsed time: 0:53:09.139023 	 Best training fitness: 7.495200e-02 	 
Level 25:bingo.evolutionary_optimizers.evolutionary_optimizer:650, 3.189139e+03, 8294281, 7.495200e-02, 7.495200e-02, 8.046513e-02, 8.203229e-02, 8.504612e-02, 8.634995e-02, 9.506386e-02, 1.030843e-01, 1.412325e-01, 1.415119e-01, 1.922721e-01
INFO:bingo.evolutionary_optimizers.parallel_archipelago:Evolution time 0:01:22.713461	 age 1820	 fitness 7.467e-02
Level 25:bingo.evolutionary_optimizers.evolutionary_optimizer:Generation: 660 	 Elapsed time: 0:54:32.195517 	 Best training fitness: 7.466706e-02 	 
Level 25:bingo.evolutionary_optimizers.evolutionary_optimizer:660, 3.272196e+03, 8492699, 7.466706e-02, 7.466706e-02, 7.495200e-02, 8.046513e-02, 8.203229e-02, 8.504612e-02, 8.634995e-02, 9.506386e-02, 1.030843e-01, 1.412325e-01, 1.415119e-01, 1.922721e-01
INFO:bingo.evolutionary_optimizers.parallel_archipelago:Evolution time 0:00:47.260975	 age 1850	 fitness 7.460e-02
Level 25:bingo.evolutionary_optimizers.evolutionary_optimizer:Generation: 670 	 Elapsed time: 0:55:19.795539 	 Best training fitness: 7.459722e-02 	 
Level 25:bingo.evolutionary_optimizers.evolutionary_optimizer:670, 3.319796e+03, 8616793, 7.459722e-02, 7.459722e-02, 7.494686e-02, 8.046513e-02, 8.203229e-02, 8.504612e-02, 8.634995e-02, 9.506386e-02, 1.030843e-01, 1.412325e-01, 1.415119e-01, 1.922721e-01
INFO:bingo.evolutionary_optimizers.parallel_archipelago:Evolution time 0:01:42.067226	 age 1880	 fitness 7.408e-02
Level 25:bingo.evolutionary_optimizers.evolutionary_optimizer:Generation: 680 	 Elapsed time: 0:57:02.206446 	 Best training fitness: 7.407549e-02 	 
Level 25:bingo.evolutionary_optimizers.evolutionary_optimizer:680, 3.422206e+03, 8824344, 7.407549e-02, 7.407549e-02, 7.491609e-02, 8.046513e-02, 8.203229e-02, 8.504612e-02, 8.634995e-02, 9.506386e-02, 1.030843e-01, 1.412325e-01, 1.415119e-01, 1.922721e-01
INFO:bingo.evolutionary_optimizers.parallel_archipelago:Evolution time 0:00:29.344996	 age 1900	 fitness 7.392e-02
Level 25:bingo.evolutionary_optimizers.evolutionary_optimizer:Generation: 690 	 Elapsed time: 0:57:31.889318 	 Best training fitness: 7.391925e-02 	 
Level 25:bingo.evolutionary_optimizers.evolutionary_optimizer:690, 3.451889e+03, 8927022, 7.391925e-02, 7.391925e-02, 7.491609e-02, 8.046513e-02, 8.203229e-02, 8.504612e-02, 8.634995e-02, 9.506386e-02, 1.030843e-01, 1.412325e-01, 1.415119e-01, 1.922721e-01
INFO:bingo.evolutionary_optimizers.parallel_archipelago:Evolution time 0:00:48.973430	 age 1930	 fitness 7.392e-02
Level 25:bingo.evolutionary_optimizers.evolutionary_optimizer:Generation: 700 	 Elapsed time: 0:58:21.201042 	 Best training fitness: 7.392361e-02 	 
Level 25:bingo.evolutionary_optimizers.evolutionary_optimizer:700, 3.501201e+03, 9068481, 7.392361e-02, 7.391925e-02, 7.491609e-02, 8.046513e-02, 8.203229e-02, 8.504612e-02, 8.634995e-02, 9.506386e-02, 1.030843e-01, 1.412325e-01, 1.415119e-01, 1.922721e-01
INFO:bingo.evolutionary_optimizers.parallel_archipelago:Evolution time 0:00:54.031825	 age 1950	 fitness 7.389e-02
Level 25:bingo.evolutionary_optimizers.evolutionary_optimizer:Generation: 710 	 Elapsed time: 0:59:15.620919 	 Best training fitness: 7.388664e-02 	 
Level 25:bingo.evolutionary_optimizers.evolutionary_optimizer:710, 3.555621e+03, 9204458, 7.388664e-02, 7.388664e-02, 7.460319e-02, 8.046513e-02, 8.203229e-02, 8.504612e-02, 8.634995e-02, 9.506386e-02, 1.030843e-01, 1.412325e-01, 1.415119e-01, 1.922721e-01
INFO:bingo.evolutionary_optimizers.parallel_archipelago:Evolution time 0:01:19.998444	 age 1980	 fitness 7.389e-02
Level 25:bingo.evolutionary_optimizers.evolutionary_optimizer:Generation: 720 	 Elapsed time: 1:00:36.012370 	 Best training fitness: 7.389325e-02 	 
Level 25:bingo.evolutionary_optimizers.evolutionary_optimizer:720, 3.636012e+03, 9393533, 7.389325e-02, 7.388664e-02, 7.459078e-02, 8.046513e-02, 8.203229e-02, 8.504612e-02, 8.634995e-02, 9.506386e-02, 1.030843e-01, 1.412325e-01, 1.415119e-01, 1.922721e-01
INFO:bingo.evolutionary_optimizers.parallel_archipelago:Evolution time 0:00:51.828425	 age 2000	 fitness 7.389e-02
Level 25:bingo.evolutionary_optimizers.evolutionary_optimizer:Generation: 730 	 Elapsed time: 1:01:28.179891 	 Best training fitness: 7.388617e-02 	 
Level 25:bingo.evolutionary_optimizers.evolutionary_optimizer:730, 3.688180e+03, 9516907, 7.388617e-02, 7.388617e-02, 7.459078e-02, 8.046513e-02, 8.203229e-02, 8.504612e-02, 8.634995e-02, 9.506386e-02, 1.030843e-01, 1.412325e-01, 1.415119e-01, 1.922721e-01
INFO:bingo.evolutionary_optimizers.parallel_archipelago:Evolution time 0:00:52.301504	 age 2020	 fitness 7.389e-02
Level 25:bingo.evolutionary_optimizers.evolutionary_optimizer:Generation: 740 	 Elapsed time: 1:02:20.814674 	 Best training fitness: 7.388648e-02 	 
Level 25:bingo.evolutionary_optimizers.evolutionary_optimizer:740, 3.740815e+03, 9638880, 7.388648e-02, 7.388617e-02, 7.459078e-02, 8.046513e-02, 8.203229e-02, 8.504612e-02, 8.634995e-02, 9.506386e-02, 1.030843e-01, 1.412325e-01, 1.415119e-01, 1.922721e-01
INFO:bingo.evolutionary_optimizers.parallel_archipelago:Evolution time 0:01:12.686255	 age 2040	 fitness 7.389e-02
Level 25:bingo.evolutionary_optimizers.evolutionary_optimizer:Generation: 750 	 Elapsed time: 1:03:33.828609 	 Best training fitness: 7.389059e-02 	 
Level 25:bingo.evolutionary_optimizers.evolutionary_optimizer:750, 3.813829e+03, 9793750, 7.389059e-02, 7.388617e-02, 7.459078e-02, 8.046513e-02, 8.203229e-02, 8.504612e-02, 8.634995e-02, 9.506386e-02, 1.030843e-01, 1.412325e-01, 1.415119e-01, 1.922721e-01
INFO:bingo.evolutionary_optimizers.parallel_archipelago:Evolution time 0:00:48.269919	 age 2070	 fitness 7.389e-02
Level 25:bingo.evolutionary_optimizers.evolutionary_optimizer:Generation: 760 	 Elapsed time: 1:04:22.450993 	 Best training fitness: 7.389424e-02 	 
Level 25:bingo.evolutionary_optimizers.evolutionary_optimizer:760, 3.862451e+03, 9920296, 7.389424e-02, 7.388617e-02, 7.459078e-02, 8.046513e-02, 8.203229e-02, 8.504612e-02, 8.634995e-02, 9.506386e-02, 1.030843e-01, 1.412325e-01, 1.415119e-01, 1.922721e-01
INFO:bingo.evolutionary_optimizers.parallel_archipelago:Evolution time 0:00:55.277360	 age 2090	 fitness 7.389e-02
Level 25:bingo.evolutionary_optimizers.evolutionary_optimizer:Generation: 770 	 Elapsed time: 1:05:18.103790 	 Best training fitness: 7.389006e-02 	 
Level 25:bingo.evolutionary_optimizers.evolutionary_optimizer:770, 3.918104e+03, 10041611, 7.389006e-02, 7.388617e-02, 7.459078e-02, 8.046513e-02, 8.203229e-02, 8.504612e-02, 8.634995e-02, 9.506386e-02, 1.030843e-01, 1.412325e-01, 1.415119e-01, 1.922721e-01
INFO:bingo.evolutionary_optimizers.parallel_archipelago:Evolution time 0:00:59.978417	 age 2120	 fitness 7.389e-02
Level 25:bingo.evolutionary_optimizers.evolutionary_optimizer:Generation: 780 	 Elapsed time: 1:06:18.500609 	 Best training fitness: 7.388870e-02 	 
Level 25:bingo.evolutionary_optimizers.evolutionary_optimizer:780, 3.978501e+03, 10207070, 7.388870e-02, 7.388617e-02, 7.459078e-02, 8.046513e-02, 8.203229e-02, 8.504612e-02, 8.634995e-02, 9.506386e-02, 1.030843e-01, 1.412325e-01, 1.415119e-01, 1.922721e-01
INFO:bingo.evolutionary_optimizers.parallel_archipelago:Evolution time 0:01:19.419062	 age 2170	 fitness 7.389e-02
Level 25:bingo.evolutionary_optimizers.evolutionary_optimizer:Generation: 790 	 Elapsed time: 1:07:38.292529 	 Best training fitness: 7.389195e-02 	 
Level 25:bingo.evolutionary_optimizers.evolutionary_optimizer:790, 4.058293e+03, 10371515, 7.389195e-02, 7.388617e-02, 7.459078e-02, 8.046513e-02, 8.203229e-02, 8.504612e-02, 8.634995e-02, 9.506386e-02, 1.030843e-01, 1.412325e-01, 1.415119e-01, 1.922721e-01
INFO:bingo.evolutionary_optimizers.parallel_archipelago:Evolution time 0:00:47.718296	 age 2200	 fitness 7.388e-02
Level 25:bingo.evolutionary_optimizers.evolutionary_optimizer:Generation: 800 	 Elapsed time: 1:08:26.386147 	 Best training fitness: 7.388162e-02 	 
Level 25:bingo.evolutionary_optimizers.evolutionary_optimizer:800, 4.106386e+03, 10495435, 7.388162e-02, 7.388162e-02, 7.459078e-02, 8.046513e-02, 8.203229e-02, 8.504612e-02, 8.634995e-02, 9.506386e-02, 1.030843e-01, 1.412325e-01, 1.415119e-01, 1.922721e-01
INFO:bingo.evolutionary_optimizers.parallel_archipelago:Evolution time 0:00:59.886927	 age 2240	 fitness 6.661e-02
Level 25:bingo.evolutionary_optimizers.evolutionary_optimizer:Generation: 810 	 Elapsed time: 1:09:26.654820 	 Best training fitness: 6.661348e-02 	 
Level 25:bingo.evolutionary_optimizers.evolutionary_optimizer:810, 4.166655e+03, 10650364, 6.661348e-02, 6.661348e-02, 7.459078e-02, 8.046513e-02, 8.203229e-02, 8.504612e-02, 8.634995e-02, 9.506386e-02, 1.030843e-01, 1.412325e-01, 1.415119e-01, 1.922721e-01
INFO:bingo.evolutionary_optimizers.parallel_archipelago:Evolution time 0:01:19.850673	 age 2260	 fitness 6.661e-02
Level 25:bingo.evolutionary_optimizers.evolutionary_optimizer:Generation: 820 	 Elapsed time: 1:10:46.879752 	 Best training fitness: 6.661348e-02 	 
Level 25:bingo.evolutionary_optimizers.evolutionary_optimizer:820, 4.246880e+03, 10787921, 6.661348e-02, 6.661348e-02, 7.459078e-02, 8.046513e-02, 8.203229e-02, 8.504612e-02, 8.634995e-02, 9.506386e-02, 1.030843e-01, 1.412325e-01, 1.415119e-01, 1.922721e-01
INFO:bingo.evolutionary_optimizers.parallel_archipelago:Evolution time 0:01:30.560478	 age 2290	 fitness 6.662e-02
Level 25:bingo.evolutionary_optimizers.evolutionary_optimizer:Generation: 830 	 Elapsed time: 1:12:17.811738 	 Best training fitness: 6.662447e-02 	 
Level 25:bingo.evolutionary_optimizers.evolutionary_optimizer:830, 4.337812e+03, 10980780, 6.662447e-02, 6.661348e-02, 7.459078e-02, 8.046513e-02, 8.203229e-02, 8.504612e-02, 8.634995e-02, 9.506386e-02, 1.030843e-01, 1.412325e-01, 1.415119e-01, 1.922721e-01
INFO:bingo.evolutionary_optimizers.parallel_archipelago:Evolution time 0:00:49.031418	 age 2320	 fitness 6.662e-02
Level 25:bingo.evolutionary_optimizers.evolutionary_optimizer:Generation: 840 	 Elapsed time: 1:13:07.217051 	 Best training fitness: 6.662093e-02 	 
Level 25:bingo.evolutionary_optimizers.evolutionary_optimizer:840, 4.387217e+03, 11103606, 6.662093e-02, 6.661348e-02, 7.459078e-02, 8.046513e-02, 8.203229e-02, 8.504612e-02, 8.634995e-02, 9.505639e-02, 1.030843e-01, 1.412325e-01, 1.415119e-01, 1.922721e-01
INFO:bingo.evolutionary_optimizers.parallel_archipelago:Evolution time 0:00:47.372108	 age 2350	 fitness 6.662e-02
Level 25:bingo.evolutionary_optimizers.evolutionary_optimizer:Generation: 850 	 Elapsed time: 1:13:55.001805 	 Best training fitness: 6.662093e-02 	 
Level 25:bingo.evolutionary_optimizers.evolutionary_optimizer:850, 4.435002e+03, 11226332, 6.662093e-02, 6.661348e-02, 7.459078e-02, 8.046513e-02, 8.203229e-02, 8.504612e-02, 8.634995e-02, 9.505639e-02, 1.030843e-01, 1.412325e-01, 1.415119e-01, 1.922721e-01
INFO:bingo.evolutionary_optimizers.parallel_archipelago:Evolution time 0:00:57.826244	 age 2370	 fitness 6.661e-02
Level 25:bingo.evolutionary_optimizers.evolutionary_optimizer:Generation: 860 	 Elapsed time: 1:14:53.193213 	 Best training fitness: 6.661445e-02 	 
Level 25:bingo.evolutionary_optimizers.evolutionary_optimizer:860, 4.493193e+03, 11347865, 6.661445e-02, 6.661348e-02, 7.458950e-02, 8.046513e-02, 8.203229e-02, 8.504612e-02, 8.634995e-02, 9.505639e-02, 1.030843e-01, 1.412325e-01, 1.415119e-01, 1.922721e-01
INFO:bingo.evolutionary_optimizers.parallel_archipelago:Evolution time 0:01:27.553697	 age 2400	 fitness 6.661e-02
Level 25:bingo.evolutionary_optimizers.evolutionary_optimizer:Generation: 870 	 Elapsed time: 1:16:21.112392 	 Best training fitness: 6.661391e-02 	 
Level 25:bingo.evolutionary_optimizers.evolutionary_optimizer:870, 4.581112e+03, 11544090, 6.661391e-02, 6.661348e-02, 7.458950e-02, 7.876638e-02, 8.504612e-02, 8.634995e-02, 9.505639e-02, 1.030843e-01, 1.412325e-01, 1.415119e-01, 1.922721e-01
INFO:bingo.evolutionary_optimizers.parallel_archipelago:Evolution time 0:01:46.346740	 age 2440	 fitness 6.661e-02
Level 25:bingo.evolutionary_optimizers.evolutionary_optimizer:Generation: 880 	 Elapsed time: 1:18:07.872449 	 Best training fitness: 6.661093e-02 	 
Level 25:bingo.evolutionary_optimizers.evolutionary_optimizer:880, 4.687872e+03, 11737889, 6.661093e-02, 6.661093e-02, 7.458950e-02, 7.876638e-02, 8.504612e-02, 8.634995e-02, 9.505639e-02, 1.030843e-01, 1.412325e-01, 1.415119e-01, 1.922721e-01
INFO:bingo.evolutionary_optimizers.parallel_archipelago:Evolution time 0:01:00.276535	 age 2460	 fitness 6.661e-02
Level 25:bingo.evolutionary_optimizers.evolutionary_optimizer:Generation: 890 	 Elapsed time: 1:19:08.514186 	 Best training fitness: 6.660785e-02 	 
Level 25:bingo.evolutionary_optimizers.evolutionary_optimizer:890, 4.748514e+03, 11862633, 6.660785e-02, 6.660785e-02, 7.458950e-02, 7.876638e-02, 8.504612e-02, 8.634995e-02, 9.505639e-02, 1.030843e-01, 1.412325e-01, 1.415119e-01, 1.922721e-01
INFO:bingo.evolutionary_optimizers.parallel_archipelago:Evolution time 0:00:59.455129	 age 2490	 fitness 6.488e-02
Level 25:bingo.evolutionary_optimizers.evolutionary_optimizer:Generation: 900 	 Elapsed time: 1:20:08.330315 	 Best training fitness: 6.488218e-02 	 
Level 25:bingo.evolutionary_optimizers.evolutionary_optimizer:900, 4.808330e+03, 12030774, 6.488218e-02, 6.488218e-02, 6.660785e-02, 7.458950e-02, 7.790063e-02, 9.505639e-02, 1.030843e-01, 1.412325e-01, 1.415119e-01, 1.922721e-01
INFO:bingo.evolutionary_optimizers.parallel_archipelago:Evolution time 0:00:49.448708	 age 2510	 fitness 6.277e-02
Level 25:bingo.evolutionary_optimizers.evolutionary_optimizer:Generation: 910 	 Elapsed time: 1:20:58.184506 	 Best training fitness: 6.277014e-02 	 
Level 25:bingo.evolutionary_optimizers.evolutionary_optimizer:910, 4.858185e+03, 12145514, 6.277014e-02, 6.277014e-02, 7.790063e-02, 9.422643e-02, 1.030843e-01, 1.412325e-01, 1.415119e-01, 1.922721e-01
INFO:bingo.evolutionary_optimizers.parallel_archipelago:Evolution time 0:01:25.881386	 age 2540	 fitness 6.273e-02
Level 25:bingo.evolutionary_optimizers.evolutionary_optimizer:Generation: 920 	 Elapsed time: 1:22:24.426886 	 Best training fitness: 6.273447e-02 	 
Level 25:bingo.evolutionary_optimizers.evolutionary_optimizer:920, 4.944427e+03, 12331634, 6.273447e-02, 6.273447e-02, 6.275926e-02, 7.070977e-02, 7.790063e-02, 9.422643e-02, 1.030843e-01, 1.412325e-01, 1.415119e-01, 1.922721e-01
INFO:bingo.evolutionary_optimizers.parallel_archipelago:Evolution time 0:00:59.186907	 age 2580	 fitness 6.273e-02
Level 25:bingo.evolutionary_optimizers.evolutionary_optimizer:Generation: 930 	 Elapsed time: 1:23:23.982282 	 Best training fitness: 6.273310e-02 	 
Level 25:bingo.evolutionary_optimizers.evolutionary_optimizer:930, 5.003982e+03, 12496195, 6.273310e-02, 6.273310e-02, 6.273702e-02, 7.070977e-02, 7.790063e-02, 9.422643e-02, 1.030843e-01, 1.412325e-01, 1.415119e-01, 1.922721e-01
INFO:bingo.evolutionary_optimizers.parallel_archipelago:Evolution time 0:00:49.390827	 age 2600	 fitness 6.272e-02
Level 25:bingo.evolutionary_optimizers.evolutionary_optimizer:Generation: 940 	 Elapsed time: 1:24:13.720076 	 Best training fitness: 6.271714e-02 	 
Level 25:bingo.evolutionary_optimizers.evolutionary_optimizer:940, 5.053720e+03, 12612314, 6.271714e-02, 6.271714e-02, 6.272880e-02, 7.070977e-02, 7.790063e-02, 9.422643e-02, 1.030843e-01, 1.412325e-01, 1.415119e-01, 1.922721e-01
INFO:bingo.evolutionary_optimizers.parallel_archipelago:Evolution time 0:00:45.877681	 age 2630	 fitness 1.487e-02
Level 25:bingo.evolutionary_optimizers.evolutionary_optimizer:Generation: 950 	 Elapsed time: 1:24:59.940505 	 Best training fitness: 1.487216e-02 	 
Level 25:bingo.evolutionary_optimizers.evolutionary_optimizer:950, 5.099941e+03, 12733842, 1.487216e-02, 1.487216e-02, 1.415119e-01, 1.922721e-01
INFO:bingo.evolutionary_optimizers.parallel_archipelago:Evolution time 0:01:04.662452	 age 2660	 fitness 1.138e-16
Level 25:bingo.evolutionary_optimizers.evolutionary_optimizer:Generation: 960 	 Elapsed time: 1:26:04.934799 	 Best training fitness: 1.137527e-16 	 
Level 25:bingo.evolutionary_optimizers.evolutionary_optimizer:960, 5.164935e+03, 12878424, 1.137527e-16, 1.137527e-16, 1.922721e-01
Level 25:bingo.evolutionary_optimizers.evolutionary_optimizer:Evolution successfully converged.
Level 25:bingo.evolutionary_optimizers.evolutionary_optimizer:  Absolte convergence occurred with best fitness < 1e-10
Level 25:bingo.evolutionary_optimizers.evolutionary_optimizer:Hall of Fame:
1.137526801923815e-16	7	sin(log((X_1)(X_1) + (X_0)(X_0)))
0.19227207741096802	1	-0.933920
