:::TRIAL ML_project_k35_1:::
BINGO PARAMS:
  --GENERAL--
  NUMBER OF CPUS = 1
  --CONVERGENCE--
  MAX GENERATIONS = 100000
  ABSOLUTE FITNESS TOLERANCE = 0.000000
  STAGNATION GENERATIONS = 500000
  CONVERGENCE CHECK FREQUENCY = 1000
  --EQUATIONS--
  TOTAL EQUATION POPULATION SIZE = 128
  EQUATION POPULATION PER CPU = 128
  EQUATION STACK SIZE = 10
  EQUATION OPERATORS = [+, -, *, /]
  --FITNESS PREDICTORS--
  PREDICTOR POPULATION PER CPU = 32
  PREDICTOR SIZE RATIO = 0.050000
  PREDICTOR COMP RATIO = 0.100000
  --EVOLUTIONARY ALGORITHM--
  ALGORITHM = Age-Fitness
  MUTATION RATE = 0.010000
  CROSSOVER RATE = 0.750000
DATA PARAMS:
  DATA FILE = /uufs/chpc.utah.edu/common/home/u0871364/ML_project/midterm/circle_even1000_1.hdf5
  STEPPING THROUGH DATA AT STRIDES OF = 35
  DATA COLUMNS = [x^1, y^1]

Saving checkpoint: ML_project_k35_1_0.pkl
Saved successfully
Generation: 0 	 Elapsed time: 0:00:00.582654 	 Best training fitness: 7.931511e-01 	 
Hall of Fame:

Performing migration between Islands
Evolution time 0:02:02.722905	 age 1000	 fitness 8.965e-01
Saving checkpoint: ML_project_k35_1_1000.pkl
Saved successfully
Generation: 1000 	 Elapsed time: 0:02:03.392209 	 Best training fitness: 8.964614e-01 	 
Hall of Fame:
0.6019308041602612	6	(X_1 - (-1.146861))(-1.146861 - (X_0))
0.684822847935415	3	X_1 + X_0
1.0	1	X_0
Performing migration between Islands
Evolution time 0:02:18.718233	 age 2000	 fitness 7.489e-01
Saving checkpoint: ML_project_k35_1_2000.pkl
Saved successfully
Generation: 2000 	 Elapsed time: 0:04:22.197299 	 Best training fitness: 7.489393e-01 	 
Hall of Fame:
0.6019308041602612	6	(X_1 - (-1.146861))(-1.146861 - (X_0))
0.684822847935415	3	X_1 + X_0
1.0	1	X_0
Performing migration between Islands
Evolution time 0:02:34.387670	 age 3000	 fitness 8.238e-16
Saving checkpoint: ML_project_k35_1_3000.pkl
Saved successfully
Generation: 3000 	 Elapsed time: 0:06:56.672550 	 Best training fitness: 8.238285e-16 	 
Hall of Fame:
8.238285244908339e-16	5	(X_0)(X_0) + (X_1)(X_1)
0.684822847935415	3	X_1 + X_0
1.0	1	X_0
Performing migration between Islands
Evolution time 0:01:59.478230	 age 4000	 fitness 8.966e-01
Saving checkpoint: ML_project_k35_1_4000.pkl
Saved successfully
Generation: 4000 	 Elapsed time: 0:08:56.239636 	 Best training fitness: 8.965758e-01 	 
Hall of Fame:
8.238285244908339e-16	5	(X_0)(X_0) + (X_1)(X_1)
0.5336278260053139	4	X_0 - ((X_1)(X_1))
0.6302737901003199	3	(X_1)(X_0)
1.0	1	X_0
Performing migration between Islands
Evolution time 0:01:53.987982	 age 5000	 fitness 6.943e-01
Saving checkpoint: ML_project_k35_1_5000.pkl
Saved successfully
Generation: 5000 	 Elapsed time: 0:10:50.318381 	 Best training fitness: 6.942596e-01 	 
Hall of Fame:
8.238285244908339e-16	5	(X_0)(X_0) + (X_1)(X_1)
0.5336278260053139	4	X_0 - ((X_1)(X_1))
0.6302737901003199	3	(X_1)(X_0)
1.0	1	X_0
Performing migration between Islands
Evolution time 0:02:35.524785	 age 6000	 fitness 7.611e-01
Saving checkpoint: ML_project_k35_1_6000.pkl
Saved successfully
Generation: 6000 	 Elapsed time: 0:13:25.931271 	 Best training fitness: 7.610851e-01 	 
Hall of Fame:
8.210518134234221e-16	7	(X_0)(X_0) + ((X_0)(X_0))/((X_0)(X_0)) + (X_1)(X_1)
8.238285244908339e-16	5	(X_0)(X_0) + (X_1)(X_1)
0.5336278260053139	4	X_0 - ((X_1)(X_1))
0.6302737901003199	3	(X_1)(X_0)
1.0	1	X_0
Performing migration between Islands
Evolution time 0:02:22.438424	 age 7000	 fitness 8.140e-16
Saving checkpoint: ML_project_k35_1_7000.pkl
Saved successfully
Generation: 7000 	 Elapsed time: 0:15:48.458458 	 Best training fitness: 8.139755e-16 	 
Hall of Fame:
8.139754687270162e-16	8	(2987.371106)((X_0)(X_0) + (X_1)(X_1))
8.210518134234221e-16	7	(X_0)(X_0) + ((X_0)(X_0))/((X_0)(X_0)) + (X_1)(X_1)
8.238285244908339e-16	5	(X_0)(X_0) + (X_1)(X_1)
0.5336278260053139	4	X_0 - ((X_1)(X_1))
0.6302737901003199	3	(X_1)(X_0)
1.0	1	X_0
Performing migration between Islands
Evolution time 0:01:59.840056	 age 8000	 fitness 4.020e-14
Saving checkpoint: ML_project_k35_1_8000.pkl
Saved successfully
Generation: 8000 	 Elapsed time: 0:17:48.390436 	 Best training fitness: 4.020171e-14 	 
Hall of Fame:
8.139754687270162e-16	8	(2987.371106)((X_0)(X_0) + (X_1)(X_1))
8.210518134234221e-16	7	(X_0)(X_0) + ((X_0)(X_0))/((X_0)(X_0)) + (X_1)(X_1)
8.238285244908339e-16	5	(X_0)(X_0) + (X_1)(X_1)
0.5336278260053139	4	X_0 - ((X_1)(X_1))
0.6302737901003199	3	(X_1)(X_0)
1.0	1	X_0
Performing migration between Islands
Evolution time 0:02:00.033867	 age 9000	 fitness 7.345e-01
Saving checkpoint: ML_project_k35_1_9000.pkl
Saved successfully
Generation: 9000 	 Elapsed time: 0:19:48.513389 	 Best training fitness: 7.344594e-01 	 
Hall of Fame:
8.139754687270162e-16	8	(2987.371106)((X_0)(X_0) + (X_1)(X_1))
8.210518134234221e-16	7	(X_0)(X_0) + ((X_0)(X_0))/((X_0)(X_0)) + (X_1)(X_1)
8.238285244908339e-16	5	(X_0)(X_0) + (X_1)(X_1)
0.5336278260053139	4	X_0 - ((X_1)(X_1))
0.6302737901003199	3	(X_1)(X_0)
1.0	1	X_0
Performing migration between Islands
Evolution time 0:02:06.344064	 age 10000	 fitness 7.995e-01
Saving checkpoint: ML_project_k35_1_10000.pkl
Saved successfully
Generation: 10000 	 Elapsed time: 0:21:54.946806 	 Best training fitness: 7.995196e-01 	 
Hall of Fame:
8.139754687270162e-16	8	(2987.371106)((X_0)(X_0) + (X_1)(X_1))
8.210518134234221e-16	7	(X_0)(X_0) + ((X_0)(X_0))/((X_0)(X_0)) + (X_1)(X_1)
8.238285244908339e-16	5	(X_0)(X_0) + (X_1)(X_1)
0.5336278260053139	4	X_0 - ((X_1)(X_1))
0.6302737901003199	3	(X_1)(X_0)
1.0	1	X_0
Performing migration between Islands
Evolution time 0:02:15.238466	 age 11000	 fitness 7.197e-01
Saving checkpoint: ML_project_k35_1_11000.pkl
Saved successfully
Generation: 11000 	 Elapsed time: 0:24:10.286051 	 Best training fitness: 7.196875e-01 	 
Hall of Fame:
8.139754687270162e-16	8	(2987.371106)((X_0)(X_0) + (X_1)(X_1))
8.210518134234221e-16	7	(X_0)(X_0) + ((X_0)(X_0))/((X_0)(X_0)) + (X_1)(X_1)
8.238285244908339e-16	5	(X_0)(X_0) + (X_1)(X_1)
0.5336278260053139	4	X_0 - ((X_1)(X_1))
0.6302737901003199	3	(X_1)(X_0)
1.0	1	X_0
Performing migration between Islands
Evolution time 0:02:26.859085	 age 12000	 fitness 7.338e-01
Saving checkpoint: ML_project_k35_1_12000.pkl
Saved successfully
Generation: 12000 	 Elapsed time: 0:26:37.233957 	 Best training fitness: 7.337733e-01 	 
Hall of Fame:
8.139754687270162e-16	8	(2987.371106)((X_0)(X_0) + (X_1)(X_1))
8.210518134234221e-16	7	(X_0)(X_0) + ((X_0)(X_0))/((X_0)(X_0)) + (X_1)(X_1)
8.238285244908339e-16	5	(X_0)(X_0) + (X_1)(X_1)
0.5336278260053139	4	X_0 - ((X_1)(X_1))
0.6302737901003199	3	(X_1)(X_0)
1.0	1	X_0
Performing migration between Islands
Evolution time 0:02:07.646007	 age 13000	 fitness 8.441e-01
Saving checkpoint: ML_project_k35_1_13000.pkl
Saved successfully
Generation: 13000 	 Elapsed time: 0:28:44.973707 	 Best training fitness: 8.441306e-01 	 
Hall of Fame:
8.139754687270162e-16	8	(2987.371106)((X_0)(X_0) + (X_1)(X_1))
8.210518134234221e-16	7	(X_0)(X_0) + ((X_0)(X_0))/((X_0)(X_0)) + (X_1)(X_1)
8.238285244908339e-16	5	(X_0)(X_0) + (X_1)(X_1)
0.5336278260053139	4	X_0 - ((X_1)(X_1))
0.6302737901003199	3	(X_1)(X_0)
1.0	1	X_0
Performing migration between Islands
Evolution time 0:01:40.157155	 age 14000	 fitness 7.416e-01
Saving checkpoint: ML_project_k35_1_14000.pkl
Saved successfully
Generation: 14000 	 Elapsed time: 0:30:25.223709 	 Best training fitness: 7.416267e-01 	 
Hall of Fame:
8.139754687270162e-16	8	(2987.371106)((X_0)(X_0) + (X_1)(X_1))
8.210518134234221e-16	7	(X_0)(X_0) + ((X_0)(X_0))/((X_0)(X_0)) + (X_1)(X_1)
8.238285244908339e-16	5	(X_0)(X_0) + (X_1)(X_1)
0.5336278260053139	4	X_0 - ((X_1)(X_1))
0.6302737901003199	3	(X_1)(X_0)
1.0	1	X_0
Performing migration between Islands
Evolution time 0:02:04.389194	 age 15000	 fitness 7.766e-01
Saving checkpoint: ML_project_k35_1_15000.pkl
Saved successfully
Generation: 15000 	 Elapsed time: 0:32:29.705616 	 Best training fitness: 7.766090e-01 	 
Hall of Fame:
8.139754687270162e-16	8	(2987.371106)((X_0)(X_0) + (X_1)(X_1))
8.210518134234221e-16	7	(X_0)(X_0) + ((X_0)(X_0))/((X_0)(X_0)) + (X_1)(X_1)
8.238285244908339e-16	5	(X_0)(X_0) + (X_1)(X_1)
0.5336278260053139	4	X_0 - ((X_1)(X_1))
0.6302737901003199	3	(X_1)(X_0)
1.0	1	X_0
Performing migration between Islands
Evolution time 0:02:01.878846	 age 16000	 fitness 1.014e-15
Saving checkpoint: ML_project_k35_1_16000.pkl
Saved successfully
Generation: 16000 	 Elapsed time: 0:34:31.674465 	 Best training fitness: 1.014240e-15 	 
Hall of Fame:
8.139754687270162e-16	8	(2987.371106)((X_0)(X_0) + (X_1)(X_1))
8.210518134234221e-16	7	(X_0)(X_0) + ((X_0)(X_0))/((X_0)(X_0)) + (X_1)(X_1)
8.238285244908339e-16	5	(X_0)(X_0) + (X_1)(X_1)
0.5336278260053139	4	X_0 - ((X_1)(X_1))
0.6302737901003199	3	(X_1)(X_0)
1.0	1	X_0
Performing migration between Islands
Evolution time 0:02:36.827398	 age 17000	 fitness 6.899e-01
Saving checkpoint: ML_project_k35_1_17000.pkl
Saved successfully
Generation: 17000 	 Elapsed time: 0:37:08.591166 	 Best training fitness: 6.898901e-01 	 
Hall of Fame:
8.139754687270162e-16	8	(2987.371106)((X_0)(X_0) + (X_1)(X_1))
8.210518134234221e-16	7	(X_0)(X_0) + ((X_0)(X_0))/((X_0)(X_0)) + (X_1)(X_1)
8.238285244908339e-16	5	(X_0)(X_0) + (X_1)(X_1)
0.5336278260053139	4	X_0 - ((X_1)(X_1))
0.6302737901003199	3	(X_1)(X_0)
1.0	1	X_0
Performing migration between Islands
Evolution time 0:01:52.647108	 age 18000	 fitness 8.238e-16
Saving checkpoint: ML_project_k35_1_18000.pkl
Saved successfully
Generation: 18000 	 Elapsed time: 0:39:01.532381 	 Best training fitness: 8.238285e-16 	 
Hall of Fame:
8.139754687270162e-16	8	(2987.371106)((X_0)(X_0) + (X_1)(X_1))
8.210518134234221e-16	7	(X_0)(X_0) + ((X_0)(X_0))/((X_0)(X_0)) + (X_1)(X_1)
8.238285244908339e-16	5	(X_0)(X_0) + (X_1)(X_1)
0.5336278260053139	4	X_0 - ((X_1)(X_1))
0.6302737901003199	3	(X_1)(X_0)
1.0	1	X_0
Performing migration between Islands
Evolution time 0:02:14.836030	 age 19000	 fitness 7.031e-01
Saving checkpoint: ML_project_k35_1_19000.pkl
Saved successfully
Generation: 19000 	 Elapsed time: 0:41:16.465764 	 Best training fitness: 7.030553e-01 	 
Hall of Fame:
8.139754687270162e-16	8	(2987.371106)((X_0)(X_0) + (X_1)(X_1))
8.210518134234221e-16	7	(X_0)(X_0) + ((X_0)(X_0))/((X_0)(X_0)) + (X_1)(X_1)
8.238285244908339e-16	5	(X_0)(X_0) + (X_1)(X_1)
0.5336278260053139	4	X_0 - ((X_1)(X_1))
0.6302737901003199	3	(X_1)(X_0)
1.0	1	X_0
Performing migration between Islands
Evolution time 0:01:50.372653	 age 20000	 fitness 8.238e-16
Saving checkpoint: ML_project_k35_1_20000.pkl
Saved successfully
Generation: 20000 	 Elapsed time: 0:43:06.945197 	 Best training fitness: 8.238285e-16 	 
Hall of Fame:
8.139754687270162e-16	8	(2987.371106)((X_0)(X_0) + (X_1)(X_1))
8.210518134234221e-16	7	(X_0)(X_0) + ((X_0)(X_0))/((X_0)(X_0)) + (X_1)(X_1)
8.238285244908339e-16	5	(X_0)(X_0) + (X_1)(X_1)
0.5336278260053139	4	X_0 - ((X_1)(X_1))
0.6302737901003199	3	(X_1)(X_0)
1.0	1	X_0
Performing migration between Islands
Evolution time 0:01:56.785225	 age 21000	 fitness 8.966e-01
Saving checkpoint: ML_project_k35_1_21000.pkl
Saved successfully
Generation: 21000 	 Elapsed time: 0:45:03.820466 	 Best training fitness: 8.965758e-01 	 
Hall of Fame:
8.139754687270162e-16	8	(2987.371106)((X_0)(X_0) + (X_1)(X_1))
8.210518134234221e-16	7	(X_0)(X_0) + ((X_0)(X_0))/((X_0)(X_0)) + (X_1)(X_1)
8.238285244908339e-16	5	(X_0)(X_0) + (X_1)(X_1)
0.5336278260053139	4	X_0 - ((X_1)(X_1))
0.6302737901003199	3	(X_1)(X_0)
1.0	1	X_0
Performing migration between Islands
Evolution time 0:02:04.716893	 age 22000	 fitness 8.238e-16
Saving checkpoint: ML_project_k35_1_22000.pkl
Saved successfully
Generation: 22000 	 Elapsed time: 0:47:08.626334 	 Best training fitness: 8.238285e-16 	 
Hall of Fame:
8.139754687270162e-16	8	(2987.371106)((X_0)(X_0) + (X_1)(X_1))
8.210518134234221e-16	7	(X_0)(X_0) + ((X_0)(X_0))/((X_0)(X_0)) + (X_1)(X_1)
8.238285244908339e-16	5	(X_0)(X_0) + (X_1)(X_1)
0.5336278260053139	4	X_0 - ((X_1)(X_1))
0.6302737901003199	3	(X_1)(X_0)
1.0	1	X_0
Performing migration between Islands
Evolution time 0:01:40.874548	 age 23000	 fitness 9.563e-16
Saving checkpoint: ML_project_k35_1_23000.pkl
Saved successfully
Generation: 23000 	 Elapsed time: 0:48:49.589353 	 Best training fitness: 9.563097e-16 	 
Hall of Fame:
8.139754687270162e-16	8	(2987.371106)((X_0)(X_0) + (X_1)(X_1))
8.210518134234221e-16	7	(X_0)(X_0) + ((X_0)(X_0))/((X_0)(X_0)) + (X_1)(X_1)
8.238285244908339e-16	5	(X_0)(X_0) + (X_1)(X_1)
0.5336278260053139	4	X_0 - ((X_1)(X_1))
0.6302737901003199	3	(X_1)(X_0)
1.0	1	X_0
Performing migration between Islands
Evolution time 0:02:10.774334	 age 24000	 fitness 7.140e-01
Saving checkpoint: ML_project_k35_1_24000.pkl
Saved successfully
Generation: 24000 	 Elapsed time: 0:51:00.455751 	 Best training fitness: 7.140077e-01 	 
Hall of Fame:
8.139754687270162e-16	8	(2987.371106)((X_0)(X_0) + (X_1)(X_1))
8.210518134234221e-16	7	(X_0)(X_0) + ((X_0)(X_0))/((X_0)(X_0)) + (X_1)(X_1)
8.238285244908339e-16	5	(X_0)(X_0) + (X_1)(X_1)
0.5336278260053139	4	X_0 - ((X_1)(X_1))
0.6302737901003199	3	(X_1)(X_0)
1.0	1	X_0
Performing migration between Islands
Evolution time 0:01:53.361782	 age 25000	 fitness 7.250e-01
Saving checkpoint: ML_project_k35_1_25000.pkl
Saved successfully
Generation: 25000 	 Elapsed time: 0:52:53.909148 	 Best training fitness: 7.249887e-01 	 
Hall of Fame:
8.139754687270162e-16	8	(2987.371106)((X_0)(X_0) + (X_1)(X_1))
8.210518134234221e-16	7	(X_0)(X_0) + ((X_0)(X_0))/((X_0)(X_0)) + (X_1)(X_1)
8.238285244908339e-16	5	(X_0)(X_0) + (X_1)(X_1)
0.5336278260053139	4	X_0 - ((X_1)(X_1))
0.6302737901003199	3	(X_1)(X_0)
1.0	1	X_0
Performing migration between Islands
Evolution time 0:02:17.356233	 age 26000	 fitness 6.120e-01
Saving checkpoint: ML_project_k35_1_26000.pkl
Saved successfully
Generation: 26000 	 Elapsed time: 0:55:11.354484 	 Best training fitness: 6.120149e-01 	 
Hall of Fame:
8.139754687270162e-16	8	(2987.371106)((X_0)(X_0) + (X_1)(X_1))
8.210518134234221e-16	7	(X_0)(X_0) + ((X_0)(X_0))/((X_0)(X_0)) + (X_1)(X_1)
8.238285244908339e-16	5	(X_0)(X_0) + (X_1)(X_1)
0.5336278260053139	4	X_0 - ((X_1)(X_1))
0.6302737901003199	3	(X_1)(X_0)
1.0	1	X_0
Performing migration between Islands
Evolution time 0:02:24.365510	 age 27000	 fitness 8.045e-01
Saving checkpoint: ML_project_k35_1_27000.pkl
Saved successfully
Generation: 27000 	 Elapsed time: 0:57:35.810000 	 Best training fitness: 8.044787e-01 	 
Hall of Fame:
8.139754687270162e-16	8	(2987.371106)((X_0)(X_0) + (X_1)(X_1))
8.210518134234221e-16	7	(X_0)(X_0) + ((X_0)(X_0))/((X_0)(X_0)) + (X_1)(X_1)
8.238285244908339e-16	5	(X_0)(X_0) + (X_1)(X_1)
0.5336278260053139	4	X_0 - ((X_1)(X_1))
0.6302737901003199	3	(X_1)(X_0)
1.0	1	X_0
Performing migration between Islands
Evolution time 0:02:30.197961	 age 28000	 fitness 2.911e-01
Saving checkpoint: ML_project_k35_1_28000.pkl
Saved successfully
Generation: 28000 	 Elapsed time: 1:00:06.096655 	 Best training fitness: 2.910992e-01 	 
Hall of Fame:
8.139754687270162e-16	8	(2987.371106)((X_0)(X_0) + (X_1)(X_1))
8.210518134234221e-16	7	(X_0)(X_0) + ((X_0)(X_0))/((X_0)(X_0)) + (X_1)(X_1)
8.238285244908339e-16	5	(X_0)(X_0) + (X_1)(X_1)
0.5336278260053139	4	X_0 - ((X_1)(X_1))
0.6302737901003199	3	(X_1)(X_0)
1.0	1	X_0
Performing migration between Islands
Evolution time 0:02:01.785912	 age 29000	 fitness 6.423e-01
Saving checkpoint: ML_project_k35_1_29000.pkl
Saved successfully
Generation: 29000 	 Elapsed time: 1:02:07.990480 	 Best training fitness: 6.423312e-01 	 
Hall of Fame:
8.139754687270162e-16	8	(2987.371106)((X_0)(X_0) + (X_1)(X_1))
8.210518134234221e-16	7	(X_0)(X_0) + ((X_0)(X_0))/((X_0)(X_0)) + (X_1)(X_1)
8.238285244908339e-16	5	(X_0)(X_0) + (X_1)(X_1)
0.5336278260053139	4	X_0 - ((X_1)(X_1))
0.6302737901003199	3	(X_1)(X_0)
1.0	1	X_0
Performing migration between Islands
Evolution time 0:02:27.219874	 age 30000	 fitness 5.203e-01
Saving checkpoint: ML_project_k35_1_30000.pkl
Saved successfully
Generation: 30000 	 Elapsed time: 1:04:35.304556 	 Best training fitness: 5.202891e-01 	 
Hall of Fame:
8.139754687270162e-16	8	(2987.371106)((X_0)(X_0) + (X_1)(X_1))
8.210518134234221e-16	7	(X_0)(X_0) + ((X_0)(X_0))/((X_0)(X_0)) + (X_1)(X_1)
8.238285244908339e-16	5	(X_0)(X_0) + (X_1)(X_1)
0.5336278260053139	4	X_0 - ((X_1)(X_1))
0.6302737901003199	3	(X_1)(X_0)
1.0	1	X_0
Performing migration between Islands
Evolution time 0:01:55.498225	 age 31000	 fitness 2.890e-15
Saving checkpoint: ML_project_k35_1_31000.pkl
Saved successfully
Generation: 31000 	 Elapsed time: 1:06:30.894122 	 Best training fitness: 2.889550e-15 	 
Hall of Fame:
8.139754687270162e-16	8	(2987.371106)((X_0)(X_0) + (X_1)(X_1))
8.210518134234221e-16	7	(X_0)(X_0) + ((X_0)(X_0))/((X_0)(X_0)) + (X_1)(X_1)
8.238285244908339e-16	5	(X_0)(X_0) + (X_1)(X_1)
0.5336278260053139	4	X_0 - ((X_1)(X_1))
0.6302737901003199	3	(X_1)(X_0)
1.0	1	X_0
Performing migration between Islands
Evolution time 0:02:02.656294	 age 32000	 fitness 7.371e-01
Saving checkpoint: ML_project_k35_1_32000.pkl
Saved successfully
Generation: 32000 	 Elapsed time: 1:08:33.641931 	 Best training fitness: 7.370679e-01 	 
Hall of Fame:
8.139754687270162e-16	8	(2987.371106)((X_0)(X_0) + (X_1)(X_1))
8.210518134234221e-16	7	(X_0)(X_0) + ((X_0)(X_0))/((X_0)(X_0)) + (X_1)(X_1)
8.238285244908339e-16	5	(X_0)(X_0) + (X_1)(X_1)
0.5336278260053139	4	X_0 - ((X_1)(X_1))
0.6302737901003199	3	(X_1)(X_0)
1.0	1	X_0
Performing migration between Islands
Evolution time 0:02:01.526704	 age 33000	 fitness 7.902e-01
Saving checkpoint: ML_project_k35_1_33000.pkl
Saved successfully
Generation: 33000 	 Elapsed time: 1:10:35.257158 	 Best training fitness: 7.902268e-01 	 
Hall of Fame:
8.139754687270162e-16	8	(2987.371106)((X_0)(X_0) + (X_1)(X_1))
8.210518134234221e-16	7	(X_0)(X_0) + ((X_0)(X_0))/((X_0)(X_0)) + (X_1)(X_1)
8.238285244908339e-16	5	(X_0)(X_0) + (X_1)(X_1)
0.5336278260053139	4	X_0 - ((X_1)(X_1))
0.6302737901003199	3	(X_1)(X_0)
1.0	1	X_0
Performing migration between Islands
Evolution time 0:02:10.923576	 age 34000	 fitness 7.843e-01
Saving checkpoint: ML_project_k35_1_34000.pkl
Saved successfully
Generation: 34000 	 Elapsed time: 1:12:46.270733 	 Best training fitness: 7.842757e-01 	 
Hall of Fame:
8.139754687270162e-16	8	(2987.371106)((X_0)(X_0) + (X_1)(X_1))
8.210518134234221e-16	7	(X_0)(X_0) + ((X_0)(X_0))/((X_0)(X_0)) + (X_1)(X_1)
8.238285244908339e-16	5	(X_0)(X_0) + (X_1)(X_1)
0.5336278260053139	4	X_0 - ((X_1)(X_1))
0.6302737901003199	3	(X_1)(X_0)
1.0	1	X_0
Performing migration between Islands
Evolution time 0:02:10.203054	 age 35000	 fitness 6.848e-01
Saving checkpoint: ML_project_k35_1_35000.pkl
Saved successfully
Generation: 35000 	 Elapsed time: 1:14:56.562125 	 Best training fitness: 6.848228e-01 	 
Hall of Fame:
8.139754687270162e-16	8	(2987.371106)((X_0)(X_0) + (X_1)(X_1))
8.210518134234221e-16	7	(X_0)(X_0) + ((X_0)(X_0))/((X_0)(X_0)) + (X_1)(X_1)
8.238285244908339e-16	5	(X_0)(X_0) + (X_1)(X_1)
0.5336278260053139	4	X_0 - ((X_1)(X_1))
0.6302737901003199	3	(X_1)(X_0)
1.0	1	X_0
Performing migration between Islands
Evolution time 0:01:50.813042	 age 36000	 fitness 8.238e-16
Saving checkpoint: ML_project_k35_1_36000.pkl
Saved successfully
Generation: 36000 	 Elapsed time: 1:16:47.463551 	 Best training fitness: 8.238285e-16 	 
Hall of Fame:
8.139754687270162e-16	8	(2987.371106)((X_0)(X_0) + (X_1)(X_1))
8.210518134234221e-16	7	(X_0)(X_0) + ((X_0)(X_0))/((X_0)(X_0)) + (X_1)(X_1)
8.238285244908339e-16	5	(X_0)(X_0) + (X_1)(X_1)
0.5336278260053139	4	X_0 - ((X_1)(X_1))
0.6302737901003199	3	(X_1)(X_0)
1.0	1	X_0
Performing migration between Islands
Evolution time 0:01:43.263500	 age 37000	 fitness 6.687e-01
Saving checkpoint: ML_project_k35_1_37000.pkl
Saved successfully
Generation: 37000 	 Elapsed time: 1:18:30.815156 	 Best training fitness: 6.686927e-01 	 
Hall of Fame:
8.139754687270162e-16	8	(2987.371106)((X_0)(X_0) + (X_1)(X_1))
8.210518134234221e-16	7	(X_0)(X_0) + ((X_0)(X_0))/((X_0)(X_0)) + (X_1)(X_1)
8.238285244908339e-16	5	(X_0)(X_0) + (X_1)(X_1)
0.5336278260053139	4	X_0 - ((X_1)(X_1))
0.6302737901003199	3	(X_1)(X_0)
1.0	1	X_0
Performing migration between Islands
Evolution time 0:02:11.653537	 age 38000	 fitness 6.912e-01
Saving checkpoint: ML_project_k35_1_38000.pkl
Saved successfully
Generation: 38000 	 Elapsed time: 1:20:42.566717 	 Best training fitness: 6.912439e-01 	 
Hall of Fame:
8.139754687270162e-16	8	(2987.371106)((X_0)(X_0) + (X_1)(X_1))
8.210518134234221e-16	7	(X_0)(X_0) + ((X_0)(X_0))/((X_0)(X_0)) + (X_1)(X_1)
8.238285244908339e-16	5	(X_0)(X_0) + (X_1)(X_1)
0.5336278260053139	4	X_0 - ((X_1)(X_1))
0.6302737901003199	3	(X_1)(X_0)
1.0	1	X_0
Performing migration between Islands
Evolution time 0:01:39.398853	 age 39000	 fitness 9.100e-01
Saving checkpoint: ML_project_k35_1_39000.pkl
Saved successfully
Generation: 39000 	 Elapsed time: 1:22:22.055045 	 Best training fitness: 9.100163e-01 	 
Hall of Fame:
8.139754687270162e-16	8	(2987.371106)((X_0)(X_0) + (X_1)(X_1))
8.210518134234221e-16	7	(X_0)(X_0) + ((X_0)(X_0))/((X_0)(X_0)) + (X_1)(X_1)
8.238285244908339e-16	5	(X_0)(X_0) + (X_1)(X_1)
0.5336278260053139	4	X_0 - ((X_1)(X_1))
0.6302737901003199	3	(X_1)(X_0)
1.0	1	X_0
Performing migration between Islands
Evolution time 0:02:25.460628	 age 40000	 fitness 4.966e-01
Saving checkpoint: ML_project_k35_1_40000.pkl
Saved successfully
Generation: 40000 	 Elapsed time: 1:24:47.607036 	 Best training fitness: 4.966429e-01 	 
Hall of Fame:
8.139754687270162e-16	8	(2987.371106)((X_0)(X_0) + (X_1)(X_1))
8.210518134234221e-16	7	(X_0)(X_0) + ((X_0)(X_0))/((X_0)(X_0)) + (X_1)(X_1)
8.238285244908339e-16	5	(X_0)(X_0) + (X_1)(X_1)
0.5336278260053139	4	X_0 - ((X_1)(X_1))
0.6302737901003199	3	(X_1)(X_0)
1.0	1	X_0
Performing migration between Islands
Evolution time 0:02:13.945897	 age 41000	 fitness 7.782e-01
Saving checkpoint: ML_project_k35_1_41000.pkl
Saved successfully
Generation: 41000 	 Elapsed time: 1:27:01.657813 	 Best training fitness: 7.781942e-01 	 
Hall of Fame:
8.139754687270162e-16	8	(2987.371106)((X_0)(X_0) + (X_1)(X_1))
8.210518134234221e-16	7	(X_0)(X_0) + ((X_0)(X_0))/((X_0)(X_0)) + (X_1)(X_1)
8.238285244908339e-16	5	(X_0)(X_0) + (X_1)(X_1)
0.5336278260053139	4	X_0 - ((X_1)(X_1))
0.6302737901003199	3	(X_1)(X_0)
1.0	1	X_0
Performing migration between Islands
Evolution time 0:02:25.865237	 age 42000	 fitness 7.384e-01
Saving checkpoint: ML_project_k35_1_42000.pkl
Saved successfully
Generation: 42000 	 Elapsed time: 1:29:27.613949 	 Best training fitness: 7.384073e-01 	 
Hall of Fame:
8.139754687270162e-16	8	(2987.371106)((X_0)(X_0) + (X_1)(X_1))
8.210518134234221e-16	7	(X_0)(X_0) + ((X_0)(X_0))/((X_0)(X_0)) + (X_1)(X_1)
8.238285244908339e-16	5	(X_0)(X_0) + (X_1)(X_1)
0.5336278260053139	4	X_0 - ((X_1)(X_1))
0.6302737901003199	3	(X_1)(X_0)
1.0	1	X_0
Performing migration between Islands
Evolution time 0:02:20.846426	 age 43000	 fitness 7.995e-01
Saving checkpoint: ML_project_k35_1_43000.pkl
Saved successfully
Generation: 43000 	 Elapsed time: 1:31:48.551380 	 Best training fitness: 7.995196e-01 	 
Hall of Fame:
8.139754687270162e-16	8	(2987.371106)((X_0)(X_0) + (X_1)(X_1))
8.210518134234221e-16	7	(X_0)(X_0) + ((X_0)(X_0))/((X_0)(X_0)) + (X_1)(X_1)
8.238285244908339e-16	5	(X_0)(X_0) + (X_1)(X_1)
0.5336278260053139	4	X_0 - ((X_1)(X_1))
0.6302737901003199	3	(X_1)(X_0)
1.0	1	X_0
Performing migration between Islands
Evolution time 0:02:11.298138	 age 44000	 fitness 8.238e-16
Saving checkpoint: ML_project_k35_1_44000.pkl
Saved successfully
Generation: 44000 	 Elapsed time: 1:33:59.940844 	 Best training fitness: 8.238285e-16 	 
Hall of Fame:
8.139754687270162e-16	8	(2987.371106)((X_0)(X_0) + (X_1)(X_1))
8.210518134234221e-16	7	(X_0)(X_0) + ((X_0)(X_0))/((X_0)(X_0)) + (X_1)(X_1)
8.238285244908339e-16	5	(X_0)(X_0) + (X_1)(X_1)
0.5336278260053139	4	X_0 - ((X_1)(X_1))
0.6302737901003199	3	(X_1)(X_0)
1.0	1	X_0
Performing migration between Islands
Evolution time 0:02:07.626581	 age 45000	 fitness 3.263e-15
Saving checkpoint: ML_project_k35_1_45000.pkl
Saved successfully
Generation: 45000 	 Elapsed time: 1:36:07.656404 	 Best training fitness: 3.262850e-15 	 
Hall of Fame:
8.139754687270162e-16	8	(2987.371106)((X_0)(X_0) + (X_1)(X_1))
8.210518134234221e-16	7	(X_0)(X_0) + ((X_0)(X_0))/((X_0)(X_0)) + (X_1)(X_1)
8.238285244908339e-16	5	(X_0)(X_0) + (X_1)(X_1)
0.5336278260053139	4	X_0 - ((X_1)(X_1))
0.6302737901003199	3	(X_1)(X_0)
1.0	1	X_0
Performing migration between Islands
Evolution time 0:01:42.335392	 age 46000	 fitness 7.898e-01
Saving checkpoint: ML_project_k35_1_46000.pkl
Saved successfully
Generation: 46000 	 Elapsed time: 1:37:50.080412 	 Best training fitness: 7.897605e-01 	 
Hall of Fame:
8.139754687270162e-16	8	(2987.371106)((X_0)(X_0) + (X_1)(X_1))
8.210518134234221e-16	7	(X_0)(X_0) + ((X_0)(X_0))/((X_0)(X_0)) + (X_1)(X_1)
8.238285244908339e-16	5	(X_0)(X_0) + (X_1)(X_1)
0.5336278260053139	4	X_0 - ((X_1)(X_1))
0.6302737901003199	3	(X_1)(X_0)
1.0	1	X_0
Performing migration between Islands
Evolution time 0:02:09.648535	 age 47000	 fitness 7.090e-01
Saving checkpoint: ML_project_k35_1_47000.pkl
Saved successfully
Generation: 47000 	 Elapsed time: 1:40:00.014598 	 Best training fitness: 7.089947e-01 	 
Hall of Fame:
8.139754687270162e-16	8	(2987.371106)((X_0)(X_0) + (X_1)(X_1))
8.210518134234221e-16	7	(X_0)(X_0) + ((X_0)(X_0))/((X_0)(X_0)) + (X_1)(X_1)
8.238285244908339e-16	5	(X_0)(X_0) + (X_1)(X_1)
0.5336278260053139	4	X_0 - ((X_1)(X_1))
0.6302737901003199	3	(X_1)(X_0)
1.0	1	X_0
Performing migration between Islands
Evolution time 0:01:40.201941	 age 48000	 fitness 8.279e-16
Saving checkpoint: ML_project_k35_1_48000.pkl
Saved successfully
Generation: 48000 	 Elapsed time: 1:41:40.342697 	 Best training fitness: 8.278559e-16 	 
Hall of Fame:
8.139754687270162e-16	8	(2987.371106)((X_0)(X_0) + (X_1)(X_1))
8.210518134234221e-16	7	(X_0)(X_0) + ((X_0)(X_0))/((X_0)(X_0)) + (X_1)(X_1)
8.238285244908339e-16	5	(X_0)(X_0) + (X_1)(X_1)
0.5336278260053139	4	X_0 - ((X_1)(X_1))
0.6302737901003199	3	(X_1)(X_0)
1.0	1	X_0
Performing migration between Islands
Evolution time 0:02:20.832128	 age 49000	 fitness 7.439e-01
Saving checkpoint: ML_project_k35_1_49000.pkl
Saved successfully
Generation: 49000 	 Elapsed time: 1:44:01.287717 	 Best training fitness: 7.439144e-01 	 
Hall of Fame:
8.139754687270162e-16	8	(2987.371106)((X_0)(X_0) + (X_1)(X_1))
8.210518134234221e-16	7	(X_0)(X_0) + ((X_0)(X_0))/((X_0)(X_0)) + (X_1)(X_1)
8.238285244908339e-16	5	(X_0)(X_0) + (X_1)(X_1)
0.5336278260053139	4	X_0 - ((X_1)(X_1))
0.6302737901003199	3	(X_1)(X_0)
1.0	1	X_0
Performing migration between Islands
Evolution time 0:02:12.448124	 age 50000	 fitness 5.278e-01
Saving checkpoint: ML_project_k35_1_50000.pkl
Saved successfully
Generation: 50000 	 Elapsed time: 1:46:13.825022 	 Best training fitness: 5.278345e-01 	 
Hall of Fame:
8.139754687270162e-16	8	(2987.371106)((X_0)(X_0) + (X_1)(X_1))
8.210518134234221e-16	7	(X_0)(X_0) + ((X_0)(X_0))/((X_0)(X_0)) + (X_1)(X_1)
8.238285244908339e-16	5	(X_0)(X_0) + (X_1)(X_1)
0.5336278260053139	4	X_0 - ((X_1)(X_1))
0.6302737901003199	3	(X_1)(X_0)
1.0	1	X_0
Performing migration between Islands
Evolution time 0:02:04.811064	 age 51000	 fitness 4.859e-01
Saving checkpoint: ML_project_k35_1_51000.pkl
Saved successfully
Generation: 51000 	 Elapsed time: 1:48:18.725350 	 Best training fitness: 4.858607e-01 	 
Hall of Fame:
8.139754687270162e-16	8	(2987.371106)((X_0)(X_0) + (X_1)(X_1))
8.210518134234221e-16	7	(X_0)(X_0) + ((X_0)(X_0))/((X_0)(X_0)) + (X_1)(X_1)
8.238285244908339e-16	5	(X_0)(X_0) + (X_1)(X_1)
0.5336278260053139	4	X_0 - ((X_1)(X_1))
0.6302737901003199	3	(X_1)(X_0)
1.0	1	X_0
Performing migration between Islands
Evolution time 0:02:17.355771	 age 52000	 fitness 7.320e-01
Saving checkpoint: ML_project_k35_1_52000.pkl
Saved successfully
Generation: 52000 	 Elapsed time: 1:50:36.169622 	 Best training fitness: 7.319905e-01 	 
Hall of Fame:
8.139754687270162e-16	8	(2987.371106)((X_0)(X_0) + (X_1)(X_1))
8.210518134234221e-16	7	(X_0)(X_0) + ((X_0)(X_0))/((X_0)(X_0)) + (X_1)(X_1)
8.238285244908339e-16	5	(X_0)(X_0) + (X_1)(X_1)
0.5336278260053139	4	X_0 - ((X_1)(X_1))
0.6302737901003199	3	(X_1)(X_0)
1.0	1	X_0
Performing migration between Islands
Evolution time 0:02:25.280774	 age 53000	 fitness 6.062e-01
Saving checkpoint: ML_project_k35_1_53000.pkl
Saved successfully
Generation: 53000 	 Elapsed time: 1:53:01.542307 	 Best training fitness: 6.062307e-01 	 
Hall of Fame:
8.139754687270162e-16	8	(2987.371106)((X_0)(X_0) + (X_1)(X_1))
8.210518134234221e-16	7	(X_0)(X_0) + ((X_0)(X_0))/((X_0)(X_0)) + (X_1)(X_1)
8.238285244908339e-16	5	(X_0)(X_0) + (X_1)(X_1)
0.5336278260053139	4	X_0 - ((X_1)(X_1))
0.6302737901003199	3	(X_1)(X_0)
1.0	1	X_0
Performing migration between Islands
Evolution time 0:02:08.395238	 age 54000	 fitness 6.837e-01
Saving checkpoint: ML_project_k35_1_54000.pkl
Saved successfully
Generation: 54000 	 Elapsed time: 1:55:10.031197 	 Best training fitness: 6.836842e-01 	 
Hall of Fame:
8.139754687270162e-16	8	(2987.371106)((X_0)(X_0) + (X_1)(X_1))
8.210518134234221e-16	7	(X_0)(X_0) + ((X_0)(X_0))/((X_0)(X_0)) + (X_1)(X_1)
8.238285244908339e-16	5	(X_0)(X_0) + (X_1)(X_1)
0.5336278260053139	4	X_0 - ((X_1)(X_1))
0.6302737901003199	3	(X_1)(X_0)
1.0	1	X_0
Performing migration between Islands
Evolution time 0:01:55.232987	 age 55000	 fitness 1.248e-15
Saving checkpoint: ML_project_k35_1_55000.pkl
Saved successfully
Generation: 55000 	 Elapsed time: 1:57:05.358205 	 Best training fitness: 1.247535e-15 	 
Hall of Fame:
8.139754687270162e-16	8	(2987.371106)((X_0)(X_0) + (X_1)(X_1))
8.210518134234221e-16	7	(X_0)(X_0) + ((X_0)(X_0))/((X_0)(X_0)) + (X_1)(X_1)
8.238285244908339e-16	5	(X_0)(X_0) + (X_1)(X_1)
0.5336278260053139	4	X_0 - ((X_1)(X_1))
0.6302737901003199	3	(X_1)(X_0)
1.0	1	X_0
Performing migration between Islands
Evolution time 0:02:42.616827	 age 56000	 fitness 8.528e-01
Saving checkpoint: ML_project_k35_1_56000.pkl
Saved successfully
Generation: 56000 	 Elapsed time: 1:59:48.070504 	 Best training fitness: 8.527603e-01 	 
Hall of Fame:
8.139754687270162e-16	8	(2987.371106)((X_0)(X_0) + (X_1)(X_1))
8.210518134234221e-16	7	(X_0)(X_0) + ((X_0)(X_0))/((X_0)(X_0)) + (X_1)(X_1)
8.238285244908339e-16	5	(X_0)(X_0) + (X_1)(X_1)
0.5336278260053139	4	X_0 - ((X_1)(X_1))
0.6302737901003199	3	(X_1)(X_0)
1.0	1	X_0
Performing migration between Islands
Evolution time 0:02:20.424602	 age 57000	 fitness 6.964e-01
Saving checkpoint: ML_project_k35_1_57000.pkl
Saved successfully
Generation: 57000 	 Elapsed time: 2:02:08.586890 	 Best training fitness: 6.963814e-01 	 
Hall of Fame:
8.139754687270162e-16	8	(2987.371106)((X_0)(X_0) + (X_1)(X_1))
8.210518134234221e-16	7	(X_0)(X_0) + ((X_0)(X_0))/((X_0)(X_0)) + (X_1)(X_1)
8.238285244908339e-16	5	(X_0)(X_0) + (X_1)(X_1)
0.5336278260053139	4	X_0 - ((X_1)(X_1))
0.6302737901003199	3	(X_1)(X_0)
1.0	1	X_0
Performing migration between Islands
Evolution time 0:02:13.093839	 age 58000	 fitness 8.238e-16
Saving checkpoint: ML_project_k35_1_58000.pkl
Saved successfully
Generation: 58000 	 Elapsed time: 2:04:21.769409 	 Best training fitness: 8.238285e-16 	 
Hall of Fame:
8.139754687270162e-16	8	(2987.371106)((X_0)(X_0) + (X_1)(X_1))
8.210518134234221e-16	7	(X_0)(X_0) + ((X_0)(X_0))/((X_0)(X_0)) + (X_1)(X_1)
8.238285244908339e-16	5	(X_0)(X_0) + (X_1)(X_1)
0.5336278260053139	4	X_0 - ((X_1)(X_1))
0.6302737901003199	3	(X_1)(X_0)
1.0	1	X_0
Performing migration between Islands
Evolution time 0:02:31.567704	 age 59000	 fitness 8.108e-01
Saving checkpoint: ML_project_k35_1_59000.pkl
Saved successfully
Generation: 59000 	 Elapsed time: 2:06:53.430912 	 Best training fitness: 8.107576e-01 	 
Hall of Fame:
8.139754687270162e-16	8	(2987.371106)((X_0)(X_0) + (X_1)(X_1))
8.210518134234221e-16	7	(X_0)(X_0) + ((X_0)(X_0))/((X_0)(X_0)) + (X_1)(X_1)
8.238285244908339e-16	5	(X_0)(X_0) + (X_1)(X_1)
0.5336278260053139	4	X_0 - ((X_1)(X_1))
0.6302737901003199	3	(X_1)(X_0)
1.0	1	X_0
Performing migration between Islands
Evolution time 0:02:01.209800	 age 60000	 fitness 6.899e-01
Saving checkpoint: ML_project_k35_1_60000.pkl
Saved successfully
Generation: 60000 	 Elapsed time: 2:08:54.729922 	 Best training fitness: 6.898901e-01 	 
Hall of Fame:
8.139754687270162e-16	8	(2987.371106)((X_0)(X_0) + (X_1)(X_1))
8.210518134234221e-16	7	(X_0)(X_0) + ((X_0)(X_0))/((X_0)(X_0)) + (X_1)(X_1)
8.238285244908339e-16	5	(X_0)(X_0) + (X_1)(X_1)
0.5336278260053139	4	X_0 - ((X_1)(X_1))
0.6302737901003199	3	(X_1)(X_0)
1.0	1	X_0
Performing migration between Islands
Evolution time 0:02:11.464347	 age 61000	 fitness 6.227e-01
Saving checkpoint: ML_project_k35_1_61000.pkl
Saved successfully
Generation: 61000 	 Elapsed time: 2:11:06.283546 	 Best training fitness: 6.226947e-01 	 
Hall of Fame:
8.139754687270162e-16	8	(2987.371106)((X_0)(X_0) + (X_1)(X_1))
8.210518134234221e-16	7	(X_0)(X_0) + ((X_0)(X_0))/((X_0)(X_0)) + (X_1)(X_1)
8.238285244908339e-16	5	(X_0)(X_0) + (X_1)(X_1)
0.5336278260053139	4	X_0 - ((X_1)(X_1))
0.6302737901003199	3	(X_1)(X_0)
1.0	1	X_0
Performing migration between Islands
Evolution time 0:02:23.035769	 age 62000	 fitness 7.064e-01
Saving checkpoint: ML_project_k35_1_62000.pkl
Saved successfully
Generation: 62000 	 Elapsed time: 2:13:29.410071 	 Best training fitness: 7.064415e-01 	 
Hall of Fame:
8.139754687270162e-16	8	(2987.371106)((X_0)(X_0) + (X_1)(X_1))
8.210518134234221e-16	7	(X_0)(X_0) + ((X_0)(X_0))/((X_0)(X_0)) + (X_1)(X_1)
8.238285244908339e-16	5	(X_0)(X_0) + (X_1)(X_1)
0.5336278260053139	4	X_0 - ((X_1)(X_1))
0.6302737901003199	3	(X_1)(X_0)
1.0	1	X_0
Performing migration between Islands
Evolution time 0:02:52.630280	 age 63000	 fitness 7.057e-01
Saving checkpoint: ML_project_k35_1_63000.pkl
Saved successfully
Generation: 63000 	 Elapsed time: 2:16:22.130260 	 Best training fitness: 7.056955e-01 	 
Hall of Fame:
8.139754687270162e-16	8	(2987.371106)((X_0)(X_0) + (X_1)(X_1))
8.210518134234221e-16	7	(X_0)(X_0) + ((X_0)(X_0))/((X_0)(X_0)) + (X_1)(X_1)
8.238285244908339e-16	5	(X_0)(X_0) + (X_1)(X_1)
0.5336278260053139	4	X_0 - ((X_1)(X_1))
0.6302737901003199	3	(X_1)(X_0)
1.0	1	X_0
Performing migration between Islands
Evolution time 0:02:08.789773	 age 64000	 fitness 8.238e-16
Saving checkpoint: ML_project_k35_1_64000.pkl
Saved successfully
Generation: 64000 	 Elapsed time: 2:18:31.011463 	 Best training fitness: 8.238285e-16 	 
Hall of Fame:
8.139754687270162e-16	8	(2987.371106)((X_0)(X_0) + (X_1)(X_1))
8.210518134234221e-16	7	(X_0)(X_0) + ((X_0)(X_0))/((X_0)(X_0)) + (X_1)(X_1)
8.238285244908339e-16	5	(X_0)(X_0) + (X_1)(X_1)
0.5336278260053139	4	X_0 - ((X_1)(X_1))
0.6302737901003199	3	(X_1)(X_0)
1.0	1	X_0
Performing migration between Islands
Evolution time 0:02:00.568743	 age 65000	 fitness 5.929e-01
Saving checkpoint: ML_project_k35_1_65000.pkl
Saved successfully
Generation: 65000 	 Elapsed time: 2:20:31.672891 	 Best training fitness: 5.928640e-01 	 
Hall of Fame:
8.139754687270162e-16	8	(2987.371106)((X_0)(X_0) + (X_1)(X_1))
8.210518134234221e-16	7	(X_0)(X_0) + ((X_0)(X_0))/((X_0)(X_0)) + (X_1)(X_1)
8.238285244908339e-16	5	(X_0)(X_0) + (X_1)(X_1)
0.5336278260053139	4	X_0 - ((X_1)(X_1))
0.6302737901003199	3	(X_1)(X_0)
1.0	1	X_0
Performing migration between Islands
Evolution time 0:01:19.957483	 age 66000	 fitness 4.167e-15
Saving checkpoint: ML_project_k35_1_66000.pkl
Saved successfully
Generation: 66000 	 Elapsed time: 2:21:51.720838 	 Best training fitness: 4.166672e-15 	 
Hall of Fame:
8.139754687270162e-16	8	(2987.371106)((X_0)(X_0) + (X_1)(X_1))
8.210518134234221e-16	7	(X_0)(X_0) + ((X_0)(X_0))/((X_0)(X_0)) + (X_1)(X_1)
8.238285244908339e-16	5	(X_0)(X_0) + (X_1)(X_1)
0.5336278260053139	4	X_0 - ((X_1)(X_1))
0.6302737901003199	3	(X_1)(X_0)
1.0	1	X_0
Performing migration between Islands
Evolution time 0:02:23.116285	 age 67000	 fitness 6.373e-01
Saving checkpoint: ML_project_k35_1_67000.pkl
Saved successfully
Generation: 67000 	 Elapsed time: 2:24:14.940819 	 Best training fitness: 6.372660e-01 	 
Hall of Fame:
8.139754687270162e-16	8	(2987.371106)((X_0)(X_0) + (X_1)(X_1))
8.210518134234221e-16	7	(X_0)(X_0) + ((X_0)(X_0))/((X_0)(X_0)) + (X_1)(X_1)
8.238285244908339e-16	5	(X_0)(X_0) + (X_1)(X_1)
0.5336278260053139	4	X_0 - ((X_1)(X_1))
0.6302737901003199	3	(X_1)(X_0)
1.0	1	X_0
Performing migration between Islands
Evolution time 0:02:09.329296	 age 68000	 fitness 6.964e-01
Saving checkpoint: ML_project_k35_1_68000.pkl
Saved successfully
Generation: 68000 	 Elapsed time: 2:26:24.362479 	 Best training fitness: 6.963814e-01 	 
Hall of Fame:
8.139754687270162e-16	8	(2987.371106)((X_0)(X_0) + (X_1)(X_1))
8.210518134234221e-16	7	(X_0)(X_0) + ((X_0)(X_0))/((X_0)(X_0)) + (X_1)(X_1)
8.238285244908339e-16	5	(X_0)(X_0) + (X_1)(X_1)
0.5336278260053139	4	X_0 - ((X_1)(X_1))
0.6302737901003199	3	(X_1)(X_0)
1.0	1	X_0
Performing migration between Islands
Evolution time 0:02:08.266696	 age 69000	 fitness 6.722e-01
Saving checkpoint: ML_project_k35_1_69000.pkl
Saved successfully
Generation: 69000 	 Elapsed time: 2:28:32.719210 	 Best training fitness: 6.722156e-01 	 
Hall of Fame:
8.139754687270162e-16	8	(2987.371106)((X_0)(X_0) + (X_1)(X_1))
8.210518134234221e-16	7	(X_0)(X_0) + ((X_0)(X_0))/((X_0)(X_0)) + (X_1)(X_1)
8.238285244908339e-16	5	(X_0)(X_0) + (X_1)(X_1)
0.5336278260053139	4	X_0 - ((X_1)(X_1))
0.6302737901003199	3	(X_1)(X_0)
1.0	1	X_0
Performing migration between Islands
Evolution time 0:02:06.258138	 age 70000	 fitness 6.581e-01
Saving checkpoint: ML_project_k35_1_70000.pkl
Saved successfully
Generation: 70000 	 Elapsed time: 2:30:39.070471 	 Best training fitness: 6.580728e-01 	 
Hall of Fame:
8.139754687270162e-16	8	(2987.371106)((X_0)(X_0) + (X_1)(X_1))
8.210518134234221e-16	7	(X_0)(X_0) + ((X_0)(X_0))/((X_0)(X_0)) + (X_1)(X_1)
8.238285244908339e-16	5	(X_0)(X_0) + (X_1)(X_1)
0.5336278260053139	4	X_0 - ((X_1)(X_1))
0.6302737901003199	3	(X_1)(X_0)
1.0	1	X_0
Performing migration between Islands
Evolution time 0:02:04.258232	 age 71000	 fitness 7.407e-01
Saving checkpoint: ML_project_k35_1_71000.pkl
Saved successfully
Generation: 71000 	 Elapsed time: 2:32:43.419248 	 Best training fitness: 7.407297e-01 	 
Hall of Fame:
8.139754687270162e-16	8	(2987.371106)((X_0)(X_0) + (X_1)(X_1))
8.210518134234221e-16	7	(X_0)(X_0) + ((X_0)(X_0))/((X_0)(X_0)) + (X_1)(X_1)
8.238285244908339e-16	5	(X_0)(X_0) + (X_1)(X_1)
0.5336278260053139	4	X_0 - ((X_1)(X_1))
0.6302737901003199	3	(X_1)(X_0)
1.0	1	X_0
Performing migration between Islands
Evolution time 0:01:58.005220	 age 72000	 fitness 1.960e-15
Saving checkpoint: ML_project_k35_1_72000.pkl
Saved successfully
Generation: 72000 	 Elapsed time: 2:34:41.514930 	 Best training fitness: 1.959552e-15 	 
Hall of Fame:
8.139754687270162e-16	8	(2987.371106)((X_0)(X_0) + (X_1)(X_1))
8.210518134234221e-16	7	(X_0)(X_0) + ((X_0)(X_0))/((X_0)(X_0)) + (X_1)(X_1)
8.238285244908339e-16	5	(X_0)(X_0) + (X_1)(X_1)
0.5336278260053139	4	X_0 - ((X_1)(X_1))
0.6302737901003199	3	(X_1)(X_0)
1.0	1	X_0
Performing migration between Islands
Evolution time 0:01:52.777490	 age 73000	 fitness 5.905e-01
Saving checkpoint: ML_project_k35_1_73000.pkl
Saved successfully
Generation: 73000 	 Elapsed time: 2:36:34.381469 	 Best training fitness: 5.905009e-01 	 
Hall of Fame:
8.139754687270162e-16	8	(2987.371106)((X_0)(X_0) + (X_1)(X_1))
8.210518134234221e-16	7	(X_0)(X_0) + ((X_0)(X_0))/((X_0)(X_0)) + (X_1)(X_1)
8.238285244908339e-16	5	(X_0)(X_0) + (X_1)(X_1)
0.5336278260053139	4	X_0 - ((X_1)(X_1))
0.6302737901003199	3	(X_1)(X_0)
1.0	1	X_0
Performing migration between Islands
Evolution time 0:02:41.381374	 age 74000	 fitness 7.618e-01
Saving checkpoint: ML_project_k35_1_74000.pkl
Saved successfully
Generation: 74000 	 Elapsed time: 2:39:15.978471 	 Best training fitness: 7.617976e-01 	 
Hall of Fame:
8.139754687270162e-16	8	(2987.371106)((X_0)(X_0) + (X_1)(X_1))
8.210518134234221e-16	7	(X_0)(X_0) + ((X_0)(X_0))/((X_0)(X_0)) + (X_1)(X_1)
8.238285244908339e-16	5	(X_0)(X_0) + (X_1)(X_1)
0.5336278260053139	4	X_0 - ((X_1)(X_1))
0.6302737901003199	3	(X_1)(X_0)
1.0	1	X_0
Performing migration between Islands
Evolution time 0:02:25.349454	 age 75000	 fitness 7.339e-01
Saving checkpoint: ML_project_k35_1_75000.pkl
Saved successfully
Generation: 75000 	 Elapsed time: 2:41:41.417368 	 Best training fitness: 7.338942e-01 	 
Hall of Fame:
8.139754687270162e-16	8	(2987.371106)((X_0)(X_0) + (X_1)(X_1))
8.210518134234221e-16	7	(X_0)(X_0) + ((X_0)(X_0))/((X_0)(X_0)) + (X_1)(X_1)
8.238285244908339e-16	5	(X_0)(X_0) + (X_1)(X_1)
0.5336278260053139	4	X_0 - ((X_1)(X_1))
0.6302737901003199	3	(X_1)(X_0)
1.0	1	X_0
Performing migration between Islands
Evolution time 0:01:43.844356	 age 76000	 fitness 8.481e-01
Saving checkpoint: ML_project_k35_1_76000.pkl
Saved successfully
Generation: 76000 	 Elapsed time: 2:43:25.351465 	 Best training fitness: 8.480618e-01 	 
Hall of Fame:
8.139754687270162e-16	8	(2987.371106)((X_0)(X_0) + (X_1)(X_1))
8.210518134234221e-16	7	(X_0)(X_0) + ((X_0)(X_0))/((X_0)(X_0)) + (X_1)(X_1)
8.238285244908339e-16	5	(X_0)(X_0) + (X_1)(X_1)
0.5336278260053139	4	X_0 - ((X_1)(X_1))
0.6302737901003199	3	(X_1)(X_0)
1.0	1	X_0
Performing migration between Islands
Evolution time 0:02:15.666318	 age 77000	 fitness 8.365e-01
Saving checkpoint: ML_project_k35_1_77000.pkl
Saved successfully
Generation: 77000 	 Elapsed time: 2:45:41.109758 	 Best training fitness: 8.365439e-01 	 
Hall of Fame:
8.139754687270162e-16	8	(2987.371106)((X_0)(X_0) + (X_1)(X_1))
8.210518134234221e-16	7	(X_0)(X_0) + ((X_0)(X_0))/((X_0)(X_0)) + (X_1)(X_1)
8.238285244908339e-16	5	(X_0)(X_0) + (X_1)(X_1)
0.5336278260053139	4	X_0 - ((X_1)(X_1))
0.6302737901003199	3	(X_1)(X_0)
1.0	1	X_0
Performing migration between Islands
Evolution time 0:02:06.121153	 age 78000	 fitness 4.809e-01
Saving checkpoint: ML_project_k35_1_78000.pkl
Saved successfully
Generation: 78000 	 Elapsed time: 2:47:47.341732 	 Best training fitness: 4.808881e-01 	 
Hall of Fame:
8.139754687270162e-16	8	(2987.371106)((X_0)(X_0) + (X_1)(X_1))
8.210518134234221e-16	7	(X_0)(X_0) + ((X_0)(X_0))/((X_0)(X_0)) + (X_1)(X_1)
8.238285244908339e-16	5	(X_0)(X_0) + (X_1)(X_1)
0.5336278260053139	4	X_0 - ((X_1)(X_1))
0.6302737901003199	3	(X_1)(X_0)
1.0	1	X_0
Performing migration between Islands
Evolution time 0:02:08.990076	 age 79000	 fitness 8.045e-01
Saving checkpoint: ML_project_k35_1_79000.pkl
Saved successfully
Generation: 79000 	 Elapsed time: 2:49:56.420772 	 Best training fitness: 8.044787e-01 	 
Hall of Fame:
8.139754687270162e-16	8	(2987.371106)((X_0)(X_0) + (X_1)(X_1))
8.210518134234221e-16	7	(X_0)(X_0) + ((X_0)(X_0))/((X_0)(X_0)) + (X_1)(X_1)
8.238285244908339e-16	5	(X_0)(X_0) + (X_1)(X_1)
0.5336278260053139	4	X_0 - ((X_1)(X_1))
0.6302737901003199	3	(X_1)(X_0)
1.0	1	X_0
Performing migration between Islands
Evolution time 0:02:05.887122	 age 80000	 fitness 4.364e-01
Saving checkpoint: ML_project_k35_1_80000.pkl
Saved successfully
Generation: 80000 	 Elapsed time: 2:52:02.397719 	 Best training fitness: 4.363564e-01 	 
Hall of Fame:
8.139754687270162e-16	8	(2987.371106)((X_0)(X_0) + (X_1)(X_1))
8.210518134234221e-16	7	(X_0)(X_0) + ((X_0)(X_0))/((X_0)(X_0)) + (X_1)(X_1)
8.238285244908339e-16	5	(X_0)(X_0) + (X_1)(X_1)
0.5336278260053139	4	X_0 - ((X_1)(X_1))
0.6302737901003199	3	(X_1)(X_0)
1.0	1	X_0
Performing migration between Islands
Evolution time 0:02:09.795651	 age 81000	 fitness 7.244e-01
Saving checkpoint: ML_project_k35_1_81000.pkl
Saved successfully
Generation: 81000 	 Elapsed time: 2:54:12.282656 	 Best training fitness: 7.243757e-01 	 
Hall of Fame:
8.139754687270162e-16	8	(2987.371106)((X_0)(X_0) + (X_1)(X_1))
8.210518134234221e-16	7	(X_0)(X_0) + ((X_0)(X_0))/((X_0)(X_0)) + (X_1)(X_1)
8.238285244908339e-16	5	(X_0)(X_0) + (X_1)(X_1)
0.5336278260053139	4	X_0 - ((X_1)(X_1))
0.6302737901003199	3	(X_1)(X_0)
1.0	1	X_0
Performing migration between Islands
Evolution time 0:01:52.441107	 age 82000	 fitness 7.279e-01
Saving checkpoint: ML_project_k35_1_82000.pkl
Saved successfully
Generation: 82000 	 Elapsed time: 2:56:04.815146 	 Best training fitness: 7.278530e-01 	 
Hall of Fame:
8.139754687270162e-16	8	(2987.371106)((X_0)(X_0) + (X_1)(X_1))
8.210518134234221e-16	7	(X_0)(X_0) + ((X_0)(X_0))/((X_0)(X_0)) + (X_1)(X_1)
8.238285244908339e-16	5	(X_0)(X_0) + (X_1)(X_1)
0.5336278260053139	4	X_0 - ((X_1)(X_1))
0.6302737901003199	3	(X_1)(X_0)
1.0	1	X_0
Performing migration between Islands
Evolution time 0:02:01.455964	 age 83000	 fitness 6.419e-01
Saving checkpoint: ML_project_k35_1_83000.pkl
Saved successfully
Generation: 83000 	 Elapsed time: 2:58:06.360122 	 Best training fitness: 6.418838e-01 	 
Hall of Fame:
8.139754687270162e-16	8	(2987.371106)((X_0)(X_0) + (X_1)(X_1))
8.210518134234221e-16	7	(X_0)(X_0) + ((X_0)(X_0))/((X_0)(X_0)) + (X_1)(X_1)
8.238285244908339e-16	5	(X_0)(X_0) + (X_1)(X_1)
0.5336278260053139	4	X_0 - ((X_1)(X_1))
0.6302737901003199	3	(X_1)(X_0)
1.0	1	X_0
Performing migration between Islands
Evolution time 0:01:55.494086	 age 84000	 fitness 9.149e-01
Saving checkpoint: ML_project_k35_1_84000.pkl
Saved successfully
Generation: 84000 	 Elapsed time: 3:00:01.945795 	 Best training fitness: 9.149302e-01 	 
Hall of Fame:
8.139754687270162e-16	8	(2987.371106)((X_0)(X_0) + (X_1)(X_1))
8.210518134234221e-16	7	(X_0)(X_0) + ((X_0)(X_0))/((X_0)(X_0)) + (X_1)(X_1)
8.238285244908339e-16	5	(X_0)(X_0) + (X_1)(X_1)
0.5336278260053139	4	X_0 - ((X_1)(X_1))
0.6302737901003199	3	(X_1)(X_0)
1.0	1	X_0
Performing migration between Islands
Evolution time 0:01:49.792538	 age 85000	 fitness 9.438e-01
Saving checkpoint: ML_project_k35_1_85000.pkl
Saved successfully
Generation: 85000 	 Elapsed time: 3:01:51.839809 	 Best training fitness: 9.438214e-01 	 
Hall of Fame:
8.139754687270162e-16	8	(2987.371106)((X_0)(X_0) + (X_1)(X_1))
8.210518134234221e-16	7	(X_0)(X_0) + ((X_0)(X_0))/((X_0)(X_0)) + (X_1)(X_1)
8.238285244908339e-16	5	(X_0)(X_0) + (X_1)(X_1)
0.5336278260053139	4	X_0 - ((X_1)(X_1))
0.6302737901003199	3	(X_1)(X_0)
1.0	1	X_0
Performing migration between Islands
Evolution time 0:01:35.529868	 age 86000	 fitness 7.825e-01
Saving checkpoint: ML_project_k35_1_86000.pkl
Saved successfully
Generation: 86000 	 Elapsed time: 3:03:27.459078 	 Best training fitness: 7.824874e-01 	 
Hall of Fame:
8.139754687270162e-16	8	(2987.371106)((X_0)(X_0) + (X_1)(X_1))
8.210518134234221e-16	7	(X_0)(X_0) + ((X_0)(X_0))/((X_0)(X_0)) + (X_1)(X_1)
8.238285244908339e-16	5	(X_0)(X_0) + (X_1)(X_1)
0.5336278260053139	4	X_0 - ((X_1)(X_1))
0.6302737901003199	3	(X_1)(X_0)
1.0	1	X_0
Performing migration between Islands
Evolution time 0:02:18.851522	 age 87000	 fitness 6.620e-01
Saving checkpoint: ML_project_k35_1_87000.pkl
Saved successfully
Generation: 87000 	 Elapsed time: 3:05:46.400915 	 Best training fitness: 6.620085e-01 	 
Hall of Fame:
8.139754687270162e-16	8	(2987.371106)((X_0)(X_0) + (X_1)(X_1))
8.210518134234221e-16	7	(X_0)(X_0) + ((X_0)(X_0))/((X_0)(X_0)) + (X_1)(X_1)
8.238285244908339e-16	5	(X_0)(X_0) + (X_1)(X_1)
0.5336278260053139	4	X_0 - ((X_1)(X_1))
0.6302737901003199	3	(X_1)(X_0)
1.0	1	X_0
Performing migration between Islands
Evolution time 0:01:45.916652	 age 88000	 fitness 7.051e-01
Saving checkpoint: ML_project_k35_1_88000.pkl
Saved successfully
Generation: 88000 	 Elapsed time: 3:07:32.406334 	 Best training fitness: 7.050869e-01 	 
Hall of Fame:
8.139754687270162e-16	8	(2987.371106)((X_0)(X_0) + (X_1)(X_1))
8.210518134234221e-16	7	(X_0)(X_0) + ((X_0)(X_0))/((X_0)(X_0)) + (X_1)(X_1)
8.238285244908339e-16	5	(X_0)(X_0) + (X_1)(X_1)
0.5336278260053139	4	X_0 - ((X_1)(X_1))
0.6302737901003199	3	(X_1)(X_0)
1.0	1	X_0
Performing migration between Islands
Evolution time 0:02:39.971218	 age 89000	 fitness 7.782e-01
Saving checkpoint: ML_project_k35_1_89000.pkl
Saved successfully
Generation: 89000 	 Elapsed time: 3:10:12.467560 	 Best training fitness: 7.781942e-01 	 
Hall of Fame:
8.139754687270162e-16	8	(2987.371106)((X_0)(X_0) + (X_1)(X_1))
8.210518134234221e-16	7	(X_0)(X_0) + ((X_0)(X_0))/((X_0)(X_0)) + (X_1)(X_1)
8.238285244908339e-16	5	(X_0)(X_0) + (X_1)(X_1)
0.5336278260053139	4	X_0 - ((X_1)(X_1))
0.6302737901003199	3	(X_1)(X_0)
1.0	1	X_0
Performing migration between Islands
Evolution time 0:02:16.626454	 age 90000	 fitness 6.953e-01
Saving checkpoint: ML_project_k35_1_90000.pkl
Saved successfully
Generation: 90000 	 Elapsed time: 3:12:29.183299 	 Best training fitness: 6.952537e-01 	 
Hall of Fame:
8.139754687270162e-16	8	(2987.371106)((X_0)(X_0) + (X_1)(X_1))
8.210518134234221e-16	7	(X_0)(X_0) + ((X_0)(X_0))/((X_0)(X_0)) + (X_1)(X_1)
8.238285244908339e-16	5	(X_0)(X_0) + (X_1)(X_1)
0.5336278260053139	4	X_0 - ((X_1)(X_1))
0.6302737901003199	3	(X_1)(X_0)
1.0	1	X_0
Performing migration between Islands
Evolution time 0:02:49.954369	 age 91000	 fitness 6.500e-01
Saving checkpoint: ML_project_k35_1_91000.pkl
Saved successfully
Generation: 91000 	 Elapsed time: 3:15:19.226342 	 Best training fitness: 6.499855e-01 	 
Hall of Fame:
8.139754687270162e-16	8	(2987.371106)((X_0)(X_0) + (X_1)(X_1))
8.210518134234221e-16	7	(X_0)(X_0) + ((X_0)(X_0))/((X_0)(X_0)) + (X_1)(X_1)
8.238285244908339e-16	5	(X_0)(X_0) + (X_1)(X_1)
0.5336278260053139	4	X_0 - ((X_1)(X_1))
0.6302737901003199	3	(X_1)(X_0)
1.0	1	X_0
Performing migration between Islands
Evolution time 0:01:52.568174	 age 92000	 fitness 6.837e-01
Saving checkpoint: ML_project_k35_1_92000.pkl
Saved successfully
Generation: 92000 	 Elapsed time: 3:17:11.886178 	 Best training fitness: 6.836842e-01 	 
Hall of Fame:
8.139754687270162e-16	8	(2987.371106)((X_0)(X_0) + (X_1)(X_1))
8.210518134234221e-16	7	(X_0)(X_0) + ((X_0)(X_0))/((X_0)(X_0)) + (X_1)(X_1)
8.238285244908339e-16	5	(X_0)(X_0) + (X_1)(X_1)
0.5336278260053139	4	X_0 - ((X_1)(X_1))
0.6302737901003199	3	(X_1)(X_0)
1.0	1	X_0
Performing migration between Islands
Evolution time 0:02:20.683539	 age 93000	 fitness 8.459e-16
Saving checkpoint: ML_project_k35_1_93000.pkl
Saved successfully
Generation: 93000 	 Elapsed time: 3:19:32.660708 	 Best training fitness: 8.459102e-16 	 
Hall of Fame:
8.139754687270162e-16	8	(2987.371106)((X_0)(X_0) + (X_1)(X_1))
8.210518134234221e-16	7	(X_0)(X_0) + ((X_0)(X_0))/((X_0)(X_0)) + (X_1)(X_1)
8.238285244908339e-16	5	(X_0)(X_0) + (X_1)(X_1)
0.5336278260053139	4	X_0 - ((X_1)(X_1))
0.6302737901003199	3	(X_1)(X_0)
1.0	1	X_0
Performing migration between Islands
Evolution time 0:01:43.767431	 age 94000	 fitness 8.148e-16
Saving checkpoint: ML_project_k35_1_94000.pkl
Saved successfully
Generation: 94000 	 Elapsed time: 3:21:16.517160 	 Best training fitness: 8.148103e-16 	 
Hall of Fame:
8.139754687270162e-16	8	(2987.371106)((X_0)(X_0) + (X_1)(X_1))
8.210518134234221e-16	7	(X_0)(X_0) + ((X_0)(X_0))/((X_0)(X_0)) + (X_1)(X_1)
8.238285244908339e-16	5	(X_0)(X_0) + (X_1)(X_1)
0.5336278260053139	4	X_0 - ((X_1)(X_1))
0.6302737901003199	3	(X_1)(X_0)
1.0	1	X_0
Performing migration between Islands
Evolution time 0:01:58.584942	 age 95000	 fitness 5.733e-01
Saving checkpoint: ML_project_k35_1_95000.pkl
Saved successfully
Generation: 95000 	 Elapsed time: 3:23:15.190353 	 Best training fitness: 5.732939e-01 	 
Hall of Fame:
8.139754687270162e-16	8	(2987.371106)((X_0)(X_0) + (X_1)(X_1))
8.210518134234221e-16	7	(X_0)(X_0) + ((X_0)(X_0))/((X_0)(X_0)) + (X_1)(X_1)
8.238285244908339e-16	5	(X_0)(X_0) + (X_1)(X_1)
0.5336278260053139	4	X_0 - ((X_1)(X_1))
0.6302737901003199	3	(X_1)(X_0)
1.0	1	X_0
Performing migration between Islands
Evolution time 0:01:57.077404	 age 96000	 fitness 8.018e-16
Saving checkpoint: ML_project_k35_1_96000.pkl
Saved successfully
Generation: 96000 	 Elapsed time: 3:25:12.357919 	 Best training fitness: 8.017512e-16 	 
Hall of Fame:
8.017511807002845e-16	8	X_0 - ((X_0)(X_0) + (X_1)(X_1) + X_0)
8.210518134234221e-16	7	(X_0)(X_0) + ((X_0)(X_0))/((X_0)(X_0)) + (X_1)(X_1)
8.238285244908339e-16	5	(X_0)(X_0) + (X_1)(X_1)
0.5336278260053139	4	X_0 - ((X_1)(X_1))
0.6302737901003199	3	(X_1)(X_0)
1.0	1	X_0
Performing migration between Islands
Evolution time 0:01:58.176178	 age 97000	 fitness 5.251e-01
Saving checkpoint: ML_project_k35_1_97000.pkl
Saved successfully
Generation: 97000 	 Elapsed time: 3:27:10.634876 	 Best training fitness: 5.251449e-01 	 
Hall of Fame:
8.017511807002845e-16	8	X_0 - ((X_0)(X_0) + (X_1)(X_1) + X_0)
8.210518134234221e-16	7	(X_0)(X_0) + ((X_0)(X_0))/((X_0)(X_0)) + (X_1)(X_1)
8.238285244908339e-16	5	(X_0)(X_0) + (X_1)(X_1)
0.5336278260053139	4	X_0 - ((X_1)(X_1))
0.6302737901003199	3	(X_1)(X_0)
1.0	1	X_0
Performing migration between Islands
Evolution time 0:02:30.599371	 age 98000	 fitness 6.550e-01
Saving checkpoint: ML_project_k35_1_98000.pkl
Saved successfully
Generation: 98000 	 Elapsed time: 3:29:41.323384 	 Best training fitness: 6.549534e-01 	 
Hall of Fame:
8.017511807002845e-16	8	X_0 - ((X_0)(X_0) + (X_1)(X_1) + X_0)
8.210518134234221e-16	7	(X_0)(X_0) + ((X_0)(X_0))/((X_0)(X_0)) + (X_1)(X_1)
8.238285244908339e-16	5	(X_0)(X_0) + (X_1)(X_1)
0.5336278260053139	4	X_0 - ((X_1)(X_1))
0.6302737901003199	3	(X_1)(X_0)
1.0	1	X_0
Performing migration between Islands
Evolution time 0:02:09.745611	 age 99000	 fitness 8.115e-16
Saving checkpoint: ML_project_k35_1_99000.pkl
Saved successfully
Generation: 99000 	 Elapsed time: 3:31:51.169219 	 Best training fitness: 8.115384e-16 	 
Hall of Fame:
8.017511807002845e-16	8	X_0 - ((X_0)(X_0) + (X_1)(X_1) + X_0)
8.115384246088857e-16	7	((X_1)(X_1) + (X_0)(X_0))((X_1)(X_1) + (X_0)(X_0)) + (X_1)(X_1) + (X_0)(X_0)
8.238285244908339e-16	5	(X_0)(X_0) + (X_1)(X_1)
0.5336278260053139	4	X_0 - ((X_1)(X_1))
0.6302737901003199	3	(X_1)(X_0)
1.0	1	X_0
Performing migration between Islands
Evolution time 0:02:25.689532	 age 100000	 fitness 7.882e-01
Saving checkpoint: ML_project_k35_1_100000.pkl
Saved successfully
Generation: 100000 	 Elapsed time: 3:34:16.948812 	 Best training fitness: 7.882495e-01 	 
Hall of Fame:
8.017511807002845e-16	8	X_0 - ((X_0)(X_0) + (X_1)(X_1) + X_0)
8.115384246088857e-16	7	((X_1)(X_1) + (X_0)(X_0))((X_1)(X_1) + (X_0)(X_0)) + (X_1)(X_1) + (X_0)(X_0)
8.238285244908339e-16	5	(X_0)(X_0) + (X_1)(X_1)
0.5336278260053139	4	X_0 - ((X_1)(X_1))
0.6302737901003199	3	(X_1)(X_0)
1.0	1	X_0
Evolution unsuccessful.
  The maximum number of generational steps (100000) occurred
Hall of Fame:
8.017511807002845e-16	8	X_0 - ((X_0)(X_0) + (X_1)(X_1) + X_0)
8.115384246088857e-16	7	((X_1)(X_1) + (X_0)(X_0))((X_1)(X_1) + (X_0)(X_0)) + (X_1)(X_1) + (X_0)(X_0)
8.238285244908339e-16	5	(X_0)(X_0) + (X_1)(X_1)
0.5336278260053139	4	X_0 - ((X_1)(X_1))
0.6302737901003199	3	(X_1)(X_0)
1.0	1	X_0
:::TRIAL RESULT:::
OptimizeResult(success=False, status=2, message='The maximum number of generational steps (100000) occurred', ngen=100000, fitness=0.7882494575457035, time=12856.949421, ea_diagnostics=EaDiagnosticsSummary(beneficial_crossover_rate=0.025702076440754024, detrimental_crossover_rate=0.39661791249078726, beneficial_mutation_rate=0.06947533281127644, detrimental_mutation_rate=0.6224275646045418, beneficial_crossover_mutation_rate=0.027464810711276176, detrimental_crossover_mutation_rate=0.47186417402702785))


