Level 25:bingo.evolutionary_optimizers.evolutionary_optimizer:#generational_age, elapsed_time, fitness_evaluation_count, current_training_fitness, hall_of_fame_fitnesses
Level 25:bingo.evolutionary_optimizers.evolutionary_optimizer:#generational_age, elapsed_time, fitness_evaluation_count, current_training_fitness, hall_of_fame_fitnesses
Level 25:bingo.evolutionary_optimizers.parallel_archipelago:Saving checkpoint: src/bingo_bias_vias_decomposition/checkpoints_st_40/implicit_st_40_p7_p3_8_0.pkl
INFO:bingo.evolutionary_optimizers.parallel_archipelago:Saved successfully
Level 25:bingo.evolutionary_optimizers.evolutionary_optimizer:Generation: 0 	 Elapsed time: 0:00:05.279435 	 Best training fitness: 1.685226e-01 	 
Level 25:bingo.evolutionary_optimizers.evolutionary_optimizer:0, 5.279435e+00, 16064, 1.685226e-01
INFO:bingo.evolutionary_optimizers.parallel_archipelago:Performing migration between Islands
INFO:bingo.evolutionary_optimizers.parallel_archipelago:Evolution time 0:00:28.878226	 age 10	 fitness 1.684e-01
Level 25:bingo.evolutionary_optimizers.parallel_archipelago:Saving checkpoint: src/bingo_bias_vias_decomposition/checkpoints_st_40/implicit_st_40_p7_p3_8_10.pkl
INFO:bingo.evolutionary_optimizers.parallel_archipelago:Saved successfully
Level 25:bingo.evolutionary_optimizers.evolutionary_optimizer:Generation: 10 	 Elapsed time: 0:00:34.435187 	 Best training fitness: 1.683976e-01 	 
Level 25:bingo.evolutionary_optimizers.evolutionary_optimizer:10, 3.443519e+01, 114339, 1.683976e-01, 1.683976e-01, 1.684794e-01
INFO:bingo.evolutionary_optimizers.parallel_archipelago:Performing migration between Islands
INFO:bingo.evolutionary_optimizers.parallel_archipelago:Evolution time 0:00:16.763110	 age 20	 fitness 1.683e-01
Level 25:bingo.evolutionary_optimizers.parallel_archipelago:Saving checkpoint: src/bingo_bias_vias_decomposition/checkpoints_st_40/implicit_st_40_p7_p3_8_20.pkl
INFO:bingo.evolutionary_optimizers.parallel_archipelago:Saved successfully
Level 25:bingo.evolutionary_optimizers.evolutionary_optimizer:Generation: 20 	 Elapsed time: 0:00:51.514499 	 Best training fitness: 1.683210e-01 	 
Level 25:bingo.evolutionary_optimizers.evolutionary_optimizer:20, 5.151450e+01, 175465, 1.683210e-01, 1.683210e-01, 1.683686e-01, 1.684794e-01
INFO:bingo.evolutionary_optimizers.parallel_archipelago:Performing migration between Islands
INFO:bingo.evolutionary_optimizers.parallel_archipelago:Evolution time 0:00:37.302891	 age 30	 fitness 1.673e-01
Level 25:bingo.evolutionary_optimizers.parallel_archipelago:Saving checkpoint: src/bingo_bias_vias_decomposition/checkpoints_st_40/implicit_st_40_p7_p3_8_30.pkl
INFO:bingo.evolutionary_optimizers.parallel_archipelago:Saved successfully
Level 25:bingo.evolutionary_optimizers.evolutionary_optimizer:Generation: 30 	 Elapsed time: 0:01:29.109877 	 Best training fitness: 1.673390e-01 	 
Level 25:bingo.evolutionary_optimizers.evolutionary_optimizer:30, 8.910988e+01, 256832, 1.673390e-01, 1.673390e-01, 1.677354e-01, 1.682900e-01, 1.683491e-01, 1.684794e-01
INFO:bingo.evolutionary_optimizers.parallel_archipelago:Performing migration between Islands
INFO:bingo.evolutionary_optimizers.parallel_archipelago:Evolution time 0:00:17.670402	 age 40	 fitness 1.666e-01
Level 25:bingo.evolutionary_optimizers.parallel_archipelago:Saving checkpoint: src/bingo_bias_vias_decomposition/checkpoints_st_40/implicit_st_40_p7_p3_8_40.pkl
INFO:bingo.evolutionary_optimizers.parallel_archipelago:Saved successfully
Level 25:bingo.evolutionary_optimizers.evolutionary_optimizer:Generation: 40 	 Elapsed time: 0:01:47.078669 	 Best training fitness: 1.665951e-01 	 
Level 25:bingo.evolutionary_optimizers.evolutionary_optimizer:40, 1.070787e+02, 315320, 1.665951e-01, 1.665951e-01, 1.672380e-01, 1.682899e-01, 1.683302e-01, 1.683491e-01, 1.684794e-01
INFO:bingo.evolutionary_optimizers.parallel_archipelago:Performing migration between Islands
INFO:bingo.evolutionary_optimizers.parallel_archipelago:Evolution time 0:00:29.162570	 age 50	 fitness 1.661e-01
Level 25:bingo.evolutionary_optimizers.parallel_archipelago:Saving checkpoint: src/bingo_bias_vias_decomposition/checkpoints_st_40/implicit_st_40_p7_p3_8_50.pkl
INFO:bingo.evolutionary_optimizers.parallel_archipelago:Saved successfully
Level 25:bingo.evolutionary_optimizers.evolutionary_optimizer:Generation: 50 	 Elapsed time: 0:02:16.549689 	 Best training fitness: 1.661461e-01 	 
Level 25:bingo.evolutionary_optimizers.evolutionary_optimizer:50, 1.365497e+02, 392260, 1.661461e-01, 1.661461e-01, 1.672380e-01, 1.682899e-01, 1.683302e-01, 1.683491e-01, 1.684777e-01
INFO:bingo.evolutionary_optimizers.parallel_archipelago:Performing migration between Islands
INFO:bingo.evolutionary_optimizers.parallel_archipelago:Evolution time 0:00:29.606641	 age 60	 fitness 1.394e-01
Level 25:bingo.evolutionary_optimizers.parallel_archipelago:Saving checkpoint: src/bingo_bias_vias_decomposition/checkpoints_st_40/implicit_st_40_p7_p3_8_60.pkl
INFO:bingo.evolutionary_optimizers.parallel_archipelago:Saved successfully
Level 25:bingo.evolutionary_optimizers.evolutionary_optimizer:Generation: 60 	 Elapsed time: 0:02:46.467716 	 Best training fitness: 1.394363e-01 	 
Level 25:bingo.evolutionary_optimizers.evolutionary_optimizer:60, 1.664677e+02, 470073, 1.394363e-01, 1.394363e-01, 1.672380e-01, 1.682709e-01, 1.683302e-01, 1.683491e-01, 1.683543e-01
INFO:bingo.evolutionary_optimizers.parallel_archipelago:Performing migration between Islands
INFO:bingo.evolutionary_optimizers.parallel_archipelago:Evolution time 0:00:35.729603	 age 70	 fitness 1.153e-01
Level 25:bingo.evolutionary_optimizers.parallel_archipelago:Saving checkpoint: src/bingo_bias_vias_decomposition/checkpoints_st_40/implicit_st_40_p7_p3_8_70.pkl
INFO:bingo.evolutionary_optimizers.parallel_archipelago:Saved successfully
Level 25:bingo.evolutionary_optimizers.evolutionary_optimizer:Generation: 70 	 Elapsed time: 0:03:22.519461 	 Best training fitness: 1.153344e-01 	 
Level 25:bingo.evolutionary_optimizers.evolutionary_optimizer:70, 2.025195e+02, 556735, 1.153344e-01, 1.153344e-01, 1.353253e-01, 1.355612e-01, 1.357510e-01, 1.672380e-01, 1.682661e-01
INFO:bingo.evolutionary_optimizers.parallel_archipelago:Performing migration between Islands
INFO:bingo.evolutionary_optimizers.parallel_archipelago:Evolution time 0:00:28.818115	 age 80	 fitness 9.834e-02
Level 25:bingo.evolutionary_optimizers.parallel_archipelago:Saving checkpoint: src/bingo_bias_vias_decomposition/checkpoints_st_40/implicit_st_40_p7_p3_8_80.pkl
INFO:bingo.evolutionary_optimizers.parallel_archipelago:Saved successfully
Level 25:bingo.evolutionary_optimizers.evolutionary_optimizer:Generation: 80 	 Elapsed time: 0:03:51.653346 	 Best training fitness: 9.833802e-02 	 
Level 25:bingo.evolutionary_optimizers.evolutionary_optimizer:80, 2.316533e+02, 636882, 9.833802e-02, 9.833802e-02, 1.672380e-01, 1.682661e-01
INFO:bingo.evolutionary_optimizers.parallel_archipelago:Performing migration between Islands
INFO:bingo.evolutionary_optimizers.parallel_archipelago:Evolution time 0:00:27.005428	 age 90	 fitness 9.825e-02
Level 25:bingo.evolutionary_optimizers.parallel_archipelago:Saving checkpoint: src/bingo_bias_vias_decomposition/checkpoints_st_40/implicit_st_40_p7_p3_8_90.pkl
INFO:bingo.evolutionary_optimizers.parallel_archipelago:Saved successfully
Level 25:bingo.evolutionary_optimizers.evolutionary_optimizer:Generation: 90 	 Elapsed time: 0:04:19.011112 	 Best training fitness: 9.825280e-02 	 
Level 25:bingo.evolutionary_optimizers.evolutionary_optimizer:90, 2.590111e+02, 711307, 9.825280e-02, 9.825280e-02, 1.369188e-01, 1.682661e-01
INFO:bingo.evolutionary_optimizers.parallel_archipelago:Performing migration between Islands
INFO:bingo.evolutionary_optimizers.parallel_archipelago:Evolution time 0:00:27.757630	 age 100	 fitness 9.820e-02
Level 25:bingo.evolutionary_optimizers.parallel_archipelago:Saving checkpoint: src/bingo_bias_vias_decomposition/checkpoints_st_40/implicit_st_40_p7_p3_8_100.pkl
INFO:bingo.evolutionary_optimizers.parallel_archipelago:Saved successfully
Level 25:bingo.evolutionary_optimizers.evolutionary_optimizer:Generation: 100 	 Elapsed time: 0:04:47.082353 	 Best training fitness: 9.820469e-02 	 
Level 25:bingo.evolutionary_optimizers.evolutionary_optimizer:100, 2.870824e+02, 784705, 9.820469e-02, 9.820469e-02, 1.369188e-01, 1.682661e-01
INFO:bingo.evolutionary_optimizers.parallel_archipelago:Performing migration between Islands
INFO:bingo.evolutionary_optimizers.parallel_archipelago:Evolution time 0:00:36.234250	 age 110	 fitness 9.816e-02
Level 25:bingo.evolutionary_optimizers.parallel_archipelago:Saving checkpoint: src/bingo_bias_vias_decomposition/checkpoints_st_40/implicit_st_40_p7_p3_8_110.pkl
INFO:bingo.evolutionary_optimizers.parallel_archipelago:Saved successfully
Level 25:bingo.evolutionary_optimizers.evolutionary_optimizer:Generation: 110 	 Elapsed time: 0:05:23.631501 	 Best training fitness: 9.816360e-02 	 
Level 25:bingo.evolutionary_optimizers.evolutionary_optimizer:110, 3.236315e+02, 863168, 9.816360e-02, 9.816360e-02, 1.369188e-01, 1.682661e-01
INFO:bingo.evolutionary_optimizers.parallel_archipelago:Performing migration between Islands
INFO:bingo.evolutionary_optimizers.parallel_archipelago:Evolution time 0:00:32.410024	 age 120	 fitness 9.815e-02
Level 25:bingo.evolutionary_optimizers.parallel_archipelago:Saving checkpoint: src/bingo_bias_vias_decomposition/checkpoints_st_40/implicit_st_40_p7_p3_8_120.pkl
INFO:bingo.evolutionary_optimizers.parallel_archipelago:Saved successfully
Level 25:bingo.evolutionary_optimizers.evolutionary_optimizer:Generation: 120 	 Elapsed time: 0:05:56.390055 	 Best training fitness: 9.815360e-02 	 
Level 25:bingo.evolutionary_optimizers.evolutionary_optimizer:120, 3.563901e+02, 935500, 9.815360e-02, 9.815360e-02, 1.369188e-01, 1.682644e-01, 1.682661e-01
INFO:bingo.evolutionary_optimizers.parallel_archipelago:Performing migration between Islands
INFO:bingo.evolutionary_optimizers.parallel_archipelago:Evolution time 0:00:28.447673	 age 130	 fitness 8.416e-02
Level 25:bingo.evolutionary_optimizers.parallel_archipelago:Saving checkpoint: src/bingo_bias_vias_decomposition/checkpoints_st_40/implicit_st_40_p7_p3_8_130.pkl
INFO:bingo.evolutionary_optimizers.parallel_archipelago:Saved successfully
Level 25:bingo.evolutionary_optimizers.evolutionary_optimizer:Generation: 130 	 Elapsed time: 0:06:25.187068 	 Best training fitness: 8.415552e-02 	 
Level 25:bingo.evolutionary_optimizers.evolutionary_optimizer:130, 3.851871e+02, 1021643, 8.415552e-02, 8.415552e-02, 8.605621e-02, 9.815163e-02, 1.369188e-01, 1.682570e-01, 1.682661e-01
INFO:bingo.evolutionary_optimizers.parallel_archipelago:Performing migration between Islands
INFO:bingo.evolutionary_optimizers.parallel_archipelago:Evolution time 0:00:27.245818	 age 140	 fitness 8.416e-02
Level 25:bingo.evolutionary_optimizers.parallel_archipelago:Saving checkpoint: src/bingo_bias_vias_decomposition/checkpoints_st_40/implicit_st_40_p7_p3_8_140.pkl
INFO:bingo.evolutionary_optimizers.parallel_archipelago:Saved successfully
Level 25:bingo.evolutionary_optimizers.evolutionary_optimizer:Generation: 140 	 Elapsed time: 0:06:52.753052 	 Best training fitness: 8.415552e-02 	 
Level 25:bingo.evolutionary_optimizers.evolutionary_optimizer:140, 4.127531e+02, 1097108, 8.415552e-02, 8.415552e-02, 8.605621e-02, 9.010037e-02, 1.369188e-01, 1.682570e-01, 1.682661e-01
INFO:bingo.evolutionary_optimizers.parallel_archipelago:Performing migration between Islands
INFO:bingo.evolutionary_optimizers.parallel_archipelago:Evolution time 0:00:31.131702	 age 150	 fitness 8.413e-02
Level 25:bingo.evolutionary_optimizers.parallel_archipelago:Saving checkpoint: src/bingo_bias_vias_decomposition/checkpoints_st_40/implicit_st_40_p7_p3_8_150.pkl
INFO:bingo.evolutionary_optimizers.parallel_archipelago:Saved successfully
Level 25:bingo.evolutionary_optimizers.evolutionary_optimizer:Generation: 150 	 Elapsed time: 0:07:24.196850 	 Best training fitness: 8.412953e-02 	 
Level 25:bingo.evolutionary_optimizers.evolutionary_optimizer:150, 4.441968e+02, 1177969, 8.412953e-02, 8.412953e-02, 8.601692e-02, 9.001215e-02, 1.369188e-01, 1.682570e-01, 1.682661e-01
INFO:bingo.evolutionary_optimizers.parallel_archipelago:Performing migration between Islands
INFO:bingo.evolutionary_optimizers.parallel_archipelago:Evolution time 0:00:47.017291	 age 160	 fitness 8.412e-02
Level 25:bingo.evolutionary_optimizers.parallel_archipelago:Saving checkpoint: src/bingo_bias_vias_decomposition/checkpoints_st_40/implicit_st_40_p7_p3_8_160.pkl
INFO:bingo.evolutionary_optimizers.parallel_archipelago:Saved successfully
Level 25:bingo.evolutionary_optimizers.evolutionary_optimizer:Generation: 160 	 Elapsed time: 0:08:11.554159 	 Best training fitness: 8.412351e-02 	 
Level 25:bingo.evolutionary_optimizers.evolutionary_optimizer:160, 4.915542e+02, 1268008, 8.412351e-02, 8.412351e-02, 8.601692e-02, 9.001037e-02, 1.369188e-01, 1.682570e-01, 1.682661e-01
INFO:bingo.evolutionary_optimizers.parallel_archipelago:Performing migration between Islands
INFO:bingo.evolutionary_optimizers.parallel_archipelago:Evolution time 0:00:35.023144	 age 170	 fitness 8.411e-02
Level 25:bingo.evolutionary_optimizers.parallel_archipelago:Saving checkpoint: src/bingo_bias_vias_decomposition/checkpoints_st_40/implicit_st_40_p7_p3_8_170.pkl
INFO:bingo.evolutionary_optimizers.parallel_archipelago:Saved successfully
Level 25:bingo.evolutionary_optimizers.evolutionary_optimizer:Generation: 170 	 Elapsed time: 0:08:46.889843 	 Best training fitness: 8.411474e-02 	 
Level 25:bingo.evolutionary_optimizers.evolutionary_optimizer:170, 5.268898e+02, 1361867, 8.411474e-02, 8.411474e-02, 8.601692e-02, 9.001037e-02, 1.369188e-01, 1.682570e-01, 1.682661e-01
INFO:bingo.evolutionary_optimizers.parallel_archipelago:Performing migration between Islands
INFO:bingo.evolutionary_optimizers.parallel_archipelago:Evolution time 0:00:47.321180	 age 180	 fitness 8.413e-02
Level 25:bingo.evolutionary_optimizers.parallel_archipelago:Saving checkpoint: src/bingo_bias_vias_decomposition/checkpoints_st_40/implicit_st_40_p7_p3_8_180.pkl
INFO:bingo.evolutionary_optimizers.parallel_archipelago:Saved successfully
Level 25:bingo.evolutionary_optimizers.evolutionary_optimizer:Generation: 180 	 Elapsed time: 0:09:34.516915 	 Best training fitness: 8.412628e-02 	 
Level 25:bingo.evolutionary_optimizers.evolutionary_optimizer:180, 5.745169e+02, 1452608, 8.412628e-02, 8.411474e-02, 8.601612e-02, 9.001037e-02, 1.369188e-01, 1.682570e-01, 1.682661e-01
INFO:bingo.evolutionary_optimizers.parallel_archipelago:Performing migration between Islands
INFO:bingo.evolutionary_optimizers.parallel_archipelago:Evolution time 0:00:28.018795	 age 190	 fitness 8.387e-02
Level 25:bingo.evolutionary_optimizers.parallel_archipelago:Saving checkpoint: src/bingo_bias_vias_decomposition/checkpoints_st_40/implicit_st_40_p7_p3_8_190.pkl
INFO:bingo.evolutionary_optimizers.parallel_archipelago:Saved successfully
Level 25:bingo.evolutionary_optimizers.evolutionary_optimizer:Generation: 190 	 Elapsed time: 0:10:02.846386 	 Best training fitness: 8.386988e-02 	 
Level 25:bingo.evolutionary_optimizers.evolutionary_optimizer:190, 6.028464e+02, 1532771, 8.386988e-02, 8.386988e-02, 8.411474e-02, 8.601612e-02, 9.001037e-02, 1.369188e-01, 1.682570e-01, 1.682661e-01
INFO:bingo.evolutionary_optimizers.parallel_archipelago:Performing migration between Islands
INFO:bingo.evolutionary_optimizers.parallel_archipelago:Evolution time 0:00:45.218745	 age 200	 fitness 8.381e-02
Level 25:bingo.evolutionary_optimizers.parallel_archipelago:Saving checkpoint: src/bingo_bias_vias_decomposition/checkpoints_st_40/implicit_st_40_p7_p3_8_200.pkl
INFO:bingo.evolutionary_optimizers.parallel_archipelago:Saved successfully
Level 25:bingo.evolutionary_optimizers.evolutionary_optimizer:Generation: 200 	 Elapsed time: 0:10:48.380706 	 Best training fitness: 8.381043e-02 	 
Level 25:bingo.evolutionary_optimizers.evolutionary_optimizer:200, 6.483807e+02, 1643087, 8.381043e-02, 8.381043e-02, 8.384876e-02, 8.411474e-02, 8.601612e-02, 8.737007e-02, 1.369188e-01, 1.682570e-01, 1.682661e-01
INFO:bingo.evolutionary_optimizers.parallel_archipelago:Performing migration between Islands
INFO:bingo.evolutionary_optimizers.parallel_archipelago:Evolution time 0:01:01.196171	 age 210	 fitness 8.382e-02
Level 25:bingo.evolutionary_optimizers.parallel_archipelago:Saving checkpoint: src/bingo_bias_vias_decomposition/checkpoints_st_40/implicit_st_40_p7_p3_8_210.pkl
INFO:bingo.evolutionary_optimizers.parallel_archipelago:Saved successfully
Level 25:bingo.evolutionary_optimizers.evolutionary_optimizer:Generation: 210 	 Elapsed time: 0:11:49.909470 	 Best training fitness: 8.382037e-02 	 
Level 25:bingo.evolutionary_optimizers.evolutionary_optimizer:210, 7.099095e+02, 1756584, 8.382037e-02, 8.381043e-02, 8.382831e-02, 8.411474e-02, 8.601612e-02, 8.735024e-02, 1.369188e-01, 1.682570e-01, 1.682661e-01
INFO:bingo.evolutionary_optimizers.parallel_archipelago:Performing migration between Islands
INFO:bingo.evolutionary_optimizers.parallel_archipelago:Evolution time 0:00:50.303461	 age 220	 fitness 8.381e-02
Level 25:bingo.evolutionary_optimizers.parallel_archipelago:Saving checkpoint: src/bingo_bias_vias_decomposition/checkpoints_st_40/implicit_st_40_p7_p3_8_220.pkl
INFO:bingo.evolutionary_optimizers.parallel_archipelago:Saved successfully
Level 25:bingo.evolutionary_optimizers.evolutionary_optimizer:Generation: 220 	 Elapsed time: 0:12:40.544277 	 Best training fitness: 8.381458e-02 	 
Level 25:bingo.evolutionary_optimizers.evolutionary_optimizer:220, 7.605443e+02, 1875394, 8.381458e-02, 8.381043e-02, 8.382450e-02, 8.411474e-02, 8.601612e-02, 8.730972e-02, 1.369188e-01, 1.682570e-01, 1.682661e-01
INFO:bingo.evolutionary_optimizers.parallel_archipelago:Performing migration between Islands
INFO:bingo.evolutionary_optimizers.parallel_archipelago:Evolution time 0:00:47.731579	 age 230	 fitness 8.381e-02
Level 25:bingo.evolutionary_optimizers.parallel_archipelago:Saving checkpoint: src/bingo_bias_vias_decomposition/checkpoints_st_40/implicit_st_40_p7_p3_8_230.pkl
INFO:bingo.evolutionary_optimizers.parallel_archipelago:Saved successfully
Level 25:bingo.evolutionary_optimizers.evolutionary_optimizer:Generation: 230 	 Elapsed time: 0:13:28.646913 	 Best training fitness: 8.380946e-02 	 
Level 25:bingo.evolutionary_optimizers.evolutionary_optimizer:230, 8.086469e+02, 1982873, 8.380946e-02, 8.380946e-02, 8.382450e-02, 8.406192e-02, 8.730564e-02, 1.369188e-01, 1.682570e-01, 1.682661e-01
INFO:bingo.evolutionary_optimizers.parallel_archipelago:Performing migration between Islands
INFO:bingo.evolutionary_optimizers.parallel_archipelago:Evolution time 0:01:07.880852	 age 240	 fitness 8.381e-02
Level 25:bingo.evolutionary_optimizers.parallel_archipelago:Saving checkpoint: src/bingo_bias_vias_decomposition/checkpoints_st_40/implicit_st_40_p7_p3_8_240.pkl
INFO:bingo.evolutionary_optimizers.parallel_archipelago:Saved successfully
Level 25:bingo.evolutionary_optimizers.evolutionary_optimizer:Generation: 240 	 Elapsed time: 0:14:36.864731 	 Best training fitness: 8.381190e-02 	 
Level 25:bingo.evolutionary_optimizers.evolutionary_optimizer:240, 8.768647e+02, 2100795, 8.381190e-02, 8.380946e-02, 8.381190e-02, 8.389357e-02, 8.730564e-02, 1.369188e-01, 1.682570e-01, 1.682661e-01
INFO:bingo.evolutionary_optimizers.parallel_archipelago:Performing migration between Islands
INFO:bingo.evolutionary_optimizers.parallel_archipelago:Evolution time 0:01:14.347829	 age 250	 fitness 8.381e-02
Level 25:bingo.evolutionary_optimizers.parallel_archipelago:Saving checkpoint: src/bingo_bias_vias_decomposition/checkpoints_st_40/implicit_st_40_p7_p3_8_250.pkl
INFO:bingo.evolutionary_optimizers.parallel_archipelago:Saved successfully
Level 25:bingo.evolutionary_optimizers.evolutionary_optimizer:Generation: 250 	 Elapsed time: 0:15:51.548830 	 Best training fitness: 8.381433e-02 	 
Level 25:bingo.evolutionary_optimizers.evolutionary_optimizer:250, 9.515488e+02, 2221613, 8.381433e-02, 8.380946e-02, 8.381190e-02, 8.387378e-02, 8.730308e-02, 1.369188e-01, 1.682570e-01, 1.682661e-01
INFO:bingo.evolutionary_optimizers.parallel_archipelago:Performing migration between Islands
INFO:bingo.evolutionary_optimizers.parallel_archipelago:Evolution time 0:00:52.477577	 age 260	 fitness 8.380e-02
Level 25:bingo.evolutionary_optimizers.parallel_archipelago:Saving checkpoint: src/bingo_bias_vias_decomposition/checkpoints_st_40/implicit_st_40_p7_p3_8_260.pkl
INFO:bingo.evolutionary_optimizers.parallel_archipelago:Saved successfully
Level 25:bingo.evolutionary_optimizers.evolutionary_optimizer:Generation: 260 	 Elapsed time: 0:16:44.362093 	 Best training fitness: 8.380470e-02 	 
Level 25:bingo.evolutionary_optimizers.evolutionary_optimizer:260, 1.004362e+03, 2344244, 8.380470e-02, 8.380470e-02, 8.381190e-02, 8.387378e-02, 8.730308e-02, 1.369188e-01, 1.682570e-01, 1.682661e-01
INFO:bingo.evolutionary_optimizers.parallel_archipelago:Performing migration between Islands
INFO:bingo.evolutionary_optimizers.parallel_archipelago:Evolution time 0:00:37.438839	 age 270	 fitness 8.380e-02
Level 25:bingo.evolutionary_optimizers.parallel_archipelago:Saving checkpoint: src/bingo_bias_vias_decomposition/checkpoints_st_40/implicit_st_40_p7_p3_8_270.pkl
INFO:bingo.evolutionary_optimizers.parallel_archipelago:Saved successfully
Level 25:bingo.evolutionary_optimizers.evolutionary_optimizer:Generation: 270 	 Elapsed time: 0:17:22.140161 	 Best training fitness: 8.379811e-02 	 
Level 25:bingo.evolutionary_optimizers.evolutionary_optimizer:270, 1.042140e+03, 2443158, 8.379811e-02, 8.379811e-02, 8.381190e-02, 8.387378e-02, 8.730308e-02, 1.369188e-01, 1.682570e-01, 1.682661e-01
INFO:bingo.evolutionary_optimizers.parallel_archipelago:Performing migration between Islands
INFO:bingo.evolutionary_optimizers.parallel_archipelago:Evolution time 0:00:54.721972	 age 280	 fitness 8.379e-02
Level 25:bingo.evolutionary_optimizers.parallel_archipelago:Saving checkpoint: src/bingo_bias_vias_decomposition/checkpoints_st_40/implicit_st_40_p7_p3_8_280.pkl
INFO:bingo.evolutionary_optimizers.parallel_archipelago:Saved successfully
Level 25:bingo.evolutionary_optimizers.evolutionary_optimizer:Generation: 280 	 Elapsed time: 0:18:17.192243 	 Best training fitness: 8.379257e-02 	 
Level 25:bingo.evolutionary_optimizers.evolutionary_optimizer:280, 1.097192e+03, 2555294, 8.379257e-02, 8.379257e-02, 8.381190e-02, 8.387378e-02, 8.730308e-02, 1.369188e-01, 1.682570e-01, 1.682661e-01
INFO:bingo.evolutionary_optimizers.parallel_archipelago:Performing migration between Islands
INFO:bingo.evolutionary_optimizers.parallel_archipelago:Evolution time 0:00:22.989865	 age 290	 fitness 8.380e-02
Level 25:bingo.evolutionary_optimizers.parallel_archipelago:Saving checkpoint: src/bingo_bias_vias_decomposition/checkpoints_st_40/implicit_st_40_p7_p3_8_290.pkl
INFO:bingo.evolutionary_optimizers.parallel_archipelago:Saved successfully
Level 25:bingo.evolutionary_optimizers.evolutionary_optimizer:Generation: 290 	 Elapsed time: 0:18:40.510769 	 Best training fitness: 8.379819e-02 	 
Level 25:bingo.evolutionary_optimizers.evolutionary_optimizer:290, 1.120511e+03, 2627344, 8.379819e-02, 8.379257e-02, 8.381190e-02, 8.387378e-02, 8.730308e-02, 1.369188e-01, 1.682570e-01, 1.682661e-01
INFO:bingo.evolutionary_optimizers.parallel_archipelago:Performing migration between Islands
INFO:bingo.evolutionary_optimizers.parallel_archipelago:Evolution time 0:00:34.009685	 age 300	 fitness 8.380e-02
Level 25:bingo.evolutionary_optimizers.parallel_archipelago:Saving checkpoint: src/bingo_bias_vias_decomposition/checkpoints_st_40/implicit_st_40_p7_p3_8_300.pkl
INFO:bingo.evolutionary_optimizers.parallel_archipelago:Saved successfully
Level 25:bingo.evolutionary_optimizers.evolutionary_optimizer:Generation: 300 	 Elapsed time: 0:19:14.876567 	 Best training fitness: 8.380164e-02 	 
Level 25:bingo.evolutionary_optimizers.evolutionary_optimizer:300, 1.154877e+03, 2717015, 8.380164e-02, 8.379257e-02, 8.381190e-02, 8.387378e-02, 8.730308e-02, 1.369188e-01, 1.682570e-01, 1.682661e-01
INFO:bingo.evolutionary_optimizers.parallel_archipelago:Performing migration between Islands
INFO:bingo.evolutionary_optimizers.parallel_archipelago:Evolution time 0:00:41.389830	 age 310	 fitness 8.380e-02
Level 25:bingo.evolutionary_optimizers.parallel_archipelago:Saving checkpoint: src/bingo_bias_vias_decomposition/checkpoints_st_40/implicit_st_40_p7_p3_8_310.pkl
INFO:bingo.evolutionary_optimizers.parallel_archipelago:Saved successfully
Level 25:bingo.evolutionary_optimizers.evolutionary_optimizer:Generation: 310 	 Elapsed time: 0:19:56.585795 	 Best training fitness: 8.379856e-02 	 
Level 25:bingo.evolutionary_optimizers.evolutionary_optimizer:310, 1.196586e+03, 2819273, 8.379856e-02, 8.379257e-02, 8.381190e-02, 8.387378e-02, 8.730308e-02, 1.369188e-01, 1.682570e-01, 1.682661e-01
INFO:bingo.evolutionary_optimizers.parallel_archipelago:Performing migration between Islands
INFO:bingo.evolutionary_optimizers.parallel_archipelago:Evolution time 0:00:58.397695	 age 320	 fitness 8.378e-02
Level 25:bingo.evolutionary_optimizers.parallel_archipelago:Saving checkpoint: src/bingo_bias_vias_decomposition/checkpoints_st_40/implicit_st_40_p7_p3_8_320.pkl
INFO:bingo.evolutionary_optimizers.parallel_archipelago:Saved successfully
Level 25:bingo.evolutionary_optimizers.evolutionary_optimizer:Generation: 320 	 Elapsed time: 0:20:55.288246 	 Best training fitness: 8.378398e-02 	 
Level 25:bingo.evolutionary_optimizers.evolutionary_optimizer:320, 1.255288e+03, 2936934, 8.378398e-02, 8.378398e-02, 8.381190e-02, 8.387378e-02, 8.515622e-02, 1.369188e-01, 1.682570e-01, 1.682661e-01
INFO:bingo.evolutionary_optimizers.parallel_archipelago:Performing migration between Islands
INFO:bingo.evolutionary_optimizers.parallel_archipelago:Evolution time 0:00:32.630009	 age 330	 fitness 8.381e-02
Level 25:bingo.evolutionary_optimizers.parallel_archipelago:Saving checkpoint: src/bingo_bias_vias_decomposition/checkpoints_st_40/implicit_st_40_p7_p3_8_330.pkl
INFO:bingo.evolutionary_optimizers.parallel_archipelago:Saved successfully
Level 25:bingo.evolutionary_optimizers.evolutionary_optimizer:Generation: 330 	 Elapsed time: 0:21:28.223745 	 Best training fitness: 8.380731e-02 	 
Level 25:bingo.evolutionary_optimizers.evolutionary_optimizer:330, 1.288224e+03, 3022714, 8.380731e-02, 8.378398e-02, 8.381190e-02, 8.387378e-02, 8.511540e-02, 1.369188e-01, 1.682570e-01, 1.682661e-01
INFO:bingo.evolutionary_optimizers.parallel_archipelago:Performing migration between Islands
INFO:bingo.evolutionary_optimizers.parallel_archipelago:Evolution time 0:00:32.848844	 age 340	 fitness 8.245e-02
Level 25:bingo.evolutionary_optimizers.parallel_archipelago:Saving checkpoint: src/bingo_bias_vias_decomposition/checkpoints_st_40/implicit_st_40_p7_p3_8_340.pkl
INFO:bingo.evolutionary_optimizers.parallel_archipelago:Saved successfully
Level 25:bingo.evolutionary_optimizers.evolutionary_optimizer:Generation: 340 	 Elapsed time: 0:22:01.373471 	 Best training fitness: 8.245087e-02 	 
Level 25:bingo.evolutionary_optimizers.evolutionary_optimizer:340, 1.321373e+03, 3133793, 8.245087e-02, 8.245087e-02, 8.387378e-02, 8.509175e-02, 1.369188e-01, 1.682570e-01, 1.682661e-01
INFO:bingo.evolutionary_optimizers.parallel_archipelago:Performing migration between Islands
INFO:bingo.evolutionary_optimizers.parallel_archipelago:Evolution time 0:01:08.578325	 age 350	 fitness 8.243e-02
Level 25:bingo.evolutionary_optimizers.parallel_archipelago:Saving checkpoint: src/bingo_bias_vias_decomposition/checkpoints_st_40/implicit_st_40_p7_p3_8_350.pkl
INFO:bingo.evolutionary_optimizers.parallel_archipelago:Saved successfully
Level 25:bingo.evolutionary_optimizers.evolutionary_optimizer:Generation: 350 	 Elapsed time: 0:23:10.255333 	 Best training fitness: 8.242660e-02 	 
Level 25:bingo.evolutionary_optimizers.evolutionary_optimizer:350, 1.390255e+03, 3269403, 8.242660e-02, 8.242660e-02, 8.387378e-02, 8.509175e-02, 1.239371e-01, 1.682338e-01, 1.682570e-01, 1.682661e-01
INFO:bingo.evolutionary_optimizers.parallel_archipelago:Performing migration between Islands
INFO:bingo.evolutionary_optimizers.parallel_archipelago:Evolution time 0:00:47.111231	 age 360	 fitness 8.239e-02
Level 25:bingo.evolutionary_optimizers.parallel_archipelago:Saving checkpoint: src/bingo_bias_vias_decomposition/checkpoints_st_40/implicit_st_40_p7_p3_8_360.pkl
INFO:bingo.evolutionary_optimizers.parallel_archipelago:Saved successfully
Level 25:bingo.evolutionary_optimizers.evolutionary_optimizer:Generation: 360 	 Elapsed time: 0:23:57.708147 	 Best training fitness: 8.239046e-02 	 
Level 25:bingo.evolutionary_optimizers.evolutionary_optimizer:360, 1.437708e+03, 3377755, 8.239046e-02, 8.239046e-02, 8.386923e-02, 8.387378e-02, 8.509175e-02, 1.238877e-01, 1.682338e-01, 1.682570e-01, 1.682661e-01
INFO:bingo.evolutionary_optimizers.parallel_archipelago:Performing migration between Islands
INFO:bingo.evolutionary_optimizers.parallel_archipelago:Evolution time 0:00:51.775496	 age 370	 fitness 4.446e-02
Level 25:bingo.evolutionary_optimizers.parallel_archipelago:Saving checkpoint: src/bingo_bias_vias_decomposition/checkpoints_st_40/implicit_st_40_p7_p3_8_370.pkl
INFO:bingo.evolutionary_optimizers.parallel_archipelago:Saved successfully
Level 25:bingo.evolutionary_optimizers.evolutionary_optimizer:Generation: 370 	 Elapsed time: 0:24:49.783021 	 Best training fitness: 4.445715e-02 	 
Level 25:bingo.evolutionary_optimizers.evolutionary_optimizer:370, 1.489783e+03, 3497102, 4.445715e-02, 4.445715e-02, 8.509175e-02, 1.238750e-01, 1.682338e-01, 1.682570e-01, 1.682661e-01
INFO:bingo.evolutionary_optimizers.parallel_archipelago:Performing migration between Islands
INFO:bingo.evolutionary_optimizers.parallel_archipelago:Evolution time 0:00:42.649073	 age 380	 fitness 0.000e+00
Level 25:bingo.evolutionary_optimizers.parallel_archipelago:Saving checkpoint: src/bingo_bias_vias_decomposition/checkpoints_st_40/implicit_st_40_p7_p3_8_380.pkl
INFO:bingo.evolutionary_optimizers.parallel_archipelago:Saved successfully
Level 25:bingo.evolutionary_optimizers.evolutionary_optimizer:Generation: 380 	 Elapsed time: 0:25:32.726525 	 Best training fitness: 0.000000e+00 	 
Level 25:bingo.evolutionary_optimizers.evolutionary_optimizer:380, 1.532727e+03, 3604952, 0.000000e+00, 0.000000e+00, 1.682338e-01, 1.682570e-01, 1.682661e-01
Level 25:bingo.evolutionary_optimizers.evolutionary_optimizer:Evolution successfully converged.
Level 25:bingo.evolutionary_optimizers.evolutionary_optimizer:  Absolte convergence occurred with best fitness < 1e-10
Level 25:bingo.evolutionary_optimizers.evolutionary_optimizer:Hall of Fame:
0.0	7	sin(log((X_1)(X_1) + (X_0)(X_0)))
0.16823382715021162	6	sin(log(log(log(log(-0.092828)))))
0.16825696816693275	2	sin(-1.202635)
0.16826606596095064	1	-0.933569
