Level 25:bingo.evolutionary_optimizers.evolutionary_optimizer:#generational_age, elapsed_time, fitness_evaluation_count, current_training_fitness, hall_of_fame_fitnesses
Level 25:bingo.evolutionary_optimizers.evolutionary_optimizer:#generational_age, elapsed_time, fitness_evaluation_count, current_training_fitness, hall_of_fame_fitnesses
Level 25:bingo.evolutionary_optimizers.evolutionary_optimizer:Generation: 0 	 Elapsed time: 0:00:02.964596 	 Best training fitness: 2.449005e-02 	 
Level 25:bingo.evolutionary_optimizers.evolutionary_optimizer:0, 2.964596e+00, 14008, 2.449005e-02
INFO:bingo.evolutionary_optimizers.parallel_archipelago:Evolution time 0:00:20.893601	 age 20	 fitness 2.427e-02
Level 25:bingo.evolutionary_optimizers.evolutionary_optimizer:Generation: 10 	 Elapsed time: 0:00:24.070962 	 Best training fitness: 2.426735e-02 	 
Level 25:bingo.evolutionary_optimizers.evolutionary_optimizer:10, 2.407096e+01, 109159, 2.426735e-02, 2.426735e-02, 2.430887e-02, 2.435152e-02, 2.463856e-02
INFO:bingo.evolutionary_optimizers.parallel_archipelago:Evolution time 0:00:27.941241	 age 40	 fitness 2.433e-02
Level 25:bingo.evolutionary_optimizers.evolutionary_optimizer:Generation: 20 	 Elapsed time: 0:00:52.245355 	 Best training fitness: 2.433334e-02 	 
Level 25:bingo.evolutionary_optimizers.evolutionary_optimizer:20, 5.224536e+01, 206073, 2.433334e-02, 2.426735e-02, 2.430887e-02, 2.435152e-02, 2.463856e-02
INFO:bingo.evolutionary_optimizers.parallel_archipelago:Evolution time 0:00:37.521147	 age 50	 fitness 2.412e-02
Level 25:bingo.evolutionary_optimizers.evolutionary_optimizer:Generation: 30 	 Elapsed time: 0:01:30.043570 	 Best training fitness: 2.412210e-02 	 
Level 25:bingo.evolutionary_optimizers.evolutionary_optimizer:30, 9.004357e+01, 305338, 2.412210e-02, 2.412210e-02, 2.424211e-02, 2.429655e-02
INFO:bingo.evolutionary_optimizers.parallel_archipelago:Evolution time 0:00:22.567054	 age 70	 fitness 2.426e-02
Level 25:bingo.evolutionary_optimizers.evolutionary_optimizer:Generation: 40 	 Elapsed time: 0:01:52.850910 	 Best training fitness: 2.425567e-02 	 
Level 25:bingo.evolutionary_optimizers.evolutionary_optimizer:40, 1.128509e+02, 395083, 2.425567e-02, 2.412210e-02, 2.424211e-02, 2.429655e-02
INFO:bingo.evolutionary_optimizers.parallel_archipelago:Evolution time 0:00:43.679429	 age 100	 fitness 1.966e-02
Level 25:bingo.evolutionary_optimizers.evolutionary_optimizer:Generation: 50 	 Elapsed time: 0:02:36.765755 	 Best training fitness: 1.965551e-02 	 
Level 25:bingo.evolutionary_optimizers.evolutionary_optimizer:50, 1.567658e+02, 508547, 1.965551e-02, 1.965551e-02, 2.020359e-02, 2.086680e-02, 2.412210e-02, 2.424211e-02, 2.429655e-02
INFO:bingo.evolutionary_optimizers.parallel_archipelago:Evolution time 0:00:34.087014	 age 110	 fitness 1.605e-02
Level 25:bingo.evolutionary_optimizers.evolutionary_optimizer:Generation: 60 	 Elapsed time: 0:03:11.095620 	 Best training fitness: 1.604843e-02 	 
Level 25:bingo.evolutionary_optimizers.evolutionary_optimizer:60, 1.910956e+02, 602201, 1.604843e-02, 1.604843e-02, 1.622057e-02, 1.963282e-02, 2.086680e-02, 2.116529e-02, 2.424211e-02, 2.429655e-02
INFO:bingo.evolutionary_optimizers.parallel_archipelago:Evolution time 0:00:27.752733	 age 130	 fitness 1.440e-02
Level 25:bingo.evolutionary_optimizers.evolutionary_optimizer:Generation: 70 	 Elapsed time: 0:03:39.091871 	 Best training fitness: 1.439956e-02 	 
Level 25:bingo.evolutionary_optimizers.evolutionary_optimizer:70, 2.190919e+02, 702081, 1.439956e-02, 1.439956e-02, 1.604843e-02, 1.622057e-02, 1.912674e-02, 2.116529e-02, 2.415061e-02, 2.424211e-02, 2.427894e-02, 2.429655e-02
INFO:bingo.evolutionary_optimizers.parallel_archipelago:Evolution time 0:00:37.078632	 age 150	 fitness 1.325e-02
Level 25:bingo.evolutionary_optimizers.evolutionary_optimizer:Generation: 80 	 Elapsed time: 0:04:16.418333 	 Best training fitness: 1.324931e-02 	 
Level 25:bingo.evolutionary_optimizers.evolutionary_optimizer:80, 2.564183e+02, 820843, 1.324931e-02, 1.324931e-02, 1.604843e-02, 1.609249e-02, 1.912674e-02, 2.116529e-02, 2.415061e-02, 2.424211e-02, 2.427894e-02, 2.429655e-02
INFO:bingo.evolutionary_optimizers.parallel_archipelago:Evolution time 0:00:25.430065	 age 160	 fitness 1.315e-02
Level 25:bingo.evolutionary_optimizers.evolutionary_optimizer:Generation: 90 	 Elapsed time: 0:04:42.125496 	 Best training fitness: 1.314685e-02 	 
Level 25:bingo.evolutionary_optimizers.evolutionary_optimizer:90, 2.821255e+02, 899578, 1.314685e-02, 1.314685e-02, 1.604843e-02, 1.609249e-02, 1.912674e-02, 2.116529e-02, 2.415061e-02, 2.424211e-02, 2.427894e-02, 2.429655e-02
INFO:bingo.evolutionary_optimizers.parallel_archipelago:Evolution time 0:00:25.192269	 age 180	 fitness 1.313e-02
Level 25:bingo.evolutionary_optimizers.evolutionary_optimizer:Generation: 100 	 Elapsed time: 0:05:07.593063 	 Best training fitness: 1.313037e-02 	 
Level 25:bingo.evolutionary_optimizers.evolutionary_optimizer:100, 3.075931e+02, 980350, 1.313037e-02, 1.313037e-02, 1.313097e-02, 1.343461e-02, 1.603672e-02, 1.912674e-02, 2.116529e-02, 2.415061e-02, 2.424211e-02, 2.427894e-02, 2.429655e-02
INFO:bingo.evolutionary_optimizers.parallel_archipelago:Evolution time 0:00:38.312807	 age 190	 fitness 1.313e-02
Level 25:bingo.evolutionary_optimizers.evolutionary_optimizer:Generation: 110 	 Elapsed time: 0:05:46.156496 	 Best training fitness: 1.313037e-02 	 
Level 25:bingo.evolutionary_optimizers.evolutionary_optimizer:110, 3.461565e+02, 1089527, 1.313037e-02, 1.313037e-02, 1.313097e-02, 1.343461e-02, 1.603672e-02, 1.643107e-02, 2.116529e-02, 2.246477e-02, 2.415061e-02, 2.424211e-02, 2.427894e-02, 2.429655e-02
INFO:bingo.evolutionary_optimizers.parallel_archipelago:Evolution time 0:00:44.406108	 age 200	 fitness 1.302e-02
Level 25:bingo.evolutionary_optimizers.evolutionary_optimizer:Generation: 120 	 Elapsed time: 0:06:30.817938 	 Best training fitness: 1.301565e-02 	 
Level 25:bingo.evolutionary_optimizers.evolutionary_optimizer:120, 3.908179e+02, 1175703, 1.301565e-02, 1.301565e-02, 1.343461e-02, 1.603672e-02, 1.643107e-02, 2.002875e-02, 2.215388e-02, 2.218239e-02, 2.415061e-02, 2.424211e-02, 2.427894e-02, 2.429655e-02
INFO:bingo.evolutionary_optimizers.parallel_archipelago:Evolution time 0:00:37.709303	 age 220	 fitness 1.087e-02
Level 25:bingo.evolutionary_optimizers.evolutionary_optimizer:Generation: 130 	 Elapsed time: 0:07:08.828669 	 Best training fitness: 1.086712e-02 	 
Level 25:bingo.evolutionary_optimizers.evolutionary_optimizer:130, 4.288287e+02, 1292868, 1.086712e-02, 1.086712e-02, 1.643107e-02, 1.985682e-02, 2.199827e-02, 2.415061e-02, 2.424211e-02, 2.427894e-02, 2.429655e-02
INFO:bingo.evolutionary_optimizers.parallel_archipelago:Evolution time 0:00:40.402807	 age 240	 fitness 1.076e-02
Level 25:bingo.evolutionary_optimizers.evolutionary_optimizer:Generation: 140 	 Elapsed time: 0:07:49.512573 	 Best training fitness: 1.075955e-02 	 
Level 25:bingo.evolutionary_optimizers.evolutionary_optimizer:140, 4.695126e+02, 1399088, 1.075955e-02, 1.075955e-02, 1.086712e-02, 1.376853e-02, 1.974984e-02, 1.979424e-02, 2.189354e-02, 2.199827e-02, 2.415061e-02, 2.424211e-02, 2.427894e-02, 2.428095e-02
INFO:bingo.evolutionary_optimizers.parallel_archipelago:Evolution time 0:00:46.260943	 age 260	 fitness 1.077e-02
Level 25:bingo.evolutionary_optimizers.evolutionary_optimizer:Generation: 150 	 Elapsed time: 0:08:36.032386 	 Best training fitness: 1.077428e-02 	 
Level 25:bingo.evolutionary_optimizers.evolutionary_optimizer:150, 5.160324e+02, 1535715, 1.077428e-02, 1.075955e-02, 1.086712e-02, 1.376853e-02, 1.968723e-02, 1.974984e-02, 1.979424e-02, 1.981828e-02, 2.415061e-02, 2.424211e-02, 2.427894e-02, 2.428095e-02
INFO:bingo.evolutionary_optimizers.parallel_archipelago:Evolution time 0:00:27.521917	 age 280	 fitness 1.077e-02
Level 25:bingo.evolutionary_optimizers.evolutionary_optimizer:Generation: 160 	 Elapsed time: 0:09:03.842148 	 Best training fitness: 1.077428e-02 	 
Level 25:bingo.evolutionary_optimizers.evolutionary_optimizer:160, 5.438421e+02, 1621380, 1.077428e-02, 1.075955e-02, 1.086712e-02, 1.376853e-02, 1.959076e-02, 1.974478e-02, 2.415061e-02, 2.424211e-02, 2.427894e-02, 2.428095e-02
INFO:bingo.evolutionary_optimizers.parallel_archipelago:Evolution time 0:00:34.774842	 age 300	 fitness 1.072e-02
Level 25:bingo.evolutionary_optimizers.evolutionary_optimizer:Generation: 170 	 Elapsed time: 0:09:38.863729 	 Best training fitness: 1.072456e-02 	 
Level 25:bingo.evolutionary_optimizers.evolutionary_optimizer:170, 5.788637e+02, 1755709, 1.072456e-02, 1.072456e-02, 1.083182e-02, 1.376853e-02, 1.886345e-02, 1.959076e-02, 1.974478e-02, 2.415061e-02, 2.424211e-02, 2.425348e-02, 2.428095e-02
INFO:bingo.evolutionary_optimizers.parallel_archipelago:Evolution time 0:00:34.902538	 age 330	 fitness 1.074e-02
Level 25:bingo.evolutionary_optimizers.evolutionary_optimizer:Generation: 180 	 Elapsed time: 0:10:14.023950 	 Best training fitness: 1.074046e-02 	 
Level 25:bingo.evolutionary_optimizers.evolutionary_optimizer:180, 6.140240e+02, 1862090, 1.074046e-02, 1.072456e-02, 1.083182e-02, 1.376853e-02, 1.850301e-02, 1.959076e-02, 1.974478e-02, 2.415061e-02, 2.422278e-02, 2.428095e-02
INFO:bingo.evolutionary_optimizers.parallel_archipelago:Evolution time 0:00:56.917641	 age 350	 fitness 1.072e-02
Level 25:bingo.evolutionary_optimizers.evolutionary_optimizer:Generation: 190 	 Elapsed time: 0:11:11.197827 	 Best training fitness: 1.071592e-02 	 
Level 25:bingo.evolutionary_optimizers.evolutionary_optimizer:190, 6.711978e+02, 1987624, 1.071592e-02, 1.071592e-02, 1.083182e-02, 1.376853e-02, 1.850301e-02, 1.959076e-02, 1.974478e-02, 2.415061e-02, 2.422278e-02, 2.428095e-02
INFO:bingo.evolutionary_optimizers.parallel_archipelago:Evolution time 0:00:33.651417	 age 360	 fitness 1.073e-02
Level 25:bingo.evolutionary_optimizers.evolutionary_optimizer:Generation: 200 	 Elapsed time: 0:11:45.108033 	 Best training fitness: 1.072774e-02 	 
Level 25:bingo.evolutionary_optimizers.evolutionary_optimizer:200, 7.051080e+02, 2092088, 1.072774e-02, 1.071592e-02, 1.083182e-02, 1.376853e-02, 1.835412e-02, 1.850301e-02, 1.959076e-02, 1.974478e-02, 2.415061e-02, 2.422278e-02, 2.428095e-02
INFO:bingo.evolutionary_optimizers.parallel_archipelago:Evolution time 0:00:50.749133	 age 380	 fitness 1.070e-02
Level 25:bingo.evolutionary_optimizers.evolutionary_optimizer:Generation: 210 	 Elapsed time: 0:12:36.116208 	 Best training fitness: 1.070170e-02 	 
Level 25:bingo.evolutionary_optimizers.evolutionary_optimizer:210, 7.561162e+02, 2217661, 1.070170e-02, 1.070170e-02, 1.083182e-02, 1.376853e-02, 1.835412e-02, 1.850301e-02, 1.959076e-02, 1.974478e-02, 2.415061e-02, 2.422278e-02, 2.428095e-02
INFO:bingo.evolutionary_optimizers.parallel_archipelago:Evolution time 0:00:49.880625	 age 410	 fitness 1.070e-02
Level 25:bingo.evolutionary_optimizers.evolutionary_optimizer:Generation: 220 	 Elapsed time: 0:13:26.254455 	 Best training fitness: 1.070170e-02 	 
Level 25:bingo.evolutionary_optimizers.evolutionary_optimizer:220, 8.062545e+02, 2329954, 1.070170e-02, 1.070170e-02, 1.083182e-02, 1.376853e-02, 1.835412e-02, 1.850301e-02, 1.959076e-02, 1.974478e-02, 2.415061e-02, 2.422278e-02, 2.428095e-02
INFO:bingo.evolutionary_optimizers.parallel_archipelago:Evolution time 0:01:12.281232	 age 420	 fitness 1.069e-02
Level 25:bingo.evolutionary_optimizers.evolutionary_optimizer:Generation: 230 	 Elapsed time: 0:14:38.825723 	 Best training fitness: 1.069352e-02 	 
Level 25:bingo.evolutionary_optimizers.evolutionary_optimizer:230, 8.788257e+02, 2459780, 1.069352e-02, 1.069352e-02, 1.083182e-02, 1.376853e-02, 1.835412e-02, 1.850301e-02, 1.959076e-02, 1.974478e-02, 2.415061e-02, 2.422278e-02, 2.428095e-02
INFO:bingo.evolutionary_optimizers.parallel_archipelago:Evolution time 0:00:52.023209	 age 430	 fitness 1.052e-02
Level 25:bingo.evolutionary_optimizers.evolutionary_optimizer:Generation: 240 	 Elapsed time: 0:15:31.110461 	 Best training fitness: 1.051815e-02 	 
Level 25:bingo.evolutionary_optimizers.evolutionary_optimizer:240, 9.311105e+02, 2603993, 1.051815e-02, 1.051815e-02, 1.067583e-02, 1.083182e-02, 1.376853e-02, 1.670927e-02, 1.850301e-02, 1.959076e-02, 1.974478e-02, 2.415061e-02, 2.422278e-02, 2.428095e-02
INFO:bingo.evolutionary_optimizers.parallel_archipelago:Evolution time 0:00:38.055520	 age 450	 fitness 1.042e-02
Level 25:bingo.evolutionary_optimizers.evolutionary_optimizer:Generation: 250 	 Elapsed time: 0:16:09.421460 	 Best training fitness: 1.041890e-02 	 
Level 25:bingo.evolutionary_optimizers.evolutionary_optimizer:250, 9.694215e+02, 2754327, 1.041890e-02, 1.041890e-02, 1.067583e-02, 1.083182e-02, 1.376853e-02, 1.667080e-02, 1.850301e-02, 1.959076e-02, 1.974478e-02, 2.415061e-02, 2.422278e-02, 2.428095e-02
INFO:bingo.evolutionary_optimizers.parallel_archipelago:Evolution time 0:00:21.527105	 age 460	 fitness 1.053e-02
Level 25:bingo.evolutionary_optimizers.evolutionary_optimizer:Generation: 260 	 Elapsed time: 0:16:31.204601 	 Best training fitness: 1.052656e-02 	 
Level 25:bingo.evolutionary_optimizers.evolutionary_optimizer:260, 9.912046e+02, 2839347, 1.052656e-02, 1.041890e-02, 1.067583e-02, 1.083182e-02, 1.376853e-02, 1.667080e-02, 1.850301e-02, 1.959076e-02, 1.974478e-02, 2.415061e-02, 2.422278e-02, 2.428095e-02
INFO:bingo.evolutionary_optimizers.parallel_archipelago:Evolution time 0:00:50.845409	 age 480	 fitness 1.049e-02
Level 25:bingo.evolutionary_optimizers.evolutionary_optimizer:Generation: 270 	 Elapsed time: 0:17:22.307788 	 Best training fitness: 1.048583e-02 	 
Level 25:bingo.evolutionary_optimizers.evolutionary_optimizer:270, 1.042308e+03, 2981954, 1.048583e-02, 1.041890e-02, 1.067583e-02, 1.083182e-02, 1.376853e-02, 1.667080e-02, 1.850301e-02, 1.959076e-02, 1.974478e-02, 2.415061e-02, 2.422278e-02, 2.428095e-02
INFO:bingo.evolutionary_optimizers.parallel_archipelago:Evolution time 0:00:42.227286	 age 510	 fitness 1.045e-02
Level 25:bingo.evolutionary_optimizers.evolutionary_optimizer:Generation: 280 	 Elapsed time: 0:18:04.787243 	 Best training fitness: 1.045150e-02 	 
Level 25:bingo.evolutionary_optimizers.evolutionary_optimizer:280, 1.084787e+03, 3117113, 1.045150e-02, 1.041890e-02, 1.067583e-02, 1.083182e-02, 1.344446e-02, 1.638611e-02, 1.850301e-02, 1.959076e-02, 1.974478e-02, 2.415061e-02, 2.422278e-02, 2.428095e-02
INFO:bingo.evolutionary_optimizers.parallel_archipelago:Evolution time 0:00:35.396329	 age 530	 fitness 1.045e-02
Level 25:bingo.evolutionary_optimizers.evolutionary_optimizer:Generation: 290 	 Elapsed time: 0:18:40.430738 	 Best training fitness: 1.045150e-02 	 
Level 25:bingo.evolutionary_optimizers.evolutionary_optimizer:290, 1.120431e+03, 3237317, 1.045150e-02, 1.041890e-02, 1.067583e-02, 1.083182e-02, 1.344446e-02, 1.638611e-02, 1.850301e-02, 1.959076e-02, 1.974478e-02, 2.415061e-02, 2.422278e-02, 2.428095e-02
INFO:bingo.evolutionary_optimizers.parallel_archipelago:Evolution time 0:00:38.943230	 age 550	 fitness 1.051e-02
Level 25:bingo.evolutionary_optimizers.evolutionary_optimizer:Generation: 300 	 Elapsed time: 0:19:19.654953 	 Best training fitness: 1.050516e-02 	 
Level 25:bingo.evolutionary_optimizers.evolutionary_optimizer:300, 1.159655e+03, 3397588, 1.050516e-02, 1.041890e-02, 1.067583e-02, 1.083182e-02, 1.266784e-02, 1.638611e-02, 1.832210e-02, 1.850301e-02, 1.959076e-02, 1.974478e-02, 2.415061e-02, 2.422278e-02, 2.428095e-02
INFO:bingo.evolutionary_optimizers.parallel_archipelago:Evolution time 0:00:36.392781	 age 570	 fitness 1.044e-02
Level 25:bingo.evolutionary_optimizers.evolutionary_optimizer:Generation: 310 	 Elapsed time: 0:19:56.297793 	 Best training fitness: 1.044435e-02 	 
Level 25:bingo.evolutionary_optimizers.evolutionary_optimizer:310, 1.196298e+03, 3518522, 1.044435e-02, 1.041890e-02, 1.067583e-02, 1.083182e-02, 1.266784e-02, 1.638611e-02, 1.832210e-02, 1.845542e-02, 1.959076e-02, 1.974478e-02, 2.415061e-02, 2.419079e-02, 2.428095e-02
INFO:bingo.evolutionary_optimizers.parallel_archipelago:Evolution time 0:00:35.803936	 age 580	 fitness 1.048e-02
Level 25:bingo.evolutionary_optimizers.evolutionary_optimizer:Generation: 320 	 Elapsed time: 0:20:32.342932 	 Best training fitness: 1.047804e-02 	 
Level 25:bingo.evolutionary_optimizers.evolutionary_optimizer:320, 1.232343e+03, 3627477, 1.047804e-02, 1.041890e-02, 1.067583e-02, 1.083182e-02, 1.266784e-02, 1.638611e-02, 1.832210e-02, 1.845542e-02, 1.959076e-02, 1.974478e-02, 2.415061e-02, 2.419079e-02, 2.428095e-02
INFO:bingo.evolutionary_optimizers.parallel_archipelago:Evolution time 0:01:09.195342	 age 600	 fitness 1.045e-02
Level 25:bingo.evolutionary_optimizers.evolutionary_optimizer:Generation: 330 	 Elapsed time: 0:21:41.782642 	 Best training fitness: 1.045194e-02 	 
Level 25:bingo.evolutionary_optimizers.evolutionary_optimizer:330, 1.301783e+03, 3818722, 1.045194e-02, 1.041890e-02, 1.067583e-02, 1.083182e-02, 1.243111e-02, 1.638611e-02, 1.832210e-02, 1.845542e-02, 1.959076e-02, 1.974478e-02, 2.415061e-02, 2.419079e-02, 2.428095e-02
INFO:bingo.evolutionary_optimizers.parallel_archipelago:Evolution time 0:00:52.629132	 age 630	 fitness 1.047e-02
Level 25:bingo.evolutionary_optimizers.evolutionary_optimizer:Generation: 340 	 Elapsed time: 0:22:34.669731 	 Best training fitness: 1.046842e-02 	 
Level 25:bingo.evolutionary_optimizers.evolutionary_optimizer:340, 1.354670e+03, 3984585, 1.046842e-02, 1.041890e-02, 1.060884e-02, 1.067583e-02, 1.083182e-02, 1.243111e-02, 1.638611e-02, 1.830964e-02, 1.845542e-02, 1.959076e-02, 1.974478e-02, 2.415061e-02, 2.419079e-02, 2.428095e-02
INFO:bingo.evolutionary_optimizers.parallel_archipelago:Evolution time 0:00:48.471796	 age 650	 fitness 1.044e-02
Level 25:bingo.evolutionary_optimizers.evolutionary_optimizer:Generation: 350 	 Elapsed time: 0:23:23.402778 	 Best training fitness: 1.044071e-02 	 
Level 25:bingo.evolutionary_optimizers.evolutionary_optimizer:350, 1.403403e+03, 4129209, 1.044071e-02, 1.041890e-02, 1.046912e-02, 1.067583e-02, 1.083182e-02, 1.243111e-02, 1.638611e-02, 1.808435e-02, 1.845542e-02, 1.959076e-02, 1.974478e-02, 2.415061e-02, 2.419079e-02, 2.428095e-02
INFO:bingo.evolutionary_optimizers.parallel_archipelago:Evolution time 0:00:31.113438	 age 660	 fitness 1.043e-02
Level 25:bingo.evolutionary_optimizers.evolutionary_optimizer:Generation: 360 	 Elapsed time: 0:23:54.777363 	 Best training fitness: 1.043207e-02 	 
Level 25:bingo.evolutionary_optimizers.evolutionary_optimizer:360, 1.434777e+03, 4237804, 1.043207e-02, 1.041890e-02, 1.044614e-02, 1.067583e-02, 1.083182e-02, 1.243111e-02, 1.638611e-02, 1.808435e-02, 1.845542e-02, 1.959076e-02, 1.974478e-02, 2.415061e-02, 2.419079e-02, 2.428095e-02
INFO:bingo.evolutionary_optimizers.parallel_archipelago:Evolution time 0:00:40.872963	 age 680	 fitness 1.043e-02
Level 25:bingo.evolutionary_optimizers.evolutionary_optimizer:Generation: 370 	 Elapsed time: 0:24:35.941012 	 Best training fitness: 1.043207e-02 	 
Level 25:bingo.evolutionary_optimizers.evolutionary_optimizer:370, 1.475941e+03, 4337194, 1.043207e-02, 1.041890e-02, 1.044614e-02, 1.067583e-02, 1.083182e-02, 1.243111e-02, 1.636700e-02, 1.638611e-02, 1.808435e-02, 1.845542e-02, 1.959076e-02, 1.974478e-02, 2.415061e-02, 2.419079e-02, 2.428095e-02
INFO:bingo.evolutionary_optimizers.parallel_archipelago:Evolution time 0:00:34.092450	 age 690	 fitness 1.045e-02
Level 25:bingo.evolutionary_optimizers.evolutionary_optimizer:Generation: 380 	 Elapsed time: 0:25:10.298425 	 Best training fitness: 1.045470e-02 	 
Level 25:bingo.evolutionary_optimizers.evolutionary_optimizer:380, 1.510298e+03, 4454277, 1.045470e-02, 1.041890e-02, 1.044614e-02, 1.067583e-02, 1.083182e-02, 1.243111e-02, 1.636700e-02, 1.638611e-02, 1.808435e-02, 1.845542e-02, 1.959076e-02, 1.974478e-02, 2.415061e-02, 2.419079e-02, 2.428095e-02
INFO:bingo.evolutionary_optimizers.parallel_archipelago:Evolution time 0:01:02.851248	 age 710	 fitness 9.638e-03
Level 25:bingo.evolutionary_optimizers.evolutionary_optimizer:Generation: 390 	 Elapsed time: 0:26:13.413033 	 Best training fitness: 9.637511e-03 	 
Level 25:bingo.evolutionary_optimizers.evolutionary_optimizer:390, 1.573413e+03, 4598936, 9.637511e-03, 9.637511e-03, 1.041890e-02, 1.044614e-02, 1.067583e-02, 1.083182e-02, 1.243111e-02, 1.636700e-02, 1.638611e-02, 1.808435e-02, 1.845542e-02, 1.959076e-02, 1.974478e-02, 2.415061e-02, 2.418656e-02, 2.428095e-02
INFO:bingo.evolutionary_optimizers.parallel_archipelago:Evolution time 0:00:33.538714	 age 720	 fitness 9.637e-03
Level 25:bingo.evolutionary_optimizers.evolutionary_optimizer:Generation: 400 	 Elapsed time: 0:26:47.211720 	 Best training fitness: 9.636503e-03 	 
Level 25:bingo.evolutionary_optimizers.evolutionary_optimizer:400, 1.607212e+03, 4692730, 9.636503e-03, 9.636503e-03, 9.720117e-03, 1.041890e-02, 1.044614e-02, 1.067583e-02, 1.083182e-02, 1.243111e-02, 1.636700e-02, 1.638611e-02, 1.808435e-02, 1.845542e-02, 1.959076e-02, 1.974478e-02, 2.415061e-02, 2.418656e-02, 2.428095e-02
INFO:bingo.evolutionary_optimizers.parallel_archipelago:Evolution time 0:00:48.899849	 age 730	 fitness 8.729e-03
Level 25:bingo.evolutionary_optimizers.evolutionary_optimizer:Generation: 410 	 Elapsed time: 0:27:36.372721 	 Best training fitness: 8.729127e-03 	 
Level 25:bingo.evolutionary_optimizers.evolutionary_optimizer:410, 1.656373e+03, 4831951, 8.729127e-03, 8.729127e-03, 9.636503e-03, 9.720117e-03, 1.041890e-02, 1.044614e-02, 1.067583e-02, 1.083182e-02, 1.243111e-02, 1.636700e-02, 1.638611e-02, 1.808435e-02, 1.845542e-02, 1.959076e-02, 1.974478e-02, 2.415061e-02, 2.418656e-02, 2.428095e-02
INFO:bingo.evolutionary_optimizers.parallel_archipelago:Evolution time 0:00:49.920099	 age 740	 fitness 8.677e-03
Level 25:bingo.evolutionary_optimizers.evolutionary_optimizer:Generation: 420 	 Elapsed time: 0:28:26.545728 	 Best training fitness: 8.676903e-03 	 
Level 25:bingo.evolutionary_optimizers.evolutionary_optimizer:420, 1.706546e+03, 4948815, 8.676903e-03, 8.676903e-03, 9.618362e-03, 9.683752e-03, 1.041890e-02, 1.044614e-02, 1.067583e-02, 1.083182e-02, 1.243111e-02, 1.636700e-02, 1.638611e-02, 1.808435e-02, 1.845542e-02, 1.959076e-02, 1.974478e-02, 2.415061e-02, 2.418656e-02, 2.428095e-02
INFO:bingo.evolutionary_optimizers.parallel_archipelago:Evolution time 0:00:48.500276	 age 770	 fitness 8.363e-03
Level 25:bingo.evolutionary_optimizers.evolutionary_optimizer:Generation: 430 	 Elapsed time: 0:29:15.327262 	 Best training fitness: 8.362550e-03 	 
Level 25:bingo.evolutionary_optimizers.evolutionary_optimizer:430, 1.755327e+03, 5087773, 8.362550e-03, 8.362550e-03, 9.593843e-03, 9.624845e-03, 1.041890e-02, 1.044614e-02, 1.067583e-02, 1.083182e-02, 1.243111e-02, 1.542942e-02, 1.591266e-02, 1.959076e-02, 1.974478e-02, 2.415061e-02, 2.418656e-02, 2.428095e-02
INFO:bingo.evolutionary_optimizers.parallel_archipelago:Evolution time 0:00:37.431421	 age 790	 fitness 8.363e-03
Level 25:bingo.evolutionary_optimizers.evolutionary_optimizer:Generation: 440 	 Elapsed time: 0:29:53.029199 	 Best training fitness: 8.362550e-03 	 
Level 25:bingo.evolutionary_optimizers.evolutionary_optimizer:440, 1.793029e+03, 5214116, 8.362550e-03, 8.362550e-03, 9.525506e-03, 9.585645e-03, 9.624845e-03, 1.041890e-02, 1.044614e-02, 1.067583e-02, 1.083182e-02, 1.243111e-02, 1.442658e-02, 1.574238e-02, 1.959076e-02, 1.974478e-02, 2.415061e-02, 2.418656e-02, 2.428095e-02
INFO:bingo.evolutionary_optimizers.parallel_archipelago:Evolution time 0:00:58.807113	 age 820	 fitness 8.359e-03
Level 25:bingo.evolutionary_optimizers.evolutionary_optimizer:Generation: 450 	 Elapsed time: 0:30:52.107623 	 Best training fitness: 8.358813e-03 	 
Level 25:bingo.evolutionary_optimizers.evolutionary_optimizer:450, 1.852108e+03, 5367434, 8.358813e-03, 8.358813e-03, 8.677463e-03, 9.578460e-03, 9.624845e-03, 1.041890e-02, 1.044614e-02, 1.067583e-02, 1.083182e-02, 1.243111e-02, 1.408435e-02, 1.574238e-02, 1.959076e-02, 1.974478e-02, 2.415061e-02, 2.418656e-02, 2.428095e-02
INFO:bingo.evolutionary_optimizers.parallel_archipelago:Evolution time 0:00:31.923591	 age 830	 fitness 8.346e-03
Level 25:bingo.evolutionary_optimizers.evolutionary_optimizer:Generation: 460 	 Elapsed time: 0:31:24.297543 	 Best training fitness: 8.346032e-03 	 
Level 25:bingo.evolutionary_optimizers.evolutionary_optimizer:460, 1.884298e+03, 5465792, 8.346032e-03, 8.346032e-03, 8.677463e-03, 9.578460e-03, 9.624845e-03, 1.041890e-02, 1.044614e-02, 1.067583e-02, 1.083182e-02, 1.243111e-02, 1.408435e-02, 1.574238e-02, 1.959076e-02, 1.974478e-02, 2.415061e-02, 2.418656e-02, 2.428095e-02
INFO:bingo.evolutionary_optimizers.parallel_archipelago:Evolution time 0:00:32.691929	 age 850	 fitness 7.383e-03
Level 25:bingo.evolutionary_optimizers.evolutionary_optimizer:Generation: 470 	 Elapsed time: 0:31:57.249379 	 Best training fitness: 7.383206e-03 	 
Level 25:bingo.evolutionary_optimizers.evolutionary_optimizer:470, 1.917249e+03, 5576566, 7.383206e-03, 7.383206e-03, 8.329537e-03, 8.345992e-03, 9.578460e-03, 9.624845e-03, 1.041890e-02, 1.044614e-02, 1.067583e-02, 1.083182e-02, 1.243111e-02, 1.406978e-02, 1.568611e-02, 1.574238e-02, 1.959076e-02, 1.974478e-02, 2.415061e-02, 2.418656e-02, 2.428095e-02
INFO:bingo.evolutionary_optimizers.parallel_archipelago:Evolution time 0:00:34.613844	 age 870	 fitness 7.353e-03
Level 25:bingo.evolutionary_optimizers.evolutionary_optimizer:Generation: 480 	 Elapsed time: 0:32:32.126203 	 Best training fitness: 7.353193e-03 	 
Level 25:bingo.evolutionary_optimizers.evolutionary_optimizer:480, 1.952126e+03, 5690192, 7.353193e-03, 7.353193e-03, 7.401324e-03, 8.328606e-03, 9.578460e-03, 9.624845e-03, 1.041890e-02, 1.044614e-02, 1.067583e-02, 1.083182e-02, 1.243111e-02, 1.406978e-02, 1.568611e-02, 1.574238e-02, 1.959076e-02, 1.974478e-02, 2.415061e-02, 2.418656e-02, 2.428095e-02
INFO:bingo.evolutionary_optimizers.parallel_archipelago:Evolution time 0:01:16.232512	 age 890	 fitness 7.343e-03
Level 25:bingo.evolutionary_optimizers.evolutionary_optimizer:Generation: 490 	 Elapsed time: 0:33:48.651885 	 Best training fitness: 7.342598e-03 	 
Level 25:bingo.evolutionary_optimizers.evolutionary_optimizer:490, 2.028652e+03, 5843676, 7.342598e-03, 7.342598e-03, 7.361164e-03, 8.324590e-03, 9.578460e-03, 9.624845e-03, 1.041890e-02, 1.044614e-02, 1.067583e-02, 1.083182e-02, 1.243111e-02, 1.406978e-02, 1.567581e-02, 1.574238e-02, 1.959076e-02, 1.974478e-02, 2.415061e-02, 2.418656e-02, 2.428095e-02
INFO:bingo.evolutionary_optimizers.parallel_archipelago:Evolution time 0:00:39.604380	 age 900	 fitness 7.359e-03
Level 25:bingo.evolutionary_optimizers.evolutionary_optimizer:Generation: 500 	 Elapsed time: 0:34:28.533951 	 Best training fitness: 7.358934e-03 	 
Level 25:bingo.evolutionary_optimizers.evolutionary_optimizer:500, 2.068534e+03, 5957852, 7.358934e-03, 7.342598e-03, 7.361164e-03, 8.324590e-03, 9.578460e-03, 9.624845e-03, 1.041890e-02, 1.044614e-02, 1.067583e-02, 1.083182e-02, 1.243111e-02, 1.406978e-02, 1.408365e-02, 1.959076e-02, 1.974478e-02, 2.415061e-02, 2.418656e-02, 2.428095e-02
INFO:bingo.evolutionary_optimizers.parallel_archipelago:Evolution time 0:01:00.909736	 age 920	 fitness 7.086e-03
Level 25:bingo.evolutionary_optimizers.evolutionary_optimizer:Generation: 510 	 Elapsed time: 0:35:29.748750 	 Best training fitness: 7.085678e-03 	 
Level 25:bingo.evolutionary_optimizers.evolutionary_optimizer:510, 2.129749e+03, 6096893, 7.085678e-03, 7.085678e-03, 7.342598e-03, 7.352593e-03, 8.324590e-03, 9.578460e-03, 9.624845e-03, 1.041890e-02, 1.044614e-02, 1.067583e-02, 1.083182e-02, 1.243111e-02, 1.401306e-02, 1.408365e-02, 1.959076e-02, 1.974478e-02, 2.415061e-02, 2.418656e-02, 2.428095e-02
INFO:bingo.evolutionary_optimizers.parallel_archipelago:Evolution time 0:00:58.159036	 age 940	 fitness 7.102e-03
Level 25:bingo.evolutionary_optimizers.evolutionary_optimizer:Generation: 520 	 Elapsed time: 0:36:28.177663 	 Best training fitness: 7.101968e-03 	 
Level 25:bingo.evolutionary_optimizers.evolutionary_optimizer:520, 2.188178e+03, 6259062, 7.101968e-03, 7.085678e-03, 7.342598e-03, 7.342637e-03, 8.324590e-03, 9.458687e-03, 9.624845e-03, 1.041890e-02, 1.044614e-02, 1.067583e-02, 1.083182e-02, 1.243111e-02, 1.399247e-02, 1.959076e-02, 1.974478e-02, 2.415061e-02, 2.418656e-02, 2.422721e-02
INFO:bingo.evolutionary_optimizers.parallel_archipelago:Evolution time 0:00:41.711337	 age 960	 fitness 7.086e-03
Level 25:bingo.evolutionary_optimizers.evolutionary_optimizer:Generation: 530 	 Elapsed time: 0:37:10.154592 	 Best training fitness: 7.085777e-03 	 
Level 25:bingo.evolutionary_optimizers.evolutionary_optimizer:530, 2.230155e+03, 6399881, 7.085777e-03, 7.085678e-03, 7.342598e-03, 7.342637e-03, 8.324590e-03, 9.458687e-03, 9.624845e-03, 1.041890e-02, 1.044614e-02, 1.067583e-02, 1.083182e-02, 1.243111e-02, 1.395780e-02, 1.399247e-02, 1.959076e-02, 1.974478e-02, 2.415061e-02, 2.418656e-02, 2.422721e-02
INFO:bingo.evolutionary_optimizers.parallel_archipelago:Evolution time 0:00:58.359822	 age 980	 fitness 7.085e-03
Level 25:bingo.evolutionary_optimizers.evolutionary_optimizer:Generation: 540 	 Elapsed time: 0:38:08.780642 	 Best training fitness: 7.084584e-03 	 
Level 25:bingo.evolutionary_optimizers.evolutionary_optimizer:540, 2.288781e+03, 6570736, 7.084584e-03, 7.084584e-03, 7.341084e-03, 8.324590e-03, 9.458687e-03, 9.624845e-03, 1.041890e-02, 1.044614e-02, 1.067583e-02, 1.083182e-02, 1.243111e-02, 1.394578e-02, 1.959076e-02, 1.974478e-02, 2.415061e-02, 2.418656e-02, 2.422721e-02
INFO:bingo.evolutionary_optimizers.parallel_archipelago:Evolution time 0:01:16.349177	 age 1000	 fitness 3.571e-04
Level 25:bingo.evolutionary_optimizers.evolutionary_optimizer:Generation: 550 	 Elapsed time: 0:39:25.421543 	 Best training fitness: 3.570796e-04 	 
Level 25:bingo.evolutionary_optimizers.evolutionary_optimizer:550, 2.365422e+03, 6762315, 3.570796e-04, 3.570796e-04, 2.174279e-03, 1.390598e-02, 1.959076e-02, 1.974478e-02, 2.415061e-02, 2.418656e-02, 2.422721e-02
INFO:bingo.evolutionary_optimizers.parallel_archipelago:Evolution time 0:00:43.118718	 age 1030	 fitness 0.000e+00
Level 25:bingo.evolutionary_optimizers.evolutionary_optimizer:Generation: 560 	 Elapsed time: 0:40:08.780672 	 Best training fitness: 0.000000e+00 	 
Level 25:bingo.evolutionary_optimizers.evolutionary_optimizer:560, 2.408781e+03, 6922732, 0.000000e+00, 0.000000e+00, 2.415061e-02, 2.418656e-02, 2.422721e-02
Level 25:bingo.evolutionary_optimizers.evolutionary_optimizer:Evolution successfully converged.
Level 25:bingo.evolutionary_optimizers.evolutionary_optimizer:  Absolte convergence occurred with best fitness < 1e-10
Level 25:bingo.evolutionary_optimizers.evolutionary_optimizer:Hall of Fame:
0.0	7	sin(log((X_1)(X_1) + (X_0)(X_0)))
0.024150605797799145	6	sin((log(0.071163))(log(0.071163)) + log(0.071163))
0.024186563274213195	2	sin(-1.175901)
0.024227211644197996	1	-0.931029
