Level 25:bingo.evolutionary_optimizers.evolutionary_optimizer:#generational_age, elapsed_time, fitness_evaluation_count, current_training_fitness, hall_of_fame_fitnesses
Level 25:bingo.evolutionary_optimizers.evolutionary_optimizer:#generational_age, elapsed_time, fitness_evaluation_count, current_training_fitness, hall_of_fame_fitnesses
Level 25:bingo.evolutionary_optimizers.evolutionary_optimizer:Generation: 0 	 Elapsed time: 0:00:05.214683 	 Best training fitness: 1.923422e-01 	 
Level 25:bingo.evolutionary_optimizers.evolutionary_optimizer:0, 5.214683e+00, 15687, 1.923422e-01
INFO:bingo.evolutionary_optimizers.parallel_archipelago:Evolution time 0:00:35.672307	 age 30	 fitness 1.924e-01
Level 25:bingo.evolutionary_optimizers.evolutionary_optimizer:Generation: 10 	 Elapsed time: 0:00:41.124258 	 Best training fitness: 1.923682e-01 	 
Level 25:bingo.evolutionary_optimizers.evolutionary_optimizer:10, 4.112426e+01, 132874, 1.923682e-01, 1.923682e-01, 1.923718e-01, 1.923827e-01, 1.924906e-01
INFO:bingo.evolutionary_optimizers.parallel_archipelago:Evolution time 0:00:28.609278	 age 50	 fitness 1.923e-01
Level 25:bingo.evolutionary_optimizers.evolutionary_optimizer:Generation: 20 	 Elapsed time: 0:01:09.986124 	 Best training fitness: 1.923090e-01 	 
Level 25:bingo.evolutionary_optimizers.evolutionary_optimizer:20, 6.998612e+01, 214130, 1.923090e-01, 1.923090e-01, 1.924593e-01
INFO:bingo.evolutionary_optimizers.parallel_archipelago:Evolution time 0:00:19.288699	 age 60	 fitness 1.849e-01
Level 25:bingo.evolutionary_optimizers.evolutionary_optimizer:Generation: 30 	 Elapsed time: 0:01:29.560434 	 Best training fitness: 1.848924e-01 	 
Level 25:bingo.evolutionary_optimizers.evolutionary_optimizer:30, 8.956043e+01, 269420, 1.848924e-01, 1.848924e-01, 1.923090e-01, 1.923496e-01
INFO:bingo.evolutionary_optimizers.parallel_archipelago:Evolution time 0:00:25.099341	 age 80	 fitness 1.849e-01
Level 25:bingo.evolutionary_optimizers.evolutionary_optimizer:Generation: 40 	 Elapsed time: 0:01:54.913714 	 Best training fitness: 1.848934e-01 	 
Level 25:bingo.evolutionary_optimizers.evolutionary_optimizer:40, 1.149137e+02, 341529, 1.848934e-01, 1.848924e-01, 1.922908e-01, 1.923496e-01
INFO:bingo.evolutionary_optimizers.parallel_archipelago:Evolution time 0:00:19.654229	 age 90	 fitness 1.848e-01
Level 25:bingo.evolutionary_optimizers.evolutionary_optimizer:Generation: 50 	 Elapsed time: 0:02:14.819434 	 Best training fitness: 1.847701e-01 	 
Level 25:bingo.evolutionary_optimizers.evolutionary_optimizer:50, 1.348194e+02, 398378, 1.847701e-01, 1.847701e-01, 1.922908e-01, 1.923332e-01, 1.923496e-01
INFO:bingo.evolutionary_optimizers.parallel_archipelago:Evolution time 0:00:23.328703	 age 110	 fitness 1.848e-01
Level 25:bingo.evolutionary_optimizers.evolutionary_optimizer:Generation: 60 	 Elapsed time: 0:02:38.401190 	 Best training fitness: 1.847596e-01 	 
Level 25:bingo.evolutionary_optimizers.evolutionary_optimizer:60, 1.584012e+02, 484174, 1.847596e-01, 1.847596e-01, 1.922908e-01, 1.923118e-01, 1.923496e-01
INFO:bingo.evolutionary_optimizers.parallel_archipelago:Evolution time 0:00:22.064986	 age 130	 fitness 1.848e-01
Level 25:bingo.evolutionary_optimizers.evolutionary_optimizer:Generation: 70 	 Elapsed time: 0:03:00.721414 	 Best training fitness: 1.847536e-01 	 
Level 25:bingo.evolutionary_optimizers.evolutionary_optimizer:70, 1.807214e+02, 557795, 1.847536e-01, 1.847536e-01, 1.850974e-01, 1.922908e-01, 1.922926e-01, 1.923496e-01
INFO:bingo.evolutionary_optimizers.parallel_archipelago:Evolution time 0:00:41.377807	 age 140	 fitness 1.286e-01
Level 25:bingo.evolutionary_optimizers.evolutionary_optimizer:Generation: 80 	 Elapsed time: 0:03:42.351375 	 Best training fitness: 1.285766e-01 	 
Level 25:bingo.evolutionary_optimizers.evolutionary_optimizer:80, 2.223514e+02, 648891, 1.285766e-01, 1.285766e-01, 1.810398e-01, 1.850895e-01, 1.922842e-01, 1.923496e-01
INFO:bingo.evolutionary_optimizers.parallel_archipelago:Evolution time 0:00:46.494169	 age 150	 fitness 1.286e-01
Level 25:bingo.evolutionary_optimizers.evolutionary_optimizer:Generation: 90 	 Elapsed time: 0:04:29.105097 	 Best training fitness: 1.285548e-01 	 
Level 25:bingo.evolutionary_optimizers.evolutionary_optimizer:90, 2.691051e+02, 748807, 1.285548e-01, 1.285548e-01, 1.299335e-01, 1.810398e-01, 1.850895e-01, 1.922842e-01, 1.923496e-01
INFO:bingo.evolutionary_optimizers.parallel_archipelago:Evolution time 0:00:13.970180	 age 160	 fitness 1.286e-01
Level 25:bingo.evolutionary_optimizers.evolutionary_optimizer:Generation: 100 	 Elapsed time: 0:04:43.348636 	 Best training fitness: 1.285527e-01 	 
Level 25:bingo.evolutionary_optimizers.evolutionary_optimizer:100, 2.833486e+02, 798726, 1.285527e-01, 1.285527e-01, 1.299335e-01, 1.810398e-01, 1.850278e-01, 1.922842e-01, 1.923496e-01
INFO:bingo.evolutionary_optimizers.parallel_archipelago:Evolution time 0:00:26.865185	 age 170	 fitness 1.285e-01
Level 25:bingo.evolutionary_optimizers.evolutionary_optimizer:Generation: 110 	 Elapsed time: 0:05:10.476434 	 Best training fitness: 1.285438e-01 	 
Level 25:bingo.evolutionary_optimizers.evolutionary_optimizer:110, 3.104764e+02, 872765, 1.285438e-01, 1.285438e-01, 1.299335e-01, 1.810398e-01, 1.850278e-01, 1.922842e-01, 1.923496e-01
INFO:bingo.evolutionary_optimizers.parallel_archipelago:Evolution time 0:00:18.018410	 age 180	 fitness 1.285e-01
Level 25:bingo.evolutionary_optimizers.evolutionary_optimizer:Generation: 120 	 Elapsed time: 0:05:28.757891 	 Best training fitness: 1.285364e-01 	 
Level 25:bingo.evolutionary_optimizers.evolutionary_optimizer:120, 3.287579e+02, 929705, 1.285364e-01, 1.285364e-01, 1.298753e-01, 1.810398e-01, 1.822069e-01, 1.922842e-01, 1.923496e-01
INFO:bingo.evolutionary_optimizers.parallel_archipelago:Evolution time 0:00:32.352920	 age 190	 fitness 1.285e-01
Level 25:bingo.evolutionary_optimizers.evolutionary_optimizer:Generation: 130 	 Elapsed time: 0:06:01.372743 	 Best training fitness: 1.285234e-01 	 
Level 25:bingo.evolutionary_optimizers.evolutionary_optimizer:130, 3.613727e+02, 1016030, 1.285234e-01, 1.285234e-01, 1.298753e-01, 1.810398e-01, 1.822069e-01, 1.922751e-01, 1.922842e-01, 1.923496e-01
INFO:bingo.evolutionary_optimizers.parallel_archipelago:Evolution time 0:00:34.342983	 age 210	 fitness 1.285e-01
Level 25:bingo.evolutionary_optimizers.evolutionary_optimizer:Generation: 140 	 Elapsed time: 0:06:36.007824 	 Best training fitness: 1.285234e-01 	 
Level 25:bingo.evolutionary_optimizers.evolutionary_optimizer:140, 3.960078e+02, 1090549, 1.285234e-01, 1.285234e-01, 1.298753e-01, 1.810398e-01, 1.822069e-01, 1.922751e-01, 1.922842e-01, 1.923496e-01
INFO:bingo.evolutionary_optimizers.parallel_archipelago:Evolution time 0:00:32.215550	 age 220	 fitness 1.285e-01
Level 25:bingo.evolutionary_optimizers.evolutionary_optimizer:Generation: 150 	 Elapsed time: 0:07:08.483003 	 Best training fitness: 1.285453e-01 	 
Level 25:bingo.evolutionary_optimizers.evolutionary_optimizer:150, 4.284830e+02, 1172521, 1.285453e-01, 1.285234e-01, 1.298753e-01, 1.810398e-01, 1.822069e-01, 1.921358e-01, 1.922751e-01, 1.922842e-01, 1.923496e-01
INFO:bingo.evolutionary_optimizers.parallel_archipelago:Evolution time 0:00:35.328375	 age 230	 fitness 1.285e-01
Level 25:bingo.evolutionary_optimizers.evolutionary_optimizer:Generation: 160 	 Elapsed time: 0:07:44.080415 	 Best training fitness: 1.285356e-01 	 
Level 25:bingo.evolutionary_optimizers.evolutionary_optimizer:160, 4.640804e+02, 1255114, 1.285356e-01, 1.285234e-01, 1.298753e-01, 1.810398e-01, 1.822069e-01, 1.920515e-01, 1.922751e-01, 1.922842e-01, 1.923496e-01
INFO:bingo.evolutionary_optimizers.parallel_archipelago:Evolution time 0:00:30.302710	 age 250	 fitness 1.285e-01
Level 25:bingo.evolutionary_optimizers.evolutionary_optimizer:Generation: 170 	 Elapsed time: 0:08:14.679346 	 Best training fitness: 1.285379e-01 	 
Level 25:bingo.evolutionary_optimizers.evolutionary_optimizer:170, 4.946793e+02, 1350412, 1.285379e-01, 1.285234e-01, 1.298753e-01, 1.810398e-01, 1.822069e-01, 1.919973e-01, 1.922751e-01, 1.922842e-01, 1.923496e-01
INFO:bingo.evolutionary_optimizers.parallel_archipelago:Evolution time 0:00:47.991853	 age 260	 fitness 1.011e-01
Level 25:bingo.evolutionary_optimizers.evolutionary_optimizer:Generation: 180 	 Elapsed time: 0:09:02.934435 	 Best training fitness: 1.011102e-01 	 
Level 25:bingo.evolutionary_optimizers.evolutionary_optimizer:180, 5.429344e+02, 1467117, 1.011102e-01, 1.011102e-01, 1.285234e-01, 1.298753e-01, 1.638686e-01, 1.822069e-01, 1.919973e-01, 1.922751e-01, 1.922842e-01, 1.923496e-01
INFO:bingo.evolutionary_optimizers.parallel_archipelago:Evolution time 0:00:45.674983	 age 270	 fitness 1.009e-01
Level 25:bingo.evolutionary_optimizers.evolutionary_optimizer:Generation: 190 	 Elapsed time: 0:09:48.871630 	 Best training fitness: 1.008514e-01 	 
Level 25:bingo.evolutionary_optimizers.evolutionary_optimizer:190, 5.888716e+02, 1563478, 1.008514e-01, 1.008514e-01, 1.285234e-01, 1.298753e-01, 1.638686e-01, 1.822069e-01, 1.919973e-01, 1.922751e-01, 1.922842e-01, 1.923496e-01
INFO:bingo.evolutionary_optimizers.parallel_archipelago:Evolution time 0:00:30.239733	 age 280	 fitness 1.009e-01
Level 25:bingo.evolutionary_optimizers.evolutionary_optimizer:Generation: 200 	 Elapsed time: 0:10:19.375104 	 Best training fitness: 1.008626e-01 	 
Level 25:bingo.evolutionary_optimizers.evolutionary_optimizer:200, 6.193751e+02, 1643171, 1.008626e-01, 1.008514e-01, 1.285234e-01, 1.298638e-01, 1.638686e-01, 1.822069e-01, 1.919973e-01, 1.922751e-01, 1.922842e-01, 1.923496e-01
INFO:bingo.evolutionary_optimizers.parallel_archipelago:Evolution time 0:00:30.189179	 age 290	 fitness 1.008e-01
Level 25:bingo.evolutionary_optimizers.evolutionary_optimizer:Generation: 210 	 Elapsed time: 0:10:49.832494 	 Best training fitness: 1.008500e-01 	 
Level 25:bingo.evolutionary_optimizers.evolutionary_optimizer:210, 6.498325e+02, 1720990, 1.008500e-01, 1.008500e-01, 1.012469e-01, 1.285234e-01, 1.298638e-01, 1.638686e-01, 1.822069e-01, 1.919973e-01, 1.922751e-01, 1.922842e-01, 1.923496e-01
INFO:bingo.evolutionary_optimizers.parallel_archipelago:Evolution time 0:00:42.067435	 age 310	 fitness 9.926e-02
Level 25:bingo.evolutionary_optimizers.evolutionary_optimizer:Generation: 220 	 Elapsed time: 0:11:32.172044 	 Best training fitness: 9.926194e-02 	 
Level 25:bingo.evolutionary_optimizers.evolutionary_optimizer:220, 6.921720e+02, 1804304, 9.926194e-02, 9.926194e-02, 1.008500e-01, 1.012469e-01, 1.014724e-01, 1.015571e-01, 1.298638e-01, 1.638686e-01, 1.822069e-01, 1.919973e-01, 1.922751e-01, 1.922842e-01, 1.923496e-01
INFO:bingo.evolutionary_optimizers.parallel_archipelago:Evolution time 0:00:43.762529	 age 330	 fitness 9.782e-02
Level 25:bingo.evolutionary_optimizers.evolutionary_optimizer:Generation: 230 	 Elapsed time: 0:12:16.215614 	 Best training fitness: 9.781963e-02 	 
Level 25:bingo.evolutionary_optimizers.evolutionary_optimizer:230, 7.362156e+02, 1888697, 9.781963e-02, 9.781963e-02, 1.008346e-01, 1.012469e-01, 1.014033e-01, 1.015571e-01, 1.298638e-01, 1.605110e-01, 1.919973e-01, 1.922751e-01, 1.922842e-01, 1.923496e-01
INFO:bingo.evolutionary_optimizers.parallel_archipelago:Evolution time 0:00:47.091310	 age 340	 fitness 9.782e-02
Level 25:bingo.evolutionary_optimizers.evolutionary_optimizer:Generation: 240 	 Elapsed time: 0:13:03.618099 	 Best training fitness: 9.781963e-02 	 
Level 25:bingo.evolutionary_optimizers.evolutionary_optimizer:240, 7.836181e+02, 1990664, 9.781963e-02, 9.781963e-02, 1.008346e-01, 1.012469e-01, 1.014033e-01, 1.015571e-01, 1.298638e-01, 1.601252e-01, 1.605110e-01, 1.919973e-01, 1.922751e-01, 1.922842e-01, 1.923496e-01
INFO:bingo.evolutionary_optimizers.parallel_archipelago:Evolution time 0:01:00.982036	 age 350	 fitness 9.778e-02
Level 25:bingo.evolutionary_optimizers.evolutionary_optimizer:Generation: 250 	 Elapsed time: 0:14:04.883166 	 Best training fitness: 9.778394e-02 	 
Level 25:bingo.evolutionary_optimizers.evolutionary_optimizer:250, 8.448832e+02, 2123013, 9.778394e-02, 9.778394e-02, 1.008346e-01, 1.012469e-01, 1.014033e-01, 1.015571e-01, 1.298638e-01, 1.601252e-01, 1.605110e-01, 1.919973e-01, 1.922751e-01, 1.922842e-01, 1.923496e-01
INFO:bingo.evolutionary_optimizers.parallel_archipelago:Evolution time 0:00:24.213692	 age 360	 fitness 9.589e-02
Level 25:bingo.evolutionary_optimizers.evolutionary_optimizer:Generation: 260 	 Elapsed time: 0:14:29.378821 	 Best training fitness: 9.589182e-02 	 
Level 25:bingo.evolutionary_optimizers.evolutionary_optimizer:260, 8.693788e+02, 2203816, 9.589182e-02, 9.589182e-02, 9.676703e-02, 1.014444e-01, 1.298638e-01, 1.601252e-01, 1.605110e-01, 1.919973e-01, 1.922751e-01, 1.922842e-01, 1.923206e-01
INFO:bingo.evolutionary_optimizers.parallel_archipelago:Evolution time 0:00:42.902702	 age 380	 fitness 9.588e-02
Level 25:bingo.evolutionary_optimizers.evolutionary_optimizer:Generation: 270 	 Elapsed time: 0:15:12.555386 	 Best training fitness: 9.588315e-02 	 
Level 25:bingo.evolutionary_optimizers.evolutionary_optimizer:270, 9.125554e+02, 2334726, 9.588315e-02, 9.588315e-02, 9.673047e-02, 1.014444e-01, 1.298638e-01, 1.601252e-01, 1.605110e-01, 1.919973e-01, 1.922751e-01, 1.922842e-01, 1.923206e-01
INFO:bingo.evolutionary_optimizers.parallel_archipelago:Evolution time 0:01:08.652497	 age 390	 fitness 9.584e-02
Level 25:bingo.evolutionary_optimizers.evolutionary_optimizer:Generation: 280 	 Elapsed time: 0:16:21.477306 	 Best training fitness: 9.583650e-02 	 
Level 25:bingo.evolutionary_optimizers.evolutionary_optimizer:280, 9.814773e+02, 2450856, 9.583650e-02, 9.583650e-02, 9.633675e-02, 9.670527e-02, 1.014444e-01, 1.298638e-01, 1.601252e-01, 1.605110e-01, 1.919973e-01, 1.922751e-01, 1.922842e-01, 1.923014e-01
INFO:bingo.evolutionary_optimizers.parallel_archipelago:Evolution time 0:00:28.380916	 age 410	 fitness 9.584e-02
Level 25:bingo.evolutionary_optimizers.evolutionary_optimizer:Generation: 290 	 Elapsed time: 0:16:50.132047 	 Best training fitness: 9.583556e-02 	 
Level 25:bingo.evolutionary_optimizers.evolutionary_optimizer:290, 1.010132e+03, 2540441, 9.583556e-02, 9.583556e-02, 9.633675e-02, 9.636343e-02, 1.014403e-01, 1.298638e-01, 1.601252e-01, 1.605110e-01, 1.919973e-01, 1.922751e-01, 1.922842e-01, 1.923014e-01
INFO:bingo.evolutionary_optimizers.parallel_archipelago:Evolution time 0:00:56.454348	 age 430	 fitness 9.154e-02
Level 25:bingo.evolutionary_optimizers.evolutionary_optimizer:Generation: 300 	 Elapsed time: 0:17:46.860410 	 Best training fitness: 9.154106e-02 	 
Level 25:bingo.evolutionary_optimizers.evolutionary_optimizer:300, 1.066860e+03, 2677765, 9.154106e-02, 9.154106e-02, 9.632329e-02, 9.647618e-02, 1.298638e-01, 1.601155e-01, 1.605110e-01, 1.919973e-01, 1.922751e-01, 1.922842e-01, 1.923014e-01
INFO:bingo.evolutionary_optimizers.parallel_archipelago:Evolution time 0:00:36.668606	 age 450	 fitness 9.158e-02
Level 25:bingo.evolutionary_optimizers.evolutionary_optimizer:Generation: 310 	 Elapsed time: 0:18:23.830970 	 Best training fitness: 9.158228e-02 	 
Level 25:bingo.evolutionary_optimizers.evolutionary_optimizer:310, 1.103831e+03, 2784762, 9.158228e-02, 9.154106e-02, 9.631146e-02, 9.647618e-02, 1.298638e-01, 1.601155e-01, 1.605110e-01, 1.919973e-01, 1.922751e-01, 1.922842e-01, 1.923014e-01
INFO:bingo.evolutionary_optimizers.parallel_archipelago:Evolution time 0:00:43.299061	 age 470	 fitness 9.150e-02
Level 25:bingo.evolutionary_optimizers.evolutionary_optimizer:Generation: 320 	 Elapsed time: 0:19:07.392787 	 Best training fitness: 9.150244e-02 	 
Level 25:bingo.evolutionary_optimizers.evolutionary_optimizer:320, 1.147393e+03, 2899990, 9.150244e-02, 9.150244e-02, 9.629977e-02, 9.647618e-02, 1.298638e-01, 1.601155e-01, 1.605110e-01, 1.919973e-01, 1.922751e-01, 1.922842e-01, 1.923014e-01
INFO:bingo.evolutionary_optimizers.parallel_archipelago:Evolution time 0:00:51.755589	 age 480	 fitness 9.112e-02
Level 25:bingo.evolutionary_optimizers.evolutionary_optimizer:Generation: 330 	 Elapsed time: 0:19:59.405786 	 Best training fitness: 9.111848e-02 	 
Level 25:bingo.evolutionary_optimizers.evolutionary_optimizer:330, 1.199406e+03, 3010807, 9.111848e-02, 9.111848e-02, 9.629273e-02, 9.647618e-02, 1.298638e-01, 1.601155e-01, 1.605110e-01, 1.919973e-01, 1.922751e-01, 1.922842e-01, 1.923014e-01
INFO:bingo.evolutionary_optimizers.parallel_archipelago:Evolution time 0:00:23.498337	 age 490	 fitness 8.884e-02
Level 25:bingo.evolutionary_optimizers.evolutionary_optimizer:Generation: 340 	 Elapsed time: 0:20:23.159768 	 Best training fitness: 8.884200e-02 	 
Level 25:bingo.evolutionary_optimizers.evolutionary_optimizer:340, 1.223160e+03, 3090726, 8.884200e-02, 8.884200e-02, 9.111848e-02, 9.628108e-02, 9.647618e-02, 1.298638e-01, 1.601155e-01, 1.605110e-01, 1.919973e-01, 1.922751e-01, 1.922842e-01, 1.923014e-01
INFO:bingo.evolutionary_optimizers.parallel_archipelago:Evolution time 0:00:36.276961	 age 500	 fitness 8.884e-02
Level 25:bingo.evolutionary_optimizers.evolutionary_optimizer:Generation: 350 	 Elapsed time: 0:20:59.694834 	 Best training fitness: 8.883686e-02 	 
Level 25:bingo.evolutionary_optimizers.evolutionary_optimizer:350, 1.259695e+03, 3183029, 8.883686e-02, 8.883686e-02, 9.105884e-02, 9.628108e-02, 9.647618e-02, 1.298638e-01, 1.601155e-01, 1.605110e-01, 1.919973e-01, 1.922751e-01, 1.922842e-01, 1.922965e-01
INFO:bingo.evolutionary_optimizers.parallel_archipelago:Evolution time 0:00:46.139914	 age 530	 fitness 8.882e-02
Level 25:bingo.evolutionary_optimizers.evolutionary_optimizer:Generation: 360 	 Elapsed time: 0:21:46.090465 	 Best training fitness: 8.881760e-02 	 
Level 25:bingo.evolutionary_optimizers.evolutionary_optimizer:360, 1.306090e+03, 3293936, 8.881760e-02, 8.881760e-02, 9.105884e-02, 9.628108e-02, 9.647618e-02, 1.298638e-01, 1.601155e-01, 1.605110e-01, 1.919973e-01, 1.922751e-01, 1.922842e-01, 1.922965e-01
INFO:bingo.evolutionary_optimizers.parallel_archipelago:Evolution time 0:00:27.643312	 age 550	 fitness 8.882e-02
Level 25:bingo.evolutionary_optimizers.evolutionary_optimizer:Generation: 370 	 Elapsed time: 0:22:13.990664 	 Best training fitness: 8.882308e-02 	 
Level 25:bingo.evolutionary_optimizers.evolutionary_optimizer:370, 1.333991e+03, 3382501, 8.882308e-02, 8.881760e-02, 8.888490e-02, 9.105884e-02, 9.628108e-02, 9.647618e-02, 1.062007e-01, 1.601155e-01, 1.605110e-01, 1.919973e-01, 1.922751e-01, 1.922790e-01
INFO:bingo.evolutionary_optimizers.parallel_archipelago:Evolution time 0:00:42.555979	 age 560	 fitness 8.880e-02
Level 25:bingo.evolutionary_optimizers.evolutionary_optimizer:Generation: 380 	 Elapsed time: 0:22:56.832637 	 Best training fitness: 8.879652e-02 	 
Level 25:bingo.evolutionary_optimizers.evolutionary_optimizer:380, 1.376833e+03, 3474272, 8.879652e-02, 8.879652e-02, 9.105884e-02, 9.628108e-02, 9.647618e-02, 1.060781e-01, 1.553872e-01, 1.605110e-01, 1.919973e-01, 1.922751e-01, 1.922790e-01
INFO:bingo.evolutionary_optimizers.parallel_archipelago:Evolution time 0:00:45.395123	 age 590	 fitness 8.882e-02
Level 25:bingo.evolutionary_optimizers.evolutionary_optimizer:Generation: 390 	 Elapsed time: 0:23:42.483574 	 Best training fitness: 8.881522e-02 	 
Level 25:bingo.evolutionary_optimizers.evolutionary_optimizer:390, 1.422484e+03, 3591974, 8.881522e-02, 8.879652e-02, 9.105884e-02, 9.628108e-02, 9.645252e-02, 1.060299e-01, 1.060329e-01, 1.553872e-01, 1.605110e-01, 1.919973e-01, 1.922751e-01, 1.922790e-01
INFO:bingo.evolutionary_optimizers.parallel_archipelago:Evolution time 0:00:44.812313	 age 620	 fitness 8.881e-02
Level 25:bingo.evolutionary_optimizers.evolutionary_optimizer:Generation: 400 	 Elapsed time: 0:24:27.554201 	 Best training fitness: 8.881206e-02 	 
Level 25:bingo.evolutionary_optimizers.evolutionary_optimizer:400, 1.467554e+03, 3702650, 8.881206e-02, 8.879652e-02, 9.105884e-02, 9.628108e-02, 9.645252e-02, 1.060299e-01, 1.060329e-01, 1.553872e-01, 1.605110e-01, 1.919973e-01, 1.922751e-01, 1.922790e-01
INFO:bingo.evolutionary_optimizers.parallel_archipelago:Evolution time 0:00:26.616606	 age 630	 fitness 8.881e-02
Level 25:bingo.evolutionary_optimizers.evolutionary_optimizer:Generation: 410 	 Elapsed time: 0:24:54.430749 	 Best training fitness: 8.881448e-02 	 
Level 25:bingo.evolutionary_optimizers.evolutionary_optimizer:410, 1.494431e+03, 3792670, 8.881448e-02, 8.879652e-02, 9.105884e-02, 9.628108e-02, 9.643706e-02, 1.060299e-01, 1.060306e-01, 1.553872e-01, 1.605110e-01, 1.919973e-01, 1.922751e-01, 1.922790e-01
INFO:bingo.evolutionary_optimizers.parallel_archipelago:Evolution time 0:00:44.671015	 age 650	 fitness 8.881e-02
Level 25:bingo.evolutionary_optimizers.evolutionary_optimizer:Generation: 420 	 Elapsed time: 0:25:39.359378 	 Best training fitness: 8.880558e-02 	 
Level 25:bingo.evolutionary_optimizers.evolutionary_optimizer:420, 1.539359e+03, 3902534, 8.880558e-02, 8.879652e-02, 9.105884e-02, 9.628108e-02, 9.643706e-02, 1.060299e-01, 1.060306e-01, 1.553872e-01, 1.605110e-01, 1.919973e-01, 1.922751e-01, 1.922790e-01
INFO:bingo.evolutionary_optimizers.parallel_archipelago:Evolution time 0:00:44.353779	 age 670	 fitness 8.881e-02
Level 25:bingo.evolutionary_optimizers.evolutionary_optimizer:Generation: 430 	 Elapsed time: 0:26:23.967106 	 Best training fitness: 8.880558e-02 	 
Level 25:bingo.evolutionary_optimizers.evolutionary_optimizer:430, 1.583967e+03, 4032181, 8.880558e-02, 8.879652e-02, 9.105884e-02, 9.581141e-02, 9.643706e-02, 1.060299e-01, 1.060306e-01, 1.553872e-01, 1.605110e-01, 1.919973e-01, 1.922751e-01, 1.922790e-01
INFO:bingo.evolutionary_optimizers.parallel_archipelago:Evolution time 0:00:48.620114	 age 700	 fitness 8.880e-02
Level 25:bingo.evolutionary_optimizers.evolutionary_optimizer:Generation: 440 	 Elapsed time: 0:27:12.840806 	 Best training fitness: 8.880449e-02 	 
Level 25:bingo.evolutionary_optimizers.evolutionary_optimizer:440, 1.632841e+03, 4169348, 8.880449e-02, 8.879652e-02, 9.105884e-02, 9.579674e-02, 9.643706e-02, 1.060247e-01, 1.553872e-01, 1.605110e-01, 1.919973e-01, 1.922751e-01, 1.922790e-01
INFO:bingo.evolutionary_optimizers.parallel_archipelago:Evolution time 0:00:27.335525	 age 710	 fitness 8.881e-02
Level 25:bingo.evolutionary_optimizers.evolutionary_optimizer:Generation: 450 	 Elapsed time: 0:27:40.457074 	 Best training fitness: 8.881042e-02 	 
Level 25:bingo.evolutionary_optimizers.evolutionary_optimizer:450, 1.660457e+03, 4251759, 8.881042e-02, 8.879652e-02, 9.105884e-02, 9.579674e-02, 9.643706e-02, 1.060247e-01, 1.553872e-01, 1.605110e-01, 1.919973e-01, 1.922751e-01, 1.922790e-01
INFO:bingo.evolutionary_optimizers.parallel_archipelago:Evolution time 0:01:06.117065	 age 720	 fitness 8.881e-02
Level 25:bingo.evolutionary_optimizers.evolutionary_optimizer:Generation: 460 	 Elapsed time: 0:28:46.824782 	 Best training fitness: 8.880592e-02 	 
Level 25:bingo.evolutionary_optimizers.evolutionary_optimizer:460, 1.726825e+03, 4369390, 8.880592e-02, 8.879652e-02, 9.105884e-02, 9.579674e-02, 9.643706e-02, 1.060247e-01, 1.553872e-01, 1.605110e-01, 1.919973e-01, 1.922751e-01, 1.922790e-01
INFO:bingo.evolutionary_optimizers.parallel_archipelago:Evolution time 0:00:40.454501	 age 730	 fitness 8.882e-02
Level 25:bingo.evolutionary_optimizers.evolutionary_optimizer:Generation: 470 	 Elapsed time: 0:29:27.529445 	 Best training fitness: 8.881735e-02 	 
Level 25:bingo.evolutionary_optimizers.evolutionary_optimizer:470, 1.767529e+03, 4462114, 8.881735e-02, 8.879652e-02, 9.105884e-02, 9.579674e-02, 9.643706e-02, 1.060237e-01, 1.553872e-01, 1.605110e-01, 1.919973e-01, 1.922751e-01, 1.922790e-01
INFO:bingo.evolutionary_optimizers.parallel_archipelago:Evolution time 0:00:43.987101	 age 740	 fitness 8.882e-02
Level 25:bingo.evolutionary_optimizers.evolutionary_optimizer:Generation: 480 	 Elapsed time: 0:30:11.768474 	 Best training fitness: 8.881838e-02 	 
Level 25:bingo.evolutionary_optimizers.evolutionary_optimizer:480, 1.811768e+03, 4582947, 8.881838e-02, 8.879652e-02, 9.105884e-02, 9.579102e-02, 9.643706e-02, 1.060237e-01, 1.553872e-01, 1.605110e-01, 1.919973e-01, 1.922751e-01, 1.922790e-01
INFO:bingo.evolutionary_optimizers.parallel_archipelago:Evolution time 0:00:42.636915	 age 750	 fitness 8.881e-02
Level 25:bingo.evolutionary_optimizers.evolutionary_optimizer:Generation: 490 	 Elapsed time: 0:30:54.656824 	 Best training fitness: 8.881031e-02 	 
Level 25:bingo.evolutionary_optimizers.evolutionary_optimizer:490, 1.854657e+03, 4703210, 8.881031e-02, 8.879652e-02, 9.105884e-02, 9.578396e-02, 9.643706e-02, 1.060237e-01, 1.553872e-01, 1.605110e-01, 1.919973e-01, 1.922751e-01, 1.922790e-01
INFO:bingo.evolutionary_optimizers.parallel_archipelago:Evolution time 0:00:26.613497	 age 760	 fitness 8.880e-02
Level 25:bingo.evolutionary_optimizers.evolutionary_optimizer:Generation: 500 	 Elapsed time: 0:31:21.517853 	 Best training fitness: 8.880270e-02 	 
Level 25:bingo.evolutionary_optimizers.evolutionary_optimizer:500, 1.881518e+03, 4798075, 8.880270e-02, 8.879652e-02, 9.105884e-02, 9.578396e-02, 9.643706e-02, 1.060237e-01, 1.553872e-01, 1.605110e-01, 1.919973e-01, 1.922751e-01, 1.922790e-01
INFO:bingo.evolutionary_optimizers.parallel_archipelago:Evolution time 0:01:01.242780	 age 770	 fitness 8.882e-02
Level 25:bingo.evolutionary_optimizers.evolutionary_optimizer:Generation: 510 	 Elapsed time: 0:32:23.040040 	 Best training fitness: 8.881824e-02 	 
Level 25:bingo.evolutionary_optimizers.evolutionary_optimizer:510, 1.943040e+03, 4919834, 8.881824e-02, 8.879652e-02, 9.105884e-02, 9.578396e-02, 9.598930e-02, 1.060237e-01, 1.553872e-01, 1.605110e-01, 1.919973e-01, 1.922751e-01, 1.922790e-01
INFO:bingo.evolutionary_optimizers.parallel_archipelago:Evolution time 0:01:04.166891	 age 790	 fitness 8.881e-02
Level 25:bingo.evolutionary_optimizers.evolutionary_optimizer:Generation: 520 	 Elapsed time: 0:33:27.457659 	 Best training fitness: 8.881191e-02 	 
Level 25:bingo.evolutionary_optimizers.evolutionary_optimizer:520, 2.007458e+03, 5080310, 8.881191e-02, 8.879652e-02, 9.105884e-02, 9.578396e-02, 9.595227e-02, 1.060237e-01, 1.553872e-01, 1.588882e-01, 1.919973e-01, 1.922751e-01, 1.922790e-01
INFO:bingo.evolutionary_optimizers.parallel_archipelago:Evolution time 0:00:25.381085	 age 800	 fitness 8.882e-02
Level 25:bingo.evolutionary_optimizers.evolutionary_optimizer:Generation: 530 	 Elapsed time: 0:33:53.088077 	 Best training fitness: 8.881548e-02 	 
Level 25:bingo.evolutionary_optimizers.evolutionary_optimizer:530, 2.033088e+03, 5161589, 8.881548e-02, 8.879652e-02, 9.105884e-02, 9.578396e-02, 9.595227e-02, 1.060237e-01, 1.553872e-01, 1.588882e-01, 1.919973e-01, 1.922751e-01, 1.922790e-01
INFO:bingo.evolutionary_optimizers.parallel_archipelago:Evolution time 0:00:26.688942	 age 810	 fitness 8.882e-02
Level 25:bingo.evolutionary_optimizers.evolutionary_optimizer:Generation: 540 	 Elapsed time: 0:34:20.023182 	 Best training fitness: 8.881795e-02 	 
Level 25:bingo.evolutionary_optimizers.evolutionary_optimizer:540, 2.060023e+03, 5250883, 8.881795e-02, 8.879652e-02, 9.105884e-02, 9.578396e-02, 9.595227e-02, 1.060237e-01, 1.553872e-01, 1.588882e-01, 1.919973e-01, 1.922751e-01, 1.922790e-01
INFO:bingo.evolutionary_optimizers.parallel_archipelago:Evolution time 0:00:58.351372	 age 820	 fitness 8.881e-02
Level 25:bingo.evolutionary_optimizers.evolutionary_optimizer:Generation: 550 	 Elapsed time: 0:35:18.617742 	 Best training fitness: 8.881105e-02 	 
Level 25:bingo.evolutionary_optimizers.evolutionary_optimizer:550, 2.118618e+03, 5362858, 8.881105e-02, 8.879652e-02, 9.105884e-02, 9.578396e-02, 9.595227e-02, 1.060237e-01, 1.553872e-01, 1.588882e-01, 1.919973e-01, 1.922751e-01, 1.922790e-01
INFO:bingo.evolutionary_optimizers.parallel_archipelago:Evolution time 0:00:27.494148	 age 840	 fitness 5.723e-02
Level 25:bingo.evolutionary_optimizers.evolutionary_optimizer:Generation: 560 	 Elapsed time: 0:35:46.347582 	 Best training fitness: 5.723464e-02 	 
Level 25:bingo.evolutionary_optimizers.evolutionary_optimizer:560, 2.146348e+03, 5458892, 5.723464e-02, 5.723464e-02, 1.553872e-01, 1.588882e-01, 1.919973e-01, 1.922751e-01, 1.922790e-01
INFO:bingo.evolutionary_optimizers.parallel_archipelago:Evolution time 0:00:34.633753	 age 850	 fitness 5.638e-02
Level 25:bingo.evolutionary_optimizers.evolutionary_optimizer:Generation: 570 	 Elapsed time: 0:36:21.209704 	 Best training fitness: 5.638213e-02 	 
Level 25:bingo.evolutionary_optimizers.evolutionary_optimizer:570, 2.181210e+03, 5559722, 5.638213e-02, 5.638213e-02, 5.723464e-02, 1.553872e-01, 1.588882e-01, 1.919973e-01, 1.922751e-01, 1.922790e-01
INFO:bingo.evolutionary_optimizers.parallel_archipelago:Evolution time 0:00:17.352495	 age 860	 fitness 7.535e-03
Level 25:bingo.evolutionary_optimizers.evolutionary_optimizer:Generation: 580 	 Elapsed time: 0:36:38.815914 	 Best training fitness: 7.535446e-03 	 
Level 25:bingo.evolutionary_optimizers.evolutionary_optimizer:580, 2.198816e+03, 5619409, 7.535446e-03, 7.535446e-03, 1.588882e-01, 1.919973e-01, 1.922751e-01, 1.922790e-01
INFO:bingo.evolutionary_optimizers.parallel_archipelago:Evolution time 0:00:13.989190	 age 870	 fitness 0.000e+00
Level 25:bingo.evolutionary_optimizers.evolutionary_optimizer:Generation: 590 	 Elapsed time: 0:36:53.025222 	 Best training fitness: 0.000000e+00 	 
Level 25:bingo.evolutionary_optimizers.evolutionary_optimizer:590, 2.213025e+03, 5669622, 0.000000e+00, 0.000000e+00, 1.922751e-01, 1.922790e-01
Level 25:bingo.evolutionary_optimizers.evolutionary_optimizer:Evolution successfully converged.
Level 25:bingo.evolutionary_optimizers.evolutionary_optimizer:  Absolte convergence occurred with best fitness < 1e-10
Level 25:bingo.evolutionary_optimizers.evolutionary_optimizer:Hall of Fame:
0.0	7	sin(log((X_1)(X_1) + (X_0)(X_0)))
0.19227507638698527	4	sin(log((-0.023655)(-0.023655)))
0.1922790044435399	1	-0.933343
