Level 25:bingo.evolutionary_optimizers.evolutionary_optimizer:#generational_age, elapsed_time, fitness_evaluation_count, current_training_fitness, hall_of_fame_fitnesses
Level 25:bingo.evolutionary_optimizers.evolutionary_optimizer:#generational_age, elapsed_time, fitness_evaluation_count, current_training_fitness, hall_of_fame_fitnesses
Level 25:bingo.evolutionary_optimizers.parallel_archipelago:Saving checkpoint: src/bingo_bias_vias_decomposition/checkpoints_st_40/implicit_st_40_p4_p6_5_0.pkl
INFO:bingo.evolutionary_optimizers.parallel_archipelago:Saved successfully
Level 25:bingo.evolutionary_optimizers.evolutionary_optimizer:Generation: 0 	 Elapsed time: 0:00:04.109933 	 Best training fitness: 9.698945e-02 	 
Level 25:bingo.evolutionary_optimizers.evolutionary_optimizer:0, 4.109933e+00, 15387, 9.698945e-02
INFO:bingo.evolutionary_optimizers.parallel_archipelago:Performing migration between Islands
INFO:bingo.evolutionary_optimizers.parallel_archipelago:Evolution time 0:00:33.354932	 age 20	 fitness 8.148e-02
Level 25:bingo.evolutionary_optimizers.parallel_archipelago:Saving checkpoint: src/bingo_bias_vias_decomposition/checkpoints_st_40/implicit_st_40_p4_p6_5_10.pkl
INFO:bingo.evolutionary_optimizers.parallel_archipelago:Saved successfully
Level 25:bingo.evolutionary_optimizers.evolutionary_optimizer:Generation: 10 	 Elapsed time: 0:00:37.687192 	 Best training fitness: 8.147535e-02 	 
Level 25:bingo.evolutionary_optimizers.evolutionary_optimizer:10, 3.768719e+01, 132901, 8.147535e-02, 8.147535e-02, 9.623393e-02, 9.646482e-02, 9.690507e-02
INFO:bingo.evolutionary_optimizers.parallel_archipelago:Performing migration between Islands
INFO:bingo.evolutionary_optimizers.parallel_archipelago:Evolution time 0:00:29.481421	 age 30	 fitness 8.128e-02
Level 25:bingo.evolutionary_optimizers.parallel_archipelago:Saving checkpoint: src/bingo_bias_vias_decomposition/checkpoints_st_40/implicit_st_40_p4_p6_5_20.pkl
INFO:bingo.evolutionary_optimizers.parallel_archipelago:Saved successfully
Level 25:bingo.evolutionary_optimizers.evolutionary_optimizer:Generation: 20 	 Elapsed time: 0:01:07.465614 	 Best training fitness: 8.128002e-02 	 
Level 25:bingo.evolutionary_optimizers.evolutionary_optimizer:20, 6.746561e+01, 197641, 8.128002e-02, 8.128002e-02, 8.164800e-02, 9.623393e-02, 9.640495e-02, 9.646482e-02, 9.669478e-02
INFO:bingo.evolutionary_optimizers.parallel_archipelago:Performing migration between Islands
INFO:bingo.evolutionary_optimizers.parallel_archipelago:Evolution time 0:00:13.585283	 age 40	 fitness 8.136e-02
Level 25:bingo.evolutionary_optimizers.parallel_archipelago:Saving checkpoint: src/bingo_bias_vias_decomposition/checkpoints_st_40/implicit_st_40_p4_p6_5_30.pkl
INFO:bingo.evolutionary_optimizers.parallel_archipelago:Saved successfully
Level 25:bingo.evolutionary_optimizers.evolutionary_optimizer:Generation: 30 	 Elapsed time: 0:01:21.314481 	 Best training fitness: 8.135758e-02 	 
Level 25:bingo.evolutionary_optimizers.evolutionary_optimizer:30, 8.131448e+01, 244351, 8.135758e-02, 8.128002e-02, 8.143411e-02, 9.572047e-02, 9.623393e-02, 9.635541e-02, 9.646482e-02, 9.650689e-02
INFO:bingo.evolutionary_optimizers.parallel_archipelago:Performing migration between Islands
INFO:bingo.evolutionary_optimizers.parallel_archipelago:Evolution time 0:00:31.929038	 age 50	 fitness 8.113e-02
Level 25:bingo.evolutionary_optimizers.parallel_archipelago:Saving checkpoint: src/bingo_bias_vias_decomposition/checkpoints_st_40/implicit_st_40_p4_p6_5_40.pkl
INFO:bingo.evolutionary_optimizers.parallel_archipelago:Saved successfully
Level 25:bingo.evolutionary_optimizers.evolutionary_optimizer:Generation: 40 	 Elapsed time: 0:01:53.543187 	 Best training fitness: 8.113239e-02 	 
Level 25:bingo.evolutionary_optimizers.evolutionary_optimizer:40, 1.135432e+02, 335733, 8.113239e-02, 8.113239e-02, 8.143411e-02, 9.558621e-02, 9.623393e-02, 9.635541e-02, 9.646482e-02, 9.650689e-02
INFO:bingo.evolutionary_optimizers.parallel_archipelago:Performing migration between Islands
INFO:bingo.evolutionary_optimizers.parallel_archipelago:Evolution time 0:00:32.389904	 age 60	 fitness 8.094e-02
Level 25:bingo.evolutionary_optimizers.parallel_archipelago:Saving checkpoint: src/bingo_bias_vias_decomposition/checkpoints_st_40/implicit_st_40_p4_p6_5_50.pkl
INFO:bingo.evolutionary_optimizers.parallel_archipelago:Saved successfully
Level 25:bingo.evolutionary_optimizers.evolutionary_optimizer:Generation: 50 	 Elapsed time: 0:02:26.202566 	 Best training fitness: 8.094061e-02 	 
Level 25:bingo.evolutionary_optimizers.evolutionary_optimizer:50, 1.462026e+02, 436279, 8.094061e-02, 8.094061e-02, 8.122081e-02, 9.558621e-02, 9.623393e-02, 9.631688e-02, 9.646482e-02, 9.650689e-02
INFO:bingo.evolutionary_optimizers.parallel_archipelago:Performing migration between Islands
INFO:bingo.evolutionary_optimizers.parallel_archipelago:Evolution time 0:00:33.387387	 age 70	 fitness 8.062e-02
Level 25:bingo.evolutionary_optimizers.parallel_archipelago:Saving checkpoint: src/bingo_bias_vias_decomposition/checkpoints_st_40/implicit_st_40_p4_p6_5_60.pkl
INFO:bingo.evolutionary_optimizers.parallel_archipelago:Saved successfully
Level 25:bingo.evolutionary_optimizers.evolutionary_optimizer:Generation: 60 	 Elapsed time: 0:02:59.878949 	 Best training fitness: 8.061681e-02 	 
Level 25:bingo.evolutionary_optimizers.evolutionary_optimizer:60, 1.798789e+02, 557721, 8.061681e-02, 8.061681e-02, 8.094061e-02, 8.098958e-02, 9.558621e-02, 9.623393e-02, 9.625720e-02, 9.631688e-02, 9.646482e-02, 9.650689e-02
INFO:bingo.evolutionary_optimizers.parallel_archipelago:Performing migration between Islands
INFO:bingo.evolutionary_optimizers.parallel_archipelago:Evolution time 0:00:35.292336	 age 80	 fitness 5.669e-02
Level 25:bingo.evolutionary_optimizers.parallel_archipelago:Saving checkpoint: src/bingo_bias_vias_decomposition/checkpoints_st_40/implicit_st_40_p4_p6_5_70.pkl
INFO:bingo.evolutionary_optimizers.parallel_archipelago:Saved successfully
Level 25:bingo.evolutionary_optimizers.evolutionary_optimizer:Generation: 70 	 Elapsed time: 0:03:35.404545 	 Best training fitness: 5.668656e-02 	 
Level 25:bingo.evolutionary_optimizers.evolutionary_optimizer:70, 2.154045e+02, 658434, 5.668656e-02, 5.668656e-02, 5.743228e-02, 8.067910e-02, 8.085743e-02, 9.558621e-02, 9.623393e-02, 9.625720e-02, 9.631688e-02, 9.646482e-02, 9.650689e-02
INFO:bingo.evolutionary_optimizers.parallel_archipelago:Performing migration between Islands
INFO:bingo.evolutionary_optimizers.parallel_archipelago:Evolution time 0:00:18.215941	 age 90	 fitness 5.664e-02
Level 25:bingo.evolutionary_optimizers.parallel_archipelago:Saving checkpoint: src/bingo_bias_vias_decomposition/checkpoints_st_40/implicit_st_40_p4_p6_5_80.pkl
INFO:bingo.evolutionary_optimizers.parallel_archipelago:Saved successfully
Level 25:bingo.evolutionary_optimizers.evolutionary_optimizer:Generation: 80 	 Elapsed time: 0:03:53.888551 	 Best training fitness: 5.664111e-02 	 
Level 25:bingo.evolutionary_optimizers.evolutionary_optimizer:80, 2.338886e+02, 726478, 5.664111e-02, 5.664111e-02, 5.670428e-02, 5.736965e-02, 7.057307e-02, 8.085743e-02, 9.558621e-02, 9.623393e-02, 9.625720e-02, 9.631688e-02, 9.646482e-02, 9.650689e-02
INFO:bingo.evolutionary_optimizers.parallel_archipelago:Performing migration between Islands
INFO:bingo.evolutionary_optimizers.parallel_archipelago:Evolution time 0:00:36.017885	 age 100	 fitness 5.250e-02
Level 25:bingo.evolutionary_optimizers.parallel_archipelago:Saving checkpoint: src/bingo_bias_vias_decomposition/checkpoints_st_40/implicit_st_40_p4_p6_5_90.pkl
INFO:bingo.evolutionary_optimizers.parallel_archipelago:Saved successfully
Level 25:bingo.evolutionary_optimizers.evolutionary_optimizer:Generation: 90 	 Elapsed time: 0:04:30.202025 	 Best training fitness: 5.249799e-02 	 
Level 25:bingo.evolutionary_optimizers.evolutionary_optimizer:90, 2.702020e+02, 833750, 5.249799e-02, 5.249799e-02, 5.656198e-02, 5.665231e-02, 5.736965e-02, 6.252011e-02, 8.085743e-02, 9.558621e-02, 9.623393e-02, 9.625720e-02, 9.631688e-02, 9.646482e-02, 9.650689e-02
INFO:bingo.evolutionary_optimizers.parallel_archipelago:Performing migration between Islands
INFO:bingo.evolutionary_optimizers.parallel_archipelago:Evolution time 0:00:45.372850	 age 110	 fitness 5.249e-02
Level 25:bingo.evolutionary_optimizers.parallel_archipelago:Saving checkpoint: src/bingo_bias_vias_decomposition/checkpoints_st_40/implicit_st_40_p4_p6_5_100.pkl
INFO:bingo.evolutionary_optimizers.parallel_archipelago:Saved successfully
Level 25:bingo.evolutionary_optimizers.evolutionary_optimizer:Generation: 100 	 Elapsed time: 0:05:15.868213 	 Best training fitness: 5.249464e-02 	 
Level 25:bingo.evolutionary_optimizers.evolutionary_optimizer:100, 3.158682e+02, 973300, 5.249464e-02, 5.249464e-02, 5.656161e-02, 5.658263e-02, 5.736965e-02, 6.252011e-02, 8.085743e-02, 9.558621e-02, 9.623393e-02, 9.625720e-02, 9.631688e-02, 9.637085e-02, 9.650024e-02
INFO:bingo.evolutionary_optimizers.parallel_archipelago:Performing migration between Islands
INFO:bingo.evolutionary_optimizers.parallel_archipelago:Evolution time 0:00:39.331919	 age 120	 fitness 5.229e-02
Level 25:bingo.evolutionary_optimizers.parallel_archipelago:Saving checkpoint: src/bingo_bias_vias_decomposition/checkpoints_st_40/implicit_st_40_p4_p6_5_110.pkl
INFO:bingo.evolutionary_optimizers.parallel_archipelago:Saved successfully
Level 25:bingo.evolutionary_optimizers.evolutionary_optimizer:Generation: 110 	 Elapsed time: 0:05:55.439995 	 Best training fitness: 5.228995e-02 	 
Level 25:bingo.evolutionary_optimizers.evolutionary_optimizer:110, 3.554400e+02, 1086330, 5.228995e-02, 5.228995e-02, 5.242558e-02, 5.653833e-02, 5.736965e-02, 6.252011e-02, 8.085743e-02, 9.558621e-02, 9.623393e-02, 9.625720e-02, 9.625860e-02, 9.641770e-02
INFO:bingo.evolutionary_optimizers.parallel_archipelago:Performing migration between Islands
INFO:bingo.evolutionary_optimizers.parallel_archipelago:Evolution time 0:00:21.566042	 age 130	 fitness 5.230e-02
Level 25:bingo.evolutionary_optimizers.parallel_archipelago:Saving checkpoint: src/bingo_bias_vias_decomposition/checkpoints_st_40/implicit_st_40_p4_p6_5_120.pkl
INFO:bingo.evolutionary_optimizers.parallel_archipelago:Saved successfully
Level 25:bingo.evolutionary_optimizers.evolutionary_optimizer:Generation: 120 	 Elapsed time: 0:06:17.243985 	 Best training fitness: 5.230324e-02 	 
Level 25:bingo.evolutionary_optimizers.evolutionary_optimizer:120, 3.772440e+02, 1169464, 5.230324e-02, 5.228995e-02, 5.242558e-02, 5.653833e-02, 5.736965e-02, 6.252011e-02, 8.085743e-02, 9.558621e-02, 9.623393e-02, 9.625720e-02, 9.625860e-02, 9.629701e-02
INFO:bingo.evolutionary_optimizers.parallel_archipelago:Performing migration between Islands
INFO:bingo.evolutionary_optimizers.parallel_archipelago:Evolution time 0:01:12.889596	 age 140	 fitness 4.672e-02
Level 25:bingo.evolutionary_optimizers.parallel_archipelago:Saving checkpoint: src/bingo_bias_vias_decomposition/checkpoints_st_40/implicit_st_40_p4_p6_5_130.pkl
INFO:bingo.evolutionary_optimizers.parallel_archipelago:Saved successfully
Level 25:bingo.evolutionary_optimizers.evolutionary_optimizer:Generation: 130 	 Elapsed time: 0:07:30.401496 	 Best training fitness: 4.672254e-02 	 
Level 25:bingo.evolutionary_optimizers.evolutionary_optimizer:130, 4.504015e+02, 1315806, 4.672254e-02, 4.672254e-02, 4.844766e-02, 5.228995e-02, 5.242558e-02, 5.653320e-02, 5.653833e-02, 5.660136e-02, 5.736965e-02, 6.252011e-02, 8.085743e-02, 9.558621e-02, 9.623393e-02, 9.625720e-02, 9.625860e-02, 9.629701e-02
INFO:bingo.evolutionary_optimizers.parallel_archipelago:Performing migration between Islands
INFO:bingo.evolutionary_optimizers.parallel_archipelago:Evolution time 0:00:24.782404	 age 150	 fitness 4.662e-02
Level 25:bingo.evolutionary_optimizers.parallel_archipelago:Saving checkpoint: src/bingo_bias_vias_decomposition/checkpoints_st_40/implicit_st_40_p4_p6_5_140.pkl
INFO:bingo.evolutionary_optimizers.parallel_archipelago:Saved successfully
Level 25:bingo.evolutionary_optimizers.evolutionary_optimizer:Generation: 140 	 Elapsed time: 0:07:55.451890 	 Best training fitness: 4.662115e-02 	 
Level 25:bingo.evolutionary_optimizers.evolutionary_optimizer:140, 4.754519e+02, 1405582, 4.662115e-02, 4.662115e-02, 4.844766e-02, 5.228995e-02, 5.242558e-02, 5.653176e-02, 5.653833e-02, 5.660136e-02, 5.736965e-02, 6.252011e-02, 8.085743e-02, 9.558621e-02, 9.623393e-02, 9.625720e-02, 9.625860e-02, 9.629701e-02
INFO:bingo.evolutionary_optimizers.parallel_archipelago:Performing migration between Islands
INFO:bingo.evolutionary_optimizers.parallel_archipelago:Evolution time 0:00:35.838445	 age 160	 fitness 4.661e-02
Level 25:bingo.evolutionary_optimizers.parallel_archipelago:Saving checkpoint: src/bingo_bias_vias_decomposition/checkpoints_st_40/implicit_st_40_p4_p6_5_150.pkl
INFO:bingo.evolutionary_optimizers.parallel_archipelago:Saved successfully
Level 25:bingo.evolutionary_optimizers.evolutionary_optimizer:Generation: 150 	 Elapsed time: 0:08:31.589231 	 Best training fitness: 4.660784e-02 	 
Level 25:bingo.evolutionary_optimizers.evolutionary_optimizer:150, 5.115892e+02, 1506828, 4.660784e-02, 4.660784e-02, 4.844766e-02, 5.023779e-02, 5.239960e-02, 5.652951e-02, 5.736965e-02, 6.252011e-02, 8.085743e-02, 9.558621e-02, 9.623393e-02, 9.625720e-02, 9.625860e-02, 9.629701e-02
INFO:bingo.evolutionary_optimizers.parallel_archipelago:Performing migration between Islands
INFO:bingo.evolutionary_optimizers.parallel_archipelago:Evolution time 0:00:38.625778	 age 170	 fitness 4.660e-02
Level 25:bingo.evolutionary_optimizers.parallel_archipelago:Saving checkpoint: src/bingo_bias_vias_decomposition/checkpoints_st_40/implicit_st_40_p4_p6_5_160.pkl
INFO:bingo.evolutionary_optimizers.parallel_archipelago:Saved successfully
Level 25:bingo.evolutionary_optimizers.evolutionary_optimizer:Generation: 160 	 Elapsed time: 0:09:10.503223 	 Best training fitness: 4.659643e-02 	 
Level 25:bingo.evolutionary_optimizers.evolutionary_optimizer:160, 5.505032e+02, 1596792, 4.659643e-02, 4.659643e-02, 4.660605e-02, 5.023779e-02, 5.239960e-02, 5.652951e-02, 5.736965e-02, 6.252011e-02, 8.085743e-02, 9.558621e-02, 9.623393e-02, 9.625720e-02, 9.625860e-02, 9.629701e-02
INFO:bingo.evolutionary_optimizers.parallel_archipelago:Performing migration between Islands
INFO:bingo.evolutionary_optimizers.parallel_archipelago:Evolution time 0:00:45.877154	 age 180	 fitness 4.659e-02
Level 25:bingo.evolutionary_optimizers.parallel_archipelago:Saving checkpoint: src/bingo_bias_vias_decomposition/checkpoints_st_40/implicit_st_40_p4_p6_5_170.pkl
INFO:bingo.evolutionary_optimizers.parallel_archipelago:Saved successfully
Level 25:bingo.evolutionary_optimizers.evolutionary_optimizer:Generation: 170 	 Elapsed time: 0:09:56.732122 	 Best training fitness: 4.658969e-02 	 
Level 25:bingo.evolutionary_optimizers.evolutionary_optimizer:170, 5.967321e+02, 1690469, 4.658969e-02, 4.658969e-02, 4.659398e-02, 5.023779e-02, 5.231415e-02, 5.652067e-02, 5.652951e-02, 5.736965e-02, 6.252011e-02, 8.085743e-02, 9.558621e-02, 9.623393e-02, 9.625720e-02, 9.625860e-02, 9.629701e-02
INFO:bingo.evolutionary_optimizers.parallel_archipelago:Performing migration between Islands
INFO:bingo.evolutionary_optimizers.parallel_archipelago:Evolution time 0:00:54.784696	 age 190	 fitness 4.643e-02
Level 25:bingo.evolutionary_optimizers.parallel_archipelago:Saving checkpoint: src/bingo_bias_vias_decomposition/checkpoints_st_40/implicit_st_40_p4_p6_5_180.pkl
INFO:bingo.evolutionary_optimizers.parallel_archipelago:Saved successfully
Level 25:bingo.evolutionary_optimizers.evolutionary_optimizer:Generation: 180 	 Elapsed time: 0:10:51.859088 	 Best training fitness: 4.642510e-02 	 
Level 25:bingo.evolutionary_optimizers.evolutionary_optimizer:180, 6.518591e+02, 1797932, 4.642510e-02, 4.642510e-02, 4.658969e-02, 4.659398e-02, 5.023779e-02, 5.231415e-02, 5.651959e-02, 5.652951e-02, 5.736965e-02, 6.252011e-02, 8.085743e-02, 9.558621e-02, 9.623393e-02, 9.625720e-02, 9.625860e-02, 9.629701e-02
INFO:bingo.evolutionary_optimizers.parallel_archipelago:Performing migration between Islands
INFO:bingo.evolutionary_optimizers.parallel_archipelago:Evolution time 0:00:29.496589	 age 200	 fitness 4.647e-02
Level 25:bingo.evolutionary_optimizers.parallel_archipelago:Saving checkpoint: src/bingo_bias_vias_decomposition/checkpoints_st_40/implicit_st_40_p4_p6_5_190.pkl
INFO:bingo.evolutionary_optimizers.parallel_archipelago:Saved successfully
Level 25:bingo.evolutionary_optimizers.evolutionary_optimizer:Generation: 190 	 Elapsed time: 0:11:21.690264 	 Best training fitness: 4.646774e-02 	 
Level 25:bingo.evolutionary_optimizers.evolutionary_optimizer:190, 6.816903e+02, 1910406, 4.646774e-02, 4.642510e-02, 4.658969e-02, 4.659334e-02, 5.023779e-02, 5.231415e-02, 5.651353e-02, 5.736965e-02, 6.252011e-02, 8.085743e-02, 9.558621e-02, 9.623393e-02, 9.625720e-02, 9.625860e-02, 9.628102e-02
INFO:bingo.evolutionary_optimizers.parallel_archipelago:Performing migration between Islands
INFO:bingo.evolutionary_optimizers.parallel_archipelago:Evolution time 0:00:28.506683	 age 210	 fitness 4.639e-02
Level 25:bingo.evolutionary_optimizers.parallel_archipelago:Saving checkpoint: src/bingo_bias_vias_decomposition/checkpoints_st_40/implicit_st_40_p4_p6_5_200.pkl
INFO:bingo.evolutionary_optimizers.parallel_archipelago:Saved successfully
Level 25:bingo.evolutionary_optimizers.evolutionary_optimizer:Generation: 200 	 Elapsed time: 0:11:50.535918 	 Best training fitness: 4.639246e-02 	 
Level 25:bingo.evolutionary_optimizers.evolutionary_optimizer:200, 7.105359e+02, 2012606, 4.639246e-02, 4.639246e-02, 4.646230e-02, 4.658969e-02, 4.659334e-02, 5.023779e-02, 5.231415e-02, 5.651353e-02, 5.736965e-02, 6.252011e-02, 8.085743e-02, 9.558621e-02, 9.623393e-02, 9.625720e-02, 9.625860e-02, 9.628102e-02
INFO:bingo.evolutionary_optimizers.parallel_archipelago:Performing migration between Islands
INFO:bingo.evolutionary_optimizers.parallel_archipelago:Evolution time 0:00:43.990239	 age 220	 fitness 3.664e-02
Level 25:bingo.evolutionary_optimizers.parallel_archipelago:Saving checkpoint: src/bingo_bias_vias_decomposition/checkpoints_st_40/implicit_st_40_p4_p6_5_210.pkl
INFO:bingo.evolutionary_optimizers.parallel_archipelago:Saved successfully
Level 25:bingo.evolutionary_optimizers.evolutionary_optimizer:Generation: 210 	 Elapsed time: 0:12:34.801392 	 Best training fitness: 3.664038e-02 	 
Level 25:bingo.evolutionary_optimizers.evolutionary_optimizer:210, 7.548014e+02, 2144797, 3.664038e-02, 3.664038e-02, 4.639246e-02, 4.646230e-02, 4.658969e-02, 4.659334e-02, 5.023779e-02, 5.231415e-02, 5.651353e-02, 5.736965e-02, 6.252011e-02, 8.085743e-02, 9.558621e-02, 9.623393e-02, 9.625720e-02, 9.625860e-02, 9.626366e-02
INFO:bingo.evolutionary_optimizers.parallel_archipelago:Performing migration between Islands
INFO:bingo.evolutionary_optimizers.parallel_archipelago:Evolution time 0:00:44.716172	 age 230	 fitness 3.664e-02
Level 25:bingo.evolutionary_optimizers.parallel_archipelago:Saving checkpoint: src/bingo_bias_vias_decomposition/checkpoints_st_40/implicit_st_40_p4_p6_5_220.pkl
INFO:bingo.evolutionary_optimizers.parallel_archipelago:Saved successfully
Level 25:bingo.evolutionary_optimizers.evolutionary_optimizer:Generation: 220 	 Elapsed time: 0:13:19.894304 	 Best training fitness: 3.664038e-02 	 
Level 25:bingo.evolutionary_optimizers.evolutionary_optimizer:220, 7.998943e+02, 2262678, 3.664038e-02, 3.664038e-02, 3.664042e-02, 4.640122e-02, 4.658969e-02, 4.659334e-02, 5.023779e-02, 5.231415e-02, 5.651353e-02, 5.736965e-02, 6.252011e-02, 8.085743e-02, 9.558621e-02, 9.623393e-02, 9.625720e-02, 9.625860e-02, 9.626366e-02
INFO:bingo.evolutionary_optimizers.parallel_archipelago:Performing migration between Islands
INFO:bingo.evolutionary_optimizers.parallel_archipelago:Evolution time 0:00:42.043771	 age 240	 fitness 3.664e-02
Level 25:bingo.evolutionary_optimizers.parallel_archipelago:Saving checkpoint: src/bingo_bias_vias_decomposition/checkpoints_st_40/implicit_st_40_p4_p6_5_230.pkl
INFO:bingo.evolutionary_optimizers.parallel_archipelago:Saved successfully
Level 25:bingo.evolutionary_optimizers.evolutionary_optimizer:Generation: 230 	 Elapsed time: 0:14:02.181802 	 Best training fitness: 3.664038e-02 	 
Level 25:bingo.evolutionary_optimizers.evolutionary_optimizer:230, 8.421818e+02, 2367889, 3.664038e-02, 3.664038e-02, 3.664042e-02, 4.631042e-02, 4.658969e-02, 4.659334e-02, 5.023779e-02, 5.231415e-02, 5.651353e-02, 5.736965e-02, 6.252011e-02, 8.085743e-02, 9.558621e-02, 9.623393e-02, 9.625720e-02, 9.625860e-02, 9.626366e-02
INFO:bingo.evolutionary_optimizers.parallel_archipelago:Performing migration between Islands
INFO:bingo.evolutionary_optimizers.parallel_archipelago:Evolution time 0:00:59.619057	 age 250	 fitness 3.660e-02
Level 25:bingo.evolutionary_optimizers.parallel_archipelago:Saving checkpoint: src/bingo_bias_vias_decomposition/checkpoints_st_40/implicit_st_40_p4_p6_5_240.pkl
INFO:bingo.evolutionary_optimizers.parallel_archipelago:Saved successfully
Level 25:bingo.evolutionary_optimizers.evolutionary_optimizer:Generation: 240 	 Elapsed time: 0:15:02.048266 	 Best training fitness: 3.659632e-02 	 
Level 25:bingo.evolutionary_optimizers.evolutionary_optimizer:240, 9.020483e+02, 2534254, 3.659632e-02, 3.659632e-02, 3.664042e-02, 4.623608e-02, 4.658660e-02, 4.659334e-02, 5.023779e-02, 5.231415e-02, 5.651353e-02, 5.736965e-02, 6.252011e-02, 8.085743e-02, 9.558621e-02, 9.623393e-02, 9.625720e-02, 9.625860e-02, 9.626366e-02
INFO:bingo.evolutionary_optimizers.parallel_archipelago:Performing migration between Islands
INFO:bingo.evolutionary_optimizers.parallel_archipelago:Evolution time 0:00:58.560137	 age 260	 fitness 3.660e-02
Level 25:bingo.evolutionary_optimizers.parallel_archipelago:Saving checkpoint: src/bingo_bias_vias_decomposition/checkpoints_st_40/implicit_st_40_p4_p6_5_250.pkl
INFO:bingo.evolutionary_optimizers.parallel_archipelago:Saved successfully
Level 25:bingo.evolutionary_optimizers.evolutionary_optimizer:Generation: 250 	 Elapsed time: 0:16:00.851857 	 Best training fitness: 3.660031e-02 	 
Level 25:bingo.evolutionary_optimizers.evolutionary_optimizer:250, 9.608519e+02, 2698883, 3.660031e-02, 3.659632e-02, 3.664042e-02, 4.618087e-02, 4.658660e-02, 4.659334e-02, 5.023779e-02, 5.227351e-02, 5.651353e-02, 5.736965e-02, 6.252011e-02, 8.085743e-02, 9.558621e-02, 9.623393e-02, 9.625720e-02, 9.625860e-02, 9.626366e-02
INFO:bingo.evolutionary_optimizers.parallel_archipelago:Performing migration between Islands
INFO:bingo.evolutionary_optimizers.parallel_archipelago:Evolution time 0:00:40.700250	 age 270	 fitness 3.639e-02
Level 25:bingo.evolutionary_optimizers.parallel_archipelago:Saving checkpoint: src/bingo_bias_vias_decomposition/checkpoints_st_40/implicit_st_40_p4_p6_5_260.pkl
INFO:bingo.evolutionary_optimizers.parallel_archipelago:Saved successfully
Level 25:bingo.evolutionary_optimizers.evolutionary_optimizer:Generation: 260 	 Elapsed time: 0:16:41.803137 	 Best training fitness: 3.638709e-02 	 
Level 25:bingo.evolutionary_optimizers.evolutionary_optimizer:260, 1.001803e+03, 2804635, 3.638709e-02, 3.638709e-02, 3.659632e-02, 3.664042e-02, 4.618087e-02, 4.658616e-02, 5.023779e-02, 5.227351e-02, 5.651353e-02, 5.736965e-02, 6.252011e-02, 8.085743e-02, 9.558621e-02, 9.623393e-02, 9.625720e-02, 9.625860e-02, 9.626366e-02
INFO:bingo.evolutionary_optimizers.parallel_archipelago:Performing migration between Islands
INFO:bingo.evolutionary_optimizers.parallel_archipelago:Evolution time 0:00:48.751715	 age 280	 fitness 3.639e-02
Level 25:bingo.evolutionary_optimizers.parallel_archipelago:Saving checkpoint: src/bingo_bias_vias_decomposition/checkpoints_st_40/implicit_st_40_p4_p6_5_270.pkl
INFO:bingo.evolutionary_optimizers.parallel_archipelago:Saved successfully
Level 25:bingo.evolutionary_optimizers.evolutionary_optimizer:Generation: 270 	 Elapsed time: 0:17:30.853013 	 Best training fitness: 3.638709e-02 	 
Level 25:bingo.evolutionary_optimizers.evolutionary_optimizer:270, 1.050853e+03, 2931927, 3.638709e-02, 3.638709e-02, 3.659320e-02, 3.664042e-02, 4.618087e-02, 4.658500e-02, 4.658616e-02, 4.977653e-02, 5.227351e-02, 5.651353e-02, 5.736965e-02, 6.252011e-02, 8.085743e-02, 9.558621e-02, 9.623393e-02, 9.625720e-02, 9.625860e-02, 9.626366e-02
INFO:bingo.evolutionary_optimizers.parallel_archipelago:Performing migration between Islands
INFO:bingo.evolutionary_optimizers.parallel_archipelago:Evolution time 0:01:22.564148	 age 290	 fitness 3.452e-02
Level 25:bingo.evolutionary_optimizers.parallel_archipelago:Saving checkpoint: src/bingo_bias_vias_decomposition/checkpoints_st_40/implicit_st_40_p4_p6_5_280.pkl
INFO:bingo.evolutionary_optimizers.parallel_archipelago:Saved successfully
Level 25:bingo.evolutionary_optimizers.evolutionary_optimizer:Generation: 280 	 Elapsed time: 0:18:53.748508 	 Best training fitness: 3.452285e-02 	 
Level 25:bingo.evolutionary_optimizers.evolutionary_optimizer:280, 1.133749e+03, 3064067, 3.452285e-02, 3.452285e-02, 3.612385e-02, 3.636556e-02, 3.659320e-02, 3.664042e-02, 4.618087e-02, 4.658500e-02, 4.658616e-02, 4.977653e-02, 5.227351e-02, 5.651353e-02, 5.736965e-02, 6.252011e-02, 8.085743e-02, 9.558621e-02, 9.623393e-02, 9.625720e-02, 9.625860e-02, 9.626366e-02
INFO:bingo.evolutionary_optimizers.parallel_archipelago:Performing migration between Islands
INFO:bingo.evolutionary_optimizers.parallel_archipelago:Evolution time 0:00:33.834182	 age 300	 fitness 3.453e-02
Level 25:bingo.evolutionary_optimizers.parallel_archipelago:Saving checkpoint: src/bingo_bias_vias_decomposition/checkpoints_st_40/implicit_st_40_p4_p6_5_290.pkl
INFO:bingo.evolutionary_optimizers.parallel_archipelago:Saved successfully
Level 25:bingo.evolutionary_optimizers.evolutionary_optimizer:Generation: 290 	 Elapsed time: 0:19:27.881548 	 Best training fitness: 3.452605e-02 	 
Level 25:bingo.evolutionary_optimizers.evolutionary_optimizer:290, 1.167882e+03, 3175698, 3.452605e-02, 3.452285e-02, 3.612385e-02, 3.636556e-02, 3.659320e-02, 3.664042e-02, 4.618087e-02, 4.658500e-02, 4.658616e-02, 4.977653e-02, 5.227351e-02, 5.651353e-02, 5.736965e-02, 6.252011e-02, 7.959130e-02, 9.558621e-02, 9.623393e-02, 9.625720e-02, 9.625860e-02, 9.626366e-02
INFO:bingo.evolutionary_optimizers.parallel_archipelago:Performing migration between Islands
INFO:bingo.evolutionary_optimizers.parallel_archipelago:Evolution time 0:00:33.782425	 age 310	 fitness 3.452e-02
Level 25:bingo.evolutionary_optimizers.parallel_archipelago:Saving checkpoint: src/bingo_bias_vias_decomposition/checkpoints_st_40/implicit_st_40_p4_p6_5_300.pkl
INFO:bingo.evolutionary_optimizers.parallel_archipelago:Saved successfully
Level 25:bingo.evolutionary_optimizers.evolutionary_optimizer:Generation: 300 	 Elapsed time: 0:20:01.950779 	 Best training fitness: 3.452074e-02 	 
Level 25:bingo.evolutionary_optimizers.evolutionary_optimizer:300, 1.201951e+03, 3290095, 3.452074e-02, 3.452074e-02, 3.580844e-02, 3.659320e-02, 3.664042e-02, 4.618087e-02, 4.625309e-02, 4.977653e-02, 5.227351e-02, 5.651353e-02, 5.736965e-02, 6.252011e-02, 7.936314e-02, 9.558621e-02, 9.623393e-02, 9.625720e-02, 9.625860e-02, 9.626366e-02
INFO:bingo.evolutionary_optimizers.parallel_archipelago:Performing migration between Islands
INFO:bingo.evolutionary_optimizers.parallel_archipelago:Evolution time 0:00:50.827934	 age 320	 fitness 3.452e-02
Level 25:bingo.evolutionary_optimizers.parallel_archipelago:Saving checkpoint: src/bingo_bias_vias_decomposition/checkpoints_st_40/implicit_st_40_p4_p6_5_310.pkl
INFO:bingo.evolutionary_optimizers.parallel_archipelago:Saved successfully
Level 25:bingo.evolutionary_optimizers.evolutionary_optimizer:Generation: 310 	 Elapsed time: 0:20:53.062809 	 Best training fitness: 3.452165e-02 	 
Level 25:bingo.evolutionary_optimizers.evolutionary_optimizer:310, 1.253063e+03, 3428738, 3.452165e-02, 3.452074e-02, 3.580552e-02, 3.659320e-02, 3.664042e-02, 4.615268e-02, 4.616933e-02, 4.977653e-02, 5.227351e-02, 5.651353e-02, 5.736965e-02, 6.252011e-02, 7.920278e-02, 9.558621e-02, 9.623393e-02, 9.625720e-02, 9.625860e-02, 9.626366e-02
INFO:bingo.evolutionary_optimizers.parallel_archipelago:Performing migration between Islands
INFO:bingo.evolutionary_optimizers.parallel_archipelago:Evolution time 0:00:59.472331	 age 330	 fitness 3.452e-02
Level 25:bingo.evolutionary_optimizers.parallel_archipelago:Saving checkpoint: src/bingo_bias_vias_decomposition/checkpoints_st_40/implicit_st_40_p4_p6_5_320.pkl
INFO:bingo.evolutionary_optimizers.parallel_archipelago:Saved successfully
Level 25:bingo.evolutionary_optimizers.evolutionary_optimizer:Generation: 320 	 Elapsed time: 0:21:52.811624 	 Best training fitness: 3.452010e-02 	 
Level 25:bingo.evolutionary_optimizers.evolutionary_optimizer:320, 1.312812e+03, 3576739, 3.452010e-02, 3.452010e-02, 3.580552e-02, 3.659320e-02, 3.664042e-02, 4.615268e-02, 4.616933e-02, 4.977653e-02, 5.227351e-02, 5.651353e-02, 5.736965e-02, 6.252011e-02, 7.920278e-02, 9.558621e-02, 9.623393e-02, 9.625720e-02, 9.625860e-02, 9.626366e-02
INFO:bingo.evolutionary_optimizers.parallel_archipelago:Performing migration between Islands
INFO:bingo.evolutionary_optimizers.parallel_archipelago:Evolution time 0:00:54.157109	 age 340	 fitness 3.452e-02
Level 25:bingo.evolutionary_optimizers.parallel_archipelago:Saving checkpoint: src/bingo_bias_vias_decomposition/checkpoints_st_40/implicit_st_40_p4_p6_5_330.pkl
INFO:bingo.evolutionary_optimizers.parallel_archipelago:Saved successfully
Level 25:bingo.evolutionary_optimizers.evolutionary_optimizer:Generation: 330 	 Elapsed time: 0:22:47.250579 	 Best training fitness: 3.451875e-02 	 
Level 25:bingo.evolutionary_optimizers.evolutionary_optimizer:330, 1.367251e+03, 3721894, 3.451875e-02, 3.451875e-02, 3.570243e-02, 3.580552e-02, 3.659320e-02, 3.664042e-02, 4.609398e-02, 4.609839e-02, 4.616933e-02, 4.977653e-02, 5.061381e-02, 5.651353e-02, 5.736965e-02, 6.252011e-02, 7.917861e-02, 9.558621e-02, 9.623393e-02, 9.625720e-02, 9.625860e-02, 9.626366e-02
INFO:bingo.evolutionary_optimizers.parallel_archipelago:Performing migration between Islands
INFO:bingo.evolutionary_optimizers.parallel_archipelago:Evolution time 0:00:56.129995	 age 350	 fitness 3.452e-02
Level 25:bingo.evolutionary_optimizers.parallel_archipelago:Saving checkpoint: src/bingo_bias_vias_decomposition/checkpoints_st_40/implicit_st_40_p4_p6_5_340.pkl
INFO:bingo.evolutionary_optimizers.parallel_archipelago:Saved successfully
Level 25:bingo.evolutionary_optimizers.evolutionary_optimizer:Generation: 340 	 Elapsed time: 0:23:43.693044 	 Best training fitness: 3.451724e-02 	 
Level 25:bingo.evolutionary_optimizers.evolutionary_optimizer:340, 1.423693e+03, 3868352, 3.451724e-02, 3.451724e-02, 3.499065e-02, 3.659320e-02, 3.664042e-02, 4.608019e-02, 4.609839e-02, 4.616933e-02, 4.977653e-02, 5.053438e-02, 5.592538e-02, 5.651353e-02, 5.736965e-02, 6.252011e-02, 7.917861e-02, 9.558621e-02, 9.623393e-02, 9.625720e-02, 9.625860e-02, 9.626366e-02
INFO:bingo.evolutionary_optimizers.parallel_archipelago:Performing migration between Islands
INFO:bingo.evolutionary_optimizers.parallel_archipelago:Evolution time 0:00:35.845352	 age 360	 fitness 3.325e-02
Level 25:bingo.evolutionary_optimizers.parallel_archipelago:Saving checkpoint: src/bingo_bias_vias_decomposition/checkpoints_st_40/implicit_st_40_p4_p6_5_350.pkl
INFO:bingo.evolutionary_optimizers.parallel_archipelago:Saved successfully
Level 25:bingo.evolutionary_optimizers.evolutionary_optimizer:Generation: 350 	 Elapsed time: 0:24:19.836085 	 Best training fitness: 3.325034e-02 	 
Level 25:bingo.evolutionary_optimizers.evolutionary_optimizer:350, 1.459836e+03, 3976207, 3.325034e-02, 3.325034e-02, 3.454754e-02, 3.499065e-02, 3.659320e-02, 3.663056e-02, 4.608019e-02, 4.609839e-02, 4.615264e-02, 4.977653e-02, 5.053438e-02, 5.592538e-02, 5.651353e-02, 5.736965e-02, 6.252011e-02, 7.917861e-02, 9.558621e-02, 9.623393e-02, 9.625720e-02, 9.625860e-02, 9.626366e-02
INFO:bingo.evolutionary_optimizers.parallel_archipelago:Performing migration between Islands
INFO:bingo.evolutionary_optimizers.parallel_archipelago:Evolution time 0:01:04.937414	 age 370	 fitness 3.322e-02
Level 25:bingo.evolutionary_optimizers.parallel_archipelago:Saving checkpoint: src/bingo_bias_vias_decomposition/checkpoints_st_40/implicit_st_40_p4_p6_5_360.pkl
INFO:bingo.evolutionary_optimizers.parallel_archipelago:Saved successfully
Level 25:bingo.evolutionary_optimizers.evolutionary_optimizer:Generation: 360 	 Elapsed time: 0:25:25.079257 	 Best training fitness: 3.321940e-02 	 
Level 25:bingo.evolutionary_optimizers.evolutionary_optimizer:360, 1.525079e+03, 4126617, 3.321940e-02, 3.321940e-02, 3.454754e-02, 3.499065e-02, 3.580855e-02, 4.608019e-02, 4.609839e-02, 4.610177e-02, 4.977653e-02, 5.053438e-02, 5.575053e-02, 5.651353e-02, 5.736965e-02, 6.252011e-02, 7.917861e-02, 9.558621e-02, 9.623393e-02, 9.625720e-02, 9.625860e-02, 9.626366e-02
INFO:bingo.evolutionary_optimizers.parallel_archipelago:Performing migration between Islands
INFO:bingo.evolutionary_optimizers.parallel_archipelago:Evolution time 0:01:02.912424	 age 380	 fitness 3.322e-02
Level 25:bingo.evolutionary_optimizers.parallel_archipelago:Saving checkpoint: src/bingo_bias_vias_decomposition/checkpoints_st_40/implicit_st_40_p4_p6_5_370.pkl
INFO:bingo.evolutionary_optimizers.parallel_archipelago:Saved successfully
Level 25:bingo.evolutionary_optimizers.evolutionary_optimizer:Generation: 370 	 Elapsed time: 0:26:28.291557 	 Best training fitness: 3.321940e-02 	 
Level 25:bingo.evolutionary_optimizers.evolutionary_optimizer:370, 1.588292e+03, 4276678, 3.321940e-02, 3.321940e-02, 3.451999e-02, 3.499065e-02, 3.580855e-02, 4.608019e-02, 4.609839e-02, 4.610177e-02, 4.977653e-02, 5.053438e-02, 5.573461e-02, 5.651353e-02, 5.736965e-02, 6.252011e-02, 7.917861e-02, 9.558621e-02, 9.617074e-02, 9.625860e-02, 9.626366e-02
INFO:bingo.evolutionary_optimizers.parallel_archipelago:Performing migration between Islands
INFO:bingo.evolutionary_optimizers.parallel_archipelago:Evolution time 0:00:38.698286	 age 390	 fitness 3.322e-02
Level 25:bingo.evolutionary_optimizers.parallel_archipelago:Saving checkpoint: src/bingo_bias_vias_decomposition/checkpoints_st_40/implicit_st_40_p4_p6_5_380.pkl
INFO:bingo.evolutionary_optimizers.parallel_archipelago:Saved successfully
Level 25:bingo.evolutionary_optimizers.evolutionary_optimizer:Generation: 380 	 Elapsed time: 0:27:07.290796 	 Best training fitness: 3.322268e-02 	 
Level 25:bingo.evolutionary_optimizers.evolutionary_optimizer:380, 1.627291e+03, 4369185, 3.322268e-02, 3.321940e-02, 3.451999e-02, 3.499065e-02, 3.580855e-02, 4.608019e-02, 4.609839e-02, 4.610177e-02, 4.977653e-02, 5.053438e-02, 5.572503e-02, 5.651353e-02, 5.736965e-02, 6.252011e-02, 7.917861e-02, 9.558621e-02, 9.617074e-02, 9.625860e-02, 9.626366e-02
INFO:bingo.evolutionary_optimizers.parallel_archipelago:Performing migration between Islands
INFO:bingo.evolutionary_optimizers.parallel_archipelago:Evolution time 0:01:01.400850	 age 400	 fitness 3.322e-02
Level 25:bingo.evolutionary_optimizers.parallel_archipelago:Saving checkpoint: src/bingo_bias_vias_decomposition/checkpoints_st_40/implicit_st_40_p4_p6_5_390.pkl
INFO:bingo.evolutionary_optimizers.parallel_archipelago:Saved successfully
Level 25:bingo.evolutionary_optimizers.evolutionary_optimizer:Generation: 390 	 Elapsed time: 0:28:08.993639 	 Best training fitness: 3.321928e-02 	 
Level 25:bingo.evolutionary_optimizers.evolutionary_optimizer:390, 1.688994e+03, 4520692, 3.321928e-02, 3.321928e-02, 3.322070e-02, 3.499065e-02, 3.580855e-02, 4.370934e-02, 4.609839e-02, 4.610177e-02, 4.977653e-02, 5.053438e-02, 5.572503e-02, 5.651353e-02, 5.736965e-02, 6.252011e-02, 7.917861e-02, 9.558621e-02, 9.617074e-02, 9.625860e-02, 9.626366e-02
INFO:bingo.evolutionary_optimizers.parallel_archipelago:Performing migration between Islands
INFO:bingo.evolutionary_optimizers.parallel_archipelago:Evolution time 0:00:41.601249	 age 410	 fitness 3.322e-02
Level 25:bingo.evolutionary_optimizers.parallel_archipelago:Saving checkpoint: src/bingo_bias_vias_decomposition/checkpoints_st_40/implicit_st_40_p4_p6_5_400.pkl
INFO:bingo.evolutionary_optimizers.parallel_archipelago:Saved successfully
Level 25:bingo.evolutionary_optimizers.evolutionary_optimizer:Generation: 400 	 Elapsed time: 0:28:50.924953 	 Best training fitness: 3.321735e-02 	 
Level 25:bingo.evolutionary_optimizers.evolutionary_optimizer:400, 1.730925e+03, 4636586, 3.321735e-02, 3.321735e-02, 3.322070e-02, 3.499065e-02, 3.580855e-02, 4.370934e-02, 4.609839e-02, 4.610177e-02, 4.977653e-02, 5.053438e-02, 5.572503e-02, 5.651353e-02, 5.736965e-02, 6.252011e-02, 7.917861e-02, 9.558621e-02, 9.617074e-02, 9.625860e-02, 9.626366e-02
INFO:bingo.evolutionary_optimizers.parallel_archipelago:Performing migration between Islands
INFO:bingo.evolutionary_optimizers.parallel_archipelago:Evolution time 0:01:05.891213	 age 420	 fitness 3.322e-02
Level 25:bingo.evolutionary_optimizers.parallel_archipelago:Saving checkpoint: src/bingo_bias_vias_decomposition/checkpoints_st_40/implicit_st_40_p4_p6_5_410.pkl
INFO:bingo.evolutionary_optimizers.parallel_archipelago:Saved successfully
Level 25:bingo.evolutionary_optimizers.evolutionary_optimizer:Generation: 410 	 Elapsed time: 0:29:57.200305 	 Best training fitness: 3.322055e-02 	 
Level 25:bingo.evolutionary_optimizers.evolutionary_optimizer:410, 1.797200e+03, 4767846, 3.322055e-02, 3.321735e-02, 3.322070e-02, 3.391965e-02, 3.498565e-02, 3.579517e-02, 3.580855e-02, 4.367670e-02, 4.609839e-02, 4.610177e-02, 4.977653e-02, 5.053438e-02, 5.572503e-02, 5.651353e-02, 5.736965e-02, 6.252011e-02, 7.917861e-02, 9.558621e-02, 9.617074e-02, 9.625860e-02, 9.626366e-02
INFO:bingo.evolutionary_optimizers.parallel_archipelago:Performing migration between Islands
INFO:bingo.evolutionary_optimizers.parallel_archipelago:Evolution time 0:01:11.515688	 age 430	 fitness 3.322e-02
Level 25:bingo.evolutionary_optimizers.parallel_archipelago:Saving checkpoint: src/bingo_bias_vias_decomposition/checkpoints_st_40/implicit_st_40_p4_p6_5_420.pkl
INFO:bingo.evolutionary_optimizers.parallel_archipelago:Saved successfully
Level 25:bingo.evolutionary_optimizers.evolutionary_optimizer:Generation: 420 	 Elapsed time: 0:31:09.029799 	 Best training fitness: 3.321721e-02 	 
Level 25:bingo.evolutionary_optimizers.evolutionary_optimizer:420, 1.869030e+03, 4946944, 3.321721e-02, 3.321721e-02, 3.322070e-02, 3.391965e-02, 3.498565e-02, 3.579517e-02, 3.580855e-02, 4.367670e-02, 4.609839e-02, 4.610177e-02, 4.977653e-02, 5.053438e-02, 5.572503e-02, 5.578496e-02, 5.736965e-02, 6.252011e-02, 7.851991e-02, 7.917861e-02, 9.558621e-02, 9.617074e-02, 9.625860e-02, 9.626366e-02
INFO:bingo.evolutionary_optimizers.parallel_archipelago:Performing migration between Islands
INFO:bingo.evolutionary_optimizers.parallel_archipelago:Evolution time 0:01:03.240969	 age 440	 fitness 3.322e-02
Level 25:bingo.evolutionary_optimizers.parallel_archipelago:Saving checkpoint: src/bingo_bias_vias_decomposition/checkpoints_st_40/implicit_st_40_p4_p6_5_430.pkl
INFO:bingo.evolutionary_optimizers.parallel_archipelago:Saved successfully
Level 25:bingo.evolutionary_optimizers.evolutionary_optimizer:Generation: 430 	 Elapsed time: 0:32:12.585236 	 Best training fitness: 3.322036e-02 	 
Level 25:bingo.evolutionary_optimizers.evolutionary_optimizer:430, 1.932585e+03, 5057361, 3.322036e-02, 3.321721e-02, 3.322070e-02, 3.391965e-02, 3.497960e-02, 3.579517e-02, 3.580855e-02, 4.367670e-02, 4.609839e-02, 4.610177e-02, 4.977653e-02, 5.053438e-02, 5.572503e-02, 5.578496e-02, 5.736965e-02, 6.252011e-02, 7.851991e-02, 7.917861e-02, 9.558621e-02, 9.617074e-02, 9.625860e-02, 9.626366e-02
INFO:bingo.evolutionary_optimizers.parallel_archipelago:Performing migration between Islands
INFO:bingo.evolutionary_optimizers.parallel_archipelago:Evolution time 0:00:38.581832	 age 450	 fitness 3.322e-02
Level 25:bingo.evolutionary_optimizers.parallel_archipelago:Saving checkpoint: src/bingo_bias_vias_decomposition/checkpoints_st_40/implicit_st_40_p4_p6_5_440.pkl
INFO:bingo.evolutionary_optimizers.parallel_archipelago:Saved successfully
Level 25:bingo.evolutionary_optimizers.evolutionary_optimizer:Generation: 440 	 Elapsed time: 0:32:51.478532 	 Best training fitness: 3.321867e-02 	 
Level 25:bingo.evolutionary_optimizers.evolutionary_optimizer:440, 1.971479e+03, 5161768, 3.321867e-02, 3.321721e-02, 3.322070e-02, 3.391965e-02, 3.481230e-02, 3.497495e-02, 3.579517e-02, 3.580855e-02, 4.367670e-02, 4.609839e-02, 4.610177e-02, 4.977653e-02, 5.053438e-02, 5.572503e-02, 5.574090e-02, 5.736965e-02, 6.252011e-02, 7.851991e-02, 7.917861e-02, 9.558621e-02, 9.617074e-02, 9.625860e-02, 9.626366e-02
INFO:bingo.evolutionary_optimizers.parallel_archipelago:Performing migration between Islands
INFO:bingo.evolutionary_optimizers.parallel_archipelago:Evolution time 0:00:35.717307	 age 460	 fitness 3.322e-02
Level 25:bingo.evolutionary_optimizers.parallel_archipelago:Saving checkpoint: src/bingo_bias_vias_decomposition/checkpoints_st_40/implicit_st_40_p4_p6_5_450.pkl
INFO:bingo.evolutionary_optimizers.parallel_archipelago:Saved successfully
Level 25:bingo.evolutionary_optimizers.evolutionary_optimizer:Generation: 450 	 Elapsed time: 0:33:27.506671 	 Best training fitness: 3.321827e-02 	 
Level 25:bingo.evolutionary_optimizers.evolutionary_optimizer:450, 2.007507e+03, 5249957, 3.321827e-02, 3.321721e-02, 3.322070e-02, 3.391965e-02, 3.481230e-02, 3.497495e-02, 3.579517e-02, 3.580855e-02, 4.367670e-02, 4.609839e-02, 4.610177e-02, 4.977653e-02, 5.053438e-02, 5.568298e-02, 5.736965e-02, 6.252011e-02, 7.851991e-02, 7.917861e-02, 9.558621e-02, 9.617074e-02, 9.625860e-02, 9.626366e-02
INFO:bingo.evolutionary_optimizers.parallel_archipelago:Performing migration between Islands
INFO:bingo.evolutionary_optimizers.parallel_archipelago:Evolution time 0:00:52.986939	 age 470	 fitness 3.322e-02
Level 25:bingo.evolutionary_optimizers.parallel_archipelago:Saving checkpoint: src/bingo_bias_vias_decomposition/checkpoints_st_40/implicit_st_40_p4_p6_5_460.pkl
INFO:bingo.evolutionary_optimizers.parallel_archipelago:Saved successfully
Level 25:bingo.evolutionary_optimizers.evolutionary_optimizer:Generation: 460 	 Elapsed time: 0:34:20.837484 	 Best training fitness: 3.321827e-02 	 
Level 25:bingo.evolutionary_optimizers.evolutionary_optimizer:460, 2.060837e+03, 5385091, 3.321827e-02, 3.321721e-02, 3.322070e-02, 3.391965e-02, 3.479260e-02, 3.497495e-02, 3.579517e-02, 3.580855e-02, 4.367670e-02, 4.609839e-02, 4.610177e-02, 4.977653e-02, 5.053438e-02, 5.568298e-02, 5.736965e-02, 6.252011e-02, 7.851991e-02, 7.917861e-02, 9.558621e-02, 9.617074e-02, 9.625860e-02, 9.626366e-02
INFO:bingo.evolutionary_optimizers.parallel_archipelago:Performing migration between Islands
INFO:bingo.evolutionary_optimizers.parallel_archipelago:Evolution time 0:01:24.992642	 age 480	 fitness 3.322e-02
Level 25:bingo.evolutionary_optimizers.parallel_archipelago:Saving checkpoint: src/bingo_bias_vias_decomposition/checkpoints_st_40/implicit_st_40_p4_p6_5_470.pkl
INFO:bingo.evolutionary_optimizers.parallel_archipelago:Saved successfully
Level 25:bingo.evolutionary_optimizers.evolutionary_optimizer:Generation: 470 	 Elapsed time: 0:35:46.136459 	 Best training fitness: 3.321651e-02 	 
Level 25:bingo.evolutionary_optimizers.evolutionary_optimizer:470, 2.146136e+03, 5507641, 3.321651e-02, 3.321651e-02, 3.322070e-02, 3.391965e-02, 3.478910e-02, 3.497495e-02, 3.579517e-02, 3.580855e-02, 4.367670e-02, 4.609839e-02, 4.610177e-02, 4.977653e-02, 5.053438e-02, 5.568298e-02, 5.736965e-02, 6.252011e-02, 7.851991e-02, 7.917861e-02, 9.558621e-02, 9.617074e-02, 9.625860e-02, 9.626366e-02
INFO:bingo.evolutionary_optimizers.parallel_archipelago:Performing migration between Islands
INFO:bingo.evolutionary_optimizers.parallel_archipelago:Evolution time 0:00:56.252367	 age 490	 fitness 3.322e-02
Level 25:bingo.evolutionary_optimizers.parallel_archipelago:Saving checkpoint: src/bingo_bias_vias_decomposition/checkpoints_st_40/implicit_st_40_p4_p6_5_480.pkl
INFO:bingo.evolutionary_optimizers.parallel_archipelago:Saved successfully
Level 25:bingo.evolutionary_optimizers.evolutionary_optimizer:Generation: 480 	 Elapsed time: 0:36:42.691059 	 Best training fitness: 3.321606e-02 	 
Level 25:bingo.evolutionary_optimizers.evolutionary_optimizer:480, 2.202691e+03, 5626132, 3.321606e-02, 3.321606e-02, 3.321651e-02, 3.322070e-02, 3.391965e-02, 3.478910e-02, 3.497495e-02, 3.579517e-02, 3.580855e-02, 3.770402e-02, 5.568298e-02, 5.736965e-02, 6.252011e-02, 7.851991e-02, 7.917861e-02, 9.558621e-02, 9.617074e-02, 9.625860e-02, 9.626366e-02
INFO:bingo.evolutionary_optimizers.parallel_archipelago:Performing migration between Islands
INFO:bingo.evolutionary_optimizers.parallel_archipelago:Evolution time 0:00:31.586595	 age 500	 fitness 3.320e-02
Level 25:bingo.evolutionary_optimizers.parallel_archipelago:Saving checkpoint: src/bingo_bias_vias_decomposition/checkpoints_st_40/implicit_st_40_p4_p6_5_490.pkl
INFO:bingo.evolutionary_optimizers.parallel_archipelago:Saved successfully
Level 25:bingo.evolutionary_optimizers.evolutionary_optimizer:Generation: 490 	 Elapsed time: 0:37:14.582541 	 Best training fitness: 3.319959e-02 	 
Level 25:bingo.evolutionary_optimizers.evolutionary_optimizer:490, 2.234583e+03, 5707051, 3.319959e-02, 3.319959e-02, 3.321651e-02, 3.322070e-02, 3.360339e-02, 3.391965e-02, 3.478910e-02, 3.497495e-02, 3.579517e-02, 3.580855e-02, 3.769686e-02, 5.568298e-02, 5.736965e-02, 6.252011e-02, 7.851991e-02, 7.917861e-02, 9.558621e-02, 9.617074e-02, 9.625860e-02, 9.626366e-02
INFO:bingo.evolutionary_optimizers.parallel_archipelago:Performing migration between Islands
INFO:bingo.evolutionary_optimizers.parallel_archipelago:Evolution time 0:01:15.789732	 age 510	 fitness 3.163e-02
Level 25:bingo.evolutionary_optimizers.parallel_archipelago:Saving checkpoint: src/bingo_bias_vias_decomposition/checkpoints_st_40/implicit_st_40_p4_p6_5_500.pkl
INFO:bingo.evolutionary_optimizers.parallel_archipelago:Saved successfully
Level 25:bingo.evolutionary_optimizers.evolutionary_optimizer:Generation: 500 	 Elapsed time: 0:38:30.670532 	 Best training fitness: 3.162893e-02 	 
Level 25:bingo.evolutionary_optimizers.evolutionary_optimizer:500, 2.310671e+03, 5819804, 3.162893e-02, 3.162893e-02, 3.369580e-02, 3.580855e-02, 3.767715e-02, 5.568298e-02, 5.736965e-02, 6.252011e-02, 7.851991e-02, 7.917861e-02, 9.558621e-02, 9.617074e-02, 9.625860e-02, 9.626366e-02
INFO:bingo.evolutionary_optimizers.parallel_archipelago:Performing migration between Islands
INFO:bingo.evolutionary_optimizers.parallel_archipelago:Evolution time 0:01:29.431955	 age 520	 fitness 3.154e-02
Level 25:bingo.evolutionary_optimizers.parallel_archipelago:Saving checkpoint: src/bingo_bias_vias_decomposition/checkpoints_st_40/implicit_st_40_p4_p6_5_510.pkl
INFO:bingo.evolutionary_optimizers.parallel_archipelago:Saved successfully
Level 25:bingo.evolutionary_optimizers.evolutionary_optimizer:Generation: 510 	 Elapsed time: 0:40:00.398308 	 Best training fitness: 3.154093e-02 	 
Level 25:bingo.evolutionary_optimizers.evolutionary_optimizer:510, 2.400398e+03, 5959676, 3.154093e-02, 3.154093e-02, 3.362577e-02, 3.765052e-02, 5.568298e-02, 5.736965e-02, 6.252011e-02, 7.850354e-02, 7.917861e-02, 9.558621e-02, 9.617074e-02, 9.625860e-02, 9.626366e-02
INFO:bingo.evolutionary_optimizers.parallel_archipelago:Performing migration between Islands
INFO:bingo.evolutionary_optimizers.parallel_archipelago:Evolution time 0:01:00.301346	 age 530	 fitness 3.153e-02
Level 25:bingo.evolutionary_optimizers.parallel_archipelago:Saving checkpoint: src/bingo_bias_vias_decomposition/checkpoints_st_40/implicit_st_40_p4_p6_5_520.pkl
INFO:bingo.evolutionary_optimizers.parallel_archipelago:Saved successfully
Level 25:bingo.evolutionary_optimizers.evolutionary_optimizer:Generation: 520 	 Elapsed time: 0:41:00.992241 	 Best training fitness: 3.153222e-02 	 
Level 25:bingo.evolutionary_optimizers.evolutionary_optimizer:520, 2.460992e+03, 6069236, 3.153222e-02, 3.153222e-02, 3.361194e-02, 3.765052e-02, 5.568298e-02, 5.736965e-02, 6.252011e-02, 7.850354e-02, 7.917861e-02, 9.558621e-02, 9.617074e-02, 9.625860e-02, 9.626366e-02
INFO:bingo.evolutionary_optimizers.parallel_archipelago:Performing migration between Islands
INFO:bingo.evolutionary_optimizers.parallel_archipelago:Evolution time 0:00:52.317988	 age 540	 fitness 3.152e-02
Level 25:bingo.evolutionary_optimizers.parallel_archipelago:Saving checkpoint: src/bingo_bias_vias_decomposition/checkpoints_st_40/implicit_st_40_p4_p6_5_530.pkl
INFO:bingo.evolutionary_optimizers.parallel_archipelago:Saved successfully
Level 25:bingo.evolutionary_optimizers.evolutionary_optimizer:Generation: 530 	 Elapsed time: 0:41:53.618147 	 Best training fitness: 3.152431e-02 	 
Level 25:bingo.evolutionary_optimizers.evolutionary_optimizer:530, 2.513618e+03, 6173342, 3.152431e-02, 3.152431e-02, 3.361194e-02, 3.764702e-02, 3.765052e-02, 5.568298e-02, 5.736965e-02, 6.252011e-02, 7.850354e-02, 7.917861e-02, 9.558621e-02, 9.617074e-02, 9.625220e-02, 9.625860e-02, 9.626366e-02
INFO:bingo.evolutionary_optimizers.parallel_archipelago:Performing migration between Islands
INFO:bingo.evolutionary_optimizers.parallel_archipelago:Evolution time 0:01:00.605350	 age 550	 fitness 3.152e-02
Level 25:bingo.evolutionary_optimizers.parallel_archipelago:Saving checkpoint: src/bingo_bias_vias_decomposition/checkpoints_st_40/implicit_st_40_p4_p6_5_540.pkl
INFO:bingo.evolutionary_optimizers.parallel_archipelago:Saved successfully
Level 25:bingo.evolutionary_optimizers.evolutionary_optimizer:Generation: 540 	 Elapsed time: 0:42:54.496654 	 Best training fitness: 3.151973e-02 	 
Level 25:bingo.evolutionary_optimizers.evolutionary_optimizer:540, 2.574497e+03, 6277157, 3.151973e-02, 3.151973e-02, 3.361194e-02, 3.764702e-02, 3.765052e-02, 5.568298e-02, 5.736965e-02, 6.252011e-02, 7.850354e-02, 7.917861e-02, 9.558621e-02, 9.617074e-02, 9.625220e-02, 9.625860e-02, 9.626366e-02
INFO:bingo.evolutionary_optimizers.parallel_archipelago:Performing migration between Islands
INFO:bingo.evolutionary_optimizers.parallel_archipelago:Evolution time 0:00:40.914528	 age 560	 fitness 2.972e-02
Level 25:bingo.evolutionary_optimizers.parallel_archipelago:Saving checkpoint: src/bingo_bias_vias_decomposition/checkpoints_st_40/implicit_st_40_p4_p6_5_550.pkl
INFO:bingo.evolutionary_optimizers.parallel_archipelago:Saved successfully
Level 25:bingo.evolutionary_optimizers.evolutionary_optimizer:Generation: 550 	 Elapsed time: 0:43:35.693202 	 Best training fitness: 2.972099e-02 	 
Level 25:bingo.evolutionary_optimizers.evolutionary_optimizer:550, 2.615693e+03, 6359586, 2.972099e-02, 2.972099e-02, 3.151973e-02, 3.361194e-02, 3.363386e-02, 3.720684e-02, 5.568298e-02, 5.736965e-02, 6.252011e-02, 7.850354e-02, 7.917861e-02, 9.558621e-02, 9.617074e-02, 9.625220e-02, 9.625860e-02, 9.626366e-02
INFO:bingo.evolutionary_optimizers.parallel_archipelago:Performing migration between Islands
INFO:bingo.evolutionary_optimizers.parallel_archipelago:Evolution time 0:00:37.560227	 age 570	 fitness 2.972e-02
Level 25:bingo.evolutionary_optimizers.parallel_archipelago:Saving checkpoint: src/bingo_bias_vias_decomposition/checkpoints_st_40/implicit_st_40_p4_p6_5_560.pkl
INFO:bingo.evolutionary_optimizers.parallel_archipelago:Saved successfully
Level 25:bingo.evolutionary_optimizers.evolutionary_optimizer:Generation: 560 	 Elapsed time: 0:44:13.537103 	 Best training fitness: 2.972099e-02 	 
Level 25:bingo.evolutionary_optimizers.evolutionary_optimizer:560, 2.653537e+03, 6439402, 2.972099e-02, 2.972099e-02, 3.151973e-02, 3.361194e-02, 3.363386e-02, 3.416027e-02, 5.568298e-02, 5.736965e-02, 6.252011e-02, 7.850354e-02, 7.917861e-02, 9.558621e-02, 9.617074e-02, 9.625220e-02, 9.625860e-02, 9.626366e-02
INFO:bingo.evolutionary_optimizers.parallel_archipelago:Performing migration between Islands
INFO:bingo.evolutionary_optimizers.parallel_archipelago:Evolution time 0:00:55.666705	 age 580	 fitness 2.878e-02
Level 25:bingo.evolutionary_optimizers.parallel_archipelago:Saving checkpoint: src/bingo_bias_vias_decomposition/checkpoints_st_40/implicit_st_40_p4_p6_5_570.pkl
INFO:bingo.evolutionary_optimizers.parallel_archipelago:Saved successfully
Level 25:bingo.evolutionary_optimizers.evolutionary_optimizer:Generation: 570 	 Elapsed time: 0:45:09.485335 	 Best training fitness: 2.878434e-02 	 
Level 25:bingo.evolutionary_optimizers.evolutionary_optimizer:570, 2.709485e+03, 6527502, 2.878434e-02, 2.878434e-02, 3.359456e-02, 3.363386e-02, 3.414094e-02, 5.568298e-02, 5.736965e-02, 6.252011e-02, 7.850354e-02, 7.917861e-02, 9.558621e-02, 9.617074e-02, 9.625220e-02, 9.625860e-02, 9.626366e-02
INFO:bingo.evolutionary_optimizers.parallel_archipelago:Performing migration between Islands
INFO:bingo.evolutionary_optimizers.parallel_archipelago:Evolution time 0:00:21.173588	 age 590	 fitness 2.852e-02
Level 25:bingo.evolutionary_optimizers.parallel_archipelago:Saving checkpoint: src/bingo_bias_vias_decomposition/checkpoints_st_40/implicit_st_40_p4_p6_5_580.pkl
INFO:bingo.evolutionary_optimizers.parallel_archipelago:Saved successfully
Level 25:bingo.evolutionary_optimizers.evolutionary_optimizer:Generation: 580 	 Elapsed time: 0:45:30.923068 	 Best training fitness: 2.851859e-02 	 
Level 25:bingo.evolutionary_optimizers.evolutionary_optimizer:580, 2.730923e+03, 6600414, 2.851859e-02, 2.851859e-02, 5.568298e-02, 5.736965e-02, 6.252011e-02, 7.850354e-02, 7.917861e-02, 9.558621e-02, 9.617074e-02, 9.625220e-02, 9.625372e-02
INFO:bingo.evolutionary_optimizers.parallel_archipelago:Performing migration between Islands
INFO:bingo.evolutionary_optimizers.parallel_archipelago:Evolution time 0:00:35.940405	 age 600	 fitness 2.850e-02
Level 25:bingo.evolutionary_optimizers.parallel_archipelago:Saving checkpoint: src/bingo_bias_vias_decomposition/checkpoints_st_40/implicit_st_40_p4_p6_5_590.pkl
INFO:bingo.evolutionary_optimizers.parallel_archipelago:Saved successfully
Level 25:bingo.evolutionary_optimizers.evolutionary_optimizer:Generation: 590 	 Elapsed time: 0:46:07.128477 	 Best training fitness: 2.850118e-02 	 
Level 25:bingo.evolutionary_optimizers.evolutionary_optimizer:590, 2.767128e+03, 6690396, 2.850118e-02, 2.850118e-02, 5.568298e-02, 5.736965e-02, 6.252011e-02, 7.850354e-02, 7.917861e-02, 9.558621e-02, 9.617074e-02, 9.625220e-02, 9.625372e-02
INFO:bingo.evolutionary_optimizers.parallel_archipelago:Performing migration between Islands
INFO:bingo.evolutionary_optimizers.parallel_archipelago:Evolution time 0:00:35.026593	 age 610	 fitness 2.850e-02
Level 25:bingo.evolutionary_optimizers.parallel_archipelago:Saving checkpoint: src/bingo_bias_vias_decomposition/checkpoints_st_40/implicit_st_40_p4_p6_5_600.pkl
INFO:bingo.evolutionary_optimizers.parallel_archipelago:Saved successfully
Level 25:bingo.evolutionary_optimizers.evolutionary_optimizer:Generation: 600 	 Elapsed time: 0:46:42.448938 	 Best training fitness: 2.850118e-02 	 
Level 25:bingo.evolutionary_optimizers.evolutionary_optimizer:600, 2.802449e+03, 6773303, 2.850118e-02, 2.850118e-02, 3.719764e-02, 5.568298e-02, 5.736965e-02, 6.252011e-02, 7.850354e-02, 7.917861e-02, 9.558621e-02, 9.617074e-02, 9.624628e-02
INFO:bingo.evolutionary_optimizers.parallel_archipelago:Performing migration between Islands
INFO:bingo.evolutionary_optimizers.parallel_archipelago:Evolution time 0:00:30.883408	 age 620	 fitness 2.850e-02
Level 25:bingo.evolutionary_optimizers.parallel_archipelago:Saving checkpoint: src/bingo_bias_vias_decomposition/checkpoints_st_40/implicit_st_40_p4_p6_5_610.pkl
INFO:bingo.evolutionary_optimizers.parallel_archipelago:Saved successfully
Level 25:bingo.evolutionary_optimizers.evolutionary_optimizer:Generation: 610 	 Elapsed time: 0:47:13.591656 	 Best training fitness: 2.849904e-02 	 
Level 25:bingo.evolutionary_optimizers.evolutionary_optimizer:610, 2.833592e+03, 6840952, 2.849904e-02, 2.849904e-02, 3.719712e-02, 5.568298e-02, 5.736965e-02, 6.252011e-02, 7.850354e-02, 7.917861e-02, 9.558621e-02, 9.617074e-02, 9.624628e-02
INFO:bingo.evolutionary_optimizers.parallel_archipelago:Performing migration between Islands
INFO:bingo.evolutionary_optimizers.parallel_archipelago:Evolution time 0:01:01.892397	 age 630	 fitness 2.822e-02
Level 25:bingo.evolutionary_optimizers.parallel_archipelago:Saving checkpoint: src/bingo_bias_vias_decomposition/checkpoints_st_40/implicit_st_40_p4_p6_5_620.pkl
INFO:bingo.evolutionary_optimizers.parallel_archipelago:Saved successfully
Level 25:bingo.evolutionary_optimizers.evolutionary_optimizer:Generation: 620 	 Elapsed time: 0:48:15.744862 	 Best training fitness: 2.821961e-02 	 
Level 25:bingo.evolutionary_optimizers.evolutionary_optimizer:620, 2.895745e+03, 6945011, 2.821961e-02, 2.821961e-02, 2.849904e-02, 3.719712e-02, 5.568298e-02, 5.736965e-02, 6.252011e-02, 7.850354e-02, 7.917861e-02, 9.558621e-02, 9.617074e-02, 9.624628e-02
INFO:bingo.evolutionary_optimizers.parallel_archipelago:Performing migration between Islands
INFO:bingo.evolutionary_optimizers.parallel_archipelago:Evolution time 0:00:24.412248	 age 640	 fitness 2.770e-02
Level 25:bingo.evolutionary_optimizers.parallel_archipelago:Saving checkpoint: src/bingo_bias_vias_decomposition/checkpoints_st_40/implicit_st_40_p4_p6_5_630.pkl
INFO:bingo.evolutionary_optimizers.parallel_archipelago:Saved successfully
Level 25:bingo.evolutionary_optimizers.evolutionary_optimizer:Generation: 630 	 Elapsed time: 0:48:40.417057 	 Best training fitness: 2.769502e-02 	 
Level 25:bingo.evolutionary_optimizers.evolutionary_optimizer:630, 2.920417e+03, 7013018, 2.769502e-02, 2.769502e-02, 2.849904e-02, 2.852597e-02, 5.568298e-02, 5.736965e-02, 6.252011e-02, 7.850354e-02, 7.917861e-02, 9.558621e-02, 9.617074e-02, 9.624628e-02
INFO:bingo.evolutionary_optimizers.parallel_archipelago:Performing migration between Islands
INFO:bingo.evolutionary_optimizers.parallel_archipelago:Evolution time 0:01:03.919221	 age 650	 fitness 2.768e-02
Level 25:bingo.evolutionary_optimizers.parallel_archipelago:Saving checkpoint: src/bingo_bias_vias_decomposition/checkpoints_st_40/implicit_st_40_p4_p6_5_640.pkl
INFO:bingo.evolutionary_optimizers.parallel_archipelago:Saved successfully
Level 25:bingo.evolutionary_optimizers.evolutionary_optimizer:Generation: 640 	 Elapsed time: 0:49:44.598477 	 Best training fitness: 2.768092e-02 	 
Level 25:bingo.evolutionary_optimizers.evolutionary_optimizer:640, 2.984598e+03, 7120654, 2.768092e-02, 2.768092e-02, 2.849904e-02, 2.852597e-02, 5.568298e-02, 5.736965e-02, 6.252011e-02, 7.850354e-02, 7.917861e-02, 9.558621e-02, 9.617074e-02, 9.624628e-02
INFO:bingo.evolutionary_optimizers.parallel_archipelago:Performing migration between Islands
INFO:bingo.evolutionary_optimizers.parallel_archipelago:Evolution time 0:00:26.697647	 age 660	 fitness 2.763e-02
Level 25:bingo.evolutionary_optimizers.parallel_archipelago:Saving checkpoint: src/bingo_bias_vias_decomposition/checkpoints_st_40/implicit_st_40_p4_p6_5_650.pkl
INFO:bingo.evolutionary_optimizers.parallel_archipelago:Saved successfully
Level 25:bingo.evolutionary_optimizers.evolutionary_optimizer:Generation: 650 	 Elapsed time: 0:50:11.561001 	 Best training fitness: 2.763355e-02 	 
Level 25:bingo.evolutionary_optimizers.evolutionary_optimizer:650, 3.011561e+03, 7199898, 2.763355e-02, 2.763355e-02, 2.765642e-02, 2.849904e-02, 2.852597e-02, 5.527862e-02, 5.736965e-02, 6.252011e-02, 7.850354e-02, 7.917861e-02, 9.558621e-02, 9.617074e-02, 9.623747e-02
INFO:bingo.evolutionary_optimizers.parallel_archipelago:Performing migration between Islands
INFO:bingo.evolutionary_optimizers.parallel_archipelago:Evolution time 0:00:39.673283	 age 670	 fitness 2.763e-02
Level 25:bingo.evolutionary_optimizers.parallel_archipelago:Saving checkpoint: src/bingo_bias_vias_decomposition/checkpoints_st_40/implicit_st_40_p4_p6_5_660.pkl
INFO:bingo.evolutionary_optimizers.parallel_archipelago:Saved successfully
Level 25:bingo.evolutionary_optimizers.evolutionary_optimizer:Generation: 660 	 Elapsed time: 0:50:51.501996 	 Best training fitness: 2.763335e-02 	 
Level 25:bingo.evolutionary_optimizers.evolutionary_optimizer:660, 3.051502e+03, 7280159, 2.763335e-02, 2.763335e-02, 2.765642e-02, 2.849904e-02, 2.852597e-02, 5.527862e-02, 5.736965e-02, 6.252011e-02, 7.850354e-02, 7.917861e-02, 9.558621e-02, 9.617074e-02, 9.623747e-02
INFO:bingo.evolutionary_optimizers.parallel_archipelago:Performing migration between Islands
INFO:bingo.evolutionary_optimizers.parallel_archipelago:Evolution time 0:01:06.673661	 age 680	 fitness 2.758e-02
Level 25:bingo.evolutionary_optimizers.parallel_archipelago:Saving checkpoint: src/bingo_bias_vias_decomposition/checkpoints_st_40/implicit_st_40_p4_p6_5_670.pkl
INFO:bingo.evolutionary_optimizers.parallel_archipelago:Saved successfully
Level 25:bingo.evolutionary_optimizers.evolutionary_optimizer:Generation: 670 	 Elapsed time: 0:51:58.471039 	 Best training fitness: 2.758389e-02 	 
Level 25:bingo.evolutionary_optimizers.evolutionary_optimizer:670, 3.118471e+03, 7393021, 2.758389e-02, 2.758389e-02, 2.765538e-02, 2.849904e-02, 2.852597e-02, 5.527862e-02, 5.736965e-02, 6.252011e-02, 7.850354e-02, 7.917861e-02, 9.558621e-02, 9.617074e-02, 9.623747e-02
INFO:bingo.evolutionary_optimizers.parallel_archipelago:Performing migration between Islands
INFO:bingo.evolutionary_optimizers.parallel_archipelago:Evolution time 0:00:31.716106	 age 690	 fitness 2.758e-02
Level 25:bingo.evolutionary_optimizers.parallel_archipelago:Saving checkpoint: src/bingo_bias_vias_decomposition/checkpoints_st_40/implicit_st_40_p4_p6_5_680.pkl
INFO:bingo.evolutionary_optimizers.parallel_archipelago:Saved successfully
Level 25:bingo.evolutionary_optimizers.evolutionary_optimizer:Generation: 680 	 Elapsed time: 0:52:30.454916 	 Best training fitness: 2.758391e-02 	 
Level 25:bingo.evolutionary_optimizers.evolutionary_optimizer:680, 3.150455e+03, 7494541, 2.758391e-02, 2.758389e-02, 2.764955e-02, 2.849904e-02, 2.852597e-02, 5.527862e-02, 5.736965e-02, 6.252011e-02, 7.850354e-02, 7.917861e-02, 9.558621e-02, 9.617074e-02, 9.623747e-02
INFO:bingo.evolutionary_optimizers.parallel_archipelago:Performing migration between Islands
INFO:bingo.evolutionary_optimizers.parallel_archipelago:Evolution time 0:00:45.508645	 age 700	 fitness 2.759e-02
Level 25:bingo.evolutionary_optimizers.parallel_archipelago:Saving checkpoint: src/bingo_bias_vias_decomposition/checkpoints_st_40/implicit_st_40_p4_p6_5_690.pkl
INFO:bingo.evolutionary_optimizers.parallel_archipelago:Saved successfully
Level 25:bingo.evolutionary_optimizers.evolutionary_optimizer:Generation: 690 	 Elapsed time: 0:53:16.222456 	 Best training fitness: 2.758912e-02 	 
Level 25:bingo.evolutionary_optimizers.evolutionary_optimizer:690, 3.196222e+03, 7616337, 2.758912e-02, 2.758389e-02, 2.764365e-02, 2.849904e-02, 2.852597e-02, 5.527862e-02, 5.736965e-02, 6.252011e-02, 7.850354e-02, 7.917861e-02, 9.558621e-02, 9.617074e-02, 9.623747e-02
INFO:bingo.evolutionary_optimizers.parallel_archipelago:Performing migration between Islands
INFO:bingo.evolutionary_optimizers.parallel_archipelago:Evolution time 0:00:59.267413	 age 710	 fitness 2.757e-02
Level 25:bingo.evolutionary_optimizers.parallel_archipelago:Saving checkpoint: src/bingo_bias_vias_decomposition/checkpoints_st_40/implicit_st_40_p4_p6_5_700.pkl
INFO:bingo.evolutionary_optimizers.parallel_archipelago:Saved successfully
Level 25:bingo.evolutionary_optimizers.evolutionary_optimizer:Generation: 700 	 Elapsed time: 0:54:15.747594 	 Best training fitness: 2.757223e-02 	 
Level 25:bingo.evolutionary_optimizers.evolutionary_optimizer:700, 3.255748e+03, 7715240, 2.757223e-02, 2.757223e-02, 2.764365e-02, 2.849904e-02, 2.852597e-02, 5.527862e-02, 5.736965e-02, 5.899382e-02, 7.850354e-02, 7.917861e-02, 9.558621e-02, 9.617074e-02, 9.623747e-02
INFO:bingo.evolutionary_optimizers.parallel_archipelago:Performing migration between Islands
INFO:bingo.evolutionary_optimizers.parallel_archipelago:Evolution time 0:00:45.675639	 age 720	 fitness 2.758e-02
Level 25:bingo.evolutionary_optimizers.parallel_archipelago:Saving checkpoint: src/bingo_bias_vias_decomposition/checkpoints_st_40/implicit_st_40_p4_p6_5_710.pkl
INFO:bingo.evolutionary_optimizers.parallel_archipelago:Saved successfully
Level 25:bingo.evolutionary_optimizers.evolutionary_optimizer:Generation: 710 	 Elapsed time: 0:55:01.681175 	 Best training fitness: 2.758298e-02 	 
Level 25:bingo.evolutionary_optimizers.evolutionary_optimizer:710, 3.301681e+03, 7801704, 2.758298e-02, 2.757223e-02, 2.764365e-02, 2.849904e-02, 2.852597e-02, 5.527862e-02, 5.736965e-02, 5.899382e-02, 7.850354e-02, 7.917861e-02, 9.558621e-02, 9.617074e-02, 9.623747e-02
INFO:bingo.evolutionary_optimizers.parallel_archipelago:Performing migration between Islands
INFO:bingo.evolutionary_optimizers.parallel_archipelago:Evolution time 0:00:43.939163	 age 730	 fitness 2.759e-02
Level 25:bingo.evolutionary_optimizers.parallel_archipelago:Saving checkpoint: src/bingo_bias_vias_decomposition/checkpoints_st_40/implicit_st_40_p4_p6_5_720.pkl
INFO:bingo.evolutionary_optimizers.parallel_archipelago:Saved successfully
Level 25:bingo.evolutionary_optimizers.evolutionary_optimizer:Generation: 720 	 Elapsed time: 0:55:45.878861 	 Best training fitness: 2.758501e-02 	 
Level 25:bingo.evolutionary_optimizers.evolutionary_optimizer:720, 3.345879e+03, 7906033, 2.758501e-02, 2.757223e-02, 2.764365e-02, 2.849904e-02, 2.852597e-02, 5.527862e-02, 5.736965e-02, 5.899382e-02, 7.850354e-02, 7.917861e-02, 9.558621e-02, 9.617074e-02, 9.623747e-02
INFO:bingo.evolutionary_optimizers.parallel_archipelago:Performing migration between Islands
INFO:bingo.evolutionary_optimizers.parallel_archipelago:Evolution time 0:00:50.189241	 age 740	 fitness 2.758e-02
Level 25:bingo.evolutionary_optimizers.parallel_archipelago:Saving checkpoint: src/bingo_bias_vias_decomposition/checkpoints_st_40/implicit_st_40_p4_p6_5_730.pkl
INFO:bingo.evolutionary_optimizers.parallel_archipelago:Saved successfully
Level 25:bingo.evolutionary_optimizers.evolutionary_optimizer:Generation: 730 	 Elapsed time: 0:56:36.328544 	 Best training fitness: 2.758261e-02 	 
Level 25:bingo.evolutionary_optimizers.evolutionary_optimizer:730, 3.396329e+03, 8016500, 2.758261e-02, 2.757223e-02, 2.764365e-02, 2.849904e-02, 2.852597e-02, 5.527862e-02, 5.736965e-02, 5.899382e-02, 7.850354e-02, 7.917861e-02, 9.558621e-02, 9.617074e-02, 9.623747e-02
INFO:bingo.evolutionary_optimizers.parallel_archipelago:Performing migration between Islands
INFO:bingo.evolutionary_optimizers.parallel_archipelago:Evolution time 0:00:31.653628	 age 750	 fitness 2.758e-02
Level 25:bingo.evolutionary_optimizers.parallel_archipelago:Saving checkpoint: src/bingo_bias_vias_decomposition/checkpoints_st_40/implicit_st_40_p4_p6_5_740.pkl
INFO:bingo.evolutionary_optimizers.parallel_archipelago:Saved successfully
Level 25:bingo.evolutionary_optimizers.evolutionary_optimizer:Generation: 740 	 Elapsed time: 0:57:08.268486 	 Best training fitness: 2.757924e-02 	 
Level 25:bingo.evolutionary_optimizers.evolutionary_optimizer:740, 3.428268e+03, 8124147, 2.757924e-02, 2.757223e-02, 2.764365e-02, 2.849904e-02, 2.852597e-02, 5.527862e-02, 5.736965e-02, 5.899382e-02, 7.850354e-02, 7.917861e-02, 9.558621e-02, 9.617074e-02, 9.623747e-02
INFO:bingo.evolutionary_optimizers.parallel_archipelago:Performing migration between Islands
INFO:bingo.evolutionary_optimizers.parallel_archipelago:Evolution time 0:00:52.615449	 age 760	 fitness 2.758e-02
Level 25:bingo.evolutionary_optimizers.parallel_archipelago:Saving checkpoint: src/bingo_bias_vias_decomposition/checkpoints_st_40/implicit_st_40_p4_p6_5_750.pkl
INFO:bingo.evolutionary_optimizers.parallel_archipelago:Saved successfully
Level 25:bingo.evolutionary_optimizers.evolutionary_optimizer:Generation: 750 	 Elapsed time: 0:58:01.140509 	 Best training fitness: 2.758009e-02 	 
Level 25:bingo.evolutionary_optimizers.evolutionary_optimizer:750, 3.481141e+03, 8229428, 2.758009e-02, 2.757223e-02, 2.764365e-02, 2.849904e-02, 2.852597e-02, 5.527862e-02, 5.736965e-02, 5.899382e-02, 7.850354e-02, 7.917861e-02, 9.558621e-02, 9.617074e-02, 9.623747e-02
INFO:bingo.evolutionary_optimizers.parallel_archipelago:Performing migration between Islands
INFO:bingo.evolutionary_optimizers.parallel_archipelago:Evolution time 0:00:43.002518	 age 770	 fitness 2.759e-02
Level 25:bingo.evolutionary_optimizers.parallel_archipelago:Saving checkpoint: src/bingo_bias_vias_decomposition/checkpoints_st_40/implicit_st_40_p4_p6_5_760.pkl
INFO:bingo.evolutionary_optimizers.parallel_archipelago:Saved successfully
Level 25:bingo.evolutionary_optimizers.evolutionary_optimizer:Generation: 760 	 Elapsed time: 0:58:44.400583 	 Best training fitness: 2.758501e-02 	 
Level 25:bingo.evolutionary_optimizers.evolutionary_optimizer:760, 3.524401e+03, 8318188, 2.758501e-02, 2.757223e-02, 2.764365e-02, 2.849904e-02, 2.852597e-02, 5.527862e-02, 5.736965e-02, 5.899382e-02, 7.850354e-02, 7.917861e-02, 9.558621e-02, 9.617074e-02, 9.623747e-02
INFO:bingo.evolutionary_optimizers.parallel_archipelago:Performing migration between Islands
INFO:bingo.evolutionary_optimizers.parallel_archipelago:Evolution time 0:00:31.299149	 age 780	 fitness 2.646e-02
Level 25:bingo.evolutionary_optimizers.parallel_archipelago:Saving checkpoint: src/bingo_bias_vias_decomposition/checkpoints_st_40/implicit_st_40_p4_p6_5_770.pkl
INFO:bingo.evolutionary_optimizers.parallel_archipelago:Saved successfully
Level 25:bingo.evolutionary_optimizers.evolutionary_optimizer:Generation: 770 	 Elapsed time: 0:59:15.964937 	 Best training fitness: 2.645890e-02 	 
Level 25:bingo.evolutionary_optimizers.evolutionary_optimizer:770, 3.555965e+03, 8408079, 2.645890e-02, 2.645890e-02, 2.764365e-02, 2.849904e-02, 2.852597e-02, 5.527862e-02, 5.736965e-02, 5.899382e-02, 7.850354e-02, 7.917861e-02, 9.558621e-02, 9.617074e-02, 9.623747e-02
INFO:bingo.evolutionary_optimizers.parallel_archipelago:Performing migration between Islands
INFO:bingo.evolutionary_optimizers.parallel_archipelago:Evolution time 0:01:07.882733	 age 790	 fitness 2.644e-02
Level 25:bingo.evolutionary_optimizers.parallel_archipelago:Saving checkpoint: src/bingo_bias_vias_decomposition/checkpoints_st_40/implicit_st_40_p4_p6_5_780.pkl
INFO:bingo.evolutionary_optimizers.parallel_archipelago:Saved successfully
Level 25:bingo.evolutionary_optimizers.evolutionary_optimizer:Generation: 780 	 Elapsed time: 1:00:24.103907 	 Best training fitness: 2.644491e-02 	 
Level 25:bingo.evolutionary_optimizers.evolutionary_optimizer:780, 3.624104e+03, 8528354, 2.644491e-02, 2.644491e-02, 2.764365e-02, 2.849904e-02, 2.852597e-02, 5.527862e-02, 5.736965e-02, 5.899382e-02, 7.850354e-02, 7.917861e-02, 9.558621e-02, 9.617074e-02, 9.623747e-02
INFO:bingo.evolutionary_optimizers.parallel_archipelago:Performing migration between Islands
INFO:bingo.evolutionary_optimizers.parallel_archipelago:Evolution time 0:00:48.308374	 age 800	 fitness 2.646e-02
Level 25:bingo.evolutionary_optimizers.parallel_archipelago:Saving checkpoint: src/bingo_bias_vias_decomposition/checkpoints_st_40/implicit_st_40_p4_p6_5_790.pkl
INFO:bingo.evolutionary_optimizers.parallel_archipelago:Saved successfully
Level 25:bingo.evolutionary_optimizers.evolutionary_optimizer:Generation: 790 	 Elapsed time: 1:01:12.664412 	 Best training fitness: 2.645824e-02 	 
Level 25:bingo.evolutionary_optimizers.evolutionary_optimizer:790, 3.672664e+03, 8651217, 2.645824e-02, 2.644491e-02, 2.764365e-02, 2.849904e-02, 2.852597e-02, 5.527862e-02, 5.736965e-02, 5.899382e-02, 7.850354e-02, 7.917861e-02, 9.558621e-02, 9.617074e-02, 9.623747e-02
INFO:bingo.evolutionary_optimizers.parallel_archipelago:Performing migration between Islands
INFO:bingo.evolutionary_optimizers.parallel_archipelago:Evolution time 0:01:04.241223	 age 810	 fitness 2.646e-02
Level 25:bingo.evolutionary_optimizers.parallel_archipelago:Saving checkpoint: src/bingo_bias_vias_decomposition/checkpoints_st_40/implicit_st_40_p4_p6_5_800.pkl
INFO:bingo.evolutionary_optimizers.parallel_archipelago:Saved successfully
Level 25:bingo.evolutionary_optimizers.evolutionary_optimizer:Generation: 800 	 Elapsed time: 1:02:17.176166 	 Best training fitness: 2.645651e-02 	 
Level 25:bingo.evolutionary_optimizers.evolutionary_optimizer:800, 3.737176e+03, 8768422, 2.645651e-02, 2.644491e-02, 2.764365e-02, 2.849904e-02, 2.852597e-02, 5.527862e-02, 5.736965e-02, 5.899382e-02, 7.850354e-02, 7.917861e-02, 9.558621e-02, 9.617074e-02, 9.623747e-02
INFO:bingo.evolutionary_optimizers.parallel_archipelago:Performing migration between Islands
INFO:bingo.evolutionary_optimizers.parallel_archipelago:Evolution time 0:00:40.198638	 age 820	 fitness 2.645e-02
Level 25:bingo.evolutionary_optimizers.parallel_archipelago:Saving checkpoint: src/bingo_bias_vias_decomposition/checkpoints_st_40/implicit_st_40_p4_p6_5_810.pkl
INFO:bingo.evolutionary_optimizers.parallel_archipelago:Saved successfully
Level 25:bingo.evolutionary_optimizers.evolutionary_optimizer:Generation: 810 	 Elapsed time: 1:02:57.616881 	 Best training fitness: 2.645098e-02 	 
Level 25:bingo.evolutionary_optimizers.evolutionary_optimizer:810, 3.777617e+03, 8881258, 2.645098e-02, 2.644491e-02, 2.764365e-02, 2.849904e-02, 2.852597e-02, 5.527862e-02, 5.736965e-02, 5.899382e-02, 7.850354e-02, 7.917861e-02, 9.558621e-02, 9.617074e-02, 9.623747e-02
INFO:bingo.evolutionary_optimizers.parallel_archipelago:Performing migration between Islands
INFO:bingo.evolutionary_optimizers.parallel_archipelago:Evolution time 0:00:40.442514	 age 830	 fitness 2.644e-02
Level 25:bingo.evolutionary_optimizers.parallel_archipelago:Saving checkpoint: src/bingo_bias_vias_decomposition/checkpoints_st_40/implicit_st_40_p4_p6_5_820.pkl
INFO:bingo.evolutionary_optimizers.parallel_archipelago:Saved successfully
Level 25:bingo.evolutionary_optimizers.evolutionary_optimizer:Generation: 820 	 Elapsed time: 1:03:38.300664 	 Best training fitness: 2.644061e-02 	 
Level 25:bingo.evolutionary_optimizers.evolutionary_optimizer:820, 3.818301e+03, 8998412, 2.644061e-02, 2.644061e-02, 2.764365e-02, 2.849904e-02, 2.852597e-02, 5.527862e-02, 5.736965e-02, 5.899382e-02, 7.850354e-02, 7.917861e-02, 9.558621e-02, 9.617074e-02, 9.623747e-02
INFO:bingo.evolutionary_optimizers.parallel_archipelago:Performing migration between Islands
INFO:bingo.evolutionary_optimizers.parallel_archipelago:Evolution time 0:00:39.491030	 age 840	 fitness 2.644e-02
Level 25:bingo.evolutionary_optimizers.parallel_archipelago:Saving checkpoint: src/bingo_bias_vias_decomposition/checkpoints_st_40/implicit_st_40_p4_p6_5_830.pkl
INFO:bingo.evolutionary_optimizers.parallel_archipelago:Saved successfully
Level 25:bingo.evolutionary_optimizers.evolutionary_optimizer:Generation: 830 	 Elapsed time: 1:04:18.031391 	 Best training fitness: 2.644061e-02 	 
Level 25:bingo.evolutionary_optimizers.evolutionary_optimizer:830, 3.858031e+03, 9088193, 2.644061e-02, 2.644061e-02, 2.764365e-02, 2.849904e-02, 2.852597e-02, 5.527862e-02, 5.736965e-02, 5.899382e-02, 7.850354e-02, 7.917861e-02, 9.558621e-02, 9.617074e-02, 9.623747e-02
INFO:bingo.evolutionary_optimizers.parallel_archipelago:Performing migration between Islands
INFO:bingo.evolutionary_optimizers.parallel_archipelago:Evolution time 0:00:41.057256	 age 850	 fitness 2.645e-02
Level 25:bingo.evolutionary_optimizers.parallel_archipelago:Saving checkpoint: src/bingo_bias_vias_decomposition/checkpoints_st_40/implicit_st_40_p4_p6_5_840.pkl
INFO:bingo.evolutionary_optimizers.parallel_archipelago:Saved successfully
Level 25:bingo.evolutionary_optimizers.evolutionary_optimizer:Generation: 840 	 Elapsed time: 1:04:59.332840 	 Best training fitness: 2.644699e-02 	 
Level 25:bingo.evolutionary_optimizers.evolutionary_optimizer:840, 3.899333e+03, 9180149, 2.644699e-02, 2.644061e-02, 2.761465e-02, 2.764365e-02, 2.849904e-02, 2.852597e-02, 5.527862e-02, 5.736965e-02, 5.899382e-02, 7.850354e-02, 7.917861e-02, 9.558621e-02, 9.617074e-02, 9.623747e-02
INFO:bingo.evolutionary_optimizers.parallel_archipelago:Performing migration between Islands
INFO:bingo.evolutionary_optimizers.parallel_archipelago:Evolution time 0:00:38.919743	 age 860	 fitness 2.644e-02
Level 25:bingo.evolutionary_optimizers.parallel_archipelago:Saving checkpoint: src/bingo_bias_vias_decomposition/checkpoints_st_40/implicit_st_40_p4_p6_5_850.pkl
INFO:bingo.evolutionary_optimizers.parallel_archipelago:Saved successfully
Level 25:bingo.evolutionary_optimizers.evolutionary_optimizer:Generation: 850 	 Elapsed time: 1:05:38.497264 	 Best training fitness: 2.643837e-02 	 
Level 25:bingo.evolutionary_optimizers.evolutionary_optimizer:850, 3.938497e+03, 9273265, 2.643837e-02, 2.643837e-02, 2.761465e-02, 2.764365e-02, 2.849904e-02, 2.852597e-02, 5.527862e-02, 5.736965e-02, 5.899382e-02, 7.850354e-02, 7.917861e-02, 9.558621e-02, 9.617074e-02, 9.623747e-02
INFO:bingo.evolutionary_optimizers.parallel_archipelago:Performing migration between Islands
INFO:bingo.evolutionary_optimizers.parallel_archipelago:Evolution time 0:00:38.272609	 age 870	 fitness 2.644e-02
Level 25:bingo.evolutionary_optimizers.parallel_archipelago:Saving checkpoint: src/bingo_bias_vias_decomposition/checkpoints_st_40/implicit_st_40_p4_p6_5_860.pkl
INFO:bingo.evolutionary_optimizers.parallel_archipelago:Saved successfully
Level 25:bingo.evolutionary_optimizers.evolutionary_optimizer:Generation: 860 	 Elapsed time: 1:06:17.013937 	 Best training fitness: 2.644426e-02 	 
Level 25:bingo.evolutionary_optimizers.evolutionary_optimizer:860, 3.977014e+03, 9372653, 2.644426e-02, 2.643837e-02, 2.761465e-02, 2.764365e-02, 2.849904e-02, 2.852597e-02, 5.527862e-02, 5.736965e-02, 5.899382e-02, 7.850354e-02, 7.917861e-02, 9.558621e-02, 9.617074e-02, 9.623747e-02
INFO:bingo.evolutionary_optimizers.parallel_archipelago:Performing migration between Islands
INFO:bingo.evolutionary_optimizers.parallel_archipelago:Evolution time 0:00:55.297663	 age 880	 fitness 2.644e-02
Level 25:bingo.evolutionary_optimizers.parallel_archipelago:Saving checkpoint: src/bingo_bias_vias_decomposition/checkpoints_st_40/implicit_st_40_p4_p6_5_870.pkl
INFO:bingo.evolutionary_optimizers.parallel_archipelago:Saved successfully
Level 25:bingo.evolutionary_optimizers.evolutionary_optimizer:Generation: 870 	 Elapsed time: 1:07:12.583591 	 Best training fitness: 2.644426e-02 	 
Level 25:bingo.evolutionary_optimizers.evolutionary_optimizer:870, 4.032584e+03, 9470984, 2.644426e-02, 2.643837e-02, 2.761465e-02, 2.764365e-02, 2.849904e-02, 2.852597e-02, 5.527862e-02, 5.736965e-02, 5.899382e-02, 7.850354e-02, 7.917861e-02, 9.558621e-02, 9.617074e-02, 9.623747e-02
INFO:bingo.evolutionary_optimizers.parallel_archipelago:Performing migration between Islands
INFO:bingo.evolutionary_optimizers.parallel_archipelago:Evolution time 0:00:56.973049	 age 890	 fitness 2.646e-02
Level 25:bingo.evolutionary_optimizers.parallel_archipelago:Saving checkpoint: src/bingo_bias_vias_decomposition/checkpoints_st_40/implicit_st_40_p4_p6_5_880.pkl
INFO:bingo.evolutionary_optimizers.parallel_archipelago:Saved successfully
Level 25:bingo.evolutionary_optimizers.evolutionary_optimizer:Generation: 880 	 Elapsed time: 1:08:09.804730 	 Best training fitness: 2.645501e-02 	 
Level 25:bingo.evolutionary_optimizers.evolutionary_optimizer:880, 4.089805e+03, 9570339, 2.645501e-02, 2.643837e-02, 2.761465e-02, 2.764365e-02, 2.849904e-02, 2.852597e-02, 5.527862e-02, 5.736965e-02, 5.899382e-02, 7.850354e-02, 7.917861e-02, 9.558621e-02, 9.617074e-02, 9.623747e-02
INFO:bingo.evolutionary_optimizers.parallel_archipelago:Performing migration between Islands
INFO:bingo.evolutionary_optimizers.parallel_archipelago:Evolution time 0:00:22.670910	 age 900	 fitness 2.645e-02
Level 25:bingo.evolutionary_optimizers.parallel_archipelago:Saving checkpoint: src/bingo_bias_vias_decomposition/checkpoints_st_40/implicit_st_40_p4_p6_5_890.pkl
INFO:bingo.evolutionary_optimizers.parallel_archipelago:Saved successfully
Level 25:bingo.evolutionary_optimizers.evolutionary_optimizer:Generation: 890 	 Elapsed time: 1:08:32.719575 	 Best training fitness: 2.644776e-02 	 
Level 25:bingo.evolutionary_optimizers.evolutionary_optimizer:890, 4.112720e+03, 9637630, 2.644776e-02, 2.643837e-02, 2.759118e-02, 2.764365e-02, 2.849904e-02, 2.852597e-02, 5.527862e-02, 5.736965e-02, 5.899382e-02, 7.850354e-02, 7.917861e-02, 9.558621e-02, 9.617074e-02, 9.623747e-02
INFO:bingo.evolutionary_optimizers.parallel_archipelago:Performing migration between Islands
INFO:bingo.evolutionary_optimizers.parallel_archipelago:Evolution time 0:01:01.908317	 age 910	 fitness 2.643e-02
Level 25:bingo.evolutionary_optimizers.parallel_archipelago:Saving checkpoint: src/bingo_bias_vias_decomposition/checkpoints_st_40/implicit_st_40_p4_p6_5_900.pkl
INFO:bingo.evolutionary_optimizers.parallel_archipelago:Saved successfully
Level 25:bingo.evolutionary_optimizers.evolutionary_optimizer:Generation: 900 	 Elapsed time: 1:09:34.873580 	 Best training fitness: 2.643492e-02 	 
Level 25:bingo.evolutionary_optimizers.evolutionary_optimizer:900, 4.174874e+03, 9748124, 2.643492e-02, 2.643492e-02, 2.758342e-02, 2.764365e-02, 2.849904e-02, 2.852597e-02, 5.527862e-02, 5.736965e-02, 5.899382e-02, 7.850354e-02, 7.917861e-02, 9.558621e-02, 9.617074e-02, 9.623747e-02
INFO:bingo.evolutionary_optimizers.parallel_archipelago:Performing migration between Islands
INFO:bingo.evolutionary_optimizers.parallel_archipelago:Evolution time 0:00:38.034550	 age 920	 fitness 2.643e-02
Level 25:bingo.evolutionary_optimizers.parallel_archipelago:Saving checkpoint: src/bingo_bias_vias_decomposition/checkpoints_st_40/implicit_st_40_p4_p6_5_910.pkl
INFO:bingo.evolutionary_optimizers.parallel_archipelago:Saved successfully
Level 25:bingo.evolutionary_optimizers.evolutionary_optimizer:Generation: 910 	 Elapsed time: 1:10:13.152280 	 Best training fitness: 2.643452e-02 	 
Level 25:bingo.evolutionary_optimizers.evolutionary_optimizer:910, 4.213152e+03, 9853554, 2.643452e-02, 2.643452e-02, 2.758342e-02, 2.764365e-02, 2.849904e-02, 2.852597e-02, 5.527862e-02, 5.736965e-02, 5.899382e-02, 7.850354e-02, 7.917861e-02, 9.558621e-02, 9.617074e-02, 9.623747e-02
INFO:bingo.evolutionary_optimizers.parallel_archipelago:Performing migration between Islands
INFO:bingo.evolutionary_optimizers.parallel_archipelago:Evolution time 0:00:46.296698	 age 930	 fitness 2.643e-02
Level 25:bingo.evolutionary_optimizers.parallel_archipelago:Saving checkpoint: src/bingo_bias_vias_decomposition/checkpoints_st_40/implicit_st_40_p4_p6_5_920.pkl
INFO:bingo.evolutionary_optimizers.parallel_archipelago:Saved successfully
Level 25:bingo.evolutionary_optimizers.evolutionary_optimizer:Generation: 920 	 Elapsed time: 1:10:59.695465 	 Best training fitness: 2.643452e-02 	 
Level 25:bingo.evolutionary_optimizers.evolutionary_optimizer:920, 4.259695e+03, 9953423, 2.643452e-02, 2.643452e-02, 2.758342e-02, 2.764365e-02, 2.849904e-02, 2.852597e-02, 5.527862e-02, 5.736965e-02, 5.899382e-02, 7.850354e-02, 7.917861e-02, 9.558621e-02, 9.617074e-02, 9.623747e-02
INFO:bingo.evolutionary_optimizers.parallel_archipelago:Performing migration between Islands
INFO:bingo.evolutionary_optimizers.parallel_archipelago:Evolution time 0:00:26.670258	 age 940	 fitness 2.644e-02
Level 25:bingo.evolutionary_optimizers.parallel_archipelago:Saving checkpoint: src/bingo_bias_vias_decomposition/checkpoints_st_40/implicit_st_40_p4_p6_5_930.pkl
INFO:bingo.evolutionary_optimizers.parallel_archipelago:Saved successfully
Level 25:bingo.evolutionary_optimizers.evolutionary_optimizer:Generation: 930 	 Elapsed time: 1:11:26.609192 	 Best training fitness: 2.644211e-02 	 
Level 25:bingo.evolutionary_optimizers.evolutionary_optimizer:930, 4.286609e+03, 10050298, 2.644211e-02, 2.643452e-02, 2.758342e-02, 2.764365e-02, 2.849904e-02, 2.852597e-02, 5.527862e-02, 5.736965e-02, 5.899382e-02, 7.850354e-02, 7.917861e-02, 9.558621e-02, 9.617074e-02, 9.623747e-02
INFO:bingo.evolutionary_optimizers.parallel_archipelago:Performing migration between Islands
INFO:bingo.evolutionary_optimizers.parallel_archipelago:Evolution time 0:00:39.345978	 age 950	 fitness 2.645e-02
Level 25:bingo.evolutionary_optimizers.parallel_archipelago:Saving checkpoint: src/bingo_bias_vias_decomposition/checkpoints_st_40/implicit_st_40_p4_p6_5_940.pkl
INFO:bingo.evolutionary_optimizers.parallel_archipelago:Saved successfully
Level 25:bingo.evolutionary_optimizers.evolutionary_optimizer:Generation: 940 	 Elapsed time: 1:12:06.205584 	 Best training fitness: 2.644649e-02 	 
Level 25:bingo.evolutionary_optimizers.evolutionary_optimizer:940, 4.326206e+03, 10130876, 2.644649e-02, 2.643452e-02, 2.758342e-02, 2.764365e-02, 2.849904e-02, 2.852597e-02, 5.527862e-02, 5.736965e-02, 5.899382e-02, 7.850354e-02, 7.917861e-02, 9.558621e-02, 9.617074e-02, 9.623747e-02
INFO:bingo.evolutionary_optimizers.parallel_archipelago:Performing migration between Islands
INFO:bingo.evolutionary_optimizers.parallel_archipelago:Evolution time 0:00:38.518393	 age 960	 fitness 2.645e-02
Level 25:bingo.evolutionary_optimizers.parallel_archipelago:Saving checkpoint: src/bingo_bias_vias_decomposition/checkpoints_st_40/implicit_st_40_p4_p6_5_950.pkl
INFO:bingo.evolutionary_optimizers.parallel_archipelago:Saved successfully
Level 25:bingo.evolutionary_optimizers.evolutionary_optimizer:Generation: 950 	 Elapsed time: 1:12:44.968932 	 Best training fitness: 2.645344e-02 	 
Level 25:bingo.evolutionary_optimizers.evolutionary_optimizer:950, 4.364969e+03, 10241887, 2.645344e-02, 2.643452e-02, 2.758342e-02, 2.764365e-02, 2.849904e-02, 2.852597e-02, 5.527862e-02, 5.736965e-02, 5.899382e-02, 7.850354e-02, 7.917861e-02, 9.558621e-02, 9.617074e-02, 9.623747e-02
INFO:bingo.evolutionary_optimizers.parallel_archipelago:Performing migration between Islands
INFO:bingo.evolutionary_optimizers.parallel_archipelago:Evolution time 0:00:23.072414	 age 970	 fitness 2.645e-02
Level 25:bingo.evolutionary_optimizers.parallel_archipelago:Saving checkpoint: src/bingo_bias_vias_decomposition/checkpoints_st_40/implicit_st_40_p4_p6_5_960.pkl
INFO:bingo.evolutionary_optimizers.parallel_archipelago:Saved successfully
Level 25:bingo.evolutionary_optimizers.evolutionary_optimizer:Generation: 960 	 Elapsed time: 1:13:08.285996 	 Best training fitness: 2.645002e-02 	 
Level 25:bingo.evolutionary_optimizers.evolutionary_optimizer:960, 4.388286e+03, 10310180, 2.645002e-02, 2.643452e-02, 2.758342e-02, 2.764365e-02, 2.849904e-02, 2.852597e-02, 5.527862e-02, 5.736965e-02, 5.899382e-02, 7.850354e-02, 7.917861e-02, 9.558621e-02, 9.617074e-02, 9.623747e-02
INFO:bingo.evolutionary_optimizers.parallel_archipelago:Performing migration between Islands
INFO:bingo.evolutionary_optimizers.parallel_archipelago:Evolution time 0:00:37.320614	 age 980	 fitness 2.645e-02
Level 25:bingo.evolutionary_optimizers.parallel_archipelago:Saving checkpoint: src/bingo_bias_vias_decomposition/checkpoints_st_40/implicit_st_40_p4_p6_5_970.pkl
INFO:bingo.evolutionary_optimizers.parallel_archipelago:Saved successfully
Level 25:bingo.evolutionary_optimizers.evolutionary_optimizer:Generation: 970 	 Elapsed time: 1:13:45.851778 	 Best training fitness: 2.644900e-02 	 
Level 25:bingo.evolutionary_optimizers.evolutionary_optimizer:970, 4.425852e+03, 10390978, 2.644900e-02, 2.643452e-02, 2.758342e-02, 2.764365e-02, 2.849904e-02, 2.852597e-02, 5.527862e-02, 5.736965e-02, 5.899382e-02, 7.850354e-02, 7.917861e-02, 9.558621e-02, 9.617074e-02, 9.623747e-02
INFO:bingo.evolutionary_optimizers.parallel_archipelago:Performing migration between Islands
INFO:bingo.evolutionary_optimizers.parallel_archipelago:Evolution time 0:00:24.345936	 age 990	 fitness 2.542e-02
Level 25:bingo.evolutionary_optimizers.parallel_archipelago:Saving checkpoint: src/bingo_bias_vias_decomposition/checkpoints_st_40/implicit_st_40_p4_p6_5_980.pkl
INFO:bingo.evolutionary_optimizers.parallel_archipelago:Saved successfully
Level 25:bingo.evolutionary_optimizers.evolutionary_optimizer:Generation: 980 	 Elapsed time: 1:14:10.446109 	 Best training fitness: 2.542461e-02 	 
Level 25:bingo.evolutionary_optimizers.evolutionary_optimizer:980, 4.450446e+03, 10485321, 2.542461e-02, 2.542461e-02, 2.643452e-02, 2.758342e-02, 2.764365e-02, 2.849904e-02, 2.852597e-02, 5.527862e-02, 5.736965e-02, 5.899382e-02, 7.850354e-02, 7.917861e-02, 9.558621e-02, 9.612282e-02, 9.617074e-02, 9.623747e-02
INFO:bingo.evolutionary_optimizers.parallel_archipelago:Performing migration between Islands
INFO:bingo.evolutionary_optimizers.parallel_archipelago:Evolution time 0:00:21.746988	 age 1000	 fitness 2.540e-02
Level 25:bingo.evolutionary_optimizers.parallel_archipelago:Saving checkpoint: src/bingo_bias_vias_decomposition/checkpoints_st_40/implicit_st_40_p4_p6_5_990.pkl
INFO:bingo.evolutionary_optimizers.parallel_archipelago:Saved successfully
Level 25:bingo.evolutionary_optimizers.evolutionary_optimizer:Generation: 990 	 Elapsed time: 1:14:32.437741 	 Best training fitness: 2.540297e-02 	 
Level 25:bingo.evolutionary_optimizers.evolutionary_optimizer:990, 4.472438e+03, 10561251, 2.540297e-02, 2.540297e-02, 2.643452e-02, 2.758342e-02, 2.764365e-02, 2.849904e-02, 2.852597e-02, 5.527862e-02, 5.736965e-02, 5.899382e-02, 6.798228e-02, 9.612282e-02, 9.617074e-02, 9.623747e-02
INFO:bingo.evolutionary_optimizers.parallel_archipelago:Performing migration between Islands
INFO:bingo.evolutionary_optimizers.parallel_archipelago:Evolution time 0:00:37.373325	 age 1010	 fitness 2.415e-02
Level 25:bingo.evolutionary_optimizers.parallel_archipelago:Saving checkpoint: src/bingo_bias_vias_decomposition/checkpoints_st_40/implicit_st_40_p4_p6_5_1000.pkl
INFO:bingo.evolutionary_optimizers.parallel_archipelago:Saved successfully
Level 25:bingo.evolutionary_optimizers.evolutionary_optimizer:Generation: 1000 	 Elapsed time: 1:15:10.087297 	 Best training fitness: 2.414944e-02 	 
Level 25:bingo.evolutionary_optimizers.evolutionary_optimizer:1000, 4.510087e+03, 10665324, 2.414944e-02, 2.414944e-02, 2.486369e-02, 2.643452e-02, 2.758342e-02, 2.764365e-02, 2.849904e-02, 2.852597e-02, 5.527862e-02, 5.736965e-02, 5.899382e-02, 6.798228e-02, 9.612282e-02, 9.617074e-02, 9.623747e-02
INFO:bingo.evolutionary_optimizers.parallel_archipelago:Performing migration between Islands
INFO:bingo.evolutionary_optimizers.parallel_archipelago:Evolution time 0:00:37.388204	 age 1020	 fitness 0.000e+00
Level 25:bingo.evolutionary_optimizers.parallel_archipelago:Saving checkpoint: src/bingo_bias_vias_decomposition/checkpoints_st_40/implicit_st_40_p4_p6_5_1010.pkl
INFO:bingo.evolutionary_optimizers.parallel_archipelago:Saved successfully
Level 25:bingo.evolutionary_optimizers.evolutionary_optimizer:Generation: 1010 	 Elapsed time: 1:15:47.704919 	 Best training fitness: 0.000000e+00 	 
Level 25:bingo.evolutionary_optimizers.evolutionary_optimizer:1010, 4.547705e+03, 10771510, 0.000000e+00, 0.000000e+00, 9.617074e-02, 9.623747e-02
Level 25:bingo.evolutionary_optimizers.evolutionary_optimizer:Evolution successfully converged.
Level 25:bingo.evolutionary_optimizers.evolutionary_optimizer:  Absolte convergence occurred with best fitness < 1e-10
Level 25:bingo.evolutionary_optimizers.evolutionary_optimizer:Hall of Fame:
0.0	7	sin(log((X_0)(X_0) + (X_1)(X_1)))
0.09617073642718182	5	sin(log((0.384546)(sin(0.384546))))
0.09623747365947379	1	-0.933502
