Level 25:bingo.evolutionary_optimizers.evolutionary_optimizer:#generational_age, elapsed_time, fitness_evaluation_count, current_training_fitness, hall_of_fame_fitnesses
Level 25:bingo.evolutionary_optimizers.evolutionary_optimizer:#generational_age, elapsed_time, fitness_evaluation_count, current_training_fitness, hall_of_fame_fitnesses
Level 25:bingo.evolutionary_optimizers.evolutionary_optimizer:Generation: 0 	 Elapsed time: 0:00:02.901440 	 Best training fitness: 1.204810e-01 	 
Level 25:bingo.evolutionary_optimizers.evolutionary_optimizer:0, 2.901440e+00, 13189, 1.204810e-01
INFO:bingo.evolutionary_optimizers.parallel_archipelago:Evolution time 0:00:24.609241	 age 20	 fitness 1.202e-01
Level 25:bingo.evolutionary_optimizers.evolutionary_optimizer:Generation: 10 	 Elapsed time: 0:00:27.708843 	 Best training fitness: 1.201976e-01 	 
Level 25:bingo.evolutionary_optimizers.evolutionary_optimizer:10, 2.770884e+01, 121509, 1.201976e-01, 1.201976e-01, 1.204230e-01, 1.206379e-01, 1.215063e-01
INFO:bingo.evolutionary_optimizers.parallel_archipelago:Evolution time 0:00:20.868885	 age 40	 fitness 1.196e-01
Level 25:bingo.evolutionary_optimizers.evolutionary_optimizer:Generation: 20 	 Elapsed time: 0:00:48.797701 	 Best training fitness: 1.196043e-01 	 
Level 25:bingo.evolutionary_optimizers.evolutionary_optimizer:20, 4.879770e+01, 217100, 1.196043e-01, 1.196043e-01, 1.203164e-01
INFO:bingo.evolutionary_optimizers.parallel_archipelago:Evolution time 0:00:25.637554	 age 50	 fitness 1.195e-01
Level 25:bingo.evolutionary_optimizers.evolutionary_optimizer:Generation: 30 	 Elapsed time: 0:01:14.682286 	 Best training fitness: 1.195015e-01 	 
Level 25:bingo.evolutionary_optimizers.evolutionary_optimizer:30, 7.468229e+01, 288789, 1.195015e-01, 1.195015e-01, 1.203036e-01
INFO:bingo.evolutionary_optimizers.parallel_archipelago:Evolution time 0:00:17.351228	 age 60	 fitness 1.194e-01
Level 25:bingo.evolutionary_optimizers.evolutionary_optimizer:Generation: 40 	 Elapsed time: 0:01:32.250465 	 Best training fitness: 1.194069e-01 	 
Level 25:bingo.evolutionary_optimizers.evolutionary_optimizer:40, 9.225047e+01, 352677, 1.194069e-01, 1.194069e-01, 1.202831e-01, 1.203036e-01
INFO:bingo.evolutionary_optimizers.parallel_archipelago:Evolution time 0:00:16.415452	 age 80	 fitness 1.195e-01
Level 25:bingo.evolutionary_optimizers.evolutionary_optimizer:Generation: 50 	 Elapsed time: 0:01:48.883168 	 Best training fitness: 1.194515e-01 	 
Level 25:bingo.evolutionary_optimizers.evolutionary_optimizer:50, 1.088832e+02, 416772, 1.194515e-01, 1.194069e-01, 1.202831e-01, 1.203036e-01
INFO:bingo.evolutionary_optimizers.parallel_archipelago:Evolution time 0:00:17.848888	 age 100	 fitness 1.195e-01
Level 25:bingo.evolutionary_optimizers.evolutionary_optimizer:Generation: 60 	 Elapsed time: 0:02:06.948686 	 Best training fitness: 1.194588e-01 	 
Level 25:bingo.evolutionary_optimizers.evolutionary_optimizer:60, 1.269487e+02, 498312, 1.194588e-01, 1.194069e-01, 1.202831e-01, 1.203036e-01
INFO:bingo.evolutionary_optimizers.parallel_archipelago:Evolution time 0:00:28.140073	 age 130	 fitness 1.193e-01
Level 25:bingo.evolutionary_optimizers.evolutionary_optimizer:Generation: 70 	 Elapsed time: 0:02:35.313717 	 Best training fitness: 1.192901e-01 	 
Level 25:bingo.evolutionary_optimizers.evolutionary_optimizer:70, 1.553137e+02, 594144, 1.192901e-01, 1.192901e-01, 1.194069e-01, 1.202831e-01, 1.203036e-01
INFO:bingo.evolutionary_optimizers.parallel_archipelago:Evolution time 0:00:26.765891	 age 140	 fitness 1.193e-01
Level 25:bingo.evolutionary_optimizers.evolutionary_optimizer:Generation: 80 	 Elapsed time: 0:03:02.610703 	 Best training fitness: 1.192901e-01 	 
Level 25:bingo.evolutionary_optimizers.evolutionary_optimizer:80, 1.826107e+02, 671002, 1.192901e-01, 1.192901e-01, 1.193410e-01, 1.194069e-01, 1.202831e-01, 1.203036e-01
INFO:bingo.evolutionary_optimizers.parallel_archipelago:Evolution time 0:00:38.576086	 age 180	 fitness 1.193e-01
Level 25:bingo.evolutionary_optimizers.evolutionary_optimizer:Generation: 90 	 Elapsed time: 0:03:41.449036 	 Best training fitness: 1.192754e-01 	 
Level 25:bingo.evolutionary_optimizers.evolutionary_optimizer:90, 2.214490e+02, 785609, 1.192754e-01, 1.192754e-01, 1.194069e-01, 1.202831e-01, 1.203036e-01
INFO:bingo.evolutionary_optimizers.parallel_archipelago:Evolution time 0:00:33.682867	 age 190	 fitness 1.192e-01
Level 25:bingo.evolutionary_optimizers.evolutionary_optimizer:Generation: 100 	 Elapsed time: 0:04:15.360562 	 Best training fitness: 1.192138e-01 	 
Level 25:bingo.evolutionary_optimizers.evolutionary_optimizer:100, 2.553606e+02, 900439, 1.192138e-01, 1.192138e-01, 1.194069e-01, 1.202621e-01
INFO:bingo.evolutionary_optimizers.parallel_archipelago:Evolution time 0:00:23.720378	 age 200	 fitness 1.192e-01
Level 25:bingo.evolutionary_optimizers.evolutionary_optimizer:Generation: 110 	 Elapsed time: 0:04:39.302134 	 Best training fitness: 1.192138e-01 	 
Level 25:bingo.evolutionary_optimizers.evolutionary_optimizer:110, 2.793021e+02, 974159, 1.192138e-01, 1.192138e-01, 1.194069e-01, 1.202621e-01
INFO:bingo.evolutionary_optimizers.parallel_archipelago:Evolution time 0:00:21.810771	 age 220	 fitness 1.138e-01
Level 25:bingo.evolutionary_optimizers.evolutionary_optimizer:Generation: 120 	 Elapsed time: 0:05:01.376316 	 Best training fitness: 1.138221e-01 	 
Level 25:bingo.evolutionary_optimizers.evolutionary_optimizer:120, 3.013763e+02, 1068375, 1.138221e-01, 1.138221e-01, 1.192039e-01, 1.194069e-01, 1.202621e-01
INFO:bingo.evolutionary_optimizers.parallel_archipelago:Evolution time 0:00:35.535675	 age 230	 fitness 1.131e-01
Level 25:bingo.evolutionary_optimizers.evolutionary_optimizer:Generation: 130 	 Elapsed time: 0:05:37.134507 	 Best training fitness: 1.130673e-01 	 
Level 25:bingo.evolutionary_optimizers.evolutionary_optimizer:130, 3.371345e+02, 1154003, 1.130673e-01, 1.130673e-01, 1.191730e-01, 1.194069e-01, 1.202621e-01
INFO:bingo.evolutionary_optimizers.parallel_archipelago:Evolution time 0:00:29.307602	 age 240	 fitness 1.130e-01
Level 25:bingo.evolutionary_optimizers.evolutionary_optimizer:Generation: 140 	 Elapsed time: 0:06:06.663574 	 Best training fitness: 1.129710e-01 	 
Level 25:bingo.evolutionary_optimizers.evolutionary_optimizer:140, 3.666636e+02, 1238311, 1.129710e-01, 1.129710e-01, 1.191035e-01, 1.194069e-01, 1.202621e-01
INFO:bingo.evolutionary_optimizers.parallel_archipelago:Evolution time 0:00:26.191040	 age 260	 fitness 1.129e-01
Level 25:bingo.evolutionary_optimizers.evolutionary_optimizer:Generation: 150 	 Elapsed time: 0:06:33.103144 	 Best training fitness: 1.129280e-01 	 
Level 25:bingo.evolutionary_optimizers.evolutionary_optimizer:150, 3.931031e+02, 1361534, 1.129280e-01, 1.129280e-01, 1.191035e-01, 1.194069e-01, 1.202621e-01
INFO:bingo.evolutionary_optimizers.parallel_archipelago:Evolution time 0:00:26.510320	 age 270	 fitness 1.129e-01
Level 25:bingo.evolutionary_optimizers.evolutionary_optimizer:Generation: 160 	 Elapsed time: 0:06:59.864348 	 Best training fitness: 1.129280e-01 	 
Level 25:bingo.evolutionary_optimizers.evolutionary_optimizer:160, 4.198643e+02, 1446796, 1.129280e-01, 1.129280e-01, 1.190917e-01, 1.194069e-01, 1.202621e-01
INFO:bingo.evolutionary_optimizers.parallel_archipelago:Evolution time 0:00:39.168582	 age 280	 fitness 1.129e-01
Level 25:bingo.evolutionary_optimizers.evolutionary_optimizer:Generation: 170 	 Elapsed time: 0:07:39.252700 	 Best training fitness: 1.129265e-01 	 
Level 25:bingo.evolutionary_optimizers.evolutionary_optimizer:170, 4.592527e+02, 1573916, 1.129265e-01, 1.129265e-01, 1.190917e-01, 1.194069e-01, 1.202621e-01
INFO:bingo.evolutionary_optimizers.parallel_archipelago:Evolution time 0:00:43.557518	 age 310	 fitness 7.608e-02
Level 25:bingo.evolutionary_optimizers.evolutionary_optimizer:Generation: 180 	 Elapsed time: 0:08:23.031125 	 Best training fitness: 7.607928e-02 	 
Level 25:bingo.evolutionary_optimizers.evolutionary_optimizer:180, 5.030311e+02, 1697618, 7.607928e-02, 7.607928e-02, 9.649684e-02, 9.803137e-02, 1.129265e-01, 1.190917e-01, 1.194069e-01, 1.202621e-01
INFO:bingo.evolutionary_optimizers.parallel_archipelago:Evolution time 0:00:38.971100	 age 330	 fitness 7.260e-02
Level 25:bingo.evolutionary_optimizers.evolutionary_optimizer:Generation: 190 	 Elapsed time: 0:09:02.226871 	 Best training fitness: 7.259880e-02 	 
Level 25:bingo.evolutionary_optimizers.evolutionary_optimizer:190, 5.422269e+02, 1839749, 7.259880e-02, 7.259880e-02, 7.589956e-02, 7.672617e-02, 9.803137e-02, 1.129265e-01, 1.190917e-01, 1.194069e-01, 1.202621e-01
INFO:bingo.evolutionary_optimizers.parallel_archipelago:Evolution time 0:00:43.295428	 age 350	 fitness 7.252e-02
Level 25:bingo.evolutionary_optimizers.evolutionary_optimizer:Generation: 200 	 Elapsed time: 0:09:45.748491 	 Best training fitness: 7.252477e-02 	 
Level 25:bingo.evolutionary_optimizers.evolutionary_optimizer:200, 5.857485e+02, 1984294, 7.252477e-02, 7.252477e-02, 7.435879e-02, 7.672617e-02, 9.803137e-02, 1.029571e-01, 1.190917e-01, 1.194069e-01, 1.202621e-01
INFO:bingo.evolutionary_optimizers.parallel_archipelago:Evolution time 0:00:40.725415	 age 370	 fitness 7.236e-02
Level 25:bingo.evolutionary_optimizers.evolutionary_optimizer:Generation: 210 	 Elapsed time: 0:10:26.704019 	 Best training fitness: 7.236278e-02 	 
Level 25:bingo.evolutionary_optimizers.evolutionary_optimizer:210, 6.267040e+02, 2107593, 7.236278e-02, 7.236278e-02, 7.672617e-02, 9.803137e-02, 1.026342e-01, 1.085581e-01, 1.190917e-01, 1.194069e-01, 1.202618e-01, 1.202621e-01
INFO:bingo.evolutionary_optimizers.parallel_archipelago:Evolution time 0:00:45.273654	 age 400	 fitness 7.236e-02
Level 25:bingo.evolutionary_optimizers.evolutionary_optimizer:Generation: 220 	 Elapsed time: 0:11:12.214588 	 Best training fitness: 7.236278e-02 	 
Level 25:bingo.evolutionary_optimizers.evolutionary_optimizer:220, 6.722146e+02, 2240620, 7.236278e-02, 7.236278e-02, 7.527388e-02, 1.024327e-01, 1.085581e-01, 1.190917e-01, 1.194069e-01, 1.202618e-01, 1.202621e-01
INFO:bingo.evolutionary_optimizers.parallel_archipelago:Evolution time 0:00:38.162031	 age 430	 fitness 7.147e-02
Level 25:bingo.evolutionary_optimizers.evolutionary_optimizer:Generation: 230 	 Elapsed time: 0:11:50.653280 	 Best training fitness: 7.146904e-02 	 
Level 25:bingo.evolutionary_optimizers.evolutionary_optimizer:230, 7.106533e+02, 2369042, 7.146904e-02, 7.146904e-02, 7.233472e-02, 7.527388e-02, 7.552055e-02, 1.024137e-01, 1.082954e-01, 1.190917e-01, 1.194069e-01, 1.202618e-01, 1.202621e-01
INFO:bingo.evolutionary_optimizers.parallel_archipelago:Evolution time 0:00:32.325308	 age 450	 fitness 7.098e-02
Level 25:bingo.evolutionary_optimizers.evolutionary_optimizer:Generation: 240 	 Elapsed time: 0:12:23.227944 	 Best training fitness: 7.097905e-02 	 
Level 25:bingo.evolutionary_optimizers.evolutionary_optimizer:240, 7.432279e+02, 2493566, 7.097905e-02, 7.097905e-02, 7.233472e-02, 7.248889e-02, 7.527388e-02, 7.552055e-02, 1.024137e-01, 1.082954e-01, 1.190917e-01, 1.194069e-01, 1.202618e-01, 1.202621e-01
INFO:bingo.evolutionary_optimizers.parallel_archipelago:Evolution time 0:00:31.471189	 age 460	 fitness 6.702e-02
Level 25:bingo.evolutionary_optimizers.evolutionary_optimizer:Generation: 250 	 Elapsed time: 0:12:54.952750 	 Best training fitness: 6.701786e-02 	 
Level 25:bingo.evolutionary_optimizers.evolutionary_optimizer:250, 7.749528e+02, 2590637, 6.701786e-02, 6.701786e-02, 6.822167e-02, 7.207476e-02, 7.233472e-02, 7.237784e-02, 7.509028e-02, 1.190917e-01, 1.194069e-01, 1.202618e-01, 1.202621e-01
INFO:bingo.evolutionary_optimizers.parallel_archipelago:Evolution time 0:01:02.150737	 age 480	 fitness 6.687e-02
Level 25:bingo.evolutionary_optimizers.evolutionary_optimizer:Generation: 260 	 Elapsed time: 0:13:57.353767 	 Best training fitness: 6.687208e-02 	 
Level 25:bingo.evolutionary_optimizers.evolutionary_optimizer:260, 8.373538e+02, 2730690, 6.687208e-02, 6.687208e-02, 6.822167e-02, 7.202977e-02, 7.224610e-02, 7.320078e-02, 7.509028e-02, 1.190917e-01, 1.194069e-01, 1.202618e-01, 1.202621e-01
INFO:bingo.evolutionary_optimizers.parallel_archipelago:Evolution time 0:00:45.451052	 age 510	 fitness 6.680e-02
Level 25:bingo.evolutionary_optimizers.evolutionary_optimizer:Generation: 270 	 Elapsed time: 0:14:43.045399 	 Best training fitness: 6.680141e-02 	 
Level 25:bingo.evolutionary_optimizers.evolutionary_optimizer:270, 8.830454e+02, 2888340, 6.680141e-02, 6.680141e-02, 6.811889e-02, 7.177521e-02, 7.180771e-02, 7.224610e-02, 7.320078e-02, 7.509028e-02, 1.190917e-01, 1.194069e-01, 1.202618e-01, 1.202621e-01
INFO:bingo.evolutionary_optimizers.parallel_archipelago:Evolution time 0:00:44.148945	 age 530	 fitness 6.673e-02
Level 25:bingo.evolutionary_optimizers.evolutionary_optimizer:Generation: 280 	 Elapsed time: 0:15:27.430043 	 Best training fitness: 6.673195e-02 	 
Level 25:bingo.evolutionary_optimizers.evolutionary_optimizer:280, 9.274300e+02, 3021550, 6.673195e-02, 6.673195e-02, 6.807928e-02, 7.035755e-02, 7.169095e-02, 7.224610e-02, 7.320078e-02, 7.509028e-02, 1.190917e-01, 1.194069e-01, 1.202618e-01, 1.202621e-01
INFO:bingo.evolutionary_optimizers.parallel_archipelago:Evolution time 0:01:08.077448	 age 550	 fitness 6.673e-02
Level 25:bingo.evolutionary_optimizers.evolutionary_optimizer:Generation: 290 	 Elapsed time: 0:16:35.745559 	 Best training fitness: 6.673195e-02 	 
Level 25:bingo.evolutionary_optimizers.evolutionary_optimizer:290, 9.957456e+02, 3205721, 6.673195e-02, 6.673195e-02, 6.807928e-02, 6.850558e-02, 7.035755e-02, 7.162912e-02, 7.224610e-02, 7.320078e-02, 7.509028e-02, 1.190917e-01, 1.194069e-01, 1.202618e-01, 1.202621e-01
INFO:bingo.evolutionary_optimizers.parallel_archipelago:Evolution time 0:00:42.932084	 age 580	 fitness 6.558e-02
Level 25:bingo.evolutionary_optimizers.evolutionary_optimizer:Generation: 300 	 Elapsed time: 0:17:18.946253 	 Best training fitness: 6.558301e-02 	 
Level 25:bingo.evolutionary_optimizers.evolutionary_optimizer:300, 1.038946e+03, 3353389, 6.558301e-02, 6.558301e-02, 6.807928e-02, 6.850558e-02, 7.035755e-02, 7.162912e-02, 7.224610e-02, 7.320078e-02, 7.509028e-02, 1.190917e-01, 1.194069e-01, 1.202618e-01, 1.202621e-01
INFO:bingo.evolutionary_optimizers.parallel_archipelago:Evolution time 0:00:34.501275	 age 600	 fitness 2.936e-02
Level 25:bingo.evolutionary_optimizers.evolutionary_optimizer:Generation: 310 	 Elapsed time: 0:17:53.689915 	 Best training fitness: 2.935680e-02 	 
Level 25:bingo.evolutionary_optimizers.evolutionary_optimizer:310, 1.073690e+03, 3505035, 2.935680e-02, 2.935680e-02, 1.202618e-01, 1.202621e-01
INFO:bingo.evolutionary_optimizers.parallel_archipelago:Evolution time 0:00:31.200074	 age 620	 fitness 0.000e+00
Level 25:bingo.evolutionary_optimizers.evolutionary_optimizer:Generation: 320 	 Elapsed time: 0:18:25.130090 	 Best training fitness: 0.000000e+00 	 
Level 25:bingo.evolutionary_optimizers.evolutionary_optimizer:320, 1.105130e+03, 3626526, 0.000000e+00, 0.000000e+00, 1.202618e-01, 1.202621e-01
Level 25:bingo.evolutionary_optimizers.evolutionary_optimizer:Evolution successfully converged.
Level 25:bingo.evolutionary_optimizers.evolutionary_optimizer:  Absolte convergence occurred with best fitness < 1e-10
Level 25:bingo.evolutionary_optimizers.evolutionary_optimizer:Hall of Fame:
0.0	7	sin(log((X_0)(X_0) + (X_1)(X_1)))
0.12026181022740164	4	sin(-0.400592 + -0.400592 + -0.400592)
0.12026206629866688	1	-0.933757
