Level 25:bingo.evolutionary_optimizers.evolutionary_optimizer:#generational_age, elapsed_time, fitness_evaluation_count, current_training_fitness, hall_of_fame_fitnesses
Level 25:bingo.evolutionary_optimizers.evolutionary_optimizer:#generational_age, elapsed_time, fitness_evaluation_count, current_training_fitness, hall_of_fame_fitnesses
Level 25:bingo.evolutionary_optimizers.evolutionary_optimizer:Generation: 0 	 Elapsed time: 0:00:03.838218 	 Best training fitness: 9.698945e-02 	 
Level 25:bingo.evolutionary_optimizers.evolutionary_optimizer:0, 3.838218e+00, 15387, 9.698945e-02
INFO:bingo.evolutionary_optimizers.parallel_archipelago:Evolution time 0:00:33.355728	 age 30	 fitness 8.148e-02
Level 25:bingo.evolutionary_optimizers.evolutionary_optimizer:Generation: 10 	 Elapsed time: 0:00:37.446494 	 Best training fitness: 8.147535e-02 	 
Level 25:bingo.evolutionary_optimizers.evolutionary_optimizer:10, 3.744649e+01, 132901, 8.147535e-02, 8.147535e-02, 9.623393e-02, 9.646482e-02, 9.690507e-02
INFO:bingo.evolutionary_optimizers.parallel_archipelago:Evolution time 0:00:29.481438	 age 40	 fitness 8.128e-02
Level 25:bingo.evolutionary_optimizers.evolutionary_optimizer:Generation: 20 	 Elapsed time: 0:01:07.153044 	 Best training fitness: 8.128002e-02 	 
Level 25:bingo.evolutionary_optimizers.evolutionary_optimizer:20, 6.715304e+01, 197641, 8.128002e-02, 8.128002e-02, 8.164800e-02, 9.623393e-02, 9.640495e-02, 9.646482e-02, 9.669478e-02
INFO:bingo.evolutionary_optimizers.parallel_archipelago:Evolution time 0:00:13.586322	 age 50	 fitness 8.136e-02
Level 25:bingo.evolutionary_optimizers.evolutionary_optimizer:Generation: 30 	 Elapsed time: 0:01:21.034930 	 Best training fitness: 8.135758e-02 	 
Level 25:bingo.evolutionary_optimizers.evolutionary_optimizer:30, 8.103493e+01, 244351, 8.135758e-02, 8.128002e-02, 8.143411e-02, 9.572047e-02, 9.623393e-02, 9.635541e-02, 9.646482e-02, 9.650689e-02
INFO:bingo.evolutionary_optimizers.parallel_archipelago:Evolution time 0:00:31.928139	 age 60	 fitness 8.113e-02
Level 25:bingo.evolutionary_optimizers.evolutionary_optimizer:Generation: 40 	 Elapsed time: 0:01:53.226443 	 Best training fitness: 8.113239e-02 	 
Level 25:bingo.evolutionary_optimizers.evolutionary_optimizer:40, 1.132264e+02, 335733, 8.113239e-02, 8.113239e-02, 8.143411e-02, 9.558621e-02, 9.623393e-02, 9.635541e-02, 9.646482e-02, 9.650689e-02
INFO:bingo.evolutionary_optimizers.parallel_archipelago:Evolution time 0:00:32.389694	 age 90	 fitness 8.094e-02
Level 25:bingo.evolutionary_optimizers.evolutionary_optimizer:Generation: 50 	 Elapsed time: 0:02:25.914648 	 Best training fitness: 8.094061e-02 	 
Level 25:bingo.evolutionary_optimizers.evolutionary_optimizer:50, 1.459146e+02, 436279, 8.094061e-02, 8.094061e-02, 8.122081e-02, 9.558621e-02, 9.623393e-02, 9.631688e-02, 9.646482e-02, 9.650689e-02
INFO:bingo.evolutionary_optimizers.parallel_archipelago:Evolution time 0:00:33.386338	 age 110	 fitness 8.062e-02
Level 25:bingo.evolutionary_optimizers.evolutionary_optimizer:Generation: 60 	 Elapsed time: 0:02:59.571982 	 Best training fitness: 8.061681e-02 	 
Level 25:bingo.evolutionary_optimizers.evolutionary_optimizer:60, 1.795720e+02, 557721, 8.061681e-02, 8.061681e-02, 8.094061e-02, 8.098958e-02, 9.558621e-02, 9.623393e-02, 9.625720e-02, 9.631688e-02, 9.646482e-02, 9.650689e-02
INFO:bingo.evolutionary_optimizers.parallel_archipelago:Evolution time 0:00:35.293363	 age 130	 fitness 5.669e-02
Level 25:bingo.evolutionary_optimizers.evolutionary_optimizer:Generation: 70 	 Elapsed time: 0:03:35.154679 	 Best training fitness: 5.668656e-02 	 
Level 25:bingo.evolutionary_optimizers.evolutionary_optimizer:70, 2.151547e+02, 658434, 5.668656e-02, 5.668656e-02, 5.743228e-02, 8.067910e-02, 8.085743e-02, 9.558621e-02, 9.623393e-02, 9.625720e-02, 9.631688e-02, 9.646482e-02, 9.650689e-02
INFO:bingo.evolutionary_optimizers.parallel_archipelago:Evolution time 0:00:18.217210	 age 140	 fitness 5.664e-02
Level 25:bingo.evolutionary_optimizers.evolutionary_optimizer:Generation: 80 	 Elapsed time: 0:03:53.606222 	 Best training fitness: 5.664111e-02 	 
Level 25:bingo.evolutionary_optimizers.evolutionary_optimizer:80, 2.336062e+02, 726478, 5.664111e-02, 5.664111e-02, 5.670428e-02, 5.736965e-02, 7.057307e-02, 8.085743e-02, 9.558621e-02, 9.623393e-02, 9.625720e-02, 9.631688e-02, 9.646482e-02, 9.650689e-02
INFO:bingo.evolutionary_optimizers.parallel_archipelago:Evolution time 0:00:36.016060	 age 160	 fitness 5.250e-02
Level 25:bingo.evolutionary_optimizers.evolutionary_optimizer:Generation: 90 	 Elapsed time: 0:04:29.890206 	 Best training fitness: 5.249799e-02 	 
Level 25:bingo.evolutionary_optimizers.evolutionary_optimizer:90, 2.698902e+02, 833750, 5.249799e-02, 5.249799e-02, 5.656198e-02, 5.665231e-02, 5.736965e-02, 6.252011e-02, 8.085743e-02, 9.558621e-02, 9.623393e-02, 9.625720e-02, 9.631688e-02, 9.646482e-02, 9.650689e-02
INFO:bingo.evolutionary_optimizers.parallel_archipelago:Evolution time 0:00:45.371310	 age 190	 fitness 5.249e-02
Level 25:bingo.evolutionary_optimizers.evolutionary_optimizer:Generation: 100 	 Elapsed time: 0:05:15.557508 	 Best training fitness: 5.249464e-02 	 
Level 25:bingo.evolutionary_optimizers.evolutionary_optimizer:100, 3.155575e+02, 973300, 5.249464e-02, 5.249464e-02, 5.656161e-02, 5.658263e-02, 5.736965e-02, 6.252011e-02, 8.085743e-02, 9.558621e-02, 9.623393e-02, 9.625720e-02, 9.631688e-02, 9.637085e-02, 9.650024e-02
INFO:bingo.evolutionary_optimizers.parallel_archipelago:Evolution time 0:00:39.333591	 age 210	 fitness 5.229e-02
Level 25:bingo.evolutionary_optimizers.evolutionary_optimizer:Generation: 110 	 Elapsed time: 0:05:55.185811 	 Best training fitness: 5.228995e-02 	 
Level 25:bingo.evolutionary_optimizers.evolutionary_optimizer:110, 3.551858e+02, 1086330, 5.228995e-02, 5.228995e-02, 5.242558e-02, 5.653833e-02, 5.736965e-02, 6.252011e-02, 8.085743e-02, 9.558621e-02, 9.623393e-02, 9.625720e-02, 9.625860e-02, 9.641770e-02
INFO:bingo.evolutionary_optimizers.parallel_archipelago:Evolution time 0:00:21.567297	 age 220	 fitness 5.230e-02
Level 25:bingo.evolutionary_optimizers.evolutionary_optimizer:Generation: 120 	 Elapsed time: 0:06:16.990986 	 Best training fitness: 5.230324e-02 	 
Level 25:bingo.evolutionary_optimizers.evolutionary_optimizer:120, 3.769910e+02, 1169464, 5.230324e-02, 5.228995e-02, 5.242558e-02, 5.653833e-02, 5.736965e-02, 6.252011e-02, 8.085743e-02, 9.558621e-02, 9.623393e-02, 9.625720e-02, 9.625860e-02, 9.629701e-02
INFO:bingo.evolutionary_optimizers.parallel_archipelago:Evolution time 0:01:12.891345	 age 260	 fitness 4.672e-02
Level 25:bingo.evolutionary_optimizers.evolutionary_optimizer:Generation: 130 	 Elapsed time: 0:07:30.125350 	 Best training fitness: 4.672254e-02 	 
Level 25:bingo.evolutionary_optimizers.evolutionary_optimizer:130, 4.501254e+02, 1315806, 4.672254e-02, 4.672254e-02, 4.844766e-02, 5.228995e-02, 5.242558e-02, 5.653320e-02, 5.653833e-02, 5.660136e-02, 5.736965e-02, 6.252011e-02, 8.085743e-02, 9.558621e-02, 9.623393e-02, 9.625720e-02, 9.625860e-02, 9.629701e-02
INFO:bingo.evolutionary_optimizers.parallel_archipelago:Evolution time 0:00:24.784302	 age 270	 fitness 4.662e-02
Level 25:bingo.evolutionary_optimizers.evolutionary_optimizer:Generation: 140 	 Elapsed time: 0:07:55.174871 	 Best training fitness: 4.662115e-02 	 
Level 25:bingo.evolutionary_optimizers.evolutionary_optimizer:140, 4.751749e+02, 1405582, 4.662115e-02, 4.662115e-02, 4.844766e-02, 5.228995e-02, 5.242558e-02, 5.653176e-02, 5.653833e-02, 5.660136e-02, 5.736965e-02, 6.252011e-02, 8.085743e-02, 9.558621e-02, 9.623393e-02, 9.625720e-02, 9.625860e-02, 9.629701e-02
INFO:bingo.evolutionary_optimizers.parallel_archipelago:Evolution time 0:00:35.840366	 age 280	 fitness 4.661e-02
Level 25:bingo.evolutionary_optimizers.evolutionary_optimizer:Generation: 150 	 Elapsed time: 0:08:31.281917 	 Best training fitness: 4.660784e-02 	 
Level 25:bingo.evolutionary_optimizers.evolutionary_optimizer:150, 5.112819e+02, 1506828, 4.660784e-02, 4.660784e-02, 4.844766e-02, 5.023779e-02, 5.239960e-02, 5.652951e-02, 5.736965e-02, 6.252011e-02, 8.085743e-02, 9.558621e-02, 9.623393e-02, 9.625720e-02, 9.625860e-02, 9.629701e-02
INFO:bingo.evolutionary_optimizers.parallel_archipelago:Evolution time 0:00:38.627779	 age 300	 fitness 4.660e-02
Level 25:bingo.evolutionary_optimizers.evolutionary_optimizer:Generation: 160 	 Elapsed time: 0:09:10.212606 	 Best training fitness: 4.659643e-02 	 
Level 25:bingo.evolutionary_optimizers.evolutionary_optimizer:160, 5.502126e+02, 1596792, 4.659643e-02, 4.659643e-02, 4.660605e-02, 5.023779e-02, 5.239960e-02, 5.652951e-02, 5.736965e-02, 6.252011e-02, 8.085743e-02, 9.558621e-02, 9.623393e-02, 9.625720e-02, 9.625860e-02, 9.629701e-02
INFO:bingo.evolutionary_optimizers.parallel_archipelago:Evolution time 0:00:45.876964	 age 310	 fitness 4.659e-02
Level 25:bingo.evolutionary_optimizers.evolutionary_optimizer:Generation: 170 	 Elapsed time: 0:09:56.373654 	 Best training fitness: 4.658969e-02 	 
Level 25:bingo.evolutionary_optimizers.evolutionary_optimizer:170, 5.963737e+02, 1690469, 4.658969e-02, 4.658969e-02, 4.659398e-02, 5.023779e-02, 5.231415e-02, 5.652067e-02, 5.652951e-02, 5.736965e-02, 6.252011e-02, 8.085743e-02, 9.558621e-02, 9.623393e-02, 9.625720e-02, 9.625860e-02, 9.629701e-02
INFO:bingo.evolutionary_optimizers.parallel_archipelago:Evolution time 0:00:54.784499	 age 320	 fitness 4.643e-02
Level 25:bingo.evolutionary_optimizers.evolutionary_optimizer:Generation: 180 	 Elapsed time: 0:10:51.508753 	 Best training fitness: 4.642510e-02 	 
Level 25:bingo.evolutionary_optimizers.evolutionary_optimizer:180, 6.515088e+02, 1797932, 4.642510e-02, 4.642510e-02, 4.658969e-02, 4.659398e-02, 5.023779e-02, 5.231415e-02, 5.651959e-02, 5.652951e-02, 5.736965e-02, 6.252011e-02, 8.085743e-02, 9.558621e-02, 9.623393e-02, 9.625720e-02, 9.625860e-02, 9.629701e-02
INFO:bingo.evolutionary_optimizers.parallel_archipelago:Evolution time 0:00:29.494357	 age 340	 fitness 4.647e-02
Level 25:bingo.evolutionary_optimizers.evolutionary_optimizer:Generation: 190 	 Elapsed time: 0:11:21.345993 	 Best training fitness: 4.646774e-02 	 
Level 25:bingo.evolutionary_optimizers.evolutionary_optimizer:190, 6.813460e+02, 1910406, 4.646774e-02, 4.642510e-02, 4.658969e-02, 4.659334e-02, 5.023779e-02, 5.231415e-02, 5.651353e-02, 5.736965e-02, 6.252011e-02, 8.085743e-02, 9.558621e-02, 9.623393e-02, 9.625720e-02, 9.625860e-02, 9.628102e-02
INFO:bingo.evolutionary_optimizers.parallel_archipelago:Evolution time 0:00:28.504470	 age 350	 fitness 4.639e-02
Level 25:bingo.evolutionary_optimizers.evolutionary_optimizer:Generation: 200 	 Elapsed time: 0:11:50.188321 	 Best training fitness: 4.639246e-02 	 
Level 25:bingo.evolutionary_optimizers.evolutionary_optimizer:200, 7.101883e+02, 2012606, 4.639246e-02, 4.639246e-02, 4.646230e-02, 4.658969e-02, 4.659334e-02, 5.023779e-02, 5.231415e-02, 5.651353e-02, 5.736965e-02, 6.252011e-02, 8.085743e-02, 9.558621e-02, 9.623393e-02, 9.625720e-02, 9.625860e-02, 9.628102e-02
INFO:bingo.evolutionary_optimizers.parallel_archipelago:Evolution time 0:00:43.992245	 age 370	 fitness 3.664e-02
Level 25:bingo.evolutionary_optimizers.evolutionary_optimizer:Generation: 210 	 Elapsed time: 0:12:34.519988 	 Best training fitness: 3.664038e-02 	 
Level 25:bingo.evolutionary_optimizers.evolutionary_optimizer:210, 7.545200e+02, 2144797, 3.664038e-02, 3.664038e-02, 4.639246e-02, 4.646230e-02, 4.658969e-02, 4.659334e-02, 5.023779e-02, 5.231415e-02, 5.651353e-02, 5.736965e-02, 6.252011e-02, 8.085743e-02, 9.558621e-02, 9.623393e-02, 9.625720e-02, 9.625860e-02, 9.626366e-02
INFO:bingo.evolutionary_optimizers.parallel_archipelago:Evolution time 0:00:44.713908	 age 380	 fitness 3.664e-02
Level 25:bingo.evolutionary_optimizers.evolutionary_optimizer:Generation: 220 	 Elapsed time: 0:13:19.508772 	 Best training fitness: 3.664038e-02 	 
Level 25:bingo.evolutionary_optimizers.evolutionary_optimizer:220, 7.995088e+02, 2262678, 3.664038e-02, 3.664038e-02, 3.664042e-02, 4.640122e-02, 4.658969e-02, 4.659334e-02, 5.023779e-02, 5.231415e-02, 5.651353e-02, 5.736965e-02, 6.252011e-02, 8.085743e-02, 9.558621e-02, 9.623393e-02, 9.625720e-02, 9.625860e-02, 9.626366e-02
INFO:bingo.evolutionary_optimizers.parallel_archipelago:Evolution time 0:00:42.043821	 age 410	 fitness 3.664e-02
Level 25:bingo.evolutionary_optimizers.evolutionary_optimizer:Generation: 230 	 Elapsed time: 0:14:01.905284 	 Best training fitness: 3.664038e-02 	 
Level 25:bingo.evolutionary_optimizers.evolutionary_optimizer:230, 8.419053e+02, 2367889, 3.664038e-02, 3.664038e-02, 3.664042e-02, 4.631042e-02, 4.658969e-02, 4.659334e-02, 5.023779e-02, 5.231415e-02, 5.651353e-02, 5.736965e-02, 6.252011e-02, 8.085743e-02, 9.558621e-02, 9.623393e-02, 9.625720e-02, 9.625860e-02, 9.626366e-02
INFO:bingo.evolutionary_optimizers.parallel_archipelago:Evolution time 0:00:59.619009	 age 450	 fitness 3.660e-02
Level 25:bingo.evolutionary_optimizers.evolutionary_optimizer:Generation: 240 	 Elapsed time: 0:15:01.769018 	 Best training fitness: 3.659632e-02 	 
Level 25:bingo.evolutionary_optimizers.evolutionary_optimizer:240, 9.017690e+02, 2534254, 3.659632e-02, 3.659632e-02, 3.664042e-02, 4.623608e-02, 4.658660e-02, 4.659334e-02, 5.023779e-02, 5.231415e-02, 5.651353e-02, 5.736965e-02, 6.252011e-02, 8.085743e-02, 9.558621e-02, 9.623393e-02, 9.625720e-02, 9.625860e-02, 9.626366e-02
INFO:bingo.evolutionary_optimizers.parallel_archipelago:Evolution time 0:00:58.560106	 age 470	 fitness 3.660e-02
Level 25:bingo.evolutionary_optimizers.evolutionary_optimizer:Generation: 250 	 Elapsed time: 0:16:00.575820 	 Best training fitness: 3.660031e-02 	 
Level 25:bingo.evolutionary_optimizers.evolutionary_optimizer:250, 9.605758e+02, 2698883, 3.660031e-02, 3.659632e-02, 3.664042e-02, 4.618087e-02, 4.658660e-02, 4.659334e-02, 5.023779e-02, 5.227351e-02, 5.651353e-02, 5.736965e-02, 6.252011e-02, 8.085743e-02, 9.558621e-02, 9.623393e-02, 9.625720e-02, 9.625860e-02, 9.626366e-02
INFO:bingo.evolutionary_optimizers.parallel_archipelago:Evolution time 0:00:40.700275	 age 480	 fitness 3.639e-02
Level 25:bingo.evolutionary_optimizers.evolutionary_optimizer:Generation: 260 	 Elapsed time: 0:16:41.520422 	 Best training fitness: 3.638709e-02 	 
Level 25:bingo.evolutionary_optimizers.evolutionary_optimizer:260, 1.001520e+03, 2804635, 3.638709e-02, 3.638709e-02, 3.659632e-02, 3.664042e-02, 4.618087e-02, 4.658616e-02, 5.023779e-02, 5.227351e-02, 5.651353e-02, 5.736965e-02, 6.252011e-02, 8.085743e-02, 9.558621e-02, 9.623393e-02, 9.625720e-02, 9.625860e-02, 9.626366e-02
INFO:bingo.evolutionary_optimizers.parallel_archipelago:Evolution time 0:00:48.754408	 age 490	 fitness 3.639e-02
Level 25:bingo.evolutionary_optimizers.evolutionary_optimizer:Generation: 270 	 Elapsed time: 0:17:30.553893 	 Best training fitness: 3.638709e-02 	 
Level 25:bingo.evolutionary_optimizers.evolutionary_optimizer:270, 1.050554e+03, 2931927, 3.638709e-02, 3.638709e-02, 3.659320e-02, 3.664042e-02, 4.618087e-02, 4.658500e-02, 4.658616e-02, 4.977653e-02, 5.227351e-02, 5.651353e-02, 5.736965e-02, 6.252011e-02, 8.085743e-02, 9.558621e-02, 9.623393e-02, 9.625720e-02, 9.625860e-02, 9.626366e-02
INFO:bingo.evolutionary_optimizers.parallel_archipelago:Evolution time 0:01:22.567027	 age 510	 fitness 3.452e-02
Level 25:bingo.evolutionary_optimizers.evolutionary_optimizer:Generation: 280 	 Elapsed time: 0:18:53.418549 	 Best training fitness: 3.452285e-02 	 
Level 25:bingo.evolutionary_optimizers.evolutionary_optimizer:280, 1.133419e+03, 3064067, 3.452285e-02, 3.452285e-02, 3.612385e-02, 3.636556e-02, 3.659320e-02, 3.664042e-02, 4.618087e-02, 4.658500e-02, 4.658616e-02, 4.977653e-02, 5.227351e-02, 5.651353e-02, 5.736965e-02, 6.252011e-02, 8.085743e-02, 9.558621e-02, 9.623393e-02, 9.625720e-02, 9.625860e-02, 9.626366e-02
INFO:bingo.evolutionary_optimizers.parallel_archipelago:Evolution time 0:00:33.836835	 age 520	 fitness 3.453e-02
Level 25:bingo.evolutionary_optimizers.evolutionary_optimizer:Generation: 290 	 Elapsed time: 0:19:27.581727 	 Best training fitness: 3.452605e-02 	 
Level 25:bingo.evolutionary_optimizers.evolutionary_optimizer:290, 1.167582e+03, 3175698, 3.452605e-02, 3.452285e-02, 3.612385e-02, 3.636556e-02, 3.659320e-02, 3.664042e-02, 4.618087e-02, 4.658500e-02, 4.658616e-02, 4.977653e-02, 5.227351e-02, 5.651353e-02, 5.736965e-02, 6.252011e-02, 7.959130e-02, 9.558621e-02, 9.623393e-02, 9.625720e-02, 9.625860e-02, 9.626366e-02
INFO:bingo.evolutionary_optimizers.parallel_archipelago:Evolution time 0:00:33.785225	 age 530	 fitness 3.452e-02
Level 25:bingo.evolutionary_optimizers.evolutionary_optimizer:Generation: 300 	 Elapsed time: 0:20:01.660818 	 Best training fitness: 3.452074e-02 	 
Level 25:bingo.evolutionary_optimizers.evolutionary_optimizer:300, 1.201661e+03, 3290095, 3.452074e-02, 3.452074e-02, 3.580844e-02, 3.659320e-02, 3.664042e-02, 4.618087e-02, 4.625309e-02, 4.977653e-02, 5.227351e-02, 5.651353e-02, 5.736965e-02, 6.252011e-02, 7.936314e-02, 9.558621e-02, 9.623393e-02, 9.625720e-02, 9.625860e-02, 9.626366e-02
INFO:bingo.evolutionary_optimizers.parallel_archipelago:Evolution time 0:00:50.830794	 age 540	 fitness 3.452e-02
Level 25:bingo.evolutionary_optimizers.evolutionary_optimizer:Generation: 310 	 Elapsed time: 0:20:52.774951 	 Best training fitness: 3.452165e-02 	 
Level 25:bingo.evolutionary_optimizers.evolutionary_optimizer:310, 1.252775e+03, 3428738, 3.452165e-02, 3.452074e-02, 3.580552e-02, 3.659320e-02, 3.664042e-02, 4.615268e-02, 4.616933e-02, 4.977653e-02, 5.227351e-02, 5.651353e-02, 5.736965e-02, 6.252011e-02, 7.920278e-02, 9.558621e-02, 9.623393e-02, 9.625720e-02, 9.625860e-02, 9.626366e-02
INFO:bingo.evolutionary_optimizers.parallel_archipelago:Evolution time 0:00:59.474702	 age 560	 fitness 3.452e-02
Level 25:bingo.evolutionary_optimizers.evolutionary_optimizer:Generation: 320 	 Elapsed time: 0:21:52.529988 	 Best training fitness: 3.452010e-02 	 
Level 25:bingo.evolutionary_optimizers.evolutionary_optimizer:320, 1.312530e+03, 3576739, 3.452010e-02, 3.452010e-02, 3.580552e-02, 3.659320e-02, 3.664042e-02, 4.615268e-02, 4.616933e-02, 4.977653e-02, 5.227351e-02, 5.651353e-02, 5.736965e-02, 6.252011e-02, 7.920278e-02, 9.558621e-02, 9.623393e-02, 9.625720e-02, 9.625860e-02, 9.626366e-02
INFO:bingo.evolutionary_optimizers.parallel_archipelago:Evolution time 0:00:54.159994	 age 570	 fitness 3.452e-02
Level 25:bingo.evolutionary_optimizers.evolutionary_optimizer:Generation: 330 	 Elapsed time: 0:22:46.964057 	 Best training fitness: 3.451875e-02 	 
Level 25:bingo.evolutionary_optimizers.evolutionary_optimizer:330, 1.366964e+03, 3721894, 3.451875e-02, 3.451875e-02, 3.570243e-02, 3.580552e-02, 3.659320e-02, 3.664042e-02, 4.609398e-02, 4.609839e-02, 4.616933e-02, 4.977653e-02, 5.061381e-02, 5.651353e-02, 5.736965e-02, 6.252011e-02, 7.917861e-02, 9.558621e-02, 9.623393e-02, 9.625720e-02, 9.625860e-02, 9.626366e-02
INFO:bingo.evolutionary_optimizers.parallel_archipelago:Evolution time 0:00:56.132853	 age 580	 fitness 3.452e-02
Level 25:bingo.evolutionary_optimizers.evolutionary_optimizer:Generation: 340 	 Elapsed time: 0:23:43.376247 	 Best training fitness: 3.451724e-02 	 
Level 25:bingo.evolutionary_optimizers.evolutionary_optimizer:340, 1.423376e+03, 3868352, 3.451724e-02, 3.451724e-02, 3.499065e-02, 3.659320e-02, 3.664042e-02, 4.608019e-02, 4.609839e-02, 4.616933e-02, 4.977653e-02, 5.053438e-02, 5.592538e-02, 5.651353e-02, 5.736965e-02, 6.252011e-02, 7.917861e-02, 9.558621e-02, 9.623393e-02, 9.625720e-02, 9.625860e-02, 9.626366e-02
INFO:bingo.evolutionary_optimizers.parallel_archipelago:Evolution time 0:00:35.848732	 age 590	 fitness 3.325e-02
Level 25:bingo.evolutionary_optimizers.evolutionary_optimizer:Generation: 350 	 Elapsed time: 0:24:19.539106 	 Best training fitness: 3.325034e-02 	 
Level 25:bingo.evolutionary_optimizers.evolutionary_optimizer:350, 1.459539e+03, 3976207, 3.325034e-02, 3.325034e-02, 3.454754e-02, 3.499065e-02, 3.659320e-02, 3.663056e-02, 4.608019e-02, 4.609839e-02, 4.615264e-02, 4.977653e-02, 5.053438e-02, 5.592538e-02, 5.651353e-02, 5.736965e-02, 6.252011e-02, 7.917861e-02, 9.558621e-02, 9.623393e-02, 9.625720e-02, 9.625860e-02, 9.626366e-02
INFO:bingo.evolutionary_optimizers.parallel_archipelago:Evolution time 0:01:04.940978	 age 600	 fitness 3.322e-02
Level 25:bingo.evolutionary_optimizers.evolutionary_optimizer:Generation: 360 	 Elapsed time: 0:25:24.776725 	 Best training fitness: 3.321940e-02 	 
Level 25:bingo.evolutionary_optimizers.evolutionary_optimizer:360, 1.524777e+03, 4126617, 3.321940e-02, 3.321940e-02, 3.454754e-02, 3.499065e-02, 3.580855e-02, 4.608019e-02, 4.609839e-02, 4.610177e-02, 4.977653e-02, 5.053438e-02, 5.575053e-02, 5.651353e-02, 5.736965e-02, 6.252011e-02, 7.917861e-02, 9.558621e-02, 9.623393e-02, 9.625720e-02, 9.625860e-02, 9.626366e-02
INFO:bingo.evolutionary_optimizers.parallel_archipelago:Evolution time 0:01:02.916073	 age 610	 fitness 3.322e-02
Level 25:bingo.evolutionary_optimizers.evolutionary_optimizer:Generation: 370 	 Elapsed time: 0:26:27.992760 	 Best training fitness: 3.321940e-02 	 
Level 25:bingo.evolutionary_optimizers.evolutionary_optimizer:370, 1.587993e+03, 4276678, 3.321940e-02, 3.321940e-02, 3.451999e-02, 3.499065e-02, 3.580855e-02, 4.608019e-02, 4.609839e-02, 4.610177e-02, 4.977653e-02, 5.053438e-02, 5.573461e-02, 5.651353e-02, 5.736965e-02, 6.252011e-02, 7.917861e-02, 9.558621e-02, 9.617074e-02, 9.625860e-02, 9.626366e-02
INFO:bingo.evolutionary_optimizers.parallel_archipelago:Evolution time 0:00:38.701577	 age 620	 fitness 3.322e-02
Level 25:bingo.evolutionary_optimizers.evolutionary_optimizer:Generation: 380 	 Elapsed time: 0:27:06.990287 	 Best training fitness: 3.322268e-02 	 
Level 25:bingo.evolutionary_optimizers.evolutionary_optimizer:380, 1.626990e+03, 4369185, 3.322268e-02, 3.321940e-02, 3.451999e-02, 3.499065e-02, 3.580855e-02, 4.608019e-02, 4.609839e-02, 4.610177e-02, 4.977653e-02, 5.053438e-02, 5.572503e-02, 5.651353e-02, 5.736965e-02, 6.252011e-02, 7.917861e-02, 9.558621e-02, 9.617074e-02, 9.625860e-02, 9.626366e-02
INFO:bingo.evolutionary_optimizers.parallel_archipelago:Evolution time 0:01:01.404261	 age 630	 fitness 3.322e-02
Level 25:bingo.evolutionary_optimizers.evolutionary_optimizer:Generation: 390 	 Elapsed time: 0:28:08.692808 	 Best training fitness: 3.321928e-02 	 
Level 25:bingo.evolutionary_optimizers.evolutionary_optimizer:390, 1.688693e+03, 4520692, 3.321928e-02, 3.321928e-02, 3.322070e-02, 3.499065e-02, 3.580855e-02, 4.370934e-02, 4.609839e-02, 4.610177e-02, 4.977653e-02, 5.053438e-02, 5.572503e-02, 5.651353e-02, 5.736965e-02, 6.252011e-02, 7.917861e-02, 9.558621e-02, 9.617074e-02, 9.625860e-02, 9.626366e-02
INFO:bingo.evolutionary_optimizers.parallel_archipelago:Evolution time 0:00:41.604394	 age 640	 fitness 3.322e-02
Level 25:bingo.evolutionary_optimizers.evolutionary_optimizer:Generation: 400 	 Elapsed time: 0:28:50.593692 	 Best training fitness: 3.321735e-02 	 
Level 25:bingo.evolutionary_optimizers.evolutionary_optimizer:400, 1.730594e+03, 4636586, 3.321735e-02, 3.321735e-02, 3.322070e-02, 3.499065e-02, 3.580855e-02, 4.370934e-02, 4.609839e-02, 4.610177e-02, 4.977653e-02, 5.053438e-02, 5.572503e-02, 5.651353e-02, 5.736965e-02, 6.252011e-02, 7.917861e-02, 9.558621e-02, 9.617074e-02, 9.625860e-02, 9.626366e-02
INFO:bingo.evolutionary_optimizers.parallel_archipelago:Evolution time 0:01:05.894937	 age 660	 fitness 3.322e-02
Level 25:bingo.evolutionary_optimizers.evolutionary_optimizer:Generation: 410 	 Elapsed time: 0:29:56.818775 	 Best training fitness: 3.322055e-02 	 
Level 25:bingo.evolutionary_optimizers.evolutionary_optimizer:410, 1.796819e+03, 4767846, 3.322055e-02, 3.321735e-02, 3.322070e-02, 3.391965e-02, 3.498565e-02, 3.579517e-02, 3.580855e-02, 4.367670e-02, 4.609839e-02, 4.610177e-02, 4.977653e-02, 5.053438e-02, 5.572503e-02, 5.651353e-02, 5.736965e-02, 6.252011e-02, 7.917861e-02, 9.558621e-02, 9.617074e-02, 9.625860e-02, 9.626366e-02
INFO:bingo.evolutionary_optimizers.parallel_archipelago:Evolution time 0:01:11.519616	 age 680	 fitness 3.322e-02
Level 25:bingo.evolutionary_optimizers.evolutionary_optimizer:Generation: 420 	 Elapsed time: 0:31:08.719039 	 Best training fitness: 3.321721e-02 	 
Level 25:bingo.evolutionary_optimizers.evolutionary_optimizer:420, 1.868719e+03, 4946944, 3.321721e-02, 3.321721e-02, 3.322070e-02, 3.391965e-02, 3.498565e-02, 3.579517e-02, 3.580855e-02, 4.367670e-02, 4.609839e-02, 4.610177e-02, 4.977653e-02, 5.053438e-02, 5.572503e-02, 5.578496e-02, 5.736965e-02, 6.252011e-02, 7.851991e-02, 7.917861e-02, 9.558621e-02, 9.617074e-02, 9.625860e-02, 9.626366e-02
INFO:bingo.evolutionary_optimizers.parallel_archipelago:Evolution time 0:01:03.244695	 age 690	 fitness 3.322e-02
Level 25:bingo.evolutionary_optimizers.evolutionary_optimizer:Generation: 430 	 Elapsed time: 0:32:12.274173 	 Best training fitness: 3.322036e-02 	 
Level 25:bingo.evolutionary_optimizers.evolutionary_optimizer:430, 1.932274e+03, 5057361, 3.322036e-02, 3.321721e-02, 3.322070e-02, 3.391965e-02, 3.497960e-02, 3.579517e-02, 3.580855e-02, 4.367670e-02, 4.609839e-02, 4.610177e-02, 4.977653e-02, 5.053438e-02, 5.572503e-02, 5.578496e-02, 5.736965e-02, 6.252011e-02, 7.851991e-02, 7.917861e-02, 9.558621e-02, 9.617074e-02, 9.625860e-02, 9.626366e-02
INFO:bingo.evolutionary_optimizers.parallel_archipelago:Evolution time 0:00:38.585592	 age 700	 fitness 3.322e-02
Level 25:bingo.evolutionary_optimizers.evolutionary_optimizer:Generation: 440 	 Elapsed time: 0:32:51.170042 	 Best training fitness: 3.321867e-02 	 
Level 25:bingo.evolutionary_optimizers.evolutionary_optimizer:440, 1.971170e+03, 5161768, 3.321867e-02, 3.321721e-02, 3.322070e-02, 3.391965e-02, 3.481230e-02, 3.497495e-02, 3.579517e-02, 3.580855e-02, 4.367670e-02, 4.609839e-02, 4.610177e-02, 4.977653e-02, 5.053438e-02, 5.572503e-02, 5.574090e-02, 5.736965e-02, 6.252011e-02, 7.851991e-02, 7.917861e-02, 9.558621e-02, 9.617074e-02, 9.625860e-02, 9.626366e-02
INFO:bingo.evolutionary_optimizers.parallel_archipelago:Evolution time 0:00:35.721209	 age 710	 fitness 3.322e-02
Level 25:bingo.evolutionary_optimizers.evolutionary_optimizer:Generation: 450 	 Elapsed time: 0:33:27.198520 	 Best training fitness: 3.321827e-02 	 
Level 25:bingo.evolutionary_optimizers.evolutionary_optimizer:450, 2.007199e+03, 5249957, 3.321827e-02, 3.321721e-02, 3.322070e-02, 3.391965e-02, 3.481230e-02, 3.497495e-02, 3.579517e-02, 3.580855e-02, 4.367670e-02, 4.609839e-02, 4.610177e-02, 4.977653e-02, 5.053438e-02, 5.568298e-02, 5.736965e-02, 6.252011e-02, 7.851991e-02, 7.917861e-02, 9.558621e-02, 9.617074e-02, 9.625860e-02, 9.626366e-02
INFO:bingo.evolutionary_optimizers.parallel_archipelago:Evolution time 0:00:52.990822	 age 720	 fitness 3.322e-02
Level 25:bingo.evolutionary_optimizers.evolutionary_optimizer:Generation: 460 	 Elapsed time: 0:34:20.497510 	 Best training fitness: 3.321827e-02 	 
Level 25:bingo.evolutionary_optimizers.evolutionary_optimizer:460, 2.060498e+03, 5385091, 3.321827e-02, 3.321721e-02, 3.322070e-02, 3.391965e-02, 3.479260e-02, 3.497495e-02, 3.579517e-02, 3.580855e-02, 4.367670e-02, 4.609839e-02, 4.610177e-02, 4.977653e-02, 5.053438e-02, 5.568298e-02, 5.736965e-02, 6.252011e-02, 7.851991e-02, 7.917861e-02, 9.558621e-02, 9.617074e-02, 9.625860e-02, 9.626366e-02
INFO:bingo.evolutionary_optimizers.parallel_archipelago:Evolution time 0:01:24.996204	 age 730	 fitness 3.322e-02
Level 25:bingo.evolutionary_optimizers.evolutionary_optimizer:Generation: 470 	 Elapsed time: 0:35:45.831450 	 Best training fitness: 3.321651e-02 	 
Level 25:bingo.evolutionary_optimizers.evolutionary_optimizer:470, 2.145831e+03, 5507641, 3.321651e-02, 3.321651e-02, 3.322070e-02, 3.391965e-02, 3.478910e-02, 3.497495e-02, 3.579517e-02, 3.580855e-02, 4.367670e-02, 4.609839e-02, 4.610177e-02, 4.977653e-02, 5.053438e-02, 5.568298e-02, 5.736965e-02, 6.252011e-02, 7.851991e-02, 7.917861e-02, 9.558621e-02, 9.617074e-02, 9.625860e-02, 9.626366e-02
INFO:bingo.evolutionary_optimizers.parallel_archipelago:Evolution time 0:00:56.256141	 age 740	 fitness 3.322e-02
Level 25:bingo.evolutionary_optimizers.evolutionary_optimizer:Generation: 480 	 Elapsed time: 0:36:42.390177 	 Best training fitness: 3.321606e-02 	 
Level 25:bingo.evolutionary_optimizers.evolutionary_optimizer:480, 2.202390e+03, 5626132, 3.321606e-02, 3.321606e-02, 3.321651e-02, 3.322070e-02, 3.391965e-02, 3.478910e-02, 3.497495e-02, 3.579517e-02, 3.580855e-02, 3.770402e-02, 5.568298e-02, 5.736965e-02, 6.252011e-02, 7.851991e-02, 7.917861e-02, 9.558621e-02, 9.617074e-02, 9.625860e-02, 9.626366e-02
INFO:bingo.evolutionary_optimizers.parallel_archipelago:Evolution time 0:00:31.590399	 age 750	 fitness 3.320e-02
Level 25:bingo.evolutionary_optimizers.evolutionary_optimizer:Generation: 490 	 Elapsed time: 0:37:14.278376 	 Best training fitness: 3.319959e-02 	 
Level 25:bingo.evolutionary_optimizers.evolutionary_optimizer:490, 2.234278e+03, 5707051, 3.319959e-02, 3.319959e-02, 3.321651e-02, 3.322070e-02, 3.360339e-02, 3.391965e-02, 3.478910e-02, 3.497495e-02, 3.579517e-02, 3.580855e-02, 3.769686e-02, 5.568298e-02, 5.736965e-02, 6.252011e-02, 7.851991e-02, 7.917861e-02, 9.558621e-02, 9.617074e-02, 9.625860e-02, 9.626366e-02
INFO:bingo.evolutionary_optimizers.parallel_archipelago:Evolution time 0:01:15.793164	 age 780	 fitness 3.163e-02
Level 25:bingo.evolutionary_optimizers.evolutionary_optimizer:Generation: 500 	 Elapsed time: 0:38:30.371502 	 Best training fitness: 3.162893e-02 	 
Level 25:bingo.evolutionary_optimizers.evolutionary_optimizer:500, 2.310372e+03, 5819804, 3.162893e-02, 3.162893e-02, 3.369580e-02, 3.580855e-02, 3.767715e-02, 5.568298e-02, 5.736965e-02, 6.252011e-02, 7.851991e-02, 7.917861e-02, 9.558621e-02, 9.617074e-02, 9.625860e-02, 9.626366e-02
INFO:bingo.evolutionary_optimizers.parallel_archipelago:Evolution time 0:01:29.434336	 age 810	 fitness 3.154e-02
Level 25:bingo.evolutionary_optimizers.evolutionary_optimizer:Generation: 510 	 Elapsed time: 0:40:00.100027 	 Best training fitness: 3.154093e-02 	 
Level 25:bingo.evolutionary_optimizers.evolutionary_optimizer:510, 2.400100e+03, 5959676, 3.154093e-02, 3.154093e-02, 3.362577e-02, 3.765052e-02, 5.568298e-02, 5.736965e-02, 6.252011e-02, 7.850354e-02, 7.917861e-02, 9.558621e-02, 9.617074e-02, 9.625860e-02, 9.626366e-02
INFO:bingo.evolutionary_optimizers.parallel_archipelago:Evolution time 0:01:00.303645	 age 820	 fitness 3.153e-02
Level 25:bingo.evolutionary_optimizers.evolutionary_optimizer:Generation: 520 	 Elapsed time: 0:41:00.698069 	 Best training fitness: 3.153222e-02 	 
Level 25:bingo.evolutionary_optimizers.evolutionary_optimizer:520, 2.460698e+03, 6069236, 3.153222e-02, 3.153222e-02, 3.361194e-02, 3.765052e-02, 5.568298e-02, 5.736965e-02, 6.252011e-02, 7.850354e-02, 7.917861e-02, 9.558621e-02, 9.617074e-02, 9.625860e-02, 9.626366e-02
INFO:bingo.evolutionary_optimizers.parallel_archipelago:Evolution time 0:00:52.319885	 age 830	 fitness 3.152e-02
Level 25:bingo.evolutionary_optimizers.evolutionary_optimizer:Generation: 530 	 Elapsed time: 0:41:53.303160 	 Best training fitness: 3.152431e-02 	 
Level 25:bingo.evolutionary_optimizers.evolutionary_optimizer:530, 2.513303e+03, 6173342, 3.152431e-02, 3.152431e-02, 3.361194e-02, 3.764702e-02, 3.765052e-02, 5.568298e-02, 5.736965e-02, 6.252011e-02, 7.850354e-02, 7.917861e-02, 9.558621e-02, 9.617074e-02, 9.625220e-02, 9.625860e-02, 9.626366e-02
INFO:bingo.evolutionary_optimizers.parallel_archipelago:Evolution time 0:01:00.607208	 age 860	 fitness 3.152e-02
Level 25:bingo.evolutionary_optimizers.evolutionary_optimizer:Generation: 540 	 Elapsed time: 0:42:54.215892 	 Best training fitness: 3.151973e-02 	 
Level 25:bingo.evolutionary_optimizers.evolutionary_optimizer:540, 2.574216e+03, 6277157, 3.151973e-02, 3.151973e-02, 3.361194e-02, 3.764702e-02, 3.765052e-02, 5.568298e-02, 5.736965e-02, 6.252011e-02, 7.850354e-02, 7.917861e-02, 9.558621e-02, 9.617074e-02, 9.625220e-02, 9.625860e-02, 9.626366e-02
INFO:bingo.evolutionary_optimizers.parallel_archipelago:Evolution time 0:00:40.916588	 age 880	 fitness 2.972e-02
Level 25:bingo.evolutionary_optimizers.evolutionary_optimizer:Generation: 550 	 Elapsed time: 0:43:35.406688 	 Best training fitness: 2.972099e-02 	 
Level 25:bingo.evolutionary_optimizers.evolutionary_optimizer:550, 2.615407e+03, 6359586, 2.972099e-02, 2.972099e-02, 3.151973e-02, 3.361194e-02, 3.363386e-02, 3.720684e-02, 5.568298e-02, 5.736965e-02, 6.252011e-02, 7.850354e-02, 7.917861e-02, 9.558621e-02, 9.617074e-02, 9.625220e-02, 9.625860e-02, 9.626366e-02
INFO:bingo.evolutionary_optimizers.parallel_archipelago:Evolution time 0:00:37.562383	 age 890	 fitness 2.972e-02
Level 25:bingo.evolutionary_optimizers.evolutionary_optimizer:Generation: 560 	 Elapsed time: 0:44:13.248264 	 Best training fitness: 2.972099e-02 	 
Level 25:bingo.evolutionary_optimizers.evolutionary_optimizer:560, 2.653248e+03, 6439402, 2.972099e-02, 2.972099e-02, 3.151973e-02, 3.361194e-02, 3.363386e-02, 3.416027e-02, 5.568298e-02, 5.736965e-02, 6.252011e-02, 7.850354e-02, 7.917861e-02, 9.558621e-02, 9.617074e-02, 9.625220e-02, 9.625860e-02, 9.626366e-02
INFO:bingo.evolutionary_optimizers.parallel_archipelago:Evolution time 0:00:55.669060	 age 910	 fitness 2.878e-02
Level 25:bingo.evolutionary_optimizers.evolutionary_optimizer:Generation: 570 	 Elapsed time: 0:45:09.198257 	 Best training fitness: 2.878434e-02 	 
Level 25:bingo.evolutionary_optimizers.evolutionary_optimizer:570, 2.709198e+03, 6527502, 2.878434e-02, 2.878434e-02, 3.359456e-02, 3.363386e-02, 3.414094e-02, 5.568298e-02, 5.736965e-02, 6.252011e-02, 7.850354e-02, 7.917861e-02, 9.558621e-02, 9.617074e-02, 9.625220e-02, 9.625860e-02, 9.626366e-02
INFO:bingo.evolutionary_optimizers.parallel_archipelago:Evolution time 0:00:21.175466	 age 920	 fitness 2.852e-02
Level 25:bingo.evolutionary_optimizers.evolutionary_optimizer:Generation: 580 	 Elapsed time: 0:45:30.648634 	 Best training fitness: 2.851859e-02 	 
Level 25:bingo.evolutionary_optimizers.evolutionary_optimizer:580, 2.730649e+03, 6600414, 2.851859e-02, 2.851859e-02, 5.568298e-02, 5.736965e-02, 6.252011e-02, 7.850354e-02, 7.917861e-02, 9.558621e-02, 9.617074e-02, 9.625220e-02, 9.625372e-02
INFO:bingo.evolutionary_optimizers.parallel_archipelago:Evolution time 0:00:35.942066	 age 930	 fitness 2.850e-02
Level 25:bingo.evolutionary_optimizers.evolutionary_optimizer:Generation: 590 	 Elapsed time: 0:46:06.853923 	 Best training fitness: 2.850118e-02 	 
Level 25:bingo.evolutionary_optimizers.evolutionary_optimizer:590, 2.766854e+03, 6690396, 2.850118e-02, 2.850118e-02, 5.568298e-02, 5.736965e-02, 6.252011e-02, 7.850354e-02, 7.917861e-02, 9.558621e-02, 9.617074e-02, 9.625220e-02, 9.625372e-02
INFO:bingo.evolutionary_optimizers.parallel_archipelago:Evolution time 0:00:35.028199	 age 940	 fitness 2.850e-02
Level 25:bingo.evolutionary_optimizers.evolutionary_optimizer:Generation: 600 	 Elapsed time: 0:46:42.144637 	 Best training fitness: 2.850118e-02 	 
Level 25:bingo.evolutionary_optimizers.evolutionary_optimizer:600, 2.802145e+03, 6773303, 2.850118e-02, 2.850118e-02, 3.719764e-02, 5.568298e-02, 5.736965e-02, 6.252011e-02, 7.850354e-02, 7.917861e-02, 9.558621e-02, 9.617074e-02, 9.624628e-02
INFO:bingo.evolutionary_optimizers.parallel_archipelago:Evolution time 0:00:30.885111	 age 950	 fitness 2.850e-02
Level 25:bingo.evolutionary_optimizers.evolutionary_optimizer:Generation: 610 	 Elapsed time: 0:47:13.321925 	 Best training fitness: 2.849904e-02 	 
Level 25:bingo.evolutionary_optimizers.evolutionary_optimizer:610, 2.833322e+03, 6840952, 2.849904e-02, 2.849904e-02, 3.719712e-02, 5.568298e-02, 5.736965e-02, 6.252011e-02, 7.850354e-02, 7.917861e-02, 9.558621e-02, 9.617074e-02, 9.624628e-02
INFO:bingo.evolutionary_optimizers.parallel_archipelago:Evolution time 0:01:01.893982	 age 970	 fitness 2.822e-02
Level 25:bingo.evolutionary_optimizers.evolutionary_optimizer:Generation: 620 	 Elapsed time: 0:48:15.474580 	 Best training fitness: 2.821961e-02 	 
Level 25:bingo.evolutionary_optimizers.evolutionary_optimizer:620, 2.895475e+03, 6945011, 2.821961e-02, 2.821961e-02, 2.849904e-02, 3.719712e-02, 5.568298e-02, 5.736965e-02, 6.252011e-02, 7.850354e-02, 7.917861e-02, 9.558621e-02, 9.617074e-02, 9.624628e-02
INFO:bingo.evolutionary_optimizers.parallel_archipelago:Evolution time 0:00:24.413803	 age 980	 fitness 2.770e-02
Level 25:bingo.evolutionary_optimizers.evolutionary_optimizer:Generation: 630 	 Elapsed time: 0:48:40.145851 	 Best training fitness: 2.769502e-02 	 
Level 25:bingo.evolutionary_optimizers.evolutionary_optimizer:630, 2.920146e+03, 7013018, 2.769502e-02, 2.769502e-02, 2.849904e-02, 2.852597e-02, 5.568298e-02, 5.736965e-02, 6.252011e-02, 7.850354e-02, 7.917861e-02, 9.558621e-02, 9.617074e-02, 9.624628e-02
INFO:bingo.evolutionary_optimizers.parallel_archipelago:Evolution time 0:01:03.920845	 age 1010	 fitness 2.768e-02
Level 25:bingo.evolutionary_optimizers.evolutionary_optimizer:Generation: 640 	 Elapsed time: 0:49:44.326397 	 Best training fitness: 2.768092e-02 	 
Level 25:bingo.evolutionary_optimizers.evolutionary_optimizer:640, 2.984326e+03, 7120654, 2.768092e-02, 2.768092e-02, 2.849904e-02, 2.852597e-02, 5.568298e-02, 5.736965e-02, 6.252011e-02, 7.850354e-02, 7.917861e-02, 9.558621e-02, 9.617074e-02, 9.624628e-02
INFO:bingo.evolutionary_optimizers.parallel_archipelago:Evolution time 0:00:26.699685	 age 1020	 fitness 2.763e-02
Level 25:bingo.evolutionary_optimizers.evolutionary_optimizer:Generation: 650 	 Elapsed time: 0:50:11.287322 	 Best training fitness: 2.763355e-02 	 
Level 25:bingo.evolutionary_optimizers.evolutionary_optimizer:650, 3.011287e+03, 7199898, 2.763355e-02, 2.763355e-02, 2.765642e-02, 2.849904e-02, 2.852597e-02, 5.527862e-02, 5.736965e-02, 6.252011e-02, 7.850354e-02, 7.917861e-02, 9.558621e-02, 9.617074e-02, 9.623747e-02
INFO:bingo.evolutionary_optimizers.parallel_archipelago:Evolution time 0:00:39.674856	 age 1040	 fitness 2.763e-02
Level 25:bingo.evolutionary_optimizers.evolutionary_optimizer:Generation: 660 	 Elapsed time: 0:50:51.225512 	 Best training fitness: 2.763335e-02 	 
Level 25:bingo.evolutionary_optimizers.evolutionary_optimizer:660, 3.051226e+03, 7280159, 2.763335e-02, 2.763335e-02, 2.765642e-02, 2.849904e-02, 2.852597e-02, 5.527862e-02, 5.736965e-02, 6.252011e-02, 7.850354e-02, 7.917861e-02, 9.558621e-02, 9.617074e-02, 9.623747e-02
INFO:bingo.evolutionary_optimizers.parallel_archipelago:Evolution time 0:01:06.675372	 age 1070	 fitness 2.758e-02
Level 25:bingo.evolutionary_optimizers.evolutionary_optimizer:Generation: 670 	 Elapsed time: 0:51:58.166155 	 Best training fitness: 2.758389e-02 	 
Level 25:bingo.evolutionary_optimizers.evolutionary_optimizer:670, 3.118166e+03, 7393021, 2.758389e-02, 2.758389e-02, 2.765538e-02, 2.849904e-02, 2.852597e-02, 5.527862e-02, 5.736965e-02, 6.252011e-02, 7.850354e-02, 7.917861e-02, 9.558621e-02, 9.617074e-02, 9.623747e-02
INFO:bingo.evolutionary_optimizers.parallel_archipelago:Evolution time 0:00:31.718040	 age 1080	 fitness 2.758e-02
Level 25:bingo.evolutionary_optimizers.evolutionary_optimizer:Generation: 680 	 Elapsed time: 0:52:30.178935 	 Best training fitness: 2.758391e-02 	 
Level 25:bingo.evolutionary_optimizers.evolutionary_optimizer:680, 3.150179e+03, 7494541, 2.758391e-02, 2.758389e-02, 2.764955e-02, 2.849904e-02, 2.852597e-02, 5.527862e-02, 5.736965e-02, 6.252011e-02, 7.850354e-02, 7.917861e-02, 9.558621e-02, 9.617074e-02, 9.623747e-02
INFO:bingo.evolutionary_optimizers.parallel_archipelago:Evolution time 0:00:45.510501	 age 1090	 fitness 2.759e-02
Level 25:bingo.evolutionary_optimizers.evolutionary_optimizer:Generation: 690 	 Elapsed time: 0:53:15.953666 	 Best training fitness: 2.758912e-02 	 
Level 25:bingo.evolutionary_optimizers.evolutionary_optimizer:690, 3.195954e+03, 7616337, 2.758912e-02, 2.758389e-02, 2.764365e-02, 2.849904e-02, 2.852597e-02, 5.527862e-02, 5.736965e-02, 6.252011e-02, 7.850354e-02, 7.917861e-02, 9.558621e-02, 9.617074e-02, 9.623747e-02
INFO:bingo.evolutionary_optimizers.parallel_archipelago:Evolution time 0:00:59.269112	 age 1120	 fitness 2.757e-02
Level 25:bingo.evolutionary_optimizers.evolutionary_optimizer:Generation: 700 	 Elapsed time: 0:54:15.479244 	 Best training fitness: 2.757223e-02 	 
Level 25:bingo.evolutionary_optimizers.evolutionary_optimizer:700, 3.255479e+03, 7715240, 2.757223e-02, 2.757223e-02, 2.764365e-02, 2.849904e-02, 2.852597e-02, 5.527862e-02, 5.736965e-02, 5.899382e-02, 7.850354e-02, 7.917861e-02, 9.558621e-02, 9.617074e-02, 9.623747e-02
INFO:bingo.evolutionary_optimizers.parallel_archipelago:Evolution time 0:00:45.677245	 age 1140	 fitness 2.758e-02
Level 25:bingo.evolutionary_optimizers.evolutionary_optimizer:Generation: 710 	 Elapsed time: 0:55:01.412491 	 Best training fitness: 2.758298e-02 	 
Level 25:bingo.evolutionary_optimizers.evolutionary_optimizer:710, 3.301412e+03, 7801704, 2.758298e-02, 2.757223e-02, 2.764365e-02, 2.849904e-02, 2.852597e-02, 5.527862e-02, 5.736965e-02, 5.899382e-02, 7.850354e-02, 7.917861e-02, 9.558621e-02, 9.617074e-02, 9.623747e-02
INFO:bingo.evolutionary_optimizers.parallel_archipelago:Evolution time 0:00:43.940782	 age 1150	 fitness 2.759e-02
Level 25:bingo.evolutionary_optimizers.evolutionary_optimizer:Generation: 720 	 Elapsed time: 0:55:45.609524 	 Best training fitness: 2.758501e-02 	 
Level 25:bingo.evolutionary_optimizers.evolutionary_optimizer:720, 3.345610e+03, 7906033, 2.758501e-02, 2.757223e-02, 2.764365e-02, 2.849904e-02, 2.852597e-02, 5.527862e-02, 5.736965e-02, 5.899382e-02, 7.850354e-02, 7.917861e-02, 9.558621e-02, 9.617074e-02, 9.623747e-02
INFO:bingo.evolutionary_optimizers.parallel_archipelago:Evolution time 0:00:50.190880	 age 1160	 fitness 2.758e-02
Level 25:bingo.evolutionary_optimizers.evolutionary_optimizer:Generation: 730 	 Elapsed time: 0:56:36.057806 	 Best training fitness: 2.758261e-02 	 
Level 25:bingo.evolutionary_optimizers.evolutionary_optimizer:730, 3.396058e+03, 8016500, 2.758261e-02, 2.757223e-02, 2.764365e-02, 2.849904e-02, 2.852597e-02, 5.527862e-02, 5.736965e-02, 5.899382e-02, 7.850354e-02, 7.917861e-02, 9.558621e-02, 9.617074e-02, 9.623747e-02
INFO:bingo.evolutionary_optimizers.parallel_archipelago:Evolution time 0:00:31.655384	 age 1170	 fitness 2.758e-02
Level 25:bingo.evolutionary_optimizers.evolutionary_optimizer:Generation: 740 	 Elapsed time: 0:57:07.971925 	 Best training fitness: 2.757924e-02 	 
Level 25:bingo.evolutionary_optimizers.evolutionary_optimizer:740, 3.427972e+03, 8124147, 2.757924e-02, 2.757223e-02, 2.764365e-02, 2.849904e-02, 2.852597e-02, 5.527862e-02, 5.736965e-02, 5.899382e-02, 7.850354e-02, 7.917861e-02, 9.558621e-02, 9.617074e-02, 9.623747e-02
INFO:bingo.evolutionary_optimizers.parallel_archipelago:Evolution time 0:00:52.616799	 age 1190	 fitness 2.758e-02
Level 25:bingo.evolutionary_optimizers.evolutionary_optimizer:Generation: 750 	 Elapsed time: 0:58:00.873304 	 Best training fitness: 2.758009e-02 	 
Level 25:bingo.evolutionary_optimizers.evolutionary_optimizer:750, 3.480873e+03, 8229428, 2.758009e-02, 2.757223e-02, 2.764365e-02, 2.849904e-02, 2.852597e-02, 5.527862e-02, 5.736965e-02, 5.899382e-02, 7.850354e-02, 7.917861e-02, 9.558621e-02, 9.617074e-02, 9.623747e-02
INFO:bingo.evolutionary_optimizers.parallel_archipelago:Evolution time 0:00:43.004070	 age 1200	 fitness 2.759e-02
Level 25:bingo.evolutionary_optimizers.evolutionary_optimizer:Generation: 760 	 Elapsed time: 0:58:44.131382 	 Best training fitness: 2.758501e-02 	 
Level 25:bingo.evolutionary_optimizers.evolutionary_optimizer:760, 3.524131e+03, 8318188, 2.758501e-02, 2.757223e-02, 2.764365e-02, 2.849904e-02, 2.852597e-02, 5.527862e-02, 5.736965e-02, 5.899382e-02, 7.850354e-02, 7.917861e-02, 9.558621e-02, 9.617074e-02, 9.623747e-02
INFO:bingo.evolutionary_optimizers.parallel_archipelago:Evolution time 0:00:31.300950	 age 1210	 fitness 2.646e-02
Level 25:bingo.evolutionary_optimizers.evolutionary_optimizer:Generation: 770 	 Elapsed time: 0:59:15.696028 	 Best training fitness: 2.645890e-02 	 
Level 25:bingo.evolutionary_optimizers.evolutionary_optimizer:770, 3.555696e+03, 8408079, 2.645890e-02, 2.645890e-02, 2.764365e-02, 2.849904e-02, 2.852597e-02, 5.527862e-02, 5.736965e-02, 5.899382e-02, 7.850354e-02, 7.917861e-02, 9.558621e-02, 9.617074e-02, 9.623747e-02
INFO:bingo.evolutionary_optimizers.parallel_archipelago:Evolution time 0:01:07.884379	 age 1230	 fitness 2.644e-02
Level 25:bingo.evolutionary_optimizers.evolutionary_optimizer:Generation: 780 	 Elapsed time: 1:00:23.836825 	 Best training fitness: 2.644491e-02 	 
Level 25:bingo.evolutionary_optimizers.evolutionary_optimizer:780, 3.623837e+03, 8528354, 2.644491e-02, 2.644491e-02, 2.764365e-02, 2.849904e-02, 2.852597e-02, 5.527862e-02, 5.736965e-02, 5.899382e-02, 7.850354e-02, 7.917861e-02, 9.558621e-02, 9.617074e-02, 9.623747e-02
INFO:bingo.evolutionary_optimizers.parallel_archipelago:Evolution time 0:00:48.310206	 age 1240	 fitness 2.646e-02
Level 25:bingo.evolutionary_optimizers.evolutionary_optimizer:Generation: 790 	 Elapsed time: 1:01:12.400922 	 Best training fitness: 2.645824e-02 	 
Level 25:bingo.evolutionary_optimizers.evolutionary_optimizer:790, 3.672401e+03, 8651217, 2.645824e-02, 2.644491e-02, 2.764365e-02, 2.849904e-02, 2.852597e-02, 5.527862e-02, 5.736965e-02, 5.899382e-02, 7.850354e-02, 7.917861e-02, 9.558621e-02, 9.617074e-02, 9.623747e-02
INFO:bingo.evolutionary_optimizers.parallel_archipelago:Evolution time 0:01:04.242713	 age 1260	 fitness 2.646e-02
Level 25:bingo.evolutionary_optimizers.evolutionary_optimizer:Generation: 800 	 Elapsed time: 1:02:16.891246 	 Best training fitness: 2.645651e-02 	 
Level 25:bingo.evolutionary_optimizers.evolutionary_optimizer:800, 3.736891e+03, 8768422, 2.645651e-02, 2.644491e-02, 2.764365e-02, 2.849904e-02, 2.852597e-02, 5.527862e-02, 5.736965e-02, 5.899382e-02, 7.850354e-02, 7.917861e-02, 9.558621e-02, 9.617074e-02, 9.623747e-02
INFO:bingo.evolutionary_optimizers.parallel_archipelago:Evolution time 0:00:40.200213	 age 1270	 fitness 2.645e-02
Level 25:bingo.evolutionary_optimizers.evolutionary_optimizer:Generation: 810 	 Elapsed time: 1:02:57.360143 	 Best training fitness: 2.645098e-02 	 
Level 25:bingo.evolutionary_optimizers.evolutionary_optimizer:810, 3.777360e+03, 8881258, 2.645098e-02, 2.644491e-02, 2.764365e-02, 2.849904e-02, 2.852597e-02, 5.527862e-02, 5.736965e-02, 5.899382e-02, 7.850354e-02, 7.917861e-02, 9.558621e-02, 9.617074e-02, 9.623747e-02
INFO:bingo.evolutionary_optimizers.parallel_archipelago:Evolution time 0:00:40.444043	 age 1290	 fitness 2.644e-02
Level 25:bingo.evolutionary_optimizers.evolutionary_optimizer:Generation: 820 	 Elapsed time: 1:03:38.044491 	 Best training fitness: 2.644061e-02 	 
Level 25:bingo.evolutionary_optimizers.evolutionary_optimizer:820, 3.818044e+03, 8998412, 2.644061e-02, 2.644061e-02, 2.764365e-02, 2.849904e-02, 2.852597e-02, 5.527862e-02, 5.736965e-02, 5.899382e-02, 7.850354e-02, 7.917861e-02, 9.558621e-02, 9.617074e-02, 9.623747e-02
INFO:bingo.evolutionary_optimizers.parallel_archipelago:Evolution time 0:00:39.492575	 age 1300	 fitness 2.644e-02
Level 25:bingo.evolutionary_optimizers.evolutionary_optimizer:Generation: 830 	 Elapsed time: 1:04:17.776885 	 Best training fitness: 2.644061e-02 	 
Level 25:bingo.evolutionary_optimizers.evolutionary_optimizer:830, 3.857777e+03, 9088193, 2.644061e-02, 2.644061e-02, 2.764365e-02, 2.849904e-02, 2.852597e-02, 5.527862e-02, 5.736965e-02, 5.899382e-02, 7.850354e-02, 7.917861e-02, 9.558621e-02, 9.617074e-02, 9.623747e-02
INFO:bingo.evolutionary_optimizers.parallel_archipelago:Evolution time 0:00:41.058808	 age 1320	 fitness 2.645e-02
Level 25:bingo.evolutionary_optimizers.evolutionary_optimizer:Generation: 840 	 Elapsed time: 1:04:59.075007 	 Best training fitness: 2.644699e-02 	 
Level 25:bingo.evolutionary_optimizers.evolutionary_optimizer:840, 3.899075e+03, 9180149, 2.644699e-02, 2.644061e-02, 2.761465e-02, 2.764365e-02, 2.849904e-02, 2.852597e-02, 5.527862e-02, 5.736965e-02, 5.899382e-02, 7.850354e-02, 7.917861e-02, 9.558621e-02, 9.617074e-02, 9.623747e-02
INFO:bingo.evolutionary_optimizers.parallel_archipelago:Evolution time 0:00:38.921475	 age 1340	 fitness 2.644e-02
Level 25:bingo.evolutionary_optimizers.evolutionary_optimizer:Generation: 850 	 Elapsed time: 1:05:38.238529 	 Best training fitness: 2.643837e-02 	 
Level 25:bingo.evolutionary_optimizers.evolutionary_optimizer:850, 3.938239e+03, 9273265, 2.643837e-02, 2.643837e-02, 2.761465e-02, 2.764365e-02, 2.849904e-02, 2.852597e-02, 5.527862e-02, 5.736965e-02, 5.899382e-02, 7.850354e-02, 7.917861e-02, 9.558621e-02, 9.617074e-02, 9.623747e-02
INFO:bingo.evolutionary_optimizers.parallel_archipelago:Evolution time 0:00:38.274358	 age 1360	 fitness 2.644e-02
Level 25:bingo.evolutionary_optimizers.evolutionary_optimizer:Generation: 860 	 Elapsed time: 1:06:16.756110 	 Best training fitness: 2.644426e-02 	 
Level 25:bingo.evolutionary_optimizers.evolutionary_optimizer:860, 3.976756e+03, 9372653, 2.644426e-02, 2.643837e-02, 2.761465e-02, 2.764365e-02, 2.849904e-02, 2.852597e-02, 5.527862e-02, 5.736965e-02, 5.899382e-02, 7.850354e-02, 7.917861e-02, 9.558621e-02, 9.617074e-02, 9.623747e-02
INFO:bingo.evolutionary_optimizers.parallel_archipelago:Evolution time 0:00:55.299516	 age 1370	 fitness 2.644e-02
Level 25:bingo.evolutionary_optimizers.evolutionary_optimizer:Generation: 870 	 Elapsed time: 1:07:12.298309 	 Best training fitness: 2.644426e-02 	 
Level 25:bingo.evolutionary_optimizers.evolutionary_optimizer:870, 4.032298e+03, 9470984, 2.644426e-02, 2.643837e-02, 2.761465e-02, 2.764365e-02, 2.849904e-02, 2.852597e-02, 5.527862e-02, 5.736965e-02, 5.899382e-02, 7.850354e-02, 7.917861e-02, 9.558621e-02, 9.617074e-02, 9.623747e-02
INFO:bingo.evolutionary_optimizers.parallel_archipelago:Evolution time 0:00:56.974756	 age 1400	 fitness 2.646e-02
Level 25:bingo.evolutionary_optimizers.evolutionary_optimizer:Generation: 880 	 Elapsed time: 1:08:09.543417 	 Best training fitness: 2.645501e-02 	 
Level 25:bingo.evolutionary_optimizers.evolutionary_optimizer:880, 4.089543e+03, 9570339, 2.645501e-02, 2.643837e-02, 2.761465e-02, 2.764365e-02, 2.849904e-02, 2.852597e-02, 5.527862e-02, 5.736965e-02, 5.899382e-02, 7.850354e-02, 7.917861e-02, 9.558621e-02, 9.617074e-02, 9.623747e-02
INFO:bingo.evolutionary_optimizers.parallel_archipelago:Evolution time 0:00:22.672659	 age 1410	 fitness 2.645e-02
Level 25:bingo.evolutionary_optimizers.evolutionary_optimizer:Generation: 890 	 Elapsed time: 1:08:32.461280 	 Best training fitness: 2.644776e-02 	 
Level 25:bingo.evolutionary_optimizers.evolutionary_optimizer:890, 4.112461e+03, 9637630, 2.644776e-02, 2.643837e-02, 2.759118e-02, 2.764365e-02, 2.849904e-02, 2.852597e-02, 5.527862e-02, 5.736965e-02, 5.899382e-02, 7.850354e-02, 7.917861e-02, 9.558621e-02, 9.617074e-02, 9.623747e-02
INFO:bingo.evolutionary_optimizers.parallel_archipelago:Evolution time 0:01:01.910076	 age 1440	 fitness 2.643e-02
Level 25:bingo.evolutionary_optimizers.evolutionary_optimizer:Generation: 900 	 Elapsed time: 1:09:34.613936 	 Best training fitness: 2.643492e-02 	 
Level 25:bingo.evolutionary_optimizers.evolutionary_optimizer:900, 4.174614e+03, 9748124, 2.643492e-02, 2.643492e-02, 2.758342e-02, 2.764365e-02, 2.849904e-02, 2.852597e-02, 5.527862e-02, 5.736965e-02, 5.899382e-02, 7.850354e-02, 7.917861e-02, 9.558621e-02, 9.617074e-02, 9.623747e-02
INFO:bingo.evolutionary_optimizers.parallel_archipelago:Evolution time 0:00:38.036559	 age 1450	 fitness 2.643e-02
Level 25:bingo.evolutionary_optimizers.evolutionary_optimizer:Generation: 910 	 Elapsed time: 1:10:12.895323 	 Best training fitness: 2.643452e-02 	 
Level 25:bingo.evolutionary_optimizers.evolutionary_optimizer:910, 4.212895e+03, 9853554, 2.643452e-02, 2.643452e-02, 2.758342e-02, 2.764365e-02, 2.849904e-02, 2.852597e-02, 5.527862e-02, 5.736965e-02, 5.899382e-02, 7.850354e-02, 7.917861e-02, 9.558621e-02, 9.617074e-02, 9.623747e-02
INFO:bingo.evolutionary_optimizers.parallel_archipelago:Evolution time 0:00:46.298545	 age 1470	 fitness 2.643e-02
Level 25:bingo.evolutionary_optimizers.evolutionary_optimizer:Generation: 920 	 Elapsed time: 1:10:59.435810 	 Best training fitness: 2.643452e-02 	 
Level 25:bingo.evolutionary_optimizers.evolutionary_optimizer:920, 4.259436e+03, 9953423, 2.643452e-02, 2.643452e-02, 2.758342e-02, 2.764365e-02, 2.849904e-02, 2.852597e-02, 5.527862e-02, 5.736965e-02, 5.899382e-02, 7.850354e-02, 7.917861e-02, 9.558621e-02, 9.617074e-02, 9.623747e-02
INFO:bingo.evolutionary_optimizers.parallel_archipelago:Evolution time 0:00:26.672089	 age 1480	 fitness 2.644e-02
Level 25:bingo.evolutionary_optimizers.evolutionary_optimizer:Generation: 930 	 Elapsed time: 1:11:26.351656 	 Best training fitness: 2.644211e-02 	 
Level 25:bingo.evolutionary_optimizers.evolutionary_optimizer:930, 4.286352e+03, 10050298, 2.644211e-02, 2.643452e-02, 2.758342e-02, 2.764365e-02, 2.849904e-02, 2.852597e-02, 5.527862e-02, 5.736965e-02, 5.899382e-02, 7.850354e-02, 7.917861e-02, 9.558621e-02, 9.617074e-02, 9.623747e-02
INFO:bingo.evolutionary_optimizers.parallel_archipelago:Evolution time 0:00:39.347761	 age 1500	 fitness 2.645e-02
Level 25:bingo.evolutionary_optimizers.evolutionary_optimizer:Generation: 940 	 Elapsed time: 1:12:05.947714 	 Best training fitness: 2.644649e-02 	 
Level 25:bingo.evolutionary_optimizers.evolutionary_optimizer:940, 4.325948e+03, 10130876, 2.644649e-02, 2.643452e-02, 2.758342e-02, 2.764365e-02, 2.849904e-02, 2.852597e-02, 5.527862e-02, 5.736965e-02, 5.899382e-02, 7.850354e-02, 7.917861e-02, 9.558621e-02, 9.617074e-02, 9.623747e-02
INFO:bingo.evolutionary_optimizers.parallel_archipelago:Evolution time 0:00:38.520131	 age 1510	 fitness 2.645e-02
Level 25:bingo.evolutionary_optimizers.evolutionary_optimizer:Generation: 950 	 Elapsed time: 1:12:44.709772 	 Best training fitness: 2.645344e-02 	 
Level 25:bingo.evolutionary_optimizers.evolutionary_optimizer:950, 4.364710e+03, 10241887, 2.645344e-02, 2.643452e-02, 2.758342e-02, 2.764365e-02, 2.849904e-02, 2.852597e-02, 5.527862e-02, 5.736965e-02, 5.899382e-02, 7.850354e-02, 7.917861e-02, 9.558621e-02, 9.617074e-02, 9.623747e-02
INFO:bingo.evolutionary_optimizers.parallel_archipelago:Evolution time 0:00:23.074243	 age 1520	 fitness 2.645e-02
Level 25:bingo.evolutionary_optimizers.evolutionary_optimizer:Generation: 960 	 Elapsed time: 1:13:08.028108 	 Best training fitness: 2.645002e-02 	 
Level 25:bingo.evolutionary_optimizers.evolutionary_optimizer:960, 4.388028e+03, 10310180, 2.645002e-02, 2.643452e-02, 2.758342e-02, 2.764365e-02, 2.849904e-02, 2.852597e-02, 5.527862e-02, 5.736965e-02, 5.899382e-02, 7.850354e-02, 7.917861e-02, 9.558621e-02, 9.617074e-02, 9.623747e-02
INFO:bingo.evolutionary_optimizers.parallel_archipelago:Evolution time 0:00:37.322346	 age 1540	 fitness 2.645e-02
Level 25:bingo.evolutionary_optimizers.evolutionary_optimizer:Generation: 970 	 Elapsed time: 1:13:45.592243 	 Best training fitness: 2.644900e-02 	 
Level 25:bingo.evolutionary_optimizers.evolutionary_optimizer:970, 4.425592e+03, 10390978, 2.644900e-02, 2.643452e-02, 2.758342e-02, 2.764365e-02, 2.849904e-02, 2.852597e-02, 5.527862e-02, 5.736965e-02, 5.899382e-02, 7.850354e-02, 7.917861e-02, 9.558621e-02, 9.617074e-02, 9.623747e-02
INFO:bingo.evolutionary_optimizers.parallel_archipelago:Evolution time 0:00:24.348033	 age 1550	 fitness 2.542e-02
Level 25:bingo.evolutionary_optimizers.evolutionary_optimizer:Generation: 980 	 Elapsed time: 1:14:10.184848 	 Best training fitness: 2.542461e-02 	 
Level 25:bingo.evolutionary_optimizers.evolutionary_optimizer:980, 4.450185e+03, 10485321, 2.542461e-02, 2.542461e-02, 2.643452e-02, 2.758342e-02, 2.764365e-02, 2.849904e-02, 2.852597e-02, 5.527862e-02, 5.736965e-02, 5.899382e-02, 7.850354e-02, 7.917861e-02, 9.558621e-02, 9.612282e-02, 9.617074e-02, 9.623747e-02
INFO:bingo.evolutionary_optimizers.parallel_archipelago:Evolution time 0:00:21.749002	 age 1560	 fitness 2.540e-02
Level 25:bingo.evolutionary_optimizers.evolutionary_optimizer:Generation: 990 	 Elapsed time: 1:14:32.179239 	 Best training fitness: 2.540297e-02 	 
Level 25:bingo.evolutionary_optimizers.evolutionary_optimizer:990, 4.472179e+03, 10561251, 2.540297e-02, 2.540297e-02, 2.643452e-02, 2.758342e-02, 2.764365e-02, 2.849904e-02, 2.852597e-02, 5.527862e-02, 5.736965e-02, 5.899382e-02, 6.798228e-02, 9.612282e-02, 9.617074e-02, 9.623747e-02
INFO:bingo.evolutionary_optimizers.parallel_archipelago:Evolution time 0:00:37.375678	 age 1570	 fitness 2.415e-02
Level 25:bingo.evolutionary_optimizers.evolutionary_optimizer:Generation: 1000 	 Elapsed time: 1:15:09.798588 	 Best training fitness: 2.414944e-02 	 
Level 25:bingo.evolutionary_optimizers.evolutionary_optimizer:1000, 4.509799e+03, 10665324, 2.414944e-02, 2.414944e-02, 2.486369e-02, 2.643452e-02, 2.758342e-02, 2.764365e-02, 2.849904e-02, 2.852597e-02, 5.527862e-02, 5.736965e-02, 5.899382e-02, 6.798228e-02, 9.612282e-02, 9.617074e-02, 9.623747e-02
INFO:bingo.evolutionary_optimizers.parallel_archipelago:Evolution time 0:00:37.390027	 age 1580	 fitness 0.000e+00
Level 25:bingo.evolutionary_optimizers.evolutionary_optimizer:Generation: 1010 	 Elapsed time: 1:15:47.457059 	 Best training fitness: 0.000000e+00 	 
Level 25:bingo.evolutionary_optimizers.evolutionary_optimizer:1010, 4.547457e+03, 10771510, 0.000000e+00, 0.000000e+00, 9.617074e-02, 9.623747e-02
Level 25:bingo.evolutionary_optimizers.evolutionary_optimizer:Evolution successfully converged.
Level 25:bingo.evolutionary_optimizers.evolutionary_optimizer:  Absolte convergence occurred with best fitness < 1e-10
Level 25:bingo.evolutionary_optimizers.evolutionary_optimizer:Hall of Fame:
0.0	7	sin(log((X_0)(X_0) + (X_1)(X_1)))
0.09617073642718182	5	sin(log((0.384546)(sin(0.384546))))
0.09623747365947379	1	-0.933502
