Level 25:bingo.evolutionary_optimizers.evolutionary_optimizer:#generational_age, elapsed_time, fitness_evaluation_count, current_training_fitness, hall_of_fame_fitnesses
Level 25:bingo.evolutionary_optimizers.evolutionary_optimizer:#generational_age, elapsed_time, fitness_evaluation_count, current_training_fitness, hall_of_fame_fitnesses
Level 25:bingo.evolutionary_optimizers.evolutionary_optimizer:Generation: 0 	 Elapsed time: 0:00:05.074421 	 Best training fitness: 1.925153e-01 	 
Level 25:bingo.evolutionary_optimizers.evolutionary_optimizer:0, 5.074421e+00, 14320, 1.925153e-01
INFO:bingo.evolutionary_optimizers.parallel_archipelago:Evolution time 0:00:57.600886	 age 30	 fitness 1.567e-01
Level 25:bingo.evolutionary_optimizers.evolutionary_optimizer:Generation: 10 	 Elapsed time: 0:01:02.966550 	 Best training fitness: 1.566816e-01 	 
Level 25:bingo.evolutionary_optimizers.evolutionary_optimizer:10, 6.296655e+01, 169241, 1.566816e-01, 1.566816e-01, 1.781295e-01, 1.923531e-01
INFO:bingo.evolutionary_optimizers.parallel_archipelago:Evolution time 0:00:35.971670	 age 50	 fitness 1.536e-01
Level 25:bingo.evolutionary_optimizers.evolutionary_optimizer:Generation: 20 	 Elapsed time: 0:01:39.258834 	 Best training fitness: 1.536293e-01 	 
Level 25:bingo.evolutionary_optimizers.evolutionary_optimizer:20, 9.925883e+01, 269411, 1.536293e-01, 1.536293e-01, 1.565161e-01, 1.571939e-01, 1.922697e-01, 1.923145e-01
INFO:bingo.evolutionary_optimizers.parallel_archipelago:Evolution time 0:00:58.208016	 age 70	 fitness 1.536e-01
Level 25:bingo.evolutionary_optimizers.evolutionary_optimizer:Generation: 30 	 Elapsed time: 0:02:37.824453 	 Best training fitness: 1.536230e-01 	 
Level 25:bingo.evolutionary_optimizers.evolutionary_optimizer:30, 1.578245e+02, 387334, 1.536230e-01, 1.536230e-01, 1.564973e-01, 1.571939e-01, 1.922697e-01, 1.923145e-01
INFO:bingo.evolutionary_optimizers.parallel_archipelago:Evolution time 0:00:58.208447	 age 90	 fitness 1.447e-01
Level 25:bingo.evolutionary_optimizers.evolutionary_optimizer:Generation: 40 	 Elapsed time: 0:03:36.352811 	 Best training fitness: 1.447382e-01 	 
Level 25:bingo.evolutionary_optimizers.evolutionary_optimizer:40, 2.163528e+02, 511840, 1.447382e-01, 1.447382e-01, 1.551715e-01, 1.571939e-01, 1.922697e-01, 1.923145e-01
INFO:bingo.evolutionary_optimizers.parallel_archipelago:Evolution time 0:00:39.954337	 age 100	 fitness 1.166e-01
Level 25:bingo.evolutionary_optimizers.evolutionary_optimizer:Generation: 50 	 Elapsed time: 0:04:16.633090 	 Best training fitness: 1.166132e-01 	 
Level 25:bingo.evolutionary_optimizers.evolutionary_optimizer:50, 2.566331e+02, 605428, 1.166132e-01, 1.166132e-01, 1.571596e-01, 1.922697e-01, 1.923145e-01
INFO:bingo.evolutionary_optimizers.parallel_archipelago:Evolution time 0:00:35.210142	 age 110	 fitness 9.663e-02
Level 25:bingo.evolutionary_optimizers.evolutionary_optimizer:Generation: 60 	 Elapsed time: 0:04:52.170376 	 Best training fitness: 9.662642e-02 	 
Level 25:bingo.evolutionary_optimizers.evolutionary_optimizer:60, 2.921704e+02, 699940, 9.662642e-02, 9.662642e-02, 1.165943e-01, 1.571596e-01, 1.922697e-01, 1.923073e-01
INFO:bingo.evolutionary_optimizers.parallel_archipelago:Evolution time 0:00:51.787296	 age 120	 fitness 9.664e-02
Level 25:bingo.evolutionary_optimizers.evolutionary_optimizer:Generation: 70 	 Elapsed time: 0:05:44.281868 	 Best training fitness: 9.663645e-02 	 
Level 25:bingo.evolutionary_optimizers.evolutionary_optimizer:70, 3.442819e+02, 797173, 9.663645e-02, 9.662642e-02, 1.165943e-01, 1.571596e-01, 1.922697e-01, 1.923073e-01
INFO:bingo.evolutionary_optimizers.parallel_archipelago:Evolution time 0:00:37.303460	 age 130	 fitness 9.662e-02
Level 25:bingo.evolutionary_optimizers.evolutionary_optimizer:Generation: 80 	 Elapsed time: 0:06:21.898663 	 Best training fitness: 9.662009e-02 	 
Level 25:bingo.evolutionary_optimizers.evolutionary_optimizer:80, 3.818987e+02, 900785, 9.662009e-02, 9.662009e-02, 1.571596e-01, 1.922697e-01, 1.922967e-01
INFO:bingo.evolutionary_optimizers.parallel_archipelago:Evolution time 0:00:25.327805	 age 140	 fitness 9.625e-02
Level 25:bingo.evolutionary_optimizers.evolutionary_optimizer:Generation: 90 	 Elapsed time: 0:06:47.537470 	 Best training fitness: 9.625357e-02 	 
Level 25:bingo.evolutionary_optimizers.evolutionary_optimizer:90, 4.075375e+02, 980620, 9.625357e-02, 9.625357e-02, 9.662009e-02, 1.571596e-01, 1.922697e-01, 1.922915e-01
INFO:bingo.evolutionary_optimizers.parallel_archipelago:Evolution time 0:00:43.495438	 age 160	 fitness 9.618e-02
Level 25:bingo.evolutionary_optimizers.evolutionary_optimizer:Generation: 100 	 Elapsed time: 0:07:31.380953 	 Best training fitness: 9.617993e-02 	 
Level 25:bingo.evolutionary_optimizers.evolutionary_optimizer:100, 4.513810e+02, 1110482, 9.617993e-02, 9.617993e-02, 9.618617e-02, 9.662009e-02, 1.571596e-01, 1.922697e-01, 1.922915e-01
INFO:bingo.evolutionary_optimizers.parallel_archipelago:Evolution time 0:00:56.794737	 age 180	 fitness 9.046e-02
Level 25:bingo.evolutionary_optimizers.evolutionary_optimizer:Generation: 110 	 Elapsed time: 0:08:28.482244 	 Best training fitness: 9.045715e-02 	 
Level 25:bingo.evolutionary_optimizers.evolutionary_optimizer:110, 5.084822e+02, 1247245, 9.045715e-02, 9.045715e-02, 9.614211e-02, 9.618617e-02, 9.662009e-02, 1.571596e-01, 1.922697e-01, 1.922915e-01
INFO:bingo.evolutionary_optimizers.parallel_archipelago:Evolution time 0:01:13.878590	 age 200	 fitness 8.325e-02
Level 25:bingo.evolutionary_optimizers.evolutionary_optimizer:Generation: 120 	 Elapsed time: 0:09:42.677640 	 Best training fitness: 8.325208e-02 	 
Level 25:bingo.evolutionary_optimizers.evolutionary_optimizer:120, 5.826776e+02, 1386038, 8.325208e-02, 8.325208e-02, 8.534442e-02, 9.034882e-02, 9.662009e-02, 1.571596e-01, 1.922697e-01, 1.922915e-01
INFO:bingo.evolutionary_optimizers.parallel_archipelago:Evolution time 0:00:39.098048	 age 220	 fitness 4.373e-02
Level 25:bingo.evolutionary_optimizers.evolutionary_optimizer:Generation: 130 	 Elapsed time: 0:10:22.105524 	 Best training fitness: 4.373400e-02 	 
Level 25:bingo.evolutionary_optimizers.evolutionary_optimizer:130, 6.221055e+02, 1493135, 4.373400e-02, 4.373400e-02, 4.845110e-02, 9.662009e-02, 1.571596e-01, 1.922697e-01, 1.922915e-01
INFO:bingo.evolutionary_optimizers.parallel_archipelago:Evolution time 0:00:37.533016	 age 230	 fitness 0.000e+00
Level 25:bingo.evolutionary_optimizers.evolutionary_optimizer:Generation: 140 	 Elapsed time: 0:10:59.965755 	 Best training fitness: 0.000000e+00 	 
Level 25:bingo.evolutionary_optimizers.evolutionary_optimizer:140, 6.599658e+02, 1591204, 0.000000e+00, 0.000000e+00, 1.922697e-01, 1.922915e-01
Level 25:bingo.evolutionary_optimizers.evolutionary_optimizer:Evolution successfully converged.
Level 25:bingo.evolutionary_optimizers.evolutionary_optimizer:  Absolte convergence occurred with best fitness < 1e-10
Level 25:bingo.evolutionary_optimizers.evolutionary_optimizer:Hall of Fame:
0.0	8	sin(log((X_1)(X_1) + (X_0)(X_0)))
0.19226965652722403	3	-0.311187 + -0.311187 + -0.311187
0.19229147797390028	1	-0.934153
