Level 25:bingo.evolutionary_optimizers.evolutionary_optimizer:#generational_age, elapsed_time, fitness_evaluation_count, current_training_fitness, hall_of_fame_fitnesses
Level 25:bingo.evolutionary_optimizers.evolutionary_optimizer:#generational_age, elapsed_time, fitness_evaluation_count, current_training_fitness, hall_of_fame_fitnesses
Level 25:bingo.evolutionary_optimizers.parallel_archipelago:Saving checkpoint: src/bingo_bias_vias_decomposition/checkpoints_st_40/implicit_st_40_p2_p8_3_0.pkl
INFO:bingo.evolutionary_optimizers.parallel_archipelago:Saved successfully
Level 25:bingo.evolutionary_optimizers.evolutionary_optimizer:Generation: 0 	 Elapsed time: 0:00:04.220210 	 Best training fitness: 4.857972e-02 	 
Level 25:bingo.evolutionary_optimizers.evolutionary_optimizer:0, 4.220210e+00, 14140, 4.857972e-02
INFO:bingo.evolutionary_optimizers.parallel_archipelago:Performing migration between Islands
INFO:bingo.evolutionary_optimizers.parallel_archipelago:Evolution time 0:00:29.411713	 age 10	 fitness 4.835e-02
Level 25:bingo.evolutionary_optimizers.parallel_archipelago:Saving checkpoint: src/bingo_bias_vias_decomposition/checkpoints_st_40/implicit_st_40_p2_p8_3_10.pkl
INFO:bingo.evolutionary_optimizers.parallel_archipelago:Saved successfully
Level 25:bingo.evolutionary_optimizers.evolutionary_optimizer:Generation: 10 	 Elapsed time: 0:00:33.830697 	 Best training fitness: 4.834873e-02 	 
Level 25:bingo.evolutionary_optimizers.evolutionary_optimizer:10, 3.383070e+01, 115814, 4.834873e-02, 4.834873e-02, 4.846996e-02
INFO:bingo.evolutionary_optimizers.parallel_archipelago:Performing migration between Islands
INFO:bingo.evolutionary_optimizers.parallel_archipelago:Evolution time 0:00:26.055840	 age 20	 fitness 4.825e-02
Level 25:bingo.evolutionary_optimizers.parallel_archipelago:Saving checkpoint: src/bingo_bias_vias_decomposition/checkpoints_st_40/implicit_st_40_p2_p8_3_20.pkl
INFO:bingo.evolutionary_optimizers.parallel_archipelago:Saved successfully
Level 25:bingo.evolutionary_optimizers.evolutionary_optimizer:Generation: 20 	 Elapsed time: 0:01:00.134401 	 Best training fitness: 4.824807e-02 	 
Level 25:bingo.evolutionary_optimizers.evolutionary_optimizer:20, 6.013440e+01, 212780, 4.824807e-02, 4.824807e-02, 4.831943e-02, 4.834873e-02, 4.846996e-02
INFO:bingo.evolutionary_optimizers.parallel_archipelago:Performing migration between Islands
INFO:bingo.evolutionary_optimizers.parallel_archipelago:Evolution time 0:00:17.212811	 age 30	 fitness 4.823e-02
Level 25:bingo.evolutionary_optimizers.parallel_archipelago:Saving checkpoint: src/bingo_bias_vias_decomposition/checkpoints_st_40/implicit_st_40_p2_p8_3_30.pkl
INFO:bingo.evolutionary_optimizers.parallel_archipelago:Saved successfully
Level 25:bingo.evolutionary_optimizers.evolutionary_optimizer:Generation: 30 	 Elapsed time: 0:01:17.557757 	 Best training fitness: 4.823111e-02 	 
Level 25:bingo.evolutionary_optimizers.evolutionary_optimizer:30, 7.755776e+01, 279832, 4.823111e-02, 4.823111e-02, 4.831943e-02, 4.834873e-02, 4.841704e-02, 4.846996e-02
INFO:bingo.evolutionary_optimizers.parallel_archipelago:Performing migration between Islands
INFO:bingo.evolutionary_optimizers.parallel_archipelago:Evolution time 0:00:33.633138	 age 40	 fitness 4.819e-02
Level 25:bingo.evolutionary_optimizers.parallel_archipelago:Saving checkpoint: src/bingo_bias_vias_decomposition/checkpoints_st_40/implicit_st_40_p2_p8_3_40.pkl
INFO:bingo.evolutionary_optimizers.parallel_archipelago:Saved successfully
Level 25:bingo.evolutionary_optimizers.evolutionary_optimizer:Generation: 40 	 Elapsed time: 0:01:51.412554 	 Best training fitness: 4.819040e-02 	 
Level 25:bingo.evolutionary_optimizers.evolutionary_optimizer:40, 1.114126e+02, 369847, 4.819040e-02, 4.819040e-02, 4.823111e-02, 4.826473e-02, 4.834873e-02, 4.841704e-02, 4.846996e-02
INFO:bingo.evolutionary_optimizers.parallel_archipelago:Performing migration between Islands
INFO:bingo.evolutionary_optimizers.parallel_archipelago:Evolution time 0:00:19.281227	 age 50	 fitness 4.822e-02
Level 25:bingo.evolutionary_optimizers.parallel_archipelago:Saving checkpoint: src/bingo_bias_vias_decomposition/checkpoints_st_40/implicit_st_40_p2_p8_3_50.pkl
INFO:bingo.evolutionary_optimizers.parallel_archipelago:Saved successfully
Level 25:bingo.evolutionary_optimizers.evolutionary_optimizer:Generation: 50 	 Elapsed time: 0:02:10.915025 	 Best training fitness: 4.822397e-02 	 
Level 25:bingo.evolutionary_optimizers.evolutionary_optimizer:50, 1.309150e+02, 454674, 4.822397e-02, 4.819040e-02, 4.823111e-02, 4.825206e-02, 4.846996e-02
INFO:bingo.evolutionary_optimizers.parallel_archipelago:Performing migration between Islands
INFO:bingo.evolutionary_optimizers.parallel_archipelago:Evolution time 0:00:18.102304	 age 60	 fitness 4.825e-02
Level 25:bingo.evolutionary_optimizers.parallel_archipelago:Saving checkpoint: src/bingo_bias_vias_decomposition/checkpoints_st_40/implicit_st_40_p2_p8_3_60.pkl
INFO:bingo.evolutionary_optimizers.parallel_archipelago:Saved successfully
Level 25:bingo.evolutionary_optimizers.evolutionary_optimizer:Generation: 60 	 Elapsed time: 0:02:29.242415 	 Best training fitness: 4.825206e-02 	 
Level 25:bingo.evolutionary_optimizers.evolutionary_optimizer:60, 1.492424e+02, 513161, 4.825206e-02, 4.819040e-02, 4.823111e-02, 4.825206e-02, 4.828735e-02, 4.841098e-02
INFO:bingo.evolutionary_optimizers.parallel_archipelago:Performing migration between Islands
INFO:bingo.evolutionary_optimizers.parallel_archipelago:Evolution time 0:00:32.358315	 age 70	 fitness 4.823e-02
Level 25:bingo.evolutionary_optimizers.parallel_archipelago:Saving checkpoint: src/bingo_bias_vias_decomposition/checkpoints_st_40/implicit_st_40_p2_p8_3_70.pkl
INFO:bingo.evolutionary_optimizers.parallel_archipelago:Saved successfully
Level 25:bingo.evolutionary_optimizers.evolutionary_optimizer:Generation: 70 	 Elapsed time: 0:03:01.841345 	 Best training fitness: 4.823015e-02 	 
Level 25:bingo.evolutionary_optimizers.evolutionary_optimizer:70, 1.818413e+02, 583242, 4.823015e-02, 4.819040e-02, 4.823111e-02, 4.825206e-02, 4.828735e-02, 4.841098e-02
INFO:bingo.evolutionary_optimizers.parallel_archipelago:Performing migration between Islands
INFO:bingo.evolutionary_optimizers.parallel_archipelago:Evolution time 0:00:25.994511	 age 80	 fitness 4.825e-02
Level 25:bingo.evolutionary_optimizers.parallel_archipelago:Saving checkpoint: src/bingo_bias_vias_decomposition/checkpoints_st_40/implicit_st_40_p2_p8_3_80.pkl
INFO:bingo.evolutionary_optimizers.parallel_archipelago:Saved successfully
Level 25:bingo.evolutionary_optimizers.evolutionary_optimizer:Generation: 80 	 Elapsed time: 0:03:28.077450 	 Best training fitness: 4.825338e-02 	 
Level 25:bingo.evolutionary_optimizers.evolutionary_optimizer:80, 2.080774e+02, 674772, 4.825338e-02, 4.819040e-02, 4.823111e-02, 4.825206e-02, 4.828735e-02, 4.841098e-02
INFO:bingo.evolutionary_optimizers.parallel_archipelago:Performing migration between Islands
INFO:bingo.evolutionary_optimizers.parallel_archipelago:Evolution time 0:00:37.424464	 age 90	 fitness 4.297e-02
Level 25:bingo.evolutionary_optimizers.parallel_archipelago:Saving checkpoint: src/bingo_bias_vias_decomposition/checkpoints_st_40/implicit_st_40_p2_p8_3_90.pkl
INFO:bingo.evolutionary_optimizers.parallel_archipelago:Saved successfully
Level 25:bingo.evolutionary_optimizers.evolutionary_optimizer:Generation: 90 	 Elapsed time: 0:04:05.743157 	 Best training fitness: 4.297394e-02 	 
Level 25:bingo.evolutionary_optimizers.evolutionary_optimizer:90, 2.457432e+02, 775015, 4.297394e-02, 4.297394e-02, 4.817344e-02, 4.818716e-02, 4.822759e-02, 4.825206e-02, 4.828735e-02, 4.841098e-02
INFO:bingo.evolutionary_optimizers.parallel_archipelago:Performing migration between Islands
INFO:bingo.evolutionary_optimizers.parallel_archipelago:Evolution time 0:00:27.203591	 age 100	 fitness 3.994e-02
Level 25:bingo.evolutionary_optimizers.parallel_archipelago:Saving checkpoint: src/bingo_bias_vias_decomposition/checkpoints_st_40/implicit_st_40_p2_p8_3_100.pkl
INFO:bingo.evolutionary_optimizers.parallel_archipelago:Saved successfully
Level 25:bingo.evolutionary_optimizers.evolutionary_optimizer:Generation: 100 	 Elapsed time: 0:04:33.223683 	 Best training fitness: 3.994256e-02 	 
Level 25:bingo.evolutionary_optimizers.evolutionary_optimizer:100, 2.732237e+02, 850129, 3.994256e-02, 3.994256e-02, 4.286105e-02, 4.546138e-02, 4.817344e-02, 4.818716e-02, 4.822759e-02, 4.825206e-02, 4.828735e-02, 4.841098e-02
INFO:bingo.evolutionary_optimizers.parallel_archipelago:Performing migration between Islands
INFO:bingo.evolutionary_optimizers.parallel_archipelago:Evolution time 0:00:42.985091	 age 110	 fitness 3.426e-02
Level 25:bingo.evolutionary_optimizers.parallel_archipelago:Saving checkpoint: src/bingo_bias_vias_decomposition/checkpoints_st_40/implicit_st_40_p2_p8_3_110.pkl
INFO:bingo.evolutionary_optimizers.parallel_archipelago:Saved successfully
Level 25:bingo.evolutionary_optimizers.evolutionary_optimizer:Generation: 110 	 Elapsed time: 0:05:16.445656 	 Best training fitness: 3.425643e-02 	 
Level 25:bingo.evolutionary_optimizers.evolutionary_optimizer:110, 3.164457e+02, 957123, 3.425643e-02, 3.425643e-02, 4.546138e-02, 4.817344e-02, 4.818716e-02, 4.822759e-02, 4.825206e-02, 4.828735e-02, 4.841098e-02
INFO:bingo.evolutionary_optimizers.parallel_archipelago:Performing migration between Islands
INFO:bingo.evolutionary_optimizers.parallel_archipelago:Evolution time 0:00:28.923190	 age 120	 fitness 3.402e-02
Level 25:bingo.evolutionary_optimizers.parallel_archipelago:Saving checkpoint: src/bingo_bias_vias_decomposition/checkpoints_st_40/implicit_st_40_p2_p8_3_120.pkl
INFO:bingo.evolutionary_optimizers.parallel_archipelago:Saved successfully
Level 25:bingo.evolutionary_optimizers.evolutionary_optimizer:Generation: 120 	 Elapsed time: 0:05:45.605342 	 Best training fitness: 3.402003e-02 	 
Level 25:bingo.evolutionary_optimizers.evolutionary_optimizer:120, 3.456053e+02, 1055061, 3.402003e-02, 3.402003e-02, 3.425643e-02, 4.546138e-02, 4.816298e-02, 4.825206e-02, 4.828735e-02, 4.841098e-02
INFO:bingo.evolutionary_optimizers.parallel_archipelago:Performing migration between Islands
INFO:bingo.evolutionary_optimizers.parallel_archipelago:Evolution time 0:00:26.537430	 age 130	 fitness 3.402e-02
Level 25:bingo.evolutionary_optimizers.parallel_archipelago:Saving checkpoint: src/bingo_bias_vias_decomposition/checkpoints_st_40/implicit_st_40_p2_p8_3_130.pkl
INFO:bingo.evolutionary_optimizers.parallel_archipelago:Saved successfully
Level 25:bingo.evolutionary_optimizers.evolutionary_optimizer:Generation: 130 	 Elapsed time: 0:06:12.387902 	 Best training fitness: 3.402003e-02 	 
Level 25:bingo.evolutionary_optimizers.evolutionary_optimizer:130, 3.723879e+02, 1124792, 3.402003e-02, 3.402003e-02, 3.425643e-02, 4.546138e-02, 4.816298e-02, 4.825206e-02, 4.828735e-02, 4.841098e-02
INFO:bingo.evolutionary_optimizers.parallel_archipelago:Performing migration between Islands
INFO:bingo.evolutionary_optimizers.parallel_archipelago:Evolution time 0:00:17.388072	 age 140	 fitness 3.398e-02
Level 25:bingo.evolutionary_optimizers.parallel_archipelago:Saving checkpoint: src/bingo_bias_vias_decomposition/checkpoints_st_40/implicit_st_40_p2_p8_3_140.pkl
INFO:bingo.evolutionary_optimizers.parallel_archipelago:Saved successfully
Level 25:bingo.evolutionary_optimizers.evolutionary_optimizer:Generation: 140 	 Elapsed time: 0:06:30.002854 	 Best training fitness: 3.398033e-02 	 
Level 25:bingo.evolutionary_optimizers.evolutionary_optimizer:140, 3.900029e+02, 1197308, 3.398033e-02, 3.398033e-02, 3.425643e-02, 4.089516e-02, 4.816298e-02, 4.825206e-02, 4.828735e-02, 4.841098e-02
INFO:bingo.evolutionary_optimizers.parallel_archipelago:Performing migration between Islands
INFO:bingo.evolutionary_optimizers.parallel_archipelago:Evolution time 0:00:34.419283	 age 150	 fitness 3.362e-02
Level 25:bingo.evolutionary_optimizers.parallel_archipelago:Saving checkpoint: src/bingo_bias_vias_decomposition/checkpoints_st_40/implicit_st_40_p2_p8_3_150.pkl
INFO:bingo.evolutionary_optimizers.parallel_archipelago:Saved successfully
Level 25:bingo.evolutionary_optimizers.evolutionary_optimizer:Generation: 150 	 Elapsed time: 0:07:04.648319 	 Best training fitness: 3.361722e-02 	 
Level 25:bingo.evolutionary_optimizers.evolutionary_optimizer:150, 4.246483e+02, 1291198, 3.361722e-02, 3.361722e-02, 3.393948e-02, 3.420018e-02, 4.089516e-02, 4.816298e-02, 4.825206e-02, 4.828735e-02, 4.841098e-02
INFO:bingo.evolutionary_optimizers.parallel_archipelago:Performing migration between Islands
INFO:bingo.evolutionary_optimizers.parallel_archipelago:Evolution time 0:00:17.987378	 age 160	 fitness 3.367e-02
Level 25:bingo.evolutionary_optimizers.parallel_archipelago:Saving checkpoint: src/bingo_bias_vias_decomposition/checkpoints_st_40/implicit_st_40_p2_p8_3_160.pkl
INFO:bingo.evolutionary_optimizers.parallel_archipelago:Saved successfully
Level 25:bingo.evolutionary_optimizers.evolutionary_optimizer:Generation: 160 	 Elapsed time: 0:07:22.888864 	 Best training fitness: 3.367092e-02 	 
Level 25:bingo.evolutionary_optimizers.evolutionary_optimizer:160, 4.428889e+02, 1358642, 3.367092e-02, 3.361722e-02, 3.382717e-02, 3.420018e-02, 3.496215e-02, 4.816298e-02, 4.825206e-02, 4.828735e-02, 4.841098e-02
INFO:bingo.evolutionary_optimizers.parallel_archipelago:Performing migration between Islands
INFO:bingo.evolutionary_optimizers.parallel_archipelago:Evolution time 0:00:40.626747	 age 170	 fitness 3.367e-02
Level 25:bingo.evolutionary_optimizers.parallel_archipelago:Saving checkpoint: src/bingo_bias_vias_decomposition/checkpoints_st_40/implicit_st_40_p2_p8_3_170.pkl
INFO:bingo.evolutionary_optimizers.parallel_archipelago:Saved successfully
Level 25:bingo.evolutionary_optimizers.evolutionary_optimizer:Generation: 170 	 Elapsed time: 0:08:03.772025 	 Best training fitness: 3.367092e-02 	 
Level 25:bingo.evolutionary_optimizers.evolutionary_optimizer:170, 4.837720e+02, 1482572, 3.367092e-02, 3.361722e-02, 3.382717e-02, 3.420018e-02, 3.496215e-02, 3.804486e-02, 4.816298e-02, 4.825206e-02, 4.828735e-02, 4.841098e-02
INFO:bingo.evolutionary_optimizers.parallel_archipelago:Performing migration between Islands
INFO:bingo.evolutionary_optimizers.parallel_archipelago:Evolution time 0:00:28.811528	 age 180	 fitness 3.167e-02
Level 25:bingo.evolutionary_optimizers.parallel_archipelago:Saving checkpoint: src/bingo_bias_vias_decomposition/checkpoints_st_40/implicit_st_40_p2_p8_3_180.pkl
INFO:bingo.evolutionary_optimizers.parallel_archipelago:Saved successfully
Level 25:bingo.evolutionary_optimizers.evolutionary_optimizer:Generation: 180 	 Elapsed time: 0:08:32.808959 	 Best training fitness: 3.167383e-02 	 
Level 25:bingo.evolutionary_optimizers.evolutionary_optimizer:180, 5.128090e+02, 1573653, 3.167383e-02, 3.167383e-02, 3.401070e-02, 3.778329e-02, 4.816298e-02, 4.825206e-02, 4.828735e-02, 4.841098e-02
INFO:bingo.evolutionary_optimizers.parallel_archipelago:Performing migration between Islands
INFO:bingo.evolutionary_optimizers.parallel_archipelago:Evolution time 0:00:38.168815	 age 190	 fitness 2.920e-02
Level 25:bingo.evolutionary_optimizers.parallel_archipelago:Saving checkpoint: src/bingo_bias_vias_decomposition/checkpoints_st_40/implicit_st_40_p2_p8_3_190.pkl
INFO:bingo.evolutionary_optimizers.parallel_archipelago:Saved successfully
Level 25:bingo.evolutionary_optimizers.evolutionary_optimizer:Generation: 190 	 Elapsed time: 0:09:11.201832 	 Best training fitness: 2.919596e-02 	 
Level 25:bingo.evolutionary_optimizers.evolutionary_optimizer:190, 5.512018e+02, 1687427, 2.919596e-02, 2.919596e-02, 3.101705e-02, 4.816298e-02, 4.825206e-02, 4.828735e-02, 4.841098e-02
INFO:bingo.evolutionary_optimizers.parallel_archipelago:Performing migration between Islands
INFO:bingo.evolutionary_optimizers.parallel_archipelago:Evolution time 0:00:25.694211	 age 200	 fitness 2.921e-02
Level 25:bingo.evolutionary_optimizers.parallel_archipelago:Saving checkpoint: src/bingo_bias_vias_decomposition/checkpoints_st_40/implicit_st_40_p2_p8_3_200.pkl
INFO:bingo.evolutionary_optimizers.parallel_archipelago:Saved successfully
Level 25:bingo.evolutionary_optimizers.evolutionary_optimizer:Generation: 200 	 Elapsed time: 0:09:37.114968 	 Best training fitness: 2.920694e-02 	 
Level 25:bingo.evolutionary_optimizers.evolutionary_optimizer:200, 5.771150e+02, 1776637, 2.920694e-02, 2.919596e-02, 3.073888e-02, 4.816298e-02, 4.825206e-02, 4.828735e-02, 4.841098e-02
INFO:bingo.evolutionary_optimizers.parallel_archipelago:Performing migration between Islands
INFO:bingo.evolutionary_optimizers.parallel_archipelago:Evolution time 0:00:28.603243	 age 210	 fitness 0.000e+00
Level 25:bingo.evolutionary_optimizers.parallel_archipelago:Saving checkpoint: src/bingo_bias_vias_decomposition/checkpoints_st_40/implicit_st_40_p2_p8_3_210.pkl
INFO:bingo.evolutionary_optimizers.parallel_archipelago:Saved successfully
Level 25:bingo.evolutionary_optimizers.evolutionary_optimizer:Generation: 210 	 Elapsed time: 0:10:05.928010 	 Best training fitness: 0.000000e+00 	 
Level 25:bingo.evolutionary_optimizers.evolutionary_optimizer:210, 6.059280e+02, 1854335, 0.000000e+00, 0.000000e+00, 4.816298e-02, 4.825206e-02, 4.828735e-02, 4.841098e-02
Level 25:bingo.evolutionary_optimizers.evolutionary_optimizer:Evolution successfully converged.
Level 25:bingo.evolutionary_optimizers.evolutionary_optimizer:  Absolte convergence occurred with best fitness < 1e-10
Level 25:bingo.evolutionary_optimizers.evolutionary_optimizer:Hall of Fame:
0.0	7	sin(log((X_0)(X_0) + (X_1)(X_1)))
0.04816297867520817	4	sin(log(0.071921 + 0.071921))
0.0482520603599101	3	sin(log(-0.141330))
0.04828734950396937	2	sin(5.064212)
0.04841098073117908	1	-0.921372
