Level 25:bingo.evolutionary_optimizers.evolutionary_optimizer:#generational_age, elapsed_time, fitness_evaluation_count, current_training_fitness, hall_of_fame_fitnesses
Level 25:bingo.evolutionary_optimizers.evolutionary_optimizer:#generational_age, elapsed_time, fitness_evaluation_count, current_training_fitness, hall_of_fame_fitnesses
Level 25:bingo.evolutionary_optimizers.evolutionary_optimizer:Generation: 0 	 Elapsed time: 0:00:04.925746 	 Best training fitness: 1.445951e-01 	 
Level 25:bingo.evolutionary_optimizers.evolutionary_optimizer:0, 4.925746e+00, 13727, 1.445951e-01
INFO:bingo.evolutionary_optimizers.parallel_archipelago:Evolution time 0:00:42.253246	 age 20	 fitness 1.444e-01
Level 25:bingo.evolutionary_optimizers.evolutionary_optimizer:Generation: 10 	 Elapsed time: 0:00:47.419501 	 Best training fitness: 1.444459e-01 	 
Level 25:bingo.evolutionary_optimizers.evolutionary_optimizer:10, 4.741950e+01, 132466, 1.444459e-01, 1.444459e-01, 1.446289e-01, 1.446808e-01, 1.451676e-01
INFO:bingo.evolutionary_optimizers.parallel_archipelago:Evolution time 0:00:25.983461	 age 30	 fitness 1.432e-01
Level 25:bingo.evolutionary_optimizers.evolutionary_optimizer:Generation: 20 	 Elapsed time: 0:01:13.661936 	 Best training fitness: 1.432440e-01 	 
Level 25:bingo.evolutionary_optimizers.evolutionary_optimizer:20, 7.366194e+01, 211243, 1.432440e-01, 1.432440e-01, 1.442941e-01, 1.444459e-01, 1.445499e-01, 1.446808e-01, 1.447351e-01, 1.449803e-01
INFO:bingo.evolutionary_optimizers.parallel_archipelago:Evolution time 0:00:40.018293	 age 40	 fitness 1.432e-01
Level 25:bingo.evolutionary_optimizers.evolutionary_optimizer:Generation: 30 	 Elapsed time: 0:01:53.972798 	 Best training fitness: 1.432440e-01 	 
Level 25:bingo.evolutionary_optimizers.evolutionary_optimizer:30, 1.139728e+02, 277077, 1.432440e-01, 1.432440e-01, 1.442882e-01, 1.442941e-01, 1.444022e-01, 1.447351e-01, 1.448697e-01
INFO:bingo.evolutionary_optimizers.parallel_archipelago:Evolution time 0:00:38.796900	 age 50	 fitness 1.426e-01
Level 25:bingo.evolutionary_optimizers.evolutionary_optimizer:Generation: 40 	 Elapsed time: 0:02:33.022471 	 Best training fitness: 1.426214e-01 	 
Level 25:bingo.evolutionary_optimizers.evolutionary_optimizer:40, 1.530225e+02, 354038, 1.426214e-01, 1.426214e-01, 1.431430e-01, 1.441170e-01, 1.442882e-01, 1.442941e-01, 1.443284e-01, 1.447351e-01, 1.448697e-01
INFO:bingo.evolutionary_optimizers.parallel_archipelago:Evolution time 0:00:28.529213	 age 60	 fitness 1.425e-01
Level 25:bingo.evolutionary_optimizers.evolutionary_optimizer:Generation: 50 	 Elapsed time: 0:03:01.804535 	 Best training fitness: 1.425049e-01 	 
Level 25:bingo.evolutionary_optimizers.evolutionary_optimizer:50, 1.818045e+02, 436329, 1.425049e-01, 1.425049e-01, 1.431430e-01, 1.431995e-01, 1.438887e-01, 1.442882e-01, 1.442941e-01, 1.443284e-01, 1.447351e-01, 1.448697e-01
INFO:bingo.evolutionary_optimizers.parallel_archipelago:Evolution time 0:00:21.066269	 age 70	 fitness 1.292e-01
Level 25:bingo.evolutionary_optimizers.evolutionary_optimizer:Generation: 60 	 Elapsed time: 0:03:23.124470 	 Best training fitness: 1.291971e-01 	 
Level 25:bingo.evolutionary_optimizers.evolutionary_optimizer:60, 2.031245e+02, 506934, 1.291971e-01, 1.291971e-01, 1.419178e-01, 1.425049e-01, 1.427695e-01, 1.431995e-01, 1.438887e-01, 1.442589e-01, 1.443284e-01, 1.447351e-01, 1.448455e-01
INFO:bingo.evolutionary_optimizers.parallel_archipelago:Evolution time 0:00:32.947060	 age 80	 fitness 1.297e-01
Level 25:bingo.evolutionary_optimizers.evolutionary_optimizer:Generation: 70 	 Elapsed time: 0:03:56.331005 	 Best training fitness: 1.296659e-01 	 
Level 25:bingo.evolutionary_optimizers.evolutionary_optimizer:70, 2.363310e+02, 595961, 1.296659e-01, 1.291971e-01, 1.409458e-01, 1.424309e-01, 1.425731e-01, 1.431995e-01, 1.434739e-01, 1.442589e-01, 1.443284e-01, 1.447351e-01, 1.447885e-01
INFO:bingo.evolutionary_optimizers.parallel_archipelago:Evolution time 0:00:33.563191	 age 90	 fitness 1.292e-01
Level 25:bingo.evolutionary_optimizers.evolutionary_optimizer:Generation: 80 	 Elapsed time: 0:04:30.152762 	 Best training fitness: 1.292443e-01 	 
Level 25:bingo.evolutionary_optimizers.evolutionary_optimizer:80, 2.701528e+02, 691476, 1.292443e-01, 1.291971e-01, 1.409458e-01, 1.424309e-01, 1.425731e-01, 1.431995e-01, 1.434739e-01, 1.436115e-01, 1.442589e-01, 1.443284e-01, 1.446444e-01
INFO:bingo.evolutionary_optimizers.parallel_archipelago:Evolution time 0:00:21.433668	 age 100	 fitness 1.281e-01
Level 25:bingo.evolutionary_optimizers.evolutionary_optimizer:Generation: 90 	 Elapsed time: 0:04:51.847568 	 Best training fitness: 1.281009e-01 	 
Level 25:bingo.evolutionary_optimizers.evolutionary_optimizer:90, 2.918476e+02, 760817, 1.281009e-01, 1.281009e-01, 1.409458e-01, 1.424309e-01, 1.425731e-01, 1.431995e-01, 1.433191e-01, 1.442589e-01, 1.443206e-01
INFO:bingo.evolutionary_optimizers.parallel_archipelago:Evolution time 0:00:22.287961	 age 110	 fitness 1.276e-01
Level 25:bingo.evolutionary_optimizers.evolutionary_optimizer:Generation: 100 	 Elapsed time: 0:05:14.420600 	 Best training fitness: 1.276076e-01 	 
Level 25:bingo.evolutionary_optimizers.evolutionary_optimizer:100, 3.144206e+02, 835323, 1.276076e-01, 1.276076e-01, 1.316543e-01, 1.431995e-01, 1.433191e-01, 1.442589e-01, 1.443206e-01
INFO:bingo.evolutionary_optimizers.parallel_archipelago:Evolution time 0:00:43.301312	 age 120	 fitness 1.276e-01
Level 25:bingo.evolutionary_optimizers.evolutionary_optimizer:Generation: 110 	 Elapsed time: 0:05:58.014801 	 Best training fitness: 1.276053e-01 	 
Level 25:bingo.evolutionary_optimizers.evolutionary_optimizer:110, 3.580148e+02, 937896, 1.276053e-01, 1.276053e-01, 1.276076e-01, 1.316543e-01, 1.431995e-01, 1.433191e-01, 1.442589e-01, 1.443206e-01
INFO:bingo.evolutionary_optimizers.parallel_archipelago:Evolution time 0:00:36.784729	 age 140	 fitness 1.064e-01
Level 25:bingo.evolutionary_optimizers.evolutionary_optimizer:Generation: 120 	 Elapsed time: 0:06:35.051365 	 Best training fitness: 1.063670e-01 	 
Level 25:bingo.evolutionary_optimizers.evolutionary_optimizer:120, 3.950514e+02, 1029008, 1.063670e-01, 1.063670e-01, 1.442589e-01, 1.443206e-01
INFO:bingo.evolutionary_optimizers.parallel_archipelago:Evolution time 0:00:30.433105	 age 150	 fitness 1.063e-01
Level 25:bingo.evolutionary_optimizers.evolutionary_optimizer:Generation: 130 	 Elapsed time: 0:07:05.725310 	 Best training fitness: 1.063020e-01 	 
Level 25:bingo.evolutionary_optimizers.evolutionary_optimizer:130, 4.257253e+02, 1094546, 1.063020e-01, 1.063020e-01, 1.442589e-01, 1.443206e-01
INFO:bingo.evolutionary_optimizers.parallel_archipelago:Evolution time 0:00:28.930492	 age 170	 fitness 1.062e-01
Level 25:bingo.evolutionary_optimizers.evolutionary_optimizer:Generation: 140 	 Elapsed time: 0:07:34.897726 	 Best training fitness: 1.061759e-01 	 
Level 25:bingo.evolutionary_optimizers.evolutionary_optimizer:140, 4.548977e+02, 1177713, 1.061759e-01, 1.061759e-01, 1.061923e-01, 1.442589e-01, 1.443206e-01
INFO:bingo.evolutionary_optimizers.parallel_archipelago:Evolution time 0:00:24.519096	 age 180	 fitness 1.062e-01
Level 25:bingo.evolutionary_optimizers.evolutionary_optimizer:Generation: 150 	 Elapsed time: 0:07:59.638265 	 Best training fitness: 1.061588e-01 	 
Level 25:bingo.evolutionary_optimizers.evolutionary_optimizer:150, 4.796383e+02, 1238582, 1.061588e-01, 1.061588e-01, 1.442589e-01, 1.443206e-01
INFO:bingo.evolutionary_optimizers.parallel_archipelago:Evolution time 0:00:28.071848	 age 190	 fitness 9.077e-02
Level 25:bingo.evolutionary_optimizers.evolutionary_optimizer:Generation: 160 	 Elapsed time: 0:08:27.961617 	 Best training fitness: 9.076611e-02 	 
Level 25:bingo.evolutionary_optimizers.evolutionary_optimizer:160, 5.079616e+02, 1310111, 9.076611e-02, 9.076611e-02, 1.039270e-01, 1.043929e-01, 1.061387e-01, 1.442589e-01, 1.443206e-01
INFO:bingo.evolutionary_optimizers.parallel_archipelago:Evolution time 0:00:37.698227	 age 200	 fitness 9.077e-02
Level 25:bingo.evolutionary_optimizers.evolutionary_optimizer:Generation: 170 	 Elapsed time: 0:09:05.893693 	 Best training fitness: 9.076611e-02 	 
Level 25:bingo.evolutionary_optimizers.evolutionary_optimizer:170, 5.458937e+02, 1381966, 9.076611e-02, 9.076611e-02, 9.803672e-02, 1.061387e-01, 1.442589e-01, 1.443206e-01
INFO:bingo.evolutionary_optimizers.parallel_archipelago:Evolution time 0:00:28.865222	 age 220	 fitness 7.733e-02
Level 25:bingo.evolutionary_optimizers.evolutionary_optimizer:Generation: 180 	 Elapsed time: 0:09:34.989627 	 Best training fitness: 7.732695e-02 	 
Level 25:bingo.evolutionary_optimizers.evolutionary_optimizer:180, 5.749896e+02, 1452745, 7.732695e-02, 7.732695e-02, 8.607113e-02, 9.803672e-02, 1.061387e-01, 1.442589e-01, 1.443206e-01
INFO:bingo.evolutionary_optimizers.parallel_archipelago:Evolution time 0:00:39.401874	 age 230	 fitness 7.742e-02
Level 25:bingo.evolutionary_optimizers.evolutionary_optimizer:Generation: 190 	 Elapsed time: 0:10:14.627935 	 Best training fitness: 7.742450e-02 	 
Level 25:bingo.evolutionary_optimizers.evolutionary_optimizer:190, 6.146279e+02, 1523257, 7.742450e-02, 7.732695e-02, 8.539733e-02, 8.577203e-02, 8.606163e-02, 9.803672e-02, 1.061387e-01, 1.442589e-01, 1.443137e-01
INFO:bingo.evolutionary_optimizers.parallel_archipelago:Evolution time 0:00:22.727799	 age 240	 fitness 7.711e-02
Level 25:bingo.evolutionary_optimizers.evolutionary_optimizer:Generation: 200 	 Elapsed time: 0:10:37.592338 	 Best training fitness: 7.711410e-02 	 
Level 25:bingo.evolutionary_optimizers.evolutionary_optimizer:200, 6.375923e+02, 1595943, 7.711410e-02, 7.711410e-02, 7.734680e-02, 1.061387e-01, 1.442589e-01, 1.443137e-01
INFO:bingo.evolutionary_optimizers.parallel_archipelago:Evolution time 0:00:34.301585	 age 260	 fitness 7.082e-02
Level 25:bingo.evolutionary_optimizers.evolutionary_optimizer:Generation: 210 	 Elapsed time: 0:11:12.127373 	 Best training fitness: 7.081931e-02 	 
Level 25:bingo.evolutionary_optimizers.evolutionary_optimizer:210, 6.721274e+02, 1677466, 7.081931e-02, 7.081931e-02, 7.728922e-02, 1.061387e-01, 1.442589e-01, 1.443137e-01
INFO:bingo.evolutionary_optimizers.parallel_archipelago:Evolution time 0:00:45.281225	 age 270	 fitness 7.072e-02
Level 25:bingo.evolutionary_optimizers.evolutionary_optimizer:Generation: 220 	 Elapsed time: 0:11:57.639770 	 Best training fitness: 7.071766e-02 	 
Level 25:bingo.evolutionary_optimizers.evolutionary_optimizer:220, 7.176398e+02, 1761644, 7.071766e-02, 7.071766e-02, 7.728922e-02, 1.061387e-01, 1.442589e-01, 1.443137e-01
INFO:bingo.evolutionary_optimizers.parallel_archipelago:Evolution time 0:00:39.913203	 age 280	 fitness 7.067e-02
Level 25:bingo.evolutionary_optimizers.evolutionary_optimizer:Generation: 230 	 Elapsed time: 0:12:37.777357 	 Best training fitness: 7.067195e-02 	 
Level 25:bingo.evolutionary_optimizers.evolutionary_optimizer:230, 7.577774e+02, 1866604, 7.067195e-02, 7.067195e-02, 7.728922e-02, 1.061387e-01, 1.442589e-01, 1.443137e-01
INFO:bingo.evolutionary_optimizers.parallel_archipelago:Evolution time 0:00:31.286769	 age 290	 fitness 7.066e-02
Level 25:bingo.evolutionary_optimizers.evolutionary_optimizer:Generation: 240 	 Elapsed time: 0:13:09.288848 	 Best training fitness: 7.065993e-02 	 
Level 25:bingo.evolutionary_optimizers.evolutionary_optimizer:240, 7.892888e+02, 1965442, 7.065993e-02, 7.065993e-02, 7.728922e-02, 1.061387e-01, 1.442589e-01, 1.443137e-01
INFO:bingo.evolutionary_optimizers.parallel_archipelago:Evolution time 0:00:31.678807	 age 300	 fitness 4.951e-03
Level 25:bingo.evolutionary_optimizers.evolutionary_optimizer:Generation: 250 	 Elapsed time: 0:13:41.189690 	 Best training fitness: 4.951169e-03 	 
Level 25:bingo.evolutionary_optimizers.evolutionary_optimizer:250, 8.211897e+02, 2065656, 4.951169e-03, 4.951169e-03, 1.061387e-01, 1.442589e-01, 1.443137e-01
INFO:bingo.evolutionary_optimizers.parallel_archipelago:Evolution time 0:00:35.342612	 age 310	 fitness 4.950e-03
Level 25:bingo.evolutionary_optimizers.evolutionary_optimizer:Generation: 260 	 Elapsed time: 0:14:16.754601 	 Best training fitness: 4.949994e-03 	 
Level 25:bingo.evolutionary_optimizers.evolutionary_optimizer:260, 8.567546e+02, 2145520, 4.949994e-03, 4.949994e-03, 1.016157e-01, 1.061387e-01, 1.442589e-01, 1.443137e-01
INFO:bingo.evolutionary_optimizers.parallel_archipelago:Evolution time 0:00:38.935567	 age 320	 fitness 0.000e+00
Level 25:bingo.evolutionary_optimizers.evolutionary_optimizer:Generation: 270 	 Elapsed time: 0:14:55.912615 	 Best training fitness: 0.000000e+00 	 
Level 25:bingo.evolutionary_optimizers.evolutionary_optimizer:270, 8.959126e+02, 2231551, 0.000000e+00, 0.000000e+00, 1.442589e-01, 1.442938e-01
Level 25:bingo.evolutionary_optimizers.evolutionary_optimizer:Evolution successfully converged.
Level 25:bingo.evolutionary_optimizers.evolutionary_optimizer:  Absolte convergence occurred with best fitness < 1e-10
Level 25:bingo.evolutionary_optimizers.evolutionary_optimizer:Hall of Fame:
0.0	8	sin(log((X_1)(X_1) + (X_0)(X_0)))
0.1442588507311682	6	sin(log(sin(0.045686 + 0.099277)))
0.1442937746502671	1	-0.933627
