Level 25:bingo.evolutionary_optimizers.evolutionary_optimizer:#generational_age, elapsed_time, fitness_evaluation_count, current_training_fitness, hall_of_fame_fitnesses
Level 25:bingo.evolutionary_optimizers.evolutionary_optimizer:#generational_age, elapsed_time, fitness_evaluation_count, current_training_fitness, hall_of_fame_fitnesses
Level 25:bingo.evolutionary_optimizers.evolutionary_optimizer:Generation: 0 	 Elapsed time: 0:00:04.019568 	 Best training fitness: 4.857972e-02 	 
Level 25:bingo.evolutionary_optimizers.evolutionary_optimizer:0, 4.019568e+00, 14140, 4.857972e-02
INFO:bingo.evolutionary_optimizers.parallel_archipelago:Evolution time 0:00:29.411774	 age 20	 fitness 4.835e-02
Level 25:bingo.evolutionary_optimizers.evolutionary_optimizer:Generation: 10 	 Elapsed time: 0:00:33.668042 	 Best training fitness: 4.834873e-02 	 
Level 25:bingo.evolutionary_optimizers.evolutionary_optimizer:10, 3.366804e+01, 115814, 4.834873e-02, 4.834873e-02, 4.846996e-02
INFO:bingo.evolutionary_optimizers.parallel_archipelago:Evolution time 0:00:26.055675	 age 50	 fitness 4.825e-02
Level 25:bingo.evolutionary_optimizers.evolutionary_optimizer:Generation: 20 	 Elapsed time: 0:00:59.923956 	 Best training fitness: 4.824807e-02 	 
Level 25:bingo.evolutionary_optimizers.evolutionary_optimizer:20, 5.992396e+01, 212780, 4.824807e-02, 4.824807e-02, 4.831943e-02, 4.834873e-02, 4.846996e-02
INFO:bingo.evolutionary_optimizers.parallel_archipelago:Evolution time 0:00:17.212833	 age 60	 fitness 4.823e-02
Level 25:bingo.evolutionary_optimizers.evolutionary_optimizer:Generation: 30 	 Elapsed time: 0:01:17.384314 	 Best training fitness: 4.823111e-02 	 
Level 25:bingo.evolutionary_optimizers.evolutionary_optimizer:30, 7.738431e+01, 279832, 4.823111e-02, 4.823111e-02, 4.831943e-02, 4.834873e-02, 4.841704e-02, 4.846996e-02
INFO:bingo.evolutionary_optimizers.parallel_archipelago:Evolution time 0:00:33.633240	 age 70	 fitness 4.819e-02
Level 25:bingo.evolutionary_optimizers.evolutionary_optimizer:Generation: 40 	 Elapsed time: 0:01:51.229952 	 Best training fitness: 4.819040e-02 	 
Level 25:bingo.evolutionary_optimizers.evolutionary_optimizer:40, 1.112300e+02, 369847, 4.819040e-02, 4.819040e-02, 4.823111e-02, 4.826473e-02, 4.834873e-02, 4.841704e-02, 4.846996e-02
INFO:bingo.evolutionary_optimizers.parallel_archipelago:Evolution time 0:00:19.281198	 age 90	 fitness 4.822e-02
Level 25:bingo.evolutionary_optimizers.evolutionary_optimizer:Generation: 50 	 Elapsed time: 0:02:10.732364 	 Best training fitness: 4.822397e-02 	 
Level 25:bingo.evolutionary_optimizers.evolutionary_optimizer:50, 1.307324e+02, 454674, 4.822397e-02, 4.819040e-02, 4.823111e-02, 4.825206e-02, 4.846996e-02
INFO:bingo.evolutionary_optimizers.parallel_archipelago:Evolution time 0:00:18.102314	 age 110	 fitness 4.825e-02
Level 25:bingo.evolutionary_optimizers.evolutionary_optimizer:Generation: 60 	 Elapsed time: 0:02:29.056579 	 Best training fitness: 4.825206e-02 	 
Level 25:bingo.evolutionary_optimizers.evolutionary_optimizer:60, 1.490566e+02, 513161, 4.825206e-02, 4.819040e-02, 4.823111e-02, 4.825206e-02, 4.828735e-02, 4.841098e-02
INFO:bingo.evolutionary_optimizers.parallel_archipelago:Evolution time 0:00:32.358363	 age 120	 fitness 4.823e-02
Level 25:bingo.evolutionary_optimizers.evolutionary_optimizer:Generation: 70 	 Elapsed time: 0:03:01.642439 	 Best training fitness: 4.823015e-02 	 
Level 25:bingo.evolutionary_optimizers.evolutionary_optimizer:70, 1.816424e+02, 583242, 4.823015e-02, 4.819040e-02, 4.823111e-02, 4.825206e-02, 4.828735e-02, 4.841098e-02
INFO:bingo.evolutionary_optimizers.parallel_archipelago:Evolution time 0:00:25.994549	 age 140	 fitness 4.825e-02
Level 25:bingo.evolutionary_optimizers.evolutionary_optimizer:Generation: 80 	 Elapsed time: 0:03:27.878091 	 Best training fitness: 4.825338e-02 	 
Level 25:bingo.evolutionary_optimizers.evolutionary_optimizer:80, 2.078781e+02, 674772, 4.825338e-02, 4.819040e-02, 4.823111e-02, 4.825206e-02, 4.828735e-02, 4.841098e-02
INFO:bingo.evolutionary_optimizers.parallel_archipelago:Evolution time 0:00:37.424590	 age 160	 fitness 4.297e-02
Level 25:bingo.evolutionary_optimizers.evolutionary_optimizer:Generation: 90 	 Elapsed time: 0:04:05.543403 	 Best training fitness: 4.297394e-02 	 
Level 25:bingo.evolutionary_optimizers.evolutionary_optimizer:90, 2.455434e+02, 775015, 4.297394e-02, 4.297394e-02, 4.817344e-02, 4.818716e-02, 4.822759e-02, 4.825206e-02, 4.828735e-02, 4.841098e-02
INFO:bingo.evolutionary_optimizers.parallel_archipelago:Evolution time 0:00:27.203678	 age 170	 fitness 3.994e-02
Level 25:bingo.evolutionary_optimizers.evolutionary_optimizer:Generation: 100 	 Elapsed time: 0:04:32.989460 	 Best training fitness: 3.994256e-02 	 
Level 25:bingo.evolutionary_optimizers.evolutionary_optimizer:100, 2.729895e+02, 850129, 3.994256e-02, 3.994256e-02, 4.286105e-02, 4.546138e-02, 4.817344e-02, 4.818716e-02, 4.822759e-02, 4.825206e-02, 4.828735e-02, 4.841098e-02
INFO:bingo.evolutionary_optimizers.parallel_archipelago:Evolution time 0:00:42.985125	 age 190	 fitness 3.426e-02
Level 25:bingo.evolutionary_optimizers.evolutionary_optimizer:Generation: 110 	 Elapsed time: 0:05:16.249790 	 Best training fitness: 3.425643e-02 	 
Level 25:bingo.evolutionary_optimizers.evolutionary_optimizer:110, 3.162498e+02, 957123, 3.425643e-02, 3.425643e-02, 4.546138e-02, 4.817344e-02, 4.818716e-02, 4.822759e-02, 4.825206e-02, 4.828735e-02, 4.841098e-02
INFO:bingo.evolutionary_optimizers.parallel_archipelago:Evolution time 0:00:28.922918	 age 210	 fitness 3.402e-02
Level 25:bingo.evolutionary_optimizers.evolutionary_optimizer:Generation: 120 	 Elapsed time: 0:05:45.409791 	 Best training fitness: 3.402003e-02 	 
Level 25:bingo.evolutionary_optimizers.evolutionary_optimizer:120, 3.454098e+02, 1055061, 3.402003e-02, 3.402003e-02, 3.425643e-02, 4.546138e-02, 4.816298e-02, 4.825206e-02, 4.828735e-02, 4.841098e-02
INFO:bingo.evolutionary_optimizers.parallel_archipelago:Evolution time 0:00:26.537494	 age 220	 fitness 3.402e-02
Level 25:bingo.evolutionary_optimizers.evolutionary_optimizer:Generation: 130 	 Elapsed time: 0:06:12.183510 	 Best training fitness: 3.402003e-02 	 
Level 25:bingo.evolutionary_optimizers.evolutionary_optimizer:130, 3.721835e+02, 1124792, 3.402003e-02, 3.402003e-02, 3.425643e-02, 4.546138e-02, 4.816298e-02, 4.825206e-02, 4.828735e-02, 4.841098e-02
INFO:bingo.evolutionary_optimizers.parallel_archipelago:Evolution time 0:00:17.388014	 age 240	 fitness 3.398e-02
Level 25:bingo.evolutionary_optimizers.evolutionary_optimizer:Generation: 140 	 Elapsed time: 0:06:29.815334 	 Best training fitness: 3.398033e-02 	 
Level 25:bingo.evolutionary_optimizers.evolutionary_optimizer:140, 3.898153e+02, 1197308, 3.398033e-02, 3.398033e-02, 3.425643e-02, 4.089516e-02, 4.816298e-02, 4.825206e-02, 4.828735e-02, 4.841098e-02
INFO:bingo.evolutionary_optimizers.parallel_archipelago:Evolution time 0:00:34.419263	 age 260	 fitness 3.362e-02
Level 25:bingo.evolutionary_optimizers.evolutionary_optimizer:Generation: 150 	 Elapsed time: 0:07:04.461564 	 Best training fitness: 3.361722e-02 	 
Level 25:bingo.evolutionary_optimizers.evolutionary_optimizer:150, 4.244616e+02, 1291198, 3.361722e-02, 3.361722e-02, 3.393948e-02, 3.420018e-02, 4.089516e-02, 4.816298e-02, 4.825206e-02, 4.828735e-02, 4.841098e-02
INFO:bingo.evolutionary_optimizers.parallel_archipelago:Evolution time 0:00:17.987482	 age 270	 fitness 3.367e-02
Level 25:bingo.evolutionary_optimizers.evolutionary_optimizer:Generation: 160 	 Elapsed time: 0:07:22.701371 	 Best training fitness: 3.367092e-02 	 
Level 25:bingo.evolutionary_optimizers.evolutionary_optimizer:160, 4.427014e+02, 1358642, 3.367092e-02, 3.361722e-02, 3.382717e-02, 3.420018e-02, 3.496215e-02, 4.816298e-02, 4.825206e-02, 4.828735e-02, 4.841098e-02
INFO:bingo.evolutionary_optimizers.parallel_archipelago:Evolution time 0:00:40.626734	 age 290	 fitness 3.367e-02
Level 25:bingo.evolutionary_optimizers.evolutionary_optimizer:Generation: 170 	 Elapsed time: 0:08:03.555196 	 Best training fitness: 3.367092e-02 	 
Level 25:bingo.evolutionary_optimizers.evolutionary_optimizer:170, 4.835552e+02, 1482572, 3.367092e-02, 3.361722e-02, 3.382717e-02, 3.420018e-02, 3.496215e-02, 3.804486e-02, 4.816298e-02, 4.825206e-02, 4.828735e-02, 4.841098e-02
INFO:bingo.evolutionary_optimizers.parallel_archipelago:Evolution time 0:00:28.811508	 age 300	 fitness 3.167e-02
Level 25:bingo.evolutionary_optimizers.evolutionary_optimizer:Generation: 180 	 Elapsed time: 0:08:32.622965 	 Best training fitness: 3.167383e-02 	 
Level 25:bingo.evolutionary_optimizers.evolutionary_optimizer:180, 5.126230e+02, 1573653, 3.167383e-02, 3.167383e-02, 3.401070e-02, 3.778329e-02, 4.816298e-02, 4.825206e-02, 4.828735e-02, 4.841098e-02
INFO:bingo.evolutionary_optimizers.parallel_archipelago:Evolution time 0:00:38.168898	 age 320	 fitness 2.920e-02
Level 25:bingo.evolutionary_optimizers.evolutionary_optimizer:Generation: 190 	 Elapsed time: 0:09:11.016862 	 Best training fitness: 2.919596e-02 	 
Level 25:bingo.evolutionary_optimizers.evolutionary_optimizer:190, 5.510169e+02, 1687427, 2.919596e-02, 2.919596e-02, 3.101705e-02, 4.816298e-02, 4.825206e-02, 4.828735e-02, 4.841098e-02
INFO:bingo.evolutionary_optimizers.parallel_archipelago:Evolution time 0:00:25.694163	 age 340	 fitness 2.921e-02
Level 25:bingo.evolutionary_optimizers.evolutionary_optimizer:Generation: 200 	 Elapsed time: 0:09:36.934413 	 Best training fitness: 2.920694e-02 	 
Level 25:bingo.evolutionary_optimizers.evolutionary_optimizer:200, 5.769344e+02, 1776637, 2.920694e-02, 2.919596e-02, 3.073888e-02, 4.816298e-02, 4.825206e-02, 4.828735e-02, 4.841098e-02
INFO:bingo.evolutionary_optimizers.parallel_archipelago:Evolution time 0:00:28.603294	 age 370	 fitness 0.000e+00
Level 25:bingo.evolutionary_optimizers.evolutionary_optimizer:Generation: 210 	 Elapsed time: 0:10:05.755225 	 Best training fitness: 0.000000e+00 	 
Level 25:bingo.evolutionary_optimizers.evolutionary_optimizer:210, 6.057552e+02, 1854335, 0.000000e+00, 0.000000e+00, 4.816298e-02, 4.825206e-02, 4.828735e-02, 4.841098e-02
Level 25:bingo.evolutionary_optimizers.evolutionary_optimizer:Evolution successfully converged.
Level 25:bingo.evolutionary_optimizers.evolutionary_optimizer:  Absolte convergence occurred with best fitness < 1e-10
Level 25:bingo.evolutionary_optimizers.evolutionary_optimizer:Hall of Fame:
0.0	7	sin(log((X_0)(X_0) + (X_1)(X_1)))
0.04816297867520817	4	sin(log(0.071921 + 0.071921))
0.0482520603599101	3	sin(log(-0.141330))
0.04828734950396937	2	sin(5.064212)
0.04841098073117908	1	-0.921372
