Level 25:bingo.evolutionary_optimizers.evolutionary_optimizer:#generational_age, elapsed_time, fitness_evaluation_count, current_training_fitness, hall_of_fame_fitnesses
Level 25:bingo.evolutionary_optimizers.evolutionary_optimizer:#generational_age, elapsed_time, fitness_evaluation_count, current_training_fitness, hall_of_fame_fitnesses
Level 25:bingo.evolutionary_optimizers.parallel_archipelago:Saving checkpoint: src/bingo_bias_vias_decomposition/checkpoints_st_40/implicit_st_40_p3_p7_1_0.pkl
INFO:bingo.evolutionary_optimizers.parallel_archipelago:Saved successfully
Level 25:bingo.evolutionary_optimizers.evolutionary_optimizer:Generation: 0 	 Elapsed time: 0:00:03.420486 	 Best training fitness: 7.296188e-02 	 
Level 25:bingo.evolutionary_optimizers.evolutionary_optimizer:0, 3.420486e+00, 15076, 7.296188e-02
INFO:bingo.evolutionary_optimizers.parallel_archipelago:Performing migration between Islands
INFO:bingo.evolutionary_optimizers.parallel_archipelago:Evolution time 0:00:34.555889	 age 20	 fitness 7.242e-02
Level 25:bingo.evolutionary_optimizers.parallel_archipelago:Saving checkpoint: src/bingo_bias_vias_decomposition/checkpoints_st_40/implicit_st_40_p3_p7_1_10.pkl
INFO:bingo.evolutionary_optimizers.parallel_archipelago:Saved successfully
Level 25:bingo.evolutionary_optimizers.evolutionary_optimizer:Generation: 10 	 Elapsed time: 0:00:38.209206 	 Best training fitness: 7.242360e-02 	 
Level 25:bingo.evolutionary_optimizers.evolutionary_optimizer:10, 3.820921e+01, 142596, 7.242360e-02, 7.242360e-02, 7.243339e-02, 7.244713e-02, 7.259052e-02
INFO:bingo.evolutionary_optimizers.parallel_archipelago:Performing migration between Islands
INFO:bingo.evolutionary_optimizers.parallel_archipelago:Evolution time 0:00:29.136284	 age 30	 fitness 6.065e-02
Level 25:bingo.evolutionary_optimizers.parallel_archipelago:Saving checkpoint: src/bingo_bias_vias_decomposition/checkpoints_st_40/implicit_st_40_p3_p7_1_20.pkl
INFO:bingo.evolutionary_optimizers.parallel_archipelago:Saved successfully
Level 25:bingo.evolutionary_optimizers.evolutionary_optimizer:Generation: 20 	 Elapsed time: 0:01:07.619113 	 Best training fitness: 6.064552e-02 	 
Level 25:bingo.evolutionary_optimizers.evolutionary_optimizer:20, 6.761911e+01, 228245, 6.064552e-02, 6.064552e-02, 7.237379e-02, 7.242360e-02, 7.243339e-02, 7.244713e-02, 7.245436e-02, 7.259052e-02
INFO:bingo.evolutionary_optimizers.parallel_archipelago:Performing migration between Islands
INFO:bingo.evolutionary_optimizers.parallel_archipelago:Evolution time 0:00:21.051861	 age 40	 fitness 6.049e-02
Level 25:bingo.evolutionary_optimizers.parallel_archipelago:Saving checkpoint: src/bingo_bias_vias_decomposition/checkpoints_st_40/implicit_st_40_p3_p7_1_30.pkl
INFO:bingo.evolutionary_optimizers.parallel_archipelago:Saved successfully
Level 25:bingo.evolutionary_optimizers.evolutionary_optimizer:Generation: 30 	 Elapsed time: 0:01:28.908605 	 Best training fitness: 6.048825e-02 	 
Level 25:bingo.evolutionary_optimizers.evolutionary_optimizer:30, 8.890860e+01, 317170, 6.048825e-02, 6.048825e-02, 7.237379e-02, 7.239747e-02, 7.244459e-02, 7.259052e-02
INFO:bingo.evolutionary_optimizers.parallel_archipelago:Performing migration between Islands
INFO:bingo.evolutionary_optimizers.parallel_archipelago:Evolution time 0:00:40.295262	 age 50	 fitness 5.877e-02
Level 25:bingo.evolutionary_optimizers.parallel_archipelago:Saving checkpoint: src/bingo_bias_vias_decomposition/checkpoints_st_40/implicit_st_40_p3_p7_1_40.pkl
INFO:bingo.evolutionary_optimizers.parallel_archipelago:Saved successfully
Level 25:bingo.evolutionary_optimizers.evolutionary_optimizer:Generation: 40 	 Elapsed time: 0:02:09.442380 	 Best training fitness: 5.876551e-02 	 
Level 25:bingo.evolutionary_optimizers.evolutionary_optimizer:40, 1.294424e+02, 406054, 5.876551e-02, 5.876551e-02, 6.034087e-02, 7.226617e-02, 7.238273e-02, 7.244459e-02, 7.259052e-02
INFO:bingo.evolutionary_optimizers.parallel_archipelago:Performing migration between Islands
INFO:bingo.evolutionary_optimizers.parallel_archipelago:Evolution time 0:00:25.400558	 age 60	 fitness 4.843e-02
Level 25:bingo.evolutionary_optimizers.parallel_archipelago:Saving checkpoint: src/bingo_bias_vias_decomposition/checkpoints_st_40/implicit_st_40_p3_p7_1_50.pkl
INFO:bingo.evolutionary_optimizers.parallel_archipelago:Saved successfully
Level 25:bingo.evolutionary_optimizers.evolutionary_optimizer:Generation: 50 	 Elapsed time: 0:02:35.075852 	 Best training fitness: 4.843248e-02 	 
Level 25:bingo.evolutionary_optimizers.evolutionary_optimizer:50, 1.550759e+02, 484600, 4.843248e-02, 4.843248e-02, 7.226617e-02, 7.227838e-02, 7.238273e-02, 7.244459e-02, 7.259052e-02
INFO:bingo.evolutionary_optimizers.parallel_archipelago:Performing migration between Islands
INFO:bingo.evolutionary_optimizers.parallel_archipelago:Evolution time 0:00:30.217122	 age 70	 fitness 4.834e-02
Level 25:bingo.evolutionary_optimizers.parallel_archipelago:Saving checkpoint: src/bingo_bias_vias_decomposition/checkpoints_st_40/implicit_st_40_p3_p7_1_60.pkl
INFO:bingo.evolutionary_optimizers.parallel_archipelago:Saved successfully
Level 25:bingo.evolutionary_optimizers.evolutionary_optimizer:Generation: 60 	 Elapsed time: 0:03:05.531286 	 Best training fitness: 4.834385e-02 	 
Level 25:bingo.evolutionary_optimizers.evolutionary_optimizer:60, 1.855313e+02, 562788, 4.834385e-02, 4.834385e-02, 4.843248e-02, 7.226617e-02, 7.227838e-02, 7.234030e-02, 7.244459e-02, 7.259052e-02
INFO:bingo.evolutionary_optimizers.parallel_archipelago:Performing migration between Islands
INFO:bingo.evolutionary_optimizers.parallel_archipelago:Evolution time 0:00:22.324690	 age 80	 fitness 4.602e-02
Level 25:bingo.evolutionary_optimizers.parallel_archipelago:Saving checkpoint: src/bingo_bias_vias_decomposition/checkpoints_st_40/implicit_st_40_p3_p7_1_70.pkl
INFO:bingo.evolutionary_optimizers.parallel_archipelago:Saved successfully
Level 25:bingo.evolutionary_optimizers.evolutionary_optimizer:Generation: 70 	 Elapsed time: 0:03:28.096496 	 Best training fitness: 4.602080e-02 	 
Level 25:bingo.evolutionary_optimizers.evolutionary_optimizer:70, 2.080965e+02, 644752, 4.602080e-02, 4.602080e-02, 4.841636e-02, 5.888585e-02, 7.226132e-02, 7.226617e-02, 7.227838e-02, 7.234030e-02, 7.244459e-02, 7.259052e-02
INFO:bingo.evolutionary_optimizers.parallel_archipelago:Performing migration between Islands
INFO:bingo.evolutionary_optimizers.parallel_archipelago:Evolution time 0:00:30.645328	 age 90	 fitness 4.596e-02
Level 25:bingo.evolutionary_optimizers.parallel_archipelago:Saving checkpoint: src/bingo_bias_vias_decomposition/checkpoints_st_40/implicit_st_40_p3_p7_1_80.pkl
INFO:bingo.evolutionary_optimizers.parallel_archipelago:Saved successfully
Level 25:bingo.evolutionary_optimizers.evolutionary_optimizer:Generation: 80 	 Elapsed time: 0:03:58.972003 	 Best training fitness: 4.596058e-02 	 
Level 25:bingo.evolutionary_optimizers.evolutionary_optimizer:80, 2.389720e+02, 744201, 4.596058e-02, 4.596058e-02, 4.830027e-02, 5.852103e-02, 7.226132e-02, 7.226617e-02, 7.227077e-02, 7.259052e-02
INFO:bingo.evolutionary_optimizers.parallel_archipelago:Performing migration between Islands
INFO:bingo.evolutionary_optimizers.parallel_archipelago:Evolution time 0:00:31.459997	 age 100	 fitness 3.263e-02
Level 25:bingo.evolutionary_optimizers.parallel_archipelago:Saving checkpoint: src/bingo_bias_vias_decomposition/checkpoints_st_40/implicit_st_40_p3_p7_1_90.pkl
INFO:bingo.evolutionary_optimizers.parallel_archipelago:Saved successfully
Level 25:bingo.evolutionary_optimizers.evolutionary_optimizer:Generation: 90 	 Elapsed time: 0:04:30.686341 	 Best training fitness: 3.263352e-02 	 
Level 25:bingo.evolutionary_optimizers.evolutionary_optimizer:90, 2.706863e+02, 848197, 3.263352e-02, 3.263352e-02, 4.118979e-02, 5.852103e-02, 7.226132e-02, 7.226617e-02, 7.227077e-02, 7.259052e-02
INFO:bingo.evolutionary_optimizers.parallel_archipelago:Performing migration between Islands
INFO:bingo.evolutionary_optimizers.parallel_archipelago:Evolution time 0:00:30.127816	 age 110	 fitness 3.268e-02
Level 25:bingo.evolutionary_optimizers.parallel_archipelago:Saving checkpoint: src/bingo_bias_vias_decomposition/checkpoints_st_40/implicit_st_40_p3_p7_1_100.pkl
INFO:bingo.evolutionary_optimizers.parallel_archipelago:Saved successfully
Level 25:bingo.evolutionary_optimizers.evolutionary_optimizer:Generation: 100 	 Elapsed time: 0:05:01.038593 	 Best training fitness: 3.268033e-02 	 
Level 25:bingo.evolutionary_optimizers.evolutionary_optimizer:100, 3.010386e+02, 945199, 3.268033e-02, 3.263352e-02, 4.118979e-02, 5.852103e-02, 7.226132e-02, 7.226617e-02, 7.227077e-02, 7.259052e-02
INFO:bingo.evolutionary_optimizers.parallel_archipelago:Performing migration between Islands
INFO:bingo.evolutionary_optimizers.parallel_archipelago:Evolution time 0:00:31.784255	 age 120	 fitness 2.720e-02
Level 25:bingo.evolutionary_optimizers.parallel_archipelago:Saving checkpoint: src/bingo_bias_vias_decomposition/checkpoints_st_40/implicit_st_40_p3_p7_1_110.pkl
INFO:bingo.evolutionary_optimizers.parallel_archipelago:Saved successfully
Level 25:bingo.evolutionary_optimizers.evolutionary_optimizer:Generation: 110 	 Elapsed time: 0:05:33.050348 	 Best training fitness: 2.719651e-02 	 
Level 25:bingo.evolutionary_optimizers.evolutionary_optimizer:110, 3.330503e+02, 1023809, 2.719651e-02, 2.719651e-02, 3.132579e-02, 3.263352e-02, 4.111970e-02, 5.852103e-02, 7.226132e-02, 7.226617e-02, 7.227077e-02, 7.259052e-02
INFO:bingo.evolutionary_optimizers.parallel_archipelago:Performing migration between Islands
INFO:bingo.evolutionary_optimizers.parallel_archipelago:Evolution time 0:00:27.015794	 age 130	 fitness 2.707e-02
Level 25:bingo.evolutionary_optimizers.parallel_archipelago:Saving checkpoint: src/bingo_bias_vias_decomposition/checkpoints_st_40/implicit_st_40_p3_p7_1_120.pkl
INFO:bingo.evolutionary_optimizers.parallel_archipelago:Saved successfully
Level 25:bingo.evolutionary_optimizers.evolutionary_optimizer:Generation: 120 	 Elapsed time: 0:06:00.297268 	 Best training fitness: 2.706710e-02 	 
Level 25:bingo.evolutionary_optimizers.evolutionary_optimizer:120, 3.602973e+02, 1143728, 2.706710e-02, 2.706710e-02, 3.112690e-02, 3.263352e-02, 4.111970e-02, 5.852103e-02, 7.226132e-02, 7.226617e-02, 7.227077e-02, 7.259052e-02
INFO:bingo.evolutionary_optimizers.parallel_archipelago:Performing migration between Islands
INFO:bingo.evolutionary_optimizers.parallel_archipelago:Evolution time 0:00:45.881634	 age 140	 fitness 2.708e-02
Level 25:bingo.evolutionary_optimizers.parallel_archipelago:Saving checkpoint: src/bingo_bias_vias_decomposition/checkpoints_st_40/implicit_st_40_p3_p7_1_130.pkl
INFO:bingo.evolutionary_optimizers.parallel_archipelago:Saved successfully
Level 25:bingo.evolutionary_optimizers.evolutionary_optimizer:Generation: 130 	 Elapsed time: 0:06:46.407236 	 Best training fitness: 2.707588e-02 	 
Level 25:bingo.evolutionary_optimizers.evolutionary_optimizer:130, 4.064072e+02, 1288376, 2.707588e-02, 2.706710e-02, 2.713147e-02, 3.194994e-02, 4.111970e-02, 5.852103e-02, 7.226132e-02, 7.226617e-02, 7.227077e-02, 7.259052e-02
INFO:bingo.evolutionary_optimizers.parallel_archipelago:Performing migration between Islands
INFO:bingo.evolutionary_optimizers.parallel_archipelago:Evolution time 0:00:30.705344	 age 150	 fitness 2.479e-02
Level 25:bingo.evolutionary_optimizers.parallel_archipelago:Saving checkpoint: src/bingo_bias_vias_decomposition/checkpoints_st_40/implicit_st_40_p3_p7_1_140.pkl
INFO:bingo.evolutionary_optimizers.parallel_archipelago:Saved successfully
Level 25:bingo.evolutionary_optimizers.evolutionary_optimizer:Generation: 140 	 Elapsed time: 0:07:17.330984 	 Best training fitness: 2.478522e-02 	 
Level 25:bingo.evolutionary_optimizers.evolutionary_optimizer:140, 4.373310e+02, 1407525, 2.478522e-02, 2.478522e-02, 7.226132e-02, 7.226617e-02, 7.227077e-02, 7.259052e-02
INFO:bingo.evolutionary_optimizers.parallel_archipelago:Performing migration between Islands
INFO:bingo.evolutionary_optimizers.parallel_archipelago:Evolution time 0:00:27.576783	 age 160	 fitness 5.930e-04
Level 25:bingo.evolutionary_optimizers.parallel_archipelago:Saving checkpoint: src/bingo_bias_vias_decomposition/checkpoints_st_40/implicit_st_40_p3_p7_1_150.pkl
INFO:bingo.evolutionary_optimizers.parallel_archipelago:Saved successfully
Level 25:bingo.evolutionary_optimizers.evolutionary_optimizer:Generation: 150 	 Elapsed time: 0:07:45.157341 	 Best training fitness: 5.929574e-04 	 
Level 25:bingo.evolutionary_optimizers.evolutionary_optimizer:150, 4.651573e+02, 1491501, 5.929574e-04, 5.929574e-04, 2.478522e-02, 7.226132e-02, 7.226617e-02, 7.227077e-02, 7.259052e-02
INFO:bingo.evolutionary_optimizers.parallel_archipelago:Performing migration between Islands
INFO:bingo.evolutionary_optimizers.parallel_archipelago:Evolution time 0:00:16.077739	 age 170	 fitness 0.000e+00
Level 25:bingo.evolutionary_optimizers.parallel_archipelago:Saving checkpoint: src/bingo_bias_vias_decomposition/checkpoints_st_40/implicit_st_40_p3_p7_1_160.pkl
INFO:bingo.evolutionary_optimizers.parallel_archipelago:Saved successfully
Level 25:bingo.evolutionary_optimizers.evolutionary_optimizer:Generation: 160 	 Elapsed time: 0:08:01.462846 	 Best training fitness: 0.000000e+00 	 
Level 25:bingo.evolutionary_optimizers.evolutionary_optimizer:160, 4.814628e+02, 1564142, 0.000000e+00, 0.000000e+00, 7.226166e-02, 7.259052e-02
Level 25:bingo.evolutionary_optimizers.evolutionary_optimizer:Evolution successfully converged.
Level 25:bingo.evolutionary_optimizers.evolutionary_optimizer:  Absolte convergence occurred with best fitness < 1e-10
Level 25:bingo.evolutionary_optimizers.evolutionary_optimizer:Hall of Fame:
0.0	7	sin(log((X_0)(X_0) + (X_1)(X_1)))
0.07226165844634756	2	log(0.392121)
0.07259052014137479	1	-0.917969
