Level 25:bingo.evolutionary_optimizers.evolutionary_optimizer:#generational_age, elapsed_time, fitness_evaluation_count, current_training_fitness, hall_of_fame_fitnesses
Level 25:bingo.evolutionary_optimizers.evolutionary_optimizer:#generational_age, elapsed_time, fitness_evaluation_count, current_training_fitness, hall_of_fame_fitnesses
Level 25:bingo.evolutionary_optimizers.evolutionary_optimizer:Generation: 0 	 Elapsed time: 0:00:03.853146 	 Best training fitness: 2.497038e-02 	 
Level 25:bingo.evolutionary_optimizers.evolutionary_optimizer:0, 3.853146e+00, 15257, 2.497038e-02
INFO:bingo.evolutionary_optimizers.parallel_archipelago:Evolution time 0:00:28.853759	 age 30	 fitness 2.421e-02
Level 25:bingo.evolutionary_optimizers.evolutionary_optimizer:Generation: 10 	 Elapsed time: 0:00:32.893400 	 Best training fitness: 2.421022e-02 	 
Level 25:bingo.evolutionary_optimizers.evolutionary_optimizer:10, 3.289340e+01, 130872, 2.421022e-02, 2.421022e-02, 2.431757e-02, 2.448364e-02, 8.350542e-02
INFO:bingo.evolutionary_optimizers.parallel_archipelago:Evolution time 0:00:12.840209	 age 50	 fitness 2.425e-02
Level 25:bingo.evolutionary_optimizers.evolutionary_optimizer:Generation: 20 	 Elapsed time: 0:00:45.936601 	 Best training fitness: 2.424984e-02 	 
Level 25:bingo.evolutionary_optimizers.evolutionary_optimizer:20, 4.593660e+01, 184261, 2.424984e-02, 2.421022e-02, 2.424984e-02, 2.431757e-02, 2.438713e-02, 2.501021e-02
INFO:bingo.evolutionary_optimizers.parallel_archipelago:Evolution time 0:00:32.339599	 age 80	 fitness 2.419e-02
Level 25:bingo.evolutionary_optimizers.evolutionary_optimizer:Generation: 30 	 Elapsed time: 0:01:18.519479 	 Best training fitness: 2.419363e-02 	 
Level 25:bingo.evolutionary_optimizers.evolutionary_optimizer:30, 7.851948e+01, 287848, 2.419363e-02, 2.419363e-02, 2.424984e-02, 2.431757e-02, 2.436925e-02, 2.438713e-02, 2.482859e-02
INFO:bingo.evolutionary_optimizers.parallel_archipelago:Evolution time 0:00:24.483551	 age 110	 fitness 2.424e-02
Level 25:bingo.evolutionary_optimizers.evolutionary_optimizer:Generation: 40 	 Elapsed time: 0:01:43.204991 	 Best training fitness: 2.424009e-02 	 
Level 25:bingo.evolutionary_optimizers.evolutionary_optimizer:40, 1.032050e+02, 386405, 2.424009e-02, 2.419363e-02, 2.424009e-02
INFO:bingo.evolutionary_optimizers.parallel_archipelago:Evolution time 0:00:29.576172	 age 120	 fitness 2.420e-02
Level 25:bingo.evolutionary_optimizers.evolutionary_optimizer:Generation: 50 	 Elapsed time: 0:02:12.974766 	 Best training fitness: 2.420240e-02 	 
Level 25:bingo.evolutionary_optimizers.evolutionary_optimizer:50, 1.329748e+02, 459298, 2.420240e-02, 2.419363e-02, 2.420240e-02, 2.422311e-02
INFO:bingo.evolutionary_optimizers.parallel_archipelago:Evolution time 0:00:14.623614	 age 130	 fitness 2.420e-02
Level 25:bingo.evolutionary_optimizers.evolutionary_optimizer:Generation: 60 	 Elapsed time: 0:02:27.792089 	 Best training fitness: 2.420240e-02 	 
Level 25:bingo.evolutionary_optimizers.evolutionary_optimizer:60, 1.477921e+02, 518699, 2.420240e-02, 2.419363e-02, 2.420240e-02, 2.422311e-02
INFO:bingo.evolutionary_optimizers.parallel_archipelago:Evolution time 0:00:18.235628	 age 140	 fitness 2.733e-03
Level 25:bingo.evolutionary_optimizers.evolutionary_optimizer:Generation: 70 	 Elapsed time: 0:02:46.221097 	 Best training fitness: 2.733189e-03 	 
Level 25:bingo.evolutionary_optimizers.evolutionary_optimizer:70, 1.662211e+02, 584406, 2.733189e-03, 2.733189e-03, 2.416823e-02
INFO:bingo.evolutionary_optimizers.parallel_archipelago:Evolution time 0:00:17.645804	 age 160	 fitness 2.730e-03
Level 25:bingo.evolutionary_optimizers.evolutionary_optimizer:Generation: 80 	 Elapsed time: 0:03:04.062518 	 Best training fitness: 2.729632e-03 	 
Level 25:bingo.evolutionary_optimizers.evolutionary_optimizer:80, 1.840625e+02, 654437, 2.729632e-03, 2.729632e-03, 2.416823e-02
INFO:bingo.evolutionary_optimizers.parallel_archipelago:Evolution time 0:00:27.035179	 age 180	 fitness 0.000e+00
Level 25:bingo.evolutionary_optimizers.evolutionary_optimizer:Generation: 90 	 Elapsed time: 0:03:31.291956 	 Best training fitness: 0.000000e+00 	 
Level 25:bingo.evolutionary_optimizers.evolutionary_optimizer:90, 2.112920e+02, 759998, 0.000000e+00, 0.000000e+00, 2.416823e-02
Level 25:bingo.evolutionary_optimizers.evolutionary_optimizer:Evolution successfully converged.
Level 25:bingo.evolutionary_optimizers.evolutionary_optimizer:  Absolte convergence occurred with best fitness < 1e-10
Level 25:bingo.evolutionary_optimizers.evolutionary_optimizer:Hall of Fame:
0.0	7	sin(log((X_1)(X_1) + (X_0)(X_0)))
0.024168227983920536	1	-0.936899
