Level 25:bingo.evolutionary_optimizers.evolutionary_optimizer:#generational_age, elapsed_time, fitness_evaluation_count, current_training_fitness, hall_of_fame_fitnesses
Level 25:bingo.evolutionary_optimizers.evolutionary_optimizer:#generational_age, elapsed_time, fitness_evaluation_count, current_training_fitness, hall_of_fame_fitnesses
Level 25:bingo.evolutionary_optimizers.evolutionary_optimizer:Generation: 0 	 Elapsed time: 0:00:04.524567 	 Best training fitness: 7.266074e-02 	 
Level 25:bingo.evolutionary_optimizers.evolutionary_optimizer:0, 4.524567e+00, 14349, 7.266074e-02
INFO:bingo.evolutionary_optimizers.parallel_archipelago:Evolution time 0:00:56.140241	 age 20	 fitness 7.228e-02
Level 25:bingo.evolutionary_optimizers.evolutionary_optimizer:Generation: 10 	 Elapsed time: 0:01:00.899751 	 Best training fitness: 7.228469e-02 	 
Level 25:bingo.evolutionary_optimizers.evolutionary_optimizer:10, 6.089975e+01, 134271, 7.228469e-02, 7.228469e-02, 7.230276e-02, 7.235154e-02, 7.275723e-02, 7.281450e-02
INFO:bingo.evolutionary_optimizers.parallel_archipelago:Evolution time 0:00:32.949819	 age 30	 fitness 7.222e-02
Level 25:bingo.evolutionary_optimizers.evolutionary_optimizer:Generation: 20 	 Elapsed time: 0:01:34.108370 	 Best training fitness: 7.222497e-02 	 
Level 25:bingo.evolutionary_optimizers.evolutionary_optimizer:20, 9.410837e+01, 206440, 7.222497e-02, 7.222497e-02, 7.235154e-02, 7.255209e-02, 7.281450e-02
INFO:bingo.evolutionary_optimizers.parallel_archipelago:Evolution time 0:00:25.872233	 age 40	 fitness 7.234e-02
Level 25:bingo.evolutionary_optimizers.evolutionary_optimizer:Generation: 30 	 Elapsed time: 0:02:00.263637 	 Best training fitness: 7.233924e-02 	 
Level 25:bingo.evolutionary_optimizers.evolutionary_optimizer:30, 1.202636e+02, 263926, 7.233924e-02, 7.222497e-02, 7.235154e-02, 7.255209e-02, 7.281450e-02
INFO:bingo.evolutionary_optimizers.parallel_archipelago:Evolution time 0:00:22.370288	 age 50	 fitness 7.181e-02
Level 25:bingo.evolutionary_optimizers.evolutionary_optimizer:Generation: 40 	 Elapsed time: 0:02:22.887117 	 Best training fitness: 7.180976e-02 	 
Level 25:bingo.evolutionary_optimizers.evolutionary_optimizer:40, 1.428871e+02, 321187, 7.180976e-02, 7.180976e-02, 7.222497e-02, 7.232571e-02, 7.255209e-02, 7.281450e-02
INFO:bingo.evolutionary_optimizers.parallel_archipelago:Evolution time 0:00:26.470417	 age 60	 fitness 7.190e-02
Level 25:bingo.evolutionary_optimizers.evolutionary_optimizer:Generation: 50 	 Elapsed time: 0:02:49.609182 	 Best training fitness: 7.189945e-02 	 
Level 25:bingo.evolutionary_optimizers.evolutionary_optimizer:50, 1.696092e+02, 395438, 7.189945e-02, 7.180976e-02, 7.222497e-02, 7.232571e-02, 7.255209e-02, 7.281450e-02
INFO:bingo.evolutionary_optimizers.parallel_archipelago:Evolution time 0:00:29.759724	 age 80	 fitness 7.183e-02
Level 25:bingo.evolutionary_optimizers.evolutionary_optimizer:Generation: 60 	 Elapsed time: 0:03:19.620256 	 Best training fitness: 7.183335e-02 	 
Level 25:bingo.evolutionary_optimizers.evolutionary_optimizer:60, 1.996203e+02, 468426, 7.183335e-02, 7.180976e-02, 7.193593e-02, 7.222497e-02, 7.232571e-02, 7.255209e-02, 7.281450e-02
INFO:bingo.evolutionary_optimizers.parallel_archipelago:Evolution time 0:00:26.038790	 age 90	 fitness 7.177e-02
Level 25:bingo.evolutionary_optimizers.evolutionary_optimizer:Generation: 70 	 Elapsed time: 0:03:45.908823 	 Best training fitness: 7.177121e-02 	 
Level 25:bingo.evolutionary_optimizers.evolutionary_optimizer:70, 2.259088e+02, 537426, 7.177121e-02, 7.177121e-02, 7.193593e-02, 7.222497e-02, 7.232571e-02, 7.255209e-02, 7.281450e-02
INFO:bingo.evolutionary_optimizers.parallel_archipelago:Evolution time 0:00:17.230232	 age 100	 fitness 7.181e-02
Level 25:bingo.evolutionary_optimizers.evolutionary_optimizer:Generation: 80 	 Elapsed time: 0:04:03.384040 	 Best training fitness: 7.181284e-02 	 
Level 25:bingo.evolutionary_optimizers.evolutionary_optimizer:80, 2.433840e+02, 594544, 7.181284e-02, 7.177121e-02, 7.193593e-02, 7.222497e-02, 7.232571e-02, 7.239723e-02
INFO:bingo.evolutionary_optimizers.parallel_archipelago:Evolution time 0:00:27.913973	 age 130	 fitness 7.167e-02
Level 25:bingo.evolutionary_optimizers.evolutionary_optimizer:Generation: 90 	 Elapsed time: 0:04:31.603453 	 Best training fitness: 7.166754e-02 	 
Level 25:bingo.evolutionary_optimizers.evolutionary_optimizer:90, 2.716035e+02, 673380, 7.166754e-02, 7.166754e-02, 7.193593e-02, 7.216527e-02
INFO:bingo.evolutionary_optimizers.parallel_archipelago:Evolution time 0:00:38.808219	 age 140	 fitness 7.172e-02
Level 25:bingo.evolutionary_optimizers.evolutionary_optimizer:Generation: 100 	 Elapsed time: 0:05:10.648340 	 Best training fitness: 7.171609e-02 	 
Level 25:bingo.evolutionary_optimizers.evolutionary_optimizer:100, 3.106483e+02, 759364, 7.171609e-02, 7.166754e-02, 7.193593e-02, 7.216527e-02
INFO:bingo.evolutionary_optimizers.parallel_archipelago:Evolution time 0:00:23.982434	 age 150	 fitness 7.174e-02
Level 25:bingo.evolutionary_optimizers.evolutionary_optimizer:Generation: 110 	 Elapsed time: 0:05:34.884000 	 Best training fitness: 7.173967e-02 	 
Level 25:bingo.evolutionary_optimizers.evolutionary_optimizer:110, 3.348840e+02, 831789, 7.173967e-02, 7.166754e-02, 7.193593e-02, 7.216527e-02
INFO:bingo.evolutionary_optimizers.parallel_archipelago:Evolution time 0:00:25.465144	 age 160	 fitness 7.171e-02
Level 25:bingo.evolutionary_optimizers.evolutionary_optimizer:Generation: 120 	 Elapsed time: 0:06:00.585421 	 Best training fitness: 7.171251e-02 	 
Level 25:bingo.evolutionary_optimizers.evolutionary_optimizer:120, 3.605854e+02, 886092, 7.171251e-02, 7.166754e-02, 7.193593e-02, 7.216527e-02
INFO:bingo.evolutionary_optimizers.parallel_archipelago:Evolution time 0:00:30.361905	 age 170	 fitness 7.175e-02
Level 25:bingo.evolutionary_optimizers.evolutionary_optimizer:Generation: 130 	 Elapsed time: 0:06:31.222031 	 Best training fitness: 7.175098e-02 	 
Level 25:bingo.evolutionary_optimizers.evolutionary_optimizer:130, 3.912220e+02, 958679, 7.175098e-02, 7.166754e-02, 7.193593e-02, 7.212993e-02, 7.216527e-02
INFO:bingo.evolutionary_optimizers.parallel_archipelago:Evolution time 0:00:22.934902	 age 180	 fitness 7.170e-02
Level 25:bingo.evolutionary_optimizers.evolutionary_optimizer:Generation: 140 	 Elapsed time: 0:06:54.402358 	 Best training fitness: 7.169612e-02 	 
Level 25:bingo.evolutionary_optimizers.evolutionary_optimizer:140, 4.144024e+02, 1018076, 7.169612e-02, 7.166754e-02, 7.193593e-02, 7.212993e-02, 7.216527e-02
INFO:bingo.evolutionary_optimizers.parallel_archipelago:Evolution time 0:00:19.427112	 age 190	 fitness 6.196e-02
Level 25:bingo.evolutionary_optimizers.evolutionary_optimizer:Generation: 150 	 Elapsed time: 0:07:14.061697 	 Best training fitness: 6.196353e-02 	 
Level 25:bingo.evolutionary_optimizers.evolutionary_optimizer:150, 4.340617e+02, 1073015, 6.196353e-02, 6.196353e-02, 6.888174e-02, 7.166754e-02, 7.193593e-02, 7.212993e-02, 7.216527e-02
INFO:bingo.evolutionary_optimizers.parallel_archipelago:Evolution time 0:00:34.738675	 age 200	 fitness 6.074e-02
Level 25:bingo.evolutionary_optimizers.evolutionary_optimizer:Generation: 160 	 Elapsed time: 0:07:49.059488 	 Best training fitness: 6.074138e-02 	 
Level 25:bingo.evolutionary_optimizers.evolutionary_optimizer:160, 4.690595e+02, 1148385, 6.074138e-02, 6.074138e-02, 7.166754e-02, 7.193593e-02, 7.212993e-02, 7.216527e-02
INFO:bingo.evolutionary_optimizers.parallel_archipelago:Evolution time 0:00:25.789401	 age 210	 fitness 5.932e-02
Level 25:bingo.evolutionary_optimizers.evolutionary_optimizer:Generation: 170 	 Elapsed time: 0:08:15.068534 	 Best training fitness: 5.932223e-02 	 
Level 25:bingo.evolutionary_optimizers.evolutionary_optimizer:170, 4.950685e+02, 1206012, 5.932223e-02, 5.932223e-02, 6.074138e-02, 7.166754e-02, 7.193593e-02, 7.212993e-02, 7.216527e-02
INFO:bingo.evolutionary_optimizers.parallel_archipelago:Evolution time 0:00:17.074479	 age 220	 fitness 5.898e-02
Level 25:bingo.evolutionary_optimizers.evolutionary_optimizer:Generation: 180 	 Elapsed time: 0:08:32.364352 	 Best training fitness: 5.898445e-02 	 
Level 25:bingo.evolutionary_optimizers.evolutionary_optimizer:180, 5.123644e+02, 1269914, 5.898445e-02, 5.898445e-02, 7.166754e-02, 7.193593e-02, 7.212993e-02, 7.215633e-02, 7.216527e-02
INFO:bingo.evolutionary_optimizers.parallel_archipelago:Evolution time 0:00:18.322052	 age 230	 fitness 5.835e-02
Level 25:bingo.evolutionary_optimizers.evolutionary_optimizer:Generation: 190 	 Elapsed time: 0:08:50.908044 	 Best training fitness: 5.834892e-02 	 
Level 25:bingo.evolutionary_optimizers.evolutionary_optimizer:190, 5.309080e+02, 1333412, 5.834892e-02, 5.834892e-02, 7.193593e-02, 7.212993e-02, 7.215633e-02, 7.216527e-02
INFO:bingo.evolutionary_optimizers.parallel_archipelago:Evolution time 0:00:20.898627	 age 240	 fitness 5.843e-02
Level 25:bingo.evolutionary_optimizers.evolutionary_optimizer:Generation: 200 	 Elapsed time: 0:09:12.027788 	 Best training fitness: 5.843314e-02 	 
Level 25:bingo.evolutionary_optimizers.evolutionary_optimizer:200, 5.520278e+02, 1398692, 5.843314e-02, 5.834892e-02, 7.193593e-02, 7.212993e-02, 7.214002e-02, 7.216527e-02
INFO:bingo.evolutionary_optimizers.parallel_archipelago:Evolution time 0:00:19.408336	 age 250	 fitness 5.807e-02
Level 25:bingo.evolutionary_optimizers.evolutionary_optimizer:Generation: 210 	 Elapsed time: 0:09:31.657990 	 Best training fitness: 5.807154e-02 	 
Level 25:bingo.evolutionary_optimizers.evolutionary_optimizer:210, 5.716580e+02, 1465281, 5.807154e-02, 5.807154e-02, 5.832661e-02, 5.834892e-02, 5.883186e-02, 7.207978e-02, 7.216527e-02
INFO:bingo.evolutionary_optimizers.parallel_archipelago:Evolution time 0:00:29.606407	 age 260	 fitness 5.155e-02
Level 25:bingo.evolutionary_optimizers.evolutionary_optimizer:Generation: 220 	 Elapsed time: 0:10:01.488819 	 Best training fitness: 5.154823e-02 	 
Level 25:bingo.evolutionary_optimizers.evolutionary_optimizer:220, 6.014888e+02, 1554391, 5.154823e-02, 5.154823e-02, 5.807154e-02, 5.815555e-02, 5.834892e-02, 5.877002e-02, 5.960665e-02, 7.207978e-02, 7.216527e-02
INFO:bingo.evolutionary_optimizers.parallel_archipelago:Evolution time 0:00:30.313511	 age 280	 fitness 3.656e-02
Level 25:bingo.evolutionary_optimizers.evolutionary_optimizer:Generation: 230 	 Elapsed time: 0:10:32.056810 	 Best training fitness: 3.655943e-02 	 
Level 25:bingo.evolutionary_optimizers.evolutionary_optimizer:230, 6.320568e+02, 1646257, 3.655943e-02, 3.655943e-02, 3.764297e-02, 4.056042e-02, 5.797775e-02, 5.815555e-02, 5.834892e-02, 5.867650e-02, 5.960665e-02, 7.207978e-02, 7.216527e-02
INFO:bingo.evolutionary_optimizers.parallel_archipelago:Evolution time 0:00:39.477934	 age 290	 fitness 3.656e-02
Level 25:bingo.evolutionary_optimizers.evolutionary_optimizer:Generation: 240 	 Elapsed time: 0:11:11.765117 	 Best training fitness: 3.655943e-02 	 
Level 25:bingo.evolutionary_optimizers.evolutionary_optimizer:240, 6.717651e+02, 1735911, 3.655943e-02, 3.655943e-02, 3.764297e-02, 3.933036e-02, 5.742248e-02, 5.809622e-02, 5.834892e-02, 5.867650e-02, 5.960665e-02, 7.207978e-02, 7.216527e-02
INFO:bingo.evolutionary_optimizers.parallel_archipelago:Evolution time 0:00:41.953583	 age 300	 fitness 3.632e-02
Level 25:bingo.evolutionary_optimizers.evolutionary_optimizer:Generation: 250 	 Elapsed time: 0:11:53.949525 	 Best training fitness: 3.631998e-02 	 
Level 25:bingo.evolutionary_optimizers.evolutionary_optimizer:250, 7.139495e+02, 1838502, 3.631998e-02, 3.631998e-02, 3.686751e-02, 3.933036e-02, 5.742248e-02, 5.809622e-02, 5.834892e-02, 5.867650e-02, 5.960665e-02, 7.207978e-02, 7.216527e-02
INFO:bingo.evolutionary_optimizers.parallel_archipelago:Evolution time 0:00:33.381758	 age 310	 fitness 2.872e-02
Level 25:bingo.evolutionary_optimizers.evolutionary_optimizer:Generation: 260 	 Elapsed time: 0:12:27.566464 	 Best training fitness: 2.871729e-02 	 
Level 25:bingo.evolutionary_optimizers.evolutionary_optimizer:260, 7.475665e+02, 1915832, 2.871729e-02, 2.871729e-02, 3.347883e-02, 3.686751e-02, 3.718363e-02, 3.917858e-02, 5.742248e-02, 5.795462e-02, 5.808675e-02, 5.867650e-02, 5.960665e-02, 7.207978e-02, 7.216527e-02
INFO:bingo.evolutionary_optimizers.parallel_archipelago:Evolution time 0:00:49.240122	 age 320	 fitness 2.679e-02
Level 25:bingo.evolutionary_optimizers.evolutionary_optimizer:Generation: 270 	 Elapsed time: 0:13:17.043892 	 Best training fitness: 2.679197e-02 	 
Level 25:bingo.evolutionary_optimizers.evolutionary_optimizer:270, 7.970439e+02, 2034941, 2.679197e-02, 2.679197e-02, 2.853837e-02, 3.347883e-02, 3.686751e-02, 3.718363e-02, 3.917858e-02, 5.513112e-02, 5.867650e-02, 5.960665e-02, 7.207978e-02, 7.216527e-02
INFO:bingo.evolutionary_optimizers.parallel_archipelago:Evolution time 0:00:26.782942	 age 330	 fitness 2.681e-02
Level 25:bingo.evolutionary_optimizers.evolutionary_optimizer:Generation: 280 	 Elapsed time: 0:13:44.064463 	 Best training fitness: 2.681347e-02 	 
Level 25:bingo.evolutionary_optimizers.evolutionary_optimizer:280, 8.240645e+02, 2112450, 2.681347e-02, 2.679197e-02, 2.733632e-02, 2.851997e-02, 3.347883e-02, 3.686751e-02, 3.718363e-02, 3.917858e-02, 5.513112e-02, 5.867650e-02, 5.960665e-02, 7.207978e-02, 7.216527e-02
INFO:bingo.evolutionary_optimizers.parallel_archipelago:Evolution time 0:00:38.135912	 age 340	 fitness 2.662e-02
Level 25:bingo.evolutionary_optimizers.evolutionary_optimizer:Generation: 290 	 Elapsed time: 0:14:22.451692 	 Best training fitness: 2.662125e-02 	 
Level 25:bingo.evolutionary_optimizers.evolutionary_optimizer:290, 8.624517e+02, 2193413, 2.662125e-02, 2.662125e-02, 2.674332e-02, 2.733632e-02, 2.851997e-02, 3.347883e-02, 3.686751e-02, 3.718363e-02, 3.917858e-02, 5.513112e-02, 5.867650e-02, 5.960665e-02, 7.207978e-02, 7.216527e-02
INFO:bingo.evolutionary_optimizers.parallel_archipelago:Evolution time 0:00:44.467863	 age 360	 fitness 2.654e-02
Level 25:bingo.evolutionary_optimizers.evolutionary_optimizer:Generation: 300 	 Elapsed time: 0:15:07.202105 	 Best training fitness: 2.654239e-02 	 
Level 25:bingo.evolutionary_optimizers.evolutionary_optimizer:300, 9.072021e+02, 2298708, 2.654239e-02, 2.654239e-02, 2.674332e-02, 2.733632e-02, 2.851997e-02, 3.110627e-02, 3.347883e-02, 3.686751e-02, 3.718363e-02, 3.917858e-02, 5.513112e-02, 5.867650e-02, 5.960665e-02, 7.207978e-02, 7.216527e-02
INFO:bingo.evolutionary_optimizers.parallel_archipelago:Evolution time 0:00:28.720434	 age 370	 fitness 2.652e-02
Level 25:bingo.evolutionary_optimizers.evolutionary_optimizer:Generation: 310 	 Elapsed time: 0:15:36.169134 	 Best training fitness: 2.652304e-02 	 
Level 25:bingo.evolutionary_optimizers.evolutionary_optimizer:310, 9.361691e+02, 2382162, 2.652304e-02, 2.652304e-02, 2.654239e-02, 2.674332e-02, 2.699219e-02, 2.846873e-02, 3.110627e-02, 3.110922e-02, 3.718363e-02, 3.917858e-02, 5.513112e-02, 5.867650e-02, 5.960665e-02, 7.207978e-02, 7.216527e-02
INFO:bingo.evolutionary_optimizers.parallel_archipelago:Evolution time 0:00:48.810764	 age 380	 fitness 2.651e-02
Level 25:bingo.evolutionary_optimizers.evolutionary_optimizer:Generation: 320 	 Elapsed time: 0:16:25.226358 	 Best training fitness: 2.650925e-02 	 
Level 25:bingo.evolutionary_optimizers.evolutionary_optimizer:320, 9.852264e+02, 2490514, 2.650925e-02, 2.650925e-02, 2.654239e-02, 2.674332e-02, 2.677075e-02, 2.718790e-02, 3.110922e-02, 3.718363e-02, 3.917858e-02, 5.513112e-02, 5.867650e-02, 5.960665e-02, 7.207978e-02, 7.216527e-02
INFO:bingo.evolutionary_optimizers.parallel_archipelago:Evolution time 0:00:48.142357	 age 390	 fitness 2.653e-02
Level 25:bingo.evolutionary_optimizers.evolutionary_optimizer:Generation: 330 	 Elapsed time: 0:17:13.615210 	 Best training fitness: 2.652561e-02 	 
Level 25:bingo.evolutionary_optimizers.evolutionary_optimizer:330, 1.033615e+03, 2585896, 2.652561e-02, 2.650925e-02, 2.654239e-02, 2.673816e-02, 2.677075e-02, 2.700124e-02, 2.718790e-02, 3.110922e-02, 3.718363e-02, 3.917858e-02, 5.513112e-02, 5.867650e-02, 5.960665e-02, 7.207978e-02, 7.216527e-02
INFO:bingo.evolutionary_optimizers.parallel_archipelago:Evolution time 0:01:08.390864	 age 400	 fitness 2.645e-02
Level 25:bingo.evolutionary_optimizers.evolutionary_optimizer:Generation: 340 	 Elapsed time: 0:18:22.253424 	 Best training fitness: 2.644557e-02 	 
Level 25:bingo.evolutionary_optimizers.evolutionary_optimizer:340, 1.102253e+03, 2719456, 2.644557e-02, 2.644557e-02, 2.650925e-02, 2.652445e-02, 2.656625e-02, 2.677075e-02, 2.696236e-02, 2.718790e-02, 3.110922e-02, 3.718363e-02, 3.917858e-02, 5.513112e-02, 5.867650e-02, 5.960665e-02, 7.207978e-02, 7.216527e-02
INFO:bingo.evolutionary_optimizers.parallel_archipelago:Evolution time 0:00:53.147206	 age 410	 fitness 2.604e-02
Level 25:bingo.evolutionary_optimizers.evolutionary_optimizer:Generation: 350 	 Elapsed time: 0:19:15.649412 	 Best training fitness: 2.604429e-02 	 
Level 25:bingo.evolutionary_optimizers.evolutionary_optimizer:350, 1.155649e+03, 2839673, 2.604429e-02, 2.604429e-02, 2.650925e-02, 2.652445e-02, 2.652815e-02, 2.677075e-02, 2.696236e-02, 2.718790e-02, 3.110922e-02, 3.718363e-02, 3.917858e-02, 5.513112e-02, 5.867650e-02, 5.960665e-02, 7.207978e-02, 7.216527e-02
INFO:bingo.evolutionary_optimizers.parallel_archipelago:Evolution time 0:00:50.925818	 age 420	 fitness 2.610e-02
Level 25:bingo.evolutionary_optimizers.evolutionary_optimizer:Generation: 360 	 Elapsed time: 0:20:06.835963 	 Best training fitness: 2.610005e-02 	 
Level 25:bingo.evolutionary_optimizers.evolutionary_optimizer:360, 1.206836e+03, 2966031, 2.610005e-02, 2.604429e-02, 2.610005e-02, 2.652815e-02, 2.677075e-02, 2.696236e-02, 2.718790e-02, 3.110922e-02, 3.718363e-02, 3.917858e-02, 5.513112e-02, 5.867650e-02, 5.960665e-02, 7.207978e-02, 7.216527e-02
INFO:bingo.evolutionary_optimizers.parallel_archipelago:Evolution time 0:00:58.030102	 age 430	 fitness 2.599e-02
Level 25:bingo.evolutionary_optimizers.evolutionary_optimizer:Generation: 370 	 Elapsed time: 0:21:05.164574 	 Best training fitness: 2.598901e-02 	 
Level 25:bingo.evolutionary_optimizers.evolutionary_optimizer:370, 1.265165e+03, 3084983, 2.598901e-02, 2.598901e-02, 2.607655e-02, 2.610005e-02, 2.610741e-02, 2.677075e-02, 2.696236e-02, 2.718790e-02, 3.110922e-02, 3.718363e-02, 3.917858e-02, 5.513112e-02, 5.867650e-02, 5.960665e-02, 7.207978e-02, 7.216527e-02
INFO:bingo.evolutionary_optimizers.parallel_archipelago:Evolution time 0:01:17.823246	 age 440	 fitness 2.598e-02
Level 25:bingo.evolutionary_optimizers.evolutionary_optimizer:Generation: 380 	 Elapsed time: 0:22:23.256926 	 Best training fitness: 2.597716e-02 	 
Level 25:bingo.evolutionary_optimizers.evolutionary_optimizer:380, 1.343257e+03, 3224527, 2.597716e-02, 2.597716e-02, 2.602928e-02, 2.606016e-02, 2.675681e-02, 2.718790e-02, 3.110922e-02, 3.718363e-02, 3.917858e-02, 5.513112e-02, 5.867650e-02, 5.960665e-02, 7.207978e-02, 7.216527e-02
INFO:bingo.evolutionary_optimizers.parallel_archipelago:Evolution time 0:00:41.801193	 age 460	 fitness 2.600e-02
Level 25:bingo.evolutionary_optimizers.evolutionary_optimizer:Generation: 390 	 Elapsed time: 0:23:05.341003 	 Best training fitness: 2.600134e-02 	 
Level 25:bingo.evolutionary_optimizers.evolutionary_optimizer:390, 1.385341e+03, 3314801, 2.600134e-02, 2.597716e-02, 2.601890e-02, 2.617481e-02, 2.622845e-02, 3.718363e-02, 3.917858e-02, 5.513112e-02, 5.867650e-02, 5.960665e-02, 7.207978e-02, 7.216527e-02
INFO:bingo.evolutionary_optimizers.parallel_archipelago:Evolution time 0:01:04.401132	 age 470	 fitness 2.602e-02
Level 25:bingo.evolutionary_optimizers.evolutionary_optimizer:Generation: 400 	 Elapsed time: 0:24:10.014568 	 Best training fitness: 2.602273e-02 	 
Level 25:bingo.evolutionary_optimizers.evolutionary_optimizer:400, 1.450015e+03, 3437027, 2.602273e-02, 2.597716e-02, 2.601890e-02, 2.616595e-02, 2.704943e-02, 3.917858e-02, 5.513112e-02, 5.867650e-02, 5.960665e-02, 7.207978e-02, 7.216527e-02
INFO:bingo.evolutionary_optimizers.parallel_archipelago:Evolution time 0:01:06.256698	 age 480	 fitness 2.578e-02
Level 25:bingo.evolutionary_optimizers.evolutionary_optimizer:Generation: 410 	 Elapsed time: 0:25:16.536546 	 Best training fitness: 2.577959e-02 	 
Level 25:bingo.evolutionary_optimizers.evolutionary_optimizer:410, 1.516537e+03, 3538698, 2.577959e-02, 2.577959e-02, 2.597716e-02, 2.600977e-02, 2.704943e-02, 3.917858e-02, 5.513112e-02, 5.867650e-02, 5.960665e-02, 7.207978e-02, 7.216527e-02
INFO:bingo.evolutionary_optimizers.parallel_archipelago:Evolution time 0:00:55.033799	 age 490	 fitness 2.567e-02
Level 25:bingo.evolutionary_optimizers.evolutionary_optimizer:Generation: 420 	 Elapsed time: 0:26:11.834822 	 Best training fitness: 2.567279e-02 	 
Level 25:bingo.evolutionary_optimizers.evolutionary_optimizer:420, 1.571835e+03, 3649534, 2.567279e-02, 2.567279e-02, 2.597716e-02, 2.599294e-02, 2.704943e-02, 3.917858e-02, 5.513112e-02, 5.867650e-02, 5.960665e-02, 7.207978e-02, 7.216527e-02
INFO:bingo.evolutionary_optimizers.parallel_archipelago:Evolution time 0:00:41.189160	 age 500	 fitness 2.533e-02
Level 25:bingo.evolutionary_optimizers.evolutionary_optimizer:Generation: 430 	 Elapsed time: 0:26:53.284976 	 Best training fitness: 2.532922e-02 	 
Level 25:bingo.evolutionary_optimizers.evolutionary_optimizer:430, 1.613285e+03, 3760553, 2.532922e-02, 2.532922e-02, 2.566315e-02, 2.567279e-02, 2.597716e-02, 2.598299e-02, 2.599294e-02, 2.699452e-02, 3.907049e-02, 3.917858e-02, 5.513112e-02, 5.867650e-02, 5.960665e-02, 7.207978e-02, 7.216527e-02
INFO:bingo.evolutionary_optimizers.parallel_archipelago:Evolution time 0:00:47.192197	 age 510	 fitness 2.519e-02
Level 25:bingo.evolutionary_optimizers.evolutionary_optimizer:Generation: 440 	 Elapsed time: 0:27:40.771301 	 Best training fitness: 2.519319e-02 	 
Level 25:bingo.evolutionary_optimizers.evolutionary_optimizer:440, 1.660771e+03, 3839064, 2.519319e-02, 2.519319e-02, 2.543170e-02, 2.567279e-02, 2.597716e-02, 2.598299e-02, 2.599294e-02, 2.699452e-02, 3.907049e-02, 3.917858e-02, 5.513112e-02, 5.867650e-02, 5.960665e-02, 7.207978e-02, 7.216527e-02
INFO:bingo.evolutionary_optimizers.parallel_archipelago:Evolution time 0:00:45.653308	 age 520	 fitness 2.508e-02
Level 25:bingo.evolutionary_optimizers.evolutionary_optimizer:Generation: 450 	 Elapsed time: 0:28:26.690400 	 Best training fitness: 2.508002e-02 	 
Level 25:bingo.evolutionary_optimizers.evolutionary_optimizer:450, 1.706690e+03, 3916041, 2.508002e-02, 2.508002e-02, 2.538249e-02, 2.567279e-02, 2.597716e-02, 2.598299e-02, 2.599294e-02, 2.699452e-02, 3.907049e-02, 3.917858e-02, 5.513112e-02, 5.867650e-02, 5.960665e-02, 7.207978e-02, 7.216527e-02
INFO:bingo.evolutionary_optimizers.parallel_archipelago:Evolution time 0:00:33.130377	 age 530	 fitness 2.503e-02
Level 25:bingo.evolutionary_optimizers.evolutionary_optimizer:Generation: 460 	 Elapsed time: 0:29:00.089364 	 Best training fitness: 2.503371e-02 	 
Level 25:bingo.evolutionary_optimizers.evolutionary_optimizer:460, 1.740089e+03, 3992692, 2.503371e-02, 2.503371e-02, 2.511356e-02, 2.538249e-02, 2.567279e-02, 2.597716e-02, 2.598299e-02, 2.599294e-02, 2.699452e-02, 3.907049e-02, 3.917858e-02, 5.513112e-02, 5.867650e-02, 5.960665e-02, 7.207978e-02, 7.216527e-02
INFO:bingo.evolutionary_optimizers.parallel_archipelago:Evolution time 0:00:18.751841	 age 540	 fitness 2.510e-02
Level 25:bingo.evolutionary_optimizers.evolutionary_optimizer:Generation: 470 	 Elapsed time: 0:29:19.113634 	 Best training fitness: 2.510335e-02 	 
Level 25:bingo.evolutionary_optimizers.evolutionary_optimizer:470, 1.759114e+03, 4046059, 2.510335e-02, 2.503371e-02, 2.510335e-02, 2.538249e-02, 2.567279e-02, 2.597716e-02, 2.598299e-02, 2.599294e-02, 2.699452e-02, 3.907049e-02, 3.917858e-02, 5.513112e-02, 5.867650e-02, 5.960665e-02, 7.207978e-02, 7.216527e-02
INFO:bingo.evolutionary_optimizers.parallel_archipelago:Evolution time 0:00:20.039207	 age 550	 fitness 2.497e-02
Level 25:bingo.evolutionary_optimizers.evolutionary_optimizer:Generation: 480 	 Elapsed time: 0:29:39.428673 	 Best training fitness: 2.496915e-02 	 
Level 25:bingo.evolutionary_optimizers.evolutionary_optimizer:480, 1.779429e+03, 4102178, 2.496915e-02, 2.496915e-02, 2.504092e-02, 2.567279e-02, 2.597716e-02, 2.598299e-02, 2.599294e-02, 2.699452e-02, 3.907049e-02, 3.917858e-02, 5.513112e-02, 5.867650e-02, 5.960665e-02, 7.207978e-02, 7.216527e-02
INFO:bingo.evolutionary_optimizers.parallel_archipelago:Evolution time 0:00:30.184302	 age 560	 fitness 2.498e-02
Level 25:bingo.evolutionary_optimizers.evolutionary_optimizer:Generation: 490 	 Elapsed time: 0:30:09.891246 	 Best training fitness: 2.498161e-02 	 
Level 25:bingo.evolutionary_optimizers.evolutionary_optimizer:490, 1.809891e+03, 4178076, 2.498161e-02, 2.496915e-02, 2.504092e-02, 2.567279e-02, 2.597716e-02, 2.598299e-02, 2.599294e-02, 2.699452e-02, 3.907049e-02, 3.917858e-02, 5.513112e-02, 5.867650e-02, 5.960665e-02, 7.207978e-02, 7.216527e-02
INFO:bingo.evolutionary_optimizers.parallel_archipelago:Evolution time 0:00:37.776399	 age 570	 fitness 2.498e-02
Level 25:bingo.evolutionary_optimizers.evolutionary_optimizer:Generation: 500 	 Elapsed time: 0:30:47.963209 	 Best training fitness: 2.497625e-02 	 
Level 25:bingo.evolutionary_optimizers.evolutionary_optimizer:500, 1.847963e+03, 4251930, 2.497625e-02, 2.496915e-02, 2.498114e-02, 2.501694e-02, 2.567279e-02, 2.597716e-02, 2.598299e-02, 2.599294e-02, 2.699452e-02, 3.907049e-02, 3.917858e-02, 5.513112e-02, 5.867650e-02, 5.960665e-02, 7.207978e-02, 7.216527e-02
INFO:bingo.evolutionary_optimizers.parallel_archipelago:Evolution time 0:00:47.849796	 age 580	 fitness 2.492e-02
Level 25:bingo.evolutionary_optimizers.evolutionary_optimizer:Generation: 510 	 Elapsed time: 0:31:36.104338 	 Best training fitness: 2.491654e-02 	 
Level 25:bingo.evolutionary_optimizers.evolutionary_optimizer:510, 1.896104e+03, 4347306, 2.491654e-02, 2.491654e-02, 2.567279e-02, 2.597716e-02, 2.598299e-02, 2.599294e-02, 2.699452e-02, 3.907049e-02, 3.917858e-02, 5.513112e-02, 5.867650e-02, 5.960665e-02, 7.207978e-02, 7.216527e-02
INFO:bingo.evolutionary_optimizers.parallel_archipelago:Evolution time 0:00:26.459620	 age 590	 fitness 2.494e-02
Level 25:bingo.evolutionary_optimizers.evolutionary_optimizer:Generation: 520 	 Elapsed time: 0:32:02.851210 	 Best training fitness: 2.494194e-02 	 
Level 25:bingo.evolutionary_optimizers.evolutionary_optimizer:520, 1.922851e+03, 4421097, 2.494194e-02, 2.491654e-02, 2.567279e-02, 2.597716e-02, 2.598299e-02, 2.599294e-02, 2.699452e-02, 3.907049e-02, 3.917858e-02, 5.513112e-02, 5.867650e-02, 5.960665e-02, 7.207978e-02, 7.216527e-02
INFO:bingo.evolutionary_optimizers.parallel_archipelago:Evolution time 0:00:46.795945	 age 600	 fitness 2.493e-02
Level 25:bingo.evolutionary_optimizers.evolutionary_optimizer:Generation: 530 	 Elapsed time: 0:32:49.931368 	 Best training fitness: 2.492998e-02 	 
Level 25:bingo.evolutionary_optimizers.evolutionary_optimizer:530, 1.969931e+03, 4512549, 2.492998e-02, 2.491654e-02, 2.567279e-02, 2.597716e-02, 2.598299e-02, 2.599294e-02, 2.699452e-02, 3.907049e-02, 3.917858e-02, 5.513112e-02, 5.867650e-02, 5.960665e-02, 7.207978e-02, 7.216527e-02
INFO:bingo.evolutionary_optimizers.parallel_archipelago:Evolution time 0:00:42.172066	 age 610	 fitness 2.491e-02
Level 25:bingo.evolutionary_optimizers.evolutionary_optimizer:Generation: 540 	 Elapsed time: 0:33:32.379750 	 Best training fitness: 2.491063e-02 	 
Level 25:bingo.evolutionary_optimizers.evolutionary_optimizer:540, 2.012380e+03, 4592295, 2.491063e-02, 2.491063e-02, 2.491654e-02, 2.521179e-02, 2.567279e-02, 2.597716e-02, 2.598299e-02, 2.599294e-02, 2.699452e-02, 3.705502e-02, 5.513112e-02, 5.867650e-02, 5.960665e-02, 7.207978e-02, 7.216527e-02
INFO:bingo.evolutionary_optimizers.parallel_archipelago:Evolution time 0:00:39.066317	 age 620	 fitness 2.490e-02
Level 25:bingo.evolutionary_optimizers.evolutionary_optimizer:Generation: 550 	 Elapsed time: 0:34:11.722048 	 Best training fitness: 2.490057e-02 	 
Level 25:bingo.evolutionary_optimizers.evolutionary_optimizer:550, 2.051722e+03, 4666867, 2.490057e-02, 2.490057e-02, 2.491654e-02, 2.519260e-02, 2.567279e-02, 2.597716e-02, 2.598299e-02, 2.599294e-02, 2.699452e-02, 2.918997e-02, 3.682041e-02, 3.698386e-02, 4.891235e-02, 5.867650e-02, 5.960665e-02, 7.207978e-02, 7.216527e-02
INFO:bingo.evolutionary_optimizers.parallel_archipelago:Evolution time 0:00:39.759853	 age 640	 fitness 2.492e-02
Level 25:bingo.evolutionary_optimizers.evolutionary_optimizer:Generation: 560 	 Elapsed time: 0:34:51.754755 	 Best training fitness: 2.491994e-02 	 
Level 25:bingo.evolutionary_optimizers.evolutionary_optimizer:560, 2.091755e+03, 4754836, 2.491994e-02, 2.490057e-02, 2.491654e-02, 2.519260e-02, 2.567279e-02, 2.597716e-02, 2.598299e-02, 2.599294e-02, 2.699452e-02, 2.913270e-02, 3.682041e-02, 3.698386e-02, 4.866784e-02, 5.867650e-02, 5.960665e-02, 7.207978e-02, 7.216527e-02
INFO:bingo.evolutionary_optimizers.parallel_archipelago:Evolution time 0:00:29.341914	 age 660	 fitness 2.493e-02
Level 25:bingo.evolutionary_optimizers.evolutionary_optimizer:Generation: 570 	 Elapsed time: 0:35:21.378353 	 Best training fitness: 2.492802e-02 	 
Level 25:bingo.evolutionary_optimizers.evolutionary_optimizer:570, 2.121378e+03, 4845438, 2.492802e-02, 2.490057e-02, 2.491654e-02, 2.519260e-02, 2.567279e-02, 2.597716e-02, 2.598299e-02, 2.599294e-02, 2.699452e-02, 2.913270e-02, 3.682041e-02, 3.696530e-02, 4.866784e-02, 5.867650e-02, 5.960665e-02, 7.146003e-02, 7.216527e-02
INFO:bingo.evolutionary_optimizers.parallel_archipelago:Evolution time 0:00:24.364610	 age 680	 fitness 2.492e-02
Level 25:bingo.evolutionary_optimizers.evolutionary_optimizer:Generation: 580 	 Elapsed time: 0:35:45.995822 	 Best training fitness: 2.491630e-02 	 
Level 25:bingo.evolutionary_optimizers.evolutionary_optimizer:580, 2.145996e+03, 4930861, 2.491630e-02, 2.490057e-02, 2.491630e-02, 2.512976e-02, 2.519260e-02, 2.567279e-02, 2.597716e-02, 2.598299e-02, 2.599294e-02, 2.699452e-02, 2.908707e-02, 3.030653e-02, 3.169022e-02, 4.866784e-02, 5.867650e-02, 5.960665e-02, 7.146003e-02, 7.216527e-02
INFO:bingo.evolutionary_optimizers.parallel_archipelago:Evolution time 0:00:37.261285	 age 700	 fitness 2.493e-02
Level 25:bingo.evolutionary_optimizers.evolutionary_optimizer:Generation: 590 	 Elapsed time: 0:36:23.512083 	 Best training fitness: 2.492521e-02 	 
Level 25:bingo.evolutionary_optimizers.evolutionary_optimizer:590, 2.183512e+03, 5056251, 2.492521e-02, 2.490057e-02, 2.491630e-02, 2.512976e-02, 2.519260e-02, 2.567279e-02, 2.597716e-02, 2.598299e-02, 2.599294e-02, 2.699452e-02, 2.906403e-02, 2.930916e-02, 3.148174e-02, 4.453261e-02, 7.146003e-02, 7.216527e-02
INFO:bingo.evolutionary_optimizers.parallel_archipelago:Evolution time 0:00:28.656999	 age 720	 fitness 2.492e-02
Level 25:bingo.evolutionary_optimizers.evolutionary_optimizer:Generation: 600 	 Elapsed time: 0:36:52.419458 	 Best training fitness: 2.492032e-02 	 
Level 25:bingo.evolutionary_optimizers.evolutionary_optimizer:600, 2.212419e+03, 5143399, 2.492032e-02, 2.490057e-02, 2.491630e-02, 2.512976e-02, 2.519260e-02, 2.567279e-02, 2.597716e-02, 2.598299e-02, 2.599294e-02, 2.699452e-02, 2.903841e-02, 2.930916e-02, 2.947061e-02, 4.419791e-02, 7.146003e-02, 7.216527e-02
INFO:bingo.evolutionary_optimizers.parallel_archipelago:Evolution time 0:00:28.165484	 age 730	 fitness 2.490e-02
Level 25:bingo.evolutionary_optimizers.evolutionary_optimizer:Generation: 610 	 Elapsed time: 0:37:20.843597 	 Best training fitness: 2.490197e-02 	 
Level 25:bingo.evolutionary_optimizers.evolutionary_optimizer:610, 2.240844e+03, 5220653, 2.490197e-02, 2.490057e-02, 2.490830e-02, 2.512976e-02, 2.519260e-02, 2.567279e-02, 2.597716e-02, 2.598299e-02, 2.599294e-02, 2.699452e-02, 2.903841e-02, 2.930916e-02, 2.947061e-02, 4.419791e-02, 7.146003e-02, 7.216527e-02
INFO:bingo.evolutionary_optimizers.parallel_archipelago:Evolution time 0:00:30.146596	 age 750	 fitness 2.480e-02
Level 25:bingo.evolutionary_optimizers.evolutionary_optimizer:Generation: 620 	 Elapsed time: 0:37:51.277551 	 Best training fitness: 2.479899e-02 	 
Level 25:bingo.evolutionary_optimizers.evolutionary_optimizer:620, 2.271278e+03, 5330536, 2.479899e-02, 2.479899e-02, 2.488926e-02, 2.490817e-02, 2.512976e-02, 2.519260e-02, 2.567279e-02, 2.597716e-02, 2.598299e-02, 2.599294e-02, 2.699452e-02, 2.900156e-02, 2.924031e-02, 2.947061e-02, 4.419791e-02, 7.146003e-02, 7.216527e-02
INFO:bingo.evolutionary_optimizers.parallel_archipelago:Evolution time 0:00:44.535371	 age 760	 fitness 2.461e-02
Level 25:bingo.evolutionary_optimizers.evolutionary_optimizer:Generation: 630 	 Elapsed time: 0:38:36.108861 	 Best training fitness: 2.461273e-02 	 
Level 25:bingo.evolutionary_optimizers.evolutionary_optimizer:630, 2.316109e+03, 5430025, 2.461273e-02, 2.461273e-02, 2.490817e-02, 2.512976e-02, 2.519260e-02, 2.567279e-02, 2.597716e-02, 2.598299e-02, 2.599294e-02, 2.699452e-02, 2.900156e-02, 2.924031e-02, 2.947061e-02, 4.419791e-02, 7.146003e-02, 7.216527e-02
INFO:bingo.evolutionary_optimizers.parallel_archipelago:Evolution time 0:00:46.817749	 age 780	 fitness 2.462e-02
Level 25:bingo.evolutionary_optimizers.evolutionary_optimizer:Generation: 640 	 Elapsed time: 0:39:23.220912 	 Best training fitness: 2.461718e-02 	 
Level 25:bingo.evolutionary_optimizers.evolutionary_optimizer:640, 2.363221e+03, 5547617, 2.461718e-02, 2.461273e-02, 2.490817e-02, 2.512976e-02, 2.519260e-02, 2.567279e-02, 2.597716e-02, 2.598299e-02, 2.599294e-02, 2.699452e-02, 2.900156e-02, 2.920988e-02, 4.419791e-02, 7.146003e-02, 7.216527e-02
INFO:bingo.evolutionary_optimizers.parallel_archipelago:Evolution time 0:00:49.973840	 age 790	 fitness 2.460e-02
Level 25:bingo.evolutionary_optimizers.evolutionary_optimizer:Generation: 650 	 Elapsed time: 0:40:13.480649 	 Best training fitness: 2.460187e-02 	 
Level 25:bingo.evolutionary_optimizers.evolutionary_optimizer:650, 2.413481e+03, 5646557, 2.460187e-02, 2.460187e-02, 2.461072e-02, 2.490817e-02, 2.512976e-02, 2.519260e-02, 2.567279e-02, 2.597716e-02, 2.598299e-02, 2.599294e-02, 2.699452e-02, 2.900156e-02, 2.920988e-02, 4.419791e-02, 7.146003e-02, 7.216527e-02
INFO:bingo.evolutionary_optimizers.parallel_archipelago:Evolution time 0:00:40.737344	 age 800	 fitness 2.456e-02
Level 25:bingo.evolutionary_optimizers.evolutionary_optimizer:Generation: 660 	 Elapsed time: 0:40:54.509388 	 Best training fitness: 2.455700e-02 	 
Level 25:bingo.evolutionary_optimizers.evolutionary_optimizer:660, 2.454509e+03, 5743938, 2.455700e-02, 2.455700e-02, 2.458650e-02, 2.489842e-02, 2.512976e-02, 2.519260e-02, 2.567279e-02, 2.597716e-02, 2.598299e-02, 2.599294e-02, 2.699452e-02, 2.900156e-02, 2.920988e-02, 4.419791e-02, 7.146003e-02, 7.216527e-02
INFO:bingo.evolutionary_optimizers.parallel_archipelago:Evolution time 0:00:30.812842	 age 810	 fitness 2.451e-02
Level 25:bingo.evolutionary_optimizers.evolutionary_optimizer:Generation: 670 	 Elapsed time: 0:41:25.611236 	 Best training fitness: 2.451261e-02 	 
Level 25:bingo.evolutionary_optimizers.evolutionary_optimizer:670, 2.485611e+03, 5827964, 2.451261e-02, 2.451261e-02, 2.489842e-02, 2.512976e-02, 2.519260e-02, 2.567279e-02, 2.597716e-02, 2.598299e-02, 2.599294e-02, 2.699452e-02, 2.900156e-02, 2.920988e-02, 4.419791e-02, 7.146003e-02, 7.216527e-02
INFO:bingo.evolutionary_optimizers.parallel_archipelago:Evolution time 0:01:08.103909	 age 820	 fitness 2.446e-02
Level 25:bingo.evolutionary_optimizers.evolutionary_optimizer:Generation: 680 	 Elapsed time: 0:42:34.005539 	 Best training fitness: 2.445791e-02 	 
Level 25:bingo.evolutionary_optimizers.evolutionary_optimizer:680, 2.554006e+03, 5969508, 2.445791e-02, 2.445791e-02, 2.471916e-02, 2.519260e-02, 2.567279e-02, 2.597716e-02, 2.598299e-02, 2.599294e-02, 2.699452e-02, 2.900156e-02, 2.920988e-02, 4.419791e-02, 7.146003e-02, 7.216527e-02
INFO:bingo.evolutionary_optimizers.parallel_archipelago:Evolution time 0:00:31.496344	 age 830	 fitness 2.451e-02
Level 25:bingo.evolutionary_optimizers.evolutionary_optimizer:Generation: 690 	 Elapsed time: 0:43:05.792036 	 Best training fitness: 2.450911e-02 	 
Level 25:bingo.evolutionary_optimizers.evolutionary_optimizer:690, 2.585792e+03, 6051540, 2.450911e-02, 2.445791e-02, 2.456927e-02, 2.468178e-02, 2.519260e-02, 2.567279e-02, 2.597716e-02, 2.598299e-02, 2.599294e-02, 2.699452e-02, 2.900114e-02, 2.920988e-02, 4.419791e-02, 7.146003e-02, 7.216527e-02
INFO:bingo.evolutionary_optimizers.parallel_archipelago:Evolution time 0:01:08.320836	 age 840	 fitness 2.453e-02
Level 25:bingo.evolutionary_optimizers.evolutionary_optimizer:Generation: 700 	 Elapsed time: 0:44:14.378702 	 Best training fitness: 2.452923e-02 	 
Level 25:bingo.evolutionary_optimizers.evolutionary_optimizer:700, 2.654379e+03, 6191730, 2.452923e-02, 2.445791e-02, 2.456927e-02, 2.468178e-02, 2.519260e-02, 2.567279e-02, 2.597716e-02, 2.598299e-02, 2.599294e-02, 2.699452e-02, 2.900114e-02, 2.920988e-02, 4.419791e-02, 7.146003e-02, 7.216527e-02
INFO:bingo.evolutionary_optimizers.parallel_archipelago:Evolution time 0:00:31.117651	 age 860	 fitness 2.449e-02
Level 25:bingo.evolutionary_optimizers.evolutionary_optimizer:Generation: 710 	 Elapsed time: 0:44:45.798065 	 Best training fitness: 2.448853e-02 	 
Level 25:bingo.evolutionary_optimizers.evolutionary_optimizer:710, 2.685798e+03, 6296073, 2.448853e-02, 2.445791e-02, 2.456927e-02, 2.468178e-02, 2.519260e-02, 2.567279e-02, 2.597716e-02, 2.598299e-02, 2.599294e-02, 2.699452e-02, 2.900114e-02, 2.920988e-02, 4.419791e-02, 7.146003e-02, 7.216527e-02
INFO:bingo.evolutionary_optimizers.parallel_archipelago:Evolution time 0:00:51.069928	 age 870	 fitness 2.449e-02
Level 25:bingo.evolutionary_optimizers.evolutionary_optimizer:Generation: 720 	 Elapsed time: 0:45:37.137114 	 Best training fitness: 2.448853e-02 	 
Level 25:bingo.evolutionary_optimizers.evolutionary_optimizer:720, 2.737137e+03, 6423236, 2.448853e-02, 2.445791e-02, 2.456927e-02, 2.468178e-02, 2.519260e-02, 2.567279e-02, 2.597716e-02, 2.598299e-02, 2.599294e-02, 2.699452e-02, 2.900114e-02, 2.920988e-02, 4.419791e-02, 7.146003e-02, 7.216527e-02
INFO:bingo.evolutionary_optimizers.parallel_archipelago:Evolution time 0:00:38.337207	 age 890	 fitness 2.450e-02
Level 25:bingo.evolutionary_optimizers.evolutionary_optimizer:Generation: 730 	 Elapsed time: 0:46:15.742943 	 Best training fitness: 2.450265e-02 	 
Level 25:bingo.evolutionary_optimizers.evolutionary_optimizer:730, 2.775743e+03, 6559947, 2.450265e-02, 2.445791e-02, 2.456927e-02, 2.468178e-02, 2.519260e-02, 2.567279e-02, 2.597716e-02, 2.598299e-02, 2.599294e-02, 2.699452e-02, 2.900114e-02, 2.920988e-02, 4.419791e-02, 7.146003e-02, 7.216527e-02
INFO:bingo.evolutionary_optimizers.parallel_archipelago:Evolution time 0:00:31.250578	 age 900	 fitness 2.450e-02
Level 25:bingo.evolutionary_optimizers.evolutionary_optimizer:Generation: 740 	 Elapsed time: 0:46:47.262737 	 Best training fitness: 2.450265e-02 	 
Level 25:bingo.evolutionary_optimizers.evolutionary_optimizer:740, 2.807263e+03, 6659407, 2.450265e-02, 2.445791e-02, 2.456927e-02, 2.468178e-02, 2.519260e-02, 2.567279e-02, 2.597716e-02, 2.598299e-02, 2.599294e-02, 2.699452e-02, 2.900114e-02, 2.920988e-02, 4.419791e-02, 7.146003e-02, 7.216527e-02
INFO:bingo.evolutionary_optimizers.parallel_archipelago:Evolution time 0:00:43.208359	 age 910	 fitness 2.452e-02
Level 25:bingo.evolutionary_optimizers.evolutionary_optimizer:Generation: 750 	 Elapsed time: 0:47:30.741629 	 Best training fitness: 2.451896e-02 	 
Level 25:bingo.evolutionary_optimizers.evolutionary_optimizer:750, 2.850742e+03, 6778145, 2.451896e-02, 2.445791e-02, 2.456927e-02, 2.468178e-02, 2.519260e-02, 2.567279e-02, 2.597716e-02, 2.598299e-02, 2.599294e-02, 2.699452e-02, 2.900114e-02, 2.920988e-02, 4.419791e-02, 7.146003e-02, 7.216527e-02
INFO:bingo.evolutionary_optimizers.parallel_archipelago:Evolution time 0:00:57.412950	 age 940	 fitness 2.449e-02
Level 25:bingo.evolutionary_optimizers.evolutionary_optimizer:Generation: 760 	 Elapsed time: 0:48:28.447151 	 Best training fitness: 2.448794e-02 	 
Level 25:bingo.evolutionary_optimizers.evolutionary_optimizer:760, 2.908447e+03, 6931715, 2.448794e-02, 2.445791e-02, 2.456927e-02, 2.468178e-02, 2.519260e-02, 2.567279e-02, 2.597716e-02, 2.598299e-02, 2.599294e-02, 2.699452e-02, 2.900114e-02, 2.920988e-02, 4.419791e-02, 7.146003e-02, 7.216527e-02
INFO:bingo.evolutionary_optimizers.parallel_archipelago:Evolution time 0:00:57.565663	 age 960	 fitness 2.450e-02
Level 25:bingo.evolutionary_optimizers.evolutionary_optimizer:Generation: 770 	 Elapsed time: 0:49:26.274478 	 Best training fitness: 2.450035e-02 	 
Level 25:bingo.evolutionary_optimizers.evolutionary_optimizer:770, 2.966274e+03, 7109229, 2.450035e-02, 2.445791e-02, 2.456927e-02, 2.468178e-02, 2.519260e-02, 2.567279e-02, 2.597716e-02, 2.598299e-02, 2.599294e-02, 2.699452e-02, 2.900114e-02, 2.920988e-02, 4.419791e-02, 7.146003e-02, 7.216527e-02
INFO:bingo.evolutionary_optimizers.parallel_archipelago:Evolution time 0:00:44.248484	 age 980	 fitness 2.451e-02
Level 25:bingo.evolutionary_optimizers.evolutionary_optimizer:Generation: 780 	 Elapsed time: 0:50:10.787869 	 Best training fitness: 2.450697e-02 	 
Level 25:bingo.evolutionary_optimizers.evolutionary_optimizer:780, 3.010788e+03, 7231639, 2.450697e-02, 2.445791e-02, 2.456927e-02, 2.468178e-02, 2.519260e-02, 2.567279e-02, 2.597716e-02, 2.598299e-02, 2.599294e-02, 2.699452e-02, 2.900114e-02, 2.908454e-02, 4.419791e-02, 7.146003e-02, 7.216527e-02
INFO:bingo.evolutionary_optimizers.parallel_archipelago:Evolution time 0:00:40.503018	 age 1000	 fitness 2.453e-02
Level 25:bingo.evolutionary_optimizers.evolutionary_optimizer:Generation: 790 	 Elapsed time: 0:50:51.554797 	 Best training fitness: 2.452606e-02 	 
Level 25:bingo.evolutionary_optimizers.evolutionary_optimizer:790, 3.051555e+03, 7386770, 2.452606e-02, 2.445791e-02, 2.456927e-02, 2.468178e-02, 2.519260e-02, 2.567279e-02, 2.597716e-02, 2.598299e-02, 2.599294e-02, 2.699452e-02, 2.900114e-02, 2.908454e-02, 4.419791e-02, 7.146003e-02, 7.216527e-02
INFO:bingo.evolutionary_optimizers.parallel_archipelago:Evolution time 0:00:36.914672	 age 1010	 fitness 2.448e-02
Level 25:bingo.evolutionary_optimizers.evolutionary_optimizer:Generation: 800 	 Elapsed time: 0:51:28.732049 	 Best training fitness: 2.448430e-02 	 
Level 25:bingo.evolutionary_optimizers.evolutionary_optimizer:800, 3.088732e+03, 7483426, 2.448430e-02, 2.445791e-02, 2.456927e-02, 2.468178e-02, 2.519260e-02, 2.567279e-02, 2.597716e-02, 2.598299e-02, 2.599294e-02, 2.699452e-02, 2.900114e-02, 2.908454e-02, 4.419791e-02, 7.146003e-02, 7.216527e-02
INFO:bingo.evolutionary_optimizers.parallel_archipelago:Evolution time 0:00:58.835776	 age 1040	 fitness 2.449e-02
Level 25:bingo.evolutionary_optimizers.evolutionary_optimizer:Generation: 810 	 Elapsed time: 0:52:27.837074 	 Best training fitness: 2.449095e-02 	 
Level 25:bingo.evolutionary_optimizers.evolutionary_optimizer:810, 3.147837e+03, 7652025, 2.449095e-02, 2.445791e-02, 2.456927e-02, 2.468178e-02, 2.519260e-02, 2.567279e-02, 2.597716e-02, 2.598299e-02, 2.599294e-02, 2.699452e-02, 2.900114e-02, 2.908454e-02, 4.419791e-02, 7.146003e-02, 7.216527e-02
INFO:bingo.evolutionary_optimizers.parallel_archipelago:Evolution time 0:00:40.710176	 age 1050	 fitness 2.452e-02
Level 25:bingo.evolutionary_optimizers.evolutionary_optimizer:Generation: 820 	 Elapsed time: 0:53:08.845758 	 Best training fitness: 2.451980e-02 	 
Level 25:bingo.evolutionary_optimizers.evolutionary_optimizer:820, 3.188846e+03, 7759025, 2.451980e-02, 2.445791e-02, 2.456927e-02, 2.468178e-02, 2.519260e-02, 2.567279e-02, 2.597716e-02, 2.598299e-02, 2.599294e-02, 2.699452e-02, 2.900114e-02, 2.906029e-02, 4.419791e-02, 7.146003e-02, 7.216527e-02
INFO:bingo.evolutionary_optimizers.parallel_archipelago:Evolution time 0:00:20.735180	 age 1060	 fitness 2.450e-02
Level 25:bingo.evolutionary_optimizers.evolutionary_optimizer:Generation: 830 	 Elapsed time: 0:53:29.851710 	 Best training fitness: 2.449622e-02 	 
Level 25:bingo.evolutionary_optimizers.evolutionary_optimizer:830, 3.209852e+03, 7845060, 2.449622e-02, 2.445791e-02, 2.456927e-02, 2.468178e-02, 2.519260e-02, 2.567279e-02, 2.597716e-02, 2.598299e-02, 2.599294e-02, 2.699452e-02, 2.900114e-02, 2.903226e-02, 4.419791e-02, 7.146003e-02, 7.216527e-02
INFO:bingo.evolutionary_optimizers.parallel_archipelago:Evolution time 0:00:55.604897	 age 1080	 fitness 2.449e-02
Level 25:bingo.evolutionary_optimizers.evolutionary_optimizer:Generation: 840 	 Elapsed time: 0:54:25.725394 	 Best training fitness: 2.448593e-02 	 
Level 25:bingo.evolutionary_optimizers.evolutionary_optimizer:840, 3.265725e+03, 7993006, 2.448593e-02, 2.445791e-02, 2.456927e-02, 2.468178e-02, 2.519260e-02, 2.567279e-02, 2.597716e-02, 2.598299e-02, 2.599294e-02, 2.699452e-02, 2.900114e-02, 2.903226e-02, 4.419791e-02, 7.146003e-02, 7.216527e-02
INFO:bingo.evolutionary_optimizers.parallel_archipelago:Evolution time 0:01:06.023254	 age 1090	 fitness 2.450e-02
Level 25:bingo.evolutionary_optimizers.evolutionary_optimizer:Generation: 850 	 Elapsed time: 0:55:32.035688 	 Best training fitness: 2.450414e-02 	 
Level 25:bingo.evolutionary_optimizers.evolutionary_optimizer:850, 3.332036e+03, 8122028, 2.450414e-02, 2.445791e-02, 2.456927e-02, 2.468178e-02, 2.519260e-02, 2.567279e-02, 2.597716e-02, 2.598299e-02, 2.599294e-02, 2.699452e-02, 2.900114e-02, 2.901693e-02, 2.903226e-02, 4.419791e-02, 7.146003e-02, 7.216527e-02
INFO:bingo.evolutionary_optimizers.parallel_archipelago:Evolution time 0:00:35.131564	 age 1100	 fitness 2.450e-02
Level 25:bingo.evolutionary_optimizers.evolutionary_optimizer:Generation: 860 	 Elapsed time: 0:56:07.446445 	 Best training fitness: 2.450163e-02 	 
Level 25:bingo.evolutionary_optimizers.evolutionary_optimizer:860, 3.367446e+03, 8220814, 2.450163e-02, 2.445791e-02, 2.456927e-02, 2.468178e-02, 2.519260e-02, 2.567279e-02, 2.597716e-02, 2.598299e-02, 2.599294e-02, 2.699452e-02, 2.897688e-02, 2.903226e-02, 4.419791e-02, 7.146003e-02, 7.216527e-02
INFO:bingo.evolutionary_optimizers.parallel_archipelago:Evolution time 0:00:52.940353	 age 1110	 fitness 2.450e-02
Level 25:bingo.evolutionary_optimizers.evolutionary_optimizer:Generation: 870 	 Elapsed time: 0:57:00.670828 	 Best training fitness: 2.450163e-02 	 
Level 25:bingo.evolutionary_optimizers.evolutionary_optimizer:870, 3.420671e+03, 8313960, 2.450163e-02, 2.445791e-02, 2.456927e-02, 2.468178e-02, 2.519260e-02, 2.567279e-02, 2.597716e-02, 2.598299e-02, 2.599294e-02, 2.699452e-02, 2.896672e-02, 2.903226e-02, 4.419791e-02, 7.146003e-02, 7.216527e-02
INFO:bingo.evolutionary_optimizers.parallel_archipelago:Evolution time 0:00:37.123500	 age 1120	 fitness 2.452e-02
Level 25:bingo.evolutionary_optimizers.evolutionary_optimizer:Generation: 880 	 Elapsed time: 0:57:38.105731 	 Best training fitness: 2.451897e-02 	 
Level 25:bingo.evolutionary_optimizers.evolutionary_optimizer:880, 3.458106e+03, 8427862, 2.451897e-02, 2.445791e-02, 2.456927e-02, 2.468178e-02, 2.519260e-02, 2.567279e-02, 2.597716e-02, 2.598299e-02, 2.599294e-02, 2.699452e-02, 2.896368e-02, 2.903226e-02, 4.419791e-02, 7.146003e-02, 7.216527e-02
INFO:bingo.evolutionary_optimizers.parallel_archipelago:Evolution time 0:00:53.481568	 age 1140	 fitness 2.446e-02
Level 25:bingo.evolutionary_optimizers.evolutionary_optimizer:Generation: 890 	 Elapsed time: 0:58:31.869514 	 Best training fitness: 2.445978e-02 	 
Level 25:bingo.evolutionary_optimizers.evolutionary_optimizer:890, 3.511870e+03, 8558447, 2.445978e-02, 2.445791e-02, 2.456927e-02, 2.468178e-02, 2.519260e-02, 2.567279e-02, 2.597716e-02, 2.598299e-02, 2.599294e-02, 2.699452e-02, 2.894358e-02, 2.903226e-02, 4.419791e-02, 7.146003e-02, 7.216527e-02
INFO:bingo.evolutionary_optimizers.parallel_archipelago:Evolution time 0:00:58.164167	 age 1150	 fitness 2.450e-02
Level 25:bingo.evolutionary_optimizers.evolutionary_optimizer:Generation: 900 	 Elapsed time: 0:59:30.303312 	 Best training fitness: 2.450029e-02 	 
Level 25:bingo.evolutionary_optimizers.evolutionary_optimizer:900, 3.570303e+03, 8663783, 2.450029e-02, 2.445791e-02, 2.456927e-02, 2.468178e-02, 2.519260e-02, 2.567279e-02, 2.597716e-02, 2.598299e-02, 2.599294e-02, 2.699452e-02, 2.894358e-02, 2.903226e-02, 4.419791e-02, 7.146003e-02, 7.216527e-02
INFO:bingo.evolutionary_optimizers.parallel_archipelago:Evolution time 0:01:06.632618	 age 1160	 fitness 2.446e-02
Level 25:bingo.evolutionary_optimizers.evolutionary_optimizer:Generation: 910 	 Elapsed time: 1:00:37.207046 	 Best training fitness: 2.445859e-02 	 
Level 25:bingo.evolutionary_optimizers.evolutionary_optimizer:910, 3.637207e+03, 8813201, 2.445859e-02, 2.445791e-02, 2.454217e-02, 2.468178e-02, 2.519260e-02, 2.567279e-02, 2.597716e-02, 2.598299e-02, 2.599294e-02, 2.699452e-02, 2.894358e-02, 2.903226e-02, 4.419791e-02, 7.146003e-02, 7.216527e-02
INFO:bingo.evolutionary_optimizers.parallel_archipelago:Evolution time 0:00:36.474624	 age 1170	 fitness 2.446e-02
Level 25:bingo.evolutionary_optimizers.evolutionary_optimizer:Generation: 920 	 Elapsed time: 1:01:13.954570 	 Best training fitness: 2.445859e-02 	 
Level 25:bingo.evolutionary_optimizers.evolutionary_optimizer:920, 3.673955e+03, 8913442, 2.445859e-02, 2.445791e-02, 2.453994e-02, 2.468178e-02, 2.519260e-02, 2.567279e-02, 2.597716e-02, 2.598299e-02, 2.599294e-02, 2.699452e-02, 2.893398e-02, 2.903226e-02, 4.419791e-02, 7.146003e-02, 7.216527e-02
INFO:bingo.evolutionary_optimizers.parallel_archipelago:Evolution time 0:00:32.073500	 age 1180	 fitness 2.446e-02
Level 25:bingo.evolutionary_optimizers.evolutionary_optimizer:Generation: 930 	 Elapsed time: 1:01:46.300817 	 Best training fitness: 2.445859e-02 	 
Level 25:bingo.evolutionary_optimizers.evolutionary_optimizer:930, 3.706301e+03, 9009661, 2.445859e-02, 2.445791e-02, 2.453994e-02, 2.468178e-02, 2.519260e-02, 2.567279e-02, 2.597716e-02, 2.598299e-02, 2.599294e-02, 2.699452e-02, 2.893398e-02, 2.903226e-02, 4.419791e-02, 7.146003e-02, 7.216527e-02
INFO:bingo.evolutionary_optimizers.parallel_archipelago:Evolution time 0:00:31.433578	 age 1190	 fitness 2.446e-02
Level 25:bingo.evolutionary_optimizers.evolutionary_optimizer:Generation: 940 	 Elapsed time: 1:02:18.035820 	 Best training fitness: 2.445859e-02 	 
Level 25:bingo.evolutionary_optimizers.evolutionary_optimizer:940, 3.738036e+03, 9103896, 2.445859e-02, 2.445791e-02, 2.453994e-02, 2.468178e-02, 2.519260e-02, 2.567279e-02, 2.597716e-02, 2.598299e-02, 2.599294e-02, 2.699452e-02, 2.893398e-02, 2.903226e-02, 4.419791e-02, 7.146003e-02, 7.216527e-02
INFO:bingo.evolutionary_optimizers.parallel_archipelago:Evolution time 0:00:39.097138	 age 1200	 fitness 2.448e-02
Level 25:bingo.evolutionary_optimizers.evolutionary_optimizer:Generation: 950 	 Elapsed time: 1:02:57.405014 	 Best training fitness: 2.447781e-02 	 
Level 25:bingo.evolutionary_optimizers.evolutionary_optimizer:950, 3.777405e+03, 9209917, 2.447781e-02, 2.445791e-02, 2.453994e-02, 2.468178e-02, 2.519260e-02, 2.567279e-02, 2.597716e-02, 2.598299e-02, 2.599294e-02, 2.699452e-02, 2.893398e-02, 2.903226e-02, 4.419791e-02, 7.146003e-02, 7.216527e-02
INFO:bingo.evolutionary_optimizers.parallel_archipelago:Evolution time 0:00:31.109219	 age 1210	 fitness 2.448e-02
Level 25:bingo.evolutionary_optimizers.evolutionary_optimizer:Generation: 960 	 Elapsed time: 1:03:28.788233 	 Best training fitness: 2.447781e-02 	 
Level 25:bingo.evolutionary_optimizers.evolutionary_optimizer:960, 3.808788e+03, 9297820, 2.447781e-02, 2.445791e-02, 2.450099e-02, 2.468178e-02, 2.519260e-02, 2.567279e-02, 2.597716e-02, 2.598299e-02, 2.599294e-02, 2.699452e-02, 2.893398e-02, 2.903226e-02, 4.419791e-02, 7.146003e-02, 7.216527e-02
INFO:bingo.evolutionary_optimizers.parallel_archipelago:Evolution time 0:00:32.911569	 age 1220	 fitness 2.454e-02
Level 25:bingo.evolutionary_optimizers.evolutionary_optimizer:Generation: 970 	 Elapsed time: 1:04:01.952638 	 Best training fitness: 2.453937e-02 	 
Level 25:bingo.evolutionary_optimizers.evolutionary_optimizer:970, 3.841953e+03, 9399783, 2.453937e-02, 2.445791e-02, 2.450099e-02, 2.468178e-02, 2.519260e-02, 2.567279e-02, 2.597716e-02, 2.598299e-02, 2.599294e-02, 2.699452e-02, 2.893398e-02, 2.903226e-02, 4.419791e-02, 7.146003e-02, 7.216527e-02
INFO:bingo.evolutionary_optimizers.parallel_archipelago:Evolution time 0:01:09.034073	 age 1230	 fitness 0.000e+00
Level 25:bingo.evolutionary_optimizers.evolutionary_optimizer:Generation: 980 	 Elapsed time: 1:05:11.235509 	 Best training fitness: 0.000000e+00 	 
Level 25:bingo.evolutionary_optimizers.evolutionary_optimizer:980, 3.911236e+03, 9535141, 0.000000e+00, 0.000000e+00, 7.216527e-02
Level 25:bingo.evolutionary_optimizers.evolutionary_optimizer:Evolution successfully converged.
Level 25:bingo.evolutionary_optimizers.evolutionary_optimizer:  Absolte convergence occurred with best fitness < 1e-10
Level 25:bingo.evolutionary_optimizers.evolutionary_optimizer:Hall of Fame:
0.0	7	sin(log((X_0)(X_0) + (X_1)(X_1)))
0.07216526612800152	1	-0.933796
