Level 25:bingo.evolutionary_optimizers.evolutionary_optimizer:#generational_age, elapsed_time, fitness_evaluation_count, current_training_fitness, hall_of_fame_fitnesses
Level 25:bingo.evolutionary_optimizers.evolutionary_optimizer:#generational_age, elapsed_time, fitness_evaluation_count, current_training_fitness, hall_of_fame_fitnesses
Level 25:bingo.evolutionary_optimizers.evolutionary_optimizer:Generation: 0 	 Elapsed time: 0:00:06.430927 	 Best training fitness: 1.684063e-01 	 
Level 25:bingo.evolutionary_optimizers.evolutionary_optimizer:0, 6.430927e+00, 15985, 1.684063e-01
INFO:bingo.evolutionary_optimizers.parallel_archipelago:Evolution time 0:00:34.251666	 age 20	 fitness 1.683e-01
Level 25:bingo.evolutionary_optimizers.evolutionary_optimizer:Generation: 10 	 Elapsed time: 0:00:40.980813 	 Best training fitness: 1.682905e-01 	 
Level 25:bingo.evolutionary_optimizers.evolutionary_optimizer:10, 4.098081e+01, 113484, 1.682905e-01, 1.682905e-01, 1.684676e-01, 1.686588e-01
INFO:bingo.evolutionary_optimizers.parallel_archipelago:Evolution time 0:00:48.480305	 age 30	 fitness 1.683e-01
Level 25:bingo.evolutionary_optimizers.evolutionary_optimizer:Generation: 20 	 Elapsed time: 0:01:29.779136 	 Best training fitness: 1.682933e-01 	 
Level 25:bingo.evolutionary_optimizers.evolutionary_optimizer:20, 8.977914e+01, 208982, 1.682933e-01, 1.682905e-01, 1.683878e-01
INFO:bingo.evolutionary_optimizers.parallel_archipelago:Evolution time 0:00:47.549152	 age 40	 fitness 1.683e-01
Level 25:bingo.evolutionary_optimizers.evolutionary_optimizer:Generation: 30 	 Elapsed time: 0:02:17.671029 	 Best training fitness: 1.682819e-01 	 
Level 25:bingo.evolutionary_optimizers.evolutionary_optimizer:30, 1.376710e+02, 311600, 1.682819e-01, 1.682819e-01, 1.683220e-01
INFO:bingo.evolutionary_optimizers.parallel_archipelago:Evolution time 0:00:36.590555	 age 50	 fitness 1.679e-01
Level 25:bingo.evolutionary_optimizers.evolutionary_optimizer:Generation: 40 	 Elapsed time: 0:02:54.572421 	 Best training fitness: 1.678630e-01 	 
Level 25:bingo.evolutionary_optimizers.evolutionary_optimizer:40, 1.745724e+02, 386146, 1.678630e-01, 1.678630e-01, 1.682819e-01, 1.683220e-01
INFO:bingo.evolutionary_optimizers.parallel_archipelago:Evolution time 0:00:19.667435	 age 60	 fitness 1.432e-01
Level 25:bingo.evolutionary_optimizers.evolutionary_optimizer:Generation: 50 	 Elapsed time: 0:03:14.555477 	 Best training fitness: 1.431506e-01 	 
Level 25:bingo.evolutionary_optimizers.evolutionary_optimizer:50, 1.945555e+02, 446183, 1.431506e-01, 1.431506e-01, 1.682819e-01, 1.683220e-01
INFO:bingo.evolutionary_optimizers.parallel_archipelago:Evolution time 0:00:48.449502	 age 80	 fitness 1.240e-01
Level 25:bingo.evolutionary_optimizers.evolutionary_optimizer:Generation: 60 	 Elapsed time: 0:04:03.319403 	 Best training fitness: 1.239880e-01 	 
Level 25:bingo.evolutionary_optimizers.evolutionary_optimizer:60, 2.433194e+02, 550641, 1.239880e-01, 1.239880e-01, 1.682819e-01, 1.683220e-01
INFO:bingo.evolutionary_optimizers.parallel_archipelago:Evolution time 0:00:34.209890	 age 90	 fitness 1.238e-01
Level 25:bingo.evolutionary_optimizers.evolutionary_optimizer:Generation: 70 	 Elapsed time: 0:04:37.843847 	 Best training fitness: 1.238487e-01 	 
Level 25:bingo.evolutionary_optimizers.evolutionary_optimizer:70, 2.778438e+02, 625832, 1.238487e-01, 1.238487e-01, 1.682819e-01, 1.683220e-01
INFO:bingo.evolutionary_optimizers.parallel_archipelago:Evolution time 0:00:32.055349	 age 110	 fitness 1.112e-01
Level 25:bingo.evolutionary_optimizers.evolutionary_optimizer:Generation: 80 	 Elapsed time: 0:05:10.216737 	 Best training fitness: 1.111683e-01 	 
Level 25:bingo.evolutionary_optimizers.evolutionary_optimizer:80, 3.102167e+02, 727762, 1.111683e-01, 1.111683e-01, 1.190531e-01, 1.238487e-01, 1.682819e-01, 1.683220e-01
INFO:bingo.evolutionary_optimizers.parallel_archipelago:Evolution time 0:00:27.738202	 age 120	 fitness 1.111e-01
Level 25:bingo.evolutionary_optimizers.evolutionary_optimizer:Generation: 90 	 Elapsed time: 0:05:38.209258 	 Best training fitness: 1.110816e-01 	 
Level 25:bingo.evolutionary_optimizers.evolutionary_optimizer:90, 3.382093e+02, 811590, 1.110816e-01, 1.110816e-01, 1.190531e-01, 1.238487e-01, 1.682692e-01
INFO:bingo.evolutionary_optimizers.parallel_archipelago:Evolution time 0:00:17.888949	 age 130	 fitness 1.111e-01
Level 25:bingo.evolutionary_optimizers.evolutionary_optimizer:Generation: 100 	 Elapsed time: 0:05:56.383855 	 Best training fitness: 1.110950e-01 	 
Level 25:bingo.evolutionary_optimizers.evolutionary_optimizer:100, 3.563839e+02, 865037, 1.110950e-01, 1.110816e-01, 1.190397e-01, 1.238487e-01, 1.682692e-01
INFO:bingo.evolutionary_optimizers.parallel_archipelago:Evolution time 0:00:30.251562	 age 140	 fitness 1.111e-01
Level 25:bingo.evolutionary_optimizers.evolutionary_optimizer:Generation: 110 	 Elapsed time: 0:06:26.895680 	 Best training fitness: 1.110535e-01 	 
Level 25:bingo.evolutionary_optimizers.evolutionary_optimizer:110, 3.868957e+02, 939003, 1.110535e-01, 1.110535e-01, 1.190397e-01, 1.238487e-01, 1.682692e-01
INFO:bingo.evolutionary_optimizers.parallel_archipelago:Evolution time 0:00:39.412264	 age 150	 fitness 1.110e-01
Level 25:bingo.evolutionary_optimizers.evolutionary_optimizer:Generation: 120 	 Elapsed time: 0:07:06.613395 	 Best training fitness: 1.109606e-01 	 
Level 25:bingo.evolutionary_optimizers.evolutionary_optimizer:120, 4.266134e+02, 1018955, 1.109606e-01, 1.109606e-01, 1.110535e-01, 1.190397e-01, 1.238487e-01, 1.682692e-01
INFO:bingo.evolutionary_optimizers.parallel_archipelago:Evolution time 0:00:48.074468	 age 160	 fitness 1.107e-01
Level 25:bingo.evolutionary_optimizers.evolutionary_optimizer:Generation: 130 	 Elapsed time: 0:07:54.952390 	 Best training fitness: 1.107371e-01 	 
Level 25:bingo.evolutionary_optimizers.evolutionary_optimizer:130, 4.749524e+02, 1113129, 1.107371e-01, 1.107371e-01, 1.110535e-01, 1.190397e-01, 1.238487e-01, 1.682692e-01
INFO:bingo.evolutionary_optimizers.parallel_archipelago:Evolution time 0:00:22.289788	 age 170	 fitness 4.195e-02
Level 25:bingo.evolutionary_optimizers.evolutionary_optimizer:Generation: 140 	 Elapsed time: 0:08:17.504361 	 Best training fitness: 4.195392e-02 	 
Level 25:bingo.evolutionary_optimizers.evolutionary_optimizer:140, 4.975044e+02, 1184639, 4.195392e-02, 4.195392e-02, 7.935793e-02, 1.190397e-01, 1.238487e-01, 1.682540e-01, 1.682692e-01
INFO:bingo.evolutionary_optimizers.parallel_archipelago:Evolution time 0:00:19.427620	 age 180	 fitness 4.146e-02
Level 25:bingo.evolutionary_optimizers.evolutionary_optimizer:Generation: 150 	 Elapsed time: 0:08:37.198363 	 Best training fitness: 4.145521e-02 	 
Level 25:bingo.evolutionary_optimizers.evolutionary_optimizer:150, 5.171984e+02, 1246254, 4.145521e-02, 4.145521e-02, 4.883152e-02, 1.238487e-01, 1.682540e-01, 1.682692e-01
INFO:bingo.evolutionary_optimizers.parallel_archipelago:Evolution time 0:00:47.059659	 age 190	 fitness 4.878e-04
Level 25:bingo.evolutionary_optimizers.evolutionary_optimizer:Generation: 160 	 Elapsed time: 0:09:24.525260 	 Best training fitness: 4.878168e-04 	 
Level 25:bingo.evolutionary_optimizers.evolutionary_optimizer:160, 5.645253e+02, 1325362, 4.878168e-04, 4.878168e-04, 4.109614e-02, 1.682540e-01, 1.682692e-01
INFO:bingo.evolutionary_optimizers.parallel_archipelago:Evolution time 0:00:20.034997	 age 200	 fitness 1.143e-04
Level 25:bingo.evolutionary_optimizers.evolutionary_optimizer:Generation: 170 	 Elapsed time: 0:09:44.868380 	 Best training fitness: 1.142956e-04 	 
Level 25:bingo.evolutionary_optimizers.evolutionary_optimizer:170, 5.848684e+02, 1385026, 1.142956e-04, 1.142956e-04, 2.793012e-04, 4.574811e-04, 4.878136e-04, 1.370980e-03, 4.109431e-02, 1.682540e-01, 1.682692e-01
INFO:bingo.evolutionary_optimizers.parallel_archipelago:Evolution time 0:00:53.395211	 age 210	 fitness 0.000e+00
Level 25:bingo.evolutionary_optimizers.evolutionary_optimizer:Generation: 180 	 Elapsed time: 0:10:38.525773 	 Best training fitness: 0.000000e+00 	 
Level 25:bingo.evolutionary_optimizers.evolutionary_optimizer:180, 6.385258e+02, 1492667, 0.000000e+00, 0.000000e+00, 1.682540e-01, 1.682692e-01
Level 25:bingo.evolutionary_optimizers.evolutionary_optimizer:Evolution successfully converged.
Level 25:bingo.evolutionary_optimizers.evolutionary_optimizer:  Absolte convergence occurred with best fitness < 1e-10
Level 25:bingo.evolutionary_optimizers.evolutionary_optimizer:Hall of Fame:
0.0	7	sin(log((X_0)(X_0) + (X_1)(X_1)))
0.16825402175221382	5	log(log(log(sin(-0.229411))))
0.16826916643250864	1	-0.933979
