Level 25:bingo.evolutionary_optimizers.evolutionary_optimizer:#generational_age, elapsed_time, fitness_evaluation_count, current_training_fitness, hall_of_fame_fitnesses
Level 25:bingo.evolutionary_optimizers.evolutionary_optimizer:#generational_age, elapsed_time, fitness_evaluation_count, current_training_fitness, hall_of_fame_fitnesses
Level 25:bingo.evolutionary_optimizers.evolutionary_optimizer:Generation: 0 	 Elapsed time: 0:00:04.524134 	 Best training fitness: 1.685016e-01 	 
Level 25:bingo.evolutionary_optimizers.evolutionary_optimizer:0, 4.524134e+00, 14429, 1.685016e-01
INFO:bingo.evolutionary_optimizers.parallel_archipelago:Evolution time 0:01:07.797249	 age 40	 fitness 1.341e-01
Level 25:bingo.evolutionary_optimizers.evolutionary_optimizer:Generation: 10 	 Elapsed time: 0:01:12.529331 	 Best training fitness: 1.340797e-01 	 
Level 25:bingo.evolutionary_optimizers.evolutionary_optimizer:10, 7.252933e+01, 164597, 1.340797e-01, 1.340797e-01, 1.683336e-01
INFO:bingo.evolutionary_optimizers.parallel_archipelago:Evolution time 0:00:19.394396	 age 50	 fitness 1.338e-01
Level 25:bingo.evolutionary_optimizers.evolutionary_optimizer:Generation: 20 	 Elapsed time: 0:01:32.148277 	 Best training fitness: 1.337611e-01 	 
Level 25:bingo.evolutionary_optimizers.evolutionary_optimizer:20, 9.214828e+01, 217914, 1.337611e-01, 1.337611e-01, 1.682744e-01
INFO:bingo.evolutionary_optimizers.parallel_archipelago:Evolution time 0:00:17.860315	 age 60	 fitness 1.240e-01
Level 25:bingo.evolutionary_optimizers.evolutionary_optimizer:Generation: 30 	 Elapsed time: 0:01:50.266817 	 Best training fitness: 1.239527e-01 	 
Level 25:bingo.evolutionary_optimizers.evolutionary_optimizer:30, 1.102668e+02, 271821, 1.239527e-01, 1.239527e-01, 1.682744e-01
INFO:bingo.evolutionary_optimizers.parallel_archipelago:Evolution time 0:00:43.037126	 age 90	 fitness 1.109e-01
Level 25:bingo.evolutionary_optimizers.evolutionary_optimizer:Generation: 40 	 Elapsed time: 0:02:33.540813 	 Best training fitness: 1.109106e-01 	 
Level 25:bingo.evolutionary_optimizers.evolutionary_optimizer:40, 1.535408e+02, 345851, 1.109106e-01, 1.109106e-01, 1.218210e-01, 1.218223e-01, 1.237784e-01, 1.238723e-01, 1.682744e-01
INFO:bingo.evolutionary_optimizers.parallel_archipelago:Evolution time 0:00:31.755510	 age 110	 fitness 1.108e-01
Level 25:bingo.evolutionary_optimizers.evolutionary_optimizer:Generation: 50 	 Elapsed time: 0:03:05.545436 	 Best training fitness: 1.108495e-01 	 
Level 25:bingo.evolutionary_optimizers.evolutionary_optimizer:50, 1.855454e+02, 410197, 1.108495e-01, 1.108495e-01, 1.108858e-01, 1.217089e-01, 1.217169e-01, 1.237784e-01, 1.238723e-01, 1.682744e-01
INFO:bingo.evolutionary_optimizers.parallel_archipelago:Evolution time 0:00:35.304738	 age 120	 fitness 8.498e-02
Level 25:bingo.evolutionary_optimizers.evolutionary_optimizer:Generation: 60 	 Elapsed time: 0:03:41.222646 	 Best training fitness: 8.497830e-02 	 
Level 25:bingo.evolutionary_optimizers.evolutionary_optimizer:60, 2.212226e+02, 481427, 8.497830e-02, 8.497830e-02, 1.238691e-01, 1.682744e-01
INFO:bingo.evolutionary_optimizers.parallel_archipelago:Evolution time 0:00:58.547598	 age 130	 fitness 8.477e-02
Level 25:bingo.evolutionary_optimizers.evolutionary_optimizer:Generation: 70 	 Elapsed time: 0:04:40.025948 	 Best training fitness: 8.476724e-02 	 
Level 25:bingo.evolutionary_optimizers.evolutionary_optimizer:70, 2.800259e+02, 568630, 8.476724e-02, 8.476724e-02, 1.238691e-01, 1.682744e-01
INFO:bingo.evolutionary_optimizers.parallel_archipelago:Evolution time 0:00:37.776118	 age 150	 fitness 8.478e-02
Level 25:bingo.evolutionary_optimizers.evolutionary_optimizer:Generation: 80 	 Elapsed time: 0:05:18.057138 	 Best training fitness: 8.478282e-02 	 
Level 25:bingo.evolutionary_optimizers.evolutionary_optimizer:80, 3.180571e+02, 644838, 8.478282e-02, 8.476724e-02, 1.238691e-01, 1.682744e-01
INFO:bingo.evolutionary_optimizers.parallel_archipelago:Evolution time 0:00:34.465258	 age 160	 fitness 8.475e-02
Level 25:bingo.evolutionary_optimizers.evolutionary_optimizer:Generation: 90 	 Elapsed time: 0:05:52.774024 	 Best training fitness: 8.474782e-02 	 
Level 25:bingo.evolutionary_optimizers.evolutionary_optimizer:90, 3.527740e+02, 713390, 8.474782e-02, 8.474782e-02, 1.238691e-01, 1.682744e-01
INFO:bingo.evolutionary_optimizers.parallel_archipelago:Evolution time 0:00:59.373652	 age 180	 fitness 8.472e-02
Level 25:bingo.evolutionary_optimizers.evolutionary_optimizer:Generation: 100 	 Elapsed time: 0:06:52.432561 	 Best training fitness: 8.472359e-02 	 
Level 25:bingo.evolutionary_optimizers.evolutionary_optimizer:100, 4.124326e+02, 808357, 8.472359e-02, 8.472359e-02, 1.238691e-01, 1.682744e-01
INFO:bingo.evolutionary_optimizers.parallel_archipelago:Evolution time 0:00:52.272345	 age 210	 fitness 8.473e-02
Level 25:bingo.evolutionary_optimizers.evolutionary_optimizer:Generation: 110 	 Elapsed time: 0:07:44.958821 	 Best training fitness: 8.472814e-02 	 
Level 25:bingo.evolutionary_optimizers.evolutionary_optimizer:110, 4.649588e+02, 895856, 8.472814e-02, 8.472359e-02, 1.238691e-01, 1.682744e-01
INFO:bingo.evolutionary_optimizers.parallel_archipelago:Evolution time 0:00:29.545835	 age 220	 fitness 8.473e-02
Level 25:bingo.evolutionary_optimizers.evolutionary_optimizer:Generation: 120 	 Elapsed time: 0:08:14.749522 	 Best training fitness: 8.472685e-02 	 
Level 25:bingo.evolutionary_optimizers.evolutionary_optimizer:120, 4.947495e+02, 964802, 8.472685e-02, 8.472359e-02, 1.238691e-01, 1.682744e-01
INFO:bingo.evolutionary_optimizers.parallel_archipelago:Evolution time 0:00:20.020559	 age 230	 fitness 8.474e-02
Level 25:bingo.evolutionary_optimizers.evolutionary_optimizer:Generation: 130 	 Elapsed time: 0:08:35.012915 	 Best training fitness: 8.473888e-02 	 
Level 25:bingo.evolutionary_optimizers.evolutionary_optimizer:130, 5.150129e+02, 1023689, 8.473888e-02, 8.472359e-02, 1.238691e-01, 1.682646e-01, 1.682744e-01
INFO:bingo.evolutionary_optimizers.parallel_archipelago:Evolution time 0:00:32.701629	 age 240	 fitness 8.473e-02
Level 25:bingo.evolutionary_optimizers.evolutionary_optimizer:Generation: 140 	 Elapsed time: 0:09:07.957714 	 Best training fitness: 8.473251e-02 	 
Level 25:bingo.evolutionary_optimizers.evolutionary_optimizer:140, 5.479577e+02, 1096119, 8.473251e-02, 8.472359e-02, 1.238494e-01, 1.682646e-01, 1.682744e-01
INFO:bingo.evolutionary_optimizers.parallel_archipelago:Evolution time 0:00:57.955063	 age 250	 fitness 8.473e-02
Level 25:bingo.evolutionary_optimizers.evolutionary_optimizer:Generation: 150 	 Elapsed time: 0:10:06.158940 	 Best training fitness: 8.472616e-02 	 
Level 25:bingo.evolutionary_optimizers.evolutionary_optimizer:150, 6.061589e+02, 1188349, 8.472616e-02, 8.472359e-02, 1.238494e-01, 1.682646e-01, 1.682744e-01
INFO:bingo.evolutionary_optimizers.parallel_archipelago:Evolution time 0:00:39.854398	 age 270	 fitness 8.471e-02
Level 25:bingo.evolutionary_optimizers.evolutionary_optimizer:Generation: 160 	 Elapsed time: 0:10:46.289207 	 Best training fitness: 8.471213e-02 	 
Level 25:bingo.evolutionary_optimizers.evolutionary_optimizer:160, 6.462892e+02, 1273881, 8.471213e-02, 8.471213e-02, 1.238494e-01, 1.682646e-01, 1.682744e-01
INFO:bingo.evolutionary_optimizers.parallel_archipelago:Evolution time 0:00:34.704080	 age 280	 fitness 8.473e-02
Level 25:bingo.evolutionary_optimizers.evolutionary_optimizer:Generation: 170 	 Elapsed time: 0:11:21.237273 	 Best training fitness: 8.472922e-02 	 
Level 25:bingo.evolutionary_optimizers.evolutionary_optimizer:170, 6.812373e+02, 1376578, 8.472922e-02, 8.471213e-02, 1.238494e-01, 1.682646e-01, 1.682744e-01
INFO:bingo.evolutionary_optimizers.parallel_archipelago:Evolution time 0:00:47.797810	 age 290	 fitness 8.408e-02
Level 25:bingo.evolutionary_optimizers.evolutionary_optimizer:Generation: 180 	 Elapsed time: 0:12:09.289184 	 Best training fitness: 8.408329e-02 	 
Level 25:bingo.evolutionary_optimizers.evolutionary_optimizer:180, 7.292892e+02, 1484362, 8.408329e-02, 8.408329e-02, 8.471213e-02, 1.238494e-01, 1.682646e-01, 1.682744e-01
INFO:bingo.evolutionary_optimizers.parallel_archipelago:Evolution time 0:00:48.749615	 age 300	 fitness 8.310e-02
Level 25:bingo.evolutionary_optimizers.evolutionary_optimizer:Generation: 190 	 Elapsed time: 0:12:58.297159 	 Best training fitness: 8.310194e-02 	 
Level 25:bingo.evolutionary_optimizers.evolutionary_optimizer:190, 7.782972e+02, 1609354, 8.310194e-02, 8.310194e-02, 8.471213e-02, 1.238494e-01, 1.682646e-01, 1.682744e-01
INFO:bingo.evolutionary_optimizers.parallel_archipelago:Evolution time 0:00:33.547195	 age 310	 fitness 8.302e-02
Level 25:bingo.evolutionary_optimizers.evolutionary_optimizer:Generation: 200 	 Elapsed time: 0:13:32.102369 	 Best training fitness: 8.301747e-02 	 
Level 25:bingo.evolutionary_optimizers.evolutionary_optimizer:200, 8.121024e+02, 1721955, 8.301747e-02, 8.301747e-02, 8.471213e-02, 1.238494e-01, 1.682646e-01, 1.682744e-01
INFO:bingo.evolutionary_optimizers.parallel_archipelago:Evolution time 0:00:49.096790	 age 320	 fitness 8.295e-02
Level 25:bingo.evolutionary_optimizers.evolutionary_optimizer:Generation: 210 	 Elapsed time: 0:14:21.457559 	 Best training fitness: 8.295429e-02 	 
Level 25:bingo.evolutionary_optimizers.evolutionary_optimizer:210, 8.614576e+02, 1852966, 8.295429e-02, 8.295429e-02, 8.471213e-02, 1.238494e-01, 1.682646e-01, 1.682744e-01
INFO:bingo.evolutionary_optimizers.parallel_archipelago:Evolution time 0:00:31.266153	 age 330	 fitness 8.293e-02
Level 25:bingo.evolutionary_optimizers.evolutionary_optimizer:Generation: 220 	 Elapsed time: 0:14:52.989739 	 Best training fitness: 8.293282e-02 	 
Level 25:bingo.evolutionary_optimizers.evolutionary_optimizer:220, 8.929897e+02, 1954301, 8.293282e-02, 8.293282e-02, 8.471213e-02, 1.238494e-01, 1.682646e-01, 1.682744e-01
INFO:bingo.evolutionary_optimizers.parallel_archipelago:Evolution time 0:00:55.722941	 age 340	 fitness 8.234e-02
Level 25:bingo.evolutionary_optimizers.evolutionary_optimizer:Generation: 230 	 Elapsed time: 0:15:49.007003 	 Best training fitness: 8.233795e-02 	 
Level 25:bingo.evolutionary_optimizers.evolutionary_optimizer:230, 9.490070e+02, 2108603, 8.233795e-02, 8.233795e-02, 8.293282e-02, 8.471213e-02, 1.238494e-01, 1.682646e-01, 1.682744e-01
INFO:bingo.evolutionary_optimizers.parallel_archipelago:Evolution time 0:01:21.099794	 age 370	 fitness 8.227e-02
Level 25:bingo.evolutionary_optimizers.evolutionary_optimizer:Generation: 240 	 Elapsed time: 0:17:10.373461 	 Best training fitness: 8.226547e-02 	 
Level 25:bingo.evolutionary_optimizers.evolutionary_optimizer:240, 1.030373e+03, 2241198, 8.226547e-02, 8.226547e-02, 8.293282e-02, 8.471213e-02, 1.238494e-01, 1.682646e-01, 1.682744e-01
INFO:bingo.evolutionary_optimizers.parallel_archipelago:Evolution time 0:01:13.522916	 age 380	 fitness 8.207e-02
Level 25:bingo.evolutionary_optimizers.evolutionary_optimizer:Generation: 250 	 Elapsed time: 0:18:24.162055 	 Best training fitness: 8.206956e-02 	 
Level 25:bingo.evolutionary_optimizers.evolutionary_optimizer:250, 1.104162e+03, 2366388, 8.206956e-02, 8.206956e-02, 8.293282e-02, 8.470235e-02, 1.238494e-01, 1.682646e-01, 1.682744e-01
INFO:bingo.evolutionary_optimizers.parallel_archipelago:Evolution time 0:00:50.459730	 age 390	 fitness 7.138e-02
Level 25:bingo.evolutionary_optimizers.evolutionary_optimizer:Generation: 260 	 Elapsed time: 0:19:14.882589 	 Best training fitness: 7.137591e-02 	 
Level 25:bingo.evolutionary_optimizers.evolutionary_optimizer:260, 1.154883e+03, 2485023, 7.137591e-02, 7.137591e-02, 7.595406e-02, 8.470235e-02, 1.238494e-01, 1.682646e-01, 1.682744e-01
INFO:bingo.evolutionary_optimizers.parallel_archipelago:Evolution time 0:00:30.168895	 age 400	 fitness 7.132e-02
Level 25:bingo.evolutionary_optimizers.evolutionary_optimizer:Generation: 270 	 Elapsed time: 0:19:45.302330 	 Best training fitness: 7.132328e-02 	 
Level 25:bingo.evolutionary_optimizers.evolutionary_optimizer:270, 1.185302e+03, 2565100, 7.132328e-02, 7.132328e-02, 7.595406e-02, 8.470235e-02, 1.238494e-01, 1.682646e-01, 1.682744e-01
INFO:bingo.evolutionary_optimizers.parallel_archipelago:Evolution time 0:00:45.109507	 age 410	 fitness 7.129e-02
Level 25:bingo.evolutionary_optimizers.evolutionary_optimizer:Generation: 280 	 Elapsed time: 0:20:30.662516 	 Best training fitness: 7.128943e-02 	 
Level 25:bingo.evolutionary_optimizers.evolutionary_optimizer:280, 1.230663e+03, 2682066, 7.128943e-02, 7.128943e-02, 7.438501e-02, 7.595406e-02, 8.470235e-02, 1.238494e-01, 1.682646e-01, 1.682744e-01
INFO:bingo.evolutionary_optimizers.parallel_archipelago:Evolution time 0:00:55.921632	 age 440	 fitness 7.131e-02
Level 25:bingo.evolutionary_optimizers.evolutionary_optimizer:Generation: 290 	 Elapsed time: 0:21:26.837245 	 Best training fitness: 7.130694e-02 	 
Level 25:bingo.evolutionary_optimizers.evolutionary_optimizer:290, 1.286837e+03, 2779300, 7.130694e-02, 7.128943e-02, 7.438501e-02, 7.581229e-02, 7.594430e-02, 8.470235e-02, 1.238494e-01, 1.682646e-01, 1.682744e-01
INFO:bingo.evolutionary_optimizers.parallel_archipelago:Evolution time 0:01:09.537019	 age 470	 fitness 7.121e-02
Level 25:bingo.evolutionary_optimizers.evolutionary_optimizer:Generation: 300 	 Elapsed time: 0:22:36.649863 	 Best training fitness: 7.121020e-02 	 
Level 25:bingo.evolutionary_optimizers.evolutionary_optimizer:300, 1.356650e+03, 2901729, 7.121020e-02, 7.121020e-02, 7.436554e-02, 7.577877e-02, 7.594430e-02, 8.470235e-02, 1.238494e-01, 1.682646e-01, 1.682744e-01
INFO:bingo.evolutionary_optimizers.parallel_archipelago:Evolution time 0:00:47.074055	 age 490	 fitness 7.121e-02
Level 25:bingo.evolutionary_optimizers.evolutionary_optimizer:Generation: 310 	 Elapsed time: 0:23:23.967463 	 Best training fitness: 7.120745e-02 	 
Level 25:bingo.evolutionary_optimizers.evolutionary_optimizer:310, 1.403967e+03, 2999118, 7.120745e-02, 7.120745e-02, 7.436554e-02, 7.575788e-02, 7.594254e-02, 8.470235e-02, 1.238494e-01, 1.682646e-01, 1.682744e-01
INFO:bingo.evolutionary_optimizers.parallel_archipelago:Evolution time 0:00:45.301657	 age 500	 fitness 6.999e-02
Level 25:bingo.evolutionary_optimizers.evolutionary_optimizer:Generation: 320 	 Elapsed time: 0:24:09.515659 	 Best training fitness: 6.998622e-02 	 
Level 25:bingo.evolutionary_optimizers.evolutionary_optimizer:320, 1.449516e+03, 3135734, 6.998622e-02, 6.998622e-02, 7.120745e-02, 7.436554e-02, 7.575788e-02, 7.594254e-02, 8.470235e-02, 1.238494e-01, 1.682646e-01, 1.682744e-01
INFO:bingo.evolutionary_optimizers.parallel_archipelago:Evolution time 0:00:27.336955	 age 510	 fitness 6.992e-02
Level 25:bingo.evolutionary_optimizers.evolutionary_optimizer:Generation: 330 	 Elapsed time: 0:24:37.100934 	 Best training fitness: 6.992401e-02 	 
Level 25:bingo.evolutionary_optimizers.evolutionary_optimizer:330, 1.477101e+03, 3231941, 6.992401e-02, 6.992401e-02, 7.120745e-02, 7.436554e-02, 7.575788e-02, 7.594254e-02, 8.470235e-02, 1.238494e-01, 1.682646e-01, 1.682744e-01
INFO:bingo.evolutionary_optimizers.parallel_archipelago:Evolution time 0:00:57.496600	 age 530	 fitness 6.933e-02
Level 25:bingo.evolutionary_optimizers.evolutionary_optimizer:Generation: 340 	 Elapsed time: 0:25:34.845315 	 Best training fitness: 6.932509e-02 	 
Level 25:bingo.evolutionary_optimizers.evolutionary_optimizer:340, 1.534845e+03, 3381390, 6.932509e-02, 6.932509e-02, 6.992401e-02, 7.120745e-02, 7.436554e-02, 7.575788e-02, 7.594254e-02, 8.470235e-02, 1.238494e-01, 1.682646e-01, 1.682744e-01
INFO:bingo.evolutionary_optimizers.parallel_archipelago:Evolution time 0:01:25.943600	 age 560	 fitness 6.928e-02
Level 25:bingo.evolutionary_optimizers.evolutionary_optimizer:Generation: 350 	 Elapsed time: 0:27:01.037678 	 Best training fitness: 6.928211e-02 	 
Level 25:bingo.evolutionary_optimizers.evolutionary_optimizer:350, 1.621038e+03, 3552444, 6.928211e-02, 6.928211e-02, 6.992401e-02, 7.120586e-02, 7.436554e-02, 7.575788e-02, 7.594254e-02, 8.470235e-02, 1.238494e-01, 1.682646e-01, 1.682744e-01
INFO:bingo.evolutionary_optimizers.parallel_archipelago:Evolution time 0:01:10.918473	 age 570	 fitness 6.503e-02
Level 25:bingo.evolutionary_optimizers.evolutionary_optimizer:Generation: 360 	 Elapsed time: 0:28:12.200872 	 Best training fitness: 6.503296e-02 	 
Level 25:bingo.evolutionary_optimizers.evolutionary_optimizer:360, 1.692201e+03, 3675144, 6.503296e-02, 6.503296e-02, 6.535920e-02, 6.992401e-02, 7.120586e-02, 7.436554e-02, 7.575788e-02, 7.594254e-02, 8.470235e-02, 1.238494e-01, 1.682646e-01, 1.682744e-01
INFO:bingo.evolutionary_optimizers.parallel_archipelago:Evolution time 0:01:14.364896	 age 580	 fitness 6.503e-02
Level 25:bingo.evolutionary_optimizers.evolutionary_optimizer:Generation: 370 	 Elapsed time: 0:29:26.838473 	 Best training fitness: 6.503296e-02 	 
Level 25:bingo.evolutionary_optimizers.evolutionary_optimizer:370, 1.766838e+03, 3807461, 6.503296e-02, 6.503296e-02, 6.535920e-02, 6.992142e-02, 7.120586e-02, 7.436554e-02, 7.575788e-02, 7.594254e-02, 8.470235e-02, 1.238494e-01, 1.682646e-01, 1.682744e-01
INFO:bingo.evolutionary_optimizers.parallel_archipelago:Evolution time 0:00:51.084945	 age 600	 fitness 6.507e-02
Level 25:bingo.evolutionary_optimizers.evolutionary_optimizer:Generation: 380 	 Elapsed time: 0:30:18.168990 	 Best training fitness: 6.506541e-02 	 
Level 25:bingo.evolutionary_optimizers.evolutionary_optimizer:380, 1.818169e+03, 3954643, 6.506541e-02, 6.503296e-02, 6.506541e-02, 6.992142e-02, 7.120586e-02, 7.436554e-02, 7.575788e-02, 7.594254e-02, 8.470235e-02, 1.238494e-01, 1.682646e-01, 1.682744e-01
INFO:bingo.evolutionary_optimizers.parallel_archipelago:Evolution time 0:01:15.898961	 age 630	 fitness 6.501e-02
Level 25:bingo.evolutionary_optimizers.evolutionary_optimizer:Generation: 390 	 Elapsed time: 0:31:34.314787 	 Best training fitness: 6.500916e-02 	 
Level 25:bingo.evolutionary_optimizers.evolutionary_optimizer:390, 1.894315e+03, 4101041, 6.500916e-02, 6.500916e-02, 6.506541e-02, 6.632817e-02, 7.436554e-02, 7.575788e-02, 7.594254e-02, 8.470235e-02, 1.238494e-01, 1.682646e-01, 1.682744e-01
INFO:bingo.evolutionary_optimizers.parallel_archipelago:Evolution time 0:00:51.558023	 age 640	 fitness 6.501e-02
Level 25:bingo.evolutionary_optimizers.evolutionary_optimizer:Generation: 400 	 Elapsed time: 0:32:26.118996 	 Best training fitness: 6.500584e-02 	 
Level 25:bingo.evolutionary_optimizers.evolutionary_optimizer:400, 1.946119e+03, 4242289, 6.500584e-02, 6.500584e-02, 6.506541e-02, 6.632817e-02, 7.436554e-02, 7.575788e-02, 7.594254e-02, 8.470235e-02, 1.238494e-01, 1.682646e-01, 1.682744e-01
INFO:bingo.evolutionary_optimizers.parallel_archipelago:Evolution time 0:00:48.951075	 age 650	 fitness 6.500e-02
Level 25:bingo.evolutionary_optimizers.evolutionary_optimizer:Generation: 410 	 Elapsed time: 0:33:15.316016 	 Best training fitness: 6.499826e-02 	 
Level 25:bingo.evolutionary_optimizers.evolutionary_optimizer:410, 1.995316e+03, 4393015, 6.499826e-02, 6.499826e-02, 6.500461e-02, 6.632817e-02, 7.436554e-02, 7.575788e-02, 7.594254e-02, 8.470235e-02, 1.238494e-01, 1.682646e-01, 1.682744e-01
INFO:bingo.evolutionary_optimizers.parallel_archipelago:Evolution time 0:00:55.300458	 age 660	 fitness 6.500e-02
Level 25:bingo.evolutionary_optimizers.evolutionary_optimizer:Generation: 420 	 Elapsed time: 0:34:10.860798 	 Best training fitness: 6.500060e-02 	 
Level 25:bingo.evolutionary_optimizers.evolutionary_optimizer:420, 2.050861e+03, 4563231, 6.500060e-02, 6.499826e-02, 6.500461e-02, 6.632817e-02, 7.120737e-02, 7.436554e-02, 7.575788e-02, 7.594254e-02, 8.470235e-02, 1.238494e-01, 1.682646e-01, 1.682744e-01
INFO:bingo.evolutionary_optimizers.parallel_archipelago:Evolution time 0:00:52.713045	 age 670	 fitness 6.500e-02
Level 25:bingo.evolutionary_optimizers.evolutionary_optimizer:Generation: 430 	 Elapsed time: 0:35:03.816120 	 Best training fitness: 6.500060e-02 	 
Level 25:bingo.evolutionary_optimizers.evolutionary_optimizer:430, 2.103816e+03, 4696216, 6.500060e-02, 6.499826e-02, 6.500461e-02, 6.632817e-02, 7.120737e-02, 7.436554e-02, 7.575788e-02, 7.594254e-02, 8.470235e-02, 1.238494e-01, 1.682646e-01, 1.682744e-01
INFO:bingo.evolutionary_optimizers.parallel_archipelago:Evolution time 0:00:33.053427	 age 680	 fitness 6.500e-02
Level 25:bingo.evolutionary_optimizers.evolutionary_optimizer:Generation: 440 	 Elapsed time: 0:35:37.138407 	 Best training fitness: 6.500060e-02 	 
Level 25:bingo.evolutionary_optimizers.evolutionary_optimizer:440, 2.137138e+03, 4830545, 6.500060e-02, 6.499826e-02, 6.500295e-02, 6.632817e-02, 7.120737e-02, 7.436554e-02, 7.575788e-02, 7.594254e-02, 8.470235e-02, 1.238494e-01, 1.682646e-01, 1.682744e-01
INFO:bingo.evolutionary_optimizers.parallel_archipelago:Evolution time 0:00:47.171483	 age 700	 fitness 6.499e-02
Level 25:bingo.evolutionary_optimizers.evolutionary_optimizer:Generation: 450 	 Elapsed time: 0:36:24.550255 	 Best training fitness: 6.498839e-02 	 
Level 25:bingo.evolutionary_optimizers.evolutionary_optimizer:450, 2.184550e+03, 4949242, 6.498839e-02, 6.498839e-02, 6.632817e-02, 7.120737e-02, 7.436554e-02, 7.575788e-02, 7.594254e-02, 8.470235e-02, 1.238494e-01, 1.682646e-01, 1.682744e-01
INFO:bingo.evolutionary_optimizers.parallel_archipelago:Evolution time 0:00:51.039593	 age 710	 fitness 6.499e-02
Level 25:bingo.evolutionary_optimizers.evolutionary_optimizer:Generation: 460 	 Elapsed time: 0:37:15.829871 	 Best training fitness: 6.498839e-02 	 
Level 25:bingo.evolutionary_optimizers.evolutionary_optimizer:460, 2.235830e+03, 5103228, 6.498839e-02, 6.498839e-02, 6.530674e-02, 7.120737e-02, 7.436554e-02, 7.575788e-02, 7.594254e-02, 8.470235e-02, 1.238494e-01, 1.682646e-01, 1.682744e-01
INFO:bingo.evolutionary_optimizers.parallel_archipelago:Evolution time 0:00:26.998352	 age 720	 fitness 6.471e-02
Level 25:bingo.evolutionary_optimizers.evolutionary_optimizer:Generation: 470 	 Elapsed time: 0:37:43.067041 	 Best training fitness: 6.470838e-02 	 
Level 25:bingo.evolutionary_optimizers.evolutionary_optimizer:470, 2.263067e+03, 5192321, 6.470838e-02, 6.470838e-02, 6.498839e-02, 6.530674e-02, 7.120737e-02, 7.436554e-02, 7.575788e-02, 7.594254e-02, 8.470235e-02, 1.238494e-01, 1.682646e-01, 1.682744e-01
INFO:bingo.evolutionary_optimizers.parallel_archipelago:Evolution time 0:00:45.840659	 age 740	 fitness 6.460e-02
Level 25:bingo.evolutionary_optimizers.evolutionary_optimizer:Generation: 480 	 Elapsed time: 0:38:29.147673 	 Best training fitness: 6.459853e-02 	 
Level 25:bingo.evolutionary_optimizers.evolutionary_optimizer:480, 2.309148e+03, 5309657, 6.459853e-02, 6.459853e-02, 6.498839e-02, 6.530674e-02, 7.120737e-02, 7.436554e-02, 7.575788e-02, 7.594254e-02, 8.470235e-02, 1.238494e-01, 1.682646e-01, 1.682744e-01
INFO:bingo.evolutionary_optimizers.parallel_archipelago:Evolution time 0:01:16.413767	 age 770	 fitness 6.463e-02
Level 25:bingo.evolutionary_optimizers.evolutionary_optimizer:Generation: 490 	 Elapsed time: 0:39:45.803651 	 Best training fitness: 6.463294e-02 	 
Level 25:bingo.evolutionary_optimizers.evolutionary_optimizer:490, 2.385804e+03, 5458235, 6.463294e-02, 6.459853e-02, 6.498839e-02, 6.530674e-02, 7.120737e-02, 7.436554e-02, 7.575788e-02, 7.594254e-02, 8.470235e-02, 1.238494e-01, 1.682646e-01, 1.682744e-01
INFO:bingo.evolutionary_optimizers.parallel_archipelago:Evolution time 0:00:51.374542	 age 790	 fitness 6.450e-02
Level 25:bingo.evolutionary_optimizers.evolutionary_optimizer:Generation: 500 	 Elapsed time: 0:40:37.449458 	 Best training fitness: 6.449660e-02 	 
Level 25:bingo.evolutionary_optimizers.evolutionary_optimizer:500, 2.437449e+03, 5588707, 6.449660e-02, 6.449660e-02, 6.458268e-02, 6.498839e-02, 6.530674e-02, 7.120737e-02, 7.436554e-02, 7.575788e-02, 7.594254e-02, 8.470235e-02, 1.238494e-01, 1.682646e-01, 1.682744e-01
INFO:bingo.evolutionary_optimizers.parallel_archipelago:Evolution time 0:01:27.129147	 age 820	 fitness 6.257e-02
Level 25:bingo.evolutionary_optimizers.evolutionary_optimizer:Generation: 510 	 Elapsed time: 0:42:04.822410 	 Best training fitness: 6.257408e-02 	 
Level 25:bingo.evolutionary_optimizers.evolutionary_optimizer:510, 2.524822e+03, 5745448, 6.257408e-02, 6.257408e-02, 6.457627e-02, 6.459393e-02, 6.530674e-02, 7.120737e-02, 7.436554e-02, 7.575788e-02, 7.594254e-02, 8.470235e-02, 1.238494e-01, 1.682646e-01, 1.682744e-01
INFO:bingo.evolutionary_optimizers.parallel_archipelago:Evolution time 0:00:56.473234	 age 830	 fitness 6.071e-02
Level 25:bingo.evolutionary_optimizers.evolutionary_optimizer:Generation: 520 	 Elapsed time: 0:43:01.539343 	 Best training fitness: 6.071393e-02 	 
Level 25:bingo.evolutionary_optimizers.evolutionary_optimizer:520, 2.581539e+03, 5883262, 6.071393e-02, 6.071393e-02, 6.457627e-02, 6.459393e-02, 6.530674e-02, 7.120737e-02, 7.436554e-02, 7.575788e-02, 7.594254e-02, 8.470235e-02, 1.238494e-01, 1.682646e-01, 1.682744e-01
INFO:bingo.evolutionary_optimizers.parallel_archipelago:Evolution time 0:00:51.470132	 age 840	 fitness 6.074e-02
Level 25:bingo.evolutionary_optimizers.evolutionary_optimizer:Generation: 530 	 Elapsed time: 0:43:53.252154 	 Best training fitness: 6.074326e-02 	 
Level 25:bingo.evolutionary_optimizers.evolutionary_optimizer:530, 2.633252e+03, 6036337, 6.074326e-02, 6.071393e-02, 6.457627e-02, 6.459393e-02, 6.530674e-02, 7.120737e-02, 7.436554e-02, 7.575788e-02, 7.594254e-02, 8.470235e-02, 1.238494e-01, 1.682646e-01, 1.682744e-01
INFO:bingo.evolutionary_optimizers.parallel_archipelago:Evolution time 0:00:48.658374	 age 850	 fitness 6.073e-02
Level 25:bingo.evolutionary_optimizers.evolutionary_optimizer:Generation: 540 	 Elapsed time: 0:44:42.153993 	 Best training fitness: 6.072512e-02 	 
Level 25:bingo.evolutionary_optimizers.evolutionary_optimizer:540, 2.682154e+03, 6183458, 6.072512e-02, 6.071393e-02, 6.457627e-02, 6.459393e-02, 6.530674e-02, 7.120737e-02, 7.436554e-02, 7.575788e-02, 7.594254e-02, 8.470235e-02, 1.238494e-01, 1.682646e-01, 1.682744e-01
INFO:bingo.evolutionary_optimizers.parallel_archipelago:Evolution time 0:00:44.049159	 age 860	 fitness 6.073e-02
Level 25:bingo.evolutionary_optimizers.evolutionary_optimizer:Generation: 550 	 Elapsed time: 0:45:26.449107 	 Best training fitness: 6.072512e-02 	 
Level 25:bingo.evolutionary_optimizers.evolutionary_optimizer:550, 2.726449e+03, 6330176, 6.072512e-02, 6.071393e-02, 6.457627e-02, 6.459393e-02, 6.530674e-02, 7.120737e-02, 7.436554e-02, 7.575788e-02, 7.594254e-02, 8.470235e-02, 1.238494e-01, 1.682646e-01, 1.682744e-01
INFO:bingo.evolutionary_optimizers.parallel_archipelago:Evolution time 0:01:05.839437	 age 900	 fitness 6.066e-02
Level 25:bingo.evolutionary_optimizers.evolutionary_optimizer:Generation: 560 	 Elapsed time: 0:46:32.595787 	 Best training fitness: 6.065880e-02 	 
Level 25:bingo.evolutionary_optimizers.evolutionary_optimizer:560, 2.792596e+03, 6510410, 6.065880e-02, 6.065880e-02, 6.457627e-02, 6.459393e-02, 6.530674e-02, 7.120737e-02, 7.436554e-02, 7.575788e-02, 7.594254e-02, 8.470235e-02, 1.238494e-01, 1.682646e-01, 1.682744e-01
INFO:bingo.evolutionary_optimizers.parallel_archipelago:Evolution time 0:00:53.841880	 age 920	 fitness 5.856e-02
Level 25:bingo.evolutionary_optimizers.evolutionary_optimizer:Generation: 570 	 Elapsed time: 0:47:26.780299 	 Best training fitness: 5.856451e-02 	 
Level 25:bingo.evolutionary_optimizers.evolutionary_optimizer:570, 2.846780e+03, 6682114, 5.856451e-02, 5.856451e-02, 6.065880e-02, 6.457627e-02, 6.459393e-02, 6.530674e-02, 7.120737e-02, 7.436554e-02, 7.575788e-02, 7.594254e-02, 8.470235e-02, 1.238494e-01, 1.682646e-01, 1.682744e-01
INFO:bingo.evolutionary_optimizers.parallel_archipelago:Evolution time 0:01:26.206373	 age 960	 fitness 5.853e-02
Level 25:bingo.evolutionary_optimizers.evolutionary_optimizer:Generation: 580 	 Elapsed time: 0:48:53.294665 	 Best training fitness: 5.852507e-02 	 
Level 25:bingo.evolutionary_optimizers.evolutionary_optimizer:580, 2.933295e+03, 6889432, 5.852507e-02, 5.852507e-02, 6.065132e-02, 6.066222e-02, 6.457627e-02, 6.459393e-02, 6.530674e-02, 7.120737e-02, 7.436554e-02, 7.575788e-02, 7.594254e-02, 8.470235e-02, 1.238494e-01, 1.682646e-01, 1.682744e-01
INFO:bingo.evolutionary_optimizers.parallel_archipelago:Evolution time 0:01:23.724765	 age 980	 fitness 5.853e-02
Level 25:bingo.evolutionary_optimizers.evolutionary_optimizer:Generation: 590 	 Elapsed time: 0:50:17.330340 	 Best training fitness: 5.853034e-02 	 
Level 25:bingo.evolutionary_optimizers.evolutionary_optimizer:590, 3.017330e+03, 7120772, 5.853034e-02, 5.852507e-02, 5.865700e-02, 6.064841e-02, 6.066222e-02, 6.457627e-02, 6.459393e-02, 6.530674e-02, 7.120737e-02, 7.436554e-02, 7.575788e-02, 7.594254e-02, 8.470235e-02, 1.238494e-01, 1.682646e-01, 1.682744e-01
INFO:bingo.evolutionary_optimizers.parallel_archipelago:Evolution time 0:01:28.819599	 age 1020	 fitness 5.854e-02
Level 25:bingo.evolutionary_optimizers.evolutionary_optimizer:Generation: 600 	 Elapsed time: 0:51:46.464800 	 Best training fitness: 5.853920e-02 	 
Level 25:bingo.evolutionary_optimizers.evolutionary_optimizer:600, 3.106465e+03, 7363948, 5.853920e-02, 5.852507e-02, 5.865700e-02, 6.064841e-02, 6.066222e-02, 6.457627e-02, 6.459393e-02, 6.530674e-02, 6.866527e-02, 7.575788e-02, 7.594254e-02, 8.470235e-02, 1.238494e-01, 1.682646e-01, 1.682744e-01
INFO:bingo.evolutionary_optimizers.parallel_archipelago:Evolution time 0:00:42.263585	 age 1040	 fitness 5.823e-02
Level 25:bingo.evolutionary_optimizers.evolutionary_optimizer:Generation: 610 	 Elapsed time: 0:52:29.039317 	 Best training fitness: 5.823095e-02 	 
Level 25:bingo.evolutionary_optimizers.evolutionary_optimizer:610, 3.149039e+03, 7539455, 5.823095e-02, 5.823095e-02, 5.865700e-02, 6.064251e-02, 6.457627e-02, 6.459393e-02, 6.530674e-02, 6.861279e-02, 7.575788e-02, 7.594254e-02, 8.470235e-02, 1.238494e-01, 1.682646e-01, 1.682744e-01
INFO:bingo.evolutionary_optimizers.parallel_archipelago:Evolution time 0:01:08.061588	 age 1060	 fitness 2.144e-02
Level 25:bingo.evolutionary_optimizers.evolutionary_optimizer:Generation: 620 	 Elapsed time: 0:53:37.407536 	 Best training fitness: 2.143768e-02 	 
Level 25:bingo.evolutionary_optimizers.evolutionary_optimizer:620, 3.217408e+03, 7762017, 2.143768e-02, 2.143768e-02, 7.594254e-02, 8.470235e-02, 1.238494e-01, 1.682646e-01, 1.682744e-01
INFO:bingo.evolutionary_optimizers.parallel_archipelago:Evolution time 0:00:43.238124	 age 1080	 fitness 0.000e+00
Level 25:bingo.evolutionary_optimizers.evolutionary_optimizer:Generation: 630 	 Elapsed time: 0:54:20.937721 	 Best training fitness: 0.000000e+00 	 
Level 25:bingo.evolutionary_optimizers.evolutionary_optimizer:630, 3.260938e+03, 7917582, 0.000000e+00, 0.000000e+00, 1.682646e-01, 1.682744e-01
Level 25:bingo.evolutionary_optimizers.evolutionary_optimizer:Evolution successfully converged.
Level 25:bingo.evolutionary_optimizers.evolutionary_optimizer:  Absolte convergence occurred with best fitness < 1e-10
Level 25:bingo.evolutionary_optimizers.evolutionary_optimizer:Hall of Fame:
0.0	7	sin(log((X_0)(X_0) + (X_1)(X_1)))
0.16826463101205769	3	sin(log(0.144093))
0.16827438734191608	1	-0.933297
