Level 25:bingo.evolutionary_optimizers.evolutionary_optimizer:#generational_age, elapsed_time, fitness_evaluation_count, current_training_fitness, hall_of_fame_fitnesses
Level 25:bingo.evolutionary_optimizers.evolutionary_optimizer:#generational_age, elapsed_time, fitness_evaluation_count, current_training_fitness, hall_of_fame_fitnesses
Level 25:bingo.evolutionary_optimizers.parallel_archipelago:Saving checkpoint: src/bingo_bias_vias_decomposition/checkpoints_st_40/implicit_st_40_p6_p4_4_0.pkl
INFO:bingo.evolutionary_optimizers.parallel_archipelago:Saved successfully
Level 25:bingo.evolutionary_optimizers.evolutionary_optimizer:Generation: 0 	 Elapsed time: 0:00:05.167121 	 Best training fitness: 1.445951e-01 	 
Level 25:bingo.evolutionary_optimizers.evolutionary_optimizer:0, 5.167121e+00, 13727, 1.445951e-01
INFO:bingo.evolutionary_optimizers.parallel_archipelago:Performing migration between Islands
INFO:bingo.evolutionary_optimizers.parallel_archipelago:Evolution time 0:00:42.252483	 age 20	 fitness 1.444e-01
Level 25:bingo.evolutionary_optimizers.parallel_archipelago:Saving checkpoint: src/bingo_bias_vias_decomposition/checkpoints_st_40/implicit_st_40_p6_p4_4_10.pkl
INFO:bingo.evolutionary_optimizers.parallel_archipelago:Saved successfully
Level 25:bingo.evolutionary_optimizers.evolutionary_optimizer:Generation: 10 	 Elapsed time: 0:00:47.676535 	 Best training fitness: 1.444459e-01 	 
Level 25:bingo.evolutionary_optimizers.evolutionary_optimizer:10, 4.767654e+01, 132466, 1.444459e-01, 1.444459e-01, 1.446289e-01, 1.446808e-01, 1.451676e-01
INFO:bingo.evolutionary_optimizers.parallel_archipelago:Performing migration between Islands
INFO:bingo.evolutionary_optimizers.parallel_archipelago:Evolution time 0:00:25.982426	 age 30	 fitness 1.432e-01
Level 25:bingo.evolutionary_optimizers.parallel_archipelago:Saving checkpoint: src/bingo_bias_vias_decomposition/checkpoints_st_40/implicit_st_40_p6_p4_4_20.pkl
INFO:bingo.evolutionary_optimizers.parallel_archipelago:Saved successfully
Level 25:bingo.evolutionary_optimizers.evolutionary_optimizer:Generation: 20 	 Elapsed time: 0:01:13.955157 	 Best training fitness: 1.432440e-01 	 
Level 25:bingo.evolutionary_optimizers.evolutionary_optimizer:20, 7.395516e+01, 211243, 1.432440e-01, 1.432440e-01, 1.442941e-01, 1.444459e-01, 1.445499e-01, 1.446808e-01, 1.447351e-01, 1.449803e-01
INFO:bingo.evolutionary_optimizers.parallel_archipelago:Performing migration between Islands
INFO:bingo.evolutionary_optimizers.parallel_archipelago:Evolution time 0:00:40.017545	 age 40	 fitness 1.432e-01
Level 25:bingo.evolutionary_optimizers.parallel_archipelago:Saving checkpoint: src/bingo_bias_vias_decomposition/checkpoints_st_40/implicit_st_40_p6_p4_4_30.pkl
INFO:bingo.evolutionary_optimizers.parallel_archipelago:Saved successfully
Level 25:bingo.evolutionary_optimizers.evolutionary_optimizer:Generation: 30 	 Elapsed time: 0:01:54.228728 	 Best training fitness: 1.432440e-01 	 
Level 25:bingo.evolutionary_optimizers.evolutionary_optimizer:30, 1.142287e+02, 277077, 1.432440e-01, 1.432440e-01, 1.442882e-01, 1.442941e-01, 1.444022e-01, 1.447351e-01, 1.448697e-01
INFO:bingo.evolutionary_optimizers.parallel_archipelago:Performing migration between Islands
INFO:bingo.evolutionary_optimizers.parallel_archipelago:Evolution time 0:00:38.796041	 age 50	 fitness 1.426e-01
Level 25:bingo.evolutionary_optimizers.parallel_archipelago:Saving checkpoint: src/bingo_bias_vias_decomposition/checkpoints_st_40/implicit_st_40_p6_p4_4_40.pkl
INFO:bingo.evolutionary_optimizers.parallel_archipelago:Saved successfully
Level 25:bingo.evolutionary_optimizers.evolutionary_optimizer:Generation: 40 	 Elapsed time: 0:02:33.276569 	 Best training fitness: 1.426214e-01 	 
Level 25:bingo.evolutionary_optimizers.evolutionary_optimizer:40, 1.532766e+02, 354038, 1.426214e-01, 1.426214e-01, 1.431430e-01, 1.441170e-01, 1.442882e-01, 1.442941e-01, 1.443284e-01, 1.447351e-01, 1.448697e-01
INFO:bingo.evolutionary_optimizers.parallel_archipelago:Performing migration between Islands
INFO:bingo.evolutionary_optimizers.parallel_archipelago:Evolution time 0:00:28.528148	 age 60	 fitness 1.425e-01
Level 25:bingo.evolutionary_optimizers.parallel_archipelago:Saving checkpoint: src/bingo_bias_vias_decomposition/checkpoints_st_40/implicit_st_40_p6_p4_4_50.pkl
INFO:bingo.evolutionary_optimizers.parallel_archipelago:Saved successfully
Level 25:bingo.evolutionary_optimizers.evolutionary_optimizer:Generation: 50 	 Elapsed time: 0:03:02.060175 	 Best training fitness: 1.425049e-01 	 
Level 25:bingo.evolutionary_optimizers.evolutionary_optimizer:50, 1.820602e+02, 436329, 1.425049e-01, 1.425049e-01, 1.431430e-01, 1.431995e-01, 1.438887e-01, 1.442882e-01, 1.442941e-01, 1.443284e-01, 1.447351e-01, 1.448697e-01
INFO:bingo.evolutionary_optimizers.parallel_archipelago:Performing migration between Islands
INFO:bingo.evolutionary_optimizers.parallel_archipelago:Evolution time 0:00:21.065358	 age 70	 fitness 1.292e-01
Level 25:bingo.evolutionary_optimizers.parallel_archipelago:Saving checkpoint: src/bingo_bias_vias_decomposition/checkpoints_st_40/implicit_st_40_p6_p4_4_60.pkl
INFO:bingo.evolutionary_optimizers.parallel_archipelago:Saved successfully
Level 25:bingo.evolutionary_optimizers.evolutionary_optimizer:Generation: 60 	 Elapsed time: 0:03:23.383777 	 Best training fitness: 1.291971e-01 	 
Level 25:bingo.evolutionary_optimizers.evolutionary_optimizer:60, 2.033838e+02, 506934, 1.291971e-01, 1.291971e-01, 1.419178e-01, 1.425049e-01, 1.427695e-01, 1.431995e-01, 1.438887e-01, 1.442589e-01, 1.443284e-01, 1.447351e-01, 1.448455e-01
INFO:bingo.evolutionary_optimizers.parallel_archipelago:Performing migration between Islands
INFO:bingo.evolutionary_optimizers.parallel_archipelago:Evolution time 0:00:32.945399	 age 80	 fitness 1.297e-01
Level 25:bingo.evolutionary_optimizers.parallel_archipelago:Saving checkpoint: src/bingo_bias_vias_decomposition/checkpoints_st_40/implicit_st_40_p6_p4_4_70.pkl
INFO:bingo.evolutionary_optimizers.parallel_archipelago:Saved successfully
Level 25:bingo.evolutionary_optimizers.evolutionary_optimizer:Generation: 70 	 Elapsed time: 0:03:56.589705 	 Best training fitness: 1.296659e-01 	 
Level 25:bingo.evolutionary_optimizers.evolutionary_optimizer:70, 2.365897e+02, 595961, 1.296659e-01, 1.291971e-01, 1.409458e-01, 1.424309e-01, 1.425731e-01, 1.431995e-01, 1.434739e-01, 1.442589e-01, 1.443284e-01, 1.447351e-01, 1.447885e-01
INFO:bingo.evolutionary_optimizers.parallel_archipelago:Performing migration between Islands
INFO:bingo.evolutionary_optimizers.parallel_archipelago:Evolution time 0:00:33.561878	 age 90	 fitness 1.292e-01
Level 25:bingo.evolutionary_optimizers.parallel_archipelago:Saving checkpoint: src/bingo_bias_vias_decomposition/checkpoints_st_40/implicit_st_40_p6_p4_4_80.pkl
INFO:bingo.evolutionary_optimizers.parallel_archipelago:Saved successfully
Level 25:bingo.evolutionary_optimizers.evolutionary_optimizer:Generation: 80 	 Elapsed time: 0:04:30.415319 	 Best training fitness: 1.292443e-01 	 
Level 25:bingo.evolutionary_optimizers.evolutionary_optimizer:80, 2.704153e+02, 691476, 1.292443e-01, 1.291971e-01, 1.409458e-01, 1.424309e-01, 1.425731e-01, 1.431995e-01, 1.434739e-01, 1.436115e-01, 1.442589e-01, 1.443284e-01, 1.446444e-01
INFO:bingo.evolutionary_optimizers.parallel_archipelago:Performing migration between Islands
INFO:bingo.evolutionary_optimizers.parallel_archipelago:Evolution time 0:00:21.432366	 age 100	 fitness 1.281e-01
Level 25:bingo.evolutionary_optimizers.parallel_archipelago:Saving checkpoint: src/bingo_bias_vias_decomposition/checkpoints_st_40/implicit_st_40_p6_p4_4_90.pkl
INFO:bingo.evolutionary_optimizers.parallel_archipelago:Saved successfully
Level 25:bingo.evolutionary_optimizers.evolutionary_optimizer:Generation: 90 	 Elapsed time: 0:04:52.133782 	 Best training fitness: 1.281009e-01 	 
Level 25:bingo.evolutionary_optimizers.evolutionary_optimizer:90, 2.921338e+02, 760817, 1.281009e-01, 1.281009e-01, 1.409458e-01, 1.424309e-01, 1.425731e-01, 1.431995e-01, 1.433191e-01, 1.442589e-01, 1.443206e-01
INFO:bingo.evolutionary_optimizers.parallel_archipelago:Performing migration between Islands
INFO:bingo.evolutionary_optimizers.parallel_archipelago:Evolution time 0:00:22.286879	 age 110	 fitness 1.276e-01
Level 25:bingo.evolutionary_optimizers.parallel_archipelago:Saving checkpoint: src/bingo_bias_vias_decomposition/checkpoints_st_40/implicit_st_40_p6_p4_4_100.pkl
INFO:bingo.evolutionary_optimizers.parallel_archipelago:Saved successfully
Level 25:bingo.evolutionary_optimizers.evolutionary_optimizer:Generation: 100 	 Elapsed time: 0:05:14.675407 	 Best training fitness: 1.276076e-01 	 
Level 25:bingo.evolutionary_optimizers.evolutionary_optimizer:100, 3.146754e+02, 835323, 1.276076e-01, 1.276076e-01, 1.316543e-01, 1.431995e-01, 1.433191e-01, 1.442589e-01, 1.443206e-01
INFO:bingo.evolutionary_optimizers.parallel_archipelago:Performing migration between Islands
INFO:bingo.evolutionary_optimizers.parallel_archipelago:Evolution time 0:00:43.301339	 age 120	 fitness 1.276e-01
Level 25:bingo.evolutionary_optimizers.parallel_archipelago:Saving checkpoint: src/bingo_bias_vias_decomposition/checkpoints_st_40/implicit_st_40_p6_p4_4_110.pkl
INFO:bingo.evolutionary_optimizers.parallel_archipelago:Saved successfully
Level 25:bingo.evolutionary_optimizers.evolutionary_optimizer:Generation: 110 	 Elapsed time: 0:05:58.271313 	 Best training fitness: 1.276053e-01 	 
Level 25:bingo.evolutionary_optimizers.evolutionary_optimizer:110, 3.582713e+02, 937896, 1.276053e-01, 1.276053e-01, 1.276076e-01, 1.316543e-01, 1.431995e-01, 1.433191e-01, 1.442589e-01, 1.443206e-01
INFO:bingo.evolutionary_optimizers.parallel_archipelago:Performing migration between Islands
INFO:bingo.evolutionary_optimizers.parallel_archipelago:Evolution time 0:00:36.784745	 age 130	 fitness 1.064e-01
Level 25:bingo.evolutionary_optimizers.parallel_archipelago:Saving checkpoint: src/bingo_bias_vias_decomposition/checkpoints_st_40/implicit_st_40_p6_p4_4_120.pkl
INFO:bingo.evolutionary_optimizers.parallel_archipelago:Saved successfully
Level 25:bingo.evolutionary_optimizers.evolutionary_optimizer:Generation: 120 	 Elapsed time: 0:06:35.297421 	 Best training fitness: 1.063670e-01 	 
Level 25:bingo.evolutionary_optimizers.evolutionary_optimizer:120, 3.952974e+02, 1029008, 1.063670e-01, 1.063670e-01, 1.442589e-01, 1.443206e-01
INFO:bingo.evolutionary_optimizers.parallel_archipelago:Performing migration between Islands
INFO:bingo.evolutionary_optimizers.parallel_archipelago:Evolution time 0:00:30.433076	 age 140	 fitness 1.063e-01
Level 25:bingo.evolutionary_optimizers.parallel_archipelago:Saving checkpoint: src/bingo_bias_vias_decomposition/checkpoints_st_40/implicit_st_40_p6_p4_4_130.pkl
INFO:bingo.evolutionary_optimizers.parallel_archipelago:Saved successfully
Level 25:bingo.evolutionary_optimizers.evolutionary_optimizer:Generation: 130 	 Elapsed time: 0:07:05.962974 	 Best training fitness: 1.063020e-01 	 
Level 25:bingo.evolutionary_optimizers.evolutionary_optimizer:130, 4.259630e+02, 1094546, 1.063020e-01, 1.063020e-01, 1.442589e-01, 1.443206e-01
INFO:bingo.evolutionary_optimizers.parallel_archipelago:Performing migration between Islands
INFO:bingo.evolutionary_optimizers.parallel_archipelago:Evolution time 0:00:28.930572	 age 150	 fitness 1.062e-01
Level 25:bingo.evolutionary_optimizers.parallel_archipelago:Saving checkpoint: src/bingo_bias_vias_decomposition/checkpoints_st_40/implicit_st_40_p6_p4_4_140.pkl
INFO:bingo.evolutionary_optimizers.parallel_archipelago:Saved successfully
Level 25:bingo.evolutionary_optimizers.evolutionary_optimizer:Generation: 140 	 Elapsed time: 0:07:35.128007 	 Best training fitness: 1.061759e-01 	 
Level 25:bingo.evolutionary_optimizers.evolutionary_optimizer:140, 4.551280e+02, 1177713, 1.061759e-01, 1.061759e-01, 1.061923e-01, 1.442589e-01, 1.443206e-01
INFO:bingo.evolutionary_optimizers.parallel_archipelago:Performing migration between Islands
INFO:bingo.evolutionary_optimizers.parallel_archipelago:Evolution time 0:00:24.518508	 age 160	 fitness 1.062e-01
Level 25:bingo.evolutionary_optimizers.parallel_archipelago:Saving checkpoint: src/bingo_bias_vias_decomposition/checkpoints_st_40/implicit_st_40_p6_p4_4_150.pkl
INFO:bingo.evolutionary_optimizers.parallel_archipelago:Saved successfully
Level 25:bingo.evolutionary_optimizers.evolutionary_optimizer:Generation: 150 	 Elapsed time: 0:07:59.897349 	 Best training fitness: 1.061588e-01 	 
Level 25:bingo.evolutionary_optimizers.evolutionary_optimizer:150, 4.798973e+02, 1238582, 1.061588e-01, 1.061588e-01, 1.442589e-01, 1.443206e-01
INFO:bingo.evolutionary_optimizers.parallel_archipelago:Performing migration between Islands
INFO:bingo.evolutionary_optimizers.parallel_archipelago:Evolution time 0:00:28.071190	 age 170	 fitness 9.077e-02
Level 25:bingo.evolutionary_optimizers.parallel_archipelago:Saving checkpoint: src/bingo_bias_vias_decomposition/checkpoints_st_40/implicit_st_40_p6_p4_4_160.pkl
INFO:bingo.evolutionary_optimizers.parallel_archipelago:Saved successfully
Level 25:bingo.evolutionary_optimizers.evolutionary_optimizer:Generation: 160 	 Elapsed time: 0:08:28.201869 	 Best training fitness: 9.076611e-02 	 
Level 25:bingo.evolutionary_optimizers.evolutionary_optimizer:160, 5.082019e+02, 1310111, 9.076611e-02, 9.076611e-02, 1.039270e-01, 1.043929e-01, 1.061387e-01, 1.442589e-01, 1.443206e-01
INFO:bingo.evolutionary_optimizers.parallel_archipelago:Performing migration between Islands
INFO:bingo.evolutionary_optimizers.parallel_archipelago:Evolution time 0:00:37.697439	 age 180	 fitness 9.077e-02
Level 25:bingo.evolutionary_optimizers.parallel_archipelago:Saving checkpoint: src/bingo_bias_vias_decomposition/checkpoints_st_40/implicit_st_40_p6_p4_4_170.pkl
INFO:bingo.evolutionary_optimizers.parallel_archipelago:Saved successfully
Level 25:bingo.evolutionary_optimizers.evolutionary_optimizer:Generation: 170 	 Elapsed time: 0:09:06.130881 	 Best training fitness: 9.076611e-02 	 
Level 25:bingo.evolutionary_optimizers.evolutionary_optimizer:170, 5.461309e+02, 1381966, 9.076611e-02, 9.076611e-02, 9.803672e-02, 1.061387e-01, 1.442589e-01, 1.443206e-01
INFO:bingo.evolutionary_optimizers.parallel_archipelago:Performing migration between Islands
INFO:bingo.evolutionary_optimizers.parallel_archipelago:Evolution time 0:00:28.864450	 age 190	 fitness 7.733e-02
Level 25:bingo.evolutionary_optimizers.parallel_archipelago:Saving checkpoint: src/bingo_bias_vias_decomposition/checkpoints_st_40/implicit_st_40_p6_p4_4_180.pkl
INFO:bingo.evolutionary_optimizers.parallel_archipelago:Saved successfully
Level 25:bingo.evolutionary_optimizers.evolutionary_optimizer:Generation: 180 	 Elapsed time: 0:09:35.230778 	 Best training fitness: 7.732695e-02 	 
Level 25:bingo.evolutionary_optimizers.evolutionary_optimizer:180, 5.752308e+02, 1452745, 7.732695e-02, 7.732695e-02, 8.607113e-02, 9.803672e-02, 1.061387e-01, 1.442589e-01, 1.443206e-01
INFO:bingo.evolutionary_optimizers.parallel_archipelago:Performing migration between Islands
INFO:bingo.evolutionary_optimizers.parallel_archipelago:Evolution time 0:00:39.400790	 age 200	 fitness 7.742e-02
Level 25:bingo.evolutionary_optimizers.parallel_archipelago:Saving checkpoint: src/bingo_bias_vias_decomposition/checkpoints_st_40/implicit_st_40_p6_p4_4_190.pkl
INFO:bingo.evolutionary_optimizers.parallel_archipelago:Saved successfully
Level 25:bingo.evolutionary_optimizers.evolutionary_optimizer:Generation: 190 	 Elapsed time: 0:10:14.870903 	 Best training fitness: 7.742450e-02 	 
Level 25:bingo.evolutionary_optimizers.evolutionary_optimizer:190, 6.148709e+02, 1523257, 7.742450e-02, 7.732695e-02, 8.539733e-02, 8.577203e-02, 8.606163e-02, 9.803672e-02, 1.061387e-01, 1.442589e-01, 1.443137e-01
INFO:bingo.evolutionary_optimizers.parallel_archipelago:Performing migration between Islands
INFO:bingo.evolutionary_optimizers.parallel_archipelago:Evolution time 0:00:22.727006	 age 210	 fitness 7.711e-02
Level 25:bingo.evolutionary_optimizers.parallel_archipelago:Saving checkpoint: src/bingo_bias_vias_decomposition/checkpoints_st_40/implicit_st_40_p6_p4_4_200.pkl
INFO:bingo.evolutionary_optimizers.parallel_archipelago:Saved successfully
Level 25:bingo.evolutionary_optimizers.evolutionary_optimizer:Generation: 200 	 Elapsed time: 0:10:37.832485 	 Best training fitness: 7.711410e-02 	 
Level 25:bingo.evolutionary_optimizers.evolutionary_optimizer:200, 6.378325e+02, 1595943, 7.711410e-02, 7.711410e-02, 7.734680e-02, 1.061387e-01, 1.442589e-01, 1.443137e-01
INFO:bingo.evolutionary_optimizers.parallel_archipelago:Performing migration between Islands
INFO:bingo.evolutionary_optimizers.parallel_archipelago:Evolution time 0:00:34.300728	 age 220	 fitness 7.082e-02
Level 25:bingo.evolutionary_optimizers.parallel_archipelago:Saving checkpoint: src/bingo_bias_vias_decomposition/checkpoints_st_40/implicit_st_40_p6_p4_4_210.pkl
INFO:bingo.evolutionary_optimizers.parallel_archipelago:Saved successfully
Level 25:bingo.evolutionary_optimizers.evolutionary_optimizer:Generation: 210 	 Elapsed time: 0:11:12.367088 	 Best training fitness: 7.081931e-02 	 
Level 25:bingo.evolutionary_optimizers.evolutionary_optimizer:210, 6.723671e+02, 1677466, 7.081931e-02, 7.081931e-02, 7.728922e-02, 1.061387e-01, 1.442589e-01, 1.443137e-01
INFO:bingo.evolutionary_optimizers.parallel_archipelago:Performing migration between Islands
INFO:bingo.evolutionary_optimizers.parallel_archipelago:Evolution time 0:00:45.280450	 age 230	 fitness 7.072e-02
Level 25:bingo.evolutionary_optimizers.parallel_archipelago:Saving checkpoint: src/bingo_bias_vias_decomposition/checkpoints_st_40/implicit_st_40_p6_p4_4_220.pkl
INFO:bingo.evolutionary_optimizers.parallel_archipelago:Saved successfully
Level 25:bingo.evolutionary_optimizers.evolutionary_optimizer:Generation: 220 	 Elapsed time: 0:11:57.872462 	 Best training fitness: 7.071766e-02 	 
Level 25:bingo.evolutionary_optimizers.evolutionary_optimizer:220, 7.178725e+02, 1761644, 7.071766e-02, 7.071766e-02, 7.728922e-02, 1.061387e-01, 1.442589e-01, 1.443137e-01
INFO:bingo.evolutionary_optimizers.parallel_archipelago:Performing migration between Islands
INFO:bingo.evolutionary_optimizers.parallel_archipelago:Evolution time 0:00:39.912589	 age 240	 fitness 7.067e-02
Level 25:bingo.evolutionary_optimizers.parallel_archipelago:Saving checkpoint: src/bingo_bias_vias_decomposition/checkpoints_st_40/implicit_st_40_p6_p4_4_230.pkl
INFO:bingo.evolutionary_optimizers.parallel_archipelago:Saved successfully
Level 25:bingo.evolutionary_optimizers.evolutionary_optimizer:Generation: 230 	 Elapsed time: 0:12:38.010897 	 Best training fitness: 7.067195e-02 	 
Level 25:bingo.evolutionary_optimizers.evolutionary_optimizer:230, 7.580109e+02, 1866604, 7.067195e-02, 7.067195e-02, 7.728922e-02, 1.061387e-01, 1.442589e-01, 1.443137e-01
INFO:bingo.evolutionary_optimizers.parallel_archipelago:Performing migration between Islands
INFO:bingo.evolutionary_optimizers.parallel_archipelago:Evolution time 0:00:31.286100	 age 250	 fitness 7.066e-02
Level 25:bingo.evolutionary_optimizers.parallel_archipelago:Saving checkpoint: src/bingo_bias_vias_decomposition/checkpoints_st_40/implicit_st_40_p6_p4_4_240.pkl
INFO:bingo.evolutionary_optimizers.parallel_archipelago:Saved successfully
Level 25:bingo.evolutionary_optimizers.evolutionary_optimizer:Generation: 240 	 Elapsed time: 0:13:09.520010 	 Best training fitness: 7.065993e-02 	 
Level 25:bingo.evolutionary_optimizers.evolutionary_optimizer:240, 7.895200e+02, 1965442, 7.065993e-02, 7.065993e-02, 7.728922e-02, 1.061387e-01, 1.442589e-01, 1.443137e-01
INFO:bingo.evolutionary_optimizers.parallel_archipelago:Performing migration between Islands
INFO:bingo.evolutionary_optimizers.parallel_archipelago:Evolution time 0:00:31.678221	 age 260	 fitness 4.951e-03
Level 25:bingo.evolutionary_optimizers.parallel_archipelago:Saving checkpoint: src/bingo_bias_vias_decomposition/checkpoints_st_40/implicit_st_40_p6_p4_4_250.pkl
INFO:bingo.evolutionary_optimizers.parallel_archipelago:Saved successfully
Level 25:bingo.evolutionary_optimizers.evolutionary_optimizer:Generation: 250 	 Elapsed time: 0:13:41.420574 	 Best training fitness: 4.951169e-03 	 
Level 25:bingo.evolutionary_optimizers.evolutionary_optimizer:250, 8.214206e+02, 2065656, 4.951169e-03, 4.951169e-03, 1.061387e-01, 1.442589e-01, 1.443137e-01
INFO:bingo.evolutionary_optimizers.parallel_archipelago:Performing migration between Islands
INFO:bingo.evolutionary_optimizers.parallel_archipelago:Evolution time 0:00:35.341952	 age 270	 fitness 4.950e-03
Level 25:bingo.evolutionary_optimizers.parallel_archipelago:Saving checkpoint: src/bingo_bias_vias_decomposition/checkpoints_st_40/implicit_st_40_p6_p4_4_260.pkl
INFO:bingo.evolutionary_optimizers.parallel_archipelago:Saved successfully
Level 25:bingo.evolutionary_optimizers.evolutionary_optimizer:Generation: 260 	 Elapsed time: 0:14:16.985883 	 Best training fitness: 4.949994e-03 	 
Level 25:bingo.evolutionary_optimizers.evolutionary_optimizer:260, 8.569859e+02, 2145520, 4.949994e-03, 4.949994e-03, 1.016157e-01, 1.061387e-01, 1.442589e-01, 1.443137e-01
INFO:bingo.evolutionary_optimizers.parallel_archipelago:Performing migration between Islands
INFO:bingo.evolutionary_optimizers.parallel_archipelago:Evolution time 0:00:38.934947	 age 280	 fitness 0.000e+00
Level 25:bingo.evolutionary_optimizers.parallel_archipelago:Saving checkpoint: src/bingo_bias_vias_decomposition/checkpoints_st_40/implicit_st_40_p6_p4_4_270.pkl
INFO:bingo.evolutionary_optimizers.parallel_archipelago:Saved successfully
Level 25:bingo.evolutionary_optimizers.evolutionary_optimizer:Generation: 270 	 Elapsed time: 0:14:56.141197 	 Best training fitness: 0.000000e+00 	 
Level 25:bingo.evolutionary_optimizers.evolutionary_optimizer:270, 8.961412e+02, 2231551, 0.000000e+00, 0.000000e+00, 1.442589e-01, 1.442938e-01
Level 25:bingo.evolutionary_optimizers.evolutionary_optimizer:Evolution successfully converged.
Level 25:bingo.evolutionary_optimizers.evolutionary_optimizer:  Absolte convergence occurred with best fitness < 1e-10
Level 25:bingo.evolutionary_optimizers.evolutionary_optimizer:Hall of Fame:
0.0	8	sin(log((X_1)(X_1) + (X_0)(X_0)))
0.1442588507311682	6	sin(log(sin(0.045686 + 0.099277)))
0.1442937746502671	1	-0.933627
