Level 25:bingo.evolutionary_optimizers.evolutionary_optimizer:#generational_age, elapsed_time, fitness_evaluation_count, current_training_fitness, hall_of_fame_fitnesses
Level 25:bingo.evolutionary_optimizers.evolutionary_optimizer:#generational_age, elapsed_time, fitness_evaluation_count, current_training_fitness, hall_of_fame_fitnesses
Level 25:bingo.evolutionary_optimizers.evolutionary_optimizer:Generation: 0 	 Elapsed time: 0:00:02.867893 	 Best training fitness: 1.683570e-01 	 
Level 25:bingo.evolutionary_optimizers.evolutionary_optimizer:0, 2.867893e+00, 14821, 1.683570e-01
INFO:bingo.evolutionary_optimizers.parallel_archipelago:Evolution time 0:00:24.296274	 age 30	 fitness 1.684e-01
Level 25:bingo.evolutionary_optimizers.evolutionary_optimizer:Generation: 10 	 Elapsed time: 0:00:27.353843 	 Best training fitness: 1.683549e-01 	 
Level 25:bingo.evolutionary_optimizers.evolutionary_optimizer:10, 2.735384e+01, 139320, 1.683549e-01, 1.683549e-01, 1.683672e-01, 1.684733e-01, 1.687737e-01
INFO:bingo.evolutionary_optimizers.parallel_archipelago:Evolution time 0:00:31.736606	 age 40	 fitness 1.670e-01
Level 25:bingo.evolutionary_optimizers.evolutionary_optimizer:Generation: 20 	 Elapsed time: 0:00:59.320607 	 Best training fitness: 1.669906e-01 	 
Level 25:bingo.evolutionary_optimizers.evolutionary_optimizer:20, 5.932061e+01, 234090, 1.669906e-01, 1.669906e-01, 1.673479e-01, 1.683093e-01, 1.687737e-01
INFO:bingo.evolutionary_optimizers.parallel_archipelago:Evolution time 0:00:30.026134	 age 50	 fitness 1.670e-01
Level 25:bingo.evolutionary_optimizers.evolutionary_optimizer:Generation: 30 	 Elapsed time: 0:01:29.680870 	 Best training fitness: 1.670066e-01 	 
Level 25:bingo.evolutionary_optimizers.evolutionary_optimizer:30, 8.968087e+01, 315453, 1.670066e-01, 1.669906e-01, 1.672432e-01, 1.683093e-01, 1.686952e-01
INFO:bingo.evolutionary_optimizers.parallel_archipelago:Evolution time 0:00:40.611274	 age 70	 fitness 1.669e-01
Level 25:bingo.evolutionary_optimizers.evolutionary_optimizer:Generation: 40 	 Elapsed time: 0:02:10.650798 	 Best training fitness: 1.669003e-01 	 
Level 25:bingo.evolutionary_optimizers.evolutionary_optimizer:40, 1.306508e+02, 411338, 1.669003e-01, 1.669003e-01, 1.670387e-01, 1.672432e-01, 1.682780e-01, 1.685425e-01
INFO:bingo.evolutionary_optimizers.parallel_archipelago:Evolution time 0:00:39.947912	 age 100	 fitness 1.669e-01
Level 25:bingo.evolutionary_optimizers.evolutionary_optimizer:Generation: 50 	 Elapsed time: 0:02:50.900475 	 Best training fitness: 1.669003e-01 	 
Level 25:bingo.evolutionary_optimizers.evolutionary_optimizer:50, 1.709005e+02, 512894, 1.669003e-01, 1.669003e-01, 1.669499e-01, 1.672432e-01, 1.682780e-01, 1.684198e-01
INFO:bingo.evolutionary_optimizers.parallel_archipelago:Evolution time 0:00:27.200791	 age 120	 fitness 1.669e-01
Level 25:bingo.evolutionary_optimizers.evolutionary_optimizer:Generation: 60 	 Elapsed time: 0:03:18.412317 	 Best training fitness: 1.669155e-01 	 
Level 25:bingo.evolutionary_optimizers.evolutionary_optimizer:60, 1.984123e+02, 587787, 1.669155e-01, 1.669003e-01, 1.669157e-01, 1.670990e-01, 1.672432e-01, 1.682780e-01, 1.684198e-01
INFO:bingo.evolutionary_optimizers.parallel_archipelago:Evolution time 0:00:34.950610	 age 130	 fitness 1.669e-01
Level 25:bingo.evolutionary_optimizers.evolutionary_optimizer:Generation: 70 	 Elapsed time: 0:03:53.678401 	 Best training fitness: 1.669283e-01 	 
Level 25:bingo.evolutionary_optimizers.evolutionary_optimizer:70, 2.336784e+02, 663365, 1.669283e-01, 1.669003e-01, 1.669157e-01, 1.669447e-01, 1.672432e-01, 1.682577e-01, 1.682780e-01, 1.684181e-01
INFO:bingo.evolutionary_optimizers.parallel_archipelago:Evolution time 0:00:42.798514	 age 140	 fitness 1.642e-01
Level 25:bingo.evolutionary_optimizers.evolutionary_optimizer:Generation: 80 	 Elapsed time: 0:04:36.797840 	 Best training fitness: 1.642322e-01 	 
Level 25:bingo.evolutionary_optimizers.evolutionary_optimizer:80, 2.767978e+02, 748365, 1.642322e-01, 1.642322e-01, 1.668937e-01, 1.672432e-01, 1.682577e-01, 1.682780e-01, 1.683489e-01
INFO:bingo.evolutionary_optimizers.parallel_archipelago:Evolution time 0:00:32.138547	 age 150	 fitness 1.581e-01
Level 25:bingo.evolutionary_optimizers.evolutionary_optimizer:Generation: 90 	 Elapsed time: 0:05:09.207003 	 Best training fitness: 1.581403e-01 	 
Level 25:bingo.evolutionary_optimizers.evolutionary_optimizer:90, 3.092070e+02, 830739, 1.581403e-01, 1.581403e-01, 1.620065e-01, 1.668937e-01, 1.672432e-01, 1.682577e-01, 1.682780e-01, 1.682996e-01
INFO:bingo.evolutionary_optimizers.parallel_archipelago:Evolution time 0:00:26.199367	 age 170	 fitness 1.579e-01
Level 25:bingo.evolutionary_optimizers.evolutionary_optimizer:Generation: 100 	 Elapsed time: 0:05:35.667284 	 Best training fitness: 1.578924e-01 	 
Level 25:bingo.evolutionary_optimizers.evolutionary_optimizer:100, 3.356673e+02, 889480, 1.578924e-01, 1.578924e-01, 1.609708e-01, 1.668798e-01, 1.672432e-01, 1.682577e-01, 1.682780e-01, 1.682996e-01
INFO:bingo.evolutionary_optimizers.parallel_archipelago:Evolution time 0:00:38.181386	 age 180	 fitness 1.434e-01
Level 25:bingo.evolutionary_optimizers.evolutionary_optimizer:Generation: 110 	 Elapsed time: 0:06:14.106523 	 Best training fitness: 1.433970e-01 	 
Level 25:bingo.evolutionary_optimizers.evolutionary_optimizer:110, 3.741065e+02, 979709, 1.433970e-01, 1.433970e-01, 1.576904e-01, 1.577083e-01, 1.668798e-01, 1.672432e-01, 1.682577e-01, 1.682780e-01, 1.682996e-01
INFO:bingo.evolutionary_optimizers.parallel_archipelago:Evolution time 0:00:21.543026	 age 190	 fitness 1.432e-01
Level 25:bingo.evolutionary_optimizers.evolutionary_optimizer:Generation: 120 	 Elapsed time: 0:06:35.910611 	 Best training fitness: 1.432415e-01 	 
Level 25:bingo.evolutionary_optimizers.evolutionary_optimizer:120, 3.959106e+02, 1054368, 1.432415e-01, 1.432415e-01, 1.574967e-01, 1.578291e-01, 1.672432e-01, 1.682577e-01, 1.682780e-01, 1.682996e-01
INFO:bingo.evolutionary_optimizers.parallel_archipelago:Evolution time 0:00:21.127373	 age 200	 fitness 1.431e-01
Level 25:bingo.evolutionary_optimizers.evolutionary_optimizer:Generation: 130 	 Elapsed time: 0:06:57.298851 	 Best training fitness: 1.430773e-01 	 
Level 25:bingo.evolutionary_optimizers.evolutionary_optimizer:130, 4.172989e+02, 1119931, 1.430773e-01, 1.430773e-01, 1.574397e-01, 1.574782e-01, 1.578291e-01, 1.672432e-01, 1.682577e-01, 1.682780e-01, 1.682996e-01
INFO:bingo.evolutionary_optimizers.parallel_archipelago:Evolution time 0:00:21.949892	 age 210	 fitness 1.234e-01
Level 25:bingo.evolutionary_optimizers.evolutionary_optimizer:Generation: 140 	 Elapsed time: 0:07:19.516574 	 Best training fitness: 1.234295e-01 	 
Level 25:bingo.evolutionary_optimizers.evolutionary_optimizer:140, 4.395166e+02, 1179665, 1.234295e-01, 1.234295e-01, 1.430611e-01, 1.574397e-01, 1.574782e-01, 1.578291e-01, 1.672432e-01, 1.682577e-01, 1.682780e-01, 1.682996e-01
INFO:bingo.evolutionary_optimizers.parallel_archipelago:Evolution time 0:00:26.423666	 age 220	 fitness 1.234e-01
Level 25:bingo.evolutionary_optimizers.evolutionary_optimizer:Generation: 150 	 Elapsed time: 0:07:46.251125 	 Best training fitness: 1.233536e-01 	 
Level 25:bingo.evolutionary_optimizers.evolutionary_optimizer:150, 4.662511e+02, 1252414, 1.233536e-01, 1.233536e-01, 1.331327e-01, 1.430610e-01, 1.504292e-01, 1.574397e-01, 1.574782e-01, 1.578291e-01, 1.672432e-01, 1.682577e-01, 1.682780e-01, 1.682996e-01
INFO:bingo.evolutionary_optimizers.parallel_archipelago:Evolution time 0:00:40.589020	 age 230	 fitness 1.228e-01
Level 25:bingo.evolutionary_optimizers.evolutionary_optimizer:Generation: 160 	 Elapsed time: 0:08:27.165531 	 Best training fitness: 1.227866e-01 	 
Level 25:bingo.evolutionary_optimizers.evolutionary_optimizer:160, 5.071655e+02, 1357328, 1.227866e-01, 1.227866e-01, 1.257498e-01, 1.504292e-01, 1.574397e-01, 1.574782e-01, 1.578291e-01, 1.672432e-01, 1.682577e-01, 1.682780e-01, 1.682996e-01
INFO:bingo.evolutionary_optimizers.parallel_archipelago:Evolution time 0:00:38.503456	 age 240	 fitness 1.208e-01
Level 25:bingo.evolutionary_optimizers.evolutionary_optimizer:Generation: 170 	 Elapsed time: 0:09:05.966657 	 Best training fitness: 1.208122e-01 	 
Level 25:bingo.evolutionary_optimizers.evolutionary_optimizer:170, 5.459667e+02, 1447014, 1.208122e-01, 1.208122e-01, 1.227618e-01, 1.255472e-01, 1.504292e-01, 1.574397e-01, 1.574782e-01, 1.578291e-01, 1.672432e-01, 1.682577e-01, 1.682780e-01, 1.682996e-01
INFO:bingo.evolutionary_optimizers.parallel_archipelago:Evolution time 0:00:38.769129	 age 250	 fitness 1.166e-01
Level 25:bingo.evolutionary_optimizers.evolutionary_optimizer:Generation: 180 	 Elapsed time: 0:09:45.017544 	 Best training fitness: 1.166282e-01 	 
Level 25:bingo.evolutionary_optimizers.evolutionary_optimizer:180, 5.850175e+02, 1537481, 1.166282e-01, 1.166282e-01, 1.207626e-01, 1.209982e-01, 1.220156e-01, 1.255472e-01, 1.433032e-01, 1.574397e-01, 1.574782e-01, 1.578291e-01, 1.672432e-01, 1.682577e-01, 1.682780e-01, 1.682996e-01
INFO:bingo.evolutionary_optimizers.parallel_archipelago:Evolution time 0:00:45.924399	 age 260	 fitness 1.165e-01
Level 25:bingo.evolutionary_optimizers.evolutionary_optimizer:Generation: 190 	 Elapsed time: 0:10:31.315427 	 Best training fitness: 1.164951e-01 	 
Level 25:bingo.evolutionary_optimizers.evolutionary_optimizer:190, 6.313154e+02, 1629651, 1.164951e-01, 1.164951e-01, 1.194365e-01, 1.207453e-01, 1.207832e-01, 1.218330e-01, 1.255079e-01, 1.433032e-01, 1.574397e-01, 1.574782e-01, 1.578291e-01, 1.672432e-01, 1.682577e-01, 1.682780e-01, 1.682996e-01
INFO:bingo.evolutionary_optimizers.parallel_archipelago:Evolution time 0:00:16.665046	 age 270	 fitness 1.164e-01
Level 25:bingo.evolutionary_optimizers.evolutionary_optimizer:Generation: 200 	 Elapsed time: 0:10:48.318271 	 Best training fitness: 1.164427e-01 	 
Level 25:bingo.evolutionary_optimizers.evolutionary_optimizer:200, 6.483183e+02, 1680807, 1.164427e-01, 1.164427e-01, 1.194365e-01, 1.206582e-01, 1.218152e-01, 1.255079e-01, 1.433032e-01, 1.574397e-01, 1.574782e-01, 1.578291e-01, 1.672432e-01, 1.682577e-01, 1.682780e-01, 1.682996e-01
INFO:bingo.evolutionary_optimizers.parallel_archipelago:Evolution time 0:00:44.773817	 age 280	 fitness 1.045e-01
Level 25:bingo.evolutionary_optimizers.evolutionary_optimizer:Generation: 210 	 Elapsed time: 0:11:33.411320 	 Best training fitness: 1.045075e-01 	 
Level 25:bingo.evolutionary_optimizers.evolutionary_optimizer:210, 6.934113e+02, 1762966, 1.045075e-01, 1.045075e-01, 1.075453e-01, 1.218001e-01, 1.255079e-01, 1.433032e-01, 1.574397e-01, 1.574782e-01, 1.578291e-01, 1.672432e-01, 1.682577e-01, 1.682780e-01, 1.682996e-01
INFO:bingo.evolutionary_optimizers.parallel_archipelago:Evolution time 0:00:50.283989	 age 290	 fitness 1.044e-01
Level 25:bingo.evolutionary_optimizers.evolutionary_optimizer:Generation: 220 	 Elapsed time: 0:12:24.003766 	 Best training fitness: 1.044302e-01 	 
Level 25:bingo.evolutionary_optimizers.evolutionary_optimizer:220, 7.440038e+02, 1851689, 1.044302e-01, 1.044302e-01, 1.075453e-01, 1.218001e-01, 1.242395e-01, 1.255079e-01, 1.433032e-01, 1.574397e-01, 1.574782e-01, 1.578291e-01, 1.672432e-01, 1.682577e-01, 1.682780e-01, 1.682996e-01
INFO:bingo.evolutionary_optimizers.parallel_archipelago:Evolution time 0:00:32.993377	 age 300	 fitness 1.045e-01
Level 25:bingo.evolutionary_optimizers.evolutionary_optimizer:Generation: 230 	 Elapsed time: 0:12:57.306901 	 Best training fitness: 1.044630e-01 	 
Level 25:bingo.evolutionary_optimizers.evolutionary_optimizer:230, 7.773069e+02, 1928301, 1.044630e-01, 1.044302e-01, 1.075453e-01, 1.218001e-01, 1.242395e-01, 1.255079e-01, 1.433032e-01, 1.574397e-01, 1.574782e-01, 1.578291e-01, 1.672432e-01, 1.682577e-01, 1.682780e-01, 1.682996e-01
INFO:bingo.evolutionary_optimizers.parallel_archipelago:Evolution time 0:00:25.867362	 age 310	 fitness 1.044e-01
Level 25:bingo.evolutionary_optimizers.evolutionary_optimizer:Generation: 240 	 Elapsed time: 0:13:23.452349 	 Best training fitness: 1.044196e-01 	 
Level 25:bingo.evolutionary_optimizers.evolutionary_optimizer:240, 8.034523e+02, 1993835, 1.044196e-01, 1.044196e-01, 1.075453e-01, 1.218001e-01, 1.242395e-01, 1.255079e-01, 1.433032e-01, 1.574397e-01, 1.574782e-01, 1.578291e-01, 1.672432e-01, 1.682577e-01, 1.682780e-01, 1.682996e-01
INFO:bingo.evolutionary_optimizers.parallel_archipelago:Evolution time 0:00:30.889334	 age 320	 fitness 1.044e-01
Level 25:bingo.evolutionary_optimizers.evolutionary_optimizer:Generation: 250 	 Elapsed time: 0:13:54.630251 	 Best training fitness: 1.044121e-01 	 
Level 25:bingo.evolutionary_optimizers.evolutionary_optimizer:250, 8.346303e+02, 2068994, 1.044121e-01, 1.044121e-01, 1.064610e-01, 1.075453e-01, 1.218001e-01, 1.242395e-01, 1.255079e-01, 1.433032e-01, 1.574397e-01, 1.574782e-01, 1.578291e-01, 1.672432e-01, 1.682577e-01, 1.682780e-01, 1.682996e-01
INFO:bingo.evolutionary_optimizers.parallel_archipelago:Evolution time 0:00:20.033846	 age 330	 fitness 9.606e-02
Level 25:bingo.evolutionary_optimizers.evolutionary_optimizer:Generation: 260 	 Elapsed time: 0:14:14.946396 	 Best training fitness: 9.606246e-02 	 
Level 25:bingo.evolutionary_optimizers.evolutionary_optimizer:260, 8.549464e+02, 2125440, 9.606246e-02, 9.606246e-02, 1.039261e-01, 1.044121e-01, 1.064610e-01, 1.074807e-01, 1.218001e-01, 1.242395e-01, 1.255079e-01, 1.433032e-01, 1.574397e-01, 1.574782e-01, 1.578291e-01, 1.672432e-01, 1.682577e-01, 1.682780e-01, 1.682996e-01
INFO:bingo.evolutionary_optimizers.parallel_archipelago:Evolution time 0:00:27.252752	 age 340	 fitness 9.606e-02
Level 25:bingo.evolutionary_optimizers.evolutionary_optimizer:Generation: 270 	 Elapsed time: 0:14:42.493248 	 Best training fitness: 9.606378e-02 	 
Level 25:bingo.evolutionary_optimizers.evolutionary_optimizer:270, 8.824932e+02, 2194044, 9.606378e-02, 9.606246e-02, 1.039261e-01, 1.043839e-01, 1.063975e-01, 1.074807e-01, 1.218001e-01, 1.242395e-01, 1.255079e-01, 1.432977e-01, 1.574397e-01, 1.574782e-01, 1.578291e-01, 1.672432e-01, 1.682577e-01, 1.682780e-01, 1.682996e-01
INFO:bingo.evolutionary_optimizers.parallel_archipelago:Evolution time 0:00:36.104611	 age 350	 fitness 9.601e-02
Level 25:bingo.evolutionary_optimizers.evolutionary_optimizer:Generation: 280 	 Elapsed time: 0:15:18.887358 	 Best training fitness: 9.600720e-02 	 
Level 25:bingo.evolutionary_optimizers.evolutionary_optimizer:280, 9.188874e+02, 2273829, 9.600720e-02, 9.600720e-02, 1.038487e-01, 1.042375e-01, 1.042707e-01, 1.063975e-01, 1.074807e-01, 1.218001e-01, 1.242395e-01, 1.255079e-01, 1.432977e-01, 1.574397e-01, 1.574782e-01, 1.578291e-01, 1.672432e-01, 1.682577e-01, 1.682780e-01, 1.682996e-01
INFO:bingo.evolutionary_optimizers.parallel_archipelago:Evolution time 0:00:27.049877	 age 360	 fitness 9.608e-02
Level 25:bingo.evolutionary_optimizers.evolutionary_optimizer:Generation: 290 	 Elapsed time: 0:15:46.229316 	 Best training fitness: 9.608044e-02 	 
Level 25:bingo.evolutionary_optimizers.evolutionary_optimizer:290, 9.462293e+02, 2348747, 9.608044e-02, 9.600720e-02, 1.038177e-01, 1.042331e-01, 1.063975e-01, 1.074807e-01, 1.218001e-01, 1.235927e-01, 1.255079e-01, 1.432977e-01, 1.574397e-01, 1.574782e-01, 1.578291e-01, 1.672432e-01, 1.682577e-01, 1.682723e-01, 1.682780e-01, 1.682996e-01
INFO:bingo.evolutionary_optimizers.parallel_archipelago:Evolution time 0:00:32.905769	 age 380	 fitness 9.604e-02
Level 25:bingo.evolutionary_optimizers.evolutionary_optimizer:Generation: 300 	 Elapsed time: 0:16:19.462202 	 Best training fitness: 9.604387e-02 	 
Level 25:bingo.evolutionary_optimizers.evolutionary_optimizer:300, 9.794622e+02, 2416799, 9.604387e-02, 9.600720e-02, 1.037764e-01, 1.042011e-01, 1.063975e-01, 1.074807e-01, 1.218001e-01, 1.235927e-01, 1.255079e-01, 1.432977e-01, 1.574397e-01, 1.574782e-01, 1.578291e-01, 1.672432e-01, 1.682577e-01, 1.682723e-01, 1.682780e-01, 1.682996e-01
INFO:bingo.evolutionary_optimizers.parallel_archipelago:Evolution time 0:00:45.453641	 age 390	 fitness 9.601e-02
Level 25:bingo.evolutionary_optimizers.evolutionary_optimizer:Generation: 310 	 Elapsed time: 0:17:05.210537 	 Best training fitness: 9.600534e-02 	 
Level 25:bingo.evolutionary_optimizers.evolutionary_optimizer:310, 1.025211e+03, 2501639, 9.600534e-02, 9.600534e-02, 1.034566e-01, 1.074709e-01, 1.235927e-01, 1.255079e-01, 1.432977e-01, 1.532700e-01, 1.574782e-01, 1.578291e-01, 1.672432e-01, 1.682577e-01, 1.682723e-01, 1.682780e-01, 1.682996e-01
INFO:bingo.evolutionary_optimizers.parallel_archipelago:Evolution time 0:00:20.400603	 age 400	 fitness 7.305e-02
Level 25:bingo.evolutionary_optimizers.evolutionary_optimizer:Generation: 320 	 Elapsed time: 0:17:25.904357 	 Best training fitness: 7.304947e-02 	 
Level 25:bingo.evolutionary_optimizers.evolutionary_optimizer:320, 1.045904e+03, 2566190, 7.304947e-02, 7.304947e-02, 9.598405e-02, 1.034566e-01, 1.074709e-01, 1.235927e-01, 1.255079e-01, 1.432977e-01, 1.530282e-01, 1.574782e-01, 1.578291e-01, 1.672432e-01, 1.682577e-01, 1.682723e-01, 1.682780e-01, 1.682996e-01
INFO:bingo.evolutionary_optimizers.parallel_archipelago:Evolution time 0:00:21.699124	 age 410	 fitness 7.303e-02
Level 25:bingo.evolutionary_optimizers.evolutionary_optimizer:Generation: 330 	 Elapsed time: 0:17:47.897757 	 Best training fitness: 7.302918e-02 	 
Level 25:bingo.evolutionary_optimizers.evolutionary_optimizer:330, 1.067898e+03, 2625333, 7.302918e-02, 7.302918e-02, 8.956489e-02, 9.598405e-02, 9.931339e-02, 1.034566e-01, 1.074709e-01, 1.234108e-01, 1.255079e-01, 1.432977e-01, 1.446341e-01, 1.574782e-01, 1.578291e-01, 1.672432e-01, 1.682577e-01, 1.682723e-01, 1.682780e-01, 1.682996e-01
INFO:bingo.evolutionary_optimizers.parallel_archipelago:Evolution time 0:00:40.180531	 age 420	 fitness 7.301e-02
Level 25:bingo.evolutionary_optimizers.evolutionary_optimizer:Generation: 340 	 Elapsed time: 0:18:28.378572 	 Best training fitness: 7.300824e-02 	 
Level 25:bingo.evolutionary_optimizers.evolutionary_optimizer:340, 1.108379e+03, 2704423, 7.300824e-02, 7.300824e-02, 8.956489e-02, 9.598405e-02, 9.931339e-02, 1.033973e-01, 1.074709e-01, 1.234108e-01, 1.255079e-01, 1.432977e-01, 1.444956e-01, 1.574782e-01, 1.578291e-01, 1.672432e-01, 1.682577e-01, 1.682723e-01, 1.682780e-01, 1.682996e-01
INFO:bingo.evolutionary_optimizers.parallel_archipelago:Evolution time 0:00:33.285604	 age 440	 fitness 7.194e-02
Level 25:bingo.evolutionary_optimizers.evolutionary_optimizer:Generation: 350 	 Elapsed time: 0:19:01.967298 	 Best training fitness: 7.194244e-02 	 
Level 25:bingo.evolutionary_optimizers.evolutionary_optimizer:350, 1.141967e+03, 2768084, 7.194244e-02, 7.194244e-02, 8.956489e-02, 9.598405e-02, 9.904809e-02, 1.033973e-01, 1.074709e-01, 1.234108e-01, 1.255079e-01, 1.432977e-01, 1.444505e-01, 1.574782e-01, 1.578291e-01, 1.672432e-01, 1.682577e-01, 1.682723e-01, 1.682780e-01, 1.682996e-01
INFO:bingo.evolutionary_optimizers.parallel_archipelago:Evolution time 0:00:50.172779	 age 450	 fitness 7.194e-02
Level 25:bingo.evolutionary_optimizers.evolutionary_optimizer:Generation: 360 	 Elapsed time: 0:19:52.504846 	 Best training fitness: 7.193687e-02 	 
Level 25:bingo.evolutionary_optimizers.evolutionary_optimizer:360, 1.192505e+03, 2867091, 7.193687e-02, 7.193687e-02, 8.956489e-02, 9.598405e-02, 9.903768e-02, 1.033973e-01, 1.074709e-01, 1.234108e-01, 1.255079e-01, 1.432977e-01, 1.444505e-01, 1.574782e-01, 1.578291e-01, 1.672432e-01, 1.682577e-01, 1.682723e-01, 1.682780e-01, 1.682996e-01
INFO:bingo.evolutionary_optimizers.parallel_archipelago:Evolution time 0:00:32.905878	 age 470	 fitness 6.247e-02
Level 25:bingo.evolutionary_optimizers.evolutionary_optimizer:Generation: 370 	 Elapsed time: 0:20:25.802378 	 Best training fitness: 6.246804e-02 	 
Level 25:bingo.evolutionary_optimizers.evolutionary_optimizer:370, 1.225802e+03, 2956989, 6.246804e-02, 6.246804e-02, 7.123060e-02, 9.897527e-02, 1.033973e-01, 1.074709e-01, 1.234108e-01, 1.255079e-01, 1.432977e-01, 1.444505e-01, 1.574782e-01, 1.578291e-01, 1.672432e-01, 1.682577e-01, 1.682723e-01, 1.682780e-01, 1.682996e-01
INFO:bingo.evolutionary_optimizers.parallel_archipelago:Evolution time 0:00:30.554211	 age 480	 fitness 6.247e-02
Level 25:bingo.evolutionary_optimizers.evolutionary_optimizer:Generation: 380 	 Elapsed time: 0:20:56.641445 	 Best training fitness: 6.246804e-02 	 
Level 25:bingo.evolutionary_optimizers.evolutionary_optimizer:380, 1.256641e+03, 3025195, 6.246804e-02, 6.246804e-02, 6.937620e-02, 9.897527e-02, 1.033973e-01, 1.035091e-01, 1.074709e-01, 1.234108e-01, 1.255079e-01, 1.432977e-01, 1.444505e-01, 1.574782e-01, 1.578291e-01, 1.672432e-01, 1.682577e-01, 1.682723e-01, 1.682780e-01, 1.682996e-01
INFO:bingo.evolutionary_optimizers.parallel_archipelago:Evolution time 0:00:35.915846	 age 500	 fitness 6.244e-02
Level 25:bingo.evolutionary_optimizers.evolutionary_optimizer:Generation: 390 	 Elapsed time: 0:21:32.898224 	 Best training fitness: 6.244213e-02 	 
Level 25:bingo.evolutionary_optimizers.evolutionary_optimizer:390, 1.292898e+03, 3103912, 6.244213e-02, 6.244213e-02, 6.935938e-02, 9.897527e-02, 1.033973e-01, 1.035091e-01, 1.074709e-01, 1.234108e-01, 1.255079e-01, 1.327310e-01, 1.423303e-01, 1.478712e-01, 1.578291e-01, 1.672432e-01, 1.682577e-01, 1.682723e-01, 1.682780e-01, 1.682996e-01
INFO:bingo.evolutionary_optimizers.parallel_archipelago:Evolution time 0:00:27.839954	 age 510	 fitness 6.244e-02
Level 25:bingo.evolutionary_optimizers.evolutionary_optimizer:Generation: 400 	 Elapsed time: 0:22:01.013497 	 Best training fitness: 6.244213e-02 	 
Level 25:bingo.evolutionary_optimizers.evolutionary_optimizer:400, 1.321013e+03, 3190694, 6.244213e-02, 6.244213e-02, 6.935938e-02, 9.618109e-02, 9.858465e-02, 1.033973e-01, 1.035091e-01, 1.074709e-01, 1.234108e-01, 1.255079e-01, 1.327310e-01, 1.423303e-01, 1.478712e-01, 1.578291e-01, 1.672432e-01, 1.682577e-01, 1.682723e-01, 1.682780e-01, 1.682996e-01
INFO:bingo.evolutionary_optimizers.parallel_archipelago:Evolution time 0:00:39.470867	 age 520	 fitness 6.244e-02
Level 25:bingo.evolutionary_optimizers.evolutionary_optimizer:Generation: 410 	 Elapsed time: 0:22:40.757443 	 Best training fitness: 6.244081e-02 	 
Level 25:bingo.evolutionary_optimizers.evolutionary_optimizer:410, 1.360757e+03, 3301147, 6.244081e-02, 6.244081e-02, 6.626682e-02, 9.828115e-02, 1.033914e-01, 1.035091e-01, 1.074709e-01, 1.234108e-01, 1.255079e-01, 1.327310e-01, 1.423303e-01, 1.478712e-01, 1.578291e-01, 1.672432e-01, 1.682577e-01, 1.682723e-01, 1.682780e-01, 1.682996e-01
INFO:bingo.evolutionary_optimizers.parallel_archipelago:Evolution time 0:00:43.004993	 age 530	 fitness 6.244e-02
Level 25:bingo.evolutionary_optimizers.evolutionary_optimizer:Generation: 420 	 Elapsed time: 0:23:24.034129 	 Best training fitness: 6.244081e-02 	 
Level 25:bingo.evolutionary_optimizers.evolutionary_optimizer:420, 1.404034e+03, 3418116, 6.244081e-02, 6.244081e-02, 6.554941e-02, 9.822975e-02, 1.033914e-01, 1.035091e-01, 1.074709e-01, 1.234108e-01, 1.255079e-01, 1.327310e-01, 1.423303e-01, 1.478712e-01, 1.578291e-01, 1.672432e-01, 1.682577e-01, 1.682723e-01, 1.682780e-01, 1.682996e-01
INFO:bingo.evolutionary_optimizers.parallel_archipelago:Evolution time 0:00:26.161249	 age 540	 fitness 6.244e-02
Level 25:bingo.evolutionary_optimizers.evolutionary_optimizer:Generation: 430 	 Elapsed time: 0:23:50.494031 	 Best training fitness: 6.244059e-02 	 
Level 25:bingo.evolutionary_optimizers.evolutionary_optimizer:430, 1.430494e+03, 3499852, 6.244059e-02, 6.244059e-02, 6.554941e-02, 9.822294e-02, 1.033914e-01, 1.035091e-01, 1.074709e-01, 1.234108e-01, 1.255079e-01, 1.327310e-01, 1.423303e-01, 1.478712e-01, 1.578291e-01, 1.672011e-01, 1.672432e-01, 1.682577e-01, 1.682723e-01, 1.682780e-01, 1.682996e-01
INFO:bingo.evolutionary_optimizers.parallel_archipelago:Evolution time 0:00:39.608388	 age 550	 fitness 6.244e-02
Level 25:bingo.evolutionary_optimizers.evolutionary_optimizer:Generation: 440 	 Elapsed time: 0:24:30.377892 	 Best training fitness: 6.244059e-02 	 
Level 25:bingo.evolutionary_optimizers.evolutionary_optimizer:440, 1.470378e+03, 3604215, 6.244059e-02, 6.244059e-02, 6.554941e-02, 9.822294e-02, 1.033914e-01, 1.035091e-01, 1.074709e-01, 1.234108e-01, 1.255079e-01, 1.327310e-01, 1.423303e-01, 1.478712e-01, 1.578291e-01, 1.671374e-01, 1.672432e-01, 1.682577e-01, 1.682630e-01, 1.682996e-01
INFO:bingo.evolutionary_optimizers.parallel_archipelago:Evolution time 0:00:50.977931	 age 560	 fitness 6.244e-02
Level 25:bingo.evolutionary_optimizers.evolutionary_optimizer:Generation: 450 	 Elapsed time: 0:25:21.630129 	 Best training fitness: 6.244423e-02 	 
Level 25:bingo.evolutionary_optimizers.evolutionary_optimizer:450, 1.521630e+03, 3706981, 6.244423e-02, 6.244059e-02, 6.554941e-02, 9.822294e-02, 1.033914e-01, 1.035091e-01, 1.074709e-01, 1.234108e-01, 1.255079e-01, 1.327310e-01, 1.423303e-01, 1.478712e-01, 1.578291e-01, 1.671374e-01, 1.672432e-01, 1.682577e-01, 1.682579e-01, 1.682996e-01
INFO:bingo.evolutionary_optimizers.parallel_archipelago:Evolution time 0:00:39.799676	 age 570	 fitness 6.244e-02
Level 25:bingo.evolutionary_optimizers.evolutionary_optimizer:Generation: 460 	 Elapsed time: 0:26:01.700993 	 Best training fitness: 6.244181e-02 	 
Level 25:bingo.evolutionary_optimizers.evolutionary_optimizer:460, 1.561701e+03, 3803594, 6.244181e-02, 6.244059e-02, 6.554941e-02, 9.822294e-02, 1.033914e-01, 1.035091e-01, 1.074709e-01, 1.234108e-01, 1.255079e-01, 1.327310e-01, 1.423303e-01, 1.478712e-01, 1.578291e-01, 1.671374e-01, 1.672432e-01, 1.682577e-01, 1.682579e-01, 1.682996e-01
INFO:bingo.evolutionary_optimizers.parallel_archipelago:Evolution time 0:00:42.159254	 age 590	 fitness 6.244e-02
Level 25:bingo.evolutionary_optimizers.evolutionary_optimizer:Generation: 470 	 Elapsed time: 0:26:44.128801 	 Best training fitness: 6.244160e-02 	 
Level 25:bingo.evolutionary_optimizers.evolutionary_optimizer:470, 1.604129e+03, 3891019, 6.244160e-02, 6.244059e-02, 6.554941e-02, 9.822294e-02, 1.033914e-01, 1.035091e-01, 1.074709e-01, 1.234108e-01, 1.255079e-01, 1.327310e-01, 1.423303e-01, 1.478712e-01, 1.578291e-01, 1.671374e-01, 1.672432e-01, 1.682577e-01, 1.682579e-01, 1.682996e-01
INFO:bingo.evolutionary_optimizers.parallel_archipelago:Evolution time 0:01:12.586620	 age 610	 fitness 6.244e-02
Level 25:bingo.evolutionary_optimizers.evolutionary_optimizer:Generation: 480 	 Elapsed time: 0:27:57.016651 	 Best training fitness: 6.244038e-02 	 
Level 25:bingo.evolutionary_optimizers.evolutionary_optimizer:480, 1.677017e+03, 4041126, 6.244038e-02, 6.244038e-02, 6.554941e-02, 9.822294e-02, 1.033914e-01, 1.035091e-01, 1.074709e-01, 1.234108e-01, 1.255079e-01, 1.327310e-01, 1.423303e-01, 1.478712e-01, 1.578291e-01, 1.671374e-01, 1.672432e-01, 1.682577e-01, 1.682579e-01, 1.682996e-01
INFO:bingo.evolutionary_optimizers.parallel_archipelago:Evolution time 0:00:22.414559	 age 620	 fitness 6.244e-02
Level 25:bingo.evolutionary_optimizers.evolutionary_optimizer:Generation: 490 	 Elapsed time: 0:28:19.719564 	 Best training fitness: 6.244038e-02 	 
Level 25:bingo.evolutionary_optimizers.evolutionary_optimizer:490, 1.699720e+03, 4114371, 6.244038e-02, 6.244038e-02, 6.554941e-02, 9.822294e-02, 1.033914e-01, 1.035091e-01, 1.074709e-01, 1.234108e-01, 1.255079e-01, 1.327310e-01, 1.423303e-01, 1.478712e-01, 1.578291e-01, 1.671374e-01, 1.672432e-01, 1.682577e-01, 1.682579e-01, 1.682996e-01
INFO:bingo.evolutionary_optimizers.parallel_archipelago:Evolution time 0:00:58.144319	 age 650	 fitness 6.244e-02
Level 25:bingo.evolutionary_optimizers.evolutionary_optimizer:Generation: 500 	 Elapsed time: 0:29:18.224206 	 Best training fitness: 6.244201e-02 	 
Level 25:bingo.evolutionary_optimizers.evolutionary_optimizer:500, 1.758224e+03, 4255218, 6.244201e-02, 6.244038e-02, 6.554941e-02, 9.822294e-02, 1.033914e-01, 1.035091e-01, 1.074709e-01, 1.234108e-01, 1.255079e-01, 1.327310e-01, 1.423303e-01, 1.478712e-01, 1.480367e-01, 1.671374e-01, 1.672432e-01, 1.682577e-01, 1.682579e-01, 1.682996e-01
INFO:bingo.evolutionary_optimizers.parallel_archipelago:Evolution time 0:01:02.226500	 age 660	 fitness 6.244e-02
Level 25:bingo.evolutionary_optimizers.evolutionary_optimizer:Generation: 510 	 Elapsed time: 0:30:20.782438 	 Best training fitness: 6.243979e-02 	 
Level 25:bingo.evolutionary_optimizers.evolutionary_optimizer:510, 1.820782e+03, 4365257, 6.243979e-02, 6.243979e-02, 6.554941e-02, 9.822294e-02, 1.033914e-01, 1.035091e-01, 1.074709e-01, 1.234108e-01, 1.255079e-01, 1.326327e-01, 1.394021e-01, 1.480367e-01, 1.671374e-01, 1.672432e-01, 1.682577e-01, 1.682579e-01, 1.682996e-01
INFO:bingo.evolutionary_optimizers.parallel_archipelago:Evolution time 0:00:40.066513	 age 680	 fitness 6.244e-02
Level 25:bingo.evolutionary_optimizers.evolutionary_optimizer:Generation: 520 	 Elapsed time: 0:31:01.149935 	 Best training fitness: 6.243889e-02 	 
Level 25:bingo.evolutionary_optimizers.evolutionary_optimizer:520, 1.861150e+03, 4448106, 6.243889e-02, 6.243889e-02, 6.554941e-02, 9.822294e-02, 1.033914e-01, 1.035091e-01, 1.074709e-01, 1.234108e-01, 1.255079e-01, 1.326327e-01, 1.371300e-01, 1.479391e-01, 1.671374e-01, 1.672432e-01, 1.682577e-01, 1.682579e-01, 1.682996e-01
INFO:bingo.evolutionary_optimizers.parallel_archipelago:Evolution time 0:00:30.504808	 age 690	 fitness 6.244e-02
Level 25:bingo.evolutionary_optimizers.evolutionary_optimizer:Generation: 530 	 Elapsed time: 0:31:31.971318 	 Best training fitness: 6.243889e-02 	 
Level 25:bingo.evolutionary_optimizers.evolutionary_optimizer:530, 1.891971e+03, 4524017, 6.243889e-02, 6.243889e-02, 6.554941e-02, 9.822294e-02, 1.033914e-01, 1.035091e-01, 1.074709e-01, 1.234108e-01, 1.255079e-01, 1.326327e-01, 1.371300e-01, 1.479391e-01, 1.671374e-01, 1.672432e-01, 1.682577e-01, 1.682579e-01, 1.682996e-01
INFO:bingo.evolutionary_optimizers.parallel_archipelago:Evolution time 0:00:38.000261	 age 700	 fitness 6.244e-02
Level 25:bingo.evolutionary_optimizers.evolutionary_optimizer:Generation: 540 	 Elapsed time: 0:32:10.282075 	 Best training fitness: 6.244399e-02 	 
Level 25:bingo.evolutionary_optimizers.evolutionary_optimizer:540, 1.930282e+03, 4622710, 6.244399e-02, 6.243889e-02, 6.554941e-02, 8.824484e-02, 1.154524e-01, 1.155262e-01, 1.371300e-01, 1.471187e-01, 1.672432e-01, 1.682577e-01, 1.682579e-01, 1.682996e-01
INFO:bingo.evolutionary_optimizers.parallel_archipelago:Evolution time 0:00:46.825948	 age 730	 fitness 6.179e-02
Level 25:bingo.evolutionary_optimizers.evolutionary_optimizer:Generation: 550 	 Elapsed time: 0:32:57.428799 	 Best training fitness: 6.178993e-02 	 
Level 25:bingo.evolutionary_optimizers.evolutionary_optimizer:550, 1.977429e+03, 4730695, 6.178993e-02, 6.178993e-02, 6.243889e-02, 6.554941e-02, 8.821212e-02, 1.154524e-01, 1.155048e-01, 1.370586e-01, 1.467395e-01, 1.471187e-01, 1.672432e-01, 1.682577e-01, 1.682579e-01, 1.682996e-01
INFO:bingo.evolutionary_optimizers.parallel_archipelago:Evolution time 0:00:36.430393	 age 740	 fitness 6.179e-02
Level 25:bingo.evolutionary_optimizers.evolutionary_optimizer:Generation: 560 	 Elapsed time: 0:33:34.177519 	 Best training fitness: 6.179199e-02 	 
Level 25:bingo.evolutionary_optimizers.evolutionary_optimizer:560, 2.014178e+03, 4815584, 6.179199e-02, 6.178993e-02, 6.243889e-02, 6.554941e-02, 6.977648e-02, 8.819657e-02, 8.826576e-02, 1.370586e-01, 1.429224e-01, 1.471187e-01, 1.672432e-01, 1.682577e-01, 1.682579e-01, 1.682996e-01
INFO:bingo.evolutionary_optimizers.parallel_archipelago:Evolution time 0:00:27.527765	 age 750	 fitness 6.179e-02
Level 25:bingo.evolutionary_optimizers.evolutionary_optimizer:Generation: 570 	 Elapsed time: 0:34:02.016706 	 Best training fitness: 6.179065e-02 	 
Level 25:bingo.evolutionary_optimizers.evolutionary_optimizer:570, 2.042017e+03, 4880145, 6.179065e-02, 6.178993e-02, 6.243889e-02, 6.554941e-02, 6.970156e-02, 8.819657e-02, 8.826576e-02, 1.154921e-01, 1.429224e-01, 1.471187e-01, 1.672432e-01, 1.682577e-01, 1.682579e-01, 1.682996e-01
INFO:bingo.evolutionary_optimizers.parallel_archipelago:Evolution time 0:00:41.641369	 age 760	 fitness 6.179e-02
Level 25:bingo.evolutionary_optimizers.evolutionary_optimizer:Generation: 580 	 Elapsed time: 0:34:43.930293 	 Best training fitness: 6.178841e-02 	 
Level 25:bingo.evolutionary_optimizers.evolutionary_optimizer:580, 2.083930e+03, 5000922, 6.178841e-02, 6.178841e-02, 6.243889e-02, 6.554941e-02, 6.968947e-02, 6.974993e-02, 8.826576e-02, 1.154921e-01, 1.213356e-01, 1.471187e-01, 1.672432e-01, 1.682577e-01, 1.682579e-01, 1.682996e-01
INFO:bingo.evolutionary_optimizers.parallel_archipelago:Evolution time 0:00:34.702666	 age 770	 fitness 6.179e-02
Level 25:bingo.evolutionary_optimizers.evolutionary_optimizer:Generation: 590 	 Elapsed time: 0:35:18.903733 	 Best training fitness: 6.178782e-02 	 
Level 25:bingo.evolutionary_optimizers.evolutionary_optimizer:590, 2.118904e+03, 5091496, 6.178782e-02, 6.178782e-02, 6.243889e-02, 6.554941e-02, 6.967280e-02, 8.826576e-02, 1.154921e-01, 1.213185e-01, 1.471187e-01, 1.672432e-01, 1.682577e-01, 1.682579e-01, 1.682996e-01
INFO:bingo.evolutionary_optimizers.parallel_archipelago:Evolution time 0:00:48.721786	 age 790	 fitness 6.179e-02
Level 25:bingo.evolutionary_optimizers.evolutionary_optimizer:Generation: 600 	 Elapsed time: 0:36:07.932174 	 Best training fitness: 6.178600e-02 	 
Level 25:bingo.evolutionary_optimizers.evolutionary_optimizer:600, 2.167932e+03, 5206725, 6.178600e-02, 6.178600e-02, 6.243889e-02, 6.554941e-02, 6.792408e-02, 6.967280e-02, 8.826576e-02, 1.141318e-01, 1.213185e-01, 1.471187e-01, 1.672432e-01, 1.682577e-01, 1.682579e-01, 1.682996e-01
INFO:bingo.evolutionary_optimizers.parallel_archipelago:Evolution time 0:00:56.830146	 age 810	 fitness 6.179e-02
Level 25:bingo.evolutionary_optimizers.evolutionary_optimizer:Generation: 610 	 Elapsed time: 0:37:05.039913 	 Best training fitness: 6.178737e-02 	 
Level 25:bingo.evolutionary_optimizers.evolutionary_optimizer:610, 2.225040e+03, 5334316, 6.178737e-02, 6.178600e-02, 6.243889e-02, 6.554941e-02, 6.783955e-02, 6.967280e-02, 8.826576e-02, 1.141318e-01, 1.213185e-01, 1.471187e-01, 1.672432e-01, 1.682577e-01, 1.682579e-01, 1.682996e-01
INFO:bingo.evolutionary_optimizers.parallel_archipelago:Evolution time 0:00:36.993928	 age 830	 fitness 5.653e-02
Level 25:bingo.evolutionary_optimizers.evolutionary_optimizer:Generation: 620 	 Elapsed time: 0:37:42.377522 	 Best training fitness: 5.652968e-02 	 
Level 25:bingo.evolutionary_optimizers.evolutionary_optimizer:620, 2.262378e+03, 5449408, 5.652968e-02, 5.652968e-02, 6.178600e-02, 6.243889e-02, 6.554941e-02, 6.783955e-02, 6.967280e-02, 8.826576e-02, 1.141318e-01, 1.148713e-01, 1.471187e-01, 1.672432e-01, 1.682577e-01, 1.682579e-01, 1.682996e-01
INFO:bingo.evolutionary_optimizers.parallel_archipelago:Evolution time 0:00:32.244752	 age 850	 fitness 5.652e-02
Level 25:bingo.evolutionary_optimizers.evolutionary_optimizer:Generation: 630 	 Elapsed time: 0:38:14.928795 	 Best training fitness: 5.651699e-02 	 
Level 25:bingo.evolutionary_optimizers.evolutionary_optimizer:630, 2.294929e+03, 5543658, 5.651699e-02, 5.651699e-02, 6.178600e-02, 6.243889e-02, 6.554941e-02, 6.783955e-02, 6.967246e-02, 8.826576e-02, 1.141318e-01, 1.148713e-01, 1.471187e-01, 1.672432e-01, 1.682577e-01, 1.682579e-01, 1.682996e-01
INFO:bingo.evolutionary_optimizers.parallel_archipelago:Evolution time 0:00:49.436426	 age 870	 fitness 5.651e-02
Level 25:bingo.evolutionary_optimizers.evolutionary_optimizer:Generation: 640 	 Elapsed time: 0:39:04.678313 	 Best training fitness: 5.651045e-02 	 
Level 25:bingo.evolutionary_optimizers.evolutionary_optimizer:640, 2.344678e+03, 5673744, 5.651045e-02, 5.651045e-02, 5.833277e-02, 6.178600e-02, 6.243889e-02, 6.554941e-02, 6.783955e-02, 6.862095e-02, 6.967246e-02, 8.826576e-02, 1.141318e-01, 1.148713e-01, 1.149669e-01, 1.672432e-01, 1.682577e-01, 1.682579e-01, 1.682996e-01
INFO:bingo.evolutionary_optimizers.parallel_archipelago:Evolution time 0:00:48.344582	 age 890	 fitness 5.350e-02
Level 25:bingo.evolutionary_optimizers.evolutionary_optimizer:Generation: 650 	 Elapsed time: 0:39:53.342869 	 Best training fitness: 5.350150e-02 	 
Level 25:bingo.evolutionary_optimizers.evolutionary_optimizer:650, 2.393343e+03, 5809689, 5.350150e-02, 5.350150e-02, 5.560199e-02, 5.650839e-02, 5.832961e-02, 6.178600e-02, 6.243889e-02, 6.554941e-02, 6.758088e-02, 6.781128e-02, 6.861052e-02, 6.967246e-02, 8.826576e-02, 1.141318e-01, 1.148713e-01, 1.149669e-01, 1.672432e-01, 1.682577e-01, 1.682579e-01, 1.682996e-01
INFO:bingo.evolutionary_optimizers.parallel_archipelago:Evolution time 0:00:38.495039	 age 910	 fitness 5.350e-02
Level 25:bingo.evolutionary_optimizers.evolutionary_optimizer:Generation: 660 	 Elapsed time: 0:40:32.135284 	 Best training fitness: 5.349544e-02 	 
Level 25:bingo.evolutionary_optimizers.evolutionary_optimizer:660, 2.432135e+03, 5907917, 5.349544e-02, 5.349544e-02, 5.506738e-02, 5.832570e-02, 6.178600e-02, 6.243889e-02, 6.554941e-02, 6.758088e-02, 6.780972e-02, 6.861052e-02, 6.967246e-02, 8.826576e-02, 1.141318e-01, 1.148623e-01, 1.149276e-01, 1.672432e-01, 1.682577e-01, 1.682579e-01, 1.682996e-01
INFO:bingo.evolutionary_optimizers.parallel_archipelago:Evolution time 0:00:33.673035	 age 930	 fitness 5.349e-02
Level 25:bingo.evolutionary_optimizers.evolutionary_optimizer:Generation: 670 	 Elapsed time: 0:41:06.073945 	 Best training fitness: 5.349120e-02 	 
Level 25:bingo.evolutionary_optimizers.evolutionary_optimizer:670, 2.466074e+03, 5997144, 5.349120e-02, 5.349120e-02, 5.506391e-02, 5.832386e-02, 6.178600e-02, 6.243889e-02, 6.554941e-02, 6.756420e-02, 6.780972e-02, 6.860024e-02, 6.967246e-02, 8.826576e-02, 1.141318e-01, 1.148594e-01, 1.149276e-01, 1.672432e-01, 1.682577e-01, 1.682579e-01, 1.682996e-01
INFO:bingo.evolutionary_optimizers.parallel_archipelago:Evolution time 0:00:25.705561	 age 950	 fitness 5.349e-02
Level 25:bingo.evolutionary_optimizers.evolutionary_optimizer:Generation: 680 	 Elapsed time: 0:41:32.072680 	 Best training fitness: 5.348991e-02 	 
Level 25:bingo.evolutionary_optimizers.evolutionary_optimizer:680, 2.492073e+03, 6090924, 5.348991e-02, 5.348991e-02, 5.506391e-02, 5.832386e-02, 6.178600e-02, 6.243889e-02, 6.293933e-02, 6.780972e-02, 6.860024e-02, 6.967246e-02, 8.826576e-02, 1.141318e-01, 1.148427e-01, 1.149276e-01, 1.606253e-01, 1.672432e-01, 1.682577e-01, 1.682579e-01, 1.682996e-01
INFO:bingo.evolutionary_optimizers.parallel_archipelago:Evolution time 0:00:39.178060	 age 970	 fitness 5.349e-02
Level 25:bingo.evolutionary_optimizers.evolutionary_optimizer:Generation: 690 	 Elapsed time: 0:42:11.579072 	 Best training fitness: 5.348991e-02 	 
Level 25:bingo.evolutionary_optimizers.evolutionary_optimizer:690, 2.531579e+03, 6201514, 5.348991e-02, 5.348991e-02, 5.505450e-02, 5.832386e-02, 6.178600e-02, 6.243889e-02, 6.293933e-02, 6.780972e-02, 6.860024e-02, 6.967246e-02, 8.826576e-02, 1.141318e-01, 1.148218e-01, 1.149276e-01, 1.606253e-01, 1.672432e-01, 1.682577e-01, 1.682579e-01, 1.682996e-01
INFO:bingo.evolutionary_optimizers.parallel_archipelago:Evolution time 0:00:54.723571	 age 990	 fitness 5.349e-02
Level 25:bingo.evolutionary_optimizers.evolutionary_optimizer:Generation: 700 	 Elapsed time: 0:43:06.632202 	 Best training fitness: 5.349326e-02 	 
Level 25:bingo.evolutionary_optimizers.evolutionary_optimizer:700, 2.586632e+03, 6327073, 5.349326e-02, 5.348991e-02, 5.505323e-02, 5.832386e-02, 6.178600e-02, 6.243889e-02, 6.290997e-02, 6.780972e-02, 6.860024e-02, 6.967246e-02, 8.826576e-02, 1.141318e-01, 1.148218e-01, 1.149276e-01, 1.606253e-01, 1.672432e-01, 1.682577e-01, 1.682579e-01, 1.682996e-01
INFO:bingo.evolutionary_optimizers.parallel_archipelago:Evolution time 0:00:45.523254	 age 1010	 fitness 5.349e-02
Level 25:bingo.evolutionary_optimizers.evolutionary_optimizer:Generation: 710 	 Elapsed time: 0:43:52.480361 	 Best training fitness: 5.349191e-02 	 
Level 25:bingo.evolutionary_optimizers.evolutionary_optimizer:710, 2.632480e+03, 6432235, 5.349191e-02, 5.348991e-02, 5.499836e-02, 5.832386e-02, 6.178600e-02, 6.243889e-02, 6.289353e-02, 6.780972e-02, 6.859859e-02, 6.967246e-02, 8.826576e-02, 9.544435e-02, 1.149101e-01, 1.379103e-01, 1.672432e-01, 1.682577e-01, 1.682579e-01, 1.682996e-01
INFO:bingo.evolutionary_optimizers.parallel_archipelago:Evolution time 0:01:01.957681	 age 1030	 fitness 5.202e-02
Level 25:bingo.evolutionary_optimizers.evolutionary_optimizer:Generation: 720 	 Elapsed time: 0:44:54.758332 	 Best training fitness: 5.202278e-02 	 
Level 25:bingo.evolutionary_optimizers.evolutionary_optimizer:720, 2.694758e+03, 6577558, 5.202278e-02, 5.202278e-02, 5.497261e-02, 5.498312e-02, 5.832386e-02, 6.178600e-02, 6.243889e-02, 6.287738e-02, 6.780972e-02, 6.859859e-02, 6.967246e-02, 8.826576e-02, 9.522535e-02, 1.379103e-01, 1.672432e-01, 1.682577e-01, 1.682579e-01, 1.682996e-01
INFO:bingo.evolutionary_optimizers.parallel_archipelago:Evolution time 0:00:30.831166	 age 1060	 fitness 5.201e-02
Level 25:bingo.evolutionary_optimizers.evolutionary_optimizer:Generation: 730 	 Elapsed time: 0:45:25.916902 	 Best training fitness: 5.200549e-02 	 
Level 25:bingo.evolutionary_optimizers.evolutionary_optimizer:730, 2.725917e+03, 6667939, 5.200549e-02, 5.200549e-02, 5.489846e-02, 5.495422e-02, 5.498312e-02, 5.832386e-02, 6.178600e-02, 6.243889e-02, 6.281681e-02, 6.759546e-02, 6.967246e-02, 8.826576e-02, 9.521252e-02, 1.379103e-01, 1.672432e-01, 1.682577e-01, 1.682579e-01, 1.682996e-01
INFO:bingo.evolutionary_optimizers.parallel_archipelago:Evolution time 0:00:46.390283	 age 1080	 fitness 5.201e-02
Level 25:bingo.evolutionary_optimizers.evolutionary_optimizer:Generation: 740 	 Elapsed time: 0:46:12.600219 	 Best training fitness: 5.201410e-02 	 
Level 25:bingo.evolutionary_optimizers.evolutionary_optimizer:740, 2.772600e+03, 6789540, 5.201410e-02, 5.200549e-02, 5.488629e-02, 5.495422e-02, 5.498312e-02, 5.832386e-02, 6.178600e-02, 6.243889e-02, 6.281363e-02, 6.759546e-02, 6.967246e-02, 8.826576e-02, 9.517624e-02, 1.379103e-01, 1.672432e-01, 1.682577e-01, 1.682579e-01, 1.682996e-01
INFO:bingo.evolutionary_optimizers.parallel_archipelago:Evolution time 0:00:32.704999	 age 1100	 fitness 5.200e-02
Level 25:bingo.evolutionary_optimizers.evolutionary_optimizer:Generation: 750 	 Elapsed time: 0:46:45.569038 	 Best training fitness: 5.200273e-02 	 
Level 25:bingo.evolutionary_optimizers.evolutionary_optimizer:750, 2.805569e+03, 6886005, 5.200273e-02, 5.200273e-02, 5.488629e-02, 5.495422e-02, 5.498312e-02, 5.832386e-02, 6.178600e-02, 6.243889e-02, 6.279637e-02, 6.757324e-02, 6.967246e-02, 8.826576e-02, 9.517624e-02, 1.379103e-01, 1.672432e-01, 1.682577e-01, 1.682579e-01, 1.682996e-01
INFO:bingo.evolutionary_optimizers.parallel_archipelago:Evolution time 0:00:36.704859	 age 1120	 fitness 5.200e-02
Level 25:bingo.evolutionary_optimizers.evolutionary_optimizer:Generation: 760 	 Elapsed time: 0:47:22.537515 	 Best training fitness: 5.200457e-02 	 
Level 25:bingo.evolutionary_optimizers.evolutionary_optimizer:760, 2.842538e+03, 6983534, 5.200457e-02, 5.200273e-02, 5.438880e-02, 6.178600e-02, 6.243889e-02, 6.276434e-02, 6.756680e-02, 6.967246e-02, 8.826576e-02, 9.517624e-02, 1.379103e-01, 1.469289e-01, 1.672432e-01, 1.682577e-01, 1.682579e-01, 1.682996e-01
INFO:bingo.evolutionary_optimizers.parallel_archipelago:Evolution time 0:00:42.722097	 age 1140	 fitness 5.200e-02
Level 25:bingo.evolutionary_optimizers.evolutionary_optimizer:Generation: 770 	 Elapsed time: 0:48:05.531384 	 Best training fitness: 5.200500e-02 	 
Level 25:bingo.evolutionary_optimizers.evolutionary_optimizer:770, 2.885531e+03, 7084799, 5.200500e-02, 5.200273e-02, 5.343220e-02, 5.873193e-02, 6.178600e-02, 6.243889e-02, 6.276434e-02, 6.756465e-02, 6.966723e-02, 8.826576e-02, 9.517624e-02, 1.379103e-01, 1.469289e-01, 1.672432e-01, 1.682577e-01, 1.682579e-01, 1.682996e-01
INFO:bingo.evolutionary_optimizers.parallel_archipelago:Evolution time 0:00:40.829310	 age 1150	 fitness 5.200e-02
Level 25:bingo.evolutionary_optimizers.evolutionary_optimizer:Generation: 780 	 Elapsed time: 0:48:46.623069 	 Best training fitness: 5.199910e-02 	 
Level 25:bingo.evolutionary_optimizers.evolutionary_optimizer:780, 2.926623e+03, 7169936, 5.199910e-02, 5.199910e-02, 5.200126e-02, 5.250004e-02, 5.861828e-02, 5.873193e-02, 6.178600e-02, 6.243889e-02, 6.267137e-02, 6.755046e-02, 6.966723e-02, 8.826576e-02, 9.517624e-02, 1.379103e-01, 1.469289e-01, 1.672432e-01, 1.682577e-01, 1.682579e-01, 1.682996e-01
INFO:bingo.evolutionary_optimizers.parallel_archipelago:Evolution time 0:00:37.752888	 age 1160	 fitness 5.200e-02
Level 25:bingo.evolutionary_optimizers.evolutionary_optimizer:Generation: 790 	 Elapsed time: 0:49:24.640700 	 Best training fitness: 5.200238e-02 	 
Level 25:bingo.evolutionary_optimizers.evolutionary_optimizer:790, 2.964641e+03, 7250859, 5.200238e-02, 5.199910e-02, 5.200126e-02, 5.248924e-02, 5.861828e-02, 5.873193e-02, 6.178600e-02, 6.243889e-02, 6.266597e-02, 6.754612e-02, 6.966723e-02, 8.826576e-02, 9.517624e-02, 1.379103e-01, 1.469289e-01, 1.672432e-01, 1.682577e-01, 1.682579e-01, 1.682996e-01
INFO:bingo.evolutionary_optimizers.parallel_archipelago:Evolution time 0:00:18.318612	 age 1170	 fitness 5.200e-02
Level 25:bingo.evolutionary_optimizers.evolutionary_optimizer:Generation: 800 	 Elapsed time: 0:49:43.223638 	 Best training fitness: 5.200383e-02 	 
Level 25:bingo.evolutionary_optimizers.evolutionary_optimizer:800, 2.983224e+03, 7312625, 5.200383e-02, 5.199910e-02, 5.200126e-02, 5.248835e-02, 5.861828e-02, 5.873193e-02, 6.178600e-02, 6.243889e-02, 6.266215e-02, 6.754612e-02, 6.966723e-02, 8.826576e-02, 9.517624e-02, 1.379103e-01, 1.469289e-01, 1.672432e-01, 1.682516e-01, 1.682577e-01, 1.682579e-01, 1.682996e-01
INFO:bingo.evolutionary_optimizers.parallel_archipelago:Evolution time 0:00:36.824165	 age 1190	 fitness 5.200e-02
Level 25:bingo.evolutionary_optimizers.evolutionary_optimizer:Generation: 810 	 Elapsed time: 0:50:20.357692 	 Best training fitness: 5.200081e-02 	 
Level 25:bingo.evolutionary_optimizers.evolutionary_optimizer:810, 3.020358e+03, 7418036, 5.200081e-02, 5.199910e-02, 5.200126e-02, 5.248466e-02, 5.861828e-02, 5.873193e-02, 6.178600e-02, 6.243889e-02, 6.264692e-02, 6.754612e-02, 6.966435e-02, 8.826576e-02, 9.517624e-02, 1.379103e-01, 1.469289e-01, 1.672432e-01, 1.682516e-01, 1.682577e-01, 1.682579e-01, 1.682996e-01
INFO:bingo.evolutionary_optimizers.parallel_archipelago:Evolution time 0:00:33.675182	 age 1200	 fitness 5.201e-02
Level 25:bingo.evolutionary_optimizers.evolutionary_optimizer:Generation: 820 	 Elapsed time: 0:50:54.334427 	 Best training fitness: 5.200556e-02 	 
Level 25:bingo.evolutionary_optimizers.evolutionary_optimizer:820, 3.054334e+03, 7491629, 5.200556e-02, 5.199910e-02, 5.200126e-02, 5.248466e-02, 5.861828e-02, 5.873193e-02, 6.178600e-02, 6.243889e-02, 6.263317e-02, 6.752052e-02, 6.966435e-02, 8.826576e-02, 9.517624e-02, 1.379103e-01, 1.469289e-01, 1.672432e-01, 1.682516e-01, 1.682577e-01, 1.682579e-01, 1.682996e-01
INFO:bingo.evolutionary_optimizers.parallel_archipelago:Evolution time 0:00:36.671309	 age 1210	 fitness 5.200e-02
Level 25:bingo.evolutionary_optimizers.evolutionary_optimizer:Generation: 830 	 Elapsed time: 0:51:31.269860 	 Best training fitness: 5.200403e-02 	 
Level 25:bingo.evolutionary_optimizers.evolutionary_optimizer:830, 3.091270e+03, 7563340, 5.200403e-02, 5.199910e-02, 5.200126e-02, 5.248466e-02, 5.861828e-02, 5.873193e-02, 6.178600e-02, 6.243889e-02, 6.263317e-02, 6.752052e-02, 6.966435e-02, 8.826576e-02, 9.517624e-02, 1.379103e-01, 1.469289e-01, 1.672432e-01, 1.682516e-01, 1.682577e-01, 1.682579e-01, 1.682996e-01
INFO:bingo.evolutionary_optimizers.parallel_archipelago:Evolution time 0:00:46.634423	 age 1220	 fitness 5.200e-02
Level 25:bingo.evolutionary_optimizers.evolutionary_optimizer:Generation: 840 	 Elapsed time: 0:52:18.170318 	 Best training fitness: 5.200403e-02 	 
Level 25:bingo.evolutionary_optimizers.evolutionary_optimizer:840, 3.138170e+03, 7664501, 5.200403e-02, 5.199910e-02, 5.200126e-02, 5.248466e-02, 5.861828e-02, 5.873193e-02, 6.178600e-02, 6.243889e-02, 6.263317e-02, 6.752052e-02, 6.966435e-02, 8.826576e-02, 9.517624e-02, 1.379103e-01, 1.469289e-01, 1.672432e-01, 1.682516e-01, 1.682577e-01, 1.682579e-01, 1.682996e-01
INFO:bingo.evolutionary_optimizers.parallel_archipelago:Evolution time 0:00:29.166039	 age 1240	 fitness 5.201e-02
Level 25:bingo.evolutionary_optimizers.evolutionary_optimizer:Generation: 850 	 Elapsed time: 0:52:47.602568 	 Best training fitness: 5.200728e-02 	 
Level 25:bingo.evolutionary_optimizers.evolutionary_optimizer:850, 3.167603e+03, 7761448, 5.200728e-02, 5.199910e-02, 5.200126e-02, 5.248466e-02, 5.861828e-02, 5.873193e-02, 6.178600e-02, 6.243889e-02, 6.263317e-02, 6.752052e-02, 6.966435e-02, 8.826576e-02, 9.517624e-02, 1.379103e-01, 1.469289e-01, 1.672432e-01, 1.682516e-01, 1.682577e-01, 1.682579e-01, 1.682996e-01
INFO:bingo.evolutionary_optimizers.parallel_archipelago:Evolution time 0:00:36.040780	 age 1260	 fitness 5.201e-02
Level 25:bingo.evolutionary_optimizers.evolutionary_optimizer:Generation: 860 	 Elapsed time: 0:53:23.908273 	 Best training fitness: 5.200518e-02 	 
Level 25:bingo.evolutionary_optimizers.evolutionary_optimizer:860, 3.203908e+03, 7847933, 5.200518e-02, 5.199910e-02, 5.200126e-02, 5.248466e-02, 5.249290e-02, 5.873193e-02, 6.178600e-02, 6.243889e-02, 6.263317e-02, 6.752052e-02, 6.966435e-02, 8.826576e-02, 9.517624e-02, 1.379103e-01, 1.469289e-01, 1.672432e-01, 1.682516e-01, 1.682577e-01, 1.682579e-01, 1.682996e-01
INFO:bingo.evolutionary_optimizers.parallel_archipelago:Evolution time 0:00:37.353661	 age 1270	 fitness 5.200e-02
Level 25:bingo.evolutionary_optimizers.evolutionary_optimizer:Generation: 870 	 Elapsed time: 0:54:01.528733 	 Best training fitness: 5.200129e-02 	 
Level 25:bingo.evolutionary_optimizers.evolutionary_optimizer:870, 3.241529e+03, 7929234, 5.200129e-02, 5.199910e-02, 5.200126e-02, 5.248466e-02, 5.249253e-02, 5.873193e-02, 6.178600e-02, 6.243889e-02, 6.263317e-02, 6.752052e-02, 6.966435e-02, 8.826576e-02, 9.517624e-02, 1.379103e-01, 1.469289e-01, 1.672432e-01, 1.682516e-01, 1.682577e-01, 1.682579e-01, 1.682996e-01
INFO:bingo.evolutionary_optimizers.parallel_archipelago:Evolution time 0:00:26.487284	 age 1290	 fitness 5.201e-02
Level 25:bingo.evolutionary_optimizers.evolutionary_optimizer:Generation: 880 	 Elapsed time: 0:54:28.308163 	 Best training fitness: 5.200679e-02 	 
Level 25:bingo.evolutionary_optimizers.evolutionary_optimizer:880, 3.268308e+03, 8025440, 5.200679e-02, 5.199910e-02, 5.200126e-02, 5.248262e-02, 5.249253e-02, 5.873193e-02, 6.178600e-02, 6.243889e-02, 6.263317e-02, 6.752052e-02, 6.966435e-02, 8.826576e-02, 9.517624e-02, 1.379103e-01, 1.469289e-01, 1.672432e-01, 1.682516e-01, 1.682577e-01, 1.682579e-01, 1.682996e-01
INFO:bingo.evolutionary_optimizers.parallel_archipelago:Evolution time 0:00:25.391697	 age 1310	 fitness 5.200e-02
Level 25:bingo.evolutionary_optimizers.evolutionary_optimizer:Generation: 890 	 Elapsed time: 0:54:53.965176 	 Best training fitness: 5.200227e-02 	 
Level 25:bingo.evolutionary_optimizers.evolutionary_optimizer:890, 3.293965e+03, 8121925, 5.200227e-02, 5.199910e-02, 5.200126e-02, 5.248262e-02, 5.249253e-02, 5.873193e-02, 6.178600e-02, 6.243889e-02, 6.263317e-02, 6.752052e-02, 6.966435e-02, 8.826576e-02, 9.517624e-02, 1.379103e-01, 1.469289e-01, 1.672432e-01, 1.682516e-01, 1.682577e-01, 1.682579e-01, 1.682996e-01
INFO:bingo.evolutionary_optimizers.parallel_archipelago:Evolution time 0:00:40.061339	 age 1330	 fitness 5.200e-02
Level 25:bingo.evolutionary_optimizers.evolutionary_optimizer:Generation: 900 	 Elapsed time: 0:55:34.294220 	 Best training fitness: 5.200344e-02 	 
Level 25:bingo.evolutionary_optimizers.evolutionary_optimizer:900, 3.334294e+03, 8260148, 5.200344e-02, 5.199910e-02, 5.200126e-02, 5.248262e-02, 5.249253e-02, 5.873193e-02, 6.178600e-02, 6.243889e-02, 6.263317e-02, 6.752052e-02, 6.953830e-02, 8.826576e-02, 9.517624e-02, 1.379103e-01, 1.469289e-01, 1.672432e-01, 1.682516e-01, 1.682577e-01, 1.682579e-01, 1.682996e-01
INFO:bingo.evolutionary_optimizers.parallel_archipelago:Evolution time 0:00:43.627230	 age 1360	 fitness 5.200e-02
Level 25:bingo.evolutionary_optimizers.evolutionary_optimizer:Generation: 910 	 Elapsed time: 0:56:18.253040 	 Best training fitness: 5.200101e-02 	 
Level 25:bingo.evolutionary_optimizers.evolutionary_optimizer:910, 3.378253e+03, 8383478, 5.200101e-02, 5.199910e-02, 5.200126e-02, 5.248262e-02, 5.249253e-02, 5.873193e-02, 6.178600e-02, 6.243889e-02, 6.263317e-02, 6.752052e-02, 6.949273e-02, 8.826576e-02, 9.517624e-02, 1.379103e-01, 1.469289e-01, 1.672432e-01, 1.682516e-01, 1.682577e-01, 1.682579e-01, 1.682996e-01
INFO:bingo.evolutionary_optimizers.parallel_archipelago:Evolution time 0:00:39.723887	 age 1380	 fitness 5.200e-02
Level 25:bingo.evolutionary_optimizers.evolutionary_optimizer:Generation: 920 	 Elapsed time: 0:56:58.313603 	 Best training fitness: 5.200101e-02 	 
Level 25:bingo.evolutionary_optimizers.evolutionary_optimizer:920, 3.418314e+03, 8522125, 5.200101e-02, 5.199910e-02, 5.200126e-02, 5.248262e-02, 5.249253e-02, 5.873193e-02, 6.178600e-02, 6.243889e-02, 6.263317e-02, 6.293658e-02, 6.752052e-02, 6.948230e-02, 8.826576e-02, 9.517624e-02, 1.379103e-01, 1.469289e-01, 1.672432e-01, 1.682516e-01, 1.682577e-01, 1.682579e-01, 1.682996e-01
INFO:bingo.evolutionary_optimizers.parallel_archipelago:Evolution time 0:00:34.340004	 age 1390	 fitness 5.200e-02
Level 25:bingo.evolutionary_optimizers.evolutionary_optimizer:Generation: 930 	 Elapsed time: 0:57:32.897258 	 Best training fitness: 5.200356e-02 	 
Level 25:bingo.evolutionary_optimizers.evolutionary_optimizer:930, 3.452897e+03, 8643353, 5.200356e-02, 5.199910e-02, 5.200126e-02, 5.248262e-02, 5.249253e-02, 5.873193e-02, 6.178600e-02, 6.243889e-02, 6.263317e-02, 6.282879e-02, 6.752052e-02, 6.948230e-02, 8.826576e-02, 9.517624e-02, 1.379103e-01, 1.469289e-01, 1.672432e-01, 1.682516e-01, 1.682577e-01, 1.682579e-01, 1.682996e-01
INFO:bingo.evolutionary_optimizers.parallel_archipelago:Evolution time 0:00:38.675552	 age 1410	 fitness 5.200e-02
Level 25:bingo.evolutionary_optimizers.evolutionary_optimizer:Generation: 940 	 Elapsed time: 0:58:11.846976 	 Best training fitness: 5.200342e-02 	 
Level 25:bingo.evolutionary_optimizers.evolutionary_optimizer:940, 3.491847e+03, 8776723, 5.200342e-02, 5.199910e-02, 5.200126e-02, 5.248262e-02, 5.249253e-02, 5.873193e-02, 6.178600e-02, 6.243889e-02, 6.263317e-02, 6.282879e-02, 6.752052e-02, 6.948230e-02, 8.826576e-02, 9.517624e-02, 1.379103e-01, 1.469289e-01, 1.672432e-01, 1.682516e-01, 1.682577e-01, 1.682579e-01, 1.682996e-01
INFO:bingo.evolutionary_optimizers.parallel_archipelago:Evolution time 0:00:55.858545	 age 1420	 fitness 5.200e-02
Level 25:bingo.evolutionary_optimizers.evolutionary_optimizer:Generation: 950 	 Elapsed time: 0:59:07.949338 	 Best training fitness: 5.200180e-02 	 
Level 25:bingo.evolutionary_optimizers.evolutionary_optimizer:950, 3.547949e+03, 8901031, 5.200180e-02, 5.199910e-02, 5.200126e-02, 5.248262e-02, 5.249253e-02, 5.873193e-02, 6.178600e-02, 6.243889e-02, 6.263317e-02, 6.282879e-02, 6.752052e-02, 6.948230e-02, 8.826576e-02, 9.517624e-02, 1.379103e-01, 1.469289e-01, 1.672432e-01, 1.682516e-01, 1.682577e-01, 1.682579e-01, 1.682996e-01
INFO:bingo.evolutionary_optimizers.parallel_archipelago:Evolution time 0:01:01.643840	 age 1440	 fitness 5.201e-02
Level 25:bingo.evolutionary_optimizers.evolutionary_optimizer:Generation: 960 	 Elapsed time: 1:00:09.838590 	 Best training fitness: 5.200604e-02 	 
Level 25:bingo.evolutionary_optimizers.evolutionary_optimizer:960, 3.609839e+03, 9048282, 5.200604e-02, 5.199910e-02, 5.200126e-02, 5.248262e-02, 5.249253e-02, 5.873193e-02, 6.178600e-02, 6.243889e-02, 6.263317e-02, 6.282879e-02, 6.752052e-02, 6.948230e-02, 8.826576e-02, 9.517624e-02, 1.379103e-01, 1.469289e-01, 1.672432e-01, 1.682516e-01, 1.682577e-01, 1.682579e-01, 1.682996e-01
INFO:bingo.evolutionary_optimizers.parallel_archipelago:Evolution time 0:00:24.188666	 age 1460	 fitness 5.201e-02
Level 25:bingo.evolutionary_optimizers.evolutionary_optimizer:Generation: 970 	 Elapsed time: 1:00:34.271826 	 Best training fitness: 5.200939e-02 	 
Level 25:bingo.evolutionary_optimizers.evolutionary_optimizer:970, 3.634272e+03, 9142351, 5.200939e-02, 5.199910e-02, 5.200126e-02, 5.248262e-02, 5.249253e-02, 5.873193e-02, 6.178600e-02, 6.243889e-02, 6.263317e-02, 6.282879e-02, 6.752052e-02, 6.948230e-02, 8.826576e-02, 9.517624e-02, 1.379103e-01, 1.469289e-01, 1.672432e-01, 1.682516e-01, 1.682577e-01, 1.682579e-01, 1.682996e-01
INFO:bingo.evolutionary_optimizers.parallel_archipelago:Evolution time 0:00:28.721714	 age 1480	 fitness 5.201e-02
Level 25:bingo.evolutionary_optimizers.evolutionary_optimizer:Generation: 980 	 Elapsed time: 1:01:03.239445 	 Best training fitness: 5.200687e-02 	 
Level 25:bingo.evolutionary_optimizers.evolutionary_optimizer:980, 3.663239e+03, 9243874, 5.200687e-02, 5.199910e-02, 5.200126e-02, 5.248262e-02, 5.249253e-02, 5.873193e-02, 6.178600e-02, 6.243889e-02, 6.263317e-02, 6.282879e-02, 6.752052e-02, 6.948230e-02, 8.826576e-02, 9.517624e-02, 1.379103e-01, 1.469289e-01, 1.672432e-01, 1.682516e-01, 1.682577e-01, 1.682579e-01, 1.682996e-01
INFO:bingo.evolutionary_optimizers.parallel_archipelago:Evolution time 0:00:37.125466	 age 1500	 fitness 5.201e-02
Level 25:bingo.evolutionary_optimizers.evolutionary_optimizer:Generation: 990 	 Elapsed time: 1:01:40.621911 	 Best training fitness: 5.200687e-02 	 
Level 25:bingo.evolutionary_optimizers.evolutionary_optimizer:990, 3.700622e+03, 9353202, 5.200687e-02, 5.199910e-02, 5.200126e-02, 5.248262e-02, 5.249253e-02, 5.873193e-02, 6.178600e-02, 6.243889e-02, 6.263317e-02, 6.282879e-02, 6.752052e-02, 6.948230e-02, 8.826576e-02, 9.517624e-02, 1.379103e-01, 1.469289e-01, 1.672432e-01, 1.682516e-01, 1.682577e-01, 1.682579e-01, 1.682996e-01
INFO:bingo.evolutionary_optimizers.parallel_archipelago:Evolution time 0:00:27.766424	 age 1510	 fitness 5.201e-02
Level 25:bingo.evolutionary_optimizers.evolutionary_optimizer:Generation: 1000 	 Elapsed time: 1:02:08.632653 	 Best training fitness: 5.200579e-02 	 
Level 25:bingo.evolutionary_optimizers.evolutionary_optimizer:1000, 3.728633e+03, 9434475, 5.200579e-02, 5.199910e-02, 5.200126e-02, 5.248262e-02, 5.249253e-02, 5.873193e-02, 6.178600e-02, 6.243889e-02, 6.263317e-02, 6.282879e-02, 6.752052e-02, 6.948230e-02, 8.826576e-02, 9.517624e-02, 1.379103e-01, 1.469289e-01, 1.672432e-01, 1.682516e-01, 1.682577e-01, 1.682579e-01, 1.682996e-01
INFO:bingo.evolutionary_optimizers.parallel_archipelago:Evolution time 0:00:42.347782	 age 1520	 fitness 5.201e-02
Level 25:bingo.evolutionary_optimizers.evolutionary_optimizer:Generation: 1010 	 Elapsed time: 1:02:51.251859 	 Best training fitness: 5.200927e-02 	 
Level 25:bingo.evolutionary_optimizers.evolutionary_optimizer:1010, 3.771252e+03, 9535097, 5.200927e-02, 5.199910e-02, 5.200126e-02, 5.248262e-02, 5.249253e-02, 5.873193e-02, 6.178600e-02, 6.243889e-02, 6.263317e-02, 6.282879e-02, 6.752052e-02, 6.948230e-02, 8.826576e-02, 9.517624e-02, 1.379103e-01, 1.469289e-01, 1.672432e-01, 1.682516e-01, 1.682577e-01, 1.682579e-01, 1.682996e-01
INFO:bingo.evolutionary_optimizers.parallel_archipelago:Evolution time 0:01:00.226886	 age 1530	 fitness 5.201e-02
Level 25:bingo.evolutionary_optimizers.evolutionary_optimizer:Generation: 1020 	 Elapsed time: 1:03:51.724555 	 Best training fitness: 5.201000e-02 	 
Level 25:bingo.evolutionary_optimizers.evolutionary_optimizer:1020, 3.831725e+03, 9686393, 5.201000e-02, 5.199910e-02, 5.200126e-02, 5.248262e-02, 5.249253e-02, 5.873193e-02, 6.178600e-02, 6.243889e-02, 6.263317e-02, 6.282879e-02, 6.752052e-02, 6.948230e-02, 8.826576e-02, 9.517624e-02, 1.379103e-01, 1.469289e-01, 1.672432e-01, 1.682516e-01, 1.682577e-01, 1.682579e-01, 1.682996e-01
INFO:bingo.evolutionary_optimizers.parallel_archipelago:Evolution time 0:00:28.952722	 age 1550	 fitness 5.201e-02
Level 25:bingo.evolutionary_optimizers.evolutionary_optimizer:Generation: 1030 	 Elapsed time: 1:04:20.924454 	 Best training fitness: 5.200582e-02 	 
Level 25:bingo.evolutionary_optimizers.evolutionary_optimizer:1030, 3.860924e+03, 9787578, 5.200582e-02, 5.199910e-02, 5.200126e-02, 5.248262e-02, 5.249253e-02, 5.873193e-02, 6.178600e-02, 6.243889e-02, 6.263317e-02, 6.282879e-02, 6.752052e-02, 6.948230e-02, 8.826576e-02, 9.517624e-02, 1.379103e-01, 1.469289e-01, 1.672432e-01, 1.682516e-01, 1.682577e-01, 1.682579e-01, 1.682996e-01
INFO:bingo.evolutionary_optimizers.parallel_archipelago:Evolution time 0:00:51.727569	 age 1570	 fitness 5.201e-02
Level 25:bingo.evolutionary_optimizers.evolutionary_optimizer:Generation: 1040 	 Elapsed time: 1:05:12.896594 	 Best training fitness: 5.200608e-02 	 
Level 25:bingo.evolutionary_optimizers.evolutionary_optimizer:1040, 3.912897e+03, 9923033, 5.200608e-02, 5.199910e-02, 5.200126e-02, 5.248262e-02, 5.249253e-02, 5.873193e-02, 6.178600e-02, 6.243889e-02, 6.263317e-02, 6.282879e-02, 6.752052e-02, 6.948230e-02, 8.826576e-02, 9.517624e-02, 1.379103e-01, 1.469289e-01, 1.672432e-01, 1.682516e-01, 1.682577e-01, 1.682579e-01, 1.682996e-01
INFO:bingo.evolutionary_optimizers.parallel_archipelago:Evolution time 0:00:40.230857	 age 1590	 fitness 5.201e-02
Level 25:bingo.evolutionary_optimizers.evolutionary_optimizer:Generation: 1050 	 Elapsed time: 1:05:53.374212 	 Best training fitness: 5.201014e-02 	 
Level 25:bingo.evolutionary_optimizers.evolutionary_optimizer:1050, 3.953374e+03, 10039035, 5.201014e-02, 5.199910e-02, 5.200126e-02, 5.233063e-02, 5.248262e-02, 5.249253e-02, 5.873193e-02, 6.178600e-02, 6.243889e-02, 6.263317e-02, 6.281323e-02, 6.752052e-02, 6.948230e-02, 8.826576e-02, 9.517624e-02, 1.379103e-01, 1.469289e-01, 1.672432e-01, 1.682516e-01, 1.682577e-01, 1.682579e-01, 1.682996e-01
INFO:bingo.evolutionary_optimizers.parallel_archipelago:Evolution time 0:00:51.839127	 age 1610	 fitness 5.201e-02
Level 25:bingo.evolutionary_optimizers.evolutionary_optimizer:Generation: 1060 	 Elapsed time: 1:06:45.468995 	 Best training fitness: 5.200541e-02 	 
Level 25:bingo.evolutionary_optimizers.evolutionary_optimizer:1060, 4.005469e+03, 10169018, 5.200541e-02, 5.199910e-02, 5.200126e-02, 5.233063e-02, 5.248262e-02, 5.249253e-02, 5.873193e-02, 6.178600e-02, 6.243889e-02, 6.263317e-02, 6.281323e-02, 6.752052e-02, 6.948230e-02, 8.826576e-02, 9.517624e-02, 1.379103e-01, 1.469289e-01, 1.672432e-01, 1.682516e-01, 1.682577e-01, 1.682579e-01, 1.682996e-01
INFO:bingo.evolutionary_optimizers.parallel_archipelago:Evolution time 0:00:36.606206	 age 1630	 fitness 5.201e-02
Level 25:bingo.evolutionary_optimizers.evolutionary_optimizer:Generation: 1070 	 Elapsed time: 1:07:22.322958 	 Best training fitness: 5.200962e-02 	 
Level 25:bingo.evolutionary_optimizers.evolutionary_optimizer:1070, 4.042323e+03, 10291650, 5.200962e-02, 5.199910e-02, 5.200126e-02, 5.233063e-02, 5.233486e-02, 5.248262e-02, 5.249253e-02, 5.873193e-02, 6.178600e-02, 6.243889e-02, 6.263317e-02, 6.281323e-02, 6.752052e-02, 6.948230e-02, 8.826576e-02, 9.517624e-02, 1.379103e-01, 1.469289e-01, 1.672432e-01, 1.682516e-01, 1.682577e-01, 1.682579e-01, 1.682996e-01
INFO:bingo.evolutionary_optimizers.parallel_archipelago:Evolution time 0:00:30.275092	 age 1650	 fitness 5.201e-02
Level 25:bingo.evolutionary_optimizers.evolutionary_optimizer:Generation: 1080 	 Elapsed time: 1:07:52.874609 	 Best training fitness: 5.200764e-02 	 
Level 25:bingo.evolutionary_optimizers.evolutionary_optimizer:1080, 4.072875e+03, 10396698, 5.200764e-02, 5.199910e-02, 5.200126e-02, 5.233063e-02, 5.233486e-02, 5.248262e-02, 5.249253e-02, 5.873193e-02, 6.178600e-02, 6.243889e-02, 6.263286e-02, 6.281323e-02, 6.752052e-02, 6.948230e-02, 8.826576e-02, 9.517624e-02, 1.379103e-01, 1.469289e-01, 1.672432e-01, 1.682516e-01, 1.682577e-01, 1.682579e-01, 1.682996e-01
INFO:bingo.evolutionary_optimizers.parallel_archipelago:Evolution time 0:00:26.865267	 age 1670	 fitness 5.201e-02
Level 25:bingo.evolutionary_optimizers.evolutionary_optimizer:Generation: 1090 	 Elapsed time: 1:08:19.987850 	 Best training fitness: 5.200530e-02 	 
Level 25:bingo.evolutionary_optimizers.evolutionary_optimizer:1090, 4.099988e+03, 10476797, 5.200530e-02, 5.199910e-02, 5.200126e-02, 5.232986e-02, 5.248256e-02, 5.249253e-02, 5.873193e-02, 6.178600e-02, 6.243889e-02, 6.263286e-02, 6.281323e-02, 6.752052e-02, 6.948230e-02, 8.826576e-02, 9.517624e-02, 1.379103e-01, 1.469289e-01, 1.672432e-01, 1.682516e-01, 1.682577e-01, 1.682579e-01, 1.682996e-01
INFO:bingo.evolutionary_optimizers.parallel_archipelago:Evolution time 0:00:38.041775	 age 1700	 fitness 5.200e-02
Level 25:bingo.evolutionary_optimizers.evolutionary_optimizer:Generation: 1100 	 Elapsed time: 1:08:58.276962 	 Best training fitness: 5.200364e-02 	 
Level 25:bingo.evolutionary_optimizers.evolutionary_optimizer:1100, 4.138277e+03, 10587028, 5.200364e-02, 5.199910e-02, 5.200126e-02, 5.232986e-02, 5.248256e-02, 5.249253e-02, 5.873193e-02, 6.178600e-02, 6.243889e-02, 6.263286e-02, 6.281323e-02, 6.752052e-02, 6.948230e-02, 8.826576e-02, 9.517624e-02, 1.379103e-01, 1.469289e-01, 1.672432e-01, 1.682516e-01, 1.682577e-01, 1.682579e-01, 1.682996e-01
INFO:bingo.evolutionary_optimizers.parallel_archipelago:Evolution time 0:00:28.160422	 age 1710	 fitness 5.201e-02
Level 25:bingo.evolutionary_optimizers.evolutionary_optimizer:Generation: 1110 	 Elapsed time: 1:09:26.687070 	 Best training fitness: 5.201111e-02 	 
Level 25:bingo.evolutionary_optimizers.evolutionary_optimizer:1110, 4.166687e+03, 10677541, 5.201111e-02, 5.199910e-02, 5.200126e-02, 5.232953e-02, 5.248256e-02, 5.249253e-02, 5.873193e-02, 6.178600e-02, 6.243889e-02, 6.263286e-02, 6.281323e-02, 6.752052e-02, 6.948230e-02, 8.826576e-02, 9.517624e-02, 1.379103e-01, 1.469289e-01, 1.672432e-01, 1.682516e-01, 1.682577e-01, 1.682579e-01, 1.682996e-01
INFO:bingo.evolutionary_optimizers.parallel_archipelago:Evolution time 0:00:43.734684	 age 1740	 fitness 5.201e-02
Level 25:bingo.evolutionary_optimizers.evolutionary_optimizer:Generation: 1120 	 Elapsed time: 1:10:10.670357 	 Best training fitness: 5.200844e-02 	 
Level 25:bingo.evolutionary_optimizers.evolutionary_optimizer:1120, 4.210670e+03, 10805150, 5.200844e-02, 5.199910e-02, 5.200126e-02, 5.232941e-02, 5.232953e-02, 5.248256e-02, 5.249253e-02, 5.873193e-02, 6.178600e-02, 6.243889e-02, 6.263286e-02, 6.281323e-02, 6.752052e-02, 6.948230e-02, 8.826576e-02, 9.517624e-02, 1.358940e-01, 1.469289e-01, 1.672432e-01, 1.682516e-01, 1.682577e-01, 1.682579e-01, 1.682996e-01
INFO:bingo.evolutionary_optimizers.parallel_archipelago:Evolution time 0:00:42.826825	 age 1760	 fitness 5.200e-02
Level 25:bingo.evolutionary_optimizers.evolutionary_optimizer:Generation: 1130 	 Elapsed time: 1:10:53.746987 	 Best training fitness: 5.200481e-02 	 
Level 25:bingo.evolutionary_optimizers.evolutionary_optimizer:1130, 4.253747e+03, 10945801, 5.200481e-02, 5.199910e-02, 5.200126e-02, 5.232800e-02, 5.248256e-02, 5.249253e-02, 5.873193e-02, 6.178600e-02, 6.243889e-02, 6.263286e-02, 6.281323e-02, 6.752052e-02, 6.948230e-02, 8.826576e-02, 9.517624e-02, 1.358940e-01, 1.469289e-01, 1.672432e-01, 1.682516e-01, 1.682577e-01, 1.682579e-01, 1.682996e-01
INFO:bingo.evolutionary_optimizers.parallel_archipelago:Evolution time 0:00:29.040422	 age 1780	 fitness 4.776e-02
Level 25:bingo.evolutionary_optimizers.evolutionary_optimizer:Generation: 1140 	 Elapsed time: 1:11:23.063747 	 Best training fitness: 4.776198e-02 	 
Level 25:bingo.evolutionary_optimizers.evolutionary_optimizer:1140, 4.283064e+03, 11077127, 4.776198e-02, 4.776198e-02, 4.776645e-02, 6.281323e-02, 6.752052e-02, 6.948230e-02, 8.826576e-02, 9.517624e-02, 1.358940e-01, 1.469289e-01, 1.672432e-01, 1.682516e-01, 1.682577e-01, 1.682579e-01, 1.682996e-01
INFO:bingo.evolutionary_optimizers.parallel_archipelago:Evolution time 0:00:31.255961	 age 1800	 fitness 4.715e-02
Level 25:bingo.evolutionary_optimizers.evolutionary_optimizer:Generation: 1150 	 Elapsed time: 1:11:54.562267 	 Best training fitness: 4.714631e-02 	 
Level 25:bingo.evolutionary_optimizers.evolutionary_optimizer:1150, 4.314562e+03, 11211539, 4.714631e-02, 4.714631e-02, 4.776645e-02, 6.281323e-02, 6.752052e-02, 6.948230e-02, 8.826576e-02, 9.517624e-02, 1.358940e-01, 1.469289e-01, 1.672432e-01, 1.682516e-01, 1.682577e-01, 1.682579e-01, 1.682996e-01
INFO:bingo.evolutionary_optimizers.parallel_archipelago:Evolution time 0:00:32.655503	 age 1820	 fitness 4.713e-02
Level 25:bingo.evolutionary_optimizers.evolutionary_optimizer:Generation: 1160 	 Elapsed time: 1:12:27.452238 	 Best training fitness: 4.713198e-02 	 
Level 25:bingo.evolutionary_optimizers.evolutionary_optimizer:1160, 4.347452e+03, 11340594, 4.713198e-02, 4.713198e-02, 4.776173e-02, 6.281323e-02, 6.752052e-02, 6.948230e-02, 8.826576e-02, 9.517624e-02, 1.358940e-01, 1.469289e-01, 1.672432e-01, 1.682516e-01, 1.682577e-01, 1.682579e-01, 1.682996e-01
INFO:bingo.evolutionary_optimizers.parallel_archipelago:Evolution time 0:00:20.196128	 age 1840	 fitness 4.713e-02
Level 25:bingo.evolutionary_optimizers.evolutionary_optimizer:Generation: 1170 	 Elapsed time: 1:12:47.882870 	 Best training fitness: 4.713013e-02 	 
Level 25:bingo.evolutionary_optimizers.evolutionary_optimizer:1170, 4.367883e+03, 11437604, 4.713013e-02, 4.713013e-02, 4.775718e-02, 6.281323e-02, 6.752052e-02, 6.948230e-02, 8.826576e-02, 9.517624e-02, 1.358940e-01, 1.469289e-01, 1.672432e-01, 1.682516e-01, 1.682577e-01, 1.682579e-01, 1.682996e-01
INFO:bingo.evolutionary_optimizers.parallel_archipelago:Evolution time 0:00:28.520567	 age 1860	 fitness 4.713e-02
Level 25:bingo.evolutionary_optimizers.evolutionary_optimizer:Generation: 1180 	 Elapsed time: 1:13:16.637099 	 Best training fitness: 4.712581e-02 	 
Level 25:bingo.evolutionary_optimizers.evolutionary_optimizer:1180, 4.396637e+03, 11560900, 4.712581e-02, 4.712581e-02, 4.775642e-02, 6.281323e-02, 6.752052e-02, 6.948230e-02, 8.826576e-02, 9.517624e-02, 1.358940e-01, 1.380096e-01, 1.672432e-01, 1.682516e-01, 1.682577e-01, 1.682579e-01, 1.682996e-01
INFO:bingo.evolutionary_optimizers.parallel_archipelago:Evolution time 0:00:19.966262	 age 1870	 fitness 4.711e-02
Level 25:bingo.evolutionary_optimizers.evolutionary_optimizer:Generation: 1190 	 Elapsed time: 1:13:36.835869 	 Best training fitness: 4.711494e-02 	 
Level 25:bingo.evolutionary_optimizers.evolutionary_optimizer:1190, 4.416836e+03, 11648894, 4.711494e-02, 4.711494e-02, 4.712180e-02, 4.775642e-02, 6.281323e-02, 6.752052e-02, 6.948230e-02, 8.826576e-02, 9.517624e-02, 1.133834e-01, 1.380096e-01, 1.427234e-01, 1.682516e-01, 1.682577e-01, 1.682579e-01, 1.682996e-01
INFO:bingo.evolutionary_optimizers.parallel_archipelago:Evolution time 0:00:34.825116	 age 1890	 fitness 0.000e+00
Level 25:bingo.evolutionary_optimizers.evolutionary_optimizer:Generation: 1200 	 Elapsed time: 1:14:11.889496 	 Best training fitness: 0.000000e+00 	 
Level 25:bingo.evolutionary_optimizers.evolutionary_optimizer:1200, 4.451889e+03, 11778467, 0.000000e+00, 0.000000e+00, 1.682516e-01, 1.682577e-01, 1.682579e-01, 1.682996e-01
Level 25:bingo.evolutionary_optimizers.evolutionary_optimizer:Evolution successfully converged.
Level 25:bingo.evolutionary_optimizers.evolutionary_optimizer:  Absolte convergence occurred with best fitness < 1e-10
Level 25:bingo.evolutionary_optimizers.evolutionary_optimizer:Hall of Fame:
0.0	7	sin(log((X_0)(X_0) + (X_1)(X_1)))
0.16825156805024036	6	(sin((-20.953331)(-20.953331) + -20.953331))(3.670974)
0.16825770155181374	4	sin(-0.347398 + -0.857633)
0.1682579062186788	2	sin(-1.936528)
0.16829964959127103	1	-0.932895
