Level 25:bingo.evolutionary_optimizers.evolutionary_optimizer:#generational_age, elapsed_time, fitness_evaluation_count, current_training_fitness, hall_of_fame_fitnesses
Level 25:bingo.evolutionary_optimizers.evolutionary_optimizer:#generational_age, elapsed_time, fitness_evaluation_count, current_training_fitness, hall_of_fame_fitnesses
Level 25:bingo.evolutionary_optimizers.evolutionary_optimizer:Generation: 0 	 Elapsed time: 0:00:04.191219 	 Best training fitness: 7.264839e-02 	 
Level 25:bingo.evolutionary_optimizers.evolutionary_optimizer:0, 4.191219e+00, 14298, 7.264839e-02
INFO:bingo.evolutionary_optimizers.parallel_archipelago:Evolution time 0:00:38.458559	 age 30	 fitness 7.241e-02
Level 25:bingo.evolutionary_optimizers.evolutionary_optimizer:Generation: 10 	 Elapsed time: 0:00:42.910061 	 Best training fitness: 7.241014e-02 	 
Level 25:bingo.evolutionary_optimizers.evolutionary_optimizer:10, 4.291006e+01, 120343, 7.241014e-02, 7.241014e-02, 7.247703e-02
INFO:bingo.evolutionary_optimizers.parallel_archipelago:Evolution time 0:00:35.967273	 age 40	 fitness 7.235e-02
Level 25:bingo.evolutionary_optimizers.evolutionary_optimizer:Generation: 20 	 Elapsed time: 0:01:19.179296 	 Best training fitness: 7.235491e-02 	 
Level 25:bingo.evolutionary_optimizers.evolutionary_optimizer:20, 7.917930e+01, 211863, 7.235491e-02, 7.235491e-02, 7.237975e-02, 7.241797e-02
INFO:bingo.evolutionary_optimizers.parallel_archipelago:Evolution time 0:00:44.260162	 age 60	 fitness 7.228e-02
Level 25:bingo.evolutionary_optimizers.evolutionary_optimizer:Generation: 30 	 Elapsed time: 0:02:03.760726 	 Best training fitness: 7.227846e-02 	 
Level 25:bingo.evolutionary_optimizers.evolutionary_optimizer:30, 1.237607e+02, 319522, 7.227846e-02, 7.227846e-02, 7.229250e-02, 7.236318e-02, 7.237607e-02, 7.237975e-02, 7.241797e-02
INFO:bingo.evolutionary_optimizers.parallel_archipelago:Evolution time 0:00:28.298472	 age 70	 fitness 7.111e-02
Level 25:bingo.evolutionary_optimizers.evolutionary_optimizer:Generation: 40 	 Elapsed time: 0:02:32.343952 	 Best training fitness: 7.110789e-02 	 
Level 25:bingo.evolutionary_optimizers.evolutionary_optimizer:40, 1.523440e+02, 396106, 7.110789e-02, 7.110789e-02, 7.227846e-02, 7.229250e-02, 7.231821e-02, 7.237607e-02, 7.237975e-02, 7.241797e-02
INFO:bingo.evolutionary_optimizers.parallel_archipelago:Evolution time 0:00:26.330556	 age 90	 fitness 6.601e-02
Level 25:bingo.evolutionary_optimizers.evolutionary_optimizer:Generation: 50 	 Elapsed time: 0:02:58.950960 	 Best training fitness: 6.601389e-02 	 
Level 25:bingo.evolutionary_optimizers.evolutionary_optimizer:50, 1.789510e+02, 471888, 6.601389e-02, 6.601389e-02, 6.840462e-02, 7.110789e-02, 7.227846e-02, 7.229250e-02, 7.231821e-02, 7.237607e-02, 7.237975e-02, 7.241797e-02
INFO:bingo.evolutionary_optimizers.parallel_archipelago:Evolution time 0:00:44.241312	 age 110	 fitness 6.139e-02
Level 25:bingo.evolutionary_optimizers.evolutionary_optimizer:Generation: 60 	 Elapsed time: 0:03:43.507388 	 Best training fitness: 6.139274e-02 	 
Level 25:bingo.evolutionary_optimizers.evolutionary_optimizer:60, 2.235074e+02, 571386, 6.139274e-02, 6.139274e-02, 6.834628e-02, 7.110789e-02, 7.227846e-02, 7.229250e-02, 7.231821e-02, 7.237607e-02, 7.237975e-02, 7.241534e-02
INFO:bingo.evolutionary_optimizers.parallel_archipelago:Evolution time 0:00:27.313970	 age 130	 fitness 6.021e-02
Level 25:bingo.evolutionary_optimizers.evolutionary_optimizer:Generation: 70 	 Elapsed time: 0:04:11.105165 	 Best training fitness: 6.021469e-02 	 
Level 25:bingo.evolutionary_optimizers.evolutionary_optimizer:70, 2.511052e+02, 665902, 6.021469e-02, 6.021469e-02, 7.222968e-02, 7.229250e-02, 7.231821e-02, 7.237607e-02, 7.237975e-02, 7.241534e-02
INFO:bingo.evolutionary_optimizers.parallel_archipelago:Evolution time 0:00:35.230957	 age 150	 fitness 6.008e-02
Level 25:bingo.evolutionary_optimizers.evolutionary_optimizer:Generation: 80 	 Elapsed time: 0:04:46.597634 	 Best training fitness: 6.007810e-02 	 
Level 25:bingo.evolutionary_optimizers.evolutionary_optimizer:80, 2.865976e+02, 761003, 6.007810e-02, 6.007810e-02, 7.222968e-02, 7.229250e-02, 7.229961e-02, 7.231821e-02, 7.235362e-02
INFO:bingo.evolutionary_optimizers.parallel_archipelago:Evolution time 0:00:26.052466	 age 170	 fitness 0.000e+00
Level 25:bingo.evolutionary_optimizers.evolutionary_optimizer:Generation: 90 	 Elapsed time: 0:05:12.986579 	 Best training fitness: 0.000000e+00 	 
Level 25:bingo.evolutionary_optimizers.evolutionary_optimizer:90, 3.129866e+02, 848798, 0.000000e+00, 0.000000e+00, 7.229961e-02, 7.231821e-02, 7.235362e-02
Level 25:bingo.evolutionary_optimizers.evolutionary_optimizer:Evolution successfully converged.
Level 25:bingo.evolutionary_optimizers.evolutionary_optimizer:  Absolte convergence occurred with best fitness < 1e-10
Level 25:bingo.evolutionary_optimizers.evolutionary_optimizer:Hall of Fame:
0.0	7	sin(log((X_0)(X_0) + (X_1)(X_1)))
0.07229961399437873	6	sin((-0.006653)(-0.086294) + log((-0.006653)(-0.086294)))
0.07231821445662592	5	(sin(-0.632800))(0.791870 + 0.791870)
0.07235362300579748	1	-0.932764
