Level 25:bingo.evolutionary_optimizers.evolutionary_optimizer:#generational_age, elapsed_time, fitness_evaluation_count, current_training_fitness, hall_of_fame_fitnesses
Level 25:bingo.evolutionary_optimizers.evolutionary_optimizer:#generational_age, elapsed_time, fitness_evaluation_count, current_training_fitness, hall_of_fame_fitnesses
Level 25:bingo.evolutionary_optimizers.evolutionary_optimizer:Generation: 0 	 Elapsed time: 0:00:04.284440 	 Best training fitness: 4.882206e-02 	 
Level 25:bingo.evolutionary_optimizers.evolutionary_optimizer:0, 4.284440e+00, 13285, 4.882206e-02
INFO:bingo.evolutionary_optimizers.parallel_archipelago:Evolution time 0:00:32.963597	 age 20	 fitness 4.073e-02
Level 25:bingo.evolutionary_optimizers.evolutionary_optimizer:Generation: 10 	 Elapsed time: 0:00:37.520709 	 Best training fitness: 4.072748e-02 	 
Level 25:bingo.evolutionary_optimizers.evolutionary_optimizer:10, 3.752071e+01, 102780, 4.072748e-02, 4.072748e-02, 4.838069e-02, 4.845563e-02, 4.882880e-02
INFO:bingo.evolutionary_optimizers.parallel_archipelago:Evolution time 0:00:57.724049	 age 60	 fitness 3.896e-02
Level 25:bingo.evolutionary_optimizers.evolutionary_optimizer:Generation: 20 	 Elapsed time: 0:01:35.552394 	 Best training fitness: 3.896068e-02 	 
Level 25:bingo.evolutionary_optimizers.evolutionary_optimizer:20, 9.555239e+01, 212777, 3.896068e-02, 3.896068e-02, 4.830368e-02, 4.841759e-02, 4.882880e-02
INFO:bingo.evolutionary_optimizers.parallel_archipelago:Evolution time 0:00:41.813780	 age 90	 fitness 3.762e-02
Level 25:bingo.evolutionary_optimizers.evolutionary_optimizer:Generation: 30 	 Elapsed time: 0:02:17.734414 	 Best training fitness: 3.762410e-02 	 
Level 25:bingo.evolutionary_optimizers.evolutionary_optimizer:30, 1.377344e+02, 306722, 3.762410e-02, 3.762410e-02, 4.829096e-02, 4.830368e-02, 4.839492e-02, 4.841759e-02, 4.844896e-02
INFO:bingo.evolutionary_optimizers.parallel_archipelago:Evolution time 0:00:31.850831	 age 110	 fitness 3.605e-02
Level 25:bingo.evolutionary_optimizers.evolutionary_optimizer:Generation: 40 	 Elapsed time: 0:02:49.909280 	 Best training fitness: 3.604514e-02 	 
Level 25:bingo.evolutionary_optimizers.evolutionary_optimizer:40, 1.699093e+02, 390439, 3.604514e-02, 3.604514e-02, 3.743673e-02, 4.829096e-02, 4.830368e-02, 4.839492e-02, 4.841759e-02, 4.842212e-02
INFO:bingo.evolutionary_optimizers.parallel_archipelago:Evolution time 0:00:38.951297	 age 130	 fitness 3.570e-02
Level 25:bingo.evolutionary_optimizers.evolutionary_optimizer:Generation: 50 	 Elapsed time: 0:03:29.186452 	 Best training fitness: 3.570240e-02 	 
Level 25:bingo.evolutionary_optimizers.evolutionary_optimizer:50, 2.091865e+02, 499149, 3.570240e-02, 3.570240e-02, 3.743673e-02, 3.775101e-02, 4.821628e-02, 4.829096e-02, 4.830368e-02, 4.839492e-02, 4.841759e-02, 4.842212e-02
INFO:bingo.evolutionary_optimizers.parallel_archipelago:Evolution time 0:00:48.100528	 age 170	 fitness 2.648e-02
Level 25:bingo.evolutionary_optimizers.evolutionary_optimizer:Generation: 60 	 Elapsed time: 0:04:17.610809 	 Best training fitness: 2.647575e-02 	 
Level 25:bingo.evolutionary_optimizers.evolutionary_optimizer:60, 2.576108e+02, 580833, 2.647575e-02, 2.647575e-02, 3.746425e-02, 4.821628e-02, 4.828999e-02, 4.829096e-02, 4.830368e-02, 4.834913e-02, 4.839492e-02, 4.841759e-02, 4.842212e-02
INFO:bingo.evolutionary_optimizers.parallel_archipelago:Evolution time 0:00:43.201847	 age 190	 fitness 2.639e-02
Level 25:bingo.evolutionary_optimizers.evolutionary_optimizer:Generation: 70 	 Elapsed time: 0:05:01.134434 	 Best training fitness: 2.638851e-02 	 
Level 25:bingo.evolutionary_optimizers.evolutionary_optimizer:70, 3.011344e+02, 685613, 2.638851e-02, 2.638851e-02, 3.746425e-02, 4.821628e-02, 4.828999e-02, 4.829096e-02, 4.830368e-02, 4.834913e-02, 4.839492e-02, 4.841759e-02, 4.842212e-02
INFO:bingo.evolutionary_optimizers.parallel_archipelago:Evolution time 0:00:40.802744	 age 210	 fitness 2.584e-02
Level 25:bingo.evolutionary_optimizers.evolutionary_optimizer:Generation: 80 	 Elapsed time: 0:05:42.246023 	 Best training fitness: 2.584343e-02 	 
Level 25:bingo.evolutionary_optimizers.evolutionary_optimizer:80, 3.422460e+02, 792753, 2.584343e-02, 2.584343e-02, 2.620329e-02, 4.818538e-02, 4.830368e-02, 4.834913e-02, 4.839492e-02, 4.841759e-02, 4.842212e-02
INFO:bingo.evolutionary_optimizers.parallel_archipelago:Evolution time 0:00:49.025726	 age 230	 fitness 2.584e-02
Level 25:bingo.evolutionary_optimizers.evolutionary_optimizer:Generation: 90 	 Elapsed time: 0:06:31.587005 	 Best training fitness: 2.584343e-02 	 
Level 25:bingo.evolutionary_optimizers.evolutionary_optimizer:90, 3.915870e+02, 906101, 2.584343e-02, 2.584343e-02, 2.600484e-02, 4.040240e-02, 4.745155e-02, 4.808130e-02, 4.811353e-02, 4.818538e-02, 4.830368e-02, 4.834036e-02, 4.841759e-02, 4.842212e-02
INFO:bingo.evolutionary_optimizers.parallel_archipelago:Evolution time 0:00:51.997704	 age 270	 fitness 2.554e-02
Level 25:bingo.evolutionary_optimizers.evolutionary_optimizer:Generation: 100 	 Elapsed time: 0:07:23.933141 	 Best training fitness: 2.554366e-02 	 
Level 25:bingo.evolutionary_optimizers.evolutionary_optimizer:100, 4.439331e+02, 997097, 2.554366e-02, 2.554366e-02, 2.568831e-02, 2.600484e-02, 3.870304e-02, 4.541113e-02, 4.811353e-02, 4.818538e-02, 4.823580e-02, 4.834036e-02, 4.840745e-02
INFO:bingo.evolutionary_optimizers.parallel_archipelago:Evolution time 0:00:33.361637	 age 290	 fitness 2.553e-02
Level 25:bingo.evolutionary_optimizers.evolutionary_optimizer:Generation: 110 	 Elapsed time: 0:07:57.603315 	 Best training fitness: 2.553256e-02 	 
Level 25:bingo.evolutionary_optimizers.evolutionary_optimizer:110, 4.776033e+02, 1097123, 2.553256e-02, 2.553256e-02, 2.568831e-02, 2.599014e-02, 3.855493e-02, 3.901972e-02, 4.818538e-02, 4.823580e-02, 4.832130e-02, 4.840745e-02
INFO:bingo.evolutionary_optimizers.parallel_archipelago:Evolution time 0:00:41.599384	 age 310	 fitness 2.553e-02
Level 25:bingo.evolutionary_optimizers.evolutionary_optimizer:Generation: 120 	 Elapsed time: 0:08:39.501088 	 Best training fitness: 2.552529e-02 	 
Level 25:bingo.evolutionary_optimizers.evolutionary_optimizer:120, 5.195011e+02, 1209110, 2.552529e-02, 2.552529e-02, 2.561265e-02, 2.599014e-02, 2.996198e-02, 4.818538e-02, 4.823580e-02, 4.832130e-02, 4.840745e-02
INFO:bingo.evolutionary_optimizers.parallel_archipelago:Evolution time 0:00:54.200305	 age 350	 fitness 2.554e-02
Level 25:bingo.evolutionary_optimizers.evolutionary_optimizer:Generation: 130 	 Elapsed time: 0:09:33.989199 	 Best training fitness: 2.553898e-02 	 
Level 25:bingo.evolutionary_optimizers.evolutionary_optimizer:130, 5.739892e+02, 1332357, 2.553898e-02, 2.552529e-02, 2.558167e-02, 2.567710e-02, 2.595367e-02, 2.973537e-02, 2.975636e-02, 4.818538e-02, 4.823580e-02, 4.828415e-02, 4.832130e-02, 4.840745e-02
INFO:bingo.evolutionary_optimizers.parallel_archipelago:Evolution time 0:00:41.119564	 age 370	 fitness 2.553e-02
Level 25:bingo.evolutionary_optimizers.evolutionary_optimizer:Generation: 140 	 Elapsed time: 0:10:15.398412 	 Best training fitness: 2.553180e-02 	 
Level 25:bingo.evolutionary_optimizers.evolutionary_optimizer:140, 6.153984e+02, 1460761, 2.553180e-02, 2.552529e-02, 2.553180e-02, 2.553643e-02, 2.595367e-02, 2.973537e-02, 2.973835e-02, 4.818538e-02, 4.823580e-02, 4.828415e-02, 4.832130e-02, 4.835996e-02, 4.840745e-02
INFO:bingo.evolutionary_optimizers.parallel_archipelago:Evolution time 0:00:53.746321	 age 380	 fitness 2.554e-02
Level 25:bingo.evolutionary_optimizers.evolutionary_optimizer:Generation: 150 	 Elapsed time: 0:11:09.437809 	 Best training fitness: 2.553885e-02 	 
Level 25:bingo.evolutionary_optimizers.evolutionary_optimizer:150, 6.694378e+02, 1580764, 2.553885e-02, 2.552529e-02, 2.553180e-02, 2.553643e-02, 2.595367e-02, 2.944634e-02, 2.973835e-02, 3.583689e-02, 3.584327e-02, 4.823580e-02, 4.828415e-02, 4.832130e-02, 4.835996e-02, 4.840155e-02
INFO:bingo.evolutionary_optimizers.parallel_archipelago:Evolution time 0:00:42.152916	 age 400	 fitness 2.551e-02
Level 25:bingo.evolutionary_optimizers.evolutionary_optimizer:Generation: 160 	 Elapsed time: 0:11:51.882955 	 Best training fitness: 2.550878e-02 	 
Level 25:bingo.evolutionary_optimizers.evolutionary_optimizer:160, 7.118830e+02, 1712872, 2.550878e-02, 2.550878e-02, 2.595367e-02, 2.944634e-02, 2.973835e-02, 3.554910e-02, 4.823580e-02, 4.828415e-02, 4.832130e-02, 4.835996e-02, 4.840104e-02
INFO:bingo.evolutionary_optimizers.parallel_archipelago:Evolution time 0:00:31.708049	 age 420	 fitness 2.548e-02
Level 25:bingo.evolutionary_optimizers.evolutionary_optimizer:Generation: 170 	 Elapsed time: 0:12:23.912955 	 Best training fitness: 2.548244e-02 	 
Level 25:bingo.evolutionary_optimizers.evolutionary_optimizer:170, 7.439130e+02, 1807089, 2.548244e-02, 2.548244e-02, 2.550878e-02, 2.595367e-02, 2.895774e-02, 2.944634e-02, 2.973835e-02, 3.551674e-02, 4.823580e-02, 4.828415e-02, 4.832130e-02, 4.835996e-02, 4.840104e-02
INFO:bingo.evolutionary_optimizers.parallel_archipelago:Evolution time 0:00:59.994974	 age 430	 fitness 2.550e-02
Level 25:bingo.evolutionary_optimizers.evolutionary_optimizer:Generation: 180 	 Elapsed time: 0:13:24.201087 	 Best training fitness: 2.549954e-02 	 
Level 25:bingo.evolutionary_optimizers.evolutionary_optimizer:180, 8.042011e+02, 1961735, 2.549954e-02, 2.548244e-02, 2.550878e-02, 2.595367e-02, 2.895774e-02, 2.944634e-02, 2.971478e-02, 3.551406e-02, 4.823580e-02, 4.828415e-02, 4.830912e-02, 4.840104e-02
INFO:bingo.evolutionary_optimizers.parallel_archipelago:Evolution time 0:00:41.916402	 age 440	 fitness 2.290e-02
Level 25:bingo.evolutionary_optimizers.evolutionary_optimizer:Generation: 190 	 Elapsed time: 0:14:06.444728 	 Best training fitness: 2.290008e-02 	 
Level 25:bingo.evolutionary_optimizers.evolutionary_optimizer:190, 8.464447e+02, 2089038, 2.290008e-02, 2.290008e-02, 2.548244e-02, 2.550878e-02, 2.595367e-02, 2.868933e-02, 2.940299e-02, 2.944634e-02, 2.971478e-02, 3.544069e-02, 4.823580e-02, 4.828415e-02, 4.830912e-02, 4.840104e-02
INFO:bingo.evolutionary_optimizers.parallel_archipelago:Evolution time 0:00:43.887833	 age 460	 fitness 2.118e-02
Level 25:bingo.evolutionary_optimizers.evolutionary_optimizer:Generation: 200 	 Elapsed time: 0:14:50.633507 	 Best training fitness: 2.117749e-02 	 
Level 25:bingo.evolutionary_optimizers.evolutionary_optimizer:200, 8.906335e+02, 2221451, 2.117749e-02, 2.117749e-02, 2.288786e-02, 2.295585e-02, 2.527865e-02, 2.595367e-02, 2.865337e-02, 2.940299e-02, 2.944634e-02, 2.971478e-02, 3.544069e-02, 4.819797e-02
INFO:bingo.evolutionary_optimizers.parallel_archipelago:Evolution time 0:00:56.886953	 age 480	 fitness 2.115e-02
Level 25:bingo.evolutionary_optimizers.evolutionary_optimizer:Generation: 210 	 Elapsed time: 0:15:47.836135 	 Best training fitness: 2.114744e-02 	 
Level 25:bingo.evolutionary_optimizers.evolutionary_optimizer:210, 9.478361e+02, 2377476, 2.114744e-02, 2.114744e-02, 2.118603e-02, 2.281706e-02, 2.295585e-02, 2.317034e-02, 2.595367e-02, 2.858939e-02, 2.940299e-02, 2.944634e-02, 2.971478e-02, 3.544069e-02, 4.819797e-02
INFO:bingo.evolutionary_optimizers.parallel_archipelago:Evolution time 0:00:56.263344	 age 490	 fitness 2.100e-02
Level 25:bingo.evolutionary_optimizers.evolutionary_optimizer:Generation: 220 	 Elapsed time: 0:16:44.400421 	 Best training fitness: 2.100005e-02 	 
Level 25:bingo.evolutionary_optimizers.evolutionary_optimizer:220, 1.004400e+03, 2507432, 2.100005e-02, 2.100005e-02, 2.291221e-02, 2.413200e-02, 2.809114e-02, 3.194665e-02, 3.544069e-02, 4.819797e-02
INFO:bingo.evolutionary_optimizers.parallel_archipelago:Evolution time 0:01:25.121429	 age 530	 fitness 2.100e-02
Level 25:bingo.evolutionary_optimizers.evolutionary_optimizer:Generation: 230 	 Elapsed time: 0:18:09.848085 	 Best training fitness: 2.100005e-02 	 
Level 25:bingo.evolutionary_optimizers.evolutionary_optimizer:230, 1.089848e+03, 2688618, 2.100005e-02, 2.100005e-02, 2.291221e-02, 2.413200e-02, 2.789611e-02, 3.194665e-02, 3.544069e-02, 4.819797e-02
INFO:bingo.evolutionary_optimizers.parallel_archipelago:Evolution time 0:01:04.553047	 age 540	 fitness 2.094e-02
Level 25:bingo.evolutionary_optimizers.evolutionary_optimizer:Generation: 240 	 Elapsed time: 0:19:14.694368 	 Best training fitness: 2.094312e-02 	 
Level 25:bingo.evolutionary_optimizers.evolutionary_optimizer:240, 1.154694e+03, 2826619, 2.094312e-02, 2.094312e-02, 2.095341e-02, 2.112091e-02, 2.291221e-02, 2.413200e-02, 2.789611e-02, 3.183544e-02, 3.544069e-02, 4.819797e-02
INFO:bingo.evolutionary_optimizers.parallel_archipelago:Evolution time 0:01:06.401949	 age 550	 fitness 2.085e-02
Level 25:bingo.evolutionary_optimizers.evolutionary_optimizer:Generation: 250 	 Elapsed time: 0:20:21.391751 	 Best training fitness: 2.085346e-02 	 
Level 25:bingo.evolutionary_optimizers.evolutionary_optimizer:250, 1.221392e+03, 2972331, 2.085346e-02, 2.085346e-02, 2.095341e-02, 2.112091e-02, 2.286405e-02, 2.410346e-02, 2.789611e-02, 3.183544e-02, 3.544069e-02, 4.819797e-02
INFO:bingo.evolutionary_optimizers.parallel_archipelago:Evolution time 0:00:49.607969	 age 560	 fitness 2.087e-02
Level 25:bingo.evolutionary_optimizers.evolutionary_optimizer:Generation: 260 	 Elapsed time: 0:21:11.317215 	 Best training fitness: 2.086663e-02 	 
Level 25:bingo.evolutionary_optimizers.evolutionary_optimizer:260, 1.271317e+03, 3097547, 2.086663e-02, 2.085346e-02, 2.095341e-02, 2.101346e-02, 2.236890e-02, 2.410346e-02, 2.451464e-02, 2.789611e-02, 3.183544e-02, 3.544069e-02, 4.819797e-02
INFO:bingo.evolutionary_optimizers.parallel_archipelago:Evolution time 0:01:21.278218	 age 570	 fitness 2.084e-02
Level 25:bingo.evolutionary_optimizers.evolutionary_optimizer:Generation: 270 	 Elapsed time: 0:22:32.928072 	 Best training fitness: 2.084429e-02 	 
Level 25:bingo.evolutionary_optimizers.evolutionary_optimizer:270, 1.352928e+03, 3263913, 2.084429e-02, 2.084429e-02, 2.085346e-02, 2.093817e-02, 2.101346e-02, 2.236890e-02, 2.410346e-02, 2.451464e-02, 2.789611e-02, 3.183544e-02, 3.544069e-02, 4.819797e-02
INFO:bingo.evolutionary_optimizers.parallel_archipelago:Evolution time 0:01:01.791753	 age 590	 fitness 2.071e-02
Level 25:bingo.evolutionary_optimizers.evolutionary_optimizer:Generation: 280 	 Elapsed time: 0:23:35.069937 	 Best training fitness: 2.070572e-02 	 
Level 25:bingo.evolutionary_optimizers.evolutionary_optimizer:280, 1.415070e+03, 3407573, 2.070572e-02, 2.070572e-02, 2.085346e-02, 2.093817e-02, 2.101346e-02, 2.236890e-02, 2.410346e-02, 2.451464e-02, 2.580705e-02, 2.789611e-02, 3.183544e-02, 3.544069e-02, 4.819797e-02
INFO:bingo.evolutionary_optimizers.parallel_archipelago:Evolution time 0:01:24.332050	 age 610	 fitness 2.067e-02
Level 25:bingo.evolutionary_optimizers.evolutionary_optimizer:Generation: 290 	 Elapsed time: 0:24:59.792109 	 Best training fitness: 2.066649e-02 	 
Level 25:bingo.evolutionary_optimizers.evolutionary_optimizer:290, 1.499792e+03, 3587882, 2.066649e-02, 2.066649e-02, 2.068093e-02, 2.070572e-02, 2.085346e-02, 2.093817e-02, 2.101346e-02, 2.236890e-02, 2.409848e-02, 2.451464e-02, 2.580705e-02, 2.763027e-02, 2.789611e-02, 3.183544e-02, 3.544069e-02, 4.819797e-02
INFO:bingo.evolutionary_optimizers.parallel_archipelago:Evolution time 0:00:56.633667	 age 630	 fitness 2.067e-02
Level 25:bingo.evolutionary_optimizers.evolutionary_optimizer:Generation: 300 	 Elapsed time: 0:25:56.769725 	 Best training fitness: 2.067006e-02 	 
Level 25:bingo.evolutionary_optimizers.evolutionary_optimizer:300, 1.556770e+03, 3737417, 2.067006e-02, 2.066649e-02, 2.067006e-02, 2.068093e-02, 2.070572e-02, 2.085346e-02, 2.093817e-02, 2.100206e-02, 2.236890e-02, 2.409848e-02, 2.451464e-02, 2.459092e-02, 2.740737e-02, 2.789611e-02, 3.183544e-02, 3.544069e-02, 4.819797e-02
INFO:bingo.evolutionary_optimizers.parallel_archipelago:Evolution time 0:00:59.685518	 age 640	 fitness 2.013e-02
Level 25:bingo.evolutionary_optimizers.evolutionary_optimizer:Generation: 310 	 Elapsed time: 0:26:56.809739 	 Best training fitness: 2.013353e-02 	 
Level 25:bingo.evolutionary_optimizers.evolutionary_optimizer:310, 1.616810e+03, 3904293, 2.013353e-02, 2.013353e-02, 2.066649e-02, 2.067006e-02, 2.068093e-02, 2.070572e-02, 2.085346e-02, 2.093817e-02, 2.100206e-02, 2.236890e-02, 2.409848e-02, 2.451464e-02, 2.459092e-02, 2.739993e-02, 2.789611e-02, 3.183544e-02, 3.544069e-02, 4.819797e-02
INFO:bingo.evolutionary_optimizers.parallel_archipelago:Evolution time 0:01:21.743231	 age 650	 fitness 2.013e-02
Level 25:bingo.evolutionary_optimizers.evolutionary_optimizer:Generation: 320 	 Elapsed time: 0:28:18.893536 	 Best training fitness: 2.013353e-02 	 
Level 25:bingo.evolutionary_optimizers.evolutionary_optimizer:320, 1.698894e+03, 4065353, 2.013353e-02, 2.013353e-02, 2.066649e-02, 2.067006e-02, 2.068093e-02, 2.070572e-02, 2.085346e-02, 2.093300e-02, 2.236890e-02, 2.409848e-02, 2.450538e-02, 2.739993e-02, 2.789611e-02, 3.183544e-02, 3.544069e-02, 4.819797e-02
INFO:bingo.evolutionary_optimizers.parallel_archipelago:Evolution time 0:00:49.137001	 age 670	 fitness 1.963e-02
Level 25:bingo.evolutionary_optimizers.evolutionary_optimizer:Generation: 330 	 Elapsed time: 0:29:08.367014 	 Best training fitness: 1.963200e-02 	 
Level 25:bingo.evolutionary_optimizers.evolutionary_optimizer:330, 1.748367e+03, 4193009, 1.963200e-02, 1.963200e-02, 2.064787e-02, 2.066683e-02, 2.070572e-02, 2.085346e-02, 2.091515e-02, 2.093258e-02, 2.236890e-02, 2.409848e-02, 2.450538e-02, 2.739993e-02, 2.789611e-02, 3.183544e-02, 3.544069e-02, 4.819797e-02
INFO:bingo.evolutionary_optimizers.parallel_archipelago:Evolution time 0:01:20.144513	 age 700	 fitness 1.955e-02
Level 25:bingo.evolutionary_optimizers.evolutionary_optimizer:Generation: 340 	 Elapsed time: 0:30:28.850785 	 Best training fitness: 1.954940e-02 	 
Level 25:bingo.evolutionary_optimizers.evolutionary_optimizer:340, 1.828851e+03, 4361642, 1.954940e-02, 1.954940e-02, 2.009968e-02, 2.063352e-02, 2.070572e-02, 2.085346e-02, 2.091515e-02, 2.093258e-02, 2.236890e-02, 2.409848e-02, 2.450538e-02, 2.739993e-02, 2.789611e-02, 3.183544e-02, 3.544069e-02, 4.819797e-02
INFO:bingo.evolutionary_optimizers.parallel_archipelago:Evolution time 0:00:39.000749	 age 710	 fitness 1.955e-02
Level 25:bingo.evolutionary_optimizers.evolutionary_optimizer:Generation: 350 	 Elapsed time: 0:31:08.199940 	 Best training fitness: 1.954895e-02 	 
Level 25:bingo.evolutionary_optimizers.evolutionary_optimizer:350, 1.868200e+03, 4480639, 1.954895e-02, 1.954895e-02, 2.060993e-02, 2.070572e-02, 2.085346e-02, 2.091515e-02, 2.093258e-02, 2.236890e-02, 2.409848e-02, 2.450538e-02, 2.630818e-02, 2.739993e-02, 2.759703e-02, 3.183544e-02, 3.544069e-02, 4.819797e-02
INFO:bingo.evolutionary_optimizers.parallel_archipelago:Evolution time 0:01:07.237935	 age 720	 fitness 1.953e-02
Level 25:bingo.evolutionary_optimizers.evolutionary_optimizer:Generation: 360 	 Elapsed time: 0:32:15.841567 	 Best training fitness: 1.952529e-02 	 
Level 25:bingo.evolutionary_optimizers.evolutionary_optimizer:360, 1.935842e+03, 4638680, 1.952529e-02, 1.952529e-02, 1.954895e-02, 2.060993e-02, 2.070572e-02, 2.085346e-02, 2.090389e-02, 2.091515e-02, 2.093258e-02, 2.236890e-02, 2.289493e-02, 2.630818e-02, 2.739993e-02, 2.759703e-02, 3.183544e-02, 3.544069e-02, 4.819797e-02
INFO:bingo.evolutionary_optimizers.parallel_archipelago:Evolution time 0:01:25.249944	 age 750	 fitness 1.676e-02
Level 25:bingo.evolutionary_optimizers.evolutionary_optimizer:Generation: 370 	 Elapsed time: 0:33:41.451442 	 Best training fitness: 1.675878e-02 	 
Level 25:bingo.evolutionary_optimizers.evolutionary_optimizer:370, 2.021451e+03, 4786247, 1.675878e-02, 1.675878e-02, 1.683647e-02, 4.819797e-02
INFO:bingo.evolutionary_optimizers.parallel_archipelago:Evolution time 0:01:07.166278	 age 760	 fitness 0.000e+00
Level 25:bingo.evolutionary_optimizers.evolutionary_optimizer:Generation: 380 	 Elapsed time: 0:34:48.939216 	 Best training fitness: 0.000000e+00 	 
Level 25:bingo.evolutionary_optimizers.evolutionary_optimizer:380, 2.088939e+03, 4924514, 0.000000e+00, 0.000000e+00, 4.819797e-02
Level 25:bingo.evolutionary_optimizers.evolutionary_optimizer:Evolution successfully converged.
Level 25:bingo.evolutionary_optimizers.evolutionary_optimizer:  Absolte convergence occurred with best fitness < 1e-10
Level 25:bingo.evolutionary_optimizers.evolutionary_optimizer:Hall of Fame:
0.0	7	sin(log((X_1)(X_1) + (X_0)(X_0)))
0.048197974049789344	1	-0.925718
