Level 25:bingo.evolutionary_optimizers.evolutionary_optimizer:#generational_age, elapsed_time, fitness_evaluation_count, current_training_fitness, hall_of_fame_fitnesses
Level 25:bingo.evolutionary_optimizers.evolutionary_optimizer:#generational_age, elapsed_time, fitness_evaluation_count, current_training_fitness, hall_of_fame_fitnesses
Level 25:bingo.evolutionary_optimizers.parallel_archipelago:Saving checkpoint: src/bingo_bias_vias_decomposition/checkpoints_st_40/implicit_st_40_p8_p2_3_0.pkl
INFO:bingo.evolutionary_optimizers.parallel_archipelago:Saved successfully
Level 25:bingo.evolutionary_optimizers.evolutionary_optimizer:Generation: 0 	 Elapsed time: 0:00:04.935096 	 Best training fitness: 1.924751e-01 	 
Level 25:bingo.evolutionary_optimizers.evolutionary_optimizer:0, 4.935096e+00, 14201, 1.924751e-01
INFO:bingo.evolutionary_optimizers.parallel_archipelago:Performing migration between Islands
INFO:bingo.evolutionary_optimizers.parallel_archipelago:Evolution time 0:00:48.445629	 age 20	 fitness 1.922e-01
Level 25:bingo.evolutionary_optimizers.parallel_archipelago:Saving checkpoint: src/bingo_bias_vias_decomposition/checkpoints_st_40/implicit_st_40_p8_p2_3_10.pkl
INFO:bingo.evolutionary_optimizers.parallel_archipelago:Saved successfully
Level 25:bingo.evolutionary_optimizers.evolutionary_optimizer:Generation: 10 	 Elapsed time: 0:00:53.687409 	 Best training fitness: 1.922345e-01 	 
Level 25:bingo.evolutionary_optimizers.evolutionary_optimizer:10, 5.368741e+01, 162259, 1.922345e-01, 1.922345e-01, 1.923339e-01, 1.923766e-01, 1.924365e-01
INFO:bingo.evolutionary_optimizers.parallel_archipelago:Performing migration between Islands
INFO:bingo.evolutionary_optimizers.parallel_archipelago:Evolution time 0:00:35.265404	 age 30	 fitness 1.921e-01
Level 25:bingo.evolutionary_optimizers.parallel_archipelago:Saving checkpoint: src/bingo_bias_vias_decomposition/checkpoints_st_40/implicit_st_40_p8_p2_3_20.pkl
INFO:bingo.evolutionary_optimizers.parallel_archipelago:Saved successfully
Level 25:bingo.evolutionary_optimizers.evolutionary_optimizer:Generation: 20 	 Elapsed time: 0:01:29.300333 	 Best training fitness: 1.921432e-01 	 
Level 25:bingo.evolutionary_optimizers.evolutionary_optimizer:20, 8.930033e+01, 252832, 1.921432e-01, 1.921432e-01, 1.923135e-01, 1.923407e-01
INFO:bingo.evolutionary_optimizers.parallel_archipelago:Performing migration between Islands
INFO:bingo.evolutionary_optimizers.parallel_archipelago:Evolution time 0:00:32.207570	 age 40	 fitness 1.804e-01
Level 25:bingo.evolutionary_optimizers.parallel_archipelago:Saving checkpoint: src/bingo_bias_vias_decomposition/checkpoints_st_40/implicit_st_40_p8_p2_3_30.pkl
INFO:bingo.evolutionary_optimizers.parallel_archipelago:Saved successfully
Level 25:bingo.evolutionary_optimizers.evolutionary_optimizer:Generation: 30 	 Elapsed time: 0:02:01.826395 	 Best training fitness: 1.803715e-01 	 
Level 25:bingo.evolutionary_optimizers.evolutionary_optimizer:30, 1.218264e+02, 337149, 1.803715e-01, 1.803715e-01, 1.867353e-01, 1.894182e-01, 1.920981e-01, 1.922036e-01, 1.923135e-01, 1.923407e-01
INFO:bingo.evolutionary_optimizers.parallel_archipelago:Performing migration between Islands
INFO:bingo.evolutionary_optimizers.parallel_archipelago:Evolution time 0:00:33.856986	 age 50	 fitness 1.630e-01
Level 25:bingo.evolutionary_optimizers.parallel_archipelago:Saving checkpoint: src/bingo_bias_vias_decomposition/checkpoints_st_40/implicit_st_40_p8_p2_3_40.pkl
INFO:bingo.evolutionary_optimizers.parallel_archipelago:Saved successfully
Level 25:bingo.evolutionary_optimizers.evolutionary_optimizer:Generation: 40 	 Elapsed time: 0:02:36.003349 	 Best training fitness: 1.629659e-01 	 
Level 25:bingo.evolutionary_optimizers.evolutionary_optimizer:40, 1.560033e+02, 440434, 1.629659e-01, 1.629659e-01, 1.642429e-01, 1.816493e-01, 1.923135e-01, 1.923407e-01
INFO:bingo.evolutionary_optimizers.parallel_archipelago:Performing migration between Islands
INFO:bingo.evolutionary_optimizers.parallel_archipelago:Evolution time 0:00:44.667552	 age 60	 fitness 1.611e-01
Level 25:bingo.evolutionary_optimizers.parallel_archipelago:Saving checkpoint: src/bingo_bias_vias_decomposition/checkpoints_st_40/implicit_st_40_p8_p2_3_50.pkl
INFO:bingo.evolutionary_optimizers.parallel_archipelago:Saved successfully
Level 25:bingo.evolutionary_optimizers.evolutionary_optimizer:Generation: 50 	 Elapsed time: 0:03:20.994272 	 Best training fitness: 1.611145e-01 	 
Level 25:bingo.evolutionary_optimizers.evolutionary_optimizer:50, 2.009943e+02, 547210, 1.611145e-01, 1.611145e-01, 1.611396e-01, 1.619618e-01, 1.923135e-01, 1.923256e-01, 1.923407e-01
INFO:bingo.evolutionary_optimizers.parallel_archipelago:Performing migration between Islands
INFO:bingo.evolutionary_optimizers.parallel_archipelago:Evolution time 0:00:43.627379	 age 70	 fitness 1.489e-01
Level 25:bingo.evolutionary_optimizers.parallel_archipelago:Saving checkpoint: src/bingo_bias_vias_decomposition/checkpoints_st_40/implicit_st_40_p8_p2_3_60.pkl
INFO:bingo.evolutionary_optimizers.parallel_archipelago:Saved successfully
Level 25:bingo.evolutionary_optimizers.evolutionary_optimizer:Generation: 60 	 Elapsed time: 0:04:04.942955 	 Best training fitness: 1.489443e-01 	 
Level 25:bingo.evolutionary_optimizers.evolutionary_optimizer:60, 2.449430e+02, 633107, 1.489443e-01, 1.489443e-01, 1.553802e-01, 1.619618e-01, 1.923051e-01, 1.923407e-01
INFO:bingo.evolutionary_optimizers.parallel_archipelago:Performing migration between Islands
INFO:bingo.evolutionary_optimizers.parallel_archipelago:Evolution time 0:00:38.205736	 age 80	 fitness 1.110e-01
Level 25:bingo.evolutionary_optimizers.parallel_archipelago:Saving checkpoint: src/bingo_bias_vias_decomposition/checkpoints_st_40/implicit_st_40_p8_p2_3_70.pkl
INFO:bingo.evolutionary_optimizers.parallel_archipelago:Saved successfully
Level 25:bingo.evolutionary_optimizers.evolutionary_optimizer:Generation: 70 	 Elapsed time: 0:04:43.476997 	 Best training fitness: 1.110173e-01 	 
Level 25:bingo.evolutionary_optimizers.evolutionary_optimizer:70, 2.834770e+02, 729047, 1.110173e-01, 1.110173e-01, 1.423473e-01, 1.553802e-01, 1.587691e-01, 1.923051e-01, 1.923407e-01
INFO:bingo.evolutionary_optimizers.parallel_archipelago:Performing migration between Islands
INFO:bingo.evolutionary_optimizers.parallel_archipelago:Evolution time 0:00:37.170148	 age 90	 fitness 1.110e-01
Level 25:bingo.evolutionary_optimizers.parallel_archipelago:Saving checkpoint: src/bingo_bias_vias_decomposition/checkpoints_st_40/implicit_st_40_p8_p2_3_80.pkl
INFO:bingo.evolutionary_optimizers.parallel_archipelago:Saved successfully
Level 25:bingo.evolutionary_optimizers.evolutionary_optimizer:Generation: 80 	 Elapsed time: 0:05:20.913044 	 Best training fitness: 1.109606e-01 	 
Level 25:bingo.evolutionary_optimizers.evolutionary_optimizer:80, 3.209130e+02, 823842, 1.109606e-01, 1.109606e-01, 1.109806e-01, 1.237673e-01, 1.550603e-01, 1.552089e-01, 1.587691e-01, 1.863668e-01, 1.923051e-01, 1.923407e-01
INFO:bingo.evolutionary_optimizers.parallel_archipelago:Performing migration between Islands
INFO:bingo.evolutionary_optimizers.parallel_archipelago:Evolution time 0:00:43.687469	 age 100	 fitness 9.975e-02
Level 25:bingo.evolutionary_optimizers.parallel_archipelago:Saving checkpoint: src/bingo_bias_vias_decomposition/checkpoints_st_40/implicit_st_40_p8_p2_3_90.pkl
INFO:bingo.evolutionary_optimizers.parallel_archipelago:Saved successfully
Level 25:bingo.evolutionary_optimizers.evolutionary_optimizer:Generation: 90 	 Elapsed time: 0:06:04.925015 	 Best training fitness: 9.974800e-02 	 
Level 25:bingo.evolutionary_optimizers.evolutionary_optimizer:90, 3.649250e+02, 909484, 9.974800e-02, 9.974800e-02, 9.976581e-02, 1.109606e-01, 1.109715e-01, 1.237673e-01, 1.340903e-01, 1.416227e-01, 1.863668e-01, 1.923051e-01, 1.923407e-01
INFO:bingo.evolutionary_optimizers.parallel_archipelago:Performing migration between Islands
INFO:bingo.evolutionary_optimizers.parallel_archipelago:Evolution time 0:00:50.256829	 age 110	 fitness 9.969e-02
Level 25:bingo.evolutionary_optimizers.parallel_archipelago:Saving checkpoint: src/bingo_bias_vias_decomposition/checkpoints_st_40/implicit_st_40_p8_p2_3_100.pkl
INFO:bingo.evolutionary_optimizers.parallel_archipelago:Saved successfully
Level 25:bingo.evolutionary_optimizers.evolutionary_optimizer:Generation: 100 	 Elapsed time: 0:06:55.464386 	 Best training fitness: 9.969074e-02 	 
Level 25:bingo.evolutionary_optimizers.evolutionary_optimizer:100, 4.154644e+02, 1017180, 9.969074e-02, 9.969074e-02, 1.109588e-01, 1.236371e-01, 1.252332e-01, 1.415607e-01, 1.863668e-01, 1.923051e-01, 1.923407e-01
INFO:bingo.evolutionary_optimizers.parallel_archipelago:Performing migration between Islands
INFO:bingo.evolutionary_optimizers.parallel_archipelago:Evolution time 0:00:26.052205	 age 120	 fitness 9.968e-02
Level 25:bingo.evolutionary_optimizers.parallel_archipelago:Saving checkpoint: src/bingo_bias_vias_decomposition/checkpoints_st_40/implicit_st_40_p8_p2_3_110.pkl
INFO:bingo.evolutionary_optimizers.parallel_archipelago:Saved successfully
Level 25:bingo.evolutionary_optimizers.evolutionary_optimizer:Generation: 110 	 Elapsed time: 0:07:21.782273 	 Best training fitness: 9.967791e-02 	 
Level 25:bingo.evolutionary_optimizers.evolutionary_optimizer:110, 4.417823e+02, 1105073, 9.967791e-02, 9.967791e-02, 1.109588e-01, 1.236371e-01, 1.251587e-01, 1.415075e-01, 1.863668e-01, 1.923051e-01, 1.923407e-01
INFO:bingo.evolutionary_optimizers.parallel_archipelago:Performing migration between Islands
INFO:bingo.evolutionary_optimizers.parallel_archipelago:Evolution time 0:00:42.768098	 age 130	 fitness 9.966e-02
Level 25:bingo.evolutionary_optimizers.parallel_archipelago:Saving checkpoint: src/bingo_bias_vias_decomposition/checkpoints_st_40/implicit_st_40_p8_p2_3_120.pkl
INFO:bingo.evolutionary_optimizers.parallel_archipelago:Saved successfully
Level 25:bingo.evolutionary_optimizers.evolutionary_optimizer:Generation: 120 	 Elapsed time: 0:08:04.866227 	 Best training fitness: 9.966465e-02 	 
Level 25:bingo.evolutionary_optimizers.evolutionary_optimizer:120, 4.848662e+02, 1231175, 9.966465e-02, 9.966465e-02, 1.109588e-01, 1.172328e-01, 1.251587e-01, 1.318147e-01, 1.415075e-01, 1.863668e-01, 1.923051e-01, 1.923407e-01
INFO:bingo.evolutionary_optimizers.parallel_archipelago:Performing migration between Islands
INFO:bingo.evolutionary_optimizers.parallel_archipelago:Evolution time 0:00:39.238539	 age 140	 fitness 9.968e-02
Level 25:bingo.evolutionary_optimizers.parallel_archipelago:Saving checkpoint: src/bingo_bias_vias_decomposition/checkpoints_st_40/implicit_st_40_p8_p2_3_130.pkl
INFO:bingo.evolutionary_optimizers.parallel_archipelago:Saved successfully
Level 25:bingo.evolutionary_optimizers.evolutionary_optimizer:Generation: 130 	 Elapsed time: 0:08:44.413557 	 Best training fitness: 9.967733e-02 	 
Level 25:bingo.evolutionary_optimizers.evolutionary_optimizer:130, 5.244136e+02, 1372041, 9.967733e-02, 9.966465e-02, 1.030703e-01, 1.415075e-01, 1.863668e-01, 1.923051e-01, 1.923407e-01
INFO:bingo.evolutionary_optimizers.parallel_archipelago:Performing migration between Islands
INFO:bingo.evolutionary_optimizers.parallel_archipelago:Evolution time 0:00:40.786766	 age 150	 fitness 6.271e-02
Level 25:bingo.evolutionary_optimizers.parallel_archipelago:Saving checkpoint: src/bingo_bias_vias_decomposition/checkpoints_st_40/implicit_st_40_p8_p2_3_140.pkl
INFO:bingo.evolutionary_optimizers.parallel_archipelago:Saved successfully
Level 25:bingo.evolutionary_optimizers.evolutionary_optimizer:Generation: 140 	 Elapsed time: 0:09:25.500926 	 Best training fitness: 6.271265e-02 	 
Level 25:bingo.evolutionary_optimizers.evolutionary_optimizer:140, 5.655009e+02, 1497167, 6.271265e-02, 6.271265e-02, 9.600034e-02, 9.966465e-02, 1.030689e-01, 1.415075e-01, 1.863668e-01, 1.923051e-01, 1.923407e-01
INFO:bingo.evolutionary_optimizers.parallel_archipelago:Performing migration between Islands
INFO:bingo.evolutionary_optimizers.parallel_archipelago:Evolution time 0:00:57.637054	 age 160	 fitness 6.057e-02
Level 25:bingo.evolutionary_optimizers.parallel_archipelago:Saving checkpoint: src/bingo_bias_vias_decomposition/checkpoints_st_40/implicit_st_40_p8_p2_3_150.pkl
INFO:bingo.evolutionary_optimizers.parallel_archipelago:Saved successfully
Level 25:bingo.evolutionary_optimizers.evolutionary_optimizer:Generation: 150 	 Elapsed time: 0:10:23.511396 	 Best training fitness: 6.057266e-02 	 
Level 25:bingo.evolutionary_optimizers.evolutionary_optimizer:150, 6.235114e+02, 1633776, 6.057266e-02, 6.057266e-02, 6.270278e-02, 9.600034e-02, 9.624329e-02, 1.030496e-01, 1.415075e-01, 1.863668e-01, 1.923043e-01, 1.923407e-01
INFO:bingo.evolutionary_optimizers.parallel_archipelago:Performing migration between Islands
INFO:bingo.evolutionary_optimizers.parallel_archipelago:Evolution time 0:00:44.476974	 age 170	 fitness 6.056e-02
Level 25:bingo.evolutionary_optimizers.parallel_archipelago:Saving checkpoint: src/bingo_bias_vias_decomposition/checkpoints_st_40/implicit_st_40_p8_p2_3_160.pkl
INFO:bingo.evolutionary_optimizers.parallel_archipelago:Saved successfully
Level 25:bingo.evolutionary_optimizers.evolutionary_optimizer:Generation: 160 	 Elapsed time: 0:11:08.319948 	 Best training fitness: 6.055901e-02 	 
Level 25:bingo.evolutionary_optimizers.evolutionary_optimizer:160, 6.683199e+02, 1756902, 6.055901e-02, 6.055901e-02, 6.270278e-02, 6.484924e-02, 9.618698e-02, 1.006101e-01, 1.030496e-01, 1.415041e-01, 1.863668e-01, 1.923043e-01, 1.923407e-01
INFO:bingo.evolutionary_optimizers.parallel_archipelago:Performing migration between Islands
INFO:bingo.evolutionary_optimizers.parallel_archipelago:Evolution time 0:00:47.941130	 age 180	 fitness 5.297e-02
Level 25:bingo.evolutionary_optimizers.parallel_archipelago:Saving checkpoint: src/bingo_bias_vias_decomposition/checkpoints_st_40/implicit_st_40_p8_p2_3_170.pkl
INFO:bingo.evolutionary_optimizers.parallel_archipelago:Saved successfully
Level 25:bingo.evolutionary_optimizers.evolutionary_optimizer:Generation: 170 	 Elapsed time: 0:11:56.565268 	 Best training fitness: 5.297050e-02 	 
Level 25:bingo.evolutionary_optimizers.evolutionary_optimizer:170, 7.165653e+02, 1880026, 5.297050e-02, 5.297050e-02, 6.055869e-02, 6.270278e-02, 6.483017e-02, 9.618698e-02, 1.006101e-01, 1.030496e-01, 1.415020e-01, 1.863668e-01, 1.923043e-01, 1.923407e-01
INFO:bingo.evolutionary_optimizers.parallel_archipelago:Performing migration between Islands
INFO:bingo.evolutionary_optimizers.parallel_archipelago:Evolution time 0:01:06.059180	 age 190	 fitness 5.258e-02
Level 25:bingo.evolutionary_optimizers.parallel_archipelago:Saving checkpoint: src/bingo_bias_vias_decomposition/checkpoints_st_40/implicit_st_40_p8_p2_3_180.pkl
INFO:bingo.evolutionary_optimizers.parallel_archipelago:Saved successfully
Level 25:bingo.evolutionary_optimizers.evolutionary_optimizer:Generation: 180 	 Elapsed time: 0:13:02.922682 	 Best training fitness: 5.257821e-02 	 
Level 25:bingo.evolutionary_optimizers.evolutionary_optimizer:180, 7.829227e+02, 2012518, 5.257821e-02, 5.257821e-02, 6.483017e-02, 9.618698e-02, 1.006101e-01, 1.030496e-01, 1.415020e-01, 1.863668e-01, 1.923043e-01, 1.923407e-01
INFO:bingo.evolutionary_optimizers.parallel_archipelago:Performing migration between Islands
INFO:bingo.evolutionary_optimizers.parallel_archipelago:Evolution time 0:00:41.315503	 age 200	 fitness 5.257e-02
Level 25:bingo.evolutionary_optimizers.parallel_archipelago:Saving checkpoint: src/bingo_bias_vias_decomposition/checkpoints_st_40/implicit_st_40_p8_p2_3_190.pkl
INFO:bingo.evolutionary_optimizers.parallel_archipelago:Saved successfully
Level 25:bingo.evolutionary_optimizers.evolutionary_optimizer:Generation: 190 	 Elapsed time: 0:13:44.535439 	 Best training fitness: 5.257000e-02 	 
Level 25:bingo.evolutionary_optimizers.evolutionary_optimizer:190, 8.245354e+02, 2142816, 5.257000e-02, 5.257000e-02, 6.483017e-02, 9.415022e-02, 9.618698e-02, 9.733553e-02, 1.030496e-01, 1.414967e-01, 1.863668e-01, 1.923043e-01, 1.923407e-01
INFO:bingo.evolutionary_optimizers.parallel_archipelago:Performing migration between Islands
INFO:bingo.evolutionary_optimizers.parallel_archipelago:Evolution time 0:00:53.089427	 age 210	 fitness 5.257e-02
Level 25:bingo.evolutionary_optimizers.parallel_archipelago:Saving checkpoint: src/bingo_bias_vias_decomposition/checkpoints_st_40/implicit_st_40_p8_p2_3_200.pkl
INFO:bingo.evolutionary_optimizers.parallel_archipelago:Saved successfully
Level 25:bingo.evolutionary_optimizers.evolutionary_optimizer:Generation: 200 	 Elapsed time: 0:14:37.927270 	 Best training fitness: 5.257234e-02 	 
Level 25:bingo.evolutionary_optimizers.evolutionary_optimizer:200, 8.779273e+02, 2287214, 5.257234e-02, 5.257000e-02, 6.482886e-02, 8.925058e-02, 9.550486e-02, 9.733553e-02, 1.030496e-01, 1.414967e-01, 1.863668e-01, 1.923043e-01, 1.923407e-01
INFO:bingo.evolutionary_optimizers.parallel_archipelago:Performing migration between Islands
INFO:bingo.evolutionary_optimizers.parallel_archipelago:Evolution time 0:00:47.910726	 age 220	 fitness 5.257e-02
Level 25:bingo.evolutionary_optimizers.parallel_archipelago:Saving checkpoint: src/bingo_bias_vias_decomposition/checkpoints_st_40/implicit_st_40_p8_p2_3_210.pkl
INFO:bingo.evolutionary_optimizers.parallel_archipelago:Saved successfully
Level 25:bingo.evolutionary_optimizers.evolutionary_optimizer:Generation: 210 	 Elapsed time: 0:15:26.176298 	 Best training fitness: 5.256992e-02 	 
Level 25:bingo.evolutionary_optimizers.evolutionary_optimizer:210, 9.261763e+02, 2414378, 5.256992e-02, 5.256992e-02, 6.482886e-02, 6.484379e-02, 8.925058e-02, 9.548689e-02, 9.627730e-02, 1.030496e-01, 1.414967e-01, 1.863668e-01, 1.923043e-01, 1.923407e-01
INFO:bingo.evolutionary_optimizers.parallel_archipelago:Performing migration between Islands
INFO:bingo.evolutionary_optimizers.parallel_archipelago:Evolution time 0:00:36.104212	 age 230	 fitness 5.255e-02
Level 25:bingo.evolutionary_optimizers.parallel_archipelago:Saving checkpoint: src/bingo_bias_vias_decomposition/checkpoints_st_40/implicit_st_40_p8_p2_3_220.pkl
INFO:bingo.evolutionary_optimizers.parallel_archipelago:Saved successfully
Level 25:bingo.evolutionary_optimizers.evolutionary_optimizer:Generation: 220 	 Elapsed time: 0:16:02.655256 	 Best training fitness: 5.254612e-02 	 
Level 25:bingo.evolutionary_optimizers.evolutionary_optimizer:220, 9.626553e+02, 2528133, 5.254612e-02, 5.254612e-02, 5.256794e-02, 5.650865e-02, 6.482747e-02, 6.484379e-02, 8.925058e-02, 9.548689e-02, 9.627730e-02, 1.030458e-01, 1.414967e-01, 1.863668e-01, 1.923043e-01, 1.923407e-01
INFO:bingo.evolutionary_optimizers.parallel_archipelago:Performing migration between Islands
INFO:bingo.evolutionary_optimizers.parallel_archipelago:Evolution time 0:00:57.228222	 age 240	 fitness 5.255e-02
Level 25:bingo.evolutionary_optimizers.parallel_archipelago:Saving checkpoint: src/bingo_bias_vias_decomposition/checkpoints_st_40/implicit_st_40_p8_p2_3_230.pkl
INFO:bingo.evolutionary_optimizers.parallel_archipelago:Saved successfully
Level 25:bingo.evolutionary_optimizers.evolutionary_optimizer:Generation: 230 	 Elapsed time: 0:17:00.225734 	 Best training fitness: 5.254612e-02 	 
Level 25:bingo.evolutionary_optimizers.evolutionary_optimizer:230, 1.020226e+03, 2670584, 5.254612e-02, 5.254612e-02, 5.256794e-02, 5.258006e-02, 6.482747e-02, 6.484379e-02, 8.925058e-02, 9.546356e-02, 9.627730e-02, 1.030458e-01, 1.414967e-01, 1.863668e-01, 1.923043e-01, 1.923407e-01
INFO:bingo.evolutionary_optimizers.parallel_archipelago:Performing migration between Islands
INFO:bingo.evolutionary_optimizers.parallel_archipelago:Evolution time 0:01:00.121226	 age 250	 fitness 5.254e-02
Level 25:bingo.evolutionary_optimizers.parallel_archipelago:Saving checkpoint: src/bingo_bias_vias_decomposition/checkpoints_st_40/implicit_st_40_p8_p2_3_240.pkl
INFO:bingo.evolutionary_optimizers.parallel_archipelago:Saved successfully
Level 25:bingo.evolutionary_optimizers.evolutionary_optimizer:Generation: 240 	 Elapsed time: 0:18:00.644560 	 Best training fitness: 5.254458e-02 	 
Level 25:bingo.evolutionary_optimizers.evolutionary_optimizer:240, 1.080645e+03, 2824596, 5.254458e-02, 5.254458e-02, 5.256787e-02, 5.258006e-02, 6.482747e-02, 6.482790e-02, 8.925058e-02, 9.386203e-02, 1.030458e-01, 1.414967e-01, 1.863668e-01, 1.923043e-01, 1.923407e-01
INFO:bingo.evolutionary_optimizers.parallel_archipelago:Performing migration between Islands
INFO:bingo.evolutionary_optimizers.parallel_archipelago:Evolution time 0:00:48.417402	 age 260	 fitness 5.254e-02
Level 25:bingo.evolutionary_optimizers.parallel_archipelago:Saving checkpoint: src/bingo_bias_vias_decomposition/checkpoints_st_40/implicit_st_40_p8_p2_3_250.pkl
INFO:bingo.evolutionary_optimizers.parallel_archipelago:Saved successfully
Level 25:bingo.evolutionary_optimizers.evolutionary_optimizer:Generation: 250 	 Elapsed time: 0:18:49.353492 	 Best training fitness: 5.254140e-02 	 
Level 25:bingo.evolutionary_optimizers.evolutionary_optimizer:250, 1.129353e+03, 2974339, 5.254140e-02, 5.254140e-02, 5.256787e-02, 5.256859e-02, 6.482747e-02, 6.482790e-02, 8.925058e-02, 9.382650e-02, 1.030458e-01, 1.414967e-01, 1.863668e-01, 1.923043e-01, 1.923407e-01
INFO:bingo.evolutionary_optimizers.parallel_archipelago:Performing migration between Islands
INFO:bingo.evolutionary_optimizers.parallel_archipelago:Evolution time 0:00:46.269255	 age 270	 fitness 5.254e-02
Level 25:bingo.evolutionary_optimizers.parallel_archipelago:Saving checkpoint: src/bingo_bias_vias_decomposition/checkpoints_st_40/implicit_st_40_p8_p2_3_260.pkl
INFO:bingo.evolutionary_optimizers.parallel_archipelago:Saved successfully
Level 25:bingo.evolutionary_optimizers.evolutionary_optimizer:Generation: 260 	 Elapsed time: 0:19:35.939794 	 Best training fitness: 5.254369e-02 	 
Level 25:bingo.evolutionary_optimizers.evolutionary_optimizer:260, 1.175940e+03, 3118440, 5.254369e-02, 5.254140e-02, 5.256787e-02, 5.256859e-02, 6.482747e-02, 6.482790e-02, 8.925058e-02, 9.382050e-02, 1.030458e-01, 1.414967e-01, 1.863668e-01, 1.923043e-01, 1.923407e-01
INFO:bingo.evolutionary_optimizers.parallel_archipelago:Performing migration between Islands
INFO:bingo.evolutionary_optimizers.parallel_archipelago:Evolution time 0:00:45.603339	 age 280	 fitness 5.255e-02
Level 25:bingo.evolutionary_optimizers.parallel_archipelago:Saving checkpoint: src/bingo_bias_vias_decomposition/checkpoints_st_40/implicit_st_40_p8_p2_3_270.pkl
INFO:bingo.evolutionary_optimizers.parallel_archipelago:Saved successfully
Level 25:bingo.evolutionary_optimizers.evolutionary_optimizer:Generation: 270 	 Elapsed time: 0:20:21.838880 	 Best training fitness: 5.254650e-02 	 
Level 25:bingo.evolutionary_optimizers.evolutionary_optimizer:270, 1.221839e+03, 3283324, 5.254650e-02, 5.254140e-02, 5.254896e-02, 5.256787e-02, 5.256859e-02, 6.482747e-02, 6.482790e-02, 8.925058e-02, 9.382050e-02, 1.030458e-01, 1.414967e-01, 1.863668e-01, 1.923043e-01, 1.923407e-01
INFO:bingo.evolutionary_optimizers.parallel_archipelago:Performing migration between Islands
INFO:bingo.evolutionary_optimizers.parallel_archipelago:Evolution time 0:00:51.986631	 age 290	 fitness 5.034e-02
Level 25:bingo.evolutionary_optimizers.parallel_archipelago:Saving checkpoint: src/bingo_bias_vias_decomposition/checkpoints_st_40/implicit_st_40_p8_p2_3_280.pkl
INFO:bingo.evolutionary_optimizers.parallel_archipelago:Saved successfully
Level 25:bingo.evolutionary_optimizers.evolutionary_optimizer:Generation: 280 	 Elapsed time: 0:21:14.120256 	 Best training fitness: 5.033679e-02 	 
Level 25:bingo.evolutionary_optimizers.evolutionary_optimizer:280, 1.274120e+03, 3453433, 5.033679e-02, 5.033679e-02, 5.254140e-02, 5.254861e-02, 5.256787e-02, 5.256859e-02, 6.482747e-02, 6.482790e-02, 8.925058e-02, 9.382050e-02, 1.030458e-01, 1.414967e-01, 1.863668e-01, 1.923043e-01, 1.923407e-01
INFO:bingo.evolutionary_optimizers.parallel_archipelago:Performing migration between Islands
INFO:bingo.evolutionary_optimizers.parallel_archipelago:Evolution time 0:00:51.908410	 age 300	 fitness 5.034e-02
Level 25:bingo.evolutionary_optimizers.parallel_archipelago:Saving checkpoint: src/bingo_bias_vias_decomposition/checkpoints_st_40/implicit_st_40_p8_p2_3_290.pkl
INFO:bingo.evolutionary_optimizers.parallel_archipelago:Saved successfully
Level 25:bingo.evolutionary_optimizers.evolutionary_optimizer:Generation: 290 	 Elapsed time: 0:22:06.364452 	 Best training fitness: 5.033679e-02 	 
Level 25:bingo.evolutionary_optimizers.evolutionary_optimizer:290, 1.326364e+03, 3630850, 5.033679e-02, 5.033679e-02, 5.254033e-02, 5.256787e-02, 5.256859e-02, 6.482747e-02, 6.482790e-02, 8.925058e-02, 9.382050e-02, 1.030458e-01, 1.414967e-01, 1.863668e-01, 1.923043e-01, 1.923407e-01
INFO:bingo.evolutionary_optimizers.parallel_archipelago:Performing migration between Islands
INFO:bingo.evolutionary_optimizers.parallel_archipelago:Evolution time 0:01:43.089166	 age 310	 fitness 5.033e-02
Level 25:bingo.evolutionary_optimizers.parallel_archipelago:Saving checkpoint: src/bingo_bias_vias_decomposition/checkpoints_st_40/implicit_st_40_p8_p2_3_300.pkl
INFO:bingo.evolutionary_optimizers.parallel_archipelago:Saved successfully
Level 25:bingo.evolutionary_optimizers.evolutionary_optimizer:Generation: 300 	 Elapsed time: 0:23:49.746475 	 Best training fitness: 5.033363e-02 	 
Level 25:bingo.evolutionary_optimizers.evolutionary_optimizer:300, 1.429746e+03, 3867447, 5.033363e-02, 5.033363e-02, 5.254033e-02, 5.256787e-02, 5.256859e-02, 6.482747e-02, 6.482790e-02, 8.925058e-02, 9.382050e-02, 1.030458e-01, 1.414967e-01, 1.863668e-01, 1.922882e-01, 1.923043e-01, 1.923407e-01
INFO:bingo.evolutionary_optimizers.parallel_archipelago:Performing migration between Islands
INFO:bingo.evolutionary_optimizers.parallel_archipelago:Evolution time 0:01:16.509477	 age 320	 fitness 5.033e-02
Level 25:bingo.evolutionary_optimizers.parallel_archipelago:Saving checkpoint: src/bingo_bias_vias_decomposition/checkpoints_st_40/implicit_st_40_p8_p2_3_310.pkl
INFO:bingo.evolutionary_optimizers.parallel_archipelago:Saved successfully
Level 25:bingo.evolutionary_optimizers.evolutionary_optimizer:Generation: 310 	 Elapsed time: 0:25:06.532990 	 Best training fitness: 5.033436e-02 	 
Level 25:bingo.evolutionary_optimizers.evolutionary_optimizer:310, 1.506533e+03, 4091425, 5.033436e-02, 5.033363e-02, 5.035668e-02, 5.254033e-02, 5.256787e-02, 5.256859e-02, 6.482747e-02, 6.482790e-02, 8.925058e-02, 9.382050e-02, 1.030458e-01, 1.414967e-01, 1.863668e-01, 1.922882e-01, 1.923043e-01, 1.923407e-01
INFO:bingo.evolutionary_optimizers.parallel_archipelago:Performing migration between Islands
INFO:bingo.evolutionary_optimizers.parallel_archipelago:Evolution time 0:00:44.348382	 age 330	 fitness 4.952e-02
Level 25:bingo.evolutionary_optimizers.parallel_archipelago:Saving checkpoint: src/bingo_bias_vias_decomposition/checkpoints_st_40/implicit_st_40_p8_p2_3_320.pkl
INFO:bingo.evolutionary_optimizers.parallel_archipelago:Saved successfully
Level 25:bingo.evolutionary_optimizers.evolutionary_optimizer:Generation: 320 	 Elapsed time: 0:25:51.182620 	 Best training fitness: 4.952356e-02 	 
Level 25:bingo.evolutionary_optimizers.evolutionary_optimizer:320, 1.551183e+03, 4251033, 4.952356e-02, 4.952356e-02, 5.033209e-02, 5.033640e-02, 5.254033e-02, 5.256787e-02, 5.256859e-02, 6.482747e-02, 6.482790e-02, 8.925058e-02, 9.382050e-02, 1.030458e-01, 1.414967e-01, 1.863668e-01, 1.922882e-01, 1.923043e-01, 1.923407e-01
INFO:bingo.evolutionary_optimizers.parallel_archipelago:Performing migration between Islands
INFO:bingo.evolutionary_optimizers.parallel_archipelago:Evolution time 0:01:00.149141	 age 340	 fitness 4.952e-02
Level 25:bingo.evolutionary_optimizers.parallel_archipelago:Saving checkpoint: src/bingo_bias_vias_decomposition/checkpoints_st_40/implicit_st_40_p8_p2_3_330.pkl
INFO:bingo.evolutionary_optimizers.parallel_archipelago:Saved successfully
Level 25:bingo.evolutionary_optimizers.evolutionary_optimizer:Generation: 330 	 Elapsed time: 0:26:51.635485 	 Best training fitness: 4.952356e-02 	 
Level 25:bingo.evolutionary_optimizers.evolutionary_optimizer:330, 1.611635e+03, 4455279, 4.952356e-02, 4.952356e-02, 5.033209e-02, 5.033532e-02, 5.254033e-02, 5.256787e-02, 5.256859e-02, 6.482747e-02, 6.482790e-02, 8.925058e-02, 9.382050e-02, 1.030458e-01, 1.414967e-01, 1.863668e-01, 1.922882e-01, 1.923043e-01, 1.923407e-01
INFO:bingo.evolutionary_optimizers.parallel_archipelago:Performing migration between Islands
INFO:bingo.evolutionary_optimizers.parallel_archipelago:Evolution time 0:01:10.124118	 age 350	 fitness 4.952e-02
Level 25:bingo.evolutionary_optimizers.parallel_archipelago:Saving checkpoint: src/bingo_bias_vias_decomposition/checkpoints_st_40/implicit_st_40_p8_p2_3_340.pkl
INFO:bingo.evolutionary_optimizers.parallel_archipelago:Saved successfully
Level 25:bingo.evolutionary_optimizers.evolutionary_optimizer:Generation: 340 	 Elapsed time: 0:28:02.074570 	 Best training fitness: 4.952265e-02 	 
Level 25:bingo.evolutionary_optimizers.evolutionary_optimizer:340, 1.682075e+03, 4660974, 4.952265e-02, 4.952265e-02, 5.033209e-02, 5.033267e-02, 5.254033e-02, 5.256787e-02, 5.256859e-02, 6.482747e-02, 6.482790e-02, 8.925058e-02, 9.382050e-02, 1.030458e-01, 1.414967e-01, 1.863668e-01, 1.922882e-01, 1.923043e-01, 1.923407e-01
INFO:bingo.evolutionary_optimizers.parallel_archipelago:Performing migration between Islands
INFO:bingo.evolutionary_optimizers.parallel_archipelago:Evolution time 0:00:47.036479	 age 360	 fitness 4.952e-02
Level 25:bingo.evolutionary_optimizers.parallel_archipelago:Saving checkpoint: src/bingo_bias_vias_decomposition/checkpoints_st_40/implicit_st_40_p8_p2_3_350.pkl
INFO:bingo.evolutionary_optimizers.parallel_archipelago:Saved successfully
Level 25:bingo.evolutionary_optimizers.evolutionary_optimizer:Generation: 350 	 Elapsed time: 0:28:49.421166 	 Best training fitness: 4.952265e-02 	 
Level 25:bingo.evolutionary_optimizers.evolutionary_optimizer:350, 1.729421e+03, 4830472, 4.952265e-02, 4.952265e-02, 5.033209e-02, 5.033267e-02, 5.254033e-02, 5.256787e-02, 5.256859e-02, 6.482747e-02, 6.482790e-02, 8.925058e-02, 9.382050e-02, 1.030458e-01, 1.414967e-01, 1.863668e-01, 1.922882e-01, 1.923043e-01, 1.923407e-01
INFO:bingo.evolutionary_optimizers.parallel_archipelago:Performing migration between Islands
INFO:bingo.evolutionary_optimizers.parallel_archipelago:Evolution time 0:00:59.372035	 age 370	 fitness 4.952e-02
Level 25:bingo.evolutionary_optimizers.parallel_archipelago:Saving checkpoint: src/bingo_bias_vias_decomposition/checkpoints_st_40/implicit_st_40_p8_p2_3_360.pkl
INFO:bingo.evolutionary_optimizers.parallel_archipelago:Saved successfully
Level 25:bingo.evolutionary_optimizers.evolutionary_optimizer:Generation: 360 	 Elapsed time: 0:29:49.092849 	 Best training fitness: 4.952457e-02 	 
Level 25:bingo.evolutionary_optimizers.evolutionary_optimizer:360, 1.789093e+03, 5043005, 4.952457e-02, 4.952265e-02, 5.033209e-02, 5.033267e-02, 5.254012e-02, 5.254033e-02, 5.256787e-02, 5.256859e-02, 6.482747e-02, 6.482790e-02, 8.925058e-02, 9.382050e-02, 1.030458e-01, 1.414967e-01, 1.863668e-01, 1.922882e-01, 1.922895e-01, 1.923043e-01, 1.923407e-01
INFO:bingo.evolutionary_optimizers.parallel_archipelago:Performing migration between Islands
INFO:bingo.evolutionary_optimizers.parallel_archipelago:Evolution time 0:01:26.933592	 age 380	 fitness 4.952e-02
Level 25:bingo.evolutionary_optimizers.parallel_archipelago:Saving checkpoint: src/bingo_bias_vias_decomposition/checkpoints_st_40/implicit_st_40_p8_p2_3_370.pkl
INFO:bingo.evolutionary_optimizers.parallel_archipelago:Saved successfully
Level 25:bingo.evolutionary_optimizers.evolutionary_optimizer:Generation: 370 	 Elapsed time: 0:31:16.333690 	 Best training fitness: 4.952378e-02 	 
Level 25:bingo.evolutionary_optimizers.evolutionary_optimizer:370, 1.876334e+03, 5276174, 4.952378e-02, 4.952265e-02, 5.033209e-02, 5.033267e-02, 5.254012e-02, 5.254033e-02, 5.256787e-02, 5.256859e-02, 6.482747e-02, 6.482790e-02, 8.925058e-02, 9.382050e-02, 1.030458e-01, 1.414967e-01, 1.863668e-01, 1.922815e-01, 1.923043e-01, 1.923407e-01
INFO:bingo.evolutionary_optimizers.parallel_archipelago:Performing migration between Islands
INFO:bingo.evolutionary_optimizers.parallel_archipelago:Evolution time 0:01:14.123442	 age 390	 fitness 4.866e-02
Level 25:bingo.evolutionary_optimizers.parallel_archipelago:Saving checkpoint: src/bingo_bias_vias_decomposition/checkpoints_st_40/implicit_st_40_p8_p2_3_380.pkl
INFO:bingo.evolutionary_optimizers.parallel_archipelago:Saved successfully
Level 25:bingo.evolutionary_optimizers.evolutionary_optimizer:Generation: 380 	 Elapsed time: 0:32:30.771625 	 Best training fitness: 4.866485e-02 	 
Level 25:bingo.evolutionary_optimizers.evolutionary_optimizer:380, 1.950772e+03, 5499459, 4.866485e-02, 4.866485e-02, 5.033209e-02, 5.033267e-02, 5.254012e-02, 5.254033e-02, 5.256787e-02, 5.256859e-02, 6.482747e-02, 6.482790e-02, 8.925058e-02, 9.382050e-02, 1.030458e-01, 1.414967e-01, 1.863668e-01, 1.922815e-01, 1.923043e-01, 1.923407e-01
INFO:bingo.evolutionary_optimizers.parallel_archipelago:Performing migration between Islands
INFO:bingo.evolutionary_optimizers.parallel_archipelago:Evolution time 0:00:58.820683	 age 400	 fitness 4.868e-02
Level 25:bingo.evolutionary_optimizers.parallel_archipelago:Saving checkpoint: src/bingo_bias_vias_decomposition/checkpoints_st_40/implicit_st_40_p8_p2_3_390.pkl
INFO:bingo.evolutionary_optimizers.parallel_archipelago:Saved successfully
Level 25:bingo.evolutionary_optimizers.evolutionary_optimizer:Generation: 390 	 Elapsed time: 0:33:29.884639 	 Best training fitness: 4.867531e-02 	 
Level 25:bingo.evolutionary_optimizers.evolutionary_optimizer:390, 2.009885e+03, 5674910, 4.867531e-02, 4.866485e-02, 5.033209e-02, 5.033267e-02, 5.254012e-02, 5.254033e-02, 5.256787e-02, 5.256859e-02, 6.482747e-02, 6.482790e-02, 8.925058e-02, 9.382050e-02, 1.030458e-01, 1.414967e-01, 1.863668e-01, 1.922815e-01, 1.923043e-01, 1.923407e-01
INFO:bingo.evolutionary_optimizers.parallel_archipelago:Performing migration between Islands
INFO:bingo.evolutionary_optimizers.parallel_archipelago:Evolution time 0:01:10.031488	 age 410	 fitness 4.438e-02
Level 25:bingo.evolutionary_optimizers.parallel_archipelago:Saving checkpoint: src/bingo_bias_vias_decomposition/checkpoints_st_40/implicit_st_40_p8_p2_3_400.pkl
INFO:bingo.evolutionary_optimizers.parallel_archipelago:Saved successfully
Level 25:bingo.evolutionary_optimizers.evolutionary_optimizer:Generation: 400 	 Elapsed time: 0:34:40.201065 	 Best training fitness: 4.438185e-02 	 
Level 25:bingo.evolutionary_optimizers.evolutionary_optimizer:400, 2.080201e+03, 5885823, 4.438185e-02, 4.438185e-02, 4.866485e-02, 5.033209e-02, 5.033267e-02, 5.253909e-02, 5.254033e-02, 5.256787e-02, 5.256859e-02, 6.482747e-02, 6.482790e-02, 8.925058e-02, 9.382050e-02, 1.030458e-01, 1.414967e-01, 1.863668e-01, 1.922815e-01, 1.923043e-01, 1.923407e-01
INFO:bingo.evolutionary_optimizers.parallel_archipelago:Performing migration between Islands
INFO:bingo.evolutionary_optimizers.parallel_archipelago:Evolution time 0:01:10.514808	 age 420	 fitness 4.438e-02
Level 25:bingo.evolutionary_optimizers.parallel_archipelago:Saving checkpoint: src/bingo_bias_vias_decomposition/checkpoints_st_40/implicit_st_40_p8_p2_3_410.pkl
INFO:bingo.evolutionary_optimizers.parallel_archipelago:Saved successfully
Level 25:bingo.evolutionary_optimizers.evolutionary_optimizer:Generation: 410 	 Elapsed time: 0:35:51.020375 	 Best training fitness: 4.438338e-02 	 
Level 25:bingo.evolutionary_optimizers.evolutionary_optimizer:410, 2.151020e+03, 6080538, 4.438338e-02, 4.438185e-02, 4.866485e-02, 4.889141e-02, 5.033267e-02, 5.253909e-02, 5.254033e-02, 5.256787e-02, 5.256859e-02, 6.482747e-02, 6.482790e-02, 8.925058e-02, 9.382050e-02, 1.030458e-01, 1.414967e-01, 1.863668e-01, 1.922815e-01, 1.923043e-01, 1.923407e-01
INFO:bingo.evolutionary_optimizers.parallel_archipelago:Performing migration between Islands
INFO:bingo.evolutionary_optimizers.parallel_archipelago:Evolution time 0:01:17.917020	 age 430	 fitness 4.438e-02
Level 25:bingo.evolutionary_optimizers.parallel_archipelago:Saving checkpoint: src/bingo_bias_vias_decomposition/checkpoints_st_40/implicit_st_40_p8_p2_3_420.pkl
INFO:bingo.evolutionary_optimizers.parallel_archipelago:Saved successfully
Level 25:bingo.evolutionary_optimizers.evolutionary_optimizer:Generation: 420 	 Elapsed time: 0:37:09.256213 	 Best training fitness: 4.438083e-02 	 
Level 25:bingo.evolutionary_optimizers.evolutionary_optimizer:420, 2.229256e+03, 6299684, 4.438083e-02, 4.438083e-02, 4.594912e-02, 4.866485e-02, 4.889141e-02, 5.033267e-02, 5.253909e-02, 5.254033e-02, 5.256787e-02, 5.256859e-02, 6.482747e-02, 6.482790e-02, 8.925058e-02, 9.382050e-02, 1.030458e-01, 1.414967e-01, 1.863668e-01, 1.922815e-01, 1.923043e-01, 1.923407e-01
INFO:bingo.evolutionary_optimizers.parallel_archipelago:Performing migration between Islands
INFO:bingo.evolutionary_optimizers.parallel_archipelago:Evolution time 0:01:20.007160	 age 440	 fitness 4.406e-02
Level 25:bingo.evolutionary_optimizers.parallel_archipelago:Saving checkpoint: src/bingo_bias_vias_decomposition/checkpoints_st_40/implicit_st_40_p8_p2_3_430.pkl
INFO:bingo.evolutionary_optimizers.parallel_archipelago:Saved successfully
Level 25:bingo.evolutionary_optimizers.evolutionary_optimizer:Generation: 430 	 Elapsed time: 0:38:29.577812 	 Best training fitness: 4.406484e-02 	 
Level 25:bingo.evolutionary_optimizers.evolutionary_optimizer:430, 2.309578e+03, 6509107, 4.406484e-02, 4.406484e-02, 4.594912e-02, 4.866485e-02, 4.889141e-02, 5.033267e-02, 5.253909e-02, 5.254033e-02, 5.256787e-02, 5.256859e-02, 6.482747e-02, 6.482790e-02, 8.925058e-02, 9.382050e-02, 1.030458e-01, 1.414967e-01, 1.863668e-01, 1.922815e-01, 1.923043e-01, 1.923407e-01
INFO:bingo.evolutionary_optimizers.parallel_archipelago:Performing migration between Islands
INFO:bingo.evolutionary_optimizers.parallel_archipelago:Evolution time 0:00:58.704295	 age 450	 fitness 5.764e-05
Level 25:bingo.evolutionary_optimizers.parallel_archipelago:Saving checkpoint: src/bingo_bias_vias_decomposition/checkpoints_st_40/implicit_st_40_p8_p2_3_440.pkl
INFO:bingo.evolutionary_optimizers.parallel_archipelago:Saved successfully
Level 25:bingo.evolutionary_optimizers.evolutionary_optimizer:Generation: 440 	 Elapsed time: 0:39:28.582891 	 Best training fitness: 5.764068e-05 	 
Level 25:bingo.evolutionary_optimizers.evolutionary_optimizer:440, 2.368583e+03, 6675039, 5.764068e-05, 5.764068e-05, 1.030458e-01, 1.414967e-01, 1.863668e-01, 1.922815e-01, 1.923043e-01, 1.923407e-01
INFO:bingo.evolutionary_optimizers.parallel_archipelago:Performing migration between Islands
INFO:bingo.evolutionary_optimizers.parallel_archipelago:Evolution time 0:01:13.618547	 age 460	 fitness 0.000e+00
Level 25:bingo.evolutionary_optimizers.parallel_archipelago:Saving checkpoint: src/bingo_bias_vias_decomposition/checkpoints_st_40/implicit_st_40_p8_p2_3_450.pkl
INFO:bingo.evolutionary_optimizers.parallel_archipelago:Saved successfully
Level 25:bingo.evolutionary_optimizers.evolutionary_optimizer:Generation: 450 	 Elapsed time: 0:40:42.481721 	 Best training fitness: 0.000000e+00 	 
Level 25:bingo.evolutionary_optimizers.evolutionary_optimizer:450, 2.442482e+03, 6879583, 0.000000e+00, 0.000000e+00, 1.863668e-01, 1.922815e-01, 1.923043e-01, 1.923407e-01
Level 25:bingo.evolutionary_optimizers.evolutionary_optimizer:Evolution successfully converged.
Level 25:bingo.evolutionary_optimizers.evolutionary_optimizer:  Absolte convergence occurred with best fitness < 1e-10
Level 25:bingo.evolutionary_optimizers.evolutionary_optimizer:Hall of Fame:
0.0	8	sin(log((X_1)(X_1) + (X_0)(X_0)))
0.18636681646327982	7	sin((log((X_0)(X_1)))(-0.473789))
0.1922814806500803	4	log(sin(log(-0.064728)))
0.1923043202034632	2	sin(-1.935946)
0.1923406627279639	1	-0.933095
