Level 25:bingo.evolutionary_optimizers.evolutionary_optimizer:#generational_age, elapsed_time, fitness_evaluation_count, current_training_fitness, hall_of_fame_fitnesses
Level 25:bingo.evolutionary_optimizers.evolutionary_optimizer:#generational_age, elapsed_time, fitness_evaluation_count, current_training_fitness, hall_of_fame_fitnesses
Level 25:bingo.evolutionary_optimizers.evolutionary_optimizer:Generation: 0 	 Elapsed time: 0:00:04.784317 	 Best training fitness: 4.873496e-02 	 
Level 25:bingo.evolutionary_optimizers.evolutionary_optimizer:0, 4.784317e+00, 14419, 4.873496e-02
INFO:bingo.evolutionary_optimizers.parallel_archipelago:Evolution time 0:00:26.604717	 age 20	 fitness 4.840e-02
Level 25:bingo.evolutionary_optimizers.evolutionary_optimizer:Generation: 10 	 Elapsed time: 0:00:31.689329 	 Best training fitness: 4.839529e-02 	 
Level 25:bingo.evolutionary_optimizers.evolutionary_optimizer:10, 3.168933e+01, 105420, 4.839529e-02, 4.839529e-02
INFO:bingo.evolutionary_optimizers.parallel_archipelago:Evolution time 0:00:31.201235	 age 50	 fitness 4.826e-02
Level 25:bingo.evolutionary_optimizers.evolutionary_optimizer:Generation: 20 	 Elapsed time: 0:01:03.210125 	 Best training fitness: 4.826250e-02 	 
Level 25:bingo.evolutionary_optimizers.evolutionary_optimizer:20, 6.321012e+01, 196500, 4.826250e-02, 4.826250e-02, 4.830260e-02, 4.831217e-02, 4.837994e-02, 4.839529e-02
INFO:bingo.evolutionary_optimizers.parallel_archipelago:Evolution time 0:00:38.047689	 age 90	 fitness 4.831e-02
Level 25:bingo.evolutionary_optimizers.evolutionary_optimizer:Generation: 30 	 Elapsed time: 0:01:41.626591 	 Best training fitness: 4.830774e-02 	 
Level 25:bingo.evolutionary_optimizers.evolutionary_optimizer:30, 1.016266e+02, 303428, 4.830774e-02, 4.826250e-02, 4.830260e-02, 4.830774e-02, 4.834932e-02
INFO:bingo.evolutionary_optimizers.parallel_archipelago:Evolution time 0:00:30.652316	 age 120	 fitness 4.809e-02
Level 25:bingo.evolutionary_optimizers.evolutionary_optimizer:Generation: 40 	 Elapsed time: 0:02:12.603904 	 Best training fitness: 4.808711e-02 	 
Level 25:bingo.evolutionary_optimizers.evolutionary_optimizer:40, 1.326039e+02, 405116, 4.808711e-02, 4.808711e-02, 4.823403e-02, 4.832861e-02
INFO:bingo.evolutionary_optimizers.parallel_archipelago:Evolution time 0:00:29.759381	 age 140	 fitness 4.807e-02
Level 25:bingo.evolutionary_optimizers.evolutionary_optimizer:Generation: 50 	 Elapsed time: 0:02:42.684003 	 Best training fitness: 4.807216e-02 	 
Level 25:bingo.evolutionary_optimizers.evolutionary_optimizer:50, 1.626840e+02, 514380, 4.807216e-02, 4.807216e-02, 4.823403e-02, 4.827251e-02, 4.832861e-02
INFO:bingo.evolutionary_optimizers.parallel_archipelago:Evolution time 0:00:40.059042	 age 160	 fitness 4.812e-02
Level 25:bingo.evolutionary_optimizers.evolutionary_optimizer:Generation: 60 	 Elapsed time: 0:03:23.069253 	 Best training fitness: 4.812008e-02 	 
Level 25:bingo.evolutionary_optimizers.evolutionary_optimizer:60, 2.030693e+02, 611361, 4.812008e-02, 4.807216e-02, 4.823403e-02, 4.824604e-02, 4.827251e-02, 4.832861e-02
INFO:bingo.evolutionary_optimizers.parallel_archipelago:Evolution time 0:00:39.441036	 age 180	 fitness 4.815e-02
Level 25:bingo.evolutionary_optimizers.evolutionary_optimizer:Generation: 70 	 Elapsed time: 0:04:02.838923 	 Best training fitness: 4.815182e-02 	 
Level 25:bingo.evolutionary_optimizers.evolutionary_optimizer:70, 2.428389e+02, 716221, 4.815182e-02, 4.807216e-02, 4.823403e-02, 4.824604e-02, 4.827251e-02, 4.832861e-02
INFO:bingo.evolutionary_optimizers.parallel_archipelago:Evolution time 0:00:50.880187	 age 200	 fitness 4.811e-02
Level 25:bingo.evolutionary_optimizers.evolutionary_optimizer:Generation: 80 	 Elapsed time: 0:04:54.047399 	 Best training fitness: 4.810763e-02 	 
Level 25:bingo.evolutionary_optimizers.evolutionary_optimizer:80, 2.940474e+02, 842867, 4.810763e-02, 4.807216e-02, 4.823403e-02, 4.824604e-02, 4.827251e-02, 4.832861e-02
INFO:bingo.evolutionary_optimizers.parallel_archipelago:Evolution time 0:00:29.641460	 age 210	 fitness 4.813e-02
Level 25:bingo.evolutionary_optimizers.evolutionary_optimizer:Generation: 90 	 Elapsed time: 0:05:24.031131 	 Best training fitness: 4.813069e-02 	 
Level 25:bingo.evolutionary_optimizers.evolutionary_optimizer:90, 3.240311e+02, 924754, 4.813069e-02, 4.807216e-02, 4.823403e-02, 4.824604e-02, 4.827251e-02, 4.832861e-02
INFO:bingo.evolutionary_optimizers.parallel_archipelago:Evolution time 0:00:29.826558	 age 230	 fitness 0.000e+00
Level 25:bingo.evolutionary_optimizers.evolutionary_optimizer:Generation: 100 	 Elapsed time: 0:05:54.099960 	 Best training fitness: 0.000000e+00 	 
Level 25:bingo.evolutionary_optimizers.evolutionary_optimizer:100, 3.541000e+02, 1024872, 0.000000e+00, 0.000000e+00, 4.824604e-02, 4.827251e-02, 4.832861e-02
Level 25:bingo.evolutionary_optimizers.evolutionary_optimizer:Evolution successfully converged.
Level 25:bingo.evolutionary_optimizers.evolutionary_optimizer:  Absolte convergence occurred with best fitness < 1e-10
Level 25:bingo.evolutionary_optimizers.evolutionary_optimizer:Hall of Fame:
0.0	7	sin(log((X_1)(X_1) + (X_0)(X_0)))
0.04824603603699371	5	log(log(sin(log(-0.020616))))
0.04827250568654887	3	(-0.933588)(0.999397)
0.04832860559381377	1	-0.930601
