Level 25:bingo.evolutionary_optimizers.evolutionary_optimizer:#generational_age, elapsed_time, fitness_evaluation_count, current_training_fitness, hall_of_fame_fitnesses
Level 25:bingo.evolutionary_optimizers.evolutionary_optimizer:#generational_age, elapsed_time, fitness_evaluation_count, current_training_fitness, hall_of_fame_fitnesses
Level 25:bingo.evolutionary_optimizers.evolutionary_optimizer:Generation: 0 	 Elapsed time: 0:00:04.660610 	 Best training fitness: 1.210013e-01 	 
Level 25:bingo.evolutionary_optimizers.evolutionary_optimizer:0, 4.660610e+00, 14648, 1.210013e-01
INFO:bingo.evolutionary_optimizers.parallel_archipelago:Evolution time 0:00:52.710878	 age 40	 fitness 1.204e-01
Level 25:bingo.evolutionary_optimizers.evolutionary_optimizer:Generation: 10 	 Elapsed time: 0:00:57.651779 	 Best training fitness: 1.204000e-01 	 
Level 25:bingo.evolutionary_optimizers.evolutionary_optimizer:10, 5.765178e+01, 125289, 1.204000e-01, 1.204000e-01, 1.204436e-01, 1.205335e-01, 1.205617e-01
INFO:bingo.evolutionary_optimizers.parallel_archipelago:Evolution time 0:00:29.434069	 age 50	 fitness 1.203e-01
Level 25:bingo.evolutionary_optimizers.evolutionary_optimizer:Generation: 20 	 Elapsed time: 0:01:27.343598 	 Best training fitness: 1.203217e-01 	 
Level 25:bingo.evolutionary_optimizers.evolutionary_optimizer:20, 8.734360e+01, 199059, 1.203217e-01, 1.203217e-01, 1.203410e-01, 1.205617e-01
INFO:bingo.evolutionary_optimizers.parallel_archipelago:Evolution time 0:00:25.746505	 age 60	 fitness 1.202e-01
Level 25:bingo.evolutionary_optimizers.evolutionary_optimizer:Generation: 30 	 Elapsed time: 0:01:53.387112 	 Best training fitness: 1.202341e-01 	 
Level 25:bingo.evolutionary_optimizers.evolutionary_optimizer:30, 1.133871e+02, 260849, 1.202341e-01, 1.202341e-01, 1.203410e-01, 1.205617e-01
INFO:bingo.evolutionary_optimizers.parallel_archipelago:Evolution time 0:00:34.039297	 age 90	 fitness 1.202e-01
Level 25:bingo.evolutionary_optimizers.evolutionary_optimizer:Generation: 40 	 Elapsed time: 0:02:27.676401 	 Best training fitness: 1.201591e-01 	 
Level 25:bingo.evolutionary_optimizers.evolutionary_optimizer:40, 1.476764e+02, 348005, 1.201591e-01, 1.201591e-01, 1.203410e-01, 1.205344e-01
INFO:bingo.evolutionary_optimizers.parallel_archipelago:Evolution time 0:00:26.439230	 age 100	 fitness 1.201e-01
Level 25:bingo.evolutionary_optimizers.evolutionary_optimizer:Generation: 50 	 Elapsed time: 0:02:54.365554 	 Best training fitness: 1.201060e-01 	 
Level 25:bingo.evolutionary_optimizers.evolutionary_optimizer:50, 1.743656e+02, 414201, 1.201060e-01, 1.201060e-01, 1.203410e-01, 1.204752e-01
INFO:bingo.evolutionary_optimizers.parallel_archipelago:Evolution time 0:00:22.321737	 age 120	 fitness 1.164e-01
Level 25:bingo.evolutionary_optimizers.evolutionary_optimizer:Generation: 60 	 Elapsed time: 0:03:16.930598 	 Best training fitness: 1.164095e-01 	 
Level 25:bingo.evolutionary_optimizers.evolutionary_optimizer:60, 1.969306e+02, 473892, 1.164095e-01, 1.164095e-01, 1.191843e-01, 1.193224e-01, 1.200676e-01, 1.202458e-01, 1.202998e-01
INFO:bingo.evolutionary_optimizers.parallel_archipelago:Evolution time 0:00:24.080720	 age 130	 fitness 1.161e-01
Level 25:bingo.evolutionary_optimizers.evolutionary_optimizer:Generation: 70 	 Elapsed time: 0:03:41.258663 	 Best training fitness: 1.160518e-01 	 
Level 25:bingo.evolutionary_optimizers.evolutionary_optimizer:70, 2.212587e+02, 545785, 1.160518e-01, 1.160518e-01, 1.191447e-01, 1.200676e-01, 1.202458e-01, 1.202998e-01
INFO:bingo.evolutionary_optimizers.parallel_archipelago:Evolution time 0:00:28.294543	 age 140	 fitness 3.978e-02
Level 25:bingo.evolutionary_optimizers.evolutionary_optimizer:Generation: 80 	 Elapsed time: 0:04:09.798749 	 Best training fitness: 3.978336e-02 	 
Level 25:bingo.evolutionary_optimizers.evolutionary_optimizer:80, 2.497987e+02, 608408, 3.978336e-02, 3.978336e-02, 4.345719e-02, 1.187558e-01, 1.191447e-01, 1.200676e-01, 1.202458e-01, 1.202998e-01
INFO:bingo.evolutionary_optimizers.parallel_archipelago:Evolution time 0:00:25.427235	 age 150	 fitness 3.973e-02
Level 25:bingo.evolutionary_optimizers.evolutionary_optimizer:Generation: 90 	 Elapsed time: 0:04:35.480834 	 Best training fitness: 3.972984e-02 	 
Level 25:bingo.evolutionary_optimizers.evolutionary_optimizer:90, 2.754808e+02, 688691, 3.972984e-02, 3.972984e-02, 4.345719e-02, 1.109704e-01, 1.189774e-01, 1.200676e-01, 1.202458e-01, 1.202998e-01
INFO:bingo.evolutionary_optimizers.parallel_archipelago:Evolution time 0:00:27.309762	 age 160	 fitness 3.967e-02
Level 25:bingo.evolutionary_optimizers.evolutionary_optimizer:Generation: 100 	 Elapsed time: 0:05:03.071594 	 Best training fitness: 3.966572e-02 	 
Level 25:bingo.evolutionary_optimizers.evolutionary_optimizer:100, 3.030716e+02, 760721, 3.966572e-02, 3.966572e-02, 4.345719e-02, 1.109704e-01, 1.189774e-01, 1.200676e-01, 1.202458e-01, 1.202998e-01
INFO:bingo.evolutionary_optimizers.parallel_archipelago:Evolution time 0:00:36.460200	 age 190	 fitness 3.964e-02
Level 25:bingo.evolutionary_optimizers.evolutionary_optimizer:Generation: 110 	 Elapsed time: 0:05:39.851184 	 Best training fitness: 3.964094e-02 	 
Level 25:bingo.evolutionary_optimizers.evolutionary_optimizer:110, 3.398512e+02, 830375, 3.964094e-02, 3.964094e-02, 4.345719e-02, 1.109704e-01, 1.189774e-01, 1.200676e-01, 1.202458e-01, 1.202998e-01
INFO:bingo.evolutionary_optimizers.parallel_archipelago:Evolution time 0:00:24.491670	 age 200	 fitness 3.960e-02
Level 25:bingo.evolutionary_optimizers.evolutionary_optimizer:Generation: 120 	 Elapsed time: 0:06:04.608063 	 Best training fitness: 3.960086e-02 	 
Level 25:bingo.evolutionary_optimizers.evolutionary_optimizer:120, 3.646081e+02, 888617, 3.960086e-02, 3.960086e-02, 4.345719e-02, 9.763287e-02, 1.189774e-01, 1.200676e-01, 1.202458e-01, 1.202998e-01
INFO:bingo.evolutionary_optimizers.parallel_archipelago:Evolution time 0:00:24.940370	 age 210	 fitness 3.962e-02
Level 25:bingo.evolutionary_optimizers.evolutionary_optimizer:Generation: 130 	 Elapsed time: 0:06:29.813182 	 Best training fitness: 3.961766e-02 	 
Level 25:bingo.evolutionary_optimizers.evolutionary_optimizer:130, 3.898132e+02, 959469, 3.961766e-02, 3.960086e-02, 4.345719e-02, 9.763287e-02, 1.189774e-01, 1.200676e-01, 1.202458e-01, 1.202998e-01
INFO:bingo.evolutionary_optimizers.parallel_archipelago:Evolution time 0:00:25.555927	 age 230	 fitness 0.000e+00
Level 25:bingo.evolutionary_optimizers.evolutionary_optimizer:Generation: 140 	 Elapsed time: 0:06:55.630393 	 Best training fitness: 0.000000e+00 	 
Level 25:bingo.evolutionary_optimizers.evolutionary_optimizer:140, 4.156304e+02, 1025071, 0.000000e+00, 0.000000e+00, 1.202458e-01, 1.202998e-01
Level 25:bingo.evolutionary_optimizers.evolutionary_optimizer:Evolution successfully converged.
Level 25:bingo.evolutionary_optimizers.evolutionary_optimizer:  Absolte convergence occurred with best fitness < 1e-10
Level 25:bingo.evolutionary_optimizers.evolutionary_optimizer:Hall of Fame:
0.0	7	sin(log((X_0)(X_0) + (X_1)(X_1)))
0.12024577891766328	3	sin(log(0.143820))
0.12029979904330958	1	-0.935543
