Level 25:bingo.evolutionary_optimizers.evolutionary_optimizer:#generational_age, elapsed_time, fitness_evaluation_count, current_training_fitness, hall_of_fame_fitnesses
Level 25:bingo.evolutionary_optimizers.evolutionary_optimizer:#generational_age, elapsed_time, fitness_evaluation_count, current_training_fitness, hall_of_fame_fitnesses
Level 25:bingo.evolutionary_optimizers.evolutionary_optimizer:Generation: 0 	 Elapsed time: 0:00:04.727357 	 Best training fitness: 1.206281e-01 	 
Level 25:bingo.evolutionary_optimizers.evolutionary_optimizer:0, 4.727357e+00, 15549, 1.206281e-01
INFO:bingo.evolutionary_optimizers.parallel_archipelago:Evolution time 0:00:39.995061	 age 30	 fitness 1.188e-01
Level 25:bingo.evolutionary_optimizers.evolutionary_optimizer:Generation: 10 	 Elapsed time: 0:00:44.918052 	 Best training fitness: 1.187543e-01 	 
Level 25:bingo.evolutionary_optimizers.evolutionary_optimizer:10, 4.491805e+01, 147880, 1.187543e-01, 1.187543e-01, 1.203176e-01, 1.203657e-01, 1.205396e-01
INFO:bingo.evolutionary_optimizers.parallel_archipelago:Evolution time 0:00:22.914887	 age 40	 fitness 1.179e-01
Level 25:bingo.evolutionary_optimizers.evolutionary_optimizer:Generation: 20 	 Elapsed time: 0:01:08.077885 	 Best training fitness: 1.179222e-01 	 
Level 25:bingo.evolutionary_optimizers.evolutionary_optimizer:20, 6.807788e+01, 224343, 1.179222e-01, 1.179222e-01, 1.203176e-01, 1.203291e-01, 1.203639e-01, 1.204552e-01
INFO:bingo.evolutionary_optimizers.parallel_archipelago:Evolution time 0:00:45.063948	 age 80	 fitness 1.178e-01
Level 25:bingo.evolutionary_optimizers.evolutionary_optimizer:Generation: 30 	 Elapsed time: 0:01:53.514131 	 Best training fitness: 1.177825e-01 	 
Level 25:bingo.evolutionary_optimizers.evolutionary_optimizer:30, 1.135141e+02, 343429, 1.177825e-01, 1.177825e-01, 1.202822e-01, 1.203176e-01, 1.203291e-01, 1.203639e-01, 1.204552e-01
INFO:bingo.evolutionary_optimizers.parallel_archipelago:Evolution time 0:00:30.819942	 age 100	 fitness 8.135e-02
Level 25:bingo.evolutionary_optimizers.evolutionary_optimizer:Generation: 40 	 Elapsed time: 0:02:24.654643 	 Best training fitness: 8.134846e-02 	 
Level 25:bingo.evolutionary_optimizers.evolutionary_optimizer:40, 1.446546e+02, 438972, 8.134846e-02, 8.134846e-02, 1.203176e-01, 1.203291e-01, 1.203639e-01, 1.204220e-01, 1.204552e-01
INFO:bingo.evolutionary_optimizers.parallel_archipelago:Evolution time 0:00:32.620818	 age 130	 fitness 8.097e-02
Level 25:bingo.evolutionary_optimizers.evolutionary_optimizer:Generation: 50 	 Elapsed time: 0:02:57.586070 	 Best training fitness: 8.097444e-02 	 
Level 25:bingo.evolutionary_optimizers.evolutionary_optimizer:50, 1.775861e+02, 543422, 8.097444e-02, 8.097444e-02, 8.125041e-02, 1.199286e-01, 1.203176e-01, 1.203291e-01, 1.203639e-01, 1.204220e-01, 1.204552e-01
INFO:bingo.evolutionary_optimizers.parallel_archipelago:Evolution time 0:00:43.889988	 age 150	 fitness 8.076e-02
Level 25:bingo.evolutionary_optimizers.evolutionary_optimizer:Generation: 60 	 Elapsed time: 0:03:41.783151 	 Best training fitness: 8.076495e-02 	 
Level 25:bingo.evolutionary_optimizers.evolutionary_optimizer:60, 2.217832e+02, 662882, 8.076495e-02, 8.076495e-02, 8.125041e-02, 1.199286e-01, 1.203176e-01, 1.203187e-01, 1.203245e-01
INFO:bingo.evolutionary_optimizers.parallel_archipelago:Evolution time 0:00:40.157103	 age 190	 fitness 8.074e-02
Level 25:bingo.evolutionary_optimizers.evolutionary_optimizer:Generation: 70 	 Elapsed time: 0:04:22.246216 	 Best training fitness: 8.074350e-02 	 
Level 25:bingo.evolutionary_optimizers.evolutionary_optimizer:70, 2.622462e+02, 787221, 8.074350e-02, 8.074350e-02, 8.125041e-02, 1.199286e-01, 1.203176e-01, 1.203187e-01, 1.203245e-01
INFO:bingo.evolutionary_optimizers.parallel_archipelago:Evolution time 0:00:26.421989	 age 210	 fitness 8.034e-02
Level 25:bingo.evolutionary_optimizers.evolutionary_optimizer:Generation: 80 	 Elapsed time: 0:04:48.976550 	 Best training fitness: 8.033514e-02 	 
Level 25:bingo.evolutionary_optimizers.evolutionary_optimizer:80, 2.889765e+02, 877471, 8.033514e-02, 8.033514e-02, 8.074350e-02, 8.125041e-02, 1.184690e-01, 1.202528e-01, 1.203176e-01, 1.203187e-01, 1.203198e-01
INFO:bingo.evolutionary_optimizers.parallel_archipelago:Evolution time 0:00:37.129526	 age 230	 fitness 8.041e-02
Level 25:bingo.evolutionary_optimizers.evolutionary_optimizer:Generation: 90 	 Elapsed time: 0:05:26.513684 	 Best training fitness: 8.040717e-02 	 
Level 25:bingo.evolutionary_optimizers.evolutionary_optimizer:90, 3.265137e+02, 988658, 8.040717e-02, 8.033514e-02, 8.074350e-02, 8.125041e-02, 1.184690e-01, 1.202528e-01, 1.202558e-01
INFO:bingo.evolutionary_optimizers.parallel_archipelago:Evolution time 0:00:36.603335	 age 260	 fitness 7.089e-02
Level 25:bingo.evolutionary_optimizers.evolutionary_optimizer:Generation: 100 	 Elapsed time: 0:06:03.439215 	 Best training fitness: 7.088548e-02 	 
Level 25:bingo.evolutionary_optimizers.evolutionary_optimizer:100, 3.634392e+02, 1103002, 7.088548e-02, 7.088548e-02, 7.769413e-02, 8.033514e-02, 8.073731e-02, 8.125041e-02, 1.184690e-01, 1.202528e-01, 1.202558e-01
INFO:bingo.evolutionary_optimizers.parallel_archipelago:Evolution time 0:00:53.403788	 age 290	 fitness 6.790e-02
Level 25:bingo.evolutionary_optimizers.evolutionary_optimizer:Generation: 110 	 Elapsed time: 0:06:57.185618 	 Best training fitness: 6.789856e-02 	 
Level 25:bingo.evolutionary_optimizers.evolutionary_optimizer:110, 4.171856e+02, 1260916, 6.789856e-02, 6.789856e-02, 1.202528e-01, 1.202558e-01
INFO:bingo.evolutionary_optimizers.parallel_archipelago:Evolution time 0:00:27.771362	 age 310	 fitness 5.605e-02
Level 25:bingo.evolutionary_optimizers.evolutionary_optimizer:Generation: 120 	 Elapsed time: 0:07:25.275380 	 Best training fitness: 5.604500e-02 	 
Level 25:bingo.evolutionary_optimizers.evolutionary_optimizer:120, 4.452754e+02, 1370403, 5.604500e-02, 5.604500e-02, 6.787027e-02, 1.202528e-01, 1.202558e-01
INFO:bingo.evolutionary_optimizers.parallel_archipelago:Evolution time 0:00:46.634649	 age 330	 fitness 5.180e-02
Level 25:bingo.evolutionary_optimizers.evolutionary_optimizer:Generation: 130 	 Elapsed time: 0:08:12.214005 	 Best training fitness: 5.180140e-02 	 
Level 25:bingo.evolutionary_optimizers.evolutionary_optimizer:130, 4.922140e+02, 1512642, 5.180140e-02, 5.180140e-02, 6.787027e-02, 1.202528e-01, 1.202558e-01
INFO:bingo.evolutionary_optimizers.parallel_archipelago:Evolution time 0:00:46.544943	 age 350	 fitness 4.946e-02
Level 25:bingo.evolutionary_optimizers.evolutionary_optimizer:Generation: 140 	 Elapsed time: 0:08:59.062158 	 Best training fitness: 4.946496e-02 	 
Level 25:bingo.evolutionary_optimizers.evolutionary_optimizer:140, 5.390622e+02, 1645589, 4.946496e-02, 4.946496e-02, 6.787027e-02, 1.202528e-01, 1.202558e-01
INFO:bingo.evolutionary_optimizers.parallel_archipelago:Evolution time 0:00:38.151603	 age 380	 fitness 4.938e-02
Level 25:bingo.evolutionary_optimizers.evolutionary_optimizer:Generation: 150 	 Elapsed time: 0:09:37.514904 	 Best training fitness: 4.937577e-02 	 
Level 25:bingo.evolutionary_optimizers.evolutionary_optimizer:150, 5.775149e+02, 1764511, 4.937577e-02, 4.937577e-02, 6.787027e-02, 1.202528e-01, 1.202558e-01
INFO:bingo.evolutionary_optimizers.parallel_archipelago:Evolution time 0:00:42.983305	 age 400	 fitness 4.873e-02
Level 25:bingo.evolutionary_optimizers.evolutionary_optimizer:Generation: 160 	 Elapsed time: 0:10:20.836142 	 Best training fitness: 4.873173e-02 	 
Level 25:bingo.evolutionary_optimizers.evolutionary_optimizer:160, 6.208361e+02, 1891910, 4.873173e-02, 4.873173e-02, 4.937577e-02, 6.787027e-02, 1.202528e-01, 1.202558e-01
INFO:bingo.evolutionary_optimizers.parallel_archipelago:Evolution time 0:00:25.717517	 age 420	 fitness 4.594e-02
Level 25:bingo.evolutionary_optimizers.evolutionary_optimizer:Generation: 170 	 Elapsed time: 0:10:46.859010 	 Best training fitness: 4.594255e-02 	 
Level 25:bingo.evolutionary_optimizers.evolutionary_optimizer:170, 6.468590e+02, 1981746, 4.594255e-02, 4.594255e-02, 4.932694e-02, 6.787027e-02, 1.202528e-01, 1.202558e-01
INFO:bingo.evolutionary_optimizers.parallel_archipelago:Evolution time 0:00:33.545747	 age 450	 fitness 4.398e-02
Level 25:bingo.evolutionary_optimizers.evolutionary_optimizer:Generation: 180 	 Elapsed time: 0:11:20.640639 	 Best training fitness: 4.397671e-02 	 
Level 25:bingo.evolutionary_optimizers.evolutionary_optimizer:180, 6.806406e+02, 2076358, 4.397671e-02, 4.397671e-02, 4.589638e-02, 4.932694e-02, 6.787027e-02, 1.202528e-01, 1.202558e-01
INFO:bingo.evolutionary_optimizers.parallel_archipelago:Evolution time 0:00:38.919540	 age 460	 fitness 4.346e-02
Level 25:bingo.evolutionary_optimizers.evolutionary_optimizer:Generation: 190 	 Elapsed time: 0:11:59.794775 	 Best training fitness: 4.346474e-02 	 
Level 25:bingo.evolutionary_optimizers.evolutionary_optimizer:190, 7.197948e+02, 2164386, 4.346474e-02, 4.346474e-02, 4.371023e-02, 4.378225e-02, 4.932686e-02, 6.787027e-02, 1.202528e-01, 1.202558e-01
INFO:bingo.evolutionary_optimizers.parallel_archipelago:Evolution time 0:00:56.732517	 age 500	 fitness 4.346e-02
Level 25:bingo.evolutionary_optimizers.evolutionary_optimizer:Generation: 200 	 Elapsed time: 0:12:56.809565 	 Best training fitness: 4.346328e-02 	 
Level 25:bingo.evolutionary_optimizers.evolutionary_optimizer:200, 7.768096e+02, 2286969, 4.346328e-02, 4.346328e-02, 4.370366e-02, 4.378225e-02, 4.887281e-02, 6.787027e-02, 1.202528e-01, 1.202558e-01
INFO:bingo.evolutionary_optimizers.parallel_archipelago:Evolution time 0:00:48.270281	 age 510	 fitness 4.346e-02
Level 25:bingo.evolutionary_optimizers.evolutionary_optimizer:Generation: 210 	 Elapsed time: 0:13:45.368398 	 Best training fitness: 4.346328e-02 	 
Level 25:bingo.evolutionary_optimizers.evolutionary_optimizer:210, 8.253684e+02, 2415200, 4.346328e-02, 4.346328e-02, 4.365236e-02, 4.887281e-02, 6.787027e-02, 1.202528e-01, 1.202558e-01
INFO:bingo.evolutionary_optimizers.parallel_archipelago:Evolution time 0:00:58.405581	 age 520	 fitness 4.346e-02
Level 25:bingo.evolutionary_optimizers.evolutionary_optimizer:Generation: 220 	 Elapsed time: 0:14:44.062838 	 Best training fitness: 4.346328e-02 	 
Level 25:bingo.evolutionary_optimizers.evolutionary_optimizer:220, 8.840628e+02, 2554731, 4.346328e-02, 4.346328e-02, 4.362601e-02, 4.880917e-02, 6.787027e-02, 1.202528e-01, 1.202558e-01
INFO:bingo.evolutionary_optimizers.parallel_archipelago:Evolution time 0:00:59.955528	 age 530	 fitness 4.355e-02
Level 25:bingo.evolutionary_optimizers.evolutionary_optimizer:Generation: 230 	 Elapsed time: 0:15:44.305296 	 Best training fitness: 4.354582e-02 	 
Level 25:bingo.evolutionary_optimizers.evolutionary_optimizer:230, 9.443053e+02, 2683948, 4.354582e-02, 4.346328e-02, 4.362601e-02, 4.880917e-02, 6.787027e-02, 1.202528e-01, 1.202558e-01
INFO:bingo.evolutionary_optimizers.parallel_archipelago:Evolution time 0:00:51.868082	 age 540	 fitness 4.295e-02
Level 25:bingo.evolutionary_optimizers.evolutionary_optimizer:Generation: 240 	 Elapsed time: 0:16:36.495485 	 Best training fitness: 4.295025e-02 	 
Level 25:bingo.evolutionary_optimizers.evolutionary_optimizer:240, 9.964955e+02, 2804567, 4.295025e-02, 4.295025e-02, 4.346328e-02, 4.362601e-02, 4.880917e-02, 6.787027e-02, 1.202528e-01, 1.202558e-01
INFO:bingo.evolutionary_optimizers.parallel_archipelago:Evolution time 0:00:43.928514	 age 550	 fitness 4.290e-02
Level 25:bingo.evolutionary_optimizers.evolutionary_optimizer:Generation: 250 	 Elapsed time: 0:17:20.710983 	 Best training fitness: 4.290390e-02 	 
Level 25:bingo.evolutionary_optimizers.evolutionary_optimizer:250, 1.040711e+03, 2914841, 4.290390e-02, 4.290390e-02, 4.346328e-02, 4.362601e-02, 4.880917e-02, 6.787027e-02, 1.202528e-01, 1.202558e-01
INFO:bingo.evolutionary_optimizers.parallel_archipelago:Evolution time 0:00:40.305282	 age 560	 fitness 4.285e-02
Level 25:bingo.evolutionary_optimizers.evolutionary_optimizer:Generation: 260 	 Elapsed time: 0:18:01.294572 	 Best training fitness: 4.285426e-02 	 
Level 25:bingo.evolutionary_optimizers.evolutionary_optimizer:260, 1.081295e+03, 3021640, 4.285426e-02, 4.285426e-02, 4.346328e-02, 4.360807e-02, 4.880917e-02, 6.787027e-02, 1.202528e-01, 1.202558e-01
INFO:bingo.evolutionary_optimizers.parallel_archipelago:Evolution time 0:01:16.176858	 age 600	 fitness 4.281e-02
Level 25:bingo.evolutionary_optimizers.evolutionary_optimizer:Generation: 270 	 Elapsed time: 0:19:17.749503 	 Best training fitness: 4.280708e-02 	 
Level 25:bingo.evolutionary_optimizers.evolutionary_optimizer:270, 1.157750e+03, 3163342, 4.280708e-02, 4.280708e-02, 4.346328e-02, 4.360411e-02, 4.880917e-02, 6.787027e-02, 1.202528e-01, 1.202558e-01
INFO:bingo.evolutionary_optimizers.parallel_archipelago:Evolution time 0:00:50.984970	 age 610	 fitness 4.270e-02
Level 25:bingo.evolutionary_optimizers.evolutionary_optimizer:Generation: 280 	 Elapsed time: 0:20:09.012227 	 Best training fitness: 4.269526e-02 	 
Level 25:bingo.evolutionary_optimizers.evolutionary_optimizer:280, 1.209012e+03, 3281246, 4.269526e-02, 4.269526e-02, 4.307548e-02, 4.360411e-02, 4.880917e-02, 6.787027e-02, 1.202486e-01
INFO:bingo.evolutionary_optimizers.parallel_archipelago:Evolution time 0:00:40.311037	 age 620	 fitness 4.232e-02
Level 25:bingo.evolutionary_optimizers.evolutionary_optimizer:Generation: 290 	 Elapsed time: 0:20:49.601981 	 Best training fitness: 4.232499e-02 	 
Level 25:bingo.evolutionary_optimizers.evolutionary_optimizer:290, 1.249602e+03, 3400101, 4.232499e-02, 4.232499e-02, 4.283136e-02, 4.360411e-02, 4.876610e-02, 6.787027e-02, 1.202486e-01
INFO:bingo.evolutionary_optimizers.parallel_archipelago:Evolution time 0:00:44.962673	 age 630	 fitness 4.233e-02
Level 25:bingo.evolutionary_optimizers.evolutionary_optimizer:Generation: 300 	 Elapsed time: 0:21:34.843837 	 Best training fitness: 4.232724e-02 	 
Level 25:bingo.evolutionary_optimizers.evolutionary_optimizer:300, 1.294844e+03, 3514824, 4.232724e-02, 4.232499e-02, 4.283136e-02, 4.348550e-02, 4.360411e-02, 4.876610e-02, 6.787027e-02, 1.202421e-01
INFO:bingo.evolutionary_optimizers.parallel_archipelago:Evolution time 0:00:44.196998	 age 640	 fitness 4.229e-02
Level 25:bingo.evolutionary_optimizers.evolutionary_optimizer:Generation: 310 	 Elapsed time: 0:22:19.365526 	 Best training fitness: 4.228778e-02 	 
Level 25:bingo.evolutionary_optimizers.evolutionary_optimizer:310, 1.339366e+03, 3653521, 4.228778e-02, 4.228778e-02, 4.252114e-02, 4.348550e-02, 4.360411e-02, 4.876610e-02, 6.787027e-02, 1.202421e-01
INFO:bingo.evolutionary_optimizers.parallel_archipelago:Evolution time 0:00:45.349872	 age 650	 fitness 4.225e-02
Level 25:bingo.evolutionary_optimizers.evolutionary_optimizer:Generation: 320 	 Elapsed time: 0:23:05.016833 	 Best training fitness: 4.225399e-02 	 
Level 25:bingo.evolutionary_optimizers.evolutionary_optimizer:320, 1.385017e+03, 3787637, 4.225399e-02, 4.225399e-02, 4.225886e-02, 4.348550e-02, 4.359191e-02, 4.876610e-02, 6.787027e-02, 1.202421e-01
INFO:bingo.evolutionary_optimizers.parallel_archipelago:Evolution time 0:00:30.855095	 age 660	 fitness 4.223e-02
Level 25:bingo.evolutionary_optimizers.evolutionary_optimizer:Generation: 330 	 Elapsed time: 0:23:36.184162 	 Best training fitness: 4.222621e-02 	 
Level 25:bingo.evolutionary_optimizers.evolutionary_optimizer:330, 1.416184e+03, 3905336, 4.222621e-02, 4.222621e-02, 4.225886e-02, 4.348550e-02, 4.357167e-02, 4.876610e-02, 6.787027e-02, 1.202421e-01
INFO:bingo.evolutionary_optimizers.parallel_archipelago:Evolution time 0:00:28.706490	 age 670	 fitness 4.222e-02
Level 25:bingo.evolutionary_optimizers.evolutionary_optimizer:Generation: 340 	 Elapsed time: 0:24:05.203915 	 Best training fitness: 4.222401e-02 	 
Level 25:bingo.evolutionary_optimizers.evolutionary_optimizer:340, 1.445204e+03, 4018076, 4.222401e-02, 4.222401e-02, 4.225886e-02, 4.348550e-02, 4.357167e-02, 4.876610e-02, 6.787027e-02, 1.202421e-01
INFO:bingo.evolutionary_optimizers.parallel_archipelago:Evolution time 0:00:48.776597	 age 690	 fitness 6.392e-03
Level 25:bingo.evolutionary_optimizers.evolutionary_optimizer:Generation: 350 	 Elapsed time: 0:24:54.301908 	 Best training fitness: 6.391866e-03 	 
Level 25:bingo.evolutionary_optimizers.evolutionary_optimizer:350, 1.494302e+03, 4162612, 6.391866e-03, 6.391866e-03, 4.106752e-02, 1.202421e-01
INFO:bingo.evolutionary_optimizers.parallel_archipelago:Evolution time 0:00:44.316791	 age 700	 fitness 0.000e+00
Level 25:bingo.evolutionary_optimizers.evolutionary_optimizer:Generation: 360 	 Elapsed time: 0:25:38.930422 	 Best training fitness: 0.000000e+00 	 
Level 25:bingo.evolutionary_optimizers.evolutionary_optimizer:360, 1.538930e+03, 4298326, 0.000000e+00, 0.000000e+00, 1.202421e-01
Level 25:bingo.evolutionary_optimizers.evolutionary_optimizer:Evolution successfully converged.
Level 25:bingo.evolutionary_optimizers.evolutionary_optimizer:  Absolte convergence occurred with best fitness < 1e-10
Level 25:bingo.evolutionary_optimizers.evolutionary_optimizer:Hall of Fame:
0.0	7	sin(log((X_0)(X_0) + (X_1)(X_1)))
0.12024206632181854	1	-0.933845
