Level 25:bingo.evolutionary_optimizers.evolutionary_optimizer:#generational_age, elapsed_time, fitness_evaluation_count, current_training_fitness, hall_of_fame_fitnesses
Level 25:bingo.evolutionary_optimizers.evolutionary_optimizer:#generational_age, elapsed_time, fitness_evaluation_count, current_training_fitness, hall_of_fame_fitnesses
Level 25:bingo.evolutionary_optimizers.evolutionary_optimizer:Generation: 0 	 Elapsed time: 0:00:05.501222 	 Best training fitness: 7.305608e-02 	 
Level 25:bingo.evolutionary_optimizers.evolutionary_optimizer:0, 5.501222e+00, 13110, 7.305608e-02
INFO:bingo.evolutionary_optimizers.parallel_archipelago:Evolution time 0:01:04.301287	 age 20	 fitness 7.235e-02
Level 25:bingo.evolutionary_optimizers.evolutionary_optimizer:Generation: 10 	 Elapsed time: 0:01:10.044921 	 Best training fitness: 7.234732e-02 	 
Level 25:bingo.evolutionary_optimizers.evolutionary_optimizer:10, 7.004492e+01, 129162, 7.234732e-02, 7.234732e-02
INFO:bingo.evolutionary_optimizers.parallel_archipelago:Evolution time 0:00:38.818581	 age 40	 fitness 7.237e-02
Level 25:bingo.evolutionary_optimizers.evolutionary_optimizer:Generation: 20 	 Elapsed time: 0:01:49.179121 	 Best training fitness: 7.236537e-02 	 
Level 25:bingo.evolutionary_optimizers.evolutionary_optimizer:20, 1.091791e+02, 213063, 7.236537e-02, 7.234732e-02
INFO:bingo.evolutionary_optimizers.parallel_archipelago:Evolution time 0:00:32.484623	 age 50	 fitness 7.223e-02
Level 25:bingo.evolutionary_optimizers.evolutionary_optimizer:Generation: 30 	 Elapsed time: 0:02:22.000842 	 Best training fitness: 7.222607e-02 	 
Level 25:bingo.evolutionary_optimizers.evolutionary_optimizer:30, 1.420008e+02, 282414, 7.222607e-02, 7.222607e-02, 7.226334e-02
INFO:bingo.evolutionary_optimizers.parallel_archipelago:Evolution time 0:00:18.444194	 age 60	 fitness 7.224e-02
Level 25:bingo.evolutionary_optimizers.evolutionary_optimizer:Generation: 40 	 Elapsed time: 0:02:40.755342 	 Best training fitness: 7.224022e-02 	 
Level 25:bingo.evolutionary_optimizers.evolutionary_optimizer:40, 1.607553e+02, 341838, 7.224022e-02, 7.222607e-02, 7.224022e-02, 7.226334e-02
INFO:bingo.evolutionary_optimizers.parallel_archipelago:Evolution time 0:00:30.821218	 age 70	 fitness 7.159e-02
Level 25:bingo.evolutionary_optimizers.evolutionary_optimizer:Generation: 50 	 Elapsed time: 0:03:11.889449 	 Best training fitness: 7.158733e-02 	 
Level 25:bingo.evolutionary_optimizers.evolutionary_optimizer:50, 1.918894e+02, 412255, 7.158733e-02, 7.158733e-02, 7.215319e-02, 7.222607e-02, 7.224022e-02, 7.226334e-02
INFO:bingo.evolutionary_optimizers.parallel_archipelago:Evolution time 0:00:30.120766	 age 80	 fitness 6.496e-02
Level 25:bingo.evolutionary_optimizers.evolutionary_optimizer:Generation: 60 	 Elapsed time: 0:03:42.323732 	 Best training fitness: 6.496014e-02 	 
Level 25:bingo.evolutionary_optimizers.evolutionary_optimizer:60, 2.223237e+02, 483244, 6.496014e-02, 6.496014e-02, 7.215319e-02, 7.222607e-02, 7.224022e-02, 7.226334e-02
INFO:bingo.evolutionary_optimizers.parallel_archipelago:Evolution time 0:00:32.108820	 age 100	 fitness 6.093e-02
Level 25:bingo.evolutionary_optimizers.evolutionary_optimizer:Generation: 70 	 Elapsed time: 0:04:14.735231 	 Best training fitness: 6.093313e-02 	 
Level 25:bingo.evolutionary_optimizers.evolutionary_optimizer:70, 2.547352e+02, 562615, 6.093313e-02, 6.093313e-02, 7.220309e-02, 7.222607e-02, 7.224022e-02, 7.226334e-02
INFO:bingo.evolutionary_optimizers.parallel_archipelago:Evolution time 0:00:23.830004	 age 110	 fitness 6.101e-02
Level 25:bingo.evolutionary_optimizers.evolutionary_optimizer:Generation: 80 	 Elapsed time: 0:04:38.863816 	 Best training fitness: 6.101127e-02 	 
Level 25:bingo.evolutionary_optimizers.evolutionary_optimizer:80, 2.788638e+02, 628640, 6.101127e-02, 6.093313e-02, 6.327372e-02, 7.220309e-02, 7.222607e-02, 7.224022e-02, 7.226334e-02
INFO:bingo.evolutionary_optimizers.parallel_archipelago:Evolution time 0:00:54.311402	 age 120	 fitness 5.802e-02
Level 25:bingo.evolutionary_optimizers.evolutionary_optimizer:Generation: 90 	 Elapsed time: 0:05:33.480352 	 Best training fitness: 5.801616e-02 	 
Level 25:bingo.evolutionary_optimizers.evolutionary_optimizer:90, 3.334804e+02, 732418, 5.801616e-02, 5.801616e-02, 6.089977e-02, 6.327372e-02, 6.357677e-02, 7.220309e-02, 7.222607e-02, 7.224022e-02, 7.226334e-02
INFO:bingo.evolutionary_optimizers.parallel_archipelago:Evolution time 0:00:34.927891	 age 140	 fitness 5.589e-02
Level 25:bingo.evolutionary_optimizers.evolutionary_optimizer:Generation: 100 	 Elapsed time: 0:06:08.753682 	 Best training fitness: 5.588720e-02 	 
Level 25:bingo.evolutionary_optimizers.evolutionary_optimizer:100, 3.687537e+02, 819215, 5.588720e-02, 5.588720e-02, 5.777760e-02, 6.045620e-02, 6.327372e-02, 6.357677e-02, 7.220309e-02, 7.222607e-02, 7.224022e-02, 7.226334e-02
INFO:bingo.evolutionary_optimizers.parallel_archipelago:Evolution time 0:00:43.554953	 age 150	 fitness 1.097e-02
Level 25:bingo.evolutionary_optimizers.evolutionary_optimizer:Generation: 110 	 Elapsed time: 0:06:52.596376 	 Best training fitness: 1.097426e-02 	 
Level 25:bingo.evolutionary_optimizers.evolutionary_optimizer:110, 4.125964e+02, 895390, 1.097426e-02, 1.097426e-02, 1.527919e-02, 7.222607e-02, 7.224022e-02, 7.226334e-02
INFO:bingo.evolutionary_optimizers.parallel_archipelago:Evolution time 0:00:32.473128	 age 160	 fitness 0.000e+00
Level 25:bingo.evolutionary_optimizers.evolutionary_optimizer:Generation: 120 	 Elapsed time: 0:07:25.365246 	 Best training fitness: 0.000000e+00 	 
Level 25:bingo.evolutionary_optimizers.evolutionary_optimizer:120, 4.453652e+02, 980990, 0.000000e+00, 0.000000e+00, 7.224022e-02, 7.226334e-02
Level 25:bingo.evolutionary_optimizers.evolutionary_optimizer:Evolution successfully converged.
Level 25:bingo.evolutionary_optimizers.evolutionary_optimizer:  Absolte convergence occurred with best fitness < 1e-10
Level 25:bingo.evolutionary_optimizers.evolutionary_optimizer:Hall of Fame:
0.0	7	sin(log((X_1)(X_1) + (X_0)(X_0)))
0.07224022169951519	5	sin((2.977421 + 2.977421)(log(2.977421 + 2.977421)))
0.07226333998915511	1	-0.934778
