Level 25:bingo.evolutionary_optimizers.evolutionary_optimizer:#generational_age, elapsed_time, fitness_evaluation_count, current_training_fitness, hall_of_fame_fitnesses
Level 25:bingo.evolutionary_optimizers.evolutionary_optimizer:#generational_age, elapsed_time, fitness_evaluation_count, current_training_fitness, hall_of_fame_fitnesses
Level 25:bingo.evolutionary_optimizers.evolutionary_optimizer:Generation: 0 	 Elapsed time: 0:00:02.994996 	 Best training fitness: 2.449005e-02 	 
Level 25:bingo.evolutionary_optimizers.evolutionary_optimizer:0, 2.994996e+00, 14008, 2.449005e-02
INFO:bingo.evolutionary_optimizers.parallel_archipelago:Evolution time 0:00:20.893600	 age 20	 fitness 2.427e-02
Level 25:bingo.evolutionary_optimizers.evolutionary_optimizer:Generation: 10 	 Elapsed time: 0:00:24.101380 	 Best training fitness: 2.426735e-02 	 
Level 25:bingo.evolutionary_optimizers.evolutionary_optimizer:10, 2.410138e+01, 109159, 2.426735e-02, 2.426735e-02, 2.430887e-02, 2.435152e-02, 2.463856e-02
INFO:bingo.evolutionary_optimizers.parallel_archipelago:Evolution time 0:00:27.941127	 age 50	 fitness 2.433e-02
Level 25:bingo.evolutionary_optimizers.evolutionary_optimizer:Generation: 20 	 Elapsed time: 0:00:52.275782 	 Best training fitness: 2.433334e-02 	 
Level 25:bingo.evolutionary_optimizers.evolutionary_optimizer:20, 5.227578e+01, 206073, 2.433334e-02, 2.426735e-02, 2.430887e-02, 2.435152e-02, 2.463856e-02
INFO:bingo.evolutionary_optimizers.parallel_archipelago:Evolution time 0:00:37.521073	 age 70	 fitness 2.412e-02
Level 25:bingo.evolutionary_optimizers.evolutionary_optimizer:Generation: 30 	 Elapsed time: 0:01:30.073990 	 Best training fitness: 2.412210e-02 	 
Level 25:bingo.evolutionary_optimizers.evolutionary_optimizer:30, 9.007399e+01, 305338, 2.412210e-02, 2.412210e-02, 2.424211e-02, 2.429655e-02
INFO:bingo.evolutionary_optimizers.parallel_archipelago:Evolution time 0:00:22.567016	 age 90	 fitness 2.426e-02
Level 25:bingo.evolutionary_optimizers.evolutionary_optimizer:Generation: 40 	 Elapsed time: 0:01:52.881332 	 Best training fitness: 2.425567e-02 	 
Level 25:bingo.evolutionary_optimizers.evolutionary_optimizer:40, 1.128813e+02, 395083, 2.425567e-02, 2.412210e-02, 2.424211e-02, 2.429655e-02
INFO:bingo.evolutionary_optimizers.parallel_archipelago:Evolution time 0:00:43.679362	 age 110	 fitness 1.966e-02
Level 25:bingo.evolutionary_optimizers.evolutionary_optimizer:Generation: 50 	 Elapsed time: 0:02:36.796183 	 Best training fitness: 1.965551e-02 	 
Level 25:bingo.evolutionary_optimizers.evolutionary_optimizer:50, 1.567962e+02, 508547, 1.965551e-02, 1.965551e-02, 2.020359e-02, 2.086680e-02, 2.412210e-02, 2.424211e-02, 2.429655e-02
INFO:bingo.evolutionary_optimizers.parallel_archipelago:Evolution time 0:00:34.086972	 age 130	 fitness 1.605e-02
Level 25:bingo.evolutionary_optimizers.evolutionary_optimizer:Generation: 60 	 Elapsed time: 0:03:11.126022 	 Best training fitness: 1.604843e-02 	 
Level 25:bingo.evolutionary_optimizers.evolutionary_optimizer:60, 1.911260e+02, 602201, 1.604843e-02, 1.604843e-02, 1.622057e-02, 1.963282e-02, 2.086680e-02, 2.116529e-02, 2.424211e-02, 2.429655e-02
INFO:bingo.evolutionary_optimizers.parallel_archipelago:Evolution time 0:00:27.752633	 age 150	 fitness 1.440e-02
Level 25:bingo.evolutionary_optimizers.evolutionary_optimizer:Generation: 70 	 Elapsed time: 0:03:39.122289 	 Best training fitness: 1.439956e-02 	 
Level 25:bingo.evolutionary_optimizers.evolutionary_optimizer:70, 2.191223e+02, 702081, 1.439956e-02, 1.439956e-02, 1.604843e-02, 1.622057e-02, 1.912674e-02, 2.116529e-02, 2.415061e-02, 2.424211e-02, 2.427894e-02, 2.429655e-02
INFO:bingo.evolutionary_optimizers.parallel_archipelago:Evolution time 0:00:37.078658	 age 170	 fitness 1.325e-02
Level 25:bingo.evolutionary_optimizers.evolutionary_optimizer:Generation: 80 	 Elapsed time: 0:04:16.448749 	 Best training fitness: 1.324931e-02 	 
Level 25:bingo.evolutionary_optimizers.evolutionary_optimizer:80, 2.564487e+02, 820843, 1.324931e-02, 1.324931e-02, 1.604843e-02, 1.609249e-02, 1.912674e-02, 2.116529e-02, 2.415061e-02, 2.424211e-02, 2.427894e-02, 2.429655e-02
INFO:bingo.evolutionary_optimizers.parallel_archipelago:Evolution time 0:00:25.429921	 age 190	 fitness 1.315e-02
Level 25:bingo.evolutionary_optimizers.evolutionary_optimizer:Generation: 90 	 Elapsed time: 0:04:42.155917 	 Best training fitness: 1.314685e-02 	 
Level 25:bingo.evolutionary_optimizers.evolutionary_optimizer:90, 2.821559e+02, 899578, 1.314685e-02, 1.314685e-02, 1.604843e-02, 1.609249e-02, 1.912674e-02, 2.116529e-02, 2.415061e-02, 2.424211e-02, 2.427894e-02, 2.429655e-02
INFO:bingo.evolutionary_optimizers.parallel_archipelago:Evolution time 0:00:25.192093	 age 210	 fitness 1.313e-02
Level 25:bingo.evolutionary_optimizers.evolutionary_optimizer:Generation: 100 	 Elapsed time: 0:05:07.623532 	 Best training fitness: 1.313037e-02 	 
Level 25:bingo.evolutionary_optimizers.evolutionary_optimizer:100, 3.076235e+02, 980350, 1.313037e-02, 1.313037e-02, 1.313097e-02, 1.343461e-02, 1.603672e-02, 1.912674e-02, 2.116529e-02, 2.415061e-02, 2.424211e-02, 2.427894e-02, 2.429655e-02
INFO:bingo.evolutionary_optimizers.parallel_archipelago:Evolution time 0:00:38.312383	 age 230	 fitness 1.313e-02
Level 25:bingo.evolutionary_optimizers.evolutionary_optimizer:Generation: 110 	 Elapsed time: 0:05:46.186882 	 Best training fitness: 1.313037e-02 	 
Level 25:bingo.evolutionary_optimizers.evolutionary_optimizer:110, 3.461869e+02, 1089527, 1.313037e-02, 1.313037e-02, 1.313097e-02, 1.343461e-02, 1.603672e-02, 1.643107e-02, 2.116529e-02, 2.246477e-02, 2.415061e-02, 2.424211e-02, 2.427894e-02, 2.429655e-02
INFO:bingo.evolutionary_optimizers.parallel_archipelago:Evolution time 0:00:44.406129	 age 240	 fitness 1.302e-02
Level 25:bingo.evolutionary_optimizers.evolutionary_optimizer:Generation: 120 	 Elapsed time: 0:06:30.848360 	 Best training fitness: 1.301565e-02 	 
Level 25:bingo.evolutionary_optimizers.evolutionary_optimizer:120, 3.908484e+02, 1175703, 1.301565e-02, 1.301565e-02, 1.343461e-02, 1.603672e-02, 1.643107e-02, 2.002875e-02, 2.215388e-02, 2.218239e-02, 2.415061e-02, 2.424211e-02, 2.427894e-02, 2.429655e-02
INFO:bingo.evolutionary_optimizers.parallel_archipelago:Evolution time 0:00:37.709136	 age 260	 fitness 1.087e-02
Level 25:bingo.evolutionary_optimizers.evolutionary_optimizer:Generation: 130 	 Elapsed time: 0:07:08.859082 	 Best training fitness: 1.086712e-02 	 
Level 25:bingo.evolutionary_optimizers.evolutionary_optimizer:130, 4.288591e+02, 1292868, 1.086712e-02, 1.086712e-02, 1.643107e-02, 1.985682e-02, 2.199827e-02, 2.415061e-02, 2.424211e-02, 2.427894e-02, 2.429655e-02
INFO:bingo.evolutionary_optimizers.parallel_archipelago:Evolution time 0:00:40.402632	 age 280	 fitness 1.076e-02
Level 25:bingo.evolutionary_optimizers.evolutionary_optimizer:Generation: 140 	 Elapsed time: 0:07:49.543033 	 Best training fitness: 1.075955e-02 	 
Level 25:bingo.evolutionary_optimizers.evolutionary_optimizer:140, 4.695430e+02, 1399088, 1.075955e-02, 1.075955e-02, 1.086712e-02, 1.376853e-02, 1.974984e-02, 1.979424e-02, 2.189354e-02, 2.199827e-02, 2.415061e-02, 2.424211e-02, 2.427894e-02, 2.428095e-02
INFO:bingo.evolutionary_optimizers.parallel_archipelago:Evolution time 0:00:46.260808	 age 300	 fitness 1.077e-02
Level 25:bingo.evolutionary_optimizers.evolutionary_optimizer:Generation: 150 	 Elapsed time: 0:08:36.062827 	 Best training fitness: 1.077428e-02 	 
Level 25:bingo.evolutionary_optimizers.evolutionary_optimizer:150, 5.160628e+02, 1535715, 1.077428e-02, 1.075955e-02, 1.086712e-02, 1.376853e-02, 1.968723e-02, 1.974984e-02, 1.979424e-02, 1.981828e-02, 2.415061e-02, 2.424211e-02, 2.427894e-02, 2.428095e-02
INFO:bingo.evolutionary_optimizers.parallel_archipelago:Evolution time 0:00:27.521887	 age 310	 fitness 1.077e-02
Level 25:bingo.evolutionary_optimizers.evolutionary_optimizer:Generation: 160 	 Elapsed time: 0:09:03.872594 	 Best training fitness: 1.077428e-02 	 
Level 25:bingo.evolutionary_optimizers.evolutionary_optimizer:160, 5.438726e+02, 1621380, 1.077428e-02, 1.075955e-02, 1.086712e-02, 1.376853e-02, 1.959076e-02, 1.974478e-02, 2.415061e-02, 2.424211e-02, 2.427894e-02, 2.428095e-02
INFO:bingo.evolutionary_optimizers.parallel_archipelago:Evolution time 0:00:34.774665	 age 330	 fitness 1.072e-02
Level 25:bingo.evolutionary_optimizers.evolutionary_optimizer:Generation: 170 	 Elapsed time: 0:09:38.894145 	 Best training fitness: 1.072456e-02 	 
Level 25:bingo.evolutionary_optimizers.evolutionary_optimizer:170, 5.788941e+02, 1755709, 1.072456e-02, 1.072456e-02, 1.083182e-02, 1.376853e-02, 1.886345e-02, 1.959076e-02, 1.974478e-02, 2.415061e-02, 2.424211e-02, 2.425348e-02, 2.428095e-02
INFO:bingo.evolutionary_optimizers.parallel_archipelago:Evolution time 0:00:34.902471	 age 340	 fitness 1.074e-02
Level 25:bingo.evolutionary_optimizers.evolutionary_optimizer:Generation: 180 	 Elapsed time: 0:10:14.054372 	 Best training fitness: 1.074046e-02 	 
Level 25:bingo.evolutionary_optimizers.evolutionary_optimizer:180, 6.140544e+02, 1862090, 1.074046e-02, 1.072456e-02, 1.083182e-02, 1.376853e-02, 1.850301e-02, 1.959076e-02, 1.974478e-02, 2.415061e-02, 2.422278e-02, 2.428095e-02
INFO:bingo.evolutionary_optimizers.parallel_archipelago:Evolution time 0:00:56.917472	 age 350	 fitness 1.072e-02
Level 25:bingo.evolutionary_optimizers.evolutionary_optimizer:Generation: 190 	 Elapsed time: 0:11:11.228247 	 Best training fitness: 1.071592e-02 	 
Level 25:bingo.evolutionary_optimizers.evolutionary_optimizer:190, 6.712282e+02, 1987624, 1.071592e-02, 1.071592e-02, 1.083182e-02, 1.376853e-02, 1.850301e-02, 1.959076e-02, 1.974478e-02, 2.415061e-02, 2.422278e-02, 2.428095e-02
INFO:bingo.evolutionary_optimizers.parallel_archipelago:Evolution time 0:00:33.651309	 age 370	 fitness 1.073e-02
Level 25:bingo.evolutionary_optimizers.evolutionary_optimizer:Generation: 200 	 Elapsed time: 0:11:45.138464 	 Best training fitness: 1.072774e-02 	 
Level 25:bingo.evolutionary_optimizers.evolutionary_optimizer:200, 7.051385e+02, 2092088, 1.072774e-02, 1.071592e-02, 1.083182e-02, 1.376853e-02, 1.835412e-02, 1.850301e-02, 1.959076e-02, 1.974478e-02, 2.415061e-02, 2.422278e-02, 2.428095e-02
INFO:bingo.evolutionary_optimizers.parallel_archipelago:Evolution time 0:00:50.749021	 age 380	 fitness 1.070e-02
Level 25:bingo.evolutionary_optimizers.evolutionary_optimizer:Generation: 210 	 Elapsed time: 0:12:36.146635 	 Best training fitness: 1.070170e-02 	 
Level 25:bingo.evolutionary_optimizers.evolutionary_optimizer:210, 7.561466e+02, 2217661, 1.070170e-02, 1.070170e-02, 1.083182e-02, 1.376853e-02, 1.835412e-02, 1.850301e-02, 1.959076e-02, 1.974478e-02, 2.415061e-02, 2.422278e-02, 2.428095e-02
INFO:bingo.evolutionary_optimizers.parallel_archipelago:Evolution time 0:00:49.880609	 age 390	 fitness 1.070e-02
Level 25:bingo.evolutionary_optimizers.evolutionary_optimizer:Generation: 220 	 Elapsed time: 0:13:26.284877 	 Best training fitness: 1.070170e-02 	 
Level 25:bingo.evolutionary_optimizers.evolutionary_optimizer:220, 8.062849e+02, 2329954, 1.070170e-02, 1.070170e-02, 1.083182e-02, 1.376853e-02, 1.835412e-02, 1.850301e-02, 1.959076e-02, 1.974478e-02, 2.415061e-02, 2.422278e-02, 2.428095e-02
INFO:bingo.evolutionary_optimizers.parallel_archipelago:Evolution time 0:01:12.281127	 age 400	 fitness 1.069e-02
Level 25:bingo.evolutionary_optimizers.evolutionary_optimizer:Generation: 230 	 Elapsed time: 0:14:38.856152 	 Best training fitness: 1.069352e-02 	 
Level 25:bingo.evolutionary_optimizers.evolutionary_optimizer:230, 8.788562e+02, 2459780, 1.069352e-02, 1.069352e-02, 1.083182e-02, 1.376853e-02, 1.835412e-02, 1.850301e-02, 1.959076e-02, 1.974478e-02, 2.415061e-02, 2.422278e-02, 2.428095e-02
INFO:bingo.evolutionary_optimizers.parallel_archipelago:Evolution time 0:00:52.022977	 age 420	 fitness 1.052e-02
Level 25:bingo.evolutionary_optimizers.evolutionary_optimizer:Generation: 240 	 Elapsed time: 0:15:31.140880 	 Best training fitness: 1.051815e-02 	 
Level 25:bingo.evolutionary_optimizers.evolutionary_optimizer:240, 9.311409e+02, 2603993, 1.051815e-02, 1.051815e-02, 1.067583e-02, 1.083182e-02, 1.376853e-02, 1.670927e-02, 1.850301e-02, 1.959076e-02, 1.974478e-02, 2.415061e-02, 2.422278e-02, 2.428095e-02
INFO:bingo.evolutionary_optimizers.parallel_archipelago:Evolution time 0:00:38.055440	 age 440	 fitness 1.042e-02
Level 25:bingo.evolutionary_optimizers.evolutionary_optimizer:Generation: 250 	 Elapsed time: 0:16:09.451879 	 Best training fitness: 1.041890e-02 	 
Level 25:bingo.evolutionary_optimizers.evolutionary_optimizer:250, 9.694519e+02, 2754327, 1.041890e-02, 1.041890e-02, 1.067583e-02, 1.083182e-02, 1.376853e-02, 1.667080e-02, 1.850301e-02, 1.959076e-02, 1.974478e-02, 2.415061e-02, 2.422278e-02, 2.428095e-02
INFO:bingo.evolutionary_optimizers.parallel_archipelago:Evolution time 0:00:21.526942	 age 450	 fitness 1.053e-02
Level 25:bingo.evolutionary_optimizers.evolutionary_optimizer:Generation: 260 	 Elapsed time: 0:16:31.235025 	 Best training fitness: 1.052656e-02 	 
Level 25:bingo.evolutionary_optimizers.evolutionary_optimizer:260, 9.912350e+02, 2839347, 1.052656e-02, 1.041890e-02, 1.067583e-02, 1.083182e-02, 1.376853e-02, 1.667080e-02, 1.850301e-02, 1.959076e-02, 1.974478e-02, 2.415061e-02, 2.422278e-02, 2.428095e-02
INFO:bingo.evolutionary_optimizers.parallel_archipelago:Evolution time 0:00:50.845331	 age 470	 fitness 1.049e-02
Level 25:bingo.evolutionary_optimizers.evolutionary_optimizer:Generation: 270 	 Elapsed time: 0:17:22.338219 	 Best training fitness: 1.048583e-02 	 
Level 25:bingo.evolutionary_optimizers.evolutionary_optimizer:270, 1.042338e+03, 2981954, 1.048583e-02, 1.041890e-02, 1.067583e-02, 1.083182e-02, 1.376853e-02, 1.667080e-02, 1.850301e-02, 1.959076e-02, 1.974478e-02, 2.415061e-02, 2.422278e-02, 2.428095e-02
INFO:bingo.evolutionary_optimizers.parallel_archipelago:Evolution time 0:00:42.227139	 age 480	 fitness 1.045e-02
Level 25:bingo.evolutionary_optimizers.evolutionary_optimizer:Generation: 280 	 Elapsed time: 0:18:04.817668 	 Best training fitness: 1.045150e-02 	 
Level 25:bingo.evolutionary_optimizers.evolutionary_optimizer:280, 1.084818e+03, 3117113, 1.045150e-02, 1.041890e-02, 1.067583e-02, 1.083182e-02, 1.344446e-02, 1.638611e-02, 1.850301e-02, 1.959076e-02, 1.974478e-02, 2.415061e-02, 2.422278e-02, 2.428095e-02
INFO:bingo.evolutionary_optimizers.parallel_archipelago:Evolution time 0:00:35.396229	 age 490	 fitness 1.045e-02
Level 25:bingo.evolutionary_optimizers.evolutionary_optimizer:Generation: 290 	 Elapsed time: 0:18:40.461165 	 Best training fitness: 1.045150e-02 	 
Level 25:bingo.evolutionary_optimizers.evolutionary_optimizer:290, 1.120461e+03, 3237317, 1.045150e-02, 1.041890e-02, 1.067583e-02, 1.083182e-02, 1.344446e-02, 1.638611e-02, 1.850301e-02, 1.959076e-02, 1.974478e-02, 2.415061e-02, 2.422278e-02, 2.428095e-02
INFO:bingo.evolutionary_optimizers.parallel_archipelago:Evolution time 0:00:38.943090	 age 510	 fitness 1.051e-02
Level 25:bingo.evolutionary_optimizers.evolutionary_optimizer:Generation: 300 	 Elapsed time: 0:19:19.685379 	 Best training fitness: 1.050516e-02 	 
Level 25:bingo.evolutionary_optimizers.evolutionary_optimizer:300, 1.159685e+03, 3397588, 1.050516e-02, 1.041890e-02, 1.067583e-02, 1.083182e-02, 1.266784e-02, 1.638611e-02, 1.832210e-02, 1.850301e-02, 1.959076e-02, 1.974478e-02, 2.415061e-02, 2.422278e-02, 2.428095e-02
INFO:bingo.evolutionary_optimizers.parallel_archipelago:Evolution time 0:00:36.392607	 age 530	 fitness 1.044e-02
Level 25:bingo.evolutionary_optimizers.evolutionary_optimizer:Generation: 310 	 Elapsed time: 0:19:56.328220 	 Best training fitness: 1.044435e-02 	 
Level 25:bingo.evolutionary_optimizers.evolutionary_optimizer:310, 1.196328e+03, 3518522, 1.044435e-02, 1.041890e-02, 1.067583e-02, 1.083182e-02, 1.266784e-02, 1.638611e-02, 1.832210e-02, 1.845542e-02, 1.959076e-02, 1.974478e-02, 2.415061e-02, 2.419079e-02, 2.428095e-02
INFO:bingo.evolutionary_optimizers.parallel_archipelago:Evolution time 0:00:35.803854	 age 540	 fitness 1.048e-02
Level 25:bingo.evolutionary_optimizers.evolutionary_optimizer:Generation: 320 	 Elapsed time: 0:20:32.373362 	 Best training fitness: 1.047804e-02 	 
Level 25:bingo.evolutionary_optimizers.evolutionary_optimizer:320, 1.232373e+03, 3627477, 1.047804e-02, 1.041890e-02, 1.067583e-02, 1.083182e-02, 1.266784e-02, 1.638611e-02, 1.832210e-02, 1.845542e-02, 1.959076e-02, 1.974478e-02, 2.415061e-02, 2.419079e-02, 2.428095e-02
INFO:bingo.evolutionary_optimizers.parallel_archipelago:Evolution time 0:01:09.195298	 age 560	 fitness 1.045e-02
Level 25:bingo.evolutionary_optimizers.evolutionary_optimizer:Generation: 330 	 Elapsed time: 0:21:41.813073 	 Best training fitness: 1.045194e-02 	 
Level 25:bingo.evolutionary_optimizers.evolutionary_optimizer:330, 1.301813e+03, 3818722, 1.045194e-02, 1.041890e-02, 1.067583e-02, 1.083182e-02, 1.243111e-02, 1.638611e-02, 1.832210e-02, 1.845542e-02, 1.959076e-02, 1.974478e-02, 2.415061e-02, 2.419079e-02, 2.428095e-02
INFO:bingo.evolutionary_optimizers.parallel_archipelago:Evolution time 0:00:52.629124	 age 570	 fitness 1.047e-02
Level 25:bingo.evolutionary_optimizers.evolutionary_optimizer:Generation: 340 	 Elapsed time: 0:22:34.700162 	 Best training fitness: 1.046842e-02 	 
Level 25:bingo.evolutionary_optimizers.evolutionary_optimizer:340, 1.354700e+03, 3984585, 1.046842e-02, 1.041890e-02, 1.060884e-02, 1.067583e-02, 1.083182e-02, 1.243111e-02, 1.638611e-02, 1.830964e-02, 1.845542e-02, 1.959076e-02, 1.974478e-02, 2.415061e-02, 2.419079e-02, 2.428095e-02
INFO:bingo.evolutionary_optimizers.parallel_archipelago:Evolution time 0:00:48.471627	 age 590	 fitness 1.044e-02
Level 25:bingo.evolutionary_optimizers.evolutionary_optimizer:Generation: 350 	 Elapsed time: 0:23:23.433199 	 Best training fitness: 1.044071e-02 	 
Level 25:bingo.evolutionary_optimizers.evolutionary_optimizer:350, 1.403433e+03, 4129209, 1.044071e-02, 1.041890e-02, 1.046912e-02, 1.067583e-02, 1.083182e-02, 1.243111e-02, 1.638611e-02, 1.808435e-02, 1.845542e-02, 1.959076e-02, 1.974478e-02, 2.415061e-02, 2.419079e-02, 2.428095e-02
INFO:bingo.evolutionary_optimizers.parallel_archipelago:Evolution time 0:00:31.113284	 age 610	 fitness 1.043e-02
Level 25:bingo.evolutionary_optimizers.evolutionary_optimizer:Generation: 360 	 Elapsed time: 0:23:54.807788 	 Best training fitness: 1.043207e-02 	 
Level 25:bingo.evolutionary_optimizers.evolutionary_optimizer:360, 1.434808e+03, 4237804, 1.043207e-02, 1.041890e-02, 1.044614e-02, 1.067583e-02, 1.083182e-02, 1.243111e-02, 1.638611e-02, 1.808435e-02, 1.845542e-02, 1.959076e-02, 1.974478e-02, 2.415061e-02, 2.419079e-02, 2.428095e-02
INFO:bingo.evolutionary_optimizers.parallel_archipelago:Evolution time 0:00:40.872797	 age 620	 fitness 1.043e-02
Level 25:bingo.evolutionary_optimizers.evolutionary_optimizer:Generation: 370 	 Elapsed time: 0:24:35.971447 	 Best training fitness: 1.043207e-02 	 
Level 25:bingo.evolutionary_optimizers.evolutionary_optimizer:370, 1.475971e+03, 4337194, 1.043207e-02, 1.041890e-02, 1.044614e-02, 1.067583e-02, 1.083182e-02, 1.243111e-02, 1.636700e-02, 1.638611e-02, 1.808435e-02, 1.845542e-02, 1.959076e-02, 1.974478e-02, 2.415061e-02, 2.419079e-02, 2.428095e-02
INFO:bingo.evolutionary_optimizers.parallel_archipelago:Evolution time 0:00:34.092142	 age 640	 fitness 1.045e-02
Level 25:bingo.evolutionary_optimizers.evolutionary_optimizer:Generation: 380 	 Elapsed time: 0:25:10.328857 	 Best training fitness: 1.045470e-02 	 
Level 25:bingo.evolutionary_optimizers.evolutionary_optimizer:380, 1.510329e+03, 4454277, 1.045470e-02, 1.041890e-02, 1.044614e-02, 1.067583e-02, 1.083182e-02, 1.243111e-02, 1.636700e-02, 1.638611e-02, 1.808435e-02, 1.845542e-02, 1.959076e-02, 1.974478e-02, 2.415061e-02, 2.419079e-02, 2.428095e-02
INFO:bingo.evolutionary_optimizers.parallel_archipelago:Evolution time 0:01:02.851097	 age 650	 fitness 9.638e-03
Level 25:bingo.evolutionary_optimizers.evolutionary_optimizer:Generation: 390 	 Elapsed time: 0:26:13.443459 	 Best training fitness: 9.637511e-03 	 
Level 25:bingo.evolutionary_optimizers.evolutionary_optimizer:390, 1.573443e+03, 4598936, 9.637511e-03, 9.637511e-03, 1.041890e-02, 1.044614e-02, 1.067583e-02, 1.083182e-02, 1.243111e-02, 1.636700e-02, 1.638611e-02, 1.808435e-02, 1.845542e-02, 1.959076e-02, 1.974478e-02, 2.415061e-02, 2.418656e-02, 2.428095e-02
INFO:bingo.evolutionary_optimizers.parallel_archipelago:Evolution time 0:00:33.538552	 age 660	 fitness 9.637e-03
Level 25:bingo.evolutionary_optimizers.evolutionary_optimizer:Generation: 400 	 Elapsed time: 0:26:47.242141 	 Best training fitness: 9.636503e-03 	 
Level 25:bingo.evolutionary_optimizers.evolutionary_optimizer:400, 1.607242e+03, 4692730, 9.636503e-03, 9.636503e-03, 9.720117e-03, 1.041890e-02, 1.044614e-02, 1.067583e-02, 1.083182e-02, 1.243111e-02, 1.636700e-02, 1.638611e-02, 1.808435e-02, 1.845542e-02, 1.959076e-02, 1.974478e-02, 2.415061e-02, 2.418656e-02, 2.428095e-02
INFO:bingo.evolutionary_optimizers.parallel_archipelago:Evolution time 0:00:48.899626	 age 680	 fitness 8.729e-03
Level 25:bingo.evolutionary_optimizers.evolutionary_optimizer:Generation: 410 	 Elapsed time: 0:27:36.403148 	 Best training fitness: 8.729127e-03 	 
Level 25:bingo.evolutionary_optimizers.evolutionary_optimizer:410, 1.656403e+03, 4831951, 8.729127e-03, 8.729127e-03, 9.636503e-03, 9.720117e-03, 1.041890e-02, 1.044614e-02, 1.067583e-02, 1.083182e-02, 1.243111e-02, 1.636700e-02, 1.638611e-02, 1.808435e-02, 1.845542e-02, 1.959076e-02, 1.974478e-02, 2.415061e-02, 2.418656e-02, 2.428095e-02
INFO:bingo.evolutionary_optimizers.parallel_archipelago:Evolution time 0:00:49.919927	 age 690	 fitness 8.677e-03
Level 25:bingo.evolutionary_optimizers.evolutionary_optimizer:Generation: 420 	 Elapsed time: 0:28:26.576156 	 Best training fitness: 8.676903e-03 	 
Level 25:bingo.evolutionary_optimizers.evolutionary_optimizer:420, 1.706576e+03, 4948815, 8.676903e-03, 8.676903e-03, 9.618362e-03, 9.683752e-03, 1.041890e-02, 1.044614e-02, 1.067583e-02, 1.083182e-02, 1.243111e-02, 1.636700e-02, 1.638611e-02, 1.808435e-02, 1.845542e-02, 1.959076e-02, 1.974478e-02, 2.415061e-02, 2.418656e-02, 2.428095e-02
INFO:bingo.evolutionary_optimizers.parallel_archipelago:Evolution time 0:00:48.500147	 age 700	 fitness 8.363e-03
Level 25:bingo.evolutionary_optimizers.evolutionary_optimizer:Generation: 430 	 Elapsed time: 0:29:15.357700 	 Best training fitness: 8.362550e-03 	 
Level 25:bingo.evolutionary_optimizers.evolutionary_optimizer:430, 1.755358e+03, 5087773, 8.362550e-03, 8.362550e-03, 9.593843e-03, 9.624845e-03, 1.041890e-02, 1.044614e-02, 1.067583e-02, 1.083182e-02, 1.243111e-02, 1.542942e-02, 1.591266e-02, 1.959076e-02, 1.974478e-02, 2.415061e-02, 2.418656e-02, 2.428095e-02
INFO:bingo.evolutionary_optimizers.parallel_archipelago:Evolution time 0:00:37.431226	 age 720	 fitness 8.363e-03
Level 25:bingo.evolutionary_optimizers.evolutionary_optimizer:Generation: 440 	 Elapsed time: 0:29:53.059629 	 Best training fitness: 8.362550e-03 	 
Level 25:bingo.evolutionary_optimizers.evolutionary_optimizer:440, 1.793060e+03, 5214116, 8.362550e-03, 8.362550e-03, 9.525506e-03, 9.585645e-03, 9.624845e-03, 1.041890e-02, 1.044614e-02, 1.067583e-02, 1.083182e-02, 1.243111e-02, 1.442658e-02, 1.574238e-02, 1.959076e-02, 1.974478e-02, 2.415061e-02, 2.418656e-02, 2.428095e-02
INFO:bingo.evolutionary_optimizers.parallel_archipelago:Evolution time 0:00:58.806908	 age 740	 fitness 8.359e-03
Level 25:bingo.evolutionary_optimizers.evolutionary_optimizer:Generation: 450 	 Elapsed time: 0:30:52.138053 	 Best training fitness: 8.358813e-03 	 
Level 25:bingo.evolutionary_optimizers.evolutionary_optimizer:450, 1.852138e+03, 5367434, 8.358813e-03, 8.358813e-03, 8.677463e-03, 9.578460e-03, 9.624845e-03, 1.041890e-02, 1.044614e-02, 1.067583e-02, 1.083182e-02, 1.243111e-02, 1.408435e-02, 1.574238e-02, 1.959076e-02, 1.974478e-02, 2.415061e-02, 2.418656e-02, 2.428095e-02
INFO:bingo.evolutionary_optimizers.parallel_archipelago:Evolution time 0:00:31.923399	 age 750	 fitness 8.346e-03
Level 25:bingo.evolutionary_optimizers.evolutionary_optimizer:Generation: 460 	 Elapsed time: 0:31:24.327967 	 Best training fitness: 8.346032e-03 	 
Level 25:bingo.evolutionary_optimizers.evolutionary_optimizer:460, 1.884328e+03, 5465792, 8.346032e-03, 8.346032e-03, 8.677463e-03, 9.578460e-03, 9.624845e-03, 1.041890e-02, 1.044614e-02, 1.067583e-02, 1.083182e-02, 1.243111e-02, 1.408435e-02, 1.574238e-02, 1.959076e-02, 1.974478e-02, 2.415061e-02, 2.418656e-02, 2.428095e-02
INFO:bingo.evolutionary_optimizers.parallel_archipelago:Evolution time 0:00:32.691791	 age 760	 fitness 7.383e-03
Level 25:bingo.evolutionary_optimizers.evolutionary_optimizer:Generation: 470 	 Elapsed time: 0:31:57.279821 	 Best training fitness: 7.383206e-03 	 
Level 25:bingo.evolutionary_optimizers.evolutionary_optimizer:470, 1.917280e+03, 5576566, 7.383206e-03, 7.383206e-03, 8.329537e-03, 8.345992e-03, 9.578460e-03, 9.624845e-03, 1.041890e-02, 1.044614e-02, 1.067583e-02, 1.083182e-02, 1.243111e-02, 1.406978e-02, 1.568611e-02, 1.574238e-02, 1.959076e-02, 1.974478e-02, 2.415061e-02, 2.418656e-02, 2.428095e-02
INFO:bingo.evolutionary_optimizers.parallel_archipelago:Evolution time 0:00:34.613743	 age 770	 fitness 7.353e-03
Level 25:bingo.evolutionary_optimizers.evolutionary_optimizer:Generation: 480 	 Elapsed time: 0:32:32.156634 	 Best training fitness: 7.353193e-03 	 
Level 25:bingo.evolutionary_optimizers.evolutionary_optimizer:480, 1.952157e+03, 5690192, 7.353193e-03, 7.353193e-03, 7.401324e-03, 8.328606e-03, 9.578460e-03, 9.624845e-03, 1.041890e-02, 1.044614e-02, 1.067583e-02, 1.083182e-02, 1.243111e-02, 1.406978e-02, 1.568611e-02, 1.574238e-02, 1.959076e-02, 1.974478e-02, 2.415061e-02, 2.418656e-02, 2.428095e-02
INFO:bingo.evolutionary_optimizers.parallel_archipelago:Evolution time 0:01:16.232495	 age 780	 fitness 7.343e-03
Level 25:bingo.evolutionary_optimizers.evolutionary_optimizer:Generation: 490 	 Elapsed time: 0:33:48.682347 	 Best training fitness: 7.342598e-03 	 
Level 25:bingo.evolutionary_optimizers.evolutionary_optimizer:490, 2.028682e+03, 5843676, 7.342598e-03, 7.342598e-03, 7.361164e-03, 8.324590e-03, 9.578460e-03, 9.624845e-03, 1.041890e-02, 1.044614e-02, 1.067583e-02, 1.083182e-02, 1.243111e-02, 1.406978e-02, 1.567581e-02, 1.574238e-02, 1.959076e-02, 1.974478e-02, 2.415061e-02, 2.418656e-02, 2.428095e-02
INFO:bingo.evolutionary_optimizers.parallel_archipelago:Evolution time 0:00:39.604210	 age 800	 fitness 7.359e-03
Level 25:bingo.evolutionary_optimizers.evolutionary_optimizer:Generation: 500 	 Elapsed time: 0:34:28.564376 	 Best training fitness: 7.358934e-03 	 
Level 25:bingo.evolutionary_optimizers.evolutionary_optimizer:500, 2.068564e+03, 5957852, 7.358934e-03, 7.342598e-03, 7.361164e-03, 8.324590e-03, 9.578460e-03, 9.624845e-03, 1.041890e-02, 1.044614e-02, 1.067583e-02, 1.083182e-02, 1.243111e-02, 1.406978e-02, 1.408365e-02, 1.959076e-02, 1.974478e-02, 2.415061e-02, 2.418656e-02, 2.428095e-02
INFO:bingo.evolutionary_optimizers.parallel_archipelago:Evolution time 0:01:00.912899	 age 810	 fitness 7.086e-03
Level 25:bingo.evolutionary_optimizers.evolutionary_optimizer:Generation: 510 	 Elapsed time: 0:35:29.779176 	 Best training fitness: 7.085678e-03 	 
Level 25:bingo.evolutionary_optimizers.evolutionary_optimizer:510, 2.129779e+03, 6096893, 7.085678e-03, 7.085678e-03, 7.342598e-03, 7.352593e-03, 8.324590e-03, 9.578460e-03, 9.624845e-03, 1.041890e-02, 1.044614e-02, 1.067583e-02, 1.083182e-02, 1.243111e-02, 1.401306e-02, 1.408365e-02, 1.959076e-02, 1.974478e-02, 2.415061e-02, 2.418656e-02, 2.428095e-02
INFO:bingo.evolutionary_optimizers.parallel_archipelago:Evolution time 0:00:58.158852	 age 820	 fitness 7.102e-03
Level 25:bingo.evolutionary_optimizers.evolutionary_optimizer:Generation: 520 	 Elapsed time: 0:36:28.208095 	 Best training fitness: 7.101968e-03 	 
Level 25:bingo.evolutionary_optimizers.evolutionary_optimizer:520, 2.188208e+03, 6259062, 7.101968e-03, 7.085678e-03, 7.342598e-03, 7.342637e-03, 8.324590e-03, 9.458687e-03, 9.624845e-03, 1.041890e-02, 1.044614e-02, 1.067583e-02, 1.083182e-02, 1.243111e-02, 1.399247e-02, 1.959076e-02, 1.974478e-02, 2.415061e-02, 2.418656e-02, 2.422721e-02
INFO:bingo.evolutionary_optimizers.parallel_archipelago:Evolution time 0:00:41.711231	 age 840	 fitness 7.086e-03
Level 25:bingo.evolutionary_optimizers.evolutionary_optimizer:Generation: 530 	 Elapsed time: 0:37:10.185025 	 Best training fitness: 7.085777e-03 	 
Level 25:bingo.evolutionary_optimizers.evolutionary_optimizer:530, 2.230185e+03, 6399881, 7.085777e-03, 7.085678e-03, 7.342598e-03, 7.342637e-03, 8.324590e-03, 9.458687e-03, 9.624845e-03, 1.041890e-02, 1.044614e-02, 1.067583e-02, 1.083182e-02, 1.243111e-02, 1.395780e-02, 1.399247e-02, 1.959076e-02, 1.974478e-02, 2.415061e-02, 2.418656e-02, 2.422721e-02
INFO:bingo.evolutionary_optimizers.parallel_archipelago:Evolution time 0:00:58.359460	 age 860	 fitness 7.085e-03
Level 25:bingo.evolutionary_optimizers.evolutionary_optimizer:Generation: 540 	 Elapsed time: 0:38:08.811066 	 Best training fitness: 7.084584e-03 	 
Level 25:bingo.evolutionary_optimizers.evolutionary_optimizer:540, 2.288811e+03, 6570736, 7.084584e-03, 7.084584e-03, 7.341084e-03, 8.324590e-03, 9.458687e-03, 9.624845e-03, 1.041890e-02, 1.044614e-02, 1.067583e-02, 1.083182e-02, 1.243111e-02, 1.394578e-02, 1.959076e-02, 1.974478e-02, 2.415061e-02, 2.418656e-02, 2.422721e-02
INFO:bingo.evolutionary_optimizers.parallel_archipelago:Evolution time 0:01:16.348910	 age 880	 fitness 3.571e-04
Level 25:bingo.evolutionary_optimizers.evolutionary_optimizer:Generation: 550 	 Elapsed time: 0:39:25.451960 	 Best training fitness: 3.570796e-04 	 
Level 25:bingo.evolutionary_optimizers.evolutionary_optimizer:550, 2.365452e+03, 6762315, 3.570796e-04, 3.570796e-04, 2.174279e-03, 1.390598e-02, 1.959076e-02, 1.974478e-02, 2.415061e-02, 2.418656e-02, 2.422721e-02
INFO:bingo.evolutionary_optimizers.parallel_archipelago:Evolution time 0:00:43.118664	 age 900	 fitness 0.000e+00
Level 25:bingo.evolutionary_optimizers.evolutionary_optimizer:Generation: 560 	 Elapsed time: 0:40:08.811102 	 Best training fitness: 0.000000e+00 	 
Level 25:bingo.evolutionary_optimizers.evolutionary_optimizer:560, 2.408811e+03, 6922732, 0.000000e+00, 0.000000e+00, 2.415061e-02, 2.418656e-02, 2.422721e-02
Level 25:bingo.evolutionary_optimizers.evolutionary_optimizer:Evolution successfully converged.
Level 25:bingo.evolutionary_optimizers.evolutionary_optimizer:  Absolte convergence occurred with best fitness < 1e-10
Level 25:bingo.evolutionary_optimizers.evolutionary_optimizer:Hall of Fame:
0.0	7	sin(log((X_1)(X_1) + (X_0)(X_0)))
0.024150605797799145	6	sin((log(0.071163))(log(0.071163)) + log(0.071163))
0.024186563274213195	2	sin(-1.175901)
0.024227211644197996	1	-0.931029
