Level 25:bingo.evolutionary_optimizers.evolutionary_optimizer:#generational_age, elapsed_time, fitness_evaluation_count, current_training_fitness, hall_of_fame_fitnesses
Level 25:bingo.evolutionary_optimizers.evolutionary_optimizer:#generational_age, elapsed_time, fitness_evaluation_count, current_training_fitness, hall_of_fame_fitnesses
Level 25:bingo.evolutionary_optimizers.evolutionary_optimizer:Generation: 0 	 Elapsed time: 0:00:03.969754 	 Best training fitness: 2.441234e-02 	 
Level 25:bingo.evolutionary_optimizers.evolutionary_optimizer:0, 3.969754e+00, 11998, 2.441234e-02
INFO:bingo.evolutionary_optimizers.parallel_archipelago:Evolution time 0:00:48.621414	 age 30	 fitness 2.427e-02
Level 25:bingo.evolutionary_optimizers.evolutionary_optimizer:Generation: 10 	 Elapsed time: 0:00:52.887126 	 Best training fitness: 2.426762e-02 	 
Level 25:bingo.evolutionary_optimizers.evolutionary_optimizer:10, 5.288713e+01, 154256, 2.426762e-02, 2.426762e-02, 2.433057e-02, 2.437795e-02, 2.456554e-02, 2.458334e-02, 2.475170e-02, 2.572377e-02
INFO:bingo.evolutionary_optimizers.parallel_archipelago:Evolution time 0:01:01.819643	 age 50	 fitness 2.412e-02
Level 25:bingo.evolutionary_optimizers.evolutionary_optimizer:Generation: 20 	 Elapsed time: 0:01:55.030259 	 Best training fitness: 2.412435e-02 	 
Level 25:bingo.evolutionary_optimizers.evolutionary_optimizer:20, 1.150303e+02, 276823, 2.412435e-02, 2.412435e-02, 2.415155e-02, 2.469934e-02, 2.535294e-02
INFO:bingo.evolutionary_optimizers.parallel_archipelago:Evolution time 0:00:39.787897	 age 70	 fitness 2.421e-02
Level 25:bingo.evolutionary_optimizers.evolutionary_optimizer:Generation: 30 	 Elapsed time: 0:02:35.176757 	 Best training fitness: 2.420654e-02 	 
Level 25:bingo.evolutionary_optimizers.evolutionary_optimizer:30, 1.551768e+02, 383353, 2.420654e-02, 2.412435e-02, 2.415155e-02, 2.469934e-02, 2.520613e-02
INFO:bingo.evolutionary_optimizers.parallel_archipelago:Evolution time 0:00:46.093613	 age 80	 fitness 2.431e-02
Level 25:bingo.evolutionary_optimizers.evolutionary_optimizer:Generation: 40 	 Elapsed time: 0:03:21.585336 	 Best training fitness: 2.431058e-02 	 
Level 25:bingo.evolutionary_optimizers.evolutionary_optimizer:40, 2.015853e+02, 465401, 2.431058e-02, 2.412435e-02, 2.415155e-02, 2.469934e-02, 2.520613e-02
INFO:bingo.evolutionary_optimizers.parallel_archipelago:Evolution time 0:00:30.301250	 age 100	 fitness 2.369e-02
Level 25:bingo.evolutionary_optimizers.evolutionary_optimizer:Generation: 50 	 Elapsed time: 0:03:52.200514 	 Best training fitness: 2.368796e-02 	 
Level 25:bingo.evolutionary_optimizers.evolutionary_optimizer:50, 2.322005e+02, 534215, 2.368796e-02, 2.368796e-02, 2.412435e-02, 2.415155e-02, 2.433625e-02, 2.472413e-02
INFO:bingo.evolutionary_optimizers.parallel_archipelago:Evolution time 0:00:38.748622	 age 130	 fitness 2.225e-02
Level 25:bingo.evolutionary_optimizers.evolutionary_optimizer:Generation: 60 	 Elapsed time: 0:04:31.266266 	 Best training fitness: 2.224974e-02 	 
Level 25:bingo.evolutionary_optimizers.evolutionary_optimizer:60, 2.712663e+02, 614971, 2.224974e-02, 2.224974e-02, 2.322461e-02, 2.415155e-02, 2.433625e-02, 2.450664e-02
INFO:bingo.evolutionary_optimizers.parallel_archipelago:Evolution time 0:00:30.822484	 age 150	 fitness 2.168e-02
Level 25:bingo.evolutionary_optimizers.evolutionary_optimizer:Generation: 70 	 Elapsed time: 0:05:02.404907 	 Best training fitness: 2.168327e-02 	 
Level 25:bingo.evolutionary_optimizers.evolutionary_optimizer:70, 3.024049e+02, 696880, 2.168327e-02, 2.168327e-02, 2.415155e-02, 2.433625e-02, 2.449377e-02
INFO:bingo.evolutionary_optimizers.parallel_archipelago:Evolution time 0:00:50.925858	 age 160	 fitness 1.831e-02
Level 25:bingo.evolutionary_optimizers.evolutionary_optimizer:Generation: 80 	 Elapsed time: 0:05:53.651808 	 Best training fitness: 1.830565e-02 	 
Level 25:bingo.evolutionary_optimizers.evolutionary_optimizer:80, 3.536518e+02, 793849, 1.830565e-02, 1.830565e-02, 2.168327e-02, 2.415155e-02, 2.433625e-02, 2.444662e-02
INFO:bingo.evolutionary_optimizers.parallel_archipelago:Evolution time 0:00:31.212627	 age 170	 fitness 1.041e-02
Level 25:bingo.evolutionary_optimizers.evolutionary_optimizer:Generation: 90 	 Elapsed time: 0:06:25.203055 	 Best training fitness: 1.040834e-02 	 
Level 25:bingo.evolutionary_optimizers.evolutionary_optimizer:90, 3.852031e+02, 866195, 1.040834e-02, 1.040834e-02, 2.412960e-02, 2.415155e-02, 2.433625e-02, 2.444662e-02
INFO:bingo.evolutionary_optimizers.parallel_archipelago:Evolution time 0:00:35.278264	 age 190	 fitness 4.281e-04
Level 25:bingo.evolutionary_optimizers.evolutionary_optimizer:Generation: 100 	 Elapsed time: 0:07:00.845611 	 Best training fitness: 4.281259e-04 	 
Level 25:bingo.evolutionary_optimizers.evolutionary_optimizer:100, 4.208456e+02, 958230, 4.281259e-04, 4.281259e-04, 4.282493e-04, 2.412960e-02, 2.415155e-02, 2.433625e-02, 2.444662e-02
INFO:bingo.evolutionary_optimizers.parallel_archipelago:Evolution time 0:00:34.868922	 age 210	 fitness 2.279e-04
Level 25:bingo.evolutionary_optimizers.evolutionary_optimizer:Generation: 110 	 Elapsed time: 0:07:36.041703 	 Best training fitness: 2.278933e-04 	 
Level 25:bingo.evolutionary_optimizers.evolutionary_optimizer:110, 4.560417e+02, 1048731, 2.278933e-04, 2.278933e-04, 2.412960e-02, 2.415155e-02, 2.433625e-02, 2.444662e-02
INFO:bingo.evolutionary_optimizers.parallel_archipelago:Evolution time 0:00:55.483335	 age 230	 fitness 0.000e+00
Level 25:bingo.evolutionary_optimizers.evolutionary_optimizer:Generation: 120 	 Elapsed time: 0:08:31.847093 	 Best training fitness: 0.000000e+00 	 
Level 25:bingo.evolutionary_optimizers.evolutionary_optimizer:120, 5.118471e+02, 1178728, 0.000000e+00, 0.000000e+00, 2.415155e-02, 2.428183e-02
Level 25:bingo.evolutionary_optimizers.evolutionary_optimizer:Evolution successfully converged.
Level 25:bingo.evolutionary_optimizers.evolutionary_optimizer:  Absolte convergence occurred with best fitness < 1e-10
Level 25:bingo.evolutionary_optimizers.evolutionary_optimizer:Hall of Fame:
0.0	8	sin(log((X_0)(X_0) + (X_1)(X_1)))
0.024151547462018187	3	sin(-0.964912 + -0.964912)
0.024281829737445457	1	-0.909006
