Level 25:bingo.evolutionary_optimizers.evolutionary_optimizer:#generational_age, elapsed_time, fitness_evaluation_count, current_training_fitness, hall_of_fame_fitnesses
Level 25:bingo.evolutionary_optimizers.evolutionary_optimizer:#generational_age, elapsed_time, fitness_evaluation_count, current_training_fitness, hall_of_fame_fitnesses
Level 25:bingo.evolutionary_optimizers.evolutionary_optimizer:Generation: 0 	 Elapsed time: 0:00:05.125655 	 Best training fitness: 2.163822e-01 	 
Level 25:bingo.evolutionary_optimizers.evolutionary_optimizer:0, 5.125655e+00, 15690, 2.163822e-01
INFO:bingo.evolutionary_optimizers.parallel_archipelago:Evolution time 0:00:46.483578	 age 40	 fitness 2.144e-01
Level 25:bingo.evolutionary_optimizers.evolutionary_optimizer:Generation: 10 	 Elapsed time: 0:00:51.906261 	 Best training fitness: 2.144164e-01 	 
Level 25:bingo.evolutionary_optimizers.evolutionary_optimizer:10, 5.190626e+01, 139072, 2.144164e-01, 2.144164e-01, 2.164235e-01, 2.164683e-01, 2.165475e-01, 2.166124e-01
INFO:bingo.evolutionary_optimizers.parallel_archipelago:Evolution time 0:00:43.962206	 age 50	 fitness 2.144e-01
Level 25:bingo.evolutionary_optimizers.evolutionary_optimizer:Generation: 20 	 Elapsed time: 0:01:36.187741 	 Best training fitness: 2.143947e-01 	 
Level 25:bingo.evolutionary_optimizers.evolutionary_optimizer:20, 9.618774e+01, 234423, 2.143947e-01, 2.143947e-01, 2.163316e-01
INFO:bingo.evolutionary_optimizers.parallel_archipelago:Evolution time 0:00:19.845509	 age 60	 fitness 2.144e-01
Level 25:bingo.evolutionary_optimizers.evolutionary_optimizer:Generation: 30 	 Elapsed time: 0:01:56.388937 	 Best training fitness: 2.143735e-01 	 
Level 25:bingo.evolutionary_optimizers.evolutionary_optimizer:30, 1.163889e+02, 296599, 2.143735e-01, 2.143735e-01, 2.163316e-01
INFO:bingo.evolutionary_optimizers.parallel_archipelago:Evolution time 0:00:24.313936	 age 70	 fitness 2.026e-01
Level 25:bingo.evolutionary_optimizers.evolutionary_optimizer:Generation: 40 	 Elapsed time: 0:02:21.009407 	 Best training fitness: 2.025631e-01 	 
Level 25:bingo.evolutionary_optimizers.evolutionary_optimizer:40, 1.410094e+02, 372290, 2.025631e-01, 2.025631e-01, 2.143709e-01, 2.162979e-01, 2.163025e-01
INFO:bingo.evolutionary_optimizers.parallel_archipelago:Evolution time 0:00:28.991103	 age 80	 fitness 2.026e-01
Level 25:bingo.evolutionary_optimizers.evolutionary_optimizer:Generation: 50 	 Elapsed time: 0:02:50.322206 	 Best training fitness: 2.026367e-01 	 
Level 25:bingo.evolutionary_optimizers.evolutionary_optimizer:50, 1.703222e+02, 458080, 2.026367e-01, 2.025631e-01, 2.141399e-01, 2.162979e-01, 2.163004e-01, 2.163025e-01
INFO:bingo.evolutionary_optimizers.parallel_archipelago:Evolution time 0:00:34.599202	 age 100	 fitness 1.981e-01
Level 25:bingo.evolutionary_optimizers.evolutionary_optimizer:Generation: 60 	 Elapsed time: 0:03:25.239968 	 Best training fitness: 1.980919e-01 	 
Level 25:bingo.evolutionary_optimizers.evolutionary_optimizer:60, 2.052400e+02, 545894, 1.980919e-01, 1.980919e-01, 2.141399e-01, 2.162979e-01, 2.163004e-01, 2.163025e-01
INFO:bingo.evolutionary_optimizers.parallel_archipelago:Evolution time 0:00:55.596868	 age 130	 fitness 1.897e-01
Level 25:bingo.evolutionary_optimizers.evolutionary_optimizer:Generation: 70 	 Elapsed time: 0:04:21.159722 	 Best training fitness: 1.896881e-01 	 
Level 25:bingo.evolutionary_optimizers.evolutionary_optimizer:70, 2.611597e+02, 638133, 1.896881e-01, 1.896881e-01, 1.980328e-01, 2.141399e-01, 2.162979e-01, 2.162991e-01, 2.163025e-01
INFO:bingo.evolutionary_optimizers.parallel_archipelago:Evolution time 0:00:46.580151	 age 160	 fitness 1.593e-01
Level 25:bingo.evolutionary_optimizers.evolutionary_optimizer:Generation: 80 	 Elapsed time: 0:05:08.067260 	 Best training fitness: 1.592811e-01 	 
Level 25:bingo.evolutionary_optimizers.evolutionary_optimizer:80, 3.080673e+02, 746949, 1.592811e-01, 1.592811e-01, 1.979972e-01, 2.141399e-01, 2.162938e-01, 2.163025e-01
INFO:bingo.evolutionary_optimizers.parallel_archipelago:Evolution time 0:00:37.688553	 age 180	 fitness 1.593e-01
Level 25:bingo.evolutionary_optimizers.evolutionary_optimizer:Generation: 90 	 Elapsed time: 0:05:46.021251 	 Best training fitness: 1.592526e-01 	 
Level 25:bingo.evolutionary_optimizers.evolutionary_optimizer:90, 3.460213e+02, 834277, 1.592526e-01, 1.592526e-01, 1.979972e-01, 2.141399e-01, 2.162938e-01, 2.163025e-01
INFO:bingo.evolutionary_optimizers.parallel_archipelago:Evolution time 0:00:21.849690	 age 190	 fitness 1.593e-01
Level 25:bingo.evolutionary_optimizers.evolutionary_optimizer:Generation: 100 	 Elapsed time: 0:06:08.161979 	 Best training fitness: 1.592543e-01 	 
Level 25:bingo.evolutionary_optimizers.evolutionary_optimizer:100, 3.681620e+02, 912851, 1.592543e-01, 1.592526e-01, 1.979972e-01, 2.141399e-01, 2.162913e-01, 2.163025e-01
INFO:bingo.evolutionary_optimizers.parallel_archipelago:Evolution time 0:00:18.987998	 age 200	 fitness 1.593e-01
Level 25:bingo.evolutionary_optimizers.evolutionary_optimizer:Generation: 110 	 Elapsed time: 0:06:27.416095 	 Best training fitness: 1.592541e-01 	 
Level 25:bingo.evolutionary_optimizers.evolutionary_optimizer:110, 3.874161e+02, 981610, 1.592541e-01, 1.592526e-01, 1.972193e-01, 2.141399e-01, 2.162913e-01, 2.163025e-01
INFO:bingo.evolutionary_optimizers.parallel_archipelago:Evolution time 0:00:34.605621	 age 220	 fitness 1.365e-01
Level 25:bingo.evolutionary_optimizers.evolutionary_optimizer:Generation: 120 	 Elapsed time: 0:07:02.336735 	 Best training fitness: 1.365137e-01 	 
Level 25:bingo.evolutionary_optimizers.evolutionary_optimizer:120, 4.223367e+02, 1069687, 1.365137e-01, 1.365137e-01, 1.972193e-01, 2.141399e-01, 2.162913e-01, 2.163025e-01
INFO:bingo.evolutionary_optimizers.parallel_archipelago:Evolution time 0:00:28.982439	 age 240	 fitness 1.365e-01
Level 25:bingo.evolutionary_optimizers.evolutionary_optimizer:Generation: 130 	 Elapsed time: 0:07:31.574608 	 Best training fitness: 1.365036e-01 	 
Level 25:bingo.evolutionary_optimizers.evolutionary_optimizer:130, 4.515746e+02, 1138270, 1.365036e-01, 1.365036e-01, 1.972193e-01, 2.141399e-01, 2.162913e-01, 2.162995e-01, 2.163025e-01
INFO:bingo.evolutionary_optimizers.parallel_archipelago:Evolution time 0:00:25.704146	 age 260	 fitness 1.354e-01
Level 25:bingo.evolutionary_optimizers.evolutionary_optimizer:Generation: 140 	 Elapsed time: 0:07:57.544162 	 Best training fitness: 1.353930e-01 	 
Level 25:bingo.evolutionary_optimizers.evolutionary_optimizer:140, 4.775442e+02, 1211971, 1.353930e-01, 1.353930e-01, 1.364955e-01, 1.972193e-01, 2.141399e-01, 2.162913e-01, 2.162995e-01, 2.163025e-01
INFO:bingo.evolutionary_optimizers.parallel_archipelago:Evolution time 0:00:29.427728	 age 270	 fitness 1.317e-01
Level 25:bingo.evolutionary_optimizers.evolutionary_optimizer:Generation: 150 	 Elapsed time: 0:08:27.224764 	 Best training fitness: 1.316525e-01 	 
Level 25:bingo.evolutionary_optimizers.evolutionary_optimizer:150, 5.072248e+02, 1293340, 1.316525e-01, 1.316525e-01, 1.353930e-01, 1.364955e-01, 1.735688e-01, 2.141399e-01, 2.162913e-01, 2.162980e-01, 2.163025e-01
INFO:bingo.evolutionary_optimizers.parallel_archipelago:Evolution time 0:00:35.384893	 age 280	 fitness 1.227e-01
Level 25:bingo.evolutionary_optimizers.evolutionary_optimizer:Generation: 160 	 Elapsed time: 0:09:02.865319 	 Best training fitness: 1.226932e-01 	 
Level 25:bingo.evolutionary_optimizers.evolutionary_optimizer:160, 5.428653e+02, 1362256, 1.226932e-01, 1.226932e-01, 1.238828e-01, 1.735688e-01, 2.141399e-01, 2.162913e-01, 2.162980e-01, 2.163025e-01
INFO:bingo.evolutionary_optimizers.parallel_archipelago:Evolution time 0:00:20.155640	 age 290	 fitness 1.227e-01
Level 25:bingo.evolutionary_optimizers.evolutionary_optimizer:Generation: 170 	 Elapsed time: 0:09:23.308335 	 Best training fitness: 1.226901e-01 	 
Level 25:bingo.evolutionary_optimizers.evolutionary_optimizer:170, 5.633083e+02, 1436653, 1.226901e-01, 1.226901e-01, 1.238632e-01, 1.735688e-01, 2.141399e-01, 2.162913e-01, 2.162980e-01, 2.163025e-01
INFO:bingo.evolutionary_optimizers.parallel_archipelago:Evolution time 0:00:23.008900	 age 300	 fitness 1.057e-01
Level 25:bingo.evolutionary_optimizers.evolutionary_optimizer:Generation: 180 	 Elapsed time: 0:09:46.561665 	 Best training fitness: 1.057389e-01 	 
Level 25:bingo.evolutionary_optimizers.evolutionary_optimizer:180, 5.865617e+02, 1525184, 1.057389e-01, 1.057389e-01, 1.196592e-01, 1.735688e-01, 2.141399e-01, 2.162913e-01, 2.162980e-01, 2.163025e-01
INFO:bingo.evolutionary_optimizers.parallel_archipelago:Evolution time 0:00:32.099358	 age 320	 fitness 7.979e-02
Level 25:bingo.evolutionary_optimizers.evolutionary_optimizer:Generation: 190 	 Elapsed time: 0:10:18.902631 	 Best training fitness: 7.978567e-02 	 
Level 25:bingo.evolutionary_optimizers.evolutionary_optimizer:190, 6.189026e+02, 1608270, 7.978567e-02, 7.978567e-02, 9.506616e-02, 1.057361e-01, 1.057430e-01, 1.196442e-01, 1.735688e-01, 2.141399e-01, 2.162913e-01, 2.162980e-01, 2.163025e-01
INFO:bingo.evolutionary_optimizers.parallel_archipelago:Evolution time 0:00:39.301566	 age 330	 fitness 7.978e-02
Level 25:bingo.evolutionary_optimizers.evolutionary_optimizer:Generation: 200 	 Elapsed time: 0:10:58.449503 	 Best training fitness: 7.977913e-02 	 
Level 25:bingo.evolutionary_optimizers.evolutionary_optimizer:200, 6.584495e+02, 1703628, 7.977913e-02, 7.977913e-02, 9.506616e-02, 1.057241e-01, 1.057430e-01, 1.079333e-01, 1.196424e-01, 1.735688e-01, 2.141399e-01, 2.162913e-01, 2.162980e-01, 2.163025e-01
INFO:bingo.evolutionary_optimizers.parallel_archipelago:Evolution time 0:00:22.330952	 age 340	 fitness 7.977e-02
Level 25:bingo.evolutionary_optimizers.evolutionary_optimizer:Generation: 210 	 Elapsed time: 0:11:21.030809 	 Best training fitness: 7.976921e-02 	 
Level 25:bingo.evolutionary_optimizers.evolutionary_optimizer:210, 6.810308e+02, 1787365, 7.976921e-02, 7.976921e-02, 9.506616e-02, 1.037816e-01, 1.057430e-01, 1.079333e-01, 1.196403e-01, 1.735688e-01, 2.141399e-01, 2.162913e-01, 2.162980e-01, 2.163025e-01
INFO:bingo.evolutionary_optimizers.parallel_archipelago:Evolution time 0:00:20.583375	 age 350	 fitness 7.977e-02
Level 25:bingo.evolutionary_optimizers.evolutionary_optimizer:Generation: 220 	 Elapsed time: 0:11:41.860676 	 Best training fitness: 7.976921e-02 	 
Level 25:bingo.evolutionary_optimizers.evolutionary_optimizer:220, 7.018607e+02, 1864717, 7.976921e-02, 7.976921e-02, 9.506616e-02, 1.037816e-01, 1.057430e-01, 1.079333e-01, 1.196339e-01, 1.735688e-01, 2.141399e-01, 2.162913e-01, 2.162980e-01, 2.163025e-01
INFO:bingo.evolutionary_optimizers.parallel_archipelago:Evolution time 0:00:50.893129	 age 360	 fitness 7.977e-02
Level 25:bingo.evolutionary_optimizers.evolutionary_optimizer:Generation: 230 	 Elapsed time: 0:12:33.050081 	 Best training fitness: 7.976836e-02 	 
Level 25:bingo.evolutionary_optimizers.evolutionary_optimizer:230, 7.530501e+02, 1993855, 7.976836e-02, 7.976836e-02, 9.506616e-02, 1.036163e-01, 1.196312e-01, 1.735688e-01, 2.141399e-01, 2.162913e-01, 2.162980e-01, 2.163025e-01
INFO:bingo.evolutionary_optimizers.parallel_archipelago:Evolution time 0:00:26.397608	 age 370	 fitness 7.977e-02
Level 25:bingo.evolutionary_optimizers.evolutionary_optimizer:Generation: 240 	 Elapsed time: 0:12:59.694176 	 Best training fitness: 7.976791e-02 	 
Level 25:bingo.evolutionary_optimizers.evolutionary_optimizer:240, 7.796942e+02, 2089774, 7.976791e-02, 7.976791e-02, 9.506616e-02, 9.617626e-02, 1.035806e-01, 1.196272e-01, 1.735688e-01, 2.141399e-01, 2.162913e-01, 2.162980e-01, 2.163025e-01
INFO:bingo.evolutionary_optimizers.parallel_archipelago:Evolution time 0:00:23.040618	 age 380	 fitness 7.977e-02
Level 25:bingo.evolutionary_optimizers.evolutionary_optimizer:Generation: 250 	 Elapsed time: 0:13:22.983617 	 Best training fitness: 7.976796e-02 	 
Level 25:bingo.evolutionary_optimizers.evolutionary_optimizer:250, 8.029836e+02, 2186587, 7.976796e-02, 7.976791e-02, 9.506616e-02, 9.616950e-02, 1.016546e-01, 1.196211e-01, 1.735688e-01, 2.141399e-01, 2.162913e-01, 2.162980e-01, 2.163025e-01
INFO:bingo.evolutionary_optimizers.parallel_archipelago:Evolution time 0:00:32.043689	 age 400	 fitness 7.977e-02
Level 25:bingo.evolutionary_optimizers.evolutionary_optimizer:Generation: 260 	 Elapsed time: 0:13:55.273120 	 Best training fitness: 7.976911e-02 	 
Level 25:bingo.evolutionary_optimizers.evolutionary_optimizer:260, 8.352731e+02, 2279057, 7.976911e-02, 7.976791e-02, 9.506616e-02, 9.616950e-02, 1.016438e-01, 1.038337e-01, 1.735688e-01, 2.141399e-01, 2.162913e-01, 2.162980e-01, 2.163025e-01
INFO:bingo.evolutionary_optimizers.parallel_archipelago:Evolution time 0:00:43.175270	 age 410	 fitness 7.920e-02
Level 25:bingo.evolutionary_optimizers.evolutionary_optimizer:Generation: 270 	 Elapsed time: 0:14:38.695811 	 Best training fitness: 7.919764e-02 	 
Level 25:bingo.evolutionary_optimizers.evolutionary_optimizer:270, 8.786958e+02, 2393871, 7.919764e-02, 7.919764e-02, 9.506616e-02, 9.616950e-02, 1.016153e-01, 1.038337e-01, 1.735688e-01, 2.141399e-01, 2.162913e-01, 2.162980e-01, 2.163025e-01
INFO:bingo.evolutionary_optimizers.parallel_archipelago:Evolution time 0:00:37.382390	 age 430	 fitness 7.915e-02
Level 25:bingo.evolutionary_optimizers.evolutionary_optimizer:Generation: 280 	 Elapsed time: 0:15:16.318955 	 Best training fitness: 7.914884e-02 	 
Level 25:bingo.evolutionary_optimizers.evolutionary_optimizer:280, 9.163190e+02, 2486329, 7.914884e-02, 7.914884e-02, 9.506616e-02, 9.616950e-02, 1.003181e-01, 1.038337e-01, 1.735688e-01, 2.141399e-01, 2.162913e-01, 2.162980e-01, 2.163025e-01
INFO:bingo.evolutionary_optimizers.parallel_archipelago:Evolution time 0:00:51.775836	 age 440	 fitness 7.915e-02
Level 25:bingo.evolutionary_optimizers.evolutionary_optimizer:Generation: 290 	 Elapsed time: 0:16:08.332718 	 Best training fitness: 7.915095e-02 	 
Level 25:bingo.evolutionary_optimizers.evolutionary_optimizer:290, 9.683327e+02, 2606687, 7.915095e-02, 7.914884e-02, 8.801163e-02, 9.506616e-02, 9.616950e-02, 1.002975e-01, 1.038337e-01, 1.735688e-01, 2.141399e-01, 2.162913e-01, 2.162980e-01, 2.163025e-01
INFO:bingo.evolutionary_optimizers.parallel_archipelago:Evolution time 0:00:37.708927	 age 460	 fitness 7.916e-02
Level 25:bingo.evolutionary_optimizers.evolutionary_optimizer:Generation: 300 	 Elapsed time: 0:16:46.311448 	 Best training fitness: 7.915654e-02 	 
Level 25:bingo.evolutionary_optimizers.evolutionary_optimizer:300, 1.006311e+03, 2723926, 7.915654e-02, 7.914884e-02, 8.801163e-02, 9.506616e-02, 9.616950e-02, 1.002948e-01, 1.038337e-01, 1.735688e-01, 2.141399e-01, 2.162913e-01, 2.162980e-01, 2.163025e-01
INFO:bingo.evolutionary_optimizers.parallel_archipelago:Evolution time 0:00:22.584434	 age 470	 fitness 7.915e-02
Level 25:bingo.evolutionary_optimizers.evolutionary_optimizer:Generation: 310 	 Elapsed time: 0:17:09.135885 	 Best training fitness: 7.915404e-02 	 
Level 25:bingo.evolutionary_optimizers.evolutionary_optimizer:310, 1.029136e+03, 2809222, 7.915404e-02, 7.914884e-02, 8.801163e-02, 9.506616e-02, 9.616950e-02, 1.002948e-01, 1.038337e-01, 1.735688e-01, 2.141399e-01, 2.162913e-01, 2.162980e-01, 2.163025e-01
INFO:bingo.evolutionary_optimizers.parallel_archipelago:Evolution time 0:00:44.696551	 age 490	 fitness 7.915e-02
Level 25:bingo.evolutionary_optimizers.evolutionary_optimizer:Generation: 320 	 Elapsed time: 0:17:54.072899 	 Best training fitness: 7.915404e-02 	 
Level 25:bingo.evolutionary_optimizers.evolutionary_optimizer:320, 1.074073e+03, 2932649, 7.915404e-02, 7.914884e-02, 8.801163e-02, 8.847763e-02, 8.887144e-02, 1.038337e-01, 1.735688e-01, 2.141399e-01, 2.162913e-01, 2.162980e-01, 2.163025e-01
INFO:bingo.evolutionary_optimizers.parallel_archipelago:Evolution time 0:00:41.859944	 age 510	 fitness 7.915e-02
Level 25:bingo.evolutionary_optimizers.evolutionary_optimizer:Generation: 330 	 Elapsed time: 0:18:36.171613 	 Best training fitness: 7.915147e-02 	 
Level 25:bingo.evolutionary_optimizers.evolutionary_optimizer:330, 1.116172e+03, 3059275, 7.915147e-02, 7.914884e-02, 8.801163e-02, 8.847763e-02, 8.885714e-02, 1.038337e-01, 1.735688e-01, 2.141399e-01, 2.162913e-01, 2.162980e-01, 2.163025e-01
INFO:bingo.evolutionary_optimizers.parallel_archipelago:Evolution time 0:00:21.659391	 age 520	 fitness 7.915e-02
Level 25:bingo.evolutionary_optimizers.evolutionary_optimizer:Generation: 340 	 Elapsed time: 0:18:58.069583 	 Best training fitness: 7.915401e-02 	 
Level 25:bingo.evolutionary_optimizers.evolutionary_optimizer:340, 1.138070e+03, 3131056, 7.915401e-02, 7.914884e-02, 8.695116e-02, 8.847206e-02, 8.885714e-02, 1.038337e-01, 1.735688e-01, 2.141399e-01, 2.162913e-01, 2.162980e-01, 2.163025e-01
INFO:bingo.evolutionary_optimizers.parallel_archipelago:Evolution time 0:00:22.382523	 age 530	 fitness 7.915e-02
Level 25:bingo.evolutionary_optimizers.evolutionary_optimizer:Generation: 350 	 Elapsed time: 0:19:20.691299 	 Best training fitness: 7.915483e-02 	 
Level 25:bingo.evolutionary_optimizers.evolutionary_optimizer:350, 1.160691e+03, 3206076, 7.915483e-02, 7.914884e-02, 8.693913e-02, 8.751282e-02, 1.038337e-01, 1.735688e-01, 2.141399e-01, 2.162913e-01, 2.162980e-01, 2.163025e-01
INFO:bingo.evolutionary_optimizers.parallel_archipelago:Evolution time 0:00:43.160038	 age 540	 fitness 7.916e-02
Level 25:bingo.evolutionary_optimizers.evolutionary_optimizer:Generation: 360 	 Elapsed time: 0:20:04.090977 	 Best training fitness: 7.915632e-02 	 
Level 25:bingo.evolutionary_optimizers.evolutionary_optimizer:360, 1.204091e+03, 3298476, 7.915632e-02, 7.914884e-02, 8.693827e-02, 8.748361e-02, 1.038337e-01, 1.735688e-01, 2.141399e-01, 2.162913e-01, 2.162980e-01, 2.163025e-01
INFO:bingo.evolutionary_optimizers.parallel_archipelago:Evolution time 0:00:26.659491	 age 550	 fitness 6.833e-02
Level 25:bingo.evolutionary_optimizers.evolutionary_optimizer:Generation: 370 	 Elapsed time: 0:20:31.014521 	 Best training fitness: 6.833191e-02 	 
Level 25:bingo.evolutionary_optimizers.evolutionary_optimizer:370, 1.231015e+03, 3409344, 6.833191e-02, 6.833191e-02, 1.735688e-01, 2.141399e-01, 2.162913e-01, 2.162980e-01, 2.163025e-01
INFO:bingo.evolutionary_optimizers.parallel_archipelago:Evolution time 0:00:36.659571	 age 570	 fitness 6.833e-02
Level 25:bingo.evolutionary_optimizers.evolutionary_optimizer:Generation: 380 	 Elapsed time: 0:21:07.908448 	 Best training fitness: 6.833225e-02 	 
Level 25:bingo.evolutionary_optimizers.evolutionary_optimizer:380, 1.267908e+03, 3497582, 6.833225e-02, 6.833191e-02, 1.735688e-01, 1.754507e-01, 2.141399e-01, 2.162913e-01, 2.162980e-01, 2.163025e-01
INFO:bingo.evolutionary_optimizers.parallel_archipelago:Evolution time 0:00:44.398224	 age 600	 fitness 0.000e+00
Level 25:bingo.evolutionary_optimizers.evolutionary_optimizer:Generation: 390 	 Elapsed time: 0:21:52.540342 	 Best training fitness: 0.000000e+00 	 
Level 25:bingo.evolutionary_optimizers.evolutionary_optimizer:390, 1.312540e+03, 3589218, 0.000000e+00, 0.000000e+00, 2.162913e-01, 2.162980e-01, 2.163025e-01
Level 25:bingo.evolutionary_optimizers.evolutionary_optimizer:Evolution successfully converged.
Level 25:bingo.evolutionary_optimizers.evolutionary_optimizer:  Absolte convergence occurred with best fitness < 1e-10
Level 25:bingo.evolutionary_optimizers.evolutionary_optimizer:Hall of Fame:
0.0	7	sin(log((X_1)(X_1) + (X_0)(X_0)))
0.2162912823576751	3	(-1.339662)(0.696811)
0.2162980325563597	2	sin(-1.205156)
0.21630252035827782	1	-0.933059
