Level 25:bingo.evolutionary_optimizers.evolutionary_optimizer:#generational_age, elapsed_time, fitness_evaluation_count, current_training_fitness, hall_of_fame_fitnesses
Level 25:bingo.evolutionary_optimizers.evolutionary_optimizer:#generational_age, elapsed_time, fitness_evaluation_count, current_training_fitness, hall_of_fame_fitnesses
Level 25:bingo.evolutionary_optimizers.evolutionary_optimizer:Generation: 0 	 Elapsed time: 0:00:04.638083 	 Best training fitness: 1.206418e-01 	 
Level 25:bingo.evolutionary_optimizers.evolutionary_optimizer:0, 4.638083e+00, 14277, 1.206418e-01
INFO:bingo.evolutionary_optimizers.parallel_archipelago:Evolution time 0:00:54.045557	 age 30	 fitness 1.201e-01
Level 25:bingo.evolutionary_optimizers.evolutionary_optimizer:Generation: 10 	 Elapsed time: 0:00:58.959927 	 Best training fitness: 1.200777e-01 	 
Level 25:bingo.evolutionary_optimizers.evolutionary_optimizer:10, 5.895993e+01, 162228, 1.200777e-01, 1.200777e-01, 1.203271e-01, 1.209495e-01
INFO:bingo.evolutionary_optimizers.parallel_archipelago:Evolution time 0:00:35.393299	 age 50	 fitness 1.184e-01
Level 25:bingo.evolutionary_optimizers.evolutionary_optimizer:Generation: 20 	 Elapsed time: 0:01:34.648277 	 Best training fitness: 1.184243e-01 	 
Level 25:bingo.evolutionary_optimizers.evolutionary_optimizer:20, 9.464828e+01, 259761, 1.184243e-01, 1.184243e-01, 1.200467e-01, 1.202761e-01, 1.203271e-01, 1.204134e-01
INFO:bingo.evolutionary_optimizers.parallel_archipelago:Evolution time 0:00:31.416684	 age 60	 fitness 1.181e-01
Level 25:bingo.evolutionary_optimizers.evolutionary_optimizer:Generation: 30 	 Elapsed time: 0:02:06.406640 	 Best training fitness: 1.181363e-01 	 
Level 25:bingo.evolutionary_optimizers.evolutionary_optimizer:30, 1.264066e+02, 335886, 1.181363e-01, 1.181363e-01, 1.192798e-01, 1.200467e-01, 1.202303e-01, 1.203271e-01, 1.203471e-01
INFO:bingo.evolutionary_optimizers.parallel_archipelago:Evolution time 0:00:33.547409	 age 70	 fitness 1.180e-01
Level 25:bingo.evolutionary_optimizers.evolutionary_optimizer:Generation: 40 	 Elapsed time: 0:02:40.274208 	 Best training fitness: 1.179910e-01 	 
Level 25:bingo.evolutionary_optimizers.evolutionary_optimizer:40, 1.602742e+02, 416971, 1.179910e-01, 1.179910e-01, 1.192798e-01, 1.200467e-01, 1.202303e-01, 1.202898e-01
INFO:bingo.evolutionary_optimizers.parallel_archipelago:Evolution time 0:00:59.253595	 age 90	 fitness 0.000e+00
Level 25:bingo.evolutionary_optimizers.evolutionary_optimizer:Generation: 50 	 Elapsed time: 0:03:39.846659 	 Best training fitness: 0.000000e+00 	 
Level 25:bingo.evolutionary_optimizers.evolutionary_optimizer:50, 2.198467e+02, 529293, 0.000000e+00, 0.000000e+00, 1.202303e-01, 1.202898e-01
Level 25:bingo.evolutionary_optimizers.evolutionary_optimizer:Evolution successfully converged.
Level 25:bingo.evolutionary_optimizers.evolutionary_optimizer:  Absolte convergence occurred with best fitness < 1e-10
Level 25:bingo.evolutionary_optimizers.evolutionary_optimizer:Hall of Fame:
0.0	8	sin(log((X_0)(X_0) + (X_1)(X_1)))
0.12023028177978091	7	sin((1.147758)(log(log(log(1.147758 + 1.147758)))))
0.12028980131215183	1	-0.934820
