Level 25:bingo.evolutionary_optimizers.evolutionary_optimizer:#generational_age, elapsed_time, fitness_evaluation_count, current_training_fitness, hall_of_fame_fitnesses
Level 25:bingo.evolutionary_optimizers.evolutionary_optimizer:#generational_age, elapsed_time, fitness_evaluation_count, current_training_fitness, hall_of_fame_fitnesses
Level 25:bingo.evolutionary_optimizers.evolutionary_optimizer:Generation: 0 	 Elapsed time: 0:00:05.339213 	 Best training fitness: 1.684376e-01 	 
Level 25:bingo.evolutionary_optimizers.evolutionary_optimizer:0, 5.339213e+00, 14375, 1.684376e-01
INFO:bingo.evolutionary_optimizers.parallel_archipelago:Evolution time 0:00:38.752985	 age 30	 fitness 1.683e-01
Level 25:bingo.evolutionary_optimizers.evolutionary_optimizer:Generation: 10 	 Elapsed time: 0:00:44.382510 	 Best training fitness: 1.683155e-01 	 
Level 25:bingo.evolutionary_optimizers.evolutionary_optimizer:10, 4.438251e+01, 120108, 1.683155e-01, 1.683155e-01, 1.684433e-01
INFO:bingo.evolutionary_optimizers.parallel_archipelago:Evolution time 0:00:33.507520	 age 50	 fitness 1.683e-01
Level 25:bingo.evolutionary_optimizers.evolutionary_optimizer:Generation: 20 	 Elapsed time: 0:01:18.201102 	 Best training fitness: 1.682701e-01 	 
Level 25:bingo.evolutionary_optimizers.evolutionary_optimizer:20, 7.820110e+01, 227600, 1.682701e-01, 1.682701e-01
INFO:bingo.evolutionary_optimizers.parallel_archipelago:Evolution time 0:00:28.583346	 age 80	 fitness 1.683e-01
Level 25:bingo.evolutionary_optimizers.evolutionary_optimizer:Generation: 30 	 Elapsed time: 0:01:47.128548 	 Best training fitness: 1.682980e-01 	 
Level 25:bingo.evolutionary_optimizers.evolutionary_optimizer:30, 1.071285e+02, 317063, 1.682980e-01, 1.682701e-01
INFO:bingo.evolutionary_optimizers.parallel_archipelago:Evolution time 0:00:38.596271	 age 110	 fitness 1.683e-01
Level 25:bingo.evolutionary_optimizers.evolutionary_optimizer:Generation: 40 	 Elapsed time: 0:02:26.031260 	 Best training fitness: 1.682513e-01 	 
Level 25:bingo.evolutionary_optimizers.evolutionary_optimizer:40, 1.460313e+02, 445314, 1.682513e-01, 1.682513e-01, 1.682701e-01
INFO:bingo.evolutionary_optimizers.parallel_archipelago:Evolution time 0:00:37.444903	 age 130	 fitness 1.681e-01
Level 25:bingo.evolutionary_optimizers.evolutionary_optimizer:Generation: 50 	 Elapsed time: 0:03:03.780331 	 Best training fitness: 1.681378e-01 	 
Level 25:bingo.evolutionary_optimizers.evolutionary_optimizer:50, 1.837803e+02, 537817, 1.681378e-01, 1.681378e-01, 1.682701e-01
INFO:bingo.evolutionary_optimizers.parallel_archipelago:Evolution time 0:00:27.816135	 age 150	 fitness 1.680e-01
Level 25:bingo.evolutionary_optimizers.evolutionary_optimizer:Generation: 60 	 Elapsed time: 0:03:31.902678 	 Best training fitness: 1.680264e-01 	 
Level 25:bingo.evolutionary_optimizers.evolutionary_optimizer:60, 2.119027e+02, 620184, 1.680264e-01, 1.680264e-01, 1.682701e-01
INFO:bingo.evolutionary_optimizers.parallel_archipelago:Evolution time 0:00:46.945710	 age 190	 fitness 1.583e-01
Level 25:bingo.evolutionary_optimizers.evolutionary_optimizer:Generation: 70 	 Elapsed time: 0:04:19.153436 	 Best training fitness: 1.582568e-01 	 
Level 25:bingo.evolutionary_optimizers.evolutionary_optimizer:70, 2.591534e+02, 736680, 1.582568e-01, 1.582568e-01, 1.679873e-01, 1.682701e-01
INFO:bingo.evolutionary_optimizers.parallel_archipelago:Evolution time 0:00:26.400376	 age 210	 fitness 1.582e-01
Level 25:bingo.evolutionary_optimizers.evolutionary_optimizer:Generation: 80 	 Elapsed time: 0:04:45.881610 	 Best training fitness: 1.581691e-01 	 
Level 25:bingo.evolutionary_optimizers.evolutionary_optimizer:80, 2.858816e+02, 826221, 1.581691e-01, 1.581691e-01, 1.679713e-01, 1.682701e-01
INFO:bingo.evolutionary_optimizers.parallel_archipelago:Evolution time 0:00:45.068612	 age 250	 fitness 1.537e-01
Level 25:bingo.evolutionary_optimizers.evolutionary_optimizer:Generation: 90 	 Elapsed time: 0:05:31.267667 	 Best training fitness: 1.536666e-01 	 
Level 25:bingo.evolutionary_optimizers.evolutionary_optimizer:90, 3.312677e+02, 965965, 1.536666e-01, 1.536666e-01, 1.581307e-01, 1.679470e-01, 1.682701e-01
INFO:bingo.evolutionary_optimizers.parallel_archipelago:Evolution time 0:00:30.845021	 age 270	 fitness 1.464e-01
Level 25:bingo.evolutionary_optimizers.evolutionary_optimizer:Generation: 100 	 Elapsed time: 0:06:02.468717 	 Best training fitness: 1.463623e-01 	 
Level 25:bingo.evolutionary_optimizers.evolutionary_optimizer:100, 3.624687e+02, 1077903, 1.463623e-01, 1.463623e-01, 1.581279e-01, 1.679470e-01, 1.682701e-01
INFO:bingo.evolutionary_optimizers.parallel_archipelago:Evolution time 0:00:48.770289	 age 310	 fitness 1.457e-01
Level 25:bingo.evolutionary_optimizers.evolutionary_optimizer:Generation: 110 	 Elapsed time: 0:06:51.600446 	 Best training fitness: 1.457244e-01 	 
Level 25:bingo.evolutionary_optimizers.evolutionary_optimizer:110, 4.116004e+02, 1226019, 1.457244e-01, 1.457244e-01, 1.462421e-01, 1.581279e-01, 1.679343e-01, 1.682701e-01
INFO:bingo.evolutionary_optimizers.parallel_archipelago:Evolution time 0:00:31.291702	 age 330	 fitness 1.400e-01
Level 25:bingo.evolutionary_optimizers.evolutionary_optimizer:Generation: 120 	 Elapsed time: 0:07:23.215927 	 Best training fitness: 1.399940e-01 	 
Level 25:bingo.evolutionary_optimizers.evolutionary_optimizer:120, 4.432159e+02, 1326670, 1.399940e-01, 1.399940e-01, 1.454774e-01, 1.581166e-01, 1.679289e-01, 1.679343e-01, 1.682701e-01
INFO:bingo.evolutionary_optimizers.parallel_archipelago:Evolution time 0:00:31.057421	 age 350	 fitness 1.392e-01
Level 25:bingo.evolutionary_optimizers.evolutionary_optimizer:Generation: 130 	 Elapsed time: 0:07:54.599272 	 Best training fitness: 1.391779e-01 	 
Level 25:bingo.evolutionary_optimizers.evolutionary_optimizer:130, 4.745993e+02, 1438986, 1.391779e-01, 1.391779e-01, 1.399531e-01, 1.446362e-01, 1.581166e-01, 1.670766e-01, 1.678987e-01, 1.682701e-01
INFO:bingo.evolutionary_optimizers.parallel_archipelago:Evolution time 0:00:33.032750	 age 380	 fitness 1.247e-01
Level 25:bingo.evolutionary_optimizers.evolutionary_optimizer:Generation: 140 	 Elapsed time: 0:08:27.964041 	 Best training fitness: 1.246799e-01 	 
Level 25:bingo.evolutionary_optimizers.evolutionary_optimizer:140, 5.079640e+02, 1545256, 1.246799e-01, 1.246799e-01, 1.390762e-01, 1.399531e-01, 1.446362e-01, 1.578934e-01, 1.669511e-01, 1.677826e-01, 1.678987e-01, 1.682701e-01
INFO:bingo.evolutionary_optimizers.parallel_archipelago:Evolution time 0:00:42.564706	 age 400	 fitness 0.000e+00
Level 25:bingo.evolutionary_optimizers.evolutionary_optimizer:Generation: 150 	 Elapsed time: 0:09:10.853160 	 Best training fitness: 0.000000e+00 	 
Level 25:bingo.evolutionary_optimizers.evolutionary_optimizer:150, 5.508532e+02, 1651633, 0.000000e+00, 0.000000e+00, 1.682701e-01
Level 25:bingo.evolutionary_optimizers.evolutionary_optimizer:Evolution successfully converged.
Level 25:bingo.evolutionary_optimizers.evolutionary_optimizer:  Absolte convergence occurred with best fitness < 1e-10
Level 25:bingo.evolutionary_optimizers.evolutionary_optimizer:Hall of Fame:
0.0	7	sin(log((X_0)(X_0) + (X_1)(X_1)))
0.16827011122598265	1	-0.934057
