Level 25:bingo.evolutionary_optimizers.evolutionary_optimizer:#generational_age, elapsed_time, fitness_evaluation_count, current_training_fitness, hall_of_fame_fitnesses
Level 25:bingo.evolutionary_optimizers.evolutionary_optimizer:#generational_age, elapsed_time, fitness_evaluation_count, current_training_fitness, hall_of_fame_fitnesses
Level 25:bingo.evolutionary_optimizers.evolutionary_optimizer:Generation: 0 	 Elapsed time: 0:00:02.471768 	 Best training fitness: 7.359136e-02 	 
Level 25:bingo.evolutionary_optimizers.evolutionary_optimizer:0, 2.471768e+00, 13552, 7.359136e-02
Level 25:bingo.evolutionary_optimizers.evolutionary_optimizer:#generational_age, elapsed_time, fitness_evaluation_count, current_training_fitness, hall_of_fame_fitnesses
Level 25:bingo.evolutionary_optimizers.evolutionary_optimizer:#generational_age, elapsed_time, fitness_evaluation_count, current_training_fitness, hall_of_fame_fitnesses
Level 25:bingo.evolutionary_optimizers.evolutionary_optimizer:Generation: 0 	 Elapsed time: 0:00:04.711565 	 Best training fitness: 7.326382e-02 	 
Level 25:bingo.evolutionary_optimizers.evolutionary_optimizer:0, 4.711565e+00, 14553, 7.326382e-02
INFO:bingo.evolutionary_optimizers.parallel_archipelago:Evolution time 0:00:15.896648	 age 20	 fitness 4.045e-02
Level 25:bingo.evolutionary_optimizers.evolutionary_optimizer:Generation: 10 	 Elapsed time: 0:00:20.749932 	 Best training fitness: 4.045438e-02 	 
Level 25:bingo.evolutionary_optimizers.evolutionary_optimizer:10, 2.074993e+01, 116346, 4.045438e-02, 4.045438e-02, 7.240286e-02, 7.249122e-02, 7.295242e-02, 7.322829e-02
INFO:bingo.evolutionary_optimizers.parallel_archipelago:Evolution time 0:00:14.377627	 age 30	 fitness 9.558e-03
Level 25:bingo.evolutionary_optimizers.evolutionary_optimizer:Generation: 20 	 Elapsed time: 0:00:35.282446 	 Best training fitness: 9.558428e-03 	 
Level 25:bingo.evolutionary_optimizers.evolutionary_optimizer:20, 3.528245e+01, 182073, 9.558428e-03, 9.558428e-03, 1.231147e-02, 2.761889e-02, 3.275848e-02, 7.224926e-02, 7.240286e-02, 7.245980e-02, 7.249122e-02, 7.290623e-02
INFO:bingo.evolutionary_optimizers.parallel_archipelago:Evolution time 0:00:28.671266	 age 40	 fitness 4.266e-17
Level 25:bingo.evolutionary_optimizers.evolutionary_optimizer:Generation: 30 	 Elapsed time: 0:01:04.160776 	 Best training fitness: 4.265726e-17 	 
Level 25:bingo.evolutionary_optimizers.evolutionary_optimizer:30, 6.416078e+01, 272752, 4.265726e-17, 4.265726e-17, 7.231651e-02, 7.249122e-02, 7.264786e-02, 7.290623e-02
Level 25:bingo.evolutionary_optimizers.evolutionary_optimizer:Evolution successfully converged.
Level 25:bingo.evolutionary_optimizers.evolutionary_optimizer:  Absolte convergence occurred with best fitness < 1e-10
Level 25:bingo.evolutionary_optimizers.evolutionary_optimizer:Hall of Fame:
4.2657255072143056e-17	8	sin(log((X_0)(X_0) + (X_1)(X_1)))
0.0723165124654761	5	log(sin(-0.099442) + sin(-0.099442) + sin(-0.099442) + sin(-0.099442))
0.07249122314907284	4	sin(-0.475594 + -0.701913)
0.072647861221565	3	-0.612867 + -0.313556
0.07290623274877585	1	-0.900060
