Level 25:bingo.evolutionary_optimizers.evolutionary_optimizer:#generational_age, elapsed_time, fitness_evaluation_count, current_training_fitness, hall_of_fame_fitnesses
Level 25:bingo.evolutionary_optimizers.evolutionary_optimizer:#generational_age, elapsed_time, fitness_evaluation_count, current_training_fitness, hall_of_fame_fitnesses
Level 25:bingo.evolutionary_optimizers.evolutionary_optimizer:Generation: 0 	 Elapsed time: 0:00:03.145749 	 Best training fitness: 1.924380e-01 	 
Level 25:bingo.evolutionary_optimizers.evolutionary_optimizer:0, 3.145749e+00, 15274, 1.924380e-01
INFO:bingo.evolutionary_optimizers.parallel_archipelago:Evolution time 0:00:27.312068	 age 20	 fitness 1.923e-01
Level 25:bingo.evolutionary_optimizers.evolutionary_optimizer:Generation: 10 	 Elapsed time: 0:00:30.671777 	 Best training fitness: 1.923341e-01 	 
Level 25:bingo.evolutionary_optimizers.evolutionary_optimizer:10, 3.067178e+01, 130704, 1.923341e-01, 1.923341e-01, 1.923348e-01
INFO:bingo.evolutionary_optimizers.parallel_archipelago:Evolution time 0:00:26.003600	 age 40	 fitness 1.923e-01
Level 25:bingo.evolutionary_optimizers.evolutionary_optimizer:Generation: 20 	 Elapsed time: 0:00:56.922324 	 Best training fitness: 1.923107e-01 	 
Level 25:bingo.evolutionary_optimizers.evolutionary_optimizer:20, 5.692232e+01, 205029, 1.923107e-01, 1.923107e-01
INFO:bingo.evolutionary_optimizers.parallel_archipelago:Evolution time 0:00:35.514558	 age 60	 fitness 1.923e-01
Level 25:bingo.evolutionary_optimizers.evolutionary_optimizer:Generation: 30 	 Elapsed time: 0:01:32.778157 	 Best training fitness: 1.922693e-01 	 
Level 25:bingo.evolutionary_optimizers.evolutionary_optimizer:30, 9.277816e+01, 316908, 1.922693e-01, 1.922693e-01, 1.922845e-01
INFO:bingo.evolutionary_optimizers.parallel_archipelago:Evolution time 0:00:30.030464	 age 80	 fitness 1.920e-01
Level 25:bingo.evolutionary_optimizers.evolutionary_optimizer:Generation: 40 	 Elapsed time: 0:02:03.104492 	 Best training fitness: 1.919933e-01 	 
Level 25:bingo.evolutionary_optimizers.evolutionary_optimizer:40, 1.231045e+02, 414881, 1.919933e-01, 1.919933e-01, 1.922845e-01
INFO:bingo.evolutionary_optimizers.parallel_archipelago:Evolution time 0:00:39.157096	 age 100	 fitness 1.910e-01
Level 25:bingo.evolutionary_optimizers.evolutionary_optimizer:Generation: 50 	 Elapsed time: 0:02:42.554048 	 Best training fitness: 1.910349e-01 	 
Level 25:bingo.evolutionary_optimizers.evolutionary_optimizer:50, 1.625540e+02, 519069, 1.910349e-01, 1.910349e-01, 1.917843e-01, 1.919918e-01, 1.919933e-01, 1.922845e-01
INFO:bingo.evolutionary_optimizers.parallel_archipelago:Evolution time 0:00:33.019346	 age 130	 fitness 1.907e-01
Level 25:bingo.evolutionary_optimizers.evolutionary_optimizer:Generation: 60 	 Elapsed time: 0:03:15.871129 	 Best training fitness: 1.906800e-01 	 
Level 25:bingo.evolutionary_optimizers.evolutionary_optimizer:60, 1.958711e+02, 626919, 1.906800e-01, 1.906800e-01, 1.910349e-01, 1.910386e-01, 1.917843e-01, 1.918363e-01, 1.922845e-01
INFO:bingo.evolutionary_optimizers.parallel_archipelago:Evolution time 0:00:43.088733	 age 150	 fitness 1.904e-01
Level 25:bingo.evolutionary_optimizers.evolutionary_optimizer:Generation: 70 	 Elapsed time: 0:03:59.258832 	 Best training fitness: 1.904052e-01 	 
Level 25:bingo.evolutionary_optimizers.evolutionary_optimizer:70, 2.392588e+02, 745948, 1.904052e-01, 1.904052e-01, 1.906651e-01, 1.908364e-01, 1.910386e-01, 1.910473e-01, 1.918363e-01, 1.922845e-01
INFO:bingo.evolutionary_optimizers.parallel_archipelago:Evolution time 0:00:37.124142	 age 170	 fitness 1.902e-01
Level 25:bingo.evolutionary_optimizers.evolutionary_optimizer:Generation: 80 	 Elapsed time: 0:04:36.665220 	 Best training fitness: 1.901813e-01 	 
Level 25:bingo.evolutionary_optimizers.evolutionary_optimizer:80, 2.766652e+02, 859385, 1.901813e-01, 1.901813e-01, 1.904052e-01, 1.904802e-01, 1.918363e-01, 1.922845e-01
INFO:bingo.evolutionary_optimizers.parallel_archipelago:Evolution time 0:00:31.372607	 age 180	 fitness 1.902e-01
Level 25:bingo.evolutionary_optimizers.evolutionary_optimizer:Generation: 90 	 Elapsed time: 0:05:08.258792 	 Best training fitness: 1.902152e-01 	 
Level 25:bingo.evolutionary_optimizers.evolutionary_optimizer:90, 3.082588e+02, 950309, 1.902152e-01, 1.901813e-01, 1.903110e-01, 1.903296e-01, 1.918363e-01, 1.922845e-01
INFO:bingo.evolutionary_optimizers.parallel_archipelago:Evolution time 0:00:31.794803	 age 200	 fitness 1.898e-01
Level 25:bingo.evolutionary_optimizers.evolutionary_optimizer:Generation: 100 	 Elapsed time: 0:05:40.313433 	 Best training fitness: 1.897950e-01 	 
Level 25:bingo.evolutionary_optimizers.evolutionary_optimizer:100, 3.403134e+02, 1044296, 1.897950e-01, 1.897950e-01, 1.902393e-01, 1.902581e-01, 1.903296e-01, 1.917872e-01, 1.922845e-01
INFO:bingo.evolutionary_optimizers.parallel_archipelago:Evolution time 0:00:39.117301	 age 220	 fitness 1.833e-01
Level 25:bingo.evolutionary_optimizers.evolutionary_optimizer:Generation: 110 	 Elapsed time: 0:06:19.659018 	 Best training fitness: 1.832986e-01 	 
Level 25:bingo.evolutionary_optimizers.evolutionary_optimizer:110, 3.796590e+02, 1182933, 1.832986e-01, 1.832986e-01, 1.849455e-01, 1.901144e-01, 1.903247e-01, 1.917872e-01, 1.922845e-01
INFO:bingo.evolutionary_optimizers.parallel_archipelago:Evolution time 0:00:28.384224	 age 250	 fitness 1.833e-01
Level 25:bingo.evolutionary_optimizers.evolutionary_optimizer:Generation: 120 	 Elapsed time: 0:06:48.280231 	 Best training fitness: 1.833492e-01 	 
Level 25:bingo.evolutionary_optimizers.evolutionary_optimizer:120, 4.082802e+02, 1275038, 1.833492e-01, 1.832986e-01, 1.848820e-01, 1.900096e-01, 1.903247e-01, 1.917872e-01, 1.922845e-01
INFO:bingo.evolutionary_optimizers.parallel_archipelago:Evolution time 0:00:26.546387	 age 280	 fitness 1.617e-01
Level 25:bingo.evolutionary_optimizers.evolutionary_optimizer:Generation: 130 	 Elapsed time: 0:07:15.066650 	 Best training fitness: 1.617361e-01 	 
Level 25:bingo.evolutionary_optimizers.evolutionary_optimizer:130, 4.350666e+02, 1355266, 1.617361e-01, 1.617361e-01, 1.832751e-01, 1.836493e-01, 1.848267e-01, 1.896615e-01, 1.901860e-01, 1.903247e-01, 1.917872e-01, 1.922845e-01
INFO:bingo.evolutionary_optimizers.parallel_archipelago:Evolution time 0:00:30.502877	 age 300	 fitness 1.498e-01
Level 25:bingo.evolutionary_optimizers.evolutionary_optimizer:Generation: 140 	 Elapsed time: 0:07:45.807545 	 Best training fitness: 1.498133e-01 	 
Level 25:bingo.evolutionary_optimizers.evolutionary_optimizer:140, 4.658075e+02, 1437302, 1.498133e-01, 1.498133e-01, 1.609468e-01, 1.627932e-01, 1.896001e-01, 1.901860e-01, 1.903247e-01, 1.917872e-01, 1.922845e-01
INFO:bingo.evolutionary_optimizers.parallel_archipelago:Evolution time 0:00:41.372321	 age 310	 fitness 1.226e-01
Level 25:bingo.evolutionary_optimizers.evolutionary_optimizer:Generation: 150 	 Elapsed time: 0:08:27.417366 	 Best training fitness: 1.226139e-01 	 
Level 25:bingo.evolutionary_optimizers.evolutionary_optimizer:150, 5.074174e+02, 1531196, 1.226139e-01, 1.226139e-01, 1.373861e-01, 1.482430e-01, 1.627932e-01, 1.833843e-01, 1.903247e-01, 1.917872e-01, 1.922672e-01, 1.922845e-01
INFO:bingo.evolutionary_optimizers.parallel_archipelago:Evolution time 0:00:28.331293	 age 330	 fitness 1.226e-01
Level 25:bingo.evolutionary_optimizers.evolutionary_optimizer:Generation: 160 	 Elapsed time: 0:08:55.996820 	 Best training fitness: 1.225695e-01 	 
Level 25:bingo.evolutionary_optimizers.evolutionary_optimizer:160, 5.359968e+02, 1631970, 1.225695e-01, 1.225695e-01, 1.373861e-01, 1.481689e-01, 1.627932e-01, 1.802519e-01, 1.833843e-01, 1.903247e-01, 1.917872e-01, 1.922672e-01, 1.922845e-01
INFO:bingo.evolutionary_optimizers.parallel_archipelago:Evolution time 0:00:30.217978	 age 360	 fitness 1.201e-01
Level 25:bingo.evolutionary_optimizers.evolutionary_optimizer:Generation: 170 	 Elapsed time: 0:09:26.492456 	 Best training fitness: 1.201309e-01 	 
Level 25:bingo.evolutionary_optimizers.evolutionary_optimizer:170, 5.664925e+02, 1724177, 1.201309e-01, 1.201309e-01, 1.224320e-01, 1.269815e-01, 1.280713e-01, 1.373861e-01, 1.481689e-01, 1.537299e-01, 1.903247e-01, 1.917872e-01, 1.922672e-01, 1.922845e-01
INFO:bingo.evolutionary_optimizers.parallel_archipelago:Evolution time 0:00:33.936185	 age 390	 fitness 1.032e-01
Level 25:bingo.evolutionary_optimizers.evolutionary_optimizer:Generation: 180 	 Elapsed time: 0:10:00.675484 	 Best training fitness: 1.031549e-01 	 
Level 25:bingo.evolutionary_optimizers.evolutionary_optimizer:180, 6.006755e+02, 1838570, 1.031549e-01, 1.031549e-01, 1.111551e-01, 1.293320e-01, 1.537299e-01, 1.903247e-01, 1.917872e-01, 1.922672e-01, 1.922845e-01
INFO:bingo.evolutionary_optimizers.parallel_archipelago:Evolution time 0:00:23.212457	 age 410	 fitness 9.651e-02
Level 25:bingo.evolutionary_optimizers.evolutionary_optimizer:Generation: 190 	 Elapsed time: 0:10:24.136080 	 Best training fitness: 9.651179e-02 	 
Level 25:bingo.evolutionary_optimizers.evolutionary_optimizer:190, 6.241361e+02, 1936866, 9.651179e-02, 9.651179e-02, 1.013957e-01, 1.262193e-01, 1.292486e-01, 1.485532e-01, 1.903247e-01, 1.917872e-01, 1.922672e-01, 1.922845e-01
INFO:bingo.evolutionary_optimizers.parallel_archipelago:Evolution time 0:00:22.170138	 age 430	 fitness 8.836e-02
Level 25:bingo.evolutionary_optimizers.evolutionary_optimizer:Generation: 200 	 Elapsed time: 0:10:46.557310 	 Best training fitness: 8.836393e-02 	 
Level 25:bingo.evolutionary_optimizers.evolutionary_optimizer:200, 6.465573e+02, 2017127, 8.836393e-02, 8.836393e-02, 9.766814e-02, 1.013957e-01, 1.014173e-01, 1.291531e-01, 1.485532e-01, 1.903247e-01, 1.917872e-01, 1.922672e-01, 1.922845e-01
INFO:bingo.evolutionary_optimizers.parallel_archipelago:Evolution time 0:00:40.790660	 age 440	 fitness 8.836e-02
Level 25:bingo.evolutionary_optimizers.evolutionary_optimizer:Generation: 210 	 Elapsed time: 0:11:27.598135 	 Best training fitness: 8.836393e-02 	 
Level 25:bingo.evolutionary_optimizers.evolutionary_optimizer:210, 6.875981e+02, 2122699, 8.836393e-02, 8.836393e-02, 9.766814e-02, 1.013783e-01, 1.013846e-01, 1.030432e-01, 1.291406e-01, 1.485532e-01, 1.903247e-01, 1.917872e-01, 1.922672e-01, 1.922842e-01, 1.922845e-01
INFO:bingo.evolutionary_optimizers.parallel_archipelago:Evolution time 0:00:32.315389	 age 460	 fitness 8.819e-02
Level 25:bingo.evolutionary_optimizers.evolutionary_optimizer:Generation: 220 	 Elapsed time: 0:12:00.163158 	 Best training fitness: 8.818728e-02 	 
Level 25:bingo.evolutionary_optimizers.evolutionary_optimizer:220, 7.201632e+02, 2220049, 8.818728e-02, 8.818728e-02, 8.865831e-02, 1.291072e-01, 1.485532e-01, 1.903247e-01, 1.917872e-01, 1.922672e-01, 1.922842e-01, 1.922845e-01
INFO:bingo.evolutionary_optimizers.parallel_archipelago:Evolution time 0:00:29.260695	 age 480	 fitness 8.725e-02
Level 25:bingo.evolutionary_optimizers.evolutionary_optimizer:Generation: 230 	 Elapsed time: 0:12:29.663471 	 Best training fitness: 8.725448e-02 	 
Level 25:bingo.evolutionary_optimizers.evolutionary_optimizer:230, 7.496635e+02, 2316180, 8.725448e-02, 8.725448e-02, 8.774664e-02, 8.805428e-02, 8.865831e-02, 1.084525e-01, 1.485532e-01, 1.619320e-01, 1.903247e-01, 1.917872e-01, 1.922672e-01, 1.922842e-01, 1.922845e-01
INFO:bingo.evolutionary_optimizers.parallel_archipelago:Evolution time 0:00:42.337665	 age 510	 fitness 8.499e-02
Level 25:bingo.evolutionary_optimizers.evolutionary_optimizer:Generation: 240 	 Elapsed time: 0:13:12.277292 	 Best training fitness: 8.498779e-02 	 
Level 25:bingo.evolutionary_optimizers.evolutionary_optimizer:240, 7.922773e+02, 2415308, 8.498779e-02, 8.498779e-02, 8.770976e-02, 8.805428e-02, 8.865831e-02, 1.084525e-01, 1.174658e-01, 1.619320e-01, 1.903247e-01, 1.917872e-01, 1.922672e-01, 1.922842e-01, 1.922845e-01
INFO:bingo.evolutionary_optimizers.parallel_archipelago:Evolution time 0:00:24.233265	 age 520	 fitness 8.496e-02
Level 25:bingo.evolutionary_optimizers.evolutionary_optimizer:Generation: 250 	 Elapsed time: 0:13:36.753855 	 Best training fitness: 8.495744e-02 	 
Level 25:bingo.evolutionary_optimizers.evolutionary_optimizer:250, 8.167539e+02, 2501286, 8.495744e-02, 8.495744e-02, 8.770976e-02, 8.805428e-02, 8.865831e-02, 1.084339e-01, 1.174427e-01, 1.619320e-01, 1.903247e-01, 1.917872e-01, 1.922672e-01, 1.922842e-01, 1.922845e-01
INFO:bingo.evolutionary_optimizers.parallel_archipelago:Evolution time 0:00:26.052881	 age 530	 fitness 8.404e-02
Level 25:bingo.evolutionary_optimizers.evolutionary_optimizer:Generation: 260 	 Elapsed time: 0:14:03.045447 	 Best training fitness: 8.403533e-02 	 
Level 25:bingo.evolutionary_optimizers.evolutionary_optimizer:260, 8.430454e+02, 2585770, 8.403533e-02, 8.403533e-02, 8.491972e-02, 8.805428e-02, 8.860372e-02, 1.084339e-01, 1.174427e-01, 1.619320e-01, 1.903247e-01, 1.917872e-01, 1.922672e-01, 1.922762e-01
INFO:bingo.evolutionary_optimizers.parallel_archipelago:Evolution time 0:00:24.678825	 age 540	 fitness 8.393e-02
Level 25:bingo.evolutionary_optimizers.evolutionary_optimizer:Generation: 270 	 Elapsed time: 0:14:27.955333 	 Best training fitness: 8.393404e-02 	 
Level 25:bingo.evolutionary_optimizers.evolutionary_optimizer:270, 8.679553e+02, 2675789, 8.393404e-02, 8.393404e-02, 8.482240e-02, 8.805428e-02, 8.860372e-02, 9.780004e-02, 1.174427e-01, 1.598915e-01, 1.903247e-01, 1.917872e-01, 1.922672e-01, 1.922762e-01
INFO:bingo.evolutionary_optimizers.parallel_archipelago:Evolution time 0:00:37.378045	 age 550	 fitness 8.052e-02
Level 25:bingo.evolutionary_optimizers.evolutionary_optimizer:Generation: 280 	 Elapsed time: 0:15:05.573180 	 Best training fitness: 8.051855e-02 	 
Level 25:bingo.evolutionary_optimizers.evolutionary_optimizer:280, 9.055732e+02, 2765458, 8.051855e-02, 8.051855e-02, 8.444610e-02, 8.716940e-02, 8.805428e-02, 8.860372e-02, 9.780004e-02, 1.174427e-01, 1.598915e-01, 1.903247e-01, 1.906437e-01, 1.922672e-01, 1.922762e-01
INFO:bingo.evolutionary_optimizers.parallel_archipelago:Evolution time 0:00:41.149930	 age 560	 fitness 8.052e-02
Level 25:bingo.evolutionary_optimizers.evolutionary_optimizer:Generation: 290 	 Elapsed time: 0:15:46.957094 	 Best training fitness: 8.051521e-02 	 
Level 25:bingo.evolutionary_optimizers.evolutionary_optimizer:290, 9.469571e+02, 2866694, 8.051521e-02, 8.051521e-02, 8.444190e-02, 8.716940e-02, 8.805428e-02, 8.860372e-02, 9.780004e-02, 1.174427e-01, 1.598915e-01, 1.903247e-01, 1.906437e-01, 1.922672e-01, 1.922762e-01
INFO:bingo.evolutionary_optimizers.parallel_archipelago:Evolution time 0:00:50.858135	 age 600	 fitness 7.704e-02
Level 25:bingo.evolutionary_optimizers.evolutionary_optimizer:Generation: 300 	 Elapsed time: 0:16:38.070095 	 Best training fitness: 7.703776e-02 	 
Level 25:bingo.evolutionary_optimizers.evolutionary_optimizer:300, 9.980701e+02, 3004772, 7.703776e-02, 7.703776e-02, 8.716940e-02, 8.805428e-02, 8.860372e-02, 9.780004e-02, 1.174427e-01, 1.598915e-01, 1.903247e-01, 1.906437e-01, 1.922672e-01, 1.922762e-01
INFO:bingo.evolutionary_optimizers.parallel_archipelago:Evolution time 0:00:47.709289	 age 620	 fitness 7.360e-02
Level 25:bingo.evolutionary_optimizers.evolutionary_optimizer:Generation: 310 	 Elapsed time: 0:17:26.003943 	 Best training fitness: 7.360241e-02 	 
Level 25:bingo.evolutionary_optimizers.evolutionary_optimizer:310, 1.046004e+03, 3158516, 7.360241e-02, 7.360241e-02, 7.634752e-02, 8.805428e-02, 8.860372e-02, 9.780004e-02, 1.174427e-01, 1.598915e-01, 1.903247e-01, 1.906437e-01, 1.922672e-01, 1.922762e-01
INFO:bingo.evolutionary_optimizers.parallel_archipelago:Evolution time 0:00:30.370115	 age 630	 fitness 7.355e-02
Level 25:bingo.evolutionary_optimizers.evolutionary_optimizer:Generation: 320 	 Elapsed time: 0:17:56.598111 	 Best training fitness: 7.354949e-02 	 
Level 25:bingo.evolutionary_optimizers.evolutionary_optimizer:320, 1.076598e+03, 3276841, 7.354949e-02, 7.354949e-02, 7.548351e-02, 7.634752e-02, 8.805428e-02, 8.860372e-02, 9.780004e-02, 1.174427e-01, 1.598915e-01, 1.903247e-01, 1.906437e-01, 1.922672e-01, 1.922762e-01
INFO:bingo.evolutionary_optimizers.parallel_archipelago:Evolution time 0:00:27.174632	 age 650	 fitness 7.353e-02
Level 25:bingo.evolutionary_optimizers.evolutionary_optimizer:Generation: 330 	 Elapsed time: 0:18:24.005939 	 Best training fitness: 7.353299e-02 	 
Level 25:bingo.evolutionary_optimizers.evolutionary_optimizer:330, 1.104006e+03, 3381771, 7.353299e-02, 7.353299e-02, 7.538386e-02, 7.634752e-02, 8.805428e-02, 8.860372e-02, 9.780004e-02, 1.174427e-01, 1.598915e-01, 1.903247e-01, 1.906437e-01, 1.922672e-01, 1.922762e-01
INFO:bingo.evolutionary_optimizers.parallel_archipelago:Evolution time 0:00:32.722070	 age 670	 fitness 7.353e-02
Level 25:bingo.evolutionary_optimizers.evolutionary_optimizer:Generation: 340 	 Elapsed time: 0:18:56.961150 	 Best training fitness: 7.353299e-02 	 
Level 25:bingo.evolutionary_optimizers.evolutionary_optimizer:340, 1.136961e+03, 3493757, 7.353299e-02, 7.353299e-02, 7.367063e-02, 7.541424e-02, 8.805428e-02, 8.860372e-02, 9.780004e-02, 1.174427e-01, 1.598915e-01, 1.903247e-01, 1.906437e-01, 1.922672e-01, 1.922762e-01
INFO:bingo.evolutionary_optimizers.parallel_archipelago:Evolution time 0:00:43.920470	 age 700	 fitness 7.354e-02
Level 25:bingo.evolutionary_optimizers.evolutionary_optimizer:Generation: 350 	 Elapsed time: 0:19:41.112889 	 Best training fitness: 7.353753e-02 	 
Level 25:bingo.evolutionary_optimizers.evolutionary_optimizer:350, 1.181113e+03, 3651638, 7.353753e-02, 7.353299e-02, 7.367063e-02, 7.540132e-02, 8.805428e-02, 8.860372e-02, 9.780004e-02, 1.174427e-01, 1.598915e-01, 1.903247e-01, 1.906437e-01, 1.922672e-01, 1.922762e-01
INFO:bingo.evolutionary_optimizers.parallel_archipelago:Evolution time 0:00:37.229403	 age 720	 fitness 7.354e-02
Level 25:bingo.evolutionary_optimizers.evolutionary_optimizer:Generation: 360 	 Elapsed time: 0:20:18.564785 	 Best training fitness: 7.353880e-02 	 
Level 25:bingo.evolutionary_optimizers.evolutionary_optimizer:360, 1.218565e+03, 3771978, 7.353880e-02, 7.353299e-02, 7.362754e-02, 7.538479e-02, 8.805428e-02, 8.860372e-02, 9.780004e-02, 1.174427e-01, 1.598915e-01, 1.903247e-01, 1.906437e-01, 1.922672e-01, 1.922762e-01
INFO:bingo.evolutionary_optimizers.parallel_archipelago:Evolution time 0:00:30.262769	 age 740	 fitness 7.354e-02
Level 25:bingo.evolutionary_optimizers.evolutionary_optimizer:Generation: 370 	 Elapsed time: 0:20:49.076957 	 Best training fitness: 7.354219e-02 	 
Level 25:bingo.evolutionary_optimizers.evolutionary_optimizer:370, 1.249077e+03, 3897115, 7.354219e-02, 7.353299e-02, 7.362754e-02, 7.537394e-02, 8.717380e-02, 9.780004e-02, 1.030379e-01, 1.598915e-01, 1.903247e-01, 1.906437e-01, 1.922672e-01, 1.922762e-01
INFO:bingo.evolutionary_optimizers.parallel_archipelago:Evolution time 0:01:02.960786	 age 750	 fitness 7.273e-02
Level 25:bingo.evolutionary_optimizers.evolutionary_optimizer:Generation: 380 	 Elapsed time: 0:21:52.350056 	 Best training fitness: 7.272640e-02 	 
Level 25:bingo.evolutionary_optimizers.evolutionary_optimizer:380, 1.312350e+03, 4045065, 7.272640e-02, 7.272640e-02, 7.362754e-02, 7.537394e-02, 8.717380e-02, 9.780004e-02, 1.030379e-01, 1.598915e-01, 1.903247e-01, 1.906437e-01, 1.922672e-01, 1.922762e-01
INFO:bingo.evolutionary_optimizers.parallel_archipelago:Evolution time 0:00:47.784270	 age 770	 fitness 7.190e-02
Level 25:bingo.evolutionary_optimizers.evolutionary_optimizer:Generation: 390 	 Elapsed time: 0:22:40.360709 	 Best training fitness: 7.190191e-02 	 
Level 25:bingo.evolutionary_optimizers.evolutionary_optimizer:390, 1.360361e+03, 4214678, 7.190191e-02, 7.190191e-02, 7.213415e-02, 7.537394e-02, 8.717380e-02, 9.780004e-02, 1.030379e-01, 1.598915e-01, 1.903247e-01, 1.906437e-01, 1.922672e-01, 1.922762e-01
INFO:bingo.evolutionary_optimizers.parallel_archipelago:Evolution time 0:00:27.777471	 age 790	 fitness 7.190e-02
Level 25:bingo.evolutionary_optimizers.evolutionary_optimizer:Generation: 400 	 Elapsed time: 0:23:08.363891 	 Best training fitness: 7.190191e-02 	 
Level 25:bingo.evolutionary_optimizers.evolutionary_optimizer:400, 1.388364e+03, 4324691, 7.190191e-02, 7.190191e-02, 7.211889e-02, 7.537394e-02, 8.688308e-02, 1.030379e-01, 1.598915e-01, 1.903247e-01, 1.906437e-01, 1.922672e-01, 1.922762e-01
INFO:bingo.evolutionary_optimizers.parallel_archipelago:Evolution time 0:01:01.145218	 age 810	 fitness 7.190e-02
Level 25:bingo.evolutionary_optimizers.evolutionary_optimizer:Generation: 410 	 Elapsed time: 0:24:09.731232 	 Best training fitness: 7.190114e-02 	 
Level 25:bingo.evolutionary_optimizers.evolutionary_optimizer:410, 1.449731e+03, 4499685, 7.190114e-02, 7.190114e-02, 7.211563e-02, 7.537092e-02, 8.688308e-02, 1.030379e-01, 1.598915e-01, 1.903247e-01, 1.906437e-01, 1.922672e-01, 1.922762e-01
INFO:bingo.evolutionary_optimizers.parallel_archipelago:Evolution time 0:00:28.650019	 age 820	 fitness 7.190e-02
Level 25:bingo.evolutionary_optimizers.evolutionary_optimizer:Generation: 420 	 Elapsed time: 0:24:38.604530 	 Best training fitness: 7.190114e-02 	 
Level 25:bingo.evolutionary_optimizers.evolutionary_optimizer:420, 1.478605e+03, 4588703, 7.190114e-02, 7.190114e-02, 7.210922e-02, 7.537092e-02, 8.688308e-02, 1.030379e-01, 1.598915e-01, 1.903247e-01, 1.906437e-01, 1.922672e-01, 1.922762e-01
INFO:bingo.evolutionary_optimizers.parallel_archipelago:Evolution time 0:00:30.933617	 age 830	 fitness 7.189e-02
Level 25:bingo.evolutionary_optimizers.evolutionary_optimizer:Generation: 430 	 Elapsed time: 0:25:09.765535 	 Best training fitness: 7.189169e-02 	 
Level 25:bingo.evolutionary_optimizers.evolutionary_optimizer:430, 1.509766e+03, 4684268, 7.189169e-02, 7.189169e-02, 7.210922e-02, 7.537092e-02, 8.688308e-02, 1.030379e-01, 1.598915e-01, 1.903247e-01, 1.906437e-01, 1.922672e-01, 1.922762e-01
INFO:bingo.evolutionary_optimizers.parallel_archipelago:Evolution time 0:00:58.232678	 age 850	 fitness 7.185e-02
Level 25:bingo.evolutionary_optimizers.evolutionary_optimizer:Generation: 440 	 Elapsed time: 0:26:08.251522 	 Best training fitness: 7.184826e-02 	 
Level 25:bingo.evolutionary_optimizers.evolutionary_optimizer:440, 1.568252e+03, 4857226, 7.184826e-02, 7.184826e-02, 7.189169e-02, 7.210922e-02, 7.537092e-02, 8.688308e-02, 1.030379e-01, 1.598915e-01, 1.903247e-01, 1.906437e-01, 1.922672e-01, 1.922762e-01
INFO:bingo.evolutionary_optimizers.parallel_archipelago:Evolution time 0:00:28.381664	 age 870	 fitness 7.185e-02
Level 25:bingo.evolutionary_optimizers.evolutionary_optimizer:Generation: 450 	 Elapsed time: 0:26:36.853861 	 Best training fitness: 7.184826e-02 	 
Level 25:bingo.evolutionary_optimizers.evolutionary_optimizer:450, 1.596854e+03, 4962973, 7.184826e-02, 7.184826e-02, 7.189151e-02, 7.210922e-02, 7.536784e-02, 8.688308e-02, 1.030379e-01, 1.598915e-01, 1.903247e-01, 1.906437e-01, 1.922672e-01, 1.922762e-01
INFO:bingo.evolutionary_optimizers.parallel_archipelago:Evolution time 0:00:48.027121	 age 900	 fitness 7.185e-02
Level 25:bingo.evolutionary_optimizers.evolutionary_optimizer:Generation: 460 	 Elapsed time: 0:27:25.100300 	 Best training fitness: 7.184787e-02 	 
Level 25:bingo.evolutionary_optimizers.evolutionary_optimizer:460, 1.645100e+03, 5129304, 7.184787e-02, 7.184787e-02, 7.210922e-02, 7.536784e-02, 8.688308e-02, 1.030379e-01, 1.598915e-01, 1.903247e-01, 1.906437e-01, 1.922672e-01, 1.922762e-01
INFO:bingo.evolutionary_optimizers.parallel_archipelago:Evolution time 0:00:45.438761	 age 930	 fitness 7.181e-02
Level 25:bingo.evolutionary_optimizers.evolutionary_optimizer:Generation: 470 	 Elapsed time: 0:28:10.753114 	 Best training fitness: 7.181394e-02 	 
Level 25:bingo.evolutionary_optimizers.evolutionary_optimizer:470, 1.690753e+03, 5252161, 7.181394e-02, 7.181394e-02, 7.184787e-02, 7.210900e-02, 7.536784e-02, 8.688308e-02, 1.030379e-01, 1.598915e-01, 1.903247e-01, 1.906437e-01, 1.922672e-01, 1.922762e-01
INFO:bingo.evolutionary_optimizers.parallel_archipelago:Evolution time 0:00:41.526268	 age 960	 fitness 7.182e-02
Level 25:bingo.evolutionary_optimizers.evolutionary_optimizer:Generation: 480 	 Elapsed time: 0:28:52.495581 	 Best training fitness: 7.182417e-02 	 
Level 25:bingo.evolutionary_optimizers.evolutionary_optimizer:480, 1.732496e+03, 5387143, 7.182417e-02, 7.181394e-02, 7.184787e-02, 7.210900e-02, 7.536784e-02, 8.688308e-02, 1.030379e-01, 1.598915e-01, 1.903247e-01, 1.906437e-01, 1.922672e-01, 1.922762e-01
INFO:bingo.evolutionary_optimizers.parallel_archipelago:Evolution time 0:00:39.434959	 age 990	 fitness 7.181e-02
Level 25:bingo.evolutionary_optimizers.evolutionary_optimizer:Generation: 490 	 Elapsed time: 0:29:32.152419 	 Best training fitness: 7.180816e-02 	 
Level 25:bingo.evolutionary_optimizers.evolutionary_optimizer:490, 1.772152e+03, 5528017, 7.180816e-02, 7.180816e-02, 7.184787e-02, 7.210900e-02, 7.536784e-02, 8.688308e-02, 1.030379e-01, 1.598915e-01, 1.903247e-01, 1.906437e-01, 1.922672e-01, 1.922762e-01
INFO:bingo.evolutionary_optimizers.parallel_archipelago:Evolution time 0:00:44.305429	 age 1000	 fitness 7.182e-02
Level 25:bingo.evolutionary_optimizers.evolutionary_optimizer:Generation: 500 	 Elapsed time: 0:30:16.708093 	 Best training fitness: 7.181668e-02 	 
Level 25:bingo.evolutionary_optimizers.evolutionary_optimizer:500, 1.816708e+03, 5667282, 7.181668e-02, 7.180816e-02, 7.184787e-02, 7.210900e-02, 7.536784e-02, 8.688308e-02, 1.030379e-01, 1.598915e-01, 1.903247e-01, 1.906437e-01, 1.922672e-01, 1.922762e-01
INFO:bingo.evolutionary_optimizers.parallel_archipelago:Evolution time 0:00:47.292026	 age 1030	 fitness 7.177e-02
Level 25:bingo.evolutionary_optimizers.evolutionary_optimizer:Generation: 510 	 Elapsed time: 0:31:04.217919 	 Best training fitness: 7.177424e-02 	 
Level 25:bingo.evolutionary_optimizers.evolutionary_optimizer:510, 1.864218e+03, 5829360, 7.177424e-02, 7.177424e-02, 7.179753e-02, 7.184787e-02, 7.210900e-02, 7.536784e-02, 8.688308e-02, 1.030379e-01, 1.598915e-01, 1.903247e-01, 1.906437e-01, 1.922672e-01, 1.922762e-01
INFO:bingo.evolutionary_optimizers.parallel_archipelago:Evolution time 0:00:33.052625	 age 1050	 fitness 7.146e-02
Level 25:bingo.evolutionary_optimizers.evolutionary_optimizer:Generation: 520 	 Elapsed time: 0:31:37.494557 	 Best training fitness: 7.146330e-02 	 
Level 25:bingo.evolutionary_optimizers.evolutionary_optimizer:520, 1.897495e+03, 5960994, 7.146330e-02, 7.146330e-02, 7.184787e-02, 7.210900e-02, 7.536784e-02, 8.688308e-02, 1.030379e-01, 1.598915e-01, 1.903247e-01, 1.906437e-01, 1.922672e-01, 1.922762e-01
INFO:bingo.evolutionary_optimizers.parallel_archipelago:Evolution time 0:00:32.475585	 age 1070	 fitness 7.068e-02
Level 25:bingo.evolutionary_optimizers.evolutionary_optimizer:Generation: 530 	 Elapsed time: 0:32:10.193874 	 Best training fitness: 7.067708e-02 	 
Level 25:bingo.evolutionary_optimizers.evolutionary_optimizer:530, 1.930194e+03, 6074490, 7.067708e-02, 7.067708e-02, 7.092185e-02, 7.210900e-02, 7.536784e-02, 8.688308e-02, 1.030379e-01, 1.598915e-01, 1.903247e-01, 1.906437e-01, 1.922672e-01, 1.922762e-01
INFO:bingo.evolutionary_optimizers.parallel_archipelago:Evolution time 0:00:44.250011	 age 1090	 fitness 7.059e-02
Level 25:bingo.evolutionary_optimizers.evolutionary_optimizer:Generation: 540 	 Elapsed time: 0:32:54.664861 	 Best training fitness: 7.058972e-02 	 
Level 25:bingo.evolutionary_optimizers.evolutionary_optimizer:540, 1.974665e+03, 6220314, 7.058972e-02, 7.058972e-02, 7.210900e-02, 7.536784e-02, 8.688308e-02, 1.030379e-01, 1.598915e-01, 1.903247e-01, 1.906437e-01, 1.922672e-01, 1.922762e-01
INFO:bingo.evolutionary_optimizers.parallel_archipelago:Evolution time 0:00:31.000120	 age 1110	 fitness 7.056e-02
Level 25:bingo.evolutionary_optimizers.evolutionary_optimizer:Generation: 550 	 Elapsed time: 0:33:25.886886 	 Best training fitness: 7.056158e-02 	 
Level 25:bingo.evolutionary_optimizers.evolutionary_optimizer:550, 2.005887e+03, 6330598, 7.056158e-02, 7.056158e-02, 7.210900e-02, 7.536784e-02, 8.688308e-02, 1.030379e-01, 1.598915e-01, 1.903247e-01, 1.906437e-01, 1.922672e-01, 1.922762e-01
INFO:bingo.evolutionary_optimizers.parallel_archipelago:Evolution time 0:00:46.629455	 age 1120	 fitness 7.055e-02
Level 25:bingo.evolutionary_optimizers.evolutionary_optimizer:Generation: 560 	 Elapsed time: 0:34:12.735832 	 Best training fitness: 7.055027e-02 	 
Level 25:bingo.evolutionary_optimizers.evolutionary_optimizer:560, 2.052736e+03, 6483309, 7.055027e-02, 7.055027e-02, 7.210900e-02, 7.536784e-02, 8.688308e-02, 1.030379e-01, 1.595101e-01, 1.598915e-01, 1.903247e-01, 1.906437e-01, 1.922672e-01, 1.922762e-01
INFO:bingo.evolutionary_optimizers.parallel_archipelago:Evolution time 0:00:29.876593	 age 1140	 fitness 7.056e-02
Level 25:bingo.evolutionary_optimizers.evolutionary_optimizer:Generation: 570 	 Elapsed time: 0:34:42.833125 	 Best training fitness: 7.055527e-02 	 
Level 25:bingo.evolutionary_optimizers.evolutionary_optimizer:570, 2.082833e+03, 6577863, 7.055527e-02, 7.055027e-02, 7.168785e-02, 7.536784e-02, 8.688308e-02, 1.030379e-01, 1.594333e-01, 1.598915e-01, 1.903247e-01, 1.906437e-01, 1.922672e-01, 1.922762e-01
INFO:bingo.evolutionary_optimizers.parallel_archipelago:Evolution time 0:00:47.508476	 age 1160	 fitness 7.056e-02
Level 25:bingo.evolutionary_optimizers.evolutionary_optimizer:Generation: 580 	 Elapsed time: 0:35:30.561854 	 Best training fitness: 7.055511e-02 	 
Level 25:bingo.evolutionary_optimizers.evolutionary_optimizer:580, 2.130562e+03, 6709621, 7.055511e-02, 7.055027e-02, 7.168785e-02, 7.536784e-02, 8.688308e-02, 1.030379e-01, 1.594333e-01, 1.598915e-01, 1.903247e-01, 1.906437e-01, 1.922672e-01, 1.922762e-01
INFO:bingo.evolutionary_optimizers.parallel_archipelago:Evolution time 0:00:32.440708	 age 1180	 fitness 7.056e-02
Level 25:bingo.evolutionary_optimizers.evolutionary_optimizer:Generation: 590 	 Elapsed time: 0:36:03.218049 	 Best training fitness: 7.055511e-02 	 
Level 25:bingo.evolutionary_optimizers.evolutionary_optimizer:590, 2.163218e+03, 6851477, 7.055511e-02, 7.055027e-02, 7.168785e-02, 7.536784e-02, 8.688308e-02, 1.030379e-01, 1.423043e-01, 1.594333e-01, 1.598915e-01, 1.903247e-01, 1.906437e-01, 1.922672e-01, 1.922762e-01
INFO:bingo.evolutionary_optimizers.parallel_archipelago:Evolution time 0:00:32.286159	 age 1200	 fitness 7.055e-02
Level 25:bingo.evolutionary_optimizers.evolutionary_optimizer:Generation: 600 	 Elapsed time: 0:36:35.720839 	 Best training fitness: 7.055339e-02 	 
Level 25:bingo.evolutionary_optimizers.evolutionary_optimizer:600, 2.195721e+03, 6963803, 7.055339e-02, 7.055027e-02, 7.168785e-02, 7.536784e-02, 8.688308e-02, 1.030379e-01, 1.422661e-01, 1.594298e-01, 1.598915e-01, 1.903135e-01, 1.922672e-01, 1.922762e-01
INFO:bingo.evolutionary_optimizers.parallel_archipelago:Evolution time 0:00:42.881007	 age 1220	 fitness 7.055e-02
Level 25:bingo.evolutionary_optimizers.evolutionary_optimizer:Generation: 610 	 Elapsed time: 0:37:18.817054 	 Best training fitness: 7.055090e-02 	 
Level 25:bingo.evolutionary_optimizers.evolutionary_optimizer:610, 2.238817e+03, 7118014, 7.055090e-02, 7.055027e-02, 7.168785e-02, 7.536784e-02, 8.688308e-02, 1.030379e-01, 1.422661e-01, 1.594298e-01, 1.598915e-01, 1.903135e-01, 1.922672e-01, 1.922762e-01
INFO:bingo.evolutionary_optimizers.parallel_archipelago:Evolution time 0:00:49.771448	 age 1250	 fitness 7.005e-02
Level 25:bingo.evolutionary_optimizers.evolutionary_optimizer:Generation: 620 	 Elapsed time: 0:38:08.803638 	 Best training fitness: 7.005081e-02 	 
Level 25:bingo.evolutionary_optimizers.evolutionary_optimizer:620, 2.288804e+03, 7272584, 7.005081e-02, 7.005081e-02, 7.168785e-02, 7.536784e-02, 8.688308e-02, 1.030379e-01, 1.422661e-01, 1.594298e-01, 1.598915e-01, 1.903135e-01, 1.922672e-01, 1.922762e-01
INFO:bingo.evolutionary_optimizers.parallel_archipelago:Evolution time 0:00:28.961121	 age 1260	 fitness 7.005e-02
Level 25:bingo.evolutionary_optimizers.evolutionary_optimizer:Generation: 630 	 Elapsed time: 0:38:38.007658 	 Best training fitness: 7.005185e-02 	 
Level 25:bingo.evolutionary_optimizers.evolutionary_optimizer:630, 2.318008e+03, 7365185, 7.005185e-02, 7.005081e-02, 7.168785e-02, 7.536784e-02, 8.688308e-02, 1.030379e-01, 1.422661e-01, 1.594298e-01, 1.598915e-01, 1.903135e-01, 1.922672e-01, 1.922762e-01
INFO:bingo.evolutionary_optimizers.parallel_archipelago:Evolution time 0:00:42.292725	 age 1270	 fitness 7.005e-02
Level 25:bingo.evolutionary_optimizers.evolutionary_optimizer:Generation: 640 	 Elapsed time: 0:39:20.523814 	 Best training fitness: 7.004721e-02 	 
Level 25:bingo.evolutionary_optimizers.evolutionary_optimizer:640, 2.360524e+03, 7489091, 7.004721e-02, 7.004721e-02, 7.168785e-02, 7.536784e-02, 8.688308e-02, 1.030379e-01, 1.422610e-01, 1.594298e-01, 1.598915e-01, 1.903135e-01, 1.922672e-01, 1.922762e-01
INFO:bingo.evolutionary_optimizers.parallel_archipelago:Evolution time 0:01:00.126729	 age 1310	 fitness 6.995e-02
Level 25:bingo.evolutionary_optimizers.evolutionary_optimizer:Generation: 650 	 Elapsed time: 0:40:20.872791 	 Best training fitness: 6.994547e-02 	 
Level 25:bingo.evolutionary_optimizers.evolutionary_optimizer:650, 2.420873e+03, 7651179, 6.994547e-02, 6.994547e-02, 7.004314e-02, 7.168785e-02, 7.536784e-02, 8.688308e-02, 1.030379e-01, 1.422610e-01, 1.594298e-01, 1.598915e-01, 1.903135e-01, 1.922672e-01, 1.922762e-01
INFO:bingo.evolutionary_optimizers.parallel_archipelago:Evolution time 0:01:06.128348	 age 1320	 fitness 6.990e-02
Level 25:bingo.evolutionary_optimizers.evolutionary_optimizer:Generation: 660 	 Elapsed time: 0:41:27.218827 	 Best training fitness: 6.990410e-02 	 
Level 25:bingo.evolutionary_optimizers.evolutionary_optimizer:660, 2.487219e+03, 7819442, 6.990410e-02, 6.990410e-02, 7.004314e-02, 7.168785e-02, 7.175211e-02, 8.688308e-02, 1.030379e-01, 1.422610e-01, 1.594298e-01, 1.598915e-01, 1.903135e-01, 1.922672e-01, 1.922762e-01
INFO:bingo.evolutionary_optimizers.parallel_archipelago:Evolution time 0:00:57.234645	 age 1340	 fitness 6.988e-02
Level 25:bingo.evolutionary_optimizers.evolutionary_optimizer:Generation: 670 	 Elapsed time: 0:42:24.678169 	 Best training fitness: 6.987720e-02 	 
Level 25:bingo.evolutionary_optimizers.evolutionary_optimizer:670, 2.544678e+03, 7975998, 6.987720e-02, 6.987720e-02, 7.004314e-02, 7.168785e-02, 7.175211e-02, 8.688308e-02, 1.030379e-01, 1.422568e-01, 1.594298e-01, 1.598915e-01, 1.903135e-01, 1.922672e-01, 1.922762e-01
INFO:bingo.evolutionary_optimizers.parallel_archipelago:Evolution time 0:00:29.115162	 age 1360	 fitness 6.986e-02
Level 25:bingo.evolutionary_optimizers.evolutionary_optimizer:Generation: 680 	 Elapsed time: 0:42:54.011285 	 Best training fitness: 6.985741e-02 	 
Level 25:bingo.evolutionary_optimizers.evolutionary_optimizer:680, 2.574011e+03, 8101047, 6.985741e-02, 6.985741e-02, 6.987201e-02, 7.003686e-02, 7.168785e-02, 7.175211e-02, 8.688308e-02, 1.030379e-01, 1.422568e-01, 1.594298e-01, 1.598915e-01, 1.903135e-01, 1.922672e-01, 1.922762e-01
INFO:bingo.evolutionary_optimizers.parallel_archipelago:Evolution time 0:00:31.228580	 age 1380	 fitness 6.988e-02
Level 25:bingo.evolutionary_optimizers.evolutionary_optimizer:Generation: 690 	 Elapsed time: 0:43:25.492014 	 Best training fitness: 6.987583e-02 	 
Level 25:bingo.evolutionary_optimizers.evolutionary_optimizer:690, 2.605492e+03, 8204670, 6.987583e-02, 6.985741e-02, 6.987201e-02, 7.003686e-02, 7.168785e-02, 7.175211e-02, 8.688308e-02, 1.030379e-01, 1.422568e-01, 1.594298e-01, 1.598915e-01, 1.903135e-01, 1.922672e-01, 1.922762e-01
INFO:bingo.evolutionary_optimizers.parallel_archipelago:Evolution time 0:00:48.178178	 age 1410	 fitness 6.981e-02
Level 25:bingo.evolutionary_optimizers.evolutionary_optimizer:Generation: 700 	 Elapsed time: 0:44:13.896910 	 Best training fitness: 6.980589e-02 	 
Level 25:bingo.evolutionary_optimizers.evolutionary_optimizer:700, 2.653897e+03, 8381907, 6.980589e-02, 6.980589e-02, 7.168785e-02, 7.175211e-02, 8.688308e-02, 1.030379e-01, 1.422568e-01, 1.594298e-01, 1.598915e-01, 1.903135e-01, 1.922672e-01, 1.922762e-01
INFO:bingo.evolutionary_optimizers.parallel_archipelago:Evolution time 0:00:28.012843	 age 1420	 fitness 6.978e-02
Level 25:bingo.evolutionary_optimizers.evolutionary_optimizer:Generation: 710 	 Elapsed time: 0:44:42.127705 	 Best training fitness: 6.977654e-02 	 
Level 25:bingo.evolutionary_optimizers.evolutionary_optimizer:710, 2.682128e+03, 8474444, 6.977654e-02, 6.977654e-02, 7.168785e-02, 7.175211e-02, 8.688308e-02, 1.030379e-01, 1.422568e-01, 1.594298e-01, 1.598915e-01, 1.903135e-01, 1.922672e-01, 1.922762e-01
INFO:bingo.evolutionary_optimizers.parallel_archipelago:Evolution time 0:00:31.632187	 age 1440	 fitness 6.974e-02
Level 25:bingo.evolutionary_optimizers.evolutionary_optimizer:Generation: 720 	 Elapsed time: 0:45:13.983050 	 Best training fitness: 6.974184e-02 	 
Level 25:bingo.evolutionary_optimizers.evolutionary_optimizer:720, 2.713983e+03, 8566809, 6.974184e-02, 6.974184e-02, 6.977654e-02, 7.168785e-02, 7.175211e-02, 8.688308e-02, 1.030379e-01, 1.422550e-01, 1.594298e-01, 1.598915e-01, 1.636612e-01, 1.903135e-01, 1.922672e-01, 1.922762e-01
INFO:bingo.evolutionary_optimizers.parallel_archipelago:Evolution time 0:00:44.636637	 age 1460	 fitness 6.975e-02
Level 25:bingo.evolutionary_optimizers.evolutionary_optimizer:Generation: 730 	 Elapsed time: 0:45:58.845391 	 Best training fitness: 6.975101e-02 	 
Level 25:bingo.evolutionary_optimizers.evolutionary_optimizer:730, 2.758845e+03, 8706716, 6.975101e-02, 6.974184e-02, 6.977654e-02, 7.168785e-02, 7.175211e-02, 8.688308e-02, 1.030379e-01, 1.422550e-01, 1.594298e-01, 1.598915e-01, 1.636612e-01, 1.903135e-01, 1.922672e-01, 1.922762e-01
INFO:bingo.evolutionary_optimizers.parallel_archipelago:Evolution time 0:00:45.298936	 age 1470	 fitness 6.862e-02
Level 25:bingo.evolutionary_optimizers.evolutionary_optimizer:Generation: 740 	 Elapsed time: 0:46:44.369091 	 Best training fitness: 6.861827e-02 	 
Level 25:bingo.evolutionary_optimizers.evolutionary_optimizer:740, 2.804369e+03, 8813555, 6.861827e-02, 6.861827e-02, 6.977654e-02, 7.168785e-02, 7.175211e-02, 8.688308e-02, 1.030379e-01, 1.422550e-01, 1.594298e-01, 1.598915e-01, 1.636612e-01, 1.903135e-01, 1.922672e-01, 1.922762e-01
INFO:bingo.evolutionary_optimizers.parallel_archipelago:Evolution time 0:00:32.122909	 age 1480	 fitness 6.863e-02
Level 25:bingo.evolutionary_optimizers.evolutionary_optimizer:Generation: 750 	 Elapsed time: 0:47:16.712780 	 Best training fitness: 6.863021e-02 	 
Level 25:bingo.evolutionary_optimizers.evolutionary_optimizer:750, 2.836713e+03, 8920022, 6.863021e-02, 6.861827e-02, 6.977654e-02, 7.168785e-02, 7.175211e-02, 8.688308e-02, 1.030379e-01, 1.422550e-01, 1.594298e-01, 1.598915e-01, 1.636612e-01, 1.903135e-01, 1.922672e-01, 1.922762e-01
INFO:bingo.evolutionary_optimizers.parallel_archipelago:Evolution time 0:00:32.742937	 age 1490	 fitness 6.862e-02
Level 25:bingo.evolutionary_optimizers.evolutionary_optimizer:Generation: 760 	 Elapsed time: 0:47:49.704443 	 Best training fitness: 6.861535e-02 	 
Level 25:bingo.evolutionary_optimizers.evolutionary_optimizer:760, 2.869704e+03, 9014960, 6.861535e-02, 6.861535e-02, 6.977654e-02, 7.168785e-02, 7.175211e-02, 8.688308e-02, 1.030379e-01, 1.422550e-01, 1.594298e-01, 1.598915e-01, 1.636612e-01, 1.903135e-01, 1.922672e-01, 1.922762e-01
INFO:bingo.evolutionary_optimizers.parallel_archipelago:Evolution time 0:00:30.645885	 age 1510	 fitness 6.859e-02
Level 25:bingo.evolutionary_optimizers.evolutionary_optimizer:Generation: 770 	 Elapsed time: 0:48:20.602267 	 Best training fitness: 6.858608e-02 	 
Level 25:bingo.evolutionary_optimizers.evolutionary_optimizer:770, 2.900602e+03, 9107362, 6.858608e-02, 6.858608e-02, 6.977654e-02, 7.168785e-02, 7.175211e-02, 8.381684e-02, 8.688308e-02, 1.030379e-01, 1.422550e-01, 1.594298e-01, 1.598915e-01, 1.636612e-01, 1.903135e-01, 1.922672e-01, 1.922762e-01
INFO:bingo.evolutionary_optimizers.parallel_archipelago:Evolution time 0:00:29.943169	 age 1520	 fitness 6.860e-02
Level 25:bingo.evolutionary_optimizers.evolutionary_optimizer:Generation: 780 	 Elapsed time: 0:48:50.767070 	 Best training fitness: 6.860091e-02 	 
Level 25:bingo.evolutionary_optimizers.evolutionary_optimizer:780, 2.930767e+03, 9214868, 6.860091e-02, 6.858608e-02, 6.977654e-02, 7.168785e-02, 7.175211e-02, 8.381684e-02, 8.688308e-02, 1.030379e-01, 1.422550e-01, 1.594298e-01, 1.598915e-01, 1.636612e-01, 1.903135e-01, 1.922672e-01, 1.922762e-01
INFO:bingo.evolutionary_optimizers.parallel_archipelago:Evolution time 0:00:30.155983	 age 1540	 fitness 6.860e-02
Level 25:bingo.evolutionary_optimizers.evolutionary_optimizer:Generation: 790 	 Elapsed time: 0:49:21.150487 	 Best training fitness: 6.860091e-02 	 
Level 25:bingo.evolutionary_optimizers.evolutionary_optimizer:790, 2.961150e+03, 9353653, 6.860091e-02, 6.858608e-02, 6.977654e-02, 7.168785e-02, 7.175211e-02, 8.381684e-02, 8.688308e-02, 1.030379e-01, 1.354066e-01, 1.598915e-01, 1.636612e-01, 1.903135e-01, 1.922672e-01, 1.922762e-01
INFO:bingo.evolutionary_optimizers.parallel_archipelago:Evolution time 0:00:57.353712	 age 1570	 fitness 0.000e+00
Level 25:bingo.evolutionary_optimizers.evolutionary_optimizer:Generation: 800 	 Elapsed time: 0:50:18.729685 	 Best training fitness: 0.000000e+00 	 
Level 25:bingo.evolutionary_optimizers.evolutionary_optimizer:800, 3.018730e+03, 9523146, 0.000000e+00, 0.000000e+00, 1.922672e-01, 1.922762e-01
Level 25:bingo.evolutionary_optimizers.evolutionary_optimizer:Evolution successfully converged.
Level 25:bingo.evolutionary_optimizers.evolutionary_optimizer:  Absolte convergence occurred with best fitness < 1e-10
Level 25:bingo.evolutionary_optimizers.evolutionary_optimizer:Hall of Fame:
0.0	7	sin(log((X_1)(X_1) + (X_0)(X_0)))
0.1922671913253131	3	sin(-6.885528 + -6.885528)
0.19227619947331367	1	-0.933248
