Level 25:bingo.evolutionary_optimizers.evolutionary_optimizer:#generational_age, elapsed_time, fitness_evaluation_count, current_training_fitness, hall_of_fame_fitnesses
Level 25:bingo.evolutionary_optimizers.evolutionary_optimizer:#generational_age, elapsed_time, fitness_evaluation_count, current_training_fitness, hall_of_fame_fitnesses
Level 25:bingo.evolutionary_optimizers.evolutionary_optimizer:Generation: 0 	 Elapsed time: 0:00:05.288728 	 Best training fitness: 2.164046e-01 	 
Level 25:bingo.evolutionary_optimizers.evolutionary_optimizer:0, 5.288728e+00, 15214, 2.164046e-01
INFO:bingo.evolutionary_optimizers.parallel_archipelago:Evolution time 0:00:38.594235	 age 30	 fitness 2.152e-01
Level 25:bingo.evolutionary_optimizers.evolutionary_optimizer:Generation: 10 	 Elapsed time: 0:00:44.178528 	 Best training fitness: 2.151929e-01 	 
Level 25:bingo.evolutionary_optimizers.evolutionary_optimizer:10, 4.417853e+01, 127079, 2.151929e-01, 2.151929e-01, 2.163328e-01, 2.163794e-01
INFO:bingo.evolutionary_optimizers.parallel_archipelago:Evolution time 0:00:32.211804	 age 60	 fitness 2.152e-01
Level 25:bingo.evolutionary_optimizers.evolutionary_optimizer:Generation: 20 	 Elapsed time: 0:01:16.700123 	 Best training fitness: 2.151727e-01 	 
Level 25:bingo.evolutionary_optimizers.evolutionary_optimizer:20, 7.670012e+01, 228974, 2.151727e-01, 2.151727e-01, 2.162966e-01, 2.162983e-01, 2.163794e-01
INFO:bingo.evolutionary_optimizers.parallel_archipelago:Evolution time 0:00:30.006580	 age 90	 fitness 2.152e-01
Level 25:bingo.evolutionary_optimizers.evolutionary_optimizer:Generation: 30 	 Elapsed time: 0:01:47.045000 	 Best training fitness: 2.151727e-01 	 
Level 25:bingo.evolutionary_optimizers.evolutionary_optimizer:30, 1.070450e+02, 323875, 2.151727e-01, 2.151727e-01, 2.162966e-01, 2.162983e-01, 2.163794e-01
INFO:bingo.evolutionary_optimizers.parallel_archipelago:Evolution time 0:00:28.025450	 age 110	 fitness 2.151e-01
Level 25:bingo.evolutionary_optimizers.evolutionary_optimizer:Generation: 40 	 Elapsed time: 0:02:15.376109 	 Best training fitness: 2.150693e-01 	 
Level 25:bingo.evolutionary_optimizers.evolutionary_optimizer:40, 1.353761e+02, 396332, 2.150693e-01, 2.150693e-01, 2.151498e-01, 2.162302e-01, 2.162966e-01, 2.162983e-01, 2.163794e-01
INFO:bingo.evolutionary_optimizers.parallel_archipelago:Evolution time 0:00:29.103626	 age 130	 fitness 2.150e-01
Level 25:bingo.evolutionary_optimizers.evolutionary_optimizer:Generation: 50 	 Elapsed time: 0:02:44.793254 	 Best training fitness: 2.150134e-01 	 
Level 25:bingo.evolutionary_optimizers.evolutionary_optimizer:50, 1.647933e+02, 474770, 2.150134e-01, 2.150134e-01, 2.150230e-01, 2.151118e-01, 2.151498e-01, 2.152063e-01, 2.162834e-01, 2.162983e-01, 2.163794e-01
INFO:bingo.evolutionary_optimizers.parallel_archipelago:Evolution time 0:00:30.193477	 age 150	 fitness 2.150e-01
Level 25:bingo.evolutionary_optimizers.evolutionary_optimizer:Generation: 60 	 Elapsed time: 0:03:15.309971 	 Best training fitness: 2.149910e-01 	 
Level 25:bingo.evolutionary_optimizers.evolutionary_optimizer:60, 1.953100e+02, 553413, 2.149910e-01, 2.149910e-01, 2.152063e-01, 2.162834e-01, 2.162983e-01, 2.163794e-01
INFO:bingo.evolutionary_optimizers.parallel_archipelago:Evolution time 0:00:45.573735	 age 180	 fitness 2.150e-01
Level 25:bingo.evolutionary_optimizers.evolutionary_optimizer:Generation: 70 	 Elapsed time: 0:04:01.202050 	 Best training fitness: 2.149981e-01 	 
Level 25:bingo.evolutionary_optimizers.evolutionary_optimizer:70, 2.412021e+02, 676636, 2.149981e-01, 2.149910e-01, 2.152063e-01, 2.162834e-01, 2.162983e-01, 2.163794e-01
INFO:bingo.evolutionary_optimizers.parallel_archipelago:Evolution time 0:00:59.844757	 age 200	 fitness 2.148e-01
Level 25:bingo.evolutionary_optimizers.evolutionary_optimizer:Generation: 80 	 Elapsed time: 0:05:01.361508 	 Best training fitness: 2.148011e-01 	 
Level 25:bingo.evolutionary_optimizers.evolutionary_optimizer:80, 3.013615e+02, 789059, 2.148011e-01, 2.148011e-01, 2.151392e-01, 2.162121e-01, 2.162834e-01, 2.162983e-01, 2.163794e-01
INFO:bingo.evolutionary_optimizers.parallel_archipelago:Evolution time 0:00:23.271953	 age 220	 fitness 2.148e-01
Level 25:bingo.evolutionary_optimizers.evolutionary_optimizer:Generation: 90 	 Elapsed time: 0:05:24.940087 	 Best training fitness: 2.147536e-01 	 
Level 25:bingo.evolutionary_optimizers.evolutionary_optimizer:90, 3.249401e+02, 874449, 2.147536e-01, 2.147536e-01, 2.151392e-01, 2.158193e-01, 2.162121e-01, 2.162834e-01, 2.162980e-01, 2.162983e-01, 2.163794e-01
INFO:bingo.evolutionary_optimizers.parallel_archipelago:Evolution time 0:00:33.994697	 age 240	 fitness 2.136e-01
Level 25:bingo.evolutionary_optimizers.evolutionary_optimizer:Generation: 100 	 Elapsed time: 0:05:59.253785 	 Best training fitness: 2.136386e-01 	 
Level 25:bingo.evolutionary_optimizers.evolutionary_optimizer:100, 3.592538e+02, 974646, 2.136386e-01, 2.136386e-01, 2.147534e-01, 2.151392e-01, 2.151647e-01, 2.158793e-01, 2.162121e-01, 2.162834e-01, 2.162980e-01, 2.162983e-01, 2.163794e-01
INFO:bingo.evolutionary_optimizers.parallel_archipelago:Evolution time 0:00:32.333663	 age 270	 fitness 2.136e-01
Level 25:bingo.evolutionary_optimizers.evolutionary_optimizer:Generation: 110 	 Elapsed time: 0:06:31.844731 	 Best training fitness: 2.136063e-01 	 
Level 25:bingo.evolutionary_optimizers.evolutionary_optimizer:110, 3.918447e+02, 1075985, 2.136063e-01, 2.136063e-01, 2.143515e-01, 2.144406e-01, 2.145280e-01, 2.151158e-01, 2.151647e-01, 2.158793e-01, 2.162121e-01, 2.162834e-01, 2.162980e-01, 2.162983e-01, 2.163794e-01
INFO:bingo.evolutionary_optimizers.parallel_archipelago:Evolution time 0:00:44.982934	 age 280	 fitness 2.114e-01
Level 25:bingo.evolutionary_optimizers.evolutionary_optimizer:Generation: 120 	 Elapsed time: 0:07:17.089084 	 Best training fitness: 2.113959e-01 	 
Level 25:bingo.evolutionary_optimizers.evolutionary_optimizer:120, 4.370891e+02, 1172038, 2.113959e-01, 2.113959e-01, 2.143515e-01, 2.144014e-01, 2.151158e-01, 2.151647e-01, 2.158793e-01, 2.162121e-01, 2.162834e-01, 2.162980e-01, 2.162983e-01, 2.163176e-01
INFO:bingo.evolutionary_optimizers.parallel_archipelago:Evolution time 0:00:33.106117	 age 310	 fitness 2.114e-01
Level 25:bingo.evolutionary_optimizers.evolutionary_optimizer:Generation: 130 	 Elapsed time: 0:07:50.453214 	 Best training fitness: 2.113745e-01 	 
Level 25:bingo.evolutionary_optimizers.evolutionary_optimizer:130, 4.704532e+02, 1262043, 2.113745e-01, 2.113745e-01, 2.143408e-01, 2.144014e-01, 2.151158e-01, 2.151647e-01, 2.158793e-01, 2.162121e-01, 2.162834e-01, 2.162980e-01, 2.162983e-01, 2.163176e-01
INFO:bingo.evolutionary_optimizers.parallel_archipelago:Evolution time 0:00:39.334975	 age 320	 fitness 2.111e-01
Level 25:bingo.evolutionary_optimizers.evolutionary_optimizer:Generation: 140 	 Elapsed time: 0:08:30.045552 	 Best training fitness: 2.110959e-01 	 
Level 25:bingo.evolutionary_optimizers.evolutionary_optimizer:140, 5.100456e+02, 1349959, 2.110959e-01, 2.110959e-01, 2.112975e-01, 2.140688e-01, 2.158793e-01, 2.162121e-01, 2.162834e-01, 2.162931e-01, 2.162980e-01, 2.162983e-01, 2.163176e-01
INFO:bingo.evolutionary_optimizers.parallel_archipelago:Evolution time 0:00:44.309147	 age 330	 fitness 2.065e-01
Level 25:bingo.evolutionary_optimizers.evolutionary_optimizer:Generation: 150 	 Elapsed time: 0:09:14.611849 	 Best training fitness: 2.064663e-01 	 
Level 25:bingo.evolutionary_optimizers.evolutionary_optimizer:150, 5.546118e+02, 1438432, 2.064663e-01, 2.064663e-01, 2.112975e-01, 2.140307e-01, 2.158793e-01, 2.162121e-01, 2.162834e-01, 2.162931e-01, 2.162980e-01, 2.162983e-01, 2.163074e-01
INFO:bingo.evolutionary_optimizers.parallel_archipelago:Evolution time 0:00:43.890840	 age 360	 fitness 2.043e-01
Level 25:bingo.evolutionary_optimizers.evolutionary_optimizer:Generation: 160 	 Elapsed time: 0:09:58.789104 	 Best training fitness: 2.043150e-01 	 
Level 25:bingo.evolutionary_optimizers.evolutionary_optimizer:160, 5.987891e+02, 1557031, 2.043150e-01, 2.043150e-01, 2.083977e-01, 2.111322e-01, 2.139733e-01, 2.139754e-01, 2.162121e-01, 2.162834e-01, 2.162931e-01, 2.162980e-01, 2.162983e-01, 2.163074e-01
INFO:bingo.evolutionary_optimizers.parallel_archipelago:Evolution time 0:00:36.839488	 age 370	 fitness 1.908e-01
Level 25:bingo.evolutionary_optimizers.evolutionary_optimizer:Generation: 170 	 Elapsed time: 0:10:35.937520 	 Best training fitness: 1.908349e-01 	 
Level 25:bingo.evolutionary_optimizers.evolutionary_optimizer:170, 6.359375e+02, 1657569, 1.908349e-01, 1.908349e-01, 2.083977e-01, 2.111322e-01, 2.138999e-01, 2.162121e-01, 2.162819e-01, 2.162931e-01, 2.162980e-01, 2.162983e-01, 2.163074e-01
INFO:bingo.evolutionary_optimizers.parallel_archipelago:Evolution time 0:00:30.813010	 age 380	 fitness 1.818e-01
Level 25:bingo.evolutionary_optimizers.evolutionary_optimizer:Generation: 180 	 Elapsed time: 0:11:07.010714 	 Best training fitness: 1.818333e-01 	 
Level 25:bingo.evolutionary_optimizers.evolutionary_optimizer:180, 6.670107e+02, 1748250, 1.818333e-01, 1.818333e-01, 1.849708e-01, 2.083977e-01, 2.111322e-01, 2.138999e-01, 2.162121e-01, 2.162819e-01, 2.162931e-01, 2.162980e-01, 2.162983e-01, 2.163074e-01
INFO:bingo.evolutionary_optimizers.parallel_archipelago:Evolution time 0:00:31.162436	 age 400	 fitness 1.690e-01
Level 25:bingo.evolutionary_optimizers.evolutionary_optimizer:Generation: 190 	 Elapsed time: 0:11:38.430985 	 Best training fitness: 1.689976e-01 	 
Level 25:bingo.evolutionary_optimizers.evolutionary_optimizer:190, 6.984310e+02, 1852093, 1.689976e-01, 1.689976e-01, 1.849708e-01, 1.992082e-01, 2.138999e-01, 2.162121e-01, 2.162819e-01, 2.162871e-01, 2.162931e-01, 2.162980e-01, 2.162983e-01, 2.163074e-01
INFO:bingo.evolutionary_optimizers.parallel_archipelago:Evolution time 0:00:52.912765	 age 410	 fitness 1.690e-01
Level 25:bingo.evolutionary_optimizers.evolutionary_optimizer:Generation: 200 	 Elapsed time: 0:12:31.593735 	 Best training fitness: 1.690010e-01 	 
Level 25:bingo.evolutionary_optimizers.evolutionary_optimizer:200, 7.515937e+02, 1956323, 1.690010e-01, 1.689976e-01, 1.787854e-01, 1.876481e-01, 2.138999e-01, 2.162121e-01, 2.162819e-01, 2.162871e-01, 2.162931e-01, 2.162980e-01, 2.162983e-01, 2.163074e-01
INFO:bingo.evolutionary_optimizers.parallel_archipelago:Evolution time 0:00:47.971576	 age 440	 fitness 1.560e-01
Level 25:bingo.evolutionary_optimizers.evolutionary_optimizer:Generation: 210 	 Elapsed time: 0:13:19.815427 	 Best training fitness: 1.559688e-01 	 
Level 25:bingo.evolutionary_optimizers.evolutionary_optimizer:210, 7.998154e+02, 2103098, 1.559688e-01, 1.559688e-01, 1.689832e-01, 1.714340e-01, 1.787854e-01, 1.876481e-01, 2.138999e-01, 2.162121e-01, 2.162819e-01, 2.162871e-01, 2.162931e-01, 2.162980e-01, 2.162983e-01, 2.163074e-01
INFO:bingo.evolutionary_optimizers.parallel_archipelago:Evolution time 0:00:28.067995	 age 450	 fitness 1.509e-01
Level 25:bingo.evolutionary_optimizers.evolutionary_optimizer:Generation: 220 	 Elapsed time: 0:13:48.135933 	 Best training fitness: 1.509412e-01 	 
Level 25:bingo.evolutionary_optimizers.evolutionary_optimizer:220, 8.281359e+02, 2204641, 1.509412e-01, 1.509412e-01, 1.689832e-01, 1.714340e-01, 1.787313e-01, 1.876442e-01, 2.138999e-01, 2.162121e-01, 2.162819e-01, 2.162871e-01, 2.162931e-01, 2.162980e-01, 2.162983e-01, 2.163074e-01
INFO:bingo.evolutionary_optimizers.parallel_archipelago:Evolution time 0:00:45.101940	 age 460	 fitness 1.509e-01
Level 25:bingo.evolutionary_optimizers.evolutionary_optimizer:Generation: 230 	 Elapsed time: 0:14:33.518502 	 Best training fitness: 1.509412e-01 	 
Level 25:bingo.evolutionary_optimizers.evolutionary_optimizer:230, 8.735185e+02, 2321213, 1.509412e-01, 1.509412e-01, 1.655101e-01, 1.665470e-01, 1.787313e-01, 1.876442e-01, 2.138945e-01, 2.162121e-01, 2.162819e-01, 2.162871e-01, 2.162931e-01, 2.162980e-01, 2.162983e-01, 2.163074e-01
INFO:bingo.evolutionary_optimizers.parallel_archipelago:Evolution time 0:00:50.175152	 age 470	 fitness 1.509e-01
Level 25:bingo.evolutionary_optimizers.evolutionary_optimizer:Generation: 240 	 Elapsed time: 0:15:23.947853 	 Best training fitness: 1.508924e-01 	 
Level 25:bingo.evolutionary_optimizers.evolutionary_optimizer:240, 9.239479e+02, 2425130, 1.508924e-01, 1.508924e-01, 1.511414e-01, 1.655101e-01, 1.657920e-01, 1.787313e-01, 1.876442e-01, 2.138945e-01, 2.162121e-01, 2.162819e-01, 2.162871e-01, 2.162931e-01, 2.162980e-01, 2.162983e-01, 2.163074e-01
INFO:bingo.evolutionary_optimizers.parallel_archipelago:Evolution time 0:00:46.055437	 age 480	 fitness 1.509e-01
Level 25:bingo.evolutionary_optimizers.evolutionary_optimizer:Generation: 250 	 Elapsed time: 0:16:10.259843 	 Best training fitness: 1.509050e-01 	 
Level 25:bingo.evolutionary_optimizers.evolutionary_optimizer:250, 9.702598e+02, 2526125, 1.509050e-01, 1.508924e-01, 1.511414e-01, 1.655101e-01, 1.657920e-01, 1.787313e-01, 1.876442e-01, 2.138945e-01, 2.162121e-01, 2.162819e-01, 2.162871e-01, 2.162931e-01, 2.162980e-01, 2.162983e-01, 2.163074e-01
INFO:bingo.evolutionary_optimizers.parallel_archipelago:Evolution time 0:00:51.626923	 age 500	 fitness 1.496e-01
Level 25:bingo.evolutionary_optimizers.evolutionary_optimizer:Generation: 260 	 Elapsed time: 0:17:02.145970 	 Best training fitness: 1.496154e-01 	 
Level 25:bingo.evolutionary_optimizers.evolutionary_optimizer:260, 1.022146e+03, 2646651, 1.496154e-01, 1.496154e-01, 1.511414e-01, 1.655101e-01, 1.657920e-01, 1.787313e-01, 1.876442e-01, 2.138945e-01, 2.162121e-01, 2.162763e-01, 2.162931e-01, 2.162980e-01, 2.162983e-01, 2.163074e-01
INFO:bingo.evolutionary_optimizers.parallel_archipelago:Evolution time 0:00:47.212208	 age 520	 fitness 1.483e-01
Level 25:bingo.evolutionary_optimizers.evolutionary_optimizer:Generation: 270 	 Elapsed time: 0:17:49.614903 	 Best training fitness: 1.482845e-01 	 
Level 25:bingo.evolutionary_optimizers.evolutionary_optimizer:270, 1.069615e+03, 2766744, 1.482845e-01, 1.482845e-01, 1.496154e-01, 1.509023e-01, 1.655101e-01, 1.657920e-01, 1.714451e-01, 1.783487e-01, 2.138945e-01, 2.162121e-01, 2.162763e-01, 2.162931e-01, 2.162980e-01, 2.162983e-01, 2.163074e-01
INFO:bingo.evolutionary_optimizers.parallel_archipelago:Evolution time 0:01:04.032871	 age 560	 fitness 1.482e-01
Level 25:bingo.evolutionary_optimizers.evolutionary_optimizer:Generation: 280 	 Elapsed time: 0:18:53.907008 	 Best training fitness: 1.482181e-01 	 
Level 25:bingo.evolutionary_optimizers.evolutionary_optimizer:280, 1.133907e+03, 2906702, 1.482181e-01, 1.482181e-01, 1.495669e-01, 1.508979e-01, 1.655101e-01, 1.657920e-01, 1.714451e-01, 1.783314e-01, 2.138945e-01, 2.162121e-01, 2.162763e-01, 2.162931e-01, 2.162980e-01, 2.162983e-01, 2.163074e-01
INFO:bingo.evolutionary_optimizers.parallel_archipelago:Evolution time 0:01:02.532150	 age 600	 fitness 1.455e-01
Level 25:bingo.evolutionary_optimizers.evolutionary_optimizer:Generation: 290 	 Elapsed time: 0:19:56.697504 	 Best training fitness: 1.454805e-01 	 
Level 25:bingo.evolutionary_optimizers.evolutionary_optimizer:290, 1.196698e+03, 3040702, 1.454805e-01, 1.454805e-01, 1.495669e-01, 1.508979e-01, 1.511468e-01, 1.657920e-01, 1.714451e-01, 1.733394e-01, 1.783314e-01, 2.138945e-01, 2.162121e-01, 2.162763e-01, 2.162931e-01, 2.162980e-01, 2.162983e-01, 2.163074e-01
INFO:bingo.evolutionary_optimizers.parallel_archipelago:Evolution time 0:00:27.535053	 age 610	 fitness 1.384e-01
Level 25:bingo.evolutionary_optimizers.evolutionary_optimizer:Generation: 300 	 Elapsed time: 0:20:24.485609 	 Best training fitness: 1.383982e-01 	 
Level 25:bingo.evolutionary_optimizers.evolutionary_optimizer:300, 1.224486e+03, 3131803, 1.383982e-01, 1.383982e-01, 1.495669e-01, 1.508979e-01, 1.511468e-01, 1.657920e-01, 1.714451e-01, 1.733394e-01, 1.783314e-01, 2.138945e-01, 2.162121e-01, 2.162763e-01, 2.162931e-01, 2.162980e-01, 2.162983e-01, 2.163074e-01
INFO:bingo.evolutionary_optimizers.parallel_archipelago:Evolution time 0:01:01.077700	 age 620	 fitness 1.384e-01
Level 25:bingo.evolutionary_optimizers.evolutionary_optimizer:Generation: 310 	 Elapsed time: 0:21:25.817294 	 Best training fitness: 1.384036e-01 	 
Level 25:bingo.evolutionary_optimizers.evolutionary_optimizer:310, 1.285817e+03, 3261304, 1.384036e-01, 1.383982e-01, 1.488563e-01, 1.502306e-01, 1.503964e-01, 1.657920e-01, 1.714451e-01, 1.733394e-01, 1.783314e-01, 2.019412e-01, 2.144135e-01, 2.162763e-01, 2.162931e-01, 2.162980e-01, 2.162983e-01, 2.163022e-01
INFO:bingo.evolutionary_optimizers.parallel_archipelago:Evolution time 0:00:28.039860	 age 640	 fitness 1.384e-01
Level 25:bingo.evolutionary_optimizers.evolutionary_optimizer:Generation: 320 	 Elapsed time: 0:21:54.104091 	 Best training fitness: 1.383841e-01 	 
Level 25:bingo.evolutionary_optimizers.evolutionary_optimizer:320, 1.314104e+03, 3371519, 1.383841e-01, 1.383841e-01, 1.488563e-01, 1.501993e-01, 1.503964e-01, 1.657920e-01, 1.714451e-01, 1.733394e-01, 1.783314e-01, 2.019046e-01, 2.144135e-01, 2.162763e-01, 2.162892e-01
INFO:bingo.evolutionary_optimizers.parallel_archipelago:Evolution time 0:00:34.635580	 age 670	 fitness 1.324e-01
Level 25:bingo.evolutionary_optimizers.evolutionary_optimizer:Generation: 330 	 Elapsed time: 0:22:28.981728 	 Best training fitness: 1.324172e-01 	 
Level 25:bingo.evolutionary_optimizers.evolutionary_optimizer:330, 1.348982e+03, 3471701, 1.324172e-01, 1.324172e-01, 1.383691e-01, 1.436184e-01, 1.440452e-01, 1.501993e-01, 1.503964e-01, 1.657920e-01, 1.714451e-01, 1.733394e-01, 1.783314e-01, 2.018889e-01, 2.144135e-01, 2.162763e-01, 2.162892e-01
INFO:bingo.evolutionary_optimizers.parallel_archipelago:Evolution time 0:00:39.070172	 age 680	 fitness 1.130e-01
Level 25:bingo.evolutionary_optimizers.evolutionary_optimizer:Generation: 340 	 Elapsed time: 0:23:08.300182 	 Best training fitness: 1.130378e-01 	 
Level 25:bingo.evolutionary_optimizers.evolutionary_optimizer:340, 1.388300e+03, 3562892, 1.130378e-01, 1.130378e-01, 1.324097e-01, 1.383691e-01, 1.384038e-01, 1.440452e-01, 1.501993e-01, 1.503964e-01, 1.642577e-01, 1.714451e-01, 1.733394e-01, 1.783314e-01, 2.018889e-01, 2.143892e-01, 2.162763e-01, 2.162892e-01
INFO:bingo.evolutionary_optimizers.parallel_archipelago:Evolution time 0:00:52.814247	 age 720	 fitness 7.384e-02
Level 25:bingo.evolutionary_optimizers.evolutionary_optimizer:Generation: 350 	 Elapsed time: 0:24:01.359575 	 Best training fitness: 7.383909e-02 	 
Level 25:bingo.evolutionary_optimizers.evolutionary_optimizer:350, 1.441360e+03, 3687688, 7.383909e-02, 7.383909e-02, 2.162763e-01, 2.162892e-01
INFO:bingo.evolutionary_optimizers.parallel_archipelago:Evolution time 0:00:23.614800	 age 740	 fitness 6.829e-02
Level 25:bingo.evolutionary_optimizers.evolutionary_optimizer:Generation: 360 	 Elapsed time: 0:24:25.205987 	 Best training fitness: 6.828686e-02 	 
Level 25:bingo.evolutionary_optimizers.evolutionary_optimizer:360, 1.465206e+03, 3778337, 6.828686e-02, 6.828686e-02, 6.856582e-02, 7.382814e-02, 2.162763e-01, 2.162892e-01
INFO:bingo.evolutionary_optimizers.parallel_archipelago:Evolution time 0:00:33.524189	 age 760	 fitness 0.000e+00
Level 25:bingo.evolutionary_optimizers.evolutionary_optimizer:Generation: 370 	 Elapsed time: 0:24:58.988131 	 Best training fitness: 0.000000e+00 	 
Level 25:bingo.evolutionary_optimizers.evolutionary_optimizer:370, 1.498988e+03, 3872957, 0.000000e+00, 0.000000e+00, 2.162763e-01, 2.162892e-01
Level 25:bingo.evolutionary_optimizers.evolutionary_optimizer:Evolution successfully converged.
Level 25:bingo.evolutionary_optimizers.evolutionary_optimizer:  Absolte convergence occurred with best fitness < 1e-10
Level 25:bingo.evolutionary_optimizers.evolutionary_optimizer:Hall of Fame:
0.0	7	sin(log((X_1)(X_1) + (X_0)(X_0)))
0.21627634186724315	5	sin(log(sin(sin(-0.145201))))
0.2162892067044617	1	-0.934005
