Level 25:bingo.evolutionary_optimizers.evolutionary_optimizer:#generational_age, elapsed_time, fitness_evaluation_count, current_training_fitness, hall_of_fame_fitnesses
Level 25:bingo.evolutionary_optimizers.evolutionary_optimizer:#generational_age, elapsed_time, fitness_evaluation_count, current_training_fitness, hall_of_fame_fitnesses
Level 25:bingo.evolutionary_optimizers.evolutionary_optimizer:Generation: 0 	 Elapsed time: 0:00:03.494227 	 Best training fitness: 2.497146e-02 	 
Level 25:bingo.evolutionary_optimizers.evolutionary_optimizer:0, 3.494227e+00, 12736, 2.497146e-02
INFO:bingo.evolutionary_optimizers.parallel_archipelago:Evolution time 0:00:45.717952	 age 40	 fitness 2.426e-02
Level 25:bingo.evolutionary_optimizers.evolutionary_optimizer:Generation: 10 	 Elapsed time: 0:00:49.417280 	 Best training fitness: 2.425552e-02 	 
Level 25:bingo.evolutionary_optimizers.evolutionary_optimizer:10, 4.941728e+01, 131323, 2.425552e-02, 2.425552e-02, 2.440991e-02, 2.478930e-02, 2.537962e-02
INFO:bingo.evolutionary_optimizers.parallel_archipelago:Evolution time 0:00:20.929243	 age 50	 fitness 2.430e-02
Level 25:bingo.evolutionary_optimizers.evolutionary_optimizer:Generation: 20 	 Elapsed time: 0:01:10.563847 	 Best training fitness: 2.430027e-02 	 
Level 25:bingo.evolutionary_optimizers.evolutionary_optimizer:20, 7.056385e+01, 194879, 2.430027e-02, 2.425552e-02, 2.440991e-02, 2.460112e-02, 2.478930e-02, 2.537962e-02
INFO:bingo.evolutionary_optimizers.parallel_archipelago:Evolution time 0:00:25.090960	 age 60	 fitness 2.427e-02
Level 25:bingo.evolutionary_optimizers.evolutionary_optimizer:Generation: 30 	 Elapsed time: 0:01:35.904601 	 Best training fitness: 2.427056e-02 	 
Level 25:bingo.evolutionary_optimizers.evolutionary_optimizer:30, 9.590460e+01, 269093, 2.427056e-02, 2.425552e-02, 2.440991e-02, 2.460112e-02, 2.469328e-02, 2.485032e-02
INFO:bingo.evolutionary_optimizers.parallel_archipelago:Evolution time 0:00:32.760210	 age 80	 fitness 2.418e-02
Level 25:bingo.evolutionary_optimizers.evolutionary_optimizer:Generation: 40 	 Elapsed time: 0:02:08.885588 	 Best training fitness: 2.418134e-02 	 
Level 25:bingo.evolutionary_optimizers.evolutionary_optimizer:40, 1.288856e+02, 347895, 2.418134e-02, 2.418134e-02, 2.425552e-02, 2.431748e-02, 2.440991e-02, 2.445749e-02, 2.460491e-02
INFO:bingo.evolutionary_optimizers.parallel_archipelago:Evolution time 0:00:26.328103	 age 100	 fitness 2.418e-02
Level 25:bingo.evolutionary_optimizers.evolutionary_optimizer:Generation: 50 	 Elapsed time: 0:02:35.434005 	 Best training fitness: 2.418134e-02 	 
Level 25:bingo.evolutionary_optimizers.evolutionary_optimizer:50, 1.554340e+02, 411146, 2.418134e-02, 2.418134e-02, 2.425552e-02, 2.431748e-02, 2.439826e-02, 2.445749e-02, 2.460491e-02
INFO:bingo.evolutionary_optimizers.parallel_archipelago:Evolution time 0:00:19.946777	 age 110	 fitness 2.425e-02
Level 25:bingo.evolutionary_optimizers.evolutionary_optimizer:Generation: 60 	 Elapsed time: 0:02:55.597554 	 Best training fitness: 2.424678e-02 	 
Level 25:bingo.evolutionary_optimizers.evolutionary_optimizer:60, 1.755976e+02, 465057, 2.424678e-02, 2.418134e-02, 2.425552e-02, 2.431748e-02, 2.439758e-02
INFO:bingo.evolutionary_optimizers.parallel_archipelago:Evolution time 0:00:27.588785	 age 130	 fitness 2.418e-02
Level 25:bingo.evolutionary_optimizers.evolutionary_optimizer:Generation: 70 	 Elapsed time: 0:03:23.400874 	 Best training fitness: 2.418145e-02 	 
Level 25:bingo.evolutionary_optimizers.evolutionary_optimizer:70, 2.034009e+02, 538682, 2.418145e-02, 2.418134e-02, 2.418145e-02
INFO:bingo.evolutionary_optimizers.parallel_archipelago:Evolution time 0:00:25.012788	 age 140	 fitness 2.426e-02
Level 25:bingo.evolutionary_optimizers.evolutionary_optimizer:Generation: 80 	 Elapsed time: 0:03:48.626554 	 Best training fitness: 2.426444e-02 	 
Level 25:bingo.evolutionary_optimizers.evolutionary_optimizer:80, 2.286266e+02, 612770, 2.426444e-02, 2.418134e-02, 2.418145e-02
INFO:bingo.evolutionary_optimizers.parallel_archipelago:Evolution time 0:00:37.696511	 age 170	 fitness 2.426e-02
Level 25:bingo.evolutionary_optimizers.evolutionary_optimizer:Generation: 90 	 Elapsed time: 0:04:26.534984 	 Best training fitness: 2.426055e-02 	 
Level 25:bingo.evolutionary_optimizers.evolutionary_optimizer:90, 2.665350e+02, 685232, 2.426055e-02, 2.418134e-02, 2.418145e-02
INFO:bingo.evolutionary_optimizers.parallel_archipelago:Evolution time 0:00:24.113196	 age 190	 fitness 2.404e-02
Level 25:bingo.evolutionary_optimizers.evolutionary_optimizer:Generation: 100 	 Elapsed time: 0:04:50.899932 	 Best training fitness: 2.404182e-02 	 
Level 25:bingo.evolutionary_optimizers.evolutionary_optimizer:100, 2.908999e+02, 748803, 2.404182e-02, 2.404182e-02, 2.418134e-02, 2.418145e-02
INFO:bingo.evolutionary_optimizers.parallel_archipelago:Evolution time 0:00:15.538053	 age 200	 fitness 2.233e-02
Level 25:bingo.evolutionary_optimizers.evolutionary_optimizer:Generation: 110 	 Elapsed time: 0:05:06.650199 	 Best training fitness: 2.232783e-02 	 
Level 25:bingo.evolutionary_optimizers.evolutionary_optimizer:110, 3.066502e+02, 807458, 2.232783e-02, 2.232783e-02, 2.404182e-02, 2.418134e-02, 2.418145e-02
INFO:bingo.evolutionary_optimizers.parallel_archipelago:Evolution time 0:00:24.143509	 age 210	 fitness 2.132e-02
Level 25:bingo.evolutionary_optimizers.evolutionary_optimizer:Generation: 120 	 Elapsed time: 0:05:31.037991 	 Best training fitness: 2.131563e-02 	 
Level 25:bingo.evolutionary_optimizers.evolutionary_optimizer:120, 3.310380e+02, 876166, 2.131563e-02, 2.131563e-02, 2.232783e-02, 2.244173e-02, 2.418134e-02, 2.418145e-02
INFO:bingo.evolutionary_optimizers.parallel_archipelago:Evolution time 0:00:21.068816	 age 230	 fitness 2.088e-02
Level 25:bingo.evolutionary_optimizers.evolutionary_optimizer:Generation: 130 	 Elapsed time: 0:05:52.327233 	 Best training fitness: 2.087619e-02 	 
Level 25:bingo.evolutionary_optimizers.evolutionary_optimizer:130, 3.523272e+02, 955263, 2.087619e-02, 2.087619e-02, 2.230171e-02, 2.415970e-02, 2.418145e-02
INFO:bingo.evolutionary_optimizers.parallel_archipelago:Evolution time 0:00:40.508387	 age 270	 fitness 2.077e-02
Level 25:bingo.evolutionary_optimizers.evolutionary_optimizer:Generation: 140 	 Elapsed time: 0:06:33.059576 	 Best training fitness: 2.076863e-02 	 
Level 25:bingo.evolutionary_optimizers.evolutionary_optimizer:140, 3.930596e+02, 1051379, 2.076863e-02, 2.076863e-02, 2.087619e-02, 2.230171e-02, 2.415970e-02, 2.418145e-02
INFO:bingo.evolutionary_optimizers.parallel_archipelago:Evolution time 0:00:41.658609	 age 280	 fitness 2.062e-02
Level 25:bingo.evolutionary_optimizers.evolutionary_optimizer:Generation: 150 	 Elapsed time: 0:07:14.947401 	 Best training fitness: 2.061977e-02 	 
Level 25:bingo.evolutionary_optimizers.evolutionary_optimizer:150, 4.349474e+02, 1165186, 2.061977e-02, 2.061977e-02, 2.070930e-02, 2.230171e-02, 2.415970e-02, 2.418145e-02
INFO:bingo.evolutionary_optimizers.parallel_archipelago:Evolution time 0:00:22.882884	 age 290	 fitness 2.038e-02
Level 25:bingo.evolutionary_optimizers.evolutionary_optimizer:Generation: 160 	 Elapsed time: 0:07:38.055634 	 Best training fitness: 2.038053e-02 	 
Level 25:bingo.evolutionary_optimizers.evolutionary_optimizer:160, 4.580556e+02, 1244639, 2.038053e-02, 2.038053e-02, 2.061977e-02, 2.064496e-02, 2.230171e-02, 2.415970e-02, 2.418145e-02
INFO:bingo.evolutionary_optimizers.parallel_archipelago:Evolution time 0:00:26.440755	 age 310	 fitness 2.058e-02
Level 25:bingo.evolutionary_optimizers.evolutionary_optimizer:Generation: 170 	 Elapsed time: 0:08:04.752809 	 Best training fitness: 2.057770e-02 	 
Level 25:bingo.evolutionary_optimizers.evolutionary_optimizer:170, 4.847528e+02, 1328294, 2.057770e-02, 2.038053e-02, 2.061977e-02, 2.064496e-02, 2.230171e-02, 2.415970e-02, 2.418145e-02
INFO:bingo.evolutionary_optimizers.parallel_archipelago:Evolution time 0:00:29.619686	 age 330	 fitness 2.063e-02
Level 25:bingo.evolutionary_optimizers.evolutionary_optimizer:Generation: 180 	 Elapsed time: 0:08:34.611044 	 Best training fitness: 2.062859e-02 	 
Level 25:bingo.evolutionary_optimizers.evolutionary_optimizer:180, 5.146110e+02, 1408502, 2.062859e-02, 2.038053e-02, 2.061977e-02, 2.062859e-02, 2.230171e-02, 2.413114e-02, 2.418145e-02
INFO:bingo.evolutionary_optimizers.parallel_archipelago:Evolution time 0:00:26.126878	 age 340	 fitness 1.868e-02
Level 25:bingo.evolutionary_optimizers.evolutionary_optimizer:Generation: 190 	 Elapsed time: 0:09:00.987034 	 Best training fitness: 1.867984e-02 	 
Level 25:bingo.evolutionary_optimizers.evolutionary_optimizer:190, 5.409870e+02, 1478039, 1.867984e-02, 1.867984e-02, 2.038053e-02, 2.061977e-02, 2.062859e-02, 2.230171e-02, 2.413114e-02, 2.418145e-02
INFO:bingo.evolutionary_optimizers.parallel_archipelago:Evolution time 0:00:33.591661	 age 350	 fitness 1.862e-02
Level 25:bingo.evolutionary_optimizers.evolutionary_optimizer:Generation: 200 	 Elapsed time: 0:09:34.840435 	 Best training fitness: 1.862455e-02 	 
Level 25:bingo.evolutionary_optimizers.evolutionary_optimizer:200, 5.748404e+02, 1568461, 1.862455e-02, 1.862455e-02, 2.030911e-02, 2.031954e-02, 2.061977e-02, 2.062666e-02, 2.230171e-02, 2.413114e-02, 2.418145e-02
INFO:bingo.evolutionary_optimizers.parallel_archipelago:Evolution time 0:00:46.139087	 age 380	 fitness 1.843e-02
Level 25:bingo.evolutionary_optimizers.evolutionary_optimizer:Generation: 210 	 Elapsed time: 0:10:21.319702 	 Best training fitness: 1.842898e-02 	 
Level 25:bingo.evolutionary_optimizers.evolutionary_optimizer:210, 6.213197e+02, 1685839, 1.842898e-02, 1.842898e-02, 1.896880e-02, 2.026133e-02, 2.031954e-02, 2.061977e-02, 2.062666e-02, 2.230171e-02, 2.413114e-02, 2.418145e-02
INFO:bingo.evolutionary_optimizers.parallel_archipelago:Evolution time 0:00:53.640044	 age 390	 fitness 1.854e-02
Level 25:bingo.evolutionary_optimizers.evolutionary_optimizer:Generation: 220 	 Elapsed time: 0:11:15.233894 	 Best training fitness: 1.853517e-02 	 
Level 25:bingo.evolutionary_optimizers.evolutionary_optimizer:220, 6.752339e+02, 1782039, 1.853517e-02, 1.842898e-02, 1.896880e-02, 2.026133e-02, 2.029651e-02, 2.061977e-02, 2.062666e-02, 2.230171e-02, 2.413114e-02, 2.418145e-02
INFO:bingo.evolutionary_optimizers.parallel_archipelago:Evolution time 0:00:28.858159	 age 410	 fitness 1.854e-02
Level 25:bingo.evolutionary_optimizers.evolutionary_optimizer:Generation: 230 	 Elapsed time: 0:11:44.361791 	 Best training fitness: 1.854461e-02 	 
Level 25:bingo.evolutionary_optimizers.evolutionary_optimizer:230, 7.043618e+02, 1882479, 1.854461e-02, 1.842898e-02, 1.896880e-02, 2.026133e-02, 2.029651e-02, 2.061977e-02, 2.062666e-02, 2.230171e-02, 2.413114e-02, 2.418145e-02
INFO:bingo.evolutionary_optimizers.parallel_archipelago:Evolution time 0:00:40.220596	 age 420	 fitness 3.707e-03
Level 25:bingo.evolutionary_optimizers.evolutionary_optimizer:Generation: 240 	 Elapsed time: 0:12:24.878586 	 Best training fitness: 3.706678e-03 	 
Level 25:bingo.evolutionary_optimizers.evolutionary_optimizer:240, 7.448786e+02, 1967616, 3.706678e-03, 3.706678e-03, 2.413114e-02, 2.418145e-02
INFO:bingo.evolutionary_optimizers.parallel_archipelago:Evolution time 0:00:37.497928	 age 430	 fitness 0.000e+00
Level 25:bingo.evolutionary_optimizers.evolutionary_optimizer:Generation: 250 	 Elapsed time: 0:13:02.632859 	 Best training fitness: 0.000000e+00 	 
Level 25:bingo.evolutionary_optimizers.evolutionary_optimizer:250, 7.826329e+02, 2054839, 0.000000e+00, 0.000000e+00, 2.418145e-02
Level 25:bingo.evolutionary_optimizers.evolutionary_optimizer:Evolution successfully converged.
Level 25:bingo.evolutionary_optimizers.evolutionary_optimizer:  Absolte convergence occurred with best fitness < 1e-10
Level 25:bingo.evolutionary_optimizers.evolutionary_optimizer:Hall of Fame:
0.0	7	sin(log((X_0)(X_0) + (X_1)(X_1)))
0.024181447297349768	1	-0.935497
