Level 25:bingo.evolutionary_optimizers.evolutionary_optimizer:#generational_age, elapsed_time, fitness_evaluation_count, current_training_fitness, hall_of_fame_fitnesses
Level 25:bingo.evolutionary_optimizers.evolutionary_optimizer:#generational_age, elapsed_time, fitness_evaluation_count, current_training_fitness, hall_of_fame_fitnesses
Level 25:bingo.evolutionary_optimizers.evolutionary_optimizer:Generation: 0 	 Elapsed time: 0:00:03.336029 	 Best training fitness: 2.497146e-02 	 
Level 25:bingo.evolutionary_optimizers.evolutionary_optimizer:0, 3.336029e+00, 12736, 2.497146e-02
INFO:bingo.evolutionary_optimizers.parallel_archipelago:Evolution time 0:00:45.718054	 age 20	 fitness 2.426e-02
Level 25:bingo.evolutionary_optimizers.evolutionary_optimizer:Generation: 10 	 Elapsed time: 0:00:49.259073 	 Best training fitness: 2.425552e-02 	 
Level 25:bingo.evolutionary_optimizers.evolutionary_optimizer:10, 4.925907e+01, 131323, 2.425552e-02, 2.425552e-02, 2.440991e-02, 2.478930e-02, 2.537962e-02
INFO:bingo.evolutionary_optimizers.parallel_archipelago:Evolution time 0:00:20.929233	 age 30	 fitness 2.430e-02
Level 25:bingo.evolutionary_optimizers.evolutionary_optimizer:Generation: 20 	 Elapsed time: 0:01:10.405643 	 Best training fitness: 2.430027e-02 	 
Level 25:bingo.evolutionary_optimizers.evolutionary_optimizer:20, 7.040564e+01, 194879, 2.430027e-02, 2.425552e-02, 2.440991e-02, 2.460112e-02, 2.478930e-02, 2.537962e-02
INFO:bingo.evolutionary_optimizers.parallel_archipelago:Evolution time 0:00:25.090945	 age 50	 fitness 2.427e-02
Level 25:bingo.evolutionary_optimizers.evolutionary_optimizer:Generation: 30 	 Elapsed time: 0:01:35.746406 	 Best training fitness: 2.427056e-02 	 
Level 25:bingo.evolutionary_optimizers.evolutionary_optimizer:30, 9.574641e+01, 269093, 2.427056e-02, 2.425552e-02, 2.440991e-02, 2.460112e-02, 2.469328e-02, 2.485032e-02
INFO:bingo.evolutionary_optimizers.parallel_archipelago:Evolution time 0:00:32.760336	 age 60	 fitness 2.418e-02
Level 25:bingo.evolutionary_optimizers.evolutionary_optimizer:Generation: 40 	 Elapsed time: 0:02:08.727382 	 Best training fitness: 2.418134e-02 	 
Level 25:bingo.evolutionary_optimizers.evolutionary_optimizer:40, 1.287274e+02, 347895, 2.418134e-02, 2.418134e-02, 2.425552e-02, 2.431748e-02, 2.440991e-02, 2.445749e-02, 2.460491e-02
INFO:bingo.evolutionary_optimizers.parallel_archipelago:Evolution time 0:00:26.328082	 age 70	 fitness 2.418e-02
Level 25:bingo.evolutionary_optimizers.evolutionary_optimizer:Generation: 50 	 Elapsed time: 0:02:35.275798 	 Best training fitness: 2.418134e-02 	 
Level 25:bingo.evolutionary_optimizers.evolutionary_optimizer:50, 1.552758e+02, 411146, 2.418134e-02, 2.418134e-02, 2.425552e-02, 2.431748e-02, 2.439826e-02, 2.445749e-02, 2.460491e-02
INFO:bingo.evolutionary_optimizers.parallel_archipelago:Evolution time 0:00:19.946774	 age 90	 fitness 2.425e-02
Level 25:bingo.evolutionary_optimizers.evolutionary_optimizer:Generation: 60 	 Elapsed time: 0:02:55.439356 	 Best training fitness: 2.424678e-02 	 
Level 25:bingo.evolutionary_optimizers.evolutionary_optimizer:60, 1.754394e+02, 465057, 2.424678e-02, 2.418134e-02, 2.425552e-02, 2.431748e-02, 2.439758e-02
INFO:bingo.evolutionary_optimizers.parallel_archipelago:Evolution time 0:00:27.588786	 age 100	 fitness 2.418e-02
Level 25:bingo.evolutionary_optimizers.evolutionary_optimizer:Generation: 70 	 Elapsed time: 0:03:23.242671 	 Best training fitness: 2.418145e-02 	 
Level 25:bingo.evolutionary_optimizers.evolutionary_optimizer:70, 2.032427e+02, 538682, 2.418145e-02, 2.418134e-02, 2.418145e-02
INFO:bingo.evolutionary_optimizers.parallel_archipelago:Evolution time 0:00:25.012792	 age 110	 fitness 2.426e-02
Level 25:bingo.evolutionary_optimizers.evolutionary_optimizer:Generation: 80 	 Elapsed time: 0:03:48.468363 	 Best training fitness: 2.426444e-02 	 
Level 25:bingo.evolutionary_optimizers.evolutionary_optimizer:80, 2.284684e+02, 612770, 2.426444e-02, 2.418134e-02, 2.418145e-02
INFO:bingo.evolutionary_optimizers.parallel_archipelago:Evolution time 0:00:37.696517	 age 120	 fitness 2.426e-02
Level 25:bingo.evolutionary_optimizers.evolutionary_optimizer:Generation: 90 	 Elapsed time: 0:04:26.376786 	 Best training fitness: 2.426055e-02 	 
Level 25:bingo.evolutionary_optimizers.evolutionary_optimizer:90, 2.663768e+02, 685232, 2.426055e-02, 2.418134e-02, 2.418145e-02
INFO:bingo.evolutionary_optimizers.parallel_archipelago:Evolution time 0:00:24.113196	 age 130	 fitness 2.404e-02
Level 25:bingo.evolutionary_optimizers.evolutionary_optimizer:Generation: 100 	 Elapsed time: 0:04:50.741734 	 Best training fitness: 2.404182e-02 	 
Level 25:bingo.evolutionary_optimizers.evolutionary_optimizer:100, 2.907417e+02, 748803, 2.404182e-02, 2.404182e-02, 2.418134e-02, 2.418145e-02
INFO:bingo.evolutionary_optimizers.parallel_archipelago:Evolution time 0:00:15.537609	 age 140	 fitness 2.233e-02
Level 25:bingo.evolutionary_optimizers.evolutionary_optimizer:Generation: 110 	 Elapsed time: 0:05:06.491988 	 Best training fitness: 2.232783e-02 	 
Level 25:bingo.evolutionary_optimizers.evolutionary_optimizer:110, 3.064920e+02, 807458, 2.232783e-02, 2.232783e-02, 2.404182e-02, 2.418134e-02, 2.418145e-02
INFO:bingo.evolutionary_optimizers.parallel_archipelago:Evolution time 0:00:24.144146	 age 150	 fitness 2.132e-02
Level 25:bingo.evolutionary_optimizers.evolutionary_optimizer:Generation: 120 	 Elapsed time: 0:05:30.879803 	 Best training fitness: 2.131563e-02 	 
Level 25:bingo.evolutionary_optimizers.evolutionary_optimizer:120, 3.308798e+02, 876166, 2.131563e-02, 2.131563e-02, 2.232783e-02, 2.244173e-02, 2.418134e-02, 2.418145e-02
INFO:bingo.evolutionary_optimizers.parallel_archipelago:Evolution time 0:00:21.069671	 age 160	 fitness 2.088e-02
Level 25:bingo.evolutionary_optimizers.evolutionary_optimizer:Generation: 130 	 Elapsed time: 0:05:52.169040 	 Best training fitness: 2.087619e-02 	 
Level 25:bingo.evolutionary_optimizers.evolutionary_optimizer:130, 3.521690e+02, 955263, 2.087619e-02, 2.087619e-02, 2.230171e-02, 2.415970e-02, 2.418145e-02
INFO:bingo.evolutionary_optimizers.parallel_archipelago:Evolution time 0:00:40.509312	 age 170	 fitness 2.077e-02
Level 25:bingo.evolutionary_optimizers.evolutionary_optimizer:Generation: 140 	 Elapsed time: 0:06:32.901387 	 Best training fitness: 2.076863e-02 	 
Level 25:bingo.evolutionary_optimizers.evolutionary_optimizer:140, 3.929014e+02, 1051379, 2.076863e-02, 2.076863e-02, 2.087619e-02, 2.230171e-02, 2.415970e-02, 2.418145e-02
INFO:bingo.evolutionary_optimizers.parallel_archipelago:Evolution time 0:00:41.659491	 age 180	 fitness 2.062e-02
Level 25:bingo.evolutionary_optimizers.evolutionary_optimizer:Generation: 150 	 Elapsed time: 0:07:14.789211 	 Best training fitness: 2.061977e-02 	 
Level 25:bingo.evolutionary_optimizers.evolutionary_optimizer:150, 4.347892e+02, 1165186, 2.061977e-02, 2.061977e-02, 2.070930e-02, 2.230171e-02, 2.415970e-02, 2.418145e-02
INFO:bingo.evolutionary_optimizers.parallel_archipelago:Evolution time 0:00:22.883747	 age 190	 fitness 2.038e-02
Level 25:bingo.evolutionary_optimizers.evolutionary_optimizer:Generation: 160 	 Elapsed time: 0:07:37.897451 	 Best training fitness: 2.038053e-02 	 
Level 25:bingo.evolutionary_optimizers.evolutionary_optimizer:160, 4.578975e+02, 1244639, 2.038053e-02, 2.038053e-02, 2.061977e-02, 2.064496e-02, 2.230171e-02, 2.415970e-02, 2.418145e-02
INFO:bingo.evolutionary_optimizers.parallel_archipelago:Evolution time 0:00:26.441602	 age 200	 fitness 2.058e-02
Level 25:bingo.evolutionary_optimizers.evolutionary_optimizer:Generation: 170 	 Elapsed time: 0:08:04.594637 	 Best training fitness: 2.057770e-02 	 
Level 25:bingo.evolutionary_optimizers.evolutionary_optimizer:170, 4.845946e+02, 1328294, 2.057770e-02, 2.038053e-02, 2.061977e-02, 2.064496e-02, 2.230171e-02, 2.415970e-02, 2.418145e-02
INFO:bingo.evolutionary_optimizers.parallel_archipelago:Evolution time 0:00:29.620700	 age 210	 fitness 2.063e-02
Level 25:bingo.evolutionary_optimizers.evolutionary_optimizer:Generation: 180 	 Elapsed time: 0:08:34.452863 	 Best training fitness: 2.062859e-02 	 
Level 25:bingo.evolutionary_optimizers.evolutionary_optimizer:180, 5.144529e+02, 1408502, 2.062859e-02, 2.038053e-02, 2.061977e-02, 2.062859e-02, 2.230171e-02, 2.413114e-02, 2.418145e-02
INFO:bingo.evolutionary_optimizers.parallel_archipelago:Evolution time 0:00:26.127929	 age 220	 fitness 1.868e-02
Level 25:bingo.evolutionary_optimizers.evolutionary_optimizer:Generation: 190 	 Elapsed time: 0:09:00.828860 	 Best training fitness: 1.867984e-02 	 
Level 25:bingo.evolutionary_optimizers.evolutionary_optimizer:190, 5.408289e+02, 1478039, 1.867984e-02, 1.867984e-02, 2.038053e-02, 2.061977e-02, 2.062859e-02, 2.230171e-02, 2.413114e-02, 2.418145e-02
INFO:bingo.evolutionary_optimizers.parallel_archipelago:Evolution time 0:00:33.593131	 age 230	 fitness 1.862e-02
Level 25:bingo.evolutionary_optimizers.evolutionary_optimizer:Generation: 200 	 Elapsed time: 0:09:34.682260 	 Best training fitness: 1.862455e-02 	 
Level 25:bingo.evolutionary_optimizers.evolutionary_optimizer:200, 5.746823e+02, 1568461, 1.862455e-02, 1.862455e-02, 2.030911e-02, 2.031954e-02, 2.061977e-02, 2.062666e-02, 2.230171e-02, 2.413114e-02, 2.418145e-02
INFO:bingo.evolutionary_optimizers.parallel_archipelago:Evolution time 0:00:46.140713	 age 240	 fitness 1.843e-02
Level 25:bingo.evolutionary_optimizers.evolutionary_optimizer:Generation: 210 	 Elapsed time: 0:10:21.161550 	 Best training fitness: 1.842898e-02 	 
Level 25:bingo.evolutionary_optimizers.evolutionary_optimizer:210, 6.211616e+02, 1685839, 1.842898e-02, 1.842898e-02, 1.896880e-02, 2.026133e-02, 2.031954e-02, 2.061977e-02, 2.062666e-02, 2.230171e-02, 2.413114e-02, 2.418145e-02
INFO:bingo.evolutionary_optimizers.parallel_archipelago:Evolution time 0:00:53.641389	 age 260	 fitness 1.854e-02
Level 25:bingo.evolutionary_optimizers.evolutionary_optimizer:Generation: 220 	 Elapsed time: 0:11:15.075715 	 Best training fitness: 1.853517e-02 	 
Level 25:bingo.evolutionary_optimizers.evolutionary_optimizer:220, 6.750757e+02, 1782039, 1.853517e-02, 1.842898e-02, 1.896880e-02, 2.026133e-02, 2.029651e-02, 2.061977e-02, 2.062666e-02, 2.230171e-02, 2.413114e-02, 2.418145e-02
INFO:bingo.evolutionary_optimizers.parallel_archipelago:Evolution time 0:00:28.859663	 age 270	 fitness 1.854e-02
Level 25:bingo.evolutionary_optimizers.evolutionary_optimizer:Generation: 230 	 Elapsed time: 0:11:44.203596 	 Best training fitness: 1.854461e-02 	 
Level 25:bingo.evolutionary_optimizers.evolutionary_optimizer:230, 7.042036e+02, 1882479, 1.854461e-02, 1.842898e-02, 1.896880e-02, 2.026133e-02, 2.029651e-02, 2.061977e-02, 2.062666e-02, 2.230171e-02, 2.413114e-02, 2.418145e-02
INFO:bingo.evolutionary_optimizers.parallel_archipelago:Evolution time 0:00:40.221852	 age 290	 fitness 3.707e-03
Level 25:bingo.evolutionary_optimizers.evolutionary_optimizer:Generation: 240 	 Elapsed time: 0:12:24.720403 	 Best training fitness: 3.706678e-03 	 
Level 25:bingo.evolutionary_optimizers.evolutionary_optimizer:240, 7.447204e+02, 1967616, 3.706678e-03, 3.706678e-03, 2.413114e-02, 2.418145e-02
INFO:bingo.evolutionary_optimizers.parallel_archipelago:Evolution time 0:00:37.498879	 age 310	 fitness 0.000e+00
Level 25:bingo.evolutionary_optimizers.evolutionary_optimizer:Generation: 250 	 Elapsed time: 0:13:02.474672 	 Best training fitness: 0.000000e+00 	 
Level 25:bingo.evolutionary_optimizers.evolutionary_optimizer:250, 7.824747e+02, 2054839, 0.000000e+00, 0.000000e+00, 2.418145e-02
Level 25:bingo.evolutionary_optimizers.evolutionary_optimizer:Evolution successfully converged.
Level 25:bingo.evolutionary_optimizers.evolutionary_optimizer:  Absolte convergence occurred with best fitness < 1e-10
Level 25:bingo.evolutionary_optimizers.evolutionary_optimizer:Hall of Fame:
0.0	7	sin(log((X_0)(X_0) + (X_1)(X_1)))
0.024181447297349768	1	-0.935497
