Level 25:bingo.evolutionary_optimizers.evolutionary_optimizer:#generational_age, elapsed_time, fitness_evaluation_count, current_training_fitness, hall_of_fame_fitnesses
Level 25:bingo.evolutionary_optimizers.evolutionary_optimizer:#generational_age, elapsed_time, fitness_evaluation_count, current_training_fitness, hall_of_fame_fitnesses
Level 25:bingo.evolutionary_optimizers.evolutionary_optimizer:Generation: 0 	 Elapsed time: 0:00:05.038346 	 Best training fitness: 4.881013e-02 	 
Level 25:bingo.evolutionary_optimizers.evolutionary_optimizer:0, 5.038346e+00, 13952, 4.881013e-02
INFO:bingo.evolutionary_optimizers.parallel_archipelago:Evolution time 0:00:32.979909	 age 30	 fitness 4.833e-02
Level 25:bingo.evolutionary_optimizers.evolutionary_optimizer:Generation: 10 	 Elapsed time: 0:00:38.240685 	 Best training fitness: 4.833064e-02 	 
Level 25:bingo.evolutionary_optimizers.evolutionary_optimizer:10, 3.824068e+01, 115404, 4.833064e-02, 4.833064e-02, 4.844589e-02, 4.868760e-02
INFO:bingo.evolutionary_optimizers.parallel_archipelago:Evolution time 0:00:37.559933	 age 40	 fitness 4.832e-02
Level 25:bingo.evolutionary_optimizers.evolutionary_optimizer:Generation: 20 	 Elapsed time: 0:01:16.041857 	 Best training fitness: 4.831555e-02 	 
Level 25:bingo.evolutionary_optimizers.evolutionary_optimizer:20, 7.604186e+01, 199130, 4.831555e-02, 4.831555e-02, 4.833064e-02, 4.842252e-02, 4.844589e-02, 4.853022e-02
INFO:bingo.evolutionary_optimizers.parallel_archipelago:Evolution time 0:00:38.314476	 age 50	 fitness 4.825e-02
Level 25:bingo.evolutionary_optimizers.evolutionary_optimizer:Generation: 30 	 Elapsed time: 0:01:54.644940 	 Best training fitness: 4.824907e-02 	 
Level 25:bingo.evolutionary_optimizers.evolutionary_optimizer:30, 1.146449e+02, 277258, 4.824907e-02, 4.824907e-02, 4.825007e-02, 4.833064e-02, 4.842252e-02, 4.843951e-02
INFO:bingo.evolutionary_optimizers.parallel_archipelago:Evolution time 0:00:25.415274	 age 60	 fitness 4.815e-02
Level 25:bingo.evolutionary_optimizers.evolutionary_optimizer:Generation: 40 	 Elapsed time: 0:02:20.311270 	 Best training fitness: 4.814912e-02 	 
Level 25:bingo.evolutionary_optimizers.evolutionary_optimizer:40, 1.403113e+02, 349786, 4.814912e-02, 4.814912e-02, 4.833064e-02, 4.842252e-02, 4.843951e-02
INFO:bingo.evolutionary_optimizers.parallel_archipelago:Evolution time 0:00:48.335855	 age 70	 fitness 4.722e-02
Level 25:bingo.evolutionary_optimizers.evolutionary_optimizer:Generation: 50 	 Elapsed time: 0:03:08.899117 	 Best training fitness: 4.721763e-02 	 
Level 25:bingo.evolutionary_optimizers.evolutionary_optimizer:50, 1.888991e+02, 442328, 4.721763e-02, 4.721763e-02, 4.814912e-02, 4.823652e-02
INFO:bingo.evolutionary_optimizers.parallel_archipelago:Evolution time 0:00:16.114562	 age 80	 fitness 4.653e-02
Level 25:bingo.evolutionary_optimizers.evolutionary_optimizer:Generation: 60 	 Elapsed time: 0:03:25.256559 	 Best training fitness: 4.652932e-02 	 
Level 25:bingo.evolutionary_optimizers.evolutionary_optimizer:60, 2.052566e+02, 496279, 4.652932e-02, 4.652932e-02, 4.814579e-02, 4.823652e-02
INFO:bingo.evolutionary_optimizers.parallel_archipelago:Evolution time 0:00:27.041280	 age 90	 fitness 4.650e-02
Level 25:bingo.evolutionary_optimizers.evolutionary_optimizer:Generation: 70 	 Elapsed time: 0:03:52.541392 	 Best training fitness: 4.650378e-02 	 
Level 25:bingo.evolutionary_optimizers.evolutionary_optimizer:70, 2.325414e+02, 555987, 4.650378e-02, 4.650378e-02, 4.814579e-02, 4.823652e-02
INFO:bingo.evolutionary_optimizers.parallel_archipelago:Evolution time 0:00:25.537437	 age 100	 fitness 4.418e-02
Level 25:bingo.evolutionary_optimizers.evolutionary_optimizer:Generation: 80 	 Elapsed time: 0:04:18.324604 	 Best training fitness: 4.417936e-02 	 
Level 25:bingo.evolutionary_optimizers.evolutionary_optimizer:80, 2.583246e+02, 611926, 4.417936e-02, 4.417936e-02, 4.518484e-02, 4.649620e-02, 4.806431e-02, 4.814579e-02, 4.823652e-02
INFO:bingo.evolutionary_optimizers.parallel_archipelago:Evolution time 0:00:28.228527	 age 110	 fitness 4.448e-02
Level 25:bingo.evolutionary_optimizers.evolutionary_optimizer:Generation: 90 	 Elapsed time: 0:04:46.849575 	 Best training fitness: 4.448297e-02 	 
Level 25:bingo.evolutionary_optimizers.evolutionary_optimizer:90, 2.868496e+02, 680712, 4.448297e-02, 4.417936e-02, 4.475159e-02, 4.649620e-02, 4.806431e-02, 4.814579e-02, 4.823652e-02
INFO:bingo.evolutionary_optimizers.parallel_archipelago:Evolution time 0:00:24.618538	 age 120	 fitness 4.425e-02
Level 25:bingo.evolutionary_optimizers.evolutionary_optimizer:Generation: 100 	 Elapsed time: 0:05:11.707517 	 Best training fitness: 4.425407e-02 	 
Level 25:bingo.evolutionary_optimizers.evolutionary_optimizer:100, 3.117075e+02, 748866, 4.425407e-02, 4.417936e-02, 4.439388e-02, 4.446801e-02, 4.649620e-02, 4.806431e-02, 4.814579e-02, 4.823652e-02
INFO:bingo.evolutionary_optimizers.parallel_archipelago:Evolution time 0:00:27.969336	 age 130	 fitness 3.201e-02
Level 25:bingo.evolutionary_optimizers.evolutionary_optimizer:Generation: 110 	 Elapsed time: 0:05:39.921378 	 Best training fitness: 3.201476e-02 	 
Level 25:bingo.evolutionary_optimizers.evolutionary_optimizer:110, 3.399214e+02, 817396, 3.201476e-02, 3.201476e-02, 4.372383e-02, 4.409779e-02, 4.425410e-02, 4.780612e-02, 4.814579e-02, 4.823652e-02
INFO:bingo.evolutionary_optimizers.parallel_archipelago:Evolution time 0:00:22.473674	 age 140	 fitness 3.197e-02
Level 25:bingo.evolutionary_optimizers.evolutionary_optimizer:Generation: 120 	 Elapsed time: 0:06:02.639362 	 Best training fitness: 3.196649e-02 	 
Level 25:bingo.evolutionary_optimizers.evolutionary_optimizer:120, 3.626394e+02, 870640, 3.196649e-02, 3.196649e-02, 3.793748e-02, 4.402739e-02, 4.780612e-02, 4.814579e-02, 4.823652e-02
INFO:bingo.evolutionary_optimizers.parallel_archipelago:Evolution time 0:00:17.614133	 age 150	 fitness 3.189e-02
Level 25:bingo.evolutionary_optimizers.evolutionary_optimizer:Generation: 130 	 Elapsed time: 0:06:20.496742 	 Best training fitness: 3.188991e-02 	 
Level 25:bingo.evolutionary_optimizers.evolutionary_optimizer:130, 3.804967e+02, 927566, 3.188991e-02, 3.188991e-02, 3.214085e-02, 3.339494e-02, 4.394477e-02, 4.780612e-02, 4.814579e-02, 4.818654e-02, 4.823652e-02
INFO:bingo.evolutionary_optimizers.parallel_archipelago:Evolution time 0:00:33.812720	 age 160	 fitness 3.197e-02
Level 25:bingo.evolutionary_optimizers.evolutionary_optimizer:Generation: 140 	 Elapsed time: 0:06:54.556259 	 Best training fitness: 3.197118e-02 	 
Level 25:bingo.evolutionary_optimizers.evolutionary_optimizer:140, 4.145563e+02, 991272, 3.197118e-02, 3.188991e-02, 3.197118e-02, 3.339494e-02, 3.455414e-02, 4.818654e-02, 4.823652e-02
INFO:bingo.evolutionary_optimizers.parallel_archipelago:Evolution time 0:00:36.672000	 age 170	 fitness 3.191e-02
Level 25:bingo.evolutionary_optimizers.evolutionary_optimizer:Generation: 150 	 Elapsed time: 0:07:31.472388 	 Best training fitness: 3.191030e-02 	 
Level 25:bingo.evolutionary_optimizers.evolutionary_optimizer:150, 4.514724e+02, 1057399, 3.191030e-02, 3.188991e-02, 3.197118e-02, 3.339494e-02, 3.434284e-02, 3.437098e-02, 4.818654e-02, 4.823652e-02
INFO:bingo.evolutionary_optimizers.parallel_archipelago:Evolution time 0:00:26.530717	 age 180	 fitness 0.000e+00
Level 25:bingo.evolutionary_optimizers.evolutionary_optimizer:Generation: 160 	 Elapsed time: 0:07:58.256847 	 Best training fitness: 0.000000e+00 	 
Level 25:bingo.evolutionary_optimizers.evolutionary_optimizer:160, 4.782568e+02, 1115974, 0.000000e+00, 0.000000e+00, 4.823652e-02
Level 25:bingo.evolutionary_optimizers.evolutionary_optimizer:Evolution successfully converged.
Level 25:bingo.evolutionary_optimizers.evolutionary_optimizer:  Absolte convergence occurred with best fitness < 1e-10
Level 25:bingo.evolutionary_optimizers.evolutionary_optimizer:Hall of Fame:
0.0	7	sin(log((X_0)(X_0) + (X_1)(X_1)))
0.04823651808104825	1	-0.923723
