Level 25:bingo.evolutionary_optimizers.evolutionary_optimizer:#generational_age, elapsed_time, fitness_evaluation_count, current_training_fitness, hall_of_fame_fitnesses
Level 25:bingo.evolutionary_optimizers.evolutionary_optimizer:#generational_age, elapsed_time, fitness_evaluation_count, current_training_fitness, hall_of_fame_fitnesses
Level 25:bingo.evolutionary_optimizers.evolutionary_optimizer:Generation: 0 	 Elapsed time: 0:00:04.370466 	 Best training fitness: 1.205363e-01 	 
Level 25:bingo.evolutionary_optimizers.evolutionary_optimizer:0, 4.370466e+00, 14515, 1.205363e-01
INFO:bingo.evolutionary_optimizers.parallel_archipelago:Evolution time 0:00:51.210518	 age 20	 fitness 1.204e-01
Level 25:bingo.evolutionary_optimizers.evolutionary_optimizer:Generation: 10 	 Elapsed time: 0:00:55.864770 	 Best training fitness: 1.203816e-01 	 
Level 25:bingo.evolutionary_optimizers.evolutionary_optimizer:10, 5.586477e+01, 137025, 1.203816e-01, 1.203816e-01, 1.203997e-01, 1.207752e-01
INFO:bingo.evolutionary_optimizers.parallel_archipelago:Evolution time 0:00:31.180550	 age 40	 fitness 1.203e-01
Level 25:bingo.evolutionary_optimizers.evolutionary_optimizer:Generation: 20 	 Elapsed time: 0:01:27.362143 	 Best training fitness: 1.202801e-01 	 
Level 25:bingo.evolutionary_optimizers.evolutionary_optimizer:20, 8.736214e+01, 228702, 1.202801e-01, 1.202801e-01, 1.203220e-01, 1.203997e-01, 1.206582e-01
INFO:bingo.evolutionary_optimizers.parallel_archipelago:Evolution time 0:00:30.036018	 age 70	 fitness 1.200e-01
Level 25:bingo.evolutionary_optimizers.evolutionary_optimizer:Generation: 30 	 Elapsed time: 0:01:57.756292 	 Best training fitness: 1.200334e-01 	 
Level 25:bingo.evolutionary_optimizers.evolutionary_optimizer:30, 1.177563e+02, 315707, 1.200334e-01, 1.200334e-01, 1.202051e-01, 1.203997e-01, 1.204992e-01
INFO:bingo.evolutionary_optimizers.parallel_archipelago:Evolution time 0:00:36.593479	 age 90	 fitness 1.115e-01
Level 25:bingo.evolutionary_optimizers.evolutionary_optimizer:Generation: 40 	 Elapsed time: 0:02:34.661844 	 Best training fitness: 1.115256e-01 	 
Level 25:bingo.evolutionary_optimizers.evolutionary_optimizer:40, 1.546618e+02, 416610, 1.115256e-01, 1.115256e-01, 1.202051e-01, 1.202876e-01, 1.203997e-01, 1.204923e-01
INFO:bingo.evolutionary_optimizers.parallel_archipelago:Evolution time 0:00:33.034313	 age 110	 fitness 1.097e-01
Level 25:bingo.evolutionary_optimizers.evolutionary_optimizer:Generation: 50 	 Elapsed time: 0:03:08.005873 	 Best training fitness: 1.096611e-01 	 
Level 25:bingo.evolutionary_optimizers.evolutionary_optimizer:50, 1.880059e+02, 510909, 1.096611e-01, 1.096611e-01, 1.112252e-01, 1.202051e-01, 1.202876e-01, 1.203997e-01, 1.204923e-01
INFO:bingo.evolutionary_optimizers.parallel_archipelago:Evolution time 0:00:38.267779	 age 130	 fitness 1.094e-01
Level 25:bingo.evolutionary_optimizers.evolutionary_optimizer:Generation: 60 	 Elapsed time: 0:03:46.524578 	 Best training fitness: 1.094087e-01 	 
Level 25:bingo.evolutionary_optimizers.evolutionary_optimizer:60, 2.265246e+02, 581510, 1.094087e-01, 1.094087e-01, 1.098110e-01, 1.202051e-01, 1.202876e-01, 1.203997e-01, 1.204923e-01
INFO:bingo.evolutionary_optimizers.parallel_archipelago:Evolution time 0:00:20.734096	 age 140	 fitness 1.005e-01
Level 25:bingo.evolutionary_optimizers.evolutionary_optimizer:Generation: 70 	 Elapsed time: 0:04:07.511496 	 Best training fitness: 1.005048e-01 	 
Level 25:bingo.evolutionary_optimizers.evolutionary_optimizer:70, 2.475115e+02, 654401, 1.005048e-01, 1.005048e-01, 1.025440e-01, 1.030825e-01, 1.090218e-01, 1.095088e-01, 1.202051e-01, 1.202876e-01, 1.203997e-01, 1.204923e-01
INFO:bingo.evolutionary_optimizers.parallel_archipelago:Evolution time 0:00:40.123627	 age 160	 fitness 9.255e-02
Level 25:bingo.evolutionary_optimizers.evolutionary_optimizer:Generation: 80 	 Elapsed time: 0:04:47.896989 	 Best training fitness: 9.254700e-02 	 
Level 25:bingo.evolutionary_optimizers.evolutionary_optimizer:80, 2.878970e+02, 735536, 9.254700e-02, 9.254700e-02, 1.025440e-01, 1.030825e-01, 1.090218e-01, 1.094876e-01, 1.202051e-01, 1.202864e-01
INFO:bingo.evolutionary_optimizers.parallel_archipelago:Evolution time 0:00:28.134265	 age 170	 fitness 9.238e-02
Level 25:bingo.evolutionary_optimizers.evolutionary_optimizer:Generation: 90 	 Elapsed time: 0:05:16.296142 	 Best training fitness: 9.238257e-02 	 
Level 25:bingo.evolutionary_optimizers.evolutionary_optimizer:90, 3.162961e+02, 827437, 9.238257e-02, 9.238257e-02, 9.254700e-02, 9.281239e-02, 1.030825e-01, 1.090218e-01, 1.094082e-01, 1.202051e-01, 1.202864e-01
INFO:bingo.evolutionary_optimizers.parallel_archipelago:Evolution time 0:00:22.462901	 age 180	 fitness 8.926e-02
Level 25:bingo.evolutionary_optimizers.evolutionary_optimizer:Generation: 100 	 Elapsed time: 0:05:39.051631 	 Best training fitness: 8.926324e-02 	 
Level 25:bingo.evolutionary_optimizers.evolutionary_optimizer:100, 3.390516e+02, 899848, 8.926324e-02, 8.926324e-02, 9.281239e-02, 1.030825e-01, 1.090218e-01, 1.094082e-01, 1.202051e-01, 1.202864e-01
INFO:bingo.evolutionary_optimizers.parallel_archipelago:Evolution time 0:00:22.865971	 age 190	 fitness 8.929e-02
Level 25:bingo.evolutionary_optimizers.evolutionary_optimizer:Generation: 110 	 Elapsed time: 0:06:02.179184 	 Best training fitness: 8.929335e-02 	 
Level 25:bingo.evolutionary_optimizers.evolutionary_optimizer:110, 3.621792e+02, 976445, 8.929335e-02, 8.926324e-02, 9.281239e-02, 1.030825e-01, 1.090218e-01, 1.092678e-01, 1.202051e-01, 1.202791e-01
INFO:bingo.evolutionary_optimizers.parallel_archipelago:Evolution time 0:00:39.484851	 age 210	 fitness 8.902e-02
Level 25:bingo.evolutionary_optimizers.evolutionary_optimizer:Generation: 120 	 Elapsed time: 0:06:41.921001 	 Best training fitness: 8.902477e-02 	 
Level 25:bingo.evolutionary_optimizers.evolutionary_optimizer:120, 4.019210e+02, 1055584, 8.902477e-02, 8.902477e-02, 8.961993e-02, 1.030825e-01, 1.068742e-01, 1.092678e-01, 1.202051e-01, 1.202791e-01
INFO:bingo.evolutionary_optimizers.parallel_archipelago:Evolution time 0:00:41.626769	 age 220	 fitness 8.707e-02
Level 25:bingo.evolutionary_optimizers.evolutionary_optimizer:Generation: 130 	 Elapsed time: 0:07:23.804743 	 Best training fitness: 8.707316e-02 	 
Level 25:bingo.evolutionary_optimizers.evolutionary_optimizer:130, 4.438047e+02, 1165978, 8.707316e-02, 8.707316e-02, 8.887920e-02, 8.900371e-02, 8.961747e-02, 1.030825e-01, 1.068729e-01, 1.092678e-01, 1.202051e-01, 1.202791e-01
INFO:bingo.evolutionary_optimizers.parallel_archipelago:Evolution time 0:00:58.399606	 age 230	 fitness 8.756e-02
Level 25:bingo.evolutionary_optimizers.evolutionary_optimizer:Generation: 140 	 Elapsed time: 0:08:22.461858 	 Best training fitness: 8.756240e-02 	 
Level 25:bingo.evolutionary_optimizers.evolutionary_optimizer:140, 5.024619e+02, 1283515, 8.756240e-02, 8.707316e-02, 8.887920e-02, 8.898300e-02, 8.961747e-02, 1.030825e-01, 1.067493e-01, 1.092678e-01, 1.202051e-01, 1.202791e-01
INFO:bingo.evolutionary_optimizers.parallel_archipelago:Evolution time 0:00:28.760620	 age 240	 fitness 7.496e-02
Level 25:bingo.evolutionary_optimizers.evolutionary_optimizer:Generation: 150 	 Elapsed time: 0:08:51.533824 	 Best training fitness: 7.495627e-02 	 
Level 25:bingo.evolutionary_optimizers.evolutionary_optimizer:150, 5.315338e+02, 1388560, 7.495627e-02, 7.495627e-02, 8.898300e-02, 8.961747e-02, 1.030825e-01, 1.067493e-01, 1.092678e-01, 1.202051e-01, 1.202791e-01
INFO:bingo.evolutionary_optimizers.parallel_archipelago:Evolution time 0:00:30.872148	 age 250	 fitness 7.474e-02
Level 25:bingo.evolutionary_optimizers.evolutionary_optimizer:Generation: 160 	 Elapsed time: 0:09:22.661333 	 Best training fitness: 7.474475e-02 	 
Level 25:bingo.evolutionary_optimizers.evolutionary_optimizer:160, 5.626613e+02, 1477101, 7.474475e-02, 7.474475e-02, 8.720721e-02, 9.045185e-02, 1.067493e-01, 1.092678e-01, 1.202051e-01, 1.202791e-01
INFO:bingo.evolutionary_optimizers.parallel_archipelago:Evolution time 0:00:36.245153	 age 260	 fitness 7.461e-02
Level 25:bingo.evolutionary_optimizers.evolutionary_optimizer:Generation: 170 	 Elapsed time: 0:09:59.190138 	 Best training fitness: 7.461360e-02 	 
Level 25:bingo.evolutionary_optimizers.evolutionary_optimizer:170, 5.991901e+02, 1575197, 7.461360e-02, 7.461360e-02, 8.128846e-02, 8.720721e-02, 9.045185e-02, 1.067493e-01, 1.092678e-01, 1.202051e-01, 1.202791e-01
INFO:bingo.evolutionary_optimizers.parallel_archipelago:Evolution time 0:00:39.271189	 age 270	 fitness 7.454e-02
Level 25:bingo.evolutionary_optimizers.evolutionary_optimizer:Generation: 180 	 Elapsed time: 0:10:38.716661 	 Best training fitness: 7.454215e-02 	 
Level 25:bingo.evolutionary_optimizers.evolutionary_optimizer:180, 6.387167e+02, 1682734, 7.454215e-02, 7.454215e-02, 8.112154e-02, 8.720721e-02, 9.045185e-02, 1.067493e-01, 1.092678e-01, 1.202051e-01, 1.202791e-01
INFO:bingo.evolutionary_optimizers.parallel_archipelago:Evolution time 0:00:43.889915	 age 280	 fitness 6.842e-02
Level 25:bingo.evolutionary_optimizers.evolutionary_optimizer:Generation: 190 	 Elapsed time: 0:11:22.853586 	 Best training fitness: 6.842416e-02 	 
Level 25:bingo.evolutionary_optimizers.evolutionary_optimizer:190, 6.828536e+02, 1781320, 6.842416e-02, 6.842416e-02, 7.454215e-02, 8.112154e-02, 8.558316e-02, 9.045185e-02, 1.067493e-01, 1.092678e-01, 1.202051e-01, 1.202791e-01
INFO:bingo.evolutionary_optimizers.parallel_archipelago:Evolution time 0:00:37.007745	 age 290	 fitness 6.825e-02
Level 25:bingo.evolutionary_optimizers.evolutionary_optimizer:Generation: 200 	 Elapsed time: 0:12:00.099377 	 Best training fitness: 6.824990e-02 	 
Level 25:bingo.evolutionary_optimizers.evolutionary_optimizer:200, 7.200994e+02, 1898383, 6.824990e-02, 6.824990e-02, 7.453264e-02, 8.112154e-02, 8.547009e-02, 9.045185e-02, 1.050500e-01, 1.092678e-01, 1.202051e-01, 1.202791e-01
INFO:bingo.evolutionary_optimizers.parallel_archipelago:Evolution time 0:00:21.372860	 age 300	 fitness 6.827e-02
Level 25:bingo.evolutionary_optimizers.evolutionary_optimizer:Generation: 210 	 Elapsed time: 0:12:21.705313 	 Best training fitness: 6.827472e-02 	 
Level 25:bingo.evolutionary_optimizers.evolutionary_optimizer:210, 7.417053e+02, 1968675, 6.827472e-02, 6.824990e-02, 7.453264e-02, 8.112154e-02, 8.545413e-02, 9.045185e-02, 1.047913e-01, 1.092678e-01, 1.202051e-01, 1.202791e-01
INFO:bingo.evolutionary_optimizers.parallel_archipelago:Evolution time 0:00:56.334118	 age 310	 fitness 6.823e-02
Level 25:bingo.evolutionary_optimizers.evolutionary_optimizer:Generation: 220 	 Elapsed time: 0:13:18.276003 	 Best training fitness: 6.823485e-02 	 
Level 25:bingo.evolutionary_optimizers.evolutionary_optimizer:220, 7.982760e+02, 2101562, 6.823485e-02, 6.823485e-02, 7.453264e-02, 8.093328e-02, 8.545413e-02, 9.045185e-02, 1.047913e-01, 1.092678e-01, 1.202051e-01, 1.202791e-01
INFO:bingo.evolutionary_optimizers.parallel_archipelago:Evolution time 0:00:43.104915	 age 320	 fitness 6.820e-02
Level 25:bingo.evolutionary_optimizers.evolutionary_optimizer:Generation: 230 	 Elapsed time: 0:14:01.623452 	 Best training fitness: 6.820246e-02 	 
Level 25:bingo.evolutionary_optimizers.evolutionary_optimizer:230, 8.416235e+02, 2219727, 6.820246e-02, 6.820246e-02, 7.453264e-02, 8.091593e-02, 8.545413e-02, 9.045185e-02, 1.047913e-01, 1.092678e-01, 1.202051e-01, 1.202791e-01
INFO:bingo.evolutionary_optimizers.parallel_archipelago:Evolution time 0:00:42.874138	 age 330	 fitness 6.822e-02
Level 25:bingo.evolutionary_optimizers.evolutionary_optimizer:Generation: 240 	 Elapsed time: 0:14:44.768553 	 Best training fitness: 6.822440e-02 	 
Level 25:bingo.evolutionary_optimizers.evolutionary_optimizer:240, 8.847686e+02, 2350109, 6.822440e-02, 6.820246e-02, 7.453264e-02, 8.091593e-02, 8.545413e-02, 9.045185e-02, 1.047913e-01, 1.092678e-01, 1.202051e-01, 1.202791e-01
INFO:bingo.evolutionary_optimizers.parallel_archipelago:Evolution time 0:00:51.361275	 age 340	 fitness 6.821e-02
Level 25:bingo.evolutionary_optimizers.evolutionary_optimizer:Generation: 250 	 Elapsed time: 0:15:36.373797 	 Best training fitness: 6.821154e-02 	 
Level 25:bingo.evolutionary_optimizers.evolutionary_optimizer:250, 9.363738e+02, 2477675, 6.821154e-02, 6.820246e-02, 7.453264e-02, 8.091593e-02, 8.545413e-02, 9.045185e-02, 1.047913e-01, 1.092678e-01, 1.202051e-01, 1.202791e-01
INFO:bingo.evolutionary_optimizers.parallel_archipelago:Evolution time 0:00:39.831390	 age 350	 fitness 6.823e-02
Level 25:bingo.evolutionary_optimizers.evolutionary_optimizer:Generation: 260 	 Elapsed time: 0:16:16.446787 	 Best training fitness: 6.822929e-02 	 
Level 25:bingo.evolutionary_optimizers.evolutionary_optimizer:260, 9.764468e+02, 2587387, 6.822929e-02, 6.820246e-02, 7.453264e-02, 7.461912e-02, 8.545413e-02, 9.045185e-02, 1.047913e-01, 1.092678e-01, 1.202051e-01, 1.202791e-01
INFO:bingo.evolutionary_optimizers.parallel_archipelago:Evolution time 0:00:36.380215	 age 360	 fitness 5.907e-02
Level 25:bingo.evolutionary_optimizers.evolutionary_optimizer:Generation: 270 	 Elapsed time: 0:16:53.099270 	 Best training fitness: 5.907349e-02 	 
Level 25:bingo.evolutionary_optimizers.evolutionary_optimizer:270, 1.013099e+03, 2698776, 5.907349e-02, 5.907349e-02, 6.820246e-02, 7.453264e-02, 7.461912e-02, 8.545413e-02, 9.045185e-02, 1.047913e-01, 1.092678e-01, 1.202051e-01, 1.202791e-01
INFO:bingo.evolutionary_optimizers.parallel_archipelago:Evolution time 0:00:30.312370	 age 370	 fitness 5.887e-02
Level 25:bingo.evolutionary_optimizers.evolutionary_optimizer:Generation: 280 	 Elapsed time: 0:17:23.646424 	 Best training fitness: 5.887039e-02 	 
Level 25:bingo.evolutionary_optimizers.evolutionary_optimizer:280, 1.043646e+03, 2789234, 5.887039e-02, 5.887039e-02, 7.453264e-02, 7.461912e-02, 7.796040e-02, 9.045185e-02, 1.047913e-01, 1.092678e-01, 1.202051e-01, 1.202791e-01
INFO:bingo.evolutionary_optimizers.parallel_archipelago:Evolution time 0:00:39.440906	 age 390	 fitness 5.884e-02
Level 25:bingo.evolutionary_optimizers.evolutionary_optimizer:Generation: 290 	 Elapsed time: 0:18:03.320803 	 Best training fitness: 5.884434e-02 	 
Level 25:bingo.evolutionary_optimizers.evolutionary_optimizer:290, 1.083321e+03, 2866668, 5.884434e-02, 5.884434e-02, 7.453264e-02, 7.461912e-02, 7.794785e-02, 9.045185e-02, 1.047913e-01, 1.092678e-01, 1.202051e-01, 1.202791e-01
INFO:bingo.evolutionary_optimizers.parallel_archipelago:Evolution time 0:00:25.001992	 age 400	 fitness 5.880e-02
Level 25:bingo.evolutionary_optimizers.evolutionary_optimizer:Generation: 300 	 Elapsed time: 0:18:28.556979 	 Best training fitness: 5.880424e-02 	 
Level 25:bingo.evolutionary_optimizers.evolutionary_optimizer:300, 1.108557e+03, 2945693, 5.880424e-02, 5.880424e-02, 7.453264e-02, 7.461912e-02, 7.794785e-02, 9.045185e-02, 1.047913e-01, 1.065429e-01, 1.092678e-01, 1.202051e-01, 1.202791e-01
INFO:bingo.evolutionary_optimizers.parallel_archipelago:Evolution time 0:00:38.340105	 age 420	 fitness 5.876e-02
Level 25:bingo.evolutionary_optimizers.evolutionary_optimizer:Generation: 310 	 Elapsed time: 0:19:07.158555 	 Best training fitness: 5.876487e-02 	 
Level 25:bingo.evolutionary_optimizers.evolutionary_optimizer:310, 1.147159e+03, 3052105, 5.876487e-02, 5.876487e-02, 5.889327e-02, 7.461912e-02, 7.779222e-02, 9.045185e-02, 1.047913e-01, 1.065429e-01, 1.092678e-01, 1.202051e-01, 1.202791e-01
INFO:bingo.evolutionary_optimizers.parallel_archipelago:Evolution time 0:00:44.328606	 age 430	 fitness 5.876e-02
Level 25:bingo.evolutionary_optimizers.evolutionary_optimizer:Generation: 320 	 Elapsed time: 0:19:51.722562 	 Best training fitness: 5.876487e-02 	 
Level 25:bingo.evolutionary_optimizers.evolutionary_optimizer:320, 1.191723e+03, 3157665, 5.876487e-02, 5.876487e-02, 5.880960e-02, 5.904177e-02, 7.779222e-02, 9.045185e-02, 1.047913e-01, 1.065429e-01, 1.092678e-01, 1.202051e-01, 1.202496e-01, 1.202791e-01
INFO:bingo.evolutionary_optimizers.parallel_archipelago:Evolution time 0:00:21.220260	 age 440	 fitness 5.876e-02
Level 25:bingo.evolutionary_optimizers.evolutionary_optimizer:Generation: 330 	 Elapsed time: 0:20:13.177933 	 Best training fitness: 5.875992e-02 	 
Level 25:bingo.evolutionary_optimizers.evolutionary_optimizer:330, 1.213178e+03, 3236362, 5.875992e-02, 5.875992e-02, 5.880960e-02, 5.904177e-02, 7.094796e-02, 9.045185e-02, 1.047913e-01, 1.065429e-01, 1.092678e-01, 1.202051e-01, 1.202496e-01, 1.202791e-01
INFO:bingo.evolutionary_optimizers.parallel_archipelago:Evolution time 0:00:23.106003	 age 450	 fitness 5.877e-02
Level 25:bingo.evolutionary_optimizers.evolutionary_optimizer:Generation: 340 	 Elapsed time: 0:20:36.519344 	 Best training fitness: 5.876983e-02 	 
Level 25:bingo.evolutionary_optimizers.evolutionary_optimizer:340, 1.236519e+03, 3318077, 5.876983e-02, 5.875992e-02, 5.880960e-02, 5.904177e-02, 7.093019e-02, 9.045185e-02, 1.047913e-01, 1.065429e-01, 1.092678e-01, 1.202051e-01, 1.202496e-01, 1.202791e-01
INFO:bingo.evolutionary_optimizers.parallel_archipelago:Evolution time 0:00:33.383834	 age 470	 fitness 5.876e-02
Level 25:bingo.evolutionary_optimizers.evolutionary_optimizer:Generation: 350 	 Elapsed time: 0:21:10.145973 	 Best training fitness: 5.876496e-02 	 
Level 25:bingo.evolutionary_optimizers.evolutionary_optimizer:350, 1.270146e+03, 3391924, 5.876496e-02, 5.875992e-02, 5.880960e-02, 5.904177e-02, 7.084650e-02, 9.045185e-02, 1.047913e-01, 1.065429e-01, 1.092678e-01, 1.202051e-01, 1.202496e-01, 1.202791e-01
INFO:bingo.evolutionary_optimizers.parallel_archipelago:Evolution time 0:00:26.941788	 age 480	 fitness 5.878e-02
Level 25:bingo.evolutionary_optimizers.evolutionary_optimizer:Generation: 360 	 Elapsed time: 0:21:37.332894 	 Best training fitness: 5.878433e-02 	 
Level 25:bingo.evolutionary_optimizers.evolutionary_optimizer:360, 1.297333e+03, 3478488, 5.878433e-02, 5.875992e-02, 5.880960e-02, 5.892545e-02, 7.082345e-02, 9.045185e-02, 1.047913e-01, 1.065429e-01, 1.092678e-01, 1.202051e-01, 1.202496e-01, 1.202791e-01
INFO:bingo.evolutionary_optimizers.parallel_archipelago:Evolution time 0:00:47.683000	 age 490	 fitness 5.877e-02
Level 25:bingo.evolutionary_optimizers.evolutionary_optimizer:Generation: 370 	 Elapsed time: 0:22:25.295725 	 Best training fitness: 5.876733e-02 	 
Level 25:bingo.evolutionary_optimizers.evolutionary_optimizer:370, 1.345296e+03, 3598170, 5.876733e-02, 5.875992e-02, 5.880960e-02, 5.892545e-02, 7.082345e-02, 9.045185e-02, 1.047913e-01, 1.065429e-01, 1.092678e-01, 1.202051e-01, 1.202496e-01, 1.202791e-01
INFO:bingo.evolutionary_optimizers.parallel_archipelago:Evolution time 0:00:38.131574	 age 500	 fitness 5.877e-02
Level 25:bingo.evolutionary_optimizers.evolutionary_optimizer:Generation: 380 	 Elapsed time: 0:23:03.686271 	 Best training fitness: 5.876733e-02 	 
Level 25:bingo.evolutionary_optimizers.evolutionary_optimizer:380, 1.383686e+03, 3687033, 5.876733e-02, 5.875992e-02, 5.880960e-02, 5.892545e-02, 7.080051e-02, 9.045185e-02, 1.047913e-01, 1.065429e-01, 1.092678e-01, 1.202051e-01, 1.202496e-01, 1.202791e-01
INFO:bingo.evolutionary_optimizers.parallel_archipelago:Evolution time 0:00:44.991151	 age 510	 fitness 5.878e-02
Level 25:bingo.evolutionary_optimizers.evolutionary_optimizer:Generation: 390 	 Elapsed time: 0:23:48.944742 	 Best training fitness: 5.878117e-02 	 
Level 25:bingo.evolutionary_optimizers.evolutionary_optimizer:390, 1.428945e+03, 3774011, 5.878117e-02, 5.875992e-02, 5.878692e-02, 7.080051e-02, 9.045185e-02, 1.047913e-01, 1.065429e-01, 1.092678e-01, 1.202051e-01, 1.202496e-01, 1.202791e-01
INFO:bingo.evolutionary_optimizers.parallel_archipelago:Evolution time 0:01:03.786337	 age 520	 fitness 5.879e-02
Level 25:bingo.evolutionary_optimizers.evolutionary_optimizer:Generation: 400 	 Elapsed time: 0:24:53.002755 	 Best training fitness: 5.878535e-02 	 
Level 25:bingo.evolutionary_optimizers.evolutionary_optimizer:400, 1.493003e+03, 3873507, 5.878535e-02, 5.875992e-02, 5.878692e-02, 7.079072e-02, 9.045185e-02, 1.047913e-01, 1.065429e-01, 1.092678e-01, 1.202051e-01, 1.202496e-01, 1.202791e-01
INFO:bingo.evolutionary_optimizers.parallel_archipelago:Evolution time 0:01:04.659708	 age 530	 fitness 5.876e-02
Level 25:bingo.evolutionary_optimizers.evolutionary_optimizer:Generation: 410 	 Elapsed time: 0:25:57.934367 	 Best training fitness: 5.876457e-02 	 
Level 25:bingo.evolutionary_optimizers.evolutionary_optimizer:410, 1.557934e+03, 3975592, 5.876457e-02, 5.875992e-02, 5.876457e-02, 7.078074e-02, 9.045185e-02, 1.047913e-01, 1.065429e-01, 1.092678e-01, 1.202051e-01, 1.202496e-01, 1.202791e-01
INFO:bingo.evolutionary_optimizers.parallel_archipelago:Evolution time 0:00:44.511455	 age 550	 fitness 5.875e-02
Level 25:bingo.evolutionary_optimizers.evolutionary_optimizer:Generation: 420 	 Elapsed time: 0:26:42.717512 	 Best training fitness: 5.874782e-02 	 
Level 25:bingo.evolutionary_optimizers.evolutionary_optimizer:420, 1.602718e+03, 4062007, 5.874782e-02, 5.874782e-02, 5.876457e-02, 7.078074e-02, 9.045185e-02, 1.047913e-01, 1.065429e-01, 1.092678e-01, 1.202051e-01, 1.202496e-01, 1.202671e-01
INFO:bingo.evolutionary_optimizers.parallel_archipelago:Evolution time 0:00:40.525354	 age 560	 fitness 5.874e-02
Level 25:bingo.evolutionary_optimizers.evolutionary_optimizer:Generation: 430 	 Elapsed time: 0:27:23.516215 	 Best training fitness: 5.874470e-02 	 
Level 25:bingo.evolutionary_optimizers.evolutionary_optimizer:430, 1.643516e+03, 4156567, 5.874470e-02, 5.874470e-02, 7.078074e-02, 9.045185e-02, 1.047913e-01, 1.065429e-01, 1.092678e-01, 1.202051e-01, 1.202496e-01, 1.202671e-01
INFO:bingo.evolutionary_optimizers.parallel_archipelago:Evolution time 0:00:41.373349	 age 570	 fitness 5.876e-02
Level 25:bingo.evolutionary_optimizers.evolutionary_optimizer:Generation: 440 	 Elapsed time: 0:28:05.187813 	 Best training fitness: 5.876415e-02 	 
Level 25:bingo.evolutionary_optimizers.evolutionary_optimizer:440, 1.685188e+03, 4245225, 5.876415e-02, 5.874470e-02, 7.076425e-02, 9.045185e-02, 1.047913e-01, 1.065429e-01, 1.092678e-01, 1.202051e-01, 1.202496e-01, 1.202671e-01
INFO:bingo.evolutionary_optimizers.parallel_archipelago:Evolution time 0:00:25.866398	 age 580	 fitness 5.876e-02
Level 25:bingo.evolutionary_optimizers.evolutionary_optimizer:Generation: 450 	 Elapsed time: 0:28:31.313492 	 Best training fitness: 5.875795e-02 	 
Level 25:bingo.evolutionary_optimizers.evolutionary_optimizer:450, 1.711313e+03, 4319546, 5.875795e-02, 5.874470e-02, 7.076425e-02, 9.045185e-02, 1.047913e-01, 1.065429e-01, 1.092678e-01, 1.202051e-01, 1.202496e-01, 1.202671e-01
INFO:bingo.evolutionary_optimizers.parallel_archipelago:Evolution time 0:01:01.807750	 age 590	 fitness 5.879e-02
Level 25:bingo.evolutionary_optimizers.evolutionary_optimizer:Generation: 460 	 Elapsed time: 0:29:33.379885 	 Best training fitness: 5.878613e-02 	 
Level 25:bingo.evolutionary_optimizers.evolutionary_optimizer:460, 1.773380e+03, 4419511, 5.878613e-02, 5.874470e-02, 7.076425e-02, 9.045185e-02, 1.047913e-01, 1.065429e-01, 1.092678e-01, 1.202051e-01, 1.202496e-01, 1.202671e-01
INFO:bingo.evolutionary_optimizers.parallel_archipelago:Evolution time 0:00:55.807583	 age 600	 fitness 5.878e-02
Level 25:bingo.evolutionary_optimizers.evolutionary_optimizer:Generation: 470 	 Elapsed time: 0:30:29.443988 	 Best training fitness: 5.877613e-02 	 
Level 25:bingo.evolutionary_optimizers.evolutionary_optimizer:470, 1.829444e+03, 4519032, 5.877613e-02, 5.874470e-02, 7.076425e-02, 9.045185e-02, 1.047913e-01, 1.065429e-01, 1.092678e-01, 1.202051e-01, 1.202496e-01, 1.202671e-01
INFO:bingo.evolutionary_optimizers.parallel_archipelago:Evolution time 0:00:36.935444	 age 610	 fitness 5.876e-02
Level 25:bingo.evolutionary_optimizers.evolutionary_optimizer:Generation: 480 	 Elapsed time: 0:31:06.634490 	 Best training fitness: 5.876438e-02 	 
Level 25:bingo.evolutionary_optimizers.evolutionary_optimizer:480, 1.866634e+03, 4601814, 5.876438e-02, 5.874470e-02, 7.076425e-02, 9.045185e-02, 1.047913e-01, 1.065429e-01, 1.092678e-01, 1.202051e-01, 1.202496e-01, 1.202671e-01
INFO:bingo.evolutionary_optimizers.parallel_archipelago:Evolution time 0:00:42.649712	 age 630	 fitness 5.878e-02
Level 25:bingo.evolutionary_optimizers.evolutionary_optimizer:Generation: 490 	 Elapsed time: 0:31:49.541817 	 Best training fitness: 5.877945e-02 	 
Level 25:bingo.evolutionary_optimizers.evolutionary_optimizer:490, 1.909542e+03, 4688580, 5.877945e-02, 5.874470e-02, 7.076425e-02, 9.045185e-02, 1.047913e-01, 1.065429e-01, 1.092678e-01, 1.202051e-01, 1.202496e-01, 1.202671e-01
INFO:bingo.evolutionary_optimizers.parallel_archipelago:Evolution time 0:00:47.389912	 age 650	 fitness 5.876e-02
Level 25:bingo.evolutionary_optimizers.evolutionary_optimizer:Generation: 500 	 Elapsed time: 0:32:37.237073 	 Best training fitness: 5.876288e-02 	 
Level 25:bingo.evolutionary_optimizers.evolutionary_optimizer:500, 1.957237e+03, 4781105, 5.876288e-02, 5.874470e-02, 7.076425e-02, 9.045185e-02, 1.047913e-01, 1.065429e-01, 1.092678e-01, 1.202051e-01, 1.202496e-01, 1.202671e-01
INFO:bingo.evolutionary_optimizers.parallel_archipelago:Evolution time 0:00:38.547300	 age 670	 fitness 5.879e-02
Level 25:bingo.evolutionary_optimizers.evolutionary_optimizer:Generation: 510 	 Elapsed time: 0:33:16.053741 	 Best training fitness: 5.878506e-02 	 
Level 25:bingo.evolutionary_optimizers.evolutionary_optimizer:510, 1.996054e+03, 4861416, 5.878506e-02, 5.874470e-02, 7.076425e-02, 9.045185e-02, 1.047913e-01, 1.065429e-01, 1.092678e-01, 1.202051e-01, 1.202496e-01, 1.202671e-01
INFO:bingo.evolutionary_optimizers.parallel_archipelago:Evolution time 0:00:38.324192	 age 680	 fitness 5.880e-02
Level 25:bingo.evolutionary_optimizers.evolutionary_optimizer:Generation: 520 	 Elapsed time: 0:33:54.648278 	 Best training fitness: 5.879763e-02 	 
Level 25:bingo.evolutionary_optimizers.evolutionary_optimizer:520, 2.034648e+03, 4943446, 5.879763e-02, 5.874470e-02, 6.901949e-02, 9.045185e-02, 1.047913e-01, 1.065429e-01, 1.092678e-01, 1.202051e-01, 1.202496e-01, 1.202671e-01
INFO:bingo.evolutionary_optimizers.parallel_archipelago:Evolution time 0:00:43.598334	 age 690	 fitness 5.877e-02
Level 25:bingo.evolutionary_optimizers.evolutionary_optimizer:Generation: 530 	 Elapsed time: 0:34:38.521824 	 Best training fitness: 5.877111e-02 	 
Level 25:bingo.evolutionary_optimizers.evolutionary_optimizer:530, 2.078522e+03, 5027045, 5.877111e-02, 5.874470e-02, 6.896082e-02, 9.045185e-02, 1.047913e-01, 1.065429e-01, 1.092678e-01, 1.202051e-01, 1.202496e-01, 1.202671e-01
INFO:bingo.evolutionary_optimizers.parallel_archipelago:Evolution time 0:00:44.410178	 age 710	 fitness 5.879e-02
Level 25:bingo.evolutionary_optimizers.evolutionary_optimizer:Generation: 540 	 Elapsed time: 0:35:23.208940 	 Best training fitness: 5.879338e-02 	 
Level 25:bingo.evolutionary_optimizers.evolutionary_optimizer:540, 2.123209e+03, 5113111, 5.879338e-02, 5.874470e-02, 6.896082e-02, 9.045185e-02, 9.869126e-02, 1.092678e-01, 1.202051e-01, 1.202496e-01, 1.202671e-01
INFO:bingo.evolutionary_optimizers.parallel_archipelago:Evolution time 0:00:26.831078	 age 720	 fitness 5.879e-02
Level 25:bingo.evolutionary_optimizers.evolutionary_optimizer:Generation: 550 	 Elapsed time: 0:35:50.309520 	 Best training fitness: 5.879098e-02 	 
Level 25:bingo.evolutionary_optimizers.evolutionary_optimizer:550, 2.150310e+03, 5186810, 5.879098e-02, 5.874470e-02, 6.873893e-02, 9.045185e-02, 9.866272e-02, 1.092678e-01, 1.202051e-01, 1.202056e-01
INFO:bingo.evolutionary_optimizers.parallel_archipelago:Evolution time 0:00:43.245610	 age 730	 fitness 5.876e-02
Level 25:bingo.evolutionary_optimizers.evolutionary_optimizer:Generation: 560 	 Elapsed time: 0:36:33.822174 	 Best training fitness: 5.875770e-02 	 
Level 25:bingo.evolutionary_optimizers.evolutionary_optimizer:560, 2.193822e+03, 5275469, 5.875770e-02, 5.874470e-02, 6.873893e-02, 9.045185e-02, 9.858918e-02, 1.092678e-01, 1.202051e-01, 1.202056e-01
INFO:bingo.evolutionary_optimizers.parallel_archipelago:Evolution time 0:00:45.869223	 age 740	 fitness 5.878e-02
Level 25:bingo.evolutionary_optimizers.evolutionary_optimizer:Generation: 570 	 Elapsed time: 0:37:19.992020 	 Best training fitness: 5.877596e-02 	 
Level 25:bingo.evolutionary_optimizers.evolutionary_optimizer:570, 2.239992e+03, 5362449, 5.877596e-02, 5.874470e-02, 6.873893e-02, 9.045185e-02, 9.834921e-02, 1.092678e-01, 1.202051e-01, 1.202056e-01
INFO:bingo.evolutionary_optimizers.parallel_archipelago:Evolution time 0:00:49.416354	 age 750	 fitness 5.878e-02
Level 25:bingo.evolutionary_optimizers.evolutionary_optimizer:Generation: 580 	 Elapsed time: 0:38:09.681719 	 Best training fitness: 5.877602e-02 	 
Level 25:bingo.evolutionary_optimizers.evolutionary_optimizer:580, 2.289682e+03, 5452729, 5.877602e-02, 5.874470e-02, 6.871303e-02, 9.045185e-02, 9.834921e-02, 1.092678e-01, 1.202051e-01, 1.202056e-01
INFO:bingo.evolutionary_optimizers.parallel_archipelago:Evolution time 0:00:28.328155	 age 760	 fitness 5.878e-02
Level 25:bingo.evolutionary_optimizers.evolutionary_optimizer:Generation: 590 	 Elapsed time: 0:38:38.281464 	 Best training fitness: 5.878479e-02 	 
Level 25:bingo.evolutionary_optimizers.evolutionary_optimizer:590, 2.318281e+03, 5534360, 5.878479e-02, 5.874470e-02, 6.871303e-02, 9.045185e-02, 9.834921e-02, 1.092678e-01, 1.202051e-01, 1.202056e-01
INFO:bingo.evolutionary_optimizers.parallel_archipelago:Evolution time 0:00:44.701131	 age 780	 fitness 4.597e-02
Level 25:bingo.evolutionary_optimizers.evolutionary_optimizer:Generation: 600 	 Elapsed time: 0:39:23.240846 	 Best training fitness: 4.597339e-02 	 
Level 25:bingo.evolutionary_optimizers.evolutionary_optimizer:600, 2.363241e+03, 5628038, 4.597339e-02, 4.597339e-02, 9.834921e-02, 1.092678e-01, 1.202051e-01, 1.202056e-01
INFO:bingo.evolutionary_optimizers.parallel_archipelago:Evolution time 0:00:46.597559	 age 790	 fitness 3.546e-02
Level 25:bingo.evolutionary_optimizers.evolutionary_optimizer:Generation: 610 	 Elapsed time: 0:40:10.090412 	 Best training fitness: 3.545546e-02 	 
Level 25:bingo.evolutionary_optimizers.evolutionary_optimizer:610, 2.410090e+03, 5722704, 3.545546e-02, 3.545546e-02, 9.834921e-02, 1.092678e-01, 1.202051e-01, 1.202056e-01
INFO:bingo.evolutionary_optimizers.parallel_archipelago:Evolution time 0:00:26.951972	 age 800	 fitness 1.857e-03
Level 25:bingo.evolutionary_optimizers.evolutionary_optimizer:Generation: 620 	 Elapsed time: 0:40:37.292784 	 Best training fitness: 1.857357e-03 	 
Level 25:bingo.evolutionary_optimizers.evolutionary_optimizer:620, 2.437293e+03, 5805375, 1.857357e-03, 1.857357e-03, 5.804540e-03, 3.545546e-02, 3.876139e-02, 1.092678e-01, 1.202051e-01, 1.202056e-01
INFO:bingo.evolutionary_optimizers.parallel_archipelago:Evolution time 0:00:40.106170	 age 810	 fitness 6.845e-15
Level 25:bingo.evolutionary_optimizers.evolutionary_optimizer:Generation: 630 	 Elapsed time: 0:41:17.648301 	 Best training fitness: 6.845427e-15 	 
Level 25:bingo.evolutionary_optimizers.evolutionary_optimizer:630, 2.477648e+03, 5899663, 6.845427e-15, 6.845427e-15, 1.036862e-07, 9.422316e-04, 8.236549e-03, 4.119369e-02, 1.202051e-01, 1.202056e-01
Level 25:bingo.evolutionary_optimizers.evolutionary_optimizer:Evolution successfully converged.
Level 25:bingo.evolutionary_optimizers.evolutionary_optimizer:  Absolte convergence occurred with best fitness < 1e-10
Level 25:bingo.evolutionary_optimizers.evolutionary_optimizer:Hall of Fame:
6.845426631570809e-15	16	sin(log((X_1)(X_1) + (X_0)(X_0) + ((0.024082)(sin((0.024082 + 0.024082 + -0.048157)(X_0))))((0.024082)(sin((0.024082 + 0.024082 + -0.048157)(X_0))))))
1.0368621050133757e-07	15	sin(log((X_1)(X_1) + (X_0)(X_0) + ((-0.014343)(sin((log(-0.014343))(0.037852))))((-0.014343)(sin((log(-0.014343))(0.037852))))))
0.0009422316299262789	11	sin(log((X_1)(X_1) + (X_0)(X_0) + ((X_0)(-0.066178))((X_0)(-0.066178))))
0.0082365485725723	10	sin(log((X_1)(X_1) + (X_0)(X_0) + sin(sin(X_0))))
0.041193691115477646	8	sin(log((X_1)(X_1) + (X_0)(X_0) + X_1))
0.12020512289693937	6	sin(log(sin(-0.072334) + sin(-0.072334)))
0.12020564535137682	1	-0.933283
