Level 25:bingo.evolutionary_optimizers.evolutionary_optimizer:#generational_age, elapsed_time, fitness_evaluation_count, current_training_fitness, hall_of_fame_fitnesses
Level 25:bingo.evolutionary_optimizers.evolutionary_optimizer:#generational_age, elapsed_time, fitness_evaluation_count, current_training_fitness, hall_of_fame_fitnesses
Level 25:bingo.evolutionary_optimizers.evolutionary_optimizer:Generation: 0 	 Elapsed time: 0:00:07.014535 	 Best training fitness: 9.657904e-02 	 
Level 25:bingo.evolutionary_optimizers.evolutionary_optimizer:0, 7.014535e+00, 16233, 9.657904e-02
INFO:bingo.evolutionary_optimizers.parallel_archipelago:Evolution time 0:00:35.587712	 age 20	 fitness 9.634e-02
Level 25:bingo.evolutionary_optimizers.evolutionary_optimizer:Generation: 10 	 Elapsed time: 0:00:42.839686 	 Best training fitness: 9.633640e-02 	 
Level 25:bingo.evolutionary_optimizers.evolutionary_optimizer:10, 4.283969e+01, 108314, 9.633640e-02, 9.633640e-02, 9.660618e-02, 9.677615e-02
INFO:bingo.evolutionary_optimizers.parallel_archipelago:Evolution time 0:00:28.873141	 age 30	 fitness 9.634e-02
Level 25:bingo.evolutionary_optimizers.evolutionary_optimizer:Generation: 20 	 Elapsed time: 0:01:11.968801 	 Best training fitness: 9.634232e-02 	 
Level 25:bingo.evolutionary_optimizers.evolutionary_optimizer:20, 7.196880e+01, 166930, 9.634232e-02, 9.633640e-02, 9.645884e-02
INFO:bingo.evolutionary_optimizers.parallel_archipelago:Evolution time 0:00:29.880578	 age 40	 fitness 9.625e-02
Level 25:bingo.evolutionary_optimizers.evolutionary_optimizer:Generation: 30 	 Elapsed time: 0:01:42.134955 	 Best training fitness: 9.624526e-02 	 
Level 25:bingo.evolutionary_optimizers.evolutionary_optimizer:30, 1.021350e+02, 224518, 9.624526e-02, 9.624526e-02, 9.633640e-02, 9.640193e-02
INFO:bingo.evolutionary_optimizers.parallel_archipelago:Evolution time 0:00:28.452288	 age 50	 fitness 9.631e-02
Level 25:bingo.evolutionary_optimizers.evolutionary_optimizer:Generation: 40 	 Elapsed time: 0:02:10.846343 	 Best training fitness: 9.630820e-02 	 
Level 25:bingo.evolutionary_optimizers.evolutionary_optimizer:40, 1.308463e+02, 284366, 9.630820e-02, 9.624526e-02, 9.633640e-02, 9.640193e-02
INFO:bingo.evolutionary_optimizers.parallel_archipelago:Evolution time 0:00:29.568449	 age 60	 fitness 9.621e-02
Level 25:bingo.evolutionary_optimizers.evolutionary_optimizer:Generation: 50 	 Elapsed time: 0:02:40.669294 	 Best training fitness: 9.620531e-02 	 
Level 25:bingo.evolutionary_optimizers.evolutionary_optimizer:50, 1.606693e+02, 346176, 9.620531e-02, 9.620531e-02, 9.633640e-02, 9.640193e-02
INFO:bingo.evolutionary_optimizers.parallel_archipelago:Evolution time 0:00:17.914329	 age 70	 fitness 9.627e-02
Level 25:bingo.evolutionary_optimizers.evolutionary_optimizer:Generation: 60 	 Elapsed time: 0:02:58.834540 	 Best training fitness: 9.626821e-02 	 
Level 25:bingo.evolutionary_optimizers.evolutionary_optimizer:60, 1.788345e+02, 394701, 9.626821e-02, 9.620531e-02, 9.626821e-02, 9.629012e-02, 9.640193e-02
INFO:bingo.evolutionary_optimizers.parallel_archipelago:Evolution time 0:00:44.722393	 age 80	 fitness 9.620e-02
Level 25:bingo.evolutionary_optimizers.evolutionary_optimizer:Generation: 70 	 Elapsed time: 0:03:43.809132 	 Best training fitness: 9.619505e-02 	 
Level 25:bingo.evolutionary_optimizers.evolutionary_optimizer:70, 2.238091e+02, 467045, 9.619505e-02, 9.619505e-02, 9.620531e-02, 9.621494e-02, 9.626821e-02, 9.629012e-02, 9.640193e-02
INFO:bingo.evolutionary_optimizers.parallel_archipelago:Evolution time 0:00:17.640052	 age 90	 fitness 9.614e-02
Level 25:bingo.evolutionary_optimizers.evolutionary_optimizer:Generation: 80 	 Elapsed time: 0:04:01.702555 	 Best training fitness: 9.613620e-02 	 
Level 25:bingo.evolutionary_optimizers.evolutionary_optimizer:80, 2.417026e+02, 521507, 9.613620e-02, 9.613620e-02, 9.619505e-02, 9.620531e-02, 9.621494e-02, 9.626821e-02, 9.629012e-02, 9.633478e-02
INFO:bingo.evolutionary_optimizers.parallel_archipelago:Evolution time 0:00:24.976363	 age 100	 fitness 9.586e-02
Level 25:bingo.evolutionary_optimizers.evolutionary_optimizer:Generation: 90 	 Elapsed time: 0:04:26.935812 	 Best training fitness: 9.585737e-02 	 
Level 25:bingo.evolutionary_optimizers.evolutionary_optimizer:90, 2.669358e+02, 584854, 9.585737e-02, 9.585737e-02, 9.616062e-02, 9.620531e-02, 9.621494e-02, 9.626821e-02, 9.629012e-02, 9.629054e-02
INFO:bingo.evolutionary_optimizers.parallel_archipelago:Evolution time 0:00:28.780036	 age 110	 fitness 9.574e-02
Level 25:bingo.evolutionary_optimizers.evolutionary_optimizer:Generation: 100 	 Elapsed time: 0:04:55.993854 	 Best training fitness: 9.573678e-02 	 
Level 25:bingo.evolutionary_optimizers.evolutionary_optimizer:100, 2.959939e+02, 645670, 9.573678e-02, 9.573678e-02, 9.616062e-02, 9.620531e-02, 9.621494e-02, 9.626821e-02, 9.629012e-02, 9.629054e-02
INFO:bingo.evolutionary_optimizers.parallel_archipelago:Evolution time 0:00:27.472372	 age 120	 fitness 8.295e-02
Level 25:bingo.evolutionary_optimizers.evolutionary_optimizer:Generation: 110 	 Elapsed time: 0:05:23.712408 	 Best training fitness: 8.294624e-02 	 
Level 25:bingo.evolutionary_optimizers.evolutionary_optimizer:110, 3.237124e+02, 709067, 8.294624e-02, 8.294624e-02, 9.616062e-02, 9.620531e-02, 9.621494e-02, 9.626821e-02, 9.629012e-02, 9.629054e-02
INFO:bingo.evolutionary_optimizers.parallel_archipelago:Evolution time 0:00:31.922438	 age 130	 fitness 7.901e-02
Level 25:bingo.evolutionary_optimizers.evolutionary_optimizer:Generation: 120 	 Elapsed time: 0:05:55.874492 	 Best training fitness: 7.900756e-02 	 
Level 25:bingo.evolutionary_optimizers.evolutionary_optimizer:120, 3.558745e+02, 771286, 7.900756e-02, 7.900756e-02, 8.288838e-02, 8.780325e-02, 9.616062e-02, 9.620531e-02, 9.621494e-02, 9.626821e-02, 9.629012e-02, 9.629054e-02
INFO:bingo.evolutionary_optimizers.parallel_archipelago:Evolution time 0:00:48.827624	 age 140	 fitness 7.827e-02
Level 25:bingo.evolutionary_optimizers.evolutionary_optimizer:Generation: 130 	 Elapsed time: 0:06:44.959254 	 Best training fitness: 7.826927e-02 	 
Level 25:bingo.evolutionary_optimizers.evolutionary_optimizer:130, 4.049593e+02, 850226, 7.826927e-02, 7.826927e-02, 7.863521e-02, 9.616062e-02, 9.620531e-02, 9.621494e-02, 9.625807e-02, 9.629012e-02, 9.629054e-02
INFO:bingo.evolutionary_optimizers.parallel_archipelago:Evolution time 0:00:29.962563	 age 160	 fitness 7.800e-02
Level 25:bingo.evolutionary_optimizers.evolutionary_optimizer:Generation: 140 	 Elapsed time: 0:07:15.192493 	 Best training fitness: 7.800050e-02 	 
Level 25:bingo.evolutionary_optimizers.evolutionary_optimizer:140, 4.351925e+02, 919284, 7.800050e-02, 7.800050e-02, 7.856956e-02, 9.616062e-02, 9.620531e-02, 9.621494e-02, 9.625807e-02, 9.629012e-02, 9.629054e-02
INFO:bingo.evolutionary_optimizers.parallel_archipelago:Evolution time 0:00:27.032347	 age 170	 fitness 6.396e-02
Level 25:bingo.evolutionary_optimizers.evolutionary_optimizer:Generation: 150 	 Elapsed time: 0:07:42.493147 	 Best training fitness: 6.395558e-02 	 
Level 25:bingo.evolutionary_optimizers.evolutionary_optimizer:150, 4.624931e+02, 977795, 6.395558e-02, 6.395558e-02, 7.793224e-02, 7.856956e-02, 9.616062e-02, 9.620531e-02, 9.621494e-02, 9.625807e-02, 9.629012e-02, 9.629054e-02
INFO:bingo.evolutionary_optimizers.parallel_archipelago:Evolution time 0:00:55.269416	 age 180	 fitness 6.365e-02
Level 25:bingo.evolutionary_optimizers.evolutionary_optimizer:Generation: 160 	 Elapsed time: 0:08:38.032812 	 Best training fitness: 6.365148e-02 	 
Level 25:bingo.evolutionary_optimizers.evolutionary_optimizer:160, 5.180328e+02, 1067995, 6.365148e-02, 6.365148e-02, 6.815400e-02, 7.856956e-02, 9.616062e-02, 9.620531e-02, 9.621494e-02, 9.625807e-02, 9.629012e-02, 9.629054e-02
INFO:bingo.evolutionary_optimizers.parallel_archipelago:Evolution time 0:00:58.572995	 age 190	 fitness 5.970e-02
Level 25:bingo.evolutionary_optimizers.evolutionary_optimizer:Generation: 170 	 Elapsed time: 0:09:36.896015 	 Best training fitness: 5.969698e-02 	 
Level 25:bingo.evolutionary_optimizers.evolutionary_optimizer:170, 5.768960e+02, 1165567, 5.969698e-02, 5.969698e-02, 6.219697e-02, 6.364671e-02, 6.815400e-02, 7.104889e-02, 9.620531e-02, 9.621494e-02, 9.625807e-02, 9.629012e-02, 9.629054e-02
INFO:bingo.evolutionary_optimizers.parallel_archipelago:Evolution time 0:00:43.043807	 age 200	 fitness 5.966e-02
Level 25:bingo.evolutionary_optimizers.evolutionary_optimizer:Generation: 180 	 Elapsed time: 0:10:20.204754 	 Best training fitness: 5.965671e-02 	 
Level 25:bingo.evolutionary_optimizers.evolutionary_optimizer:180, 6.202048e+02, 1245818, 5.965671e-02, 5.965671e-02, 6.219697e-02, 6.364671e-02, 6.815400e-02, 7.104889e-02, 9.620531e-02, 9.621494e-02, 9.625807e-02, 9.629012e-02, 9.629054e-02
INFO:bingo.evolutionary_optimizers.parallel_archipelago:Evolution time 0:00:46.610794	 age 220	 fitness 5.363e-02
Level 25:bingo.evolutionary_optimizers.evolutionary_optimizer:Generation: 190 	 Elapsed time: 0:11:07.084729 	 Best training fitness: 5.363278e-02 	 
Level 25:bingo.evolutionary_optimizers.evolutionary_optimizer:190, 6.670847e+02, 1345013, 5.363278e-02, 5.363278e-02, 5.975136e-02, 6.815400e-02, 7.090944e-02, 9.620531e-02, 9.621494e-02, 9.625807e-02, 9.629012e-02, 9.629054e-02
INFO:bingo.evolutionary_optimizers.parallel_archipelago:Evolution time 0:00:39.608709	 age 230	 fitness 5.363e-02
Level 25:bingo.evolutionary_optimizers.evolutionary_optimizer:Generation: 200 	 Elapsed time: 0:11:47.006496 	 Best training fitness: 5.363278e-02 	 
Level 25:bingo.evolutionary_optimizers.evolutionary_optimizer:200, 7.070065e+02, 1427074, 5.363278e-02, 5.363278e-02, 5.381446e-02, 5.945291e-02, 6.815400e-02, 7.090944e-02, 9.620531e-02, 9.621494e-02, 9.624866e-02, 9.629012e-02, 9.629054e-02
INFO:bingo.evolutionary_optimizers.parallel_archipelago:Evolution time 0:01:03.993820	 age 240	 fitness 4.296e-02
Level 25:bingo.evolutionary_optimizers.evolutionary_optimizer:Generation: 210 	 Elapsed time: 0:12:51.273855 	 Best training fitness: 4.295804e-02 	 
Level 25:bingo.evolutionary_optimizers.evolutionary_optimizer:210, 7.712739e+02, 1527990, 4.295804e-02, 4.295804e-02, 5.070285e-02, 5.381446e-02, 5.942940e-02, 6.815400e-02, 7.086384e-02, 9.620531e-02, 9.621494e-02, 9.624866e-02, 9.629012e-02, 9.629054e-02
INFO:bingo.evolutionary_optimizers.parallel_archipelago:Evolution time 0:00:27.642085	 age 250	 fitness 4.296e-02
Level 25:bingo.evolutionary_optimizers.evolutionary_optimizer:Generation: 220 	 Elapsed time: 0:13:19.180857 	 Best training fitness: 4.295804e-02 	 
Level 25:bingo.evolutionary_optimizers.evolutionary_optimizer:220, 7.991809e+02, 1603050, 4.295804e-02, 4.295804e-02, 5.027711e-02, 5.381446e-02, 5.942940e-02, 6.815400e-02, 7.086384e-02, 9.620531e-02, 9.621494e-02, 9.624866e-02, 9.629012e-02, 9.629054e-02
INFO:bingo.evolutionary_optimizers.parallel_archipelago:Evolution time 0:00:44.448605	 age 270	 fitness 4.296e-02
Level 25:bingo.evolutionary_optimizers.evolutionary_optimizer:Generation: 230 	 Elapsed time: 0:14:03.894066 	 Best training fitness: 4.295804e-02 	 
Level 25:bingo.evolutionary_optimizers.evolutionary_optimizer:230, 8.438941e+02, 1701877, 4.295804e-02, 4.295804e-02, 5.026241e-02, 5.063315e-02, 5.318734e-02, 7.086384e-02, 9.620531e-02, 9.621494e-02, 9.624866e-02, 9.629012e-02, 9.629054e-02
INFO:bingo.evolutionary_optimizers.parallel_archipelago:Evolution time 0:00:23.318619	 age 280	 fitness 4.229e-02
Level 25:bingo.evolutionary_optimizers.evolutionary_optimizer:Generation: 240 	 Elapsed time: 0:14:27.505683 	 Best training fitness: 4.228644e-02 	 
Level 25:bingo.evolutionary_optimizers.evolutionary_optimizer:240, 8.675057e+02, 1771561, 4.228644e-02, 4.228644e-02, 5.318734e-02, 5.334469e-02, 7.086384e-02, 9.620531e-02, 9.621494e-02, 9.624866e-02, 9.629012e-02, 9.629054e-02
INFO:bingo.evolutionary_optimizers.parallel_archipelago:Evolution time 0:00:35.193007	 age 290	 fitness 4.179e-02
Level 25:bingo.evolutionary_optimizers.evolutionary_optimizer:Generation: 250 	 Elapsed time: 0:15:02.955553 	 Best training fitness: 4.178674e-02 	 
Level 25:bingo.evolutionary_optimizers.evolutionary_optimizer:250, 9.029556e+02, 1851491, 4.178674e-02, 4.178674e-02, 5.304826e-02, 7.086384e-02, 9.620531e-02, 9.621494e-02, 9.624866e-02, 9.628741e-02
INFO:bingo.evolutionary_optimizers.parallel_archipelago:Evolution time 0:00:39.774043	 age 300	 fitness 4.192e-02
Level 25:bingo.evolutionary_optimizers.evolutionary_optimizer:Generation: 260 	 Elapsed time: 0:15:42.985237 	 Best training fitness: 4.191793e-02 	 
Level 25:bingo.evolutionary_optimizers.evolutionary_optimizer:260, 9.429852e+02, 1942383, 4.191793e-02, 4.178674e-02, 5.304826e-02, 7.086384e-02, 9.620531e-02, 9.621494e-02, 9.624866e-02, 9.628741e-02
INFO:bingo.evolutionary_optimizers.parallel_archipelago:Evolution time 0:00:25.839952	 age 310	 fitness 4.182e-02
Level 25:bingo.evolutionary_optimizers.evolutionary_optimizer:Generation: 270 	 Elapsed time: 0:16:09.082465 	 Best training fitness: 4.182408e-02 	 
Level 25:bingo.evolutionary_optimizers.evolutionary_optimizer:270, 9.690825e+02, 2015432, 4.182408e-02, 4.178674e-02, 5.302496e-02, 7.086384e-02, 9.620531e-02, 9.621494e-02, 9.624866e-02, 9.628156e-02, 9.628741e-02
INFO:bingo.evolutionary_optimizers.parallel_archipelago:Evolution time 0:00:24.462290	 age 320	 fitness 4.140e-02
Level 25:bingo.evolutionary_optimizers.evolutionary_optimizer:Generation: 280 	 Elapsed time: 0:16:33.797923 	 Best training fitness: 4.139689e-02 	 
Level 25:bingo.evolutionary_optimizers.evolutionary_optimizer:280, 9.937979e+02, 2085768, 4.139689e-02, 4.139689e-02, 4.177871e-02, 5.302391e-02, 7.086384e-02, 9.620531e-02, 9.621494e-02, 9.624866e-02, 9.628156e-02, 9.628741e-02
INFO:bingo.evolutionary_optimizers.parallel_archipelago:Evolution time 0:00:24.838566	 age 330	 fitness 4.132e-02
Level 25:bingo.evolutionary_optimizers.evolutionary_optimizer:Generation: 290 	 Elapsed time: 0:16:58.886579 	 Best training fitness: 4.132311e-02 	 
Level 25:bingo.evolutionary_optimizers.evolutionary_optimizer:290, 1.018887e+03, 2153938, 4.132311e-02, 4.132311e-02, 4.139689e-02, 4.172031e-02, 5.302391e-02, 7.086384e-02, 9.620531e-02, 9.621494e-02, 9.624866e-02, 9.628156e-02, 9.628741e-02
INFO:bingo.evolutionary_optimizers.parallel_archipelago:Evolution time 0:00:34.241388	 age 340	 fitness 4.123e-02
Level 25:bingo.evolutionary_optimizers.evolutionary_optimizer:Generation: 300 	 Elapsed time: 0:17:33.379602 	 Best training fitness: 4.123183e-02 	 
Level 25:bingo.evolutionary_optimizers.evolutionary_optimizer:300, 1.053380e+03, 2232008, 4.123183e-02, 4.123183e-02, 4.134474e-02, 4.171293e-02, 5.226325e-02, 7.086384e-02, 9.620531e-02, 9.621494e-02, 9.624866e-02, 9.628156e-02, 9.628741e-02
INFO:bingo.evolutionary_optimizers.parallel_archipelago:Evolution time 0:00:45.941697	 age 350	 fitness 4.102e-02
Level 25:bingo.evolutionary_optimizers.evolutionary_optimizer:Generation: 310 	 Elapsed time: 0:18:19.595762 	 Best training fitness: 4.102178e-02 	 
Level 25:bingo.evolutionary_optimizers.evolutionary_optimizer:310, 1.099596e+03, 2316583, 4.102178e-02, 4.102178e-02, 4.134474e-02, 4.171293e-02, 5.226325e-02, 6.561495e-02, 7.086384e-02, 9.620531e-02, 9.621494e-02, 9.624866e-02, 9.628156e-02, 9.628741e-02
INFO:bingo.evolutionary_optimizers.parallel_archipelago:Evolution time 0:00:45.858214	 age 360	 fitness 4.106e-02
Level 25:bingo.evolutionary_optimizers.evolutionary_optimizer:Generation: 320 	 Elapsed time: 0:19:05.691471 	 Best training fitness: 4.106141e-02 	 
Level 25:bingo.evolutionary_optimizers.evolutionary_optimizer:320, 1.145691e+03, 2400997, 4.106141e-02, 4.102178e-02, 4.134474e-02, 4.170313e-02, 5.217189e-02, 6.561495e-02, 7.086384e-02, 9.620531e-02, 9.621494e-02, 9.624866e-02, 9.628156e-02, 9.628741e-02
INFO:bingo.evolutionary_optimizers.parallel_archipelago:Evolution time 0:00:29.212849	 age 370	 fitness 4.099e-02
Level 25:bingo.evolutionary_optimizers.evolutionary_optimizer:Generation: 330 	 Elapsed time: 0:19:35.148327 	 Best training fitness: 4.099487e-02 	 
Level 25:bingo.evolutionary_optimizers.evolutionary_optimizer:330, 1.175148e+03, 2468799, 4.099487e-02, 4.099487e-02, 4.132530e-02, 4.168604e-02, 5.168442e-02, 6.561495e-02, 7.086384e-02, 9.620531e-02, 9.621494e-02, 9.624866e-02, 9.628156e-02, 9.628741e-02
INFO:bingo.evolutionary_optimizers.parallel_archipelago:Evolution time 0:00:35.432390	 age 380	 fitness 4.099e-02
Level 25:bingo.evolutionary_optimizers.evolutionary_optimizer:Generation: 340 	 Elapsed time: 0:20:10.828579 	 Best training fitness: 4.099487e-02 	 
Level 25:bingo.evolutionary_optimizers.evolutionary_optimizer:340, 1.210829e+03, 2546952, 4.099487e-02, 4.099487e-02, 4.132530e-02, 4.168604e-02, 5.166715e-02, 6.561495e-02, 7.086384e-02, 9.620531e-02, 9.621494e-02, 9.624866e-02, 9.628156e-02, 9.628741e-02
INFO:bingo.evolutionary_optimizers.parallel_archipelago:Evolution time 0:00:33.664576	 age 400	 fitness 4.101e-02
Level 25:bingo.evolutionary_optimizers.evolutionary_optimizer:Generation: 350 	 Elapsed time: 0:20:44.740137 	 Best training fitness: 4.101366e-02 	 
Level 25:bingo.evolutionary_optimizers.evolutionary_optimizer:350, 1.244740e+03, 2620732, 4.101366e-02, 4.099487e-02, 4.123683e-02, 4.168604e-02, 5.166715e-02, 6.561495e-02, 7.086384e-02, 9.620531e-02, 9.621494e-02, 9.624866e-02, 9.627923e-02
INFO:bingo.evolutionary_optimizers.parallel_archipelago:Evolution time 0:00:53.129251	 age 410	 fitness 4.055e-02
Level 25:bingo.evolutionary_optimizers.evolutionary_optimizer:Generation: 360 	 Elapsed time: 0:21:38.114918 	 Best training fitness: 4.054592e-02 	 
Level 25:bingo.evolutionary_optimizers.evolutionary_optimizer:360, 1.298115e+03, 2709540, 4.054592e-02, 4.054592e-02, 4.123683e-02, 4.168604e-02, 5.166618e-02, 6.561495e-02, 7.086384e-02, 9.620531e-02, 9.621494e-02, 9.623143e-02
INFO:bingo.evolutionary_optimizers.parallel_archipelago:Evolution time 0:00:22.111052	 age 420	 fitness 3.992e-02
Level 25:bingo.evolutionary_optimizers.evolutionary_optimizer:Generation: 370 	 Elapsed time: 0:22:00.470838 	 Best training fitness: 3.991652e-02 	 
Level 25:bingo.evolutionary_optimizers.evolutionary_optimizer:370, 1.320471e+03, 2773437, 3.991652e-02, 3.991652e-02, 4.040245e-02, 4.123683e-02, 4.168604e-02, 5.160374e-02, 6.561495e-02, 7.086384e-02, 9.620531e-02, 9.621494e-02, 9.623143e-02
INFO:bingo.evolutionary_optimizers.parallel_archipelago:Evolution time 0:00:55.375637	 age 430	 fitness 3.974e-02
Level 25:bingo.evolutionary_optimizers.evolutionary_optimizer:Generation: 380 	 Elapsed time: 0:22:56.119857 	 Best training fitness: 3.974487e-02 	 
Level 25:bingo.evolutionary_optimizers.evolutionary_optimizer:380, 1.376120e+03, 2874714, 3.974487e-02, 3.974487e-02, 3.986973e-02, 4.040245e-02, 4.118307e-02, 4.168604e-02, 5.159730e-02, 6.561495e-02, 7.086384e-02, 9.620531e-02, 9.621494e-02, 9.623143e-02
INFO:bingo.evolutionary_optimizers.parallel_archipelago:Evolution time 0:00:18.607456	 age 440	 fitness 3.941e-02
Level 25:bingo.evolutionary_optimizers.evolutionary_optimizer:Generation: 390 	 Elapsed time: 0:23:14.965733 	 Best training fitness: 3.940759e-02 	 
Level 25:bingo.evolutionary_optimizers.evolutionary_optimizer:390, 1.394966e+03, 2933353, 3.940759e-02, 3.940759e-02, 3.980972e-02, 3.995592e-02, 4.168604e-02, 5.158210e-02, 6.561495e-02, 7.086384e-02, 9.620531e-02, 9.621494e-02, 9.623143e-02
INFO:bingo.evolutionary_optimizers.parallel_archipelago:Evolution time 0:00:20.105824	 age 450	 fitness 3.941e-02
Level 25:bingo.evolutionary_optimizers.evolutionary_optimizer:Generation: 400 	 Elapsed time: 0:23:35.309757 	 Best training fitness: 3.940759e-02 	 
Level 25:bingo.evolutionary_optimizers.evolutionary_optimizer:400, 1.415310e+03, 2994760, 3.940759e-02, 3.940759e-02, 3.979393e-02, 3.988595e-02, 4.168604e-02, 4.945879e-02, 5.156961e-02, 6.561495e-02, 7.086384e-02, 9.620531e-02, 9.621494e-02, 9.623143e-02
INFO:bingo.evolutionary_optimizers.parallel_archipelago:Evolution time 0:00:34.482263	 age 460	 fitness 3.786e-02
Level 25:bingo.evolutionary_optimizers.evolutionary_optimizer:Generation: 410 	 Elapsed time: 0:24:10.033980 	 Best training fitness: 3.785547e-02 	 
Level 25:bingo.evolutionary_optimizers.evolutionary_optimizer:410, 1.450034e+03, 3068717, 3.785547e-02, 3.785547e-02, 3.926457e-02, 3.976981e-02, 3.988595e-02, 4.168604e-02, 4.945879e-02, 5.156961e-02, 6.561495e-02, 7.086384e-02, 9.620531e-02, 9.621494e-02, 9.623143e-02
INFO:bingo.evolutionary_optimizers.parallel_archipelago:Evolution time 0:00:37.972580	 age 470	 fitness 3.776e-02
Level 25:bingo.evolutionary_optimizers.evolutionary_optimizer:Generation: 420 	 Elapsed time: 0:24:48.246290 	 Best training fitness: 3.775591e-02 	 
Level 25:bingo.evolutionary_optimizers.evolutionary_optimizer:420, 1.488246e+03, 3147054, 3.775591e-02, 3.775591e-02, 3.924951e-02, 3.976981e-02, 3.988595e-02, 4.168604e-02, 4.944886e-02, 5.156961e-02, 6.561495e-02, 7.086384e-02, 9.620531e-02, 9.621494e-02, 9.623143e-02
INFO:bingo.evolutionary_optimizers.parallel_archipelago:Evolution time 0:00:32.442898	 age 490	 fitness 3.479e-02
Level 25:bingo.evolutionary_optimizers.evolutionary_optimizer:Generation: 430 	 Elapsed time: 0:25:20.930786 	 Best training fitness: 3.479330e-02 	 
Level 25:bingo.evolutionary_optimizers.evolutionary_optimizer:430, 1.520931e+03, 3234011, 3.479330e-02, 3.479330e-02, 6.561495e-02, 7.086384e-02, 9.620531e-02, 9.621494e-02, 9.623143e-02
INFO:bingo.evolutionary_optimizers.parallel_archipelago:Evolution time 0:00:30.299080	 age 500	 fitness 0.000e+00
Level 25:bingo.evolutionary_optimizers.evolutionary_optimizer:Generation: 440 	 Elapsed time: 0:25:51.488756 	 Best training fitness: 0.000000e+00 	 
Level 25:bingo.evolutionary_optimizers.evolutionary_optimizer:440, 1.551489e+03, 3307334, 0.000000e+00, 0.000000e+00, 9.621494e-02, 9.623143e-02
Level 25:bingo.evolutionary_optimizers.evolutionary_optimizer:Evolution successfully converged.
Level 25:bingo.evolutionary_optimizers.evolutionary_optimizer:  Absolte convergence occurred with best fitness < 1e-10
Level 25:bingo.evolutionary_optimizers.evolutionary_optimizer:Hall of Fame:
0.0	7	sin(log((X_1)(X_1) + (X_0)(X_0)))
0.09621493758532107	6	sin(log(sin((sin(-0.023718))(sin(-0.023718)))))
0.09623142585726319	1	-0.936088
