Level 25:bingo.evolutionary_optimizers.evolutionary_optimizer:#generational_age, elapsed_time, fitness_evaluation_count, current_training_fitness, hall_of_fame_fitnesses
Level 25:bingo.evolutionary_optimizers.evolutionary_optimizer:#generational_age, elapsed_time, fitness_evaluation_count, current_training_fitness, hall_of_fame_fitnesses
Level 25:bingo.evolutionary_optimizers.evolutionary_optimizer:Generation: 0 	 Elapsed time: 0:00:04.047078 	 Best training fitness: 2.163789e-01 	 
Level 25:bingo.evolutionary_optimizers.evolutionary_optimizer:0, 4.047078e+00, 16223, 2.163789e-01
INFO:bingo.evolutionary_optimizers.parallel_archipelago:Evolution time 0:00:35.887819	 age 30	 fitness 2.163e-01
Level 25:bingo.evolutionary_optimizers.evolutionary_optimizer:Generation: 10 	 Elapsed time: 0:00:40.144404 	 Best training fitness: 2.163141e-01 	 
Level 25:bingo.evolutionary_optimizers.evolutionary_optimizer:10, 4.014440e+01, 172940, 2.163141e-01, 2.163141e-01, 2.163236e-01, 2.165505e-01
INFO:bingo.evolutionary_optimizers.parallel_archipelago:Evolution time 0:00:21.097595	 age 40	 fitness 2.163e-01
Level 25:bingo.evolutionary_optimizers.evolutionary_optimizer:Generation: 20 	 Elapsed time: 0:01:01.464981 	 Best training fitness: 2.162921e-01 	 
Level 25:bingo.evolutionary_optimizers.evolutionary_optimizer:20, 6.146498e+01, 250821, 2.162921e-01, 2.162921e-01, 2.163087e-01, 2.163527e-01
INFO:bingo.evolutionary_optimizers.parallel_archipelago:Evolution time 0:00:28.146987	 age 50	 fitness 2.066e-01
Level 25:bingo.evolutionary_optimizers.evolutionary_optimizer:Generation: 30 	 Elapsed time: 0:01:29.880093 	 Best training fitness: 2.065912e-01 	 
Level 25:bingo.evolutionary_optimizers.evolutionary_optimizer:30, 8.988009e+01, 324782, 2.065912e-01, 2.065912e-01, 2.162921e-01, 2.163087e-01, 2.163460e-01
INFO:bingo.evolutionary_optimizers.parallel_archipelago:Evolution time 0:00:18.286485	 age 70	 fitness 2.066e-01
Level 25:bingo.evolutionary_optimizers.evolutionary_optimizer:Generation: 40 	 Elapsed time: 0:01:48.393423 	 Best training fitness: 2.065938e-01 	 
Level 25:bingo.evolutionary_optimizers.evolutionary_optimizer:40, 1.083934e+02, 397511, 2.065938e-01, 2.065912e-01, 2.162921e-01, 2.163087e-01, 2.163460e-01
INFO:bingo.evolutionary_optimizers.parallel_archipelago:Evolution time 0:00:15.813794	 age 90	 fitness 1.323e-01
Level 25:bingo.evolutionary_optimizers.evolutionary_optimizer:Generation: 50 	 Elapsed time: 0:02:04.434110 	 Best training fitness: 1.322657e-01 	 
Level 25:bingo.evolutionary_optimizers.evolutionary_optimizer:50, 1.244341e+02, 460420, 1.322657e-01, 1.322657e-01, 2.162921e-01, 2.163087e-01, 2.163460e-01
INFO:bingo.evolutionary_optimizers.parallel_archipelago:Evolution time 0:00:31.509319	 age 110	 fitness 1.238e-01
Level 25:bingo.evolutionary_optimizers.evolutionary_optimizer:Generation: 60 	 Elapsed time: 0:02:36.170539 	 Best training fitness: 1.238057e-01 	 
Level 25:bingo.evolutionary_optimizers.evolutionary_optimizer:60, 1.561705e+02, 555799, 1.238057e-01, 1.238057e-01, 1.322657e-01, 2.162921e-01, 2.163087e-01, 2.163460e-01
INFO:bingo.evolutionary_optimizers.parallel_archipelago:Evolution time 0:00:30.270596	 age 120	 fitness 1.238e-01
Level 25:bingo.evolutionary_optimizers.evolutionary_optimizer:Generation: 70 	 Elapsed time: 0:03:06.667969 	 Best training fitness: 1.237508e-01 	 
Level 25:bingo.evolutionary_optimizers.evolutionary_optimizer:70, 1.866680e+02, 634492, 1.237508e-01, 1.237508e-01, 1.322654e-01, 2.162921e-01, 2.163087e-01, 2.163460e-01
INFO:bingo.evolutionary_optimizers.parallel_archipelago:Evolution time 0:00:31.732965	 age 150	 fitness 1.237e-01
Level 25:bingo.evolutionary_optimizers.evolutionary_optimizer:Generation: 80 	 Elapsed time: 0:03:38.664453 	 Best training fitness: 1.237358e-01 	 
Level 25:bingo.evolutionary_optimizers.evolutionary_optimizer:80, 2.186645e+02, 718416, 1.237358e-01, 1.237358e-01, 1.322654e-01, 2.162921e-01, 2.163087e-01, 2.163460e-01
INFO:bingo.evolutionary_optimizers.parallel_archipelago:Evolution time 0:00:21.049047	 age 170	 fitness 1.237e-01
Level 25:bingo.evolutionary_optimizers.evolutionary_optimizer:Generation: 90 	 Elapsed time: 0:04:00.042782 	 Best training fitness: 1.237358e-01 	 
Level 25:bingo.evolutionary_optimizers.evolutionary_optimizer:90, 2.400428e+02, 796391, 1.237358e-01, 1.237358e-01, 1.322602e-01, 2.162921e-01, 2.163087e-01, 2.163460e-01
INFO:bingo.evolutionary_optimizers.parallel_archipelago:Evolution time 0:00:28.622214	 age 180	 fitness 1.172e-01
Level 25:bingo.evolutionary_optimizers.evolutionary_optimizer:Generation: 100 	 Elapsed time: 0:04:28.895784 	 Best training fitness: 1.172336e-01 	 
Level 25:bingo.evolutionary_optimizers.evolutionary_optimizer:100, 2.688958e+02, 872052, 1.172336e-01, 1.172336e-01, 1.227691e-01, 1.322602e-01, 2.162921e-01, 2.163087e-01, 2.163460e-01
INFO:bingo.evolutionary_optimizers.parallel_archipelago:Evolution time 0:00:20.978252	 age 190	 fitness 9.785e-02
Level 25:bingo.evolutionary_optimizers.evolutionary_optimizer:Generation: 110 	 Elapsed time: 0:04:50.106994 	 Best training fitness: 9.784801e-02 	 
Level 25:bingo.evolutionary_optimizers.evolutionary_optimizer:110, 2.901070e+02, 936843, 9.784801e-02, 9.784801e-02, 1.222034e-01, 1.322492e-01, 2.162921e-01, 2.163087e-01, 2.163460e-01
INFO:bingo.evolutionary_optimizers.parallel_archipelago:Evolution time 0:00:28.858683	 age 220	 fitness 6.752e-02
Level 25:bingo.evolutionary_optimizers.evolutionary_optimizer:Generation: 120 	 Elapsed time: 0:05:19.193987 	 Best training fitness: 6.752072e-02 	 
Level 25:bingo.evolutionary_optimizers.evolutionary_optimizer:120, 3.191940e+02, 1028205, 6.752072e-02, 6.752072e-02, 6.955199e-02, 7.032783e-02, 9.784801e-02, 1.222034e-01, 1.322492e-01, 2.162921e-01, 2.163087e-01, 2.163460e-01
INFO:bingo.evolutionary_optimizers.parallel_archipelago:Evolution time 0:00:26.608543	 age 230	 fitness 2.933e-02
Level 25:bingo.evolutionary_optimizers.evolutionary_optimizer:Generation: 130 	 Elapsed time: 0:05:46.040192 	 Best training fitness: 2.932760e-02 	 
Level 25:bingo.evolutionary_optimizers.evolutionary_optimizer:130, 3.460402e+02, 1108765, 2.932760e-02, 2.932760e-02, 3.085951e-02, 3.250021e-02, 3.710651e-02, 7.063893e-02, 7.714590e-02, 1.322492e-01, 2.162921e-01, 2.163087e-01, 2.163460e-01
INFO:bingo.evolutionary_optimizers.parallel_archipelago:Evolution time 0:00:25.190526	 age 250	 fitness 8.365e-03
Level 25:bingo.evolutionary_optimizers.evolutionary_optimizer:Generation: 140 	 Elapsed time: 0:06:11.459761 	 Best training fitness: 8.365259e-03 	 
Level 25:bingo.evolutionary_optimizers.evolutionary_optimizer:140, 3.714598e+02, 1189931, 8.365259e-03, 8.365259e-03, 2.125603e-02, 3.061571e-02, 3.148458e-02, 1.322492e-01, 2.162921e-01, 2.163087e-01, 2.163460e-01
INFO:bingo.evolutionary_optimizers.parallel_archipelago:Evolution time 0:00:42.848578	 age 290	 fitness 0.000e+00
Level 25:bingo.evolutionary_optimizers.evolutionary_optimizer:Generation: 150 	 Elapsed time: 0:06:54.532627 	 Best training fitness: 0.000000e+00 	 
Level 25:bingo.evolutionary_optimizers.evolutionary_optimizer:150, 4.145326e+02, 1316415, 0.000000e+00, 0.000000e+00, 2.162921e-01, 2.163087e-01, 2.163460e-01
Level 25:bingo.evolutionary_optimizers.evolutionary_optimizer:Evolution successfully converged.
Level 25:bingo.evolutionary_optimizers.evolutionary_optimizer:  Absolte convergence occurred with best fitness < 1e-10
Level 25:bingo.evolutionary_optimizers.evolutionary_optimizer:Hall of Fame:
0.0	7	sin(log((X_0)(X_0) + (X_1)(X_1)))
0.21629205244828426	3	sin(log(-0.000560))
0.21630865134505084	2	sin(-1.203790)
0.21634596935295147	1	-0.934784
