Level 25:bingo.evolutionary_optimizers.evolutionary_optimizer:#generational_age, elapsed_time, fitness_evaluation_count, current_training_fitness, hall_of_fame_fitnesses
Level 25:bingo.evolutionary_optimizers.evolutionary_optimizer:#generational_age, elapsed_time, fitness_evaluation_count, current_training_fitness, hall_of_fame_fitnesses
Level 25:bingo.evolutionary_optimizers.evolutionary_optimizer:Generation: 0 	 Elapsed time: 0:00:03.279569 	 Best training fitness: 1.446496e-01 	 
Level 25:bingo.evolutionary_optimizers.evolutionary_optimizer:0, 3.279569e+00, 15105, 1.446496e-01
INFO:bingo.evolutionary_optimizers.parallel_archipelago:Evolution time 0:00:30.206728	 age 30	 fitness 1.444e-01
Level 25:bingo.evolutionary_optimizers.evolutionary_optimizer:Generation: 10 	 Elapsed time: 0:00:33.699628 	 Best training fitness: 1.443710e-01 	 
Level 25:bingo.evolutionary_optimizers.evolutionary_optimizer:10, 3.369963e+01, 117335, 1.443710e-01, 1.443710e-01, 1.444283e-01, 1.445750e-01
INFO:bingo.evolutionary_optimizers.parallel_archipelago:Evolution time 0:00:28.769457	 age 50	 fitness 1.432e-01
Level 25:bingo.evolutionary_optimizers.evolutionary_optimizer:Generation: 20 	 Elapsed time: 0:01:02.703214 	 Best training fitness: 1.432165e-01 	 
Level 25:bingo.evolutionary_optimizers.evolutionary_optimizer:20, 6.270321e+01, 215723, 1.432165e-01, 1.432165e-01, 1.443610e-01, 1.445414e-01
INFO:bingo.evolutionary_optimizers.parallel_archipelago:Evolution time 0:00:31.168069	 age 80	 fitness 1.243e-01
Level 25:bingo.evolutionary_optimizers.evolutionary_optimizer:Generation: 30 	 Elapsed time: 0:01:34.137296 	 Best training fitness: 1.243040e-01 	 
Level 25:bingo.evolutionary_optimizers.evolutionary_optimizer:30, 9.413730e+01, 307541, 1.243040e-01, 1.243040e-01, 1.351960e-01, 1.407332e-01, 1.430721e-01, 1.443609e-01, 1.445046e-01
INFO:bingo.evolutionary_optimizers.parallel_archipelago:Evolution time 0:00:12.515918	 age 90	 fitness 1.241e-01
Level 25:bingo.evolutionary_optimizers.evolutionary_optimizer:Generation: 40 	 Elapsed time: 0:01:46.890742 	 Best training fitness: 1.240780e-01 	 
Level 25:bingo.evolutionary_optimizers.evolutionary_optimizer:40, 1.068907e+02, 361073, 1.240780e-01, 1.240780e-01, 1.351960e-01, 1.406290e-01, 1.430037e-01, 1.443609e-01, 1.445046e-01
INFO:bingo.evolutionary_optimizers.parallel_archipelago:Evolution time 0:00:30.120758	 age 110	 fitness 1.240e-01
Level 25:bingo.evolutionary_optimizers.evolutionary_optimizer:Generation: 50 	 Elapsed time: 0:02:17.251503 	 Best training fitness: 1.240032e-01 	 
Level 25:bingo.evolutionary_optimizers.evolutionary_optimizer:50, 1.372515e+02, 455046, 1.240032e-01, 1.240032e-01, 1.351960e-01, 1.406290e-01, 1.430037e-01, 1.443609e-01, 1.445046e-01
INFO:bingo.evolutionary_optimizers.parallel_archipelago:Evolution time 0:00:44.196091	 age 120	 fitness 1.066e-01
Level 25:bingo.evolutionary_optimizers.evolutionary_optimizer:Generation: 60 	 Elapsed time: 0:03:01.687661 	 Best training fitness: 1.065565e-01 	 
Level 25:bingo.evolutionary_optimizers.evolutionary_optimizer:60, 1.816877e+02, 568032, 1.065565e-01, 1.065565e-01, 1.237780e-01, 1.406290e-01, 1.430037e-01, 1.443609e-01, 1.445046e-01
INFO:bingo.evolutionary_optimizers.parallel_archipelago:Evolution time 0:00:41.520555	 age 140	 fitness 1.066e-01
Level 25:bingo.evolutionary_optimizers.evolutionary_optimizer:Generation: 70 	 Elapsed time: 0:03:43.436853 	 Best training fitness: 1.066490e-01 	 
Level 25:bingo.evolutionary_optimizers.evolutionary_optimizer:70, 2.234369e+02, 686342, 1.066490e-01, 1.065565e-01, 1.066490e-01, 1.235924e-01, 1.406290e-01, 1.430037e-01, 1.443609e-01, 1.445046e-01
INFO:bingo.evolutionary_optimizers.parallel_archipelago:Evolution time 0:00:30.161508	 age 150	 fitness 1.066e-01
Level 25:bingo.evolutionary_optimizers.evolutionary_optimizer:Generation: 80 	 Elapsed time: 0:04:13.830515 	 Best training fitness: 1.065933e-01 	 
Level 25:bingo.evolutionary_optimizers.evolutionary_optimizer:80, 2.538305e+02, 790225, 1.065933e-01, 1.065565e-01, 1.065933e-01, 1.131362e-01, 1.234392e-01, 1.406290e-01, 1.415698e-01, 1.430037e-01, 1.443439e-01, 1.443609e-01, 1.445046e-01
INFO:bingo.evolutionary_optimizers.parallel_archipelago:Evolution time 0:00:34.413120	 age 160	 fitness 1.066e-01
Level 25:bingo.evolutionary_optimizers.evolutionary_optimizer:Generation: 90 	 Elapsed time: 0:04:48.501966 	 Best training fitness: 1.065933e-01 	 
Level 25:bingo.evolutionary_optimizers.evolutionary_optimizer:90, 2.885020e+02, 904274, 1.065933e-01, 1.065565e-01, 1.065933e-01, 1.130596e-01, 1.233355e-01, 1.233624e-01, 1.415698e-01, 1.430037e-01, 1.443439e-01, 1.443609e-01, 1.445046e-01
INFO:bingo.evolutionary_optimizers.parallel_archipelago:Evolution time 0:00:31.862881	 age 170	 fitness 1.065e-01
Level 25:bingo.evolutionary_optimizers.evolutionary_optimizer:Generation: 100 	 Elapsed time: 0:05:20.597101 	 Best training fitness: 1.065488e-01 	 
Level 25:bingo.evolutionary_optimizers.evolutionary_optimizer:100, 3.205971e+02, 1032476, 1.065488e-01, 1.065488e-01, 1.065660e-01, 1.130596e-01, 1.233355e-01, 1.233624e-01, 1.415698e-01, 1.430037e-01, 1.443111e-01, 1.443412e-01, 1.443445e-01
INFO:bingo.evolutionary_optimizers.parallel_archipelago:Evolution time 0:00:30.784263	 age 180	 fitness 1.065e-01
Level 25:bingo.evolutionary_optimizers.evolutionary_optimizer:Generation: 110 	 Elapsed time: 0:05:51.615508 	 Best training fitness: 1.065481e-01 	 
Level 25:bingo.evolutionary_optimizers.evolutionary_optimizer:110, 3.516155e+02, 1149410, 1.065481e-01, 1.065481e-01, 1.065660e-01, 1.130400e-01, 1.233355e-01, 1.233624e-01, 1.415698e-01, 1.430037e-01, 1.443111e-01, 1.443118e-01
INFO:bingo.evolutionary_optimizers.parallel_archipelago:Evolution time 0:00:48.159342	 age 210	 fitness 1.065e-01
Level 25:bingo.evolutionary_optimizers.evolutionary_optimizer:Generation: 120 	 Elapsed time: 0:06:40.008332 	 Best training fitness: 1.065252e-01 	 
Level 25:bingo.evolutionary_optimizers.evolutionary_optimizer:120, 4.000083e+02, 1288216, 1.065252e-01, 1.065252e-01, 1.065660e-01, 1.130400e-01, 1.233355e-01, 1.233624e-01, 1.415698e-01, 1.430037e-01, 1.443111e-01, 1.443118e-01
INFO:bingo.evolutionary_optimizers.parallel_archipelago:Evolution time 0:00:43.290020	 age 240	 fitness 1.065e-01
Level 25:bingo.evolutionary_optimizers.evolutionary_optimizer:Generation: 130 	 Elapsed time: 0:07:23.535477 	 Best training fitness: 1.065252e-01 	 
Level 25:bingo.evolutionary_optimizers.evolutionary_optimizer:130, 4.435355e+02, 1407475, 1.065252e-01, 1.065252e-01, 1.065660e-01, 1.130400e-01, 1.233355e-01, 1.233624e-01, 1.415698e-01, 1.430037e-01, 1.443111e-01, 1.443118e-01
INFO:bingo.evolutionary_optimizers.parallel_archipelago:Evolution time 0:00:52.155468	 age 250	 fitness 1.074e-04
Level 25:bingo.evolutionary_optimizers.evolutionary_optimizer:Generation: 140 	 Elapsed time: 0:08:15.937665 	 Best training fitness: 1.074106e-04 	 
Level 25:bingo.evolutionary_optimizers.evolutionary_optimizer:140, 4.959377e+02, 1533959, 1.074106e-04, 1.074106e-04, 1.233355e-01, 1.233624e-01, 1.415698e-01, 1.430037e-01, 1.443111e-01, 1.443118e-01
INFO:bingo.evolutionary_optimizers.parallel_archipelago:Evolution time 0:00:51.248528	 age 270	 fitness 0.000e+00
Level 25:bingo.evolutionary_optimizers.evolutionary_optimizer:Generation: 150 	 Elapsed time: 0:09:07.465283 	 Best training fitness: 0.000000e+00 	 
Level 25:bingo.evolutionary_optimizers.evolutionary_optimizer:150, 5.474653e+02, 1678328, 0.000000e+00, 0.000000e+00, 1.430037e-01, 1.442420e-01
Level 25:bingo.evolutionary_optimizers.evolutionary_optimizer:Evolution successfully converged.
Level 25:bingo.evolutionary_optimizers.evolutionary_optimizer:  Absolte convergence occurred with best fitness < 1e-10
Level 25:bingo.evolutionary_optimizers.evolutionary_optimizer:Hall of Fame:
0.0	8	sin(log((X_1)(X_1) + (X_0)(X_0)))
0.14300372950125087	7	sin(log(0.126240) + sin(log(X_0)))
0.14424199647627126	1	-0.932892
