Level 25:bingo.evolutionary_optimizers.evolutionary_optimizer:#generational_age, elapsed_time, fitness_evaluation_count, current_training_fitness, hall_of_fame_fitnesses
Level 25:bingo.evolutionary_optimizers.evolutionary_optimizer:#generational_age, elapsed_time, fitness_evaluation_count, current_training_fitness, hall_of_fame_fitnesses
Level 25:bingo.evolutionary_optimizers.evolutionary_optimizer:Generation: 0 	 Elapsed time: 0:00:04.320258 	 Best training fitness: 9.687437e-02 	 
Level 25:bingo.evolutionary_optimizers.evolutionary_optimizer:0, 4.320258e+00, 14413, 9.687437e-02
INFO:bingo.evolutionary_optimizers.parallel_archipelago:Evolution time 0:00:38.727580	 age 20	 fitness 9.637e-02
Level 25:bingo.evolutionary_optimizers.evolutionary_optimizer:Generation: 10 	 Elapsed time: 0:00:43.238622 	 Best training fitness: 9.637142e-02 	 
Level 25:bingo.evolutionary_optimizers.evolutionary_optimizer:10, 4.323862e+01, 120906, 9.637142e-02, 9.637142e-02, 9.638936e-02
INFO:bingo.evolutionary_optimizers.parallel_archipelago:Evolution time 0:00:27.335027	 age 40	 fitness 9.629e-02
Level 25:bingo.evolutionary_optimizers.evolutionary_optimizer:Generation: 20 	 Elapsed time: 0:01:10.785045 	 Best training fitness: 9.628993e-02 	 
Level 25:bingo.evolutionary_optimizers.evolutionary_optimizer:20, 7.078504e+01, 218823, 9.628993e-02, 9.628993e-02, 9.633688e-02, 9.638936e-02
INFO:bingo.evolutionary_optimizers.parallel_archipelago:Evolution time 0:00:39.881382	 age 60	 fitness 9.617e-02
Level 25:bingo.evolutionary_optimizers.evolutionary_optimizer:Generation: 30 	 Elapsed time: 0:01:50.915993 	 Best training fitness: 9.617033e-02 	 
Level 25:bingo.evolutionary_optimizers.evolutionary_optimizer:30, 1.109160e+02, 334629, 9.617033e-02, 9.617033e-02, 9.633588e-02, 9.633688e-02, 9.638862e-02
INFO:bingo.evolutionary_optimizers.parallel_archipelago:Evolution time 0:00:29.646846	 age 80	 fitness 9.634e-02
Level 25:bingo.evolutionary_optimizers.evolutionary_optimizer:Generation: 40 	 Elapsed time: 0:02:20.773232 	 Best training fitness: 9.633916e-02 	 
Level 25:bingo.evolutionary_optimizers.evolutionary_optimizer:40, 1.407732e+02, 417423, 9.633916e-02, 9.617033e-02, 9.633588e-02, 9.633688e-02, 9.638862e-02
INFO:bingo.evolutionary_optimizers.parallel_archipelago:Evolution time 0:00:23.477755	 age 90	 fitness 9.631e-02
Level 25:bingo.evolutionary_optimizers.evolutionary_optimizer:Generation: 50 	 Elapsed time: 0:02:44.453306 	 Best training fitness: 9.630790e-02 	 
Level 25:bingo.evolutionary_optimizers.evolutionary_optimizer:50, 1.644533e+02, 501735, 9.630790e-02, 9.617033e-02, 9.630790e-02, 9.633688e-02, 9.638862e-02
INFO:bingo.evolutionary_optimizers.parallel_archipelago:Evolution time 0:00:16.777746	 age 110	 fitness 9.623e-02
Level 25:bingo.evolutionary_optimizers.evolutionary_optimizer:Generation: 60 	 Elapsed time: 0:03:01.435093 	 Best training fitness: 9.622519e-02 	 
Level 25:bingo.evolutionary_optimizers.evolutionary_optimizer:60, 1.814351e+02, 582626, 9.622519e-02, 9.617033e-02, 9.622519e-02, 9.629666e-02, 9.633688e-02, 9.638862e-02
INFO:bingo.evolutionary_optimizers.parallel_archipelago:Evolution time 0:00:18.410534	 age 120	 fitness 9.629e-02
Level 25:bingo.evolutionary_optimizers.evolutionary_optimizer:Generation: 70 	 Elapsed time: 0:03:20.049749 	 Best training fitness: 9.629489e-02 	 
Level 25:bingo.evolutionary_optimizers.evolutionary_optimizer:70, 2.000497e+02, 646185, 9.629489e-02, 9.617033e-02, 9.622519e-02, 9.629489e-02, 9.633688e-02, 9.638862e-02
INFO:bingo.evolutionary_optimizers.parallel_archipelago:Evolution time 0:00:24.885949	 age 140	 fitness 9.637e-02
Level 25:bingo.evolutionary_optimizers.evolutionary_optimizer:Generation: 80 	 Elapsed time: 0:03:45.139988 	 Best training fitness: 9.636866e-02 	 
Level 25:bingo.evolutionary_optimizers.evolutionary_optimizer:80, 2.251400e+02, 739999, 9.636866e-02, 9.617033e-02, 9.622519e-02, 9.629489e-02, 9.633688e-02, 9.638862e-02
INFO:bingo.evolutionary_optimizers.parallel_archipelago:Evolution time 0:00:26.423205	 age 150	 fitness 9.629e-02
Level 25:bingo.evolutionary_optimizers.evolutionary_optimizer:Generation: 90 	 Elapsed time: 0:04:11.771539 	 Best training fitness: 9.628516e-02 	 
Level 25:bingo.evolutionary_optimizers.evolutionary_optimizer:90, 2.517715e+02, 818312, 9.628516e-02, 9.617033e-02, 9.622519e-02, 9.629489e-02, 9.633688e-02, 9.638862e-02
INFO:bingo.evolutionary_optimizers.parallel_archipelago:Evolution time 0:00:32.428470	 age 170	 fitness 9.629e-02
Level 25:bingo.evolutionary_optimizers.evolutionary_optimizer:Generation: 100 	 Elapsed time: 0:04:44.444793 	 Best training fitness: 9.628516e-02 	 
Level 25:bingo.evolutionary_optimizers.evolutionary_optimizer:100, 2.844448e+02, 922367, 9.628516e-02, 9.617033e-02, 9.622519e-02, 9.629489e-02, 9.633688e-02, 9.638862e-02
INFO:bingo.evolutionary_optimizers.parallel_archipelago:Evolution time 0:00:22.536631	 age 200	 fitness 7.345e-02
Level 25:bingo.evolutionary_optimizers.evolutionary_optimizer:Generation: 110 	 Elapsed time: 0:05:07.185603 	 Best training fitness: 7.344502e-02 	 
Level 25:bingo.evolutionary_optimizers.evolutionary_optimizer:110, 3.071856e+02, 992048, 7.344502e-02, 7.344502e-02, 9.617033e-02, 9.622519e-02, 9.629489e-02, 9.633688e-02, 9.638862e-02
INFO:bingo.evolutionary_optimizers.parallel_archipelago:Evolution time 0:00:19.453085	 age 210	 fitness 0.000e+00
Level 25:bingo.evolutionary_optimizers.evolutionary_optimizer:Generation: 120 	 Elapsed time: 0:05:26.843003 	 Best training fitness: 0.000000e+00 	 
Level 25:bingo.evolutionary_optimizers.evolutionary_optimizer:120, 3.268430e+02, 1063277, 0.000000e+00, 0.000000e+00, 9.623565e-02, 9.633688e-02, 9.638862e-02
Level 25:bingo.evolutionary_optimizers.evolutionary_optimizer:Evolution successfully converged.
Level 25:bingo.evolutionary_optimizers.evolutionary_optimizer:  Absolte convergence occurred with best fitness < 1e-10
Level 25:bingo.evolutionary_optimizers.evolutionary_optimizer:Hall of Fame:
0.0	7	sin(log((X_0)(X_0) + (X_1)(X_1)))
0.09623565252784153	3	sin(-0.969009 + -0.969009)
0.0963368840964965	2	sin(-1.209539)
0.09638861771132354	1	-0.926461
