Level 25:bingo.evolutionary_optimizers.evolutionary_optimizer:#generational_age, elapsed_time, fitness_evaluation_count, current_training_fitness, hall_of_fame_fitnesses
Level 25:bingo.evolutionary_optimizers.evolutionary_optimizer:#generational_age, elapsed_time, fitness_evaluation_count, current_training_fitness, hall_of_fame_fitnesses
Level 25:bingo.evolutionary_optimizers.evolutionary_optimizer:Generation: 0 	 Elapsed time: 0:00:05.381868 	 Best training fitness: 2.163583e-01 	 
Level 25:bingo.evolutionary_optimizers.evolutionary_optimizer:0, 5.381868e+00, 16428, 2.163583e-01
INFO:bingo.evolutionary_optimizers.parallel_archipelago:Evolution time 0:00:43.124788	 age 20	 fitness 2.163e-01
Level 25:bingo.evolutionary_optimizers.evolutionary_optimizer:Generation: 10 	 Elapsed time: 0:00:48.731512 	 Best training fitness: 2.163131e-01 	 
Level 25:bingo.evolutionary_optimizers.evolutionary_optimizer:10, 4.873151e+01, 127912, 2.163131e-01, 2.163131e-01, 2.164051e-01, 2.164126e-01
INFO:bingo.evolutionary_optimizers.parallel_archipelago:Evolution time 0:00:33.057536	 age 30	 fitness 2.163e-01
Level 25:bingo.evolutionary_optimizers.evolutionary_optimizer:Generation: 20 	 Elapsed time: 0:01:22.030690 	 Best training fitness: 2.162956e-01 	 
Level 25:bingo.evolutionary_optimizers.evolutionary_optimizer:20, 8.203069e+01, 191767, 2.162956e-01, 2.162956e-01, 2.164051e-01, 2.164126e-01
INFO:bingo.evolutionary_optimizers.parallel_archipelago:Evolution time 0:00:26.543715	 age 40	 fitness 2.163e-01
Level 25:bingo.evolutionary_optimizers.evolutionary_optimizer:Generation: 30 	 Elapsed time: 0:01:48.852761 	 Best training fitness: 2.163021e-01 	 
Level 25:bingo.evolutionary_optimizers.evolutionary_optimizer:30, 1.088528e+02, 247297, 2.163021e-01, 2.162956e-01, 2.163258e-01
INFO:bingo.evolutionary_optimizers.parallel_archipelago:Evolution time 0:00:31.731683	 age 50	 fitness 2.163e-01
Level 25:bingo.evolutionary_optimizers.evolutionary_optimizer:Generation: 40 	 Elapsed time: 0:02:20.828796 	 Best training fitness: 2.162875e-01 	 
Level 25:bingo.evolutionary_optimizers.evolutionary_optimizer:40, 1.408288e+02, 307978, 2.162875e-01, 2.162875e-01, 2.162893e-01
INFO:bingo.evolutionary_optimizers.parallel_archipelago:Evolution time 0:00:35.851368	 age 60	 fitness 2.161e-01
Level 25:bingo.evolutionary_optimizers.evolutionary_optimizer:Generation: 50 	 Elapsed time: 0:02:56.922956 	 Best training fitness: 2.160746e-01 	 
Level 25:bingo.evolutionary_optimizers.evolutionary_optimizer:50, 1.769230e+02, 377030, 2.160746e-01, 2.160746e-01, 2.162875e-01, 2.162893e-01
INFO:bingo.evolutionary_optimizers.parallel_archipelago:Evolution time 0:00:27.958967	 age 80	 fitness 2.013e-01
Level 25:bingo.evolutionary_optimizers.evolutionary_optimizer:Generation: 60 	 Elapsed time: 0:03:25.126416 	 Best training fitness: 2.012531e-01 	 
Level 25:bingo.evolutionary_optimizers.evolutionary_optimizer:60, 2.051264e+02, 439481, 2.012531e-01, 2.012531e-01, 2.162875e-01, 2.162893e-01
INFO:bingo.evolutionary_optimizers.parallel_archipelago:Evolution time 0:00:33.277279	 age 90	 fitness 1.832e-01
Level 25:bingo.evolutionary_optimizers.evolutionary_optimizer:Generation: 70 	 Elapsed time: 0:03:58.649251 	 Best training fitness: 1.832145e-01 	 
Level 25:bingo.evolutionary_optimizers.evolutionary_optimizer:70, 2.386493e+02, 507013, 1.832145e-01, 1.832145e-01, 2.011887e-01, 2.162875e-01, 2.162893e-01
INFO:bingo.evolutionary_optimizers.parallel_archipelago:Evolution time 0:00:30.112447	 age 100	 fitness 1.747e-01
Level 25:bingo.evolutionary_optimizers.evolutionary_optimizer:Generation: 80 	 Elapsed time: 0:04:29.012667 	 Best training fitness: 1.747218e-01 	 
Level 25:bingo.evolutionary_optimizers.evolutionary_optimizer:80, 2.690127e+02, 569390, 1.747218e-01, 1.747218e-01, 1.759029e-01, 1.794674e-01, 2.162875e-01, 2.162893e-01
INFO:bingo.evolutionary_optimizers.parallel_archipelago:Evolution time 0:00:16.630269	 age 110	 fitness 1.747e-01
Level 25:bingo.evolutionary_optimizers.evolutionary_optimizer:Generation: 90 	 Elapsed time: 0:04:45.892806 	 Best training fitness: 1.747218e-01 	 
Level 25:bingo.evolutionary_optimizers.evolutionary_optimizer:90, 2.858928e+02, 618100, 1.747218e-01, 1.747218e-01, 1.758760e-01, 1.794415e-01, 2.162875e-01, 2.162893e-01
INFO:bingo.evolutionary_optimizers.parallel_archipelago:Evolution time 0:00:30.135410	 age 130	 fitness 1.727e-01
Level 25:bingo.evolutionary_optimizers.evolutionary_optimizer:Generation: 100 	 Elapsed time: 0:05:16.309856 	 Best training fitness: 1.727279e-01 	 
Level 25:bingo.evolutionary_optimizers.evolutionary_optimizer:100, 3.163099e+02, 689836, 1.727279e-01, 1.727279e-01, 1.747652e-01, 1.752041e-01, 2.162875e-01, 2.162893e-01
INFO:bingo.evolutionary_optimizers.parallel_archipelago:Evolution time 0:00:31.704263	 age 140	 fitness 1.682e-01
Level 25:bingo.evolutionary_optimizers.evolutionary_optimizer:Generation: 110 	 Elapsed time: 0:05:48.267640 	 Best training fitness: 1.681786e-01 	 
Level 25:bingo.evolutionary_optimizers.evolutionary_optimizer:110, 3.482676e+02, 757479, 1.681786e-01, 1.681786e-01, 1.747652e-01, 1.751722e-01, 2.162823e-01, 2.162875e-01, 2.162893e-01
INFO:bingo.evolutionary_optimizers.parallel_archipelago:Evolution time 0:00:19.295828	 age 150	 fitness 1.457e-01
Level 25:bingo.evolutionary_optimizers.evolutionary_optimizer:Generation: 120 	 Elapsed time: 0:06:07.814676 	 Best training fitness: 1.456555e-01 	 
Level 25:bingo.evolutionary_optimizers.evolutionary_optimizer:120, 3.678147e+02, 810694, 1.456555e-01, 1.456555e-01, 1.747233e-01, 1.751722e-01, 2.162823e-01, 2.162875e-01, 2.162893e-01
INFO:bingo.evolutionary_optimizers.parallel_archipelago:Evolution time 0:00:31.047474	 age 160	 fitness 1.457e-01
Level 25:bingo.evolutionary_optimizers.evolutionary_optimizer:Generation: 130 	 Elapsed time: 0:06:39.147692 	 Best training fitness: 1.456640e-01 	 
Level 25:bingo.evolutionary_optimizers.evolutionary_optimizer:130, 3.991477e+02, 875890, 1.456640e-01, 1.456555e-01, 1.747233e-01, 1.751551e-01, 2.162823e-01, 2.162875e-01, 2.162893e-01
INFO:bingo.evolutionary_optimizers.parallel_archipelago:Evolution time 0:00:19.731454	 age 170	 fitness 0.000e+00
Level 25:bingo.evolutionary_optimizers.evolutionary_optimizer:Generation: 140 	 Elapsed time: 0:06:59.132770 	 Best training fitness: 0.000000e+00 	 
Level 25:bingo.evolutionary_optimizers.evolutionary_optimizer:140, 4.191328e+02, 939832, 0.000000e+00, 0.000000e+00, 2.151261e-01, 2.162875e-01, 2.162893e-01
Level 25:bingo.evolutionary_optimizers.evolutionary_optimizer:Evolution successfully converged.
Level 25:bingo.evolutionary_optimizers.evolutionary_optimizer:  Absolte convergence occurred with best fitness < 1e-10
Level 25:bingo.evolutionary_optimizers.evolutionary_optimizer:Hall of Fame:
0.0	8	sin(log((X_1)(X_1) + (X_0)(X_0)))
0.21512609978835703	7	sin(-1.015288 + -1.015288 + sin(log(X_1)))
0.21628746368815568	5	sin(log(-0.099894 + -0.099894 + -0.099894))
0.21628925151739423	1	-0.933636
