Level 25:bingo.evolutionary_optimizers.evolutionary_optimizer:#generational_age, elapsed_time, fitness_evaluation_count, current_training_fitness, hall_of_fame_fitnesses
Level 25:bingo.evolutionary_optimizers.evolutionary_optimizer:#generational_age, elapsed_time, fitness_evaluation_count, current_training_fitness, hall_of_fame_fitnesses
Level 25:bingo.evolutionary_optimizers.evolutionary_optimizer:Generation: 0 	 Elapsed time: 0:00:02.871278 	 Best training fitness: 1.683570e-01 	 
Level 25:bingo.evolutionary_optimizers.evolutionary_optimizer:0, 2.871278e+00, 14821, 1.683570e-01
INFO:bingo.evolutionary_optimizers.parallel_archipelago:Evolution time 0:00:24.296192	 age 20	 fitness 1.684e-01
Level 25:bingo.evolutionary_optimizers.evolutionary_optimizer:Generation: 10 	 Elapsed time: 0:00:27.357223 	 Best training fitness: 1.683549e-01 	 
Level 25:bingo.evolutionary_optimizers.evolutionary_optimizer:10, 2.735722e+01, 139320, 1.683549e-01, 1.683549e-01, 1.683672e-01, 1.684733e-01, 1.687737e-01
INFO:bingo.evolutionary_optimizers.parallel_archipelago:Evolution time 0:00:31.736639	 age 30	 fitness 1.670e-01
Level 25:bingo.evolutionary_optimizers.evolutionary_optimizer:Generation: 20 	 Elapsed time: 0:00:59.323997 	 Best training fitness: 1.669906e-01 	 
Level 25:bingo.evolutionary_optimizers.evolutionary_optimizer:20, 5.932400e+01, 234090, 1.669906e-01, 1.669906e-01, 1.673479e-01, 1.683093e-01, 1.687737e-01
INFO:bingo.evolutionary_optimizers.parallel_archipelago:Evolution time 0:00:30.023768	 age 50	 fitness 1.670e-01
Level 25:bingo.evolutionary_optimizers.evolutionary_optimizer:Generation: 30 	 Elapsed time: 0:01:29.684365 	 Best training fitness: 1.670066e-01 	 
Level 25:bingo.evolutionary_optimizers.evolutionary_optimizer:30, 8.968436e+01, 315453, 1.670066e-01, 1.669906e-01, 1.672432e-01, 1.683093e-01, 1.686952e-01
INFO:bingo.evolutionary_optimizers.parallel_archipelago:Evolution time 0:00:40.611282	 age 70	 fitness 1.669e-01
Level 25:bingo.evolutionary_optimizers.evolutionary_optimizer:Generation: 40 	 Elapsed time: 0:02:10.654193 	 Best training fitness: 1.669003e-01 	 
Level 25:bingo.evolutionary_optimizers.evolutionary_optimizer:40, 1.306542e+02, 411338, 1.669003e-01, 1.669003e-01, 1.670387e-01, 1.672432e-01, 1.682780e-01, 1.685425e-01
INFO:bingo.evolutionary_optimizers.parallel_archipelago:Evolution time 0:00:39.947948	 age 90	 fitness 1.669e-01
Level 25:bingo.evolutionary_optimizers.evolutionary_optimizer:Generation: 50 	 Elapsed time: 0:02:50.903864 	 Best training fitness: 1.669003e-01 	 
Level 25:bingo.evolutionary_optimizers.evolutionary_optimizer:50, 1.709039e+02, 512894, 1.669003e-01, 1.669003e-01, 1.669499e-01, 1.672432e-01, 1.682780e-01, 1.684198e-01
INFO:bingo.evolutionary_optimizers.parallel_archipelago:Evolution time 0:00:27.200791	 age 110	 fitness 1.669e-01
Level 25:bingo.evolutionary_optimizers.evolutionary_optimizer:Generation: 60 	 Elapsed time: 0:03:18.415707 	 Best training fitness: 1.669155e-01 	 
Level 25:bingo.evolutionary_optimizers.evolutionary_optimizer:60, 1.984157e+02, 587787, 1.669155e-01, 1.669003e-01, 1.669157e-01, 1.670990e-01, 1.672432e-01, 1.682780e-01, 1.684198e-01
INFO:bingo.evolutionary_optimizers.parallel_archipelago:Evolution time 0:00:34.950603	 age 120	 fitness 1.669e-01
Level 25:bingo.evolutionary_optimizers.evolutionary_optimizer:Generation: 70 	 Elapsed time: 0:03:53.681795 	 Best training fitness: 1.669283e-01 	 
Level 25:bingo.evolutionary_optimizers.evolutionary_optimizer:70, 2.336818e+02, 663365, 1.669283e-01, 1.669003e-01, 1.669157e-01, 1.669447e-01, 1.672432e-01, 1.682577e-01, 1.682780e-01, 1.684181e-01
INFO:bingo.evolutionary_optimizers.parallel_archipelago:Evolution time 0:00:42.798607	 age 130	 fitness 1.642e-01
Level 25:bingo.evolutionary_optimizers.evolutionary_optimizer:Generation: 80 	 Elapsed time: 0:04:36.801229 	 Best training fitness: 1.642322e-01 	 
Level 25:bingo.evolutionary_optimizers.evolutionary_optimizer:80, 2.768012e+02, 748365, 1.642322e-01, 1.642322e-01, 1.668937e-01, 1.672432e-01, 1.682577e-01, 1.682780e-01, 1.683489e-01
INFO:bingo.evolutionary_optimizers.parallel_archipelago:Evolution time 0:00:32.138540	 age 140	 fitness 1.581e-01
Level 25:bingo.evolutionary_optimizers.evolutionary_optimizer:Generation: 90 	 Elapsed time: 0:05:09.210399 	 Best training fitness: 1.581403e-01 	 
Level 25:bingo.evolutionary_optimizers.evolutionary_optimizer:90, 3.092104e+02, 830739, 1.581403e-01, 1.581403e-01, 1.620065e-01, 1.668937e-01, 1.672432e-01, 1.682577e-01, 1.682780e-01, 1.682996e-01
INFO:bingo.evolutionary_optimizers.parallel_archipelago:Evolution time 0:00:26.199508	 age 150	 fitness 1.579e-01
Level 25:bingo.evolutionary_optimizers.evolutionary_optimizer:Generation: 100 	 Elapsed time: 0:05:35.670672 	 Best training fitness: 1.578924e-01 	 
Level 25:bingo.evolutionary_optimizers.evolutionary_optimizer:100, 3.356707e+02, 889480, 1.578924e-01, 1.578924e-01, 1.609708e-01, 1.668798e-01, 1.672432e-01, 1.682577e-01, 1.682780e-01, 1.682996e-01
INFO:bingo.evolutionary_optimizers.parallel_archipelago:Evolution time 0:00:38.181381	 age 160	 fitness 1.434e-01
Level 25:bingo.evolutionary_optimizers.evolutionary_optimizer:Generation: 110 	 Elapsed time: 0:06:14.109914 	 Best training fitness: 1.433970e-01 	 
Level 25:bingo.evolutionary_optimizers.evolutionary_optimizer:110, 3.741099e+02, 979709, 1.433970e-01, 1.433970e-01, 1.576904e-01, 1.577083e-01, 1.668798e-01, 1.672432e-01, 1.682577e-01, 1.682780e-01, 1.682996e-01
INFO:bingo.evolutionary_optimizers.parallel_archipelago:Evolution time 0:00:21.543037	 age 170	 fitness 1.432e-01
Level 25:bingo.evolutionary_optimizers.evolutionary_optimizer:Generation: 120 	 Elapsed time: 0:06:35.914012 	 Best training fitness: 1.432415e-01 	 
Level 25:bingo.evolutionary_optimizers.evolutionary_optimizer:120, 3.959140e+02, 1054368, 1.432415e-01, 1.432415e-01, 1.574967e-01, 1.578291e-01, 1.672432e-01, 1.682577e-01, 1.682780e-01, 1.682996e-01
INFO:bingo.evolutionary_optimizers.parallel_archipelago:Evolution time 0:00:21.127368	 age 180	 fitness 1.431e-01
Level 25:bingo.evolutionary_optimizers.evolutionary_optimizer:Generation: 130 	 Elapsed time: 0:06:57.302238 	 Best training fitness: 1.430773e-01 	 
Level 25:bingo.evolutionary_optimizers.evolutionary_optimizer:130, 4.173022e+02, 1119931, 1.430773e-01, 1.430773e-01, 1.574397e-01, 1.574782e-01, 1.578291e-01, 1.672432e-01, 1.682577e-01, 1.682780e-01, 1.682996e-01
INFO:bingo.evolutionary_optimizers.parallel_archipelago:Evolution time 0:00:21.949892	 age 190	 fitness 1.234e-01
Level 25:bingo.evolutionary_optimizers.evolutionary_optimizer:Generation: 140 	 Elapsed time: 0:07:19.519982 	 Best training fitness: 1.234295e-01 	 
Level 25:bingo.evolutionary_optimizers.evolutionary_optimizer:140, 4.395200e+02, 1179665, 1.234295e-01, 1.234295e-01, 1.430611e-01, 1.574397e-01, 1.574782e-01, 1.578291e-01, 1.672432e-01, 1.682577e-01, 1.682780e-01, 1.682996e-01
INFO:bingo.evolutionary_optimizers.parallel_archipelago:Evolution time 0:00:26.423621	 age 200	 fitness 1.234e-01
Level 25:bingo.evolutionary_optimizers.evolutionary_optimizer:Generation: 150 	 Elapsed time: 0:07:46.254613 	 Best training fitness: 1.233536e-01 	 
Level 25:bingo.evolutionary_optimizers.evolutionary_optimizer:150, 4.662546e+02, 1252414, 1.233536e-01, 1.233536e-01, 1.331327e-01, 1.430610e-01, 1.504292e-01, 1.574397e-01, 1.574782e-01, 1.578291e-01, 1.672432e-01, 1.682577e-01, 1.682780e-01, 1.682996e-01
INFO:bingo.evolutionary_optimizers.parallel_archipelago:Evolution time 0:00:40.589005	 age 210	 fitness 1.228e-01
Level 25:bingo.evolutionary_optimizers.evolutionary_optimizer:Generation: 160 	 Elapsed time: 0:08:27.168919 	 Best training fitness: 1.227866e-01 	 
Level 25:bingo.evolutionary_optimizers.evolutionary_optimizer:160, 5.071689e+02, 1357328, 1.227866e-01, 1.227866e-01, 1.257498e-01, 1.504292e-01, 1.574397e-01, 1.574782e-01, 1.578291e-01, 1.672432e-01, 1.682577e-01, 1.682780e-01, 1.682996e-01
INFO:bingo.evolutionary_optimizers.parallel_archipelago:Evolution time 0:00:38.503452	 age 240	 fitness 1.208e-01
Level 25:bingo.evolutionary_optimizers.evolutionary_optimizer:Generation: 170 	 Elapsed time: 0:09:05.970046 	 Best training fitness: 1.208122e-01 	 
Level 25:bingo.evolutionary_optimizers.evolutionary_optimizer:170, 5.459700e+02, 1447014, 1.208122e-01, 1.208122e-01, 1.227618e-01, 1.255472e-01, 1.504292e-01, 1.574397e-01, 1.574782e-01, 1.578291e-01, 1.672432e-01, 1.682577e-01, 1.682780e-01, 1.682996e-01
INFO:bingo.evolutionary_optimizers.parallel_archipelago:Evolution time 0:00:38.769131	 age 250	 fitness 1.166e-01
Level 25:bingo.evolutionary_optimizers.evolutionary_optimizer:Generation: 180 	 Elapsed time: 0:09:45.020960 	 Best training fitness: 1.166282e-01 	 
Level 25:bingo.evolutionary_optimizers.evolutionary_optimizer:180, 5.850210e+02, 1537481, 1.166282e-01, 1.166282e-01, 1.207626e-01, 1.209982e-01, 1.220156e-01, 1.255472e-01, 1.433032e-01, 1.574397e-01, 1.574782e-01, 1.578291e-01, 1.672432e-01, 1.682577e-01, 1.682780e-01, 1.682996e-01
INFO:bingo.evolutionary_optimizers.parallel_archipelago:Evolution time 0:00:45.924478	 age 260	 fitness 1.165e-01
Level 25:bingo.evolutionary_optimizers.evolutionary_optimizer:Generation: 190 	 Elapsed time: 0:10:31.318676 	 Best training fitness: 1.164951e-01 	 
Level 25:bingo.evolutionary_optimizers.evolutionary_optimizer:190, 6.313187e+02, 1629651, 1.164951e-01, 1.164951e-01, 1.194365e-01, 1.207453e-01, 1.207832e-01, 1.218330e-01, 1.255079e-01, 1.433032e-01, 1.574397e-01, 1.574782e-01, 1.578291e-01, 1.672432e-01, 1.682577e-01, 1.682780e-01, 1.682996e-01
INFO:bingo.evolutionary_optimizers.parallel_archipelago:Evolution time 0:00:16.665043	 age 270	 fitness 1.164e-01
Level 25:bingo.evolutionary_optimizers.evolutionary_optimizer:Generation: 200 	 Elapsed time: 0:10:48.321663 	 Best training fitness: 1.164427e-01 	 
Level 25:bingo.evolutionary_optimizers.evolutionary_optimizer:200, 6.483217e+02, 1680807, 1.164427e-01, 1.164427e-01, 1.194365e-01, 1.206582e-01, 1.218152e-01, 1.255079e-01, 1.433032e-01, 1.574397e-01, 1.574782e-01, 1.578291e-01, 1.672432e-01, 1.682577e-01, 1.682780e-01, 1.682996e-01
INFO:bingo.evolutionary_optimizers.parallel_archipelago:Evolution time 0:00:44.773942	 age 280	 fitness 1.045e-01
Level 25:bingo.evolutionary_optimizers.evolutionary_optimizer:Generation: 210 	 Elapsed time: 0:11:33.414700 	 Best training fitness: 1.045075e-01 	 
Level 25:bingo.evolutionary_optimizers.evolutionary_optimizer:210, 6.934147e+02, 1762966, 1.045075e-01, 1.045075e-01, 1.075453e-01, 1.218001e-01, 1.255079e-01, 1.433032e-01, 1.574397e-01, 1.574782e-01, 1.578291e-01, 1.672432e-01, 1.682577e-01, 1.682780e-01, 1.682996e-01
INFO:bingo.evolutionary_optimizers.parallel_archipelago:Evolution time 0:00:50.283987	 age 290	 fitness 1.044e-01
Level 25:bingo.evolutionary_optimizers.evolutionary_optimizer:Generation: 220 	 Elapsed time: 0:12:24.007155 	 Best training fitness: 1.044302e-01 	 
Level 25:bingo.evolutionary_optimizers.evolutionary_optimizer:220, 7.440072e+02, 1851689, 1.044302e-01, 1.044302e-01, 1.075453e-01, 1.218001e-01, 1.242395e-01, 1.255079e-01, 1.433032e-01, 1.574397e-01, 1.574782e-01, 1.578291e-01, 1.672432e-01, 1.682577e-01, 1.682780e-01, 1.682996e-01
INFO:bingo.evolutionary_optimizers.parallel_archipelago:Evolution time 0:00:32.993370	 age 300	 fitness 1.045e-01
Level 25:bingo.evolutionary_optimizers.evolutionary_optimizer:Generation: 230 	 Elapsed time: 0:12:57.310290 	 Best training fitness: 1.044630e-01 	 
Level 25:bingo.evolutionary_optimizers.evolutionary_optimizer:230, 7.773103e+02, 1928301, 1.044630e-01, 1.044302e-01, 1.075453e-01, 1.218001e-01, 1.242395e-01, 1.255079e-01, 1.433032e-01, 1.574397e-01, 1.574782e-01, 1.578291e-01, 1.672432e-01, 1.682577e-01, 1.682780e-01, 1.682996e-01
INFO:bingo.evolutionary_optimizers.parallel_archipelago:Evolution time 0:00:25.867444	 age 310	 fitness 1.044e-01
Level 25:bingo.evolutionary_optimizers.evolutionary_optimizer:Generation: 240 	 Elapsed time: 0:13:23.455738 	 Best training fitness: 1.044196e-01 	 
Level 25:bingo.evolutionary_optimizers.evolutionary_optimizer:240, 8.034557e+02, 1993835, 1.044196e-01, 1.044196e-01, 1.075453e-01, 1.218001e-01, 1.242395e-01, 1.255079e-01, 1.433032e-01, 1.574397e-01, 1.574782e-01, 1.578291e-01, 1.672432e-01, 1.682577e-01, 1.682780e-01, 1.682996e-01
INFO:bingo.evolutionary_optimizers.parallel_archipelago:Evolution time 0:00:30.889290	 age 330	 fitness 1.044e-01
Level 25:bingo.evolutionary_optimizers.evolutionary_optimizer:Generation: 250 	 Elapsed time: 0:13:54.633633 	 Best training fitness: 1.044121e-01 	 
Level 25:bingo.evolutionary_optimizers.evolutionary_optimizer:250, 8.346336e+02, 2068994, 1.044121e-01, 1.044121e-01, 1.064610e-01, 1.075453e-01, 1.218001e-01, 1.242395e-01, 1.255079e-01, 1.433032e-01, 1.574397e-01, 1.574782e-01, 1.578291e-01, 1.672432e-01, 1.682577e-01, 1.682780e-01, 1.682996e-01
INFO:bingo.evolutionary_optimizers.parallel_archipelago:Evolution time 0:00:20.033835	 age 340	 fitness 9.606e-02
Level 25:bingo.evolutionary_optimizers.evolutionary_optimizer:Generation: 260 	 Elapsed time: 0:14:14.949785 	 Best training fitness: 9.606246e-02 	 
Level 25:bingo.evolutionary_optimizers.evolutionary_optimizer:260, 8.549498e+02, 2125440, 9.606246e-02, 9.606246e-02, 1.039261e-01, 1.044121e-01, 1.064610e-01, 1.074807e-01, 1.218001e-01, 1.242395e-01, 1.255079e-01, 1.433032e-01, 1.574397e-01, 1.574782e-01, 1.578291e-01, 1.672432e-01, 1.682577e-01, 1.682780e-01, 1.682996e-01
INFO:bingo.evolutionary_optimizers.parallel_archipelago:Evolution time 0:00:27.252633	 age 350	 fitness 9.606e-02
Level 25:bingo.evolutionary_optimizers.evolutionary_optimizer:Generation: 270 	 Elapsed time: 0:14:42.496641 	 Best training fitness: 9.606378e-02 	 
Level 25:bingo.evolutionary_optimizers.evolutionary_optimizer:270, 8.824966e+02, 2194044, 9.606378e-02, 9.606246e-02, 1.039261e-01, 1.043839e-01, 1.063975e-01, 1.074807e-01, 1.218001e-01, 1.242395e-01, 1.255079e-01, 1.432977e-01, 1.574397e-01, 1.574782e-01, 1.578291e-01, 1.672432e-01, 1.682577e-01, 1.682780e-01, 1.682996e-01
INFO:bingo.evolutionary_optimizers.parallel_archipelago:Evolution time 0:00:36.104693	 age 360	 fitness 9.601e-02
Level 25:bingo.evolutionary_optimizers.evolutionary_optimizer:Generation: 280 	 Elapsed time: 0:15:18.890763 	 Best training fitness: 9.600720e-02 	 
Level 25:bingo.evolutionary_optimizers.evolutionary_optimizer:280, 9.188908e+02, 2273829, 9.600720e-02, 9.600720e-02, 1.038487e-01, 1.042375e-01, 1.042707e-01, 1.063975e-01, 1.074807e-01, 1.218001e-01, 1.242395e-01, 1.255079e-01, 1.432977e-01, 1.574397e-01, 1.574782e-01, 1.578291e-01, 1.672432e-01, 1.682577e-01, 1.682780e-01, 1.682996e-01
INFO:bingo.evolutionary_optimizers.parallel_archipelago:Evolution time 0:00:27.049878	 age 370	 fitness 9.608e-02
Level 25:bingo.evolutionary_optimizers.evolutionary_optimizer:Generation: 290 	 Elapsed time: 0:15:46.232705 	 Best training fitness: 9.608044e-02 	 
Level 25:bingo.evolutionary_optimizers.evolutionary_optimizer:290, 9.462327e+02, 2348747, 9.608044e-02, 9.600720e-02, 1.038177e-01, 1.042331e-01, 1.063975e-01, 1.074807e-01, 1.218001e-01, 1.235927e-01, 1.255079e-01, 1.432977e-01, 1.574397e-01, 1.574782e-01, 1.578291e-01, 1.672432e-01, 1.682577e-01, 1.682723e-01, 1.682780e-01, 1.682996e-01
INFO:bingo.evolutionary_optimizers.parallel_archipelago:Evolution time 0:00:32.905957	 age 380	 fitness 9.604e-02
Level 25:bingo.evolutionary_optimizers.evolutionary_optimizer:Generation: 300 	 Elapsed time: 0:16:19.465591 	 Best training fitness: 9.604387e-02 	 
Level 25:bingo.evolutionary_optimizers.evolutionary_optimizer:300, 9.794656e+02, 2416799, 9.604387e-02, 9.600720e-02, 1.037764e-01, 1.042011e-01, 1.063975e-01, 1.074807e-01, 1.218001e-01, 1.235927e-01, 1.255079e-01, 1.432977e-01, 1.574397e-01, 1.574782e-01, 1.578291e-01, 1.672432e-01, 1.682577e-01, 1.682723e-01, 1.682780e-01, 1.682996e-01
INFO:bingo.evolutionary_optimizers.parallel_archipelago:Evolution time 0:00:45.453492	 age 390	 fitness 9.601e-02
Level 25:bingo.evolutionary_optimizers.evolutionary_optimizer:Generation: 310 	 Elapsed time: 0:17:05.213926 	 Best training fitness: 9.600534e-02 	 
Level 25:bingo.evolutionary_optimizers.evolutionary_optimizer:310, 1.025214e+03, 2501639, 9.600534e-02, 9.600534e-02, 1.034566e-01, 1.074709e-01, 1.235927e-01, 1.255079e-01, 1.432977e-01, 1.532700e-01, 1.574782e-01, 1.578291e-01, 1.672432e-01, 1.682577e-01, 1.682723e-01, 1.682780e-01, 1.682996e-01
INFO:bingo.evolutionary_optimizers.parallel_archipelago:Evolution time 0:00:20.400686	 age 400	 fitness 7.305e-02
Level 25:bingo.evolutionary_optimizers.evolutionary_optimizer:Generation: 320 	 Elapsed time: 0:17:25.907747 	 Best training fitness: 7.304947e-02 	 
Level 25:bingo.evolutionary_optimizers.evolutionary_optimizer:320, 1.045908e+03, 2566190, 7.304947e-02, 7.304947e-02, 9.598405e-02, 1.034566e-01, 1.074709e-01, 1.235927e-01, 1.255079e-01, 1.432977e-01, 1.530282e-01, 1.574782e-01, 1.578291e-01, 1.672432e-01, 1.682577e-01, 1.682723e-01, 1.682780e-01, 1.682996e-01
INFO:bingo.evolutionary_optimizers.parallel_archipelago:Evolution time 0:00:21.699117	 age 410	 fitness 7.303e-02
Level 25:bingo.evolutionary_optimizers.evolutionary_optimizer:Generation: 330 	 Elapsed time: 0:17:47.901146 	 Best training fitness: 7.302918e-02 	 
Level 25:bingo.evolutionary_optimizers.evolutionary_optimizer:330, 1.067901e+03, 2625333, 7.302918e-02, 7.302918e-02, 8.956489e-02, 9.598405e-02, 9.931339e-02, 1.034566e-01, 1.074709e-01, 1.234108e-01, 1.255079e-01, 1.432977e-01, 1.446341e-01, 1.574782e-01, 1.578291e-01, 1.672432e-01, 1.682577e-01, 1.682723e-01, 1.682780e-01, 1.682996e-01
INFO:bingo.evolutionary_optimizers.parallel_archipelago:Evolution time 0:00:40.180677	 age 420	 fitness 7.301e-02
Level 25:bingo.evolutionary_optimizers.evolutionary_optimizer:Generation: 340 	 Elapsed time: 0:18:28.381961 	 Best training fitness: 7.300824e-02 	 
Level 25:bingo.evolutionary_optimizers.evolutionary_optimizer:340, 1.108382e+03, 2704423, 7.300824e-02, 7.300824e-02, 8.956489e-02, 9.598405e-02, 9.931339e-02, 1.033973e-01, 1.074709e-01, 1.234108e-01, 1.255079e-01, 1.432977e-01, 1.444956e-01, 1.574782e-01, 1.578291e-01, 1.672432e-01, 1.682577e-01, 1.682723e-01, 1.682780e-01, 1.682996e-01
INFO:bingo.evolutionary_optimizers.parallel_archipelago:Evolution time 0:00:33.285607	 age 430	 fitness 7.194e-02
Level 25:bingo.evolutionary_optimizers.evolutionary_optimizer:Generation: 350 	 Elapsed time: 0:19:01.970687 	 Best training fitness: 7.194244e-02 	 
Level 25:bingo.evolutionary_optimizers.evolutionary_optimizer:350, 1.141971e+03, 2768084, 7.194244e-02, 7.194244e-02, 8.956489e-02, 9.598405e-02, 9.904809e-02, 1.033973e-01, 1.074709e-01, 1.234108e-01, 1.255079e-01, 1.432977e-01, 1.444505e-01, 1.574782e-01, 1.578291e-01, 1.672432e-01, 1.682577e-01, 1.682723e-01, 1.682780e-01, 1.682996e-01
INFO:bingo.evolutionary_optimizers.parallel_archipelago:Evolution time 0:00:50.172644	 age 440	 fitness 7.194e-02
Level 25:bingo.evolutionary_optimizers.evolutionary_optimizer:Generation: 360 	 Elapsed time: 0:19:52.508237 	 Best training fitness: 7.193687e-02 	 
Level 25:bingo.evolutionary_optimizers.evolutionary_optimizer:360, 1.192508e+03, 2867091, 7.193687e-02, 7.193687e-02, 8.956489e-02, 9.598405e-02, 9.903768e-02, 1.033973e-01, 1.074709e-01, 1.234108e-01, 1.255079e-01, 1.432977e-01, 1.444505e-01, 1.574782e-01, 1.578291e-01, 1.672432e-01, 1.682577e-01, 1.682723e-01, 1.682780e-01, 1.682996e-01
INFO:bingo.evolutionary_optimizers.parallel_archipelago:Evolution time 0:00:32.905966	 age 450	 fitness 6.247e-02
Level 25:bingo.evolutionary_optimizers.evolutionary_optimizer:Generation: 370 	 Elapsed time: 0:20:25.805767 	 Best training fitness: 6.246804e-02 	 
Level 25:bingo.evolutionary_optimizers.evolutionary_optimizer:370, 1.225806e+03, 2956989, 6.246804e-02, 6.246804e-02, 7.123060e-02, 9.897527e-02, 1.033973e-01, 1.074709e-01, 1.234108e-01, 1.255079e-01, 1.432977e-01, 1.444505e-01, 1.574782e-01, 1.578291e-01, 1.672432e-01, 1.682577e-01, 1.682723e-01, 1.682780e-01, 1.682996e-01
INFO:bingo.evolutionary_optimizers.parallel_archipelago:Evolution time 0:00:30.554210	 age 460	 fitness 6.247e-02
Level 25:bingo.evolutionary_optimizers.evolutionary_optimizer:Generation: 380 	 Elapsed time: 0:20:56.644834 	 Best training fitness: 6.246804e-02 	 
Level 25:bingo.evolutionary_optimizers.evolutionary_optimizer:380, 1.256645e+03, 3025195, 6.246804e-02, 6.246804e-02, 6.937620e-02, 9.897527e-02, 1.033973e-01, 1.035091e-01, 1.074709e-01, 1.234108e-01, 1.255079e-01, 1.432977e-01, 1.444505e-01, 1.574782e-01, 1.578291e-01, 1.672432e-01, 1.682577e-01, 1.682723e-01, 1.682780e-01, 1.682996e-01
INFO:bingo.evolutionary_optimizers.parallel_archipelago:Evolution time 0:00:35.915895	 age 470	 fitness 6.244e-02
Level 25:bingo.evolutionary_optimizers.evolutionary_optimizer:Generation: 390 	 Elapsed time: 0:21:32.901624 	 Best training fitness: 6.244213e-02 	 
Level 25:bingo.evolutionary_optimizers.evolutionary_optimizer:390, 1.292902e+03, 3103912, 6.244213e-02, 6.244213e-02, 6.935938e-02, 9.897527e-02, 1.033973e-01, 1.035091e-01, 1.074709e-01, 1.234108e-01, 1.255079e-01, 1.327310e-01, 1.423303e-01, 1.478712e-01, 1.578291e-01, 1.672432e-01, 1.682577e-01, 1.682723e-01, 1.682780e-01, 1.682996e-01
INFO:bingo.evolutionary_optimizers.parallel_archipelago:Evolution time 0:00:27.839951	 age 480	 fitness 6.244e-02
Level 25:bingo.evolutionary_optimizers.evolutionary_optimizer:Generation: 400 	 Elapsed time: 0:22:01.016876 	 Best training fitness: 6.244213e-02 	 
Level 25:bingo.evolutionary_optimizers.evolutionary_optimizer:400, 1.321017e+03, 3190694, 6.244213e-02, 6.244213e-02, 6.935938e-02, 9.618109e-02, 9.858465e-02, 1.033973e-01, 1.035091e-01, 1.074709e-01, 1.234108e-01, 1.255079e-01, 1.327310e-01, 1.423303e-01, 1.478712e-01, 1.578291e-01, 1.672432e-01, 1.682577e-01, 1.682723e-01, 1.682780e-01, 1.682996e-01
INFO:bingo.evolutionary_optimizers.parallel_archipelago:Evolution time 0:00:39.470867	 age 490	 fitness 6.244e-02
Level 25:bingo.evolutionary_optimizers.evolutionary_optimizer:Generation: 410 	 Elapsed time: 0:22:40.760832 	 Best training fitness: 6.244081e-02 	 
Level 25:bingo.evolutionary_optimizers.evolutionary_optimizer:410, 1.360761e+03, 3301147, 6.244081e-02, 6.244081e-02, 6.626682e-02, 9.828115e-02, 1.033914e-01, 1.035091e-01, 1.074709e-01, 1.234108e-01, 1.255079e-01, 1.327310e-01, 1.423303e-01, 1.478712e-01, 1.578291e-01, 1.672432e-01, 1.682577e-01, 1.682723e-01, 1.682780e-01, 1.682996e-01
INFO:bingo.evolutionary_optimizers.parallel_archipelago:Evolution time 0:00:43.005132	 age 500	 fitness 6.244e-02
Level 25:bingo.evolutionary_optimizers.evolutionary_optimizer:Generation: 420 	 Elapsed time: 0:23:24.037520 	 Best training fitness: 6.244081e-02 	 
Level 25:bingo.evolutionary_optimizers.evolutionary_optimizer:420, 1.404038e+03, 3418116, 6.244081e-02, 6.244081e-02, 6.554941e-02, 9.822975e-02, 1.033914e-01, 1.035091e-01, 1.074709e-01, 1.234108e-01, 1.255079e-01, 1.327310e-01, 1.423303e-01, 1.478712e-01, 1.578291e-01, 1.672432e-01, 1.682577e-01, 1.682723e-01, 1.682780e-01, 1.682996e-01
INFO:bingo.evolutionary_optimizers.parallel_archipelago:Evolution time 0:00:26.161227	 age 510	 fitness 6.244e-02
Level 25:bingo.evolutionary_optimizers.evolutionary_optimizer:Generation: 430 	 Elapsed time: 0:23:50.497428 	 Best training fitness: 6.244059e-02 	 
Level 25:bingo.evolutionary_optimizers.evolutionary_optimizer:430, 1.430497e+03, 3499852, 6.244059e-02, 6.244059e-02, 6.554941e-02, 9.822294e-02, 1.033914e-01, 1.035091e-01, 1.074709e-01, 1.234108e-01, 1.255079e-01, 1.327310e-01, 1.423303e-01, 1.478712e-01, 1.578291e-01, 1.672011e-01, 1.672432e-01, 1.682577e-01, 1.682723e-01, 1.682780e-01, 1.682996e-01
INFO:bingo.evolutionary_optimizers.parallel_archipelago:Evolution time 0:00:39.608592	 age 520	 fitness 6.244e-02
Level 25:bingo.evolutionary_optimizers.evolutionary_optimizer:Generation: 440 	 Elapsed time: 0:24:30.381291 	 Best training fitness: 6.244059e-02 	 
Level 25:bingo.evolutionary_optimizers.evolutionary_optimizer:440, 1.470381e+03, 3604215, 6.244059e-02, 6.244059e-02, 6.554941e-02, 9.822294e-02, 1.033914e-01, 1.035091e-01, 1.074709e-01, 1.234108e-01, 1.255079e-01, 1.327310e-01, 1.423303e-01, 1.478712e-01, 1.578291e-01, 1.671374e-01, 1.672432e-01, 1.682577e-01, 1.682630e-01, 1.682996e-01
INFO:bingo.evolutionary_optimizers.parallel_archipelago:Evolution time 0:00:50.978066	 age 530	 fitness 6.244e-02
Level 25:bingo.evolutionary_optimizers.evolutionary_optimizer:Generation: 450 	 Elapsed time: 0:25:21.633518 	 Best training fitness: 6.244423e-02 	 
Level 25:bingo.evolutionary_optimizers.evolutionary_optimizer:450, 1.521634e+03, 3706981, 6.244423e-02, 6.244059e-02, 6.554941e-02, 9.822294e-02, 1.033914e-01, 1.035091e-01, 1.074709e-01, 1.234108e-01, 1.255079e-01, 1.327310e-01, 1.423303e-01, 1.478712e-01, 1.578291e-01, 1.671374e-01, 1.672432e-01, 1.682577e-01, 1.682579e-01, 1.682996e-01
INFO:bingo.evolutionary_optimizers.parallel_archipelago:Evolution time 0:00:39.799688	 age 540	 fitness 6.244e-02
Level 25:bingo.evolutionary_optimizers.evolutionary_optimizer:Generation: 460 	 Elapsed time: 0:26:01.704374 	 Best training fitness: 6.244181e-02 	 
Level 25:bingo.evolutionary_optimizers.evolutionary_optimizer:460, 1.561704e+03, 3803594, 6.244181e-02, 6.244059e-02, 6.554941e-02, 9.822294e-02, 1.033914e-01, 1.035091e-01, 1.074709e-01, 1.234108e-01, 1.255079e-01, 1.327310e-01, 1.423303e-01, 1.478712e-01, 1.578291e-01, 1.671374e-01, 1.672432e-01, 1.682577e-01, 1.682579e-01, 1.682996e-01
INFO:bingo.evolutionary_optimizers.parallel_archipelago:Evolution time 0:00:42.159264	 age 550	 fitness 6.244e-02
Level 25:bingo.evolutionary_optimizers.evolutionary_optimizer:Generation: 470 	 Elapsed time: 0:26:44.132190 	 Best training fitness: 6.244160e-02 	 
Level 25:bingo.evolutionary_optimizers.evolutionary_optimizer:470, 1.604132e+03, 3891019, 6.244160e-02, 6.244059e-02, 6.554941e-02, 9.822294e-02, 1.033914e-01, 1.035091e-01, 1.074709e-01, 1.234108e-01, 1.255079e-01, 1.327310e-01, 1.423303e-01, 1.478712e-01, 1.578291e-01, 1.671374e-01, 1.672432e-01, 1.682577e-01, 1.682579e-01, 1.682996e-01
INFO:bingo.evolutionary_optimizers.parallel_archipelago:Evolution time 0:01:12.586656	 age 560	 fitness 6.244e-02
Level 25:bingo.evolutionary_optimizers.evolutionary_optimizer:Generation: 480 	 Elapsed time: 0:27:57.020043 	 Best training fitness: 6.244038e-02 	 
Level 25:bingo.evolutionary_optimizers.evolutionary_optimizer:480, 1.677020e+03, 4041126, 6.244038e-02, 6.244038e-02, 6.554941e-02, 9.822294e-02, 1.033914e-01, 1.035091e-01, 1.074709e-01, 1.234108e-01, 1.255079e-01, 1.327310e-01, 1.423303e-01, 1.478712e-01, 1.578291e-01, 1.671374e-01, 1.672432e-01, 1.682577e-01, 1.682579e-01, 1.682996e-01
INFO:bingo.evolutionary_optimizers.parallel_archipelago:Evolution time 0:00:22.414766	 age 570	 fitness 6.244e-02
Level 25:bingo.evolutionary_optimizers.evolutionary_optimizer:Generation: 490 	 Elapsed time: 0:28:19.722953 	 Best training fitness: 6.244038e-02 	 
Level 25:bingo.evolutionary_optimizers.evolutionary_optimizer:490, 1.699723e+03, 4114371, 6.244038e-02, 6.244038e-02, 6.554941e-02, 9.822294e-02, 1.033914e-01, 1.035091e-01, 1.074709e-01, 1.234108e-01, 1.255079e-01, 1.327310e-01, 1.423303e-01, 1.478712e-01, 1.578291e-01, 1.671374e-01, 1.672432e-01, 1.682577e-01, 1.682579e-01, 1.682996e-01
INFO:bingo.evolutionary_optimizers.parallel_archipelago:Evolution time 0:00:58.144478	 age 590	 fitness 6.244e-02
Level 25:bingo.evolutionary_optimizers.evolutionary_optimizer:Generation: 500 	 Elapsed time: 0:29:18.227595 	 Best training fitness: 6.244201e-02 	 
Level 25:bingo.evolutionary_optimizers.evolutionary_optimizer:500, 1.758228e+03, 4255218, 6.244201e-02, 6.244038e-02, 6.554941e-02, 9.822294e-02, 1.033914e-01, 1.035091e-01, 1.074709e-01, 1.234108e-01, 1.255079e-01, 1.327310e-01, 1.423303e-01, 1.478712e-01, 1.480367e-01, 1.671374e-01, 1.672432e-01, 1.682577e-01, 1.682579e-01, 1.682996e-01
INFO:bingo.evolutionary_optimizers.parallel_archipelago:Evolution time 0:01:02.226566	 age 600	 fitness 6.244e-02
Level 25:bingo.evolutionary_optimizers.evolutionary_optimizer:Generation: 510 	 Elapsed time: 0:30:20.785846 	 Best training fitness: 6.243979e-02 	 
Level 25:bingo.evolutionary_optimizers.evolutionary_optimizer:510, 1.820786e+03, 4365257, 6.243979e-02, 6.243979e-02, 6.554941e-02, 9.822294e-02, 1.033914e-01, 1.035091e-01, 1.074709e-01, 1.234108e-01, 1.255079e-01, 1.326327e-01, 1.394021e-01, 1.480367e-01, 1.671374e-01, 1.672432e-01, 1.682577e-01, 1.682579e-01, 1.682996e-01
INFO:bingo.evolutionary_optimizers.parallel_archipelago:Evolution time 0:00:40.066523	 age 610	 fitness 6.244e-02
Level 25:bingo.evolutionary_optimizers.evolutionary_optimizer:Generation: 520 	 Elapsed time: 0:31:01.153324 	 Best training fitness: 6.243889e-02 	 
Level 25:bingo.evolutionary_optimizers.evolutionary_optimizer:520, 1.861153e+03, 4448106, 6.243889e-02, 6.243889e-02, 6.554941e-02, 9.822294e-02, 1.033914e-01, 1.035091e-01, 1.074709e-01, 1.234108e-01, 1.255079e-01, 1.326327e-01, 1.371300e-01, 1.479391e-01, 1.671374e-01, 1.672432e-01, 1.682577e-01, 1.682579e-01, 1.682996e-01
INFO:bingo.evolutionary_optimizers.parallel_archipelago:Evolution time 0:00:30.504843	 age 620	 fitness 6.244e-02
Level 25:bingo.evolutionary_optimizers.evolutionary_optimizer:Generation: 530 	 Elapsed time: 0:31:31.974707 	 Best training fitness: 6.243889e-02 	 
Level 25:bingo.evolutionary_optimizers.evolutionary_optimizer:530, 1.891975e+03, 4524017, 6.243889e-02, 6.243889e-02, 6.554941e-02, 9.822294e-02, 1.033914e-01, 1.035091e-01, 1.074709e-01, 1.234108e-01, 1.255079e-01, 1.326327e-01, 1.371300e-01, 1.479391e-01, 1.671374e-01, 1.672432e-01, 1.682577e-01, 1.682579e-01, 1.682996e-01
INFO:bingo.evolutionary_optimizers.parallel_archipelago:Evolution time 0:00:38.000182	 age 630	 fitness 6.244e-02
Level 25:bingo.evolutionary_optimizers.evolutionary_optimizer:Generation: 540 	 Elapsed time: 0:32:10.285458 	 Best training fitness: 6.244399e-02 	 
Level 25:bingo.evolutionary_optimizers.evolutionary_optimizer:540, 1.930285e+03, 4622710, 6.244399e-02, 6.243889e-02, 6.554941e-02, 8.824484e-02, 1.154524e-01, 1.155262e-01, 1.371300e-01, 1.471187e-01, 1.672432e-01, 1.682577e-01, 1.682579e-01, 1.682996e-01
INFO:bingo.evolutionary_optimizers.parallel_archipelago:Evolution time 0:00:46.825947	 age 650	 fitness 6.179e-02
Level 25:bingo.evolutionary_optimizers.evolutionary_optimizer:Generation: 550 	 Elapsed time: 0:32:57.432186 	 Best training fitness: 6.178993e-02 	 
Level 25:bingo.evolutionary_optimizers.evolutionary_optimizer:550, 1.977432e+03, 4730695, 6.178993e-02, 6.178993e-02, 6.243889e-02, 6.554941e-02, 8.821212e-02, 1.154524e-01, 1.155048e-01, 1.370586e-01, 1.467395e-01, 1.471187e-01, 1.672432e-01, 1.682577e-01, 1.682579e-01, 1.682996e-01
INFO:bingo.evolutionary_optimizers.parallel_archipelago:Evolution time 0:00:36.430511	 age 660	 fitness 6.179e-02
Level 25:bingo.evolutionary_optimizers.evolutionary_optimizer:Generation: 560 	 Elapsed time: 0:33:34.180908 	 Best training fitness: 6.179199e-02 	 
Level 25:bingo.evolutionary_optimizers.evolutionary_optimizer:560, 2.014181e+03, 4815584, 6.179199e-02, 6.178993e-02, 6.243889e-02, 6.554941e-02, 6.977648e-02, 8.819657e-02, 8.826576e-02, 1.370586e-01, 1.429224e-01, 1.471187e-01, 1.672432e-01, 1.682577e-01, 1.682579e-01, 1.682996e-01
INFO:bingo.evolutionary_optimizers.parallel_archipelago:Evolution time 0:00:27.527746	 age 670	 fitness 6.179e-02
Level 25:bingo.evolutionary_optimizers.evolutionary_optimizer:Generation: 570 	 Elapsed time: 0:34:02.020094 	 Best training fitness: 6.179065e-02 	 
Level 25:bingo.evolutionary_optimizers.evolutionary_optimizer:570, 2.042020e+03, 4880145, 6.179065e-02, 6.178993e-02, 6.243889e-02, 6.554941e-02, 6.970156e-02, 8.819657e-02, 8.826576e-02, 1.154921e-01, 1.429224e-01, 1.471187e-01, 1.672432e-01, 1.682577e-01, 1.682579e-01, 1.682996e-01
INFO:bingo.evolutionary_optimizers.parallel_archipelago:Evolution time 0:00:41.641181	 age 700	 fitness 6.179e-02
Level 25:bingo.evolutionary_optimizers.evolutionary_optimizer:Generation: 580 	 Elapsed time: 0:34:43.933690 	 Best training fitness: 6.178841e-02 	 
Level 25:bingo.evolutionary_optimizers.evolutionary_optimizer:580, 2.083934e+03, 5000922, 6.178841e-02, 6.178841e-02, 6.243889e-02, 6.554941e-02, 6.968947e-02, 6.974993e-02, 8.826576e-02, 1.154921e-01, 1.213356e-01, 1.471187e-01, 1.672432e-01, 1.682577e-01, 1.682579e-01, 1.682996e-01
INFO:bingo.evolutionary_optimizers.parallel_archipelago:Evolution time 0:00:34.702739	 age 710	 fitness 6.179e-02
Level 25:bingo.evolutionary_optimizers.evolutionary_optimizer:Generation: 590 	 Elapsed time: 0:35:18.907122 	 Best training fitness: 6.178782e-02 	 
Level 25:bingo.evolutionary_optimizers.evolutionary_optimizer:590, 2.118907e+03, 5091496, 6.178782e-02, 6.178782e-02, 6.243889e-02, 6.554941e-02, 6.967280e-02, 8.826576e-02, 1.154921e-01, 1.213185e-01, 1.471187e-01, 1.672432e-01, 1.682577e-01, 1.682579e-01, 1.682996e-01
INFO:bingo.evolutionary_optimizers.parallel_archipelago:Evolution time 0:00:48.721783	 age 720	 fitness 6.179e-02
Level 25:bingo.evolutionary_optimizers.evolutionary_optimizer:Generation: 600 	 Elapsed time: 0:36:07.935566 	 Best training fitness: 6.178600e-02 	 
Level 25:bingo.evolutionary_optimizers.evolutionary_optimizer:600, 2.167936e+03, 5206725, 6.178600e-02, 6.178600e-02, 6.243889e-02, 6.554941e-02, 6.792408e-02, 6.967280e-02, 8.826576e-02, 1.141318e-01, 1.213185e-01, 1.471187e-01, 1.672432e-01, 1.682577e-01, 1.682579e-01, 1.682996e-01
INFO:bingo.evolutionary_optimizers.parallel_archipelago:Evolution time 0:00:56.830085	 age 730	 fitness 6.179e-02
Level 25:bingo.evolutionary_optimizers.evolutionary_optimizer:Generation: 610 	 Elapsed time: 0:37:05.043310 	 Best training fitness: 6.178737e-02 	 
Level 25:bingo.evolutionary_optimizers.evolutionary_optimizer:610, 2.225043e+03, 5334316, 6.178737e-02, 6.178600e-02, 6.243889e-02, 6.554941e-02, 6.783955e-02, 6.967280e-02, 8.826576e-02, 1.141318e-01, 1.213185e-01, 1.471187e-01, 1.672432e-01, 1.682577e-01, 1.682579e-01, 1.682996e-01
INFO:bingo.evolutionary_optimizers.parallel_archipelago:Evolution time 0:00:36.993823	 age 750	 fitness 5.653e-02
Level 25:bingo.evolutionary_optimizers.evolutionary_optimizer:Generation: 620 	 Elapsed time: 0:37:42.380911 	 Best training fitness: 5.652968e-02 	 
Level 25:bingo.evolutionary_optimizers.evolutionary_optimizer:620, 2.262381e+03, 5449408, 5.652968e-02, 5.652968e-02, 6.178600e-02, 6.243889e-02, 6.554941e-02, 6.783955e-02, 6.967280e-02, 8.826576e-02, 1.141318e-01, 1.148713e-01, 1.471187e-01, 1.672432e-01, 1.682577e-01, 1.682579e-01, 1.682996e-01
INFO:bingo.evolutionary_optimizers.parallel_archipelago:Evolution time 0:00:32.244781	 age 770	 fitness 5.652e-02
Level 25:bingo.evolutionary_optimizers.evolutionary_optimizer:Generation: 630 	 Elapsed time: 0:38:14.932191 	 Best training fitness: 5.651699e-02 	 
Level 25:bingo.evolutionary_optimizers.evolutionary_optimizer:630, 2.294932e+03, 5543658, 5.651699e-02, 5.651699e-02, 6.178600e-02, 6.243889e-02, 6.554941e-02, 6.783955e-02, 6.967246e-02, 8.826576e-02, 1.141318e-01, 1.148713e-01, 1.471187e-01, 1.672432e-01, 1.682577e-01, 1.682579e-01, 1.682996e-01
INFO:bingo.evolutionary_optimizers.parallel_archipelago:Evolution time 0:00:49.436372	 age 790	 fitness 5.651e-02
Level 25:bingo.evolutionary_optimizers.evolutionary_optimizer:Generation: 640 	 Elapsed time: 0:39:04.681709 	 Best training fitness: 5.651045e-02 	 
Level 25:bingo.evolutionary_optimizers.evolutionary_optimizer:640, 2.344682e+03, 5673744, 5.651045e-02, 5.651045e-02, 5.833277e-02, 6.178600e-02, 6.243889e-02, 6.554941e-02, 6.783955e-02, 6.862095e-02, 6.967246e-02, 8.826576e-02, 1.141318e-01, 1.148713e-01, 1.149669e-01, 1.672432e-01, 1.682577e-01, 1.682579e-01, 1.682996e-01
INFO:bingo.evolutionary_optimizers.parallel_archipelago:Evolution time 0:00:48.344746	 age 810	 fitness 5.350e-02
Level 25:bingo.evolutionary_optimizers.evolutionary_optimizer:Generation: 650 	 Elapsed time: 0:39:53.346265 	 Best training fitness: 5.350150e-02 	 
Level 25:bingo.evolutionary_optimizers.evolutionary_optimizer:650, 2.393346e+03, 5809689, 5.350150e-02, 5.350150e-02, 5.560199e-02, 5.650839e-02, 5.832961e-02, 6.178600e-02, 6.243889e-02, 6.554941e-02, 6.758088e-02, 6.781128e-02, 6.861052e-02, 6.967246e-02, 8.826576e-02, 1.141318e-01, 1.148713e-01, 1.149669e-01, 1.672432e-01, 1.682577e-01, 1.682579e-01, 1.682996e-01
INFO:bingo.evolutionary_optimizers.parallel_archipelago:Evolution time 0:00:38.497993	 age 840	 fitness 5.350e-02
Level 25:bingo.evolutionary_optimizers.evolutionary_optimizer:Generation: 660 	 Elapsed time: 0:40:32.138689 	 Best training fitness: 5.349544e-02 	 
Level 25:bingo.evolutionary_optimizers.evolutionary_optimizer:660, 2.432139e+03, 5907917, 5.349544e-02, 5.349544e-02, 5.506738e-02, 5.832570e-02, 6.178600e-02, 6.243889e-02, 6.554941e-02, 6.758088e-02, 6.780972e-02, 6.861052e-02, 6.967246e-02, 8.826576e-02, 1.141318e-01, 1.148623e-01, 1.149276e-01, 1.672432e-01, 1.682577e-01, 1.682579e-01, 1.682996e-01
INFO:bingo.evolutionary_optimizers.parallel_archipelago:Evolution time 0:00:33.672989	 age 850	 fitness 5.349e-02
Level 25:bingo.evolutionary_optimizers.evolutionary_optimizer:Generation: 670 	 Elapsed time: 0:41:06.077334 	 Best training fitness: 5.349120e-02 	 
Level 25:bingo.evolutionary_optimizers.evolutionary_optimizer:670, 2.466077e+03, 5997144, 5.349120e-02, 5.349120e-02, 5.506391e-02, 5.832386e-02, 6.178600e-02, 6.243889e-02, 6.554941e-02, 6.756420e-02, 6.780972e-02, 6.860024e-02, 6.967246e-02, 8.826576e-02, 1.141318e-01, 1.148594e-01, 1.149276e-01, 1.672432e-01, 1.682577e-01, 1.682579e-01, 1.682996e-01
INFO:bingo.evolutionary_optimizers.parallel_archipelago:Evolution time 0:00:25.705561	 age 870	 fitness 5.349e-02
Level 25:bingo.evolutionary_optimizers.evolutionary_optimizer:Generation: 680 	 Elapsed time: 0:41:32.076076 	 Best training fitness: 5.348991e-02 	 
Level 25:bingo.evolutionary_optimizers.evolutionary_optimizer:680, 2.492076e+03, 6090924, 5.348991e-02, 5.348991e-02, 5.506391e-02, 5.832386e-02, 6.178600e-02, 6.243889e-02, 6.293933e-02, 6.780972e-02, 6.860024e-02, 6.967246e-02, 8.826576e-02, 1.141318e-01, 1.148427e-01, 1.149276e-01, 1.606253e-01, 1.672432e-01, 1.682577e-01, 1.682579e-01, 1.682996e-01
INFO:bingo.evolutionary_optimizers.parallel_archipelago:Evolution time 0:00:39.178065	 age 890	 fitness 5.349e-02
Level 25:bingo.evolutionary_optimizers.evolutionary_optimizer:Generation: 690 	 Elapsed time: 0:42:11.582463 	 Best training fitness: 5.348991e-02 	 
Level 25:bingo.evolutionary_optimizers.evolutionary_optimizer:690, 2.531582e+03, 6201514, 5.348991e-02, 5.348991e-02, 5.505450e-02, 5.832386e-02, 6.178600e-02, 6.243889e-02, 6.293933e-02, 6.780972e-02, 6.860024e-02, 6.967246e-02, 8.826576e-02, 1.141318e-01, 1.148218e-01, 1.149276e-01, 1.606253e-01, 1.672432e-01, 1.682577e-01, 1.682579e-01, 1.682996e-01
INFO:bingo.evolutionary_optimizers.parallel_archipelago:Evolution time 0:00:54.723569	 age 910	 fitness 5.349e-02
Level 25:bingo.evolutionary_optimizers.evolutionary_optimizer:Generation: 700 	 Elapsed time: 0:43:06.635594 	 Best training fitness: 5.349326e-02 	 
Level 25:bingo.evolutionary_optimizers.evolutionary_optimizer:700, 2.586636e+03, 6327073, 5.349326e-02, 5.348991e-02, 5.505323e-02, 5.832386e-02, 6.178600e-02, 6.243889e-02, 6.290997e-02, 6.780972e-02, 6.860024e-02, 6.967246e-02, 8.826576e-02, 1.141318e-01, 1.148218e-01, 1.149276e-01, 1.606253e-01, 1.672432e-01, 1.682577e-01, 1.682579e-01, 1.682996e-01
INFO:bingo.evolutionary_optimizers.parallel_archipelago:Evolution time 0:00:45.523423	 age 930	 fitness 5.349e-02
Level 25:bingo.evolutionary_optimizers.evolutionary_optimizer:Generation: 710 	 Elapsed time: 0:43:52.483769 	 Best training fitness: 5.349191e-02 	 
Level 25:bingo.evolutionary_optimizers.evolutionary_optimizer:710, 2.632484e+03, 6432235, 5.349191e-02, 5.348991e-02, 5.499836e-02, 5.832386e-02, 6.178600e-02, 6.243889e-02, 6.289353e-02, 6.780972e-02, 6.859859e-02, 6.967246e-02, 8.826576e-02, 9.544435e-02, 1.149101e-01, 1.379103e-01, 1.672432e-01, 1.682577e-01, 1.682579e-01, 1.682996e-01
INFO:bingo.evolutionary_optimizers.parallel_archipelago:Evolution time 0:01:01.957817	 age 950	 fitness 5.202e-02
Level 25:bingo.evolutionary_optimizers.evolutionary_optimizer:Generation: 720 	 Elapsed time: 0:44:54.761727 	 Best training fitness: 5.202278e-02 	 
Level 25:bingo.evolutionary_optimizers.evolutionary_optimizer:720, 2.694762e+03, 6577558, 5.202278e-02, 5.202278e-02, 5.497261e-02, 5.498312e-02, 5.832386e-02, 6.178600e-02, 6.243889e-02, 6.287738e-02, 6.780972e-02, 6.859859e-02, 6.967246e-02, 8.826576e-02, 9.522535e-02, 1.379103e-01, 1.672432e-01, 1.682577e-01, 1.682579e-01, 1.682996e-01
INFO:bingo.evolutionary_optimizers.parallel_archipelago:Evolution time 0:00:30.831061	 age 970	 fitness 5.201e-02
Level 25:bingo.evolutionary_optimizers.evolutionary_optimizer:Generation: 730 	 Elapsed time: 0:45:25.920277 	 Best training fitness: 5.200549e-02 	 
Level 25:bingo.evolutionary_optimizers.evolutionary_optimizer:730, 2.725920e+03, 6667939, 5.200549e-02, 5.200549e-02, 5.489846e-02, 5.495422e-02, 5.498312e-02, 5.832386e-02, 6.178600e-02, 6.243889e-02, 6.281681e-02, 6.759546e-02, 6.967246e-02, 8.826576e-02, 9.521252e-02, 1.379103e-01, 1.672432e-01, 1.682577e-01, 1.682579e-01, 1.682996e-01
INFO:bingo.evolutionary_optimizers.parallel_archipelago:Evolution time 0:00:46.393340	 age 990	 fitness 5.201e-02
Level 25:bingo.evolutionary_optimizers.evolutionary_optimizer:Generation: 740 	 Elapsed time: 0:46:12.603626 	 Best training fitness: 5.201410e-02 	 
Level 25:bingo.evolutionary_optimizers.evolutionary_optimizer:740, 2.772604e+03, 6789540, 5.201410e-02, 5.200549e-02, 5.488629e-02, 5.495422e-02, 5.498312e-02, 5.832386e-02, 6.178600e-02, 6.243889e-02, 6.281363e-02, 6.759546e-02, 6.967246e-02, 8.826576e-02, 9.517624e-02, 1.379103e-01, 1.672432e-01, 1.682577e-01, 1.682579e-01, 1.682996e-01
INFO:bingo.evolutionary_optimizers.parallel_archipelago:Evolution time 0:00:32.708180	 age 1000	 fitness 5.200e-02
Level 25:bingo.evolutionary_optimizers.evolutionary_optimizer:Generation: 750 	 Elapsed time: 0:46:45.572433 	 Best training fitness: 5.200273e-02 	 
Level 25:bingo.evolutionary_optimizers.evolutionary_optimizer:750, 2.805572e+03, 6886005, 5.200273e-02, 5.200273e-02, 5.488629e-02, 5.495422e-02, 5.498312e-02, 5.832386e-02, 6.178600e-02, 6.243889e-02, 6.279637e-02, 6.757324e-02, 6.967246e-02, 8.826576e-02, 9.517624e-02, 1.379103e-01, 1.672432e-01, 1.682577e-01, 1.682579e-01, 1.682996e-01
INFO:bingo.evolutionary_optimizers.parallel_archipelago:Evolution time 0:00:36.707473	 age 1010	 fitness 5.200e-02
Level 25:bingo.evolutionary_optimizers.evolutionary_optimizer:Generation: 760 	 Elapsed time: 0:47:22.540923 	 Best training fitness: 5.200457e-02 	 
Level 25:bingo.evolutionary_optimizers.evolutionary_optimizer:760, 2.842541e+03, 6983534, 5.200457e-02, 5.200273e-02, 5.438880e-02, 6.178600e-02, 6.243889e-02, 6.276434e-02, 6.756680e-02, 6.967246e-02, 8.826576e-02, 9.517624e-02, 1.379103e-01, 1.469289e-01, 1.672432e-01, 1.682577e-01, 1.682579e-01, 1.682996e-01
INFO:bingo.evolutionary_optimizers.parallel_archipelago:Evolution time 0:00:42.725251	 age 1020	 fitness 5.200e-02
Level 25:bingo.evolutionary_optimizers.evolutionary_optimizer:Generation: 770 	 Elapsed time: 0:48:05.534809 	 Best training fitness: 5.200500e-02 	 
Level 25:bingo.evolutionary_optimizers.evolutionary_optimizer:770, 2.885535e+03, 7084799, 5.200500e-02, 5.200273e-02, 5.343220e-02, 5.873193e-02, 6.178600e-02, 6.243889e-02, 6.276434e-02, 6.756465e-02, 6.966723e-02, 8.826576e-02, 9.517624e-02, 1.379103e-01, 1.469289e-01, 1.672432e-01, 1.682577e-01, 1.682579e-01, 1.682996e-01
INFO:bingo.evolutionary_optimizers.parallel_archipelago:Evolution time 0:00:40.832223	 age 1040	 fitness 5.200e-02
Level 25:bingo.evolutionary_optimizers.evolutionary_optimizer:Generation: 780 	 Elapsed time: 0:48:46.626474 	 Best training fitness: 5.199910e-02 	 
Level 25:bingo.evolutionary_optimizers.evolutionary_optimizer:780, 2.926626e+03, 7169936, 5.199910e-02, 5.199910e-02, 5.200126e-02, 5.250004e-02, 5.861828e-02, 5.873193e-02, 6.178600e-02, 6.243889e-02, 6.267137e-02, 6.755046e-02, 6.966723e-02, 8.826576e-02, 9.517624e-02, 1.379103e-01, 1.469289e-01, 1.672432e-01, 1.682577e-01, 1.682579e-01, 1.682996e-01
INFO:bingo.evolutionary_optimizers.parallel_archipelago:Evolution time 0:00:37.755883	 age 1060	 fitness 5.200e-02
Level 25:bingo.evolutionary_optimizers.evolutionary_optimizer:Generation: 790 	 Elapsed time: 0:49:24.644113 	 Best training fitness: 5.200238e-02 	 
Level 25:bingo.evolutionary_optimizers.evolutionary_optimizer:790, 2.964644e+03, 7250859, 5.200238e-02, 5.199910e-02, 5.200126e-02, 5.248924e-02, 5.861828e-02, 5.873193e-02, 6.178600e-02, 6.243889e-02, 6.266597e-02, 6.754612e-02, 6.966723e-02, 8.826576e-02, 9.517624e-02, 1.379103e-01, 1.469289e-01, 1.672432e-01, 1.682577e-01, 1.682579e-01, 1.682996e-01
INFO:bingo.evolutionary_optimizers.parallel_archipelago:Evolution time 0:00:18.321519	 age 1070	 fitness 5.200e-02
Level 25:bingo.evolutionary_optimizers.evolutionary_optimizer:Generation: 800 	 Elapsed time: 0:49:43.227047 	 Best training fitness: 5.200383e-02 	 
Level 25:bingo.evolutionary_optimizers.evolutionary_optimizer:800, 2.983227e+03, 7312625, 5.200383e-02, 5.199910e-02, 5.200126e-02, 5.248835e-02, 5.861828e-02, 5.873193e-02, 6.178600e-02, 6.243889e-02, 6.266215e-02, 6.754612e-02, 6.966723e-02, 8.826576e-02, 9.517624e-02, 1.379103e-01, 1.469289e-01, 1.672432e-01, 1.682516e-01, 1.682577e-01, 1.682579e-01, 1.682996e-01
INFO:bingo.evolutionary_optimizers.parallel_archipelago:Evolution time 0:00:36.827264	 age 1080	 fitness 5.200e-02
Level 25:bingo.evolutionary_optimizers.evolutionary_optimizer:Generation: 810 	 Elapsed time: 0:50:20.361102 	 Best training fitness: 5.200081e-02 	 
Level 25:bingo.evolutionary_optimizers.evolutionary_optimizer:810, 3.020361e+03, 7418036, 5.200081e-02, 5.199910e-02, 5.200126e-02, 5.248466e-02, 5.861828e-02, 5.873193e-02, 6.178600e-02, 6.243889e-02, 6.264692e-02, 6.754612e-02, 6.966435e-02, 8.826576e-02, 9.517624e-02, 1.379103e-01, 1.469289e-01, 1.672432e-01, 1.682516e-01, 1.682577e-01, 1.682579e-01, 1.682996e-01
INFO:bingo.evolutionary_optimizers.parallel_archipelago:Evolution time 0:00:33.678431	 age 1090	 fitness 5.201e-02
Level 25:bingo.evolutionary_optimizers.evolutionary_optimizer:Generation: 820 	 Elapsed time: 0:50:54.337838 	 Best training fitness: 5.200556e-02 	 
Level 25:bingo.evolutionary_optimizers.evolutionary_optimizer:820, 3.054338e+03, 7491629, 5.200556e-02, 5.199910e-02, 5.200126e-02, 5.248466e-02, 5.861828e-02, 5.873193e-02, 6.178600e-02, 6.243889e-02, 6.263317e-02, 6.752052e-02, 6.966435e-02, 8.826576e-02, 9.517624e-02, 1.379103e-01, 1.469289e-01, 1.672432e-01, 1.682516e-01, 1.682577e-01, 1.682579e-01, 1.682996e-01
INFO:bingo.evolutionary_optimizers.parallel_archipelago:Evolution time 0:00:36.673983	 age 1100	 fitness 5.200e-02
Level 25:bingo.evolutionary_optimizers.evolutionary_optimizer:Generation: 830 	 Elapsed time: 0:51:31.273262 	 Best training fitness: 5.200403e-02 	 
Level 25:bingo.evolutionary_optimizers.evolutionary_optimizer:830, 3.091273e+03, 7563340, 5.200403e-02, 5.199910e-02, 5.200126e-02, 5.248466e-02, 5.861828e-02, 5.873193e-02, 6.178600e-02, 6.243889e-02, 6.263317e-02, 6.752052e-02, 6.966435e-02, 8.826576e-02, 9.517624e-02, 1.379103e-01, 1.469289e-01, 1.672432e-01, 1.682516e-01, 1.682577e-01, 1.682579e-01, 1.682996e-01
INFO:bingo.evolutionary_optimizers.parallel_archipelago:Evolution time 0:00:46.637463	 age 1110	 fitness 5.200e-02
Level 25:bingo.evolutionary_optimizers.evolutionary_optimizer:Generation: 840 	 Elapsed time: 0:52:18.173730 	 Best training fitness: 5.200403e-02 	 
Level 25:bingo.evolutionary_optimizers.evolutionary_optimizer:840, 3.138174e+03, 7664501, 5.200403e-02, 5.199910e-02, 5.200126e-02, 5.248466e-02, 5.861828e-02, 5.873193e-02, 6.178600e-02, 6.243889e-02, 6.263317e-02, 6.752052e-02, 6.966435e-02, 8.826576e-02, 9.517624e-02, 1.379103e-01, 1.469289e-01, 1.672432e-01, 1.682516e-01, 1.682577e-01, 1.682579e-01, 1.682996e-01
INFO:bingo.evolutionary_optimizers.parallel_archipelago:Evolution time 0:00:29.168901	 age 1120	 fitness 5.201e-02
Level 25:bingo.evolutionary_optimizers.evolutionary_optimizer:Generation: 850 	 Elapsed time: 0:52:47.605977 	 Best training fitness: 5.200728e-02 	 
Level 25:bingo.evolutionary_optimizers.evolutionary_optimizer:850, 3.167606e+03, 7761448, 5.200728e-02, 5.199910e-02, 5.200126e-02, 5.248466e-02, 5.861828e-02, 5.873193e-02, 6.178600e-02, 6.243889e-02, 6.263317e-02, 6.752052e-02, 6.966435e-02, 8.826576e-02, 9.517624e-02, 1.379103e-01, 1.469289e-01, 1.672432e-01, 1.682516e-01, 1.682577e-01, 1.682579e-01, 1.682996e-01
INFO:bingo.evolutionary_optimizers.parallel_archipelago:Evolution time 0:00:36.043668	 age 1130	 fitness 5.201e-02
Level 25:bingo.evolutionary_optimizers.evolutionary_optimizer:Generation: 860 	 Elapsed time: 0:53:23.911681 	 Best training fitness: 5.200518e-02 	 
Level 25:bingo.evolutionary_optimizers.evolutionary_optimizer:860, 3.203912e+03, 7847933, 5.200518e-02, 5.199910e-02, 5.200126e-02, 5.248466e-02, 5.249290e-02, 5.873193e-02, 6.178600e-02, 6.243889e-02, 6.263317e-02, 6.752052e-02, 6.966435e-02, 8.826576e-02, 9.517624e-02, 1.379103e-01, 1.469289e-01, 1.672432e-01, 1.682516e-01, 1.682577e-01, 1.682579e-01, 1.682996e-01
INFO:bingo.evolutionary_optimizers.parallel_archipelago:Evolution time 0:00:37.356845	 age 1140	 fitness 5.200e-02
Level 25:bingo.evolutionary_optimizers.evolutionary_optimizer:Generation: 870 	 Elapsed time: 0:54:01.532144 	 Best training fitness: 5.200129e-02 	 
Level 25:bingo.evolutionary_optimizers.evolutionary_optimizer:870, 3.241532e+03, 7929234, 5.200129e-02, 5.199910e-02, 5.200126e-02, 5.248466e-02, 5.249253e-02, 5.873193e-02, 6.178600e-02, 6.243889e-02, 6.263317e-02, 6.752052e-02, 6.966435e-02, 8.826576e-02, 9.517624e-02, 1.379103e-01, 1.469289e-01, 1.672432e-01, 1.682516e-01, 1.682577e-01, 1.682579e-01, 1.682996e-01
INFO:bingo.evolutionary_optimizers.parallel_archipelago:Evolution time 0:00:26.490068	 age 1150	 fitness 5.201e-02
Level 25:bingo.evolutionary_optimizers.evolutionary_optimizer:Generation: 880 	 Elapsed time: 0:54:28.311567 	 Best training fitness: 5.200679e-02 	 
Level 25:bingo.evolutionary_optimizers.evolutionary_optimizer:880, 3.268312e+03, 8025440, 5.200679e-02, 5.199910e-02, 5.200126e-02, 5.248262e-02, 5.249253e-02, 5.873193e-02, 6.178600e-02, 6.243889e-02, 6.263317e-02, 6.752052e-02, 6.966435e-02, 8.826576e-02, 9.517624e-02, 1.379103e-01, 1.469289e-01, 1.672432e-01, 1.682516e-01, 1.682577e-01, 1.682579e-01, 1.682996e-01
INFO:bingo.evolutionary_optimizers.parallel_archipelago:Evolution time 0:00:25.394535	 age 1160	 fitness 5.200e-02
Level 25:bingo.evolutionary_optimizers.evolutionary_optimizer:Generation: 890 	 Elapsed time: 0:54:53.968587 	 Best training fitness: 5.200227e-02 	 
Level 25:bingo.evolutionary_optimizers.evolutionary_optimizer:890, 3.293969e+03, 8121925, 5.200227e-02, 5.199910e-02, 5.200126e-02, 5.248262e-02, 5.249253e-02, 5.873193e-02, 6.178600e-02, 6.243889e-02, 6.263317e-02, 6.752052e-02, 6.966435e-02, 8.826576e-02, 9.517624e-02, 1.379103e-01, 1.469289e-01, 1.672432e-01, 1.682516e-01, 1.682577e-01, 1.682579e-01, 1.682996e-01
INFO:bingo.evolutionary_optimizers.parallel_archipelago:Evolution time 0:00:40.060904	 age 1180	 fitness 5.200e-02
Level 25:bingo.evolutionary_optimizers.evolutionary_optimizer:Generation: 900 	 Elapsed time: 0:55:34.297609 	 Best training fitness: 5.200344e-02 	 
Level 25:bingo.evolutionary_optimizers.evolutionary_optimizer:900, 3.334298e+03, 8260148, 5.200344e-02, 5.199910e-02, 5.200126e-02, 5.248262e-02, 5.249253e-02, 5.873193e-02, 6.178600e-02, 6.243889e-02, 6.263317e-02, 6.752052e-02, 6.953830e-02, 8.826576e-02, 9.517624e-02, 1.379103e-01, 1.469289e-01, 1.672432e-01, 1.682516e-01, 1.682577e-01, 1.682579e-01, 1.682996e-01
INFO:bingo.evolutionary_optimizers.parallel_archipelago:Evolution time 0:00:43.627362	 age 1190	 fitness 5.200e-02
Level 25:bingo.evolutionary_optimizers.evolutionary_optimizer:Generation: 910 	 Elapsed time: 0:56:18.256438 	 Best training fitness: 5.200101e-02 	 
Level 25:bingo.evolutionary_optimizers.evolutionary_optimizer:910, 3.378256e+03, 8383478, 5.200101e-02, 5.199910e-02, 5.200126e-02, 5.248262e-02, 5.249253e-02, 5.873193e-02, 6.178600e-02, 6.243889e-02, 6.263317e-02, 6.752052e-02, 6.949273e-02, 8.826576e-02, 9.517624e-02, 1.379103e-01, 1.469289e-01, 1.672432e-01, 1.682516e-01, 1.682577e-01, 1.682579e-01, 1.682996e-01
INFO:bingo.evolutionary_optimizers.parallel_archipelago:Evolution time 0:00:39.723830	 age 1210	 fitness 5.200e-02
Level 25:bingo.evolutionary_optimizers.evolutionary_optimizer:Generation: 920 	 Elapsed time: 0:56:58.316975 	 Best training fitness: 5.200101e-02 	 
Level 25:bingo.evolutionary_optimizers.evolutionary_optimizer:920, 3.418317e+03, 8522125, 5.200101e-02, 5.199910e-02, 5.200126e-02, 5.248262e-02, 5.249253e-02, 5.873193e-02, 6.178600e-02, 6.243889e-02, 6.263317e-02, 6.293658e-02, 6.752052e-02, 6.948230e-02, 8.826576e-02, 9.517624e-02, 1.379103e-01, 1.469289e-01, 1.672432e-01, 1.682516e-01, 1.682577e-01, 1.682579e-01, 1.682996e-01
INFO:bingo.evolutionary_optimizers.parallel_archipelago:Evolution time 0:00:34.339847	 age 1240	 fitness 5.200e-02
Level 25:bingo.evolutionary_optimizers.evolutionary_optimizer:Generation: 930 	 Elapsed time: 0:57:32.900644 	 Best training fitness: 5.200356e-02 	 
Level 25:bingo.evolutionary_optimizers.evolutionary_optimizer:930, 3.452901e+03, 8643353, 5.200356e-02, 5.199910e-02, 5.200126e-02, 5.248262e-02, 5.249253e-02, 5.873193e-02, 6.178600e-02, 6.243889e-02, 6.263317e-02, 6.282879e-02, 6.752052e-02, 6.948230e-02, 8.826576e-02, 9.517624e-02, 1.379103e-01, 1.469289e-01, 1.672432e-01, 1.682516e-01, 1.682577e-01, 1.682579e-01, 1.682996e-01
INFO:bingo.evolutionary_optimizers.parallel_archipelago:Evolution time 0:00:38.675630	 age 1270	 fitness 5.200e-02
Level 25:bingo.evolutionary_optimizers.evolutionary_optimizer:Generation: 940 	 Elapsed time: 0:58:11.850371 	 Best training fitness: 5.200342e-02 	 
Level 25:bingo.evolutionary_optimizers.evolutionary_optimizer:940, 3.491850e+03, 8776723, 5.200342e-02, 5.199910e-02, 5.200126e-02, 5.248262e-02, 5.249253e-02, 5.873193e-02, 6.178600e-02, 6.243889e-02, 6.263317e-02, 6.282879e-02, 6.752052e-02, 6.948230e-02, 8.826576e-02, 9.517624e-02, 1.379103e-01, 1.469289e-01, 1.672432e-01, 1.682516e-01, 1.682577e-01, 1.682579e-01, 1.682996e-01
INFO:bingo.evolutionary_optimizers.parallel_archipelago:Evolution time 0:00:55.858517	 age 1280	 fitness 5.200e-02
Level 25:bingo.evolutionary_optimizers.evolutionary_optimizer:Generation: 950 	 Elapsed time: 0:59:07.952733 	 Best training fitness: 5.200180e-02 	 
Level 25:bingo.evolutionary_optimizers.evolutionary_optimizer:950, 3.547953e+03, 8901031, 5.200180e-02, 5.199910e-02, 5.200126e-02, 5.248262e-02, 5.249253e-02, 5.873193e-02, 6.178600e-02, 6.243889e-02, 6.263317e-02, 6.282879e-02, 6.752052e-02, 6.948230e-02, 8.826576e-02, 9.517624e-02, 1.379103e-01, 1.469289e-01, 1.672432e-01, 1.682516e-01, 1.682577e-01, 1.682579e-01, 1.682996e-01
INFO:bingo.evolutionary_optimizers.parallel_archipelago:Evolution time 0:01:01.643792	 age 1300	 fitness 5.201e-02
Level 25:bingo.evolutionary_optimizers.evolutionary_optimizer:Generation: 960 	 Elapsed time: 1:00:09.841983 	 Best training fitness: 5.200604e-02 	 
Level 25:bingo.evolutionary_optimizers.evolutionary_optimizer:960, 3.609842e+03, 9048282, 5.200604e-02, 5.199910e-02, 5.200126e-02, 5.248262e-02, 5.249253e-02, 5.873193e-02, 6.178600e-02, 6.243889e-02, 6.263317e-02, 6.282879e-02, 6.752052e-02, 6.948230e-02, 8.826576e-02, 9.517624e-02, 1.379103e-01, 1.469289e-01, 1.672432e-01, 1.682516e-01, 1.682577e-01, 1.682579e-01, 1.682996e-01
INFO:bingo.evolutionary_optimizers.parallel_archipelago:Evolution time 0:00:24.188654	 age 1320	 fitness 5.201e-02
Level 25:bingo.evolutionary_optimizers.evolutionary_optimizer:Generation: 970 	 Elapsed time: 1:00:34.275223 	 Best training fitness: 5.200939e-02 	 
Level 25:bingo.evolutionary_optimizers.evolutionary_optimizer:970, 3.634275e+03, 9142351, 5.200939e-02, 5.199910e-02, 5.200126e-02, 5.248262e-02, 5.249253e-02, 5.873193e-02, 6.178600e-02, 6.243889e-02, 6.263317e-02, 6.282879e-02, 6.752052e-02, 6.948230e-02, 8.826576e-02, 9.517624e-02, 1.379103e-01, 1.469289e-01, 1.672432e-01, 1.682516e-01, 1.682577e-01, 1.682579e-01, 1.682996e-01
INFO:bingo.evolutionary_optimizers.parallel_archipelago:Evolution time 0:00:28.721742	 age 1330	 fitness 5.201e-02
Level 25:bingo.evolutionary_optimizers.evolutionary_optimizer:Generation: 980 	 Elapsed time: 1:01:03.242839 	 Best training fitness: 5.200687e-02 	 
Level 25:bingo.evolutionary_optimizers.evolutionary_optimizer:980, 3.663243e+03, 9243874, 5.200687e-02, 5.199910e-02, 5.200126e-02, 5.248262e-02, 5.249253e-02, 5.873193e-02, 6.178600e-02, 6.243889e-02, 6.263317e-02, 6.282879e-02, 6.752052e-02, 6.948230e-02, 8.826576e-02, 9.517624e-02, 1.379103e-01, 1.469289e-01, 1.672432e-01, 1.682516e-01, 1.682577e-01, 1.682579e-01, 1.682996e-01
INFO:bingo.evolutionary_optimizers.parallel_archipelago:Evolution time 0:00:37.125495	 age 1340	 fitness 5.201e-02
Level 25:bingo.evolutionary_optimizers.evolutionary_optimizer:Generation: 990 	 Elapsed time: 1:01:40.625308 	 Best training fitness: 5.200687e-02 	 
Level 25:bingo.evolutionary_optimizers.evolutionary_optimizer:990, 3.700625e+03, 9353202, 5.200687e-02, 5.199910e-02, 5.200126e-02, 5.248262e-02, 5.249253e-02, 5.873193e-02, 6.178600e-02, 6.243889e-02, 6.263317e-02, 6.282879e-02, 6.752052e-02, 6.948230e-02, 8.826576e-02, 9.517624e-02, 1.379103e-01, 1.469289e-01, 1.672432e-01, 1.682516e-01, 1.682577e-01, 1.682579e-01, 1.682996e-01
INFO:bingo.evolutionary_optimizers.parallel_archipelago:Evolution time 0:00:27.766445	 age 1350	 fitness 5.201e-02
Level 25:bingo.evolutionary_optimizers.evolutionary_optimizer:Generation: 1000 	 Elapsed time: 1:02:08.636034 	 Best training fitness: 5.200579e-02 	 
Level 25:bingo.evolutionary_optimizers.evolutionary_optimizer:1000, 3.728636e+03, 9434475, 5.200579e-02, 5.199910e-02, 5.200126e-02, 5.248262e-02, 5.249253e-02, 5.873193e-02, 6.178600e-02, 6.243889e-02, 6.263317e-02, 6.282879e-02, 6.752052e-02, 6.948230e-02, 8.826576e-02, 9.517624e-02, 1.379103e-01, 1.469289e-01, 1.672432e-01, 1.682516e-01, 1.682577e-01, 1.682579e-01, 1.682996e-01
INFO:bingo.evolutionary_optimizers.parallel_archipelago:Evolution time 0:00:42.347719	 age 1360	 fitness 5.201e-02
Level 25:bingo.evolutionary_optimizers.evolutionary_optimizer:Generation: 1010 	 Elapsed time: 1:02:51.255239 	 Best training fitness: 5.200927e-02 	 
Level 25:bingo.evolutionary_optimizers.evolutionary_optimizer:1010, 3.771255e+03, 9535097, 5.200927e-02, 5.199910e-02, 5.200126e-02, 5.248262e-02, 5.249253e-02, 5.873193e-02, 6.178600e-02, 6.243889e-02, 6.263317e-02, 6.282879e-02, 6.752052e-02, 6.948230e-02, 8.826576e-02, 9.517624e-02, 1.379103e-01, 1.469289e-01, 1.672432e-01, 1.682516e-01, 1.682577e-01, 1.682579e-01, 1.682996e-01
INFO:bingo.evolutionary_optimizers.parallel_archipelago:Evolution time 0:01:00.226922	 age 1370	 fitness 5.201e-02
Level 25:bingo.evolutionary_optimizers.evolutionary_optimizer:Generation: 1020 	 Elapsed time: 1:03:51.727944 	 Best training fitness: 5.201000e-02 	 
Level 25:bingo.evolutionary_optimizers.evolutionary_optimizer:1020, 3.831728e+03, 9686393, 5.201000e-02, 5.199910e-02, 5.200126e-02, 5.248262e-02, 5.249253e-02, 5.873193e-02, 6.178600e-02, 6.243889e-02, 6.263317e-02, 6.282879e-02, 6.752052e-02, 6.948230e-02, 8.826576e-02, 9.517624e-02, 1.379103e-01, 1.469289e-01, 1.672432e-01, 1.682516e-01, 1.682577e-01, 1.682579e-01, 1.682996e-01
INFO:bingo.evolutionary_optimizers.parallel_archipelago:Evolution time 0:00:28.952835	 age 1380	 fitness 5.201e-02
Level 25:bingo.evolutionary_optimizers.evolutionary_optimizer:Generation: 1030 	 Elapsed time: 1:04:20.927847 	 Best training fitness: 5.200582e-02 	 
Level 25:bingo.evolutionary_optimizers.evolutionary_optimizer:1030, 3.860928e+03, 9787578, 5.200582e-02, 5.199910e-02, 5.200126e-02, 5.248262e-02, 5.249253e-02, 5.873193e-02, 6.178600e-02, 6.243889e-02, 6.263317e-02, 6.282879e-02, 6.752052e-02, 6.948230e-02, 8.826576e-02, 9.517624e-02, 1.379103e-01, 1.469289e-01, 1.672432e-01, 1.682516e-01, 1.682577e-01, 1.682579e-01, 1.682996e-01
INFO:bingo.evolutionary_optimizers.parallel_archipelago:Evolution time 0:00:51.727550	 age 1400	 fitness 5.201e-02
Level 25:bingo.evolutionary_optimizers.evolutionary_optimizer:Generation: 1040 	 Elapsed time: 1:05:12.899975 	 Best training fitness: 5.200608e-02 	 
Level 25:bingo.evolutionary_optimizers.evolutionary_optimizer:1040, 3.912900e+03, 9923033, 5.200608e-02, 5.199910e-02, 5.200126e-02, 5.248262e-02, 5.249253e-02, 5.873193e-02, 6.178600e-02, 6.243889e-02, 6.263317e-02, 6.282879e-02, 6.752052e-02, 6.948230e-02, 8.826576e-02, 9.517624e-02, 1.379103e-01, 1.469289e-01, 1.672432e-01, 1.682516e-01, 1.682577e-01, 1.682579e-01, 1.682996e-01
INFO:bingo.evolutionary_optimizers.parallel_archipelago:Evolution time 0:00:40.230761	 age 1410	 fitness 5.201e-02
Level 25:bingo.evolutionary_optimizers.evolutionary_optimizer:Generation: 1050 	 Elapsed time: 1:05:53.377600 	 Best training fitness: 5.201014e-02 	 
Level 25:bingo.evolutionary_optimizers.evolutionary_optimizer:1050, 3.953378e+03, 10039035, 5.201014e-02, 5.199910e-02, 5.200126e-02, 5.233063e-02, 5.248262e-02, 5.249253e-02, 5.873193e-02, 6.178600e-02, 6.243889e-02, 6.263317e-02, 6.281323e-02, 6.752052e-02, 6.948230e-02, 8.826576e-02, 9.517624e-02, 1.379103e-01, 1.469289e-01, 1.672432e-01, 1.682516e-01, 1.682577e-01, 1.682579e-01, 1.682996e-01
INFO:bingo.evolutionary_optimizers.parallel_archipelago:Evolution time 0:00:51.839287	 age 1420	 fitness 5.201e-02
Level 25:bingo.evolutionary_optimizers.evolutionary_optimizer:Generation: 1060 	 Elapsed time: 1:06:45.472375 	 Best training fitness: 5.200541e-02 	 
Level 25:bingo.evolutionary_optimizers.evolutionary_optimizer:1060, 4.005472e+03, 10169018, 5.200541e-02, 5.199910e-02, 5.200126e-02, 5.233063e-02, 5.248262e-02, 5.249253e-02, 5.873193e-02, 6.178600e-02, 6.243889e-02, 6.263317e-02, 6.281323e-02, 6.752052e-02, 6.948230e-02, 8.826576e-02, 9.517624e-02, 1.379103e-01, 1.469289e-01, 1.672432e-01, 1.682516e-01, 1.682577e-01, 1.682579e-01, 1.682996e-01
INFO:bingo.evolutionary_optimizers.parallel_archipelago:Evolution time 0:00:36.606314	 age 1440	 fitness 5.201e-02
Level 25:bingo.evolutionary_optimizers.evolutionary_optimizer:Generation: 1070 	 Elapsed time: 1:07:22.326355 	 Best training fitness: 5.200962e-02 	 
Level 25:bingo.evolutionary_optimizers.evolutionary_optimizer:1070, 4.042326e+03, 10291650, 5.200962e-02, 5.199910e-02, 5.200126e-02, 5.233063e-02, 5.233486e-02, 5.248262e-02, 5.249253e-02, 5.873193e-02, 6.178600e-02, 6.243889e-02, 6.263317e-02, 6.281323e-02, 6.752052e-02, 6.948230e-02, 8.826576e-02, 9.517624e-02, 1.379103e-01, 1.469289e-01, 1.672432e-01, 1.682516e-01, 1.682577e-01, 1.682579e-01, 1.682996e-01
INFO:bingo.evolutionary_optimizers.parallel_archipelago:Evolution time 0:00:30.275037	 age 1450	 fitness 5.201e-02
Level 25:bingo.evolutionary_optimizers.evolutionary_optimizer:Generation: 1080 	 Elapsed time: 1:07:52.878002 	 Best training fitness: 5.200764e-02 	 
Level 25:bingo.evolutionary_optimizers.evolutionary_optimizer:1080, 4.072878e+03, 10396698, 5.200764e-02, 5.199910e-02, 5.200126e-02, 5.233063e-02, 5.233486e-02, 5.248262e-02, 5.249253e-02, 5.873193e-02, 6.178600e-02, 6.243889e-02, 6.263286e-02, 6.281323e-02, 6.752052e-02, 6.948230e-02, 8.826576e-02, 9.517624e-02, 1.379103e-01, 1.469289e-01, 1.672432e-01, 1.682516e-01, 1.682577e-01, 1.682579e-01, 1.682996e-01
INFO:bingo.evolutionary_optimizers.parallel_archipelago:Evolution time 0:00:26.865422	 age 1460	 fitness 5.201e-02
Level 25:bingo.evolutionary_optimizers.evolutionary_optimizer:Generation: 1090 	 Elapsed time: 1:08:19.991248 	 Best training fitness: 5.200530e-02 	 
Level 25:bingo.evolutionary_optimizers.evolutionary_optimizer:1090, 4.099991e+03, 10476797, 5.200530e-02, 5.199910e-02, 5.200126e-02, 5.232986e-02, 5.248256e-02, 5.249253e-02, 5.873193e-02, 6.178600e-02, 6.243889e-02, 6.263286e-02, 6.281323e-02, 6.752052e-02, 6.948230e-02, 8.826576e-02, 9.517624e-02, 1.379103e-01, 1.469289e-01, 1.672432e-01, 1.682516e-01, 1.682577e-01, 1.682579e-01, 1.682996e-01
INFO:bingo.evolutionary_optimizers.parallel_archipelago:Evolution time 0:00:38.041799	 age 1480	 fitness 5.200e-02
Level 25:bingo.evolutionary_optimizers.evolutionary_optimizer:Generation: 1100 	 Elapsed time: 1:08:58.280351 	 Best training fitness: 5.200364e-02 	 
Level 25:bingo.evolutionary_optimizers.evolutionary_optimizer:1100, 4.138280e+03, 10587028, 5.200364e-02, 5.199910e-02, 5.200126e-02, 5.232986e-02, 5.248256e-02, 5.249253e-02, 5.873193e-02, 6.178600e-02, 6.243889e-02, 6.263286e-02, 6.281323e-02, 6.752052e-02, 6.948230e-02, 8.826576e-02, 9.517624e-02, 1.379103e-01, 1.469289e-01, 1.672432e-01, 1.682516e-01, 1.682577e-01, 1.682579e-01, 1.682996e-01
INFO:bingo.evolutionary_optimizers.parallel_archipelago:Evolution time 0:00:28.160475	 age 1490	 fitness 5.201e-02
Level 25:bingo.evolutionary_optimizers.evolutionary_optimizer:Generation: 1110 	 Elapsed time: 1:09:26.690469 	 Best training fitness: 5.201111e-02 	 
Level 25:bingo.evolutionary_optimizers.evolutionary_optimizer:1110, 4.166690e+03, 10677541, 5.201111e-02, 5.199910e-02, 5.200126e-02, 5.232953e-02, 5.248256e-02, 5.249253e-02, 5.873193e-02, 6.178600e-02, 6.243889e-02, 6.263286e-02, 6.281323e-02, 6.752052e-02, 6.948230e-02, 8.826576e-02, 9.517624e-02, 1.379103e-01, 1.469289e-01, 1.672432e-01, 1.682516e-01, 1.682577e-01, 1.682579e-01, 1.682996e-01
INFO:bingo.evolutionary_optimizers.parallel_archipelago:Evolution time 0:00:43.734642	 age 1510	 fitness 5.201e-02
Level 25:bingo.evolutionary_optimizers.evolutionary_optimizer:Generation: 1120 	 Elapsed time: 1:10:10.673744 	 Best training fitness: 5.200844e-02 	 
Level 25:bingo.evolutionary_optimizers.evolutionary_optimizer:1120, 4.210674e+03, 10805150, 5.200844e-02, 5.199910e-02, 5.200126e-02, 5.232941e-02, 5.232953e-02, 5.248256e-02, 5.249253e-02, 5.873193e-02, 6.178600e-02, 6.243889e-02, 6.263286e-02, 6.281323e-02, 6.752052e-02, 6.948230e-02, 8.826576e-02, 9.517624e-02, 1.358940e-01, 1.469289e-01, 1.672432e-01, 1.682516e-01, 1.682577e-01, 1.682579e-01, 1.682996e-01
INFO:bingo.evolutionary_optimizers.parallel_archipelago:Evolution time 0:00:42.826806	 age 1540	 fitness 5.200e-02
Level 25:bingo.evolutionary_optimizers.evolutionary_optimizer:Generation: 1130 	 Elapsed time: 1:10:53.750369 	 Best training fitness: 5.200481e-02 	 
Level 25:bingo.evolutionary_optimizers.evolutionary_optimizer:1130, 4.253750e+03, 10945801, 5.200481e-02, 5.199910e-02, 5.200126e-02, 5.232800e-02, 5.248256e-02, 5.249253e-02, 5.873193e-02, 6.178600e-02, 6.243889e-02, 6.263286e-02, 6.281323e-02, 6.752052e-02, 6.948230e-02, 8.826576e-02, 9.517624e-02, 1.358940e-01, 1.469289e-01, 1.672432e-01, 1.682516e-01, 1.682577e-01, 1.682579e-01, 1.682996e-01
INFO:bingo.evolutionary_optimizers.parallel_archipelago:Evolution time 0:00:29.040451	 age 1560	 fitness 4.776e-02
Level 25:bingo.evolutionary_optimizers.evolutionary_optimizer:Generation: 1140 	 Elapsed time: 1:11:23.067140 	 Best training fitness: 4.776198e-02 	 
Level 25:bingo.evolutionary_optimizers.evolutionary_optimizer:1140, 4.283067e+03, 11077127, 4.776198e-02, 4.776198e-02, 4.776645e-02, 6.281323e-02, 6.752052e-02, 6.948230e-02, 8.826576e-02, 9.517624e-02, 1.358940e-01, 1.469289e-01, 1.672432e-01, 1.682516e-01, 1.682577e-01, 1.682579e-01, 1.682996e-01
INFO:bingo.evolutionary_optimizers.parallel_archipelago:Evolution time 0:00:31.255941	 age 1580	 fitness 4.715e-02
Level 25:bingo.evolutionary_optimizers.evolutionary_optimizer:Generation: 1150 	 Elapsed time: 1:11:54.565655 	 Best training fitness: 4.714631e-02 	 
Level 25:bingo.evolutionary_optimizers.evolutionary_optimizer:1150, 4.314566e+03, 11211539, 4.714631e-02, 4.714631e-02, 4.776645e-02, 6.281323e-02, 6.752052e-02, 6.948230e-02, 8.826576e-02, 9.517624e-02, 1.358940e-01, 1.469289e-01, 1.672432e-01, 1.682516e-01, 1.682577e-01, 1.682579e-01, 1.682996e-01
INFO:bingo.evolutionary_optimizers.parallel_archipelago:Evolution time 0:00:32.655579	 age 1600	 fitness 4.713e-02
Level 25:bingo.evolutionary_optimizers.evolutionary_optimizer:Generation: 1160 	 Elapsed time: 1:12:27.455624 	 Best training fitness: 4.713198e-02 	 
Level 25:bingo.evolutionary_optimizers.evolutionary_optimizer:1160, 4.347456e+03, 11340594, 4.713198e-02, 4.713198e-02, 4.776173e-02, 6.281323e-02, 6.752052e-02, 6.948230e-02, 8.826576e-02, 9.517624e-02, 1.358940e-01, 1.469289e-01, 1.672432e-01, 1.682516e-01, 1.682577e-01, 1.682579e-01, 1.682996e-01
INFO:bingo.evolutionary_optimizers.parallel_archipelago:Evolution time 0:00:20.196108	 age 1620	 fitness 4.713e-02
Level 25:bingo.evolutionary_optimizers.evolutionary_optimizer:Generation: 1170 	 Elapsed time: 1:12:47.886258 	 Best training fitness: 4.713013e-02 	 
Level 25:bingo.evolutionary_optimizers.evolutionary_optimizer:1170, 4.367886e+03, 11437604, 4.713013e-02, 4.713013e-02, 4.775718e-02, 6.281323e-02, 6.752052e-02, 6.948230e-02, 8.826576e-02, 9.517624e-02, 1.358940e-01, 1.469289e-01, 1.672432e-01, 1.682516e-01, 1.682577e-01, 1.682579e-01, 1.682996e-01
INFO:bingo.evolutionary_optimizers.parallel_archipelago:Evolution time 0:00:28.520579	 age 1640	 fitness 4.713e-02
Level 25:bingo.evolutionary_optimizers.evolutionary_optimizer:Generation: 1180 	 Elapsed time: 1:13:16.640489 	 Best training fitness: 4.712581e-02 	 
Level 25:bingo.evolutionary_optimizers.evolutionary_optimizer:1180, 4.396640e+03, 11560900, 4.712581e-02, 4.712581e-02, 4.775642e-02, 6.281323e-02, 6.752052e-02, 6.948230e-02, 8.826576e-02, 9.517624e-02, 1.358940e-01, 1.380096e-01, 1.672432e-01, 1.682516e-01, 1.682577e-01, 1.682579e-01, 1.682996e-01
INFO:bingo.evolutionary_optimizers.parallel_archipelago:Evolution time 0:00:19.966213	 age 1660	 fitness 4.711e-02
Level 25:bingo.evolutionary_optimizers.evolutionary_optimizer:Generation: 1190 	 Elapsed time: 1:13:36.839260 	 Best training fitness: 4.711494e-02 	 
Level 25:bingo.evolutionary_optimizers.evolutionary_optimizer:1190, 4.416839e+03, 11648894, 4.711494e-02, 4.711494e-02, 4.712180e-02, 4.775642e-02, 6.281323e-02, 6.752052e-02, 6.948230e-02, 8.826576e-02, 9.517624e-02, 1.133834e-01, 1.380096e-01, 1.427234e-01, 1.682516e-01, 1.682577e-01, 1.682579e-01, 1.682996e-01
INFO:bingo.evolutionary_optimizers.parallel_archipelago:Evolution time 0:00:34.825059	 age 1690	 fitness 0.000e+00
Level 25:bingo.evolutionary_optimizers.evolutionary_optimizer:Generation: 1200 	 Elapsed time: 1:14:11.892889 	 Best training fitness: 0.000000e+00 	 
Level 25:bingo.evolutionary_optimizers.evolutionary_optimizer:1200, 4.451893e+03, 11778467, 0.000000e+00, 0.000000e+00, 1.682516e-01, 1.682577e-01, 1.682579e-01, 1.682996e-01
Level 25:bingo.evolutionary_optimizers.evolutionary_optimizer:Evolution successfully converged.
Level 25:bingo.evolutionary_optimizers.evolutionary_optimizer:  Absolte convergence occurred with best fitness < 1e-10
Level 25:bingo.evolutionary_optimizers.evolutionary_optimizer:Hall of Fame:
0.0	7	sin(log((X_0)(X_0) + (X_1)(X_1)))
0.16825156805024036	6	(sin((-20.953331)(-20.953331) + -20.953331))(3.670974)
0.16825770155181374	4	sin(-0.347398 + -0.857633)
0.1682579062186788	2	sin(-1.936528)
0.16829964959127103	1	-0.932895
