Level 25:bingo.evolutionary_optimizers.evolutionary_optimizer:#generational_age, elapsed_time, fitness_evaluation_count, current_training_fitness, hall_of_fame_fitnesses
Level 25:bingo.evolutionary_optimizers.evolutionary_optimizer:#generational_age, elapsed_time, fitness_evaluation_count, current_training_fitness, hall_of_fame_fitnesses
Level 25:bingo.evolutionary_optimizers.evolutionary_optimizer:Generation: 0 	 Elapsed time: 0:00:04.012581 	 Best training fitness: 4.873898e-02 	 
Level 25:bingo.evolutionary_optimizers.evolutionary_optimizer:0, 4.012581e+00, 14012, 4.873898e-02
INFO:bingo.evolutionary_optimizers.parallel_archipelago:Evolution time 0:00:37.090158	 age 20	 fitness 4.830e-02
Level 25:bingo.evolutionary_optimizers.evolutionary_optimizer:Generation: 10 	 Elapsed time: 0:00:41.306539 	 Best training fitness: 4.830449e-02 	 
Level 25:bingo.evolutionary_optimizers.evolutionary_optimizer:10, 4.130654e+01, 126753, 4.830449e-02, 4.830449e-02, 4.851855e-02, 4.855003e-02, 4.876854e-02
INFO:bingo.evolutionary_optimizers.parallel_archipelago:Evolution time 0:00:39.380096	 age 30	 fitness 3.566e-02
Level 25:bingo.evolutionary_optimizers.evolutionary_optimizer:Generation: 20 	 Elapsed time: 0:01:20.906714 	 Best training fitness: 3.565958e-02 	 
Level 25:bingo.evolutionary_optimizers.evolutionary_optimizer:20, 8.090671e+01, 201789, 3.565958e-02, 3.565958e-02, 4.830449e-02, 4.836086e-02, 4.849811e-02
INFO:bingo.evolutionary_optimizers.parallel_archipelago:Evolution time 0:00:40.479904	 age 40	 fitness 3.562e-02
Level 25:bingo.evolutionary_optimizers.evolutionary_optimizer:Generation: 30 	 Elapsed time: 0:02:01.635569 	 Best training fitness: 3.561870e-02 	 
Level 25:bingo.evolutionary_optimizers.evolutionary_optimizer:30, 1.216356e+02, 281372, 3.561870e-02, 3.561870e-02, 4.817488e-02, 4.830105e-02, 4.849811e-02
INFO:bingo.evolutionary_optimizers.parallel_archipelago:Evolution time 0:00:33.771227	 age 60	 fitness 3.200e-02
Level 25:bingo.evolutionary_optimizers.evolutionary_optimizer:Generation: 40 	 Elapsed time: 0:02:35.633885 	 Best training fitness: 3.200008e-02 	 
Level 25:bingo.evolutionary_optimizers.evolutionary_optimizer:40, 1.556339e+02, 359016, 3.200008e-02, 3.200008e-02, 3.548368e-02, 4.817488e-02, 4.830105e-02, 4.849811e-02
INFO:bingo.evolutionary_optimizers.parallel_archipelago:Evolution time 0:00:36.014414	 age 70	 fitness 2.596e-02
Level 25:bingo.evolutionary_optimizers.evolutionary_optimizer:Generation: 50 	 Elapsed time: 0:03:11.892210 	 Best training fitness: 2.595566e-02 	 
Level 25:bingo.evolutionary_optimizers.evolutionary_optimizer:50, 1.918922e+02, 419678, 2.595566e-02, 2.595566e-02, 3.548368e-02, 4.817488e-02, 4.830105e-02, 4.849811e-02
INFO:bingo.evolutionary_optimizers.parallel_archipelago:Evolution time 0:00:34.938083	 age 90	 fitness 2.508e-02
Level 25:bingo.evolutionary_optimizers.evolutionary_optimizer:Generation: 60 	 Elapsed time: 0:03:47.086184 	 Best training fitness: 2.508435e-02 	 
Level 25:bingo.evolutionary_optimizers.evolutionary_optimizer:60, 2.270862e+02, 503704, 2.508435e-02, 2.508435e-02, 2.594175e-02, 3.548368e-02, 4.817488e-02, 4.828517e-02, 4.830105e-02, 4.849811e-02
INFO:bingo.evolutionary_optimizers.parallel_archipelago:Evolution time 0:00:30.513717	 age 110	 fitness 2.519e-02
Level 25:bingo.evolutionary_optimizers.evolutionary_optimizer:Generation: 70 	 Elapsed time: 0:04:17.862020 	 Best training fitness: 2.518916e-02 	 
Level 25:bingo.evolutionary_optimizers.evolutionary_optimizer:70, 2.578620e+02, 592008, 2.518916e-02, 2.508435e-02, 2.592272e-02, 3.548368e-02, 4.817488e-02, 4.826348e-02, 4.828517e-02, 4.830105e-02, 4.849811e-02
INFO:bingo.evolutionary_optimizers.parallel_archipelago:Evolution time 0:00:32.180337	 age 120	 fitness 2.437e-02
Level 25:bingo.evolutionary_optimizers.evolutionary_optimizer:Generation: 80 	 Elapsed time: 0:04:50.310170 	 Best training fitness: 2.437213e-02 	 
Level 25:bingo.evolutionary_optimizers.evolutionary_optimizer:80, 2.903102e+02, 662911, 2.437213e-02, 2.437213e-02, 2.505853e-02, 2.592272e-02, 3.186716e-02, 3.548368e-02, 4.817488e-02, 4.826348e-02, 4.828517e-02, 4.830105e-02, 4.849811e-02
INFO:bingo.evolutionary_optimizers.parallel_archipelago:Evolution time 0:00:31.862555	 age 140	 fitness 2.358e-02
Level 25:bingo.evolutionary_optimizers.evolutionary_optimizer:Generation: 90 	 Elapsed time: 0:05:22.485010 	 Best training fitness: 2.358235e-02 	 
Level 25:bingo.evolutionary_optimizers.evolutionary_optimizer:90, 3.224850e+02, 731416, 2.358235e-02, 2.358235e-02, 2.496183e-02, 2.587494e-02, 3.186716e-02, 3.548368e-02, 4.817488e-02, 4.826348e-02, 4.828517e-02, 4.830105e-02, 4.849811e-02
INFO:bingo.evolutionary_optimizers.parallel_archipelago:Evolution time 0:00:21.837420	 age 150	 fitness 2.351e-02
Level 25:bingo.evolutionary_optimizers.evolutionary_optimizer:Generation: 100 	 Elapsed time: 0:05:44.614294 	 Best training fitness: 2.351257e-02 	 
Level 25:bingo.evolutionary_optimizers.evolutionary_optimizer:100, 3.446143e+02, 793525, 2.351257e-02, 2.351257e-02, 2.496183e-02, 2.587494e-02, 3.186716e-02, 3.548368e-02, 4.817488e-02, 4.826348e-02, 4.828517e-02, 4.830105e-02, 4.846412e-02
INFO:bingo.evolutionary_optimizers.parallel_archipelago:Evolution time 0:00:19.976835	 age 160	 fitness 2.350e-02
Level 25:bingo.evolutionary_optimizers.evolutionary_optimizer:Generation: 110 	 Elapsed time: 0:06:04.897057 	 Best training fitness: 2.350127e-02 	 
Level 25:bingo.evolutionary_optimizers.evolutionary_optimizer:110, 3.648971e+02, 855903, 2.350127e-02, 2.350127e-02, 2.496183e-02, 2.587494e-02, 3.186716e-02, 3.548368e-02, 4.817488e-02, 4.826348e-02, 4.828517e-02, 4.830105e-02, 4.846412e-02
INFO:bingo.evolutionary_optimizers.parallel_archipelago:Evolution time 0:00:23.563546	 age 180	 fitness 2.350e-02
Level 25:bingo.evolutionary_optimizers.evolutionary_optimizer:Generation: 120 	 Elapsed time: 0:06:28.727794 	 Best training fitness: 2.349516e-02 	 
Level 25:bingo.evolutionary_optimizers.evolutionary_optimizer:120, 3.887278e+02, 933109, 2.349516e-02, 2.349516e-02, 2.355477e-02, 2.496183e-02, 2.587494e-02, 3.186716e-02, 3.548368e-02, 4.817488e-02, 4.826348e-02, 4.828517e-02, 4.830105e-02, 4.846412e-02
INFO:bingo.evolutionary_optimizers.parallel_archipelago:Evolution time 0:00:36.112345	 age 190	 fitness 2.346e-02
Level 25:bingo.evolutionary_optimizers.evolutionary_optimizer:Generation: 130 	 Elapsed time: 0:07:05.104750 	 Best training fitness: 2.346172e-02 	 
Level 25:bingo.evolutionary_optimizers.evolutionary_optimizer:130, 4.251048e+02, 1021659, 2.346172e-02, 2.346172e-02, 2.496183e-02, 2.587494e-02, 3.186716e-02, 3.548368e-02, 4.817488e-02, 4.826348e-02, 4.828517e-02, 4.830105e-02, 4.844999e-02
INFO:bingo.evolutionary_optimizers.parallel_archipelago:Evolution time 0:00:43.789835	 age 200	 fitness 2.340e-02
Level 25:bingo.evolutionary_optimizers.evolutionary_optimizer:Generation: 140 	 Elapsed time: 0:07:49.146144 	 Best training fitness: 2.339655e-02 	 
Level 25:bingo.evolutionary_optimizers.evolutionary_optimizer:140, 4.691461e+02, 1110654, 2.339655e-02, 2.339655e-02, 2.345456e-02, 2.496183e-02, 2.587494e-02, 3.186716e-02, 3.548368e-02, 4.817488e-02, 4.826348e-02, 4.828517e-02, 4.830105e-02, 4.844969e-02
INFO:bingo.evolutionary_optimizers.parallel_archipelago:Evolution time 0:00:36.714777	 age 220	 fitness 2.343e-02
Level 25:bingo.evolutionary_optimizers.evolutionary_optimizer:Generation: 150 	 Elapsed time: 0:08:26.116556 	 Best training fitness: 2.343480e-02 	 
Level 25:bingo.evolutionary_optimizers.evolutionary_optimizer:150, 5.061166e+02, 1190354, 2.343480e-02, 2.339655e-02, 2.345456e-02, 2.496183e-02, 2.587494e-02, 3.186716e-02, 3.548368e-02, 4.817488e-02, 4.826348e-02, 4.828517e-02, 4.830105e-02, 4.844969e-02
INFO:bingo.evolutionary_optimizers.parallel_archipelago:Evolution time 0:00:36.831852	 age 240	 fitness 2.339e-02
Level 25:bingo.evolutionary_optimizers.evolutionary_optimizer:Generation: 160 	 Elapsed time: 0:09:03.203337 	 Best training fitness: 2.339334e-02 	 
Level 25:bingo.evolutionary_optimizers.evolutionary_optimizer:160, 5.432033e+02, 1285497, 2.339334e-02, 2.339334e-02, 2.345456e-02, 2.496183e-02, 2.585266e-02, 3.186716e-02, 3.548368e-02, 4.817488e-02, 4.826348e-02, 4.828517e-02, 4.830105e-02, 4.833599e-02
INFO:bingo.evolutionary_optimizers.parallel_archipelago:Evolution time 0:01:00.843280	 age 260	 fitness 5.440e-03
Level 25:bingo.evolutionary_optimizers.evolutionary_optimizer:Generation: 170 	 Elapsed time: 0:10:04.312460 	 Best training fitness: 5.439767e-03 	 
Level 25:bingo.evolutionary_optimizers.evolutionary_optimizer:170, 6.043125e+02, 1396019, 5.439767e-03, 5.439767e-03, 2.585266e-02, 3.186716e-02, 3.548368e-02, 4.817488e-02, 4.826348e-02, 4.828517e-02, 4.830105e-02, 4.833599e-02
INFO:bingo.evolutionary_optimizers.parallel_archipelago:Evolution time 0:00:45.071014	 age 270	 fitness 0.000e+00
Level 25:bingo.evolutionary_optimizers.evolutionary_optimizer:Generation: 180 	 Elapsed time: 0:10:49.622767 	 Best training fitness: 0.000000e+00 	 
Level 25:bingo.evolutionary_optimizers.evolutionary_optimizer:180, 6.496228e+02, 1487765, 0.000000e+00, 0.000000e+00, 4.817488e-02, 4.826348e-02, 4.828517e-02, 4.830105e-02, 4.833599e-02
Level 25:bingo.evolutionary_optimizers.evolutionary_optimizer:Evolution successfully converged.
Level 25:bingo.evolutionary_optimizers.evolutionary_optimizer:  Absolte convergence occurred with best fitness < 1e-10
Level 25:bingo.evolutionary_optimizers.evolutionary_optimizer:Hall of Fame:
0.0	7	sin(log((X_1)(X_1) + (X_0)(X_0)))
0.04817487537321353	6	sin(log(sin(0.035796 + 0.035796) + sin(0.035796 + 0.035796)))
0.048263477333451016	5	sin(log(0.065527 + 0.065527) + 0.065527)
0.04828517074769598	4	sin(log(-0.071288 + -0.071288))
0.04830104610215852	2	sin(-1.941904)
0.048335988071982985	1	-0.930750
