Level 25:bingo.evolutionary_optimizers.evolutionary_optimizer:#generational_age, elapsed_time, fitness_evaluation_count, current_training_fitness, hall_of_fame_fitnesses
Level 25:bingo.evolutionary_optimizers.evolutionary_optimizer:#generational_age, elapsed_time, fitness_evaluation_count, current_training_fitness, hall_of_fame_fitnesses
Level 25:bingo.evolutionary_optimizers.evolutionary_optimizer:Generation: 0 	 Elapsed time: 0:00:05.611434 	 Best training fitness: 1.684023e-01 	 
Level 25:bingo.evolutionary_optimizers.evolutionary_optimizer:0, 5.611434e+00, 14611, 1.684023e-01
INFO:bingo.evolutionary_optimizers.parallel_archipelago:Evolution time 0:00:51.181147	 age 20	 fitness 1.683e-01
Level 25:bingo.evolutionary_optimizers.evolutionary_optimizer:Generation: 10 	 Elapsed time: 0:00:57.090306 	 Best training fitness: 1.682870e-01 	 
Level 25:bingo.evolutionary_optimizers.evolutionary_optimizer:10, 5.709031e+01, 123348, 1.682870e-01, 1.682870e-01
INFO:bingo.evolutionary_optimizers.parallel_archipelago:Evolution time 0:00:28.400476	 age 30	 fitness 1.683e-01
Level 25:bingo.evolutionary_optimizers.evolutionary_optimizer:Generation: 20 	 Elapsed time: 0:01:25.801376 	 Best training fitness: 1.682884e-01 	 
Level 25:bingo.evolutionary_optimizers.evolutionary_optimizer:20, 8.580138e+01, 193614, 1.682884e-01, 1.682870e-01
INFO:bingo.evolutionary_optimizers.parallel_archipelago:Evolution time 0:00:31.691722	 age 50	 fitness 1.683e-01
Level 25:bingo.evolutionary_optimizers.evolutionary_optimizer:Generation: 30 	 Elapsed time: 0:01:57.829684 	 Best training fitness: 1.682884e-01 	 
Level 25:bingo.evolutionary_optimizers.evolutionary_optimizer:30, 1.178297e+02, 282412, 1.682884e-01, 1.682870e-01
INFO:bingo.evolutionary_optimizers.parallel_archipelago:Evolution time 0:00:30.907551	 age 70	 fitness 1.683e-01
Level 25:bingo.evolutionary_optimizers.evolutionary_optimizer:Generation: 40 	 Elapsed time: 0:02:29.040861 	 Best training fitness: 1.682734e-01 	 
Level 25:bingo.evolutionary_optimizers.evolutionary_optimizer:40, 1.490409e+02, 364809, 1.682734e-01, 1.682734e-01
INFO:bingo.evolutionary_optimizers.parallel_archipelago:Evolution time 0:00:19.584697	 age 80	 fitness 1.683e-01
Level 25:bingo.evolutionary_optimizers.evolutionary_optimizer:Generation: 50 	 Elapsed time: 0:02:48.933181 	 Best training fitness: 1.683265e-01 	 
Level 25:bingo.evolutionary_optimizers.evolutionary_optimizer:50, 1.689332e+02, 427726, 1.683265e-01, 1.682734e-01
INFO:bingo.evolutionary_optimizers.parallel_archipelago:Evolution time 0:00:41.735607	 age 90	 fitness 1.683e-01
Level 25:bingo.evolutionary_optimizers.evolutionary_optimizer:Generation: 60 	 Elapsed time: 0:03:30.974073 	 Best training fitness: 1.682886e-01 	 
Level 25:bingo.evolutionary_optimizers.evolutionary_optimizer:60, 2.109741e+02, 512191, 1.682886e-01, 1.682734e-01
INFO:bingo.evolutionary_optimizers.parallel_archipelago:Evolution time 0:00:29.923602	 age 100	 fitness 1.683e-01
Level 25:bingo.evolutionary_optimizers.evolutionary_optimizer:Generation: 70 	 Elapsed time: 0:04:01.202286 	 Best training fitness: 1.682944e-01 	 
Level 25:bingo.evolutionary_optimizers.evolutionary_optimizer:70, 2.412023e+02, 597912, 1.682944e-01, 1.682734e-01
INFO:bingo.evolutionary_optimizers.parallel_archipelago:Evolution time 0:00:39.343748	 age 110	 fitness 1.683e-01
Level 25:bingo.evolutionary_optimizers.evolutionary_optimizer:Generation: 80 	 Elapsed time: 0:04:40.852244 	 Best training fitness: 1.682667e-01 	 
Level 25:bingo.evolutionary_optimizers.evolutionary_optimizer:80, 2.808522e+02, 683444, 1.682667e-01, 1.682667e-01, 1.682734e-01
INFO:bingo.evolutionary_optimizers.parallel_archipelago:Evolution time 0:00:38.182376	 age 120	 fitness 1.676e-01
Level 25:bingo.evolutionary_optimizers.evolutionary_optimizer:Generation: 90 	 Elapsed time: 0:05:19.345259 	 Best training fitness: 1.675783e-01 	 
Level 25:bingo.evolutionary_optimizers.evolutionary_optimizer:90, 3.193453e+02, 764448, 1.675783e-01, 1.675783e-01, 1.682734e-01
INFO:bingo.evolutionary_optimizers.parallel_archipelago:Evolution time 0:00:41.212287	 age 150	 fitness 1.630e-01
Level 25:bingo.evolutionary_optimizers.evolutionary_optimizer:Generation: 100 	 Elapsed time: 0:06:00.901867 	 Best training fitness: 1.629938e-01 	 
Level 25:bingo.evolutionary_optimizers.evolutionary_optimizer:100, 3.609019e+02, 849531, 1.629938e-01, 1.629938e-01, 1.682734e-01
INFO:bingo.evolutionary_optimizers.parallel_archipelago:Evolution time 0:00:42.106817	 age 170	 fitness 1.607e-01
Level 25:bingo.evolutionary_optimizers.evolutionary_optimizer:Generation: 110 	 Elapsed time: 0:06:43.321798 	 Best training fitness: 1.606896e-01 	 
Level 25:bingo.evolutionary_optimizers.evolutionary_optimizer:110, 4.033218e+02, 955502, 1.606896e-01, 1.606896e-01, 1.628063e-01, 1.682734e-01
INFO:bingo.evolutionary_optimizers.parallel_archipelago:Evolution time 0:00:37.104057	 age 180	 fitness 1.598e-01
Level 25:bingo.evolutionary_optimizers.evolutionary_optimizer:Generation: 120 	 Elapsed time: 0:07:20.744302 	 Best training fitness: 1.597798e-01 	 
Level 25:bingo.evolutionary_optimizers.evolutionary_optimizer:120, 4.407443e+02, 1034319, 1.597798e-01, 1.597798e-01, 1.598497e-01, 1.628063e-01, 1.682734e-01
INFO:bingo.evolutionary_optimizers.parallel_archipelago:Evolution time 0:00:46.653264	 age 190	 fitness 1.412e-01
Level 25:bingo.evolutionary_optimizers.evolutionary_optimizer:Generation: 130 	 Elapsed time: 0:08:07.754678 	 Best training fitness: 1.412336e-01 	 
Level 25:bingo.evolutionary_optimizers.evolutionary_optimizer:130, 4.877547e+02, 1130712, 1.412336e-01, 1.412336e-01, 1.479046e-01, 1.628063e-01, 1.682734e-01
INFO:bingo.evolutionary_optimizers.parallel_archipelago:Evolution time 0:00:48.356914	 age 210	 fitness 1.208e-01
Level 25:bingo.evolutionary_optimizers.evolutionary_optimizer:Generation: 140 	 Elapsed time: 0:08:56.431712 	 Best training fitness: 1.208080e-01 	 
Level 25:bingo.evolutionary_optimizers.evolutionary_optimizer:140, 5.364317e+02, 1237074, 1.208080e-01, 1.208080e-01, 1.283938e-01, 1.476187e-01, 1.628063e-01, 1.682734e-01
INFO:bingo.evolutionary_optimizers.parallel_archipelago:Evolution time 0:01:06.008123	 age 230	 fitness 1.185e-01
Level 25:bingo.evolutionary_optimizers.evolutionary_optimizer:Generation: 150 	 Elapsed time: 0:10:02.763481 	 Best training fitness: 1.185175e-01 	 
Level 25:bingo.evolutionary_optimizers.evolutionary_optimizer:150, 6.027635e+02, 1355924, 1.185175e-01, 1.185175e-01, 1.279494e-01, 1.455916e-01, 1.476187e-01, 1.628063e-01, 1.682734e-01
INFO:bingo.evolutionary_optimizers.parallel_archipelago:Evolution time 0:00:51.188750	 age 260	 fitness 9.595e-02
Level 25:bingo.evolutionary_optimizers.evolutionary_optimizer:Generation: 160 	 Elapsed time: 0:10:54.270581 	 Best training fitness: 9.594720e-02 	 
Level 25:bingo.evolutionary_optimizers.evolutionary_optimizer:160, 6.542706e+02, 1463237, 9.594720e-02, 9.594720e-02, 1.185175e-01, 1.279494e-01, 1.455173e-01, 1.476187e-01, 1.628063e-01, 1.682734e-01
INFO:bingo.evolutionary_optimizers.parallel_archipelago:Evolution time 0:00:26.964965	 age 270	 fitness 9.593e-02
Level 25:bingo.evolutionary_optimizers.evolutionary_optimizer:Generation: 170 	 Elapsed time: 0:11:21.590023 	 Best training fitness: 9.593279e-02 	 
Level 25:bingo.evolutionary_optimizers.evolutionary_optimizer:170, 6.815900e+02, 1539928, 9.593279e-02, 9.593279e-02, 1.185175e-01, 1.278410e-01, 1.454329e-01, 1.476187e-01, 1.628063e-01, 1.682734e-01
INFO:bingo.evolutionary_optimizers.parallel_archipelago:Evolution time 0:00:42.573869	 age 280	 fitness 9.593e-02
Level 25:bingo.evolutionary_optimizers.evolutionary_optimizer:Generation: 180 	 Elapsed time: 0:12:04.480688 	 Best training fitness: 9.592521e-02 	 
Level 25:bingo.evolutionary_optimizers.evolutionary_optimizer:180, 7.244807e+02, 1625463, 9.592521e-02, 9.592521e-02, 9.595323e-02, 1.184697e-01, 1.185467e-01, 1.278410e-01, 1.454329e-01, 1.476187e-01, 1.628063e-01, 1.682734e-01
INFO:bingo.evolutionary_optimizers.parallel_archipelago:Evolution time 0:01:11.401801	 age 290	 fitness 7.608e-02
Level 25:bingo.evolutionary_optimizers.evolutionary_optimizer:Generation: 190 	 Elapsed time: 0:13:16.214057 	 Best training fitness: 7.608045e-02 	 
Level 25:bingo.evolutionary_optimizers.evolutionary_optimizer:190, 7.962141e+02, 1752095, 7.608045e-02, 7.608045e-02, 1.476187e-01, 1.628063e-01, 1.682734e-01
INFO:bingo.evolutionary_optimizers.parallel_archipelago:Evolution time 0:01:14.476230	 age 310	 fitness 7.607e-02
Level 25:bingo.evolutionary_optimizers.evolutionary_optimizer:Generation: 200 	 Elapsed time: 0:14:31.010591 	 Best training fitness: 7.607362e-02 	 
Level 25:bingo.evolutionary_optimizers.evolutionary_optimizer:200, 8.710106e+02, 1890185, 7.607362e-02, 7.607362e-02, 1.455637e-01, 1.476187e-01, 1.628063e-01, 1.682734e-01
INFO:bingo.evolutionary_optimizers.parallel_archipelago:Evolution time 0:00:51.479522	 age 330	 fitness 4.110e-02
Level 25:bingo.evolutionary_optimizers.evolutionary_optimizer:Generation: 210 	 Elapsed time: 0:15:22.793179 	 Best training fitness: 4.109507e-02 	 
Level 25:bingo.evolutionary_optimizers.evolutionary_optimizer:210, 9.227932e+02, 2021049, 4.109507e-02, 4.109507e-02, 1.682734e-01
INFO:bingo.evolutionary_optimizers.parallel_archipelago:Evolution time 0:00:37.554712	 age 350	 fitness 0.000e+00
Level 25:bingo.evolutionary_optimizers.evolutionary_optimizer:Generation: 220 	 Elapsed time: 0:16:00.621335 	 Best training fitness: 0.000000e+00 	 
Level 25:bingo.evolutionary_optimizers.evolutionary_optimizer:220, 9.606213e+02, 2121670, 0.000000e+00, 0.000000e+00, 1.682734e-01
Level 25:bingo.evolutionary_optimizers.evolutionary_optimizer:Evolution successfully converged.
Level 25:bingo.evolutionary_optimizers.evolutionary_optimizer:  Absolte convergence occurred with best fitness < 1e-10
Level 25:bingo.evolutionary_optimizers.evolutionary_optimizer:Hall of Fame:
0.0	7	sin(log((X_1)(X_1) + (X_0)(X_0)))
0.16827336887121166	1	-0.933373
