Level 25:bingo.evolutionary_optimizers.evolutionary_optimizer:#generational_age, elapsed_time, fitness_evaluation_count, current_training_fitness, hall_of_fame_fitnesses
Level 25:bingo.evolutionary_optimizers.evolutionary_optimizer:#generational_age, elapsed_time, fitness_evaluation_count, current_training_fitness, hall_of_fame_fitnesses
Level 25:bingo.evolutionary_optimizers.evolutionary_optimizer:Generation: 0 	 Elapsed time: 0:00:05.390148 	 Best training fitness: 1.685283e-01 	 
Level 25:bingo.evolutionary_optimizers.evolutionary_optimizer:0, 5.390148e+00, 16050, 1.685283e-01
INFO:bingo.evolutionary_optimizers.parallel_archipelago:Evolution time 0:00:42.221966	 age 20	 fitness 1.684e-01
Level 25:bingo.evolutionary_optimizers.evolutionary_optimizer:Generation: 10 	 Elapsed time: 0:00:47.824552 	 Best training fitness: 1.684001e-01 	 
Level 25:bingo.evolutionary_optimizers.evolutionary_optimizer:10, 4.782455e+01, 138557, 1.684001e-01, 1.684001e-01, 1.684653e-01, 1.684886e-01, 1.688293e-01, 1.752292e-01
INFO:bingo.evolutionary_optimizers.parallel_archipelago:Evolution time 0:00:42.545900	 age 50	 fitness 1.683e-01
Level 25:bingo.evolutionary_optimizers.evolutionary_optimizer:Generation: 20 	 Elapsed time: 0:01:30.654173 	 Best training fitness: 1.683018e-01 	 
Level 25:bingo.evolutionary_optimizers.evolutionary_optimizer:20, 9.065417e+01, 218104, 1.683018e-01, 1.683018e-01, 1.684886e-01, 1.688293e-01, 1.697155e-01
INFO:bingo.evolutionary_optimizers.parallel_archipelago:Evolution time 0:00:31.825166	 age 70	 fitness 1.683e-01
Level 25:bingo.evolutionary_optimizers.evolutionary_optimizer:Generation: 30 	 Elapsed time: 0:02:02.757175 	 Best training fitness: 1.683018e-01 	 
Level 25:bingo.evolutionary_optimizers.evolutionary_optimizer:30, 1.227572e+02, 282067, 1.683018e-01, 1.683018e-01, 1.684886e-01, 1.685091e-01
INFO:bingo.evolutionary_optimizers.parallel_archipelago:Evolution time 0:00:20.109524	 age 80	 fitness 1.681e-01
Level 25:bingo.evolutionary_optimizers.evolutionary_optimizer:Generation: 40 	 Elapsed time: 0:02:23.107626 	 Best training fitness: 1.681143e-01 	 
Level 25:bingo.evolutionary_optimizers.evolutionary_optimizer:40, 1.431076e+02, 339937, 1.681143e-01, 1.681143e-01, 1.683018e-01, 1.683685e-01
INFO:bingo.evolutionary_optimizers.parallel_archipelago:Evolution time 0:00:16.417262	 age 90	 fitness 1.681e-01
Level 25:bingo.evolutionary_optimizers.evolutionary_optimizer:Generation: 50 	 Elapsed time: 0:02:39.769053 	 Best training fitness: 1.681143e-01 	 
Level 25:bingo.evolutionary_optimizers.evolutionary_optimizer:50, 1.597691e+02, 388820, 1.681143e-01, 1.681143e-01, 1.683018e-01, 1.683685e-01
INFO:bingo.evolutionary_optimizers.parallel_archipelago:Evolution time 0:00:41.640509	 age 100	 fitness 1.679e-01
Level 25:bingo.evolutionary_optimizers.evolutionary_optimizer:Generation: 60 	 Elapsed time: 0:03:21.660203 	 Best training fitness: 1.678775e-01 	 
Level 25:bingo.evolutionary_optimizers.evolutionary_optimizer:60, 2.016602e+02, 457798, 1.678775e-01, 1.678775e-01, 1.683018e-01, 1.683673e-01
INFO:bingo.evolutionary_optimizers.parallel_archipelago:Evolution time 0:00:28.711116	 age 110	 fitness 1.678e-01
Level 25:bingo.evolutionary_optimizers.evolutionary_optimizer:Generation: 70 	 Elapsed time: 0:03:50.623138 	 Best training fitness: 1.678305e-01 	 
Level 25:bingo.evolutionary_optimizers.evolutionary_optimizer:70, 2.306231e+02, 522858, 1.678305e-01, 1.678305e-01, 1.683018e-01, 1.683673e-01
INFO:bingo.evolutionary_optimizers.parallel_archipelago:Evolution time 0:00:34.485374	 age 120	 fitness 1.678e-01
Level 25:bingo.evolutionary_optimizers.evolutionary_optimizer:Generation: 80 	 Elapsed time: 0:04:25.357797 	 Best training fitness: 1.678493e-01 	 
Level 25:bingo.evolutionary_optimizers.evolutionary_optimizer:80, 2.653578e+02, 592103, 1.678493e-01, 1.678305e-01, 1.682509e-01, 1.683018e-01, 1.683424e-01
INFO:bingo.evolutionary_optimizers.parallel_archipelago:Evolution time 0:00:33.257385	 age 140	 fitness 1.678e-01
Level 25:bingo.evolutionary_optimizers.evolutionary_optimizer:Generation: 90 	 Elapsed time: 0:04:58.865014 	 Best training fitness: 1.678151e-01 	 
Level 25:bingo.evolutionary_optimizers.evolutionary_optimizer:90, 2.988650e+02, 657058, 1.678151e-01, 1.678151e-01, 1.681246e-01, 1.683018e-01, 1.683424e-01
INFO:bingo.evolutionary_optimizers.parallel_archipelago:Evolution time 0:00:50.151400	 age 170	 fitness 1.679e-01
Level 25:bingo.evolutionary_optimizers.evolutionary_optimizer:Generation: 100 	 Elapsed time: 0:05:49.297277 	 Best training fitness: 1.678920e-01 	 
Level 25:bingo.evolutionary_optimizers.evolutionary_optimizer:100, 3.492973e+02, 736906, 1.678920e-01, 1.678151e-01, 1.681246e-01, 1.682935e-01, 1.683018e-01, 1.683358e-01
INFO:bingo.evolutionary_optimizers.parallel_archipelago:Evolution time 0:00:56.491287	 age 200	 fitness 1.178e-01
Level 25:bingo.evolutionary_optimizers.evolutionary_optimizer:Generation: 110 	 Elapsed time: 0:06:46.042853 	 Best training fitness: 1.178364e-01 	 
Level 25:bingo.evolutionary_optimizers.evolutionary_optimizer:110, 4.060429e+02, 831761, 1.178364e-01, 1.178364e-01, 1.682782e-01, 1.683233e-01
INFO:bingo.evolutionary_optimizers.parallel_archipelago:Evolution time 0:00:45.705807	 age 210	 fitness 5.869e-02
Level 25:bingo.evolutionary_optimizers.evolutionary_optimizer:Generation: 120 	 Elapsed time: 0:07:32.000608 	 Best training fitness: 5.869494e-02 	 
Level 25:bingo.evolutionary_optimizers.evolutionary_optimizer:120, 4.520006e+02, 915317, 5.869494e-02, 5.869494e-02, 1.682782e-01, 1.683233e-01
INFO:bingo.evolutionary_optimizers.parallel_archipelago:Evolution time 0:00:26.549594	 age 220	 fitness 1.973e-03
Level 25:bingo.evolutionary_optimizers.evolutionary_optimizer:Generation: 130 	 Elapsed time: 0:07:58.795778 	 Best training fitness: 1.972764e-03 	 
Level 25:bingo.evolutionary_optimizers.evolutionary_optimizer:130, 4.787958e+02, 978179, 1.972764e-03, 1.972764e-03, 5.745508e-02, 1.682782e-01, 1.683233e-01
INFO:bingo.evolutionary_optimizers.parallel_archipelago:Evolution time 0:00:34.181172	 age 230	 fitness 0.000e+00
Level 25:bingo.evolutionary_optimizers.evolutionary_optimizer:Generation: 140 	 Elapsed time: 0:08:33.222181 	 Best training fitness: 0.000000e+00 	 
Level 25:bingo.evolutionary_optimizers.evolutionary_optimizer:140, 5.132222e+02, 1054279, 0.000000e+00, 0.000000e+00, 1.682782e-01, 1.683233e-01
Level 25:bingo.evolutionary_optimizers.evolutionary_optimizer:Evolution successfully converged.
Level 25:bingo.evolutionary_optimizers.evolutionary_optimizer:  Absolte convergence occurred with best fitness < 1e-10
Level 25:bingo.evolutionary_optimizers.evolutionary_optimizer:Hall of Fame:
0.0	7	sin(log((X_1)(X_1) + (X_0)(X_0)))
0.16827819488771745	5	sin(log(-0.099678 + -0.099678 + -0.099678))
0.16832330807334264	1	-0.933058
