:::TRIAL ML_project_1:::
BINGO PARAMS:
  --GENERAL--
  NUMBER OF CPUS = 1
  --CONVERGENCE--
  MAX GENERATIONS = 100000
  ABSOLUTE FITNESS TOLERANCE = 0.000000
  STAGNATION GENERATIONS = 500000
  CONVERGENCE CHECK FREQUENCY = 1000
  --EQUATIONS--
  TOTAL EQUATION POPULATION SIZE = 128
  EQUATION POPULATION PER CPU = 128
  EQUATION STACK SIZE = 1000
  EQUATION OPERATORS = [+, -, *, /]
  --FITNESS PREDICTORS--
  PREDICTOR POPULATION PER CPU = 32
  PREDICTOR SIZE RATIO = 0.050000
  PREDICTOR COMP RATIO = 0.100000
  --EVOLUTIONARY ALGORITHM--
  ALGORITHM = Age-Fitness
  MUTATION RATE = 0.010000
  CROSSOVER RATE = 0.750000
DATA PARAMS:
  DATA FILE = /uufs/chpc.utah.edu/common/home/u0871364/ML_project/midterm/circle_even1000_1.hdf5
  STEPPING THROUGH DATA AT STRIDES OF = 1
  DATA COLUMNS = [x^1, y^1, x^2, y^2]

Saving checkpoint: ML_project_1_0.pkl
Saved successfully
Generation: 0 	 Elapsed time: 0:00:01.714192 	 Best training fitness: 2.690143e-01 	 
Hall of Fame:

Performing migration between Islands
Evolution time 0:17:28.594903	 age 1000	 fitness 1.336e-14
Saving checkpoint: ML_project_1_1000.pkl
Saved successfully
Generation: 1000 	 Elapsed time: 0:17:30.435923 	 Best training fitness: 1.335878e-14 	 
Hall of Fame:
1.3358777728998148e-14	24	(X_3 - (X_2 - (-9063240946368780.000000 - (X_3))) - (-9063240946368780.000000 - (X_3) + (X_2 - (-9063240946368780.000000 - (X_3)))(-9063240946368780.000000 - (X_3))) + (X_2 - (-9063240946368780.000000 - (X_3)))(-9063240946368780.000000 - (X_3)) - (((((X_3)(-9063240946368780.000000))/(-9063240946368780.000000 - (X_3)))(((X_3)/((X_3)(-9063240946368780.000000)))/(-9063240946368780.000000 - (X_3)) - (X_2)))/(X_0)) + -9063240946368780.000000 - (X_3) + (X_2 - (-9063240946368780.000000 - (X_3)))(-9063240946368780.000000 - (X_3)))(X_2 - (-9063240946368824.000000))
1.0	1	X_2
Performing migration between Islands
Evolution time 0:18:50.978858	 age 2000	 fitness 1.142e-13
Saving checkpoint: ML_project_1_2000.pkl
Saved successfully
Generation: 2000 	 Elapsed time: 0:36:21.548975 	 Best training fitness: 1.141762e-13 	 
Hall of Fame:
1.3289405222181233e-14	44	((-1149561187683057.000000)((-1149561187683057.000000)(-1149561187683057.000000)) + (-1149561187683057.000000)(-1149561187683057.000000) - ((-1149561187683057.000000)(-1149561187683057.000000)) + ((-1149561187683057.000000)((-1149561187683057.000000)(-1149561187683057.000000)))/((-1149561187683057.000000)((-1149561187683057.000000)(-1149561187683057.000000))) - (((((-1149561187683057.000000)(-1149561187683057.000000))(-1149561187683057.000000))((-1149561187683057.000000)(-1149561187683057.000000)))/((-1149561187683057.000000)((-1149561187683057.000000)(-1149561187683057.000000))) + (((-1149561187683057.000000)(-1149561187683057.000000))(-1149561187683057.000000))((-1149561187683057.000000)(-1149561187683057.000000))) + -541983069690757.750000 - (((((((-1149561187683057.000000)(-1149561187683057.000000))(-1149561187683057.000000))((-1149561187683057.000000)(-1149561187683057.000000)))/((-1149561187683057.000000)((-1149561187683057.000000)(-1149561187683057.000000))))(((-1149561187683057.000000)(-1149561187683057.000000))(-1149561187683057.000000)))(-1149561187683057.000000)) + X_2 - ((((-1149561187683057.000000)(-1149561187683057.000000))/((-1149561187683057.000000)((-1149561187683057.000000)(-1149561187683057.000000))) - ((((-1149561187683057.000000)((-1149561187683057.000000)(-1149561187683057.000000)))/((-1149561187683057.000000)((-1149561187683057.000000)(-1149561187683057.000000))) + (-1149561187683057.000000)(-1149561187683057.000000))/((((-1149561187683057.000000)(-1149561187683057.000000))(-1149561187683057.000000))((-1149561187683057.000000)(-1149561187683057.000000)))) - ((-1149561187683057.000000)((-1149561187683057.000000)(-1149561187683057.000000)) + (-1149561187683057.000000)(-1149561187683057.000000) - ((-1149561187683057.000000)(-1149561187683057.000000)) + ((-1149561187683057.000000)((-1149561187683057.000000)(-1149561187683057.000000)))/((-1149561187683057.000000)((-1149561187683057.000000)(-1149561187683057.000000)))))/((((((-1149561187683057.000000)(-1149561187683057.000000))(-1149561187683057.000000))((-1149561187683057.000000)(-1149561187683057.000000)))/((-1149561187683057.000000)((-1149561187683057.000000)(-1149561187683057.000000))) + (-1149561187683057.000000)(-1149561187683057.000000))((-1149561187683057.000000)(-1149561187683057.000000) - ((-1149561187683057.000000)(-1149561187683057.000000)) - (((-1149561187683057.000000)((-1149561187683057.000000)(-1149561187683057.000000)))/((-1149561187683057.000000)((-1149561187683057.000000)(-1149561187683057.000000))))))))/(((-1149561187683057.000000)(-1149561187683057.000000) - ((-1149561187683057.000000)(-1149561187683057.000000)) + ((-1149561187683057.000000)((-1149561187683057.000000)(-1149561187683057.000000)))/((-1149561187683057.000000)((-1149561187683057.000000)(-1149561187683057.000000))))(((((-1149561187683057.000000)((-1149561187683057.000000)(-1149561187683057.000000)))/((-1149561187683057.000000)((-1149561187683057.000000)(-1149561187683057.000000))) + (-1149561187683057.000000)(-1149561187683057.000000))/((((-1149561187683057.000000)(-1149561187683057.000000))(-1149561187683057.000000))((-1149561187683057.000000)(-1149561187683057.000000))))/(((-1149561187683057.000000)((-1149561187683057.000000)(-1149561187683057.000000)))/((-1149561187683057.000000)((-1149561187683057.000000)(-1149561187683057.000000))) + (-1149561187683057.000000)(-1149561187683057.000000))) - ((((-1149561187683057.000000)((-1149561187683057.000000)(-1149561187683057.000000)))((-1149561187683057.000000)(-1149561187683057.000000)))/(X_3 + (-1149561187683057.000000)((-1149561187683057.000000)(-1149561187683057.000000))) - ((((-1149561187683057.000000)(-1149561187683057.000000))(-1149561187683057.000000) + -1149561187683057.000000)(((((-1149561187683057.000000)(-1149561187683057.000000))(-1149561187683057.000000))((-1149561187683057.000000)(-1149561187683057.000000)))/((-1149561187683057.000000)((-1149561187683057.000000)(-1149561187683057.000000))))) - (2419478125795251.000000)))
1.3358777728998148e-14	24	(X_3 - (X_2 - (-9063240946368780.000000 - (X_3))) - (-9063240946368780.000000 - (X_3) + (X_2 - (-9063240946368780.000000 - (X_3)))(-9063240946368780.000000 - (X_3))) + (X_2 - (-9063240946368780.000000 - (X_3)))(-9063240946368780.000000 - (X_3)) - (((((X_3)(-9063240946368780.000000))/(-9063240946368780.000000 - (X_3)))(((X_3)/((X_3)(-9063240946368780.000000)))/(-9063240946368780.000000 - (X_3)) - (X_2)))/(X_0)) + -9063240946368780.000000 - (X_3) + (X_2 - (-9063240946368780.000000 - (X_3)))(-9063240946368780.000000 - (X_3)))(X_2 - (-9063240946368824.000000))
0.718848601077178	10	(-9384.200443)(X_2 + X_0 - (((X_0)/(X_0) - (X_0))/((X_0)/((X_0)/(X_0)))))
1.0	1	X_2
Performing migration between Islands
Evolution time 0:18:13.301015	 age 3000	 fitness 1.329e-14
Saving checkpoint: ML_project_1_3000.pkl
Saved successfully
Generation: 3000 	 Elapsed time: 0:54:35.095062 	 Best training fitness: 1.328570e-14 	 
Hall of Fame:
1.3284096543053993e-14	3	X_2 + X_3
1.0	1	X_2
Performing migration between Islands
Evolution time 0:16:11.681370	 age 4000	 fitness 3.103e-14
Saving checkpoint: ML_project_1_4000.pkl
Saved successfully
Generation: 4000 	 Elapsed time: 1:10:46.898604 	 Best training fitness: 3.103421e-14 	 
Hall of Fame:
1.3284096543053993e-14	3	X_2 + X_3
1.0	1	X_2
Performing migration between Islands
Evolution time 0:14:10.724467	 age 5000	 fitness 1.494e-14
Saving checkpoint: ML_project_1_5000.pkl
Saved successfully
Generation: 5000 	 Elapsed time: 1:24:57.752775 	 Best training fitness: 1.493683e-14 	 
Hall of Fame:
1.3284096543053993e-14	3	X_2 + X_3
1.0	1	X_2
Performing migration between Islands
Evolution time 0:17:42.838624	 age 6000	 fitness 1.330e-14
Saving checkpoint: ML_project_1_6000.pkl
Saved successfully
Generation: 6000 	 Elapsed time: 1:42:41.995134 	 Best training fitness: 1.330098e-14 	 
Hall of Fame:
1.3284096543053993e-14	3	X_2 + X_3
1.0	1	X_2
Performing migration between Islands
Evolution time 0:15:29.275454	 age 7000	 fitness 4.853e-14
Saving checkpoint: ML_project_1_7000.pkl
Saved successfully
Generation: 7000 	 Elapsed time: 1:58:11.606387 	 Best training fitness: 4.852846e-14 	 
Hall of Fame:
1.3284096543053993e-14	3	X_2 + X_3
1.0	1	X_2
Performing migration between Islands
Evolution time 0:16:03.205859	 age 8000	 fitness 0.000e+00
Saving checkpoint: ML_project_1_8000.pkl
Saved successfully
Generation: 8000 	 Elapsed time: 2:14:14.975942 	 Best training fitness: 0.000000e+00 	 
Hall of Fame:
0.0	70	(((-6495280043051733.000000)(-6495280043051733.000000))(-6495280043051733.000000) - ((X_3 + X_2)/((-6495280043051733.000000)(-6495280043051733.000000) + ((-6495280043051733.000000)(-6495280043051733.000000))(-6495280043051733.000000) + (-6495280043051733.000000)(-6495280043051733.000000))))/((((-6495280043051733.000000)(-6495280043051733.000000) + ((-6495280043051733.000000)(-6495280043051733.000000))(-6495280043051733.000000) + (-6495280043051733.000000)(-6495280043051733.000000) + -6495280043051733.000000 + X_2 - (-6495280043051733.000000) - ((672774146359875.875000 - ((-6495280043051733.000000)(-6495280043051733.000000) + ((-6495280043051733.000000)(-6495280043051733.000000))(-6495280043051733.000000) + (-6495280043051733.000000)(-6495280043051733.000000) - (X_2 + (-6495280043051733.000000)(-6495280043051733.000000)) - ((X_1)(672774146359875.875000))))/((-6495280043051733.000000)(-6495280043051733.000000))))(((-6495280043051733.000000)(-6495280043051733.000000) + ((-6495280043051733.000000)(-6495280043051733.000000))(-6495280043051733.000000) + (-6495280043051733.000000)(-6495280043051733.000000) + -6495280043051733.000000 + X_2)/(((672774146359875.875000)/((-6495280043051733.000000)(-6495280043051733.000000) + ((-6495280043051733.000000)(-6495280043051733.000000))(-6495280043051733.000000) + (-6495280043051733.000000)(-6495280043051733.000000) - (X_1)))/(-4687798287873091.000000))))((X_3 + X_2 + X_3 + X_2 + X_3 + (-6495280043051733.000000)(-6495280043051733.000000) + ((-6495280043051733.000000)(-6495280043051733.000000))(-6495280043051733.000000) + X_2 - ((X_3 + X_2 - (X_3 + X_2 + X_2 + (-6495280043051733.000000)(-6495280043051733.000000)))/((X_3 + X_2)/((-6495280043051733.000000)(-6495280043051733.000000) + ((-6495280043051733.000000)(-6495280043051733.000000))(-6495280043051733.000000) + (-6495280043051733.000000)(-6495280043051733.000000)))) + (-6495280043051733.000000)(-6495280043051733.000000) + ((-6495280043051733.000000)(-6495280043051733.000000))(-6495280043051733.000000) + (-6495280043051733.000000)(-6495280043051733.000000) - (X_2 + (-6495280043051733.000000)(-6495280043051733.000000)) - ((X_1)(672774146359875.875000)))/(((672774146359875.875000)/((-6495280043051733.000000)(-6495280043051733.000000) + ((-6495280043051733.000000)(-6495280043051733.000000))(-6495280043051733.000000) + (-6495280043051733.000000)(-6495280043051733.000000) - (X_1)))/(-4687798287873091.000000)) + (((X_3 + X_2)/((-6495280043051733.000000)(-6495280043051733.000000) + ((-6495280043051733.000000)(-6495280043051733.000000))(-6495280043051733.000000) + (-6495280043051733.000000)(-6495280043051733.000000)))((X_3 + X_2 - ((-6495280043051733.000000)(-6495280043051733.000000) + ((-6495280043051733.000000)(-6495280043051733.000000))(-6495280043051733.000000)))((X_3 + X_2)/((-6495280043051733.000000)(-6495280043051733.000000) + ((-6495280043051733.000000)(-6495280043051733.000000))(-6495280043051733.000000) + (-6495280043051733.000000)(-6495280043051733.000000)))) + X_3 + X_2 + (-6495280043051733.000000)(-6495280043051733.000000))/(((X_3 - (X_2 + (-6495280043051733.000000)(-6495280043051733.000000)))/(-6495280043051733.000000 + X_2))(X_3 - (((-6495280043051733.000000)(-6495280043051733.000000))(-6495280043051733.000000) + X_3 - (X_2 + (-6495280043051733.000000)(-6495280043051733.000000))))) + (X_3 + X_2 + X_3 + X_2 + X_3 + (-6495280043051733.000000)(-6495280043051733.000000) + ((-6495280043051733.000000)(-6495280043051733.000000))(-6495280043051733.000000) + X_2 - ((X_3 + X_2 - (X_3 + X_2 + X_2 + (-6495280043051733.000000)(-6495280043051733.000000)))/((X_3 + X_2)/((-6495280043051733.000000)(-6495280043051733.000000) + ((-6495280043051733.000000)(-6495280043051733.000000))(-6495280043051733.000000) + (-6495280043051733.000000)(-6495280043051733.000000)))) + X_3 - (((-6495280043051733.000000)(-6495280043051733.000000))(-6495280043051733.000000) + X_3 - (X_2 + (-6495280043051733.000000)(-6495280043051733.000000))))(-6495280043051733.000000 + X_2 - (X_1)) + ((-6495280043051733.000000)(-6495280043051733.000000) + ((-6495280043051733.000000)(-6495280043051733.000000))(-6495280043051733.000000) + (-6495280043051733.000000)(-6495280043051733.000000))((X_3 + X_2)/(((-6495280043051733.000000)(-6495280043051733.000000))(-6495280043051733.000000))) + ((X_3 + X_2)/(((-6495280043051733.000000)(-6495280043051733.000000))(-6495280043051733.000000)))/(X_2 + (-6495280043051733.000000)(-6495280043051733.000000)) + (X_3 + X_2)/((-6495280043051733.000000)(-6495280043051733.000000) + ((-6495280043051733.000000)(-6495280043051733.000000))(-6495280043051733.000000) + (-6495280043051733.000000)(-6495280043051733.000000)) + X_3 + X_2 - ((-6495280043051733.000000)(-6495280043051733.000000) + ((-6495280043051733.000000)(-6495280043051733.000000))(-6495280043051733.000000))) + (-6495280043051733.000000)(-6495280043051733.000000) + ((-6495280043051733.000000)(-6495280043051733.000000))(-6495280043051733.000000) + (-6495280043051733.000000)(-6495280043051733.000000) + (-6495280043051733.000000)(-6495280043051733.000000) + ((-6495280043051733.000000)(-6495280043051733.000000))(-6495280043051733.000000) + (-6495280043051733.000000)(-6495280043051733.000000) - (672774146359875.875000) + (X_3 - (X_2 + (-6495280043051733.000000)(-6495280043051733.000000)))/(-6495280043051733.000000 + X_2))
1.3284096543053993e-14	3	X_2 + X_3
1.0	1	X_2
Evolution successfully converged.
  Absolte convergence occurred with best fitness < 1e-20
Hall of Fame:
0.0	70	(((-6495280043051733.000000)(-6495280043051733.000000))(-6495280043051733.000000) - ((X_3 + X_2)/((-6495280043051733.000000)(-6495280043051733.000000) + ((-6495280043051733.000000)(-6495280043051733.000000))(-6495280043051733.000000) + (-6495280043051733.000000)(-6495280043051733.000000))))/((((-6495280043051733.000000)(-6495280043051733.000000) + ((-6495280043051733.000000)(-6495280043051733.000000))(-6495280043051733.000000) + (-6495280043051733.000000)(-6495280043051733.000000) + -6495280043051733.000000 + X_2 - (-6495280043051733.000000) - ((672774146359875.875000 - ((-6495280043051733.000000)(-6495280043051733.000000) + ((-6495280043051733.000000)(-6495280043051733.000000))(-6495280043051733.000000) + (-6495280043051733.000000)(-6495280043051733.000000) - (X_2 + (-6495280043051733.000000)(-6495280043051733.000000)) - ((X_1)(672774146359875.875000))))/((-6495280043051733.000000)(-6495280043051733.000000))))(((-6495280043051733.000000)(-6495280043051733.000000) + ((-6495280043051733.000000)(-6495280043051733.000000))(-6495280043051733.000000) + (-6495280043051733.000000)(-6495280043051733.000000) + -6495280043051733.000000 + X_2)/(((672774146359875.875000)/((-6495280043051733.000000)(-6495280043051733.000000) + ((-6495280043051733.000000)(-6495280043051733.000000))(-6495280043051733.000000) + (-6495280043051733.000000)(-6495280043051733.000000) - (X_1)))/(-4687798287873091.000000))))((X_3 + X_2 + X_3 + X_2 + X_3 + (-6495280043051733.000000)(-6495280043051733.000000) + ((-6495280043051733.000000)(-6495280043051733.000000))(-6495280043051733.000000) + X_2 - ((X_3 + X_2 - (X_3 + X_2 + X_2 + (-6495280043051733.000000)(-6495280043051733.000000)))/((X_3 + X_2)/((-6495280043051733.000000)(-6495280043051733.000000) + ((-6495280043051733.000000)(-6495280043051733.000000))(-6495280043051733.000000) + (-6495280043051733.000000)(-6495280043051733.000000)))) + (-6495280043051733.000000)(-6495280043051733.000000) + ((-6495280043051733.000000)(-6495280043051733.000000))(-6495280043051733.000000) + (-6495280043051733.000000)(-6495280043051733.000000) - (X_2 + (-6495280043051733.000000)(-6495280043051733.000000)) - ((X_1)(672774146359875.875000)))/(((672774146359875.875000)/((-6495280043051733.000000)(-6495280043051733.000000) + ((-6495280043051733.000000)(-6495280043051733.000000))(-6495280043051733.000000) + (-6495280043051733.000000)(-6495280043051733.000000) - (X_1)))/(-4687798287873091.000000)) + (((X_3 + X_2)/((-6495280043051733.000000)(-6495280043051733.000000) + ((-6495280043051733.000000)(-6495280043051733.000000))(-6495280043051733.000000) + (-6495280043051733.000000)(-6495280043051733.000000)))((X_3 + X_2 - ((-6495280043051733.000000)(-6495280043051733.000000) + ((-6495280043051733.000000)(-6495280043051733.000000))(-6495280043051733.000000)))((X_3 + X_2)/((-6495280043051733.000000)(-6495280043051733.000000) + ((-6495280043051733.000000)(-6495280043051733.000000))(-6495280043051733.000000) + (-6495280043051733.000000)(-6495280043051733.000000)))) + X_3 + X_2 + (-6495280043051733.000000)(-6495280043051733.000000))/(((X_3 - (X_2 + (-6495280043051733.000000)(-6495280043051733.000000)))/(-6495280043051733.000000 + X_2))(X_3 - (((-6495280043051733.000000)(-6495280043051733.000000))(-6495280043051733.000000) + X_3 - (X_2 + (-6495280043051733.000000)(-6495280043051733.000000))))) + (X_3 + X_2 + X_3 + X_2 + X_3 + (-6495280043051733.000000)(-6495280043051733.000000) + ((-6495280043051733.000000)(-6495280043051733.000000))(-6495280043051733.000000) + X_2 - ((X_3 + X_2 - (X_3 + X_2 + X_2 + (-6495280043051733.000000)(-6495280043051733.000000)))/((X_3 + X_2)/((-6495280043051733.000000)(-6495280043051733.000000) + ((-6495280043051733.000000)(-6495280043051733.000000))(-6495280043051733.000000) + (-6495280043051733.000000)(-6495280043051733.000000)))) + X_3 - (((-6495280043051733.000000)(-6495280043051733.000000))(-6495280043051733.000000) + X_3 - (X_2 + (-6495280043051733.000000)(-6495280043051733.000000))))(-6495280043051733.000000 + X_2 - (X_1)) + ((-6495280043051733.000000)(-6495280043051733.000000) + ((-6495280043051733.000000)(-6495280043051733.000000))(-6495280043051733.000000) + (-6495280043051733.000000)(-6495280043051733.000000))((X_3 + X_2)/(((-6495280043051733.000000)(-6495280043051733.000000))(-6495280043051733.000000))) + ((X_3 + X_2)/(((-6495280043051733.000000)(-6495280043051733.000000))(-6495280043051733.000000)))/(X_2 + (-6495280043051733.000000)(-6495280043051733.000000)) + (X_3 + X_2)/((-6495280043051733.000000)(-6495280043051733.000000) + ((-6495280043051733.000000)(-6495280043051733.000000))(-6495280043051733.000000) + (-6495280043051733.000000)(-6495280043051733.000000)) + X_3 + X_2 - ((-6495280043051733.000000)(-6495280043051733.000000) + ((-6495280043051733.000000)(-6495280043051733.000000))(-6495280043051733.000000))) + (-6495280043051733.000000)(-6495280043051733.000000) + ((-6495280043051733.000000)(-6495280043051733.000000))(-6495280043051733.000000) + (-6495280043051733.000000)(-6495280043051733.000000) + (-6495280043051733.000000)(-6495280043051733.000000) + ((-6495280043051733.000000)(-6495280043051733.000000))(-6495280043051733.000000) + (-6495280043051733.000000)(-6495280043051733.000000) - (672774146359875.875000) + (X_3 - (X_2 + (-6495280043051733.000000)(-6495280043051733.000000)))/(-6495280043051733.000000 + X_2))
1.3284096543053993e-14	3	X_2 + X_3
1.0	1	X_2
:::TRIAL RESULT:::
OptimizeResult(success=True, status=0, message='Absolte convergence occurred with best fitness < 1e-20', ngen=8000, fitness=0.0, time=8054.977032, ea_diagnostics=EaDiagnosticsSummary(beneficial_crossover_rate=0.05277926506320488, detrimental_crossover_rate=0.6128288344228155, beneficial_mutation_rate=0.22828972317026924, detrimental_mutation_rate=0.6803185437997725, beneficial_crossover_mutation_rate=0.04780979454709911, detrimental_crossover_mutation_rate=0.6467243829952191))


