Level 25:bingo.evolutionary_optimizers.evolutionary_optimizer:#generational_age, elapsed_time, fitness_evaluation_count, current_training_fitness, hall_of_fame_fitnesses
Level 25:bingo.evolutionary_optimizers.evolutionary_optimizer:#generational_age, elapsed_time, fitness_evaluation_count, current_training_fitness, hall_of_fame_fitnesses
Level 25:bingo.evolutionary_optimizers.evolutionary_optimizer:Generation: 0 	 Elapsed time: 0:00:00.644252 	 Best training fitness: 2.580769e-01 	 
Level 25:bingo.evolutionary_optimizers.evolutionary_optimizer:0, 6.442520e-01, 27608, 2.580769e-01
INFO:bingo.evolutionary_optimizers.parallel_archipelago:Evolution time 0:00:11.707371	 age 20	 fitness 2.162e-01
Level 25:bingo.evolutionary_optimizers.evolutionary_optimizer:Generation: 10 	 Elapsed time: 0:00:12.553115 	 Best training fitness: 2.162463e-01 	 
Level 25:bingo.evolutionary_optimizers.evolutionary_optimizer:10, 1.255312e+01, 343717, 2.162463e-01, 2.162463e-01, 2.445719e-01, 2.445720e-01, 2.580769e-01, 2.989944e-01, 3.111924e-01, 3.441922e-01
INFO:bingo.evolutionary_optimizers.parallel_archipelago:Evolution time 0:00:04.056907	 age 30	 fitness 2.137e-01
Level 25:bingo.evolutionary_optimizers.evolutionary_optimizer:Generation: 20 	 Elapsed time: 0:00:16.843667 	 Best training fitness: 2.136511e-01 	 
Level 25:bingo.evolutionary_optimizers.evolutionary_optimizer:20, 1.684367e+01, 519367, 2.136511e-01, 2.136511e-01, 2.162463e-01, 2.182028e-01, 2.445719e-01, 2.445720e-01, 2.580769e-01, 2.989944e-01, 3.111924e-01, 3.441922e-01
INFO:bingo.evolutionary_optimizers.parallel_archipelago:Evolution time 0:00:11.162561	 age 40	 fitness 1.690e-01
Level 25:bingo.evolutionary_optimizers.evolutionary_optimizer:Generation: 30 	 Elapsed time: 0:00:28.228267 	 Best training fitness: 1.690157e-01 	 
Level 25:bingo.evolutionary_optimizers.evolutionary_optimizer:30, 2.822827e+01, 838238, 1.690157e-01, 1.690157e-01, 2.285532e-01, 2.445720e-01, 2.448511e-01, 2.580769e-01, 2.989944e-01, 3.111924e-01, 3.441922e-01, 3.441922e-01
INFO:bingo.evolutionary_optimizers.parallel_archipelago:Evolution time 0:00:04.695969	 age 50	 fitness 1.303e-01
Level 25:bingo.evolutionary_optimizers.evolutionary_optimizer:Generation: 40 	 Elapsed time: 0:00:33.143653 	 Best training fitness: 1.303016e-01 	 
Level 25:bingo.evolutionary_optimizers.evolutionary_optimizer:40, 3.314365e+01, 1072979, 1.303016e-01, 1.303016e-01, 1.690156e-01, 1.690157e-01, 2.285532e-01, 2.445720e-01, 2.448511e-01, 2.580769e-01, 2.989944e-01, 3.111924e-01, 3.441922e-01, 3.441922e-01
INFO:bingo.evolutionary_optimizers.parallel_archipelago:Evolution time 0:00:04.603721	 age 60	 fitness 1.459e-02
Level 25:bingo.evolutionary_optimizers.evolutionary_optimizer:Generation: 50 	 Elapsed time: 0:00:37.968107 	 Best training fitness: 1.458919e-02 	 
Level 25:bingo.evolutionary_optimizers.evolutionary_optimizer:50, 3.796811e+01, 1307665, 1.458919e-02, 1.458919e-02, 1.513405e-02, 1.690156e-01, 2.285532e-01, 2.445720e-01, 2.448511e-01, 2.580769e-01, 2.989944e-01, 3.111924e-01, 3.441922e-01, 3.441922e-01
INFO:bingo.evolutionary_optimizers.parallel_archipelago:Evolution time 0:00:09.560303	 age 70	 fitness 5.773e-17
Level 25:bingo.evolutionary_optimizers.evolutionary_optimizer:Generation: 60 	 Elapsed time: 0:00:47.749374 	 Best training fitness: 5.773160e-17 	 
Level 25:bingo.evolutionary_optimizers.evolutionary_optimizer:60, 4.774937e+01, 1557872, 5.773160e-17, 5.773160e-17, 2.448511e-01, 2.580769e-01, 2.989944e-01, 3.111924e-01, 3.441922e-01, 3.441922e-01
Level 25:bingo.evolutionary_optimizers.evolutionary_optimizer:Evolution successfully converged.
Level 25:bingo.evolutionary_optimizers.evolutionary_optimizer:  Absolte convergence occurred with best fitness < 1e-10
Level 25:bingo.evolutionary_optimizers.evolutionary_optimizer:Hall of Fame:
5.773159728050814e-17	8	sin(log((X_1)(X_1) + (X_0)(X_0)))
0.24485112551674992	7	sin(log((X_1)(X_0) + (X_1)(X_0) + (X_1)(X_0)))
0.2580769222049139	6	(-0.245668)(log((X_0)(X_1)))
0.2989944439801747	5	(-0.332305)(log(X_1 + X_1))
0.3111924468682273	4	(-0.434294)(log(X_1))
0.3441921894629212	2	log(0.404854)
0.34419218946292124	1	-0.904229
