Level 25:bingo.evolutionary_optimizers.evolutionary_optimizer:#generational_age, elapsed_time, fitness_evaluation_count, current_training_fitness, hall_of_fame_fitnesses
Level 25:bingo.evolutionary_optimizers.evolutionary_optimizer:#generational_age, elapsed_time, fitness_evaluation_count, current_training_fitness, hall_of_fame_fitnesses
Level 25:bingo.evolutionary_optimizers.evolutionary_optimizer:Generation: 0 	 Elapsed time: 0:00:00.583773 	 Best training fitness: 3.111924e-01 	 
Level 25:bingo.evolutionary_optimizers.evolutionary_optimizer:0, 5.837730e-01, 22372, 3.111924e-01
INFO:bingo.evolutionary_optimizers.parallel_archipelago:Evolution time 0:00:07.753868	 age 20	 fitness 2.424e-01
Level 25:bingo.evolutionary_optimizers.evolutionary_optimizer:Generation: 10 	 Elapsed time: 0:00:08.544618 	 Best training fitness: 2.423717e-01 	 
Level 25:bingo.evolutionary_optimizers.evolutionary_optimizer:10, 8.544618e+00, 250088, 2.423717e-01, 2.423717e-01, 2.970167e-01, 3.111924e-01, 3.441922e-01
INFO:bingo.evolutionary_optimizers.parallel_archipelago:Evolution time 0:00:05.506528	 age 30	 fitness 2.424e-01
Level 25:bingo.evolutionary_optimizers.evolutionary_optimizer:Generation: 20 	 Elapsed time: 0:00:14.262896 	 Best training fitness: 2.423717e-01 	 
Level 25:bingo.evolutionary_optimizers.evolutionary_optimizer:20, 1.426290e+01, 419692, 2.423717e-01, 2.423717e-01, 2.970166e-01, 3.004966e-01, 3.111924e-01, 3.441922e-01
INFO:bingo.evolutionary_optimizers.parallel_archipelago:Evolution time 0:00:05.535513	 age 40	 fitness 2.299e-01
Level 25:bingo.evolutionary_optimizers.evolutionary_optimizer:Generation: 30 	 Elapsed time: 0:00:20.049278 	 Best training fitness: 2.299126e-01 	 
Level 25:bingo.evolutionary_optimizers.evolutionary_optimizer:30, 2.004928e+01, 584886, 2.299126e-01, 2.299126e-01, 2.423717e-01, 2.970166e-01, 3.004966e-01, 3.111924e-01, 3.441922e-01
INFO:bingo.evolutionary_optimizers.parallel_archipelago:Evolution time 0:00:06.893258	 age 50	 fitness 2.092e-01
Level 25:bingo.evolutionary_optimizers.evolutionary_optimizer:Generation: 40 	 Elapsed time: 0:00:27.159118 	 Best training fitness: 2.091619e-01 	 
Level 25:bingo.evolutionary_optimizers.evolutionary_optimizer:40, 2.715912e+01, 763489, 2.091619e-01, 2.091619e-01, 2.423717e-01, 2.970166e-01, 3.004966e-01, 3.111924e-01, 3.441922e-01
INFO:bingo.evolutionary_optimizers.parallel_archipelago:Evolution time 0:00:10.855486	 age 60	 fitness 1.782e-01
Level 25:bingo.evolutionary_optimizers.evolutionary_optimizer:Generation: 50 	 Elapsed time: 0:00:38.235676 	 Best training fitness: 1.781541e-01 	 
Level 25:bingo.evolutionary_optimizers.evolutionary_optimizer:50, 3.823568e+01, 1020737, 1.781541e-01, 1.781541e-01, 1.848180e-01, 2.423717e-01, 2.968066e-01, 2.970166e-01, 3.004966e-01, 3.111924e-01, 3.441922e-01
INFO:bingo.evolutionary_optimizers.parallel_archipelago:Evolution time 0:00:03.517473	 age 70	 fitness 1.782e-01
Level 25:bingo.evolutionary_optimizers.evolutionary_optimizer:Generation: 60 	 Elapsed time: 0:00:41.969221 	 Best training fitness: 1.781541e-01 	 
Level 25:bingo.evolutionary_optimizers.evolutionary_optimizer:60, 4.196922e+01, 1152239, 1.781541e-01, 1.781541e-01, 1.848180e-01, 2.423717e-01, 2.968066e-01, 2.970166e-01, 3.004966e-01, 3.111924e-01, 3.441922e-01
INFO:bingo.evolutionary_optimizers.parallel_archipelago:Evolution time 0:00:05.943642	 age 80	 fitness 1.777e-01
Level 25:bingo.evolutionary_optimizers.evolutionary_optimizer:Generation: 70 	 Elapsed time: 0:00:48.123056 	 Best training fitness: 1.777121e-01 	 
Level 25:bingo.evolutionary_optimizers.evolutionary_optimizer:70, 4.812306e+01, 1316084, 1.777121e-01, 1.777121e-01, 1.848180e-01, 2.423717e-01, 2.470142e-01, 2.970166e-01, 3.004966e-01, 3.111924e-01, 3.441922e-01, 3.441922e-01
INFO:bingo.evolutionary_optimizers.parallel_archipelago:Evolution time 0:00:05.998403	 age 90	 fitness 1.690e-01
Level 25:bingo.evolutionary_optimizers.evolutionary_optimizer:Generation: 80 	 Elapsed time: 0:00:54.369566 	 Best training fitness: 1.690156e-01 	 
Level 25:bingo.evolutionary_optimizers.evolutionary_optimizer:80, 5.436957e+01, 1487121, 1.690156e-01, 1.690156e-01, 2.423717e-01, 2.470142e-01, 2.970166e-01, 3.004966e-01, 3.111924e-01, 3.441922e-01, 3.441922e-01
INFO:bingo.evolutionary_optimizers.parallel_archipelago:Evolution time 0:00:06.011222	 age 100	 fitness 1.690e-01
Level 25:bingo.evolutionary_optimizers.evolutionary_optimizer:Generation: 90 	 Elapsed time: 0:01:00.577891 	 Best training fitness: 1.690156e-01 	 
Level 25:bingo.evolutionary_optimizers.evolutionary_optimizer:90, 6.057789e+01, 1662505, 1.690156e-01, 1.690156e-01, 2.423717e-01, 2.470142e-01, 2.970166e-01, 2.989944e-01, 3.111924e-01, 3.441922e-01, 3.441922e-01
INFO:bingo.evolutionary_optimizers.parallel_archipelago:Evolution time 0:00:03.579916	 age 110	 fitness 1.690e-01
Level 25:bingo.evolutionary_optimizers.evolutionary_optimizer:Generation: 100 	 Elapsed time: 0:01:04.378520 	 Best training fitness: 1.690156e-01 	 
Level 25:bingo.evolutionary_optimizers.evolutionary_optimizer:100, 6.437852e+01, 1812118, 1.690156e-01, 1.690156e-01, 2.423717e-01, 2.470142e-01, 2.970166e-01, 2.989944e-01, 3.111924e-01, 3.441922e-01, 3.441922e-01
INFO:bingo.evolutionary_optimizers.parallel_archipelago:Evolution time 0:00:06.034508	 age 120	 fitness 1.690e-01
Level 25:bingo.evolutionary_optimizers.evolutionary_optimizer:Generation: 110 	 Elapsed time: 0:01:10.607981 	 Best training fitness: 1.690156e-01 	 
Level 25:bingo.evolutionary_optimizers.evolutionary_optimizer:110, 7.060798e+01, 1993422, 1.690156e-01, 1.690156e-01, 2.423717e-01, 2.470142e-01, 2.970166e-01, 2.989944e-01, 3.111924e-01, 3.441922e-01, 3.441922e-01
INFO:bingo.evolutionary_optimizers.parallel_archipelago:Evolution time 0:00:08.538622	 age 130	 fitness 1.690e-01
Level 25:bingo.evolutionary_optimizers.evolutionary_optimizer:Generation: 120 	 Elapsed time: 0:01:19.371863 	 Best training fitness: 1.690156e-01 	 
Level 25:bingo.evolutionary_optimizers.evolutionary_optimizer:120, 7.937186e+01, 2204314, 1.690156e-01, 1.690156e-01, 2.423717e-01, 2.470142e-01, 2.970166e-01, 2.989944e-01, 3.111924e-01, 3.441922e-01, 3.441922e-01
INFO:bingo.evolutionary_optimizers.parallel_archipelago:Evolution time 0:00:05.734344	 age 140	 fitness 1.690e-01
Level 25:bingo.evolutionary_optimizers.evolutionary_optimizer:Generation: 130 	 Elapsed time: 0:01:25.296048 	 Best training fitness: 1.690156e-01 	 
Level 25:bingo.evolutionary_optimizers.evolutionary_optimizer:130, 8.529605e+01, 2385236, 1.690156e-01, 1.690156e-01, 2.050289e-01, 2.470142e-01, 2.970166e-01, 2.989944e-01, 3.111924e-01, 3.441922e-01, 3.441922e-01
INFO:bingo.evolutionary_optimizers.parallel_archipelago:Evolution time 0:00:05.746158	 age 150	 fitness 1.690e-01
Level 25:bingo.evolutionary_optimizers.evolutionary_optimizer:Generation: 140 	 Elapsed time: 0:01:31.250364 	 Best training fitness: 1.690156e-01 	 
Level 25:bingo.evolutionary_optimizers.evolutionary_optimizer:140, 9.125036e+01, 2548721, 1.690156e-01, 1.690156e-01, 2.050289e-01, 2.470142e-01, 2.970166e-01, 2.989944e-01, 3.111924e-01, 3.441922e-01, 3.441922e-01
INFO:bingo.evolutionary_optimizers.parallel_archipelago:Evolution time 0:00:06.719745	 age 160	 fitness 1.690e-01
Level 25:bingo.evolutionary_optimizers.evolutionary_optimizer:Generation: 150 	 Elapsed time: 0:01:38.187636 	 Best training fitness: 1.690156e-01 	 
Level 25:bingo.evolutionary_optimizers.evolutionary_optimizer:150, 9.818764e+01, 2730265, 1.690156e-01, 1.690156e-01, 2.050289e-01, 2.470142e-01, 2.970166e-01, 2.989944e-01, 3.111924e-01, 3.441922e-01, 3.441922e-01
INFO:bingo.evolutionary_optimizers.parallel_archipelago:Evolution time 0:00:10.038366	 age 170	 fitness 1.690e-01
Level 25:bingo.evolutionary_optimizers.evolutionary_optimizer:Generation: 160 	 Elapsed time: 0:01:48.491306 	 Best training fitness: 1.690156e-01 	 
Level 25:bingo.evolutionary_optimizers.evolutionary_optimizer:160, 1.084913e+02, 2986296, 1.690156e-01, 1.690156e-01, 2.050289e-01, 2.470142e-01, 2.970166e-01, 2.989944e-01, 3.111924e-01, 3.441922e-01
INFO:bingo.evolutionary_optimizers.parallel_archipelago:Evolution time 0:00:07.102206	 age 180	 fitness 1.690e-01
Level 25:bingo.evolutionary_optimizers.evolutionary_optimizer:Generation: 170 	 Elapsed time: 0:01:55.814449 	 Best training fitness: 1.690156e-01 	 
Level 25:bingo.evolutionary_optimizers.evolutionary_optimizer:170, 1.158144e+02, 3180425, 1.690156e-01, 1.690156e-01, 2.050289e-01, 2.470142e-01, 2.970166e-01, 2.989944e-01, 3.111924e-01, 3.441922e-01
INFO:bingo.evolutionary_optimizers.parallel_archipelago:Evolution time 0:00:09.674017	 age 190	 fitness 1.690e-01
Level 25:bingo.evolutionary_optimizers.evolutionary_optimizer:Generation: 180 	 Elapsed time: 0:02:05.701934 	 Best training fitness: 1.690156e-01 	 
Level 25:bingo.evolutionary_optimizers.evolutionary_optimizer:180, 1.257019e+02, 3409119, 1.690156e-01, 1.690156e-01, 2.050289e-01, 2.470142e-01, 2.970166e-01, 2.989944e-01, 3.111924e-01, 3.441922e-01
INFO:bingo.evolutionary_optimizers.parallel_archipelago:Evolution time 0:00:09.746275	 age 200	 fitness 1.690e-01
Level 25:bingo.evolutionary_optimizers.evolutionary_optimizer:Generation: 190 	 Elapsed time: 0:02:15.707942 	 Best training fitness: 1.690156e-01 	 
Level 25:bingo.evolutionary_optimizers.evolutionary_optimizer:190, 1.357079e+02, 3629880, 1.690156e-01, 1.690156e-01, 2.050289e-01, 2.470142e-01, 2.970166e-01, 2.989944e-01, 3.111924e-01, 3.441922e-01
INFO:bingo.evolutionary_optimizers.parallel_archipelago:Evolution time 0:00:06.379178	 age 210	 fitness 1.690e-01
Level 25:bingo.evolutionary_optimizers.evolutionary_optimizer:Generation: 200 	 Elapsed time: 0:02:22.311828 	 Best training fitness: 1.690156e-01 	 
Level 25:bingo.evolutionary_optimizers.evolutionary_optimizer:200, 1.423118e+02, 3811196, 1.690156e-01, 1.690156e-01, 2.050289e-01, 2.470142e-01, 2.970166e-01, 2.989944e-01, 3.111924e-01, 3.441922e-01
INFO:bingo.evolutionary_optimizers.parallel_archipelago:Evolution time 0:00:06.660875	 age 220	 fitness 1.690e-01
Level 25:bingo.evolutionary_optimizers.evolutionary_optimizer:Generation: 210 	 Elapsed time: 0:02:29.192673 	 Best training fitness: 1.690156e-01 	 
Level 25:bingo.evolutionary_optimizers.evolutionary_optimizer:210, 1.491927e+02, 3986093, 1.690156e-01, 1.690156e-01, 2.050289e-01, 2.470142e-01, 2.970166e-01, 2.989944e-01, 3.111924e-01, 3.441922e-01
INFO:bingo.evolutionary_optimizers.parallel_archipelago:Evolution time 0:00:06.733070	 age 240	 fitness 1.690e-01
Level 25:bingo.evolutionary_optimizers.evolutionary_optimizer:Generation: 220 	 Elapsed time: 0:02:36.137276 	 Best training fitness: 1.690156e-01 	 
Level 25:bingo.evolutionary_optimizers.evolutionary_optimizer:220, 1.561373e+02, 4170711, 1.690156e-01, 1.690156e-01, 2.050289e-01, 2.470142e-01, 2.970166e-01, 2.989944e-01, 3.111924e-01, 3.441922e-01
INFO:bingo.evolutionary_optimizers.parallel_archipelago:Evolution time 0:00:09.788449	 age 250	 fitness 1.690e-01
Level 25:bingo.evolutionary_optimizers.evolutionary_optimizer:Generation: 230 	 Elapsed time: 0:02:46.178159 	 Best training fitness: 1.690156e-01 	 
Level 25:bingo.evolutionary_optimizers.evolutionary_optimizer:230, 1.661782e+02, 4382006, 1.690156e-01, 1.690156e-01, 2.050289e-01, 2.470142e-01, 2.970166e-01, 2.989944e-01, 3.111924e-01, 3.441922e-01
INFO:bingo.evolutionary_optimizers.parallel_archipelago:Evolution time 0:00:06.607353	 age 270	 fitness 1.690e-01
Level 25:bingo.evolutionary_optimizers.evolutionary_optimizer:Generation: 240 	 Elapsed time: 0:02:52.982647 	 Best training fitness: 1.690156e-01 	 
Level 25:bingo.evolutionary_optimizers.evolutionary_optimizer:240, 1.729826e+02, 4560836, 1.690156e-01, 1.690156e-01, 2.050289e-01, 2.470142e-01, 2.970166e-01, 2.989944e-01, 3.111924e-01, 3.441922e-01
INFO:bingo.evolutionary_optimizers.parallel_archipelago:Evolution time 0:00:06.921485	 age 280	 fitness 1.690e-01
Level 25:bingo.evolutionary_optimizers.evolutionary_optimizer:Generation: 250 	 Elapsed time: 0:03:00.106772 	 Best training fitness: 1.690156e-01 	 
Level 25:bingo.evolutionary_optimizers.evolutionary_optimizer:250, 1.801068e+02, 4759916, 1.690156e-01, 1.690156e-01, 2.050289e-01, 2.470142e-01, 2.970166e-01, 2.989944e-01, 3.111924e-01, 3.441922e-01
INFO:bingo.evolutionary_optimizers.parallel_archipelago:Evolution time 0:00:09.490070	 age 290	 fitness 1.690e-01
Level 25:bingo.evolutionary_optimizers.evolutionary_optimizer:Generation: 260 	 Elapsed time: 0:03:09.827124 	 Best training fitness: 1.690156e-01 	 
Level 25:bingo.evolutionary_optimizers.evolutionary_optimizer:260, 1.898271e+02, 4958424, 1.690156e-01, 1.690156e-01, 2.050289e-01, 2.470142e-01, 2.970166e-01, 2.989944e-01, 3.111924e-01, 3.441922e-01
INFO:bingo.evolutionary_optimizers.parallel_archipelago:Evolution time 0:00:04.214575	 age 300	 fitness 1.690e-01
Level 25:bingo.evolutionary_optimizers.evolutionary_optimizer:Generation: 270 	 Elapsed time: 0:03:14.239870 	 Best training fitness: 1.690156e-01 	 
Level 25:bingo.evolutionary_optimizers.evolutionary_optimizer:270, 1.942399e+02, 5117394, 1.690156e-01, 1.690156e-01, 2.050289e-01, 2.470142e-01, 2.970166e-01, 2.989944e-01, 3.111924e-01, 3.441922e-01
INFO:bingo.evolutionary_optimizers.parallel_archipelago:Evolution time 0:00:06.471294	 age 310	 fitness 1.690e-01
Level 25:bingo.evolutionary_optimizers.evolutionary_optimizer:Generation: 280 	 Elapsed time: 0:03:20.931445 	 Best training fitness: 1.690156e-01 	 
Level 25:bingo.evolutionary_optimizers.evolutionary_optimizer:280, 2.009314e+02, 5288288, 1.690156e-01, 1.690156e-01, 2.050289e-01, 2.470142e-01, 2.970166e-01, 2.989944e-01, 3.111924e-01, 3.441922e-01
INFO:bingo.evolutionary_optimizers.parallel_archipelago:Evolution time 0:00:06.621594	 age 320	 fitness 1.690e-01
Level 25:bingo.evolutionary_optimizers.evolutionary_optimizer:Generation: 290 	 Elapsed time: 0:03:27.778446 	 Best training fitness: 1.690156e-01 	 
Level 25:bingo.evolutionary_optimizers.evolutionary_optimizer:290, 2.077784e+02, 5474075, 1.690156e-01, 1.690156e-01, 2.050289e-01, 2.470142e-01, 2.970166e-01, 2.989944e-01, 3.111924e-01, 3.441922e-01
INFO:bingo.evolutionary_optimizers.parallel_archipelago:Evolution time 0:00:06.664181	 age 340	 fitness 1.690e-01
Level 25:bingo.evolutionary_optimizers.evolutionary_optimizer:Generation: 300 	 Elapsed time: 0:03:34.666437 	 Best training fitness: 1.690156e-01 	 
Level 25:bingo.evolutionary_optimizers.evolutionary_optimizer:300, 2.146664e+02, 5658406, 1.690156e-01, 1.690156e-01, 2.050289e-01, 2.181748e-01, 2.970166e-01, 2.989944e-01, 3.111924e-01, 3.441922e-01
INFO:bingo.evolutionary_optimizers.parallel_archipelago:Evolution time 0:00:03.813022	 age 350	 fitness 1.690e-01
Level 25:bingo.evolutionary_optimizers.evolutionary_optimizer:Generation: 310 	 Elapsed time: 0:03:38.674960 	 Best training fitness: 1.690156e-01 	 
Level 25:bingo.evolutionary_optimizers.evolutionary_optimizer:310, 2.186750e+02, 5810957, 1.690156e-01, 1.690156e-01, 2.050289e-01, 2.181748e-01, 2.580769e-01, 2.989944e-01, 3.111924e-01, 3.441922e-01
INFO:bingo.evolutionary_optimizers.parallel_archipelago:Evolution time 0:00:06.582171	 age 360	 fitness 1.690e-01
Level 25:bingo.evolutionary_optimizers.evolutionary_optimizer:Generation: 320 	 Elapsed time: 0:03:45.458046 	 Best training fitness: 1.690156e-01 	 
Level 25:bingo.evolutionary_optimizers.evolutionary_optimizer:320, 2.254580e+02, 5988386, 1.690156e-01, 1.690156e-01, 2.050289e-01, 2.181748e-01, 2.580769e-01, 2.989944e-01, 3.111924e-01, 3.441922e-01
INFO:bingo.evolutionary_optimizers.parallel_archipelago:Evolution time 0:00:06.250617	 age 370	 fitness 1.690e-01
Level 25:bingo.evolutionary_optimizers.evolutionary_optimizer:Generation: 330 	 Elapsed time: 0:03:51.923686 	 Best training fitness: 1.690156e-01 	 
Level 25:bingo.evolutionary_optimizers.evolutionary_optimizer:330, 2.319237e+02, 6177203, 1.690156e-01, 1.690156e-01, 2.050289e-01, 2.181748e-01, 2.580769e-01, 2.989944e-01, 3.111924e-01, 3.441922e-01
INFO:bingo.evolutionary_optimizers.parallel_archipelago:Evolution time 0:00:06.206370	 age 390	 fitness 1.690e-01
Level 25:bingo.evolutionary_optimizers.evolutionary_optimizer:Generation: 340 	 Elapsed time: 0:03:58.327441 	 Best training fitness: 1.690156e-01 	 
Level 25:bingo.evolutionary_optimizers.evolutionary_optimizer:340, 2.383274e+02, 6357092, 1.690156e-01, 1.690156e-01, 2.050289e-01, 2.181748e-01, 2.580769e-01, 2.989944e-01, 3.111924e-01, 3.441922e-01
INFO:bingo.evolutionary_optimizers.parallel_archipelago:Evolution time 0:00:03.594457	 age 400	 fitness 1.690e-01
Level 25:bingo.evolutionary_optimizers.evolutionary_optimizer:Generation: 350 	 Elapsed time: 0:04:02.119142 	 Best training fitness: 1.690156e-01 	 
Level 25:bingo.evolutionary_optimizers.evolutionary_optimizer:350, 2.421191e+02, 6507546, 1.690156e-01, 1.690156e-01, 2.050289e-01, 2.181748e-01, 2.580769e-01, 2.989944e-01, 3.111924e-01, 3.441922e-01
INFO:bingo.evolutionary_optimizers.parallel_archipelago:Evolution time 0:00:07.106301	 age 410	 fitness 1.690e-01
Level 25:bingo.evolutionary_optimizers.evolutionary_optimizer:Generation: 360 	 Elapsed time: 0:04:09.433966 	 Best training fitness: 1.690156e-01 	 
Level 25:bingo.evolutionary_optimizers.evolutionary_optimizer:360, 2.494340e+02, 6735402, 1.690156e-01, 1.690156e-01, 2.050289e-01, 2.181748e-01, 2.580769e-01, 2.989944e-01, 3.111924e-01, 3.441922e-01
INFO:bingo.evolutionary_optimizers.parallel_archipelago:Evolution time 0:00:09.365125	 age 420	 fitness 1.690e-01
Level 25:bingo.evolutionary_optimizers.evolutionary_optimizer:Generation: 370 	 Elapsed time: 0:04:19.025056 	 Best training fitness: 1.690156e-01 	 
Level 25:bingo.evolutionary_optimizers.evolutionary_optimizer:370, 2.590251e+02, 6952782, 1.690156e-01, 1.690156e-01, 2.050289e-01, 2.181748e-01, 2.580769e-01, 2.989944e-01, 3.111924e-01, 3.441922e-01
INFO:bingo.evolutionary_optimizers.parallel_archipelago:Evolution time 0:00:06.464398	 age 440	 fitness 1.690e-01
Level 25:bingo.evolutionary_optimizers.evolutionary_optimizer:Generation: 380 	 Elapsed time: 0:04:25.691560 	 Best training fitness: 1.690156e-01 	 
Level 25:bingo.evolutionary_optimizers.evolutionary_optimizer:380, 2.656916e+02, 7128406, 1.690156e-01, 1.690156e-01, 2.050289e-01, 2.181748e-01, 2.580769e-01, 2.989944e-01, 3.111924e-01, 3.441922e-01
INFO:bingo.evolutionary_optimizers.parallel_archipelago:Evolution time 0:00:05.990160	 age 450	 fitness 1.690e-01
Level 25:bingo.evolutionary_optimizers.evolutionary_optimizer:Generation: 390 	 Elapsed time: 0:04:31.908260 	 Best training fitness: 1.690156e-01 	 
Level 25:bingo.evolutionary_optimizers.evolutionary_optimizer:390, 2.719083e+02, 7307828, 1.690156e-01, 1.690156e-01, 2.050289e-01, 2.181748e-01, 2.580769e-01, 2.989944e-01, 3.111924e-01, 3.441922e-01
INFO:bingo.evolutionary_optimizers.parallel_archipelago:Evolution time 0:00:06.778307	 age 460	 fitness 1.690e-01
Level 25:bingo.evolutionary_optimizers.evolutionary_optimizer:Generation: 400 	 Elapsed time: 0:04:38.904673 	 Best training fitness: 1.690156e-01 	 
Level 25:bingo.evolutionary_optimizers.evolutionary_optimizer:400, 2.789047e+02, 7489197, 1.690156e-01, 1.690156e-01, 2.050289e-01, 2.181748e-01, 2.580769e-01, 2.989944e-01, 3.111924e-01, 3.441922e-01
INFO:bingo.evolutionary_optimizers.parallel_archipelago:Evolution time 0:00:09.063497	 age 470	 fitness 1.690e-01
Level 25:bingo.evolutionary_optimizers.evolutionary_optimizer:Generation: 410 	 Elapsed time: 0:04:48.163094 	 Best training fitness: 1.690156e-01 	 
Level 25:bingo.evolutionary_optimizers.evolutionary_optimizer:410, 2.881631e+02, 7699215, 1.690156e-01, 1.690156e-01, 2.050289e-01, 2.181748e-01, 2.580769e-01, 2.989944e-01, 3.111924e-01, 3.441922e-01
INFO:bingo.evolutionary_optimizers.parallel_archipelago:Evolution time 0:00:09.359111	 age 480	 fitness 5.773e-17
Level 25:bingo.evolutionary_optimizers.evolutionary_optimizer:Generation: 420 	 Elapsed time: 0:04:57.721886 	 Best training fitness: 5.773160e-17 	 
Level 25:bingo.evolutionary_optimizers.evolutionary_optimizer:420, 2.977219e+02, 7915485, 5.773160e-17, 5.773160e-17, 2.050289e-01, 2.181748e-01, 2.580769e-01, 2.989944e-01, 3.111924e-01, 3.441922e-01
Level 25:bingo.evolutionary_optimizers.evolutionary_optimizer:Evolution successfully converged.
Level 25:bingo.evolutionary_optimizers.evolutionary_optimizer:  Absolte convergence occurred with best fitness < 1e-10
Level 25:bingo.evolutionary_optimizers.evolutionary_optimizer:Hall of Fame:
5.773159728050814e-17	9	sin(log((X_0)(X_0) + (X_1)(X_1)))
0.20502894898036858	8	(sin(log(log((X_0)(X_1)))))(-0.976905)
0.21817475683008078	7	(log(log((X_1)(X_0))))(-0.692585)
0.2580769222049084	6	(log((X_1)(X_0)))(-0.245668)
0.2989944439801716	5	(log(X_0 + X_0))(-0.332305)
0.3111924468682272	4	(log(X_0))(-0.434294)
0.3441921894629212	1	-0.904229
