Level 25:bingo.evolutionary_optimizers.evolutionary_optimizer:#generational_age, elapsed_time, fitness_evaluation_count, current_training_fitness, hall_of_fame_fitnesses
Level 25:bingo.evolutionary_optimizers.evolutionary_optimizer:#generational_age, elapsed_time, fitness_evaluation_count, current_training_fitness, hall_of_fame_fitnesses
Level 25:bingo.evolutionary_optimizers.evolutionary_optimizer:Generation: 0 	 Elapsed time: 0:00:00.541309 	 Best training fitness: 3.129083e-01 	 
Level 25:bingo.evolutionary_optimizers.evolutionary_optimizer:0, 5.413090e-01, 26756, 3.129083e-01
INFO:bingo.evolutionary_optimizers.parallel_archipelago:Evolution time 0:00:04.479643	 age 20	 fitness 2.580e-01
Level 25:bingo.evolutionary_optimizers.evolutionary_optimizer:Generation: 10 	 Elapsed time: 0:00:05.209049 	 Best training fitness: 2.579634e-01 	 
Level 25:bingo.evolutionary_optimizers.evolutionary_optimizer:10, 5.209049e+00, 235108, 2.579634e-01, 2.579634e-01, 2.966761e-01, 2.970430e-01, 2.989944e-01, 3.441922e-01
INFO:bingo.evolutionary_optimizers.parallel_archipelago:Evolution time 0:00:09.810094	 age 30	 fitness 1.691e-01
Level 25:bingo.evolutionary_optimizers.evolutionary_optimizer:Generation: 20 	 Elapsed time: 0:00:15.224365 	 Best training fitness: 1.691095e-01 	 
Level 25:bingo.evolutionary_optimizers.evolutionary_optimizer:20, 1.522437e+01, 429540, 1.691095e-01, 1.691095e-01, 1.979399e-01, 2.579634e-01, 2.966761e-01, 2.970430e-01, 2.989944e-01, 3.258522e-01, 3.441922e-01
INFO:bingo.evolutionary_optimizers.parallel_archipelago:Evolution time 0:00:08.979518	 age 40	 fitness 1.690e-01
Level 25:bingo.evolutionary_optimizers.evolutionary_optimizer:Generation: 30 	 Elapsed time: 0:00:24.431339 	 Best training fitness: 1.690156e-01 	 
Level 25:bingo.evolutionary_optimizers.evolutionary_optimizer:30, 2.443134e+01, 625355, 1.690156e-01, 1.690156e-01, 2.423717e-01, 2.989944e-01, 3.168287e-01, 3.441922e-01
INFO:bingo.evolutionary_optimizers.parallel_archipelago:Evolution time 0:00:07.961248	 age 50	 fitness 1.643e-01
Level 25:bingo.evolutionary_optimizers.evolutionary_optimizer:Generation: 40 	 Elapsed time: 0:00:32.569271 	 Best training fitness: 1.642532e-01 	 
Level 25:bingo.evolutionary_optimizers.evolutionary_optimizer:40, 3.256927e+01, 827348, 1.642532e-01, 1.642532e-01, 1.690156e-01, 2.423717e-01, 2.989944e-01, 3.168287e-01, 3.441922e-01
INFO:bingo.evolutionary_optimizers.parallel_archipelago:Evolution time 0:00:07.631394	 age 70	 fitness 1.485e-01
Level 25:bingo.evolutionary_optimizers.evolutionary_optimizer:Generation: 50 	 Elapsed time: 0:00:40.391380 	 Best training fitness: 1.484986e-01 	 
Level 25:bingo.evolutionary_optimizers.evolutionary_optimizer:50, 4.039138e+01, 1036578, 1.484986e-01, 1.484986e-01, 1.539135e-01, 1.539339e-01, 1.687250e-01, 1.689186e-01, 1.690156e-01, 2.423717e-01, 2.580769e-01, 2.989944e-01, 3.168287e-01, 3.441922e-01
INFO:bingo.evolutionary_optimizers.parallel_archipelago:Evolution time 0:00:09.569651	 age 90	 fitness 1.327e-01
Level 25:bingo.evolutionary_optimizers.evolutionary_optimizer:Generation: 60 	 Elapsed time: 0:00:50.181133 	 Best training fitness: 1.327170e-01 	 
Level 25:bingo.evolutionary_optimizers.evolutionary_optimizer:60, 5.018113e+01, 1319675, 1.327170e-01, 1.327170e-01, 1.356303e-01, 1.687250e-01, 1.689186e-01, 1.689862e-01, 1.690156e-01, 2.423717e-01, 2.580769e-01, 2.989944e-01, 3.111924e-01, 3.441922e-01
INFO:bingo.evolutionary_optimizers.parallel_archipelago:Evolution time 0:00:06.465663	 age 100	 fitness 1.327e-01
Level 25:bingo.evolutionary_optimizers.evolutionary_optimizer:Generation: 70 	 Elapsed time: 0:00:56.873114 	 Best training fitness: 1.327170e-01 	 
Level 25:bingo.evolutionary_optimizers.evolutionary_optimizer:70, 5.687311e+01, 1544459, 1.327170e-01, 1.327170e-01, 1.356089e-01, 1.687250e-01, 1.689186e-01, 1.689862e-01, 1.690156e-01, 2.099983e-01, 2.580769e-01, 2.977211e-01, 3.111924e-01, 3.441922e-01
INFO:bingo.evolutionary_optimizers.parallel_archipelago:Evolution time 0:00:15.502354	 age 110	 fitness 1.285e-01
Level 25:bingo.evolutionary_optimizers.evolutionary_optimizer:Generation: 80 	 Elapsed time: 0:01:12.581980 	 Best training fitness: 1.284612e-01 	 
Level 25:bingo.evolutionary_optimizers.evolutionary_optimizer:80, 7.258198e+01, 1854782, 1.284612e-01, 1.284612e-01, 1.292713e-01, 1.356089e-01, 1.591161e-01, 1.689862e-01, 1.690156e-01, 2.099983e-01, 2.448511e-01, 2.580769e-01, 2.977211e-01, 3.111924e-01, 3.441922e-01
INFO:bingo.evolutionary_optimizers.parallel_archipelago:Evolution time 0:00:09.777500	 age 120	 fitness 9.988e-02
Level 25:bingo.evolutionary_optimizers.evolutionary_optimizer:Generation: 90 	 Elapsed time: 0:01:22.621934 	 Best training fitness: 9.988085e-02 	 
Level 25:bingo.evolutionary_optimizers.evolutionary_optimizer:90, 8.262193e+01, 2109544, 9.988085e-02, 9.988085e-02, 1.316255e-01, 1.332545e-01, 1.591161e-01, 1.689862e-01, 1.690156e-01, 2.099983e-01, 2.448511e-01, 2.580769e-01, 2.977211e-01, 3.111924e-01, 3.441922e-01
INFO:bingo.evolutionary_optimizers.parallel_archipelago:Evolution time 0:00:09.453047	 age 130	 fitness 9.988e-02
Level 25:bingo.evolutionary_optimizers.evolutionary_optimizer:Generation: 100 	 Elapsed time: 0:01:32.307211 	 Best training fitness: 9.988085e-02 	 
Level 25:bingo.evolutionary_optimizers.evolutionary_optimizer:100, 9.230721e+01, 2380027, 9.988085e-02, 9.988085e-02, 1.275293e-01, 1.316255e-01, 1.332545e-01, 1.591161e-01, 1.689862e-01, 1.690156e-01, 2.099983e-01, 2.448511e-01, 2.580769e-01, 2.977211e-01, 3.111924e-01, 3.441922e-01
INFO:bingo.evolutionary_optimizers.parallel_archipelago:Evolution time 0:00:15.070747	 age 140	 fitness 9.988e-02
Level 25:bingo.evolutionary_optimizers.evolutionary_optimizer:Generation: 110 	 Elapsed time: 0:01:47.609896 	 Best training fitness: 9.988085e-02 	 
Level 25:bingo.evolutionary_optimizers.evolutionary_optimizer:110, 1.076099e+02, 2690085, 9.988085e-02, 9.988085e-02, 1.263644e-01, 1.332545e-01, 1.591161e-01, 1.689862e-01, 1.690156e-01, 2.099983e-01, 2.448511e-01, 2.580769e-01, 2.977211e-01, 3.111924e-01, 3.441922e-01
INFO:bingo.evolutionary_optimizers.parallel_archipelago:Evolution time 0:00:11.247080	 age 150	 fitness 9.988e-02
Level 25:bingo.evolutionary_optimizers.evolutionary_optimizer:Generation: 120 	 Elapsed time: 0:01:59.094344 	 Best training fitness: 9.988085e-02 	 
Level 25:bingo.evolutionary_optimizers.evolutionary_optimizer:120, 1.190943e+02, 2989996, 9.988085e-02, 9.988085e-02, 1.260827e-01, 1.332545e-01, 1.591161e-01, 1.689862e-01, 1.690156e-01, 2.099983e-01, 2.448511e-01, 2.580769e-01, 2.977211e-01, 3.111924e-01, 3.441922e-01
INFO:bingo.evolutionary_optimizers.parallel_archipelago:Evolution time 0:00:15.406609	 age 160	 fitness 9.988e-02
Level 25:bingo.evolutionary_optimizers.evolutionary_optimizer:Generation: 130 	 Elapsed time: 0:02:14.734462 	 Best training fitness: 9.988085e-02 	 
Level 25:bingo.evolutionary_optimizers.evolutionary_optimizer:130, 1.347345e+02, 3365066, 9.988085e-02, 9.988085e-02, 1.260827e-01, 1.332545e-01, 1.591161e-01, 1.689862e-01, 1.690156e-01, 2.099983e-01, 2.448511e-01, 2.580769e-01, 2.977211e-01, 3.111924e-01, 3.441922e-01
INFO:bingo.evolutionary_optimizers.parallel_archipelago:Evolution time 0:00:07.668930	 age 170	 fitness 9.988e-02
Level 25:bingo.evolutionary_optimizers.evolutionary_optimizer:Generation: 140 	 Elapsed time: 0:02:22.617226 	 Best training fitness: 9.988085e-02 	 
Level 25:bingo.evolutionary_optimizers.evolutionary_optimizer:140, 1.426172e+02, 3617972, 9.988085e-02, 9.988085e-02, 1.260827e-01, 1.332545e-01, 1.591161e-01, 1.689862e-01, 1.690156e-01, 2.099983e-01, 2.448511e-01, 2.580769e-01, 2.977211e-01, 3.111924e-01, 3.441922e-01
INFO:bingo.evolutionary_optimizers.parallel_archipelago:Evolution time 0:00:11.792346	 age 180	 fitness 9.499e-02
Level 25:bingo.evolutionary_optimizers.evolutionary_optimizer:Generation: 150 	 Elapsed time: 0:02:34.641410 	 Best training fitness: 9.498746e-02 	 
Level 25:bingo.evolutionary_optimizers.evolutionary_optimizer:150, 1.546414e+02, 3946837, 9.498746e-02, 9.498746e-02, 1.155284e-01, 1.189890e-01, 1.260827e-01, 1.332545e-01, 1.591161e-01, 1.689862e-01, 1.690156e-01, 2.099983e-01, 2.448511e-01, 2.580769e-01, 2.977211e-01, 3.111924e-01, 3.441922e-01
INFO:bingo.evolutionary_optimizers.parallel_archipelago:Evolution time 0:00:13.054134	 age 200	 fitness 9.499e-02
Level 25:bingo.evolutionary_optimizers.evolutionary_optimizer:Generation: 160 	 Elapsed time: 0:02:47.945782 	 Best training fitness: 9.498746e-02 	 
Level 25:bingo.evolutionary_optimizers.evolutionary_optimizer:160, 1.679458e+02, 4314954, 9.498746e-02, 9.498746e-02, 1.155284e-01, 1.189890e-01, 1.189891e-01, 1.332545e-01, 1.591161e-01, 1.689862e-01, 1.690156e-01, 2.099983e-01, 2.448511e-01, 2.580769e-01, 2.977211e-01, 3.111924e-01, 3.441922e-01
INFO:bingo.evolutionary_optimizers.parallel_archipelago:Evolution time 0:00:11.940341	 age 210	 fitness 9.499e-02
Level 25:bingo.evolutionary_optimizers.evolutionary_optimizer:Generation: 170 	 Elapsed time: 0:03:00.163202 	 Best training fitness: 9.498746e-02 	 
Level 25:bingo.evolutionary_optimizers.evolutionary_optimizer:170, 1.801632e+02, 4619542, 9.498746e-02, 9.498746e-02, 1.155284e-01, 1.189890e-01, 1.189891e-01, 1.332545e-01, 1.591161e-01, 1.689862e-01, 1.690156e-01, 2.099983e-01, 2.448511e-01, 2.580769e-01, 2.977211e-01, 3.111924e-01, 3.441922e-01
INFO:bingo.evolutionary_optimizers.parallel_archipelago:Evolution time 0:00:10.761892	 age 220	 fitness 9.499e-02
Level 25:bingo.evolutionary_optimizers.evolutionary_optimizer:Generation: 180 	 Elapsed time: 0:03:11.165956 	 Best training fitness: 9.498746e-02 	 
Level 25:bingo.evolutionary_optimizers.evolutionary_optimizer:180, 1.911660e+02, 4902100, 9.498746e-02, 9.498746e-02, 1.155284e-01, 1.189890e-01, 1.189891e-01, 1.332545e-01, 1.591161e-01, 1.689862e-01, 1.690156e-01, 2.099983e-01, 2.448511e-01, 2.580769e-01, 2.977211e-01, 3.111924e-01, 3.441922e-01
INFO:bingo.evolutionary_optimizers.parallel_archipelago:Evolution time 0:00:07.246492	 age 230	 fitness 9.499e-02
Level 25:bingo.evolutionary_optimizers.evolutionary_optimizer:Generation: 190 	 Elapsed time: 0:03:18.653504 	 Best training fitness: 9.498746e-02 	 
Level 25:bingo.evolutionary_optimizers.evolutionary_optimizer:190, 1.986535e+02, 5165999, 9.498746e-02, 9.498746e-02, 1.155284e-01, 1.189890e-01, 1.189891e-01, 1.332545e-01, 1.591161e-01, 1.689862e-01, 1.690156e-01, 2.099983e-01, 2.448511e-01, 2.580769e-01, 2.977211e-01, 3.111924e-01, 3.441922e-01
INFO:bingo.evolutionary_optimizers.parallel_archipelago:Evolution time 0:00:12.326873	 age 240	 fitness 9.499e-02
Level 25:bingo.evolutionary_optimizers.evolutionary_optimizer:Generation: 200 	 Elapsed time: 0:03:31.265086 	 Best training fitness: 9.498746e-02 	 
Level 25:bingo.evolutionary_optimizers.evolutionary_optimizer:200, 2.112651e+02, 5483682, 9.498746e-02, 9.498746e-02, 1.155284e-01, 1.189890e-01, 1.189891e-01, 1.332545e-01, 1.591161e-01, 1.689862e-01, 1.690156e-01, 2.099983e-01, 2.448511e-01, 2.580769e-01, 2.977211e-01, 3.111924e-01, 3.441922e-01
INFO:bingo.evolutionary_optimizers.parallel_archipelago:Evolution time 0:00:07.643561	 age 250	 fitness 9.499e-02
Level 25:bingo.evolutionary_optimizers.evolutionary_optimizer:Generation: 210 	 Elapsed time: 0:03:39.141733 	 Best training fitness: 9.498746e-02 	 
Level 25:bingo.evolutionary_optimizers.evolutionary_optimizer:210, 2.191417e+02, 5787135, 9.498746e-02, 9.498746e-02, 1.155284e-01, 1.189890e-01, 1.189891e-01, 1.332545e-01, 1.591161e-01, 1.689862e-01, 1.690156e-01, 2.099983e-01, 2.448511e-01, 2.580769e-01, 2.977211e-01, 3.111924e-01, 3.441922e-01
INFO:bingo.evolutionary_optimizers.parallel_archipelago:Evolution time 0:00:11.358956	 age 260	 fitness 9.499e-02
Level 25:bingo.evolutionary_optimizers.evolutionary_optimizer:Generation: 220 	 Elapsed time: 0:03:50.767765 	 Best training fitness: 9.498746e-02 	 
Level 25:bingo.evolutionary_optimizers.evolutionary_optimizer:220, 2.307678e+02, 6106464, 9.498746e-02, 9.498746e-02, 1.155284e-01, 1.189890e-01, 1.189891e-01, 1.332545e-01, 1.591161e-01, 1.689862e-01, 1.690156e-01, 2.099983e-01, 2.448511e-01, 2.580769e-01, 2.977211e-01, 3.111924e-01, 3.441922e-01
INFO:bingo.evolutionary_optimizers.parallel_archipelago:Evolution time 0:00:10.882424	 age 270	 fitness 9.499e-02
Level 25:bingo.evolutionary_optimizers.evolutionary_optimizer:Generation: 230 	 Elapsed time: 0:04:01.876251 	 Best training fitness: 9.498746e-02 	 
Level 25:bingo.evolutionary_optimizers.evolutionary_optimizer:230, 2.418763e+02, 6429628, 9.498746e-02, 9.498746e-02, 1.155284e-01, 1.189890e-01, 1.189891e-01, 1.332545e-01, 1.591161e-01, 1.689862e-01, 1.690156e-01, 2.099983e-01, 2.448511e-01, 2.580769e-01, 2.977211e-01, 3.111924e-01, 3.441922e-01
INFO:bingo.evolutionary_optimizers.parallel_archipelago:Evolution time 0:00:10.605142	 age 280	 fitness 4.899e-15
Level 25:bingo.evolutionary_optimizers.evolutionary_optimizer:Generation: 240 	 Elapsed time: 0:04:12.708640 	 Best training fitness: 4.899137e-15 	 
Level 25:bingo.evolutionary_optimizers.evolutionary_optimizer:240, 2.527086e+02, 6750055, 4.899137e-15, 4.899137e-15, 6.334231e-05, 1.189890e-01, 1.189891e-01, 1.332545e-01, 1.591161e-01, 1.689862e-01, 1.690156e-01, 2.099983e-01, 2.448511e-01, 2.580769e-01, 2.977211e-01, 3.111924e-01, 3.441922e-01
Level 25:bingo.evolutionary_optimizers.evolutionary_optimizer:Evolution successfully converged.
Level 25:bingo.evolutionary_optimizers.evolutionary_optimizer:  Absolte convergence occurred with best fitness < 1e-10
Level 25:bingo.evolutionary_optimizers.evolutionary_optimizer:Hall of Fame:
4.899136651914659e-15	18	sin(log(0.619744)) + log(-0.955962) + sin(log((X_0)(X_0) + (X_1)(X_1))) + 0.252720 + 0.252720
6.334230906032578e-05	17	sin(log(1.170807)) + log(0.854614) + sin(log((X_0)(X_0) + (X_1)(X_1) + -0.001002))
0.1189890479975101	16	sin((-3.126760)(log(log(0.197285 + log((X_1)(X_0))) + 0.405366))) + sin(-0.008365)
0.11898905190004422	15	sin((-3.126760)(log(log(0.197285 + log((X_1)(X_0))) + 0.405366))) + -0.008365
0.13325448638507573	14	sin((-1.594115)(log(log((((X_0)(0.466724))(X_1))(1.327002))) + -0.088193))
0.1591161184991744	12	sin((-1.527167)(log(log(((X_0)(X_1))(1.171360))) + -0.467981))
0.16898624596362763	11	sin((log((X_1)(X_0)))(-0.690954) + 1.047680) + 0.000702
0.16901559914536646	9	sin((log((X_1)(X_0)))(-0.692585) + 1.049810)
0.20999830961272992	8	sin((-1.284499)(log(log((X_1)(X_0)))))
0.24485112551674992	7	sin(log((X_0)(X_1) + (X_0)(X_1) + (X_0)(X_1)))
0.25807692220493317	6	(log((X_0)(X_1)))(-0.245668)
0.29772108988688023	5	(log(X_0))(-0.302027) + -0.302027
0.3111924468682273	4	(log(X_1))(-0.434294)
0.34419218946292124	1	-0.904229
