Level 25:bingo.evolutionary_optimizers.evolutionary_optimizer:#generational_age, elapsed_time, fitness_evaluation_count, current_training_fitness, hall_of_fame_fitnesses
Level 25:bingo.evolutionary_optimizers.evolutionary_optimizer:#generational_age, elapsed_time, fitness_evaluation_count, current_training_fitness, hall_of_fame_fitnesses
Level 25:bingo.evolutionary_optimizers.evolutionary_optimizer:Generation: 0 	 Elapsed time: 0:00:00.702735 	 Best training fitness: 3.111924e-01 	 
Level 25:bingo.evolutionary_optimizers.evolutionary_optimizer:0, 7.027350e-01, 29456, 3.111924e-01
INFO:bingo.evolutionary_optimizers.parallel_archipelago:Evolution time 0:00:04.745729	 age 20	 fitness 2.533e-01
Level 25:bingo.evolutionary_optimizers.evolutionary_optimizer:Generation: 10 	 Elapsed time: 0:00:05.616680 	 Best training fitness: 2.533416e-01 	 
Level 25:bingo.evolutionary_optimizers.evolutionary_optimizer:10, 5.616680e+00, 268888, 2.533416e-01, 2.533416e-01, 2.567952e-01, 2.580769e-01, 3.061743e-01, 3.111924e-01, 3.441922e-01, 3.441922e-01
INFO:bingo.evolutionary_optimizers.parallel_archipelago:Evolution time 0:00:03.701338	 age 30	 fitness 1.661e-01
Level 25:bingo.evolutionary_optimizers.evolutionary_optimizer:Generation: 20 	 Elapsed time: 0:00:09.507802 	 Best training fitness: 1.661260e-01 	 
Level 25:bingo.evolutionary_optimizers.evolutionary_optimizer:20, 9.507802e+00, 449881, 1.661260e-01, 1.661260e-01, 2.439744e-01, 2.580769e-01, 3.061743e-01, 3.111924e-01, 3.441922e-01
INFO:bingo.evolutionary_optimizers.parallel_archipelago:Evolution time 0:00:09.508368	 age 70	 fitness 1.631e-01
Level 25:bingo.evolutionary_optimizers.evolutionary_optimizer:Generation: 30 	 Elapsed time: 0:00:19.246598 	 Best training fitness: 1.630918e-01 	 
Level 25:bingo.evolutionary_optimizers.evolutionary_optimizer:30, 1.924660e+01, 857121, 1.630918e-01, 1.630918e-01, 1.642341e-01, 1.661260e-01, 2.439744e-01, 2.580769e-01, 3.061743e-01, 3.111924e-01, 3.441922e-01, 3.441922e-01
INFO:bingo.evolutionary_optimizers.parallel_archipelago:Evolution time 0:00:05.891516	 age 80	 fitness 1.629e-01
Level 25:bingo.evolutionary_optimizers.evolutionary_optimizer:Generation: 40 	 Elapsed time: 0:00:25.328875 	 Best training fitness: 1.629069e-01 	 
Level 25:bingo.evolutionary_optimizers.evolutionary_optimizer:40, 2.532888e+01, 1156637, 1.629069e-01, 1.629069e-01, 1.630918e-01, 1.642341e-01, 1.661260e-01, 2.439744e-01, 2.580769e-01, 3.061743e-01, 3.111924e-01, 3.441922e-01, 3.441922e-01
INFO:bingo.evolutionary_optimizers.parallel_archipelago:Evolution time 0:00:10.280084	 age 90	 fitness 1.629e-01
Level 25:bingo.evolutionary_optimizers.evolutionary_optimizer:Generation: 50 	 Elapsed time: 0:00:35.801411 	 Best training fitness: 1.629069e-01 	 
Level 25:bingo.evolutionary_optimizers.evolutionary_optimizer:50, 3.580141e+01, 1531400, 1.629069e-01, 1.629069e-01, 1.629285e-01, 1.630918e-01, 1.642341e-01, 1.661260e-01, 2.439744e-01, 2.580769e-01, 2.989944e-01, 3.111924e-01, 3.441922e-01, 3.441922e-01
INFO:bingo.evolutionary_optimizers.parallel_archipelago:Evolution time 0:00:05.931804	 age 110	 fitness 1.525e-01
Level 25:bingo.evolutionary_optimizers.evolutionary_optimizer:Generation: 60 	 Elapsed time: 0:00:41.926662 	 Best training fitness: 1.524760e-01 	 
Level 25:bingo.evolutionary_optimizers.evolutionary_optimizer:60, 4.192666e+01, 1852009, 1.524760e-01, 1.524760e-01, 1.661260e-01, 2.439744e-01, 2.580769e-01, 2.989944e-01, 3.111924e-01, 3.441922e-01, 3.441922e-01
INFO:bingo.evolutionary_optimizers.parallel_archipelago:Evolution time 0:00:07.490301	 age 130	 fitness 1.525e-01
Level 25:bingo.evolutionary_optimizers.evolutionary_optimizer:Generation: 70 	 Elapsed time: 0:00:49.606697 	 Best training fitness: 1.524760e-01 	 
Level 25:bingo.evolutionary_optimizers.evolutionary_optimizer:70, 4.960670e+01, 2272598, 1.524760e-01, 1.524760e-01, 1.661260e-01, 2.439744e-01, 2.580769e-01, 2.989944e-01, 3.111924e-01, 3.441922e-01, 3.441922e-01
INFO:bingo.evolutionary_optimizers.parallel_archipelago:Evolution time 0:00:07.687879	 age 160	 fitness 1.152e-01
Level 25:bingo.evolutionary_optimizers.evolutionary_optimizer:Generation: 80 	 Elapsed time: 0:00:57.485386 	 Best training fitness: 1.152380e-01 	 
Level 25:bingo.evolutionary_optimizers.evolutionary_optimizer:80, 5.748539e+01, 2699196, 1.152380e-01, 1.152380e-01, 1.524760e-01, 1.661260e-01, 2.439744e-01, 2.580769e-01, 2.989944e-01, 3.111924e-01, 3.441922e-01
INFO:bingo.evolutionary_optimizers.parallel_archipelago:Evolution time 0:00:07.769778	 age 180	 fitness 1.152e-01
Level 25:bingo.evolutionary_optimizers.evolutionary_optimizer:Generation: 90 	 Elapsed time: 0:01:05.503935 	 Best training fitness: 1.152380e-01 	 
Level 25:bingo.evolutionary_optimizers.evolutionary_optimizer:90, 6.550393e+01, 3127799, 1.152380e-01, 1.152380e-01, 1.224681e-01, 1.413111e-01, 1.440186e-01, 1.524760e-01, 1.661260e-01, 2.439744e-01, 2.580769e-01, 2.989944e-01, 3.111924e-01, 3.441922e-01
INFO:bingo.evolutionary_optimizers.parallel_archipelago:Evolution time 0:00:05.980758	 age 190	 fitness 1.152e-01
Level 25:bingo.evolutionary_optimizers.evolutionary_optimizer:Generation: 100 	 Elapsed time: 0:01:11.680837 	 Best training fitness: 1.152380e-01 	 
Level 25:bingo.evolutionary_optimizers.evolutionary_optimizer:100, 7.168084e+01, 3445094, 1.152380e-01, 1.152380e-01, 1.175573e-01, 1.413111e-01, 1.440186e-01, 1.524760e-01, 1.661260e-01, 2.439744e-01, 2.580769e-01, 2.989944e-01, 3.111924e-01, 3.441922e-01
INFO:bingo.evolutionary_optimizers.parallel_archipelago:Evolution time 0:00:05.525713	 age 200	 fitness 1.152e-01
Level 25:bingo.evolutionary_optimizers.evolutionary_optimizer:Generation: 110 	 Elapsed time: 0:01:17.404303 	 Best training fitness: 1.152380e-01 	 
Level 25:bingo.evolutionary_optimizers.evolutionary_optimizer:110, 7.740430e+01, 3691703, 1.152380e-01, 1.152380e-01, 1.175573e-01, 1.413111e-01, 1.440186e-01, 1.524760e-01, 1.661260e-01, 2.439744e-01, 2.580769e-01, 2.989944e-01, 3.111924e-01, 3.441922e-01
INFO:bingo.evolutionary_optimizers.parallel_archipelago:Evolution time 0:00:04.531100	 age 210	 fitness 1.152e-01
Level 25:bingo.evolutionary_optimizers.evolutionary_optimizer:Generation: 120 	 Elapsed time: 0:01:22.131721 	 Best training fitness: 1.152380e-01 	 
Level 25:bingo.evolutionary_optimizers.evolutionary_optimizer:120, 8.213172e+01, 3923489, 1.152380e-01, 1.152380e-01, 1.175573e-01, 1.413111e-01, 1.440186e-01, 1.524760e-01, 1.661260e-01, 2.439744e-01, 2.580769e-01, 2.989944e-01, 3.111924e-01, 3.441922e-01
INFO:bingo.evolutionary_optimizers.parallel_archipelago:Evolution time 0:00:10.320194	 age 230	 fitness 1.152e-01
Level 25:bingo.evolutionary_optimizers.evolutionary_optimizer:Generation: 130 	 Elapsed time: 0:01:32.648252 	 Best training fitness: 1.152380e-01 	 
Level 25:bingo.evolutionary_optimizers.evolutionary_optimizer:130, 9.264825e+01, 4286428, 1.152380e-01, 1.152380e-01, 1.175573e-01, 1.275461e-01, 1.440186e-01, 1.524760e-01, 1.661260e-01, 1.691322e-01, 2.580769e-01, 2.989944e-01, 3.111924e-01, 3.441922e-01
INFO:bingo.evolutionary_optimizers.parallel_archipelago:Evolution time 0:00:09.241759	 age 240	 fitness 1.056e-01
Level 25:bingo.evolutionary_optimizers.evolutionary_optimizer:Generation: 140 	 Elapsed time: 0:01:42.087433 	 Best training fitness: 1.056483e-01 	 
Level 25:bingo.evolutionary_optimizers.evolutionary_optimizer:140, 1.020874e+02, 4635004, 1.056483e-01, 1.056483e-01, 1.122913e-01, 1.275461e-01, 1.342574e-01, 1.524760e-01, 1.661260e-01, 1.690156e-01, 2.580769e-01, 2.989944e-01, 3.111924e-01, 3.441922e-01
INFO:bingo.evolutionary_optimizers.parallel_archipelago:Evolution time 0:00:10.288161	 age 280	 fitness 1.006e-01
Level 25:bingo.evolutionary_optimizers.evolutionary_optimizer:Generation: 150 	 Elapsed time: 0:01:52.574766 	 Best training fitness: 1.006138e-01 	 
Level 25:bingo.evolutionary_optimizers.evolutionary_optimizer:150, 1.125748e+02, 4984271, 1.006138e-01, 1.006138e-01, 1.275461e-01, 1.342574e-01, 1.413669e-01, 1.661260e-01, 1.690156e-01, 2.580769e-01, 2.989944e-01, 3.111924e-01, 3.441922e-01
INFO:bingo.evolutionary_optimizers.parallel_archipelago:Evolution time 0:00:05.309056	 age 300	 fitness 1.006e-01
Level 25:bingo.evolutionary_optimizers.evolutionary_optimizer:Generation: 160 	 Elapsed time: 0:01:58.112947 	 Best training fitness: 1.006103e-01 	 
Level 25:bingo.evolutionary_optimizers.evolutionary_optimizer:160, 1.181129e+02, 5315822, 1.006103e-01, 1.006103e-01, 1.006138e-01, 1.275461e-01, 1.342574e-01, 1.413669e-01, 1.690156e-01, 2.580769e-01, 2.989944e-01, 3.111924e-01, 3.441922e-01
INFO:bingo.evolutionary_optimizers.parallel_archipelago:Evolution time 0:00:05.642277	 age 320	 fitness 1.006e-01
Level 25:bingo.evolutionary_optimizers.evolutionary_optimizer:Generation: 170 	 Elapsed time: 0:02:03.951389 	 Best training fitness: 1.006103e-01 	 
Level 25:bingo.evolutionary_optimizers.evolutionary_optimizer:170, 1.239514e+02, 5657184, 1.006103e-01, 1.006103e-01, 1.006138e-01, 1.275461e-01, 1.342574e-01, 1.413667e-01, 1.413667e-01, 1.413667e-01, 1.413669e-01, 1.690156e-01, 2.580769e-01, 2.989944e-01, 3.111924e-01, 3.441922e-01
INFO:bingo.evolutionary_optimizers.parallel_archipelago:Evolution time 0:00:08.503632	 age 350	 fitness 9.748e-02
Level 25:bingo.evolutionary_optimizers.evolutionary_optimizer:Generation: 180 	 Elapsed time: 0:02:12.654764 	 Best training fitness: 9.748140e-02 	 
Level 25:bingo.evolutionary_optimizers.evolutionary_optimizer:180, 1.326548e+02, 6093691, 9.748140e-02, 9.748140e-02, 1.006138e-01, 1.275461e-01, 1.342574e-01, 1.413589e-01, 1.413667e-01, 1.413669e-01, 1.690156e-01, 2.580769e-01, 2.989944e-01, 3.111924e-01, 3.441922e-01
INFO:bingo.evolutionary_optimizers.parallel_archipelago:Evolution time 0:00:05.590274	 age 370	 fitness 9.748e-02
Level 25:bingo.evolutionary_optimizers.evolutionary_optimizer:Generation: 190 	 Elapsed time: 0:02:18.443616 	 Best training fitness: 9.748140e-02 	 
Level 25:bingo.evolutionary_optimizers.evolutionary_optimizer:190, 1.384436e+02, 6443090, 9.748140e-02, 9.748140e-02, 1.006138e-01, 1.275461e-01, 1.342574e-01, 1.413589e-01, 1.413667e-01, 1.413669e-01, 1.690156e-01, 2.580769e-01, 2.989944e-01, 3.111924e-01, 3.441922e-01
INFO:bingo.evolutionary_optimizers.parallel_archipelago:Evolution time 0:00:05.547603	 age 390	 fitness 9.748e-02
Level 25:bingo.evolutionary_optimizers.evolutionary_optimizer:Generation: 200 	 Elapsed time: 0:02:24.191027 	 Best training fitness: 9.748140e-02 	 
Level 25:bingo.evolutionary_optimizers.evolutionary_optimizer:200, 1.441910e+02, 6838223, 9.748140e-02, 9.748140e-02, 1.006138e-01, 1.180662e-01, 1.342574e-01, 1.413589e-01, 1.413667e-01, 1.413669e-01, 1.690156e-01, 2.580769e-01, 2.989944e-01, 3.111924e-01, 3.441922e-01
INFO:bingo.evolutionary_optimizers.parallel_archipelago:Evolution time 0:00:05.787012	 age 410	 fitness 8.682e-02
Level 25:bingo.evolutionary_optimizers.evolutionary_optimizer:Generation: 210 	 Elapsed time: 0:02:30.179811 	 Best training fitness: 8.681954e-02 	 
Level 25:bingo.evolutionary_optimizers.evolutionary_optimizer:210, 1.501798e+02, 7137619, 8.681954e-02, 8.681954e-02, 8.717089e-02, 9.623305e-02, 1.128356e-01, 1.413589e-01, 1.413667e-01, 1.413669e-01, 1.690156e-01, 2.580769e-01, 2.989944e-01, 3.111924e-01, 3.441922e-01
INFO:bingo.evolutionary_optimizers.parallel_archipelago:Evolution time 0:00:11.036064	 age 450	 fitness 8.682e-02
Level 25:bingo.evolutionary_optimizers.evolutionary_optimizer:Generation: 220 	 Elapsed time: 0:02:41.447615 	 Best training fitness: 8.681954e-02 	 
Level 25:bingo.evolutionary_optimizers.evolutionary_optimizer:220, 1.614476e+02, 7596389, 8.681954e-02, 8.681954e-02, 8.717089e-02, 9.623305e-02, 1.128356e-01, 1.413589e-01, 1.413667e-01, 1.413669e-01, 1.690156e-01, 2.580769e-01, 2.989944e-01, 3.111924e-01, 3.441922e-01
INFO:bingo.evolutionary_optimizers.parallel_archipelago:Evolution time 0:00:05.538901	 age 470	 fitness 8.682e-02
Level 25:bingo.evolutionary_optimizers.evolutionary_optimizer:Generation: 230 	 Elapsed time: 0:02:47.191817 	 Best training fitness: 8.681954e-02 	 
Level 25:bingo.evolutionary_optimizers.evolutionary_optimizer:230, 1.671918e+02, 7962264, 8.681954e-02, 8.681954e-02, 8.717089e-02, 9.623305e-02, 1.128356e-01, 1.413589e-01, 1.413667e-01, 1.413669e-01, 1.690156e-01, 2.580769e-01, 2.989944e-01, 3.111924e-01, 3.441922e-01
INFO:bingo.evolutionary_optimizers.parallel_archipelago:Evolution time 0:00:07.081814	 age 480	 fitness 8.682e-02
Level 25:bingo.evolutionary_optimizers.evolutionary_optimizer:Generation: 240 	 Elapsed time: 0:02:54.474244 	 Best training fitness: 8.681954e-02 	 
Level 25:bingo.evolutionary_optimizers.evolutionary_optimizer:240, 1.744742e+02, 8245483, 8.681954e-02, 8.681954e-02, 8.717089e-02, 9.623305e-02, 1.128356e-01, 1.413589e-01, 1.413667e-01, 1.413669e-01, 1.690156e-01, 2.580769e-01, 2.989944e-01, 3.111924e-01, 3.441922e-01
INFO:bingo.evolutionary_optimizers.parallel_archipelago:Evolution time 0:00:10.587796	 age 490	 fitness 8.576e-02
Level 25:bingo.evolutionary_optimizers.evolutionary_optimizer:Generation: 250 	 Elapsed time: 0:03:05.264248 	 Best training fitness: 8.575662e-02 	 
Level 25:bingo.evolutionary_optimizers.evolutionary_optimizer:250, 1.852642e+02, 8591434, 8.575662e-02, 8.575662e-02, 9.623305e-02, 1.128356e-01, 1.413589e-01, 1.413667e-01, 1.413669e-01, 1.690156e-01, 2.580769e-01, 2.989944e-01, 3.111924e-01, 3.441922e-01
INFO:bingo.evolutionary_optimizers.parallel_archipelago:Evolution time 0:00:04.843675	 age 510	 fitness 2.526e-13
Level 25:bingo.evolutionary_optimizers.evolutionary_optimizer:Generation: 260 	 Elapsed time: 0:03:10.306927 	 Best training fitness: 2.526049e-13 	 
Level 25:bingo.evolutionary_optimizers.evolutionary_optimizer:260, 1.903069e+02, 8839143, 2.526049e-13, 2.526049e-13, 1.413589e-01, 1.413667e-01, 1.413669e-01, 1.690156e-01, 2.580769e-01, 2.989944e-01, 3.111924e-01, 3.441922e-01
Level 25:bingo.evolutionary_optimizers.evolutionary_optimizer:Evolution successfully converged.
Level 25:bingo.evolutionary_optimizers.evolutionary_optimizer:  Absolte convergence occurred with best fitness < 1e-10
Level 25:bingo.evolutionary_optimizers.evolutionary_optimizer:Hall of Fame:
2.526048814566195e-13	16	sin(log((X_1 + -0.508546 + -0.491454)(X_1) + (X_0)(X_0) + X_1 + -0.000000))
0.14135888551333525	14	(log((0.005698)(((X_1)(X_1) + 0.021921 + (X_0)(X_0))((X_1)(X_1) + 0.021921 + (X_0)(X_0)))))(-0.235087)
0.14136674455866485	13	(log((-0.005755)(((X_1)(X_1) + ((X_0)(X_0))(1.000000))((X_1)(X_1) + ((X_0)(X_0))(1.000000)))))(-0.234552)
0.14136687638077475	11	(log((0.005755)(((X_1)(X_1) + (X_0)(X_0))((X_1)(X_1) + (X_0)(X_0)))))(-0.234553)
0.16901560218433734	9	sin((log(((0.219635)(X_1))(X_0)))(-0.692584))
0.2580769222049108	6	(-0.245668)(log((X_0)(X_1)))
0.2989944439801811	5	(log(X_1 + X_1))(-0.332305)
0.3111924468682277	4	(log(X_1))(-0.434294)
0.3441921894629212	1	-0.904229
