Level 25:bingo.evolutionary_optimizers.evolutionary_optimizer:#generational_age, elapsed_time, fitness_evaluation_count, current_training_fitness, hall_of_fame_fitnesses
Level 25:bingo.evolutionary_optimizers.evolutionary_optimizer:#generational_age, elapsed_time, fitness_evaluation_count, current_training_fitness, hall_of_fame_fitnesses
Level 25:bingo.evolutionary_optimizers.evolutionary_optimizer:Generation: 0 	 Elapsed time: 0:00:00.586953 	 Best training fitness: 3.111924e-01 	 
Level 25:bingo.evolutionary_optimizers.evolutionary_optimizer:0, 5.869530e-01, 29456, 3.111924e-01
INFO:bingo.evolutionary_optimizers.parallel_archipelago:Evolution time 0:00:04.745666	 age 30	 fitness 2.533e-01
Level 25:bingo.evolutionary_optimizers.evolutionary_optimizer:Generation: 10 	 Elapsed time: 0:00:05.500915 	 Best training fitness: 2.533416e-01 	 
Level 25:bingo.evolutionary_optimizers.evolutionary_optimizer:10, 5.500915e+00, 268888, 2.533416e-01, 2.533416e-01, 2.567952e-01, 2.580769e-01, 3.061743e-01, 3.111924e-01, 3.441922e-01, 3.441922e-01
INFO:bingo.evolutionary_optimizers.parallel_archipelago:Evolution time 0:00:03.701684	 age 40	 fitness 1.661e-01
Level 25:bingo.evolutionary_optimizers.evolutionary_optimizer:Generation: 20 	 Elapsed time: 0:00:09.392058 	 Best training fitness: 1.661260e-01 	 
Level 25:bingo.evolutionary_optimizers.evolutionary_optimizer:20, 9.392058e+00, 449881, 1.661260e-01, 1.661260e-01, 2.439744e-01, 2.580769e-01, 3.061743e-01, 3.111924e-01, 3.441922e-01
INFO:bingo.evolutionary_optimizers.parallel_archipelago:Evolution time 0:00:09.508540	 age 60	 fitness 1.631e-01
Level 25:bingo.evolutionary_optimizers.evolutionary_optimizer:Generation: 30 	 Elapsed time: 0:00:19.130863 	 Best training fitness: 1.630918e-01 	 
Level 25:bingo.evolutionary_optimizers.evolutionary_optimizer:30, 1.913086e+01, 857121, 1.630918e-01, 1.630918e-01, 1.642341e-01, 1.661260e-01, 2.439744e-01, 2.580769e-01, 3.061743e-01, 3.111924e-01, 3.441922e-01, 3.441922e-01
INFO:bingo.evolutionary_optimizers.parallel_archipelago:Evolution time 0:00:05.891480	 age 80	 fitness 1.629e-01
Level 25:bingo.evolutionary_optimizers.evolutionary_optimizer:Generation: 40 	 Elapsed time: 0:00:25.213153 	 Best training fitness: 1.629069e-01 	 
Level 25:bingo.evolutionary_optimizers.evolutionary_optimizer:40, 2.521315e+01, 1156637, 1.629069e-01, 1.629069e-01, 1.630918e-01, 1.642341e-01, 1.661260e-01, 2.439744e-01, 2.580769e-01, 3.061743e-01, 3.111924e-01, 3.441922e-01, 3.441922e-01
INFO:bingo.evolutionary_optimizers.parallel_archipelago:Evolution time 0:00:10.279999	 age 100	 fitness 1.629e-01
Level 25:bingo.evolutionary_optimizers.evolutionary_optimizer:Generation: 50 	 Elapsed time: 0:00:35.685674 	 Best training fitness: 1.629069e-01 	 
Level 25:bingo.evolutionary_optimizers.evolutionary_optimizer:50, 3.568567e+01, 1531400, 1.629069e-01, 1.629069e-01, 1.629285e-01, 1.630918e-01, 1.642341e-01, 1.661260e-01, 2.439744e-01, 2.580769e-01, 2.989944e-01, 3.111924e-01, 3.441922e-01, 3.441922e-01
INFO:bingo.evolutionary_optimizers.parallel_archipelago:Evolution time 0:00:05.931838	 age 110	 fitness 1.525e-01
Level 25:bingo.evolutionary_optimizers.evolutionary_optimizer:Generation: 60 	 Elapsed time: 0:00:41.810926 	 Best training fitness: 1.524760e-01 	 
Level 25:bingo.evolutionary_optimizers.evolutionary_optimizer:60, 4.181093e+01, 1852009, 1.524760e-01, 1.524760e-01, 1.661260e-01, 2.439744e-01, 2.580769e-01, 2.989944e-01, 3.111924e-01, 3.441922e-01, 3.441922e-01
INFO:bingo.evolutionary_optimizers.parallel_archipelago:Evolution time 0:00:07.490090	 age 140	 fitness 1.525e-01
Level 25:bingo.evolutionary_optimizers.evolutionary_optimizer:Generation: 70 	 Elapsed time: 0:00:49.490952 	 Best training fitness: 1.524760e-01 	 
Level 25:bingo.evolutionary_optimizers.evolutionary_optimizer:70, 4.949095e+01, 2272598, 1.524760e-01, 1.524760e-01, 1.661260e-01, 2.439744e-01, 2.580769e-01, 2.989944e-01, 3.111924e-01, 3.441922e-01, 3.441922e-01
INFO:bingo.evolutionary_optimizers.parallel_archipelago:Evolution time 0:00:07.687902	 age 160	 fitness 1.152e-01
Level 25:bingo.evolutionary_optimizers.evolutionary_optimizer:Generation: 80 	 Elapsed time: 0:00:57.369652 	 Best training fitness: 1.152380e-01 	 
Level 25:bingo.evolutionary_optimizers.evolutionary_optimizer:80, 5.736965e+01, 2699196, 1.152380e-01, 1.152380e-01, 1.524760e-01, 1.661260e-01, 2.439744e-01, 2.580769e-01, 2.989944e-01, 3.111924e-01, 3.441922e-01
INFO:bingo.evolutionary_optimizers.parallel_archipelago:Evolution time 0:00:07.769839	 age 180	 fitness 1.152e-01
Level 25:bingo.evolutionary_optimizers.evolutionary_optimizer:Generation: 90 	 Elapsed time: 0:01:05.388202 	 Best training fitness: 1.152380e-01 	 
Level 25:bingo.evolutionary_optimizers.evolutionary_optimizer:90, 6.538820e+01, 3127799, 1.152380e-01, 1.152380e-01, 1.224681e-01, 1.413111e-01, 1.440186e-01, 1.524760e-01, 1.661260e-01, 2.439744e-01, 2.580769e-01, 2.989944e-01, 3.111924e-01, 3.441922e-01
INFO:bingo.evolutionary_optimizers.parallel_archipelago:Evolution time 0:00:05.980734	 age 200	 fitness 1.152e-01
Level 25:bingo.evolutionary_optimizers.evolutionary_optimizer:Generation: 100 	 Elapsed time: 0:01:11.565085 	 Best training fitness: 1.152380e-01 	 
Level 25:bingo.evolutionary_optimizers.evolutionary_optimizer:100, 7.156508e+01, 3445094, 1.152380e-01, 1.152380e-01, 1.175573e-01, 1.413111e-01, 1.440186e-01, 1.524760e-01, 1.661260e-01, 2.439744e-01, 2.580769e-01, 2.989944e-01, 3.111924e-01, 3.441922e-01
INFO:bingo.evolutionary_optimizers.parallel_archipelago:Evolution time 0:00:05.525669	 age 220	 fitness 1.152e-01
Level 25:bingo.evolutionary_optimizers.evolutionary_optimizer:Generation: 110 	 Elapsed time: 0:01:17.288560 	 Best training fitness: 1.152380e-01 	 
Level 25:bingo.evolutionary_optimizers.evolutionary_optimizer:110, 7.728856e+01, 3691703, 1.152380e-01, 1.152380e-01, 1.175573e-01, 1.413111e-01, 1.440186e-01, 1.524760e-01, 1.661260e-01, 2.439744e-01, 2.580769e-01, 2.989944e-01, 3.111924e-01, 3.441922e-01
INFO:bingo.evolutionary_optimizers.parallel_archipelago:Evolution time 0:00:04.531062	 age 230	 fitness 1.152e-01
Level 25:bingo.evolutionary_optimizers.evolutionary_optimizer:Generation: 120 	 Elapsed time: 0:01:22.015980 	 Best training fitness: 1.152380e-01 	 
Level 25:bingo.evolutionary_optimizers.evolutionary_optimizer:120, 8.201598e+01, 3923489, 1.152380e-01, 1.152380e-01, 1.175573e-01, 1.413111e-01, 1.440186e-01, 1.524760e-01, 1.661260e-01, 2.439744e-01, 2.580769e-01, 2.989944e-01, 3.111924e-01, 3.441922e-01
INFO:bingo.evolutionary_optimizers.parallel_archipelago:Evolution time 0:00:10.320181	 age 240	 fitness 1.152e-01
Level 25:bingo.evolutionary_optimizers.evolutionary_optimizer:Generation: 130 	 Elapsed time: 0:01:32.532519 	 Best training fitness: 1.152380e-01 	 
Level 25:bingo.evolutionary_optimizers.evolutionary_optimizer:130, 9.253252e+01, 4286428, 1.152380e-01, 1.152380e-01, 1.175573e-01, 1.275461e-01, 1.440186e-01, 1.524760e-01, 1.661260e-01, 1.691322e-01, 2.580769e-01, 2.989944e-01, 3.111924e-01, 3.441922e-01
INFO:bingo.evolutionary_optimizers.parallel_archipelago:Evolution time 0:00:09.242020	 age 250	 fitness 1.056e-01
Level 25:bingo.evolutionary_optimizers.evolutionary_optimizer:Generation: 140 	 Elapsed time: 0:01:41.971705 	 Best training fitness: 1.056483e-01 	 
Level 25:bingo.evolutionary_optimizers.evolutionary_optimizer:140, 1.019717e+02, 4635004, 1.056483e-01, 1.056483e-01, 1.122913e-01, 1.275461e-01, 1.342574e-01, 1.524760e-01, 1.661260e-01, 1.690156e-01, 2.580769e-01, 2.989944e-01, 3.111924e-01, 3.441922e-01
INFO:bingo.evolutionary_optimizers.parallel_archipelago:Evolution time 0:00:10.288185	 age 260	 fitness 1.006e-01
Level 25:bingo.evolutionary_optimizers.evolutionary_optimizer:Generation: 150 	 Elapsed time: 0:01:52.459029 	 Best training fitness: 1.006138e-01 	 
Level 25:bingo.evolutionary_optimizers.evolutionary_optimizer:150, 1.124590e+02, 4984271, 1.006138e-01, 1.006138e-01, 1.275461e-01, 1.342574e-01, 1.413669e-01, 1.661260e-01, 1.690156e-01, 2.580769e-01, 2.989944e-01, 3.111924e-01, 3.441922e-01
INFO:bingo.evolutionary_optimizers.parallel_archipelago:Evolution time 0:00:05.309066	 age 270	 fitness 1.006e-01
Level 25:bingo.evolutionary_optimizers.evolutionary_optimizer:Generation: 160 	 Elapsed time: 0:01:57.997208 	 Best training fitness: 1.006103e-01 	 
Level 25:bingo.evolutionary_optimizers.evolutionary_optimizer:160, 1.179972e+02, 5315822, 1.006103e-01, 1.006103e-01, 1.006138e-01, 1.275461e-01, 1.342574e-01, 1.413669e-01, 1.690156e-01, 2.580769e-01, 2.989944e-01, 3.111924e-01, 3.441922e-01
INFO:bingo.evolutionary_optimizers.parallel_archipelago:Evolution time 0:00:05.642290	 age 290	 fitness 1.006e-01
Level 25:bingo.evolutionary_optimizers.evolutionary_optimizer:Generation: 170 	 Elapsed time: 0:02:03.835640 	 Best training fitness: 1.006103e-01 	 
Level 25:bingo.evolutionary_optimizers.evolutionary_optimizer:170, 1.238356e+02, 5657184, 1.006103e-01, 1.006103e-01, 1.006138e-01, 1.275461e-01, 1.342574e-01, 1.413667e-01, 1.413667e-01, 1.413667e-01, 1.413669e-01, 1.690156e-01, 2.580769e-01, 2.989944e-01, 3.111924e-01, 3.441922e-01
INFO:bingo.evolutionary_optimizers.parallel_archipelago:Evolution time 0:00:08.503568	 age 310	 fitness 9.748e-02
Level 25:bingo.evolutionary_optimizers.evolutionary_optimizer:Generation: 180 	 Elapsed time: 0:02:12.539022 	 Best training fitness: 9.748140e-02 	 
Level 25:bingo.evolutionary_optimizers.evolutionary_optimizer:180, 1.325390e+02, 6093691, 9.748140e-02, 9.748140e-02, 1.006138e-01, 1.275461e-01, 1.342574e-01, 1.413589e-01, 1.413667e-01, 1.413669e-01, 1.690156e-01, 2.580769e-01, 2.989944e-01, 3.111924e-01, 3.441922e-01
INFO:bingo.evolutionary_optimizers.parallel_archipelago:Evolution time 0:00:05.590285	 age 320	 fitness 9.748e-02
Level 25:bingo.evolutionary_optimizers.evolutionary_optimizer:Generation: 190 	 Elapsed time: 0:02:18.327892 	 Best training fitness: 9.748140e-02 	 
Level 25:bingo.evolutionary_optimizers.evolutionary_optimizer:190, 1.383279e+02, 6443090, 9.748140e-02, 9.748140e-02, 1.006138e-01, 1.275461e-01, 1.342574e-01, 1.413589e-01, 1.413667e-01, 1.413669e-01, 1.690156e-01, 2.580769e-01, 2.989944e-01, 3.111924e-01, 3.441922e-01
INFO:bingo.evolutionary_optimizers.parallel_archipelago:Evolution time 0:00:05.547603	 age 340	 fitness 9.748e-02
Level 25:bingo.evolutionary_optimizers.evolutionary_optimizer:Generation: 200 	 Elapsed time: 0:02:24.075286 	 Best training fitness: 9.748140e-02 	 
Level 25:bingo.evolutionary_optimizers.evolutionary_optimizer:200, 1.440753e+02, 6838223, 9.748140e-02, 9.748140e-02, 1.006138e-01, 1.180662e-01, 1.342574e-01, 1.413589e-01, 1.413667e-01, 1.413669e-01, 1.690156e-01, 2.580769e-01, 2.989944e-01, 3.111924e-01, 3.441922e-01
INFO:bingo.evolutionary_optimizers.parallel_archipelago:Evolution time 0:00:05.787022	 age 360	 fitness 8.682e-02
Level 25:bingo.evolutionary_optimizers.evolutionary_optimizer:Generation: 210 	 Elapsed time: 0:02:30.064078 	 Best training fitness: 8.681954e-02 	 
Level 25:bingo.evolutionary_optimizers.evolutionary_optimizer:210, 1.500641e+02, 7137619, 8.681954e-02, 8.681954e-02, 8.717089e-02, 9.623305e-02, 1.128356e-01, 1.413589e-01, 1.413667e-01, 1.413669e-01, 1.690156e-01, 2.580769e-01, 2.989944e-01, 3.111924e-01, 3.441922e-01
INFO:bingo.evolutionary_optimizers.parallel_archipelago:Evolution time 0:00:11.036085	 age 380	 fitness 8.682e-02
Level 25:bingo.evolutionary_optimizers.evolutionary_optimizer:Generation: 220 	 Elapsed time: 0:02:41.332944 	 Best training fitness: 8.681954e-02 	 
Level 25:bingo.evolutionary_optimizers.evolutionary_optimizer:220, 1.613329e+02, 7596389, 8.681954e-02, 8.681954e-02, 8.717089e-02, 9.623305e-02, 1.128356e-01, 1.413589e-01, 1.413667e-01, 1.413669e-01, 1.690156e-01, 2.580769e-01, 2.989944e-01, 3.111924e-01, 3.441922e-01
INFO:bingo.evolutionary_optimizers.parallel_archipelago:Evolution time 0:00:05.538860	 age 400	 fitness 8.682e-02
Level 25:bingo.evolutionary_optimizers.evolutionary_optimizer:Generation: 230 	 Elapsed time: 0:02:47.076076 	 Best training fitness: 8.681954e-02 	 
Level 25:bingo.evolutionary_optimizers.evolutionary_optimizer:230, 1.670761e+02, 7962264, 8.681954e-02, 8.681954e-02, 8.717089e-02, 9.623305e-02, 1.128356e-01, 1.413589e-01, 1.413667e-01, 1.413669e-01, 1.690156e-01, 2.580769e-01, 2.989944e-01, 3.111924e-01, 3.441922e-01
INFO:bingo.evolutionary_optimizers.parallel_archipelago:Evolution time 0:00:07.081796	 age 410	 fitness 8.682e-02
Level 25:bingo.evolutionary_optimizers.evolutionary_optimizer:Generation: 240 	 Elapsed time: 0:02:54.358510 	 Best training fitness: 8.681954e-02 	 
Level 25:bingo.evolutionary_optimizers.evolutionary_optimizer:240, 1.743585e+02, 8245483, 8.681954e-02, 8.681954e-02, 8.717089e-02, 9.623305e-02, 1.128356e-01, 1.413589e-01, 1.413667e-01, 1.413669e-01, 1.690156e-01, 2.580769e-01, 2.989944e-01, 3.111924e-01, 3.441922e-01
INFO:bingo.evolutionary_optimizers.parallel_archipelago:Evolution time 0:00:10.587779	 age 420	 fitness 8.576e-02
Level 25:bingo.evolutionary_optimizers.evolutionary_optimizer:Generation: 250 	 Elapsed time: 0:03:05.148514 	 Best training fitness: 8.575662e-02 	 
Level 25:bingo.evolutionary_optimizers.evolutionary_optimizer:250, 1.851485e+02, 8591434, 8.575662e-02, 8.575662e-02, 9.623305e-02, 1.128356e-01, 1.413589e-01, 1.413667e-01, 1.413669e-01, 1.690156e-01, 2.580769e-01, 2.989944e-01, 3.111924e-01, 3.441922e-01
INFO:bingo.evolutionary_optimizers.parallel_archipelago:Evolution time 0:00:04.843718	 age 430	 fitness 2.526e-13
Level 25:bingo.evolutionary_optimizers.evolutionary_optimizer:Generation: 260 	 Elapsed time: 0:03:10.191193 	 Best training fitness: 2.526049e-13 	 
Level 25:bingo.evolutionary_optimizers.evolutionary_optimizer:260, 1.901912e+02, 8839143, 2.526049e-13, 2.526049e-13, 1.413589e-01, 1.413667e-01, 1.413669e-01, 1.690156e-01, 2.580769e-01, 2.989944e-01, 3.111924e-01, 3.441922e-01
Level 25:bingo.evolutionary_optimizers.evolutionary_optimizer:Evolution successfully converged.
Level 25:bingo.evolutionary_optimizers.evolutionary_optimizer:  Absolte convergence occurred with best fitness < 1e-10
Level 25:bingo.evolutionary_optimizers.evolutionary_optimizer:Hall of Fame:
2.526048814566195e-13	16	sin(log((X_1 + -0.508546 + -0.491454)(X_1) + (X_0)(X_0) + X_1 + -0.000000))
0.14135888551333525	14	(log((0.005698)(((X_1)(X_1) + 0.021921 + (X_0)(X_0))((X_1)(X_1) + 0.021921 + (X_0)(X_0)))))(-0.235087)
0.14136674455866485	13	(log((-0.005755)(((X_1)(X_1) + ((X_0)(X_0))(1.000000))((X_1)(X_1) + ((X_0)(X_0))(1.000000)))))(-0.234552)
0.14136687638077475	11	(log((0.005755)(((X_1)(X_1) + (X_0)(X_0))((X_1)(X_1) + (X_0)(X_0)))))(-0.234553)
0.16901560218433734	9	sin((log(((0.219635)(X_1))(X_0)))(-0.692584))
0.2580769222049108	6	(-0.245668)(log((X_0)(X_1)))
0.2989944439801811	5	(log(X_1 + X_1))(-0.332305)
0.3111924468682277	4	(log(X_1))(-0.434294)
0.3441921894629212	1	-0.904229
