Level 25:bingo.evolutionary_optimizers.evolutionary_optimizer:#generational_age, elapsed_time, fitness_evaluation_count, current_training_fitness, hall_of_fame_fitnesses
Level 25:bingo.evolutionary_optimizers.evolutionary_optimizer:#generational_age, elapsed_time, fitness_evaluation_count, current_training_fitness, hall_of_fame_fitnesses
Level 25:bingo.evolutionary_optimizers.evolutionary_optimizer:Generation: 0 	 Elapsed time: 0:00:00.581614 	 Best training fitness: 3.267619e-01 	 
Level 25:bingo.evolutionary_optimizers.evolutionary_optimizer:0, 5.816140e-01, 29330, 3.267619e-01
INFO:bingo.evolutionary_optimizers.parallel_archipelago:Evolution time 0:00:05.916287	 age 20	 fitness 2.970e-01
Level 25:bingo.evolutionary_optimizers.evolutionary_optimizer:Generation: 10 	 Elapsed time: 0:00:06.798004 	 Best training fitness: 2.970166e-01 	 
Level 25:bingo.evolutionary_optimizers.evolutionary_optimizer:10, 6.798004e+00, 237492, 2.970166e-01, 2.970166e-01, 3.061743e-01, 3.441922e-01
INFO:bingo.evolutionary_optimizers.parallel_archipelago:Evolution time 0:00:06.395666	 age 30	 fitness 1.948e-01
Level 25:bingo.evolutionary_optimizers.evolutionary_optimizer:Generation: 20 	 Elapsed time: 0:00:13.532183 	 Best training fitness: 1.947793e-01 	 
Level 25:bingo.evolutionary_optimizers.evolutionary_optimizer:20, 1.353218e+01, 459198, 1.947793e-01, 1.947793e-01, 2.942861e-01, 2.970166e-01, 3.061743e-01, 3.441922e-01
INFO:bingo.evolutionary_optimizers.parallel_archipelago:Evolution time 0:00:04.401368	 age 40	 fitness 5.773e-17
Level 25:bingo.evolutionary_optimizers.evolutionary_optimizer:Generation: 30 	 Elapsed time: 0:00:18.322172 	 Best training fitness: 5.773160e-17 	 
Level 25:bingo.evolutionary_optimizers.evolutionary_optimizer:30, 1.832217e+01, 645703, 5.773160e-17, 5.773160e-17, 2.970166e-01, 3.061743e-01, 3.111924e-01, 3.441922e-01
Level 25:bingo.evolutionary_optimizers.evolutionary_optimizer:Evolution successfully converged.
Level 25:bingo.evolutionary_optimizers.evolutionary_optimizer:  Absolte convergence occurred with best fitness < 1e-10
Level 25:bingo.evolutionary_optimizers.evolutionary_optimizer:Hall of Fame:
5.773159728050814e-17	7	sin(log((X_0)(X_0) + (X_1)(X_1)))
0.2970165867742939	6	-0.289093 + (-0.306787)(log(X_1))
0.3061742718034963	5	sin((log(X_0))(-0.572167))
0.31119244686823644	4	(log(X_0))(-0.434294)
0.34419218946292124	1	-0.904229
