Level 25:bingo.evolutionary_optimizers.evolutionary_optimizer:#generational_age, elapsed_time, fitness_evaluation_count, current_training_fitness, hall_of_fame_fitnesses
Level 25:bingo.evolutionary_optimizers.evolutionary_optimizer:#generational_age, elapsed_time, fitness_evaluation_count, current_training_fitness, hall_of_fame_fitnesses
Level 25:bingo.evolutionary_optimizers.evolutionary_optimizer:Generation: 0 	 Elapsed time: 0:00:00.764167 	 Best training fitness: 2.468965e-01 	 
Level 25:bingo.evolutionary_optimizers.evolutionary_optimizer:0, 7.641670e-01, 29020, 2.468965e-01
INFO:bingo.evolutionary_optimizers.parallel_archipelago:Evolution time 0:00:09.456615	 age 30	 fitness 2.446e-01
Level 25:bingo.evolutionary_optimizers.evolutionary_optimizer:Generation: 10 	 Elapsed time: 0:00:10.519774 	 Best training fitness: 2.445719e-01 	 
Level 25:bingo.evolutionary_optimizers.evolutionary_optimizer:10, 1.051977e+01, 360796, 2.445719e-01, 2.445719e-01, 2.445719e-01, 2.593641e-01, 2.798592e-01, 3.061743e-01, 3.117899e-01, 3.441922e-01, 3.441922e-01
INFO:bingo.evolutionary_optimizers.parallel_archipelago:Evolution time 0:00:11.051750	 age 40	 fitness 1.690e-01
Level 25:bingo.evolutionary_optimizers.evolutionary_optimizer:Generation: 20 	 Elapsed time: 0:00:21.905620 	 Best training fitness: 1.690301e-01 	 
Level 25:bingo.evolutionary_optimizers.evolutionary_optimizer:20, 2.190562e+01, 638781, 1.690301e-01, 1.690301e-01, 2.423717e-01, 2.798592e-01, 2.989944e-01, 3.111924e-01, 3.441922e-01, 3.441922e-01
INFO:bingo.evolutionary_optimizers.parallel_archipelago:Evolution time 0:00:15.609287	 age 60	 fitness 1.690e-01
Level 25:bingo.evolutionary_optimizers.evolutionary_optimizer:Generation: 30 	 Elapsed time: 0:00:37.841453 	 Best training fitness: 1.690156e-01 	 
Level 25:bingo.evolutionary_optimizers.evolutionary_optimizer:30, 3.784145e+01, 1016719, 1.690156e-01, 1.690156e-01, 2.423717e-01, 2.798592e-01, 2.989944e-01, 3.111924e-01, 3.441922e-01, 3.441922e-01
INFO:bingo.evolutionary_optimizers.parallel_archipelago:Evolution time 0:00:13.145562	 age 70	 fitness 1.677e-01
Level 25:bingo.evolutionary_optimizers.evolutionary_optimizer:Generation: 40 	 Elapsed time: 0:00:51.333845 	 Best training fitness: 1.676874e-01 	 
Level 25:bingo.evolutionary_optimizers.evolutionary_optimizer:40, 5.133384e+01, 1288262, 1.676874e-01, 1.676874e-01, 1.687250e-01, 1.690156e-01, 1.690156e-01, 2.423717e-01, 2.798592e-01, 2.970170e-01, 2.989944e-01, 3.111924e-01, 3.441922e-01, 3.441922e-01
INFO:bingo.evolutionary_optimizers.parallel_archipelago:Evolution time 0:00:08.533011	 age 90	 fitness 1.677e-01
Level 25:bingo.evolutionary_optimizers.evolutionary_optimizer:Generation: 50 	 Elapsed time: 0:01:00.199359 	 Best training fitness: 1.676874e-01 	 
Level 25:bingo.evolutionary_optimizers.evolutionary_optimizer:50, 6.019936e+01, 1639422, 1.676874e-01, 1.676874e-01, 1.687250e-01, 1.687250e-01, 1.687251e-01, 1.690156e-01, 2.423717e-01, 2.798592e-01, 2.970170e-01, 2.989944e-01, 3.111924e-01, 3.441922e-01, 3.441922e-01
INFO:bingo.evolutionary_optimizers.parallel_archipelago:Evolution time 0:00:13.531504	 age 110	 fitness 1.536e-01
Level 25:bingo.evolutionary_optimizers.evolutionary_optimizer:Generation: 60 	 Elapsed time: 0:01:14.081853 	 Best training fitness: 1.536109e-01 	 
Level 25:bingo.evolutionary_optimizers.evolutionary_optimizer:60, 7.408185e+01, 2067510, 1.536109e-01, 1.536109e-01, 1.632245e-01, 1.687251e-01, 1.690156e-01, 2.423717e-01, 2.798592e-01, 2.970170e-01, 2.989944e-01, 3.111924e-01, 3.441922e-01, 3.441922e-01
INFO:bingo.evolutionary_optimizers.parallel_archipelago:Evolution time 0:00:18.714183	 age 130	 fitness 1.259e-01
Level 25:bingo.evolutionary_optimizers.evolutionary_optimizer:Generation: 70 	 Elapsed time: 0:01:33.142541 	 Best training fitness: 1.258857e-01 	 
Level 25:bingo.evolutionary_optimizers.evolutionary_optimizer:70, 9.314254e+01, 2570149, 1.258857e-01, 1.258857e-01, 1.687251e-01, 1.690156e-01, 2.224209e-01, 2.798592e-01, 2.970170e-01, 2.989944e-01, 3.111924e-01, 3.441922e-01, 3.441922e-01
INFO:bingo.evolutionary_optimizers.parallel_archipelago:Evolution time 0:00:06.078258	 age 140	 fitness 1.203e-01
Level 25:bingo.evolutionary_optimizers.evolutionary_optimizer:Generation: 80 	 Elapsed time: 0:01:39.527176 	 Best training fitness: 1.203069e-01 	 
Level 25:bingo.evolutionary_optimizers.evolutionary_optimizer:80, 9.952718e+01, 2816598, 1.203069e-01, 1.203069e-01, 1.203071e-01, 1.258857e-01, 1.535531e-01, 1.687251e-01, 1.690156e-01, 2.224209e-01, 2.798592e-01, 2.970170e-01, 2.983340e-01, 3.111924e-01, 3.441922e-01, 3.441922e-01
INFO:bingo.evolutionary_optimizers.parallel_archipelago:Evolution time 0:00:14.281498	 age 160	 fitness 1.153e-01
Level 25:bingo.evolutionary_optimizers.evolutionary_optimizer:Generation: 90 	 Elapsed time: 0:01:54.218018 	 Best training fitness: 1.152619e-01 	 
Level 25:bingo.evolutionary_optimizers.evolutionary_optimizer:90, 1.142180e+02, 3343589, 1.152619e-01, 1.152619e-01, 1.203069e-01, 1.203071e-01, 1.247293e-01, 1.258857e-01, 1.535531e-01, 1.687251e-01, 1.690156e-01, 2.224209e-01, 2.798592e-01, 2.970170e-01, 2.983340e-01, 3.111924e-01, 3.441922e-01, 3.441922e-01
INFO:bingo.evolutionary_optimizers.parallel_archipelago:Evolution time 0:00:10.249472	 age 180	 fitness 9.975e-02
Level 25:bingo.evolutionary_optimizers.evolutionary_optimizer:Generation: 100 	 Elapsed time: 0:02:04.807716 	 Best training fitness: 9.975100e-02 	 
Level 25:bingo.evolutionary_optimizers.evolutionary_optimizer:100, 1.248077e+02, 3719288, 9.975100e-02, 9.975100e-02, 1.247293e-01, 1.258857e-01, 1.535531e-01, 1.687251e-01, 1.690156e-01, 2.192262e-01, 2.224209e-01, 2.798592e-01, 2.970170e-01, 2.983340e-01, 3.111924e-01, 3.441922e-01, 3.441922e-01
INFO:bingo.evolutionary_optimizers.parallel_archipelago:Evolution time 0:00:08.616554	 age 200	 fitness 9.952e-02
Level 25:bingo.evolutionary_optimizers.evolutionary_optimizer:Generation: 110 	 Elapsed time: 0:02:13.770686 	 Best training fitness: 9.951959e-02 	 
Level 25:bingo.evolutionary_optimizers.evolutionary_optimizer:110, 1.337707e+02, 4081063, 9.951959e-02, 9.951959e-02, 9.952341e-02, 9.975100e-02, 1.153547e-01, 1.258857e-01, 1.535531e-01, 1.687251e-01, 1.690156e-01, 2.192262e-01, 2.224209e-01, 2.677315e-01, 2.853424e-01, 2.983340e-01, 3.111924e-01, 3.441922e-01, 3.441922e-01
INFO:bingo.evolutionary_optimizers.parallel_archipelago:Evolution time 0:00:08.938477	 age 210	 fitness 9.164e-02
Level 25:bingo.evolutionary_optimizers.evolutionary_optimizer:Generation: 120 	 Elapsed time: 0:02:23.074424 	 Best training fitness: 9.163600e-02 	 
Level 25:bingo.evolutionary_optimizers.evolutionary_optimizer:120, 1.430744e+02, 4331804, 9.163600e-02, 9.163600e-02, 9.951959e-02, 9.952341e-02, 9.975100e-02, 1.153547e-01, 1.258857e-01, 1.535531e-01, 1.687251e-01, 1.690156e-01, 2.192262e-01, 2.224209e-01, 2.580769e-01, 2.853424e-01, 2.983340e-01, 3.111924e-01, 3.441922e-01, 3.441922e-01
INFO:bingo.evolutionary_optimizers.parallel_archipelago:Evolution time 0:00:14.847593	 age 220	 fitness 9.164e-02
Level 25:bingo.evolutionary_optimizers.evolutionary_optimizer:Generation: 130 	 Elapsed time: 0:02:38.163632 	 Best training fitness: 9.163600e-02 	 
Level 25:bingo.evolutionary_optimizers.evolutionary_optimizer:130, 1.581636e+02, 4667298, 9.163600e-02, 9.163600e-02, 9.163600e-02, 9.951959e-02, 9.952341e-02, 9.975100e-02, 1.153547e-01, 1.258857e-01, 1.535531e-01, 1.687251e-01, 1.690156e-01, 2.192262e-01, 2.224209e-01, 2.580769e-01, 2.853424e-01, 2.983340e-01, 3.111924e-01, 3.441922e-01, 3.441922e-01
INFO:bingo.evolutionary_optimizers.parallel_archipelago:Evolution time 0:00:14.697303	 age 230	 fitness 9.164e-02
Level 25:bingo.evolutionary_optimizers.evolutionary_optimizer:Generation: 140 	 Elapsed time: 0:02:53.090261 	 Best training fitness: 9.163600e-02 	 
Level 25:bingo.evolutionary_optimizers.evolutionary_optimizer:140, 1.730903e+02, 4990302, 9.163600e-02, 9.163600e-02, 9.163600e-02, 9.163600e-02, 9.951959e-02, 9.952341e-02, 9.975100e-02, 1.153547e-01, 1.258857e-01, 1.535531e-01, 1.687251e-01, 1.690156e-01, 2.192262e-01, 2.224209e-01, 2.580769e-01, 2.853424e-01, 2.983340e-01, 3.111924e-01, 3.441922e-01, 3.441922e-01
INFO:bingo.evolutionary_optimizers.parallel_archipelago:Evolution time 0:00:05.623378	 age 240	 fitness 9.164e-02
Level 25:bingo.evolutionary_optimizers.evolutionary_optimizer:Generation: 150 	 Elapsed time: 0:02:58.963064 	 Best training fitness: 9.163600e-02 	 
Level 25:bingo.evolutionary_optimizers.evolutionary_optimizer:150, 1.789631e+02, 5213400, 9.163600e-02, 9.163600e-02, 9.163600e-02, 9.163600e-02, 9.951959e-02, 9.952341e-02, 9.975100e-02, 1.153547e-01, 1.258857e-01, 1.535531e-01, 1.687251e-01, 1.690156e-01, 2.192262e-01, 2.224209e-01, 2.580769e-01, 2.853424e-01, 2.983340e-01, 3.111924e-01, 3.441922e-01, 3.441922e-01
INFO:bingo.evolutionary_optimizers.parallel_archipelago:Evolution time 0:00:05.715251	 age 250	 fitness 9.164e-02
Level 25:bingo.evolutionary_optimizers.evolutionary_optimizer:Generation: 160 	 Elapsed time: 0:03:04.890369 	 Best training fitness: 9.163600e-02 	 
Level 25:bingo.evolutionary_optimizers.evolutionary_optimizer:160, 1.848904e+02, 5440757, 9.163600e-02, 9.163600e-02, 9.163600e-02, 9.951959e-02, 9.952341e-02, 9.975100e-02, 1.015456e-01, 1.258857e-01, 1.535531e-01, 1.687251e-01, 1.690156e-01, 2.192262e-01, 2.224209e-01, 2.580769e-01, 2.853424e-01, 2.983340e-01, 3.111924e-01, 3.441922e-01, 3.441922e-01
INFO:bingo.evolutionary_optimizers.parallel_archipelago:Evolution time 0:00:05.982388	 age 260	 fitness 9.164e-02
Level 25:bingo.evolutionary_optimizers.evolutionary_optimizer:Generation: 170 	 Elapsed time: 0:03:11.097910 	 Best training fitness: 9.163600e-02 	 
Level 25:bingo.evolutionary_optimizers.evolutionary_optimizer:170, 1.910979e+02, 5687264, 9.163600e-02, 9.163600e-02, 9.163600e-02, 9.463225e-02, 9.952341e-02, 9.975100e-02, 1.015456e-01, 1.258857e-01, 1.535531e-01, 1.687251e-01, 1.690156e-01, 2.192262e-01, 2.224209e-01, 2.580769e-01, 2.853424e-01, 2.983340e-01, 3.111924e-01, 3.441922e-01, 3.441922e-01
INFO:bingo.evolutionary_optimizers.parallel_archipelago:Evolution time 0:00:09.575224	 age 280	 fitness 9.164e-02
Level 25:bingo.evolutionary_optimizers.evolutionary_optimizer:Generation: 180 	 Elapsed time: 0:03:21.056063 	 Best training fitness: 9.163600e-02 	 
Level 25:bingo.evolutionary_optimizers.evolutionary_optimizer:180, 2.010561e+02, 5966135, 9.163600e-02, 9.163600e-02, 9.163600e-02, 9.463225e-02, 9.952341e-02, 9.975100e-02, 1.015398e-01, 1.258857e-01, 1.535531e-01, 1.687251e-01, 1.690156e-01, 2.192262e-01, 2.224209e-01, 2.580769e-01, 2.853424e-01, 2.983340e-01, 3.111924e-01, 3.441922e-01, 3.441922e-01
INFO:bingo.evolutionary_optimizers.parallel_archipelago:Evolution time 0:00:08.033297	 age 290	 fitness 9.164e-02
Level 25:bingo.evolutionary_optimizers.evolutionary_optimizer:Generation: 190 	 Elapsed time: 0:03:29.327037 	 Best training fitness: 9.163600e-02 	 
Level 25:bingo.evolutionary_optimizers.evolutionary_optimizer:190, 2.093270e+02, 6243207, 9.163600e-02, 9.163600e-02, 9.163600e-02, 9.463225e-02, 9.952341e-02, 9.975100e-02, 1.015398e-01, 1.258857e-01, 1.535531e-01, 1.687251e-01, 1.690156e-01, 2.192262e-01, 2.224209e-01, 2.580769e-01, 2.853424e-01, 2.983340e-01, 3.111924e-01, 3.441922e-01, 3.441922e-01
INFO:bingo.evolutionary_optimizers.parallel_archipelago:Evolution time 0:00:14.298534	 age 310	 fitness 9.164e-02
Level 25:bingo.evolutionary_optimizers.evolutionary_optimizer:Generation: 200 	 Elapsed time: 0:03:43.930714 	 Best training fitness: 9.163600e-02 	 
Level 25:bingo.evolutionary_optimizers.evolutionary_optimizer:200, 2.239307e+02, 6748620, 9.163600e-02, 9.163600e-02, 9.163600e-02, 9.463225e-02, 9.952341e-02, 9.975100e-02, 9.977751e-02, 1.539535e-01, 1.690156e-01, 2.192262e-01, 2.224209e-01, 2.580769e-01, 2.853424e-01, 2.983340e-01, 3.111924e-01, 3.441922e-01, 3.441922e-01
INFO:bingo.evolutionary_optimizers.parallel_archipelago:Evolution time 0:00:08.791671	 age 320	 fitness 9.164e-02
Level 25:bingo.evolutionary_optimizers.evolutionary_optimizer:Generation: 210 	 Elapsed time: 0:03:53.110441 	 Best training fitness: 9.163600e-02 	 
Level 25:bingo.evolutionary_optimizers.evolutionary_optimizer:210, 2.331104e+02, 7053836, 9.163600e-02, 9.163600e-02, 9.163600e-02, 9.463225e-02, 9.952341e-02, 9.975100e-02, 9.975108e-02, 9.977751e-02, 1.539535e-01, 1.690156e-01, 1.953880e-01, 2.224209e-01, 2.580769e-01, 2.853424e-01, 2.983340e-01, 3.111924e-01, 3.441922e-01, 3.441922e-01
INFO:bingo.evolutionary_optimizers.parallel_archipelago:Evolution time 0:00:10.307506	 age 340	 fitness 9.164e-02
Level 25:bingo.evolutionary_optimizers.evolutionary_optimizer:Generation: 220 	 Elapsed time: 0:04:03.744732 	 Best training fitness: 9.163600e-02 	 
Level 25:bingo.evolutionary_optimizers.evolutionary_optimizer:220, 2.437447e+02, 7429796, 9.163600e-02, 9.163600e-02, 9.163600e-02, 9.463225e-02, 9.952341e-02, 9.975100e-02, 9.975108e-02, 9.977751e-02, 1.539535e-01, 1.690156e-01, 1.953880e-01, 2.224209e-01, 2.448511e-01, 2.853424e-01, 2.983340e-01, 3.111924e-01, 3.441922e-01, 3.441922e-01
INFO:bingo.evolutionary_optimizers.parallel_archipelago:Evolution time 0:00:15.968085	 age 360	 fitness 7.764e-02
Level 25:bingo.evolutionary_optimizers.evolutionary_optimizer:Generation: 230 	 Elapsed time: 0:04:20.087926 	 Best training fitness: 7.764213e-02 	 
Level 25:bingo.evolutionary_optimizers.evolutionary_optimizer:230, 2.600879e+02, 7865365, 7.764213e-02, 7.764213e-02, 9.043346e-02, 9.952341e-02, 9.975100e-02, 9.975108e-02, 9.977751e-02, 1.539535e-01, 1.690156e-01, 1.953880e-01, 2.101962e-01, 2.224209e-01, 2.448511e-01, 2.853424e-01, 2.983340e-01, 3.111924e-01, 3.441922e-01, 3.441922e-01
INFO:bingo.evolutionary_optimizers.parallel_archipelago:Evolution time 0:00:20.995379	 age 380	 fitness 7.764e-02
Level 25:bingo.evolutionary_optimizers.evolutionary_optimizer:Generation: 240 	 Elapsed time: 0:04:41.442345 	 Best training fitness: 7.764213e-02 	 
Level 25:bingo.evolutionary_optimizers.evolutionary_optimizer:240, 2.814423e+02, 8386469, 7.764213e-02, 7.764213e-02, 9.043346e-02, 9.952341e-02, 9.975100e-02, 9.975108e-02, 9.977751e-02, 1.347018e-01, 1.539535e-01, 1.690156e-01, 1.690519e-01, 2.224209e-01, 2.448511e-01, 2.853424e-01, 2.983340e-01, 3.111924e-01, 3.441922e-01, 3.441922e-01
INFO:bingo.evolutionary_optimizers.parallel_archipelago:Evolution time 0:00:09.957220	 age 400	 fitness 7.764e-02
Level 25:bingo.evolutionary_optimizers.evolutionary_optimizer:Generation: 250 	 Elapsed time: 0:04:51.756456 	 Best training fitness: 7.764199e-02 	 
Level 25:bingo.evolutionary_optimizers.evolutionary_optimizer:250, 2.917565e+02, 8796350, 7.764199e-02, 7.764199e-02, 7.764213e-02, 9.043346e-02, 9.952341e-02, 9.975100e-02, 9.975108e-02, 9.977751e-02, 1.347018e-01, 1.539535e-01, 1.690156e-01, 1.690519e-01, 2.224209e-01, 2.448511e-01, 2.853424e-01, 2.983340e-01, 3.111924e-01, 3.441922e-01, 3.441922e-01
INFO:bingo.evolutionary_optimizers.parallel_archipelago:Evolution time 0:00:17.451728	 age 430	 fitness 7.753e-02
Level 25:bingo.evolutionary_optimizers.evolutionary_optimizer:Generation: 260 	 Elapsed time: 0:05:09.431726 	 Best training fitness: 7.752934e-02 	 
Level 25:bingo.evolutionary_optimizers.evolutionary_optimizer:260, 3.094317e+02, 9294609, 7.752934e-02, 7.752934e-02, 7.764199e-02, 7.764213e-02, 9.043346e-02, 9.975100e-02, 9.975108e-02, 9.977751e-02, 1.347018e-01, 1.539535e-01, 1.690156e-01, 1.690519e-01, 2.224209e-01, 2.448511e-01, 2.853424e-01, 2.983340e-01, 3.111924e-01, 3.441922e-01, 3.441922e-01
INFO:bingo.evolutionary_optimizers.parallel_archipelago:Evolution time 0:00:13.510050	 age 450	 fitness 6.748e-02
Level 25:bingo.evolutionary_optimizers.evolutionary_optimizer:Generation: 270 	 Elapsed time: 0:05:23.351515 	 Best training fitness: 6.747907e-02 	 
Level 25:bingo.evolutionary_optimizers.evolutionary_optimizer:270, 3.233515e+02, 9707036, 6.747907e-02, 6.747907e-02, 9.043346e-02, 9.975100e-02, 9.975108e-02, 9.977751e-02, 1.347018e-01, 1.539535e-01, 1.690156e-01, 1.690519e-01, 2.224209e-01, 2.448511e-01, 2.853424e-01, 2.983340e-01, 3.111924e-01, 3.441922e-01, 3.441922e-01
INFO:bingo.evolutionary_optimizers.parallel_archipelago:Evolution time 0:00:11.523414	 age 470	 fitness 6.748e-02
Level 25:bingo.evolutionary_optimizers.evolutionary_optimizer:Generation: 280 	 Elapsed time: 0:05:35.251272 	 Best training fitness: 6.747907e-02 	 
Level 25:bingo.evolutionary_optimizers.evolutionary_optimizer:280, 3.352513e+02, 10153036, 6.747907e-02, 6.747907e-02, 9.043346e-02, 9.975100e-02, 9.975108e-02, 9.977751e-02, 1.347018e-01, 1.539535e-01, 1.690156e-01, 1.690519e-01, 2.224209e-01, 2.448511e-01, 2.853424e-01, 2.983340e-01, 3.111924e-01, 3.441922e-01, 3.441922e-01
INFO:bingo.evolutionary_optimizers.parallel_archipelago:Evolution time 0:00:12.237718	 age 490	 fitness 6.737e-02
Level 25:bingo.evolutionary_optimizers.evolutionary_optimizer:Generation: 290 	 Elapsed time: 0:05:47.816115 	 Best training fitness: 6.736594e-02 	 
Level 25:bingo.evolutionary_optimizers.evolutionary_optimizer:290, 3.478161e+02, 10613736, 6.736594e-02, 6.736594e-02, 6.747907e-02, 9.043346e-02, 9.975100e-02, 9.975108e-02, 9.977751e-02, 1.347018e-01, 1.539535e-01, 1.690156e-01, 1.690519e-01, 2.224209e-01, 2.448511e-01, 2.853424e-01, 2.983340e-01, 3.111924e-01, 3.441922e-01, 3.441922e-01
INFO:bingo.evolutionary_optimizers.parallel_archipelago:Evolution time 0:00:12.715677	 age 510	 fitness 6.380e-02
Level 25:bingo.evolutionary_optimizers.evolutionary_optimizer:Generation: 300 	 Elapsed time: 0:06:00.831395 	 Best training fitness: 6.380119e-02 	 
Level 25:bingo.evolutionary_optimizers.evolutionary_optimizer:300, 3.608314e+02, 10985199, 6.380119e-02, 6.380119e-02, 6.628699e-02, 6.736594e-02, 6.747907e-02, 9.043346e-02, 9.975100e-02, 9.975108e-02, 9.977751e-02, 1.347018e-01, 1.539535e-01, 1.690156e-01, 1.690519e-01, 2.224209e-01, 2.448511e-01, 2.853424e-01, 2.983340e-01, 3.111924e-01, 3.441922e-01, 3.441922e-01
INFO:bingo.evolutionary_optimizers.parallel_archipelago:Evolution time 0:00:16.856850	 age 520	 fitness 6.380e-02
Level 25:bingo.evolutionary_optimizers.evolutionary_optimizer:Generation: 310 	 Elapsed time: 0:06:17.934692 	 Best training fitness: 6.380119e-02 	 
Level 25:bingo.evolutionary_optimizers.evolutionary_optimizer:310, 3.779347e+02, 11365816, 6.380119e-02, 6.380119e-02, 6.628699e-02, 6.736594e-02, 6.747907e-02, 9.043346e-02, 9.975100e-02, 9.975108e-02, 9.977751e-02, 1.347018e-01, 1.539535e-01, 1.690156e-01, 1.690519e-01, 2.224209e-01, 2.423717e-01, 2.853424e-01, 2.983340e-01, 3.111924e-01, 3.441922e-01, 3.441922e-01
INFO:bingo.evolutionary_optimizers.parallel_archipelago:Evolution time 0:00:09.287302	 age 530	 fitness 6.227e-02
Level 25:bingo.evolutionary_optimizers.evolutionary_optimizer:Generation: 320 	 Elapsed time: 0:06:27.540636 	 Best training fitness: 6.226613e-02 	 
Level 25:bingo.evolutionary_optimizers.evolutionary_optimizer:320, 3.875406e+02, 11652903, 6.226613e-02, 6.226613e-02, 6.736594e-02, 6.747907e-02, 9.043346e-02, 9.975100e-02, 9.975108e-02, 9.977751e-02, 1.347018e-01, 1.539535e-01, 1.690156e-01, 1.690519e-01, 2.224209e-01, 2.423717e-01, 2.853424e-01, 2.983340e-01, 3.111924e-01, 3.441922e-01, 3.441922e-01
INFO:bingo.evolutionary_optimizers.parallel_archipelago:Evolution time 0:00:10.900723	 age 550	 fitness 6.227e-02
Level 25:bingo.evolutionary_optimizers.evolutionary_optimizer:Generation: 330 	 Elapsed time: 0:06:38.802008 	 Best training fitness: 6.226613e-02 	 
Level 25:bingo.evolutionary_optimizers.evolutionary_optimizer:330, 3.988020e+02, 11991219, 6.226613e-02, 6.226613e-02, 6.584764e-02, 6.747596e-02, 6.747907e-02, 9.043346e-02, 9.975100e-02, 9.975108e-02, 9.977751e-02, 1.347018e-01, 1.539535e-01, 1.690156e-01, 1.690519e-01, 2.224209e-01, 2.423717e-01, 2.853424e-01, 2.983340e-01, 3.111924e-01, 3.441922e-01
INFO:bingo.evolutionary_optimizers.parallel_archipelago:Evolution time 0:00:15.620231	 age 560	 fitness 6.227e-02
Level 25:bingo.evolutionary_optimizers.evolutionary_optimizer:Generation: 340 	 Elapsed time: 0:06:54.831265 	 Best training fitness: 6.226613e-02 	 
Level 25:bingo.evolutionary_optimizers.evolutionary_optimizer:340, 4.148313e+02, 12402334, 6.226613e-02, 6.226613e-02, 6.584764e-02, 6.747596e-02, 6.747907e-02, 9.043346e-02, 9.975100e-02, 9.975108e-02, 9.977751e-02, 1.347018e-01, 1.539535e-01, 1.690156e-01, 1.690519e-01, 2.224209e-01, 2.423717e-01, 2.853424e-01, 2.983340e-01, 3.111924e-01, 3.441922e-01
INFO:bingo.evolutionary_optimizers.parallel_archipelago:Evolution time 0:00:15.685879	 age 580	 fitness 6.227e-02
Level 25:bingo.evolutionary_optimizers.evolutionary_optimizer:Generation: 350 	 Elapsed time: 0:07:10.865420 	 Best training fitness: 6.226613e-02 	 
Level 25:bingo.evolutionary_optimizers.evolutionary_optimizer:350, 4.308654e+02, 12872854, 6.226613e-02, 6.226613e-02, 6.584764e-02, 6.747596e-02, 6.747907e-02, 9.043346e-02, 9.975100e-02, 9.975108e-02, 9.977751e-02, 1.347018e-01, 1.539535e-01, 1.690156e-01, 1.690519e-01, 2.224209e-01, 2.423717e-01, 2.853424e-01, 2.983340e-01, 3.111924e-01, 3.441922e-01
INFO:bingo.evolutionary_optimizers.parallel_archipelago:Evolution time 0:00:06.423742	 age 590	 fitness 6.227e-02
Level 25:bingo.evolutionary_optimizers.evolutionary_optimizer:Generation: 360 	 Elapsed time: 0:07:17.633728 	 Best training fitness: 6.226613e-02 	 
Level 25:bingo.evolutionary_optimizers.evolutionary_optimizer:360, 4.376337e+02, 13133248, 6.226613e-02, 6.226613e-02, 6.584764e-02, 6.747596e-02, 6.747907e-02, 9.043346e-02, 9.975100e-02, 9.975108e-02, 9.977751e-02, 1.347018e-01, 1.539535e-01, 1.690156e-01, 1.690519e-01, 2.224209e-01, 2.423717e-01, 2.853424e-01, 2.983340e-01, 3.111924e-01, 3.441922e-01
INFO:bingo.evolutionary_optimizers.parallel_archipelago:Evolution time 0:00:21.440954	 age 610	 fitness 6.227e-02
Level 25:bingo.evolutionary_optimizers.evolutionary_optimizer:Generation: 370 	 Elapsed time: 0:07:39.446375 	 Best training fitness: 6.226613e-02 	 
Level 25:bingo.evolutionary_optimizers.evolutionary_optimizer:370, 4.594464e+02, 13653656, 6.226613e-02, 6.226613e-02, 6.226613e-02, 6.584764e-02, 6.747596e-02, 6.747907e-02, 9.043346e-02, 9.975100e-02, 9.975108e-02, 9.977751e-02, 1.347018e-01, 1.539535e-01, 1.690156e-01, 1.690156e-01, 2.156153e-01, 2.423717e-01, 2.853424e-01, 2.983340e-01, 3.111924e-01, 3.441922e-01
INFO:bingo.evolutionary_optimizers.parallel_archipelago:Evolution time 0:00:13.626401	 age 620	 fitness 6.225e-02
Level 25:bingo.evolutionary_optimizers.evolutionary_optimizer:Generation: 380 	 Elapsed time: 0:07:53.334601 	 Best training fitness: 6.225101e-02 	 
Level 25:bingo.evolutionary_optimizers.evolutionary_optimizer:380, 4.733346e+02, 13990595, 6.225101e-02, 6.225101e-02, 6.226613e-02, 6.226613e-02, 6.584764e-02, 6.747596e-02, 6.747907e-02, 9.043346e-02, 9.975100e-02, 9.975108e-02, 9.977751e-02, 1.347018e-01, 1.539535e-01, 1.690156e-01, 1.690156e-01, 2.156153e-01, 2.423717e-01, 2.853424e-01, 2.983340e-01, 3.111924e-01, 3.441922e-01
INFO:bingo.evolutionary_optimizers.parallel_archipelago:Evolution time 0:00:13.276131	 age 630	 fitness 5.205e-02
Level 25:bingo.evolutionary_optimizers.evolutionary_optimizer:Generation: 390 	 Elapsed time: 0:08:06.873076 	 Best training fitness: 5.204836e-02 	 
Level 25:bingo.evolutionary_optimizers.evolutionary_optimizer:390, 4.868731e+02, 14318070, 5.204836e-02, 5.204836e-02, 6.226613e-02, 6.584764e-02, 6.747596e-02, 6.747907e-02, 9.043346e-02, 9.975100e-02, 9.975108e-02, 9.977751e-02, 1.347018e-01, 1.539535e-01, 1.690156e-01, 1.690156e-01, 2.156153e-01, 2.423717e-01, 2.853424e-01, 2.983340e-01, 3.111924e-01, 3.441922e-01
INFO:bingo.evolutionary_optimizers.parallel_archipelago:Evolution time 0:00:17.711701	 age 650	 fitness 1.646e-02
Level 25:bingo.evolutionary_optimizers.evolutionary_optimizer:Generation: 400 	 Elapsed time: 0:08:24.971434 	 Best training fitness: 1.646417e-02 	 
Level 25:bingo.evolutionary_optimizers.evolutionary_optimizer:400, 5.049714e+02, 14797164, 1.646417e-02, 1.646417e-02, 5.204836e-02, 6.226613e-02, 6.584764e-02, 6.747596e-02, 6.747907e-02, 9.043346e-02, 9.975100e-02, 9.975108e-02, 9.977751e-02, 1.347018e-01, 1.539535e-01, 1.690156e-01, 1.690156e-01, 2.156153e-01, 2.423717e-01, 2.718106e-01, 2.983340e-01, 3.111924e-01, 3.441922e-01
INFO:bingo.evolutionary_optimizers.parallel_archipelago:Evolution time 0:00:11.133613	 age 660	 fitness 1.646e-02
Level 25:bingo.evolutionary_optimizers.evolutionary_optimizer:Generation: 410 	 Elapsed time: 0:08:36.383323 	 Best training fitness: 1.646417e-02 	 
Level 25:bingo.evolutionary_optimizers.evolutionary_optimizer:410, 5.163833e+02, 15174000, 1.646417e-02, 1.646417e-02, 5.204836e-02, 6.226613e-02, 6.584764e-02, 6.747596e-02, 6.747907e-02, 9.043346e-02, 9.975100e-02, 9.975108e-02, 9.977751e-02, 1.347018e-01, 1.539535e-01, 1.690156e-01, 1.690156e-01, 2.156153e-01, 2.423717e-01, 2.718106e-01, 2.983340e-01, 3.111924e-01, 3.441922e-01
INFO:bingo.evolutionary_optimizers.parallel_archipelago:Evolution time 0:00:15.154721	 age 680	 fitness 1.268e-02
Level 25:bingo.evolutionary_optimizers.evolutionary_optimizer:Generation: 420 	 Elapsed time: 0:08:51.883193 	 Best training fitness: 1.267676e-02 	 
Level 25:bingo.evolutionary_optimizers.evolutionary_optimizer:420, 5.318832e+02, 15675914, 1.267676e-02, 1.267676e-02, 1.498964e-02, 6.226613e-02, 6.584764e-02, 6.747596e-02, 6.747907e-02, 9.043346e-02, 9.975100e-02, 9.975108e-02, 9.977751e-02, 1.347018e-01, 1.457778e-01, 1.690156e-01, 2.156153e-01, 2.423717e-01, 2.718106e-01, 2.983340e-01, 3.111924e-01, 3.441922e-01
INFO:bingo.evolutionary_optimizers.parallel_archipelago:Evolution time 0:00:18.038071	 age 700	 fitness 4.014e-03
Level 25:bingo.evolutionary_optimizers.evolutionary_optimizer:Generation: 430 	 Elapsed time: 0:09:10.316165 	 Best training fitness: 4.013958e-03 	 
Level 25:bingo.evolutionary_optimizers.evolutionary_optimizer:430, 5.503162e+02, 16186738, 4.013958e-03, 4.013958e-03, 1.498964e-02, 4.369505e-02, 6.226613e-02, 6.584764e-02, 6.747596e-02, 6.747907e-02, 9.043346e-02, 9.975100e-02, 9.975108e-02, 9.977751e-02, 1.347018e-01, 1.456707e-01, 1.457778e-01, 1.690156e-01, 2.156153e-01, 2.423717e-01, 2.718106e-01, 2.983340e-01, 3.111924e-01, 3.441922e-01
INFO:bingo.evolutionary_optimizers.parallel_archipelago:Evolution time 0:00:12.063495	 age 710	 fitness 4.014e-03
Level 25:bingo.evolutionary_optimizers.evolutionary_optimizer:Generation: 440 	 Elapsed time: 0:09:22.635896 	 Best training fitness: 4.013958e-03 	 
Level 25:bingo.evolutionary_optimizers.evolutionary_optimizer:440, 5.626359e+02, 16489763, 4.013958e-03, 4.013958e-03, 1.498964e-02, 4.369505e-02, 6.226613e-02, 6.584764e-02, 6.747596e-02, 6.747907e-02, 9.043346e-02, 9.975100e-02, 9.975108e-02, 9.977751e-02, 1.347018e-01, 1.456707e-01, 1.457778e-01, 1.690156e-01, 2.156153e-01, 2.423717e-01, 2.718106e-01, 2.983340e-01, 3.111924e-01, 3.441922e-01
INFO:bingo.evolutionary_optimizers.parallel_archipelago:Evolution time 0:00:07.148608	 age 720	 fitness 4.014e-03
Level 25:bingo.evolutionary_optimizers.evolutionary_optimizer:Generation: 450 	 Elapsed time: 0:09:30.031346 	 Best training fitness: 4.013958e-03 	 
Level 25:bingo.evolutionary_optimizers.evolutionary_optimizer:450, 5.700313e+02, 16746523, 4.013958e-03, 4.013958e-03, 1.498964e-02, 4.369505e-02, 6.226613e-02, 6.584764e-02, 6.747596e-02, 6.747907e-02, 9.043346e-02, 9.975100e-02, 9.975108e-02, 9.977751e-02, 1.347018e-01, 1.456707e-01, 1.457778e-01, 1.690156e-01, 2.156153e-01, 2.423717e-01, 2.718106e-01, 2.983340e-01, 3.111924e-01, 3.441922e-01
INFO:bingo.evolutionary_optimizers.parallel_archipelago:Evolution time 0:00:17.360430	 age 730	 fitness 4.014e-03
Level 25:bingo.evolutionary_optimizers.evolutionary_optimizer:Generation: 460 	 Elapsed time: 0:09:47.647876 	 Best training fitness: 4.013958e-03 	 
Level 25:bingo.evolutionary_optimizers.evolutionary_optimizer:460, 5.876479e+02, 17100674, 4.013958e-03, 4.013958e-03, 1.249345e-02, 1.924116e-02, 6.226613e-02, 6.584764e-02, 6.637348e-02, 1.347018e-01, 1.456707e-01, 1.457778e-01, 1.690156e-01, 2.156153e-01, 2.423717e-01, 2.718106e-01, 2.983340e-01, 3.111924e-01, 3.441922e-01
INFO:bingo.evolutionary_optimizers.parallel_archipelago:Evolution time 0:00:16.275894	 age 750	 fitness 4.014e-03
Level 25:bingo.evolutionary_optimizers.evolutionary_optimizer:Generation: 470 	 Elapsed time: 0:10:04.353542 	 Best training fitness: 4.013958e-03 	 
Level 25:bingo.evolutionary_optimizers.evolutionary_optimizer:470, 6.043535e+02, 17570674, 4.013958e-03, 4.013958e-03, 1.207219e-02, 1.690156e-01, 2.156153e-01, 2.423717e-01, 2.718106e-01, 2.983340e-01, 3.111924e-01, 3.441922e-01
INFO:bingo.evolutionary_optimizers.parallel_archipelago:Evolution time 0:00:16.467721	 age 770	 fitness 5.429e-16
Level 25:bingo.evolutionary_optimizers.evolutionary_optimizer:Generation: 480 	 Elapsed time: 0:10:21.172137 	 Best training fitness: 5.428991e-16 	 
Level 25:bingo.evolutionary_optimizers.evolutionary_optimizer:480, 6.211721e+02, 18067976, 5.428991e-16, 5.428991e-16, 5.584422e-16, 1.207219e-02, 1.737899e-02, 2.156153e-01, 2.423717e-01, 2.718106e-01, 2.983340e-01, 3.111924e-01, 3.441922e-01
Level 25:bingo.evolutionary_optimizers.evolutionary_optimizer:Evolution successfully converged.
Level 25:bingo.evolutionary_optimizers.evolutionary_optimizer:  Absolte convergence occurred with best fitness < 1e-10
Level 25:bingo.evolutionary_optimizers.evolutionary_optimizer:Hall of Fame:
5.428990590417015e-16	15	sin(log((X_0)(X_0) + ((X_0)(X_0) + log((0.018974)(X_1)))(0.000000) + (X_1)(X_1)))
5.584421813864538e-16	13	sin(log((X_0)(X_0) + ((X_0)(X_0) + log(0.018974))(0.000000) + (X_1)(X_1)))
0.012072192727372321	10	sin(log((X_0)(X_0) + log(sin(X_0)) + (X_1)(X_1)))
0.017378992089602297	9	sin(log((X_0)(X_0) + sin(X_0) + (X_1)(X_1)))
0.2156153272275035	8	sin(log(log(log(log((X_0)(X_1))))))
0.24237172234268967	7	sin(log((X_0)((X_1)(3.333333))))
0.2718105794046761	6	(log((X_0)(X_1)))(-0.223731)
0.2983339586598311	5	-0.303477 + (-0.303477)(log(X_1))
0.3111924468682272	4	(log(X_1))(-0.434294)
0.3441921894629212	1	-0.904229
