Level 25:bingo.evolutionary_optimizers.evolutionary_optimizer:#generational_age, elapsed_time, fitness_evaluation_count, current_training_fitness, hall_of_fame_fitnesses
Level 25:bingo.evolutionary_optimizers.evolutionary_optimizer:#generational_age, elapsed_time, fitness_evaluation_count, current_training_fitness, hall_of_fame_fitnesses
Level 25:bingo.evolutionary_optimizers.evolutionary_optimizer:Generation: 0 	 Elapsed time: 0:00:00.759162 	 Best training fitness: 3.055876e-01 	 
Level 25:bingo.evolutionary_optimizers.evolutionary_optimizer:0, 7.591620e-01, 28124, 3.055876e-01
INFO:bingo.evolutionary_optimizers.parallel_archipelago:Evolution time 0:00:05.141020	 age 30	 fitness 2.434e-01
Level 25:bingo.evolutionary_optimizers.evolutionary_optimizer:Generation: 10 	 Elapsed time: 0:00:06.220871 	 Best training fitness: 2.433838e-01 	 
Level 25:bingo.evolutionary_optimizers.evolutionary_optimizer:10, 6.220871e+00, 265685, 2.433838e-01, 2.433838e-01, 2.892519e-01, 2.970166e-01, 3.061743e-01, 3.111924e-01, 3.441922e-01, 3.441922e-01
INFO:bingo.evolutionary_optimizers.parallel_archipelago:Evolution time 0:00:05.685175	 age 40	 fitness 1.695e-01
Level 25:bingo.evolutionary_optimizers.evolutionary_optimizer:Generation: 20 	 Elapsed time: 0:00:12.235484 	 Best training fitness: 1.695174e-01 	 
Level 25:bingo.evolutionary_optimizers.evolutionary_optimizer:20, 1.223548e+01, 524634, 1.695174e-01, 1.695174e-01, 1.804213e-01, 2.159164e-01, 2.237796e-01, 2.970166e-01, 3.061743e-01, 3.111924e-01, 3.441922e-01, 3.441922e-01
INFO:bingo.evolutionary_optimizers.parallel_archipelago:Evolution time 0:00:08.979765	 age 60	 fitness 1.614e-01
Level 25:bingo.evolutionary_optimizers.evolutionary_optimizer:Generation: 30 	 Elapsed time: 0:00:21.477251 	 Best training fitness: 1.614380e-01 	 
Level 25:bingo.evolutionary_optimizers.evolutionary_optimizer:30, 2.147725e+01, 907064, 1.614380e-01, 1.614380e-01, 1.695174e-01, 1.804213e-01, 2.075775e-01, 2.159164e-01, 2.237796e-01, 2.580769e-01, 3.061743e-01, 3.111924e-01, 3.441922e-01
INFO:bingo.evolutionary_optimizers.parallel_archipelago:Evolution time 0:00:04.193635	 age 80	 fitness 1.614e-01
Level 25:bingo.evolutionary_optimizers.evolutionary_optimizer:Generation: 40 	 Elapsed time: 0:00:25.879323 	 Best training fitness: 1.614380e-01 	 
Level 25:bingo.evolutionary_optimizers.evolutionary_optimizer:40, 2.587932e+01, 1157737, 1.614380e-01, 1.614380e-01, 1.695174e-01, 1.804213e-01, 2.075775e-01, 2.159164e-01, 2.237796e-01, 2.580769e-01, 3.061743e-01, 3.111924e-01, 3.441922e-01
INFO:bingo.evolutionary_optimizers.parallel_archipelago:Evolution time 0:00:08.259147	 age 100	 fitness 1.606e-01
Level 25:bingo.evolutionary_optimizers.evolutionary_optimizer:Generation: 50 	 Elapsed time: 0:00:34.344636 	 Best training fitness: 1.605945e-01 	 
Level 25:bingo.evolutionary_optimizers.evolutionary_optimizer:50, 3.434464e+01, 1552100, 1.605945e-01, 1.605945e-01, 1.614380e-01, 1.690581e-01, 1.804213e-01, 2.075775e-01, 2.159164e-01, 2.237796e-01, 2.580769e-01, 3.061743e-01, 3.111924e-01, 3.441922e-01
INFO:bingo.evolutionary_optimizers.parallel_archipelago:Evolution time 0:00:07.111222	 age 120	 fitness 1.603e-01
Level 25:bingo.evolutionary_optimizers.evolutionary_optimizer:Generation: 60 	 Elapsed time: 0:00:41.662281 	 Best training fitness: 1.603276e-01 	 
Level 25:bingo.evolutionary_optimizers.evolutionary_optimizer:60, 4.166228e+01, 1943765, 1.603276e-01, 1.603276e-01, 1.605945e-01, 1.614380e-01, 1.690156e-01, 2.159164e-01, 2.237796e-01, 2.580769e-01, 3.061743e-01, 3.111924e-01, 3.441922e-01
INFO:bingo.evolutionary_optimizers.parallel_archipelago:Evolution time 0:00:09.839648	 age 140	 fitness 1.514e-01
Level 25:bingo.evolutionary_optimizers.evolutionary_optimizer:Generation: 70 	 Elapsed time: 0:00:51.707346 	 Best training fitness: 1.513897e-01 	 
Level 25:bingo.evolutionary_optimizers.evolutionary_optimizer:70, 5.170735e+01, 2356652, 1.513897e-01, 1.513897e-01, 1.649981e-01, 1.690156e-01, 2.159164e-01, 2.237796e-01, 2.580769e-01, 3.061743e-01, 3.111924e-01, 3.441922e-01
INFO:bingo.evolutionary_optimizers.parallel_archipelago:Evolution time 0:00:10.223851	 age 160	 fitness 1.514e-01
Level 25:bingo.evolutionary_optimizers.evolutionary_optimizer:Generation: 80 	 Elapsed time: 0:01:02.194808 	 Best training fitness: 1.513897e-01 	 
Level 25:bingo.evolutionary_optimizers.evolutionary_optimizer:80, 6.219481e+01, 2813685, 1.513897e-01, 1.513897e-01, 1.649981e-01, 1.690156e-01, 1.989221e-01, 2.237796e-01, 2.580769e-01, 2.989944e-01, 3.111924e-01, 3.441922e-01
INFO:bingo.evolutionary_optimizers.parallel_archipelago:Evolution time 0:00:05.326727	 age 170	 fitness 1.067e-01
Level 25:bingo.evolutionary_optimizers.evolutionary_optimizer:Generation: 90 	 Elapsed time: 0:01:07.729246 	 Best training fitness: 1.067258e-01 	 
Level 25:bingo.evolutionary_optimizers.evolutionary_optimizer:90, 6.772925e+01, 3092680, 1.067258e-01, 1.067258e-01, 1.067258e-01, 1.486082e-01, 1.513897e-01, 1.649981e-01, 1.690156e-01, 1.989221e-01, 2.237796e-01, 2.580769e-01, 2.989944e-01, 3.111924e-01, 3.441922e-01
INFO:bingo.evolutionary_optimizers.parallel_archipelago:Evolution time 0:00:10.696887	 age 180	 fitness 1.067e-01
Level 25:bingo.evolutionary_optimizers.evolutionary_optimizer:Generation: 100 	 Elapsed time: 0:01:18.706673 	 Best training fitness: 1.067258e-01 	 
Level 25:bingo.evolutionary_optimizers.evolutionary_optimizer:100, 7.870667e+01, 3494949, 1.067258e-01, 1.067258e-01, 1.444504e-01, 1.690156e-01, 1.989221e-01, 2.237796e-01, 2.580769e-01, 2.989944e-01, 3.111924e-01, 3.441922e-01
INFO:bingo.evolutionary_optimizers.parallel_archipelago:Evolution time 0:00:05.844345	 age 190	 fitness 1.067e-01
Level 25:bingo.evolutionary_optimizers.evolutionary_optimizer:Generation: 110 	 Elapsed time: 0:01:24.756050 	 Best training fitness: 1.067258e-01 	 
Level 25:bingo.evolutionary_optimizers.evolutionary_optimizer:110, 8.475605e+01, 3789477, 1.067258e-01, 1.067258e-01, 1.444504e-01, 1.690156e-01, 1.989221e-01, 2.237796e-01, 2.580769e-01, 2.989944e-01, 3.111924e-01, 3.441922e-01
INFO:bingo.evolutionary_optimizers.parallel_archipelago:Evolution time 0:00:08.550920	 age 210	 fitness 5.419e-02
Level 25:bingo.evolutionary_optimizers.evolutionary_optimizer:Generation: 120 	 Elapsed time: 0:01:33.518640 	 Best training fitness: 5.419268e-02 	 
Level 25:bingo.evolutionary_optimizers.evolutionary_optimizer:120, 9.351864e+01, 4214345, 5.419268e-02, 5.419268e-02, 7.477936e-02, 1.384853e-01, 1.444504e-01, 1.690156e-01, 1.909326e-01, 2.237796e-01, 2.580769e-01, 2.989944e-01, 3.111924e-01, 3.441922e-01
INFO:bingo.evolutionary_optimizers.parallel_archipelago:Evolution time 0:00:08.216661	 age 230	 fitness 5.419e-02
Level 25:bingo.evolutionary_optimizers.evolutionary_optimizer:Generation: 130 	 Elapsed time: 0:01:41.945984 	 Best training fitness: 5.419268e-02 	 
Level 25:bingo.evolutionary_optimizers.evolutionary_optimizer:130, 1.019460e+02, 4635498, 5.419268e-02, 5.419268e-02, 7.477936e-02, 9.657979e-02, 1.444504e-01, 1.690156e-01, 1.738339e-01, 2.237796e-01, 2.580769e-01, 2.989944e-01, 3.111924e-01, 3.441922e-01
INFO:bingo.evolutionary_optimizers.parallel_archipelago:Evolution time 0:00:08.615906	 age 250	 fitness 6.933e-12
Level 25:bingo.evolutionary_optimizers.evolutionary_optimizer:Generation: 140 	 Elapsed time: 0:01:50.770039 	 Best training fitness: 6.933468e-12 	 
Level 25:bingo.evolutionary_optimizers.evolutionary_optimizer:140, 1.107700e+02, 5049604, 6.933468e-12, 6.933468e-12, 1.456983e-02, 9.657979e-02, 1.050449e-01, 1.738339e-01, 2.237796e-01, 2.580769e-01, 2.989944e-01, 3.111924e-01, 3.441922e-01
Level 25:bingo.evolutionary_optimizers.evolutionary_optimizer:Evolution successfully converged.
Level 25:bingo.evolutionary_optimizers.evolutionary_optimizer:  Absolte convergence occurred with best fitness < 1e-10
Level 25:bingo.evolutionary_optimizers.evolutionary_optimizer:Hall of Fame:
6.933468243985885e-12	20	(sin(((0.633542 + 0.633542)((log((X_0)(X_0) + (X_1)(X_1)))(0.633542 + 0.633542)))(-0.622859) + 6.283185))(-1.000525 + (-0.022913)(-0.022913))
0.014569833495873296	17	sin(log(sin(X_1 + X_1) + (X_0)(X_0) + (sin(-0.112482))(X_1) + ((X_1 + X_1)(X_1))(0.500000)))
0.09657978826880628	15	sin(log(sin(X_1 + X_1) + (X_0)(X_0) + sin(X_1) + ((X_1 + X_1)(X_1))(0.701098)))
0.10504493069931947	12	sin(log(X_1 + X_1 + (X_0)(X_0) + sin(1.570796) + (X_1)(X_1)))
0.17383390359264733	8	sin(log((X_0)(X_0) + (X_1 + X_1)(X_1)))
0.22377961354231302	7	(log(log((X_0)(X_1))))(-0.741356)
0.2580769222049108	6	(log((X_0)(X_1)))(-0.245668)
0.2989944439801725	5	(log(X_1 + X_1))(-0.332305)
0.31119244686822745	4	(log(X_1))(-0.434294)
0.3441921894629212	1	-0.904229
