Level 25:bingo.evolutionary_optimizers.evolutionary_optimizer:#generational_age, elapsed_time, fitness_evaluation_count, current_training_fitness, hall_of_fame_fitnesses
Level 25:bingo.evolutionary_optimizers.evolutionary_optimizer:#generational_age, elapsed_time, fitness_evaluation_count, current_training_fitness, hall_of_fame_fitnesses
Level 25:bingo.evolutionary_optimizers.evolutionary_optimizer:Generation: 0 	 Elapsed time: 0:00:00.796070 	 Best training fitness: 2.468965e-01 	 
Level 25:bingo.evolutionary_optimizers.evolutionary_optimizer:0, 7.960700e-01, 29020, 2.468965e-01
INFO:bingo.evolutionary_optimizers.parallel_archipelago:Evolution time 0:00:09.454841	 age 40	 fitness 2.446e-01
Level 25:bingo.evolutionary_optimizers.evolutionary_optimizer:Generation: 10 	 Elapsed time: 0:00:10.551674 	 Best training fitness: 2.445719e-01 	 
Level 25:bingo.evolutionary_optimizers.evolutionary_optimizer:10, 1.055167e+01, 360796, 2.445719e-01, 2.445719e-01, 2.445719e-01, 2.593641e-01, 2.798592e-01, 3.061743e-01, 3.117899e-01, 3.441922e-01, 3.441922e-01
INFO:bingo.evolutionary_optimizers.parallel_archipelago:Evolution time 0:00:11.050666	 age 60	 fitness 1.690e-01
Level 25:bingo.evolutionary_optimizers.evolutionary_optimizer:Generation: 20 	 Elapsed time: 0:00:21.937418 	 Best training fitness: 1.690301e-01 	 
Level 25:bingo.evolutionary_optimizers.evolutionary_optimizer:20, 2.193742e+01, 638781, 1.690301e-01, 1.690301e-01, 2.423717e-01, 2.798592e-01, 2.989944e-01, 3.111924e-01, 3.441922e-01, 3.441922e-01
INFO:bingo.evolutionary_optimizers.parallel_archipelago:Evolution time 0:00:15.607784	 age 90	 fitness 1.690e-01
Level 25:bingo.evolutionary_optimizers.evolutionary_optimizer:Generation: 30 	 Elapsed time: 0:00:37.873339 	 Best training fitness: 1.690156e-01 	 
Level 25:bingo.evolutionary_optimizers.evolutionary_optimizer:30, 3.787334e+01, 1016719, 1.690156e-01, 1.690156e-01, 2.423717e-01, 2.798592e-01, 2.989944e-01, 3.111924e-01, 3.441922e-01, 3.441922e-01
INFO:bingo.evolutionary_optimizers.parallel_archipelago:Evolution time 0:00:13.143680	 age 110	 fitness 1.677e-01
Level 25:bingo.evolutionary_optimizers.evolutionary_optimizer:Generation: 40 	 Elapsed time: 0:00:51.365723 	 Best training fitness: 1.676874e-01 	 
Level 25:bingo.evolutionary_optimizers.evolutionary_optimizer:40, 5.136572e+01, 1288262, 1.676874e-01, 1.676874e-01, 1.687250e-01, 1.690156e-01, 1.690156e-01, 2.423717e-01, 2.798592e-01, 2.970170e-01, 2.989944e-01, 3.111924e-01, 3.441922e-01, 3.441922e-01
INFO:bingo.evolutionary_optimizers.parallel_archipelago:Evolution time 0:00:08.530762	 age 140	 fitness 1.677e-01
Level 25:bingo.evolutionary_optimizers.evolutionary_optimizer:Generation: 50 	 Elapsed time: 0:01:00.231251 	 Best training fitness: 1.676874e-01 	 
Level 25:bingo.evolutionary_optimizers.evolutionary_optimizer:50, 6.023125e+01, 1639422, 1.676874e-01, 1.676874e-01, 1.687250e-01, 1.687250e-01, 1.687251e-01, 1.690156e-01, 2.423717e-01, 2.798592e-01, 2.970170e-01, 2.989944e-01, 3.111924e-01, 3.441922e-01, 3.441922e-01
INFO:bingo.evolutionary_optimizers.parallel_archipelago:Evolution time 0:00:13.529044	 age 180	 fitness 1.536e-01
Level 25:bingo.evolutionary_optimizers.evolutionary_optimizer:Generation: 60 	 Elapsed time: 0:01:14.113691 	 Best training fitness: 1.536109e-01 	 
Level 25:bingo.evolutionary_optimizers.evolutionary_optimizer:60, 7.411369e+01, 2067510, 1.536109e-01, 1.536109e-01, 1.632245e-01, 1.687251e-01, 1.690156e-01, 2.423717e-01, 2.798592e-01, 2.970170e-01, 2.989944e-01, 3.111924e-01, 3.441922e-01, 3.441922e-01
INFO:bingo.evolutionary_optimizers.parallel_archipelago:Evolution time 0:00:18.712514	 age 210	 fitness 1.259e-01
Level 25:bingo.evolutionary_optimizers.evolutionary_optimizer:Generation: 70 	 Elapsed time: 0:01:33.174394 	 Best training fitness: 1.258857e-01 	 
Level 25:bingo.evolutionary_optimizers.evolutionary_optimizer:70, 9.317439e+01, 2570149, 1.258857e-01, 1.258857e-01, 1.687251e-01, 1.690156e-01, 2.224209e-01, 2.798592e-01, 2.970170e-01, 2.989944e-01, 3.111924e-01, 3.441922e-01, 3.441922e-01
INFO:bingo.evolutionary_optimizers.parallel_archipelago:Evolution time 0:00:06.075643	 age 230	 fitness 1.203e-01
Level 25:bingo.evolutionary_optimizers.evolutionary_optimizer:Generation: 80 	 Elapsed time: 0:01:39.559032 	 Best training fitness: 1.203069e-01 	 
Level 25:bingo.evolutionary_optimizers.evolutionary_optimizer:80, 9.955903e+01, 2816598, 1.203069e-01, 1.203069e-01, 1.203071e-01, 1.258857e-01, 1.535531e-01, 1.687251e-01, 1.690156e-01, 2.224209e-01, 2.798592e-01, 2.970170e-01, 2.983340e-01, 3.111924e-01, 3.441922e-01, 3.441922e-01
INFO:bingo.evolutionary_optimizers.parallel_archipelago:Evolution time 0:00:14.279284	 age 290	 fitness 1.153e-01
Level 25:bingo.evolutionary_optimizers.evolutionary_optimizer:Generation: 90 	 Elapsed time: 0:01:54.249929 	 Best training fitness: 1.152619e-01 	 
Level 25:bingo.evolutionary_optimizers.evolutionary_optimizer:90, 1.142499e+02, 3343589, 1.152619e-01, 1.152619e-01, 1.203069e-01, 1.203071e-01, 1.247293e-01, 1.258857e-01, 1.535531e-01, 1.687251e-01, 1.690156e-01, 2.224209e-01, 2.798592e-01, 2.970170e-01, 2.983340e-01, 3.111924e-01, 3.441922e-01, 3.441922e-01
INFO:bingo.evolutionary_optimizers.parallel_archipelago:Evolution time 0:00:10.249299	 age 310	 fitness 9.975e-02
Level 25:bingo.evolutionary_optimizers.evolutionary_optimizer:Generation: 100 	 Elapsed time: 0:02:04.839597 	 Best training fitness: 9.975100e-02 	 
Level 25:bingo.evolutionary_optimizers.evolutionary_optimizer:100, 1.248396e+02, 3719288, 9.975100e-02, 9.975100e-02, 1.247293e-01, 1.258857e-01, 1.535531e-01, 1.687251e-01, 1.690156e-01, 2.192262e-01, 2.224209e-01, 2.798592e-01, 2.970170e-01, 2.983340e-01, 3.111924e-01, 3.441922e-01, 3.441922e-01
INFO:bingo.evolutionary_optimizers.parallel_archipelago:Evolution time 0:00:08.616512	 age 330	 fitness 9.952e-02
Level 25:bingo.evolutionary_optimizers.evolutionary_optimizer:Generation: 110 	 Elapsed time: 0:02:13.802534 	 Best training fitness: 9.951959e-02 	 
Level 25:bingo.evolutionary_optimizers.evolutionary_optimizer:110, 1.338025e+02, 4081063, 9.951959e-02, 9.951959e-02, 9.952341e-02, 9.975100e-02, 1.153547e-01, 1.258857e-01, 1.535531e-01, 1.687251e-01, 1.690156e-01, 2.192262e-01, 2.224209e-01, 2.677315e-01, 2.853424e-01, 2.983340e-01, 3.111924e-01, 3.441922e-01, 3.441922e-01
INFO:bingo.evolutionary_optimizers.parallel_archipelago:Evolution time 0:00:08.938501	 age 340	 fitness 9.164e-02
Level 25:bingo.evolutionary_optimizers.evolutionary_optimizer:Generation: 120 	 Elapsed time: 0:02:23.106416 	 Best training fitness: 9.163600e-02 	 
Level 25:bingo.evolutionary_optimizers.evolutionary_optimizer:120, 1.431064e+02, 4331804, 9.163600e-02, 9.163600e-02, 9.951959e-02, 9.952341e-02, 9.975100e-02, 1.153547e-01, 1.258857e-01, 1.535531e-01, 1.687251e-01, 1.690156e-01, 2.192262e-01, 2.224209e-01, 2.580769e-01, 2.853424e-01, 2.983340e-01, 3.111924e-01, 3.441922e-01, 3.441922e-01
INFO:bingo.evolutionary_optimizers.parallel_archipelago:Evolution time 0:00:14.847817	 age 350	 fitness 9.164e-02
Level 25:bingo.evolutionary_optimizers.evolutionary_optimizer:Generation: 130 	 Elapsed time: 0:02:38.195531 	 Best training fitness: 9.163600e-02 	 
Level 25:bingo.evolutionary_optimizers.evolutionary_optimizer:130, 1.581955e+02, 4667298, 9.163600e-02, 9.163600e-02, 9.163600e-02, 9.951959e-02, 9.952341e-02, 9.975100e-02, 1.153547e-01, 1.258857e-01, 1.535531e-01, 1.687251e-01, 1.690156e-01, 2.192262e-01, 2.224209e-01, 2.580769e-01, 2.853424e-01, 2.983340e-01, 3.111924e-01, 3.441922e-01, 3.441922e-01
INFO:bingo.evolutionary_optimizers.parallel_archipelago:Evolution time 0:00:14.697288	 age 360	 fitness 9.164e-02
Level 25:bingo.evolutionary_optimizers.evolutionary_optimizer:Generation: 140 	 Elapsed time: 0:02:53.122178 	 Best training fitness: 9.163600e-02 	 
Level 25:bingo.evolutionary_optimizers.evolutionary_optimizer:140, 1.731222e+02, 4990302, 9.163600e-02, 9.163600e-02, 9.163600e-02, 9.163600e-02, 9.951959e-02, 9.952341e-02, 9.975100e-02, 1.153547e-01, 1.258857e-01, 1.535531e-01, 1.687251e-01, 1.690156e-01, 2.192262e-01, 2.224209e-01, 2.580769e-01, 2.853424e-01, 2.983340e-01, 3.111924e-01, 3.441922e-01, 3.441922e-01
INFO:bingo.evolutionary_optimizers.parallel_archipelago:Evolution time 0:00:05.623366	 age 370	 fitness 9.164e-02
Level 25:bingo.evolutionary_optimizers.evolutionary_optimizer:Generation: 150 	 Elapsed time: 0:02:58.994969 	 Best training fitness: 9.163600e-02 	 
Level 25:bingo.evolutionary_optimizers.evolutionary_optimizer:150, 1.789950e+02, 5213400, 9.163600e-02, 9.163600e-02, 9.163600e-02, 9.163600e-02, 9.951959e-02, 9.952341e-02, 9.975100e-02, 1.153547e-01, 1.258857e-01, 1.535531e-01, 1.687251e-01, 1.690156e-01, 2.192262e-01, 2.224209e-01, 2.580769e-01, 2.853424e-01, 2.983340e-01, 3.111924e-01, 3.441922e-01, 3.441922e-01
INFO:bingo.evolutionary_optimizers.parallel_archipelago:Evolution time 0:00:05.715255	 age 380	 fitness 9.164e-02
Level 25:bingo.evolutionary_optimizers.evolutionary_optimizer:Generation: 160 	 Elapsed time: 0:03:04.922314 	 Best training fitness: 9.163600e-02 	 
Level 25:bingo.evolutionary_optimizers.evolutionary_optimizer:160, 1.849223e+02, 5440757, 9.163600e-02, 9.163600e-02, 9.163600e-02, 9.951959e-02, 9.952341e-02, 9.975100e-02, 1.015456e-01, 1.258857e-01, 1.535531e-01, 1.687251e-01, 1.690156e-01, 2.192262e-01, 2.224209e-01, 2.580769e-01, 2.853424e-01, 2.983340e-01, 3.111924e-01, 3.441922e-01, 3.441922e-01
INFO:bingo.evolutionary_optimizers.parallel_archipelago:Evolution time 0:00:05.982366	 age 390	 fitness 9.164e-02
Level 25:bingo.evolutionary_optimizers.evolutionary_optimizer:Generation: 170 	 Elapsed time: 0:03:11.129848 	 Best training fitness: 9.163600e-02 	 
Level 25:bingo.evolutionary_optimizers.evolutionary_optimizer:170, 1.911298e+02, 5687264, 9.163600e-02, 9.163600e-02, 9.163600e-02, 9.463225e-02, 9.952341e-02, 9.975100e-02, 1.015456e-01, 1.258857e-01, 1.535531e-01, 1.687251e-01, 1.690156e-01, 2.192262e-01, 2.224209e-01, 2.580769e-01, 2.853424e-01, 2.983340e-01, 3.111924e-01, 3.441922e-01, 3.441922e-01
INFO:bingo.evolutionary_optimizers.parallel_archipelago:Evolution time 0:00:09.575326	 age 400	 fitness 9.164e-02
Level 25:bingo.evolutionary_optimizers.evolutionary_optimizer:Generation: 180 	 Elapsed time: 0:03:21.087957 	 Best training fitness: 9.163600e-02 	 
Level 25:bingo.evolutionary_optimizers.evolutionary_optimizer:180, 2.010880e+02, 5966135, 9.163600e-02, 9.163600e-02, 9.163600e-02, 9.463225e-02, 9.952341e-02, 9.975100e-02, 1.015398e-01, 1.258857e-01, 1.535531e-01, 1.687251e-01, 1.690156e-01, 2.192262e-01, 2.224209e-01, 2.580769e-01, 2.853424e-01, 2.983340e-01, 3.111924e-01, 3.441922e-01, 3.441922e-01
INFO:bingo.evolutionary_optimizers.parallel_archipelago:Evolution time 0:00:08.028920	 age 420	 fitness 9.164e-02
Level 25:bingo.evolutionary_optimizers.evolutionary_optimizer:Generation: 190 	 Elapsed time: 0:03:29.358925 	 Best training fitness: 9.163600e-02 	 
Level 25:bingo.evolutionary_optimizers.evolutionary_optimizer:190, 2.093589e+02, 6243207, 9.163600e-02, 9.163600e-02, 9.163600e-02, 9.463225e-02, 9.952341e-02, 9.975100e-02, 1.015398e-01, 1.258857e-01, 1.535531e-01, 1.687251e-01, 1.690156e-01, 2.192262e-01, 2.224209e-01, 2.580769e-01, 2.853424e-01, 2.983340e-01, 3.111924e-01, 3.441922e-01, 3.441922e-01
INFO:bingo.evolutionary_optimizers.parallel_archipelago:Evolution time 0:00:14.298275	 age 450	 fitness 9.164e-02
Level 25:bingo.evolutionary_optimizers.evolutionary_optimizer:Generation: 200 	 Elapsed time: 0:03:43.962621 	 Best training fitness: 9.163600e-02 	 
Level 25:bingo.evolutionary_optimizers.evolutionary_optimizer:200, 2.239626e+02, 6748620, 9.163600e-02, 9.163600e-02, 9.163600e-02, 9.463225e-02, 9.952341e-02, 9.975100e-02, 9.977751e-02, 1.539535e-01, 1.690156e-01, 2.192262e-01, 2.224209e-01, 2.580769e-01, 2.853424e-01, 2.983340e-01, 3.111924e-01, 3.441922e-01, 3.441922e-01
INFO:bingo.evolutionary_optimizers.parallel_archipelago:Evolution time 0:00:08.791785	 age 460	 fitness 9.164e-02
Level 25:bingo.evolutionary_optimizers.evolutionary_optimizer:Generation: 210 	 Elapsed time: 0:03:53.142346 	 Best training fitness: 9.163600e-02 	 
Level 25:bingo.evolutionary_optimizers.evolutionary_optimizer:210, 2.331423e+02, 7053836, 9.163600e-02, 9.163600e-02, 9.163600e-02, 9.463225e-02, 9.952341e-02, 9.975100e-02, 9.975108e-02, 9.977751e-02, 1.539535e-01, 1.690156e-01, 1.953880e-01, 2.224209e-01, 2.580769e-01, 2.853424e-01, 2.983340e-01, 3.111924e-01, 3.441922e-01, 3.441922e-01
INFO:bingo.evolutionary_optimizers.parallel_archipelago:Evolution time 0:00:10.311439	 age 480	 fitness 9.164e-02
Level 25:bingo.evolutionary_optimizers.evolutionary_optimizer:Generation: 220 	 Elapsed time: 0:04:03.776611 	 Best training fitness: 9.163600e-02 	 
Level 25:bingo.evolutionary_optimizers.evolutionary_optimizer:220, 2.437766e+02, 7429796, 9.163600e-02, 9.163600e-02, 9.163600e-02, 9.463225e-02, 9.952341e-02, 9.975100e-02, 9.975108e-02, 9.977751e-02, 1.539535e-01, 1.690156e-01, 1.953880e-01, 2.224209e-01, 2.448511e-01, 2.853424e-01, 2.983340e-01, 3.111924e-01, 3.441922e-01, 3.441922e-01
INFO:bingo.evolutionary_optimizers.parallel_archipelago:Evolution time 0:00:15.964299	 age 520	 fitness 7.764e-02
Level 25:bingo.evolutionary_optimizers.evolutionary_optimizer:Generation: 230 	 Elapsed time: 0:04:20.119805 	 Best training fitness: 7.764213e-02 	 
Level 25:bingo.evolutionary_optimizers.evolutionary_optimizer:230, 2.601198e+02, 7865365, 7.764213e-02, 7.764213e-02, 9.043346e-02, 9.952341e-02, 9.975100e-02, 9.975108e-02, 9.977751e-02, 1.539535e-01, 1.690156e-01, 1.953880e-01, 2.101962e-01, 2.224209e-01, 2.448511e-01, 2.853424e-01, 2.983340e-01, 3.111924e-01, 3.441922e-01, 3.441922e-01
INFO:bingo.evolutionary_optimizers.parallel_archipelago:Evolution time 0:00:20.995150	 age 540	 fitness 7.764e-02
Level 25:bingo.evolutionary_optimizers.evolutionary_optimizer:Generation: 240 	 Elapsed time: 0:04:41.474303 	 Best training fitness: 7.764213e-02 	 
Level 25:bingo.evolutionary_optimizers.evolutionary_optimizer:240, 2.814743e+02, 8386469, 7.764213e-02, 7.764213e-02, 9.043346e-02, 9.952341e-02, 9.975100e-02, 9.975108e-02, 9.977751e-02, 1.347018e-01, 1.539535e-01, 1.690156e-01, 1.690519e-01, 2.224209e-01, 2.448511e-01, 2.853424e-01, 2.983340e-01, 3.111924e-01, 3.441922e-01, 3.441922e-01
INFO:bingo.evolutionary_optimizers.parallel_archipelago:Evolution time 0:00:09.953620	 age 560	 fitness 7.764e-02
Level 25:bingo.evolutionary_optimizers.evolutionary_optimizer:Generation: 250 	 Elapsed time: 0:04:51.788369 	 Best training fitness: 7.764199e-02 	 
Level 25:bingo.evolutionary_optimizers.evolutionary_optimizer:250, 2.917884e+02, 8796350, 7.764199e-02, 7.764199e-02, 7.764213e-02, 9.043346e-02, 9.952341e-02, 9.975100e-02, 9.975108e-02, 9.977751e-02, 1.347018e-01, 1.539535e-01, 1.690156e-01, 1.690519e-01, 2.224209e-01, 2.448511e-01, 2.853424e-01, 2.983340e-01, 3.111924e-01, 3.441922e-01, 3.441922e-01
INFO:bingo.evolutionary_optimizers.parallel_archipelago:Evolution time 0:00:17.447801	 age 580	 fitness 7.753e-02
Level 25:bingo.evolutionary_optimizers.evolutionary_optimizer:Generation: 260 	 Elapsed time: 0:05:09.463576 	 Best training fitness: 7.752934e-02 	 
Level 25:bingo.evolutionary_optimizers.evolutionary_optimizer:260, 3.094636e+02, 9294609, 7.752934e-02, 7.752934e-02, 7.764199e-02, 7.764213e-02, 9.043346e-02, 9.975100e-02, 9.975108e-02, 9.977751e-02, 1.347018e-01, 1.539535e-01, 1.690156e-01, 1.690519e-01, 2.224209e-01, 2.448511e-01, 2.853424e-01, 2.983340e-01, 3.111924e-01, 3.441922e-01, 3.441922e-01
INFO:bingo.evolutionary_optimizers.parallel_archipelago:Evolution time 0:00:13.510210	 age 600	 fitness 6.748e-02
Level 25:bingo.evolutionary_optimizers.evolutionary_optimizer:Generation: 270 	 Elapsed time: 0:05:23.383418 	 Best training fitness: 6.747907e-02 	 
Level 25:bingo.evolutionary_optimizers.evolutionary_optimizer:270, 3.233834e+02, 9707036, 6.747907e-02, 6.747907e-02, 9.043346e-02, 9.975100e-02, 9.975108e-02, 9.977751e-02, 1.347018e-01, 1.539535e-01, 1.690156e-01, 1.690519e-01, 2.224209e-01, 2.448511e-01, 2.853424e-01, 2.983340e-01, 3.111924e-01, 3.441922e-01, 3.441922e-01
INFO:bingo.evolutionary_optimizers.parallel_archipelago:Evolution time 0:00:11.526983	 age 620	 fitness 6.748e-02
Level 25:bingo.evolutionary_optimizers.evolutionary_optimizer:Generation: 280 	 Elapsed time: 0:05:35.283167 	 Best training fitness: 6.747907e-02 	 
Level 25:bingo.evolutionary_optimizers.evolutionary_optimizer:280, 3.352832e+02, 10153036, 6.747907e-02, 6.747907e-02, 9.043346e-02, 9.975100e-02, 9.975108e-02, 9.977751e-02, 1.347018e-01, 1.539535e-01, 1.690156e-01, 1.690519e-01, 2.224209e-01, 2.448511e-01, 2.853424e-01, 2.983340e-01, 3.111924e-01, 3.441922e-01, 3.441922e-01
INFO:bingo.evolutionary_optimizers.parallel_archipelago:Evolution time 0:00:12.237229	 age 640	 fitness 6.737e-02
Level 25:bingo.evolutionary_optimizers.evolutionary_optimizer:Generation: 290 	 Elapsed time: 0:05:47.848037 	 Best training fitness: 6.736594e-02 	 
Level 25:bingo.evolutionary_optimizers.evolutionary_optimizer:290, 3.478480e+02, 10613736, 6.736594e-02, 6.736594e-02, 6.747907e-02, 9.043346e-02, 9.975100e-02, 9.975108e-02, 9.977751e-02, 1.347018e-01, 1.539535e-01, 1.690156e-01, 1.690519e-01, 2.224209e-01, 2.448511e-01, 2.853424e-01, 2.983340e-01, 3.111924e-01, 3.441922e-01, 3.441922e-01
INFO:bingo.evolutionary_optimizers.parallel_archipelago:Evolution time 0:00:12.715557	 age 650	 fitness 6.380e-02
Level 25:bingo.evolutionary_optimizers.evolutionary_optimizer:Generation: 300 	 Elapsed time: 0:06:00.863296 	 Best training fitness: 6.380119e-02 	 
Level 25:bingo.evolutionary_optimizers.evolutionary_optimizer:300, 3.608633e+02, 10985199, 6.380119e-02, 6.380119e-02, 6.628699e-02, 6.736594e-02, 6.747907e-02, 9.043346e-02, 9.975100e-02, 9.975108e-02, 9.977751e-02, 1.347018e-01, 1.539535e-01, 1.690156e-01, 1.690519e-01, 2.224209e-01, 2.448511e-01, 2.853424e-01, 2.983340e-01, 3.111924e-01, 3.441922e-01, 3.441922e-01
INFO:bingo.evolutionary_optimizers.parallel_archipelago:Evolution time 0:00:16.853153	 age 660	 fitness 6.380e-02
Level 25:bingo.evolutionary_optimizers.evolutionary_optimizer:Generation: 310 	 Elapsed time: 0:06:17.966655 	 Best training fitness: 6.380119e-02 	 
Level 25:bingo.evolutionary_optimizers.evolutionary_optimizer:310, 3.779667e+02, 11365816, 6.380119e-02, 6.380119e-02, 6.628699e-02, 6.736594e-02, 6.747907e-02, 9.043346e-02, 9.975100e-02, 9.975108e-02, 9.977751e-02, 1.347018e-01, 1.539535e-01, 1.690156e-01, 1.690519e-01, 2.224209e-01, 2.423717e-01, 2.853424e-01, 2.983340e-01, 3.111924e-01, 3.441922e-01, 3.441922e-01
INFO:bingo.evolutionary_optimizers.parallel_archipelago:Evolution time 0:00:09.286790	 age 670	 fitness 6.227e-02
Level 25:bingo.evolutionary_optimizers.evolutionary_optimizer:Generation: 320 	 Elapsed time: 0:06:27.572553 	 Best training fitness: 6.226613e-02 	 
Level 25:bingo.evolutionary_optimizers.evolutionary_optimizer:320, 3.875726e+02, 11652903, 6.226613e-02, 6.226613e-02, 6.736594e-02, 6.747907e-02, 9.043346e-02, 9.975100e-02, 9.975108e-02, 9.977751e-02, 1.347018e-01, 1.539535e-01, 1.690156e-01, 1.690519e-01, 2.224209e-01, 2.423717e-01, 2.853424e-01, 2.983340e-01, 3.111924e-01, 3.441922e-01, 3.441922e-01
INFO:bingo.evolutionary_optimizers.parallel_archipelago:Evolution time 0:00:10.896376	 age 680	 fitness 6.227e-02
Level 25:bingo.evolutionary_optimizers.evolutionary_optimizer:Generation: 330 	 Elapsed time: 0:06:38.833920 	 Best training fitness: 6.226613e-02 	 
Level 25:bingo.evolutionary_optimizers.evolutionary_optimizer:330, 3.988339e+02, 11991219, 6.226613e-02, 6.226613e-02, 6.584764e-02, 6.747596e-02, 6.747907e-02, 9.043346e-02, 9.975100e-02, 9.975108e-02, 9.977751e-02, 1.347018e-01, 1.539535e-01, 1.690156e-01, 1.690519e-01, 2.224209e-01, 2.423717e-01, 2.853424e-01, 2.983340e-01, 3.111924e-01, 3.441922e-01
INFO:bingo.evolutionary_optimizers.parallel_archipelago:Evolution time 0:00:15.620212	 age 690	 fitness 6.227e-02
Level 25:bingo.evolutionary_optimizers.evolutionary_optimizer:Generation: 340 	 Elapsed time: 0:06:54.863151 	 Best training fitness: 6.226613e-02 	 
Level 25:bingo.evolutionary_optimizers.evolutionary_optimizer:340, 4.148632e+02, 12402334, 6.226613e-02, 6.226613e-02, 6.584764e-02, 6.747596e-02, 6.747907e-02, 9.043346e-02, 9.975100e-02, 9.975108e-02, 9.977751e-02, 1.347018e-01, 1.539535e-01, 1.690156e-01, 1.690519e-01, 2.224209e-01, 2.423717e-01, 2.853424e-01, 2.983340e-01, 3.111924e-01, 3.441922e-01
INFO:bingo.evolutionary_optimizers.parallel_archipelago:Evolution time 0:00:15.681683	 age 720	 fitness 6.227e-02
Level 25:bingo.evolutionary_optimizers.evolutionary_optimizer:Generation: 350 	 Elapsed time: 0:07:10.897335 	 Best training fitness: 6.226613e-02 	 
Level 25:bingo.evolutionary_optimizers.evolutionary_optimizer:350, 4.308973e+02, 12872854, 6.226613e-02, 6.226613e-02, 6.584764e-02, 6.747596e-02, 6.747907e-02, 9.043346e-02, 9.975100e-02, 9.975108e-02, 9.977751e-02, 1.347018e-01, 1.539535e-01, 1.690156e-01, 1.690519e-01, 2.224209e-01, 2.423717e-01, 2.853424e-01, 2.983340e-01, 3.111924e-01, 3.441922e-01
INFO:bingo.evolutionary_optimizers.parallel_archipelago:Evolution time 0:00:06.423640	 age 730	 fitness 6.227e-02
Level 25:bingo.evolutionary_optimizers.evolutionary_optimizer:Generation: 360 	 Elapsed time: 0:07:17.665591 	 Best training fitness: 6.226613e-02 	 
Level 25:bingo.evolutionary_optimizers.evolutionary_optimizer:360, 4.376656e+02, 13133248, 6.226613e-02, 6.226613e-02, 6.584764e-02, 6.747596e-02, 6.747907e-02, 9.043346e-02, 9.975100e-02, 9.975108e-02, 9.977751e-02, 1.347018e-01, 1.539535e-01, 1.690156e-01, 1.690519e-01, 2.224209e-01, 2.423717e-01, 2.853424e-01, 2.983340e-01, 3.111924e-01, 3.441922e-01
INFO:bingo.evolutionary_optimizers.parallel_archipelago:Evolution time 0:00:21.436298	 age 750	 fitness 6.227e-02
Level 25:bingo.evolutionary_optimizers.evolutionary_optimizer:Generation: 370 	 Elapsed time: 0:07:39.478279 	 Best training fitness: 6.226613e-02 	 
Level 25:bingo.evolutionary_optimizers.evolutionary_optimizer:370, 4.594783e+02, 13653656, 6.226613e-02, 6.226613e-02, 6.226613e-02, 6.584764e-02, 6.747596e-02, 6.747907e-02, 9.043346e-02, 9.975100e-02, 9.975108e-02, 9.977751e-02, 1.347018e-01, 1.539535e-01, 1.690156e-01, 1.690156e-01, 2.156153e-01, 2.423717e-01, 2.853424e-01, 2.983340e-01, 3.111924e-01, 3.441922e-01
INFO:bingo.evolutionary_optimizers.parallel_archipelago:Evolution time 0:00:13.626294	 age 770	 fitness 6.225e-02
Level 25:bingo.evolutionary_optimizers.evolutionary_optimizer:Generation: 380 	 Elapsed time: 0:07:53.366477 	 Best training fitness: 6.225101e-02 	 
Level 25:bingo.evolutionary_optimizers.evolutionary_optimizer:380, 4.733665e+02, 13990595, 6.225101e-02, 6.225101e-02, 6.226613e-02, 6.226613e-02, 6.584764e-02, 6.747596e-02, 6.747907e-02, 9.043346e-02, 9.975100e-02, 9.975108e-02, 9.977751e-02, 1.347018e-01, 1.539535e-01, 1.690156e-01, 1.690156e-01, 2.156153e-01, 2.423717e-01, 2.853424e-01, 2.983340e-01, 3.111924e-01, 3.441922e-01
INFO:bingo.evolutionary_optimizers.parallel_archipelago:Evolution time 0:00:13.276652	 age 780	 fitness 5.205e-02
Level 25:bingo.evolutionary_optimizers.evolutionary_optimizer:Generation: 390 	 Elapsed time: 0:08:06.904947 	 Best training fitness: 5.204836e-02 	 
Level 25:bingo.evolutionary_optimizers.evolutionary_optimizer:390, 4.869049e+02, 14318070, 5.204836e-02, 5.204836e-02, 6.226613e-02, 6.584764e-02, 6.747596e-02, 6.747907e-02, 9.043346e-02, 9.975100e-02, 9.975108e-02, 9.977751e-02, 1.347018e-01, 1.539535e-01, 1.690156e-01, 1.690156e-01, 2.156153e-01, 2.423717e-01, 2.853424e-01, 2.983340e-01, 3.111924e-01, 3.441922e-01
INFO:bingo.evolutionary_optimizers.parallel_archipelago:Evolution time 0:00:17.706603	 age 790	 fitness 1.646e-02
Level 25:bingo.evolutionary_optimizers.evolutionary_optimizer:Generation: 400 	 Elapsed time: 0:08:25.003340 	 Best training fitness: 1.646417e-02 	 
Level 25:bingo.evolutionary_optimizers.evolutionary_optimizer:400, 5.050033e+02, 14797164, 1.646417e-02, 1.646417e-02, 5.204836e-02, 6.226613e-02, 6.584764e-02, 6.747596e-02, 6.747907e-02, 9.043346e-02, 9.975100e-02, 9.975108e-02, 9.977751e-02, 1.347018e-01, 1.539535e-01, 1.690156e-01, 1.690156e-01, 2.156153e-01, 2.423717e-01, 2.718106e-01, 2.983340e-01, 3.111924e-01, 3.441922e-01
INFO:bingo.evolutionary_optimizers.parallel_archipelago:Evolution time 0:00:11.133589	 age 810	 fitness 1.646e-02
Level 25:bingo.evolutionary_optimizers.evolutionary_optimizer:Generation: 410 	 Elapsed time: 0:08:36.415259 	 Best training fitness: 1.646417e-02 	 
Level 25:bingo.evolutionary_optimizers.evolutionary_optimizer:410, 5.164153e+02, 15174000, 1.646417e-02, 1.646417e-02, 5.204836e-02, 6.226613e-02, 6.584764e-02, 6.747596e-02, 6.747907e-02, 9.043346e-02, 9.975100e-02, 9.975108e-02, 9.977751e-02, 1.347018e-01, 1.539535e-01, 1.690156e-01, 1.690156e-01, 2.156153e-01, 2.423717e-01, 2.718106e-01, 2.983340e-01, 3.111924e-01, 3.441922e-01
INFO:bingo.evolutionary_optimizers.parallel_archipelago:Evolution time 0:00:15.160302	 age 830	 fitness 1.268e-02
Level 25:bingo.evolutionary_optimizers.evolutionary_optimizer:Generation: 420 	 Elapsed time: 0:08:51.915057 	 Best training fitness: 1.267676e-02 	 
Level 25:bingo.evolutionary_optimizers.evolutionary_optimizer:420, 5.319151e+02, 15675914, 1.267676e-02, 1.267676e-02, 1.498964e-02, 6.226613e-02, 6.584764e-02, 6.747596e-02, 6.747907e-02, 9.043346e-02, 9.975100e-02, 9.975108e-02, 9.977751e-02, 1.347018e-01, 1.457778e-01, 1.690156e-01, 2.156153e-01, 2.423717e-01, 2.718106e-01, 2.983340e-01, 3.111924e-01, 3.441922e-01
INFO:bingo.evolutionary_optimizers.parallel_archipelago:Evolution time 0:00:18.037936	 age 850	 fitness 4.014e-03
Level 25:bingo.evolutionary_optimizers.evolutionary_optimizer:Generation: 430 	 Elapsed time: 0:09:10.348078 	 Best training fitness: 4.013958e-03 	 
Level 25:bingo.evolutionary_optimizers.evolutionary_optimizer:430, 5.503481e+02, 16186738, 4.013958e-03, 4.013958e-03, 1.498964e-02, 4.369505e-02, 6.226613e-02, 6.584764e-02, 6.747596e-02, 6.747907e-02, 9.043346e-02, 9.975100e-02, 9.975108e-02, 9.977751e-02, 1.347018e-01, 1.456707e-01, 1.457778e-01, 1.690156e-01, 2.156153e-01, 2.423717e-01, 2.718106e-01, 2.983340e-01, 3.111924e-01, 3.441922e-01
INFO:bingo.evolutionary_optimizers.parallel_archipelago:Evolution time 0:00:12.063453	 age 860	 fitness 4.014e-03
Level 25:bingo.evolutionary_optimizers.evolutionary_optimizer:Generation: 440 	 Elapsed time: 0:09:22.667814 	 Best training fitness: 4.013958e-03 	 
Level 25:bingo.evolutionary_optimizers.evolutionary_optimizer:440, 5.626678e+02, 16489763, 4.013958e-03, 4.013958e-03, 1.498964e-02, 4.369505e-02, 6.226613e-02, 6.584764e-02, 6.747596e-02, 6.747907e-02, 9.043346e-02, 9.975100e-02, 9.975108e-02, 9.977751e-02, 1.347018e-01, 1.456707e-01, 1.457778e-01, 1.690156e-01, 2.156153e-01, 2.423717e-01, 2.718106e-01, 2.983340e-01, 3.111924e-01, 3.441922e-01
INFO:bingo.evolutionary_optimizers.parallel_archipelago:Evolution time 0:00:07.148575	 age 870	 fitness 4.014e-03
Level 25:bingo.evolutionary_optimizers.evolutionary_optimizer:Generation: 450 	 Elapsed time: 0:09:30.063263 	 Best training fitness: 4.013958e-03 	 
Level 25:bingo.evolutionary_optimizers.evolutionary_optimizer:450, 5.700633e+02, 16746523, 4.013958e-03, 4.013958e-03, 1.498964e-02, 4.369505e-02, 6.226613e-02, 6.584764e-02, 6.747596e-02, 6.747907e-02, 9.043346e-02, 9.975100e-02, 9.975108e-02, 9.977751e-02, 1.347018e-01, 1.456707e-01, 1.457778e-01, 1.690156e-01, 2.156153e-01, 2.423717e-01, 2.718106e-01, 2.983340e-01, 3.111924e-01, 3.441922e-01
INFO:bingo.evolutionary_optimizers.parallel_archipelago:Evolution time 0:00:17.360217	 age 900	 fitness 4.014e-03
Level 25:bingo.evolutionary_optimizers.evolutionary_optimizer:Generation: 460 	 Elapsed time: 0:09:47.679754 	 Best training fitness: 4.013958e-03 	 
Level 25:bingo.evolutionary_optimizers.evolutionary_optimizer:460, 5.876798e+02, 17100674, 4.013958e-03, 4.013958e-03, 1.249345e-02, 1.924116e-02, 6.226613e-02, 6.584764e-02, 6.637348e-02, 1.347018e-01, 1.456707e-01, 1.457778e-01, 1.690156e-01, 2.156153e-01, 2.423717e-01, 2.718106e-01, 2.983340e-01, 3.111924e-01, 3.441922e-01
INFO:bingo.evolutionary_optimizers.parallel_archipelago:Evolution time 0:00:16.275991	 age 920	 fitness 4.014e-03
Level 25:bingo.evolutionary_optimizers.evolutionary_optimizer:Generation: 470 	 Elapsed time: 0:10:04.385434 	 Best training fitness: 4.013958e-03 	 
Level 25:bingo.evolutionary_optimizers.evolutionary_optimizer:470, 6.043854e+02, 17570674, 4.013958e-03, 4.013958e-03, 1.207219e-02, 1.690156e-01, 2.156153e-01, 2.423717e-01, 2.718106e-01, 2.983340e-01, 3.111924e-01, 3.441922e-01
INFO:bingo.evolutionary_optimizers.parallel_archipelago:Evolution time 0:00:16.467771	 age 950	 fitness 5.429e-16
Level 25:bingo.evolutionary_optimizers.evolutionary_optimizer:Generation: 480 	 Elapsed time: 0:10:21.204051 	 Best training fitness: 5.428991e-16 	 
Level 25:bingo.evolutionary_optimizers.evolutionary_optimizer:480, 6.212041e+02, 18067976, 5.428991e-16, 5.428991e-16, 5.584422e-16, 1.207219e-02, 1.737899e-02, 2.156153e-01, 2.423717e-01, 2.718106e-01, 2.983340e-01, 3.111924e-01, 3.441922e-01
Level 25:bingo.evolutionary_optimizers.evolutionary_optimizer:Evolution successfully converged.
Level 25:bingo.evolutionary_optimizers.evolutionary_optimizer:  Absolte convergence occurred with best fitness < 1e-10
Level 25:bingo.evolutionary_optimizers.evolutionary_optimizer:Hall of Fame:
5.428990590417015e-16	15	sin(log((X_0)(X_0) + ((X_0)(X_0) + log((0.018974)(X_1)))(0.000000) + (X_1)(X_1)))
5.584421813864538e-16	13	sin(log((X_0)(X_0) + ((X_0)(X_0) + log(0.018974))(0.000000) + (X_1)(X_1)))
0.012072192727372321	10	sin(log((X_0)(X_0) + log(sin(X_0)) + (X_1)(X_1)))
0.017378992089602297	9	sin(log((X_0)(X_0) + sin(X_0) + (X_1)(X_1)))
0.2156153272275035	8	sin(log(log(log(log((X_0)(X_1))))))
0.24237172234268967	7	sin(log((X_0)((X_1)(3.333333))))
0.2718105794046761	6	(log((X_0)(X_1)))(-0.223731)
0.2983339586598311	5	-0.303477 + (-0.303477)(log(X_1))
0.3111924468682272	4	(log(X_1))(-0.434294)
0.3441921894629212	1	-0.904229
