Level 25:bingo.evolutionary_optimizers.evolutionary_optimizer:#generational_age, elapsed_time, fitness_evaluation_count, current_training_fitness, hall_of_fame_fitnesses
Level 25:bingo.evolutionary_optimizers.evolutionary_optimizer:#generational_age, elapsed_time, fitness_evaluation_count, current_training_fitness, hall_of_fame_fitnesses
Level 25:bingo.evolutionary_optimizers.evolutionary_optimizer:Generation: 0 	 Elapsed time: 0:00:00.480462 	 Best training fitness: 3.005389e-01 	 
Level 25:bingo.evolutionary_optimizers.evolutionary_optimizer:0, 4.804620e-01, 35616, 3.005389e-01
INFO:bingo.evolutionary_optimizers.parallel_archipelago:Evolution time 0:00:02.898397	 age 20	 fitness 2.424e-01
Level 25:bingo.evolutionary_optimizers.evolutionary_optimizer:Generation: 10 	 Elapsed time: 0:00:03.552633 	 Best training fitness: 2.423717e-01 	 
Level 25:bingo.evolutionary_optimizers.evolutionary_optimizer:10, 3.552633e+00, 234107, 2.423717e-01, 2.423717e-01, 2.423717e-01, 2.426734e-01, 2.970166e-01, 2.989944e-01, 3.111924e-01, 3.441922e-01
INFO:bingo.evolutionary_optimizers.parallel_archipelago:Evolution time 0:00:04.655175	 age 30	 fitness 1.434e-01
Level 25:bingo.evolutionary_optimizers.evolutionary_optimizer:Generation: 20 	 Elapsed time: 0:00:08.413267 	 Best training fitness: 1.434073e-01 	 
Level 25:bingo.evolutionary_optimizers.evolutionary_optimizer:20, 8.413267e+00, 452202, 1.434073e-01, 1.434073e-01, 1.691074e-01, 1.910214e-01, 2.423717e-01, 2.423717e-01, 2.426734e-01, 2.970166e-01, 2.989944e-01, 3.111924e-01, 3.441922e-01
INFO:bingo.evolutionary_optimizers.parallel_archipelago:Evolution time 0:00:12.341239	 age 60	 fitness 1.178e-01
Level 25:bingo.evolutionary_optimizers.evolutionary_optimizer:Generation: 30 	 Elapsed time: 0:00:21.058437 	 Best training fitness: 1.178209e-01 	 
Level 25:bingo.evolutionary_optimizers.evolutionary_optimizer:30, 2.105844e+01, 902827, 1.178209e-01, 1.178209e-01, 1.434073e-01, 1.691074e-01, 1.740438e-01, 1.910214e-01, 1.994976e-01, 2.423717e-01, 2.426734e-01, 2.970166e-01, 2.989944e-01, 3.111924e-01, 3.441922e-01
INFO:bingo.evolutionary_optimizers.parallel_archipelago:Evolution time 0:00:07.237683	 age 70	 fitness 1.001e-01
Level 25:bingo.evolutionary_optimizers.evolutionary_optimizer:Generation: 40 	 Elapsed time: 0:00:28.501391 	 Best training fitness: 1.001370e-01 	 
Level 25:bingo.evolutionary_optimizers.evolutionary_optimizer:40, 2.850139e+01, 1173085, 1.001370e-01, 1.001370e-01, 1.434073e-01, 1.654127e-01, 1.690156e-01, 1.690156e-01, 1.690461e-01, 1.740438e-01, 1.910214e-01, 1.994976e-01, 2.423717e-01, 2.426734e-01, 2.970166e-01, 2.989944e-01, 3.111924e-01, 3.441922e-01
INFO:bingo.evolutionary_optimizers.parallel_archipelago:Evolution time 0:00:11.779349	 age 90	 fitness 1.001e-01
Level 25:bingo.evolutionary_optimizers.evolutionary_optimizer:Generation: 50 	 Elapsed time: 0:00:40.461873 	 Best training fitness: 1.001370e-01 	 
Level 25:bingo.evolutionary_optimizers.evolutionary_optimizer:50, 4.046187e+01, 1622093, 1.001370e-01, 1.001370e-01, 1.434073e-01, 1.654127e-01, 1.690156e-01, 1.690156e-01, 1.690461e-01, 1.740438e-01, 1.910214e-01, 1.994976e-01, 2.423717e-01, 2.426734e-01, 2.970166e-01, 2.989944e-01, 3.111924e-01, 3.441922e-01
INFO:bingo.evolutionary_optimizers.parallel_archipelago:Evolution time 0:00:08.985224	 age 110	 fitness 9.545e-02
Level 25:bingo.evolutionary_optimizers.evolutionary_optimizer:Generation: 60 	 Elapsed time: 0:00:49.654228 	 Best training fitness: 9.544615e-02 	 
Level 25:bingo.evolutionary_optimizers.evolutionary_optimizer:60, 4.965423e+01, 2010717, 9.544615e-02, 9.544615e-02, 1.558822e-01, 1.683214e-01, 1.690461e-01, 1.740438e-01, 1.910214e-01, 1.994976e-01, 2.423717e-01, 2.423717e-01, 2.970166e-01, 2.989944e-01, 3.111924e-01, 3.441922e-01
INFO:bingo.evolutionary_optimizers.parallel_archipelago:Evolution time 0:00:07.222284	 age 120	 fitness 9.536e-02
Level 25:bingo.evolutionary_optimizers.evolutionary_optimizer:Generation: 70 	 Elapsed time: 0:00:57.088514 	 Best training fitness: 9.535863e-02 	 
Level 25:bingo.evolutionary_optimizers.evolutionary_optimizer:70, 5.708851e+01, 2309078, 9.535863e-02, 9.535863e-02, 9.544615e-02, 1.558822e-01, 1.683214e-01, 1.690461e-01, 1.740438e-01, 1.910214e-01, 1.994976e-01, 2.423717e-01, 2.423717e-01, 2.970166e-01, 2.989944e-01, 3.111924e-01, 3.441922e-01
INFO:bingo.evolutionary_optimizers.parallel_archipelago:Evolution time 0:00:06.322487	 age 130	 fitness 9.060e-02
Level 25:bingo.evolutionary_optimizers.evolutionary_optimizer:Generation: 80 	 Elapsed time: 0:01:03.629262 	 Best training fitness: 9.060447e-02 	 
Level 25:bingo.evolutionary_optimizers.evolutionary_optimizer:80, 6.362926e+01, 2600906, 9.060447e-02, 9.060447e-02, 9.544615e-02, 1.558822e-01, 1.574820e-01, 1.740438e-01, 1.910214e-01, 1.994976e-01, 2.423717e-01, 2.423717e-01, 2.970166e-01, 2.989944e-01, 3.111924e-01, 3.441922e-01
INFO:bingo.evolutionary_optimizers.parallel_archipelago:Evolution time 0:00:05.783183	 age 150	 fitness 5.773e-17
Level 25:bingo.evolutionary_optimizers.evolutionary_optimizer:Generation: 90 	 Elapsed time: 0:01:09.659883 	 Best training fitness: 5.773160e-17 	 
Level 25:bingo.evolutionary_optimizers.evolutionary_optimizer:90, 6.965988e+01, 2969197, 5.773160e-17, 5.773160e-17, 2.970166e-01, 2.989944e-01, 3.111924e-01, 3.441922e-01
Level 25:bingo.evolutionary_optimizers.evolutionary_optimizer:Evolution successfully converged.
Level 25:bingo.evolutionary_optimizers.evolutionary_optimizer:  Absolte convergence occurred with best fitness < 1e-10
Level 25:bingo.evolutionary_optimizers.evolutionary_optimizer:Hall of Fame:
5.773159728050814e-17	7	sin(log((X_1)(X_1) + (X_0)(X_0)))
0.2970165868104747	6	-0.289093 + (-0.306787)(log(X_1))
0.29899444398017444	5	(-0.332305)(log(X_1 + X_1))
0.31119244686822867	4	(log(X_0))(-0.434294)
0.34419218946292124	1	-0.904229
