Level 25:bingo.evolutionary_optimizers.evolutionary_optimizer:#generational_age, elapsed_time, fitness_evaluation_count, current_training_fitness, hall_of_fame_fitnesses
Level 25:bingo.evolutionary_optimizers.evolutionary_optimizer:#generational_age, elapsed_time, fitness_evaluation_count, current_training_fitness, hall_of_fame_fitnesses
Level 25:bingo.evolutionary_optimizers.evolutionary_optimizer:Generation: 0 	 Elapsed time: 0:00:00.576007 	 Best training fitness: 2.983625e-01 	 
Level 25:bingo.evolutionary_optimizers.evolutionary_optimizer:0, 5.760070e-01, 28022, 2.983625e-01
INFO:bingo.evolutionary_optimizers.parallel_archipelago:Evolution time 0:00:08.663014	 age 20	 fitness 2.446e-01
Level 25:bingo.evolutionary_optimizers.evolutionary_optimizer:Generation: 10 	 Elapsed time: 0:00:09.432426 	 Best training fitness: 2.445719e-01 	 
Level 25:bingo.evolutionary_optimizers.evolutionary_optimizer:10, 9.432426e+00, 266202, 2.445719e-01, 2.445719e-01, 2.580778e-01, 2.970166e-01, 2.970202e-01, 3.296182e-01, 3.441922e-01
INFO:bingo.evolutionary_optimizers.parallel_archipelago:Evolution time 0:00:11.303239	 age 30	 fitness 1.947e-01
Level 25:bingo.evolutionary_optimizers.evolutionary_optimizer:Generation: 20 	 Elapsed time: 0:00:20.939720 	 Best training fitness: 1.947433e-01 	 
Level 25:bingo.evolutionary_optimizers.evolutionary_optimizer:20, 2.093972e+01, 501674, 1.947433e-01, 1.947433e-01, 2.328767e-01, 2.328767e-01, 2.445719e-01, 2.580769e-01, 2.970166e-01, 3.296182e-01, 3.441922e-01
INFO:bingo.evolutionary_optimizers.parallel_archipelago:Evolution time 0:00:08.337326	 age 60	 fitness 1.946e-01
Level 25:bingo.evolutionary_optimizers.evolutionary_optimizer:Generation: 30 	 Elapsed time: 0:00:29.501967 	 Best training fitness: 1.945923e-01 	 
Level 25:bingo.evolutionary_optimizers.evolutionary_optimizer:30, 2.950197e+01, 717511, 1.945923e-01, 1.945923e-01, 1.947433e-01, 2.328767e-01, 2.328767e-01, 2.445719e-01, 2.580769e-01, 2.970166e-01, 3.061743e-01, 3.111924e-01, 3.441922e-01
INFO:bingo.evolutionary_optimizers.parallel_archipelago:Evolution time 0:00:04.750814	 age 80	 fitness 1.688e-01
Level 25:bingo.evolutionary_optimizers.evolutionary_optimizer:Generation: 40 	 Elapsed time: 0:00:34.446473 	 Best training fitness: 1.687742e-01 	 
Level 25:bingo.evolutionary_optimizers.evolutionary_optimizer:40, 3.444647e+01, 954456, 1.687742e-01, 1.687742e-01, 2.328767e-01, 2.445719e-01, 2.580769e-01, 2.970166e-01, 2.989944e-01, 3.111924e-01, 3.441922e-01
INFO:bingo.evolutionary_optimizers.parallel_archipelago:Evolution time 0:00:02.418605	 age 90	 fitness 1.203e-01
Level 25:bingo.evolutionary_optimizers.evolutionary_optimizer:Generation: 50 	 Elapsed time: 0:00:37.060571 	 Best training fitness: 1.203027e-01 	 
Level 25:bingo.evolutionary_optimizers.evolutionary_optimizer:50, 3.706057e+01, 1111884, 1.203027e-01, 1.203027e-01, 1.554053e-01, 1.687742e-01, 2.328767e-01, 2.445719e-01, 2.580769e-01, 2.708232e-01, 2.989944e-01, 3.111924e-01, 3.441922e-01
INFO:bingo.evolutionary_optimizers.parallel_archipelago:Evolution time 0:00:02.684007	 age 100	 fitness 9.656e-02
Level 25:bingo.evolutionary_optimizers.evolutionary_optimizer:Generation: 60 	 Elapsed time: 0:00:39.945275 	 Best training fitness: 9.656017e-02 	 
Level 25:bingo.evolutionary_optimizers.evolutionary_optimizer:60, 3.994528e+01, 1286825, 9.656017e-02, 9.656017e-02, 1.203027e-01, 1.554053e-01, 1.687742e-01, 2.328767e-01, 2.423717e-01, 2.580769e-01, 2.708232e-01, 2.989944e-01, 3.111924e-01, 3.441922e-01
INFO:bingo.evolutionary_optimizers.parallel_archipelago:Evolution time 0:00:04.979869	 age 110	 fitness 9.656e-02
Level 25:bingo.evolutionary_optimizers.evolutionary_optimizer:Generation: 70 	 Elapsed time: 0:00:45.127330 	 Best training fitness: 9.656017e-02 	 
Level 25:bingo.evolutionary_optimizers.evolutionary_optimizer:70, 4.512733e+01, 1502236, 9.656017e-02, 9.656017e-02, 1.203027e-01, 1.554053e-01, 1.687742e-01, 1.690156e-01, 2.423717e-01, 2.550111e-01, 2.708232e-01, 2.989944e-01, 3.111924e-01, 3.441922e-01
INFO:bingo.evolutionary_optimizers.parallel_archipelago:Evolution time 0:00:08.959300	 age 150	 fitness 9.656e-02
Level 25:bingo.evolutionary_optimizers.evolutionary_optimizer:Generation: 80 	 Elapsed time: 0:00:54.289147 	 Best training fitness: 9.656017e-02 	 
Level 25:bingo.evolutionary_optimizers.evolutionary_optimizer:80, 5.428915e+01, 1820130, 9.656017e-02, 9.656017e-02, 1.203027e-01, 1.554053e-01, 1.687742e-01, 1.690156e-01, 1.690156e-01, 1.690156e-01, 2.423717e-01, 2.550111e-01, 2.708232e-01, 2.989944e-01, 3.111924e-01, 3.441922e-01
INFO:bingo.evolutionary_optimizers.parallel_archipelago:Evolution time 0:00:05.363909	 age 160	 fitness 9.438e-02
Level 25:bingo.evolutionary_optimizers.evolutionary_optimizer:Generation: 90 	 Elapsed time: 0:00:59.889272 	 Best training fitness: 9.437901e-02 	 
Level 25:bingo.evolutionary_optimizers.evolutionary_optimizer:90, 5.988927e+01, 2083297, 9.437901e-02, 9.437901e-02, 9.656017e-02, 1.199001e-01, 1.538618e-01, 1.690156e-01, 1.690156e-01, 2.423717e-01, 2.503875e-01, 2.708232e-01, 2.989944e-01, 3.111924e-01, 3.441922e-01
INFO:bingo.evolutionary_optimizers.parallel_archipelago:Evolution time 0:00:07.377300	 age 180	 fitness 8.313e-02
Level 25:bingo.evolutionary_optimizers.evolutionary_optimizer:Generation: 100 	 Elapsed time: 0:01:07.525527 	 Best training fitness: 8.312590e-02 	 
Level 25:bingo.evolutionary_optimizers.evolutionary_optimizer:100, 6.752553e+01, 2467367, 8.312590e-02, 8.312590e-02, 9.656017e-02, 1.199001e-01, 1.538466e-01, 1.538618e-01, 1.690156e-01, 1.690156e-01, 2.423717e-01, 2.503875e-01, 2.708232e-01, 2.989944e-01, 3.111924e-01, 3.441922e-01
INFO:bingo.evolutionary_optimizers.parallel_archipelago:Evolution time 0:00:08.924759	 age 200	 fitness 8.313e-02
Level 25:bingo.evolutionary_optimizers.evolutionary_optimizer:Generation: 110 	 Elapsed time: 0:01:16.655503 	 Best training fitness: 8.312590e-02 	 
Level 25:bingo.evolutionary_optimizers.evolutionary_optimizer:110, 7.665550e+01, 2881495, 8.312590e-02, 8.312590e-02, 9.656017e-02, 1.199001e-01, 1.538466e-01, 1.538618e-01, 1.690156e-01, 1.690156e-01, 2.423717e-01, 2.503875e-01, 2.708232e-01, 2.989944e-01, 3.111924e-01, 3.441922e-01
INFO:bingo.evolutionary_optimizers.parallel_archipelago:Evolution time 0:00:09.945321	 age 220	 fitness 8.313e-02
Level 25:bingo.evolutionary_optimizers.evolutionary_optimizer:Generation: 120 	 Elapsed time: 0:01:26.836571 	 Best training fitness: 8.312590e-02 	 
Level 25:bingo.evolutionary_optimizers.evolutionary_optimizer:120, 8.683657e+01, 3327245, 8.312590e-02, 8.312590e-02, 9.656017e-02, 1.199001e-01, 1.538466e-01, 1.538618e-01, 1.690156e-01, 1.690156e-01, 2.423717e-01, 2.503875e-01, 2.708232e-01, 2.989944e-01, 3.111924e-01, 3.441922e-01
INFO:bingo.evolutionary_optimizers.parallel_archipelago:Evolution time 0:00:06.423585	 age 240	 fitness 8.313e-02
Level 25:bingo.evolutionary_optimizers.evolutionary_optimizer:Generation: 130 	 Elapsed time: 0:01:33.465966 	 Best training fitness: 8.312590e-02 	 
Level 25:bingo.evolutionary_optimizers.evolutionary_optimizer:130, 9.346597e+01, 3679498, 8.312590e-02, 8.312590e-02, 9.656017e-02, 1.199001e-01, 1.538466e-01, 1.538618e-01, 1.690156e-01, 1.690156e-01, 2.423717e-01, 2.503875e-01, 2.708232e-01, 2.989944e-01, 3.111924e-01, 3.441922e-01
INFO:bingo.evolutionary_optimizers.parallel_archipelago:Evolution time 0:00:11.145889	 age 250	 fitness 8.313e-02
Level 25:bingo.evolutionary_optimizers.evolutionary_optimizer:Generation: 140 	 Elapsed time: 0:01:44.816740 	 Best training fitness: 8.312590e-02 	 
Level 25:bingo.evolutionary_optimizers.evolutionary_optimizer:140, 1.048167e+02, 4038656, 8.312590e-02, 8.312590e-02, 9.656017e-02, 1.199001e-01, 1.538466e-01, 1.538618e-01, 1.690156e-01, 1.690156e-01, 2.423717e-01, 2.503875e-01, 2.708232e-01, 2.989944e-01, 3.111924e-01, 3.441922e-01
INFO:bingo.evolutionary_optimizers.parallel_archipelago:Evolution time 0:00:06.136329	 age 260	 fitness 8.313e-02
Level 25:bingo.evolutionary_optimizers.evolutionary_optimizer:Generation: 150 	 Elapsed time: 0:01:51.159646 	 Best training fitness: 8.312590e-02 	 
Level 25:bingo.evolutionary_optimizers.evolutionary_optimizer:150, 1.111596e+02, 4301820, 8.312590e-02, 8.312590e-02, 9.656017e-02, 1.199001e-01, 1.538466e-01, 1.538618e-01, 1.690156e-01, 1.690156e-01, 2.423717e-01, 2.503875e-01, 2.708232e-01, 2.989944e-01, 3.111924e-01, 3.441922e-01
INFO:bingo.evolutionary_optimizers.parallel_archipelago:Evolution time 0:00:07.693511	 age 280	 fitness 8.313e-02
Level 25:bingo.evolutionary_optimizers.evolutionary_optimizer:Generation: 160 	 Elapsed time: 0:01:59.094530 	 Best training fitness: 8.312590e-02 	 
Level 25:bingo.evolutionary_optimizers.evolutionary_optimizer:160, 1.190945e+02, 4645856, 8.312590e-02, 8.312590e-02, 9.656017e-02, 1.199001e-01, 1.538466e-01, 1.538618e-01, 1.690156e-01, 1.690156e-01, 2.423717e-01, 2.503875e-01, 2.708232e-01, 2.989944e-01, 3.111924e-01, 3.441922e-01
INFO:bingo.evolutionary_optimizers.parallel_archipelago:Evolution time 0:00:10.075518	 age 290	 fitness 8.312e-02
Level 25:bingo.evolutionary_optimizers.evolutionary_optimizer:Generation: 170 	 Elapsed time: 0:02:09.408383 	 Best training fitness: 8.312133e-02 	 
Level 25:bingo.evolutionary_optimizers.evolutionary_optimizer:170, 1.294084e+02, 4979580, 8.312133e-02, 8.312133e-02, 9.656017e-02, 1.079497e-01, 1.538466e-01, 1.538618e-01, 1.690156e-01, 1.690156e-01, 2.423717e-01, 2.503875e-01, 2.708232e-01, 2.989944e-01, 3.111924e-01, 3.441922e-01
INFO:bingo.evolutionary_optimizers.parallel_archipelago:Evolution time 0:00:09.248525	 age 300	 fitness 8.312e-02
Level 25:bingo.evolutionary_optimizers.evolutionary_optimizer:Generation: 180 	 Elapsed time: 0:02:18.904617 	 Best training fitness: 8.312133e-02 	 
Level 25:bingo.evolutionary_optimizers.evolutionary_optimizer:180, 1.389046e+02, 5353598, 8.312133e-02, 8.312133e-02, 9.656017e-02, 1.067258e-01, 1.079497e-01, 1.538466e-01, 1.538618e-01, 1.690156e-01, 1.690156e-01, 2.423717e-01, 2.503875e-01, 2.708232e-01, 2.989944e-01, 3.111924e-01, 3.441922e-01
INFO:bingo.evolutionary_optimizers.parallel_archipelago:Evolution time 0:00:11.121041	 age 310	 fitness 8.312e-02
Level 25:bingo.evolutionary_optimizers.evolutionary_optimizer:Generation: 190 	 Elapsed time: 0:02:30.238201 	 Best training fitness: 8.312133e-02 	 
Level 25:bingo.evolutionary_optimizers.evolutionary_optimizer:190, 1.502382e+02, 5631604, 8.312133e-02, 8.312133e-02, 9.656017e-02, 1.067258e-01, 1.079497e-01, 1.538466e-01, 1.538618e-01, 1.690156e-01, 1.690156e-01, 2.423717e-01, 2.503875e-01, 2.708232e-01, 2.989944e-01, 3.111924e-01, 3.441922e-01
INFO:bingo.evolutionary_optimizers.parallel_archipelago:Evolution time 0:00:03.329257	 age 320	 fitness 8.312e-02
Level 25:bingo.evolutionary_optimizers.evolutionary_optimizer:Generation: 200 	 Elapsed time: 0:02:33.773017 	 Best training fitness: 8.312133e-02 	 
Level 25:bingo.evolutionary_optimizers.evolutionary_optimizer:200, 1.537730e+02, 5866118, 8.312133e-02, 8.312133e-02, 9.656017e-02, 1.067258e-01, 1.079497e-01, 1.538466e-01, 1.538618e-01, 1.690156e-01, 1.690156e-01, 2.423717e-01, 2.503875e-01, 2.708232e-01, 2.989944e-01, 3.111924e-01, 3.441922e-01
INFO:bingo.evolutionary_optimizers.parallel_archipelago:Evolution time 0:00:09.435583	 age 330	 fitness 8.312e-02
Level 25:bingo.evolutionary_optimizers.evolutionary_optimizer:Generation: 210 	 Elapsed time: 0:02:43.411988 	 Best training fitness: 8.312133e-02 	 
Level 25:bingo.evolutionary_optimizers.evolutionary_optimizer:210, 1.634120e+02, 6204751, 8.312133e-02, 8.312133e-02, 8.764210e-02, 9.656017e-02, 1.067258e-01, 1.079497e-01, 1.538466e-01, 1.538618e-01, 1.690156e-01, 1.690156e-01, 2.423717e-01, 2.503875e-01, 2.708232e-01, 2.989944e-01, 3.111924e-01, 3.441922e-01
INFO:bingo.evolutionary_optimizers.parallel_archipelago:Evolution time 0:00:08.738339	 age 360	 fitness 8.312e-02
Level 25:bingo.evolutionary_optimizers.evolutionary_optimizer:Generation: 220 	 Elapsed time: 0:02:52.355221 	 Best training fitness: 8.312133e-02 	 
Level 25:bingo.evolutionary_optimizers.evolutionary_optimizer:220, 1.723552e+02, 6517161, 8.312133e-02, 8.312133e-02, 8.764210e-02, 9.656017e-02, 1.041737e-01, 1.079497e-01, 1.538466e-01, 1.538618e-01, 1.690156e-01, 1.690156e-01, 2.423717e-01, 2.503875e-01, 2.708232e-01, 2.989944e-01, 3.111924e-01, 3.441922e-01
INFO:bingo.evolutionary_optimizers.parallel_archipelago:Evolution time 0:00:05.896374	 age 370	 fitness 8.312e-02
Level 25:bingo.evolutionary_optimizers.evolutionary_optimizer:Generation: 230 	 Elapsed time: 0:02:58.492126 	 Best training fitness: 8.312133e-02 	 
Level 25:bingo.evolutionary_optimizers.evolutionary_optimizer:230, 1.784921e+02, 6793321, 8.312133e-02, 8.312133e-02, 8.764210e-02, 9.656017e-02, 1.041737e-01, 1.079497e-01, 1.538466e-01, 1.538618e-01, 1.690156e-01, 1.690156e-01, 2.423717e-01, 2.503875e-01, 2.708232e-01, 2.989944e-01, 3.111924e-01, 3.441922e-01
INFO:bingo.evolutionary_optimizers.parallel_archipelago:Evolution time 0:00:07.950053	 age 400	 fitness 8.312e-02
Level 25:bingo.evolutionary_optimizers.evolutionary_optimizer:Generation: 240 	 Elapsed time: 0:03:06.648765 	 Best training fitness: 8.312133e-02 	 
Level 25:bingo.evolutionary_optimizers.evolutionary_optimizer:240, 1.866488e+02, 7203740, 8.312133e-02, 8.312133e-02, 8.764210e-02, 9.656017e-02, 1.041737e-01, 1.079497e-01, 1.538466e-01, 1.538618e-01, 1.690156e-01, 1.690156e-01, 2.423717e-01, 2.503875e-01, 2.708232e-01, 2.989944e-01, 3.111924e-01, 3.441922e-01
INFO:bingo.evolutionary_optimizers.parallel_archipelago:Evolution time 0:00:05.770994	 age 420	 fitness 8.312e-02
Level 25:bingo.evolutionary_optimizers.evolutionary_optimizer:Generation: 250 	 Elapsed time: 0:03:12.627460 	 Best training fitness: 8.312133e-02 	 
Level 25:bingo.evolutionary_optimizers.evolutionary_optimizer:250, 1.926275e+02, 7470500, 8.312133e-02, 8.312133e-02, 8.764210e-02, 9.656017e-02, 1.041737e-01, 1.079497e-01, 1.538466e-01, 1.538618e-01, 1.690156e-01, 1.690156e-01, 2.423717e-01, 2.503875e-01, 2.708232e-01, 2.989944e-01, 3.111924e-01, 3.441922e-01
INFO:bingo.evolutionary_optimizers.parallel_archipelago:Evolution time 0:00:03.243671	 age 430	 fitness 8.312e-02
Level 25:bingo.evolutionary_optimizers.evolutionary_optimizer:Generation: 260 	 Elapsed time: 0:03:16.086388 	 Best training fitness: 8.312133e-02 	 
Level 25:bingo.evolutionary_optimizers.evolutionary_optimizer:260, 1.960864e+02, 7688423, 8.312133e-02, 8.312133e-02, 8.764210e-02, 9.656017e-02, 1.041737e-01, 1.079497e-01, 1.538466e-01, 1.538618e-01, 1.690156e-01, 1.690156e-01, 2.423717e-01, 2.503875e-01, 2.708232e-01, 2.989944e-01, 3.111924e-01, 3.441922e-01
INFO:bingo.evolutionary_optimizers.parallel_archipelago:Evolution time 0:00:12.605017	 age 450	 fitness 8.312e-02
Level 25:bingo.evolutionary_optimizers.evolutionary_optimizer:Generation: 270 	 Elapsed time: 0:03:28.911088 	 Best training fitness: 8.312133e-02 	 
Level 25:bingo.evolutionary_optimizers.evolutionary_optimizer:270, 2.089111e+02, 8085351, 8.312133e-02, 8.312133e-02, 8.764210e-02, 9.656017e-02, 1.041737e-01, 1.079497e-01, 1.538466e-01, 1.538618e-01, 1.690156e-01, 1.690156e-01, 2.423717e-01, 2.503875e-01, 2.708232e-01, 2.989944e-01, 3.111924e-01, 3.441922e-01
INFO:bingo.evolutionary_optimizers.parallel_archipelago:Evolution time 0:00:09.789120	 age 470	 fitness 8.312e-02
Level 25:bingo.evolutionary_optimizers.evolutionary_optimizer:Generation: 280 	 Elapsed time: 0:03:38.922447 	 Best training fitness: 8.312133e-02 	 
Level 25:bingo.evolutionary_optimizers.evolutionary_optimizer:280, 2.189224e+02, 8433286, 8.312133e-02, 8.312133e-02, 8.764210e-02, 9.656017e-02, 1.041737e-01, 1.079497e-01, 1.538466e-01, 1.538618e-01, 1.690156e-01, 1.690156e-01, 2.423717e-01, 2.503875e-01, 2.708232e-01, 2.989944e-01, 3.111924e-01, 3.441922e-01
INFO:bingo.evolutionary_optimizers.parallel_archipelago:Evolution time 0:00:10.618221	 age 480	 fitness 8.312e-02
Level 25:bingo.evolutionary_optimizers.evolutionary_optimizer:Generation: 290 	 Elapsed time: 0:03:49.760962 	 Best training fitness: 8.312133e-02 	 
Level 25:bingo.evolutionary_optimizers.evolutionary_optimizer:290, 2.297610e+02, 8756346, 8.312133e-02, 8.312133e-02, 8.764210e-02, 9.656017e-02, 1.041737e-01, 1.079497e-01, 1.538466e-01, 1.538618e-01, 1.690156e-01, 1.690156e-01, 2.423717e-01, 2.503875e-01, 2.708232e-01, 2.989944e-01, 3.111924e-01, 3.441922e-01
INFO:bingo.evolutionary_optimizers.parallel_archipelago:Evolution time 0:00:08.204725	 age 510	 fitness 8.312e-02
Level 25:bingo.evolutionary_optimizers.evolutionary_optimizer:Generation: 300 	 Elapsed time: 0:03:58.223640 	 Best training fitness: 8.312133e-02 	 
Level 25:bingo.evolutionary_optimizers.evolutionary_optimizer:300, 2.382236e+02, 9051406, 8.312133e-02, 8.312133e-02, 8.764210e-02, 9.656017e-02, 1.041737e-01, 1.079497e-01, 1.538466e-01, 1.538618e-01, 1.690156e-01, 1.690156e-01, 2.423717e-01, 2.503875e-01, 2.708232e-01, 2.989944e-01, 3.111924e-01, 3.441922e-01
INFO:bingo.evolutionary_optimizers.parallel_archipelago:Evolution time 0:00:08.612856	 age 540	 fitness 8.312e-02
Level 25:bingo.evolutionary_optimizers.evolutionary_optimizer:Generation: 310 	 Elapsed time: 0:04:07.057215 	 Best training fitness: 8.312133e-02 	 
Level 25:bingo.evolutionary_optimizers.evolutionary_optimizer:310, 2.470572e+02, 9355950, 8.312133e-02, 8.312133e-02, 8.764210e-02, 9.656017e-02, 1.041737e-01, 1.079497e-01, 1.538466e-01, 1.538618e-01, 1.690156e-01, 1.690156e-01, 2.423717e-01, 2.503875e-01, 2.708232e-01, 2.989944e-01, 3.111924e-01, 3.441922e-01
INFO:bingo.evolutionary_optimizers.parallel_archipelago:Evolution time 0:00:06.658215	 age 550	 fitness 8.312e-02
Level 25:bingo.evolutionary_optimizers.evolutionary_optimizer:Generation: 320 	 Elapsed time: 0:04:13.935830 	 Best training fitness: 8.312133e-02 	 
Level 25:bingo.evolutionary_optimizers.evolutionary_optimizer:320, 2.539358e+02, 9663947, 8.312133e-02, 8.312133e-02, 8.764210e-02, 9.656017e-02, 1.041737e-01, 1.079497e-01, 1.538466e-01, 1.538618e-01, 1.690156e-01, 1.690156e-01, 2.423717e-01, 2.503875e-01, 2.708232e-01, 2.989944e-01, 3.111924e-01, 3.441922e-01
INFO:bingo.evolutionary_optimizers.parallel_archipelago:Evolution time 0:00:08.868827	 age 580	 fitness 8.312e-02
Level 25:bingo.evolutionary_optimizers.evolutionary_optimizer:Generation: 330 	 Elapsed time: 0:04:23.023565 	 Best training fitness: 8.312133e-02 	 
Level 25:bingo.evolutionary_optimizers.evolutionary_optimizer:330, 2.630236e+02, 10017193, 8.312133e-02, 8.312133e-02, 8.764210e-02, 9.656017e-02, 1.041737e-01, 1.079497e-01, 1.538466e-01, 1.538618e-01, 1.690156e-01, 1.690156e-01, 2.423717e-01, 2.503875e-01, 2.708232e-01, 2.989944e-01, 3.111924e-01, 3.441922e-01
INFO:bingo.evolutionary_optimizers.parallel_archipelago:Evolution time 0:00:05.306187	 age 600	 fitness 8.312e-02
Level 25:bingo.evolutionary_optimizers.evolutionary_optimizer:Generation: 340 	 Elapsed time: 0:04:28.547355 	 Best training fitness: 8.312133e-02 	 
Level 25:bingo.evolutionary_optimizers.evolutionary_optimizer:340, 2.685474e+02, 10272598, 8.312133e-02, 8.312133e-02, 8.764210e-02, 9.656017e-02, 1.041737e-01, 1.079497e-01, 1.538466e-01, 1.538618e-01, 1.690156e-01, 1.690156e-01, 2.423717e-01, 2.503875e-01, 2.708232e-01, 2.989944e-01, 3.111924e-01, 3.441922e-01
INFO:bingo.evolutionary_optimizers.parallel_archipelago:Evolution time 0:00:06.619406	 age 610	 fitness 8.312e-02
Level 25:bingo.evolutionary_optimizers.evolutionary_optimizer:Generation: 350 	 Elapsed time: 0:04:35.420130 	 Best training fitness: 8.312133e-02 	 
Level 25:bingo.evolutionary_optimizers.evolutionary_optimizer:350, 2.754201e+02, 10516581, 8.312133e-02, 8.312133e-02, 8.764210e-02, 9.656017e-02, 1.041737e-01, 1.079497e-01, 1.538466e-01, 1.538618e-01, 1.690156e-01, 1.690156e-01, 2.423717e-01, 2.503875e-01, 2.708232e-01, 2.989944e-01, 3.111924e-01, 3.441922e-01
INFO:bingo.evolutionary_optimizers.parallel_archipelago:Evolution time 0:00:11.420852	 age 620	 fitness 8.312e-02
Level 25:bingo.evolutionary_optimizers.evolutionary_optimizer:Generation: 360 	 Elapsed time: 0:04:47.081196 	 Best training fitness: 8.312133e-02 	 
Level 25:bingo.evolutionary_optimizers.evolutionary_optimizer:360, 2.870812e+02, 10841823, 8.312133e-02, 8.312133e-02, 8.764210e-02, 9.656017e-02, 1.041737e-01, 1.079497e-01, 1.538466e-01, 1.538618e-01, 1.690156e-01, 1.690156e-01, 2.282320e-01, 2.708232e-01, 2.989944e-01, 3.111924e-01, 3.441922e-01
INFO:bingo.evolutionary_optimizers.parallel_archipelago:Evolution time 0:00:14.271669	 age 630	 fitness 8.312e-02
Level 25:bingo.evolutionary_optimizers.evolutionary_optimizer:Generation: 370 	 Elapsed time: 0:05:01.592726 	 Best training fitness: 8.312133e-02 	 
Level 25:bingo.evolutionary_optimizers.evolutionary_optimizer:370, 3.015927e+02, 11153064, 8.312133e-02, 8.312133e-02, 8.764210e-02, 9.656017e-02, 1.041737e-01, 1.079497e-01, 1.538466e-01, 1.538618e-01, 1.690156e-01, 1.690156e-01, 2.282320e-01, 2.708232e-01, 2.989944e-01, 3.111924e-01, 3.441922e-01
INFO:bingo.evolutionary_optimizers.parallel_archipelago:Evolution time 0:00:09.170931	 age 640	 fitness 2.859e-12
Level 25:bingo.evolutionary_optimizers.evolutionary_optimizer:Generation: 380 	 Elapsed time: 0:05:11.144587 	 Best training fitness: 2.859300e-12 	 
Level 25:bingo.evolutionary_optimizers.evolutionary_optimizer:380, 3.111446e+02, 11548235, 2.859300e-12, 2.859300e-12, 3.087218e-03, 1.079497e-01, 1.538466e-01, 1.538618e-01, 1.690156e-01, 1.690156e-01, 2.282320e-01, 2.708232e-01, 2.989944e-01, 3.111924e-01, 3.441922e-01
Level 25:bingo.evolutionary_optimizers.evolutionary_optimizer:Evolution successfully converged.
Level 25:bingo.evolutionary_optimizers.evolutionary_optimizer:  Absolte convergence occurred with best fitness < 1e-10
Level 25:bingo.evolutionary_optimizers.evolutionary_optimizer:Hall of Fame:
2.85930001897583e-12	19	sin(log(-0.500000 + X_1 + ((-0.500000 + X_1)(-0.500000 + X_1))(0.508185 + 0.491815) + (X_0)(X_0) + 0.126636 + 0.123364))
0.003087217908812631	17	sin(log(-0.489893 + X_1 + ((-0.489893 + X_1)(-0.489893 + X_1))(1.001789) + (X_0)(X_0) + 0.070600 + 0.040983))
0.10794969458662276	15	sin((sin(log((X_0)(X_1)) + log((-0.054128)(0.137258))))(1.904631) + -0.202519)
0.15384657376504252	13	sin((log((((X_1 + sin(X_1))(-1.638941))(-0.001982))(X_0)))(0.841670))
0.15386184432820557	11	sin((log(((X_1 + sin(X_1))(-0.136402))(X_0)))(-0.839921))
0.1690155991740124	10	sin((log(((X_1)(-0.109818 + -0.109818))(X_0)))(-0.692585))
0.16901560503119728	9	sin((log(((-0.219635)(X_1))(X_0)))(-0.692584))
0.22823200942049998	7	(log(log((X_0)(X_1))))(-0.638291)
0.27082317778815307	6	(-0.264633)(log((X_1)(X_0)))
0.2989944439802007	5	(log(X_0 + X_0))(-0.332305)
0.3111924468682272	4	(-0.434294)(log(X_0))
0.3441921894629212	1	-0.904229
