Level 25:bingo.evolutionary_optimizers.evolutionary_optimizer:#generational_age, elapsed_time, fitness_evaluation_count, current_training_fitness, hall_of_fame_fitnesses
Level 25:bingo.evolutionary_optimizers.evolutionary_optimizer:#generational_age, elapsed_time, fitness_evaluation_count, current_training_fitness, hall_of_fame_fitnesses
Level 25:bingo.evolutionary_optimizers.evolutionary_optimizer:Generation: 0 	 Elapsed time: 0:00:00.784674 	 Best training fitness: 3.111924e-01 	 
Level 25:bingo.evolutionary_optimizers.evolutionary_optimizer:0, 7.846740e-01, 31350, 3.111924e-01
INFO:bingo.evolutionary_optimizers.parallel_archipelago:Evolution time 0:00:07.792824	 age 20	 fitness 2.953e-01
Level 25:bingo.evolutionary_optimizers.evolutionary_optimizer:Generation: 10 	 Elapsed time: 0:00:08.769768 	 Best training fitness: 2.953269e-01 	 
Level 25:bingo.evolutionary_optimizers.evolutionary_optimizer:10, 8.769768e+00, 293870, 2.953269e-01, 2.953269e-01, 2.970339e-01, 3.441922e-01, 3.441922e-01, 3.441922e-01
INFO:bingo.evolutionary_optimizers.parallel_archipelago:Evolution time 0:00:03.337551	 age 30	 fitness 2.581e-01
Level 25:bingo.evolutionary_optimizers.evolutionary_optimizer:Generation: 20 	 Elapsed time: 0:00:12.315484 	 Best training fitness: 2.580769e-01 	 
Level 25:bingo.evolutionary_optimizers.evolutionary_optimizer:20, 1.231548e+01, 432179, 2.580769e-01, 2.580769e-01, 2.970339e-01, 3.441922e-01, 3.441922e-01
INFO:bingo.evolutionary_optimizers.parallel_archipelago:Evolution time 0:00:05.103723	 age 40	 fitness 2.581e-01
Level 25:bingo.evolutionary_optimizers.evolutionary_optimizer:Generation: 30 	 Elapsed time: 0:00:17.665057 	 Best training fitness: 2.580769e-01 	 
Level 25:bingo.evolutionary_optimizers.evolutionary_optimizer:30, 1.766506e+01, 583723, 2.580769e-01, 2.580769e-01, 2.594398e-01, 3.111924e-01, 3.441922e-01, 3.441922e-01, 3.441922e-01
INFO:bingo.evolutionary_optimizers.parallel_archipelago:Evolution time 0:00:07.450439	 age 50	 fitness 1.650e-01
Level 25:bingo.evolutionary_optimizers.evolutionary_optimizer:Generation: 40 	 Elapsed time: 0:00:25.333698 	 Best training fitness: 1.649981e-01 	 
Level 25:bingo.evolutionary_optimizers.evolutionary_optimizer:40, 2.533370e+01, 819525, 1.649981e-01, 1.649981e-01, 1.649981e-01, 2.580769e-01, 2.580769e-01, 2.580769e-01, 2.580769e-01, 2.594398e-01, 3.111924e-01, 3.441922e-01
INFO:bingo.evolutionary_optimizers.parallel_archipelago:Evolution time 0:00:03.923836	 age 60	 fitness 1.067e-01
Level 25:bingo.evolutionary_optimizers.evolutionary_optimizer:Generation: 50 	 Elapsed time: 0:00:29.475473 	 Best training fitness: 1.067305e-01 	 
Level 25:bingo.evolutionary_optimizers.evolutionary_optimizer:50, 2.947547e+01, 993451, 1.067305e-01, 1.067305e-01, 1.649981e-01, 1.690157e-01, 2.452503e-01, 2.580769e-01, 2.594398e-01, 3.111924e-01, 3.441922e-01
INFO:bingo.evolutionary_optimizers.parallel_archipelago:Evolution time 0:00:05.634696	 age 70	 fitness 1.067e-01
Level 25:bingo.evolutionary_optimizers.evolutionary_optimizer:Generation: 60 	 Elapsed time: 0:00:35.329187 	 Best training fitness: 1.067258e-01 	 
Level 25:bingo.evolutionary_optimizers.evolutionary_optimizer:60, 3.532919e+01, 1199434, 1.067258e-01, 1.067258e-01, 1.067305e-01, 1.649981e-01, 1.690157e-01, 2.452503e-01, 2.580769e-01, 2.594398e-01, 3.111924e-01, 3.441922e-01
INFO:bingo.evolutionary_optimizers.parallel_archipelago:Evolution time 0:00:12.727304	 age 90	 fitness 1.067e-01
Level 25:bingo.evolutionary_optimizers.evolutionary_optimizer:Generation: 70 	 Elapsed time: 0:00:48.379575 	 Best training fitness: 1.067258e-01 	 
Level 25:bingo.evolutionary_optimizers.evolutionary_optimizer:70, 4.837958e+01, 1589630, 1.067258e-01, 1.067258e-01, 1.067258e-01, 1.067305e-01, 1.649981e-01, 1.687252e-01, 1.690157e-01, 2.452503e-01, 2.580769e-01, 2.594398e-01, 3.111924e-01, 3.441922e-01
INFO:bingo.evolutionary_optimizers.parallel_archipelago:Evolution time 0:00:13.241661	 age 120	 fitness 4.813e-02
Level 25:bingo.evolutionary_optimizers.evolutionary_optimizer:Generation: 80 	 Elapsed time: 0:01:01.957354 	 Best training fitness: 4.812516e-02 	 
Level 25:bingo.evolutionary_optimizers.evolutionary_optimizer:80, 6.195735e+01, 1997715, 4.812516e-02, 4.812516e-02, 1.067258e-01, 1.067305e-01, 1.649981e-01, 1.687252e-01, 1.690157e-01, 2.452503e-01, 2.580769e-01, 2.594398e-01, 3.111924e-01, 3.441922e-01
INFO:bingo.evolutionary_optimizers.parallel_archipelago:Evolution time 0:00:10.683130	 age 130	 fitness 3.376e-02
Level 25:bingo.evolutionary_optimizers.evolutionary_optimizer:Generation: 90 	 Elapsed time: 0:01:12.927729 	 Best training fitness: 3.375815e-02 	 
Level 25:bingo.evolutionary_optimizers.evolutionary_optimizer:90, 7.292773e+01, 2328454, 3.375815e-02, 3.375815e-02, 1.067258e-01, 1.067258e-01, 1.067305e-01, 1.649981e-01, 1.687252e-01, 1.690157e-01, 2.452503e-01, 2.580769e-01, 2.594398e-01, 3.111924e-01, 3.441922e-01
INFO:bingo.evolutionary_optimizers.parallel_archipelago:Evolution time 0:00:09.924274	 age 150	 fitness 5.773e-17
Level 25:bingo.evolutionary_optimizers.evolutionary_optimizer:Generation: 100 	 Elapsed time: 0:01:23.194373 	 Best training fitness: 5.773160e-17 	 
Level 25:bingo.evolutionary_optimizers.evolutionary_optimizer:100, 8.319437e+01, 2691457, 5.773160e-17, 5.773160e-17, 2.580769e-01, 2.594398e-01, 2.989944e-01, 3.111924e-01, 3.441922e-01
Level 25:bingo.evolutionary_optimizers.evolutionary_optimizer:Evolution successfully converged.
Level 25:bingo.evolutionary_optimizers.evolutionary_optimizer:  Absolte convergence occurred with best fitness < 1e-10
Level 25:bingo.evolutionary_optimizers.evolutionary_optimizer:Hall of Fame:
5.773159728050814e-17	8	sin(log((X_1)(X_1) + (X_0)(X_0)))
0.25807692220493694	7	(sin(-0.248209))(log((X_0)(X_1)))
0.25943979401630846	6	(-0.248209)(log((X_1)(X_0)))
0.2989944439801727	5	(-0.332305)(log(X_1 + X_1))
0.31119244686822756	4	(-0.434294)(log(X_1))
0.34419218946292124	1	-0.904229
