Level 25:bingo.evolutionary_optimizers.evolutionary_optimizer:#generational_age, elapsed_time, fitness_evaluation_count, current_training_fitness, hall_of_fame_fitnesses
Level 25:bingo.evolutionary_optimizers.evolutionary_optimizer:#generational_age, elapsed_time, fitness_evaluation_count, current_training_fitness, hall_of_fame_fitnesses
Level 25:bingo.evolutionary_optimizers.evolutionary_optimizer:Generation: 0 	 Elapsed time: 0:00:00.448718 	 Best training fitness: 2.970228e-01 	 
Level 25:bingo.evolutionary_optimizers.evolutionary_optimizer:0, 4.487180e-01, 31094, 2.970228e-01
INFO:bingo.evolutionary_optimizers.parallel_archipelago:Evolution time 0:00:06.054004	 age 20	 fitness 1.272e-01
Level 25:bingo.evolutionary_optimizers.evolutionary_optimizer:Generation: 10 	 Elapsed time: 0:00:06.685456 	 Best training fitness: 1.271676e-01 	 
Level 25:bingo.evolutionary_optimizers.evolutionary_optimizer:10, 6.685456e+00, 327893, 1.271676e-01, 1.271676e-01, 1.688060e-01, 2.726189e-01, 3.111924e-01, 3.441922e-01, 3.441922e-01
INFO:bingo.evolutionary_optimizers.parallel_archipelago:Evolution time 0:00:05.381180	 age 30	 fitness 9.020e-03
Level 25:bingo.evolutionary_optimizers.evolutionary_optimizer:Generation: 20 	 Elapsed time: 0:00:12.295836 	 Best training fitness: 9.019943e-03 	 
Level 25:bingo.evolutionary_optimizers.evolutionary_optimizer:20, 1.229584e+01, 562242, 9.019943e-03, 9.019943e-03, 5.862486e-02, 1.688060e-01, 2.616745e-01, 3.111924e-01, 3.441922e-01
INFO:bingo.evolutionary_optimizers.parallel_archipelago:Evolution time 0:00:04.291184	 age 40	 fitness 6.349e-13
Level 25:bingo.evolutionary_optimizers.evolutionary_optimizer:Generation: 30 	 Elapsed time: 0:00:16.758893 	 Best training fitness: 6.348616e-13 	 
Level 25:bingo.evolutionary_optimizers.evolutionary_optimizer:30, 1.675889e+01, 755274, 6.348616e-13, 6.348616e-13, 8.799236e-03, 1.688060e-01, 2.616745e-01, 3.028557e-01, 3.111924e-01, 3.441922e-01
Level 25:bingo.evolutionary_optimizers.evolutionary_optimizer:Evolution successfully converged.
Level 25:bingo.evolutionary_optimizers.evolutionary_optimizer:  Absolte convergence occurred with best fitness < 1e-10
Level 25:bingo.evolutionary_optimizers.evolutionary_optimizer:Hall of Fame:
6.348616077289648e-13	16	(0.000000)(X_1) + sin(log((((X_1)(X_1) + (X_0)(X_0))(0.063811))(sin(-0.029269))))
0.0087992364837815	12	sin(0.000752) + sin(log(((X_0)(X_0) + (X_1)(X_1))(-1.019709)))
0.16880595328193657	10	-0.163227 + sin(log(X_1 + (X_1)(X_1) + (X_0)(X_0)))
0.26167450580784	8	(log((X_0 + sin(X_0))(X_1)))(-0.251701)
0.3028556723044879	7	(log(X_1 + sin(X_1)))(-0.449254)
0.3111924468682272	4	(log(X_1))(-0.434294)
0.34419218946292124	1	-0.904229
