Level 25:bingo.evolutionary_optimizers.evolutionary_optimizer:#generational_age, elapsed_time, fitness_evaluation_count, current_training_fitness, hall_of_fame_fitnesses
Level 25:bingo.evolutionary_optimizers.evolutionary_optimizer:#generational_age, elapsed_time, fitness_evaluation_count, current_training_fitness, hall_of_fame_fitnesses
Level 25:bingo.evolutionary_optimizers.evolutionary_optimizer:Generation: 0 	 Elapsed time: 0:00:00.674393 	 Best training fitness: 3.111924e-01 	 
Level 25:bingo.evolutionary_optimizers.evolutionary_optimizer:0, 6.743930e-01, 28922, 3.111924e-01
INFO:bingo.evolutionary_optimizers.parallel_archipelago:Evolution time 0:00:06.389262	 age 40	 fitness 1.882e-01
Level 25:bingo.evolutionary_optimizers.evolutionary_optimizer:Generation: 10 	 Elapsed time: 0:00:07.394418 	 Best training fitness: 1.881902e-01 	 
Level 25:bingo.evolutionary_optimizers.evolutionary_optimizer:10, 7.394418e+00, 364778, 1.881902e-01, 1.881902e-01, 2.157054e-01, 2.616745e-01, 2.831523e-01, 2.970166e-01, 2.989944e-01, 3.111924e-01, 3.441922e-01
INFO:bingo.evolutionary_optimizers.parallel_archipelago:Evolution time 0:00:05.064001	 age 70	 fitness 1.882e-01
Level 25:bingo.evolutionary_optimizers.evolutionary_optimizer:Generation: 20 	 Elapsed time: 0:00:12.796750 	 Best training fitness: 1.881902e-01 	 
Level 25:bingo.evolutionary_optimizers.evolutionary_optimizer:20, 1.279675e+01, 664748, 1.881902e-01, 1.881902e-01, 2.157054e-01, 2.408268e-01, 2.831523e-01, 2.970166e-01, 2.989944e-01, 3.111924e-01, 3.441922e-01
INFO:bingo.evolutionary_optimizers.parallel_archipelago:Evolution time 0:00:05.454515	 age 100	 fitness 1.877e-01
Level 25:bingo.evolutionary_optimizers.evolutionary_optimizer:Generation: 30 	 Elapsed time: 0:00:18.619299 	 Best training fitness: 1.876846e-01 	 
Level 25:bingo.evolutionary_optimizers.evolutionary_optimizer:30, 1.861930e+01, 973414, 1.876846e-01, 1.876846e-01, 2.157054e-01, 2.408268e-01, 2.613130e-01, 2.989944e-01, 3.111924e-01, 3.441922e-01
INFO:bingo.evolutionary_optimizers.parallel_archipelago:Evolution time 0:00:05.717751	 age 130	 fitness 1.877e-01
Level 25:bingo.evolutionary_optimizers.evolutionary_optimizer:Generation: 40 	 Elapsed time: 0:00:24.675258 	 Best training fitness: 1.876846e-01 	 
Level 25:bingo.evolutionary_optimizers.evolutionary_optimizer:40, 2.467526e+01, 1267734, 1.876846e-01, 1.876846e-01, 2.157054e-01, 2.408268e-01, 2.613130e-01, 2.989944e-01, 3.111924e-01, 3.441922e-01
INFO:bingo.evolutionary_optimizers.parallel_archipelago:Evolution time 0:00:06.760872	 age 160	 fitness 1.690e-01
Level 25:bingo.evolutionary_optimizers.evolutionary_optimizer:Generation: 50 	 Elapsed time: 0:00:31.748421 	 Best training fitness: 1.690157e-01 	 
Level 25:bingo.evolutionary_optimizers.evolutionary_optimizer:50, 3.174842e+01, 1646730, 1.690157e-01, 1.690157e-01, 2.090241e-01, 2.613130e-01, 2.989944e-01, 3.111924e-01, 3.441922e-01
INFO:bingo.evolutionary_optimizers.parallel_archipelago:Evolution time 0:00:07.027834	 age 190	 fitness 1.670e-01
Level 25:bingo.evolutionary_optimizers.evolutionary_optimizer:Generation: 60 	 Elapsed time: 0:00:39.071628 	 Best training fitness: 1.670243e-01 	 
Level 25:bingo.evolutionary_optimizers.evolutionary_optimizer:60, 3.907163e+01, 2034658, 1.670243e-01, 1.670243e-01, 1.690156e-01, 2.090241e-01, 2.613130e-01, 2.989944e-01, 3.111924e-01, 3.441922e-01
INFO:bingo.evolutionary_optimizers.parallel_archipelago:Evolution time 0:00:07.279705	 age 220	 fitness 1.670e-01
Level 25:bingo.evolutionary_optimizers.evolutionary_optimizer:Generation: 70 	 Elapsed time: 0:00:46.688905 	 Best training fitness: 1.670243e-01 	 
Level 25:bingo.evolutionary_optimizers.evolutionary_optimizer:70, 4.668890e+01, 2380897, 1.670243e-01, 1.670243e-01, 1.690156e-01, 2.000141e-01, 2.580769e-01, 2.613130e-01, 2.989944e-01, 3.111924e-01, 3.441922e-01
INFO:bingo.evolutionary_optimizers.parallel_archipelago:Evolution time 0:00:11.593513	 age 240	 fitness 1.632e-01
Level 25:bingo.evolutionary_optimizers.evolutionary_optimizer:Generation: 80 	 Elapsed time: 0:00:58.610023 	 Best training fitness: 1.632490e-01 	 
Level 25:bingo.evolutionary_optimizers.evolutionary_optimizer:80, 5.861002e+01, 2766698, 1.632490e-01, 1.632490e-01, 1.690156e-01, 1.994976e-01, 2.580769e-01, 2.989944e-01, 3.111924e-01, 3.441922e-01
INFO:bingo.evolutionary_optimizers.parallel_archipelago:Evolution time 0:00:05.795194	 age 270	 fitness 1.632e-01
Level 25:bingo.evolutionary_optimizers.evolutionary_optimizer:Generation: 90 	 Elapsed time: 0:01:04.739062 	 Best training fitness: 1.632490e-01 	 
Level 25:bingo.evolutionary_optimizers.evolutionary_optimizer:90, 6.473906e+01, 3079202, 1.632490e-01, 1.632490e-01, 1.690156e-01, 1.994976e-01, 2.580769e-01, 2.989944e-01, 3.111924e-01, 3.441922e-01
INFO:bingo.evolutionary_optimizers.parallel_archipelago:Evolution time 0:00:06.328973	 age 300	 fitness 1.559e-01
Level 25:bingo.evolutionary_optimizers.evolutionary_optimizer:Generation: 100 	 Elapsed time: 0:01:11.451560 	 Best training fitness: 1.558756e-01 	 
Level 25:bingo.evolutionary_optimizers.evolutionary_optimizer:100, 7.145156e+01, 3368679, 1.558756e-01, 1.558756e-01, 1.690156e-01, 1.994976e-01, 2.490255e-01, 2.580769e-01, 2.989944e-01, 3.111924e-01, 3.441922e-01
INFO:bingo.evolutionary_optimizers.parallel_archipelago:Evolution time 0:00:08.844578	 age 330	 fitness 1.559e-01
Level 25:bingo.evolutionary_optimizers.evolutionary_optimizer:Generation: 110 	 Elapsed time: 0:01:20.641368 	 Best training fitness: 1.558756e-01 	 
Level 25:bingo.evolutionary_optimizers.evolutionary_optimizer:110, 8.064137e+01, 3745904, 1.558756e-01, 1.558756e-01, 1.690156e-01, 1.994976e-01, 2.490255e-01, 2.580769e-01, 2.989944e-01, 3.111924e-01, 3.441922e-01
INFO:bingo.evolutionary_optimizers.parallel_archipelago:Evolution time 0:00:05.613526	 age 350	 fitness 1.559e-01
Level 25:bingo.evolutionary_optimizers.evolutionary_optimizer:Generation: 120 	 Elapsed time: 0:01:26.594475 	 Best training fitness: 1.558732e-01 	 
Level 25:bingo.evolutionary_optimizers.evolutionary_optimizer:120, 8.659448e+01, 4027554, 1.558732e-01, 1.558732e-01, 1.690156e-01, 1.994976e-01, 2.490255e-01, 2.580769e-01, 2.989944e-01, 3.111924e-01, 3.441922e-01
INFO:bingo.evolutionary_optimizers.parallel_archipelago:Evolution time 0:00:12.984579	 age 370	 fitness 1.559e-01
Level 25:bingo.evolutionary_optimizers.evolutionary_optimizer:Generation: 130 	 Elapsed time: 0:01:39.904579 	 Best training fitness: 1.558732e-01 	 
Level 25:bingo.evolutionary_optimizers.evolutionary_optimizer:130, 9.990458e+01, 4416940, 1.558732e-01, 1.558732e-01, 1.690156e-01, 1.994976e-01, 2.490255e-01, 2.580769e-01, 2.989944e-01, 3.111924e-01, 3.441922e-01
INFO:bingo.evolutionary_optimizers.parallel_archipelago:Evolution time 0:00:06.027443	 age 400	 fitness 5.773e-17
Level 25:bingo.evolutionary_optimizers.evolutionary_optimizer:Generation: 140 	 Elapsed time: 0:01:46.279891 	 Best training fitness: 5.773160e-17 	 
Level 25:bingo.evolutionary_optimizers.evolutionary_optimizer:140, 1.062799e+02, 4724662, 5.773160e-17, 5.773160e-17, 2.580769e-01, 2.989944e-01, 3.111924e-01, 3.441922e-01
Level 25:bingo.evolutionary_optimizers.evolutionary_optimizer:Evolution successfully converged.
Level 25:bingo.evolutionary_optimizers.evolutionary_optimizer:  Absolte convergence occurred with best fitness < 1e-10
Level 25:bingo.evolutionary_optimizers.evolutionary_optimizer:Hall of Fame:
5.773159728050814e-17	7	sin(log((X_1)(X_1) + (X_0)(X_0)))
0.2580769222049089	6	(log((X_0)(X_1)))(-0.245668)
0.2989944439801739	5	(log(X_0 + X_0))(-0.332305)
0.3111924468682273	4	(log(X_0))(-0.434294)
0.3441921894629212	1	-0.904229
