Level 25:bingo.evolutionary_optimizers.evolutionary_optimizer:#generational_age, elapsed_time, fitness_evaluation_count, current_training_fitness, hall_of_fame_fitnesses
Level 25:bingo.evolutionary_optimizers.evolutionary_optimizer:#generational_age, elapsed_time, fitness_evaluation_count, current_training_fitness, hall_of_fame_fitnesses
Level 25:bingo.evolutionary_optimizers.evolutionary_optimizer:Generation: 0 	 Elapsed time: 0:00:00.486227 	 Best training fitness: 3.005389e-01 	 
Level 25:bingo.evolutionary_optimizers.evolutionary_optimizer:0, 4.862270e-01, 35616, 3.005389e-01
INFO:bingo.evolutionary_optimizers.parallel_archipelago:Evolution time 0:00:02.898340	 age 20	 fitness 2.424e-01
Level 25:bingo.evolutionary_optimizers.evolutionary_optimizer:Generation: 10 	 Elapsed time: 0:00:03.558376 	 Best training fitness: 2.423717e-01 	 
Level 25:bingo.evolutionary_optimizers.evolutionary_optimizer:10, 3.558376e+00, 234107, 2.423717e-01, 2.423717e-01, 2.423717e-01, 2.426734e-01, 2.970166e-01, 2.989944e-01, 3.111924e-01, 3.441922e-01
INFO:bingo.evolutionary_optimizers.parallel_archipelago:Evolution time 0:00:04.655110	 age 50	 fitness 1.434e-01
Level 25:bingo.evolutionary_optimizers.evolutionary_optimizer:Generation: 20 	 Elapsed time: 0:00:08.418993 	 Best training fitness: 1.434073e-01 	 
Level 25:bingo.evolutionary_optimizers.evolutionary_optimizer:20, 8.418993e+00, 452202, 1.434073e-01, 1.434073e-01, 1.691074e-01, 1.910214e-01, 2.423717e-01, 2.423717e-01, 2.426734e-01, 2.970166e-01, 2.989944e-01, 3.111924e-01, 3.441922e-01
INFO:bingo.evolutionary_optimizers.parallel_archipelago:Evolution time 0:00:12.341133	 age 100	 fitness 1.178e-01
Level 25:bingo.evolutionary_optimizers.evolutionary_optimizer:Generation: 30 	 Elapsed time: 0:00:21.064188 	 Best training fitness: 1.178209e-01 	 
Level 25:bingo.evolutionary_optimizers.evolutionary_optimizer:30, 2.106419e+01, 902827, 1.178209e-01, 1.178209e-01, 1.434073e-01, 1.691074e-01, 1.740438e-01, 1.910214e-01, 1.994976e-01, 2.423717e-01, 2.426734e-01, 2.970166e-01, 2.989944e-01, 3.111924e-01, 3.441922e-01
INFO:bingo.evolutionary_optimizers.parallel_archipelago:Evolution time 0:00:07.238057	 age 110	 fitness 1.001e-01
Level 25:bingo.evolutionary_optimizers.evolutionary_optimizer:Generation: 40 	 Elapsed time: 0:00:28.507151 	 Best training fitness: 1.001370e-01 	 
Level 25:bingo.evolutionary_optimizers.evolutionary_optimizer:40, 2.850715e+01, 1173085, 1.001370e-01, 1.001370e-01, 1.434073e-01, 1.654127e-01, 1.690156e-01, 1.690156e-01, 1.690461e-01, 1.740438e-01, 1.910214e-01, 1.994976e-01, 2.423717e-01, 2.426734e-01, 2.970166e-01, 2.989944e-01, 3.111924e-01, 3.441922e-01
INFO:bingo.evolutionary_optimizers.parallel_archipelago:Evolution time 0:00:11.779352	 age 120	 fitness 1.001e-01
Level 25:bingo.evolutionary_optimizers.evolutionary_optimizer:Generation: 50 	 Elapsed time: 0:00:40.467631 	 Best training fitness: 1.001370e-01 	 
Level 25:bingo.evolutionary_optimizers.evolutionary_optimizer:50, 4.046763e+01, 1622093, 1.001370e-01, 1.001370e-01, 1.434073e-01, 1.654127e-01, 1.690156e-01, 1.690156e-01, 1.690461e-01, 1.740438e-01, 1.910214e-01, 1.994976e-01, 2.423717e-01, 2.426734e-01, 2.970166e-01, 2.989944e-01, 3.111924e-01, 3.441922e-01
INFO:bingo.evolutionary_optimizers.parallel_archipelago:Evolution time 0:00:08.985031	 age 150	 fitness 9.545e-02
Level 25:bingo.evolutionary_optimizers.evolutionary_optimizer:Generation: 60 	 Elapsed time: 0:00:49.659964 	 Best training fitness: 9.544615e-02 	 
Level 25:bingo.evolutionary_optimizers.evolutionary_optimizer:60, 4.965996e+01, 2010717, 9.544615e-02, 9.544615e-02, 1.558822e-01, 1.683214e-01, 1.690461e-01, 1.740438e-01, 1.910214e-01, 1.994976e-01, 2.423717e-01, 2.423717e-01, 2.970166e-01, 2.989944e-01, 3.111924e-01, 3.441922e-01
INFO:bingo.evolutionary_optimizers.parallel_archipelago:Evolution time 0:00:07.222188	 age 170	 fitness 9.536e-02
Level 25:bingo.evolutionary_optimizers.evolutionary_optimizer:Generation: 70 	 Elapsed time: 0:00:57.094263 	 Best training fitness: 9.535863e-02 	 
Level 25:bingo.evolutionary_optimizers.evolutionary_optimizer:70, 5.709426e+01, 2309078, 9.535863e-02, 9.535863e-02, 9.544615e-02, 1.558822e-01, 1.683214e-01, 1.690461e-01, 1.740438e-01, 1.910214e-01, 1.994976e-01, 2.423717e-01, 2.423717e-01, 2.970166e-01, 2.989944e-01, 3.111924e-01, 3.441922e-01
INFO:bingo.evolutionary_optimizers.parallel_archipelago:Evolution time 0:00:06.322151	 age 190	 fitness 9.060e-02
Level 25:bingo.evolutionary_optimizers.evolutionary_optimizer:Generation: 80 	 Elapsed time: 0:01:03.634995 	 Best training fitness: 9.060447e-02 	 
Level 25:bingo.evolutionary_optimizers.evolutionary_optimizer:80, 6.363500e+01, 2600906, 9.060447e-02, 9.060447e-02, 9.544615e-02, 1.558822e-01, 1.574820e-01, 1.740438e-01, 1.910214e-01, 1.994976e-01, 2.423717e-01, 2.423717e-01, 2.970166e-01, 2.989944e-01, 3.111924e-01, 3.441922e-01
INFO:bingo.evolutionary_optimizers.parallel_archipelago:Evolution time 0:00:05.782908	 age 210	 fitness 5.773e-17
Level 25:bingo.evolutionary_optimizers.evolutionary_optimizer:Generation: 90 	 Elapsed time: 0:01:09.665630 	 Best training fitness: 5.773160e-17 	 
Level 25:bingo.evolutionary_optimizers.evolutionary_optimizer:90, 6.966563e+01, 2969197, 5.773160e-17, 5.773160e-17, 2.970166e-01, 2.989944e-01, 3.111924e-01, 3.441922e-01
Level 25:bingo.evolutionary_optimizers.evolutionary_optimizer:Evolution successfully converged.
Level 25:bingo.evolutionary_optimizers.evolutionary_optimizer:  Absolte convergence occurred with best fitness < 1e-10
Level 25:bingo.evolutionary_optimizers.evolutionary_optimizer:Hall of Fame:
5.773159728050814e-17	7	sin(log((X_1)(X_1) + (X_0)(X_0)))
0.2970165868104747	6	-0.289093 + (-0.306787)(log(X_1))
0.29899444398017444	5	(-0.332305)(log(X_1 + X_1))
0.31119244686822867	4	(log(X_0))(-0.434294)
0.34419218946292124	1	-0.904229
