Level 25:bingo.evolutionary_optimizers.evolutionary_optimizer:#generational_age, elapsed_time, fitness_evaluation_count, current_training_fitness, hall_of_fame_fitnesses
Level 25:bingo.evolutionary_optimizers.evolutionary_optimizer:#generational_age, elapsed_time, fitness_evaluation_count, current_training_fitness, hall_of_fame_fitnesses
Level 25:bingo.evolutionary_optimizers.parallel_archipelago:Saving checkpoint: src/bingo_bias_vias_decomposition/checkpoints_explicit/result_st_20_12_0.pkl
INFO:bingo.evolutionary_optimizers.parallel_archipelago:Saved successfully
Level 25:bingo.evolutionary_optimizers.evolutionary_optimizer:Generation: 0 	 Elapsed time: 0:00:00.817790 	 Best training fitness: 2.983069e-01 	 
Level 25:bingo.evolutionary_optimizers.evolutionary_optimizer:0, 8.177900e-01, 28986, 2.983069e-01
INFO:bingo.evolutionary_optimizers.parallel_archipelago:Performing migration between Islands
INFO:bingo.evolutionary_optimizers.parallel_archipelago:Evolution time 0:00:07.985817	 age 20	 fitness 1.913e-01
Level 25:bingo.evolutionary_optimizers.parallel_archipelago:Saving checkpoint: src/bingo_bias_vias_decomposition/checkpoints_explicit/result_st_20_12_10.pkl
INFO:bingo.evolutionary_optimizers.parallel_archipelago:Saved successfully
Level 25:bingo.evolutionary_optimizers.evolutionary_optimizer:Generation: 10 	 Elapsed time: 0:00:08.992038 	 Best training fitness: 1.912997e-01 	 
Level 25:bingo.evolutionary_optimizers.evolutionary_optimizer:10, 8.992038e+00, 354661, 1.912997e-01, 1.912997e-01, 1.963011e-01, 2.767133e-01, 2.970166e-01, 2.989944e-01, 3.111924e-01, 3.441922e-01
INFO:bingo.evolutionary_optimizers.parallel_archipelago:Performing migration between Islands
INFO:bingo.evolutionary_optimizers.parallel_archipelago:Evolution time 0:00:03.874444	 age 30	 fitness 5.773e-17
Level 25:bingo.evolutionary_optimizers.parallel_archipelago:Saving checkpoint: src/bingo_bias_vias_decomposition/checkpoints_explicit/result_st_20_12_20.pkl
INFO:bingo.evolutionary_optimizers.parallel_archipelago:Saved successfully
Level 25:bingo.evolutionary_optimizers.evolutionary_optimizer:Generation: 20 	 Elapsed time: 0:00:13.086246 	 Best training fitness: 5.773160e-17 	 
Level 25:bingo.evolutionary_optimizers.evolutionary_optimizer:20, 1.308625e+01, 606346, 5.773160e-17, 5.773160e-17, 2.970166e-01, 2.989944e-01, 3.111924e-01, 3.441922e-01, 3.441922e-01
Level 25:bingo.evolutionary_optimizers.evolutionary_optimizer:Evolution successfully converged.
Level 25:bingo.evolutionary_optimizers.evolutionary_optimizer:  Absolte convergence occurred with best fitness < 1e-10
Level 25:bingo.evolutionary_optimizers.evolutionary_optimizer:Hall of Fame:
5.773159728050814e-17	7	sin(log((X_1)(X_1) + (X_0)(X_0)))
0.29701658681269744	6	(log(X_1) + 0.942326)(-0.306787)
0.29899444398018127	5	(log(X_0 + X_0))(-0.332305)
0.3111924468682272	4	(log(X_0))(-0.434294)
0.3441921894629212	2	sin(-1.129571)
0.34419218946292135	1	-0.904229
