Level 25:bingo.evolutionary_optimizers.evolutionary_optimizer:#generational_age, elapsed_time, fitness_evaluation_count, current_training_fitness, hall_of_fame_fitnesses
Level 25:bingo.evolutionary_optimizers.evolutionary_optimizer:#generational_age, elapsed_time, fitness_evaluation_count, current_training_fitness, hall_of_fame_fitnesses
Level 25:bingo.evolutionary_optimizers.evolutionary_optimizer:Generation: 0 	 Elapsed time: 0:00:00.994269 	 Best training fitness: 3.296182e-01 	 
Level 25:bingo.evolutionary_optimizers.evolutionary_optimizer:0, 9.942690e-01, 29536, 3.296182e-01
INFO:bingo.evolutionary_optimizers.parallel_archipelago:Evolution time 0:00:06.566228	 age 20	 fitness 2.424e-01
Level 25:bingo.evolutionary_optimizers.evolutionary_optimizer:Generation: 10 	 Elapsed time: 0:00:07.867816 	 Best training fitness: 2.423717e-01 	 
Level 25:bingo.evolutionary_optimizers.evolutionary_optimizer:10, 7.867816e+00, 314497, 2.423717e-01, 2.423717e-01, 2.675875e-01, 2.970166e-01, 2.970166e-01, 3.061743e-01, 3.111924e-01, 3.441922e-01
INFO:bingo.evolutionary_optimizers.parallel_archipelago:Evolution time 0:00:04.709618	 age 40	 fitness 2.415e-01
Level 25:bingo.evolutionary_optimizers.evolutionary_optimizer:Generation: 20 	 Elapsed time: 0:00:12.920595 	 Best training fitness: 2.415025e-01 	 
Level 25:bingo.evolutionary_optimizers.evolutionary_optimizer:20, 1.292060e+01, 471926, 2.415025e-01, 2.415025e-01, 2.423717e-01, 2.970166e-01, 2.989944e-01, 3.111924e-01, 3.441922e-01
INFO:bingo.evolutionary_optimizers.parallel_archipelago:Evolution time 0:00:04.906488	 age 50	 fitness 1.690e-01
Level 25:bingo.evolutionary_optimizers.evolutionary_optimizer:Generation: 30 	 Elapsed time: 0:00:18.205609 	 Best training fitness: 1.690164e-01 	 
Level 25:bingo.evolutionary_optimizers.evolutionary_optimizer:30, 1.820561e+01, 674729, 1.690164e-01, 1.690164e-01, 2.423717e-01, 2.970166e-01, 2.989944e-01, 3.111924e-01, 3.441922e-01
INFO:bingo.evolutionary_optimizers.parallel_archipelago:Evolution time 0:00:06.323328	 age 60	 fitness 1.690e-01
Level 25:bingo.evolutionary_optimizers.evolutionary_optimizer:Generation: 40 	 Elapsed time: 0:00:24.854645 	 Best training fitness: 1.690164e-01 	 
Level 25:bingo.evolutionary_optimizers.evolutionary_optimizer:40, 2.485465e+01, 877191, 1.690164e-01, 1.690164e-01, 2.423717e-01, 2.970166e-01, 2.989944e-01, 3.111924e-01, 3.441922e-01
INFO:bingo.evolutionary_optimizers.parallel_archipelago:Evolution time 0:00:06.189149	 age 70	 fitness 1.690e-01
Level 25:bingo.evolutionary_optimizers.evolutionary_optimizer:Generation: 50 	 Elapsed time: 0:00:31.376553 	 Best training fitness: 1.690157e-01 	 
Level 25:bingo.evolutionary_optimizers.evolutionary_optimizer:50, 3.137655e+01, 1083907, 1.690157e-01, 1.690157e-01, 2.423717e-01, 2.764782e-01, 2.989944e-01, 3.111924e-01, 3.441922e-01
INFO:bingo.evolutionary_optimizers.parallel_archipelago:Evolution time 0:00:08.600314	 age 100	 fitness 1.690e-01
Level 25:bingo.evolutionary_optimizers.evolutionary_optimizer:Generation: 60 	 Elapsed time: 0:00:40.270722 	 Best training fitness: 1.690156e-01 	 
Level 25:bingo.evolutionary_optimizers.evolutionary_optimizer:60, 4.027072e+01, 1341001, 1.690156e-01, 1.690156e-01, 2.423717e-01, 2.764782e-01, 2.989944e-01, 3.111924e-01, 3.441922e-01
INFO:bingo.evolutionary_optimizers.parallel_archipelago:Evolution time 0:00:12.236787	 age 140	 fitness 1.690e-01
Level 25:bingo.evolutionary_optimizers.evolutionary_optimizer:Generation: 70 	 Elapsed time: 0:00:52.832222 	 Best training fitness: 1.690156e-01 	 
Level 25:bingo.evolutionary_optimizers.evolutionary_optimizer:70, 5.283222e+01, 1716406, 1.690156e-01, 1.690156e-01, 2.423717e-01, 2.764782e-01, 2.989944e-01, 3.111924e-01, 3.441922e-01
INFO:bingo.evolutionary_optimizers.parallel_archipelago:Evolution time 0:00:12.686383	 age 150	 fitness 1.690e-01
Level 25:bingo.evolutionary_optimizers.evolutionary_optimizer:Generation: 80 	 Elapsed time: 0:01:05.888843 	 Best training fitness: 1.690156e-01 	 
Level 25:bingo.evolutionary_optimizers.evolutionary_optimizer:80, 6.588884e+01, 2014965, 1.690156e-01, 1.690156e-01, 2.423717e-01, 2.764782e-01, 2.989944e-01, 3.111924e-01, 3.441922e-01
INFO:bingo.evolutionary_optimizers.parallel_archipelago:Evolution time 0:00:09.318874	 age 170	 fitness 1.690e-01
Level 25:bingo.evolutionary_optimizers.evolutionary_optimizer:Generation: 90 	 Elapsed time: 0:01:15.533140 	 Best training fitness: 1.690156e-01 	 
Level 25:bingo.evolutionary_optimizers.evolutionary_optimizer:90, 7.553314e+01, 2347034, 1.690156e-01, 1.690156e-01, 2.423717e-01, 2.589061e-01, 2.989944e-01, 3.111924e-01, 3.441922e-01
INFO:bingo.evolutionary_optimizers.parallel_archipelago:Evolution time 0:00:08.632729	 age 200	 fitness 1.690e-01
Level 25:bingo.evolutionary_optimizers.evolutionary_optimizer:Generation: 100 	 Elapsed time: 0:01:24.537273 	 Best training fitness: 1.690156e-01 	 
Level 25:bingo.evolutionary_optimizers.evolutionary_optimizer:100, 8.453727e+01, 2586951, 1.690156e-01, 1.690156e-01, 1.690156e-01, 2.423717e-01, 2.589061e-01, 2.989944e-01, 3.111924e-01, 3.441922e-01
INFO:bingo.evolutionary_optimizers.parallel_archipelago:Evolution time 0:00:11.243128	 age 240	 fitness 1.690e-01
Level 25:bingo.evolutionary_optimizers.evolutionary_optimizer:Generation: 110 	 Elapsed time: 0:01:36.119225 	 Best training fitness: 1.690156e-01 	 
Level 25:bingo.evolutionary_optimizers.evolutionary_optimizer:110, 9.611923e+01, 2893300, 1.690156e-01, 1.690156e-01, 1.690156e-01, 2.423717e-01, 2.580769e-01, 2.989944e-01, 3.111924e-01, 3.441922e-01
INFO:bingo.evolutionary_optimizers.parallel_archipelago:Evolution time 0:00:05.137772	 age 250	 fitness 1.690e-01
Level 25:bingo.evolutionary_optimizers.evolutionary_optimizer:Generation: 120 	 Elapsed time: 0:01:41.575759 	 Best training fitness: 1.690156e-01 	 
Level 25:bingo.evolutionary_optimizers.evolutionary_optimizer:120, 1.015758e+02, 3099653, 1.690156e-01, 1.690156e-01, 1.690156e-01, 2.423717e-01, 2.580769e-01, 2.989944e-01, 3.111924e-01, 3.441922e-01
INFO:bingo.evolutionary_optimizers.parallel_archipelago:Evolution time 0:00:06.862519	 age 260	 fitness 1.690e-01
Level 25:bingo.evolutionary_optimizers.evolutionary_optimizer:Generation: 130 	 Elapsed time: 0:01:48.764803 	 Best training fitness: 1.690156e-01 	 
Level 25:bingo.evolutionary_optimizers.evolutionary_optimizer:130, 1.087648e+02, 3317019, 1.690156e-01, 1.690156e-01, 1.690156e-01, 2.423717e-01, 2.580769e-01, 2.989944e-01, 3.111924e-01, 3.441922e-01
INFO:bingo.evolutionary_optimizers.parallel_archipelago:Evolution time 0:00:07.356044	 age 280	 fitness 1.690e-01
Level 25:bingo.evolutionary_optimizers.evolutionary_optimizer:Generation: 140 	 Elapsed time: 0:01:56.454039 	 Best training fitness: 1.690156e-01 	 
Level 25:bingo.evolutionary_optimizers.evolutionary_optimizer:140, 1.164540e+02, 3611744, 1.690156e-01, 1.690156e-01, 1.690156e-01, 2.423717e-01, 2.580769e-01, 2.989944e-01, 3.111924e-01, 3.441922e-01
INFO:bingo.evolutionary_optimizers.parallel_archipelago:Evolution time 0:00:03.815690	 age 290	 fitness 1.690e-01
Level 25:bingo.evolutionary_optimizers.evolutionary_optimizer:Generation: 150 	 Elapsed time: 0:02:00.629535 	 Best training fitness: 1.690156e-01 	 
Level 25:bingo.evolutionary_optimizers.evolutionary_optimizer:150, 1.206295e+02, 3781644, 1.690156e-01, 1.690156e-01, 1.690156e-01, 2.423717e-01, 2.580769e-01, 2.989944e-01, 3.111924e-01, 3.441922e-01
INFO:bingo.evolutionary_optimizers.parallel_archipelago:Evolution time 0:00:10.819832	 age 300	 fitness 1.690e-01
Level 25:bingo.evolutionary_optimizers.evolutionary_optimizer:Generation: 160 	 Elapsed time: 0:02:11.756713 	 Best training fitness: 1.690156e-01 	 
Level 25:bingo.evolutionary_optimizers.evolutionary_optimizer:160, 1.317567e+02, 4052180, 1.690156e-01, 1.690156e-01, 1.690156e-01, 2.423717e-01, 2.580769e-01, 2.989944e-01, 3.111924e-01, 3.441922e-01
INFO:bingo.evolutionary_optimizers.parallel_archipelago:Evolution time 0:00:12.279672	 age 320	 fitness 1.690e-01
Level 25:bingo.evolutionary_optimizers.evolutionary_optimizer:Generation: 170 	 Elapsed time: 0:02:24.360180 	 Best training fitness: 1.690156e-01 	 
Level 25:bingo.evolutionary_optimizers.evolutionary_optimizer:170, 1.443602e+02, 4404606, 1.690156e-01, 1.690156e-01, 1.690156e-01, 2.423717e-01, 2.580769e-01, 2.989944e-01, 3.111924e-01, 3.441922e-01
INFO:bingo.evolutionary_optimizers.parallel_archipelago:Evolution time 0:00:11.295351	 age 360	 fitness 1.690e-01
Level 25:bingo.evolutionary_optimizers.evolutionary_optimizer:Generation: 180 	 Elapsed time: 0:02:35.994344 	 Best training fitness: 1.690156e-01 	 
Level 25:bingo.evolutionary_optimizers.evolutionary_optimizer:180, 1.559943e+02, 4666386, 1.690156e-01, 1.690156e-01, 1.690156e-01, 2.423717e-01, 2.580769e-01, 2.989944e-01, 3.111924e-01, 3.441922e-01
INFO:bingo.evolutionary_optimizers.parallel_archipelago:Evolution time 0:00:11.420431	 age 370	 fitness 1.690e-01
Level 25:bingo.evolutionary_optimizers.evolutionary_optimizer:Generation: 190 	 Elapsed time: 0:02:47.739222 	 Best training fitness: 1.690156e-01 	 
Level 25:bingo.evolutionary_optimizers.evolutionary_optimizer:190, 1.677392e+02, 4934292, 1.690156e-01, 1.690156e-01, 1.690156e-01, 2.423717e-01, 2.580769e-01, 2.989944e-01, 3.111924e-01, 3.441922e-01
INFO:bingo.evolutionary_optimizers.parallel_archipelago:Evolution time 0:00:09.275151	 age 390	 fitness 1.661e-01
Level 25:bingo.evolutionary_optimizers.evolutionary_optimizer:Generation: 200 	 Elapsed time: 0:02:57.338329 	 Best training fitness: 1.660817e-01 	 
Level 25:bingo.evolutionary_optimizers.evolutionary_optimizer:200, 1.773383e+02, 5268637, 1.660817e-01, 1.660817e-01, 1.690156e-01, 2.012303e-01, 2.423717e-01, 2.580769e-01, 2.989944e-01, 3.111924e-01, 3.441922e-01
INFO:bingo.evolutionary_optimizers.parallel_archipelago:Evolution time 0:00:10.950804	 age 430	 fitness 1.661e-01
Level 25:bingo.evolutionary_optimizers.evolutionary_optimizer:Generation: 210 	 Elapsed time: 0:03:08.614045 	 Best training fitness: 1.660817e-01 	 
Level 25:bingo.evolutionary_optimizers.evolutionary_optimizer:210, 1.886140e+02, 5553885, 1.660817e-01, 1.660817e-01, 1.690156e-01, 2.012303e-01, 2.423717e-01, 2.580769e-01, 2.989944e-01, 3.111924e-01, 3.441922e-01
INFO:bingo.evolutionary_optimizers.parallel_archipelago:Evolution time 0:00:09.087095	 age 460	 fitness 1.661e-01
Level 25:bingo.evolutionary_optimizers.evolutionary_optimizer:Generation: 220 	 Elapsed time: 0:03:18.073034 	 Best training fitness: 1.660817e-01 	 
Level 25:bingo.evolutionary_optimizers.evolutionary_optimizer:220, 1.980730e+02, 5893088, 1.660817e-01, 1.660817e-01, 1.690156e-01, 2.012303e-01, 2.423717e-01, 2.580769e-01, 2.989944e-01, 3.111924e-01, 3.441922e-01
INFO:bingo.evolutionary_optimizers.parallel_archipelago:Evolution time 0:00:07.241241	 age 470	 fitness 1.661e-01
Level 25:bingo.evolutionary_optimizers.evolutionary_optimizer:Generation: 230 	 Elapsed time: 0:03:25.696882 	 Best training fitness: 1.660817e-01 	 
Level 25:bingo.evolutionary_optimizers.evolutionary_optimizer:230, 2.056969e+02, 6120992, 1.660817e-01, 1.660817e-01, 1.690156e-01, 2.012303e-01, 2.423717e-01, 2.580769e-01, 2.989944e-01, 3.111924e-01, 3.441922e-01
INFO:bingo.evolutionary_optimizers.parallel_archipelago:Evolution time 0:00:12.322595	 age 510	 fitness 1.650e-01
Level 25:bingo.evolutionary_optimizers.evolutionary_optimizer:Generation: 240 	 Elapsed time: 0:03:38.362274 	 Best training fitness: 1.650322e-01 	 
Level 25:bingo.evolutionary_optimizers.evolutionary_optimizer:240, 2.183623e+02, 6512069, 1.650322e-01, 1.650322e-01, 1.690156e-01, 2.012303e-01, 2.423717e-01, 2.580769e-01, 2.989944e-01, 3.111924e-01, 3.441922e-01
INFO:bingo.evolutionary_optimizers.parallel_archipelago:Evolution time 0:00:07.082884	 age 530	 fitness 1.559e-01
Level 25:bingo.evolutionary_optimizers.evolutionary_optimizer:Generation: 250 	 Elapsed time: 0:03:45.769484 	 Best training fitness: 1.559458e-01 	 
Level 25:bingo.evolutionary_optimizers.evolutionary_optimizer:250, 2.257695e+02, 6771388, 1.559458e-01, 1.559458e-01, 1.690156e-01, 2.012303e-01, 2.423717e-01, 2.580769e-01, 2.989944e-01, 3.111924e-01, 3.441922e-01
INFO:bingo.evolutionary_optimizers.parallel_archipelago:Evolution time 0:00:08.385269	 age 560	 fitness 1.559e-01
Level 25:bingo.evolutionary_optimizers.evolutionary_optimizer:Generation: 260 	 Elapsed time: 0:03:54.491154 	 Best training fitness: 1.558739e-01 	 
Level 25:bingo.evolutionary_optimizers.evolutionary_optimizer:260, 2.344912e+02, 7095798, 1.558739e-01, 1.558739e-01, 1.690156e-01, 2.012303e-01, 2.423717e-01, 2.580769e-01, 2.989944e-01, 3.111924e-01, 3.441922e-01
INFO:bingo.evolutionary_optimizers.parallel_archipelago:Evolution time 0:00:06.894918	 age 590	 fitness 5.773e-17
Level 25:bingo.evolutionary_optimizers.evolutionary_optimizer:Generation: 270 	 Elapsed time: 0:04:01.682007 	 Best training fitness: 5.773160e-17 	 
Level 25:bingo.evolutionary_optimizers.evolutionary_optimizer:270, 2.416820e+02, 7359106, 5.773160e-17, 5.773160e-17, 2.423717e-01, 2.580769e-01, 2.989944e-01, 3.111924e-01, 3.441922e-01
Level 25:bingo.evolutionary_optimizers.evolutionary_optimizer:Evolution successfully converged.
Level 25:bingo.evolutionary_optimizers.evolutionary_optimizer:  Absolte convergence occurred with best fitness < 1e-10
Level 25:bingo.evolutionary_optimizers.evolutionary_optimizer:Hall of Fame:
5.773159728050814e-17	8	sin(log((X_0)(X_0) + (X_1)(X_1)))
0.24237172238430213	7	sin(log(((3.333333)(X_0))(X_1)))
0.2580769222049193	6	(log((X_0)(X_1)))(-0.245668)
0.2989944439801721	5	(-0.332305)(log(X_0 + X_0))
0.3111924468682273	4	(log(X_1))(-0.434294)
0.3441921894629212	1	-0.904229
