Level 25:bingo.evolutionary_optimizers.evolutionary_optimizer:#generational_age, elapsed_time, fitness_evaluation_count, current_training_fitness, hall_of_fame_fitnesses
Level 25:bingo.evolutionary_optimizers.evolutionary_optimizer:#generational_age, elapsed_time, fitness_evaluation_count, current_training_fitness, hall_of_fame_fitnesses
Level 25:bingo.evolutionary_optimizers.evolutionary_optimizer:Generation: 0 	 Elapsed time: 0:00:00.798148 	 Best training fitness: 3.441922e-01 	 
Level 25:bingo.evolutionary_optimizers.evolutionary_optimizer:0, 7.981480e-01, 27774, 3.441922e-01
INFO:bingo.evolutionary_optimizers.parallel_archipelago:Evolution time 0:00:05.801812	 age 40	 fitness 1.690e-01
Level 25:bingo.evolutionary_optimizers.evolutionary_optimizer:Generation: 10 	 Elapsed time: 0:00:06.911899 	 Best training fitness: 1.690205e-01 	 
Level 25:bingo.evolutionary_optimizers.evolutionary_optimizer:10, 6.911899e+00, 311675, 1.690205e-01, 1.690205e-01, 2.423717e-01, 2.970166e-01, 3.061743e-01, 3.111924e-01, 3.441922e-01, 3.441922e-01
INFO:bingo.evolutionary_optimizers.parallel_archipelago:Evolution time 0:00:02.666717	 age 60	 fitness 1.690e-01
Level 25:bingo.evolutionary_optimizers.evolutionary_optimizer:Generation: 20 	 Elapsed time: 0:00:09.908984 	 Best training fitness: 1.690158e-01 	 
Level 25:bingo.evolutionary_optimizers.evolutionary_optimizer:20, 9.908984e+00, 441765, 1.690158e-01, 1.690158e-01, 1.874648e-01, 2.423717e-01, 2.970166e-01, 3.061743e-01, 3.111924e-01, 3.441922e-01
INFO:bingo.evolutionary_optimizers.parallel_archipelago:Evolution time 0:00:05.502858	 age 100	 fitness 1.690e-01
Level 25:bingo.evolutionary_optimizers.evolutionary_optimizer:Generation: 30 	 Elapsed time: 0:00:15.757091 	 Best training fitness: 1.690156e-01 	 
Level 25:bingo.evolutionary_optimizers.evolutionary_optimizer:30, 1.575709e+01, 628764, 1.690156e-01, 1.690156e-01, 1.874648e-01, 2.423717e-01, 2.970166e-01, 3.061743e-01, 3.111924e-01, 3.441922e-01
INFO:bingo.evolutionary_optimizers.parallel_archipelago:Evolution time 0:00:05.285210	 age 120	 fitness 1.690e-01
Level 25:bingo.evolutionary_optimizers.evolutionary_optimizer:Generation: 40 	 Elapsed time: 0:00:21.336338 	 Best training fitness: 1.690156e-01 	 
Level 25:bingo.evolutionary_optimizers.evolutionary_optimizer:40, 2.133634e+01, 807622, 1.690156e-01, 1.690156e-01, 1.874648e-01, 2.423717e-01, 2.970166e-01, 3.061743e-01, 3.111924e-01, 3.441922e-01
INFO:bingo.evolutionary_optimizers.parallel_archipelago:Evolution time 0:00:11.319536	 age 140	 fitness 1.690e-01
Level 25:bingo.evolutionary_optimizers.evolutionary_optimizer:Generation: 50 	 Elapsed time: 0:00:32.974752 	 Best training fitness: 1.690156e-01 	 
Level 25:bingo.evolutionary_optimizers.evolutionary_optimizer:50, 3.297475e+01, 1088055, 1.690156e-01, 1.690156e-01, 1.874648e-01, 2.423717e-01, 2.970166e-01, 3.061743e-01, 3.111924e-01, 3.441922e-01
INFO:bingo.evolutionary_optimizers.parallel_archipelago:Evolution time 0:00:08.289714	 age 170	 fitness 1.690e-01
Level 25:bingo.evolutionary_optimizers.evolutionary_optimizer:Generation: 60 	 Elapsed time: 0:00:41.591220 	 Best training fitness: 1.690156e-01 	 
Level 25:bingo.evolutionary_optimizers.evolutionary_optimizer:60, 4.159122e+01, 1356303, 1.690156e-01, 1.690156e-01, 1.874648e-01, 2.423717e-01, 2.970166e-01, 3.061743e-01, 3.111924e-01, 3.441922e-01
INFO:bingo.evolutionary_optimizers.parallel_archipelago:Evolution time 0:00:08.842830	 age 190	 fitness 1.690e-01
Level 25:bingo.evolutionary_optimizers.evolutionary_optimizer:Generation: 70 	 Elapsed time: 0:00:50.775599 	 Best training fitness: 1.690156e-01 	 
Level 25:bingo.evolutionary_optimizers.evolutionary_optimizer:70, 5.077560e+01, 1607766, 1.690156e-01, 1.690156e-01, 1.874648e-01, 2.070947e-01, 2.423717e-01, 2.970166e-01, 3.061743e-01, 3.111924e-01, 3.441922e-01
INFO:bingo.evolutionary_optimizers.parallel_archipelago:Evolution time 0:00:10.122586	 age 220	 fitness 1.690e-01
Level 25:bingo.evolutionary_optimizers.evolutionary_optimizer:Generation: 80 	 Elapsed time: 0:01:01.268177 	 Best training fitness: 1.690156e-01 	 
Level 25:bingo.evolutionary_optimizers.evolutionary_optimizer:80, 6.126818e+01, 1925566, 1.690156e-01, 1.690156e-01, 1.690156e-01, 2.070947e-01, 2.423717e-01, 2.970166e-01, 3.061743e-01, 3.111924e-01, 3.441922e-01
INFO:bingo.evolutionary_optimizers.parallel_archipelago:Evolution time 0:00:11.350984	 age 240	 fitness 1.690e-01
Level 25:bingo.evolutionary_optimizers.evolutionary_optimizer:Generation: 90 	 Elapsed time: 0:01:13.004811 	 Best training fitness: 1.690156e-01 	 
Level 25:bingo.evolutionary_optimizers.evolutionary_optimizer:90, 7.300481e+01, 2225969, 1.690156e-01, 1.690156e-01, 1.690156e-01, 2.070947e-01, 2.423717e-01, 2.970166e-01, 3.061743e-01, 3.111924e-01, 3.441922e-01
INFO:bingo.evolutionary_optimizers.parallel_archipelago:Evolution time 0:00:09.322484	 age 270	 fitness 1.690e-01
Level 25:bingo.evolutionary_optimizers.evolutionary_optimizer:Generation: 100 	 Elapsed time: 0:01:22.617919 	 Best training fitness: 1.690156e-01 	 
Level 25:bingo.evolutionary_optimizers.evolutionary_optimizer:100, 8.261792e+01, 2516078, 1.690156e-01, 1.690156e-01, 1.690156e-01, 2.070947e-01, 2.423717e-01, 2.970166e-01, 2.989944e-01, 3.111924e-01, 3.441922e-01
INFO:bingo.evolutionary_optimizers.parallel_archipelago:Evolution time 0:00:06.982109	 age 310	 fitness 1.690e-01
Level 25:bingo.evolutionary_optimizers.evolutionary_optimizer:Generation: 110 	 Elapsed time: 0:01:29.922473 	 Best training fitness: 1.690156e-01 	 
Level 25:bingo.evolutionary_optimizers.evolutionary_optimizer:110, 8.992247e+01, 2739219, 1.690156e-01, 1.690156e-01, 1.690156e-01, 2.052537e-01, 2.423717e-01, 2.580769e-01, 2.989944e-01, 3.111924e-01, 3.441922e-01
INFO:bingo.evolutionary_optimizers.parallel_archipelago:Evolution time 0:00:08.690047	 age 340	 fitness 1.690e-01
Level 25:bingo.evolutionary_optimizers.evolutionary_optimizer:Generation: 120 	 Elapsed time: 0:01:38.944207 	 Best training fitness: 1.690156e-01 	 
Level 25:bingo.evolutionary_optimizers.evolutionary_optimizer:120, 9.894421e+01, 3035344, 1.690156e-01, 1.690156e-01, 1.690156e-01, 2.052537e-01, 2.423717e-01, 2.580769e-01, 2.989944e-01, 3.111924e-01, 3.441922e-01
INFO:bingo.evolutionary_optimizers.parallel_archipelago:Evolution time 0:00:06.853331	 age 360	 fitness 1.690e-01
Level 25:bingo.evolutionary_optimizers.evolutionary_optimizer:Generation: 130 	 Elapsed time: 0:01:46.145722 	 Best training fitness: 1.690156e-01 	 
Level 25:bingo.evolutionary_optimizers.evolutionary_optimizer:130, 1.061457e+02, 3247599, 1.690156e-01, 1.690156e-01, 1.690156e-01, 1.994976e-01, 2.423717e-01, 2.580769e-01, 2.989944e-01, 3.111924e-01, 3.441922e-01
INFO:bingo.evolutionary_optimizers.parallel_archipelago:Evolution time 0:00:09.239509	 age 390	 fitness 1.690e-01
Level 25:bingo.evolutionary_optimizers.evolutionary_optimizer:Generation: 140 	 Elapsed time: 0:01:55.730011 	 Best training fitness: 1.690156e-01 	 
Level 25:bingo.evolutionary_optimizers.evolutionary_optimizer:140, 1.157300e+02, 3565533, 1.690156e-01, 1.690156e-01, 1.690156e-01, 1.994976e-01, 2.423717e-01, 2.580769e-01, 2.989944e-01, 3.111924e-01, 3.441922e-01
INFO:bingo.evolutionary_optimizers.parallel_archipelago:Evolution time 0:00:10.889614	 age 430	 fitness 1.559e-01
Level 25:bingo.evolutionary_optimizers.evolutionary_optimizer:Generation: 150 	 Elapsed time: 0:02:06.972058 	 Best training fitness: 1.559023e-01 	 
Level 25:bingo.evolutionary_optimizers.evolutionary_optimizer:150, 1.269721e+02, 3889937, 1.559023e-01, 1.559023e-01, 1.690156e-01, 1.994976e-01, 2.423717e-01, 2.580769e-01, 2.989944e-01, 3.111924e-01, 3.441922e-01
INFO:bingo.evolutionary_optimizers.parallel_archipelago:Evolution time 0:00:06.363471	 age 460	 fitness 1.525e-01
Level 25:bingo.evolutionary_optimizers.evolutionary_optimizer:Generation: 160 	 Elapsed time: 0:02:13.662324 	 Best training fitness: 1.525302e-01 	 
Level 25:bingo.evolutionary_optimizers.evolutionary_optimizer:160, 1.336623e+02, 4168837, 1.525302e-01, 1.525302e-01, 1.690156e-01, 1.994976e-01, 2.423717e-01, 2.580769e-01, 2.989944e-01, 3.111924e-01, 3.441922e-01
INFO:bingo.evolutionary_optimizers.parallel_archipelago:Evolution time 0:00:09.540511	 age 490	 fitness 1.525e-01
Level 25:bingo.evolutionary_optimizers.evolutionary_optimizer:Generation: 170 	 Elapsed time: 0:02:23.531319 	 Best training fitness: 1.525302e-01 	 
Level 25:bingo.evolutionary_optimizers.evolutionary_optimizer:170, 1.435313e+02, 4503471, 1.525302e-01, 1.525302e-01, 1.690156e-01, 1.994976e-01, 2.423717e-01, 2.580769e-01, 2.989944e-01, 3.111924e-01, 3.441922e-01
INFO:bingo.evolutionary_optimizers.parallel_archipelago:Evolution time 0:00:05.765171	 age 510	 fitness 1.525e-01
Level 25:bingo.evolutionary_optimizers.evolutionary_optimizer:Generation: 180 	 Elapsed time: 0:02:29.568698 	 Best training fitness: 1.525302e-01 	 
Level 25:bingo.evolutionary_optimizers.evolutionary_optimizer:180, 1.495687e+02, 4727594, 1.525302e-01, 1.525302e-01, 1.690156e-01, 1.994976e-01, 2.423717e-01, 2.580769e-01, 2.989944e-01, 3.111924e-01, 3.441922e-01
INFO:bingo.evolutionary_optimizers.parallel_archipelago:Evolution time 0:00:07.115873	 age 530	 fitness 1.525e-01
Level 25:bingo.evolutionary_optimizers.evolutionary_optimizer:Generation: 190 	 Elapsed time: 0:02:36.972096 	 Best training fitness: 1.525302e-01 	 
Level 25:bingo.evolutionary_optimizers.evolutionary_optimizer:190, 1.569721e+02, 4950926, 1.525302e-01, 1.525302e-01, 1.690156e-01, 1.994976e-01, 2.423717e-01, 2.580769e-01, 2.989944e-01, 3.111924e-01, 3.441922e-01
INFO:bingo.evolutionary_optimizers.parallel_archipelago:Evolution time 0:00:05.685166	 age 560	 fitness 1.525e-01
Level 25:bingo.evolutionary_optimizers.evolutionary_optimizer:Generation: 200 	 Elapsed time: 0:02:42.938547 	 Best training fitness: 1.525302e-01 	 
Level 25:bingo.evolutionary_optimizers.evolutionary_optimizer:200, 1.629385e+02, 5206607, 1.525302e-01, 1.525302e-01, 1.690156e-01, 1.994976e-01, 2.423717e-01, 2.580769e-01, 2.989944e-01, 3.111924e-01, 3.441922e-01
INFO:bingo.evolutionary_optimizers.parallel_archipelago:Evolution time 0:00:05.256741	 age 580	 fitness 1.525e-01
Level 25:bingo.evolutionary_optimizers.evolutionary_optimizer:Generation: 210 	 Elapsed time: 0:02:48.530642 	 Best training fitness: 1.525302e-01 	 
Level 25:bingo.evolutionary_optimizers.evolutionary_optimizer:210, 1.685306e+02, 5390038, 1.525302e-01, 1.525302e-01, 1.690156e-01, 1.994976e-01, 2.165488e-01, 2.580769e-01, 2.989944e-01, 3.111924e-01, 3.441922e-01
INFO:bingo.evolutionary_optimizers.parallel_archipelago:Evolution time 0:00:09.424751	 age 610	 fitness 1.525e-01
Level 25:bingo.evolutionary_optimizers.evolutionary_optimizer:Generation: 220 	 Elapsed time: 0:02:58.240416 	 Best training fitness: 1.525302e-01 	 
Level 25:bingo.evolutionary_optimizers.evolutionary_optimizer:220, 1.782404e+02, 5702950, 1.525302e-01, 1.525302e-01, 1.690156e-01, 1.994976e-01, 2.165488e-01, 2.580769e-01, 2.989944e-01, 3.111924e-01, 3.441922e-01
INFO:bingo.evolutionary_optimizers.parallel_archipelago:Evolution time 0:00:07.104361	 age 650	 fitness 1.525e-01
Level 25:bingo.evolutionary_optimizers.evolutionary_optimizer:Generation: 230 	 Elapsed time: 0:03:05.727686 	 Best training fitness: 1.525302e-01 	 
Level 25:bingo.evolutionary_optimizers.evolutionary_optimizer:230, 1.857277e+02, 5970998, 1.525302e-01, 1.525302e-01, 1.690156e-01, 1.994976e-01, 2.165488e-01, 2.580769e-01, 2.989944e-01, 3.111924e-01, 3.441922e-01
INFO:bingo.evolutionary_optimizers.parallel_archipelago:Evolution time 0:00:08.784465	 age 680	 fitness 1.525e-01
Level 25:bingo.evolutionary_optimizers.evolutionary_optimizer:Generation: 240 	 Elapsed time: 0:03:14.831384 	 Best training fitness: 1.525302e-01 	 
Level 25:bingo.evolutionary_optimizers.evolutionary_optimizer:240, 1.948314e+02, 6258324, 1.525302e-01, 1.525302e-01, 1.690156e-01, 1.994976e-01, 2.165488e-01, 2.580769e-01, 2.989944e-01, 3.111924e-01, 3.441922e-01
INFO:bingo.evolutionary_optimizers.parallel_archipelago:Evolution time 0:00:04.447516	 age 700	 fitness 1.525e-01
Level 25:bingo.evolutionary_optimizers.evolutionary_optimizer:Generation: 250 	 Elapsed time: 0:03:19.564118 	 Best training fitness: 1.525302e-01 	 
Level 25:bingo.evolutionary_optimizers.evolutionary_optimizer:250, 1.995641e+02, 6459604, 1.525302e-01, 1.525302e-01, 1.690156e-01, 1.994976e-01, 2.165488e-01, 2.580769e-01, 2.989944e-01, 3.111924e-01, 3.441922e-01
INFO:bingo.evolutionary_optimizers.parallel_archipelago:Evolution time 0:00:06.247435	 age 720	 fitness 1.525e-01
Level 25:bingo.evolutionary_optimizers.evolutionary_optimizer:Generation: 260 	 Elapsed time: 0:03:26.111724 	 Best training fitness: 1.525302e-01 	 
Level 25:bingo.evolutionary_optimizers.evolutionary_optimizer:260, 2.061117e+02, 6677850, 1.525302e-01, 1.525302e-01, 1.690156e-01, 1.994976e-01, 2.165488e-01, 2.580769e-01, 2.989944e-01, 3.111924e-01, 3.441922e-01
INFO:bingo.evolutionary_optimizers.parallel_archipelago:Evolution time 0:00:06.308842	 age 750	 fitness 1.525e-01
Level 25:bingo.evolutionary_optimizers.evolutionary_optimizer:Generation: 270 	 Elapsed time: 0:03:32.760497 	 Best training fitness: 1.525302e-01 	 
Level 25:bingo.evolutionary_optimizers.evolutionary_optimizer:270, 2.127605e+02, 6905297, 1.525302e-01, 1.525302e-01, 1.690156e-01, 1.994976e-01, 2.165488e-01, 2.580769e-01, 2.989944e-01, 3.111924e-01, 3.441922e-01
INFO:bingo.evolutionary_optimizers.parallel_archipelago:Evolution time 0:00:07.255622	 age 770	 fitness 1.525e-01
Level 25:bingo.evolutionary_optimizers.evolutionary_optimizer:Generation: 280 	 Elapsed time: 0:03:40.308333 	 Best training fitness: 1.525302e-01 	 
Level 25:bingo.evolutionary_optimizers.evolutionary_optimizer:280, 2.203083e+02, 7131568, 1.525302e-01, 1.525302e-01, 1.690156e-01, 1.994976e-01, 2.165488e-01, 2.580769e-01, 2.989944e-01, 3.111924e-01, 3.441922e-01
INFO:bingo.evolutionary_optimizers.parallel_archipelago:Evolution time 0:00:11.187143	 age 790	 fitness 1.525e-01
Level 25:bingo.evolutionary_optimizers.evolutionary_optimizer:Generation: 290 	 Elapsed time: 0:03:51.792012 	 Best training fitness: 1.525302e-01 	 
Level 25:bingo.evolutionary_optimizers.evolutionary_optimizer:290, 2.317920e+02, 7453614, 1.525302e-01, 1.525302e-01, 1.690156e-01, 1.994976e-01, 2.165488e-01, 2.580769e-01, 2.989944e-01, 3.111924e-01, 3.441922e-01
INFO:bingo.evolutionary_optimizers.parallel_archipelago:Evolution time 0:00:06.113215	 age 820	 fitness 1.525e-01
Level 25:bingo.evolutionary_optimizers.evolutionary_optimizer:Generation: 300 	 Elapsed time: 0:03:58.277298 	 Best training fitness: 1.525302e-01 	 
Level 25:bingo.evolutionary_optimizers.evolutionary_optimizer:300, 2.382773e+02, 7718238, 1.525302e-01, 1.525302e-01, 1.690156e-01, 1.994976e-01, 2.165488e-01, 2.580769e-01, 2.989944e-01, 3.111924e-01, 3.441922e-01
INFO:bingo.evolutionary_optimizers.parallel_archipelago:Evolution time 0:00:11.567102	 age 840	 fitness 1.525e-01
Level 25:bingo.evolutionary_optimizers.evolutionary_optimizer:Generation: 310 	 Elapsed time: 0:04:10.190435 	 Best training fitness: 1.525302e-01 	 
Level 25:bingo.evolutionary_optimizers.evolutionary_optimizer:310, 2.501904e+02, 7985804, 1.525302e-01, 1.525302e-01, 1.690156e-01, 1.994976e-01, 2.165488e-01, 2.580769e-01, 2.989944e-01, 3.111924e-01, 3.441922e-01
INFO:bingo.evolutionary_optimizers.parallel_archipelago:Evolution time 0:00:06.862653	 age 860	 fitness 1.525e-01
Level 25:bingo.evolutionary_optimizers.evolutionary_optimizer:Generation: 320 	 Elapsed time: 0:04:17.398244 	 Best training fitness: 1.525302e-01 	 
Level 25:bingo.evolutionary_optimizers.evolutionary_optimizer:320, 2.573982e+02, 8208192, 1.525302e-01, 1.525302e-01, 1.690156e-01, 1.994976e-01, 2.165488e-01, 2.580769e-01, 2.989944e-01, 3.111924e-01, 3.441922e-01
INFO:bingo.evolutionary_optimizers.parallel_archipelago:Evolution time 0:00:03.966180	 age 880	 fitness 1.525e-01
Level 25:bingo.evolutionary_optimizers.evolutionary_optimizer:Generation: 330 	 Elapsed time: 0:04:21.712184 	 Best training fitness: 1.525302e-01 	 
Level 25:bingo.evolutionary_optimizers.evolutionary_optimizer:330, 2.617122e+02, 8373599, 1.525302e-01, 1.525302e-01, 1.690156e-01, 1.994976e-01, 2.165488e-01, 2.580769e-01, 2.989944e-01, 3.111924e-01, 3.441922e-01
INFO:bingo.evolutionary_optimizers.parallel_archipelago:Evolution time 0:00:04.876439	 age 910	 fitness 1.525e-01
Level 25:bingo.evolutionary_optimizers.evolutionary_optimizer:Generation: 340 	 Elapsed time: 0:04:26.933417 	 Best training fitness: 1.525302e-01 	 
Level 25:bingo.evolutionary_optimizers.evolutionary_optimizer:340, 2.669334e+02, 8566807, 1.525302e-01, 1.525302e-01, 1.690156e-01, 1.994976e-01, 2.165488e-01, 2.580769e-01, 2.989944e-01, 3.111924e-01, 3.441922e-01
INFO:bingo.evolutionary_optimizers.parallel_archipelago:Evolution time 0:00:08.680730	 age 930	 fitness 1.525e-01
Level 25:bingo.evolutionary_optimizers.evolutionary_optimizer:Generation: 350 	 Elapsed time: 0:04:35.937069 	 Best training fitness: 1.525302e-01 	 
Level 25:bingo.evolutionary_optimizers.evolutionary_optimizer:350, 2.759371e+02, 8784189, 1.525302e-01, 1.525302e-01, 1.690156e-01, 1.994976e-01, 2.165488e-01, 2.580769e-01, 2.989944e-01, 3.111924e-01, 3.441922e-01
INFO:bingo.evolutionary_optimizers.parallel_archipelago:Evolution time 0:00:09.733112	 age 960	 fitness 1.525e-01
Level 25:bingo.evolutionary_optimizers.evolutionary_optimizer:Generation: 360 	 Elapsed time: 0:04:45.994764 	 Best training fitness: 1.525302e-01 	 
Level 25:bingo.evolutionary_optimizers.evolutionary_optimizer:360, 2.859948e+02, 9086739, 1.525302e-01, 1.525302e-01, 1.690156e-01, 1.994976e-01, 2.165488e-01, 2.580769e-01, 2.989944e-01, 3.111924e-01, 3.441922e-01
INFO:bingo.evolutionary_optimizers.parallel_archipelago:Evolution time 0:00:08.088757	 age 990	 fitness 1.525e-01
Level 25:bingo.evolutionary_optimizers.evolutionary_optimizer:Generation: 370 	 Elapsed time: 0:04:54.453591 	 Best training fitness: 1.525302e-01 	 
Level 25:bingo.evolutionary_optimizers.evolutionary_optimizer:370, 2.944536e+02, 9354392, 1.525302e-01, 1.525302e-01, 1.690156e-01, 1.994976e-01, 2.165488e-01, 2.580769e-01, 2.989944e-01, 3.111924e-01, 3.441922e-01
INFO:bingo.evolutionary_optimizers.parallel_archipelago:Evolution time 0:00:05.739376	 age 1010	 fitness 1.525e-01
Level 25:bingo.evolutionary_optimizers.evolutionary_optimizer:Generation: 380 	 Elapsed time: 0:05:00.482921 	 Best training fitness: 1.525302e-01 	 
Level 25:bingo.evolutionary_optimizers.evolutionary_optimizer:380, 3.004829e+02, 9582739, 1.525302e-01, 1.525302e-01, 1.690156e-01, 1.994976e-01, 2.165488e-01, 2.580769e-01, 2.989944e-01, 3.111924e-01, 3.441922e-01
INFO:bingo.evolutionary_optimizers.parallel_archipelago:Evolution time 0:00:08.827403	 age 1040	 fitness 1.525e-01
Level 25:bingo.evolutionary_optimizers.evolutionary_optimizer:Generation: 390 	 Elapsed time: 0:05:09.612410 	 Best training fitness: 1.525302e-01 	 
Level 25:bingo.evolutionary_optimizers.evolutionary_optimizer:390, 3.096124e+02, 9877669, 1.525302e-01, 1.525302e-01, 1.690156e-01, 1.994976e-01, 2.165488e-01, 2.580769e-01, 2.989944e-01, 3.111924e-01, 3.441922e-01
INFO:bingo.evolutionary_optimizers.parallel_archipelago:Evolution time 0:00:07.817589	 age 1080	 fitness 1.525e-01
Level 25:bingo.evolutionary_optimizers.evolutionary_optimizer:Generation: 400 	 Elapsed time: 0:05:17.780129 	 Best training fitness: 1.525302e-01 	 
Level 25:bingo.evolutionary_optimizers.evolutionary_optimizer:400, 3.177801e+02, 10186155, 1.525302e-01, 1.525302e-01, 1.690156e-01, 1.994976e-01, 2.165488e-01, 2.580769e-01, 2.989944e-01, 3.111924e-01, 3.441922e-01
INFO:bingo.evolutionary_optimizers.parallel_archipelago:Evolution time 0:00:09.511301	 age 1100	 fitness 1.525e-01
Level 25:bingo.evolutionary_optimizers.evolutionary_optimizer:Generation: 410 	 Elapsed time: 0:05:27.639395 	 Best training fitness: 1.525302e-01 	 
Level 25:bingo.evolutionary_optimizers.evolutionary_optimizer:410, 3.276394e+02, 10456643, 1.525302e-01, 1.525302e-01, 1.690156e-01, 1.994976e-01, 2.165488e-01, 2.580769e-01, 2.989944e-01, 3.111924e-01, 3.441922e-01
INFO:bingo.evolutionary_optimizers.parallel_archipelago:Evolution time 0:00:09.022156	 age 1130	 fitness 1.525e-01
Level 25:bingo.evolutionary_optimizers.evolutionary_optimizer:Generation: 420 	 Elapsed time: 0:05:36.974640 	 Best training fitness: 1.525302e-01 	 
Level 25:bingo.evolutionary_optimizers.evolutionary_optimizer:420, 3.369746e+02, 10759625, 1.525302e-01, 1.525302e-01, 1.690156e-01, 1.994976e-01, 2.165488e-01, 2.580769e-01, 2.989944e-01, 3.111924e-01, 3.441922e-01
INFO:bingo.evolutionary_optimizers.parallel_archipelago:Evolution time 0:00:09.464440	 age 1150	 fitness 1.525e-01
Level 25:bingo.evolutionary_optimizers.evolutionary_optimizer:Generation: 430 	 Elapsed time: 0:05:46.766718 	 Best training fitness: 1.525302e-01 	 
Level 25:bingo.evolutionary_optimizers.evolutionary_optimizer:430, 3.467667e+02, 11058276, 1.525302e-01, 1.525302e-01, 1.690156e-01, 1.994976e-01, 2.165488e-01, 2.580769e-01, 2.989944e-01, 3.111924e-01, 3.441922e-01
INFO:bingo.evolutionary_optimizers.parallel_archipelago:Evolution time 0:00:10.038607	 age 1180	 fitness 1.525e-01
Level 25:bingo.evolutionary_optimizers.evolutionary_optimizer:Generation: 440 	 Elapsed time: 0:05:57.184084 	 Best training fitness: 1.525302e-01 	 
Level 25:bingo.evolutionary_optimizers.evolutionary_optimizer:440, 3.571841e+02, 11349596, 1.525302e-01, 1.525302e-01, 1.690156e-01, 1.994976e-01, 2.165488e-01, 2.580769e-01, 2.989944e-01, 3.111924e-01, 3.441922e-01
INFO:bingo.evolutionary_optimizers.parallel_archipelago:Evolution time 0:00:10.119364	 age 1200	 fitness 1.525e-01
Level 25:bingo.evolutionary_optimizers.evolutionary_optimizer:Generation: 450 	 Elapsed time: 0:06:07.851344 	 Best training fitness: 1.525302e-01 	 
Level 25:bingo.evolutionary_optimizers.evolutionary_optimizer:450, 3.678513e+02, 11605227, 1.525302e-01, 1.525302e-01, 1.690156e-01, 1.994976e-01, 2.165488e-01, 2.580769e-01, 2.989944e-01, 3.111924e-01, 3.441922e-01
INFO:bingo.evolutionary_optimizers.parallel_archipelago:Evolution time 0:00:09.013483	 age 1230	 fitness 1.525e-01
Level 25:bingo.evolutionary_optimizers.evolutionary_optimizer:Generation: 460 	 Elapsed time: 0:06:17.208092 	 Best training fitness: 1.525302e-01 	 
Level 25:bingo.evolutionary_optimizers.evolutionary_optimizer:460, 3.772081e+02, 11892680, 1.525302e-01, 1.525302e-01, 1.690156e-01, 1.994976e-01, 2.165488e-01, 2.580769e-01, 2.989944e-01, 3.111924e-01, 3.441922e-01
INFO:bingo.evolutionary_optimizers.parallel_archipelago:Evolution time 0:00:09.821805	 age 1250	 fitness 1.525e-01
Level 25:bingo.evolutionary_optimizers.evolutionary_optimizer:Generation: 470 	 Elapsed time: 0:06:27.374621 	 Best training fitness: 1.525302e-01 	 
Level 25:bingo.evolutionary_optimizers.evolutionary_optimizer:470, 3.873746e+02, 12168556, 1.525302e-01, 1.525302e-01, 1.690156e-01, 1.994976e-01, 2.165488e-01, 2.580769e-01, 2.989944e-01, 3.111924e-01, 3.441922e-01
INFO:bingo.evolutionary_optimizers.parallel_archipelago:Evolution time 0:00:09.074877	 age 1270	 fitness 1.525e-01
Level 25:bingo.evolutionary_optimizers.evolutionary_optimizer:Generation: 480 	 Elapsed time: 0:06:36.781604 	 Best training fitness: 1.525302e-01 	 
Level 25:bingo.evolutionary_optimizers.evolutionary_optimizer:480, 3.967816e+02, 12386009, 1.525302e-01, 1.525302e-01, 1.690156e-01, 1.994976e-01, 2.165488e-01, 2.580769e-01, 2.989944e-01, 3.111924e-01, 3.441922e-01
INFO:bingo.evolutionary_optimizers.parallel_archipelago:Evolution time 0:00:06.382472	 age 1290	 fitness 1.525e-01
Level 25:bingo.evolutionary_optimizers.evolutionary_optimizer:Generation: 490 	 Elapsed time: 0:06:43.513103 	 Best training fitness: 1.525302e-01 	 
Level 25:bingo.evolutionary_optimizers.evolutionary_optimizer:490, 4.035131e+02, 12562433, 1.525302e-01, 1.525302e-01, 1.690156e-01, 1.994976e-01, 2.165488e-01, 2.580769e-01, 2.989944e-01, 3.111924e-01, 3.441922e-01
INFO:bingo.evolutionary_optimizers.parallel_archipelago:Evolution time 0:00:04.640259	 age 1320	 fitness 1.525e-01
Level 25:bingo.evolutionary_optimizers.evolutionary_optimizer:Generation: 500 	 Elapsed time: 0:06:48.505910 	 Best training fitness: 1.525302e-01 	 
Level 25:bingo.evolutionary_optimizers.evolutionary_optimizer:500, 4.085059e+02, 12757886, 1.525302e-01, 1.525302e-01, 1.690156e-01, 1.994976e-01, 2.165488e-01, 2.580769e-01, 2.989944e-01, 3.111924e-01, 3.441922e-01
INFO:bingo.evolutionary_optimizers.parallel_archipelago:Evolution time 0:00:10.738576	 age 1350	 fitness 1.525e-01
Level 25:bingo.evolutionary_optimizers.evolutionary_optimizer:Generation: 510 	 Elapsed time: 0:06:59.625337 	 Best training fitness: 1.525302e-01 	 
Level 25:bingo.evolutionary_optimizers.evolutionary_optimizer:510, 4.196253e+02, 13098908, 1.525302e-01, 1.525302e-01, 1.690156e-01, 1.994976e-01, 2.165488e-01, 2.580769e-01, 2.989944e-01, 3.111924e-01, 3.441922e-01
INFO:bingo.evolutionary_optimizers.parallel_archipelago:Evolution time 0:00:06.583695	 age 1370	 fitness 1.525e-01
Level 25:bingo.evolutionary_optimizers.evolutionary_optimizer:Generation: 520 	 Elapsed time: 0:07:06.536307 	 Best training fitness: 1.525302e-01 	 
Level 25:bingo.evolutionary_optimizers.evolutionary_optimizer:520, 4.265363e+02, 13289987, 1.525302e-01, 1.525302e-01, 1.690156e-01, 1.994976e-01, 2.165488e-01, 2.580769e-01, 2.989944e-01, 3.111924e-01, 3.441922e-01
INFO:bingo.evolutionary_optimizers.parallel_archipelago:Evolution time 0:00:07.199068	 age 1410	 fitness 1.525e-01
Level 25:bingo.evolutionary_optimizers.evolutionary_optimizer:Generation: 530 	 Elapsed time: 0:07:14.071263 	 Best training fitness: 1.525302e-01 	 
Level 25:bingo.evolutionary_optimizers.evolutionary_optimizer:530, 4.340713e+02, 13579452, 1.525302e-01, 1.525302e-01, 1.690156e-01, 1.994976e-01, 2.165488e-01, 2.580769e-01, 2.989944e-01, 3.111924e-01, 3.441922e-01
INFO:bingo.evolutionary_optimizers.parallel_archipelago:Evolution time 0:00:05.313070	 age 1450	 fitness 5.773e-17
Level 25:bingo.evolutionary_optimizers.evolutionary_optimizer:Generation: 540 	 Elapsed time: 0:07:19.710739 	 Best training fitness: 5.773160e-17 	 
Level 25:bingo.evolutionary_optimizers.evolutionary_optimizer:540, 4.397107e+02, 13786535, 5.773160e-17, 5.773160e-17, 2.580769e-01, 2.989944e-01, 3.111924e-01, 3.441922e-01
Level 25:bingo.evolutionary_optimizers.evolutionary_optimizer:Evolution successfully converged.
Level 25:bingo.evolutionary_optimizers.evolutionary_optimizer:  Absolte convergence occurred with best fitness < 1e-10
Level 25:bingo.evolutionary_optimizers.evolutionary_optimizer:Hall of Fame:
5.773159728050814e-17	7	sin(log((X_1)(X_1) + (X_0)(X_0)))
0.2580769222049211	6	(-0.245668)(log((X_1)(X_0)))
0.2989944439801717	5	(log(X_0 + X_0))(-0.332305)
0.3111924468682272	4	(-0.434294)(log(X_1))
0.3441921894629212	1	-0.904229
