Level 25:bingo.evolutionary_optimizers.evolutionary_optimizer:#generational_age, elapsed_time, fitness_evaluation_count, current_training_fitness, hall_of_fame_fitnesses
Level 25:bingo.evolutionary_optimizers.evolutionary_optimizer:#generational_age, elapsed_time, fitness_evaluation_count, current_training_fitness, hall_of_fame_fitnesses
Level 25:bingo.evolutionary_optimizers.evolutionary_optimizer:Generation: 0 	 Elapsed time: 0:00:00.721928 	 Best training fitness: 3.029550e-01 	 
Level 25:bingo.evolutionary_optimizers.evolutionary_optimizer:0, 7.219280e-01, 29230, 3.029550e-01
INFO:bingo.evolutionary_optimizers.parallel_archipelago:Evolution time 0:00:10.619516	 age 20	 fitness 2.446e-01
Level 25:bingo.evolutionary_optimizers.evolutionary_optimizer:Generation: 10 	 Elapsed time: 0:00:11.782053 	 Best training fitness: 2.445743e-01 	 
Level 25:bingo.evolutionary_optimizers.evolutionary_optimizer:10, 1.178205e+01, 326981, 2.445743e-01, 2.445743e-01, 2.507145e-01, 2.970166e-01, 2.970166e-01, 3.334605e-01, 3.441922e-01
INFO:bingo.evolutionary_optimizers.parallel_archipelago:Evolution time 0:00:11.677568	 age 30	 fitness 2.406e-01
Level 25:bingo.evolutionary_optimizers.evolutionary_optimizer:Generation: 20 	 Elapsed time: 0:00:23.940847 	 Best training fitness: 2.406273e-01 	 
Level 25:bingo.evolutionary_optimizers.evolutionary_optimizer:20, 2.394085e+01, 575937, 2.406273e-01, 2.406273e-01, 2.445719e-01, 2.507145e-01, 2.565482e-01, 2.970166e-01, 3.111924e-01, 3.441922e-01
INFO:bingo.evolutionary_optimizers.parallel_archipelago:Evolution time 0:00:04.259565	 age 50	 fitness 1.719e-01
Level 25:bingo.evolutionary_optimizers.evolutionary_optimizer:Generation: 30 	 Elapsed time: 0:00:28.404409 	 Best training fitness: 1.719391e-01 	 
Level 25:bingo.evolutionary_optimizers.evolutionary_optimizer:30, 2.840441e+01, 786426, 1.719391e-01, 1.719391e-01, 2.031704e-01, 2.032155e-01, 2.086228e-01, 2.827439e-01, 2.970166e-01, 2.989944e-01, 3.111924e-01, 3.441922e-01
INFO:bingo.evolutionary_optimizers.parallel_archipelago:Evolution time 0:00:03.660479	 age 70	 fitness 1.479e-01
Level 25:bingo.evolutionary_optimizers.evolutionary_optimizer:Generation: 40 	 Elapsed time: 0:00:32.281112 	 Best training fitness: 1.478519e-01 	 
Level 25:bingo.evolutionary_optimizers.evolutionary_optimizer:40, 3.228111e+01, 1064262, 1.478519e-01, 1.478519e-01, 1.723794e-01, 1.979647e-01, 1.994976e-01, 2.970166e-01, 2.989944e-01, 3.111924e-01, 3.441922e-01
INFO:bingo.evolutionary_optimizers.parallel_archipelago:Evolution time 0:00:09.569441	 age 110	 fitness 1.194e-01
Level 25:bingo.evolutionary_optimizers.evolutionary_optimizer:Generation: 50 	 Elapsed time: 0:00:42.044000 	 Best training fitness: 1.194192e-01 	 
Level 25:bingo.evolutionary_optimizers.evolutionary_optimizer:50, 4.204400e+01, 1417108, 1.194192e-01, 1.194192e-01, 1.200519e-01, 1.723794e-01, 1.828891e-01, 1.831721e-01, 1.994976e-01, 2.970166e-01, 2.989944e-01, 3.111924e-01, 3.441922e-01
INFO:bingo.evolutionary_optimizers.parallel_archipelago:Evolution time 0:00:04.637712	 age 130	 fitness 1.096e-01
Level 25:bingo.evolutionary_optimizers.evolutionary_optimizer:Generation: 60 	 Elapsed time: 0:00:46.877760 	 Best training fitness: 1.096239e-01 	 
Level 25:bingo.evolutionary_optimizers.evolutionary_optimizer:60, 4.687776e+01, 1723847, 1.096239e-01, 1.096239e-01, 1.194192e-01, 1.200519e-01, 1.723794e-01, 1.828891e-01, 1.831721e-01, 1.994976e-01, 2.970166e-01, 2.989944e-01, 3.111924e-01, 3.441922e-01, 3.441922e-01
INFO:bingo.evolutionary_optimizers.parallel_archipelago:Evolution time 0:00:08.252117	 age 170	 fitness 1.096e-01
Level 25:bingo.evolutionary_optimizers.evolutionary_optimizer:Generation: 70 	 Elapsed time: 0:00:55.313848 	 Best training fitness: 1.096239e-01 	 
Level 25:bingo.evolutionary_optimizers.evolutionary_optimizer:70, 5.531385e+01, 2058784, 1.096239e-01, 1.096239e-01, 1.194192e-01, 1.200519e-01, 1.523459e-01, 1.828891e-01, 1.831721e-01, 1.994976e-01, 2.970166e-01, 2.989944e-01, 3.111924e-01, 3.441922e-01, 3.441922e-01
INFO:bingo.evolutionary_optimizers.parallel_archipelago:Evolution time 0:00:05.078850	 age 180	 fitness 1.096e-01
Level 25:bingo.evolutionary_optimizers.evolutionary_optimizer:Generation: 80 	 Elapsed time: 0:01:00.606780 	 Best training fitness: 1.096239e-01 	 
Level 25:bingo.evolutionary_optimizers.evolutionary_optimizer:80, 6.060678e+01, 2356934, 1.096239e-01, 1.096239e-01, 1.194192e-01, 1.200519e-01, 1.523459e-01, 1.828891e-01, 1.831721e-01, 1.994976e-01, 2.970166e-01, 2.989944e-01, 3.111924e-01, 3.441922e-01, 3.441922e-01
INFO:bingo.evolutionary_optimizers.parallel_archipelago:Evolution time 0:00:06.680302	 age 190	 fitness 1.096e-01
Level 25:bingo.evolutionary_optimizers.evolutionary_optimizer:Generation: 90 	 Elapsed time: 0:01:07.507761 	 Best training fitness: 1.096239e-01 	 
Level 25:bingo.evolutionary_optimizers.evolutionary_optimizer:90, 6.750776e+01, 2707365, 1.096239e-01, 1.096239e-01, 1.194192e-01, 1.200519e-01, 1.523459e-01, 1.687250e-01, 1.687250e-01, 1.794816e-01, 1.994976e-01, 2.970166e-01, 2.989944e-01, 3.111924e-01, 3.441922e-01, 3.441922e-01
INFO:bingo.evolutionary_optimizers.parallel_archipelago:Evolution time 0:00:08.065171	 age 220	 fitness 1.058e-01
Level 25:bingo.evolutionary_optimizers.evolutionary_optimizer:Generation: 100 	 Elapsed time: 0:01:15.759726 	 Best training fitness: 1.058291e-01 	 
Level 25:bingo.evolutionary_optimizers.evolutionary_optimizer:100, 7.575973e+01, 3157967, 1.058291e-01, 1.058291e-01, 1.091241e-01, 1.096239e-01, 1.194192e-01, 1.200519e-01, 1.523459e-01, 1.687250e-01, 1.687250e-01, 1.711514e-01, 1.994976e-01, 2.970166e-01, 2.989944e-01, 3.111924e-01, 3.441922e-01, 3.441922e-01
INFO:bingo.evolutionary_optimizers.parallel_archipelago:Evolution time 0:00:05.911168	 age 240	 fitness 1.058e-01
Level 25:bingo.evolutionary_optimizers.evolutionary_optimizer:Generation: 110 	 Elapsed time: 0:01:21.864643 	 Best training fitness: 1.058291e-01 	 
Level 25:bingo.evolutionary_optimizers.evolutionary_optimizer:110, 8.186464e+01, 3518080, 1.058291e-01, 1.058291e-01, 1.091241e-01, 1.096239e-01, 1.194192e-01, 1.200519e-01, 1.523459e-01, 1.687250e-01, 1.687250e-01, 1.711514e-01, 1.994976e-01, 2.970166e-01, 2.989944e-01, 3.111924e-01, 3.441922e-01, 3.441922e-01
INFO:bingo.evolutionary_optimizers.parallel_archipelago:Evolution time 0:00:07.780376	 age 250	 fitness 4.073e-02
Level 25:bingo.evolutionary_optimizers.evolutionary_optimizer:Generation: 120 	 Elapsed time: 0:01:29.858394 	 Best training fitness: 4.072649e-02 	 
Level 25:bingo.evolutionary_optimizers.evolutionary_optimizer:120, 8.985839e+01, 3846253, 4.072649e-02, 4.072649e-02, 1.091241e-01, 1.096239e-01, 1.194192e-01, 1.200519e-01, 1.523459e-01, 1.687250e-01, 1.687250e-01, 1.711514e-01, 1.994976e-01, 2.970166e-01, 2.989944e-01, 3.111924e-01, 3.441922e-01, 3.441922e-01
INFO:bingo.evolutionary_optimizers.parallel_archipelago:Evolution time 0:00:10.676737	 age 270	 fitness 1.574e-12
Level 25:bingo.evolutionary_optimizers.evolutionary_optimizer:Generation: 130 	 Elapsed time: 0:01:40.751889 	 Best training fitness: 1.574073e-12 	 
Level 25:bingo.evolutionary_optimizers.evolutionary_optimizer:130, 1.007519e+02, 4339882, 1.574073e-12, 1.574073e-12, 7.860825e-03, 1.753271e-02, 1.091241e-01, 1.096239e-01, 1.194192e-01, 1.200519e-01, 1.523459e-01, 1.687250e-01, 1.687250e-01, 1.711514e-01, 1.994976e-01, 2.716843e-01, 2.970166e-01, 2.989944e-01, 3.111924e-01, 3.441922e-01, 3.441922e-01
Level 25:bingo.evolutionary_optimizers.evolutionary_optimizer:Evolution successfully converged.
Level 25:bingo.evolutionary_optimizers.evolutionary_optimizer:  Absolte convergence occurred with best fitness < 1e-10
Level 25:bingo.evolutionary_optimizers.evolutionary_optimizer:Hall of Fame:
1.5740730940905223e-12	29	sin(log(((-0.125000)((-0.125000 + -0.125000)((log(-0.125000 + -0.125000))(log(-0.125000 + -0.125000))) + sin(-0.125000 + log(-0.125000 + -0.125000))) + ((X_1)(-0.349548))(X_1) + -0.184835)((log(-0.125000 + -0.125000))(log(-0.125000 + -0.125000)) + sin((log(-0.125000 + -0.125000))(log(-0.125000 + -0.125000)))) + (-0.125000 + -0.125000 + -0.125000 + -0.125000)((X_0)(X_0)) + (-0.125000 + -0.125000 + -0.125000 + -0.125000)((X_0)(X_0))))
0.007860824615689018	27	sin(log(((-0.125000)(sin((-0.125000 + -0.125000)((log(-0.125000 + -0.125000))(log(-0.125000 + -0.125000))))) + ((X_1)(-0.349548))(X_1) + -0.184835)((log(-0.125000 + -0.125000))(log(-0.125000 + -0.125000)) + sin((log(-0.125000 + -0.125000))(log(-0.125000 + -0.125000)))) + (-0.125000 + -0.125000 + -0.125000 + -0.125000)((X_0)(X_0)) + (-0.125000 + -0.125000 + -0.125000 + -0.125000)((X_0)(X_0))))
0.01753271028546932	24	sin(log((-0.125000 + ((X_1)(-0.349548))(X_1) + -0.184835)((log(-0.125000 + -0.125000))(log(-0.125000 + -0.125000)) + sin((log(-0.125000 + -0.125000))(log(-0.125000 + -0.125000)))) + (-0.125000 + -0.125000 + -0.125000 + -0.125000)((X_0)(X_0)) + (-0.125000 + -0.125000 + -0.125000 + -0.125000)((X_0)(X_0))))
0.10912405012634481	23	sin(log((X_0 + (log(X_1 + sin(X_1)))((-0.111220)(X_0)) + sin(X_0))((X_1 + sin(X_1))(log(log(0.956472)))))) + -0.052687
0.1096238828515909	18	sin((log(((X_0)(X_0) + (-0.044517 + -0.044517)(0.005127))(0.048767) + -0.543968 + log(X_1)))(-1.106757))
0.1194191500637089	16	sin((log(((X_0)(X_0) + -0.044149 + -0.044149)(0.043223) + -0.048412 + log(X_1)))(-0.999873))
0.12005194082067154	15	sin((log(((X_0)(X_0) + -0.044149)(0.043223) + -0.048412 + log(X_1)))(-0.999873))
0.15234586351409765	14	sin(log((log(-0.341129 + (X_1)(X_0)) + 0.068412)(log(-0.341129 + (X_1)(X_0)) + 0.068412)) + 1.033903 + 1.033903)
0.1687249638947469	13	sin((log((-0.000000 + X_0)(X_1)))(-0.679382) + 1.037754) + 0.005770
0.16872500696139464	11	sin((log((X_1)(X_0)))(-0.679380) + 1.037749) + 0.005772
0.17115135307562174	10	sin((1.365970)(log((log((X_1)(X_0)))(0.070017))))
0.19949756138010874	8	sin(log((log((X_0)(X_1)))(-0.033612)))
0.27168427937552225	7	(log(X_1 + (X_1)(X_0)))(-0.249401)
0.29701658708707673	6	(log(X_0) + 0.942326)(-0.306787)
0.2989944439801796	5	(log(X_1 + X_1))(-0.332305)
0.31119244686822733	4	(-0.434294)(log(X_1))
0.3441921894629212	2	sin(-1.129571)
0.34419218946292124	1	-0.904229
