Level 25:bingo.evolutionary_optimizers.evolutionary_optimizer:#generational_age, elapsed_time, fitness_evaluation_count, current_training_fitness, hall_of_fame_fitnesses
Level 25:bingo.evolutionary_optimizers.evolutionary_optimizer:#generational_age, elapsed_time, fitness_evaluation_count, current_training_fitness, hall_of_fame_fitnesses
Level 25:bingo.evolutionary_optimizers.evolutionary_optimizer:Generation: 0 	 Elapsed time: 0:00:00.586515 	 Best training fitness: 3.111924e-01 	 
Level 25:bingo.evolutionary_optimizers.evolutionary_optimizer:0, 5.865150e-01, 26312, 3.111924e-01
INFO:bingo.evolutionary_optimizers.parallel_archipelago:Evolution time 0:00:06.348403	 age 20	 fitness 2.881e-01
Level 25:bingo.evolutionary_optimizers.evolutionary_optimizer:Generation: 10 	 Elapsed time: 0:00:07.139719 	 Best training fitness: 2.881360e-01 	 
Level 25:bingo.evolutionary_optimizers.evolutionary_optimizer:10, 7.139719e+00, 224593, 2.881360e-01, 2.881360e-01, 2.970166e-01, 2.970166e-01, 3.111924e-01, 3.111924e-01, 3.441922e-01
INFO:bingo.evolutionary_optimizers.parallel_archipelago:Evolution time 0:00:03.555285	 age 30	 fitness 2.049e-01
Level 25:bingo.evolutionary_optimizers.evolutionary_optimizer:Generation: 20 	 Elapsed time: 0:00:10.924604 	 Best training fitness: 2.049356e-01 	 
Level 25:bingo.evolutionary_optimizers.evolutionary_optimizer:20, 1.092460e+01, 347261, 2.049356e-01, 2.049356e-01, 2.970166e-01, 3.061743e-01, 3.111924e-01, 3.441922e-01
INFO:bingo.evolutionary_optimizers.parallel_archipelago:Evolution time 0:00:05.202202	 age 40	 fitness 1.913e-01
Level 25:bingo.evolutionary_optimizers.evolutionary_optimizer:Generation: 30 	 Elapsed time: 0:00:16.369018 	 Best training fitness: 1.912883e-01 	 
Level 25:bingo.evolutionary_optimizers.evolutionary_optimizer:30, 1.636902e+01, 508185, 1.912883e-01, 1.912883e-01, 2.049356e-01, 2.970166e-01, 2.989944e-01, 3.111924e-01, 3.441922e-01
INFO:bingo.evolutionary_optimizers.parallel_archipelago:Evolution time 0:00:06.296741	 age 50	 fitness 1.691e-01
Level 25:bingo.evolutionary_optimizers.evolutionary_optimizer:Generation: 40 	 Elapsed time: 0:00:22.870051 	 Best training fitness: 1.690780e-01 	 
Level 25:bingo.evolutionary_optimizers.evolutionary_optimizer:40, 2.287005e+01, 665686, 1.690780e-01, 1.690780e-01, 2.049356e-01, 2.970166e-01, 2.989944e-01, 3.111924e-01, 3.441922e-01
INFO:bingo.evolutionary_optimizers.parallel_archipelago:Evolution time 0:00:08.582474	 age 80	 fitness 1.691e-01
Level 25:bingo.evolutionary_optimizers.evolutionary_optimizer:Generation: 50 	 Elapsed time: 0:00:31.674833 	 Best training fitness: 1.690780e-01 	 
Level 25:bingo.evolutionary_optimizers.evolutionary_optimizer:50, 3.167483e+01, 881559, 1.690780e-01, 1.690780e-01, 2.049356e-01, 2.702035e-01, 2.970166e-01, 2.989944e-01, 3.111924e-01, 3.441922e-01
INFO:bingo.evolutionary_optimizers.parallel_archipelago:Evolution time 0:00:06.053594	 age 100	 fitness 1.690e-01
Level 25:bingo.evolutionary_optimizers.evolutionary_optimizer:Generation: 60 	 Elapsed time: 0:00:37.944677 	 Best training fitness: 1.690156e-01 	 
Level 25:bingo.evolutionary_optimizers.evolutionary_optimizer:60, 3.794468e+01, 1074445, 1.690156e-01, 1.690156e-01, 2.049356e-01, 2.675875e-01, 2.970166e-01, 2.989944e-01, 3.111924e-01, 3.441922e-01
INFO:bingo.evolutionary_optimizers.parallel_archipelago:Evolution time 0:00:05.901366	 age 110	 fitness 1.690e-01
Level 25:bingo.evolutionary_optimizers.evolutionary_optimizer:Generation: 70 	 Elapsed time: 0:00:44.065298 	 Best training fitness: 1.690156e-01 	 
Level 25:bingo.evolutionary_optimizers.evolutionary_optimizer:70, 4.406530e+01, 1257026, 1.690156e-01, 1.690156e-01, 2.049356e-01, 2.675875e-01, 2.970166e-01, 2.989944e-01, 3.111924e-01, 3.441922e-01
INFO:bingo.evolutionary_optimizers.parallel_archipelago:Evolution time 0:00:09.666096	 age 140	 fitness 1.690e-01
Level 25:bingo.evolutionary_optimizers.evolutionary_optimizer:Generation: 80 	 Elapsed time: 0:00:53.960383 	 Best training fitness: 1.690156e-01 	 
Level 25:bingo.evolutionary_optimizers.evolutionary_optimizer:80, 5.396038e+01, 1499202, 1.690156e-01, 1.690156e-01, 2.049356e-01, 2.675875e-01, 2.970166e-01, 2.989944e-01, 3.111924e-01, 3.441922e-01
INFO:bingo.evolutionary_optimizers.parallel_archipelago:Evolution time 0:00:04.044240	 age 150	 fitness 1.690e-01
Level 25:bingo.evolutionary_optimizers.evolutionary_optimizer:Generation: 90 	 Elapsed time: 0:00:58.266202 	 Best training fitness: 1.690156e-01 	 
Level 25:bingo.evolutionary_optimizers.evolutionary_optimizer:90, 5.826620e+01, 1652372, 1.690156e-01, 1.690156e-01, 2.049356e-01, 2.675875e-01, 2.970166e-01, 2.989944e-01, 3.111924e-01, 3.441922e-01
INFO:bingo.evolutionary_optimizers.parallel_archipelago:Evolution time 0:00:10.961734	 age 160	 fitness 1.690e-01
Level 25:bingo.evolutionary_optimizers.evolutionary_optimizer:Generation: 100 	 Elapsed time: 0:01:09.456488 	 Best training fitness: 1.690156e-01 	 
Level 25:bingo.evolutionary_optimizers.evolutionary_optimizer:100, 6.945649e+01, 1883032, 1.690156e-01, 1.690156e-01, 2.049356e-01, 2.675875e-01, 2.970166e-01, 2.989944e-01, 3.111924e-01, 3.441922e-01
INFO:bingo.evolutionary_optimizers.parallel_archipelago:Evolution time 0:00:07.191968	 age 170	 fitness 1.690e-01
Level 25:bingo.evolutionary_optimizers.evolutionary_optimizer:Generation: 110 	 Elapsed time: 0:01:16.872710 	 Best training fitness: 1.690156e-01 	 
Level 25:bingo.evolutionary_optimizers.evolutionary_optimizer:110, 7.687271e+01, 2085689, 1.690156e-01, 1.690156e-01, 2.049356e-01, 2.675875e-01, 2.970166e-01, 2.989944e-01, 3.111924e-01, 3.441922e-01
INFO:bingo.evolutionary_optimizers.parallel_archipelago:Evolution time 0:00:04.237665	 age 180	 fitness 1.690e-01
Level 25:bingo.evolutionary_optimizers.evolutionary_optimizer:Generation: 120 	 Elapsed time: 0:01:21.321900 	 Best training fitness: 1.690156e-01 	 
Level 25:bingo.evolutionary_optimizers.evolutionary_optimizer:120, 8.132190e+01, 2256504, 1.690156e-01, 1.690156e-01, 1.690156e-01, 2.049356e-01, 2.584675e-01, 2.989944e-01, 3.111924e-01, 3.441922e-01
INFO:bingo.evolutionary_optimizers.parallel_archipelago:Evolution time 0:00:06.541012	 age 190	 fitness 1.690e-01
Level 25:bingo.evolutionary_optimizers.evolutionary_optimizer:Generation: 130 	 Elapsed time: 0:01:28.109597 	 Best training fitness: 1.690156e-01 	 
Level 25:bingo.evolutionary_optimizers.evolutionary_optimizer:130, 8.810960e+01, 2456626, 1.690156e-01, 1.690156e-01, 1.690156e-01, 2.049356e-01, 2.584675e-01, 2.989944e-01, 3.111924e-01, 3.441922e-01
INFO:bingo.evolutionary_optimizers.parallel_archipelago:Evolution time 0:00:06.640146	 age 200	 fitness 1.690e-01
Level 25:bingo.evolutionary_optimizers.evolutionary_optimizer:Generation: 140 	 Elapsed time: 0:01:34.951298 	 Best training fitness: 1.690156e-01 	 
Level 25:bingo.evolutionary_optimizers.evolutionary_optimizer:140, 9.495130e+01, 2650390, 1.690156e-01, 1.690156e-01, 1.690156e-01, 2.049356e-01, 2.470142e-01, 2.584675e-01, 2.989944e-01, 3.111924e-01, 3.441922e-01
INFO:bingo.evolutionary_optimizers.parallel_archipelago:Evolution time 0:00:05.664838	 age 210	 fitness 1.462e-01
Level 25:bingo.evolutionary_optimizers.evolutionary_optimizer:Generation: 150 	 Elapsed time: 0:01:40.860855 	 Best training fitness: 1.461603e-01 	 
Level 25:bingo.evolutionary_optimizers.evolutionary_optimizer:150, 1.008609e+02, 2832932, 1.461603e-01, 1.461603e-01, 1.690156e-01, 2.049356e-01, 2.470142e-01, 2.584675e-01, 2.989944e-01, 3.111924e-01, 3.441922e-01
INFO:bingo.evolutionary_optimizers.parallel_archipelago:Evolution time 0:00:06.256320	 age 220	 fitness 1.462e-01
Level 25:bingo.evolutionary_optimizers.evolutionary_optimizer:Generation: 160 	 Elapsed time: 0:01:47.307238 	 Best training fitness: 1.461603e-01 	 
Level 25:bingo.evolutionary_optimizers.evolutionary_optimizer:160, 1.073072e+02, 3033398, 1.461603e-01, 1.461603e-01, 1.690156e-01, 2.049356e-01, 2.470142e-01, 2.584675e-01, 2.989944e-01, 3.111924e-01, 3.441922e-01
INFO:bingo.evolutionary_optimizers.parallel_archipelago:Evolution time 0:00:05.679237	 age 230	 fitness 1.462e-01
Level 25:bingo.evolutionary_optimizers.evolutionary_optimizer:Generation: 170 	 Elapsed time: 0:01:53.173597 	 Best training fitness: 1.461603e-01 	 
Level 25:bingo.evolutionary_optimizers.evolutionary_optimizer:170, 1.131736e+02, 3220690, 1.461603e-01, 1.461603e-01, 1.690156e-01, 2.049356e-01, 2.470142e-01, 2.584675e-01, 2.989944e-01, 3.111924e-01, 3.441922e-01
INFO:bingo.evolutionary_optimizers.parallel_archipelago:Evolution time 0:00:05.860044	 age 240	 fitness 1.458e-01
Level 25:bingo.evolutionary_optimizers.evolutionary_optimizer:Generation: 180 	 Elapsed time: 0:01:59.221650 	 Best training fitness: 1.457738e-01 	 
Level 25:bingo.evolutionary_optimizers.evolutionary_optimizer:180, 1.192216e+02, 3396563, 1.457738e-01, 1.457738e-01, 1.690156e-01, 2.049356e-01, 2.470142e-01, 2.584675e-01, 2.989944e-01, 3.111924e-01, 3.441922e-01
INFO:bingo.evolutionary_optimizers.parallel_archipelago:Evolution time 0:00:05.196459	 age 260	 fitness 1.458e-01
Level 25:bingo.evolutionary_optimizers.evolutionary_optimizer:Generation: 190 	 Elapsed time: 0:02:04.653286 	 Best training fitness: 1.457738e-01 	 
Level 25:bingo.evolutionary_optimizers.evolutionary_optimizer:190, 1.246533e+02, 3566589, 1.457738e-01, 1.457738e-01, 1.690156e-01, 2.049356e-01, 2.470142e-01, 2.584675e-01, 2.989944e-01, 3.111924e-01, 3.441922e-01
INFO:bingo.evolutionary_optimizers.parallel_archipelago:Evolution time 0:00:05.668406	 age 280	 fitness 1.457e-01
Level 25:bingo.evolutionary_optimizers.evolutionary_optimizer:Generation: 200 	 Elapsed time: 0:02:10.512909 	 Best training fitness: 1.457308e-01 	 
Level 25:bingo.evolutionary_optimizers.evolutionary_optimizer:200, 1.305129e+02, 3732501, 1.457308e-01, 1.457308e-01, 1.690156e-01, 2.049356e-01, 2.470142e-01, 2.584675e-01, 2.989944e-01, 3.111924e-01, 3.441922e-01
INFO:bingo.evolutionary_optimizers.parallel_archipelago:Evolution time 0:00:05.305927	 age 300	 fitness 1.385e-01
Level 25:bingo.evolutionary_optimizers.evolutionary_optimizer:Generation: 210 	 Elapsed time: 0:02:16.030234 	 Best training fitness: 1.385494e-01 	 
Level 25:bingo.evolutionary_optimizers.evolutionary_optimizer:210, 1.360302e+02, 3883238, 1.385494e-01, 1.385494e-01, 1.690156e-01, 2.049356e-01, 2.470142e-01, 2.584675e-01, 2.989944e-01, 3.111924e-01, 3.441922e-01
INFO:bingo.evolutionary_optimizers.parallel_archipelago:Evolution time 0:00:05.792091	 age 320	 fitness 1.356e-01
Level 25:bingo.evolutionary_optimizers.evolutionary_optimizer:Generation: 220 	 Elapsed time: 0:02:22.044202 	 Best training fitness: 1.356305e-01 	 
Level 25:bingo.evolutionary_optimizers.evolutionary_optimizer:220, 1.420442e+02, 4047788, 1.356305e-01, 1.356305e-01, 1.690156e-01, 2.049356e-01, 2.470142e-01, 2.584675e-01, 2.989944e-01, 3.111924e-01, 3.441922e-01
INFO:bingo.evolutionary_optimizers.parallel_archipelago:Evolution time 0:00:05.585193	 age 330	 fitness 1.356e-01
Level 25:bingo.evolutionary_optimizers.evolutionary_optimizer:Generation: 230 	 Elapsed time: 0:02:27.845789 	 Best training fitness: 1.356305e-01 	 
Level 25:bingo.evolutionary_optimizers.evolutionary_optimizer:230, 1.478458e+02, 4217257, 1.356305e-01, 1.356305e-01, 1.690156e-01, 2.049356e-01, 2.470142e-01, 2.584675e-01, 2.989944e-01, 3.111924e-01, 3.441922e-01
INFO:bingo.evolutionary_optimizers.parallel_archipelago:Evolution time 0:00:08.712285	 age 360	 fitness 1.356e-01
Level 25:bingo.evolutionary_optimizers.evolutionary_optimizer:Generation: 240 	 Elapsed time: 0:02:36.746927 	 Best training fitness: 1.356305e-01 	 
Level 25:bingo.evolutionary_optimizers.evolutionary_optimizer:240, 1.567469e+02, 4422002, 1.356305e-01, 1.356305e-01, 1.690156e-01, 2.049356e-01, 2.470142e-01, 2.584675e-01, 2.989944e-01, 3.111924e-01, 3.441922e-01
INFO:bingo.evolutionary_optimizers.parallel_archipelago:Evolution time 0:00:06.574678	 age 380	 fitness 1.356e-01
Level 25:bingo.evolutionary_optimizers.evolutionary_optimizer:Generation: 250 	 Elapsed time: 0:02:43.564636 	 Best training fitness: 1.356305e-01 	 
Level 25:bingo.evolutionary_optimizers.evolutionary_optimizer:250, 1.635646e+02, 4607201, 1.356305e-01, 1.356305e-01, 1.690156e-01, 2.049356e-01, 2.470142e-01, 2.584675e-01, 2.989944e-01, 3.111924e-01, 3.441922e-01
INFO:bingo.evolutionary_optimizers.parallel_archipelago:Evolution time 0:00:08.270278	 age 410	 fitness 1.356e-01
Level 25:bingo.evolutionary_optimizers.evolutionary_optimizer:Generation: 260 	 Elapsed time: 0:02:52.025887 	 Best training fitness: 1.356305e-01 	 
Level 25:bingo.evolutionary_optimizers.evolutionary_optimizer:260, 1.720259e+02, 4808310, 1.356305e-01, 1.356305e-01, 1.690156e-01, 2.049356e-01, 2.470142e-01, 2.584675e-01, 2.989944e-01, 3.111924e-01, 3.441922e-01
INFO:bingo.evolutionary_optimizers.parallel_archipelago:Evolution time 0:00:03.725470	 age 420	 fitness 1.356e-01
Level 25:bingo.evolutionary_optimizers.evolutionary_optimizer:Generation: 270 	 Elapsed time: 0:02:55.948738 	 Best training fitness: 1.356305e-01 	 
Level 25:bingo.evolutionary_optimizers.evolutionary_optimizer:270, 1.759487e+02, 4956981, 1.356305e-01, 1.356305e-01, 1.690156e-01, 2.049356e-01, 2.470142e-01, 2.584675e-01, 2.989944e-01, 3.111924e-01, 3.441922e-01
INFO:bingo.evolutionary_optimizers.parallel_archipelago:Evolution time 0:00:05.338038	 age 430	 fitness 1.356e-01
Level 25:bingo.evolutionary_optimizers.evolutionary_optimizer:Generation: 280 	 Elapsed time: 0:03:01.478170 	 Best training fitness: 1.356305e-01 	 
Level 25:bingo.evolutionary_optimizers.evolutionary_optimizer:280, 1.814782e+02, 5119359, 1.356305e-01, 1.356305e-01, 1.690156e-01, 2.049356e-01, 2.470142e-01, 2.584675e-01, 2.989944e-01, 3.111924e-01, 3.441922e-01
INFO:bingo.evolutionary_optimizers.parallel_archipelago:Evolution time 0:00:07.765305	 age 460	 fitness 1.356e-01
Level 25:bingo.evolutionary_optimizers.evolutionary_optimizer:Generation: 290 	 Elapsed time: 0:03:09.470508 	 Best training fitness: 1.356305e-01 	 
Level 25:bingo.evolutionary_optimizers.evolutionary_optimizer:290, 1.894705e+02, 5316132, 1.356305e-01, 1.356305e-01, 1.690156e-01, 2.049356e-01, 2.470142e-01, 2.584675e-01, 2.989944e-01, 3.111924e-01, 3.441922e-01
INFO:bingo.evolutionary_optimizers.parallel_archipelago:Evolution time 0:00:08.745650	 age 490	 fitness 1.230e-01
Level 25:bingo.evolutionary_optimizers.evolutionary_optimizer:Generation: 300 	 Elapsed time: 0:03:18.520987 	 Best training fitness: 1.230350e-01 	 
Level 25:bingo.evolutionary_optimizers.evolutionary_optimizer:300, 1.985210e+02, 5617625, 1.230350e-01, 1.230350e-01, 1.690156e-01, 2.049356e-01, 2.443329e-01, 2.584675e-01, 2.989944e-01, 3.111924e-01, 3.441922e-01
INFO:bingo.evolutionary_optimizers.parallel_archipelago:Evolution time 0:00:07.243547	 age 510	 fitness 1.230e-01
Level 25:bingo.evolutionary_optimizers.evolutionary_optimizer:Generation: 310 	 Elapsed time: 0:03:26.113292 	 Best training fitness: 1.230350e-01 	 
Level 25:bingo.evolutionary_optimizers.evolutionary_optimizer:310, 2.061133e+02, 5871746, 1.230350e-01, 1.230350e-01, 1.690156e-01, 2.049356e-01, 2.443329e-01, 2.584675e-01, 2.989944e-01, 3.111924e-01, 3.441922e-01
INFO:bingo.evolutionary_optimizers.parallel_archipelago:Evolution time 0:00:09.828248	 age 540	 fitness 1.230e-01
Level 25:bingo.evolutionary_optimizers.evolutionary_optimizer:Generation: 320 	 Elapsed time: 0:03:36.289256 	 Best training fitness: 1.230350e-01 	 
Level 25:bingo.evolutionary_optimizers.evolutionary_optimizer:320, 2.162893e+02, 6195031, 1.230350e-01, 1.230350e-01, 1.690156e-01, 2.049356e-01, 2.443329e-01, 2.584675e-01, 2.989944e-01, 3.111924e-01, 3.441922e-01
INFO:bingo.evolutionary_optimizers.parallel_archipelago:Evolution time 0:00:11.926663	 age 560	 fitness 1.230e-01
Level 25:bingo.evolutionary_optimizers.evolutionary_optimizer:Generation: 330 	 Elapsed time: 0:03:48.565200 	 Best training fitness: 1.230350e-01 	 
Level 25:bingo.evolutionary_optimizers.evolutionary_optimizer:330, 2.285652e+02, 6467458, 1.230350e-01, 1.230350e-01, 1.690156e-01, 2.049356e-01, 2.443329e-01, 2.584675e-01, 2.989944e-01, 3.111924e-01, 3.441922e-01
INFO:bingo.evolutionary_optimizers.parallel_archipelago:Evolution time 0:00:11.413860	 age 580	 fitness 1.230e-01
Level 25:bingo.evolutionary_optimizers.evolutionary_optimizer:Generation: 340 	 Elapsed time: 0:04:00.310350 	 Best training fitness: 1.230350e-01 	 
Level 25:bingo.evolutionary_optimizers.evolutionary_optimizer:340, 2.403103e+02, 6770606, 1.230350e-01, 1.230350e-01, 1.690156e-01, 2.049356e-01, 2.443329e-01, 2.584675e-01, 2.989944e-01, 3.111924e-01, 3.441922e-01
INFO:bingo.evolutionary_optimizers.parallel_archipelago:Evolution time 0:00:07.546211	 age 600	 fitness 1.230e-01
Level 25:bingo.evolutionary_optimizers.evolutionary_optimizer:Generation: 350 	 Elapsed time: 0:04:08.231549 	 Best training fitness: 1.230350e-01 	 
Level 25:bingo.evolutionary_optimizers.evolutionary_optimizer:350, 2.482315e+02, 7004508, 1.230350e-01, 1.230350e-01, 1.690156e-01, 2.049356e-01, 2.443329e-01, 2.584675e-01, 2.989944e-01, 3.111924e-01, 3.441922e-01
INFO:bingo.evolutionary_optimizers.parallel_archipelago:Evolution time 0:00:07.476641	 age 620	 fitness 1.230e-01
Level 25:bingo.evolutionary_optimizers.evolutionary_optimizer:Generation: 360 	 Elapsed time: 0:04:16.029587 	 Best training fitness: 1.230350e-01 	 
Level 25:bingo.evolutionary_optimizers.evolutionary_optimizer:360, 2.560296e+02, 7265260, 1.230350e-01, 1.230350e-01, 1.690156e-01, 2.049356e-01, 2.443329e-01, 2.584675e-01, 2.989944e-01, 3.111924e-01, 3.441922e-01
INFO:bingo.evolutionary_optimizers.parallel_archipelago:Evolution time 0:00:06.527923	 age 660	 fitness 1.230e-01
Level 25:bingo.evolutionary_optimizers.evolutionary_optimizer:Generation: 370 	 Elapsed time: 0:04:22.852451 	 Best training fitness: 1.230350e-01 	 
Level 25:bingo.evolutionary_optimizers.evolutionary_optimizer:370, 2.628525e+02, 7513401, 1.230350e-01, 1.230350e-01, 1.690156e-01, 2.049356e-01, 2.443329e-01, 2.584675e-01, 2.989944e-01, 3.111924e-01, 3.441922e-01
INFO:bingo.evolutionary_optimizers.parallel_archipelago:Evolution time 0:00:13.652535	 age 690	 fitness 1.230e-01
Level 25:bingo.evolutionary_optimizers.evolutionary_optimizer:Generation: 380 	 Elapsed time: 0:04:36.809816 	 Best training fitness: 1.230350e-01 	 
Level 25:bingo.evolutionary_optimizers.evolutionary_optimizer:380, 2.768098e+02, 7850470, 1.230350e-01, 1.230350e-01, 1.690156e-01, 2.049356e-01, 2.443329e-01, 2.584675e-01, 2.989944e-01, 3.111924e-01, 3.441922e-01
INFO:bingo.evolutionary_optimizers.parallel_archipelago:Evolution time 0:00:06.294482	 age 720	 fitness 1.230e-01
Level 25:bingo.evolutionary_optimizers.evolutionary_optimizer:Generation: 390 	 Elapsed time: 0:04:43.454115 	 Best training fitness: 1.230350e-01 	 
Level 25:bingo.evolutionary_optimizers.evolutionary_optimizer:390, 2.834541e+02, 8098961, 1.230350e-01, 1.230350e-01, 1.690156e-01, 2.049356e-01, 2.443329e-01, 2.584675e-01, 2.989944e-01, 3.111924e-01, 3.441922e-01
INFO:bingo.evolutionary_optimizers.parallel_archipelago:Evolution time 0:00:06.691842	 age 740	 fitness 1.230e-01
Level 25:bingo.evolutionary_optimizers.evolutionary_optimizer:Generation: 400 	 Elapsed time: 0:04:50.454846 	 Best training fitness: 1.230350e-01 	 
Level 25:bingo.evolutionary_optimizers.evolutionary_optimizer:400, 2.904548e+02, 8343736, 1.230350e-01, 1.230350e-01, 1.690156e-01, 2.049356e-01, 2.443329e-01, 2.584675e-01, 2.989944e-01, 3.111924e-01, 3.441922e-01
INFO:bingo.evolutionary_optimizers.parallel_archipelago:Evolution time 0:00:07.286219	 age 770	 fitness 1.230e-01
Level 25:bingo.evolutionary_optimizers.evolutionary_optimizer:Generation: 410 	 Elapsed time: 0:04:58.072870 	 Best training fitness: 1.230350e-01 	 
Level 25:bingo.evolutionary_optimizers.evolutionary_optimizer:410, 2.980729e+02, 8629504, 1.230350e-01, 1.230350e-01, 1.690156e-01, 2.049356e-01, 2.443329e-01, 2.584675e-01, 2.974554e-01, 3.111924e-01, 3.441922e-01
INFO:bingo.evolutionary_optimizers.parallel_archipelago:Evolution time 0:00:05.769726	 age 800	 fitness 1.230e-01
Level 25:bingo.evolutionary_optimizers.evolutionary_optimizer:Generation: 420 	 Elapsed time: 0:05:04.233413 	 Best training fitness: 1.230350e-01 	 
Level 25:bingo.evolutionary_optimizers.evolutionary_optimizer:420, 3.042334e+02, 8867668, 1.230350e-01, 1.230350e-01, 1.690156e-01, 2.049356e-01, 2.443329e-01, 2.584675e-01, 2.974554e-01, 3.111924e-01, 3.441922e-01
INFO:bingo.evolutionary_optimizers.parallel_archipelago:Evolution time 0:00:07.491159	 age 820	 fitness 1.230e-01
Level 25:bingo.evolutionary_optimizers.evolutionary_optimizer:Generation: 430 	 Elapsed time: 0:05:12.058084 	 Best training fitness: 1.230350e-01 	 
Level 25:bingo.evolutionary_optimizers.evolutionary_optimizer:430, 3.120581e+02, 9102551, 1.230350e-01, 1.230350e-01, 1.690156e-01, 2.049356e-01, 2.443329e-01, 2.584675e-01, 2.974554e-01, 3.111924e-01, 3.441922e-01
INFO:bingo.evolutionary_optimizers.parallel_archipelago:Evolution time 0:00:11.055590	 age 850	 fitness 1.230e-01
Level 25:bingo.evolutionary_optimizers.evolutionary_optimizer:Generation: 440 	 Elapsed time: 0:05:23.463600 	 Best training fitness: 1.230350e-01 	 
Level 25:bingo.evolutionary_optimizers.evolutionary_optimizer:440, 3.234636e+02, 9374627, 1.230350e-01, 1.230350e-01, 1.690156e-01, 2.049356e-01, 2.443329e-01, 2.584675e-01, 2.974554e-01, 3.111924e-01, 3.441922e-01
INFO:bingo.evolutionary_optimizers.parallel_archipelago:Evolution time 0:00:07.566179	 age 870	 fitness 1.230e-01
Level 25:bingo.evolutionary_optimizers.evolutionary_optimizer:Generation: 450 	 Elapsed time: 0:05:31.369429 	 Best training fitness: 1.230350e-01 	 
Level 25:bingo.evolutionary_optimizers.evolutionary_optimizer:450, 3.313694e+02, 9613458, 1.230350e-01, 1.230350e-01, 1.690156e-01, 2.049356e-01, 2.443329e-01, 2.584675e-01, 2.974554e-01, 3.111924e-01, 3.441922e-01
INFO:bingo.evolutionary_optimizers.parallel_archipelago:Evolution time 0:00:09.360098	 age 900	 fitness 1.230e-01
Level 25:bingo.evolutionary_optimizers.evolutionary_optimizer:Generation: 460 	 Elapsed time: 0:05:41.037309 	 Best training fitness: 1.230350e-01 	 
Level 25:bingo.evolutionary_optimizers.evolutionary_optimizer:460, 3.410373e+02, 9884912, 1.230350e-01, 1.230350e-01, 1.690156e-01, 2.049356e-01, 2.443329e-01, 2.584675e-01, 2.974554e-01, 3.111924e-01, 3.441922e-01
INFO:bingo.evolutionary_optimizers.parallel_archipelago:Evolution time 0:00:08.905428	 age 920	 fitness 1.230e-01
Level 25:bingo.evolutionary_optimizers.evolutionary_optimizer:Generation: 470 	 Elapsed time: 0:05:50.287215 	 Best training fitness: 1.230350e-01 	 
Level 25:bingo.evolutionary_optimizers.evolutionary_optimizer:470, 3.502872e+02, 10151442, 1.230350e-01, 1.230350e-01, 1.690156e-01, 2.049356e-01, 2.443329e-01, 2.584675e-01, 2.974554e-01, 3.111924e-01, 3.441922e-01
INFO:bingo.evolutionary_optimizers.parallel_archipelago:Evolution time 0:00:05.972611	 age 950	 fitness 1.230e-01
Level 25:bingo.evolutionary_optimizers.evolutionary_optimizer:Generation: 480 	 Elapsed time: 0:05:56.612263 	 Best training fitness: 1.230350e-01 	 
Level 25:bingo.evolutionary_optimizers.evolutionary_optimizer:480, 3.566123e+02, 10370478, 1.230350e-01, 1.230350e-01, 1.690156e-01, 2.049356e-01, 2.443329e-01, 2.584675e-01, 2.974554e-01, 3.111924e-01, 3.441922e-01
INFO:bingo.evolutionary_optimizers.parallel_archipelago:Evolution time 0:00:09.170044	 age 970	 fitness 1.230e-01
Level 25:bingo.evolutionary_optimizers.evolutionary_optimizer:Generation: 490 	 Elapsed time: 0:06:06.172891 	 Best training fitness: 1.230350e-01 	 
Level 25:bingo.evolutionary_optimizers.evolutionary_optimizer:490, 3.661729e+02, 10612596, 1.230350e-01, 1.230350e-01, 1.690156e-01, 2.049356e-01, 2.443329e-01, 2.584675e-01, 2.974554e-01, 3.111924e-01, 3.441922e-01
INFO:bingo.evolutionary_optimizers.parallel_archipelago:Evolution time 0:00:11.817553	 age 1000	 fitness 1.230e-01
Level 25:bingo.evolutionary_optimizers.evolutionary_optimizer:Generation: 500 	 Elapsed time: 0:06:18.315647 	 Best training fitness: 1.230350e-01 	 
Level 25:bingo.evolutionary_optimizers.evolutionary_optimizer:500, 3.783156e+02, 10923570, 1.230350e-01, 1.230350e-01, 1.690156e-01, 2.049356e-01, 2.443329e-01, 2.584675e-01, 2.974554e-01, 3.111924e-01, 3.441922e-01
INFO:bingo.evolutionary_optimizers.parallel_archipelago:Evolution time 0:00:05.749014	 age 1020	 fitness 1.230e-01
Level 25:bingo.evolutionary_optimizers.evolutionary_optimizer:Generation: 510 	 Elapsed time: 0:06:24.416532 	 Best training fitness: 1.230350e-01 	 
Level 25:bingo.evolutionary_optimizers.evolutionary_optimizer:510, 3.844165e+02, 11109754, 1.230350e-01, 1.230350e-01, 1.690156e-01, 2.049356e-01, 2.443329e-01, 2.584675e-01, 2.974554e-01, 3.111924e-01, 3.441922e-01
INFO:bingo.evolutionary_optimizers.parallel_archipelago:Evolution time 0:00:08.264487	 age 1060	 fitness 1.230e-01
Level 25:bingo.evolutionary_optimizers.evolutionary_optimizer:Generation: 520 	 Elapsed time: 0:06:33.013614 	 Best training fitness: 1.230350e-01 	 
Level 25:bingo.evolutionary_optimizers.evolutionary_optimizer:520, 3.930136e+02, 11373657, 1.230350e-01, 1.230350e-01, 1.690156e-01, 2.049356e-01, 2.443329e-01, 2.584675e-01, 2.974554e-01, 3.111924e-01, 3.441922e-01
INFO:bingo.evolutionary_optimizers.parallel_archipelago:Evolution time 0:00:06.863020	 age 1080	 fitness 1.230e-01
Level 25:bingo.evolutionary_optimizers.evolutionary_optimizer:Generation: 530 	 Elapsed time: 0:06:40.211574 	 Best training fitness: 1.230350e-01 	 
Level 25:bingo.evolutionary_optimizers.evolutionary_optimizer:530, 4.002116e+02, 11626240, 1.230350e-01, 1.230350e-01, 1.690156e-01, 2.049356e-01, 2.443329e-01, 2.584675e-01, 2.974554e-01, 3.111924e-01, 3.441922e-01
INFO:bingo.evolutionary_optimizers.parallel_archipelago:Evolution time 0:00:07.198855	 age 1110	 fitness 1.230e-01
Level 25:bingo.evolutionary_optimizers.evolutionary_optimizer:Generation: 540 	 Elapsed time: 0:06:47.760024 	 Best training fitness: 1.230350e-01 	 
Level 25:bingo.evolutionary_optimizers.evolutionary_optimizer:540, 4.077600e+02, 11900695, 1.230350e-01, 1.230350e-01, 1.690156e-01, 2.049356e-01, 2.443329e-01, 2.584675e-01, 2.974554e-01, 3.111924e-01, 3.441922e-01
INFO:bingo.evolutionary_optimizers.parallel_archipelago:Evolution time 0:00:06.931071	 age 1130	 fitness 1.230e-01
Level 25:bingo.evolutionary_optimizers.evolutionary_optimizer:Generation: 550 	 Elapsed time: 0:06:55.074039 	 Best training fitness: 1.230350e-01 	 
Level 25:bingo.evolutionary_optimizers.evolutionary_optimizer:550, 4.150740e+02, 12130980, 1.230350e-01, 1.230350e-01, 1.690156e-01, 2.049356e-01, 2.443329e-01, 2.584675e-01, 2.974554e-01, 3.111924e-01, 3.441922e-01
INFO:bingo.evolutionary_optimizers.parallel_archipelago:Evolution time 0:00:07.489939	 age 1160	 fitness 1.230e-01
Level 25:bingo.evolutionary_optimizers.evolutionary_optimizer:Generation: 560 	 Elapsed time: 0:07:02.897730 	 Best training fitness: 1.230350e-01 	 
Level 25:bingo.evolutionary_optimizers.evolutionary_optimizer:560, 4.228977e+02, 12371312, 1.230350e-01, 1.230350e-01, 1.690156e-01, 2.049356e-01, 2.165488e-01, 2.584675e-01, 2.974554e-01, 3.111924e-01, 3.441922e-01
INFO:bingo.evolutionary_optimizers.parallel_archipelago:Evolution time 0:00:09.455437	 age 1190	 fitness 1.230e-01
Level 25:bingo.evolutionary_optimizers.evolutionary_optimizer:Generation: 570 	 Elapsed time: 0:07:12.709523 	 Best training fitness: 1.230350e-01 	 
Level 25:bingo.evolutionary_optimizers.evolutionary_optimizer:570, 4.327095e+02, 12679627, 1.230350e-01, 1.230350e-01, 1.690156e-01, 2.049356e-01, 2.165488e-01, 2.584675e-01, 2.974554e-01, 3.111924e-01, 3.441922e-01
INFO:bingo.evolutionary_optimizers.parallel_archipelago:Evolution time 0:00:06.446540	 age 1210	 fitness 1.230e-01
Level 25:bingo.evolutionary_optimizers.evolutionary_optimizer:Generation: 580 	 Elapsed time: 0:07:19.484531 	 Best training fitness: 1.230350e-01 	 
Level 25:bingo.evolutionary_optimizers.evolutionary_optimizer:580, 4.394845e+02, 12876836, 1.230350e-01, 1.230350e-01, 1.690156e-01, 2.049356e-01, 2.165488e-01, 2.584675e-01, 2.974554e-01, 3.111924e-01, 3.441922e-01
INFO:bingo.evolutionary_optimizers.parallel_archipelago:Evolution time 0:00:07.512781	 age 1250	 fitness 1.230e-01
Level 25:bingo.evolutionary_optimizers.evolutionary_optimizer:Generation: 590 	 Elapsed time: 0:07:27.330509 	 Best training fitness: 1.230350e-01 	 
Level 25:bingo.evolutionary_optimizers.evolutionary_optimizer:590, 4.473305e+02, 13126232, 1.230350e-01, 1.230350e-01, 1.690156e-01, 2.049356e-01, 2.165488e-01, 2.584675e-01, 2.974554e-01, 3.111924e-01, 3.441922e-01
INFO:bingo.evolutionary_optimizers.parallel_archipelago:Evolution time 0:00:12.379131	 age 1270	 fitness 1.230e-01
Level 25:bingo.evolutionary_optimizers.evolutionary_optimizer:Generation: 600 	 Elapsed time: 0:07:40.060225 	 Best training fitness: 1.230350e-01 	 
Level 25:bingo.evolutionary_optimizers.evolutionary_optimizer:600, 4.600602e+02, 13386818, 1.230350e-01, 1.230350e-01, 1.690156e-01, 2.049356e-01, 2.165488e-01, 2.584675e-01, 2.974554e-01, 3.111924e-01, 3.441922e-01
INFO:bingo.evolutionary_optimizers.parallel_archipelago:Evolution time 0:00:09.335381	 age 1290	 fitness 1.230e-01
Level 25:bingo.evolutionary_optimizers.evolutionary_optimizer:Generation: 610 	 Elapsed time: 0:07:49.727855 	 Best training fitness: 1.230350e-01 	 
Level 25:bingo.evolutionary_optimizers.evolutionary_optimizer:610, 4.697279e+02, 13646201, 1.230350e-01, 1.230350e-01, 1.690156e-01, 2.049356e-01, 2.165488e-01, 2.584675e-01, 2.974554e-01, 3.111924e-01, 3.441922e-01
INFO:bingo.evolutionary_optimizers.parallel_archipelago:Evolution time 0:00:06.982386	 age 1310	 fitness 1.230e-01
Level 25:bingo.evolutionary_optimizers.evolutionary_optimizer:Generation: 620 	 Elapsed time: 0:07:57.041257 	 Best training fitness: 1.230350e-01 	 
Level 25:bingo.evolutionary_optimizers.evolutionary_optimizer:620, 4.770413e+02, 13854552, 1.230350e-01, 1.230350e-01, 1.690156e-01, 2.049356e-01, 2.165488e-01, 2.584675e-01, 2.974554e-01, 3.111924e-01, 3.441922e-01
INFO:bingo.evolutionary_optimizers.parallel_archipelago:Evolution time 0:00:10.051039	 age 1330	 fitness 1.230e-01
Level 25:bingo.evolutionary_optimizers.evolutionary_optimizer:Generation: 630 	 Elapsed time: 0:08:07.440648 	 Best training fitness: 1.230350e-01 	 
Level 25:bingo.evolutionary_optimizers.evolutionary_optimizer:630, 4.874406e+02, 14119746, 1.230350e-01, 1.230350e-01, 1.690156e-01, 2.049356e-01, 2.165488e-01, 2.584675e-01, 2.974554e-01, 3.111924e-01, 3.441922e-01
INFO:bingo.evolutionary_optimizers.parallel_archipelago:Evolution time 0:00:07.389165	 age 1370	 fitness 1.230e-01
Level 25:bingo.evolutionary_optimizers.evolutionary_optimizer:Generation: 640 	 Elapsed time: 0:08:15.160186 	 Best training fitness: 1.230350e-01 	 
Level 25:bingo.evolutionary_optimizers.evolutionary_optimizer:640, 4.951602e+02, 14339399, 1.230350e-01, 1.230350e-01, 1.690156e-01, 2.049356e-01, 2.165488e-01, 2.584675e-01, 2.974554e-01, 3.111924e-01, 3.441922e-01
INFO:bingo.evolutionary_optimizers.parallel_archipelago:Evolution time 0:00:12.014974	 age 1410	 fitness 1.230e-01
Level 25:bingo.evolutionary_optimizers.evolutionary_optimizer:Generation: 650 	 Elapsed time: 0:08:27.534973 	 Best training fitness: 1.230350e-01 	 
Level 25:bingo.evolutionary_optimizers.evolutionary_optimizer:650, 5.075350e+02, 14646752, 1.230350e-01, 1.230350e-01, 1.690156e-01, 2.049356e-01, 2.165488e-01, 2.584675e-01, 2.974554e-01, 3.111924e-01, 3.441922e-01
INFO:bingo.evolutionary_optimizers.parallel_archipelago:Evolution time 0:00:05.632292	 age 1440	 fitness 1.230e-01
Level 25:bingo.evolutionary_optimizers.evolutionary_optimizer:Generation: 660 	 Elapsed time: 0:08:33.507075 	 Best training fitness: 1.230350e-01 	 
Level 25:bingo.evolutionary_optimizers.evolutionary_optimizer:660, 5.135071e+02, 14832598, 1.230350e-01, 1.230350e-01, 1.690156e-01, 2.049356e-01, 2.165488e-01, 2.584675e-01, 2.974554e-01, 3.111924e-01, 3.441922e-01
INFO:bingo.evolutionary_optimizers.parallel_archipelago:Evolution time 0:00:09.439474	 age 1460	 fitness 1.230e-01
Level 25:bingo.evolutionary_optimizers.evolutionary_optimizer:Generation: 670 	 Elapsed time: 0:08:43.294587 	 Best training fitness: 1.230350e-01 	 
Level 25:bingo.evolutionary_optimizers.evolutionary_optimizer:670, 5.232946e+02, 15091186, 1.230350e-01, 1.230350e-01, 1.690156e-01, 2.049356e-01, 2.165488e-01, 2.584675e-01, 2.974554e-01, 3.111924e-01, 3.441922e-01
INFO:bingo.evolutionary_optimizers.parallel_archipelago:Evolution time 0:00:09.635623	 age 1480	 fitness 1.230e-01
Level 25:bingo.evolutionary_optimizers.evolutionary_optimizer:Generation: 680 	 Elapsed time: 0:08:53.298454 	 Best training fitness: 1.230350e-01 	 
Level 25:bingo.evolutionary_optimizers.evolutionary_optimizer:680, 5.332985e+02, 15315950, 1.230350e-01, 1.230350e-01, 1.690156e-01, 2.049356e-01, 2.165488e-01, 2.584675e-01, 2.974554e-01, 3.111924e-01, 3.441922e-01
INFO:bingo.evolutionary_optimizers.parallel_archipelago:Evolution time 0:00:07.612276	 age 1500	 fitness 1.230e-01
Level 25:bingo.evolutionary_optimizers.evolutionary_optimizer:Generation: 690 	 Elapsed time: 0:09:01.239712 	 Best training fitness: 1.230350e-01 	 
Level 25:bingo.evolutionary_optimizers.evolutionary_optimizer:690, 5.412397e+02, 15533263, 1.230350e-01, 1.230350e-01, 1.690156e-01, 2.049356e-01, 2.165488e-01, 2.584675e-01, 2.974554e-01, 3.111924e-01, 3.441922e-01
INFO:bingo.evolutionary_optimizers.parallel_archipelago:Evolution time 0:00:07.984991	 age 1540	 fitness 1.230e-01
Level 25:bingo.evolutionary_optimizers.evolutionary_optimizer:Generation: 700 	 Elapsed time: 0:09:09.552771 	 Best training fitness: 1.230350e-01 	 
Level 25:bingo.evolutionary_optimizers.evolutionary_optimizer:700, 5.495528e+02, 15793950, 1.230350e-01, 1.230350e-01, 1.690156e-01, 2.049356e-01, 2.165488e-01, 2.584675e-01, 2.974554e-01, 3.111924e-01, 3.441922e-01
INFO:bingo.evolutionary_optimizers.parallel_archipelago:Evolution time 0:00:04.338570	 age 1560	 fitness 1.230e-01
Level 25:bingo.evolutionary_optimizers.evolutionary_optimizer:Generation: 710 	 Elapsed time: 0:09:14.224764 	 Best training fitness: 1.230350e-01 	 
Level 25:bingo.evolutionary_optimizers.evolutionary_optimizer:710, 5.542248e+02, 15970337, 1.230350e-01, 1.230350e-01, 1.690156e-01, 2.049356e-01, 2.165488e-01, 2.584675e-01, 2.974554e-01, 3.111924e-01, 3.441922e-01
INFO:bingo.evolutionary_optimizers.parallel_archipelago:Evolution time 0:00:06.325945	 age 1580	 fitness 5.773e-17
Level 25:bingo.evolutionary_optimizers.evolutionary_optimizer:Generation: 720 	 Elapsed time: 0:09:20.897956 	 Best training fitness: 5.773160e-17 	 
Level 25:bingo.evolutionary_optimizers.evolutionary_optimizer:720, 5.608980e+02, 16182334, 5.773160e-17, 5.773160e-17, 2.584675e-01, 2.974554e-01, 3.111924e-01, 3.441922e-01
Level 25:bingo.evolutionary_optimizers.evolutionary_optimizer:Evolution successfully converged.
Level 25:bingo.evolutionary_optimizers.evolutionary_optimizer:  Absolte convergence occurred with best fitness < 1e-10
Level 25:bingo.evolutionary_optimizers.evolutionary_optimizer:Hall of Fame:
5.773159728050814e-17	7	sin(log((X_1)(X_1) + (X_0)(X_0)))
0.25846750666988044	6	(log((X_0)(X_1)))(-0.246396)
0.2974554473320365	5	-0.298840 + (-0.298840)(log(X_1))
0.3111924468682272	4	(log(X_0))(-0.434294)
0.3441921894629212	1	-0.904229
