Level 25:bingo.evolutionary_optimizers.evolutionary_optimizer:#generational_age, elapsed_time, fitness_evaluation_count, current_training_fitness, hall_of_fame_fitnesses
Level 25:bingo.evolutionary_optimizers.evolutionary_optimizer:#generational_age, elapsed_time, fitness_evaluation_count, current_training_fitness, hall_of_fame_fitnesses
Level 25:bingo.evolutionary_optimizers.evolutionary_optimizer:Generation: 0 	 Elapsed time: 0:00:00.612369 	 Best training fitness: 3.013906e-01 	 
Level 25:bingo.evolutionary_optimizers.evolutionary_optimizer:0, 6.123690e-01, 29794, 3.013906e-01
INFO:bingo.evolutionary_optimizers.parallel_archipelago:Evolution time 0:00:05.895893	 age 20	 fitness 2.421e-01
Level 25:bingo.evolutionary_optimizers.evolutionary_optimizer:Generation: 10 	 Elapsed time: 0:00:06.679733 	 Best training fitness: 2.420980e-01 	 
Level 25:bingo.evolutionary_optimizers.evolutionary_optimizer:10, 6.679733e+00, 288767, 2.420980e-01, 2.420980e-01, 2.541810e-01, 2.581516e-01, 2.989944e-01, 3.234895e-01, 3.441922e-01
INFO:bingo.evolutionary_optimizers.parallel_archipelago:Evolution time 0:00:02.748401	 age 30	 fitness 1.979e-01
Level 25:bingo.evolutionary_optimizers.evolutionary_optimizer:Generation: 20 	 Elapsed time: 0:00:09.621310 	 Best training fitness: 1.979024e-01 	 
Level 25:bingo.evolutionary_optimizers.evolutionary_optimizer:20, 9.621310e+00, 393263, 1.979024e-01, 1.979024e-01, 2.377724e-01, 2.420980e-01, 2.448511e-01, 2.581516e-01, 2.989944e-01, 3.234895e-01, 3.441922e-01, 3.441922e-01
INFO:bingo.evolutionary_optimizers.parallel_archipelago:Evolution time 0:00:03.869459	 age 50	 fitness 1.753e-01
Level 25:bingo.evolutionary_optimizers.evolutionary_optimizer:Generation: 30 	 Elapsed time: 0:00:13.713642 	 Best training fitness: 1.752798e-01 	 
Level 25:bingo.evolutionary_optimizers.evolutionary_optimizer:30, 1.371364e+01, 548732, 1.752798e-01, 1.752798e-01, 2.420980e-01, 2.448511e-01, 2.581516e-01, 2.989944e-01, 3.157929e-01, 3.441922e-01
INFO:bingo.evolutionary_optimizers.parallel_archipelago:Evolution time 0:00:06.754351	 age 60	 fitness 1.690e-01
Level 25:bingo.evolutionary_optimizers.evolutionary_optimizer:Generation: 40 	 Elapsed time: 0:00:20.698548 	 Best training fitness: 1.690158e-01 	 
Level 25:bingo.evolutionary_optimizers.evolutionary_optimizer:40, 2.069855e+01, 744971, 1.690158e-01, 1.690158e-01, 1.752798e-01, 2.420980e-01, 2.448511e-01, 2.581516e-01, 2.989944e-01, 3.157929e-01, 3.441922e-01
INFO:bingo.evolutionary_optimizers.parallel_archipelago:Evolution time 0:00:03.860702	 age 70	 fitness 1.409e-01
Level 25:bingo.evolutionary_optimizers.evolutionary_optimizer:Generation: 50 	 Elapsed time: 0:00:24.760262 	 Best training fitness: 1.408638e-01 	 
Level 25:bingo.evolutionary_optimizers.evolutionary_optimizer:50, 2.476026e+01, 914423, 1.408638e-01, 1.408638e-01, 1.690158e-01, 1.735812e-01, 1.752798e-01, 2.420980e-01, 2.448511e-01, 2.581516e-01, 2.989944e-01, 3.157929e-01, 3.441922e-01
INFO:bingo.evolutionary_optimizers.parallel_archipelago:Evolution time 0:00:04.876390	 age 80	 fitness 6.646e-03
Level 25:bingo.evolutionary_optimizers.evolutionary_optimizer:Generation: 60 	 Elapsed time: 0:00:29.862494 	 Best training fitness: 6.646039e-03 	 
Level 25:bingo.evolutionary_optimizers.evolutionary_optimizer:60, 2.986249e+01, 1105259, 6.646039e-03, 6.646039e-03, 2.448511e-01, 2.581516e-01, 2.989944e-01, 3.157929e-01, 3.441922e-01
INFO:bingo.evolutionary_optimizers.parallel_archipelago:Evolution time 0:00:07.726553	 age 90	 fitness 8.513e-16
Level 25:bingo.evolutionary_optimizers.evolutionary_optimizer:Generation: 70 	 Elapsed time: 0:00:37.794152 	 Best training fitness: 8.512635e-16 	 
Level 25:bingo.evolutionary_optimizers.evolutionary_optimizer:70, 3.779415e+01, 1325691, 8.512635e-16, 8.512635e-16, 6.646039e-03, 2.448511e-01, 2.581516e-01, 2.989944e-01, 3.111924e-01, 3.441922e-01
Level 25:bingo.evolutionary_optimizers.evolutionary_optimizer:Evolution successfully converged.
Level 25:bingo.evolutionary_optimizers.evolutionary_optimizer:  Absolte convergence occurred with best fitness < 1e-10
Level 25:bingo.evolutionary_optimizers.evolutionary_optimizer:Hall of Fame:
8.512635041313388e-16	12	sin(log((X_1)(X_1) + ((X_1)(X_1))((-0.000000)(0.039673)) + (X_0)(X_0)))
0.006646038793670526	10	sin(log((X_1)(X_1) + ((X_1)(X_1))(0.029123) + (X_0)(X_0)))
0.24485112551674992	8	sin(log(X_1) + log(X_0 + X_0 + X_0))
0.25815162421316784	6	(log((X_1)(X_0)))(-0.244966)
0.29899444398017355	5	(log(X_1 + X_1))(-0.332305)
0.3111924468682276	4	(log(X_1))(-0.434294)
0.34419218946292124	1	-0.904229
