Level 25:bingo.evolutionary_optimizers.evolutionary_optimizer:#generational_age, elapsed_time, fitness_evaluation_count, current_training_fitness, hall_of_fame_fitnesses
Level 25:bingo.evolutionary_optimizers.evolutionary_optimizer:#generational_age, elapsed_time, fitness_evaluation_count, current_training_fitness, hall_of_fame_fitnesses
Level 25:bingo.evolutionary_optimizers.evolutionary_optimizer:Generation: 0 	 Elapsed time: 0:00:00.681950 	 Best training fitness: 3.111924e-01 	 
Level 25:bingo.evolutionary_optimizers.evolutionary_optimizer:0, 6.819500e-01, 27430, 3.111924e-01
INFO:bingo.evolutionary_optimizers.parallel_archipelago:Evolution time 0:00:07.138720	 age 20	 fitness 2.970e-01
Level 25:bingo.evolutionary_optimizers.evolutionary_optimizer:Generation: 10 	 Elapsed time: 0:00:08.032692 	 Best training fitness: 2.970166e-01 	 
Level 25:bingo.evolutionary_optimizers.evolutionary_optimizer:10, 8.032692e+00, 274649, 2.970166e-01, 2.970166e-01, 2.970166e-01, 2.989944e-01, 3.111924e-01, 3.441922e-01, 3.441922e-01
INFO:bingo.evolutionary_optimizers.parallel_archipelago:Evolution time 0:00:05.235591	 age 30	 fitness 2.581e-01
Level 25:bingo.evolutionary_optimizers.evolutionary_optimizer:Generation: 20 	 Elapsed time: 0:00:13.509114 	 Best training fitness: 2.580769e-01 	 
Level 25:bingo.evolutionary_optimizers.evolutionary_optimizer:20, 1.350911e+01, 418149, 2.580769e-01, 2.580769e-01, 2.989944e-01, 3.111924e-01, 3.441922e-01, 3.441922e-01
INFO:bingo.evolutionary_optimizers.parallel_archipelago:Evolution time 0:00:06.048057	 age 40	 fitness 2.446e-01
Level 25:bingo.evolutionary_optimizers.evolutionary_optimizer:Generation: 30 	 Elapsed time: 0:00:19.785030 	 Best training fitness: 2.445719e-01 	 
Level 25:bingo.evolutionary_optimizers.evolutionary_optimizer:30, 1.978503e+01, 576369, 2.445719e-01, 2.445719e-01, 2.580769e-01, 2.989944e-01, 3.111924e-01, 3.441922e-01
INFO:bingo.evolutionary_optimizers.parallel_archipelago:Evolution time 0:00:06.683878	 age 50	 fitness 2.424e-01
Level 25:bingo.evolutionary_optimizers.evolutionary_optimizer:Generation: 40 	 Elapsed time: 0:00:26.696173 	 Best training fitness: 2.423717e-01 	 
Level 25:bingo.evolutionary_optimizers.evolutionary_optimizer:40, 2.669617e+01, 776175, 2.423717e-01, 2.423717e-01, 2.580769e-01, 2.989944e-01, 3.111924e-01, 3.441922e-01
INFO:bingo.evolutionary_optimizers.parallel_archipelago:Evolution time 0:00:06.303328	 age 60	 fitness 2.424e-01
Level 25:bingo.evolutionary_optimizers.evolutionary_optimizer:Generation: 50 	 Elapsed time: 0:00:33.228980 	 Best training fitness: 2.423717e-01 	 
Level 25:bingo.evolutionary_optimizers.evolutionary_optimizer:50, 3.322898e+01, 942974, 2.423717e-01, 2.423717e-01, 2.423717e-01, 2.580769e-01, 2.989944e-01, 3.111924e-01, 3.441922e-01
INFO:bingo.evolutionary_optimizers.parallel_archipelago:Evolution time 0:00:06.165844	 age 80	 fitness 2.424e-01
Level 25:bingo.evolutionary_optimizers.evolutionary_optimizer:Generation: 60 	 Elapsed time: 0:00:39.625919 	 Best training fitness: 2.423717e-01 	 
Level 25:bingo.evolutionary_optimizers.evolutionary_optimizer:60, 3.962592e+01, 1096169, 2.423717e-01, 2.423717e-01, 2.423717e-01, 2.580769e-01, 2.989944e-01, 3.111924e-01, 3.441922e-01, 3.441922e-01
INFO:bingo.evolutionary_optimizers.parallel_archipelago:Evolution time 0:00:08.895359	 age 90	 fitness 1.690e-01
Level 25:bingo.evolutionary_optimizers.evolutionary_optimizer:Generation: 70 	 Elapsed time: 0:00:48.750906 	 Best training fitness: 1.690156e-01 	 
Level 25:bingo.evolutionary_optimizers.evolutionary_optimizer:70, 4.875091e+01, 1282437, 1.690156e-01, 1.690156e-01, 2.423717e-01, 2.580769e-01, 2.989944e-01, 3.111924e-01, 3.441922e-01, 3.441922e-01
INFO:bingo.evolutionary_optimizers.parallel_archipelago:Evolution time 0:00:06.479198	 age 100	 fitness 1.690e-01
Level 25:bingo.evolutionary_optimizers.evolutionary_optimizer:Generation: 80 	 Elapsed time: 0:00:55.462671 	 Best training fitness: 1.690156e-01 	 
Level 25:bingo.evolutionary_optimizers.evolutionary_optimizer:80, 5.546267e+01, 1450453, 1.690156e-01, 1.690156e-01, 2.423717e-01, 2.580769e-01, 2.989944e-01, 3.111924e-01, 3.441922e-01, 3.441922e-01
INFO:bingo.evolutionary_optimizers.parallel_archipelago:Evolution time 0:00:05.602371	 age 110	 fitness 1.690e-01
Level 25:bingo.evolutionary_optimizers.evolutionary_optimizer:Generation: 90 	 Elapsed time: 0:01:01.296455 	 Best training fitness: 1.690156e-01 	 
Level 25:bingo.evolutionary_optimizers.evolutionary_optimizer:90, 6.129646e+01, 1593040, 1.690156e-01, 1.690156e-01, 2.423717e-01, 2.580769e-01, 2.989944e-01, 3.111924e-01, 3.441922e-01, 3.441922e-01
INFO:bingo.evolutionary_optimizers.parallel_archipelago:Evolution time 0:00:06.556569	 age 120	 fitness 1.690e-01
Level 25:bingo.evolutionary_optimizers.evolutionary_optimizer:Generation: 100 	 Elapsed time: 0:01:08.159282 	 Best training fitness: 1.690156e-01 	 
Level 25:bingo.evolutionary_optimizers.evolutionary_optimizer:100, 6.815928e+01, 1761937, 1.690156e-01, 1.690156e-01, 2.423717e-01, 2.580769e-01, 2.989944e-01, 3.111924e-01, 3.441922e-01, 3.441922e-01
INFO:bingo.evolutionary_optimizers.parallel_archipelago:Evolution time 0:00:10.188464	 age 130	 fitness 1.690e-01
Level 25:bingo.evolutionary_optimizers.evolutionary_optimizer:Generation: 110 	 Elapsed time: 0:01:18.626381 	 Best training fitness: 1.690156e-01 	 
Level 25:bingo.evolutionary_optimizers.evolutionary_optimizer:110, 7.862638e+01, 1971577, 1.690156e-01, 1.690156e-01, 2.423717e-01, 2.423717e-01, 2.580769e-01, 2.989944e-01, 3.111924e-01, 3.441922e-01, 3.441922e-01
INFO:bingo.evolutionary_optimizers.parallel_archipelago:Evolution time 0:00:07.611361	 age 150	 fitness 1.690e-01
Level 25:bingo.evolutionary_optimizers.evolutionary_optimizer:Generation: 120 	 Elapsed time: 0:01:26.471598 	 Best training fitness: 1.690156e-01 	 
Level 25:bingo.evolutionary_optimizers.evolutionary_optimizer:120, 8.647160e+01, 2166222, 1.690156e-01, 1.690156e-01, 2.423717e-01, 2.423717e-01, 2.580769e-01, 2.989944e-01, 3.111924e-01, 3.441922e-01, 3.441922e-01
INFO:bingo.evolutionary_optimizers.parallel_archipelago:Evolution time 0:00:03.602772	 age 160	 fitness 1.690e-01
Level 25:bingo.evolutionary_optimizers.evolutionary_optimizer:Generation: 130 	 Elapsed time: 0:01:30.306532 	 Best training fitness: 1.690156e-01 	 
Level 25:bingo.evolutionary_optimizers.evolutionary_optimizer:130, 9.030653e+01, 2297971, 1.690156e-01, 1.690156e-01, 2.423717e-01, 2.423717e-01, 2.580769e-01, 2.989944e-01, 3.111924e-01, 3.441922e-01, 3.441922e-01
INFO:bingo.evolutionary_optimizers.parallel_archipelago:Evolution time 0:00:10.789407	 age 190	 fitness 1.690e-01
Level 25:bingo.evolutionary_optimizers.evolutionary_optimizer:Generation: 140 	 Elapsed time: 0:01:41.329436 	 Best training fitness: 1.690156e-01 	 
Level 25:bingo.evolutionary_optimizers.evolutionary_optimizer:140, 1.013294e+02, 2527740, 1.690156e-01, 1.690156e-01, 2.423717e-01, 2.423717e-01, 2.580769e-01, 2.989944e-01, 3.111924e-01, 3.441922e-01, 3.441922e-01
INFO:bingo.evolutionary_optimizers.parallel_archipelago:Evolution time 0:00:07.667865	 age 200	 fitness 1.690e-01
Level 25:bingo.evolutionary_optimizers.evolutionary_optimizer:Generation: 150 	 Elapsed time: 0:01:49.231989 	 Best training fitness: 1.690156e-01 	 
Level 25:bingo.evolutionary_optimizers.evolutionary_optimizer:150, 1.092320e+02, 2717420, 1.690156e-01, 1.690156e-01, 2.423717e-01, 2.423717e-01, 2.580769e-01, 2.989944e-01, 3.111924e-01, 3.441922e-01, 3.441922e-01
INFO:bingo.evolutionary_optimizers.parallel_archipelago:Evolution time 0:00:11.745832	 age 220	 fitness 1.690e-01
Level 25:bingo.evolutionary_optimizers.evolutionary_optimizer:Generation: 160 	 Elapsed time: 0:02:01.211104 	 Best training fitness: 1.690156e-01 	 
Level 25:bingo.evolutionary_optimizers.evolutionary_optimizer:160, 1.212111e+02, 2972158, 1.690156e-01, 1.690156e-01, 2.423717e-01, 2.423717e-01, 2.580769e-01, 2.989944e-01, 3.111924e-01, 3.441922e-01, 3.441922e-01
INFO:bingo.evolutionary_optimizers.parallel_archipelago:Evolution time 0:00:04.935648	 age 230	 fitness 1.690e-01
Level 25:bingo.evolutionary_optimizers.evolutionary_optimizer:Generation: 170 	 Elapsed time: 0:02:06.410337 	 Best training fitness: 1.690156e-01 	 
Level 25:bingo.evolutionary_optimizers.evolutionary_optimizer:170, 1.264103e+02, 3150033, 1.690156e-01, 1.690156e-01, 2.423717e-01, 2.423717e-01, 2.580769e-01, 2.989944e-01, 3.111924e-01, 3.441922e-01, 3.441922e-01
INFO:bingo.evolutionary_optimizers.parallel_archipelago:Evolution time 0:00:09.379644	 age 260	 fitness 1.690e-01
Level 25:bingo.evolutionary_optimizers.evolutionary_optimizer:Generation: 180 	 Elapsed time: 0:02:16.020567 	 Best training fitness: 1.690156e-01 	 
Level 25:bingo.evolutionary_optimizers.evolutionary_optimizer:180, 1.360206e+02, 3352695, 1.690156e-01, 1.690156e-01, 2.423717e-01, 2.423717e-01, 2.580769e-01, 2.989944e-01, 3.111924e-01, 3.441922e-01, 3.441922e-01
INFO:bingo.evolutionary_optimizers.parallel_archipelago:Evolution time 0:00:03.770972	 age 270	 fitness 1.690e-01
Level 25:bingo.evolutionary_optimizers.evolutionary_optimizer:Generation: 190 	 Elapsed time: 0:02:20.020327 	 Best training fitness: 1.690156e-01 	 
Level 25:bingo.evolutionary_optimizers.evolutionary_optimizer:190, 1.400203e+02, 3527192, 1.690156e-01, 1.690156e-01, 2.423717e-01, 2.423717e-01, 2.580769e-01, 2.989944e-01, 3.111924e-01, 3.441922e-01, 3.441922e-01
INFO:bingo.evolutionary_optimizers.parallel_archipelago:Evolution time 0:00:03.724777	 age 280	 fitness 1.690e-01
Level 25:bingo.evolutionary_optimizers.evolutionary_optimizer:Generation: 200 	 Elapsed time: 0:02:23.972866 	 Best training fitness: 1.690156e-01 	 
Level 25:bingo.evolutionary_optimizers.evolutionary_optimizer:200, 1.439729e+02, 3699645, 1.690156e-01, 1.690156e-01, 2.254032e-01, 2.423717e-01, 2.580769e-01, 2.989944e-01, 3.111924e-01, 3.441922e-01, 3.441922e-01
INFO:bingo.evolutionary_optimizers.parallel_archipelago:Evolution time 0:00:03.478115	 age 290	 fitness 1.690e-01
Level 25:bingo.evolutionary_optimizers.evolutionary_optimizer:Generation: 210 	 Elapsed time: 0:02:27.679747 	 Best training fitness: 1.690156e-01 	 
Level 25:bingo.evolutionary_optimizers.evolutionary_optimizer:210, 1.476797e+02, 3843153, 1.690156e-01, 1.690156e-01, 2.165488e-01, 2.580769e-01, 2.989944e-01, 3.111924e-01, 3.441922e-01, 3.441922e-01
INFO:bingo.evolutionary_optimizers.parallel_archipelago:Evolution time 0:00:03.557109	 age 300	 fitness 1.690e-01
Level 25:bingo.evolutionary_optimizers.evolutionary_optimizer:Generation: 220 	 Elapsed time: 0:02:31.467175 	 Best training fitness: 1.690156e-01 	 
Level 25:bingo.evolutionary_optimizers.evolutionary_optimizer:220, 1.514672e+02, 4028164, 1.690156e-01, 1.690156e-01, 2.165488e-01, 2.580769e-01, 2.989944e-01, 3.111924e-01, 3.441922e-01, 3.441922e-01
INFO:bingo.evolutionary_optimizers.parallel_archipelago:Evolution time 0:00:06.880017	 age 320	 fitness 1.690e-01
Level 25:bingo.evolutionary_optimizers.evolutionary_optimizer:Generation: 230 	 Elapsed time: 0:02:38.583571 	 Best training fitness: 1.690156e-01 	 
Level 25:bingo.evolutionary_optimizers.evolutionary_optimizer:230, 1.585836e+02, 4259175, 1.690156e-01, 1.690156e-01, 2.165488e-01, 2.580769e-01, 2.989944e-01, 3.111924e-01, 3.441922e-01, 3.441922e-01
INFO:bingo.evolutionary_optimizers.parallel_archipelago:Evolution time 0:00:09.433128	 age 350	 fitness 1.690e-01
Level 25:bingo.evolutionary_optimizers.evolutionary_optimizer:Generation: 240 	 Elapsed time: 0:02:48.244997 	 Best training fitness: 1.690156e-01 	 
Level 25:bingo.evolutionary_optimizers.evolutionary_optimizer:240, 1.682450e+02, 4451865, 1.690156e-01, 1.690156e-01, 2.165488e-01, 2.580769e-01, 2.989944e-01, 3.111924e-01, 3.441922e-01, 3.441922e-01
INFO:bingo.evolutionary_optimizers.parallel_archipelago:Evolution time 0:00:03.659139	 age 360	 fitness 1.690e-01
Level 25:bingo.evolutionary_optimizers.evolutionary_optimizer:Generation: 250 	 Elapsed time: 0:02:52.130380 	 Best training fitness: 1.690156e-01 	 
Level 25:bingo.evolutionary_optimizers.evolutionary_optimizer:250, 1.721304e+02, 4609181, 1.690156e-01, 1.690156e-01, 2.165488e-01, 2.580769e-01, 2.989944e-01, 3.111924e-01, 3.441922e-01, 3.441922e-01
INFO:bingo.evolutionary_optimizers.parallel_archipelago:Evolution time 0:00:03.434379	 age 370	 fitness 1.690e-01
Level 25:bingo.evolutionary_optimizers.evolutionary_optimizer:Generation: 260 	 Elapsed time: 0:02:55.791113 	 Best training fitness: 1.690156e-01 	 
Level 25:bingo.evolutionary_optimizers.evolutionary_optimizer:260, 1.757911e+02, 4762921, 1.690156e-01, 1.690156e-01, 2.165488e-01, 2.580769e-01, 2.989944e-01, 3.111924e-01, 3.441922e-01, 3.441922e-01
INFO:bingo.evolutionary_optimizers.parallel_archipelago:Evolution time 0:00:06.673269	 age 390	 fitness 1.690e-01
Level 25:bingo.evolutionary_optimizers.evolutionary_optimizer:Generation: 270 	 Elapsed time: 0:03:02.691629 	 Best training fitness: 1.690156e-01 	 
Level 25:bingo.evolutionary_optimizers.evolutionary_optimizer:270, 1.826916e+02, 4960245, 1.690156e-01, 1.690156e-01, 2.165488e-01, 2.580769e-01, 2.989944e-01, 3.111924e-01, 3.441922e-01, 3.441922e-01
INFO:bingo.evolutionary_optimizers.parallel_archipelago:Evolution time 0:00:03.733421	 age 400	 fitness 1.690e-01
Level 25:bingo.evolutionary_optimizers.evolutionary_optimizer:Generation: 280 	 Elapsed time: 0:03:06.651321 	 Best training fitness: 1.690156e-01 	 
Level 25:bingo.evolutionary_optimizers.evolutionary_optimizer:280, 1.866513e+02, 5120111, 1.690156e-01, 1.690156e-01, 2.165488e-01, 2.580769e-01, 2.989944e-01, 3.111924e-01, 3.441922e-01, 3.441922e-01
INFO:bingo.evolutionary_optimizers.parallel_archipelago:Evolution time 0:00:09.317018	 age 430	 fitness 1.690e-01
Level 25:bingo.evolutionary_optimizers.evolutionary_optimizer:Generation: 290 	 Elapsed time: 0:03:16.195364 	 Best training fitness: 1.690156e-01 	 
Level 25:bingo.evolutionary_optimizers.evolutionary_optimizer:290, 1.961954e+02, 5322646, 1.690156e-01, 1.690156e-01, 2.165488e-01, 2.580769e-01, 2.989944e-01, 3.111924e-01, 3.441922e-01, 3.441922e-01
INFO:bingo.evolutionary_optimizers.parallel_archipelago:Evolution time 0:00:06.879576	 age 440	 fitness 5.773e-17
Level 25:bingo.evolutionary_optimizers.evolutionary_optimizer:Generation: 300 	 Elapsed time: 0:03:23.337059 	 Best training fitness: 5.773160e-17 	 
Level 25:bingo.evolutionary_optimizers.evolutionary_optimizer:300, 2.033371e+02, 5495674, 5.773160e-17, 5.773160e-17, 2.580769e-01, 2.989944e-01, 3.111924e-01, 3.441922e-01, 3.441922e-01
Level 25:bingo.evolutionary_optimizers.evolutionary_optimizer:Evolution successfully converged.
Level 25:bingo.evolutionary_optimizers.evolutionary_optimizer:  Absolte convergence occurred with best fitness < 1e-10
Level 25:bingo.evolutionary_optimizers.evolutionary_optimizer:Hall of Fame:
5.773159728050814e-17	7	sin(log((X_0)(X_0) + (X_1)(X_1)))
0.2580769222049094	6	(-0.245668)(log((X_1)(X_0)))
0.2989944439801744	5	(-0.332305)(log(X_1 + X_1))
0.31119244686822733	4	(log(X_1))(-0.434294)
0.3441921894629212	2	sin(-1.129571)
0.34419218946292124	1	-0.904229
