Level 25:bingo.evolutionary_optimizers.evolutionary_optimizer:#generational_age, elapsed_time, fitness_evaluation_count, current_training_fitness, hall_of_fame_fitnesses
Level 25:bingo.evolutionary_optimizers.evolutionary_optimizer:#generational_age, elapsed_time, fitness_evaluation_count, current_training_fitness, hall_of_fame_fitnesses
Level 25:bingo.evolutionary_optimizers.evolutionary_optimizer:Generation: 0 	 Elapsed time: 0:00:00.574543 	 Best training fitness: 2.989944e-01 	 
Level 25:bingo.evolutionary_optimizers.evolutionary_optimizer:0, 5.745430e-01, 25840, 2.989944e-01
INFO:bingo.evolutionary_optimizers.parallel_archipelago:Evolution time 0:00:07.347896	 age 30	 fitness 2.424e-01
Level 25:bingo.evolutionary_optimizers.evolutionary_optimizer:Generation: 10 	 Elapsed time: 0:00:08.213166 	 Best training fitness: 2.423717e-01 	 
Level 25:bingo.evolutionary_optimizers.evolutionary_optimizer:10, 8.213166e+00, 369551, 2.423717e-01, 2.423717e-01, 2.970166e-01, 3.111924e-01, 3.441922e-01, 3.441922e-01, 3.441922e-01
INFO:bingo.evolutionary_optimizers.parallel_archipelago:Evolution time 0:00:06.183233	 age 50	 fitness 2.424e-01
Level 25:bingo.evolutionary_optimizers.evolutionary_optimizer:Generation: 20 	 Elapsed time: 0:00:14.715074 	 Best training fitness: 2.423717e-01 	 
Level 25:bingo.evolutionary_optimizers.evolutionary_optimizer:20, 1.471507e+01, 604462, 2.423717e-01, 2.423717e-01, 2.423717e-01, 2.970166e-01, 3.111924e-01, 3.441922e-01, 3.441922e-01
INFO:bingo.evolutionary_optimizers.parallel_archipelago:Evolution time 0:00:06.122759	 age 70	 fitness 5.773e-17
Level 25:bingo.evolutionary_optimizers.evolutionary_optimizer:Generation: 30 	 Elapsed time: 0:00:21.190959 	 Best training fitness: 5.773160e-17 	 
Level 25:bingo.evolutionary_optimizers.evolutionary_optimizer:30, 2.119096e+01, 818111, 5.773160e-17, 5.773160e-17, 2.970166e-01, 3.111924e-01, 3.111924e-01, 3.441922e-01, 3.441922e-01
Level 25:bingo.evolutionary_optimizers.evolutionary_optimizer:Evolution successfully converged.
Level 25:bingo.evolutionary_optimizers.evolutionary_optimizer:  Absolte convergence occurred with best fitness < 1e-10
Level 25:bingo.evolutionary_optimizers.evolutionary_optimizer:Hall of Fame:
5.773159728050814e-17	7	sin(log((X_1)(X_1) + (X_0)(X_0)))
0.2970165869000593	6	(log(X_0))(-0.306787) + -0.289093
0.3111924468682272	5	(-0.217147)(log(X_0)) + (-0.217147)(log(X_0))
0.31119244686822733	4	(-0.434294)(log(X_1))
0.34419218946292124	2	log(-0.404854)
0.34419218946292135	1	-0.904229
